42.0 APEX_CODE,FINEST;APEX_PROFILING,INFO;CALLOUT,INFO;DB,INFO;SYSTEM,DEBUG;VALIDATION,INFO;VISUALFORCE,INFO;WAVE,INFO;WORKFLOW,INFO
15:08:59.0 (295427)|USER_INFO|[EXTERNAL]|005i0000002qYvT|anton@igate.com|India Standard Time|GMT+05:30
15:08:59.0 (332108)|EXECUTION_STARTED
15:08:59.0 (336454)|CODE_UNIT_STARTED|[EXTERNAL]|0660H000004OdRk|VF: /apex/docapp
15:08:59.0 (1280262)|VF_DESERIALIZE_VIEWSTATE_BEGIN|0660H000004OdRk
15:08:59.0 (11862817)|HEAP_ALLOCATE|[72]|Bytes:3
15:08:59.0 (11931254)|HEAP_ALLOCATE|[77]|Bytes:152
15:08:59.0 (11946284)|HEAP_ALLOCATE|[342]|Bytes:408
15:08:59.0 (11957772)|HEAP_ALLOCATE|[355]|Bytes:408
15:08:59.0 (11968970)|HEAP_ALLOCATE|[467]|Bytes:48
15:08:59.0 (12024369)|HEAP_ALLOCATE|[139]|Bytes:6
15:08:59.0 (15285951)|VF_DESERIALIZE_VIEWSTATE_END
15:08:59.15 (15925323)|SYSTEM_MODE_ENTER|true
15:08:59.15 (16157337)|HEAP_ALLOCATE|[EXTERNAL]|Bytes:38
15:08:59.15 (16182112)|HEAP_ALLOCATE|[EXTERNAL]|Bytes:7
15:08:59.15 (16203983)|SYSTEM_METHOD_ENTRY|[1]|PageMessagesComponentController.PageMessagesComponentController()
15:08:59.15 (16211023)|STATEMENT_EXECUTE|[1]
15:08:59.17 (17105483)|SYSTEM_MODE_ENTER|true
15:08:59.17 (17179435)|HEAP_ALLOCATE|[EXTERNAL]|Bytes:8
15:08:59.17 (17187796)|VARIABLE_SCOPE_BEGIN|[88]|this|ApexPage.PageMessagesComponentController|true|false
15:08:59.17 (17242301)|VARIABLE_ASSIGNMENT|[88]|this|{}|0x7fe495e6
15:08:59.17 (17249492)|VARIABLE_SCOPE_BEGIN|[88]|escape|Boolean|false|false
15:08:59.17 (17258334)|VARIABLE_ASSIGNMENT|[88]|escape|null
15:08:59.0 (17442879)|SYSTEM_MODE_ENTER|true
15:08:59.0 (17467726)|HEAP_ALLOCATE|[EXTERNAL]|Bytes:14
15:08:59.0 (17475597)|HEAP_ALLOCATE|[EXTERNAL]|Bytes:248
15:08:59.0 (17479595)|HEAP_ALLOCATE|[EXTERNAL]|Bytes:53
15:08:59.0 (17482812)|HEAP_ALLOCATE|[EXTERNAL]|Bytes:20
15:08:59.0 (17489295)|METHOD_ENTRY|[1]|01p0H000007gCe8|docappcontroller.docappcontroller()
15:08:59.0 (17495091)|STATEMENT_EXECUTE|[1]
15:08:59.0 (17499031)|STATEMENT_EXECUTE|[1]
15:08:59.0 (17500560)|STATEMENT_EXECUTE|[201]
15:08:59.0 (17504602)|METHOD_EXIT|[1]|docappcontroller
15:08:59.0 (21359705)|SYSTEM_MODE_ENTER|true
15:08:59.0 (23291492)|SYSTEM_MODE_ENTER|true
15:08:59.0 (24416282)|SYSTEM_MODE_ENTER|true
15:08:59.0 (24676915)|HEAP_ALLOCATE|[EXTERNAL]|Bytes:48
15:08:59.0 (24688559)|VARIABLE_SCOPE_BEGIN|[160]|this|docappcontroller|true|false
15:08:59.0 (24756074)|VARIABLE_ASSIGNMENT|[160]|this|{"aptdum":"0x1c575af7","Docdum":"0x49c3f1d7","Docmap":"0x4fb33ca9","Initialselected":0,"timewraplistInitial":"0x7cf9c415"}|0x126847d6
15:08:59.0 (24767692)|STATEMENT_EXECUTE|[160]
15:08:59.0 (24770215)|STATEMENT_EXECUTE|[162]
15:08:59.0 (24786160)|HEAP_ALLOCATE|[162]|Bytes:4
15:08:59.0 (24819938)|VARIABLE_SCOPE_BEGIN|[162]|options|List<System.SelectOption>|true|false
15:08:59.0 (24843498)|HEAP_ALLOCATE|[EXTERNAL]|Bytes:4
15:08:59.0 (24855323)|VARIABLE_ASSIGNMENT|[162]|options|[]|0x5adfb99f
15:08:59.0 (24860842)|STATEMENT_EXECUTE|[163]
15:08:59.0 (24869582)|HEAP_ALLOCATE|[163]|Bytes:8
15:08:59.0 (24921825)|HEAP_ALLOCATE|[EXTERNAL]|Bytes:4
15:08:59.0 (24976701)|VARIABLE_ASSIGNMENT|[EXTERNAL]|this|{"aptdum":"0x1c575af7","Docdum":"0x49c3f1d7","Docmap":"0x4fb33ca9","Initialselected":0,"timewraplistInitial":"0x7cf9c415"}|0x126847d6
15:08:59.0 (24991747)|STATEMENT_EXECUTE|[164]
15:08:59.0 (25023118)|VARIABLE_ASSIGNMENT|[EXTERNAL]|this|{"aptdum":"0x1c575af7","Docdum":"0x49c3f1d7","Docmap":"0x4fb33ca9","Initialselected":0,"timewraplistInitial":"0x7cf9c415"}|0x126847d6
15:08:59.0 (25063083)|HEAP_ALLOCATE|[EXTERNAL]|Bytes:12
15:08:59.0 (25081832)|HEAP_ALLOCATE|[165]|Bytes:237
15:08:59.0 (25210297)|HEAP_ALLOCATE|[165]|Bytes:5
15:08:59.0 (25261496)|HEAP_ALLOCATE|[165]|Bytes:24
15:08:59.0 (25271814)|VARIABLE_SCOPE_BEGIN|[165]|doc|Doctor__c|true|false
15:08:59.0 (25381858)|VARIABLE_ASSIGNMENT|[165]|doc|{"Id":"a260H000001koYjQAI","Name":"doc 2","End_Time__c":68400000,"Speciality__c":"General Surgery","Start_Time__c":43200000}|0x6644fd2a
15:08:59.0 (25390165)|STATEMENT_EXECUTE|[165]
15:08:59.0 (25391852)|STATEMENT_EXECUTE|[166]
15:08:59.0 (25439588)|HEAP_ALLOCATE|[166]|Bytes:18
15:08:59.0 (25492176)|HEAP_ALLOCATE|[EXTERNAL]|Bytes:4
15:08:59.0 (25509706)|HEAP_ALLOCATE|[165]|Bytes:5
15:08:59.0 (25530037)|HEAP_ALLOCATE|[165]|Bytes:24
15:08:59.0 (25537868)|VARIABLE_SCOPE_BEGIN|[165]|doc|Doctor__c|true|false
15:08:59.0 (25555427)|VARIABLE_ASSIGNMENT|[165]|doc|{"Id":"a260H000001koYeQAI","Name":"Doc1","End_Time__c":64800000,"Speciality__c":"General Surgery","Start_Time__c":32400000}|0x18d67010
15:08:59.0 (25562533)|STATEMENT_EXECUTE|[165]
15:08:59.0 (25564116)|STATEMENT_EXECUTE|[166]
15:08:59.0 (25573685)|HEAP_ALLOCATE|[166]|Bytes:18
15:08:59.0 (25586237)|HEAP_ALLOCATE|[EXTERNAL]|Bytes:4
15:08:59.0 (25597395)|HEAP_ALLOCATE|[165]|Bytes:5
15:08:59.0 (25606766)|VARIABLE_ASSIGNMENT|[165]|doc|null|
15:08:59.0 (25612105)|STATEMENT_EXECUTE|[172]
15:08:59.0 (25694574)|SYSTEM_MODE_ENTER|true
15:08:59.0 (26009571)|SYSTEM_MODE_ENTER|true
15:08:59.0 (26051150)|HEAP_ALLOCATE|[EXTERNAL]|Bytes:48
15:08:59.0 (26060183)|VARIABLE_SCOPE_BEGIN|[177]|this|docappcontroller|true|false
15:08:59.0 (26097811)|VARIABLE_ASSIGNMENT|[177]|this|{"aptdum":"0x1c575af7","Docdum":"0x49c3f1d7","Docmap":"0x4fb33ca9","Initialselected":0,"timewraplistInitial":"0x7cf9c415"}|0x126847d6
15:08:59.0 (26107844)|STATEMENT_EXECUTE|[177]
15:08:59.0 (26109748)|STATEMENT_EXECUTE|[179]
15:08:59.0 (26119082)|HEAP_ALLOCATE|[179]|Bytes:4
15:08:59.0 (26139846)|VARIABLE_SCOPE_BEGIN|[179]|options|List<System.SelectOption>|true|false
15:08:59.0 (26162015)|HEAP_ALLOCATE|[EXTERNAL]|Bytes:4
15:08:59.0 (26170455)|VARIABLE_ASSIGNMENT|[179]|options|[]|0x1d19bfe0
15:08:59.0 (26177405)|STATEMENT_EXECUTE|[180]
15:08:59.0 (26232847)|HEAP_ALLOCATE|[EXTERNAL]|Bytes:4
15:08:59.0 (26243153)|STATEMENT_EXECUTE|[183]
15:08:59.0 (26248425)|HEAP_ALLOCATE|[183]|Bytes:2
15:08:59.0 (26273476)|HEAP_ALLOCATE|[EXTERNAL]|Bytes:4
15:08:59.0 (26280005)|STATEMENT_EXECUTE|[184]
15:08:59.0 (26284053)|HEAP_ALLOCATE|[184]|Bytes:2
15:08:59.0 (26304163)|HEAP_ALLOCATE|[EXTERNAL]|Bytes:4
15:08:59.0 (26314926)|STATEMENT_EXECUTE|[189]
15:08:59.0 (26390549)|SYSTEM_MODE_ENTER|true
15:08:59.26 (26980910)|SYSTEM_MODE_ENTER|true
15:08:59.26 (27034331)|HEAP_ALLOCATE|[EXTERNAL]|Bytes:8
15:08:59.26 (27042999)|VARIABLE_SCOPE_BEGIN|[88]|this|ApexPage.PageMessagesComponentController|true|false
15:08:59.26 (27066105)|VARIABLE_ASSIGNMENT|[88]|this|{}|0x7fe495e6
15:08:59.26 (27072510)|VARIABLE_SCOPE_BEGIN|[88]|escape|Boolean|false|false
15:08:59.26 (27079741)|VARIABLE_ASSIGNMENT|[88]|escape|null
15:08:59.0 (27268000)|SYSTEM_MODE_ENTER|true
15:08:59.0 (27295843)|HEAP_ALLOCATE|[EXTERNAL]|Bytes:18
15:08:59.0 (27301384)|HEAP_ALLOCATE|[EXTERNAL]|Bytes:48
15:08:59.0 (27325697)|VARIABLE_ASSIGNMENT|[EXTERNAL]|this.Selecteddoc|"a260H000001koYjQAI"|0x126847d6
15:08:59.0 (27370349)|SYSTEM_MODE_ENTER|true
15:08:59.0 (27520822)|SYSTEM_MODE_ENTER|true
15:08:59.0 (27562049)|SYSTEM_MODE_ENTER|true
15:08:59.0 (27579245)|HEAP_ALLOCATE|[EXTERNAL]|Bytes:8
15:08:59.0 (27584369)|HEAP_ALLOCATE|[EXTERNAL]|Bytes:48
15:08:59.0 (27593287)|VARIABLE_ASSIGNMENT|[EXTERNAL]|this.SelectedtimeSlot|60|0x126847d6
15:08:59.0 (27628967)|SYSTEM_MODE_ENTER|true
15:08:59.0 (27838854)|HEAP_ALLOCATE|[EXTERNAL]|Bytes:48
15:08:59.0 (27849095)|VARIABLE_SCOPE_BEGIN|[58]|this|docappcontroller|true|false
15:08:59.0 (27888427)|VARIABLE_ASSIGNMENT|[58]|this|{"aptdum":"0x1c575af7","Docdum":"0x49c3f1d7","Docmap":"0x4fb33ca9","Initialselected":0,"Selecteddoc":"a260H000001koYjQAI","SelectedtimeSlot":60,"timewraplistInitial":"0x7cf9c415"}|0x126847d6
15:08:59.0 (27899693)|STATEMENT_EXECUTE|[58]
15:08:59.0 (27901690)|STATEMENT_EXECUTE|[60]
15:08:59.0 (27946051)|VARIABLE_ASSIGNMENT|[EXTERNAL]|this|{"aptdum":"0x1c575af7","Docdum":"0x49c3f1d7","Docmap":"0x4fb33ca9","Initialselected":0,"Selecteddoc":"a260H000001koYjQAI","SelectedtimeSlot":60,"timewraplistInitial":"0x7cf9c415"}|0x126847d6
15:08:59.0 (27978619)|USER_DEBUG|[60]|DEBUG|a260H000001koYjQAI
15:08:59.0 (28019607)|VARIABLE_ASSIGNMENT|[EXTERNAL]|this|{"aptdum":"0x1c575af7","Docdum":"0x49c3f1d7","Docmap":"0x4fb33ca9","Initialselected":0,"Selecteddoc":"a260H000001koYjQAI","SelectedtimeSlot":60,"timewraplistInitial":"0x7cf9c415"}|0x126847d6
15:08:59.0 (28053856)|VARIABLE_ASSIGNMENT|[EXTERNAL]|this|{"aptdum":"0x1c575af7","Docdum":"0x49c3f1d7","Docmap":"0x4fb33ca9","Initialselected":0,"Selecteddoc":"a260H000001koYjQAI","SelectedtimeSlot":60,"timewraplistInitial":"0x7cf9c415"}|0x126847d6
15:08:59.0 (28086479)|STATEMENT_EXECUTE|[63]
15:08:59.0 (28088594)|STATEMENT_EXECUTE|[64]
15:08:59.0 (28120832)|VARIABLE_ASSIGNMENT|[EXTERNAL]|this|{"aptdum":"0x1c575af7","Docdum":"0x49c3f1d7","Docmap":"0x4fb33ca9","Initialselected":0,"Selecteddoc":"a260H000001koYjQAI","SelectedtimeSlot":60,"timewraplistInitial":"0x7cf9c415"}|0x126847d6
15:08:59.0 (28153319)|VARIABLE_ASSIGNMENT|[EXTERNAL]|this|{"aptdum":"0x1c575af7","Docdum":"0x49c3f1d7","Docmap":"0x4fb33ca9","Initialselected":0,"Selecteddoc":"a260H000001koYjQAI","SelectedtimeSlot":60,"timewraplistInitial":"0x7cf9c415"}|0x126847d6
15:08:59.0 (28178113)|VARIABLE_SCOPE_BEGIN|[64]|d|Doctor__c|true|false
15:08:59.0 (28196905)|VARIABLE_ASSIGNMENT|[64]|d|{"Id":"a260H000001koYjQAI","Name":"doc 2","End_Time__c":68400000,"Speciality__c":"General Surgery","Start_Time__c":43200000}|0x6644fd2a
15:08:59.0 (28208268)|STATEMENT_EXECUTE|[65]
15:08:59.0 (28242448)|HEAP_ALLOCATE|[65]|Bytes:4
15:08:59.0 (28283941)|HEAP_ALLOCATE|[65]|Bytes:150
15:08:59.0 (28300093)|HEAP_ALLOCATE|[65]|Bytes:4
15:08:59.0 (28310999)|HEAP_ALLOCATE|[65]|Bytes:7
15:08:59.0 (28346635)|VARIABLE_ASSIGNMENT|[EXTERNAL]|this|{"aptdum":"0x1c575af7","Docdum":"0x49c3f1d7","Docmap":"0x4fb33ca9","Initialselected":0,"Selecteddoc":"a260H000001koYjQAI","SelectedtimeSlot":60,"timewraplistInitial":"0x7cf9c415"}|0x126847d6
15:08:59.0 (28366469)|HEAP_ALLOCATE|[65]|Bytes:7
15:08:59.0 (28401555)|VARIABLE_ASSIGNMENT|[EXTERNAL]|this|{"aptdum":"0x1c575af7","Docdum":"0x49c3f1d7","Docmap":"0x4fb33ca9","Initialselected":0,"Selecteddoc":"a260H000001koYjQAI","SelectedtimeSlot":60,"timewraplistInitial":"0x7cf9c415"}|0x126847d6
15:08:59.0 (28758077)|SOQL_EXECUTE_BEGIN|[65]|Aggregations:0|SELECT Id, Name, Doctor__c, Patient__c, End_Time__c, Start_Time__c FROM Appointment__c WHERE (Doctor__c = :tmpVar1 AND Appointment_Date__c = :tmpVar2)
15:08:59.0 (38550744)|SOQL_EXECUTE_END|[65]|Rows:2
15:08:59.0 (38572841)|HEAP_ALLOCATE|[65]|Bytes:12
15:08:59.0 (38591663)|HEAP_ALLOCATE|[65]|Bytes:294
15:08:59.0 (38622221)|HEAP_ALLOCATE|[65]|Bytes:12
15:08:59.0 (38648063)|HEAP_ALLOCATE|[65]|Bytes:28
15:08:59.0 (38653256)|HEAP_ALLOCATE|[65]|Bytes:28
15:08:59.0 (38656676)|HEAP_ALLOCATE|[65]|Bytes:28
15:08:59.0 (38659728)|HEAP_ALLOCATE|[65]|Bytes:8
15:08:59.0 (38668015)|VARIABLE_SCOPE_BEGIN|[65]|aptlist|List<Appointment__c>|true|false
15:08:59.0 (38677234)|HEAP_ALLOCATE|[EXTERNAL]|Bytes:12
15:08:59.0 (38703320)|VARIABLE_ASSIGNMENT|[65]|aptlist|[{"Id":"a250H00000HaxnFQAR","Name":"A-00000","Doctor__c":"a260H000001koYjQAI","Patient__c":"a270H000006vXivQAE","End_Time__c":61200000,"Start_Time__c":54000000},{"Id":"a250H00000HayO3QAJ","Name":"A-00001","Doctor__c":"a260H000001koYjQAI","Patient__c":"a270H000006vXivQAE","End_Time__c":70200000,"Start_Time__c":68400000}]|0x6fb5316a
15:08:59.0 (38713770)|STATEMENT_EXECUTE|[66]
15:08:59.0 (38735797)|HEAP_ALLOCATE|[66]|Bytes:4
15:08:59.0 (38806748)|VARIABLE_ASSIGNMENT|[66]|this.timeset|[]|0x126847d6
15:08:59.0 (38886647)|HEAP_ALLOCATE|[67]|Bytes:5
15:08:59.0 (38899871)|HEAP_ALLOCATE|[67]|Bytes:28
15:08:59.0 (38907186)|VARIABLE_SCOPE_BEGIN|[67]|apt|Appointment__c|true|false
15:08:59.0 (38925586)|VARIABLE_ASSIGNMENT|[67]|apt|{"Id":"a250H00000HaxnFQAR","Name":"A-00000","Doctor__c":"a260H000001koYjQAI","Patient__c":"a270H000006vXivQAE","End_Time__c":61200000,"Start_Time__c":54000000}|0x67afa0e9
15:08:59.0 (38933447)|STATEMENT_EXECUTE|[67]
15:08:59.0 (38935629)|STATEMENT_EXECUTE|[69]
15:08:59.0 (38966908)|VARIABLE_SCOPE_BEGIN|[69]|t|Time|false|false
15:08:59.0 (38980439)|VARIABLE_ASSIGNMENT|[69]|t|54000000
15:08:59.0 (38985246)|STATEMENT_EXECUTE|[70]
15:08:59.0 (39039486)|VARIABLE_SCOPE_BEGIN|[70]|i|Integer|false|false
15:08:59.0 (39048689)|HEAP_ALLOCATE|[70]|Bytes:4
15:08:59.0 (39055540)|VARIABLE_ASSIGNMENT|[70]|i|2
15:08:59.0 (39059599)|STATEMENT_EXECUTE|[71]
15:08:59.0 (39088571)|HEAP_ALLOCATE|[71]|Bytes:28
15:08:59.0 (39093483)|HEAP_ALLOCATE|[71]|Bytes:28
15:08:59.0 (39097257)|VARIABLE_SCOPE_BEGIN|[71]|i1|Decimal|false|false
15:08:59.0 (39109363)|VARIABLE_ASSIGNMENT|[71]|i1|0
15:08:59.0 (39113125)|STATEMENT_EXECUTE|[72]
15:08:59.0 (39137995)|HEAP_ALLOCATE|[EXTERNAL]|Bytes:4
15:08:59.0 (39162275)|STATEMENT_EXECUTE|[73]
15:08:59.0 (39164377)|STATEMENT_EXECUTE|[74]
15:08:59.0 (39186987)|USER_DEBUG|[74]|DEBUG|15:00:00.000Z
15:08:59.0 (39194793)|STATEMENT_EXECUTE|[75]
15:08:59.0 (39276834)|HEAP_ALLOCATE|[75]|Bytes:4
15:08:59.0 (39351755)|VARIABLE_ASSIGNMENT|[75]|t|55800000
15:08:59.0 (39361020)|STATEMENT_EXECUTE|[76]
15:08:59.0 (39367502)|HEAP_ALLOCATE|[76]|Bytes:3
15:08:59.0 (39402653)|HEAP_ALLOCATE|[76]|Bytes:28
15:08:59.0 (39470567)|HEAP_ALLOCATE|[76]|Bytes:28
15:08:59.0 (39496614)|VARIABLE_ASSIGNMENT|[76]|i1|0.5
15:08:59.0 (39504868)|STATEMENT_EXECUTE|[77]
15:08:59.0 (39546574)|HEAP_ALLOCATE|[EXTERNAL]|Bytes:4
15:08:59.0 (39574547)|HEAP_ALLOCATE|[78]|Bytes:28
15:08:59.0 (39580049)|HEAP_ALLOCATE|[78]|Bytes:28
15:08:59.0 (39587070)|HEAP_ALLOCATE|[78]|Bytes:28
15:08:59.0 (39623236)|HEAP_ALLOCATE|[78]|Bytes:28
15:08:59.0 (39660438)|STATEMENT_EXECUTE|[73]
15:08:59.0 (39663533)|STATEMENT_EXECUTE|[74]
15:08:59.0 (39684647)|USER_DEBUG|[74]|DEBUG|15:30:00.000Z
15:08:59.0 (39695497)|STATEMENT_EXECUTE|[75]
15:08:59.0 (39708421)|HEAP_ALLOCATE|[75]|Bytes:4
15:08:59.0 (39729448)|VARIABLE_ASSIGNMENT|[75]|t|57600000
15:08:59.0 (39735687)|STATEMENT_EXECUTE|[76]
15:08:59.0 (39742727)|HEAP_ALLOCATE|[76]|Bytes:28
15:08:59.0 (39760489)|HEAP_ALLOCATE|[76]|Bytes:28
15:08:59.0 (39776402)|VARIABLE_ASSIGNMENT|[76]|i1|1.0
15:08:59.0 (39783905)|STATEMENT_EXECUTE|[77]
15:08:59.0 (39792181)|HEAP_ALLOCATE|[EXTERNAL]|Bytes:4
15:08:59.0 (39804302)|HEAP_ALLOCATE|[78]|Bytes:28
15:08:59.0 (39808534)|HEAP_ALLOCATE|[78]|Bytes:28
15:08:59.0 (39814007)|HEAP_ALLOCATE|[78]|Bytes:28
15:08:59.0 (39831495)|HEAP_ALLOCATE|[78]|Bytes:28
15:08:59.0 (39859833)|STATEMENT_EXECUTE|[73]
15:08:59.0 (39862111)|STATEMENT_EXECUTE|[74]
15:08:59.0 (39870896)|USER_DEBUG|[74]|DEBUG|16:00:00.000Z
15:08:59.0 (39878379)|STATEMENT_EXECUTE|[75]
15:08:59.0 (39889055)|HEAP_ALLOCATE|[75]|Bytes:4
15:08:59.0 (39909520)|VARIABLE_ASSIGNMENT|[75]|t|59400000
15:08:59.0 (39914695)|STATEMENT_EXECUTE|[76]
15:08:59.0 (39921105)|HEAP_ALLOCATE|[76]|Bytes:28
15:08:59.0 (39936741)|HEAP_ALLOCATE|[76]|Bytes:28
15:08:59.0 (39961866)|VARIABLE_ASSIGNMENT|[76]|i1|1.5
15:08:59.0 (39968122)|STATEMENT_EXECUTE|[77]
15:08:59.0 (39975490)|HEAP_ALLOCATE|[EXTERNAL]|Bytes:4
15:08:59.0 (39987152)|HEAP_ALLOCATE|[78]|Bytes:28
15:08:59.0 (39991386)|HEAP_ALLOCATE|[78]|Bytes:28
15:08:59.0 (39996909)|HEAP_ALLOCATE|[78]|Bytes:28
15:08:59.0 (40018250)|HEAP_ALLOCATE|[78]|Bytes:28
15:08:59.0 (40058028)|HEAP_ALLOCATE|[67]|Bytes:5
15:08:59.0 (40082606)|HEAP_ALLOCATE|[67]|Bytes:28
15:08:59.0 (40094594)|VARIABLE_SCOPE_BEGIN|[67]|apt|Appointment__c|true|false
15:08:59.0 (40128377)|VARIABLE_ASSIGNMENT|[67]|apt|{"Id":"a250H00000HayO3QAJ","Name":"A-00001","Doctor__c":"a260H000001koYjQAI","Patient__c":"a270H000006vXivQAE","End_Time__c":70200000,"Start_Time__c":68400000}|0x4f8b69f4
15:08:59.0 (40137822)|STATEMENT_EXECUTE|[67]
15:08:59.0 (40139470)|STATEMENT_EXECUTE|[69]
15:08:59.0 (40164808)|VARIABLE_SCOPE_BEGIN|[69]|t|Time|false|false
15:08:59.0 (40184643)|VARIABLE_ASSIGNMENT|[69]|t|68400000
15:08:59.0 (40189571)|STATEMENT_EXECUTE|[70]
15:08:59.0 (40217603)|VARIABLE_SCOPE_BEGIN|[70]|i|Integer|false|false
15:08:59.0 (40230469)|HEAP_ALLOCATE|[70]|Bytes:4
15:08:59.0 (40240652)|VARIABLE_ASSIGNMENT|[70]|i|0
15:08:59.0 (40245572)|STATEMENT_EXECUTE|[71]
15:08:59.0 (40253799)|HEAP_ALLOCATE|[71]|Bytes:28
15:08:59.0 (40258176)|HEAP_ALLOCATE|[71]|Bytes:28
15:08:59.0 (40262449)|VARIABLE_SCOPE_BEGIN|[71]|i1|Decimal|false|false
15:08:59.0 (40271852)|VARIABLE_ASSIGNMENT|[71]|i1|0
15:08:59.0 (40276617)|STATEMENT_EXECUTE|[72]
15:08:59.0 (40286786)|HEAP_ALLOCATE|[EXTERNAL]|Bytes:4
15:08:59.0 (40295135)|STATEMENT_EXECUTE|[73]
15:08:59.0 (40296735)|STATEMENT_EXECUTE|[74]
15:08:59.0 (40305644)|USER_DEBUG|[74]|DEBUG|19:00:00.000Z
15:08:59.0 (40312711)|STATEMENT_EXECUTE|[75]
15:08:59.0 (40322173)|HEAP_ALLOCATE|[75]|Bytes:4
15:08:59.0 (40341673)|VARIABLE_ASSIGNMENT|[75]|t|70200000
15:08:59.0 (40347940)|STATEMENT_EXECUTE|[76]
15:08:59.0 (40354920)|HEAP_ALLOCATE|[76]|Bytes:28
15:08:59.0 (40372946)|HEAP_ALLOCATE|[76]|Bytes:28
15:08:59.0 (40387489)|VARIABLE_ASSIGNMENT|[76]|i1|0.5
15:08:59.0 (40394283)|STATEMENT_EXECUTE|[77]
15:08:59.0 (40403065)|HEAP_ALLOCATE|[EXTERNAL]|Bytes:4
15:08:59.0 (40415195)|HEAP_ALLOCATE|[78]|Bytes:28
15:08:59.0 (40419459)|HEAP_ALLOCATE|[78]|Bytes:28
15:08:59.0 (40425187)|HEAP_ALLOCATE|[78]|Bytes:28
15:08:59.0 (40441730)|HEAP_ALLOCATE|[78]|Bytes:28
15:08:59.0 (40478717)|HEAP_ALLOCATE|[67]|Bytes:5
15:08:59.0 (40492723)|VARIABLE_ASSIGNMENT|[67]|apt|null|
15:08:59.0 (40498548)|STATEMENT_EXECUTE|[89]
15:08:59.0 (40601757)|HEAP_ALLOCATE|[89]|Bytes:4
15:08:59.0 (40750763)|VARIABLE_ASSIGNMENT|[EXTERNAL]|this|{"aptdum":"0x1c575af7","Docdum":"0x49c3f1d7","Docmap":"0x4fb33ca9","Initialselected":0,"Selecteddoc":"a260H000001koYjQAI","SelectedtimeSlot":60,"timeset":"0x2ad4bdc","timewraplistInitial":"0x7cf9c415"}|0x126847d6
15:08:59.0 (40779619)|HEAP_ALLOCATE|[EXTERNAL]|Bytes:4
15:08:59.0 (40793015)|VARIABLE_ASSIGNMENT|[EXTERNAL]|value|[]|0x266c88f1
15:08:59.0 (40809423)|VARIABLE_ASSIGNMENT|[4]|this.timewraplist|[]|0x126847d6
15:08:59.0 (40820605)|STATEMENT_EXECUTE|[90]
15:08:59.0 (40830919)|HEAP_ALLOCATE|[90]|Bytes:4
15:08:59.0 (40920479)|VARIABLE_ASSIGNMENT|[EXTERNAL]|this|{"aptdum":"0x1c575af7","Docdum":"0x49c3f1d7","Docmap":"0x4fb33ca9","Initialselected":0,"Selecteddoc":"a260H000001koYjQAI","SelectedtimeSlot":60,"timeset":"0x2ad4bdc","timewraplist":"0x266c88f1","timewraplistInitial":"0x7cf9c415"}|0x126847d6
15:08:59.0 (40944997)|HEAP_ALLOCATE|[EXTERNAL]|Bytes:4
15:08:59.0 (40955140)|VARIABLE_ASSIGNMENT|[EXTERNAL]|value|[]|0x5a355918
15:08:59.0 (40971153)|VARIABLE_ASSIGNMENT|[3]|this.timelist|[]|0x126847d6
15:08:59.0 (40980870)|STATEMENT_EXECUTE|[91]
15:08:59.0 (41038552)|VARIABLE_SCOPE_BEGIN|[91]|t|Time|false|false
15:08:59.0 (41055933)|VARIABLE_ASSIGNMENT|[91]|t|43200000
15:08:59.0 (41062554)|STATEMENT_EXECUTE|[92]
15:08:59.0 (41120468)|VARIABLE_SCOPE_BEGIN|[92]|i|Integer|false|false
15:08:59.0 (41133035)|HEAP_ALLOCATE|[92]|Bytes:4
15:08:59.0 (41141779)|VARIABLE_ASSIGNMENT|[92]|i|7
15:08:59.0 (41146769)|STATEMENT_EXECUTE|[93]
15:08:59.0 (41169841)|HEAP_ALLOCATE|[93]|Bytes:28
15:08:59.0 (41176790)|HEAP_ALLOCATE|[93]|Bytes:28
15:08:59.0 (41184498)|VARIABLE_SCOPE_BEGIN|[93]|i1|Decimal|false|false
15:08:59.0 (41195330)|VARIABLE_ASSIGNMENT|[93]|i1|0
15:08:59.0 (41234649)|STATEMENT_EXECUTE|[94]
15:08:59.0 (41238461)|STATEMENT_EXECUTE|[95]
15:08:59.0 (41297350)|VARIABLE_ASSIGNMENT|[EXTERNAL]|this|{"aptdum":"0x1c575af7","Docdum":"0x49c3f1d7","Docmap":"0x4fb33ca9","Initialselected":0,"Selecteddoc":"a260H000001koYjQAI","SelectedtimeSlot":60,"timelist":"0x5a355918","timeset":"0x2ad4bdc","timewraplist":"0x266c88f1","timewraplistInitial":"0x7cf9c415"}|0x126847d6
15:08:59.0 (41321611)|HEAP_ALLOCATE|[95]|Bytes:108
15:08:59.0 (41329486)|HEAP_ALLOCATE|[95]|Bytes:11
15:08:59.0 (41349784)|HEAP_ALLOCATE|[95]|Bytes:12
15:08:59.0 (41378746)|CONSTRUCTOR_ENTRY|[95]|01p0H000007gCe8|<init>(Boolean,Time)
15:08:59.0 (41393739)|VARIABLE_SCOPE_BEGIN|[205]|this|docappcontroller.Wrapertimeslot|true|false
15:08:59.0 (41427789)|VARIABLE_ASSIGNMENT|[205]|this|{}|0xb79ba86
15:08:59.0 (41438280)|VARIABLE_SCOPE_BEGIN|[205]|selection|Boolean|false|false
15:08:59.0 (41447536)|VARIABLE_ASSIGNMENT|[205]|selection|false
15:08:59.0 (41457851)|VARIABLE_SCOPE_BEGIN|[205]|tm|Time|false|false
15:08:59.0 (41471756)|VARIABLE_ASSIGNMENT|[205]|tm|43200000
15:08:59.0 (41477366)|STATEMENT_EXECUTE|[201]
15:08:59.0 (41479138)|STATEMENT_EXECUTE|[202]
15:08:59.0 (41481127)|STATEMENT_EXECUTE|[203]
15:08:59.0 (41489114)|HEAP_ALLOCATE|[206]|Bytes:6
15:08:59.0 (41522751)|STATEMENT_EXECUTE|[205]
15:08:59.0 (41525030)|STATEMENT_EXECUTE|[206]
15:08:59.0 (41595579)|VARIABLE_ASSIGNMENT|[EXTERNAL]|this|{}|0xb79ba86
15:08:59.0 (41609404)|VARIABLE_ASSIGNMENT|[EXTERNAL]|value|false
15:08:59.0 (41624167)|HEAP_ALLOCATE|[202]|Bytes:5
15:08:59.0 (41636843)|VARIABLE_ASSIGNMENT|[202]|this.selected|false|0xb79ba86
15:08:59.0 (41647720)|STATEMENT_EXECUTE|[207]
15:08:59.0 (41692745)|VARIABLE_ASSIGNMENT|[EXTERNAL]|this|{"selected":false}|0xb79ba86
15:08:59.0 (41711203)|VARIABLE_ASSIGNMENT|[EXTERNAL]|value|43200000
15:08:59.0 (41722783)|VARIABLE_ASSIGNMENT|[203]|this.t|43200000|0xb79ba86
15:08:59.0 (41743528)|CONSTRUCTOR_EXIT|[95]|01p0H000007gCe8|<init>(Boolean,Time)
15:08:59.0 (41761372)|HEAP_ALLOCATE|[EXTERNAL]|Bytes:4
15:08:59.0 (41769661)|STATEMENT_EXECUTE|[100]
15:08:59.0 (41823270)|VARIABLE_ASSIGNMENT|[EXTERNAL]|this|{"aptdum":"0x1c575af7","Docdum":"0x49c3f1d7","Docmap":"0x4fb33ca9","Initialselected":0,"Selecteddoc":"a260H000001koYjQAI","SelectedtimeSlot":60,"timelist":"0x5a355918","timeset":"0x2ad4bdc","timewraplist":"0x266c88f1","timewraplistInitial":"0x7cf9c415"}|0x126847d6
15:08:59.0 (41845675)|HEAP_ALLOCATE|[EXTERNAL]|Bytes:4
15:08:59.0 (41866556)|HEAP_ALLOCATE|[103]|Bytes:28
15:08:59.0 (41872627)|HEAP_ALLOCATE|[103]|Bytes:28
15:08:59.0 (41913631)|STATEMENT_EXECUTE|[103]
15:08:59.0 (41916259)|STATEMENT_EXECUTE|[104]
15:08:59.0 (41939557)|USER_DEBUG|[104]|DEBUG|12:00:00.000Z
15:08:59.0 (41950029)|STATEMENT_EXECUTE|[105]
15:08:59.0 (41980207)|HEAP_ALLOCATE|[105]|Bytes:4
15:08:59.0 (42000284)|VARIABLE_ASSIGNMENT|[105]|t|45000000
15:08:59.0 (42006312)|STATEMENT_EXECUTE|[106]
15:08:59.0 (42015693)|HEAP_ALLOCATE|[106]|Bytes:28
15:08:59.0 (42047147)|HEAP_ALLOCATE|[106]|Bytes:28
15:08:59.0 (42064938)|VARIABLE_ASSIGNMENT|[106]|i1|0.5
15:08:59.0 (42071208)|STATEMENT_EXECUTE|[107]
15:08:59.0 (42120125)|VARIABLE_ASSIGNMENT|[EXTERNAL]|this|{"aptdum":"0x1c575af7","Docdum":"0x49c3f1d7","Docmap":"0x4fb33ca9","Initialselected":0,"Selecteddoc":"a260H000001koYjQAI","SelectedtimeSlot":60,"timelist":"0x5a355918","timeset":"0x2ad4bdc","timewraplist":"0x266c88f1","timewraplistInitial":"0x7cf9c415"}|0x126847d6
15:08:59.0 (42146063)|HEAP_ALLOCATE|[EXTERNAL]|Bytes:4
15:08:59.0 (42186103)|STATEMENT_EXECUTE|[109]
15:08:59.0 (42189515)|STATEMENT_EXECUTE|[110]
15:08:59.0 (42233204)|VARIABLE_ASSIGNMENT|[EXTERNAL]|this|{"aptdum":"0x1c575af7","Docdum":"0x49c3f1d7","Docmap":"0x4fb33ca9","Initialselected":0,"Selecteddoc":"a260H000001koYjQAI","SelectedtimeSlot":60,"timelist":"0x5a355918","timeset":"0x2ad4bdc","timewraplist":"0x266c88f1","timewraplistInitial":"0x7cf9c415"}|0x126847d6
15:08:59.0 (42254450)|HEAP_ALLOCATE|[110]|Bytes:12
15:08:59.0 (42271870)|CONSTRUCTOR_ENTRY|[110]|01p0H000007gCe8|<init>(Boolean,Time)
15:08:59.0 (42279102)|VARIABLE_SCOPE_BEGIN|[205]|this|docappcontroller.Wrapertimeslot|true|false
15:08:59.0 (42297857)|VARIABLE_ASSIGNMENT|[205]|this|{}|0x5ceb6949
15:08:59.0 (42310094)|VARIABLE_SCOPE_BEGIN|[205]|selection|Boolean|false|false
15:08:59.0 (42318886)|VARIABLE_ASSIGNMENT|[205]|selection|false
15:08:59.0 (42323046)|VARIABLE_SCOPE_BEGIN|[205]|tm|Time|false|false
15:08:59.0 (42331656)|VARIABLE_ASSIGNMENT|[205]|tm|45000000
15:08:59.0 (42336404)|STATEMENT_EXECUTE|[201]
15:08:59.0 (42337990)|STATEMENT_EXECUTE|[202]
15:08:59.0 (42339508)|STATEMENT_EXECUTE|[203]
15:08:59.0 (42352084)|STATEMENT_EXECUTE|[205]
15:08:59.0 (42354711)|STATEMENT_EXECUTE|[206]
15:08:59.0 (42373907)|VARIABLE_ASSIGNMENT|[EXTERNAL]|this|{}|0x5ceb6949
15:08:59.0 (42386141)|VARIABLE_ASSIGNMENT|[EXTERNAL]|value|false
15:08:59.0 (42392066)|HEAP_ALLOCATE|[202]|Bytes:5
15:08:59.0 (42400459)|VARIABLE_ASSIGNMENT|[202]|this.selected|false|0x5ceb6949
15:08:59.0 (42410154)|STATEMENT_EXECUTE|[207]
15:08:59.0 (42429600)|VARIABLE_ASSIGNMENT|[EXTERNAL]|this|{"selected":false}|0x5ceb6949
15:08:59.0 (42440840)|VARIABLE_ASSIGNMENT|[EXTERNAL]|value|45000000
15:08:59.0 (42449698)|VARIABLE_ASSIGNMENT|[203]|this.t|45000000|0x5ceb6949
15:08:59.0 (42468781)|CONSTRUCTOR_EXIT|[110]|01p0H000007gCe8|<init>(Boolean,Time)
15:08:59.0 (42486671)|HEAP_ALLOCATE|[EXTERNAL]|Bytes:4
15:08:59.0 (42501021)|HEAP_ALLOCATE|[103]|Bytes:28
15:08:59.0 (42506279)|HEAP_ALLOCATE|[103]|Bytes:28
15:08:59.0 (42535899)|STATEMENT_EXECUTE|[103]
15:08:59.0 (42538437)|STATEMENT_EXECUTE|[104]
15:08:59.0 (42549668)|USER_DEBUG|[104]|DEBUG|12:30:00.000Z
15:08:59.0 (42558078)|STATEMENT_EXECUTE|[105]
15:08:59.0 (42569221)|HEAP_ALLOCATE|[105]|Bytes:4
15:08:59.0 (42589686)|VARIABLE_ASSIGNMENT|[105]|t|46800000
15:08:59.0 (42595744)|STATEMENT_EXECUTE|[106]
15:08:59.0 (42603208)|HEAP_ALLOCATE|[106]|Bytes:28
15:08:59.0 (42621046)|HEAP_ALLOCATE|[106]|Bytes:28
15:08:59.0 (42636543)|VARIABLE_ASSIGNMENT|[106]|i1|1.0
15:08:59.0 (42644684)|STATEMENT_EXECUTE|[107]
15:08:59.0 (42683895)|VARIABLE_ASSIGNMENT|[EXTERNAL]|this|{"aptdum":"0x1c575af7","Docdum":"0x49c3f1d7","Docmap":"0x4fb33ca9","Initialselected":0,"Selecteddoc":"a260H000001koYjQAI","SelectedtimeSlot":60,"timelist":"0x5a355918","timeset":"0x2ad4bdc","timewraplist":"0x266c88f1","timewraplistInitial":"0x7cf9c415"}|0x126847d6
15:08:59.0 (42705644)|HEAP_ALLOCATE|[EXTERNAL]|Bytes:4
15:08:59.0 (42719097)|STATEMENT_EXECUTE|[109]
15:08:59.0 (42720954)|STATEMENT_EXECUTE|[110]
15:08:59.0 (42757055)|VARIABLE_ASSIGNMENT|[EXTERNAL]|this|{"aptdum":"0x1c575af7","Docdum":"0x49c3f1d7","Docmap":"0x4fb33ca9","Initialselected":0,"Selecteddoc":"a260H000001koYjQAI","SelectedtimeSlot":60,"timelist":"0x5a355918","timeset":"0x2ad4bdc","timewraplist":"0x266c88f1","timewraplistInitial":"0x7cf9c415"}|0x126847d6
15:08:59.0 (42775044)|HEAP_ALLOCATE|[110]|Bytes:12
15:08:59.0 (42790130)|CONSTRUCTOR_ENTRY|[110]|01p0H000007gCe8|<init>(Boolean,Time)
15:08:59.0 (42797044)|VARIABLE_SCOPE_BEGIN|[205]|this|docappcontroller.Wrapertimeslot|true|false
15:08:59.0 (42817691)|VARIABLE_ASSIGNMENT|[205]|this|{}|0x1e49779b
15:08:59.0 (42826681)|VARIABLE_SCOPE_BEGIN|[205]|selection|Boolean|false|false
15:08:59.0 (42835262)|VARIABLE_ASSIGNMENT|[205]|selection|false
15:08:59.0 (42839210)|VARIABLE_SCOPE_BEGIN|[205]|tm|Time|false|false
15:08:59.0 (42847907)|VARIABLE_ASSIGNMENT|[205]|tm|46800000
15:08:59.0 (42853470)|STATEMENT_EXECUTE|[201]
15:08:59.0 (42855051)|STATEMENT_EXECUTE|[202]
15:08:59.0 (42856636)|STATEMENT_EXECUTE|[203]
15:08:59.0 (42870994)|STATEMENT_EXECUTE|[205]
15:08:59.0 (42873032)|STATEMENT_EXECUTE|[206]
15:08:59.0 (42888529)|VARIABLE_ASSIGNMENT|[EXTERNAL]|this|{}|0x1e49779b
15:08:59.0 (42899636)|VARIABLE_ASSIGNMENT|[EXTERNAL]|value|false
15:08:59.0 (42905673)|HEAP_ALLOCATE|[202]|Bytes:5
15:08:59.0 (42914798)|VARIABLE_ASSIGNMENT|[202]|this.selected|false|0x1e49779b
15:08:59.0 (42926643)|STATEMENT_EXECUTE|[207]
15:08:59.0 (42942889)|VARIABLE_ASSIGNMENT|[EXTERNAL]|this|{"selected":false}|0x1e49779b
15:08:59.0 (42953288)|VARIABLE_ASSIGNMENT|[EXTERNAL]|value|46800000
15:08:59.0 (42962093)|VARIABLE_ASSIGNMENT|[203]|this.t|46800000|0x1e49779b
15:08:59.0 (42989009)|CONSTRUCTOR_EXIT|[110]|01p0H000007gCe8|<init>(Boolean,Time)
15:08:59.0 (43001659)|HEAP_ALLOCATE|[EXTERNAL]|Bytes:4
15:08:59.0 (43015715)|HEAP_ALLOCATE|[103]|Bytes:28
15:08:59.0 (43020486)|HEAP_ALLOCATE|[103]|Bytes:28
15:08:59.0 (43047957)|STATEMENT_EXECUTE|[103]
15:08:59.0 (43050285)|STATEMENT_EXECUTE|[104]
15:08:59.0 (43060182)|USER_DEBUG|[104]|DEBUG|13:00:00.000Z
15:08:59.0 (43068868)|STATEMENT_EXECUTE|[105]
15:08:59.0 (43078912)|HEAP_ALLOCATE|[105]|Bytes:4
15:08:59.0 (43099792)|VARIABLE_ASSIGNMENT|[105]|t|48600000
15:08:59.0 (43105634)|STATEMENT_EXECUTE|[106]
15:08:59.0 (43112782)|HEAP_ALLOCATE|[106]|Bytes:28
15:08:59.0 (43129459)|HEAP_ALLOCATE|[106]|Bytes:28
15:08:59.0 (43146883)|VARIABLE_ASSIGNMENT|[106]|i1|1.5
15:08:59.0 (43160509)|STATEMENT_EXECUTE|[107]
15:08:59.0 (43202684)|VARIABLE_ASSIGNMENT|[EXTERNAL]|this|{"aptdum":"0x1c575af7","Docdum":"0x49c3f1d7","Docmap":"0x4fb33ca9","Initialselected":0,"Selecteddoc":"a260H000001koYjQAI","SelectedtimeSlot":60,"timelist":"0x5a355918","timeset":"0x2ad4bdc","timewraplist":"0x266c88f1","timewraplistInitial":"0x7cf9c415"}|0x126847d6
15:08:59.0 (43222164)|HEAP_ALLOCATE|[EXTERNAL]|Bytes:4
15:08:59.0 (43235014)|STATEMENT_EXECUTE|[109]
15:08:59.0 (43236804)|STATEMENT_EXECUTE|[110]
15:08:59.0 (43273234)|VARIABLE_ASSIGNMENT|[EXTERNAL]|this|{"aptdum":"0x1c575af7","Docdum":"0x49c3f1d7","Docmap":"0x4fb33ca9","Initialselected":0,"Selecteddoc":"a260H000001koYjQAI","SelectedtimeSlot":60,"timelist":"0x5a355918","timeset":"0x2ad4bdc","timewraplist":"0x266c88f1","timewraplistInitial":"0x7cf9c415"}|0x126847d6
15:08:59.0 (43289194)|HEAP_ALLOCATE|[110]|Bytes:12
15:08:59.0 (43304575)|CONSTRUCTOR_ENTRY|[110]|01p0H000007gCe8|<init>(Boolean,Time)
15:08:59.0 (43314566)|VARIABLE_SCOPE_BEGIN|[205]|this|docappcontroller.Wrapertimeslot|true|false
15:08:59.0 (43332595)|VARIABLE_ASSIGNMENT|[205]|this|{}|0x2000d41a
15:08:59.0 (43340445)|VARIABLE_SCOPE_BEGIN|[205]|selection|Boolean|false|false
15:08:59.0 (43348459)|VARIABLE_ASSIGNMENT|[205]|selection|false
15:08:59.0 (43352247)|VARIABLE_SCOPE_BEGIN|[205]|tm|Time|false|false
15:08:59.0 (43362203)|VARIABLE_ASSIGNMENT|[205]|tm|48600000
15:08:59.0 (43370010)|STATEMENT_EXECUTE|[201]
15:08:59.0 (43372062)|STATEMENT_EXECUTE|[202]
15:08:59.0 (43373582)|STATEMENT_EXECUTE|[203]
15:08:59.0 (43385108)|STATEMENT_EXECUTE|[205]
15:08:59.0 (43386659)|STATEMENT_EXECUTE|[206]
15:08:59.0 (43401718)|VARIABLE_ASSIGNMENT|[EXTERNAL]|this|{}|0x2000d41a
15:08:59.0 (43412350)|VARIABLE_ASSIGNMENT|[EXTERNAL]|value|false
15:08:59.0 (43418929)|HEAP_ALLOCATE|[202]|Bytes:5
15:08:59.0 (43430123)|VARIABLE_ASSIGNMENT|[202]|this.selected|false|0x2000d41a
15:08:59.0 (43439453)|STATEMENT_EXECUTE|[207]
15:08:59.0 (43454818)|VARIABLE_ASSIGNMENT|[EXTERNAL]|this|{"selected":false}|0x2000d41a
15:08:59.0 (43464897)|VARIABLE_ASSIGNMENT|[EXTERNAL]|value|48600000
15:08:59.0 (43474512)|VARIABLE_ASSIGNMENT|[203]|this.t|48600000|0x2000d41a
15:08:59.0 (43496300)|CONSTRUCTOR_EXIT|[110]|01p0H000007gCe8|<init>(Boolean,Time)
15:08:59.0 (43508157)|HEAP_ALLOCATE|[EXTERNAL]|Bytes:4
15:08:59.0 (43521761)|HEAP_ALLOCATE|[103]|Bytes:28
15:08:59.0 (43526625)|HEAP_ALLOCATE|[103]|Bytes:28
15:08:59.0 (43553214)|STATEMENT_EXECUTE|[103]
15:08:59.0 (43555488)|STATEMENT_EXECUTE|[104]
15:08:59.0 (43565327)|USER_DEBUG|[104]|DEBUG|13:30:00.000Z
15:08:59.0 (43573651)|STATEMENT_EXECUTE|[105]
15:08:59.0 (43583745)|HEAP_ALLOCATE|[105]|Bytes:4
15:08:59.0 (43604692)|VARIABLE_ASSIGNMENT|[105]|t|50400000
15:08:59.0 (43610550)|STATEMENT_EXECUTE|[106]
15:08:59.0 (43617804)|HEAP_ALLOCATE|[106]|Bytes:28
15:08:59.0 (43635089)|HEAP_ALLOCATE|[106]|Bytes:28
15:08:59.0 (43653542)|VARIABLE_ASSIGNMENT|[106]|i1|2.0
15:08:59.0 (43659638)|STATEMENT_EXECUTE|[107]
15:08:59.0 (43697224)|VARIABLE_ASSIGNMENT|[EXTERNAL]|this|{"aptdum":"0x1c575af7","Docdum":"0x49c3f1d7","Docmap":"0x4fb33ca9","Initialselected":0,"Selecteddoc":"a260H000001koYjQAI","SelectedtimeSlot":60,"timelist":"0x5a355918","timeset":"0x2ad4bdc","timewraplist":"0x266c88f1","timewraplistInitial":"0x7cf9c415"}|0x126847d6
15:08:59.0 (43719873)|HEAP_ALLOCATE|[EXTERNAL]|Bytes:4
15:08:59.0 (43732895)|STATEMENT_EXECUTE|[109]
15:08:59.0 (43734669)|STATEMENT_EXECUTE|[110]
15:08:59.0 (43770306)|VARIABLE_ASSIGNMENT|[EXTERNAL]|this|{"aptdum":"0x1c575af7","Docdum":"0x49c3f1d7","Docmap":"0x4fb33ca9","Initialselected":0,"Selecteddoc":"a260H000001koYjQAI","SelectedtimeSlot":60,"timelist":"0x5a355918","timeset":"0x2ad4bdc","timewraplist":"0x266c88f1","timewraplistInitial":"0x7cf9c415"}|0x126847d6
15:08:59.0 (43787137)|HEAP_ALLOCATE|[110]|Bytes:12
15:08:59.0 (43801714)|CONSTRUCTOR_ENTRY|[110]|01p0H000007gCe8|<init>(Boolean,Time)
15:08:59.0 (43808068)|VARIABLE_SCOPE_BEGIN|[205]|this|docappcontroller.Wrapertimeslot|true|false
15:08:59.0 (43829618)|VARIABLE_ASSIGNMENT|[205]|this|{}|0x1b033434
15:08:59.0 (43838178)|VARIABLE_SCOPE_BEGIN|[205]|selection|Boolean|false|false
15:08:59.0 (43846331)|VARIABLE_ASSIGNMENT|[205]|selection|false
15:08:59.0 (43849992)|VARIABLE_SCOPE_BEGIN|[205]|tm|Time|false|false
15:08:59.0 (43858489)|VARIABLE_ASSIGNMENT|[205]|tm|50400000
15:08:59.0 (43863677)|STATEMENT_EXECUTE|[201]
15:08:59.0 (43866402)|STATEMENT_EXECUTE|[202]
15:08:59.0 (43868659)|STATEMENT_EXECUTE|[203]
15:08:59.0 (43881489)|STATEMENT_EXECUTE|[205]
15:08:59.0 (43883412)|STATEMENT_EXECUTE|[206]
15:08:59.0 (43898516)|VARIABLE_ASSIGNMENT|[EXTERNAL]|this|{}|0x1b033434
15:08:59.0 (43909434)|VARIABLE_ASSIGNMENT|[EXTERNAL]|value|false
15:08:59.0 (43916009)|HEAP_ALLOCATE|[202]|Bytes:5
15:08:59.0 (43924692)|VARIABLE_ASSIGNMENT|[202]|this.selected|false|0x1b033434
15:08:59.0 (43936682)|STATEMENT_EXECUTE|[207]
15:08:59.0 (43952531)|VARIABLE_ASSIGNMENT|[EXTERNAL]|this|{"selected":false}|0x1b033434
15:08:59.0 (43962944)|VARIABLE_ASSIGNMENT|[EXTERNAL]|value|50400000
15:08:59.0 (43971567)|VARIABLE_ASSIGNMENT|[203]|this.t|50400000|0x1b033434
15:08:59.0 (43991515)|CONSTRUCTOR_EXIT|[110]|01p0H000007gCe8|<init>(Boolean,Time)
15:08:59.0 (44004500)|HEAP_ALLOCATE|[EXTERNAL]|Bytes:4
15:08:59.0 (44018074)|HEAP_ALLOCATE|[103]|Bytes:28
15:08:59.0 (44022472)|HEAP_ALLOCATE|[103]|Bytes:28
15:08:59.0 (44049365)|STATEMENT_EXECUTE|[103]
15:08:59.0 (44051670)|STATEMENT_EXECUTE|[104]
15:08:59.0 (44061449)|USER_DEBUG|[104]|DEBUG|14:00:00.000Z
15:08:59.0 (44070365)|STATEMENT_EXECUTE|[105]
15:08:59.0 (44080515)|HEAP_ALLOCATE|[105]|Bytes:4
15:08:59.0 (44099566)|VARIABLE_ASSIGNMENT|[105]|t|52200000
15:08:59.0 (44105510)|STATEMENT_EXECUTE|[106]
15:08:59.0 (44112575)|HEAP_ALLOCATE|[106]|Bytes:28
15:08:59.0 (44129445)|HEAP_ALLOCATE|[106]|Bytes:28
15:08:59.0 (44144549)|VARIABLE_ASSIGNMENT|[106]|i1|2.5
15:08:59.0 (44155866)|STATEMENT_EXECUTE|[107]
15:08:59.0 (44194319)|VARIABLE_ASSIGNMENT|[EXTERNAL]|this|{"aptdum":"0x1c575af7","Docdum":"0x49c3f1d7","Docmap":"0x4fb33ca9","Initialselected":0,"Selecteddoc":"a260H000001koYjQAI","SelectedtimeSlot":60,"timelist":"0x5a355918","timeset":"0x2ad4bdc","timewraplist":"0x266c88f1","timewraplistInitial":"0x7cf9c415"}|0x126847d6
15:08:59.0 (44215702)|HEAP_ALLOCATE|[EXTERNAL]|Bytes:4
15:08:59.0 (44228503)|STATEMENT_EXECUTE|[109]
15:08:59.0 (44230529)|STATEMENT_EXECUTE|[110]
15:08:59.0 (44265793)|VARIABLE_ASSIGNMENT|[EXTERNAL]|this|{"aptdum":"0x1c575af7","Docdum":"0x49c3f1d7","Docmap":"0x4fb33ca9","Initialselected":0,"Selecteddoc":"a260H000001koYjQAI","SelectedtimeSlot":60,"timelist":"0x5a355918","timeset":"0x2ad4bdc","timewraplist":"0x266c88f1","timewraplistInitial":"0x7cf9c415"}|0x126847d6
15:08:59.0 (44287619)|HEAP_ALLOCATE|[110]|Bytes:12
15:08:59.0 (44302711)|CONSTRUCTOR_ENTRY|[110]|01p0H000007gCe8|<init>(Boolean,Time)
15:08:59.0 (44309271)|VARIABLE_SCOPE_BEGIN|[205]|this|docappcontroller.Wrapertimeslot|true|false
15:08:59.0 (44330220)|VARIABLE_ASSIGNMENT|[205]|this|{}|0x18ada4e4
15:08:59.0 (44338994)|VARIABLE_SCOPE_BEGIN|[205]|selection|Boolean|false|false
15:08:59.0 (44347001)|VARIABLE_ASSIGNMENT|[205]|selection|false
15:08:59.0 (44350709)|VARIABLE_SCOPE_BEGIN|[205]|tm|Time|false|false
15:08:59.0 (44359548)|VARIABLE_ASSIGNMENT|[205]|tm|52200000
15:08:59.0 (44365265)|STATEMENT_EXECUTE|[201]
15:08:59.0 (44366978)|STATEMENT_EXECUTE|[202]
15:08:59.0 (44369249)|STATEMENT_EXECUTE|[203]
15:08:59.0 (44382689)|STATEMENT_EXECUTE|[205]
15:08:59.0 (44384678)|STATEMENT_EXECUTE|[206]
15:08:59.0 (44399874)|VARIABLE_ASSIGNMENT|[EXTERNAL]|this|{}|0x18ada4e4
15:08:59.0 (44411161)|VARIABLE_ASSIGNMENT|[EXTERNAL]|value|false
15:08:59.0 (44417499)|HEAP_ALLOCATE|[202]|Bytes:5
15:08:59.0 (44425795)|VARIABLE_ASSIGNMENT|[202]|this.selected|false|0x18ada4e4
15:08:59.0 (44437885)|STATEMENT_EXECUTE|[207]
15:08:59.0 (44453709)|VARIABLE_ASSIGNMENT|[EXTERNAL]|this|{"selected":false}|0x18ada4e4
15:08:59.0 (44464282)|VARIABLE_ASSIGNMENT|[EXTERNAL]|value|52200000
15:08:59.0 (44472803)|VARIABLE_ASSIGNMENT|[203]|this.t|52200000|0x18ada4e4
15:08:59.0 (44492357)|CONSTRUCTOR_EXIT|[110]|01p0H000007gCe8|<init>(Boolean,Time)
15:08:59.0 (44505482)|HEAP_ALLOCATE|[EXTERNAL]|Bytes:4
15:08:59.0 (44518399)|HEAP_ALLOCATE|[103]|Bytes:28
15:08:59.0 (44523032)|HEAP_ALLOCATE|[103]|Bytes:28
15:08:59.0 (44549272)|STATEMENT_EXECUTE|[103]
15:08:59.0 (44551498)|STATEMENT_EXECUTE|[104]
15:08:59.0 (44561364)|USER_DEBUG|[104]|DEBUG|14:30:00.000Z
15:08:59.0 (44570217)|STATEMENT_EXECUTE|[105]
15:08:59.0 (44580468)|HEAP_ALLOCATE|[105]|Bytes:4
15:08:59.0 (44599172)|VARIABLE_ASSIGNMENT|[105]|t|54000000
15:08:59.0 (44605303)|STATEMENT_EXECUTE|[106]
15:08:59.0 (44612385)|HEAP_ALLOCATE|[106]|Bytes:28
15:08:59.0 (44629511)|HEAP_ALLOCATE|[106]|Bytes:28
15:08:59.0 (44644170)|VARIABLE_ASSIGNMENT|[106]|i1|3.0
15:08:59.0 (44650721)|STATEMENT_EXECUTE|[107]
15:08:59.0 (44689451)|VARIABLE_ASSIGNMENT|[EXTERNAL]|this|{"aptdum":"0x1c575af7","Docdum":"0x49c3f1d7","Docmap":"0x4fb33ca9","Initialselected":0,"Selecteddoc":"a260H000001koYjQAI","SelectedtimeSlot":60,"timelist":"0x5a355918","timeset":"0x2ad4bdc","timewraplist":"0x266c88f1","timewraplistInitial":"0x7cf9c415"}|0x126847d6
15:08:59.0 (44710124)|HEAP_ALLOCATE|[EXTERNAL]|Bytes:4
15:08:59.0 (44725934)|STATEMENT_EXECUTE|[111]
15:08:59.0 (44727845)|STATEMENT_EXECUTE|[112]
15:08:59.0 (44774257)|VARIABLE_ASSIGNMENT|[EXTERNAL]|this|{"aptdum":"0x1c575af7","Docdum":"0x49c3f1d7","Docmap":"0x4fb33ca9","Initialselected":0,"Selecteddoc":"a260H000001koYjQAI","SelectedtimeSlot":60,"timelist":"0x5a355918","timeset":"0x2ad4bdc","timewraplist":"0x266c88f1","timewraplistInitial":"0x7cf9c415"}|0x126847d6
15:08:59.0 (44791572)|HEAP_ALLOCATE|[112]|Bytes:12
15:08:59.0 (44807845)|CONSTRUCTOR_ENTRY|[112]|01p0H000007gCe8|<init>(Boolean,Time)
15:08:59.0 (44815275)|VARIABLE_SCOPE_BEGIN|[205]|this|docappcontroller.Wrapertimeslot|true|false
15:08:59.0 (44836665)|VARIABLE_ASSIGNMENT|[205]|this|{}|0x6f1b4ca8
15:08:59.0 (44845086)|VARIABLE_SCOPE_BEGIN|[205]|selection|Boolean|false|false
15:08:59.0 (44852751)|VARIABLE_ASSIGNMENT|[205]|selection|true
15:08:59.0 (44856331)|VARIABLE_SCOPE_BEGIN|[205]|tm|Time|false|false
15:08:59.0 (44864913)|VARIABLE_ASSIGNMENT|[205]|tm|54000000
15:08:59.0 (44869999)|STATEMENT_EXECUTE|[201]
15:08:59.0 (44872303)|STATEMENT_EXECUTE|[202]
15:08:59.0 (44874392)|STATEMENT_EXECUTE|[203]
15:08:59.0 (44887267)|STATEMENT_EXECUTE|[205]
15:08:59.0 (44889189)|STATEMENT_EXECUTE|[206]
15:08:59.0 (44904313)|VARIABLE_ASSIGNMENT|[EXTERNAL]|this|{}|0x6f1b4ca8
15:08:59.0 (44915704)|VARIABLE_ASSIGNMENT|[EXTERNAL]|value|true
15:08:59.0 (44921618)|HEAP_ALLOCATE|[202]|Bytes:5
15:08:59.0 (44931910)|VARIABLE_ASSIGNMENT|[202]|this.selected|true|0x6f1b4ca8
15:08:59.0 (44942778)|STATEMENT_EXECUTE|[207]
15:08:59.0 (44958928)|VARIABLE_ASSIGNMENT|[EXTERNAL]|this|{"selected":true}|0x6f1b4ca8
15:08:59.0 (44970006)|VARIABLE_ASSIGNMENT|[EXTERNAL]|value|54000000
15:08:59.0 (44979341)|VARIABLE_ASSIGNMENT|[203]|this.t|54000000|0x6f1b4ca8
15:08:59.0 (45000141)|CONSTRUCTOR_EXIT|[112]|01p0H000007gCe8|<init>(Boolean,Time)
15:08:59.0 (45014578)|HEAP_ALLOCATE|[EXTERNAL]|Bytes:4
15:08:59.0 (45021012)|STATEMENT_EXECUTE|[113]
15:08:59.0 (45027574)|HEAP_ALLOCATE|[113]|Bytes:4
15:08:59.0 (45036456)|VARIABLE_ASSIGNMENT|[113]|this.Initialselected|1|0x126847d6
15:08:59.0 (45052822)|HEAP_ALLOCATE|[103]|Bytes:28
15:08:59.0 (45058206)|HEAP_ALLOCATE|[103]|Bytes:28
15:08:59.0 (45082060)|STATEMENT_EXECUTE|[103]
15:08:59.0 (45084136)|STATEMENT_EXECUTE|[104]
15:08:59.0 (45094914)|USER_DEBUG|[104]|DEBUG|15:00:00.000Z
15:08:59.0 (45106303)|STATEMENT_EXECUTE|[105]
15:08:59.0 (45117519)|HEAP_ALLOCATE|[105]|Bytes:4
15:08:59.0 (45135069)|VARIABLE_ASSIGNMENT|[105]|t|55800000
15:08:59.0 (45140324)|STATEMENT_EXECUTE|[106]
15:08:59.0 (45147093)|HEAP_ALLOCATE|[106]|Bytes:28
15:08:59.0 (45186114)|HEAP_ALLOCATE|[106]|Bytes:28
15:08:59.0 (45201754)|VARIABLE_ASSIGNMENT|[106]|i1|3.5
15:08:59.0 (45206974)|STATEMENT_EXECUTE|[107]
15:08:59.0 (45248209)|VARIABLE_ASSIGNMENT|[EXTERNAL]|this|{"aptdum":"0x1c575af7","Docdum":"0x49c3f1d7","Docmap":"0x4fb33ca9","Initialselected":1,"Selecteddoc":"a260H000001koYjQAI","SelectedtimeSlot":60,"timelist":"0x5a355918","timeset":"0x2ad4bdc","timewraplist":"0x266c88f1","timewraplistInitial":"0x7cf9c415"}|0x126847d6
15:08:59.0 (45268260)|HEAP_ALLOCATE|[EXTERNAL]|Bytes:4
15:08:59.0 (45284694)|STATEMENT_EXECUTE|[111]
15:08:59.0 (45286481)|STATEMENT_EXECUTE|[112]
15:08:59.0 (45319086)|VARIABLE_ASSIGNMENT|[EXTERNAL]|this|{"aptdum":"0x1c575af7","Docdum":"0x49c3f1d7","Docmap":"0x4fb33ca9","Initialselected":1,"Selecteddoc":"a260H000001koYjQAI","SelectedtimeSlot":60,"timelist":"0x5a355918","timeset":"0x2ad4bdc","timewraplist":"0x266c88f1","timewraplistInitial":"0x7cf9c415"}|0x126847d6
15:08:59.0 (45339285)|HEAP_ALLOCATE|[112]|Bytes:12
15:08:59.0 (45354299)|CONSTRUCTOR_ENTRY|[112]|01p0H000007gCe8|<init>(Boolean,Time)
15:08:59.0 (45360768)|VARIABLE_SCOPE_BEGIN|[205]|this|docappcontroller.Wrapertimeslot|true|false
15:08:59.0 (45378218)|VARIABLE_ASSIGNMENT|[205]|this|{}|0x79f72e32
15:08:59.0 (45389642)|VARIABLE_SCOPE_BEGIN|[205]|selection|Boolean|false|false
15:08:59.0 (45397993)|VARIABLE_ASSIGNMENT|[205]|selection|true
15:08:59.0 (45401973)|VARIABLE_SCOPE_BEGIN|[205]|tm|Time|false|false
15:08:59.0 (45420390)|VARIABLE_ASSIGNMENT|[205]|tm|55800000
15:08:59.0 (45425687)|STATEMENT_EXECUTE|[201]
15:08:59.0 (45427266)|STATEMENT_EXECUTE|[202]
15:08:59.0 (45428840)|STATEMENT_EXECUTE|[203]
15:08:59.0 (45442938)|STATEMENT_EXECUTE|[205]
15:08:59.0 (45451469)|STATEMENT_EXECUTE|[206]
15:08:59.0 (45469096)|VARIABLE_ASSIGNMENT|[EXTERNAL]|this|{}|0x79f72e32
15:08:59.0 (45480492)|VARIABLE_ASSIGNMENT|[EXTERNAL]|value|true
15:08:59.0 (45487150)|HEAP_ALLOCATE|[202]|Bytes:5
15:08:59.0 (45497959)|VARIABLE_ASSIGNMENT|[202]|this.selected|true|0x79f72e32
15:08:59.0 (45507680)|STATEMENT_EXECUTE|[207]
15:08:59.0 (45523231)|VARIABLE_ASSIGNMENT|[EXTERNAL]|this|{"selected":true}|0x79f72e32
15:08:59.0 (45534226)|VARIABLE_ASSIGNMENT|[EXTERNAL]|value|55800000
15:08:59.0 (45542637)|VARIABLE_ASSIGNMENT|[203]|this.t|55800000|0x79f72e32
15:08:59.0 (45564485)|CONSTRUCTOR_EXIT|[112]|01p0H000007gCe8|<init>(Boolean,Time)
15:08:59.0 (45576263)|HEAP_ALLOCATE|[EXTERNAL]|Bytes:4
15:08:59.0 (45582421)|STATEMENT_EXECUTE|[113]
15:08:59.0 (45586868)|HEAP_ALLOCATE|[113]|Bytes:4
15:08:59.0 (45595219)|VARIABLE_ASSIGNMENT|[113]|this.Initialselected|2|0x126847d6
15:08:59.0 (45610562)|HEAP_ALLOCATE|[103]|Bytes:28
15:08:59.0 (45615613)|HEAP_ALLOCATE|[103]|Bytes:28
15:08:59.0 (45639822)|STATEMENT_EXECUTE|[103]
15:08:59.0 (45641812)|STATEMENT_EXECUTE|[104]
15:08:59.0 (45651871)|USER_DEBUG|[104]|DEBUG|15:30:00.000Z
15:08:59.0 (45663809)|STATEMENT_EXECUTE|[105]
15:08:59.0 (45675485)|HEAP_ALLOCATE|[105]|Bytes:4
15:08:59.0 (45692275)|VARIABLE_ASSIGNMENT|[105]|t|57600000
15:08:59.0 (45697520)|STATEMENT_EXECUTE|[106]
15:08:59.0 (45704218)|HEAP_ALLOCATE|[106]|Bytes:28
15:08:59.0 (45724112)|HEAP_ALLOCATE|[106]|Bytes:28
15:08:59.0 (45740327)|VARIABLE_ASSIGNMENT|[106]|i1|4.0
15:08:59.0 (45746331)|STATEMENT_EXECUTE|[107]
15:08:59.0 (45787012)|VARIABLE_ASSIGNMENT|[EXTERNAL]|this|{"aptdum":"0x1c575af7","Docdum":"0x49c3f1d7","Docmap":"0x4fb33ca9","Initialselected":2,"Selecteddoc":"a260H000001koYjQAI","SelectedtimeSlot":60,"timelist":"0x5a355918","timeset":"0x2ad4bdc","timewraplist":"0x266c88f1","timewraplistInitial":"0x7cf9c415"}|0x126847d6
15:08:59.0 (45806534)|HEAP_ALLOCATE|[EXTERNAL]|Bytes:4
15:08:59.0 (45819525)|STATEMENT_EXECUTE|[111]
15:08:59.0 (45821320)|STATEMENT_EXECUTE|[112]
15:08:59.0 (45857809)|VARIABLE_ASSIGNMENT|[EXTERNAL]|this|{"aptdum":"0x1c575af7","Docdum":"0x49c3f1d7","Docmap":"0x4fb33ca9","Initialselected":2,"Selecteddoc":"a260H000001koYjQAI","SelectedtimeSlot":60,"timelist":"0x5a355918","timeset":"0x2ad4bdc","timewraplist":"0x266c88f1","timewraplistInitial":"0x7cf9c415"}|0x126847d6
15:08:59.0 (45872959)|HEAP_ALLOCATE|[112]|Bytes:12
15:08:59.0 (45890726)|CONSTRUCTOR_ENTRY|[112]|01p0H000007gCe8|<init>(Boolean,Time)
15:08:59.0 (45898429)|VARIABLE_SCOPE_BEGIN|[205]|this|docappcontroller.Wrapertimeslot|true|false
15:08:59.0 (45916729)|VARIABLE_ASSIGNMENT|[205]|this|{}|0x36dff085
15:08:59.0 (45924882)|VARIABLE_SCOPE_BEGIN|[205]|selection|Boolean|false|false
15:08:59.0 (45932592)|VARIABLE_ASSIGNMENT|[205]|selection|true
15:08:59.0 (45938755)|VARIABLE_SCOPE_BEGIN|[205]|tm|Time|false|false
15:08:59.0 (45950919)|VARIABLE_ASSIGNMENT|[205]|tm|57600000
15:08:59.0 (45956181)|STATEMENT_EXECUTE|[201]
15:08:59.0 (45957754)|STATEMENT_EXECUTE|[202]
15:08:59.0 (45959270)|STATEMENT_EXECUTE|[203]
15:08:59.0 (45970166)|STATEMENT_EXECUTE|[205]
15:08:59.0 (45972005)|STATEMENT_EXECUTE|[206]
15:08:59.0 (45986694)|VARIABLE_ASSIGNMENT|[EXTERNAL]|this|{}|0x36dff085
15:08:59.0 (46001521)|VARIABLE_ASSIGNMENT|[EXTERNAL]|value|true
15:08:59.0 (46009515)|HEAP_ALLOCATE|[202]|Bytes:5
15:08:59.0 (46017125)|VARIABLE_ASSIGNMENT|[202]|this.selected|true|0x36dff085
15:08:59.0 (46025581)|STATEMENT_EXECUTE|[207]
15:08:59.0 (46040809)|VARIABLE_ASSIGNMENT|[EXTERNAL]|this|{"selected":true}|0x36dff085
15:08:59.0 (46052971)|VARIABLE_ASSIGNMENT|[EXTERNAL]|value|57600000
15:08:59.0 (46064313)|VARIABLE_ASSIGNMENT|[203]|this.t|57600000|0x36dff085
15:08:59.0 (46081505)|CONSTRUCTOR_EXIT|[112]|01p0H000007gCe8|<init>(Boolean,Time)
15:08:59.0 (46092447)|HEAP_ALLOCATE|[EXTERNAL]|Bytes:4
15:08:59.0 (46098248)|STATEMENT_EXECUTE|[113]
15:08:59.0 (46102902)|HEAP_ALLOCATE|[113]|Bytes:4
15:08:59.0 (46114653)|VARIABLE_ASSIGNMENT|[113]|this.Initialselected|3|0x126847d6
15:08:59.0 (46127895)|HEAP_ALLOCATE|[103]|Bytes:28
15:08:59.0 (46131943)|HEAP_ALLOCATE|[103]|Bytes:28
15:08:59.0 (46159887)|STATEMENT_EXECUTE|[103]
15:08:59.0 (46162811)|STATEMENT_EXECUTE|[104]
15:08:59.0 (46175078)|USER_DEBUG|[104]|DEBUG|16:00:00.000Z
15:08:59.0 (46183772)|STATEMENT_EXECUTE|[105]
15:08:59.0 (46194417)|HEAP_ALLOCATE|[105]|Bytes:4
15:08:59.0 (46211127)|VARIABLE_ASSIGNMENT|[105]|t|59400000
15:08:59.0 (46217130)|STATEMENT_EXECUTE|[106]
15:08:59.0 (46225748)|HEAP_ALLOCATE|[106]|Bytes:28
15:08:59.0 (46247074)|HEAP_ALLOCATE|[106]|Bytes:28
15:08:59.0 (46261403)|VARIABLE_ASSIGNMENT|[106]|i1|4.5
15:08:59.0 (46265866)|STATEMENT_EXECUTE|[107]
15:08:59.0 (46306891)|VARIABLE_ASSIGNMENT|[EXTERNAL]|this|{"aptdum":"0x1c575af7","Docdum":"0x49c3f1d7","Docmap":"0x4fb33ca9","Initialselected":3,"Selecteddoc":"a260H000001koYjQAI","SelectedtimeSlot":60,"timelist":"0x5a355918","timeset":"0x2ad4bdc","timewraplist":"0x266c88f1","timewraplistInitial":"0x7cf9c415"}|0x126847d6
15:08:59.0 (46325842)|HEAP_ALLOCATE|[EXTERNAL]|Bytes:4
15:08:59.0 (46341061)|STATEMENT_EXECUTE|[111]
15:08:59.0 (46343818)|STATEMENT_EXECUTE|[112]
15:08:59.0 (46377025)|VARIABLE_ASSIGNMENT|[EXTERNAL]|this|{"aptdum":"0x1c575af7","Docdum":"0x49c3f1d7","Docmap":"0x4fb33ca9","Initialselected":3,"Selecteddoc":"a260H000001koYjQAI","SelectedtimeSlot":60,"timelist":"0x5a355918","timeset":"0x2ad4bdc","timewraplist":"0x266c88f1","timewraplistInitial":"0x7cf9c415"}|0x126847d6
15:08:59.0 (46393897)|HEAP_ALLOCATE|[112]|Bytes:12
15:08:59.0 (46411362)|CONSTRUCTOR_ENTRY|[112]|01p0H000007gCe8|<init>(Boolean,Time)
15:08:59.0 (46418641)|VARIABLE_SCOPE_BEGIN|[205]|this|docappcontroller.Wrapertimeslot|true|false
15:08:59.0 (46435006)|VARIABLE_ASSIGNMENT|[205]|this|{}|0x62b528e3
15:08:59.0 (46442913)|VARIABLE_SCOPE_BEGIN|[205]|selection|Boolean|false|false
15:08:59.0 (46454115)|VARIABLE_ASSIGNMENT|[205]|selection|true
15:08:59.0 (46459293)|VARIABLE_SCOPE_BEGIN|[205]|tm|Time|false|false
15:08:59.0 (46468297)|VARIABLE_ASSIGNMENT|[205]|tm|59400000
15:08:59.0 (46473986)|STATEMENT_EXECUTE|[201]
15:08:59.0 (46475609)|STATEMENT_EXECUTE|[202]
15:08:59.0 (46477101)|STATEMENT_EXECUTE|[203]
15:08:59.0 (46487645)|STATEMENT_EXECUTE|[205]
15:08:59.0 (46489160)|STATEMENT_EXECUTE|[206]
15:08:59.0 (46504909)|VARIABLE_ASSIGNMENT|[EXTERNAL]|this|{}|0x62b528e3
15:08:59.0 (46518687)|VARIABLE_ASSIGNMENT|[EXTERNAL]|value|true
15:08:59.0 (46524433)|HEAP_ALLOCATE|[202]|Bytes:5
15:08:59.0 (46531815)|VARIABLE_ASSIGNMENT|[202]|this.selected|true|0x62b528e3
15:08:59.0 (46540912)|STATEMENT_EXECUTE|[207]
15:08:59.0 (46555864)|VARIABLE_ASSIGNMENT|[EXTERNAL]|this|{"selected":true}|0x62b528e3
15:08:59.0 (46569604)|VARIABLE_ASSIGNMENT|[EXTERNAL]|value|59400000
15:08:59.0 (46579039)|VARIABLE_ASSIGNMENT|[203]|this.t|59400000|0x62b528e3
15:08:59.0 (46595838)|CONSTRUCTOR_EXIT|[112]|01p0H000007gCe8|<init>(Boolean,Time)
15:08:59.0 (46607045)|HEAP_ALLOCATE|[EXTERNAL]|Bytes:4
15:08:59.0 (46613754)|STATEMENT_EXECUTE|[113]
15:08:59.0 (46624651)|HEAP_ALLOCATE|[113]|Bytes:4
15:08:59.0 (46634495)|VARIABLE_ASSIGNMENT|[113]|this.Initialselected|4|0x126847d6
15:08:59.0 (46646717)|HEAP_ALLOCATE|[103]|Bytes:28
15:08:59.0 (46650789)|HEAP_ALLOCATE|[103]|Bytes:28
15:08:59.0 (46678016)|STATEMENT_EXECUTE|[103]
15:08:59.0 (46680446)|STATEMENT_EXECUTE|[104]
15:08:59.0 (46691060)|USER_DEBUG|[104]|DEBUG|16:30:00.000Z
15:08:59.0 (46699481)|STATEMENT_EXECUTE|[105]
15:08:59.0 (46709662)|HEAP_ALLOCATE|[105]|Bytes:4
15:08:59.0 (46727004)|VARIABLE_ASSIGNMENT|[105]|t|61200000
15:08:59.0 (46734951)|STATEMENT_EXECUTE|[106]
15:08:59.0 (46742297)|HEAP_ALLOCATE|[106]|Bytes:28
15:08:59.0 (46760019)|HEAP_ALLOCATE|[106]|Bytes:28
15:08:59.0 (46774384)|VARIABLE_ASSIGNMENT|[106]|i1|5.0
15:08:59.0 (46779462)|STATEMENT_EXECUTE|[107]
15:08:59.0 (46819113)|VARIABLE_ASSIGNMENT|[EXTERNAL]|this|{"aptdum":"0x1c575af7","Docdum":"0x49c3f1d7","Docmap":"0x4fb33ca9","Initialselected":4,"Selecteddoc":"a260H000001koYjQAI","SelectedtimeSlot":60,"timelist":"0x5a355918","timeset":"0x2ad4bdc","timewraplist":"0x266c88f1","timewraplistInitial":"0x7cf9c415"}|0x126847d6
15:08:59.0 (46837382)|HEAP_ALLOCATE|[EXTERNAL]|Bytes:4
15:08:59.0 (46854661)|STATEMENT_EXECUTE|[109]
15:08:59.0 (46857006)|STATEMENT_EXECUTE|[110]
15:08:59.0 (46889622)|VARIABLE_ASSIGNMENT|[EXTERNAL]|this|{"aptdum":"0x1c575af7","Docdum":"0x49c3f1d7","Docmap":"0x4fb33ca9","Initialselected":4,"Selecteddoc":"a260H000001koYjQAI","SelectedtimeSlot":60,"timelist":"0x5a355918","timeset":"0x2ad4bdc","timewraplist":"0x266c88f1","timewraplistInitial":"0x7cf9c415"}|0x126847d6
15:08:59.0 (46910238)|HEAP_ALLOCATE|[110]|Bytes:12
15:08:59.0 (46925344)|CONSTRUCTOR_ENTRY|[110]|01p0H000007gCe8|<init>(Boolean,Time)
15:08:59.0 (46931288)|VARIABLE_SCOPE_BEGIN|[205]|this|docappcontroller.Wrapertimeslot|true|false
15:08:59.0 (46947500)|VARIABLE_ASSIGNMENT|[205]|this|{}|0x7898b076
15:08:59.0 (46958733)|VARIABLE_SCOPE_BEGIN|[205]|selection|Boolean|false|false
15:08:59.0 (46967924)|VARIABLE_ASSIGNMENT|[205]|selection|false
15:08:59.0 (46972040)|VARIABLE_SCOPE_BEGIN|[205]|tm|Time|false|false
15:08:59.0 (46980247)|VARIABLE_ASSIGNMENT|[205]|tm|61200000
15:08:59.0 (46984874)|STATEMENT_EXECUTE|[201]
15:08:59.0 (46986380)|STATEMENT_EXECUTE|[202]
15:08:59.0 (46987984)|STATEMENT_EXECUTE|[203]
15:08:59.0 (46998709)|STATEMENT_EXECUTE|[205]
15:08:59.0 (47000358)|STATEMENT_EXECUTE|[206]
15:08:59.0 (47019458)|VARIABLE_ASSIGNMENT|[EXTERNAL]|this|{}|0x7898b076
15:08:59.0 (47030950)|VARIABLE_ASSIGNMENT|[EXTERNAL]|value|false
15:08:59.0 (47037592)|HEAP_ALLOCATE|[202]|Bytes:5
15:08:59.0 (47045601)|VARIABLE_ASSIGNMENT|[202]|this.selected|false|0x7898b076
15:08:59.0 (47053667)|STATEMENT_EXECUTE|[207]
15:08:59.0 (47072286)|VARIABLE_ASSIGNMENT|[EXTERNAL]|this|{"selected":false}|0x7898b076
15:08:59.0 (47083344)|VARIABLE_ASSIGNMENT|[EXTERNAL]|value|61200000
15:08:59.0 (47091840)|VARIABLE_ASSIGNMENT|[203]|this.t|61200000|0x7898b076
15:08:59.0 (47108787)|CONSTRUCTOR_EXIT|[110]|01p0H000007gCe8|<init>(Boolean,Time)
15:08:59.0 (47121418)|HEAP_ALLOCATE|[EXTERNAL]|Bytes:4
15:08:59.0 (47137312)|HEAP_ALLOCATE|[103]|Bytes:28
15:08:59.0 (47142140)|HEAP_ALLOCATE|[103]|Bytes:28
15:08:59.0 (47169328)|STATEMENT_EXECUTE|[103]
15:08:59.0 (47171921)|STATEMENT_EXECUTE|[104]
15:08:59.0 (47184574)|USER_DEBUG|[104]|DEBUG|17:00:00.000Z
15:08:59.0 (47193426)|STATEMENT_EXECUTE|[105]
15:08:59.0 (47204010)|HEAP_ALLOCATE|[105]|Bytes:4
15:08:59.0 (47221366)|VARIABLE_ASSIGNMENT|[105]|t|63000000
15:08:59.0 (47226554)|STATEMENT_EXECUTE|[106]
15:08:59.0 (47235047)|HEAP_ALLOCATE|[106]|Bytes:28
15:08:59.0 (47254385)|HEAP_ALLOCATE|[106]|Bytes:28
15:08:59.0 (47268986)|VARIABLE_ASSIGNMENT|[106]|i1|5.5
15:08:59.0 (47273776)|STATEMENT_EXECUTE|[107]
15:08:59.0 (47314256)|VARIABLE_ASSIGNMENT|[EXTERNAL]|this|{"aptdum":"0x1c575af7","Docdum":"0x49c3f1d7","Docmap":"0x4fb33ca9","Initialselected":4,"Selecteddoc":"a260H000001koYjQAI","SelectedtimeSlot":60,"timelist":"0x5a355918","timeset":"0x2ad4bdc","timewraplist":"0x266c88f1","timewraplistInitial":"0x7cf9c415"}|0x126847d6
15:08:59.0 (47332484)|HEAP_ALLOCATE|[EXTERNAL]|Bytes:4
15:08:59.0 (47347041)|STATEMENT_EXECUTE|[109]
15:08:59.0 (47349784)|STATEMENT_EXECUTE|[110]
15:08:59.0 (47382675)|VARIABLE_ASSIGNMENT|[EXTERNAL]|this|{"aptdum":"0x1c575af7","Docdum":"0x49c3f1d7","Docmap":"0x4fb33ca9","Initialselected":4,"Selecteddoc":"a260H000001koYjQAI","SelectedtimeSlot":60,"timelist":"0x5a355918","timeset":"0x2ad4bdc","timewraplist":"0x266c88f1","timewraplistInitial":"0x7cf9c415"}|0x126847d6
15:08:59.0 (47398940)|HEAP_ALLOCATE|[110]|Bytes:12
15:08:59.0 (47416441)|CONSTRUCTOR_ENTRY|[110]|01p0H000007gCe8|<init>(Boolean,Time)
15:08:59.0 (47423010)|VARIABLE_SCOPE_BEGIN|[205]|this|docappcontroller.Wrapertimeslot|true|false
15:08:59.0 (47439906)|VARIABLE_ASSIGNMENT|[205]|this|{}|0x3250ebeb
15:08:59.0 (47447626)|VARIABLE_SCOPE_BEGIN|[205]|selection|Boolean|false|false
15:08:59.0 (47458339)|VARIABLE_ASSIGNMENT|[205]|selection|false
15:08:59.0 (47464906)|VARIABLE_SCOPE_BEGIN|[205]|tm|Time|false|false
15:08:59.0 (47473523)|VARIABLE_ASSIGNMENT|[205]|tm|63000000
15:08:59.0 (47478288)|STATEMENT_EXECUTE|[201]
15:08:59.0 (47479830)|STATEMENT_EXECUTE|[202]
15:08:59.0 (47481408)|STATEMENT_EXECUTE|[203]
15:08:59.0 (47491878)|STATEMENT_EXECUTE|[205]
15:08:59.0 (47493426)|STATEMENT_EXECUTE|[206]
15:08:59.0 (47509327)|VARIABLE_ASSIGNMENT|[EXTERNAL]|this|{}|0x3250ebeb
15:08:59.0 (47523143)|VARIABLE_ASSIGNMENT|[EXTERNAL]|value|false
15:08:59.0 (47529653)|HEAP_ALLOCATE|[202]|Bytes:5
15:08:59.0 (47537978)|VARIABLE_ASSIGNMENT|[202]|this.selected|false|0x3250ebeb
15:08:59.0 (47546462)|STATEMENT_EXECUTE|[207]
15:08:59.0 (47561826)|VARIABLE_ASSIGNMENT|[EXTERNAL]|this|{"selected":false}|0x3250ebeb
15:08:59.0 (47575835)|VARIABLE_ASSIGNMENT|[EXTERNAL]|value|63000000
15:08:59.0 (47585218)|VARIABLE_ASSIGNMENT|[203]|this.t|63000000|0x3250ebeb
15:08:59.0 (47602406)|CONSTRUCTOR_EXIT|[110]|01p0H000007gCe8|<init>(Boolean,Time)
15:08:59.0 (47613528)|HEAP_ALLOCATE|[EXTERNAL]|Bytes:4
15:08:59.0 (47628872)|HEAP_ALLOCATE|[103]|Bytes:28
15:08:59.0 (47634137)|HEAP_ALLOCATE|[103]|Bytes:28
15:08:59.0 (47657025)|STATEMENT_EXECUTE|[103]
15:08:59.0 (47659019)|STATEMENT_EXECUTE|[104]
15:08:59.0 (47668741)|USER_DEBUG|[104]|DEBUG|17:30:00.000Z
15:08:59.0 (47678509)|STATEMENT_EXECUTE|[105]
15:08:59.0 (47691006)|HEAP_ALLOCATE|[105]|Bytes:4
15:08:59.0 (47708251)|VARIABLE_ASSIGNMENT|[105]|t|64800000
15:08:59.0 (47713938)|STATEMENT_EXECUTE|[106]
15:08:59.0 (47720476)|HEAP_ALLOCATE|[106]|Bytes:28
15:08:59.0 (47739232)|HEAP_ALLOCATE|[106]|Bytes:28
15:08:59.0 (47756240)|VARIABLE_ASSIGNMENT|[106]|i1|6.0
15:08:59.0 (47761661)|STATEMENT_EXECUTE|[107]
15:08:59.0 (47806759)|VARIABLE_ASSIGNMENT|[EXTERNAL]|this|{"aptdum":"0x1c575af7","Docdum":"0x49c3f1d7","Docmap":"0x4fb33ca9","Initialselected":4,"Selecteddoc":"a260H000001koYjQAI","SelectedtimeSlot":60,"timelist":"0x5a355918","timeset":"0x2ad4bdc","timewraplist":"0x266c88f1","timewraplistInitial":"0x7cf9c415"}|0x126847d6
15:08:59.0 (47830768)|HEAP_ALLOCATE|[EXTERNAL]|Bytes:4
15:08:59.0 (47844489)|STATEMENT_EXECUTE|[109]
15:08:59.0 (47846383)|STATEMENT_EXECUTE|[110]
15:08:59.0 (47890598)|VARIABLE_ASSIGNMENT|[EXTERNAL]|this|{"aptdum":"0x1c575af7","Docdum":"0x49c3f1d7","Docmap":"0x4fb33ca9","Initialselected":4,"Selecteddoc":"a260H000001koYjQAI","SelectedtimeSlot":60,"timelist":"0x5a355918","timeset":"0x2ad4bdc","timewraplist":"0x266c88f1","timewraplistInitial":"0x7cf9c415"}|0x126847d6
15:08:59.0 (47907984)|HEAP_ALLOCATE|[110]|Bytes:12
15:08:59.0 (47926978)|CONSTRUCTOR_ENTRY|[110]|01p0H000007gCe8|<init>(Boolean,Time)
15:08:59.0 (47934888)|VARIABLE_SCOPE_BEGIN|[205]|this|docappcontroller.Wrapertimeslot|true|false
15:08:59.0 (47952318)|VARIABLE_ASSIGNMENT|[205]|this|{}|0x6ed29593
15:08:59.0 (47960603)|VARIABLE_SCOPE_BEGIN|[205]|selection|Boolean|false|false
15:08:59.0 (47969049)|VARIABLE_ASSIGNMENT|[205]|selection|false
15:08:59.0 (47974682)|VARIABLE_SCOPE_BEGIN|[205]|tm|Time|false|false
15:08:59.0 (47987562)|VARIABLE_ASSIGNMENT|[205]|tm|64800000
15:08:59.0 (47992914)|STATEMENT_EXECUTE|[201]
15:08:59.0 (47994481)|STATEMENT_EXECUTE|[202]
15:08:59.0 (47995988)|STATEMENT_EXECUTE|[203]
15:08:59.0 (48007593)|STATEMENT_EXECUTE|[205]
15:08:59.0 (48009748)|STATEMENT_EXECUTE|[206]
15:08:59.0 (48025053)|VARIABLE_ASSIGNMENT|[EXTERNAL]|this|{}|0x6ed29593
15:08:59.0 (48040066)|VARIABLE_ASSIGNMENT|[EXTERNAL]|value|false
15:08:59.0 (48047553)|HEAP_ALLOCATE|[202]|Bytes:5
15:08:59.0 (48055536)|VARIABLE_ASSIGNMENT|[202]|this.selected|false|0x6ed29593
15:08:59.0 (48063726)|STATEMENT_EXECUTE|[207]
15:08:59.0 (48078974)|VARIABLE_ASSIGNMENT|[EXTERNAL]|this|{"selected":false}|0x6ed29593
15:08:59.0 (48092410)|VARIABLE_ASSIGNMENT|[EXTERNAL]|value|64800000
15:08:59.0 (48103600)|VARIABLE_ASSIGNMENT|[203]|this.t|64800000|0x6ed29593
15:08:59.0 (48121138)|CONSTRUCTOR_EXIT|[110]|01p0H000007gCe8|<init>(Boolean,Time)
15:08:59.0 (48132659)|HEAP_ALLOCATE|[EXTERNAL]|Bytes:4
15:08:59.0 (48147629)|HEAP_ALLOCATE|[103]|Bytes:28
15:08:59.0 (48158607)|HEAP_ALLOCATE|[103]|Bytes:28
15:08:59.0 (48183248)|STATEMENT_EXECUTE|[103]
15:08:59.0 (48185377)|STATEMENT_EXECUTE|[104]
15:08:59.0 (48196243)|USER_DEBUG|[104]|DEBUG|18:00:00.000Z
15:08:59.0 (48208170)|STATEMENT_EXECUTE|[105]
15:08:59.0 (48220100)|HEAP_ALLOCATE|[105]|Bytes:4
15:08:59.0 (48237914)|VARIABLE_ASSIGNMENT|[105]|t|66600000
15:08:59.0 (48243370)|STATEMENT_EXECUTE|[106]
15:08:59.0 (48250582)|HEAP_ALLOCATE|[106]|Bytes:28
15:08:59.0 (48272544)|HEAP_ALLOCATE|[106]|Bytes:28
15:08:59.0 (48288436)|VARIABLE_ASSIGNMENT|[106]|i1|6.5
15:08:59.0 (48293785)|STATEMENT_EXECUTE|[107]
15:08:59.0 (48335233)|VARIABLE_ASSIGNMENT|[EXTERNAL]|this|{"aptdum":"0x1c575af7","Docdum":"0x49c3f1d7","Docmap":"0x4fb33ca9","Initialselected":4,"Selecteddoc":"a260H000001koYjQAI","SelectedtimeSlot":60,"timelist":"0x5a355918","timeset":"0x2ad4bdc","timewraplist":"0x266c88f1","timewraplistInitial":"0x7cf9c415"}|0x126847d6
15:08:59.0 (48355088)|HEAP_ALLOCATE|[EXTERNAL]|Bytes:4
15:08:59.0 (48369619)|STATEMENT_EXECUTE|[109]
15:08:59.0 (48372242)|STATEMENT_EXECUTE|[110]
15:08:59.0 (48406333)|VARIABLE_ASSIGNMENT|[EXTERNAL]|this|{"aptdum":"0x1c575af7","Docdum":"0x49c3f1d7","Docmap":"0x4fb33ca9","Initialselected":4,"Selecteddoc":"a260H000001koYjQAI","SelectedtimeSlot":60,"timelist":"0x5a355918","timeset":"0x2ad4bdc","timewraplist":"0x266c88f1","timewraplistInitial":"0x7cf9c415"}|0x126847d6
15:08:59.0 (48422932)|HEAP_ALLOCATE|[110]|Bytes:12
15:08:59.0 (48440588)|CONSTRUCTOR_ENTRY|[110]|01p0H000007gCe8|<init>(Boolean,Time)
15:08:59.0 (48447298)|VARIABLE_SCOPE_BEGIN|[205]|this|docappcontroller.Wrapertimeslot|true|false
15:08:59.0 (48463672)|VARIABLE_ASSIGNMENT|[205]|this|{}|0x43806ba3
15:08:59.0 (48471497)|VARIABLE_SCOPE_BEGIN|[205]|selection|Boolean|false|false
15:08:59.0 (48481610)|VARIABLE_ASSIGNMENT|[205]|selection|false
15:08:59.0 (48488579)|VARIABLE_SCOPE_BEGIN|[205]|tm|Time|false|false
15:08:59.0 (48497750)|VARIABLE_ASSIGNMENT|[205]|tm|66600000
15:08:59.0 (48502807)|STATEMENT_EXECUTE|[201]
15:08:59.0 (48504628)|STATEMENT_EXECUTE|[202]
15:08:59.0 (48506245)|STATEMENT_EXECUTE|[203]
15:08:59.0 (48516808)|STATEMENT_EXECUTE|[205]
15:08:59.0 (48518394)|STATEMENT_EXECUTE|[206]
15:08:59.0 (48533847)|VARIABLE_ASSIGNMENT|[EXTERNAL]|this|{}|0x43806ba3
15:08:59.0 (48547733)|VARIABLE_ASSIGNMENT|[EXTERNAL]|value|false
15:08:59.0 (48554928)|HEAP_ALLOCATE|[202]|Bytes:5
15:08:59.0 (48562508)|VARIABLE_ASSIGNMENT|[202]|this.selected|false|0x43806ba3
15:08:59.0 (48570759)|STATEMENT_EXECUTE|[207]
15:08:59.0 (48585938)|VARIABLE_ASSIGNMENT|[EXTERNAL]|this|{"selected":false}|0x43806ba3
15:08:59.0 (48599649)|VARIABLE_ASSIGNMENT|[EXTERNAL]|value|66600000
15:08:59.0 (48609757)|VARIABLE_ASSIGNMENT|[203]|this.t|66600000|0x43806ba3
15:08:59.0 (48626574)|CONSTRUCTOR_EXIT|[110]|01p0H000007gCe8|<init>(Boolean,Time)
15:08:59.0 (48638394)|HEAP_ALLOCATE|[EXTERNAL]|Bytes:4
15:08:59.0 (48653878)|HEAP_ALLOCATE|[103]|Bytes:28
15:08:59.0 (48659337)|HEAP_ALLOCATE|[103]|Bytes:28
15:08:59.0 (48682371)|STATEMENT_EXECUTE|[103]
15:08:59.0 (48684413)|STATEMENT_EXECUTE|[104]
15:08:59.0 (48694022)|USER_DEBUG|[104]|DEBUG|18:30:00.000Z
15:08:59.0 (48704473)|STATEMENT_EXECUTE|[105]
15:08:59.0 (48717062)|HEAP_ALLOCATE|[105]|Bytes:4
15:08:59.0 (48735149)|VARIABLE_ASSIGNMENT|[105]|t|68400000
15:08:59.0 (48740112)|STATEMENT_EXECUTE|[106]
15:08:59.0 (48746871)|HEAP_ALLOCATE|[106]|Bytes:28
15:08:59.0 (48765776)|HEAP_ALLOCATE|[106]|Bytes:28
15:08:59.0 (48782559)|VARIABLE_ASSIGNMENT|[106]|i1|7.0
15:08:59.0 (48787135)|STATEMENT_EXECUTE|[107]
15:08:59.0 (48826371)|VARIABLE_ASSIGNMENT|[EXTERNAL]|this|{"aptdum":"0x1c575af7","Docdum":"0x49c3f1d7","Docmap":"0x4fb33ca9","Initialselected":4,"Selecteddoc":"a260H000001koYjQAI","SelectedtimeSlot":60,"timelist":"0x5a355918","timeset":"0x2ad4bdc","timewraplist":"0x266c88f1","timewraplistInitial":"0x7cf9c415"}|0x126847d6
15:08:59.0 (48844882)|HEAP_ALLOCATE|[EXTERNAL]|Bytes:4
15:08:59.0 (48883346)|STATEMENT_EXECUTE|[111]
15:08:59.0 (48885808)|STATEMENT_EXECUTE|[112]
15:08:59.0 (48921182)|VARIABLE_ASSIGNMENT|[EXTERNAL]|this|{"aptdum":"0x1c575af7","Docdum":"0x49c3f1d7","Docmap":"0x4fb33ca9","Initialselected":4,"Selecteddoc":"a260H000001koYjQAI","SelectedtimeSlot":60,"timelist":"0x5a355918","timeset":"0x2ad4bdc","timewraplist":"0x266c88f1","timewraplistInitial":"0x7cf9c415"}|0x126847d6
15:08:59.0 (48941778)|HEAP_ALLOCATE|[112]|Bytes:12
15:08:59.0 (48957095)|CONSTRUCTOR_ENTRY|[112]|01p0H000007gCe8|<init>(Boolean,Time)
15:08:59.0 (48964173)|VARIABLE_SCOPE_BEGIN|[205]|this|docappcontroller.Wrapertimeslot|true|false
15:08:59.0 (48981710)|VARIABLE_ASSIGNMENT|[205]|this|{}|0x45af71c6
15:08:59.0 (48993325)|VARIABLE_SCOPE_BEGIN|[205]|selection|Boolean|false|false
15:08:59.0 (49001690)|VARIABLE_ASSIGNMENT|[205]|selection|true
15:08:59.0 (49005881)|VARIABLE_SCOPE_BEGIN|[205]|tm|Time|false|false
15:08:59.0 (49014731)|VARIABLE_ASSIGNMENT|[205]|tm|68400000
15:08:59.0 (49020158)|STATEMENT_EXECUTE|[201]
15:08:59.0 (49021663)|STATEMENT_EXECUTE|[202]
15:08:59.0 (49023207)|STATEMENT_EXECUTE|[203]
15:08:59.0 (49034066)|STATEMENT_EXECUTE|[205]
15:08:59.0 (49036628)|STATEMENT_EXECUTE|[206]
15:08:59.0 (49054931)|VARIABLE_ASSIGNMENT|[EXTERNAL]|this|{}|0x45af71c6
15:08:59.0 (49066058)|VARIABLE_ASSIGNMENT|[EXTERNAL]|value|true
15:08:59.0 (49077481)|HEAP_ALLOCATE|[202]|Bytes:5
15:08:59.0 (49085966)|VARIABLE_ASSIGNMENT|[202]|this.selected|true|0x45af71c6
15:08:59.0 (49096766)|STATEMENT_EXECUTE|[207]
15:08:59.0 (49115639)|VARIABLE_ASSIGNMENT|[EXTERNAL]|this|{"selected":true}|0x45af71c6
15:08:59.0 (49126697)|VARIABLE_ASSIGNMENT|[EXTERNAL]|value|68400000
15:08:59.0 (49134995)|VARIABLE_ASSIGNMENT|[203]|this.t|68400000|0x45af71c6
15:08:59.0 (49157911)|CONSTRUCTOR_EXIT|[112]|01p0H000007gCe8|<init>(Boolean,Time)
15:08:59.0 (49171539)|HEAP_ALLOCATE|[EXTERNAL]|Bytes:4
15:08:59.0 (49178100)|STATEMENT_EXECUTE|[113]
15:08:59.0 (49182387)|HEAP_ALLOCATE|[113]|Bytes:4
15:08:59.0 (49191438)|VARIABLE_ASSIGNMENT|[113]|this.Initialselected|5|0x126847d6
15:08:59.0 (49204258)|HEAP_ALLOCATE|[103]|Bytes:28
15:08:59.0 (49210799)|HEAP_ALLOCATE|[103]|Bytes:28
15:08:59.0 (49244978)|HEAP_ALLOCATE|[119]|Bytes:28
15:08:59.0 (49250084)|HEAP_ALLOCATE|[119]|Bytes:28
15:08:59.0 (49257009)|HEAP_ALLOCATE|[119]|Bytes:28
15:08:59.0 (49292636)|HEAP_ALLOCATE|[119]|Bytes:28
15:08:59.0 (49324596)|STATEMENT_EXECUTE|[119]
15:08:59.0 (49328936)|STATEMENT_EXECUTE|[125]
15:08:59.0 (49375851)|VARIABLE_ASSIGNMENT|[EXTERNAL]|this|{"aptdum":"0x1c575af7","Docdum":"0x49c3f1d7","Docmap":"0x4fb33ca9","Initialselected":5,"Selecteddoc":"a260H000001koYjQAI","SelectedtimeSlot":60,"timelist":"0x5a355918","timeset":"0x2ad4bdc","timewraplist":"0x266c88f1","timewraplistInitial":"0x7cf9c415"}|0x126847d6
15:08:59.0 (49403309)|VARIABLE_ASSIGNMENT|[125]|this.timewraplistInitial|"List of size 15 too large to display"|0x126847d6
15:08:59.0 (49409524)|STATEMENT_EXECUTE|[127]
15:08:59.52 (52824056)|SYSTEM_MODE_ENTER|true
15:08:59.52 (52886904)|HEAP_ALLOCATE|[EXTERNAL]|Bytes:8
15:08:59.52 (52895905)|VARIABLE_SCOPE_BEGIN|[88]|this|ApexPage.PageMessagesComponentController|true|false
15:08:59.52 (52922796)|VARIABLE_ASSIGNMENT|[88]|this|{}|0x7fe495e6
15:08:59.52 (52929337)|VARIABLE_SCOPE_BEGIN|[88]|escape|Boolean|false|false
15:08:59.52 (52936631)|VARIABLE_ASSIGNMENT|[88]|escape|null
15:08:59.53 (53030596)|SYSTEM_MODE_ENTER|true
15:08:59.53 (53064919)|HEAP_ALLOCATE|[EXTERNAL]|Bytes:8
15:08:59.53 (53072210)|VARIABLE_SCOPE_BEGIN|[2]|this|ApexPage.PageMessagesComponentController|true|false
15:08:59.53 (53091635)|VARIABLE_ASSIGNMENT|[2]|this|{}|0x7fe495e6
15:08:59.0 (53423786)|SYSTEM_MODE_ENTER|true
15:08:59.0 (53805395)|SYSTEM_MODE_ENTER|true
15:08:59.0 (54112049)|SYSTEM_MODE_ENTER|true
15:08:59.0 (54186289)|SYSTEM_MODE_ENTER|true
15:08:59.75 (75075179)|SYSTEM_MODE_ENTER|true
15:08:59.75 (75134748)|HEAP_ALLOCATE|[EXTERNAL]|Bytes:8
15:08:59.75 (75144407)|VARIABLE_SCOPE_BEGIN|[88]|this|ApexPage.PageMessagesComponentController|true|false
15:08:59.75 (75171561)|VARIABLE_ASSIGNMENT|[88]|this|{}|0x7fe495e6
15:08:59.75 (75178547)|VARIABLE_SCOPE_BEGIN|[88]|escape|Boolean|false|false
15:08:59.75 (75186089)|VARIABLE_ASSIGNMENT|[88]|escape|null
15:08:59.75 (75306955)|SYSTEM_MODE_ENTER|true
15:08:59.75 (75340754)|HEAP_ALLOCATE|[EXTERNAL]|Bytes:8
15:08:59.75 (75347334)|VARIABLE_SCOPE_BEGIN|[2]|this|ApexPage.PageMessagesComponentController|true|false
15:08:59.75 (75367564)|VARIABLE_ASSIGNMENT|[2]|this|{}|0x7fe495e6
15:08:59.0 (76808643)|SYSTEM_MODE_ENTER|true
15:08:59.0 (76851617)|HEAP_ALLOCATE|[EXTERNAL]|Bytes:48
15:08:59.0 (76859705)|VARIABLE_SCOPE_BEGIN|[160]|this|docappcontroller|true|false
15:08:59.0 (76908825)|VARIABLE_ASSIGNMENT|[160]|this|{"aptdum":"0x1c575af7","Docdum":"0x49c3f1d7","Docmap":"0x4fb33ca9","Initialselected":5,"Selecteddoc":"a260H000001koYjQAI","SelectedtimeSlot":60,"timelist":"0x5a355918","timeset":"0x2ad4bdc","timewraplist":"0x266c88f1","timewraplistInitial":"0x266c88f1"}|0x126847d6
15:08:59.0 (76921120)|STATEMENT_EXECUTE|[160]
15:08:59.0 (76923395)|STATEMENT_EXECUTE|[162]
15:08:59.0 (76935603)|HEAP_ALLOCATE|[162]|Bytes:4
15:08:59.0 (76951420)|VARIABLE_SCOPE_BEGIN|[162]|options|List<System.SelectOption>|true|false
15:08:59.0 (76975126)|HEAP_ALLOCATE|[EXTERNAL]|Bytes:4
15:08:59.0 (76984787)|VARIABLE_ASSIGNMENT|[162]|options|[]|0x3b26c15b
15:08:59.0 (76990249)|STATEMENT_EXECUTE|[163]
15:08:59.0 (77011881)|HEAP_ALLOCATE|[EXTERNAL]|Bytes:4
15:08:59.0 (77054286)|VARIABLE_ASSIGNMENT|[EXTERNAL]|this|{"aptdum":"0x1c575af7","Docdum":"0x49c3f1d7","Docmap":"0x4fb33ca9","Initialselected":5,"Selecteddoc":"a260H000001koYjQAI","SelectedtimeSlot":60,"timelist":"0x5a355918","timeset":"0x2ad4bdc","timewraplist":"0x266c88f1","timewraplistInitial":"0x266c88f1"}|0x126847d6
15:08:59.0 (77067964)|STATEMENT_EXECUTE|[164]
15:08:59.0 (77096033)|VARIABLE_ASSIGNMENT|[EXTERNAL]|this|{"aptdum":"0x1c575af7","Docdum":"0x49c3f1d7","Docmap":"0x4fb33ca9","Initialselected":5,"Selecteddoc":"a260H000001koYjQAI","SelectedtimeSlot":60,"timelist":"0x5a355918","timeset":"0x2ad4bdc","timewraplist":"0x266c88f1","timewraplistInitial":"0x266c88f1"}|0x126847d6
15:08:59.0 (77118000)|HEAP_ALLOCATE|[EXTERNAL]|Bytes:12
15:08:59.0 (77134548)|HEAP_ALLOCATE|[165]|Bytes:237
15:08:59.0 (77156947)|HEAP_ALLOCATE|[165]|Bytes:5
15:08:59.0 (77169803)|HEAP_ALLOCATE|[165]|Bytes:24
15:08:59.0 (77177999)|VARIABLE_SCOPE_BEGIN|[165]|doc|Doctor__c|true|false
15:08:59.0 (77197778)|VARIABLE_ASSIGNMENT|[165]|doc|{"Id":"a260H000001koYjQAI","Name":"doc 2","End_Time__c":68400000,"Speciality__c":"General Surgery","Start_Time__c":43200000}|0x6644fd2a
15:08:59.0 (77210288)|STATEMENT_EXECUTE|[165]
15:08:59.0 (77212036)|STATEMENT_EXECUTE|[166]
15:08:59.0 (77228582)|HEAP_ALLOCATE|[166]|Bytes:18
15:08:59.0 (77243149)|HEAP_ALLOCATE|[EXTERNAL]|Bytes:4
15:08:59.0 (77254950)|HEAP_ALLOCATE|[165]|Bytes:5
15:08:59.0 (77263814)|HEAP_ALLOCATE|[165]|Bytes:24
15:08:59.0 (77268893)|VARIABLE_SCOPE_BEGIN|[165]|doc|Doctor__c|true|false
15:08:59.0 (77283693)|VARIABLE_ASSIGNMENT|[165]|doc|{"Id":"a260H000001koYeQAI","Name":"Doc1","End_Time__c":64800000,"Speciality__c":"General Surgery","Start_Time__c":32400000}|0x18d67010
15:08:59.0 (77289036)|STATEMENT_EXECUTE|[165]
15:08:59.0 (77290601)|STATEMENT_EXECUTE|[166]
15:08:59.0 (77296644)|HEAP_ALLOCATE|[166]|Bytes:18
15:08:59.0 (77306586)|HEAP_ALLOCATE|[EXTERNAL]|Bytes:4
15:08:59.0 (77316157)|HEAP_ALLOCATE|[165]|Bytes:5
15:08:59.0 (77325057)|VARIABLE_ASSIGNMENT|[165]|doc|null|
15:08:59.0 (77330079)|STATEMENT_EXECUTE|[172]
15:08:59.0 (77483669)|SYSTEM_MODE_ENTER|true
15:08:59.0 (80782542)|SYSTEM_MODE_ENTER|true
15:08:59.0 (80823381)|HEAP_ALLOCATE|[EXTERNAL]|Bytes:48
15:08:59.0 (80831762)|VARIABLE_SCOPE_BEGIN|[177]|this|docappcontroller|true|false
15:08:59.0 (80879986)|VARIABLE_ASSIGNMENT|[177]|this|{"aptdum":"0x1c575af7","Docdum":"0x49c3f1d7","Docmap":"0x4fb33ca9","Initialselected":5,"Selecteddoc":"a260H000001koYjQAI","SelectedtimeSlot":60,"timelist":"0x5a355918","timeset":"0x2ad4bdc","timewraplist":"0x266c88f1","timewraplistInitial":"0x266c88f1"}|0x126847d6
15:08:59.0 (80892069)|STATEMENT_EXECUTE|[177]
15:08:59.0 (80894132)|STATEMENT_EXECUTE|[179]
15:08:59.0 (80903919)|HEAP_ALLOCATE|[179]|Bytes:4
15:08:59.0 (80919090)|VARIABLE_SCOPE_BEGIN|[179]|options|List<System.SelectOption>|true|false
15:08:59.0 (80939609)|HEAP_ALLOCATE|[EXTERNAL]|Bytes:4
15:08:59.0 (80948630)|VARIABLE_ASSIGNMENT|[179]|options|[]|0x1771759b
15:08:59.0 (80954236)|STATEMENT_EXECUTE|[180]
15:08:59.0 (80969553)|HEAP_ALLOCATE|[EXTERNAL]|Bytes:4
15:08:59.0 (80976361)|STATEMENT_EXECUTE|[183]
15:08:59.0 (80984352)|HEAP_ALLOCATE|[EXTERNAL]|Bytes:4
15:08:59.0 (80989530)|STATEMENT_EXECUTE|[184]
15:08:59.0 (80995582)|HEAP_ALLOCATE|[EXTERNAL]|Bytes:4
15:08:59.0 (81000268)|STATEMENT_EXECUTE|[189]
15:08:59.0 (81117534)|SYSTEM_MODE_ENTER|true
15:08:59.0 (83227070)|VF_SERIALIZE_VIEWSTATE_BEGIN|0660H000004OdRk
15:08:59.0 (100721172)|VF_SERIALIZE_VIEWSTATE_END
15:08:59.0 (131327833)|CODE_UNIT_STARTED|[EXTERNAL]|Generate Metadata
15:08:59.0 (134429297)|CODE_UNIT_FINISHED|Generate Metadata
15:08:59.137 (137735699)|CUMULATIVE_LIMIT_USAGE
15:08:59.137 (137735699)|LIMIT_USAGE_FOR_NS|(default)|
  Number of SOQL queries: 1 out of 100
  Number of query rows: 2 out of 50000
  Number of SOSL queries: 0 out of 20
  Number of DML statements: 0 out of 150
  Number of DML rows: 0 out of 10000
  Maximum CPU time: 0 out of 10000
  Maximum heap size: 0 out of 6000000
  Number of callouts: 0 out of 100
  Number of Email Invocations: 0 out of 10
  Number of future calls: 0 out of 50
  Number of queueable jobs added to the queue: 0 out of 50
  Number of Mobile Apex push calls: 0 out of 10

15:08:59.137 (137735699)|CUMULATIVE_LIMIT_USAGE_END

15:08:59.0 (137786479)|CODE_UNIT_FINISHED|VF: /apex/docapp
15:08:59.0 (139001860)|EXECUTION_FINISHED
