42.0 APEX_CODE,FINEST;APEX_PROFILING,INFO;CALLOUT,INFO;DB,INFO;SYSTEM,DEBUG;VALIDATION,INFO;VISUALFORCE,INFO;WAVE,INFO;WORKFLOW,INFO
13:46:29.0 (60254)|USER_INFO|[EXTERNAL]|005i0000002qYvT|anton@igate.com|India Standard Time|GMT+05:30
13:46:29.0 (197965)|EXECUTION_STARTED
13:46:29.0 (203844)|CODE_UNIT_STARTED|[EXTERNAL]|0660H000004OdRk|VF: /apex/docapp
13:46:29.0 (1456902)|VF_DESERIALIZE_VIEWSTATE_BEGIN|0660H000004OdRk
13:46:29.0 (6675801)|HEAP_ALLOCATE|[72]|Bytes:3
13:46:29.0 (6737979)|HEAP_ALLOCATE|[77]|Bytes:152
13:46:29.0 (6751150)|HEAP_ALLOCATE|[342]|Bytes:408
13:46:29.0 (6770292)|HEAP_ALLOCATE|[355]|Bytes:408
13:46:29.0 (6788457)|HEAP_ALLOCATE|[467]|Bytes:48
13:46:29.0 (6816329)|HEAP_ALLOCATE|[139]|Bytes:6
13:46:29.0 (9972330)|VF_DESERIALIZE_VIEWSTATE_END
13:46:29.10 (10576814)|SYSTEM_MODE_ENTER|true
13:46:29.10 (10746241)|HEAP_ALLOCATE|[EXTERNAL]|Bytes:38
13:46:29.10 (10774954)|HEAP_ALLOCATE|[EXTERNAL]|Bytes:7
13:46:29.10 (10798792)|SYSTEM_METHOD_ENTRY|[1]|PageMessagesComponentController.PageMessagesComponentController()
13:46:29.10 (10805292)|STATEMENT_EXECUTE|[1]
13:46:29.11 (11659967)|SYSTEM_MODE_ENTER|true
13:46:29.11 (11712396)|HEAP_ALLOCATE|[EXTERNAL]|Bytes:8
13:46:29.11 (11721077)|VARIABLE_SCOPE_BEGIN|[88]|this|ApexPage.PageMessagesComponentController|true|false
13:46:29.11 (11771693)|VARIABLE_ASSIGNMENT|[88]|this|{}|0xa7286a6
13:46:29.11 (11779769)|VARIABLE_SCOPE_BEGIN|[88]|escape|Boolean|false|false
13:46:29.11 (11789704)|VARIABLE_ASSIGNMENT|[88]|escape|null
13:46:29.0 (11957152)|SYSTEM_MODE_ENTER|true
13:46:29.0 (11981736)|HEAP_ALLOCATE|[EXTERNAL]|Bytes:14
13:46:29.0 (11989727)|HEAP_ALLOCATE|[EXTERNAL]|Bytes:248
13:46:29.0 (11994054)|HEAP_ALLOCATE|[EXTERNAL]|Bytes:53
13:46:29.0 (11997586)|HEAP_ALLOCATE|[EXTERNAL]|Bytes:13
13:46:29.0 (12006019)|METHOD_ENTRY|[1]|01p0H000007gCe8|docappcontroller.docappcontroller()
13:46:29.0 (12012414)|STATEMENT_EXECUTE|[1]
13:46:29.0 (12016312)|STATEMENT_EXECUTE|[1]
13:46:29.0 (12017928)|STATEMENT_EXECUTE|[174]
13:46:29.0 (12022805)|METHOD_EXIT|[1]|docappcontroller
13:46:29.0 (16496771)|SYSTEM_MODE_ENTER|true
13:46:29.0 (18697639)|SYSTEM_MODE_ENTER|true
13:46:29.0 (19640753)|SYSTEM_MODE_ENTER|true
13:46:29.0 (19875678)|HEAP_ALLOCATE|[EXTERNAL]|Bytes:44
13:46:29.0 (19886254)|VARIABLE_SCOPE_BEGIN|[133]|this|docappcontroller|true|false
13:46:29.0 (19945319)|VARIABLE_ASSIGNMENT|[133]|this|{"aptdum":"0x1baed50d","Docdum":"0x5ed1ea5c","Docmap":"0x576aac85","Initialselected":0,"timewraplistInitial":"0x5556900d"}|0x3c59a409
13:46:29.0 (19956930)|STATEMENT_EXECUTE|[133]
13:46:29.0 (19960060)|STATEMENT_EXECUTE|[135]
13:46:29.0 (19989053)|HEAP_ALLOCATE|[135]|Bytes:4
13:46:29.0 (20018645)|VARIABLE_SCOPE_BEGIN|[135]|options|List<System.SelectOption>|true|false
13:46:29.0 (20042003)|HEAP_ALLOCATE|[EXTERNAL]|Bytes:4
13:46:29.0 (20053471)|VARIABLE_ASSIGNMENT|[135]|options|[]|0x38bd3117
13:46:29.0 (20059781)|STATEMENT_EXECUTE|[136]
13:46:29.0 (20066714)|HEAP_ALLOCATE|[136]|Bytes:8
13:46:29.0 (20131076)|HEAP_ALLOCATE|[EXTERNAL]|Bytes:4
13:46:29.0 (20185462)|VARIABLE_ASSIGNMENT|[EXTERNAL]|this|{"aptdum":"0x1baed50d","Docdum":"0x5ed1ea5c","Docmap":"0x576aac85","Initialselected":0,"timewraplistInitial":"0x5556900d"}|0x3c59a409
13:46:29.0 (20200380)|STATEMENT_EXECUTE|[137]
13:46:29.0 (20229468)|VARIABLE_ASSIGNMENT|[EXTERNAL]|this|{"aptdum":"0x1baed50d","Docdum":"0x5ed1ea5c","Docmap":"0x576aac85","Initialselected":0,"timewraplistInitial":"0x5556900d"}|0x3c59a409
13:46:29.0 (20262282)|HEAP_ALLOCATE|[EXTERNAL]|Bytes:12
13:46:29.0 (20279352)|HEAP_ALLOCATE|[138]|Bytes:237
13:46:29.0 (20361920)|HEAP_ALLOCATE|[138]|Bytes:5
13:46:29.0 (20407554)|HEAP_ALLOCATE|[138]|Bytes:24
13:46:29.0 (20417768)|VARIABLE_SCOPE_BEGIN|[138]|doc|Doctor__c|true|false
13:46:29.0 (20516762)|VARIABLE_ASSIGNMENT|[138]|doc|{"Id":"a260H000001koYjQAI","Name":"doc 2","End_Time__c":68400000,"Speciality__c":"General Surgery","Start_Time__c":43200000}|0x4fb1b708
13:46:29.0 (20525846)|STATEMENT_EXECUTE|[138]
13:46:29.0 (20527608)|STATEMENT_EXECUTE|[139]
13:46:29.0 (20568224)|HEAP_ALLOCATE|[139]|Bytes:18
13:46:29.0 (20620152)|HEAP_ALLOCATE|[EXTERNAL]|Bytes:4
13:46:29.0 (20637109)|HEAP_ALLOCATE|[138]|Bytes:5
13:46:29.0 (20656539)|HEAP_ALLOCATE|[138]|Bytes:24
13:46:29.0 (20664282)|VARIABLE_SCOPE_BEGIN|[138]|doc|Doctor__c|true|false
13:46:29.0 (20682360)|VARIABLE_ASSIGNMENT|[138]|doc|{"Id":"a260H000001koYeQAI","Name":"Doc1","End_Time__c":64800000,"Speciality__c":"General Surgery","Start_Time__c":32400000}|0x3de3e6ec
13:46:29.0 (20689675)|STATEMENT_EXECUTE|[138]
13:46:29.0 (20691387)|STATEMENT_EXECUTE|[139]
13:46:29.0 (20700492)|HEAP_ALLOCATE|[139]|Bytes:18
13:46:29.0 (20714694)|HEAP_ALLOCATE|[EXTERNAL]|Bytes:4
13:46:29.0 (20726159)|HEAP_ALLOCATE|[138]|Bytes:5
13:46:29.0 (20735809)|VARIABLE_ASSIGNMENT|[138]|doc|null|
13:46:29.0 (20741395)|STATEMENT_EXECUTE|[145]
13:46:29.0 (20821803)|SYSTEM_MODE_ENTER|true
13:46:29.0 (21128828)|SYSTEM_MODE_ENTER|true
13:46:29.0 (21168784)|HEAP_ALLOCATE|[EXTERNAL]|Bytes:44
13:46:29.0 (21177621)|VARIABLE_SCOPE_BEGIN|[150]|this|docappcontroller|true|false
13:46:29.0 (21213579)|VARIABLE_ASSIGNMENT|[150]|this|{"aptdum":"0x1baed50d","Docdum":"0x5ed1ea5c","Docmap":"0x576aac85","Initialselected":0,"timewraplistInitial":"0x5556900d"}|0x3c59a409
13:46:29.0 (21225001)|STATEMENT_EXECUTE|[150]
13:46:29.0 (21226927)|STATEMENT_EXECUTE|[152]
13:46:29.0 (21236525)|HEAP_ALLOCATE|[152]|Bytes:4
13:46:29.0 (21258377)|VARIABLE_SCOPE_BEGIN|[152]|options|List<System.SelectOption>|true|false
13:46:29.0 (21279490)|HEAP_ALLOCATE|[EXTERNAL]|Bytes:4
13:46:29.0 (21288124)|VARIABLE_ASSIGNMENT|[152]|options|[]|0x491d64f1
13:46:29.0 (21294161)|STATEMENT_EXECUTE|[153]
13:46:29.0 (21333302)|HEAP_ALLOCATE|[EXTERNAL]|Bytes:4
13:46:29.0 (21342184)|STATEMENT_EXECUTE|[156]
13:46:29.0 (21346777)|HEAP_ALLOCATE|[156]|Bytes:2
13:46:29.0 (21370609)|HEAP_ALLOCATE|[EXTERNAL]|Bytes:4
13:46:29.0 (21378300)|STATEMENT_EXECUTE|[157]
13:46:29.0 (21381677)|HEAP_ALLOCATE|[157]|Bytes:2
13:46:29.0 (21401204)|HEAP_ALLOCATE|[EXTERNAL]|Bytes:4
13:46:29.0 (21407548)|STATEMENT_EXECUTE|[162]
13:46:29.0 (21476287)|SYSTEM_MODE_ENTER|true
13:46:29.22 (22046702)|SYSTEM_MODE_ENTER|true
13:46:29.22 (22097649)|HEAP_ALLOCATE|[EXTERNAL]|Bytes:8
13:46:29.22 (22106230)|VARIABLE_SCOPE_BEGIN|[88]|this|ApexPage.PageMessagesComponentController|true|false
13:46:29.22 (22128774)|VARIABLE_ASSIGNMENT|[88]|this|{}|0xa7286a6
13:46:29.22 (22135722)|VARIABLE_SCOPE_BEGIN|[88]|escape|Boolean|false|false
13:46:29.22 (22143955)|VARIABLE_ASSIGNMENT|[88]|escape|null
13:46:29.0 (22316633)|SYSTEM_MODE_ENTER|true
13:46:29.0 (22337966)|HEAP_ALLOCATE|[EXTERNAL]|Bytes:18
13:46:29.0 (22343699)|HEAP_ALLOCATE|[EXTERNAL]|Bytes:44
13:46:29.0 (22368610)|VARIABLE_ASSIGNMENT|[EXTERNAL]|this.Selecteddoc|"a260H000001koYjQAI"|0x3c59a409
13:46:29.0 (22411609)|SYSTEM_MODE_ENTER|true
13:46:29.0 (22561229)|SYSTEM_MODE_ENTER|true
13:46:29.0 (22601555)|SYSTEM_MODE_ENTER|true
13:46:29.0 (22617377)|HEAP_ALLOCATE|[EXTERNAL]|Bytes:8
13:46:29.0 (22622463)|HEAP_ALLOCATE|[EXTERNAL]|Bytes:44
13:46:29.0 (22632013)|VARIABLE_ASSIGNMENT|[EXTERNAL]|this.SelectedtimeSlot|30|0x3c59a409
13:46:29.0 (22665837)|SYSTEM_MODE_ENTER|true
13:46:29.0 (22861460)|HEAP_ALLOCATE|[EXTERNAL]|Bytes:44
13:46:29.0 (22871625)|VARIABLE_SCOPE_BEGIN|[31]|this|docappcontroller|true|false
13:46:29.0 (22909510)|VARIABLE_ASSIGNMENT|[31]|this|{"aptdum":"0x1baed50d","Docdum":"0x5ed1ea5c","Docmap":"0x576aac85","Initialselected":0,"Selecteddoc":"a260H000001koYjQAI","SelectedtimeSlot":30,"timewraplistInitial":"0x5556900d"}|0x3c59a409
13:46:29.0 (22921225)|STATEMENT_EXECUTE|[31]
13:46:29.0 (22923253)|STATEMENT_EXECUTE|[32]
13:46:29.0 (22947421)|VARIABLE_SCOPE_BEGIN|[32]|timeset|Set<Time>|true|false
13:46:29.0 (22959229)|VARIABLE_ASSIGNMENT|[32]|timeset|null|
13:46:29.0 (22964327)|STATEMENT_EXECUTE|[33]
13:46:29.0 (23010350)|VARIABLE_ASSIGNMENT|[EXTERNAL]|this|{"aptdum":"0x1baed50d","Docdum":"0x5ed1ea5c","Docmap":"0x576aac85","Initialselected":0,"Selecteddoc":"a260H000001koYjQAI","SelectedtimeSlot":30,"timewraplistInitial":"0x5556900d"}|0x3c59a409
13:46:29.0 (23039310)|USER_DEBUG|[33]|DEBUG|a260H000001koYjQAI
13:46:29.0 (23078904)|VARIABLE_ASSIGNMENT|[EXTERNAL]|this|{"aptdum":"0x1baed50d","Docdum":"0x5ed1ea5c","Docmap":"0x576aac85","Initialselected":0,"Selecteddoc":"a260H000001koYjQAI","SelectedtimeSlot":30,"timewraplistInitial":"0x5556900d"}|0x3c59a409
13:46:29.0 (23112007)|VARIABLE_ASSIGNMENT|[EXTERNAL]|this|{"aptdum":"0x1baed50d","Docdum":"0x5ed1ea5c","Docmap":"0x576aac85","Initialselected":0,"Selecteddoc":"a260H000001koYjQAI","SelectedtimeSlot":30,"timewraplistInitial":"0x5556900d"}|0x3c59a409
13:46:29.0 (23140333)|STATEMENT_EXECUTE|[36]
13:46:29.0 (23142343)|STATEMENT_EXECUTE|[37]
13:46:29.0 (23172475)|VARIABLE_ASSIGNMENT|[EXTERNAL]|this|{"aptdum":"0x1baed50d","Docdum":"0x5ed1ea5c","Docmap":"0x576aac85","Initialselected":0,"Selecteddoc":"a260H000001koYjQAI","SelectedtimeSlot":30,"timewraplistInitial":"0x5556900d"}|0x3c59a409
13:46:29.0 (23202973)|VARIABLE_ASSIGNMENT|[EXTERNAL]|this|{"aptdum":"0x1baed50d","Docdum":"0x5ed1ea5c","Docmap":"0x576aac85","Initialselected":0,"Selecteddoc":"a260H000001koYjQAI","SelectedtimeSlot":30,"timewraplistInitial":"0x5556900d"}|0x3c59a409
13:46:29.0 (23227541)|VARIABLE_SCOPE_BEGIN|[37]|d|Doctor__c|true|false
13:46:29.0 (23246339)|VARIABLE_ASSIGNMENT|[37]|d|{"Id":"a260H000001koYjQAI","Name":"doc 2","End_Time__c":68400000,"Speciality__c":"General Surgery","Start_Time__c":43200000}|0x4fb1b708
13:46:29.0 (23252350)|STATEMENT_EXECUTE|[38]
13:46:29.0 (23285205)|HEAP_ALLOCATE|[38]|Bytes:4
13:46:29.0 (23324275)|HEAP_ALLOCATE|[38]|Bytes:150
13:46:29.0 (23338375)|HEAP_ALLOCATE|[38]|Bytes:4
13:46:29.0 (23346396)|HEAP_ALLOCATE|[38]|Bytes:7
13:46:29.0 (23381039)|VARIABLE_ASSIGNMENT|[EXTERNAL]|this|{"aptdum":"0x1baed50d","Docdum":"0x5ed1ea5c","Docmap":"0x576aac85","Initialselected":0,"Selecteddoc":"a260H000001koYjQAI","SelectedtimeSlot":30,"timewraplistInitial":"0x5556900d"}|0x3c59a409
13:46:29.0 (23399352)|HEAP_ALLOCATE|[38]|Bytes:7
13:46:29.0 (23429445)|VARIABLE_ASSIGNMENT|[EXTERNAL]|this|{"aptdum":"0x1baed50d","Docdum":"0x5ed1ea5c","Docmap":"0x576aac85","Initialselected":0,"Selecteddoc":"a260H000001koYjQAI","SelectedtimeSlot":30,"timewraplistInitial":"0x5556900d"}|0x3c59a409
13:46:29.0 (23774585)|SOQL_EXECUTE_BEGIN|[38]|Aggregations:0|SELECT Id, Name, Doctor__c, Patient__c, End_Time__c, Start_Time__c FROM Appointment__c WHERE (Doctor__c = :tmpVar1 AND Appointment_Date__c = :tmpVar2)
13:46:29.0 (32935831)|SOQL_EXECUTE_END|[38]|Rows:1
13:46:29.0 (32957377)|HEAP_ALLOCATE|[38]|Bytes:8
13:46:29.0 (32972332)|HEAP_ALLOCATE|[38]|Bytes:147
13:46:29.0 (33002015)|HEAP_ALLOCATE|[38]|Bytes:8
13:46:29.0 (33028737)|HEAP_ALLOCATE|[38]|Bytes:28
13:46:29.0 (33034333)|HEAP_ALLOCATE|[38]|Bytes:28
13:46:29.0 (33037905)|HEAP_ALLOCATE|[38]|Bytes:4
13:46:29.0 (33047434)|VARIABLE_SCOPE_BEGIN|[38]|aptlist|List<Appointment__c>|true|false
13:46:29.0 (33057834)|HEAP_ALLOCATE|[EXTERNAL]|Bytes:8
13:46:29.0 (33080491)|VARIABLE_ASSIGNMENT|[38]|aptlist|[{"Id":"a250H00000HaxnFQAR","Name":"A-00000","Doctor__c":"a260H000001koYjQAI","Patient__c":"a270H000006vXivQAE","End_Time__c":61200000,"Start_Time__c":54000000}]|0x6e20b8c2
13:46:29.0 (33088958)|STATEMENT_EXECUTE|[39]
13:46:29.0 (33110581)|HEAP_ALLOCATE|[39]|Bytes:4
13:46:29.0 (33166735)|VARIABLE_ASSIGNMENT|[39]|timeset|[]|0x69ce4626
13:46:29.0 (33247192)|HEAP_ALLOCATE|[40]|Bytes:5
13:46:29.0 (33261863)|HEAP_ALLOCATE|[40]|Bytes:28
13:46:29.0 (33270648)|VARIABLE_SCOPE_BEGIN|[40]|apt|Appointment__c|true|false
13:46:29.0 (33291259)|VARIABLE_ASSIGNMENT|[40]|apt|{"Id":"a250H00000HaxnFQAR","Name":"A-00000","Doctor__c":"a260H000001koYjQAI","Patient__c":"a270H000006vXivQAE","End_Time__c":61200000,"Start_Time__c":54000000}|0x50361ef9
13:46:29.0 (33299597)|STATEMENT_EXECUTE|[40]
13:46:29.0 (33301568)|STATEMENT_EXECUTE|[42]
13:46:29.0 (33331929)|VARIABLE_SCOPE_BEGIN|[42]|t|Time|false|false
13:46:29.0 (33346345)|VARIABLE_ASSIGNMENT|[42]|t|54000000
13:46:29.0 (33350933)|STATEMENT_EXECUTE|[43]
13:46:29.0 (33403668)|VARIABLE_SCOPE_BEGIN|[43]|i|Integer|false|false
13:46:29.0 (33412629)|HEAP_ALLOCATE|[43]|Bytes:4
13:46:29.0 (33421495)|VARIABLE_ASSIGNMENT|[43]|i|2
13:46:29.0 (33426058)|STATEMENT_EXECUTE|[44]
13:46:29.0 (33445574)|HEAP_ALLOCATE|[44]|Bytes:28
13:46:29.0 (33450382)|HEAP_ALLOCATE|[44]|Bytes:28
13:46:29.0 (33454740)|VARIABLE_SCOPE_BEGIN|[44]|i1|Decimal|false|false
13:46:29.0 (33465254)|VARIABLE_ASSIGNMENT|[44]|i1|0
13:46:29.0 (33470216)|STATEMENT_EXECUTE|[45]
13:46:29.0 (33492382)|HEAP_ALLOCATE|[EXTERNAL]|Bytes:4
13:46:29.0 (33514851)|STATEMENT_EXECUTE|[46]
13:46:29.0 (33516954)|STATEMENT_EXECUTE|[47]
13:46:29.0 (33628319)|USER_DEBUG|[47]|DEBUG|15:00:00.000Z
13:46:29.0 (33638555)|STATEMENT_EXECUTE|[48]
13:46:29.0 (33666049)|HEAP_ALLOCATE|[48]|Bytes:4
13:46:29.0 (33682119)|VARIABLE_ASSIGNMENT|[48]|t|55800000
13:46:29.0 (33687395)|STATEMENT_EXECUTE|[49]
13:46:29.0 (33690686)|HEAP_ALLOCATE|[49]|Bytes:3
13:46:29.0 (33701569)|HEAP_ALLOCATE|[49]|Bytes:28
13:46:29.0 (33734049)|HEAP_ALLOCATE|[49]|Bytes:28
13:46:29.0 (33750325)|VARIABLE_ASSIGNMENT|[49]|i1|0.5
13:46:29.0 (33755453)|STATEMENT_EXECUTE|[50]
13:46:29.0 (33771011)|HEAP_ALLOCATE|[EXTERNAL]|Bytes:4
13:46:29.0 (33785082)|HEAP_ALLOCATE|[51]|Bytes:28
13:46:29.0 (33788963)|HEAP_ALLOCATE|[51]|Bytes:28
13:46:29.0 (33795023)|HEAP_ALLOCATE|[51]|Bytes:28
13:46:29.0 (33818291)|HEAP_ALLOCATE|[51]|Bytes:28
13:46:29.0 (33845000)|STATEMENT_EXECUTE|[46]
13:46:29.0 (33846951)|STATEMENT_EXECUTE|[47]
13:46:29.0 (33856333)|USER_DEBUG|[47]|DEBUG|15:30:00.000Z
13:46:29.0 (33864425)|STATEMENT_EXECUTE|[48]
13:46:29.0 (33872644)|HEAP_ALLOCATE|[48]|Bytes:4
13:46:29.0 (33889841)|VARIABLE_ASSIGNMENT|[48]|t|57600000
13:46:29.0 (33895017)|STATEMENT_EXECUTE|[49]
13:46:29.0 (33900186)|HEAP_ALLOCATE|[49]|Bytes:28
13:46:29.0 (33912525)|HEAP_ALLOCATE|[49]|Bytes:28
13:46:29.0 (33924171)|VARIABLE_ASSIGNMENT|[49]|i1|1.0
13:46:29.0 (33928916)|STATEMENT_EXECUTE|[50]
13:46:29.0 (33934506)|HEAP_ALLOCATE|[EXTERNAL]|Bytes:4
13:46:29.0 (33944602)|HEAP_ALLOCATE|[51]|Bytes:28
13:46:29.0 (33948666)|HEAP_ALLOCATE|[51]|Bytes:28
13:46:29.0 (33953549)|HEAP_ALLOCATE|[51]|Bytes:28
13:46:29.0 (33965690)|HEAP_ALLOCATE|[51]|Bytes:28
13:46:29.0 (33984742)|STATEMENT_EXECUTE|[46]
13:46:29.0 (33986471)|STATEMENT_EXECUTE|[47]
13:46:29.0 (33994033)|USER_DEBUG|[47]|DEBUG|16:00:00.000Z
13:46:29.0 (34001120)|STATEMENT_EXECUTE|[48]
13:46:29.0 (34008789)|HEAP_ALLOCATE|[48]|Bytes:4
13:46:29.0 (34021621)|VARIABLE_ASSIGNMENT|[48]|t|59400000
13:46:29.0 (34026818)|STATEMENT_EXECUTE|[49]
13:46:29.0 (34031071)|HEAP_ALLOCATE|[49]|Bytes:28
13:46:29.0 (34042430)|HEAP_ALLOCATE|[49]|Bytes:28
13:46:29.0 (34053087)|VARIABLE_ASSIGNMENT|[49]|i1|1.5
13:46:29.0 (34058005)|STATEMENT_EXECUTE|[50]
13:46:29.0 (34062894)|HEAP_ALLOCATE|[EXTERNAL]|Bytes:4
13:46:29.0 (34072601)|HEAP_ALLOCATE|[51]|Bytes:28
13:46:29.0 (34076250)|HEAP_ALLOCATE|[51]|Bytes:28
13:46:29.0 (34080660)|HEAP_ALLOCATE|[51]|Bytes:28
13:46:29.0 (34092742)|HEAP_ALLOCATE|[51]|Bytes:28
13:46:29.0 (34119646)|HEAP_ALLOCATE|[40]|Bytes:5
13:46:29.0 (34131670)|VARIABLE_ASSIGNMENT|[40]|apt|null|
13:46:29.0 (34137398)|STATEMENT_EXECUTE|[62]
13:46:29.0 (34209752)|HEAP_ALLOCATE|[62]|Bytes:4
13:46:29.0 (34299900)|VARIABLE_ASSIGNMENT|[EXTERNAL]|this|{"aptdum":"0x1baed50d","Docdum":"0x5ed1ea5c","Docmap":"0x576aac85","Initialselected":0,"Selecteddoc":"a260H000001koYjQAI","SelectedtimeSlot":30,"timewraplistInitial":"0x5556900d"}|0x3c59a409
13:46:29.0 (34319334)|HEAP_ALLOCATE|[EXTERNAL]|Bytes:4
13:46:29.0 (34327278)|VARIABLE_ASSIGNMENT|[EXTERNAL]|value|[]|0x161fcc00
13:46:29.0 (34341240)|VARIABLE_ASSIGNMENT|[4]|this.timewraplist|[]|0x3c59a409
13:46:29.0 (34351039)|STATEMENT_EXECUTE|[63]
13:46:29.0 (34359555)|HEAP_ALLOCATE|[63]|Bytes:4
13:46:29.0 (34426690)|VARIABLE_ASSIGNMENT|[EXTERNAL]|this|{"aptdum":"0x1baed50d","Docdum":"0x5ed1ea5c","Docmap":"0x576aac85","Initialselected":0,"Selecteddoc":"a260H000001koYjQAI","SelectedtimeSlot":30,"timewraplist":"0x161fcc00","timewraplistInitial":"0x5556900d"}|0x3c59a409
13:46:29.0 (34445667)|HEAP_ALLOCATE|[EXTERNAL]|Bytes:4
13:46:29.0 (34452236)|VARIABLE_ASSIGNMENT|[EXTERNAL]|value|[]|0x6eee637f
13:46:29.0 (34464595)|VARIABLE_ASSIGNMENT|[3]|this.timelist|[]|0x3c59a409
13:46:29.0 (34473600)|STATEMENT_EXECUTE|[64]
13:46:29.0 (34500182)|VARIABLE_SCOPE_BEGIN|[64]|t|Time|false|false
13:46:29.0 (34514573)|VARIABLE_ASSIGNMENT|[64]|t|43200000
13:46:29.0 (34519172)|STATEMENT_EXECUTE|[65]
13:46:29.0 (34566154)|VARIABLE_SCOPE_BEGIN|[65]|i|Integer|false|false
13:46:29.0 (34574698)|HEAP_ALLOCATE|[65]|Bytes:4
13:46:29.0 (34582037)|VARIABLE_ASSIGNMENT|[65]|i|7
13:46:29.0 (34586440)|STATEMENT_EXECUTE|[66]
13:46:29.0 (34594837)|HEAP_ALLOCATE|[66]|Bytes:28
13:46:29.0 (34598757)|HEAP_ALLOCATE|[66]|Bytes:28
13:46:29.0 (34602352)|VARIABLE_SCOPE_BEGIN|[66]|i1|Decimal|false|false
13:46:29.0 (34611681)|VARIABLE_ASSIGNMENT|[66]|i1|0
13:46:29.0 (34641587)|STATEMENT_EXECUTE|[67]
13:46:29.0 (34643608)|STATEMENT_EXECUTE|[68]
13:46:29.0 (34686997)|VARIABLE_ASSIGNMENT|[EXTERNAL]|this|{"aptdum":"0x1baed50d","Docdum":"0x5ed1ea5c","Docmap":"0x576aac85","Initialselected":0,"Selecteddoc":"a260H000001koYjQAI","SelectedtimeSlot":30,"timelist":"0x6eee637f","timewraplist":"0x161fcc00","timewraplistInitial":"0x5556900d"}|0x3c59a409
13:46:29.0 (34707190)|HEAP_ALLOCATE|[68]|Bytes:108
13:46:29.0 (34714405)|HEAP_ALLOCATE|[68]|Bytes:11
13:46:29.0 (34727850)|HEAP_ALLOCATE|[68]|Bytes:12
13:46:29.0 (34764167)|CONSTRUCTOR_ENTRY|[68]|01p0H000007gCe8|<init>(Boolean,Time)
13:46:29.0 (34778838)|VARIABLE_SCOPE_BEGIN|[178]|this|docappcontroller.Wrapertimeslot|true|false
13:46:29.0 (34803197)|VARIABLE_ASSIGNMENT|[178]|this|{}|0x410a1ca7
13:46:29.0 (34811738)|VARIABLE_SCOPE_BEGIN|[178]|selection|Boolean|false|false
13:46:29.0 (34820389)|VARIABLE_ASSIGNMENT|[178]|selection|false
13:46:29.0 (34827095)|VARIABLE_SCOPE_BEGIN|[178]|tm|Time|false|false
13:46:29.0 (34838340)|VARIABLE_ASSIGNMENT|[178]|tm|43200000
13:46:29.0 (34843962)|STATEMENT_EXECUTE|[174]
13:46:29.0 (34845935)|STATEMENT_EXECUTE|[175]
13:46:29.0 (34847711)|STATEMENT_EXECUTE|[176]
13:46:29.0 (34853456)|HEAP_ALLOCATE|[179]|Bytes:6
13:46:29.0 (34876965)|STATEMENT_EXECUTE|[178]
13:46:29.0 (34878937)|STATEMENT_EXECUTE|[179]
13:46:29.0 (34930008)|VARIABLE_ASSIGNMENT|[EXTERNAL]|this|{}|0x410a1ca7
13:46:29.0 (34941504)|VARIABLE_ASSIGNMENT|[EXTERNAL]|value|false
13:46:29.0 (34949686)|HEAP_ALLOCATE|[175]|Bytes:5
13:46:29.0 (34957790)|VARIABLE_ASSIGNMENT|[175]|this.selected|false|0x410a1ca7
13:46:29.0 (34966670)|STATEMENT_EXECUTE|[180]
13:46:29.0 (34995736)|VARIABLE_ASSIGNMENT|[EXTERNAL]|this|{"selected":false}|0x410a1ca7
13:46:29.0 (35009754)|VARIABLE_ASSIGNMENT|[EXTERNAL]|value|43200000
13:46:29.0 (35020102)|VARIABLE_ASSIGNMENT|[176]|this.t|43200000|0x410a1ca7
13:46:29.0 (35034969)|CONSTRUCTOR_EXIT|[68]|01p0H000007gCe8|<init>(Boolean,Time)
13:46:29.0 (35048811)|HEAP_ALLOCATE|[EXTERNAL]|Bytes:4
13:46:29.0 (35055688)|STATEMENT_EXECUTE|[73]
13:46:29.0 (35094608)|VARIABLE_ASSIGNMENT|[EXTERNAL]|this|{"aptdum":"0x1baed50d","Docdum":"0x5ed1ea5c","Docmap":"0x576aac85","Initialselected":0,"Selecteddoc":"a260H000001koYjQAI","SelectedtimeSlot":30,"timelist":"0x6eee637f","timewraplist":"0x161fcc00","timewraplistInitial":"0x5556900d"}|0x3c59a409
13:46:29.0 (35114096)|HEAP_ALLOCATE|[EXTERNAL]|Bytes:4
13:46:29.0 (35128712)|HEAP_ALLOCATE|[76]|Bytes:28
13:46:29.0 (35133202)|HEAP_ALLOCATE|[76]|Bytes:28
13:46:29.0 (35162357)|STATEMENT_EXECUTE|[76]
13:46:29.0 (35164691)|STATEMENT_EXECUTE|[77]
13:46:29.0 (35182734)|USER_DEBUG|[77]|DEBUG|12:00:00.000Z
13:46:29.0 (35191006)|STATEMENT_EXECUTE|[78]
13:46:29.0 (35211253)|HEAP_ALLOCATE|[78]|Bytes:4
13:46:29.0 (35226304)|VARIABLE_ASSIGNMENT|[78]|t|45000000
13:46:29.0 (35231419)|STATEMENT_EXECUTE|[79]
13:46:29.0 (35237781)|HEAP_ALLOCATE|[79]|Bytes:28
13:46:29.0 (35256877)|HEAP_ALLOCATE|[79]|Bytes:28
13:46:29.0 (35270084)|VARIABLE_ASSIGNMENT|[79]|i1|0.5
13:46:29.0 (35275666)|STATEMENT_EXECUTE|[80]
13:46:29.0 (35312220)|VARIABLE_ASSIGNMENT|[EXTERNAL]|this|{"aptdum":"0x1baed50d","Docdum":"0x5ed1ea5c","Docmap":"0x576aac85","Initialselected":0,"Selecteddoc":"a260H000001koYjQAI","SelectedtimeSlot":30,"timelist":"0x6eee637f","timewraplist":"0x161fcc00","timewraplistInitial":"0x5556900d"}|0x3c59a409
13:46:29.0 (35330880)|HEAP_ALLOCATE|[EXTERNAL]|Bytes:4
13:46:29.0 (35357254)|STATEMENT_EXECUTE|[82]
13:46:29.0 (35359545)|STATEMENT_EXECUTE|[83]
13:46:29.0 (35390285)|VARIABLE_ASSIGNMENT|[EXTERNAL]|this|{"aptdum":"0x1baed50d","Docdum":"0x5ed1ea5c","Docmap":"0x576aac85","Initialselected":0,"Selecteddoc":"a260H000001koYjQAI","SelectedtimeSlot":30,"timelist":"0x6eee637f","timewraplist":"0x161fcc00","timewraplistInitial":"0x5556900d"}|0x3c59a409
13:46:29.0 (35405125)|HEAP_ALLOCATE|[83]|Bytes:12
13:46:29.0 (35417413)|CONSTRUCTOR_ENTRY|[83]|01p0H000007gCe8|<init>(Boolean,Time)
13:46:29.0 (35423749)|VARIABLE_SCOPE_BEGIN|[178]|this|docappcontroller.Wrapertimeslot|true|false
13:46:29.0 (35437391)|VARIABLE_ASSIGNMENT|[178]|this|{}|0x7620a7ed
13:46:29.0 (35444042)|VARIABLE_SCOPE_BEGIN|[178]|selection|Boolean|false|false
13:46:29.0 (35452742)|VARIABLE_ASSIGNMENT|[178]|selection|false
13:46:29.0 (35456787)|VARIABLE_SCOPE_BEGIN|[178]|tm|Time|false|false
13:46:29.0 (35465783)|VARIABLE_ASSIGNMENT|[178]|tm|45000000
13:46:29.0 (35470817)|STATEMENT_EXECUTE|[174]
13:46:29.0 (35472497)|STATEMENT_EXECUTE|[175]
13:46:29.0 (35474116)|STATEMENT_EXECUTE|[176]
13:46:29.0 (35484872)|STATEMENT_EXECUTE|[178]
13:46:29.0 (35486730)|STATEMENT_EXECUTE|[179]
13:46:29.0 (35498786)|VARIABLE_ASSIGNMENT|[EXTERNAL]|this|{}|0x7620a7ed
13:46:29.0 (35508692)|VARIABLE_ASSIGNMENT|[EXTERNAL]|value|false
13:46:29.0 (35514515)|HEAP_ALLOCATE|[175]|Bytes:5
13:46:29.0 (35520899)|VARIABLE_ASSIGNMENT|[175]|this.selected|false|0x7620a7ed
13:46:29.0 (35529164)|STATEMENT_EXECUTE|[180]
13:46:29.0 (35546698)|VARIABLE_ASSIGNMENT|[EXTERNAL]|this|{"selected":false}|0x7620a7ed
13:46:29.0 (35556564)|VARIABLE_ASSIGNMENT|[EXTERNAL]|value|45000000
13:46:29.0 (35564301)|VARIABLE_ASSIGNMENT|[176]|this.t|45000000|0x7620a7ed
13:46:29.0 (35578857)|CONSTRUCTOR_EXIT|[83]|01p0H000007gCe8|<init>(Boolean,Time)
13:46:29.0 (35590572)|HEAP_ALLOCATE|[EXTERNAL]|Bytes:4
13:46:29.0 (35603162)|HEAP_ALLOCATE|[76]|Bytes:28
13:46:29.0 (35607067)|HEAP_ALLOCATE|[76]|Bytes:28
13:46:29.0 (35626672)|STATEMENT_EXECUTE|[76]
13:46:29.0 (35628642)|STATEMENT_EXECUTE|[77]
13:46:29.0 (35638486)|USER_DEBUG|[77]|DEBUG|12:30:00.000Z
13:46:29.0 (35646186)|STATEMENT_EXECUTE|[78]
13:46:29.0 (35655999)|HEAP_ALLOCATE|[78]|Bytes:4
13:46:29.0 (35671220)|VARIABLE_ASSIGNMENT|[78]|t|46800000
13:46:29.0 (35675867)|STATEMENT_EXECUTE|[79]
13:46:29.0 (35681423)|HEAP_ALLOCATE|[79]|Bytes:28
13:46:29.0 (35694033)|HEAP_ALLOCATE|[79]|Bytes:28
13:46:29.0 (35706115)|VARIABLE_ASSIGNMENT|[79]|i1|1.0
13:46:29.0 (35710520)|STATEMENT_EXECUTE|[80]
13:46:29.0 (35739500)|VARIABLE_ASSIGNMENT|[EXTERNAL]|this|{"aptdum":"0x1baed50d","Docdum":"0x5ed1ea5c","Docmap":"0x576aac85","Initialselected":0,"Selecteddoc":"a260H000001koYjQAI","SelectedtimeSlot":30,"timelist":"0x6eee637f","timewraplist":"0x161fcc00","timewraplistInitial":"0x5556900d"}|0x3c59a409
13:46:29.0 (35755814)|HEAP_ALLOCATE|[EXTERNAL]|Bytes:4
13:46:29.0 (35768914)|STATEMENT_EXECUTE|[82]
13:46:29.0 (35770647)|STATEMENT_EXECUTE|[83]
13:46:29.0 (35795479)|VARIABLE_ASSIGNMENT|[EXTERNAL]|this|{"aptdum":"0x1baed50d","Docdum":"0x5ed1ea5c","Docmap":"0x576aac85","Initialselected":0,"Selecteddoc":"a260H000001koYjQAI","SelectedtimeSlot":30,"timelist":"0x6eee637f","timewraplist":"0x161fcc00","timewraplistInitial":"0x5556900d"}|0x3c59a409
13:46:29.0 (35808635)|HEAP_ALLOCATE|[83]|Bytes:12
13:46:29.0 (35820567)|CONSTRUCTOR_ENTRY|[83]|01p0H000007gCe8|<init>(Boolean,Time)
13:46:29.0 (35826245)|VARIABLE_SCOPE_BEGIN|[178]|this|docappcontroller.Wrapertimeslot|true|false
13:46:29.0 (35840217)|VARIABLE_ASSIGNMENT|[178]|this|{}|0x6339cb1e
13:46:29.0 (35847186)|VARIABLE_SCOPE_BEGIN|[178]|selection|Boolean|false|false
13:46:29.0 (35855181)|VARIABLE_ASSIGNMENT|[178]|selection|false
13:46:29.0 (35859262)|VARIABLE_SCOPE_BEGIN|[178]|tm|Time|false|false
13:46:29.0 (35867673)|VARIABLE_ASSIGNMENT|[178]|tm|46800000
13:46:29.0 (35872385)|STATEMENT_EXECUTE|[174]
13:46:29.0 (35874054)|STATEMENT_EXECUTE|[175]
13:46:29.0 (35875686)|STATEMENT_EXECUTE|[176]
13:46:29.0 (35885096)|STATEMENT_EXECUTE|[178]
13:46:29.0 (35886858)|STATEMENT_EXECUTE|[179]
13:46:29.0 (35898214)|VARIABLE_ASSIGNMENT|[EXTERNAL]|this|{}|0x6339cb1e
13:46:29.0 (35907453)|VARIABLE_ASSIGNMENT|[EXTERNAL]|value|false
13:46:29.0 (35913502)|HEAP_ALLOCATE|[175]|Bytes:5
13:46:29.0 (35919686)|VARIABLE_ASSIGNMENT|[175]|this.selected|false|0x6339cb1e
13:46:29.0 (35927618)|STATEMENT_EXECUTE|[180]
13:46:29.0 (35938713)|VARIABLE_ASSIGNMENT|[EXTERNAL]|this|{"selected":false}|0x6339cb1e
13:46:29.0 (35947532)|VARIABLE_ASSIGNMENT|[EXTERNAL]|value|46800000
13:46:29.0 (35955148)|VARIABLE_ASSIGNMENT|[176]|this.t|46800000|0x6339cb1e
13:46:29.0 (35968927)|CONSTRUCTOR_EXIT|[83]|01p0H000007gCe8|<init>(Boolean,Time)
13:46:29.0 (35978194)|HEAP_ALLOCATE|[EXTERNAL]|Bytes:4
13:46:29.0 (35989279)|HEAP_ALLOCATE|[76]|Bytes:28
13:46:29.0 (35993479)|HEAP_ALLOCATE|[76]|Bytes:28
13:46:29.0 (36011428)|STATEMENT_EXECUTE|[76]
13:46:29.0 (36013936)|STATEMENT_EXECUTE|[77]
13:46:29.0 (36022450)|USER_DEBUG|[77]|DEBUG|13:00:00.000Z
13:46:29.0 (36030061)|STATEMENT_EXECUTE|[78]
13:46:29.0 (36039199)|HEAP_ALLOCATE|[78]|Bytes:4
13:46:29.0 (36051956)|VARIABLE_ASSIGNMENT|[78]|t|48600000
13:46:29.0 (36057379)|STATEMENT_EXECUTE|[79]
13:46:29.0 (36062110)|HEAP_ALLOCATE|[79]|Bytes:28
13:46:29.0 (36073802)|HEAP_ALLOCATE|[79]|Bytes:28
13:46:29.0 (36084843)|VARIABLE_ASSIGNMENT|[79]|i1|1.5
13:46:29.0 (36089989)|STATEMENT_EXECUTE|[80]
13:46:29.0 (36119909)|VARIABLE_ASSIGNMENT|[EXTERNAL]|this|{"aptdum":"0x1baed50d","Docdum":"0x5ed1ea5c","Docmap":"0x576aac85","Initialselected":0,"Selecteddoc":"a260H000001koYjQAI","SelectedtimeSlot":30,"timelist":"0x6eee637f","timewraplist":"0x161fcc00","timewraplistInitial":"0x5556900d"}|0x3c59a409
13:46:29.0 (36134993)|HEAP_ALLOCATE|[EXTERNAL]|Bytes:4
13:46:29.0 (36147993)|STATEMENT_EXECUTE|[82]
13:46:29.0 (36149686)|STATEMENT_EXECUTE|[83]
13:46:29.0 (36174312)|VARIABLE_ASSIGNMENT|[EXTERNAL]|this|{"aptdum":"0x1baed50d","Docdum":"0x5ed1ea5c","Docmap":"0x576aac85","Initialselected":0,"Selecteddoc":"a260H000001koYjQAI","SelectedtimeSlot":30,"timelist":"0x6eee637f","timewraplist":"0x161fcc00","timewraplistInitial":"0x5556900d"}|0x3c59a409
13:46:29.0 (36186895)|HEAP_ALLOCATE|[83]|Bytes:12
13:46:29.0 (36198336)|CONSTRUCTOR_ENTRY|[83]|01p0H000007gCe8|<init>(Boolean,Time)
13:46:29.0 (36204304)|VARIABLE_SCOPE_BEGIN|[178]|this|docappcontroller.Wrapertimeslot|true|false
13:46:29.0 (36216951)|VARIABLE_ASSIGNMENT|[178]|this|{}|0x507724b5
13:46:29.0 (36223456)|VARIABLE_SCOPE_BEGIN|[178]|selection|Boolean|false|false
13:46:29.0 (36231892)|VARIABLE_ASSIGNMENT|[178]|selection|false
13:46:29.0 (36235803)|VARIABLE_SCOPE_BEGIN|[178]|tm|Time|false|false
13:46:29.0 (36243853)|VARIABLE_ASSIGNMENT|[178]|tm|48600000
13:46:29.0 (36248669)|STATEMENT_EXECUTE|[174]
13:46:29.0 (36250761)|STATEMENT_EXECUTE|[175]
13:46:29.0 (36252371)|STATEMENT_EXECUTE|[176]
13:46:29.0 (36261355)|STATEMENT_EXECUTE|[178]
13:46:29.0 (36263122)|STATEMENT_EXECUTE|[179]
13:46:29.0 (36274814)|VARIABLE_ASSIGNMENT|[EXTERNAL]|this|{}|0x507724b5
13:46:29.0 (36283943)|VARIABLE_ASSIGNMENT|[EXTERNAL]|value|false
13:46:29.0 (36289312)|HEAP_ALLOCATE|[175]|Bytes:5
13:46:29.0 (36295545)|VARIABLE_ASSIGNMENT|[175]|this.selected|false|0x507724b5
13:46:29.0 (36303072)|STATEMENT_EXECUTE|[180]
13:46:29.0 (36314407)|VARIABLE_ASSIGNMENT|[EXTERNAL]|this|{"selected":false}|0x507724b5
13:46:29.0 (36323840)|VARIABLE_ASSIGNMENT|[EXTERNAL]|value|48600000
13:46:29.0 (36332206)|VARIABLE_ASSIGNMENT|[176]|this.t|48600000|0x507724b5
13:46:29.0 (36346135)|CONSTRUCTOR_EXIT|[83]|01p0H000007gCe8|<init>(Boolean,Time)
13:46:29.0 (36355308)|HEAP_ALLOCATE|[EXTERNAL]|Bytes:4
13:46:29.0 (36366318)|HEAP_ALLOCATE|[76]|Bytes:28
13:46:29.0 (36370301)|HEAP_ALLOCATE|[76]|Bytes:28
13:46:29.0 (36387669)|STATEMENT_EXECUTE|[76]
13:46:29.0 (36389564)|STATEMENT_EXECUTE|[77]
13:46:29.0 (36398704)|USER_DEBUG|[77]|DEBUG|13:30:00.000Z
13:46:29.0 (36406179)|STATEMENT_EXECUTE|[78]
13:46:29.0 (36415298)|HEAP_ALLOCATE|[78]|Bytes:4
13:46:29.0 (36428602)|VARIABLE_ASSIGNMENT|[78]|t|50400000
13:46:29.0 (36433598)|STATEMENT_EXECUTE|[79]
13:46:29.0 (36438217)|HEAP_ALLOCATE|[79]|Bytes:28
13:46:29.0 (36449929)|HEAP_ALLOCATE|[79]|Bytes:28
13:46:29.0 (36461712)|VARIABLE_ASSIGNMENT|[79]|i1|2.0
13:46:29.0 (36466576)|STATEMENT_EXECUTE|[80]
13:46:29.0 (36495137)|VARIABLE_ASSIGNMENT|[EXTERNAL]|this|{"aptdum":"0x1baed50d","Docdum":"0x5ed1ea5c","Docmap":"0x576aac85","Initialselected":0,"Selecteddoc":"a260H000001koYjQAI","SelectedtimeSlot":30,"timelist":"0x6eee637f","timewraplist":"0x161fcc00","timewraplistInitial":"0x5556900d"}|0x3c59a409
13:46:29.0 (36509825)|HEAP_ALLOCATE|[EXTERNAL]|Bytes:4
13:46:29.0 (36522504)|STATEMENT_EXECUTE|[82]
13:46:29.0 (36524183)|STATEMENT_EXECUTE|[83]
13:46:29.0 (36555539)|VARIABLE_ASSIGNMENT|[EXTERNAL]|this|{"aptdum":"0x1baed50d","Docdum":"0x5ed1ea5c","Docmap":"0x576aac85","Initialselected":0,"Selecteddoc":"a260H000001koYjQAI","SelectedtimeSlot":30,"timelist":"0x6eee637f","timewraplist":"0x161fcc00","timewraplistInitial":"0x5556900d"}|0x3c59a409
13:46:29.0 (36569324)|HEAP_ALLOCATE|[83]|Bytes:12
13:46:29.0 (36580843)|CONSTRUCTOR_ENTRY|[83]|01p0H000007gCe8|<init>(Boolean,Time)
13:46:29.0 (36587066)|VARIABLE_SCOPE_BEGIN|[178]|this|docappcontroller.Wrapertimeslot|true|false
13:46:29.0 (36600263)|VARIABLE_ASSIGNMENT|[178]|this|{}|0x6aa33395
13:46:29.0 (36606736)|VARIABLE_SCOPE_BEGIN|[178]|selection|Boolean|false|false
13:46:29.0 (36614447)|VARIABLE_ASSIGNMENT|[178]|selection|false
13:46:29.0 (36619246)|VARIABLE_SCOPE_BEGIN|[178]|tm|Time|false|false
13:46:29.0 (36627999)|VARIABLE_ASSIGNMENT|[178]|tm|50400000
13:46:29.0 (36632434)|STATEMENT_EXECUTE|[174]
13:46:29.0 (36634045)|STATEMENT_EXECUTE|[175]
13:46:29.0 (36635709)|STATEMENT_EXECUTE|[176]
13:46:29.0 (36644922)|STATEMENT_EXECUTE|[178]
13:46:29.0 (36646659)|STATEMENT_EXECUTE|[179]
13:46:29.0 (36658358)|VARIABLE_ASSIGNMENT|[EXTERNAL]|this|{}|0x6aa33395
13:46:29.0 (36668327)|VARIABLE_ASSIGNMENT|[EXTERNAL]|value|false
13:46:29.0 (36675173)|HEAP_ALLOCATE|[175]|Bytes:5
13:46:29.0 (36681802)|VARIABLE_ASSIGNMENT|[175]|this.selected|false|0x6aa33395
13:46:29.0 (36689839)|STATEMENT_EXECUTE|[180]
13:46:29.0 (36701162)|VARIABLE_ASSIGNMENT|[EXTERNAL]|this|{"selected":false}|0x6aa33395
13:46:29.0 (36710199)|VARIABLE_ASSIGNMENT|[EXTERNAL]|value|50400000
13:46:29.0 (36717545)|VARIABLE_ASSIGNMENT|[176]|this.t|50400000|0x6aa33395
13:46:29.0 (36731014)|CONSTRUCTOR_EXIT|[83]|01p0H000007gCe8|<init>(Boolean,Time)
13:46:29.0 (36740617)|HEAP_ALLOCATE|[EXTERNAL]|Bytes:4
13:46:29.0 (36751838)|HEAP_ALLOCATE|[76]|Bytes:28
13:46:29.0 (36755872)|HEAP_ALLOCATE|[76]|Bytes:28
13:46:29.0 (36773976)|STATEMENT_EXECUTE|[76]
13:46:29.0 (36775847)|STATEMENT_EXECUTE|[77]
13:46:29.0 (36784796)|USER_DEBUG|[77]|DEBUG|14:00:00.000Z
13:46:29.0 (36792664)|STATEMENT_EXECUTE|[78]
13:46:29.0 (36801760)|HEAP_ALLOCATE|[78]|Bytes:4
13:46:29.0 (36815004)|VARIABLE_ASSIGNMENT|[78]|t|52200000
13:46:29.0 (36819562)|STATEMENT_EXECUTE|[79]
13:46:29.0 (36824220)|HEAP_ALLOCATE|[79]|Bytes:28
13:46:29.0 (36836409)|HEAP_ALLOCATE|[79]|Bytes:28
13:46:29.0 (36847972)|VARIABLE_ASSIGNMENT|[79]|i1|2.5
13:46:29.0 (36852956)|STATEMENT_EXECUTE|[80]
13:46:29.0 (36882588)|VARIABLE_ASSIGNMENT|[EXTERNAL]|this|{"aptdum":"0x1baed50d","Docdum":"0x5ed1ea5c","Docmap":"0x576aac85","Initialselected":0,"Selecteddoc":"a260H000001koYjQAI","SelectedtimeSlot":30,"timelist":"0x6eee637f","timewraplist":"0x161fcc00","timewraplistInitial":"0x5556900d"}|0x3c59a409
13:46:29.0 (36897996)|HEAP_ALLOCATE|[EXTERNAL]|Bytes:4
13:46:29.0 (36910746)|STATEMENT_EXECUTE|[82]
13:46:29.0 (36912485)|STATEMENT_EXECUTE|[83]
13:46:29.0 (36937473)|VARIABLE_ASSIGNMENT|[EXTERNAL]|this|{"aptdum":"0x1baed50d","Docdum":"0x5ed1ea5c","Docmap":"0x576aac85","Initialselected":0,"Selecteddoc":"a260H000001koYjQAI","SelectedtimeSlot":30,"timelist":"0x6eee637f","timewraplist":"0x161fcc00","timewraplistInitial":"0x5556900d"}|0x3c59a409
13:46:29.0 (36950253)|HEAP_ALLOCATE|[83]|Bytes:12
13:46:29.0 (36964107)|CONSTRUCTOR_ENTRY|[83]|01p0H000007gCe8|<init>(Boolean,Time)
13:46:29.0 (36972996)|VARIABLE_SCOPE_BEGIN|[178]|this|docappcontroller.Wrapertimeslot|true|false
13:46:29.0 (36989365)|VARIABLE_ASSIGNMENT|[178]|this|{}|0x6336dab
13:46:29.0 (36996696)|VARIABLE_SCOPE_BEGIN|[178]|selection|Boolean|false|false
13:46:29.0 (37004946)|VARIABLE_ASSIGNMENT|[178]|selection|false
13:46:29.0 (37009986)|VARIABLE_SCOPE_BEGIN|[178]|tm|Time|false|false
13:46:29.0 (37018603)|VARIABLE_ASSIGNMENT|[178]|tm|52200000
13:46:29.0 (37023844)|STATEMENT_EXECUTE|[174]
13:46:29.0 (37025484)|STATEMENT_EXECUTE|[175]
13:46:29.0 (37027134)|STATEMENT_EXECUTE|[176]
13:46:29.0 (37036612)|STATEMENT_EXECUTE|[178]
13:46:29.0 (37038478)|STATEMENT_EXECUTE|[179]
13:46:29.0 (37049895)|VARIABLE_ASSIGNMENT|[EXTERNAL]|this|{}|0x6336dab
13:46:29.0 (37059079)|VARIABLE_ASSIGNMENT|[EXTERNAL]|value|false
13:46:29.0 (37064578)|HEAP_ALLOCATE|[175]|Bytes:5
13:46:29.0 (37071341)|VARIABLE_ASSIGNMENT|[175]|this.selected|false|0x6336dab
13:46:29.0 (37078871)|STATEMENT_EXECUTE|[180]
13:46:29.0 (37090395)|VARIABLE_ASSIGNMENT|[EXTERNAL]|this|{"selected":false}|0x6336dab
13:46:29.0 (37099686)|VARIABLE_ASSIGNMENT|[EXTERNAL]|value|52200000
13:46:29.0 (37107854)|VARIABLE_ASSIGNMENT|[176]|this.t|52200000|0x6336dab
13:46:29.0 (37121572)|CONSTRUCTOR_EXIT|[83]|01p0H000007gCe8|<init>(Boolean,Time)
13:46:29.0 (37131653)|HEAP_ALLOCATE|[EXTERNAL]|Bytes:4
13:46:29.0 (37143775)|HEAP_ALLOCATE|[76]|Bytes:28
13:46:29.0 (37147883)|HEAP_ALLOCATE|[76]|Bytes:28
13:46:29.0 (37166931)|STATEMENT_EXECUTE|[76]
13:46:29.0 (37169000)|STATEMENT_EXECUTE|[77]
13:46:29.0 (37178146)|USER_DEBUG|[77]|DEBUG|14:30:00.000Z
13:46:29.0 (37185530)|STATEMENT_EXECUTE|[78]
13:46:29.0 (37194484)|HEAP_ALLOCATE|[78]|Bytes:4
13:46:29.0 (37207499)|VARIABLE_ASSIGNMENT|[78]|t|54000000
13:46:29.0 (37212492)|STATEMENT_EXECUTE|[79]
13:46:29.0 (37217183)|HEAP_ALLOCATE|[79]|Bytes:28
13:46:29.0 (37229478)|HEAP_ALLOCATE|[79]|Bytes:28
13:46:29.0 (37240931)|VARIABLE_ASSIGNMENT|[79]|i1|3.0
13:46:29.0 (37245727)|STATEMENT_EXECUTE|[80]
13:46:29.0 (37275217)|VARIABLE_ASSIGNMENT|[EXTERNAL]|this|{"aptdum":"0x1baed50d","Docdum":"0x5ed1ea5c","Docmap":"0x576aac85","Initialselected":0,"Selecteddoc":"a260H000001koYjQAI","SelectedtimeSlot":30,"timelist":"0x6eee637f","timewraplist":"0x161fcc00","timewraplistInitial":"0x5556900d"}|0x3c59a409
13:46:29.0 (37291040)|HEAP_ALLOCATE|[EXTERNAL]|Bytes:4
13:46:29.0 (37304013)|STATEMENT_EXECUTE|[84]
13:46:29.0 (37305709)|STATEMENT_EXECUTE|[85]
13:46:29.0 (37341804)|VARIABLE_ASSIGNMENT|[EXTERNAL]|this|{"aptdum":"0x1baed50d","Docdum":"0x5ed1ea5c","Docmap":"0x576aac85","Initialselected":0,"Selecteddoc":"a260H000001koYjQAI","SelectedtimeSlot":30,"timelist":"0x6eee637f","timewraplist":"0x161fcc00","timewraplistInitial":"0x5556900d"}|0x3c59a409
13:46:29.0 (37355737)|HEAP_ALLOCATE|[85]|Bytes:12
13:46:29.0 (37369109)|CONSTRUCTOR_ENTRY|[85]|01p0H000007gCe8|<init>(Boolean,Time)
13:46:29.0 (37375142)|VARIABLE_SCOPE_BEGIN|[178]|this|docappcontroller.Wrapertimeslot|true|false
13:46:29.0 (37388245)|VARIABLE_ASSIGNMENT|[178]|this|{}|0x1b736052
13:46:29.0 (37395074)|VARIABLE_SCOPE_BEGIN|[178]|selection|Boolean|false|false
13:46:29.0 (37403324)|VARIABLE_ASSIGNMENT|[178]|selection|true
13:46:29.0 (37407658)|VARIABLE_SCOPE_BEGIN|[178]|tm|Time|false|false
13:46:29.0 (37416049)|VARIABLE_ASSIGNMENT|[178]|tm|54000000
13:46:29.0 (37420734)|STATEMENT_EXECUTE|[174]
13:46:29.0 (37422658)|STATEMENT_EXECUTE|[175]
13:46:29.0 (37424447)|STATEMENT_EXECUTE|[176]
13:46:29.0 (37433383)|STATEMENT_EXECUTE|[178]
13:46:29.0 (37435109)|STATEMENT_EXECUTE|[179]
13:46:29.0 (37446951)|VARIABLE_ASSIGNMENT|[EXTERNAL]|this|{}|0x1b736052
13:46:29.0 (37456444)|VARIABLE_ASSIGNMENT|[EXTERNAL]|value|true
13:46:29.0 (37462544)|HEAP_ALLOCATE|[175]|Bytes:5
13:46:29.0 (37468762)|VARIABLE_ASSIGNMENT|[175]|this.selected|true|0x1b736052
13:46:29.0 (37476568)|STATEMENT_EXECUTE|[180]
13:46:29.0 (37488074)|VARIABLE_ASSIGNMENT|[EXTERNAL]|this|{"selected":true}|0x1b736052
13:46:29.0 (37497074)|VARIABLE_ASSIGNMENT|[EXTERNAL]|value|54000000
13:46:29.0 (37504738)|VARIABLE_ASSIGNMENT|[176]|this.t|54000000|0x1b736052
13:46:29.0 (37518674)|CONSTRUCTOR_EXIT|[85]|01p0H000007gCe8|<init>(Boolean,Time)
13:46:29.0 (37530144)|HEAP_ALLOCATE|[EXTERNAL]|Bytes:4
13:46:29.0 (37535566)|STATEMENT_EXECUTE|[86]
13:46:29.0 (37546356)|HEAP_ALLOCATE|[86]|Bytes:4
13:46:29.0 (37554294)|VARIABLE_ASSIGNMENT|[86]|this.Initialselected|1|0x3c59a409
13:46:29.0 (37566066)|HEAP_ALLOCATE|[76]|Bytes:28
13:46:29.0 (37569799)|HEAP_ALLOCATE|[76]|Bytes:28
13:46:29.0 (37588963)|STATEMENT_EXECUTE|[76]
13:46:29.0 (37590869)|STATEMENT_EXECUTE|[77]
13:46:29.0 (37600278)|USER_DEBUG|[77]|DEBUG|15:00:00.000Z
13:46:29.0 (37607498)|STATEMENT_EXECUTE|[78]
13:46:29.0 (37616781)|HEAP_ALLOCATE|[78]|Bytes:4
13:46:29.0 (37630084)|VARIABLE_ASSIGNMENT|[78]|t|55800000
13:46:29.0 (37635022)|STATEMENT_EXECUTE|[79]
13:46:29.0 (37639784)|HEAP_ALLOCATE|[79]|Bytes:28
13:46:29.0 (37651919)|HEAP_ALLOCATE|[79]|Bytes:28
13:46:29.0 (37662829)|VARIABLE_ASSIGNMENT|[79]|i1|3.5
13:46:29.0 (37667151)|STATEMENT_EXECUTE|[80]
13:46:29.0 (37697356)|VARIABLE_ASSIGNMENT|[EXTERNAL]|this|{"aptdum":"0x1baed50d","Docdum":"0x5ed1ea5c","Docmap":"0x576aac85","Initialselected":1,"Selecteddoc":"a260H000001koYjQAI","SelectedtimeSlot":30,"timelist":"0x6eee637f","timewraplist":"0x161fcc00","timewraplistInitial":"0x5556900d"}|0x3c59a409
13:46:29.0 (37712275)|HEAP_ALLOCATE|[EXTERNAL]|Bytes:4
13:46:29.0 (37724988)|STATEMENT_EXECUTE|[84]
13:46:29.0 (37726788)|STATEMENT_EXECUTE|[85]
13:46:29.0 (37751753)|VARIABLE_ASSIGNMENT|[EXTERNAL]|this|{"aptdum":"0x1baed50d","Docdum":"0x5ed1ea5c","Docmap":"0x576aac85","Initialselected":1,"Selecteddoc":"a260H000001koYjQAI","SelectedtimeSlot":30,"timelist":"0x6eee637f","timewraplist":"0x161fcc00","timewraplistInitial":"0x5556900d"}|0x3c59a409
13:46:29.0 (37764811)|HEAP_ALLOCATE|[85]|Bytes:12
13:46:29.0 (37776223)|CONSTRUCTOR_ENTRY|[85]|01p0H000007gCe8|<init>(Boolean,Time)
13:46:29.0 (37781728)|VARIABLE_SCOPE_BEGIN|[178]|this|docappcontroller.Wrapertimeslot|true|false
13:46:29.0 (37794966)|VARIABLE_ASSIGNMENT|[178]|this|{}|0x1f7950bb
13:46:29.0 (37801435)|VARIABLE_SCOPE_BEGIN|[178]|selection|Boolean|false|false
13:46:29.0 (37809628)|VARIABLE_ASSIGNMENT|[178]|selection|true
13:46:29.0 (37814087)|VARIABLE_SCOPE_BEGIN|[178]|tm|Time|false|false
13:46:29.0 (37822777)|VARIABLE_ASSIGNMENT|[178]|tm|55800000
13:46:29.0 (37827310)|STATEMENT_EXECUTE|[174]
13:46:29.0 (37828985)|STATEMENT_EXECUTE|[175]
13:46:29.0 (37830610)|STATEMENT_EXECUTE|[176]
13:46:29.0 (37839665)|STATEMENT_EXECUTE|[178]
13:46:29.0 (37841413)|STATEMENT_EXECUTE|[179]
13:46:29.0 (37852550)|VARIABLE_ASSIGNMENT|[EXTERNAL]|this|{}|0x1f7950bb
13:46:29.0 (37862190)|VARIABLE_ASSIGNMENT|[EXTERNAL]|value|true
13:46:29.0 (37868153)|HEAP_ALLOCATE|[175]|Bytes:5
13:46:29.0 (37874261)|VARIABLE_ASSIGNMENT|[175]|this.selected|true|0x1f7950bb
13:46:29.0 (37881694)|STATEMENT_EXECUTE|[180]
13:46:29.0 (37892884)|VARIABLE_ASSIGNMENT|[EXTERNAL]|this|{"selected":true}|0x1f7950bb
13:46:29.0 (37901553)|VARIABLE_ASSIGNMENT|[EXTERNAL]|value|55800000
13:46:29.0 (37909103)|VARIABLE_ASSIGNMENT|[176]|this.t|55800000|0x1f7950bb
13:46:29.0 (37922501)|CONSTRUCTOR_EXIT|[85]|01p0H000007gCe8|<init>(Boolean,Time)
13:46:29.0 (37932029)|HEAP_ALLOCATE|[EXTERNAL]|Bytes:4
13:46:29.0 (37937784)|STATEMENT_EXECUTE|[86]
13:46:29.0 (37942112)|HEAP_ALLOCATE|[86]|Bytes:4
13:46:29.0 (37949510)|VARIABLE_ASSIGNMENT|[86]|this.Initialselected|2|0x3c59a409
13:46:29.0 (37961011)|HEAP_ALLOCATE|[76]|Bytes:28
13:46:29.0 (37964837)|HEAP_ALLOCATE|[76]|Bytes:28
13:46:29.0 (37983904)|STATEMENT_EXECUTE|[76]
13:46:29.0 (37985828)|STATEMENT_EXECUTE|[77]
13:46:29.0 (37994894)|USER_DEBUG|[77]|DEBUG|15:30:00.000Z
13:46:29.0 (38002211)|STATEMENT_EXECUTE|[78]
13:46:29.0 (38012060)|HEAP_ALLOCATE|[78]|Bytes:4
13:46:29.0 (38025813)|VARIABLE_ASSIGNMENT|[78]|t|57600000
13:46:29.0 (38030793)|STATEMENT_EXECUTE|[79]
13:46:29.0 (38035551)|HEAP_ALLOCATE|[79]|Bytes:28
13:46:29.0 (38047702)|HEAP_ALLOCATE|[79]|Bytes:28
13:46:29.0 (38058750)|VARIABLE_ASSIGNMENT|[79]|i1|4.0
13:46:29.0 (38064527)|STATEMENT_EXECUTE|[80]
13:46:29.0 (38093197)|VARIABLE_ASSIGNMENT|[EXTERNAL]|this|{"aptdum":"0x1baed50d","Docdum":"0x5ed1ea5c","Docmap":"0x576aac85","Initialselected":2,"Selecteddoc":"a260H000001koYjQAI","SelectedtimeSlot":30,"timelist":"0x6eee637f","timewraplist":"0x161fcc00","timewraplistInitial":"0x5556900d"}|0x3c59a409
13:46:29.0 (38108291)|HEAP_ALLOCATE|[EXTERNAL]|Bytes:4
13:46:29.0 (38120392)|STATEMENT_EXECUTE|[84]
13:46:29.0 (38122191)|STATEMENT_EXECUTE|[85]
13:46:29.0 (38147512)|VARIABLE_ASSIGNMENT|[EXTERNAL]|this|{"aptdum":"0x1baed50d","Docdum":"0x5ed1ea5c","Docmap":"0x576aac85","Initialselected":2,"Selecteddoc":"a260H000001koYjQAI","SelectedtimeSlot":30,"timelist":"0x6eee637f","timewraplist":"0x161fcc00","timewraplistInitial":"0x5556900d"}|0x3c59a409
13:46:29.0 (38160607)|HEAP_ALLOCATE|[85]|Bytes:12
13:46:29.0 (38172167)|CONSTRUCTOR_ENTRY|[85]|01p0H000007gCe8|<init>(Boolean,Time)
13:46:29.0 (38177898)|VARIABLE_SCOPE_BEGIN|[178]|this|docappcontroller.Wrapertimeslot|true|false
13:46:29.0 (38190505)|VARIABLE_ASSIGNMENT|[178]|this|{}|0x6f6c1309
13:46:29.0 (38197040)|VARIABLE_SCOPE_BEGIN|[178]|selection|Boolean|false|false
13:46:29.0 (38205201)|VARIABLE_ASSIGNMENT|[178]|selection|true
13:46:29.0 (38209083)|VARIABLE_SCOPE_BEGIN|[178]|tm|Time|false|false
13:46:29.0 (38217076)|VARIABLE_ASSIGNMENT|[178]|tm|57600000
13:46:29.0 (38221419)|STATEMENT_EXECUTE|[174]
13:46:29.0 (38223040)|STATEMENT_EXECUTE|[175]
13:46:29.0 (38224762)|STATEMENT_EXECUTE|[176]
13:46:29.0 (38233136)|STATEMENT_EXECUTE|[178]
13:46:29.0 (38234855)|STATEMENT_EXECUTE|[179]
13:46:29.0 (38245817)|VARIABLE_ASSIGNMENT|[EXTERNAL]|this|{}|0x6f6c1309
13:46:29.0 (38254781)|VARIABLE_ASSIGNMENT|[EXTERNAL]|value|true
13:46:29.0 (38260371)|HEAP_ALLOCATE|[175]|Bytes:5
13:46:29.0 (38266527)|VARIABLE_ASSIGNMENT|[175]|this.selected|true|0x6f6c1309
13:46:29.0 (38274724)|STATEMENT_EXECUTE|[180]
13:46:29.0 (38286111)|VARIABLE_ASSIGNMENT|[EXTERNAL]|this|{"selected":true}|0x6f6c1309
13:46:29.0 (38295758)|VARIABLE_ASSIGNMENT|[EXTERNAL]|value|57600000
13:46:29.0 (38303403)|VARIABLE_ASSIGNMENT|[176]|this.t|57600000|0x6f6c1309
13:46:29.0 (38316254)|CONSTRUCTOR_EXIT|[85]|01p0H000007gCe8|<init>(Boolean,Time)
13:46:29.0 (38325840)|HEAP_ALLOCATE|[EXTERNAL]|Bytes:4
13:46:29.0 (38331508)|STATEMENT_EXECUTE|[86]
13:46:29.0 (38335484)|HEAP_ALLOCATE|[86]|Bytes:4
13:46:29.0 (38342241)|VARIABLE_ASSIGNMENT|[86]|this.Initialselected|3|0x3c59a409
13:46:29.0 (38352971)|HEAP_ALLOCATE|[76]|Bytes:28
13:46:29.0 (38356955)|HEAP_ALLOCATE|[76]|Bytes:28
13:46:29.0 (38375644)|STATEMENT_EXECUTE|[76]
13:46:29.0 (38377541)|STATEMENT_EXECUTE|[77]
13:46:29.0 (38385983)|USER_DEBUG|[77]|DEBUG|16:00:00.000Z
13:46:29.0 (38393897)|STATEMENT_EXECUTE|[78]
13:46:29.0 (38402840)|HEAP_ALLOCATE|[78]|Bytes:4
13:46:29.0 (38416346)|VARIABLE_ASSIGNMENT|[78]|t|59400000
13:46:29.0 (38421814)|STATEMENT_EXECUTE|[79]
13:46:29.0 (38426600)|HEAP_ALLOCATE|[79]|Bytes:28
13:46:29.0 (38438967)|HEAP_ALLOCATE|[79]|Bytes:28
13:46:29.0 (38450456)|VARIABLE_ASSIGNMENT|[79]|i1|4.5
13:46:29.0 (38455396)|STATEMENT_EXECUTE|[80]
13:46:29.0 (38483868)|VARIABLE_ASSIGNMENT|[EXTERNAL]|this|{"aptdum":"0x1baed50d","Docdum":"0x5ed1ea5c","Docmap":"0x576aac85","Initialselected":3,"Selecteddoc":"a260H000001koYjQAI","SelectedtimeSlot":30,"timelist":"0x6eee637f","timewraplist":"0x161fcc00","timewraplistInitial":"0x5556900d"}|0x3c59a409
13:46:29.0 (38498721)|HEAP_ALLOCATE|[EXTERNAL]|Bytes:4
13:46:29.0 (38511249)|STATEMENT_EXECUTE|[84]
13:46:29.0 (38513006)|STATEMENT_EXECUTE|[85]
13:46:29.0 (38541288)|VARIABLE_ASSIGNMENT|[EXTERNAL]|this|{"aptdum":"0x1baed50d","Docdum":"0x5ed1ea5c","Docmap":"0x576aac85","Initialselected":3,"Selecteddoc":"a260H000001koYjQAI","SelectedtimeSlot":30,"timelist":"0x6eee637f","timewraplist":"0x161fcc00","timewraplistInitial":"0x5556900d"}|0x3c59a409
13:46:29.0 (38555449)|HEAP_ALLOCATE|[85]|Bytes:12
13:46:29.0 (38566975)|CONSTRUCTOR_ENTRY|[85]|01p0H000007gCe8|<init>(Boolean,Time)
13:46:29.0 (38573058)|VARIABLE_SCOPE_BEGIN|[178]|this|docappcontroller.Wrapertimeslot|true|false
13:46:29.0 (38586865)|VARIABLE_ASSIGNMENT|[178]|this|{}|0x23dd4612
13:46:29.0 (38593329)|VARIABLE_SCOPE_BEGIN|[178]|selection|Boolean|false|false
13:46:29.0 (38600935)|VARIABLE_ASSIGNMENT|[178]|selection|true
13:46:29.0 (38604607)|VARIABLE_SCOPE_BEGIN|[178]|tm|Time|false|false
13:46:29.0 (38612283)|VARIABLE_ASSIGNMENT|[178]|tm|59400000
13:46:29.0 (38616883)|STATEMENT_EXECUTE|[174]
13:46:29.0 (38618525)|STATEMENT_EXECUTE|[175]
13:46:29.0 (38620181)|STATEMENT_EXECUTE|[176]
13:46:29.0 (38628781)|STATEMENT_EXECUTE|[178]
13:46:29.0 (38630497)|STATEMENT_EXECUTE|[179]
13:46:29.0 (38641529)|VARIABLE_ASSIGNMENT|[EXTERNAL]|this|{}|0x23dd4612
13:46:29.0 (38650946)|VARIABLE_ASSIGNMENT|[EXTERNAL]|value|true
13:46:29.0 (38656162)|HEAP_ALLOCATE|[175]|Bytes:5
13:46:29.0 (38662361)|VARIABLE_ASSIGNMENT|[175]|this.selected|true|0x23dd4612
13:46:29.0 (38669824)|STATEMENT_EXECUTE|[180]
13:46:29.0 (38680892)|VARIABLE_ASSIGNMENT|[EXTERNAL]|this|{"selected":true}|0x23dd4612
13:46:29.0 (38690317)|VARIABLE_ASSIGNMENT|[EXTERNAL]|value|59400000
13:46:29.0 (38697956)|VARIABLE_ASSIGNMENT|[176]|this.t|59400000|0x23dd4612
13:46:29.0 (38712081)|CONSTRUCTOR_EXIT|[85]|01p0H000007gCe8|<init>(Boolean,Time)
13:46:29.0 (38721097)|HEAP_ALLOCATE|[EXTERNAL]|Bytes:4
13:46:29.0 (38726634)|STATEMENT_EXECUTE|[86]
13:46:29.0 (38730523)|HEAP_ALLOCATE|[86]|Bytes:4
13:46:29.0 (38737415)|VARIABLE_ASSIGNMENT|[86]|this.Initialselected|4|0x3c59a409
13:46:29.0 (38748007)|HEAP_ALLOCATE|[76]|Bytes:28
13:46:29.0 (38751674)|HEAP_ALLOCATE|[76]|Bytes:28
13:46:29.0 (38770502)|STATEMENT_EXECUTE|[76]
13:46:29.0 (38772488)|STATEMENT_EXECUTE|[77]
13:46:29.0 (38780981)|USER_DEBUG|[77]|DEBUG|16:30:00.000Z
13:46:29.0 (38788335)|STATEMENT_EXECUTE|[78]
13:46:29.0 (38797172)|HEAP_ALLOCATE|[78]|Bytes:4
13:46:29.0 (38810241)|VARIABLE_ASSIGNMENT|[78]|t|61200000
13:46:29.0 (38815157)|STATEMENT_EXECUTE|[79]
13:46:29.0 (38819514)|HEAP_ALLOCATE|[79]|Bytes:28
13:46:29.0 (38831381)|HEAP_ALLOCATE|[79]|Bytes:28
13:46:29.0 (38842528)|VARIABLE_ASSIGNMENT|[79]|i1|5.0
13:46:29.0 (38847520)|STATEMENT_EXECUTE|[80]
13:46:29.0 (38875265)|VARIABLE_ASSIGNMENT|[EXTERNAL]|this|{"aptdum":"0x1baed50d","Docdum":"0x5ed1ea5c","Docmap":"0x576aac85","Initialselected":4,"Selecteddoc":"a260H000001koYjQAI","SelectedtimeSlot":30,"timelist":"0x6eee637f","timewraplist":"0x161fcc00","timewraplistInitial":"0x5556900d"}|0x3c59a409
13:46:29.0 (38890710)|HEAP_ALLOCATE|[EXTERNAL]|Bytes:4
13:46:29.0 (38903564)|STATEMENT_EXECUTE|[82]
13:46:29.0 (38905578)|STATEMENT_EXECUTE|[83]
13:46:29.0 (38929559)|VARIABLE_ASSIGNMENT|[EXTERNAL]|this|{"aptdum":"0x1baed50d","Docdum":"0x5ed1ea5c","Docmap":"0x576aac85","Initialselected":4,"Selecteddoc":"a260H000001koYjQAI","SelectedtimeSlot":30,"timelist":"0x6eee637f","timewraplist":"0x161fcc00","timewraplistInitial":"0x5556900d"}|0x3c59a409
13:46:29.0 (38941821)|HEAP_ALLOCATE|[83]|Bytes:12
13:46:29.0 (38953312)|CONSTRUCTOR_ENTRY|[83]|01p0H000007gCe8|<init>(Boolean,Time)
13:46:29.0 (38959662)|VARIABLE_SCOPE_BEGIN|[178]|this|docappcontroller.Wrapertimeslot|true|false
13:46:29.0 (38972501)|VARIABLE_ASSIGNMENT|[178]|this|{}|0x465ce55d
13:46:29.0 (38979440)|VARIABLE_SCOPE_BEGIN|[178]|selection|Boolean|false|false
13:46:29.0 (38987982)|VARIABLE_ASSIGNMENT|[178]|selection|false
13:46:29.0 (38992039)|VARIABLE_SCOPE_BEGIN|[178]|tm|Time|false|false
13:46:29.0 (39000031)|VARIABLE_ASSIGNMENT|[178]|tm|61200000
13:46:29.0 (39004738)|STATEMENT_EXECUTE|[174]
13:46:29.0 (39006923)|STATEMENT_EXECUTE|[175]
13:46:29.0 (39008543)|STATEMENT_EXECUTE|[176]
13:46:29.0 (39017454)|STATEMENT_EXECUTE|[178]
13:46:29.0 (39019158)|STATEMENT_EXECUTE|[179]
13:46:29.0 (39030641)|VARIABLE_ASSIGNMENT|[EXTERNAL]|this|{}|0x465ce55d
13:46:29.0 (39039503)|VARIABLE_ASSIGNMENT|[EXTERNAL]|value|false
13:46:29.0 (39044898)|HEAP_ALLOCATE|[175]|Bytes:5
13:46:29.0 (39051240)|VARIABLE_ASSIGNMENT|[175]|this.selected|false|0x465ce55d
13:46:29.0 (39058809)|STATEMENT_EXECUTE|[180]
13:46:29.0 (39070438)|VARIABLE_ASSIGNMENT|[EXTERNAL]|this|{"selected":false}|0x465ce55d
13:46:29.0 (39079929)|VARIABLE_ASSIGNMENT|[EXTERNAL]|value|61200000
13:46:29.0 (39087657)|VARIABLE_ASSIGNMENT|[176]|this.t|61200000|0x465ce55d
13:46:29.0 (39100428)|CONSTRUCTOR_EXIT|[83]|01p0H000007gCe8|<init>(Boolean,Time)
13:46:29.0 (39109079)|HEAP_ALLOCATE|[EXTERNAL]|Bytes:4
13:46:29.0 (39120222)|HEAP_ALLOCATE|[76]|Bytes:28
13:46:29.0 (39124554)|HEAP_ALLOCATE|[76]|Bytes:28
13:46:29.0 (39141916)|STATEMENT_EXECUTE|[76]
13:46:29.0 (39143740)|STATEMENT_EXECUTE|[77]
13:46:29.0 (39151978)|USER_DEBUG|[77]|DEBUG|17:00:00.000Z
13:46:29.0 (39159306)|STATEMENT_EXECUTE|[78]
13:46:29.0 (39167687)|HEAP_ALLOCATE|[78]|Bytes:4
13:46:29.0 (39180700)|VARIABLE_ASSIGNMENT|[78]|t|63000000
13:46:29.0 (39185134)|STATEMENT_EXECUTE|[79]
13:46:29.0 (39189818)|HEAP_ALLOCATE|[79]|Bytes:28
13:46:29.0 (39201736)|HEAP_ALLOCATE|[79]|Bytes:28
13:46:29.0 (39212387)|VARIABLE_ASSIGNMENT|[79]|i1|5.5
13:46:29.0 (39217098)|STATEMENT_EXECUTE|[80]
13:46:29.0 (39245001)|VARIABLE_ASSIGNMENT|[EXTERNAL]|this|{"aptdum":"0x1baed50d","Docdum":"0x5ed1ea5c","Docmap":"0x576aac85","Initialselected":4,"Selecteddoc":"a260H000001koYjQAI","SelectedtimeSlot":30,"timelist":"0x6eee637f","timewraplist":"0x161fcc00","timewraplistInitial":"0x5556900d"}|0x3c59a409
13:46:29.0 (39259087)|HEAP_ALLOCATE|[EXTERNAL]|Bytes:4
13:46:29.0 (39271808)|STATEMENT_EXECUTE|[82]
13:46:29.0 (39273899)|STATEMENT_EXECUTE|[83]
13:46:29.0 (39298019)|VARIABLE_ASSIGNMENT|[EXTERNAL]|this|{"aptdum":"0x1baed50d","Docdum":"0x5ed1ea5c","Docmap":"0x576aac85","Initialselected":4,"Selecteddoc":"a260H000001koYjQAI","SelectedtimeSlot":30,"timelist":"0x6eee637f","timewraplist":"0x161fcc00","timewraplistInitial":"0x5556900d"}|0x3c59a409
13:46:29.0 (39311188)|HEAP_ALLOCATE|[83]|Bytes:12
13:46:29.0 (39322550)|CONSTRUCTOR_ENTRY|[83]|01p0H000007gCe8|<init>(Boolean,Time)
13:46:29.0 (39328557)|VARIABLE_SCOPE_BEGIN|[178]|this|docappcontroller.Wrapertimeslot|true|false
13:46:29.0 (39341283)|VARIABLE_ASSIGNMENT|[178]|this|{}|0xcddbfe5
13:46:29.0 (39347917)|VARIABLE_SCOPE_BEGIN|[178]|selection|Boolean|false|false
13:46:29.0 (39355860)|VARIABLE_ASSIGNMENT|[178]|selection|false
13:46:29.0 (39360097)|VARIABLE_SCOPE_BEGIN|[178]|tm|Time|false|false
13:46:29.0 (39369272)|VARIABLE_ASSIGNMENT|[178]|tm|63000000
13:46:29.0 (39373784)|STATEMENT_EXECUTE|[174]
13:46:29.0 (39375431)|STATEMENT_EXECUTE|[175]
13:46:29.0 (39377033)|STATEMENT_EXECUTE|[176]
13:46:29.0 (39385444)|STATEMENT_EXECUTE|[178]
13:46:29.0 (39387562)|STATEMENT_EXECUTE|[179]
13:46:29.0 (39398731)|VARIABLE_ASSIGNMENT|[EXTERNAL]|this|{}|0xcddbfe5
13:46:29.0 (39407821)|VARIABLE_ASSIGNMENT|[EXTERNAL]|value|false
13:46:29.0 (39413456)|HEAP_ALLOCATE|[175]|Bytes:5
13:46:29.0 (39419371)|VARIABLE_ASSIGNMENT|[175]|this.selected|false|0xcddbfe5
13:46:29.0 (39427175)|STATEMENT_EXECUTE|[180]
13:46:29.0 (39438321)|VARIABLE_ASSIGNMENT|[EXTERNAL]|this|{"selected":false}|0xcddbfe5
13:46:29.0 (39447321)|VARIABLE_ASSIGNMENT|[EXTERNAL]|value|63000000
13:46:29.0 (39454959)|VARIABLE_ASSIGNMENT|[176]|this.t|63000000|0xcddbfe5
13:46:29.0 (39468432)|CONSTRUCTOR_EXIT|[83]|01p0H000007gCe8|<init>(Boolean,Time)
13:46:29.0 (39477403)|HEAP_ALLOCATE|[EXTERNAL]|Bytes:4
13:46:29.0 (39488163)|HEAP_ALLOCATE|[76]|Bytes:28
13:46:29.0 (39492533)|HEAP_ALLOCATE|[76]|Bytes:28
13:46:29.0 (39509968)|STATEMENT_EXECUTE|[76]
13:46:29.0 (39511888)|STATEMENT_EXECUTE|[77]
13:46:29.0 (39519809)|USER_DEBUG|[77]|DEBUG|17:30:00.000Z
13:46:29.0 (39527643)|STATEMENT_EXECUTE|[78]
13:46:29.0 (39535901)|HEAP_ALLOCATE|[78]|Bytes:4
13:46:29.0 (39553457)|VARIABLE_ASSIGNMENT|[78]|t|64800000
13:46:29.0 (39558720)|STATEMENT_EXECUTE|[79]
13:46:29.0 (39563483)|HEAP_ALLOCATE|[79]|Bytes:28
13:46:29.0 (39575389)|HEAP_ALLOCATE|[79]|Bytes:28
13:46:29.0 (39586151)|VARIABLE_ASSIGNMENT|[79]|i1|6.0
13:46:29.0 (39590442)|STATEMENT_EXECUTE|[80]
13:46:29.0 (39619334)|VARIABLE_ASSIGNMENT|[EXTERNAL]|this|{"aptdum":"0x1baed50d","Docdum":"0x5ed1ea5c","Docmap":"0x576aac85","Initialselected":4,"Selecteddoc":"a260H000001koYjQAI","SelectedtimeSlot":30,"timelist":"0x6eee637f","timewraplist":"0x161fcc00","timewraplistInitial":"0x5556900d"}|0x3c59a409
13:46:29.0 (39634341)|HEAP_ALLOCATE|[EXTERNAL]|Bytes:4
13:46:29.0 (39646754)|STATEMENT_EXECUTE|[82]
13:46:29.0 (39648500)|STATEMENT_EXECUTE|[83]
13:46:29.0 (39672804)|VARIABLE_ASSIGNMENT|[EXTERNAL]|this|{"aptdum":"0x1baed50d","Docdum":"0x5ed1ea5c","Docmap":"0x576aac85","Initialselected":4,"Selecteddoc":"a260H000001koYjQAI","SelectedtimeSlot":30,"timelist":"0x6eee637f","timewraplist":"0x161fcc00","timewraplistInitial":"0x5556900d"}|0x3c59a409
13:46:29.0 (39685551)|HEAP_ALLOCATE|[83]|Bytes:12
13:46:29.0 (39696732)|CONSTRUCTOR_ENTRY|[83]|01p0H000007gCe8|<init>(Boolean,Time)
13:46:29.0 (39701878)|VARIABLE_SCOPE_BEGIN|[178]|this|docappcontroller.Wrapertimeslot|true|false
13:46:29.0 (39714765)|VARIABLE_ASSIGNMENT|[178]|this|{}|0x113d341c
13:46:29.0 (39721304)|VARIABLE_SCOPE_BEGIN|[178]|selection|Boolean|false|false
13:46:29.0 (39728715)|VARIABLE_ASSIGNMENT|[178]|selection|false
13:46:29.0 (39733090)|VARIABLE_SCOPE_BEGIN|[178]|tm|Time|false|false
13:46:29.0 (39740913)|VARIABLE_ASSIGNMENT|[178]|tm|64800000
13:46:29.0 (39745503)|STATEMENT_EXECUTE|[174]
13:46:29.0 (39747101)|STATEMENT_EXECUTE|[175]
13:46:29.0 (39749024)|STATEMENT_EXECUTE|[176]
13:46:29.0 (39757572)|STATEMENT_EXECUTE|[178]
13:46:29.0 (39759352)|STATEMENT_EXECUTE|[179]
13:46:29.0 (39770460)|VARIABLE_ASSIGNMENT|[EXTERNAL]|this|{}|0x113d341c
13:46:29.0 (39779411)|VARIABLE_ASSIGNMENT|[EXTERNAL]|value|false
13:46:29.0 (39784479)|HEAP_ALLOCATE|[175]|Bytes:5
13:46:29.0 (39790800)|VARIABLE_ASSIGNMENT|[175]|this.selected|false|0x113d341c
13:46:29.0 (39798172)|STATEMENT_EXECUTE|[180]
13:46:29.0 (39810171)|VARIABLE_ASSIGNMENT|[EXTERNAL]|this|{"selected":false}|0x113d341c
13:46:29.0 (39819079)|VARIABLE_ASSIGNMENT|[EXTERNAL]|value|64800000
13:46:29.0 (39826531)|VARIABLE_ASSIGNMENT|[176]|this.t|64800000|0x113d341c
13:46:29.0 (39839647)|CONSTRUCTOR_EXIT|[83]|01p0H000007gCe8|<init>(Boolean,Time)
13:46:29.0 (39848809)|HEAP_ALLOCATE|[EXTERNAL]|Bytes:4
13:46:29.0 (39859341)|HEAP_ALLOCATE|[76]|Bytes:28
13:46:29.0 (39863499)|HEAP_ALLOCATE|[76]|Bytes:28
13:46:29.0 (39881591)|STATEMENT_EXECUTE|[76]
13:46:29.0 (39883537)|STATEMENT_EXECUTE|[77]
13:46:29.0 (39891731)|USER_DEBUG|[77]|DEBUG|18:00:00.000Z
13:46:29.0 (39898872)|STATEMENT_EXECUTE|[78]
13:46:29.0 (39907134)|HEAP_ALLOCATE|[78]|Bytes:4
13:46:29.0 (39919521)|VARIABLE_ASSIGNMENT|[78]|t|66600000
13:46:29.0 (39924484)|STATEMENT_EXECUTE|[79]
13:46:29.0 (39929237)|HEAP_ALLOCATE|[79]|Bytes:28
13:46:29.0 (39941086)|HEAP_ALLOCATE|[79]|Bytes:28
13:46:29.0 (39952526)|VARIABLE_ASSIGNMENT|[79]|i1|6.5
13:46:29.0 (39957184)|STATEMENT_EXECUTE|[80]
13:46:29.0 (39984868)|VARIABLE_ASSIGNMENT|[EXTERNAL]|this|{"aptdum":"0x1baed50d","Docdum":"0x5ed1ea5c","Docmap":"0x576aac85","Initialselected":4,"Selecteddoc":"a260H000001koYjQAI","SelectedtimeSlot":30,"timelist":"0x6eee637f","timewraplist":"0x161fcc00","timewraplistInitial":"0x5556900d"}|0x3c59a409
13:46:29.0 (39999884)|HEAP_ALLOCATE|[EXTERNAL]|Bytes:4
13:46:29.0 (40012109)|STATEMENT_EXECUTE|[82]
13:46:29.0 (40014409)|STATEMENT_EXECUTE|[83]
13:46:29.0 (40039219)|VARIABLE_ASSIGNMENT|[EXTERNAL]|this|{"aptdum":"0x1baed50d","Docdum":"0x5ed1ea5c","Docmap":"0x576aac85","Initialselected":4,"Selecteddoc":"a260H000001koYjQAI","SelectedtimeSlot":30,"timelist":"0x6eee637f","timewraplist":"0x161fcc00","timewraplistInitial":"0x5556900d"}|0x3c59a409
13:46:29.0 (40051652)|HEAP_ALLOCATE|[83]|Bytes:12
13:46:29.0 (40062603)|CONSTRUCTOR_ENTRY|[83]|01p0H000007gCe8|<init>(Boolean,Time)
13:46:29.0 (40068393)|VARIABLE_SCOPE_BEGIN|[178]|this|docappcontroller.Wrapertimeslot|true|false
13:46:29.0 (40081053)|VARIABLE_ASSIGNMENT|[178]|this|{}|0x21617336
13:46:29.0 (40087851)|VARIABLE_SCOPE_BEGIN|[178]|selection|Boolean|false|false
13:46:29.0 (40095228)|VARIABLE_ASSIGNMENT|[178]|selection|false
13:46:29.0 (40099129)|VARIABLE_SCOPE_BEGIN|[178]|tm|Time|false|false
13:46:29.0 (40107690)|VARIABLE_ASSIGNMENT|[178]|tm|66600000
13:46:29.0 (40112044)|STATEMENT_EXECUTE|[174]
13:46:29.0 (40113647)|STATEMENT_EXECUTE|[175]
13:46:29.0 (40115244)|STATEMENT_EXECUTE|[176]
13:46:29.0 (40123536)|STATEMENT_EXECUTE|[178]
13:46:29.0 (40125346)|STATEMENT_EXECUTE|[179]
13:46:29.0 (40136439)|VARIABLE_ASSIGNMENT|[EXTERNAL]|this|{}|0x21617336
13:46:29.0 (40145458)|VARIABLE_ASSIGNMENT|[EXTERNAL]|value|false
13:46:29.0 (40150733)|HEAP_ALLOCATE|[175]|Bytes:5
13:46:29.0 (40157054)|VARIABLE_ASSIGNMENT|[175]|this.selected|false|0x21617336
13:46:29.0 (40164683)|STATEMENT_EXECUTE|[180]
13:46:29.0 (40175955)|VARIABLE_ASSIGNMENT|[EXTERNAL]|this|{"selected":false}|0x21617336
13:46:29.0 (40185316)|VARIABLE_ASSIGNMENT|[EXTERNAL]|value|66600000
13:46:29.0 (40192764)|VARIABLE_ASSIGNMENT|[176]|this.t|66600000|0x21617336
13:46:29.0 (40205509)|CONSTRUCTOR_EXIT|[83]|01p0H000007gCe8|<init>(Boolean,Time)
13:46:29.0 (40214634)|HEAP_ALLOCATE|[EXTERNAL]|Bytes:4
13:46:29.0 (40225467)|HEAP_ALLOCATE|[76]|Bytes:28
13:46:29.0 (40229194)|HEAP_ALLOCATE|[76]|Bytes:28
13:46:29.0 (40247229)|STATEMENT_EXECUTE|[76]
13:46:29.0 (40249202)|STATEMENT_EXECUTE|[77]
13:46:29.0 (40257646)|USER_DEBUG|[77]|DEBUG|18:30:00.000Z
13:46:29.0 (40264574)|STATEMENT_EXECUTE|[78]
13:46:29.0 (40272667)|HEAP_ALLOCATE|[78]|Bytes:4
13:46:29.0 (40285327)|VARIABLE_ASSIGNMENT|[78]|t|68400000
13:46:29.0 (40289975)|STATEMENT_EXECUTE|[79]
13:46:29.0 (40294809)|HEAP_ALLOCATE|[79]|Bytes:28
13:46:29.0 (40306307)|HEAP_ALLOCATE|[79]|Bytes:28
13:46:29.0 (40317077)|VARIABLE_ASSIGNMENT|[79]|i1|7.0
13:46:29.0 (40321407)|STATEMENT_EXECUTE|[80]
13:46:29.0 (40349592)|VARIABLE_ASSIGNMENT|[EXTERNAL]|this|{"aptdum":"0x1baed50d","Docdum":"0x5ed1ea5c","Docmap":"0x576aac85","Initialselected":4,"Selecteddoc":"a260H000001koYjQAI","SelectedtimeSlot":30,"timelist":"0x6eee637f","timewraplist":"0x161fcc00","timewraplistInitial":"0x5556900d"}|0x3c59a409
13:46:29.0 (40364180)|HEAP_ALLOCATE|[EXTERNAL]|Bytes:4
13:46:29.0 (40376897)|STATEMENT_EXECUTE|[82]
13:46:29.0 (40378567)|STATEMENT_EXECUTE|[83]
13:46:29.0 (40401816)|VARIABLE_ASSIGNMENT|[EXTERNAL]|this|{"aptdum":"0x1baed50d","Docdum":"0x5ed1ea5c","Docmap":"0x576aac85","Initialselected":4,"Selecteddoc":"a260H000001koYjQAI","SelectedtimeSlot":30,"timelist":"0x6eee637f","timewraplist":"0x161fcc00","timewraplistInitial":"0x5556900d"}|0x3c59a409
13:46:29.0 (40414578)|HEAP_ALLOCATE|[83]|Bytes:12
13:46:29.0 (40425153)|CONSTRUCTOR_ENTRY|[83]|01p0H000007gCe8|<init>(Boolean,Time)
13:46:29.0 (40431135)|VARIABLE_SCOPE_BEGIN|[178]|this|docappcontroller.Wrapertimeslot|true|false
13:46:29.0 (40444260)|VARIABLE_ASSIGNMENT|[178]|this|{}|0x66a79a72
13:46:29.0 (40450764)|VARIABLE_SCOPE_BEGIN|[178]|selection|Boolean|false|false
13:46:29.0 (40458367)|VARIABLE_ASSIGNMENT|[178]|selection|false
13:46:29.0 (40462218)|VARIABLE_SCOPE_BEGIN|[178]|tm|Time|false|false
13:46:29.0 (40470574)|VARIABLE_ASSIGNMENT|[178]|tm|68400000
13:46:29.0 (40475049)|STATEMENT_EXECUTE|[174]
13:46:29.0 (40476660)|STATEMENT_EXECUTE|[175]
13:46:29.0 (40478292)|STATEMENT_EXECUTE|[176]
13:46:29.0 (40486486)|STATEMENT_EXECUTE|[178]
13:46:29.0 (40488170)|STATEMENT_EXECUTE|[179]
13:46:29.0 (40499607)|VARIABLE_ASSIGNMENT|[EXTERNAL]|this|{}|0x66a79a72
13:46:29.0 (40509483)|VARIABLE_ASSIGNMENT|[EXTERNAL]|value|false
13:46:29.0 (40515104)|HEAP_ALLOCATE|[175]|Bytes:5
13:46:29.0 (40521405)|VARIABLE_ASSIGNMENT|[175]|this.selected|false|0x66a79a72
13:46:29.0 (40528911)|STATEMENT_EXECUTE|[180]
13:46:29.0 (40544466)|VARIABLE_ASSIGNMENT|[EXTERNAL]|this|{"selected":false}|0x66a79a72
13:46:29.0 (40557251)|VARIABLE_ASSIGNMENT|[EXTERNAL]|value|68400000
13:46:29.0 (40565902)|VARIABLE_ASSIGNMENT|[176]|this.t|68400000|0x66a79a72
13:46:29.0 (40580290)|CONSTRUCTOR_EXIT|[83]|01p0H000007gCe8|<init>(Boolean,Time)
13:46:29.0 (40589996)|HEAP_ALLOCATE|[EXTERNAL]|Bytes:4
13:46:29.0 (40601011)|HEAP_ALLOCATE|[76]|Bytes:28
13:46:29.0 (40605022)|HEAP_ALLOCATE|[76]|Bytes:28
13:46:29.0 (40627990)|HEAP_ALLOCATE|[92]|Bytes:28
13:46:29.0 (40632772)|HEAP_ALLOCATE|[92]|Bytes:28
13:46:29.0 (40638759)|HEAP_ALLOCATE|[92]|Bytes:28
13:46:29.0 (40662880)|HEAP_ALLOCATE|[92]|Bytes:28
13:46:29.0 (40685755)|STATEMENT_EXECUTE|[92]
13:46:29.0 (40688025)|STATEMENT_EXECUTE|[98]
13:46:29.0 (40723298)|VARIABLE_ASSIGNMENT|[EXTERNAL]|this|{"aptdum":"0x1baed50d","Docdum":"0x5ed1ea5c","Docmap":"0x576aac85","Initialselected":4,"Selecteddoc":"a260H000001koYjQAI","SelectedtimeSlot":30,"timelist":"0x6eee637f","timewraplist":"0x161fcc00","timewraplistInitial":"0x5556900d"}|0x3c59a409
13:46:29.0 (40743293)|VARIABLE_ASSIGNMENT|[98]|this.timewraplistInitial|"List of size 15 too large to display"|0x3c59a409
13:46:29.0 (40749575)|STATEMENT_EXECUTE|[100]
13:46:29.44 (44019894)|SYSTEM_MODE_ENTER|true
13:46:29.44 (44081751)|HEAP_ALLOCATE|[EXTERNAL]|Bytes:8
13:46:29.44 (44091616)|VARIABLE_SCOPE_BEGIN|[88]|this|ApexPage.PageMessagesComponentController|true|false
13:46:29.44 (44117155)|VARIABLE_ASSIGNMENT|[88]|this|{}|0xa7286a6
13:46:29.44 (44124321)|VARIABLE_SCOPE_BEGIN|[88]|escape|Boolean|false|false
13:46:29.44 (44132692)|VARIABLE_ASSIGNMENT|[88]|escape|null
13:46:29.44 (44220593)|SYSTEM_MODE_ENTER|true
13:46:29.44 (44253395)|HEAP_ALLOCATE|[EXTERNAL]|Bytes:8
13:46:29.44 (44260141)|VARIABLE_SCOPE_BEGIN|[2]|this|ApexPage.PageMessagesComponentController|true|false
13:46:29.44 (44280118)|VARIABLE_ASSIGNMENT|[2]|this|{}|0xa7286a6
13:46:29.0 (44601980)|SYSTEM_MODE_ENTER|true
13:46:29.0 (45035971)|SYSTEM_MODE_ENTER|true
13:46:29.0 (45348986)|SYSTEM_MODE_ENTER|true
13:46:29.0 (45424894)|SYSTEM_MODE_ENTER|true
13:46:29.66 (66826675)|SYSTEM_MODE_ENTER|true
13:46:29.66 (66894131)|HEAP_ALLOCATE|[EXTERNAL]|Bytes:8
13:46:29.66 (66905737)|VARIABLE_SCOPE_BEGIN|[88]|this|ApexPage.PageMessagesComponentController|true|false
13:46:29.66 (66934191)|VARIABLE_ASSIGNMENT|[88]|this|{}|0xa7286a6
13:46:29.66 (66941163)|VARIABLE_SCOPE_BEGIN|[88]|escape|Boolean|false|false
13:46:29.66 (66949360)|VARIABLE_ASSIGNMENT|[88]|escape|null
13:46:29.67 (67070155)|SYSTEM_MODE_ENTER|true
13:46:29.67 (67102562)|HEAP_ALLOCATE|[EXTERNAL]|Bytes:8
13:46:29.67 (67109226)|VARIABLE_SCOPE_BEGIN|[2]|this|ApexPage.PageMessagesComponentController|true|false
13:46:29.67 (67127972)|VARIABLE_ASSIGNMENT|[2]|this|{}|0xa7286a6
13:46:29.0 (68550413)|SYSTEM_MODE_ENTER|true
13:46:29.0 (68594597)|HEAP_ALLOCATE|[EXTERNAL]|Bytes:44
13:46:29.0 (68604318)|VARIABLE_SCOPE_BEGIN|[133]|this|docappcontroller|true|false
13:46:29.0 (68651605)|VARIABLE_ASSIGNMENT|[133]|this|{"aptdum":"0x1baed50d","Docdum":"0x5ed1ea5c","Docmap":"0x576aac85","Initialselected":4,"Selecteddoc":"a260H000001koYjQAI","SelectedtimeSlot":30,"timelist":"0x6eee637f","timewraplist":"0x161fcc00","timewraplistInitial":"0x161fcc00"}|0x3c59a409
13:46:29.0 (68664893)|STATEMENT_EXECUTE|[133]
13:46:29.0 (68667256)|STATEMENT_EXECUTE|[135]
13:46:29.0 (68680877)|HEAP_ALLOCATE|[135]|Bytes:4
13:46:29.0 (68697547)|VARIABLE_SCOPE_BEGIN|[135]|options|List<System.SelectOption>|true|false
13:46:29.0 (68720050)|HEAP_ALLOCATE|[EXTERNAL]|Bytes:4
13:46:29.0 (68730517)|VARIABLE_ASSIGNMENT|[135]|options|[]|0xf261333
13:46:29.0 (68736374)|STATEMENT_EXECUTE|[136]
13:46:29.0 (68761438)|HEAP_ALLOCATE|[EXTERNAL]|Bytes:4
13:46:29.0 (68801679)|VARIABLE_ASSIGNMENT|[EXTERNAL]|this|{"aptdum":"0x1baed50d","Docdum":"0x5ed1ea5c","Docmap":"0x576aac85","Initialselected":4,"Selecteddoc":"a260H000001koYjQAI","SelectedtimeSlot":30,"timelist":"0x6eee637f","timewraplist":"0x161fcc00","timewraplistInitial":"0x161fcc00"}|0x3c59a409
13:46:29.0 (68815751)|STATEMENT_EXECUTE|[137]
13:46:29.0 (68841047)|VARIABLE_ASSIGNMENT|[EXTERNAL]|this|{"aptdum":"0x1baed50d","Docdum":"0x5ed1ea5c","Docmap":"0x576aac85","Initialselected":4,"Selecteddoc":"a260H000001koYjQAI","SelectedtimeSlot":30,"timelist":"0x6eee637f","timewraplist":"0x161fcc00","timewraplistInitial":"0x161fcc00"}|0x3c59a409
13:46:29.0 (68862834)|HEAP_ALLOCATE|[EXTERNAL]|Bytes:12
13:46:29.0 (68879569)|HEAP_ALLOCATE|[138]|Bytes:237
13:46:29.0 (68901635)|HEAP_ALLOCATE|[138]|Bytes:5
13:46:29.0 (68917249)|HEAP_ALLOCATE|[138]|Bytes:24
13:46:29.0 (68926158)|VARIABLE_SCOPE_BEGIN|[138]|doc|Doctor__c|true|false
13:46:29.0 (68947361)|VARIABLE_ASSIGNMENT|[138]|doc|{"Id":"a260H000001koYjQAI","Name":"doc 2","End_Time__c":68400000,"Speciality__c":"General Surgery","Start_Time__c":43200000}|0x4fb1b708
13:46:29.0 (68954636)|STATEMENT_EXECUTE|[138]
13:46:29.0 (68956373)|STATEMENT_EXECUTE|[139]
13:46:29.0 (68975654)|HEAP_ALLOCATE|[139]|Bytes:18
13:46:29.0 (68990875)|HEAP_ALLOCATE|[EXTERNAL]|Bytes:4
13:46:29.0 (69002562)|HEAP_ALLOCATE|[138]|Bytes:5
13:46:29.0 (69012467)|HEAP_ALLOCATE|[138]|Bytes:24
13:46:29.0 (69017945)|VARIABLE_SCOPE_BEGIN|[138]|doc|Doctor__c|true|false
13:46:29.0 (69031846)|VARIABLE_ASSIGNMENT|[138]|doc|{"Id":"a260H000001koYeQAI","Name":"Doc1","End_Time__c":64800000,"Speciality__c":"General Surgery","Start_Time__c":32400000}|0x3de3e6ec
13:46:29.0 (69037834)|STATEMENT_EXECUTE|[138]
13:46:29.0 (69039878)|STATEMENT_EXECUTE|[139]
13:46:29.0 (69045861)|HEAP_ALLOCATE|[139]|Bytes:18
13:46:29.0 (69056377)|HEAP_ALLOCATE|[EXTERNAL]|Bytes:4
13:46:29.0 (69066362)|HEAP_ALLOCATE|[138]|Bytes:5
13:46:29.0 (69075516)|VARIABLE_ASSIGNMENT|[138]|doc|null|
13:46:29.0 (69080711)|STATEMENT_EXECUTE|[145]
13:46:29.0 (69237624)|SYSTEM_MODE_ENTER|true
13:46:29.0 (72385888)|SYSTEM_MODE_ENTER|true
13:46:29.0 (72426689)|HEAP_ALLOCATE|[EXTERNAL]|Bytes:44
13:46:29.0 (72435136)|VARIABLE_SCOPE_BEGIN|[150]|this|docappcontroller|true|false
13:46:29.0 (72474612)|VARIABLE_ASSIGNMENT|[150]|this|{"aptdum":"0x1baed50d","Docdum":"0x5ed1ea5c","Docmap":"0x576aac85","Initialselected":4,"Selecteddoc":"a260H000001koYjQAI","SelectedtimeSlot":30,"timelist":"0x6eee637f","timewraplist":"0x161fcc00","timewraplistInitial":"0x161fcc00"}|0x3c59a409
13:46:29.0 (72487315)|STATEMENT_EXECUTE|[150]
13:46:29.0 (72489440)|STATEMENT_EXECUTE|[152]
13:46:29.0 (72498782)|HEAP_ALLOCATE|[152]|Bytes:4
13:46:29.0 (72514213)|VARIABLE_SCOPE_BEGIN|[152]|options|List<System.SelectOption>|true|false
13:46:29.0 (72534738)|HEAP_ALLOCATE|[EXTERNAL]|Bytes:4
13:46:29.0 (72548677)|VARIABLE_ASSIGNMENT|[152]|options|[]|0x137c27a7
13:46:29.0 (72554681)|STATEMENT_EXECUTE|[153]
13:46:29.0 (72570999)|HEAP_ALLOCATE|[EXTERNAL]|Bytes:4
13:46:29.0 (72577914)|STATEMENT_EXECUTE|[156]
13:46:29.0 (72585794)|HEAP_ALLOCATE|[EXTERNAL]|Bytes:4
13:46:29.0 (72590780)|STATEMENT_EXECUTE|[157]
13:46:29.0 (72597015)|HEAP_ALLOCATE|[EXTERNAL]|Bytes:4
13:46:29.0 (72601482)|STATEMENT_EXECUTE|[162]
13:46:29.0 (72718403)|SYSTEM_MODE_ENTER|true
13:46:29.0 (74645537)|VF_SERIALIZE_VIEWSTATE_BEGIN|0660H000004OdRk
13:46:29.0 (90957166)|VF_SERIALIZE_VIEWSTATE_END
13:46:29.0 (106613678)|CODE_UNIT_STARTED|[EXTERNAL]|Generate Metadata
13:46:29.0 (109041958)|CODE_UNIT_FINISHED|Generate Metadata
13:46:29.111 (111620130)|CUMULATIVE_LIMIT_USAGE
13:46:29.111 (111620130)|LIMIT_USAGE_FOR_NS|(default)|
  Number of SOQL queries: 1 out of 100
  Number of query rows: 1 out of 50000
  Number of SOSL queries: 0 out of 20
  Number of DML statements: 0 out of 150
  Number of DML rows: 0 out of 10000
  Maximum CPU time: 0 out of 10000
  Maximum heap size: 0 out of 6000000
  Number of callouts: 0 out of 100
  Number of Email Invocations: 0 out of 10
  Number of future calls: 0 out of 50
  Number of queueable jobs added to the queue: 0 out of 50
  Number of Mobile Apex push calls: 0 out of 10

13:46:29.111 (111620130)|CUMULATIVE_LIMIT_USAGE_END

13:46:29.0 (111654092)|CODE_UNIT_FINISHED|VF: /apex/docapp
13:46:29.0 (112465261)|EXECUTION_FINISHED
