42.0 APEX_CODE,FINEST;APEX_PROFILING,INFO;CALLOUT,INFO;DB,INFO;SYSTEM,DEBUG;VALIDATION,INFO;VISUALFORCE,INFO;WAVE,INFO;WORKFLOW,INFO
13:37:16.0 (273396)|USER_INFO|[EXTERNAL]|005i0000002qYvT|anton@igate.com|India Standard Time|GMT+05:30
13:37:16.0 (311192)|EXECUTION_STARTED
13:37:16.0 (315643)|CODE_UNIT_STARTED|[EXTERNAL]|0660H000004OdRk|VF: /apex/docapp
13:37:16.0 (2913043)|SYSTEM_MODE_ENTER|true
13:37:16.0 (3362933)|HEAP_ALLOCATE|[72]|Bytes:3
13:37:16.0 (3431527)|HEAP_ALLOCATE|[77]|Bytes:152
13:37:16.0 (3447355)|HEAP_ALLOCATE|[342]|Bytes:408
13:37:16.0 (3460049)|HEAP_ALLOCATE|[355]|Bytes:408
13:37:16.0 (3471615)|HEAP_ALLOCATE|[467]|Bytes:48
13:37:16.0 (3526520)|HEAP_ALLOCATE|[139]|Bytes:6
13:37:16.0 (3544583)|HEAP_ALLOCATE|[EXTERNAL]|Bytes:14
13:37:16.0 (3562885)|HEAP_ALLOCATE|[EXTERNAL]|Bytes:248
13:37:16.0 (3566909)|HEAP_ALLOCATE|[EXTERNAL]|Bytes:53
13:37:16.0 (3571088)|HEAP_ALLOCATE|[EXTERNAL]|Bytes:13
13:37:16.0 (3605540)|METHOD_ENTRY|[1]|01p0H000007gCe8|docappcontroller.docappcontroller()
13:37:16.0 (3613388)|STATEMENT_EXECUTE|[1]
13:37:16.0 (3618143)|STATEMENT_EXECUTE|[1]
13:37:16.0 (3619828)|STATEMENT_EXECUTE|[174]
13:37:16.0 (3638030)|METHOD_EXIT|[1]|docappcontroller
13:37:16.0 (3700553)|HEAP_ALLOCATE|[EXTERNAL]|Bytes:44
13:37:16.0 (3749611)|VARIABLE_SCOPE_BEGIN|[114]|this|docappcontroller|true|false
13:37:16.0 (3881478)|VARIABLE_ASSIGNMENT|[114]|this|{}|0x42f1b1bf
13:37:16.0 (3892194)|STATEMENT_EXECUTE|[1]
13:37:16.0 (3893862)|STATEMENT_EXECUTE|[3]
13:37:16.0 (3895886)|STATEMENT_EXECUTE|[4]
13:37:16.0 (3897891)|STATEMENT_EXECUTE|[5]
13:37:16.0 (3914341)|HEAP_ALLOCATE|[5]|Bytes:4
13:37:16.0 (4068044)|HEAP_ALLOCATE|[EXTERNAL]|Bytes:4
13:37:16.0 (4083891)|VARIABLE_ASSIGNMENT|[5]|this.timewraplistInitial|[]|0x42f1b1bf
13:37:16.0 (4090181)|STATEMENT_EXECUTE|[6]
13:37:16.0 (4094357)|HEAP_ALLOCATE|[6]|Bytes:4
13:37:16.0 (4103107)|VARIABLE_ASSIGNMENT|[6]|this.Initialselected|0|0x42f1b1bf
13:37:16.0 (4108568)|STATEMENT_EXECUTE|[107]
13:37:16.0 (4110199)|STATEMENT_EXECUTE|[108]
13:37:16.0 (4111640)|STATEMENT_EXECUTE|[109]
13:37:16.0 (4113046)|STATEMENT_EXECUTE|[110]
13:37:16.0 (4114640)|STATEMENT_EXECUTE|[111]
13:37:16.0 (4115998)|STATEMENT_EXECUTE|[112]
13:37:16.0 (4123140)|HEAP_ALLOCATE|[6]|Bytes:6
13:37:16.0 (4173109)|STATEMENT_EXECUTE|[114]
13:37:16.0 (4175054)|STATEMENT_EXECUTE|[115]
13:37:16.0 (4207424)|HEAP_ALLOCATE|[115]|Bytes:4
13:37:16.0 (4376064)|VARIABLE_ASSIGNMENT|[EXTERNAL]|this|{"Initialselected":0,"timewraplistInitial":"0x10be3423"}|0x42f1b1bf
13:37:16.0 (4392766)|VARIABLE_ASSIGNMENT|[EXTERNAL]|value|{}|0x280bbded
13:37:16.0 (4404182)|VARIABLE_ASSIGNMENT|[107]|this.Docdum|{}|0x42f1b1bf
13:37:16.0 (4432643)|STATEMENT_EXECUTE|[116]
13:37:16.0 (4451737)|HEAP_ALLOCATE|[116]|Bytes:4
13:37:16.0 (4542718)|VARIABLE_ASSIGNMENT|[EXTERNAL]|this|{"Docdum":"0x280bbded","Initialselected":0,"timewraplistInitial":"0x10be3423"}|0x42f1b1bf
13:37:16.0 (4554610)|VARIABLE_ASSIGNMENT|[EXTERNAL]|value|{}|0x166900bc
13:37:16.0 (4565263)|VARIABLE_ASSIGNMENT|[108]|this.aptdum|{}|0x42f1b1bf
13:37:16.5 (5550809)|SYSTEM_MODE_ENTER|true
13:37:16.5 (5578135)|HEAP_ALLOCATE|[EXTERNAL]|Bytes:38
13:37:16.5 (5585876)|HEAP_ALLOCATE|[EXTERNAL]|Bytes:7
13:37:16.5 (5594281)|SYSTEM_METHOD_ENTRY|[1]|PageMessagesComponentController.PageMessagesComponentController()
13:37:16.5 (5599806)|STATEMENT_EXECUTE|[1]
13:37:16.5 (5715149)|SYSTEM_MODE_ENTER|true
13:37:16.5 (5772914)|HEAP_ALLOCATE|[EXTERNAL]|Bytes:8
13:37:16.5 (5780261)|VARIABLE_SCOPE_BEGIN|[88]|this|ApexPage.PageMessagesComponentController|true|false
13:37:16.5 (5815795)|VARIABLE_ASSIGNMENT|[88]|this|{}|0xe31717c
13:37:16.5 (5823557)|VARIABLE_SCOPE_BEGIN|[88]|escape|Boolean|false|false
13:37:16.5 (5831494)|VARIABLE_ASSIGNMENT|[88]|escape|null
13:37:16.5 (5973931)|SYSTEM_MODE_ENTER|true
13:37:16.5 (6008619)|HEAP_ALLOCATE|[EXTERNAL]|Bytes:8
13:37:16.5 (6015752)|VARIABLE_SCOPE_BEGIN|[2]|this|ApexPage.PageMessagesComponentController|true|false
13:37:16.5 (6033924)|VARIABLE_ASSIGNMENT|[2]|this|{}|0xe31717c
13:37:16.0 (6765781)|SYSTEM_MODE_ENTER|true
13:37:16.0 (8901450)|SYSTEM_MODE_ENTER|true
13:37:16.0 (10785434)|SYSTEM_MODE_ENTER|true
13:37:16.33 (33731225)|SYSTEM_MODE_ENTER|true
13:37:16.33 (33791976)|HEAP_ALLOCATE|[EXTERNAL]|Bytes:8
13:37:16.33 (33803279)|VARIABLE_SCOPE_BEGIN|[88]|this|ApexPage.PageMessagesComponentController|true|false
13:37:16.33 (33828669)|VARIABLE_ASSIGNMENT|[88]|this|{}|0xe31717c
13:37:16.33 (33835082)|VARIABLE_SCOPE_BEGIN|[88]|escape|Boolean|false|false
13:37:16.33 (33842715)|VARIABLE_ASSIGNMENT|[88]|escape|null
13:37:16.33 (33967860)|SYSTEM_MODE_ENTER|true
13:37:16.33 (34016550)|HEAP_ALLOCATE|[EXTERNAL]|Bytes:8
13:37:16.33 (34024351)|VARIABLE_SCOPE_BEGIN|[2]|this|ApexPage.PageMessagesComponentController|true|false
13:37:16.33 (34043479)|VARIABLE_ASSIGNMENT|[2]|this|{}|0xe31717c
13:37:16.0 (35383517)|SYSTEM_MODE_ENTER|true
13:37:16.0 (35427326)|HEAP_ALLOCATE|[EXTERNAL]|Bytes:44
13:37:16.0 (35519175)|VARIABLE_SCOPE_BEGIN|[133]|this|docappcontroller|true|false
13:37:16.0 (35558730)|VARIABLE_ASSIGNMENT|[133]|this|{"aptdum":"0x166900bc","Docdum":"0x280bbded","Initialselected":0,"timewraplistInitial":"0x10be3423"}|0x42f1b1bf
13:37:16.0 (35569864)|STATEMENT_EXECUTE|[133]
13:37:16.0 (35571900)|STATEMENT_EXECUTE|[135]
13:37:16.0 (35585100)|HEAP_ALLOCATE|[135]|Bytes:4
13:37:16.0 (35615853)|VARIABLE_SCOPE_BEGIN|[135]|options|List<System.SelectOption>|true|false
13:37:16.0 (35637552)|HEAP_ALLOCATE|[EXTERNAL]|Bytes:4
13:37:16.0 (35648588)|VARIABLE_ASSIGNMENT|[135]|options|[]|0x4c5be0e8
13:37:16.0 (35654122)|STATEMENT_EXECUTE|[136]
13:37:16.0 (35662678)|HEAP_ALLOCATE|[136]|Bytes:8
13:37:16.0 (35719345)|HEAP_ALLOCATE|[EXTERNAL]|Bytes:4
13:37:16.0 (35770210)|VARIABLE_ASSIGNMENT|[EXTERNAL]|this|{"aptdum":"0x166900bc","Docdum":"0x280bbded","Initialselected":0,"timewraplistInitial":"0x10be3423"}|0x42f1b1bf
13:37:16.0 (35784823)|STATEMENT_EXECUTE|[141]
13:37:16.0 (35786576)|STATEMENT_EXECUTE|[142]
13:37:16.0 (35789307)|HEAP_ALLOCATE|[142]|Bytes:23
13:37:16.0 (35812756)|METHOD_ENTRY|[142]|01p0H000007gCe8|docappcontroller.ShowError(String)
13:37:16.0 (35845111)|VARIABLE_SCOPE_BEGIN|[168]|this|docappcontroller|true|false
13:37:16.0 (35874128)|VARIABLE_ASSIGNMENT|[168]|this|{"aptdum":"0x166900bc","Docdum":"0x280bbded","Initialselected":0,"timewraplistInitial":"0x10be3423"}|0x42f1b1bf
13:37:16.0 (35880893)|VARIABLE_SCOPE_BEGIN|[168]|ErrorMsg|String|false|false
13:37:16.0 (35890678)|VARIABLE_ASSIGNMENT|[168]|ErrorMsg|"No Continents Data y (3 more) ..."
13:37:16.0 (35896521)|STATEMENT_EXECUTE|[168]
13:37:16.0 (35898064)|STATEMENT_EXECUTE|[170]
13:37:16.0 (35933658)|VARIABLE_SCOPE_BEGIN|[170]|m|ApexPages.Message|true|false
13:37:16.0 (36101889)|VARIABLE_ASSIGNMENT|[170]|m|"core.apexpages.framework.ApexPagesMessage@b501682"|0x64955ac8
13:37:16.0 (36110965)|STATEMENT_EXECUTE|[171]
13:37:16.0 (36252853)|VF_PAGE_MESSAGE|No Continents Data yet.
13:37:16.0 (36270921)|METHOD_EXIT|[142]|01p0H000007gCe8|docappcontroller.ShowError(String)
13:37:16.0 (36277173)|STATEMENT_EXECUTE|[145]
13:37:16.0 (36440662)|SYSTEM_MODE_ENTER|true
13:37:16.0 (37263712)|SYSTEM_MODE_ENTER|true
13:37:16.0 (37304880)|HEAP_ALLOCATE|[EXTERNAL]|Bytes:44
13:37:16.0 (37336466)|VARIABLE_SCOPE_BEGIN|[150]|this|docappcontroller|true|false
13:37:16.0 (37370638)|VARIABLE_ASSIGNMENT|[150]|this|{"aptdum":"0x166900bc","Docdum":"0x280bbded","Initialselected":0,"timewraplistInitial":"0x10be3423"}|0x42f1b1bf
13:37:16.0 (37381353)|STATEMENT_EXECUTE|[150]
13:37:16.0 (37383295)|STATEMENT_EXECUTE|[152]
13:37:16.0 (37392313)|HEAP_ALLOCATE|[152]|Bytes:4
13:37:16.0 (37415593)|VARIABLE_SCOPE_BEGIN|[152]|options|List<System.SelectOption>|true|false
13:37:16.0 (37436707)|HEAP_ALLOCATE|[EXTERNAL]|Bytes:4
13:37:16.0 (37444842)|VARIABLE_ASSIGNMENT|[152]|options|[]|0x2d193f57
13:37:16.0 (37451053)|STATEMENT_EXECUTE|[153]
13:37:16.0 (37489056)|HEAP_ALLOCATE|[EXTERNAL]|Bytes:4
13:37:16.0 (37497708)|STATEMENT_EXECUTE|[156]
13:37:16.0 (37502248)|HEAP_ALLOCATE|[156]|Bytes:2
13:37:16.0 (37525393)|HEAP_ALLOCATE|[EXTERNAL]|Bytes:4
13:37:16.0 (37532461)|STATEMENT_EXECUTE|[157]
13:37:16.0 (37535969)|HEAP_ALLOCATE|[157]|Bytes:2
13:37:16.0 (37555749)|HEAP_ALLOCATE|[EXTERNAL]|Bytes:4
13:37:16.0 (37562146)|STATEMENT_EXECUTE|[162]
13:37:16.0 (37682788)|SYSTEM_MODE_ENTER|true
13:37:16.0 (39624764)|VF_SERIALIZE_VIEWSTATE_BEGIN|0660H000004OdRk
13:37:16.0 (53226581)|VF_SERIALIZE_VIEWSTATE_END
13:37:16.0 (55721431)|CODE_UNIT_STARTED|[EXTERNAL]|Generate Metadata
13:37:16.0 (56246079)|CODE_UNIT_FINISHED|Generate Metadata
13:37:16.58 (58110104)|CUMULATIVE_LIMIT_USAGE
13:37:16.58 (58110104)|LIMIT_USAGE_FOR_NS|(default)|
  Number of SOQL queries: 0 out of 100
  Number of query rows: 0 out of 50000
  Number of SOSL queries: 0 out of 20
  Number of DML statements: 0 out of 150
  Number of DML rows: 0 out of 10000
  Maximum CPU time: 0 out of 10000
  Maximum heap size: 0 out of 6000000
  Number of callouts: 0 out of 100
  Number of Email Invocations: 0 out of 10
  Number of future calls: 0 out of 50
  Number of queueable jobs added to the queue: 0 out of 50
  Number of Mobile Apex push calls: 0 out of 10

13:37:16.58 (58110104)|CUMULATIVE_LIMIT_USAGE_END

13:37:16.0 (58149574)|CODE_UNIT_FINISHED|VF: /apex/docapp
13:37:16.0 (58924699)|EXECUTION_FINISHED
