42.0 APEX_CODE,FINEST;APEX_PROFILING,INFO;CALLOUT,INFO;DB,INFO;SYSTEM,DEBUG;VALIDATION,INFO;VISUALFORCE,INFO;WAVE,INFO;WORKFLOW,INFO
16:01:56.0 (335617)|USER_INFO|[EXTERNAL]|005i0000002qYvT|anton@igate.com|India Standard Time|GMT+05:30
16:01:56.0 (369776)|EXECUTION_STARTED
16:01:56.0 (375103)|CODE_UNIT_STARTED|[EXTERNAL]|0660H000004OdRk|VF: /apex/docapp
16:01:56.0 (1839487)|VF_DESERIALIZE_VIEWSTATE_BEGIN|0660H000004OdRk
16:01:56.0 (14400614)|HEAP_ALLOCATE|[72]|Bytes:3
16:01:56.0 (14467269)|HEAP_ALLOCATE|[77]|Bytes:152
16:01:56.0 (14482547)|HEAP_ALLOCATE|[342]|Bytes:408
16:01:56.0 (14493851)|HEAP_ALLOCATE|[355]|Bytes:408
16:01:56.0 (14505716)|HEAP_ALLOCATE|[467]|Bytes:48
16:01:56.0 (14559530)|HEAP_ALLOCATE|[139]|Bytes:6
16:01:56.0 (17712761)|VF_DESERIALIZE_VIEWSTATE_END
16:01:56.18 (18338490)|SYSTEM_MODE_ENTER|true
16:01:56.18 (18547148)|HEAP_ALLOCATE|[EXTERNAL]|Bytes:38
16:01:56.18 (18573590)|HEAP_ALLOCATE|[EXTERNAL]|Bytes:7
16:01:56.18 (18596500)|SYSTEM_METHOD_ENTRY|[1]|PageMessagesComponentController.PageMessagesComponentController()
16:01:56.18 (18603143)|STATEMENT_EXECUTE|[1]
16:01:56.19 (19525011)|SYSTEM_MODE_ENTER|true
16:01:56.19 (19579170)|HEAP_ALLOCATE|[EXTERNAL]|Bytes:8
16:01:56.19 (19589089)|VARIABLE_SCOPE_BEGIN|[88]|this|ApexPage.PageMessagesComponentController|true|false
16:01:56.19 (19642688)|VARIABLE_ASSIGNMENT|[88]|this|{}|0x7347c403
16:01:56.19 (19650331)|VARIABLE_SCOPE_BEGIN|[88]|escape|Boolean|false|false
16:01:56.19 (19661520)|VARIABLE_ASSIGNMENT|[88]|escape|null
16:01:56.0 (19825697)|SYSTEM_MODE_ENTER|true
16:01:56.0 (19849638)|HEAP_ALLOCATE|[EXTERNAL]|Bytes:14
16:01:56.0 (19857006)|HEAP_ALLOCATE|[EXTERNAL]|Bytes:248
16:01:56.0 (19861329)|HEAP_ALLOCATE|[EXTERNAL]|Bytes:53
16:01:56.0 (19865463)|HEAP_ALLOCATE|[EXTERNAL]|Bytes:20
16:01:56.0 (19872736)|METHOD_ENTRY|[1]|01p0H000007gCe8|docappcontroller.docappcontroller()
16:01:56.0 (19878236)|STATEMENT_EXECUTE|[1]
16:01:56.0 (19881987)|STATEMENT_EXECUTE|[1]
16:01:56.0 (19883548)|STATEMENT_EXECUTE|[205]
16:01:56.0 (19887731)|METHOD_EXIT|[1]|docappcontroller
16:01:56.0 (24402249)|SYSTEM_MODE_ENTER|true
16:01:56.0 (26876271)|SYSTEM_MODE_ENTER|true
16:01:56.0 (27937009)|SYSTEM_MODE_ENTER|true
16:01:56.0 (28186350)|HEAP_ALLOCATE|[EXTERNAL]|Bytes:48
16:01:56.0 (28197852)|VARIABLE_SCOPE_BEGIN|[164]|this|docappcontroller|true|false
16:01:56.0 (28269237)|VARIABLE_ASSIGNMENT|[164]|this|{"aptdum":"0x65ee55ca","Docdum":"0x10116a7b","Docmap":"0x1d6ce842","Initialselected":0,"timewraplistInitial":"0x3a44fdda"}|0x45e50ded
16:01:56.0 (28281561)|STATEMENT_EXECUTE|[164]
16:01:56.0 (28284136)|STATEMENT_EXECUTE|[166]
16:01:56.0 (28300236)|HEAP_ALLOCATE|[166]|Bytes:4
16:01:56.0 (28332059)|VARIABLE_SCOPE_BEGIN|[166]|options|List<System.SelectOption>|true|false
16:01:56.0 (28356125)|HEAP_ALLOCATE|[EXTERNAL]|Bytes:4
16:01:56.0 (28369673)|VARIABLE_ASSIGNMENT|[166]|options|[]|0x2d93bf5d
16:01:56.0 (28376211)|STATEMENT_EXECUTE|[167]
16:01:56.0 (28384066)|HEAP_ALLOCATE|[167]|Bytes:8
16:01:56.0 (28436700)|HEAP_ALLOCATE|[EXTERNAL]|Bytes:4
16:01:56.0 (28487634)|VARIABLE_ASSIGNMENT|[EXTERNAL]|this|{"aptdum":"0x65ee55ca","Docdum":"0x10116a7b","Docmap":"0x1d6ce842","Initialselected":0,"timewraplistInitial":"0x3a44fdda"}|0x45e50ded
16:01:56.0 (28502320)|STATEMENT_EXECUTE|[168]
16:01:56.0 (28530114)|VARIABLE_ASSIGNMENT|[EXTERNAL]|this|{"aptdum":"0x65ee55ca","Docdum":"0x10116a7b","Docmap":"0x1d6ce842","Initialselected":0,"timewraplistInitial":"0x3a44fdda"}|0x45e50ded
16:01:56.0 (28566203)|HEAP_ALLOCATE|[EXTERNAL]|Bytes:12
16:01:56.0 (28583025)|HEAP_ALLOCATE|[169]|Bytes:237
16:01:56.0 (28702941)|HEAP_ALLOCATE|[169]|Bytes:5
16:01:56.0 (28751716)|HEAP_ALLOCATE|[169]|Bytes:24
16:01:56.0 (28762094)|VARIABLE_SCOPE_BEGIN|[169]|doc|Doctor__c|true|false
16:01:56.0 (28858378)|VARIABLE_ASSIGNMENT|[169]|doc|{"Id":"a260H000001koYjQAI","Name":"doc 2","End_Time__c":68400000,"Speciality__c":"General Surgery","Start_Time__c":43200000}|0x50fcd6c
16:01:56.0 (28866682)|STATEMENT_EXECUTE|[169]
16:01:56.0 (28868490)|STATEMENT_EXECUTE|[170]
16:01:56.0 (28912294)|HEAP_ALLOCATE|[170]|Bytes:18
16:01:56.0 (28963092)|HEAP_ALLOCATE|[EXTERNAL]|Bytes:4
16:01:56.0 (28980573)|HEAP_ALLOCATE|[169]|Bytes:5
16:01:56.0 (28999963)|HEAP_ALLOCATE|[169]|Bytes:24
16:01:56.0 (29007429)|VARIABLE_SCOPE_BEGIN|[169]|doc|Doctor__c|true|false
16:01:56.0 (29025502)|VARIABLE_ASSIGNMENT|[169]|doc|{"Id":"a260H000001koYeQAI","Name":"Doc1","End_Time__c":64800000,"Speciality__c":"General Surgery","Start_Time__c":32400000}|0x3dfba3ba
16:01:56.0 (29032124)|STATEMENT_EXECUTE|[169]
16:01:56.0 (29033796)|STATEMENT_EXECUTE|[170]
16:01:56.0 (29042501)|HEAP_ALLOCATE|[170]|Bytes:18
16:01:56.0 (29055357)|HEAP_ALLOCATE|[EXTERNAL]|Bytes:4
16:01:56.0 (29066963)|HEAP_ALLOCATE|[169]|Bytes:5
16:01:56.0 (29077352)|VARIABLE_ASSIGNMENT|[169]|doc|null|
16:01:56.0 (29082617)|STATEMENT_EXECUTE|[176]
16:01:56.0 (29161819)|SYSTEM_MODE_ENTER|true
16:01:56.0 (29495520)|SYSTEM_MODE_ENTER|true
16:01:56.0 (29536578)|HEAP_ALLOCATE|[EXTERNAL]|Bytes:48
16:01:56.0 (29545275)|VARIABLE_SCOPE_BEGIN|[181]|this|docappcontroller|true|false
16:01:56.0 (29579805)|VARIABLE_ASSIGNMENT|[181]|this|{"aptdum":"0x65ee55ca","Docdum":"0x10116a7b","Docmap":"0x1d6ce842","Initialselected":0,"timewraplistInitial":"0x3a44fdda"}|0x45e50ded
16:01:56.0 (29590640)|STATEMENT_EXECUTE|[181]
16:01:56.0 (29592605)|STATEMENT_EXECUTE|[183]
16:01:56.0 (29601933)|HEAP_ALLOCATE|[183]|Bytes:4
16:01:56.0 (29624054)|VARIABLE_SCOPE_BEGIN|[183]|options|List<System.SelectOption>|true|false
16:01:56.0 (29645221)|HEAP_ALLOCATE|[EXTERNAL]|Bytes:4
16:01:56.0 (29654285)|VARIABLE_ASSIGNMENT|[183]|options|[]|0x44fa947b
16:01:56.0 (29660196)|STATEMENT_EXECUTE|[184]
16:01:56.0 (29697612)|HEAP_ALLOCATE|[EXTERNAL]|Bytes:4
16:01:56.0 (29706132)|STATEMENT_EXECUTE|[187]
16:01:56.0 (29710444)|HEAP_ALLOCATE|[187]|Bytes:2
16:01:56.0 (29733661)|HEAP_ALLOCATE|[EXTERNAL]|Bytes:4
16:01:56.0 (29740152)|STATEMENT_EXECUTE|[188]
16:01:56.0 (29743371)|HEAP_ALLOCATE|[188]|Bytes:2
16:01:56.0 (29762220)|HEAP_ALLOCATE|[EXTERNAL]|Bytes:4
16:01:56.0 (29768550)|STATEMENT_EXECUTE|[193]
16:01:56.0 (29835213)|SYSTEM_MODE_ENTER|true
16:01:56.30 (30372039)|SYSTEM_MODE_ENTER|true
16:01:56.30 (30422429)|HEAP_ALLOCATE|[EXTERNAL]|Bytes:8
16:01:56.30 (30430387)|VARIABLE_SCOPE_BEGIN|[88]|this|ApexPage.PageMessagesComponentController|true|false
16:01:56.30 (30452923)|VARIABLE_ASSIGNMENT|[88]|this|{}|0x7347c403
16:01:56.30 (30459409)|VARIABLE_SCOPE_BEGIN|[88]|escape|Boolean|false|false
16:01:56.30 (30467323)|VARIABLE_ASSIGNMENT|[88]|escape|null
16:01:56.0 (30645663)|SYSTEM_MODE_ENTER|true
16:01:56.0 (30674250)|HEAP_ALLOCATE|[EXTERNAL]|Bytes:18
16:01:56.0 (30679737)|HEAP_ALLOCATE|[EXTERNAL]|Bytes:48
16:01:56.0 (30702387)|VARIABLE_ASSIGNMENT|[EXTERNAL]|this.Selecteddoc|"a260H000001koYjQAI"|0x45e50ded
16:01:56.0 (30745580)|SYSTEM_MODE_ENTER|true
16:01:56.0 (30890747)|SYSTEM_MODE_ENTER|true
16:01:56.0 (30931672)|SYSTEM_MODE_ENTER|true
16:01:56.0 (30948135)|HEAP_ALLOCATE|[EXTERNAL]|Bytes:8
16:01:56.0 (30953259)|HEAP_ALLOCATE|[EXTERNAL]|Bytes:48
16:01:56.0 (30962464)|VARIABLE_ASSIGNMENT|[EXTERNAL]|this.SelectedtimeSlot|30|0x45e50ded
16:01:56.0 (30997050)|SYSTEM_MODE_ENTER|true
16:01:56.0 (31198985)|HEAP_ALLOCATE|[EXTERNAL]|Bytes:48
16:01:56.0 (31209173)|VARIABLE_SCOPE_BEGIN|[62]|this|docappcontroller|true|false
16:01:56.0 (31251875)|VARIABLE_ASSIGNMENT|[62]|this|{"aptdum":"0x65ee55ca","Docdum":"0x10116a7b","Docmap":"0x1d6ce842","Initialselected":0,"Selecteddoc":"a260H000001koYjQAI","SelectedtimeSlot":30,"timewraplistInitial":"0x3a44fdda"}|0x45e50ded
16:01:56.0 (31262727)|STATEMENT_EXECUTE|[62]
16:01:56.0 (31264597)|STATEMENT_EXECUTE|[64]
16:01:56.0 (31308484)|VARIABLE_ASSIGNMENT|[EXTERNAL]|this|{"aptdum":"0x65ee55ca","Docdum":"0x10116a7b","Docmap":"0x1d6ce842","Initialselected":0,"Selecteddoc":"a260H000001koYjQAI","SelectedtimeSlot":30,"timewraplistInitial":"0x3a44fdda"}|0x45e50ded
16:01:56.0 (31341835)|USER_DEBUG|[64]|DEBUG|a260H000001koYjQAI
16:01:56.0 (31382202)|VARIABLE_ASSIGNMENT|[EXTERNAL]|this|{"aptdum":"0x65ee55ca","Docdum":"0x10116a7b","Docmap":"0x1d6ce842","Initialselected":0,"Selecteddoc":"a260H000001koYjQAI","SelectedtimeSlot":30,"timewraplistInitial":"0x3a44fdda"}|0x45e50ded
16:01:56.0 (31414516)|VARIABLE_ASSIGNMENT|[EXTERNAL]|this|{"aptdum":"0x65ee55ca","Docdum":"0x10116a7b","Docmap":"0x1d6ce842","Initialselected":0,"Selecteddoc":"a260H000001koYjQAI","SelectedtimeSlot":30,"timewraplistInitial":"0x3a44fdda"}|0x45e50ded
16:01:56.0 (31445258)|STATEMENT_EXECUTE|[67]
16:01:56.0 (31447377)|STATEMENT_EXECUTE|[68]
16:01:56.0 (31476051)|VARIABLE_ASSIGNMENT|[EXTERNAL]|this|{"aptdum":"0x65ee55ca","Docdum":"0x10116a7b","Docmap":"0x1d6ce842","Initialselected":0,"Selecteddoc":"a260H000001koYjQAI","SelectedtimeSlot":30,"timewraplistInitial":"0x3a44fdda"}|0x45e50ded
16:01:56.0 (31506736)|VARIABLE_ASSIGNMENT|[EXTERNAL]|this|{"aptdum":"0x65ee55ca","Docdum":"0x10116a7b","Docmap":"0x1d6ce842","Initialselected":0,"Selecteddoc":"a260H000001koYjQAI","SelectedtimeSlot":30,"timewraplistInitial":"0x3a44fdda"}|0x45e50ded
16:01:56.0 (31531632)|VARIABLE_SCOPE_BEGIN|[68]|d|Doctor__c|true|false
16:01:56.0 (31551220)|VARIABLE_ASSIGNMENT|[68]|d|{"Id":"a260H000001koYjQAI","Name":"doc 2","End_Time__c":68400000,"Speciality__c":"General Surgery","Start_Time__c":43200000}|0x50fcd6c
16:01:56.0 (31557198)|STATEMENT_EXECUTE|[69]
16:01:56.0 (31589575)|HEAP_ALLOCATE|[69]|Bytes:4
16:01:56.0 (31628314)|HEAP_ALLOCATE|[69]|Bytes:150
16:01:56.0 (31645087)|HEAP_ALLOCATE|[69]|Bytes:4
16:01:56.0 (31654691)|HEAP_ALLOCATE|[69]|Bytes:7
16:01:56.0 (31687224)|VARIABLE_ASSIGNMENT|[EXTERNAL]|this|{"aptdum":"0x65ee55ca","Docdum":"0x10116a7b","Docmap":"0x1d6ce842","Initialselected":0,"Selecteddoc":"a260H000001koYjQAI","SelectedtimeSlot":30,"timewraplistInitial":"0x3a44fdda"}|0x45e50ded
16:01:56.0 (31706949)|HEAP_ALLOCATE|[69]|Bytes:7
16:01:56.0 (31735790)|VARIABLE_ASSIGNMENT|[EXTERNAL]|this|{"aptdum":"0x65ee55ca","Docdum":"0x10116a7b","Docmap":"0x1d6ce842","Initialselected":0,"Selecteddoc":"a260H000001koYjQAI","SelectedtimeSlot":30,"timewraplistInitial":"0x3a44fdda"}|0x45e50ded
16:01:56.0 (32089019)|SOQL_EXECUTE_BEGIN|[69]|Aggregations:0|SELECT Id, Name, Doctor__c, Patient__c, End_Time__c, Start_Time__c FROM Appointment__c WHERE (Doctor__c = :tmpVar1 AND Appointment_Date__c = :tmpVar2)
16:01:56.0 (36871802)|SOQL_EXECUTE_END|[69]|Rows:4
16:01:56.0 (36892992)|HEAP_ALLOCATE|[69]|Bytes:20
16:01:56.0 (36919741)|HEAP_ALLOCATE|[69]|Bytes:588
16:01:56.0 (36949364)|HEAP_ALLOCATE|[69]|Bytes:20
16:01:56.0 (36975113)|HEAP_ALLOCATE|[69]|Bytes:28
16:01:56.0 (36980884)|HEAP_ALLOCATE|[69]|Bytes:28
16:01:56.0 (36985186)|HEAP_ALLOCATE|[69]|Bytes:28
16:01:56.0 (36988057)|HEAP_ALLOCATE|[69]|Bytes:28
16:01:56.0 (36991490)|HEAP_ALLOCATE|[69]|Bytes:28
16:01:56.0 (36994190)|HEAP_ALLOCATE|[69]|Bytes:16
16:01:56.0 (37003051)|VARIABLE_SCOPE_BEGIN|[69]|aptlist|List<Appointment__c>|true|false
16:01:56.0 (37014680)|HEAP_ALLOCATE|[EXTERNAL]|Bytes:20
16:01:56.0 (37045878)|VARIABLE_ASSIGNMENT|[69]|aptlist|[{"Id":"a250H00000HayTQQAZ","Name":"A-00003","Doctor__c":"a260H000001koYjQAI","Patient__c":"a270H000006vXitQAE","End_Time__c":54000000,"Start_Time__c":50400000},{"Id":"a250H00000HaxnFQAR","Name":"A-00000","Doctor__c":"a260H000001koYjQAI","Patient__c":"a270H000006vXivQAE","End_Time__c":61200000,"Start_Time__c":54000000},{"Id":"a250H00000HayO3QAJ","Name":"A-00001","Doctor__c":"a260H000001koYjQAI","Patient__c":"a270H000006vXivQAE","End_Time__c":70200000,"Start_Time__c":68400000},{"Id":"a250H00000HayTLQAZ","Name":"A-00002","Doctor__c":"a260H000001koYjQAI","Patient__c":"a270H000006vXizQAE","End_Time__c":46800000,"Start_Time__c":43200000}]|0x7b61bd41
16:01:56.0 (37061873)|STATEMENT_EXECUTE|[70]
16:01:56.0 (37084743)|HEAP_ALLOCATE|[70]|Bytes:4
16:01:56.0 (37152239)|VARIABLE_ASSIGNMENT|[70]|this.timeset|[]|0x45e50ded
16:01:56.0 (37241569)|HEAP_ALLOCATE|[71]|Bytes:5
16:01:56.0 (37255413)|HEAP_ALLOCATE|[71]|Bytes:28
16:01:56.0 (37263410)|VARIABLE_SCOPE_BEGIN|[71]|apt|Appointment__c|true|false
16:01:56.0 (37280860)|VARIABLE_ASSIGNMENT|[71]|apt|{"Id":"a250H00000HayTQQAZ","Name":"A-00003","Doctor__c":"a260H000001koYjQAI","Patient__c":"a270H000006vXitQAE","End_Time__c":54000000,"Start_Time__c":50400000}|0x5c4e0ddd
16:01:56.0 (37289560)|STATEMENT_EXECUTE|[71]
16:01:56.0 (37291974)|STATEMENT_EXECUTE|[73]
16:01:56.0 (37321208)|VARIABLE_SCOPE_BEGIN|[73]|t|Time|false|false
16:01:56.0 (37335243)|VARIABLE_ASSIGNMENT|[73]|t|50400000
16:01:56.0 (37339595)|STATEMENT_EXECUTE|[74]
16:01:56.0 (37392646)|VARIABLE_SCOPE_BEGIN|[74]|i|Integer|false|false
16:01:56.0 (37401123)|HEAP_ALLOCATE|[74]|Bytes:4
16:01:56.0 (37408274)|VARIABLE_ASSIGNMENT|[74]|i|1
16:01:56.0 (37412485)|STATEMENT_EXECUTE|[75]
16:01:56.0 (37439975)|HEAP_ALLOCATE|[75]|Bytes:28
16:01:56.0 (37445485)|HEAP_ALLOCATE|[75]|Bytes:28
16:01:56.0 (37450106)|VARIABLE_SCOPE_BEGIN|[75]|i1|Decimal|false|false
16:01:56.0 (37462265)|VARIABLE_ASSIGNMENT|[75]|i1|0
16:01:56.0 (37466814)|STATEMENT_EXECUTE|[76]
16:01:56.0 (37492551)|HEAP_ALLOCATE|[EXTERNAL]|Bytes:4
16:01:56.0 (37516222)|STATEMENT_EXECUTE|[77]
16:01:56.0 (37518108)|STATEMENT_EXECUTE|[78]
16:01:56.0 (37608090)|USER_DEBUG|[78]|DEBUG|14:00:00.000Z
16:01:56.0 (37617845)|STATEMENT_EXECUTE|[79]
16:01:56.0 (37653575)|HEAP_ALLOCATE|[79]|Bytes:4
16:01:56.0 (37670219)|VARIABLE_ASSIGNMENT|[79]|t|52200000
16:01:56.0 (37674975)|STATEMENT_EXECUTE|[80]
16:01:56.0 (37678308)|HEAP_ALLOCATE|[80]|Bytes:3
16:01:56.0 (37691972)|HEAP_ALLOCATE|[80]|Bytes:28
16:01:56.0 (37729295)|HEAP_ALLOCATE|[80]|Bytes:28
16:01:56.0 (37745639)|VARIABLE_ASSIGNMENT|[80]|i1|0.5
16:01:56.0 (37750062)|STATEMENT_EXECUTE|[81]
16:01:56.0 (37767923)|HEAP_ALLOCATE|[EXTERNAL]|Bytes:4
16:01:56.0 (37781932)|HEAP_ALLOCATE|[82]|Bytes:28
16:01:56.0 (37786133)|HEAP_ALLOCATE|[82]|Bytes:28
16:01:56.0 (37791431)|HEAP_ALLOCATE|[82]|Bytes:28
16:01:56.0 (37815563)|HEAP_ALLOCATE|[82]|Bytes:28
16:01:56.0 (37847446)|HEAP_ALLOCATE|[71]|Bytes:5
16:01:56.0 (37859147)|HEAP_ALLOCATE|[71]|Bytes:28
16:01:56.0 (37866266)|VARIABLE_SCOPE_BEGIN|[71]|apt|Appointment__c|true|false
16:01:56.0 (37885094)|VARIABLE_ASSIGNMENT|[71]|apt|{"Id":"a250H00000HaxnFQAR","Name":"A-00000","Doctor__c":"a260H000001koYjQAI","Patient__c":"a270H000006vXivQAE","End_Time__c":61200000,"Start_Time__c":54000000}|0x591e7229
16:01:56.0 (37892588)|STATEMENT_EXECUTE|[71]
16:01:56.0 (37894749)|STATEMENT_EXECUTE|[73]
16:01:56.0 (37905191)|VARIABLE_SCOPE_BEGIN|[73]|t|Time|false|false
16:01:56.0 (37917280)|VARIABLE_ASSIGNMENT|[73]|t|54000000
16:01:56.0 (37921257)|STATEMENT_EXECUTE|[74]
16:01:56.0 (37941119)|VARIABLE_SCOPE_BEGIN|[74]|i|Integer|false|false
16:01:56.0 (37948027)|HEAP_ALLOCATE|[74]|Bytes:4
16:01:56.0 (37954607)|VARIABLE_ASSIGNMENT|[74]|i|2
16:01:56.0 (37958787)|STATEMENT_EXECUTE|[75]
16:01:56.0 (37964407)|HEAP_ALLOCATE|[75]|Bytes:28
16:01:56.0 (37968209)|HEAP_ALLOCATE|[75]|Bytes:28
16:01:56.0 (37972047)|VARIABLE_SCOPE_BEGIN|[75]|i1|Decimal|false|false
16:01:56.0 (37981227)|VARIABLE_ASSIGNMENT|[75]|i1|0
16:01:56.0 (37985174)|STATEMENT_EXECUTE|[76]
16:01:56.0 (37991870)|HEAP_ALLOCATE|[EXTERNAL]|Bytes:4
16:01:56.0 (37998274)|STATEMENT_EXECUTE|[77]
16:01:56.0 (37999832)|STATEMENT_EXECUTE|[78]
16:01:56.0 (38009060)|USER_DEBUG|[78]|DEBUG|15:00:00.000Z
16:01:56.0 (38016589)|STATEMENT_EXECUTE|[79]
16:01:56.0 (38027995)|HEAP_ALLOCATE|[79]|Bytes:4
16:01:56.0 (38042339)|VARIABLE_ASSIGNMENT|[79]|t|55800000
16:01:56.0 (38046382)|STATEMENT_EXECUTE|[80]
16:01:56.0 (38051251)|HEAP_ALLOCATE|[80]|Bytes:28
16:01:56.0 (38065163)|HEAP_ALLOCATE|[80]|Bytes:28
16:01:56.0 (38079822)|VARIABLE_ASSIGNMENT|[80]|i1|0.5
16:01:56.0 (38084372)|STATEMENT_EXECUTE|[81]
16:01:56.0 (38090509)|HEAP_ALLOCATE|[EXTERNAL]|Bytes:4
16:01:56.0 (38100657)|HEAP_ALLOCATE|[82]|Bytes:28
16:01:56.0 (38104345)|HEAP_ALLOCATE|[82]|Bytes:28
16:01:56.0 (38109021)|HEAP_ALLOCATE|[82]|Bytes:28
16:01:56.0 (38121398)|HEAP_ALLOCATE|[82]|Bytes:28
16:01:56.0 (38140928)|STATEMENT_EXECUTE|[77]
16:01:56.0 (38142635)|STATEMENT_EXECUTE|[78]
16:01:56.0 (38149483)|USER_DEBUG|[78]|DEBUG|15:30:00.000Z
16:01:56.0 (38157136)|STATEMENT_EXECUTE|[79]
16:01:56.0 (38167184)|HEAP_ALLOCATE|[79]|Bytes:4
16:01:56.0 (38199947)|VARIABLE_ASSIGNMENT|[79]|t|57600000
16:01:56.0 (38205323)|STATEMENT_EXECUTE|[80]
16:01:56.0 (38210692)|HEAP_ALLOCATE|[80]|Bytes:28
16:01:56.0 (38230026)|HEAP_ALLOCATE|[80]|Bytes:28
16:01:56.0 (38241186)|VARIABLE_ASSIGNMENT|[80]|i1|1.0
16:01:56.0 (38245260)|STATEMENT_EXECUTE|[81]
16:01:56.0 (38251282)|HEAP_ALLOCATE|[EXTERNAL]|Bytes:4
16:01:56.0 (38261442)|HEAP_ALLOCATE|[82]|Bytes:28
16:01:56.0 (38265294)|HEAP_ALLOCATE|[82]|Bytes:28
16:01:56.0 (38269822)|HEAP_ALLOCATE|[82]|Bytes:28
16:01:56.0 (38281787)|HEAP_ALLOCATE|[82]|Bytes:28
16:01:56.0 (38303618)|STATEMENT_EXECUTE|[77]
16:01:56.0 (38305395)|STATEMENT_EXECUTE|[78]
16:01:56.0 (38312420)|USER_DEBUG|[78]|DEBUG|16:00:00.000Z
16:01:56.0 (38319270)|STATEMENT_EXECUTE|[79]
16:01:56.0 (38329737)|HEAP_ALLOCATE|[79]|Bytes:4
16:01:56.0 (38343231)|VARIABLE_ASSIGNMENT|[79]|t|59400000
16:01:56.0 (38347394)|STATEMENT_EXECUTE|[80]
16:01:56.0 (38351369)|HEAP_ALLOCATE|[80]|Bytes:28
16:01:56.0 (38362750)|HEAP_ALLOCATE|[80]|Bytes:28
16:01:56.0 (38373055)|VARIABLE_ASSIGNMENT|[80]|i1|1.5
16:01:56.0 (38376958)|STATEMENT_EXECUTE|[81]
16:01:56.0 (38383020)|HEAP_ALLOCATE|[EXTERNAL]|Bytes:4
16:01:56.0 (38392313)|HEAP_ALLOCATE|[82]|Bytes:28
16:01:56.0 (38396115)|HEAP_ALLOCATE|[82]|Bytes:28
16:01:56.0 (38400585)|HEAP_ALLOCATE|[82]|Bytes:28
16:01:56.0 (38412842)|HEAP_ALLOCATE|[82]|Bytes:28
16:01:56.0 (38437006)|HEAP_ALLOCATE|[71]|Bytes:5
16:01:56.0 (38447311)|HEAP_ALLOCATE|[71]|Bytes:28
16:01:56.0 (38453790)|VARIABLE_SCOPE_BEGIN|[71]|apt|Appointment__c|true|false
16:01:56.0 (38470379)|VARIABLE_ASSIGNMENT|[71]|apt|{"Id":"a250H00000HayO3QAJ","Name":"A-00001","Doctor__c":"a260H000001koYjQAI","Patient__c":"a270H000006vXivQAE","End_Time__c":70200000,"Start_Time__c":68400000}|0x896ba11
16:01:56.0 (38477655)|STATEMENT_EXECUTE|[71]
16:01:56.0 (38479223)|STATEMENT_EXECUTE|[73]
16:01:56.0 (38488306)|VARIABLE_SCOPE_BEGIN|[73]|t|Time|false|false
16:01:56.0 (38498772)|VARIABLE_ASSIGNMENT|[73]|t|68400000
16:01:56.0 (38504221)|STATEMENT_EXECUTE|[74]
16:01:56.0 (38522333)|VARIABLE_SCOPE_BEGIN|[74]|i|Integer|false|false
16:01:56.0 (38529978)|HEAP_ALLOCATE|[74]|Bytes:4
16:01:56.0 (38535802)|VARIABLE_ASSIGNMENT|[74]|i|0
16:01:56.0 (38539997)|STATEMENT_EXECUTE|[75]
16:01:56.0 (38545172)|HEAP_ALLOCATE|[75]|Bytes:28
16:01:56.0 (38548993)|HEAP_ALLOCATE|[75]|Bytes:28
16:01:56.0 (38552380)|VARIABLE_SCOPE_BEGIN|[75]|i1|Decimal|false|false
16:01:56.0 (38560298)|VARIABLE_ASSIGNMENT|[75]|i1|0
16:01:56.0 (38563896)|STATEMENT_EXECUTE|[76]
16:01:56.0 (38569528)|HEAP_ALLOCATE|[EXTERNAL]|Bytes:4
16:01:56.0 (38576451)|STATEMENT_EXECUTE|[77]
16:01:56.0 (38577942)|STATEMENT_EXECUTE|[78]
16:01:56.0 (38584866)|USER_DEBUG|[78]|DEBUG|19:00:00.000Z
16:01:56.0 (38591293)|STATEMENT_EXECUTE|[79]
16:01:56.0 (38603211)|HEAP_ALLOCATE|[79]|Bytes:4
16:01:56.0 (38617157)|VARIABLE_ASSIGNMENT|[79]|t|70200000
16:01:56.0 (38622392)|STATEMENT_EXECUTE|[80]
16:01:56.0 (38626943)|HEAP_ALLOCATE|[80]|Bytes:28
16:01:56.0 (38639441)|HEAP_ALLOCATE|[80]|Bytes:28
16:01:56.0 (38649833)|VARIABLE_ASSIGNMENT|[80]|i1|0.5
16:01:56.0 (38654922)|STATEMENT_EXECUTE|[81]
16:01:56.0 (38660114)|HEAP_ALLOCATE|[EXTERNAL]|Bytes:4
16:01:56.0 (38669449)|HEAP_ALLOCATE|[82]|Bytes:28
16:01:56.0 (38673162)|HEAP_ALLOCATE|[82]|Bytes:28
16:01:56.0 (38677517)|HEAP_ALLOCATE|[82]|Bytes:28
16:01:56.0 (38689188)|HEAP_ALLOCATE|[82]|Bytes:28
16:01:56.0 (38713038)|HEAP_ALLOCATE|[71]|Bytes:5
16:01:56.0 (38722550)|HEAP_ALLOCATE|[71]|Bytes:28
16:01:56.0 (38728171)|VARIABLE_SCOPE_BEGIN|[71]|apt|Appointment__c|true|false
16:01:56.0 (38743690)|VARIABLE_ASSIGNMENT|[71]|apt|{"Id":"a250H00000HayTLQAZ","Name":"A-00002","Doctor__c":"a260H000001koYjQAI","Patient__c":"a270H000006vXizQAE","End_Time__c":46800000,"Start_Time__c":43200000}|0x635af699
16:01:56.0 (38750535)|STATEMENT_EXECUTE|[71]
16:01:56.0 (38752200)|STATEMENT_EXECUTE|[73]
16:01:56.0 (38760446)|VARIABLE_SCOPE_BEGIN|[73]|t|Time|false|false
16:01:56.0 (38770625)|VARIABLE_ASSIGNMENT|[73]|t|43200000
16:01:56.0 (38774448)|STATEMENT_EXECUTE|[74]
16:01:56.0 (38791785)|VARIABLE_SCOPE_BEGIN|[74]|i|Integer|false|false
16:01:56.0 (38798666)|HEAP_ALLOCATE|[74]|Bytes:4
16:01:56.0 (38804459)|VARIABLE_ASSIGNMENT|[74]|i|1
16:01:56.0 (38809748)|STATEMENT_EXECUTE|[75]
16:01:56.0 (38814744)|HEAP_ALLOCATE|[75]|Bytes:28
16:01:56.0 (38818342)|HEAP_ALLOCATE|[75]|Bytes:28
16:01:56.0 (38821673)|VARIABLE_SCOPE_BEGIN|[75]|i1|Decimal|false|false
16:01:56.0 (38830039)|VARIABLE_ASSIGNMENT|[75]|i1|0
16:01:56.0 (38833933)|STATEMENT_EXECUTE|[76]
16:01:56.0 (38839317)|HEAP_ALLOCATE|[EXTERNAL]|Bytes:4
16:01:56.0 (38845658)|STATEMENT_EXECUTE|[77]
16:01:56.0 (38847149)|STATEMENT_EXECUTE|[78]
16:01:56.0 (38853915)|USER_DEBUG|[78]|DEBUG|12:00:00.000Z
16:01:56.0 (38860272)|STATEMENT_EXECUTE|[79]
16:01:56.0 (38869836)|HEAP_ALLOCATE|[79]|Bytes:4
16:01:56.0 (38882939)|VARIABLE_ASSIGNMENT|[79]|t|45000000
16:01:56.0 (38887401)|STATEMENT_EXECUTE|[80]
16:01:56.0 (38891781)|HEAP_ALLOCATE|[80]|Bytes:28
16:01:56.0 (38904278)|HEAP_ALLOCATE|[80]|Bytes:28
16:01:56.0 (38914991)|VARIABLE_ASSIGNMENT|[80]|i1|0.5
16:01:56.0 (38919140)|STATEMENT_EXECUTE|[81]
16:01:56.0 (38924457)|HEAP_ALLOCATE|[EXTERNAL]|Bytes:4
16:01:56.0 (38933635)|HEAP_ALLOCATE|[82]|Bytes:28
16:01:56.0 (38937471)|HEAP_ALLOCATE|[82]|Bytes:28
16:01:56.0 (38942487)|HEAP_ALLOCATE|[82]|Bytes:28
16:01:56.0 (38954273)|HEAP_ALLOCATE|[82]|Bytes:28
16:01:56.0 (38981037)|HEAP_ALLOCATE|[71]|Bytes:5
16:01:56.0 (38992097)|VARIABLE_ASSIGNMENT|[71]|apt|null|
16:01:56.0 (38997709)|STATEMENT_EXECUTE|[93]
16:01:56.0 (39055605)|HEAP_ALLOCATE|[93]|Bytes:4
16:01:56.0 (39141614)|VARIABLE_ASSIGNMENT|[EXTERNAL]|this|{"aptdum":"0x65ee55ca","Docdum":"0x10116a7b","Docmap":"0x1d6ce842","Initialselected":0,"Selecteddoc":"a260H000001koYjQAI","SelectedtimeSlot":30,"timeset":"0x506aa598","timewraplistInitial":"0x3a44fdda"}|0x45e50ded
16:01:56.0 (39160861)|HEAP_ALLOCATE|[EXTERNAL]|Bytes:4
16:01:56.0 (39168990)|VARIABLE_ASSIGNMENT|[EXTERNAL]|value|[]|0x77647c1c
16:01:56.0 (39181098)|VARIABLE_ASSIGNMENT|[4]|this.timewraplist|[]|0x45e50ded
16:01:56.0 (39191026)|STATEMENT_EXECUTE|[94]
16:01:56.0 (39198833)|HEAP_ALLOCATE|[94]|Bytes:4
16:01:56.0 (39271957)|VARIABLE_ASSIGNMENT|[EXTERNAL]|this|{"aptdum":"0x65ee55ca","Docdum":"0x10116a7b","Docmap":"0x1d6ce842","Initialselected":0,"Selecteddoc":"a260H000001koYjQAI","SelectedtimeSlot":30,"timeset":"0x506aa598","timewraplist":"0x77647c1c","timewraplistInitial":"0x3a44fdda"}|0x45e50ded
16:01:56.0 (39293088)|HEAP_ALLOCATE|[EXTERNAL]|Bytes:4
16:01:56.0 (39299934)|VARIABLE_ASSIGNMENT|[EXTERNAL]|value|[]|0x42cf1bf6
16:01:56.0 (39310788)|VARIABLE_ASSIGNMENT|[3]|this.timelist|[]|0x45e50ded
16:01:56.0 (39319423)|STATEMENT_EXECUTE|[95]
16:01:56.0 (39345519)|VARIABLE_SCOPE_BEGIN|[95]|t|Time|false|false
16:01:56.0 (39360410)|VARIABLE_ASSIGNMENT|[95]|t|43200000
16:01:56.0 (39365042)|STATEMENT_EXECUTE|[96]
16:01:56.0 (39405549)|VARIABLE_SCOPE_BEGIN|[96]|i|Integer|false|false
16:01:56.0 (39413523)|HEAP_ALLOCATE|[96]|Bytes:4
16:01:56.0 (39420410)|VARIABLE_ASSIGNMENT|[96]|i|7
16:01:56.0 (39424568)|STATEMENT_EXECUTE|[97]
16:01:56.0 (39432564)|HEAP_ALLOCATE|[97]|Bytes:28
16:01:56.0 (39436639)|HEAP_ALLOCATE|[97]|Bytes:28
16:01:56.0 (39440215)|VARIABLE_SCOPE_BEGIN|[97]|i1|Decimal|false|false
16:01:56.0 (39450181)|VARIABLE_ASSIGNMENT|[97]|i1|0
16:01:56.0 (39495411)|STATEMENT_EXECUTE|[100]
16:01:56.0 (39498005)|STATEMENT_EXECUTE|[101]
16:01:56.0 (39542029)|VARIABLE_ASSIGNMENT|[EXTERNAL]|this|{"aptdum":"0x65ee55ca","Docdum":"0x10116a7b","Docmap":"0x1d6ce842","Initialselected":0,"Selecteddoc":"a260H000001koYjQAI","SelectedtimeSlot":30,"timelist":"0x42cf1bf6","timeset":"0x506aa598","timewraplist":"0x77647c1c","timewraplistInitial":"0x3a44fdda"}|0x45e50ded
16:01:56.0 (39560491)|HEAP_ALLOCATE|[101]|Bytes:108
16:01:56.0 (39566781)|HEAP_ALLOCATE|[101]|Bytes:11
16:01:56.0 (39580217)|HEAP_ALLOCATE|[101]|Bytes:12
16:01:56.0 (39602809)|CONSTRUCTOR_ENTRY|[101]|01p0H000007gCe8|<init>(Boolean,Time)
16:01:56.0 (39616212)|VARIABLE_SCOPE_BEGIN|[209]|this|docappcontroller.Wrapertimeslot|true|false
16:01:56.0 (39640955)|VARIABLE_ASSIGNMENT|[209]|this|{}|0x2d3e2802
16:01:56.0 (39649074)|VARIABLE_SCOPE_BEGIN|[209]|selection|Boolean|false|false
16:01:56.0 (39658346)|VARIABLE_ASSIGNMENT|[209]|selection|true
16:01:56.0 (39665125)|VARIABLE_SCOPE_BEGIN|[209]|tm|Time|false|false
16:01:56.0 (39675380)|VARIABLE_ASSIGNMENT|[209]|tm|43200000
16:01:56.0 (39680796)|STATEMENT_EXECUTE|[205]
16:01:56.0 (39682452)|STATEMENT_EXECUTE|[206]
16:01:56.0 (39684018)|STATEMENT_EXECUTE|[207]
16:01:56.0 (39689726)|HEAP_ALLOCATE|[210]|Bytes:6
16:01:56.0 (39711077)|STATEMENT_EXECUTE|[209]
16:01:56.0 (39712809)|STATEMENT_EXECUTE|[210]
16:01:56.0 (39761645)|VARIABLE_ASSIGNMENT|[EXTERNAL]|this|{}|0x2d3e2802
16:01:56.0 (39772977)|VARIABLE_ASSIGNMENT|[EXTERNAL]|value|true
16:01:56.0 (39779225)|HEAP_ALLOCATE|[206]|Bytes:5
16:01:56.0 (39786480)|VARIABLE_ASSIGNMENT|[206]|this.selected|true|0x2d3e2802
16:01:56.0 (39795115)|STATEMENT_EXECUTE|[211]
16:01:56.0 (39824929)|VARIABLE_ASSIGNMENT|[EXTERNAL]|this|{"selected":true}|0x2d3e2802
16:01:56.0 (39839383)|VARIABLE_ASSIGNMENT|[EXTERNAL]|value|43200000
16:01:56.0 (39848125)|VARIABLE_ASSIGNMENT|[207]|this.t|43200000|0x2d3e2802
16:01:56.0 (39862725)|CONSTRUCTOR_EXIT|[101]|01p0H000007gCe8|<init>(Boolean,Time)
16:01:56.0 (39876408)|HEAP_ALLOCATE|[EXTERNAL]|Bytes:4
16:01:56.0 (39883645)|STATEMENT_EXECUTE|[102]
16:01:56.0 (39889477)|HEAP_ALLOCATE|[102]|Bytes:4
16:01:56.0 (39897750)|VARIABLE_ASSIGNMENT|[102]|this.Initialselected|1|0x45e50ded
16:01:56.0 (39903253)|STATEMENT_EXECUTE|[104]
16:01:56.0 (39941962)|VARIABLE_ASSIGNMENT|[EXTERNAL]|this|{"aptdum":"0x65ee55ca","Docdum":"0x10116a7b","Docmap":"0x1d6ce842","Initialselected":1,"Selecteddoc":"a260H000001koYjQAI","SelectedtimeSlot":30,"timelist":"0x42cf1bf6","timeset":"0x506aa598","timewraplist":"0x77647c1c","timewraplistInitial":"0x3a44fdda"}|0x45e50ded
16:01:56.0 (39961577)|HEAP_ALLOCATE|[EXTERNAL]|Bytes:4
16:01:56.0 (39976825)|HEAP_ALLOCATE|[107]|Bytes:28
16:01:56.0 (39981744)|HEAP_ALLOCATE|[107]|Bytes:28
16:01:56.0 (40011600)|STATEMENT_EXECUTE|[107]
16:01:56.0 (40014175)|STATEMENT_EXECUTE|[108]
16:01:56.0 (40031428)|USER_DEBUG|[108]|DEBUG|12:00:00.000Z
16:01:56.0 (40040199)|STATEMENT_EXECUTE|[109]
16:01:56.0 (40070339)|HEAP_ALLOCATE|[109]|Bytes:4
16:01:56.0 (40086270)|VARIABLE_ASSIGNMENT|[109]|t|45000000
16:01:56.0 (40091637)|STATEMENT_EXECUTE|[110]
16:01:56.0 (40097904)|HEAP_ALLOCATE|[110]|Bytes:28
16:01:56.0 (40117258)|HEAP_ALLOCATE|[110]|Bytes:28
16:01:56.0 (40130746)|VARIABLE_ASSIGNMENT|[110]|i1|0.5
16:01:56.0 (40135836)|STATEMENT_EXECUTE|[111]
16:01:56.0 (40171692)|VARIABLE_ASSIGNMENT|[EXTERNAL]|this|{"aptdum":"0x65ee55ca","Docdum":"0x10116a7b","Docmap":"0x1d6ce842","Initialselected":1,"Selecteddoc":"a260H000001koYjQAI","SelectedtimeSlot":30,"timelist":"0x42cf1bf6","timeset":"0x506aa598","timewraplist":"0x77647c1c","timewraplistInitial":"0x3a44fdda"}|0x45e50ded
16:01:56.0 (40190344)|HEAP_ALLOCATE|[EXTERNAL]|Bytes:4
16:01:56.0 (40223098)|STATEMENT_EXECUTE|[115]
16:01:56.0 (40225218)|STATEMENT_EXECUTE|[116]
16:01:56.0 (40257405)|VARIABLE_ASSIGNMENT|[EXTERNAL]|this|{"aptdum":"0x65ee55ca","Docdum":"0x10116a7b","Docmap":"0x1d6ce842","Initialselected":1,"Selecteddoc":"a260H000001koYjQAI","SelectedtimeSlot":30,"timelist":"0x42cf1bf6","timeset":"0x506aa598","timewraplist":"0x77647c1c","timewraplistInitial":"0x3a44fdda"}|0x45e50ded
16:01:56.0 (40271551)|HEAP_ALLOCATE|[116]|Bytes:12
16:01:56.0 (40284934)|CONSTRUCTOR_ENTRY|[116]|01p0H000007gCe8|<init>(Boolean,Time)
16:01:56.0 (40292960)|VARIABLE_SCOPE_BEGIN|[209]|this|docappcontroller.Wrapertimeslot|true|false
16:01:56.0 (40307599)|VARIABLE_ASSIGNMENT|[209]|this|{}|0x4979d5
16:01:56.0 (40314648)|VARIABLE_SCOPE_BEGIN|[209]|selection|Boolean|false|false
16:01:56.0 (40323118)|VARIABLE_ASSIGNMENT|[209]|selection|true
16:01:56.0 (40328354)|VARIABLE_SCOPE_BEGIN|[209]|tm|Time|false|false
16:01:56.0 (40336795)|VARIABLE_ASSIGNMENT|[209]|tm|45000000
16:01:56.0 (40341864)|STATEMENT_EXECUTE|[205]
16:01:56.0 (40343459)|STATEMENT_EXECUTE|[206]
16:01:56.0 (40345010)|STATEMENT_EXECUTE|[207]
16:01:56.0 (40355536)|STATEMENT_EXECUTE|[209]
16:01:56.0 (40357317)|STATEMENT_EXECUTE|[210]
16:01:56.0 (40369194)|VARIABLE_ASSIGNMENT|[EXTERNAL]|this|{}|0x4979d5
16:01:56.0 (40378539)|VARIABLE_ASSIGNMENT|[EXTERNAL]|value|true
16:01:56.0 (40384361)|HEAP_ALLOCATE|[206]|Bytes:5
16:01:56.0 (40390912)|VARIABLE_ASSIGNMENT|[206]|this.selected|true|0x4979d5
16:01:56.0 (40398690)|STATEMENT_EXECUTE|[211]
16:01:56.0 (40409984)|VARIABLE_ASSIGNMENT|[EXTERNAL]|this|{"selected":true}|0x4979d5
16:01:56.0 (40418767)|VARIABLE_ASSIGNMENT|[EXTERNAL]|value|45000000
16:01:56.0 (40425970)|VARIABLE_ASSIGNMENT|[207]|this.t|45000000|0x4979d5
16:01:56.0 (40439079)|CONSTRUCTOR_EXIT|[116]|01p0H000007gCe8|<init>(Boolean,Time)
16:01:56.0 (40450576)|HEAP_ALLOCATE|[EXTERNAL]|Bytes:4
16:01:56.0 (40457023)|STATEMENT_EXECUTE|[117]
16:01:56.0 (40462070)|HEAP_ALLOCATE|[117]|Bytes:4
16:01:56.0 (40469347)|VARIABLE_ASSIGNMENT|[117]|this.Initialselected|2|0x45e50ded
16:01:56.0 (40481108)|HEAP_ALLOCATE|[107]|Bytes:28
16:01:56.0 (40485041)|HEAP_ALLOCATE|[107]|Bytes:28
16:01:56.0 (40506749)|STATEMENT_EXECUTE|[107]
16:01:56.0 (40508621)|STATEMENT_EXECUTE|[108]
16:01:56.0 (40518490)|USER_DEBUG|[108]|DEBUG|12:30:00.000Z
16:01:56.0 (40526076)|STATEMENT_EXECUTE|[109]
16:01:56.0 (40552831)|HEAP_ALLOCATE|[109]|Bytes:4
16:01:56.0 (40569454)|VARIABLE_ASSIGNMENT|[109]|t|46800000
16:01:56.0 (40574672)|STATEMENT_EXECUTE|[110]
16:01:56.0 (40580261)|HEAP_ALLOCATE|[110]|Bytes:28
16:01:56.0 (40593257)|HEAP_ALLOCATE|[110]|Bytes:28
16:01:56.0 (40605074)|VARIABLE_ASSIGNMENT|[110]|i1|1.0
16:01:56.0 (40609670)|STATEMENT_EXECUTE|[111]
16:01:56.0 (40640287)|VARIABLE_ASSIGNMENT|[EXTERNAL]|this|{"aptdum":"0x65ee55ca","Docdum":"0x10116a7b","Docmap":"0x1d6ce842","Initialselected":2,"Selecteddoc":"a260H000001koYjQAI","SelectedtimeSlot":30,"timelist":"0x42cf1bf6","timeset":"0x506aa598","timewraplist":"0x77647c1c","timewraplistInitial":"0x3a44fdda"}|0x45e50ded
16:01:56.0 (40655877)|HEAP_ALLOCATE|[EXTERNAL]|Bytes:4
16:01:56.0 (40669455)|STATEMENT_EXECUTE|[113]
16:01:56.0 (40671169)|STATEMENT_EXECUTE|[114]
16:01:56.0 (40704710)|VARIABLE_ASSIGNMENT|[EXTERNAL]|this|{"aptdum":"0x65ee55ca","Docdum":"0x10116a7b","Docmap":"0x1d6ce842","Initialselected":2,"Selecteddoc":"a260H000001koYjQAI","SelectedtimeSlot":30,"timelist":"0x42cf1bf6","timeset":"0x506aa598","timewraplist":"0x77647c1c","timewraplistInitial":"0x3a44fdda"}|0x45e50ded
16:01:56.0 (40718765)|HEAP_ALLOCATE|[114]|Bytes:12
16:01:56.0 (40732763)|CONSTRUCTOR_ENTRY|[114]|01p0H000007gCe8|<init>(Boolean,Time)
16:01:56.0 (40739201)|VARIABLE_SCOPE_BEGIN|[209]|this|docappcontroller.Wrapertimeslot|true|false
16:01:56.0 (40752163)|VARIABLE_ASSIGNMENT|[209]|this|{}|0x7035dab9
16:01:56.0 (40758957)|VARIABLE_SCOPE_BEGIN|[209]|selection|Boolean|false|false
16:01:56.0 (40767651)|VARIABLE_ASSIGNMENT|[209]|selection|false
16:01:56.0 (40771249)|VARIABLE_SCOPE_BEGIN|[209]|tm|Time|false|false
16:01:56.0 (40779533)|VARIABLE_ASSIGNMENT|[209]|tm|46800000
16:01:56.0 (40783818)|STATEMENT_EXECUTE|[205]
16:01:56.0 (40785451)|STATEMENT_EXECUTE|[206]
16:01:56.0 (40786869)|STATEMENT_EXECUTE|[207]
16:01:56.0 (40796688)|STATEMENT_EXECUTE|[209]
16:01:56.0 (40798260)|STATEMENT_EXECUTE|[210]
16:01:56.0 (40809468)|VARIABLE_ASSIGNMENT|[EXTERNAL]|this|{}|0x7035dab9
16:01:56.0 (40817549)|VARIABLE_ASSIGNMENT|[EXTERNAL]|value|false
16:01:56.0 (40822809)|HEAP_ALLOCATE|[206]|Bytes:5
16:01:56.0 (40829206)|VARIABLE_ASSIGNMENT|[206]|this.selected|false|0x7035dab9
16:01:56.0 (40836623)|STATEMENT_EXECUTE|[211]
16:01:56.0 (40847227)|VARIABLE_ASSIGNMENT|[EXTERNAL]|this|{"selected":false}|0x7035dab9
16:01:56.0 (40856030)|VARIABLE_ASSIGNMENT|[EXTERNAL]|value|46800000
16:01:56.0 (40863085)|VARIABLE_ASSIGNMENT|[207]|this.t|46800000|0x7035dab9
16:01:56.0 (40876040)|CONSTRUCTOR_EXIT|[114]|01p0H000007gCe8|<init>(Boolean,Time)
16:01:56.0 (40887282)|HEAP_ALLOCATE|[EXTERNAL]|Bytes:4
16:01:56.0 (40899163)|HEAP_ALLOCATE|[107]|Bytes:28
16:01:56.0 (40903278)|HEAP_ALLOCATE|[107]|Bytes:28
16:01:56.0 (40924622)|STATEMENT_EXECUTE|[107]
16:01:56.0 (40926418)|STATEMENT_EXECUTE|[108]
16:01:56.0 (40935705)|USER_DEBUG|[108]|DEBUG|13:00:00.000Z
16:01:56.0 (40943048)|STATEMENT_EXECUTE|[109]
16:01:56.0 (40954974)|HEAP_ALLOCATE|[109]|Bytes:4
16:01:56.0 (40968634)|VARIABLE_ASSIGNMENT|[109]|t|48600000
16:01:56.0 (40973351)|STATEMENT_EXECUTE|[110]
16:01:56.0 (40978010)|HEAP_ALLOCATE|[110]|Bytes:28
16:01:56.0 (40990093)|HEAP_ALLOCATE|[110]|Bytes:28
16:01:56.0 (41001480)|VARIABLE_ASSIGNMENT|[110]|i1|1.5
16:01:56.0 (41005994)|STATEMENT_EXECUTE|[111]
16:01:56.0 (41035375)|VARIABLE_ASSIGNMENT|[EXTERNAL]|this|{"aptdum":"0x65ee55ca","Docdum":"0x10116a7b","Docmap":"0x1d6ce842","Initialselected":2,"Selecteddoc":"a260H000001koYjQAI","SelectedtimeSlot":30,"timelist":"0x42cf1bf6","timeset":"0x506aa598","timewraplist":"0x77647c1c","timewraplistInitial":"0x3a44fdda"}|0x45e50ded
16:01:56.0 (41051505)|HEAP_ALLOCATE|[EXTERNAL]|Bytes:4
16:01:56.0 (41064175)|STATEMENT_EXECUTE|[113]
16:01:56.0 (41065839)|STATEMENT_EXECUTE|[114]
16:01:56.0 (41090248)|VARIABLE_ASSIGNMENT|[EXTERNAL]|this|{"aptdum":"0x65ee55ca","Docdum":"0x10116a7b","Docmap":"0x1d6ce842","Initialselected":2,"Selecteddoc":"a260H000001koYjQAI","SelectedtimeSlot":30,"timelist":"0x42cf1bf6","timeset":"0x506aa598","timewraplist":"0x77647c1c","timewraplistInitial":"0x3a44fdda"}|0x45e50ded
16:01:56.0 (41102653)|HEAP_ALLOCATE|[114]|Bytes:12
16:01:56.0 (41114626)|CONSTRUCTOR_ENTRY|[114]|01p0H000007gCe8|<init>(Boolean,Time)
16:01:56.0 (41120706)|VARIABLE_SCOPE_BEGIN|[209]|this|docappcontroller.Wrapertimeslot|true|false
16:01:56.0 (41133175)|VARIABLE_ASSIGNMENT|[209]|this|{}|0x35e1c04d
16:01:56.0 (41139703)|VARIABLE_SCOPE_BEGIN|[209]|selection|Boolean|false|false
16:01:56.0 (41147737)|VARIABLE_ASSIGNMENT|[209]|selection|false
16:01:56.0 (41151421)|VARIABLE_SCOPE_BEGIN|[209]|tm|Time|false|false
16:01:56.0 (41159165)|VARIABLE_ASSIGNMENT|[209]|tm|48600000
16:01:56.0 (41163554)|STATEMENT_EXECUTE|[205]
16:01:56.0 (41165214)|STATEMENT_EXECUTE|[206]
16:01:56.0 (41167284)|STATEMENT_EXECUTE|[207]
16:01:56.0 (41176512)|STATEMENT_EXECUTE|[209]
16:01:56.0 (41178056)|STATEMENT_EXECUTE|[210]
16:01:56.0 (41188527)|VARIABLE_ASSIGNMENT|[EXTERNAL]|this|{}|0x35e1c04d
16:01:56.0 (41197242)|VARIABLE_ASSIGNMENT|[EXTERNAL]|value|false
16:01:56.0 (41202323)|HEAP_ALLOCATE|[206]|Bytes:5
16:01:56.0 (41208886)|VARIABLE_ASSIGNMENT|[206]|this.selected|false|0x35e1c04d
16:01:56.0 (41220927)|STATEMENT_EXECUTE|[211]
16:01:56.0 (41232133)|VARIABLE_ASSIGNMENT|[EXTERNAL]|this|{"selected":false}|0x35e1c04d
16:01:56.0 (41240861)|VARIABLE_ASSIGNMENT|[EXTERNAL]|value|48600000
16:01:56.0 (41248189)|VARIABLE_ASSIGNMENT|[207]|this.t|48600000|0x35e1c04d
16:01:56.0 (41261316)|CONSTRUCTOR_EXIT|[114]|01p0H000007gCe8|<init>(Boolean,Time)
16:01:56.0 (41270798)|HEAP_ALLOCATE|[EXTERNAL]|Bytes:4
16:01:56.0 (41281923)|HEAP_ALLOCATE|[107]|Bytes:28
16:01:56.0 (41286178)|HEAP_ALLOCATE|[107]|Bytes:28
16:01:56.0 (41307025)|STATEMENT_EXECUTE|[107]
16:01:56.0 (41308808)|STATEMENT_EXECUTE|[108]
16:01:56.0 (41317696)|USER_DEBUG|[108]|DEBUG|13:30:00.000Z
16:01:56.0 (41324730)|STATEMENT_EXECUTE|[109]
16:01:56.0 (41336535)|HEAP_ALLOCATE|[109]|Bytes:4
16:01:56.0 (41349765)|VARIABLE_ASSIGNMENT|[109]|t|50400000
16:01:56.0 (41355158)|STATEMENT_EXECUTE|[110]
16:01:56.0 (41359974)|HEAP_ALLOCATE|[110]|Bytes:28
16:01:56.0 (41371899)|HEAP_ALLOCATE|[110]|Bytes:28
16:01:56.0 (41383140)|VARIABLE_ASSIGNMENT|[110]|i1|2.0
16:01:56.0 (41387856)|STATEMENT_EXECUTE|[111]
16:01:56.0 (41416647)|VARIABLE_ASSIGNMENT|[EXTERNAL]|this|{"aptdum":"0x65ee55ca","Docdum":"0x10116a7b","Docmap":"0x1d6ce842","Initialselected":2,"Selecteddoc":"a260H000001koYjQAI","SelectedtimeSlot":30,"timelist":"0x42cf1bf6","timeset":"0x506aa598","timewraplist":"0x77647c1c","timewraplistInitial":"0x3a44fdda"}|0x45e50ded
16:01:56.0 (41430785)|HEAP_ALLOCATE|[EXTERNAL]|Bytes:4
16:01:56.0 (41442981)|STATEMENT_EXECUTE|[115]
16:01:56.0 (41444586)|STATEMENT_EXECUTE|[116]
16:01:56.0 (41483336)|VARIABLE_ASSIGNMENT|[EXTERNAL]|this|{"aptdum":"0x65ee55ca","Docdum":"0x10116a7b","Docmap":"0x1d6ce842","Initialselected":2,"Selecteddoc":"a260H000001koYjQAI","SelectedtimeSlot":30,"timelist":"0x42cf1bf6","timeset":"0x506aa598","timewraplist":"0x77647c1c","timewraplistInitial":"0x3a44fdda"}|0x45e50ded
16:01:56.0 (41497520)|HEAP_ALLOCATE|[116]|Bytes:12
16:01:56.0 (41509778)|CONSTRUCTOR_ENTRY|[116]|01p0H000007gCe8|<init>(Boolean,Time)
16:01:56.0 (41515740)|VARIABLE_SCOPE_BEGIN|[209]|this|docappcontroller.Wrapertimeslot|true|false
16:01:56.0 (41529145)|VARIABLE_ASSIGNMENT|[209]|this|{}|0x45ceaa0f
16:01:56.0 (41535622)|VARIABLE_SCOPE_BEGIN|[209]|selection|Boolean|false|false
16:01:56.0 (41543442)|VARIABLE_ASSIGNMENT|[209]|selection|true
16:01:56.0 (41546926)|VARIABLE_SCOPE_BEGIN|[209]|tm|Time|false|false
16:01:56.0 (41555104)|VARIABLE_ASSIGNMENT|[209]|tm|50400000
16:01:56.0 (41559934)|STATEMENT_EXECUTE|[205]
16:01:56.0 (41561607)|STATEMENT_EXECUTE|[206]
16:01:56.0 (41563136)|STATEMENT_EXECUTE|[207]
16:01:56.0 (41572130)|STATEMENT_EXECUTE|[209]
16:01:56.0 (41573705)|STATEMENT_EXECUTE|[210]
16:01:56.0 (41584289)|VARIABLE_ASSIGNMENT|[EXTERNAL]|this|{}|0x45ceaa0f
16:01:56.0 (41593098)|VARIABLE_ASSIGNMENT|[EXTERNAL]|value|true
16:01:56.0 (41598715)|HEAP_ALLOCATE|[206]|Bytes:5
16:01:56.0 (41604764)|VARIABLE_ASSIGNMENT|[206]|this.selected|true|0x45ceaa0f
16:01:56.0 (41611949)|STATEMENT_EXECUTE|[211]
16:01:56.0 (41622257)|VARIABLE_ASSIGNMENT|[EXTERNAL]|this|{"selected":true}|0x45ceaa0f
16:01:56.0 (41630974)|VARIABLE_ASSIGNMENT|[EXTERNAL]|value|50400000
16:01:56.0 (41638292)|VARIABLE_ASSIGNMENT|[207]|this.t|50400000|0x45ceaa0f
16:01:56.0 (41651383)|CONSTRUCTOR_EXIT|[116]|01p0H000007gCe8|<init>(Boolean,Time)
16:01:56.0 (41661060)|HEAP_ALLOCATE|[EXTERNAL]|Bytes:4
16:01:56.0 (41666659)|STATEMENT_EXECUTE|[117]
16:01:56.0 (41670544)|HEAP_ALLOCATE|[117]|Bytes:4
16:01:56.0 (41677531)|VARIABLE_ASSIGNMENT|[117]|this.Initialselected|3|0x45e50ded
16:01:56.0 (41688238)|HEAP_ALLOCATE|[107]|Bytes:28
16:01:56.0 (41692367)|HEAP_ALLOCATE|[107]|Bytes:28
16:01:56.0 (41710811)|STATEMENT_EXECUTE|[107]
16:01:56.0 (41712476)|STATEMENT_EXECUTE|[108]
16:01:56.0 (41721395)|USER_DEBUG|[108]|DEBUG|14:00:00.000Z
16:01:56.0 (41729256)|STATEMENT_EXECUTE|[109]
16:01:56.0 (41749425)|HEAP_ALLOCATE|[109]|Bytes:4
16:01:56.0 (41766714)|VARIABLE_ASSIGNMENT|[109]|t|52200000
16:01:56.0 (41771380)|STATEMENT_EXECUTE|[110]
16:01:56.0 (41776742)|HEAP_ALLOCATE|[110]|Bytes:28
16:01:56.0 (41789221)|HEAP_ALLOCATE|[110]|Bytes:28
16:01:56.0 (41812843)|VARIABLE_ASSIGNMENT|[110]|i1|2.5
16:01:56.0 (41817573)|STATEMENT_EXECUTE|[111]
16:01:56.0 (41847327)|VARIABLE_ASSIGNMENT|[EXTERNAL]|this|{"aptdum":"0x65ee55ca","Docdum":"0x10116a7b","Docmap":"0x1d6ce842","Initialselected":3,"Selecteddoc":"a260H000001koYjQAI","SelectedtimeSlot":30,"timelist":"0x42cf1bf6","timeset":"0x506aa598","timewraplist":"0x77647c1c","timewraplistInitial":"0x3a44fdda"}|0x45e50ded
16:01:56.0 (41862793)|HEAP_ALLOCATE|[EXTERNAL]|Bytes:4
16:01:56.0 (41875009)|STATEMENT_EXECUTE|[115]
16:01:56.0 (41876706)|STATEMENT_EXECUTE|[116]
16:01:56.0 (41900917)|VARIABLE_ASSIGNMENT|[EXTERNAL]|this|{"aptdum":"0x65ee55ca","Docdum":"0x10116a7b","Docmap":"0x1d6ce842","Initialselected":3,"Selecteddoc":"a260H000001koYjQAI","SelectedtimeSlot":30,"timelist":"0x42cf1bf6","timeset":"0x506aa598","timewraplist":"0x77647c1c","timewraplistInitial":"0x3a44fdda"}|0x45e50ded
16:01:56.0 (41913708)|HEAP_ALLOCATE|[116]|Bytes:12
16:01:56.0 (41926593)|CONSTRUCTOR_ENTRY|[116]|01p0H000007gCe8|<init>(Boolean,Time)
16:01:56.0 (41931904)|VARIABLE_SCOPE_BEGIN|[209]|this|docappcontroller.Wrapertimeslot|true|false
16:01:56.0 (41944498)|VARIABLE_ASSIGNMENT|[209]|this|{}|0x547bc7ff
16:01:56.0 (41950994)|VARIABLE_SCOPE_BEGIN|[209]|selection|Boolean|false|false
16:01:56.0 (41969457)|VARIABLE_ASSIGNMENT|[209]|selection|true
16:01:56.0 (41974566)|VARIABLE_SCOPE_BEGIN|[209]|tm|Time|false|false
16:01:56.0 (41982763)|VARIABLE_ASSIGNMENT|[209]|tm|52200000
16:01:56.0 (41987544)|STATEMENT_EXECUTE|[205]
16:01:56.0 (41989156)|STATEMENT_EXECUTE|[206]
16:01:56.0 (41990798)|STATEMENT_EXECUTE|[207]
16:01:56.0 (42000166)|STATEMENT_EXECUTE|[209]
16:01:56.0 (42002148)|STATEMENT_EXECUTE|[210]
16:01:56.0 (42013486)|VARIABLE_ASSIGNMENT|[EXTERNAL]|this|{}|0x547bc7ff
16:01:56.0 (42022767)|VARIABLE_ASSIGNMENT|[EXTERNAL]|value|true
16:01:56.0 (42027883)|HEAP_ALLOCATE|[206]|Bytes:5
16:01:56.0 (42033905)|VARIABLE_ASSIGNMENT|[206]|this.selected|true|0x547bc7ff
16:01:56.0 (42041408)|STATEMENT_EXECUTE|[211]
16:01:56.0 (42052290)|VARIABLE_ASSIGNMENT|[EXTERNAL]|this|{"selected":true}|0x547bc7ff
16:01:56.0 (42061143)|VARIABLE_ASSIGNMENT|[EXTERNAL]|value|52200000
16:01:56.0 (42068361)|VARIABLE_ASSIGNMENT|[207]|this.t|52200000|0x547bc7ff
16:01:56.0 (42081942)|CONSTRUCTOR_EXIT|[116]|01p0H000007gCe8|<init>(Boolean,Time)
16:01:56.0 (42091421)|HEAP_ALLOCATE|[EXTERNAL]|Bytes:4
16:01:56.0 (42097045)|STATEMENT_EXECUTE|[117]
16:01:56.0 (42100688)|HEAP_ALLOCATE|[117]|Bytes:4
16:01:56.0 (42108093)|VARIABLE_ASSIGNMENT|[117]|this.Initialselected|4|0x45e50ded
16:01:56.0 (42118682)|HEAP_ALLOCATE|[107]|Bytes:28
16:01:56.0 (42122330)|HEAP_ALLOCATE|[107]|Bytes:28
16:01:56.0 (42140655)|STATEMENT_EXECUTE|[107]
16:01:56.0 (42142579)|STATEMENT_EXECUTE|[108]
16:01:56.0 (42150822)|USER_DEBUG|[108]|DEBUG|14:30:00.000Z
16:01:56.0 (42158086)|STATEMENT_EXECUTE|[109]
16:01:56.0 (42169224)|HEAP_ALLOCATE|[109]|Bytes:4
16:01:56.0 (42182156)|VARIABLE_ASSIGNMENT|[109]|t|54000000
16:01:56.0 (42186719)|STATEMENT_EXECUTE|[110]
16:01:56.0 (42191294)|HEAP_ALLOCATE|[110]|Bytes:28
16:01:56.0 (42203397)|HEAP_ALLOCATE|[110]|Bytes:28
16:01:56.0 (42219088)|VARIABLE_ASSIGNMENT|[110]|i1|3.0
16:01:56.0 (42223493)|STATEMENT_EXECUTE|[111]
16:01:56.0 (42252108)|VARIABLE_ASSIGNMENT|[EXTERNAL]|this|{"aptdum":"0x65ee55ca","Docdum":"0x10116a7b","Docmap":"0x1d6ce842","Initialselected":4,"Selecteddoc":"a260H000001koYjQAI","SelectedtimeSlot":30,"timelist":"0x42cf1bf6","timeset":"0x506aa598","timewraplist":"0x77647c1c","timewraplistInitial":"0x3a44fdda"}|0x45e50ded
16:01:56.0 (42267591)|HEAP_ALLOCATE|[EXTERNAL]|Bytes:4
16:01:56.0 (42280078)|STATEMENT_EXECUTE|[115]
16:01:56.0 (42281736)|STATEMENT_EXECUTE|[116]
16:01:56.0 (42308104)|VARIABLE_ASSIGNMENT|[EXTERNAL]|this|{"aptdum":"0x65ee55ca","Docdum":"0x10116a7b","Docmap":"0x1d6ce842","Initialselected":4,"Selecteddoc":"a260H000001koYjQAI","SelectedtimeSlot":30,"timelist":"0x42cf1bf6","timeset":"0x506aa598","timewraplist":"0x77647c1c","timewraplistInitial":"0x3a44fdda"}|0x45e50ded
16:01:56.0 (42321434)|HEAP_ALLOCATE|[116]|Bytes:12
16:01:56.0 (42332911)|CONSTRUCTOR_ENTRY|[116]|01p0H000007gCe8|<init>(Boolean,Time)
16:01:56.0 (42338465)|VARIABLE_SCOPE_BEGIN|[209]|this|docappcontroller.Wrapertimeslot|true|false
16:01:56.0 (42351448)|VARIABLE_ASSIGNMENT|[209]|this|{}|0xee3b215
16:01:56.0 (42358751)|VARIABLE_SCOPE_BEGIN|[209]|selection|Boolean|false|false
16:01:56.0 (42366474)|VARIABLE_ASSIGNMENT|[209]|selection|true
16:01:56.0 (42370486)|VARIABLE_SCOPE_BEGIN|[209]|tm|Time|false|false
16:01:56.0 (42378521)|VARIABLE_ASSIGNMENT|[209]|tm|54000000
16:01:56.0 (42383018)|STATEMENT_EXECUTE|[205]
16:01:56.0 (42384614)|STATEMENT_EXECUTE|[206]
16:01:56.0 (42386059)|STATEMENT_EXECUTE|[207]
16:01:56.0 (42395179)|STATEMENT_EXECUTE|[209]
16:01:56.0 (42396682)|STATEMENT_EXECUTE|[210]
16:01:56.0 (42407043)|VARIABLE_ASSIGNMENT|[EXTERNAL]|this|{}|0xee3b215
16:01:56.0 (42415923)|VARIABLE_ASSIGNMENT|[EXTERNAL]|value|true
16:01:56.0 (42421619)|HEAP_ALLOCATE|[206]|Bytes:5
16:01:56.0 (42427933)|VARIABLE_ASSIGNMENT|[206]|this.selected|true|0xee3b215
16:01:56.0 (42435931)|STATEMENT_EXECUTE|[211]
16:01:56.0 (42446210)|VARIABLE_ASSIGNMENT|[EXTERNAL]|this|{"selected":true}|0xee3b215
16:01:56.0 (42454883)|VARIABLE_ASSIGNMENT|[EXTERNAL]|value|54000000
16:01:56.0 (42461776)|VARIABLE_ASSIGNMENT|[207]|this.t|54000000|0xee3b215
16:01:56.0 (42474172)|CONSTRUCTOR_EXIT|[116]|01p0H000007gCe8|<init>(Boolean,Time)
16:01:56.0 (42483798)|HEAP_ALLOCATE|[EXTERNAL]|Bytes:4
16:01:56.0 (42490095)|STATEMENT_EXECUTE|[117]
16:01:56.0 (42493754)|HEAP_ALLOCATE|[117]|Bytes:4
16:01:56.0 (42500918)|VARIABLE_ASSIGNMENT|[117]|this.Initialselected|5|0x45e50ded
16:01:56.0 (42511359)|HEAP_ALLOCATE|[107]|Bytes:28
16:01:56.0 (42515380)|HEAP_ALLOCATE|[107]|Bytes:28
16:01:56.0 (42533526)|STATEMENT_EXECUTE|[107]
16:01:56.0 (42535209)|STATEMENT_EXECUTE|[108]
16:01:56.0 (42543630)|USER_DEBUG|[108]|DEBUG|15:00:00.000Z
16:01:56.0 (42550528)|STATEMENT_EXECUTE|[109]
16:01:56.0 (42564253)|HEAP_ALLOCATE|[109]|Bytes:4
16:01:56.0 (42578293)|VARIABLE_ASSIGNMENT|[109]|t|55800000
16:01:56.0 (42583066)|STATEMENT_EXECUTE|[110]
16:01:56.0 (42587769)|HEAP_ALLOCATE|[110]|Bytes:28
16:01:56.0 (42599830)|HEAP_ALLOCATE|[110]|Bytes:28
16:01:56.0 (42610665)|VARIABLE_ASSIGNMENT|[110]|i1|3.5
16:01:56.0 (42614881)|STATEMENT_EXECUTE|[111]
16:01:56.0 (42643482)|VARIABLE_ASSIGNMENT|[EXTERNAL]|this|{"aptdum":"0x65ee55ca","Docdum":"0x10116a7b","Docmap":"0x1d6ce842","Initialselected":5,"Selecteddoc":"a260H000001koYjQAI","SelectedtimeSlot":30,"timelist":"0x42cf1bf6","timeset":"0x506aa598","timewraplist":"0x77647c1c","timewraplistInitial":"0x3a44fdda"}|0x45e50ded
16:01:56.0 (42658897)|HEAP_ALLOCATE|[EXTERNAL]|Bytes:4
16:01:56.0 (42671098)|STATEMENT_EXECUTE|[115]
16:01:56.0 (42672886)|STATEMENT_EXECUTE|[116]
16:01:56.0 (42696917)|VARIABLE_ASSIGNMENT|[EXTERNAL]|this|{"aptdum":"0x65ee55ca","Docdum":"0x10116a7b","Docmap":"0x1d6ce842","Initialselected":5,"Selecteddoc":"a260H000001koYjQAI","SelectedtimeSlot":30,"timelist":"0x42cf1bf6","timeset":"0x506aa598","timewraplist":"0x77647c1c","timewraplistInitial":"0x3a44fdda"}|0x45e50ded
16:01:56.0 (42709039)|HEAP_ALLOCATE|[116]|Bytes:12
16:01:56.0 (42720359)|CONSTRUCTOR_ENTRY|[116]|01p0H000007gCe8|<init>(Boolean,Time)
16:01:56.0 (42726047)|VARIABLE_SCOPE_BEGIN|[209]|this|docappcontroller.Wrapertimeslot|true|false
16:01:56.0 (42739292)|VARIABLE_ASSIGNMENT|[209]|this|{}|0x64d5b852
16:01:56.0 (42745477)|VARIABLE_SCOPE_BEGIN|[209]|selection|Boolean|false|false
16:01:56.0 (42753355)|VARIABLE_ASSIGNMENT|[209]|selection|true
16:01:56.0 (42757274)|VARIABLE_SCOPE_BEGIN|[209]|tm|Time|false|false
16:01:56.0 (42765420)|VARIABLE_ASSIGNMENT|[209]|tm|55800000
16:01:56.0 (42770304)|STATEMENT_EXECUTE|[205]
16:01:56.0 (42771917)|STATEMENT_EXECUTE|[206]
16:01:56.0 (42773367)|STATEMENT_EXECUTE|[207]
16:01:56.0 (42782211)|STATEMENT_EXECUTE|[209]
16:01:56.0 (42783702)|STATEMENT_EXECUTE|[210]
16:01:56.0 (42794409)|VARIABLE_ASSIGNMENT|[EXTERNAL]|this|{}|0x64d5b852
16:01:56.0 (42803485)|VARIABLE_ASSIGNMENT|[EXTERNAL]|value|true
16:01:56.0 (42808539)|HEAP_ALLOCATE|[206]|Bytes:5
16:01:56.0 (42814506)|VARIABLE_ASSIGNMENT|[206]|this.selected|true|0x64d5b852
16:01:56.0 (42821668)|STATEMENT_EXECUTE|[211]
16:01:56.0 (42831958)|VARIABLE_ASSIGNMENT|[EXTERNAL]|this|{"selected":true}|0x64d5b852
16:01:56.0 (42840846)|VARIABLE_ASSIGNMENT|[EXTERNAL]|value|55800000
16:01:56.0 (42847727)|VARIABLE_ASSIGNMENT|[207]|this.t|55800000|0x64d5b852
16:01:56.0 (42860833)|CONSTRUCTOR_EXIT|[116]|01p0H000007gCe8|<init>(Boolean,Time)
16:01:56.0 (42870330)|HEAP_ALLOCATE|[EXTERNAL]|Bytes:4
16:01:56.0 (42876040)|STATEMENT_EXECUTE|[117]
16:01:56.0 (42879643)|HEAP_ALLOCATE|[117]|Bytes:4
16:01:56.0 (42886062)|VARIABLE_ASSIGNMENT|[117]|this.Initialselected|6|0x45e50ded
16:01:56.0 (42896105)|HEAP_ALLOCATE|[107]|Bytes:28
16:01:56.0 (42899842)|HEAP_ALLOCATE|[107]|Bytes:28
16:01:56.0 (42917918)|STATEMENT_EXECUTE|[107]
16:01:56.0 (42919655)|STATEMENT_EXECUTE|[108]
16:01:56.0 (42927691)|USER_DEBUG|[108]|DEBUG|15:30:00.000Z
16:01:56.0 (42935016)|STATEMENT_EXECUTE|[109]
16:01:56.0 (42946065)|HEAP_ALLOCATE|[109]|Bytes:4
16:01:56.0 (42958886)|VARIABLE_ASSIGNMENT|[109]|t|57600000
16:01:56.0 (42963238)|STATEMENT_EXECUTE|[110]
16:01:56.0 (42967643)|HEAP_ALLOCATE|[110]|Bytes:28
16:01:56.0 (42980447)|HEAP_ALLOCATE|[110]|Bytes:28
16:01:56.0 (42991300)|VARIABLE_ASSIGNMENT|[110]|i1|4.0
16:01:56.0 (42995344)|STATEMENT_EXECUTE|[111]
16:01:56.0 (43023903)|VARIABLE_ASSIGNMENT|[EXTERNAL]|this|{"aptdum":"0x65ee55ca","Docdum":"0x10116a7b","Docmap":"0x1d6ce842","Initialselected":6,"Selecteddoc":"a260H000001koYjQAI","SelectedtimeSlot":30,"timelist":"0x42cf1bf6","timeset":"0x506aa598","timewraplist":"0x77647c1c","timewraplistInitial":"0x3a44fdda"}|0x45e50ded
16:01:56.0 (43039280)|HEAP_ALLOCATE|[EXTERNAL]|Bytes:4
16:01:56.0 (43051685)|STATEMENT_EXECUTE|[115]
16:01:56.0 (43053340)|STATEMENT_EXECUTE|[116]
16:01:56.0 (43076620)|VARIABLE_ASSIGNMENT|[EXTERNAL]|this|{"aptdum":"0x65ee55ca","Docdum":"0x10116a7b","Docmap":"0x1d6ce842","Initialselected":6,"Selecteddoc":"a260H000001koYjQAI","SelectedtimeSlot":30,"timelist":"0x42cf1bf6","timeset":"0x506aa598","timewraplist":"0x77647c1c","timewraplistInitial":"0x3a44fdda"}|0x45e50ded
16:01:56.0 (43089422)|HEAP_ALLOCATE|[116]|Bytes:12
16:01:56.0 (43100026)|CONSTRUCTOR_ENTRY|[116]|01p0H000007gCe8|<init>(Boolean,Time)
16:01:56.0 (43106138)|VARIABLE_SCOPE_BEGIN|[209]|this|docappcontroller.Wrapertimeslot|true|false
16:01:56.0 (43118624)|VARIABLE_ASSIGNMENT|[209]|this|{}|0x3ee2776f
16:01:56.0 (43124567)|VARIABLE_SCOPE_BEGIN|[209]|selection|Boolean|false|false
16:01:56.0 (43132524)|VARIABLE_ASSIGNMENT|[209]|selection|true
16:01:56.0 (43136662)|VARIABLE_SCOPE_BEGIN|[209]|tm|Time|false|false
16:01:56.0 (43144417)|VARIABLE_ASSIGNMENT|[209]|tm|57600000
16:01:56.0 (43148960)|STATEMENT_EXECUTE|[205]
16:01:56.0 (43150502)|STATEMENT_EXECUTE|[206]
16:01:56.0 (43151937)|STATEMENT_EXECUTE|[207]
16:01:56.0 (43160537)|STATEMENT_EXECUTE|[209]
16:01:56.0 (43162093)|STATEMENT_EXECUTE|[210]
16:01:56.0 (43186563)|VARIABLE_ASSIGNMENT|[EXTERNAL]|this|{}|0x3ee2776f
16:01:56.0 (43196826)|VARIABLE_ASSIGNMENT|[EXTERNAL]|value|true
16:01:56.0 (43202590)|HEAP_ALLOCATE|[206]|Bytes:5
16:01:56.0 (43208837)|VARIABLE_ASSIGNMENT|[206]|this.selected|true|0x3ee2776f
16:01:56.0 (43223184)|STATEMENT_EXECUTE|[211]
16:01:56.0 (43234867)|VARIABLE_ASSIGNMENT|[EXTERNAL]|this|{"selected":true}|0x3ee2776f
16:01:56.0 (43243472)|VARIABLE_ASSIGNMENT|[EXTERNAL]|value|57600000
16:01:56.0 (43250477)|VARIABLE_ASSIGNMENT|[207]|this.t|57600000|0x3ee2776f
16:01:56.0 (43263581)|CONSTRUCTOR_EXIT|[116]|01p0H000007gCe8|<init>(Boolean,Time)
16:01:56.0 (43273431)|HEAP_ALLOCATE|[EXTERNAL]|Bytes:4
16:01:56.0 (43279590)|STATEMENT_EXECUTE|[117]
16:01:56.0 (43283178)|HEAP_ALLOCATE|[117]|Bytes:4
16:01:56.0 (43291695)|VARIABLE_ASSIGNMENT|[117]|this.Initialselected|7|0x45e50ded
16:01:56.0 (43302699)|HEAP_ALLOCATE|[107]|Bytes:28
16:01:56.0 (43306806)|HEAP_ALLOCATE|[107]|Bytes:28
16:01:56.0 (43326024)|STATEMENT_EXECUTE|[107]
16:01:56.0 (43327732)|STATEMENT_EXECUTE|[108]
16:01:56.0 (43336261)|USER_DEBUG|[108]|DEBUG|16:00:00.000Z
16:01:56.0 (43345998)|STATEMENT_EXECUTE|[109]
16:01:56.0 (43357818)|HEAP_ALLOCATE|[109]|Bytes:4
16:01:56.0 (43371981)|VARIABLE_ASSIGNMENT|[109]|t|59400000
16:01:56.0 (43376466)|STATEMENT_EXECUTE|[110]
16:01:56.0 (43381217)|HEAP_ALLOCATE|[110]|Bytes:28
16:01:56.0 (43393844)|HEAP_ALLOCATE|[110]|Bytes:28
16:01:56.0 (43404685)|VARIABLE_ASSIGNMENT|[110]|i1|4.5
16:01:56.0 (43408836)|STATEMENT_EXECUTE|[111]
16:01:56.0 (43436994)|VARIABLE_ASSIGNMENT|[EXTERNAL]|this|{"aptdum":"0x65ee55ca","Docdum":"0x10116a7b","Docmap":"0x1d6ce842","Initialselected":7,"Selecteddoc":"a260H000001koYjQAI","SelectedtimeSlot":30,"timelist":"0x42cf1bf6","timeset":"0x506aa598","timewraplist":"0x77647c1c","timewraplistInitial":"0x3a44fdda"}|0x45e50ded
16:01:56.0 (43452417)|HEAP_ALLOCATE|[EXTERNAL]|Bytes:4
16:01:56.0 (43465138)|STATEMENT_EXECUTE|[115]
16:01:56.0 (43466800)|STATEMENT_EXECUTE|[116]
16:01:56.0 (43490585)|VARIABLE_ASSIGNMENT|[EXTERNAL]|this|{"aptdum":"0x65ee55ca","Docdum":"0x10116a7b","Docmap":"0x1d6ce842","Initialselected":7,"Selecteddoc":"a260H000001koYjQAI","SelectedtimeSlot":30,"timelist":"0x42cf1bf6","timeset":"0x506aa598","timewraplist":"0x77647c1c","timewraplistInitial":"0x3a44fdda"}|0x45e50ded
16:01:56.0 (43502857)|HEAP_ALLOCATE|[116]|Bytes:12
16:01:56.0 (43514198)|CONSTRUCTOR_ENTRY|[116]|01p0H000007gCe8|<init>(Boolean,Time)
16:01:56.0 (43520172)|VARIABLE_SCOPE_BEGIN|[209]|this|docappcontroller.Wrapertimeslot|true|false
16:01:56.0 (43532431)|VARIABLE_ASSIGNMENT|[209]|this|{}|0x26f1531d
16:01:56.0 (43538346)|VARIABLE_SCOPE_BEGIN|[209]|selection|Boolean|false|false
16:01:56.0 (43546266)|VARIABLE_ASSIGNMENT|[209]|selection|true
16:01:56.0 (43550025)|VARIABLE_SCOPE_BEGIN|[209]|tm|Time|false|false
16:01:56.0 (43557764)|VARIABLE_ASSIGNMENT|[209]|tm|59400000
16:01:56.0 (43562324)|STATEMENT_EXECUTE|[205]
16:01:56.0 (43564583)|STATEMENT_EXECUTE|[206]
16:01:56.0 (43577606)|STATEMENT_EXECUTE|[207]
16:01:56.0 (43587134)|STATEMENT_EXECUTE|[209]
16:01:56.0 (43588626)|STATEMENT_EXECUTE|[210]
16:01:56.0 (43599860)|VARIABLE_ASSIGNMENT|[EXTERNAL]|this|{}|0x26f1531d
16:01:56.0 (43608783)|VARIABLE_ASSIGNMENT|[EXTERNAL]|value|true
16:01:56.0 (43623314)|HEAP_ALLOCATE|[206]|Bytes:5
16:01:56.0 (43630498)|VARIABLE_ASSIGNMENT|[206]|this.selected|true|0x26f1531d
16:01:56.0 (43638057)|STATEMENT_EXECUTE|[211]
16:01:56.0 (43649449)|VARIABLE_ASSIGNMENT|[EXTERNAL]|this|{"selected":true}|0x26f1531d
16:01:56.0 (43658496)|VARIABLE_ASSIGNMENT|[EXTERNAL]|value|59400000
16:01:56.0 (43671206)|VARIABLE_ASSIGNMENT|[207]|this.t|59400000|0x26f1531d
16:01:56.0 (43685711)|CONSTRUCTOR_EXIT|[116]|01p0H000007gCe8|<init>(Boolean,Time)
16:01:56.0 (43694852)|HEAP_ALLOCATE|[EXTERNAL]|Bytes:4
16:01:56.0 (43700840)|STATEMENT_EXECUTE|[117]
16:01:56.0 (43704458)|HEAP_ALLOCATE|[117]|Bytes:4
16:01:56.0 (43711575)|VARIABLE_ASSIGNMENT|[117]|this.Initialselected|8|0x45e50ded
16:01:56.0 (43722236)|HEAP_ALLOCATE|[107]|Bytes:28
16:01:56.0 (43726457)|HEAP_ALLOCATE|[107]|Bytes:28
16:01:56.0 (43745097)|STATEMENT_EXECUTE|[107]
16:01:56.0 (43746747)|STATEMENT_EXECUTE|[108]
16:01:56.0 (43755149)|USER_DEBUG|[108]|DEBUG|16:30:00.000Z
16:01:56.0 (43762468)|STATEMENT_EXECUTE|[109]
16:01:56.0 (43773784)|HEAP_ALLOCATE|[109]|Bytes:4
16:01:56.0 (43787463)|VARIABLE_ASSIGNMENT|[109]|t|61200000
16:01:56.0 (43792812)|STATEMENT_EXECUTE|[110]
16:01:56.0 (43797474)|HEAP_ALLOCATE|[110]|Bytes:28
16:01:56.0 (43809463)|HEAP_ALLOCATE|[110]|Bytes:28
16:01:56.0 (43820175)|VARIABLE_ASSIGNMENT|[110]|i1|5.0
16:01:56.0 (43824585)|STATEMENT_EXECUTE|[111]
16:01:56.0 (43853347)|VARIABLE_ASSIGNMENT|[EXTERNAL]|this|{"aptdum":"0x65ee55ca","Docdum":"0x10116a7b","Docmap":"0x1d6ce842","Initialselected":8,"Selecteddoc":"a260H000001koYjQAI","SelectedtimeSlot":30,"timelist":"0x42cf1bf6","timeset":"0x506aa598","timewraplist":"0x77647c1c","timewraplistInitial":"0x3a44fdda"}|0x45e50ded
16:01:56.0 (43868471)|HEAP_ALLOCATE|[EXTERNAL]|Bytes:4
16:01:56.0 (43881933)|STATEMENT_EXECUTE|[113]
16:01:56.0 (43883482)|STATEMENT_EXECUTE|[114]
16:01:56.0 (43908146)|VARIABLE_ASSIGNMENT|[EXTERNAL]|this|{"aptdum":"0x65ee55ca","Docdum":"0x10116a7b","Docmap":"0x1d6ce842","Initialselected":8,"Selecteddoc":"a260H000001koYjQAI","SelectedtimeSlot":30,"timelist":"0x42cf1bf6","timeset":"0x506aa598","timewraplist":"0x77647c1c","timewraplistInitial":"0x3a44fdda"}|0x45e50ded
16:01:56.0 (43920592)|HEAP_ALLOCATE|[114]|Bytes:12
16:01:56.0 (43931791)|CONSTRUCTOR_ENTRY|[114]|01p0H000007gCe8|<init>(Boolean,Time)
16:01:56.0 (43936978)|VARIABLE_SCOPE_BEGIN|[209]|this|docappcontroller.Wrapertimeslot|true|false
16:01:56.0 (43949699)|VARIABLE_ASSIGNMENT|[209]|this|{}|0x43490fd4
16:01:56.0 (43956099)|VARIABLE_SCOPE_BEGIN|[209]|selection|Boolean|false|false
16:01:56.0 (43964063)|VARIABLE_ASSIGNMENT|[209]|selection|false
16:01:56.0 (43967738)|VARIABLE_SCOPE_BEGIN|[209]|tm|Time|false|false
16:01:56.0 (43975564)|VARIABLE_ASSIGNMENT|[209]|tm|61200000
16:01:56.0 (43980561)|STATEMENT_EXECUTE|[205]
16:01:56.0 (43982084)|STATEMENT_EXECUTE|[206]
16:01:56.0 (43983556)|STATEMENT_EXECUTE|[207]
16:01:56.0 (43992417)|STATEMENT_EXECUTE|[209]
16:01:56.0 (43994222)|STATEMENT_EXECUTE|[210]
16:01:56.0 (44004339)|VARIABLE_ASSIGNMENT|[EXTERNAL]|this|{}|0x43490fd4
16:01:56.0 (44013630)|VARIABLE_ASSIGNMENT|[EXTERNAL]|value|false
16:01:56.0 (44019256)|HEAP_ALLOCATE|[206]|Bytes:5
16:01:56.0 (44024950)|VARIABLE_ASSIGNMENT|[206]|this.selected|false|0x43490fd4
16:01:56.0 (44031807)|STATEMENT_EXECUTE|[211]
16:01:56.0 (44042126)|VARIABLE_ASSIGNMENT|[EXTERNAL]|this|{"selected":false}|0x43490fd4
16:01:56.0 (44050788)|VARIABLE_ASSIGNMENT|[EXTERNAL]|value|61200000
16:01:56.0 (44057185)|VARIABLE_ASSIGNMENT|[207]|this.t|61200000|0x43490fd4
16:01:56.0 (44069672)|CONSTRUCTOR_EXIT|[114]|01p0H000007gCe8|<init>(Boolean,Time)
16:01:56.0 (44079562)|HEAP_ALLOCATE|[EXTERNAL]|Bytes:4
16:01:56.0 (44090423)|HEAP_ALLOCATE|[107]|Bytes:28
16:01:56.0 (44094158)|HEAP_ALLOCATE|[107]|Bytes:28
16:01:56.0 (44111737)|STATEMENT_EXECUTE|[107]
16:01:56.0 (44113389)|STATEMENT_EXECUTE|[108]
16:01:56.0 (44121016)|USER_DEBUG|[108]|DEBUG|17:00:00.000Z
16:01:56.0 (44127919)|STATEMENT_EXECUTE|[109]
16:01:56.0 (44138986)|HEAP_ALLOCATE|[109]|Bytes:4
16:01:56.0 (44154889)|VARIABLE_ASSIGNMENT|[109]|t|63000000
16:01:56.0 (44159449)|STATEMENT_EXECUTE|[110]
16:01:56.0 (44164477)|HEAP_ALLOCATE|[110]|Bytes:28
16:01:56.0 (44177407)|HEAP_ALLOCATE|[110]|Bytes:28
16:01:56.0 (44188665)|VARIABLE_ASSIGNMENT|[110]|i1|5.5
16:01:56.0 (44192534)|STATEMENT_EXECUTE|[111]
16:01:56.0 (44225788)|VARIABLE_ASSIGNMENT|[EXTERNAL]|this|{"aptdum":"0x65ee55ca","Docdum":"0x10116a7b","Docmap":"0x1d6ce842","Initialselected":8,"Selecteddoc":"a260H000001koYjQAI","SelectedtimeSlot":30,"timelist":"0x42cf1bf6","timeset":"0x506aa598","timewraplist":"0x77647c1c","timewraplistInitial":"0x3a44fdda"}|0x45e50ded
16:01:56.0 (44241117)|HEAP_ALLOCATE|[EXTERNAL]|Bytes:4
16:01:56.0 (44254100)|STATEMENT_EXECUTE|[113]
16:01:56.0 (44255681)|STATEMENT_EXECUTE|[114]
16:01:56.0 (44279810)|VARIABLE_ASSIGNMENT|[EXTERNAL]|this|{"aptdum":"0x65ee55ca","Docdum":"0x10116a7b","Docmap":"0x1d6ce842","Initialselected":8,"Selecteddoc":"a260H000001koYjQAI","SelectedtimeSlot":30,"timelist":"0x42cf1bf6","timeset":"0x506aa598","timewraplist":"0x77647c1c","timewraplistInitial":"0x3a44fdda"}|0x45e50ded
16:01:56.0 (44294311)|HEAP_ALLOCATE|[114]|Bytes:12
16:01:56.0 (44306019)|CONSTRUCTOR_ENTRY|[114]|01p0H000007gCe8|<init>(Boolean,Time)
16:01:56.0 (44311443)|VARIABLE_SCOPE_BEGIN|[209]|this|docappcontroller.Wrapertimeslot|true|false
16:01:56.0 (44324380)|VARIABLE_ASSIGNMENT|[209]|this|{}|0x44d597e4
16:01:56.0 (44330528)|VARIABLE_SCOPE_BEGIN|[209]|selection|Boolean|false|false
16:01:56.0 (44337729)|VARIABLE_ASSIGNMENT|[209]|selection|false
16:01:56.0 (44341372)|VARIABLE_SCOPE_BEGIN|[209]|tm|Time|false|false
16:01:56.0 (44349489)|VARIABLE_ASSIGNMENT|[209]|tm|63000000
16:01:56.0 (44354008)|STATEMENT_EXECUTE|[205]
16:01:56.0 (44355603)|STATEMENT_EXECUTE|[206]
16:01:56.0 (44357050)|STATEMENT_EXECUTE|[207]
16:01:56.0 (44365494)|STATEMENT_EXECUTE|[209]
16:01:56.0 (44367024)|STATEMENT_EXECUTE|[210]
16:01:56.0 (44377462)|VARIABLE_ASSIGNMENT|[EXTERNAL]|this|{}|0x44d597e4
16:01:56.0 (44385516)|VARIABLE_ASSIGNMENT|[EXTERNAL]|value|false
16:01:56.0 (44391103)|HEAP_ALLOCATE|[206]|Bytes:5
16:01:56.0 (44396698)|VARIABLE_ASSIGNMENT|[206]|this.selected|false|0x44d597e4
16:01:56.0 (44403986)|STATEMENT_EXECUTE|[211]
16:01:56.0 (44414233)|VARIABLE_ASSIGNMENT|[EXTERNAL]|this|{"selected":false}|0x44d597e4
16:01:56.0 (44422606)|VARIABLE_ASSIGNMENT|[EXTERNAL]|value|63000000
16:01:56.0 (44429374)|VARIABLE_ASSIGNMENT|[207]|this.t|63000000|0x44d597e4
16:01:56.0 (44441474)|CONSTRUCTOR_EXIT|[114]|01p0H000007gCe8|<init>(Boolean,Time)
16:01:56.0 (44450811)|HEAP_ALLOCATE|[EXTERNAL]|Bytes:4
16:01:56.0 (44462148)|HEAP_ALLOCATE|[107]|Bytes:28
16:01:56.0 (44465661)|HEAP_ALLOCATE|[107]|Bytes:28
16:01:56.0 (44483094)|STATEMENT_EXECUTE|[107]
16:01:56.0 (44484846)|STATEMENT_EXECUTE|[108]
16:01:56.0 (44492526)|USER_DEBUG|[108]|DEBUG|17:30:00.000Z
16:01:56.0 (44499663)|STATEMENT_EXECUTE|[109]
16:01:56.0 (44510583)|HEAP_ALLOCATE|[109]|Bytes:4
16:01:56.0 (44523284)|VARIABLE_ASSIGNMENT|[109]|t|64800000
16:01:56.0 (44527734)|STATEMENT_EXECUTE|[110]
16:01:56.0 (44532308)|HEAP_ALLOCATE|[110]|Bytes:28
16:01:56.0 (44544307)|HEAP_ALLOCATE|[110]|Bytes:28
16:01:56.0 (44555115)|VARIABLE_ASSIGNMENT|[110]|i1|6.0
16:01:56.0 (44559339)|STATEMENT_EXECUTE|[111]
16:01:56.0 (44587500)|VARIABLE_ASSIGNMENT|[EXTERNAL]|this|{"aptdum":"0x65ee55ca","Docdum":"0x10116a7b","Docmap":"0x1d6ce842","Initialselected":8,"Selecteddoc":"a260H000001koYjQAI","SelectedtimeSlot":30,"timelist":"0x42cf1bf6","timeset":"0x506aa598","timewraplist":"0x77647c1c","timewraplistInitial":"0x3a44fdda"}|0x45e50ded
16:01:56.0 (44601917)|HEAP_ALLOCATE|[EXTERNAL]|Bytes:4
16:01:56.0 (44614337)|STATEMENT_EXECUTE|[113]
16:01:56.0 (44616013)|STATEMENT_EXECUTE|[114]
16:01:56.0 (44639333)|VARIABLE_ASSIGNMENT|[EXTERNAL]|this|{"aptdum":"0x65ee55ca","Docdum":"0x10116a7b","Docmap":"0x1d6ce842","Initialselected":8,"Selecteddoc":"a260H000001koYjQAI","SelectedtimeSlot":30,"timelist":"0x42cf1bf6","timeset":"0x506aa598","timewraplist":"0x77647c1c","timewraplistInitial":"0x3a44fdda"}|0x45e50ded
16:01:56.0 (44651126)|HEAP_ALLOCATE|[114]|Bytes:12
16:01:56.0 (44661819)|CONSTRUCTOR_ENTRY|[114]|01p0H000007gCe8|<init>(Boolean,Time)
16:01:56.0 (44668049)|VARIABLE_SCOPE_BEGIN|[209]|this|docappcontroller.Wrapertimeslot|true|false
16:01:56.0 (44680873)|VARIABLE_ASSIGNMENT|[209]|this|{}|0x34db0b3f
16:01:56.0 (44687439)|VARIABLE_SCOPE_BEGIN|[209]|selection|Boolean|false|false
16:01:56.0 (44694922)|VARIABLE_ASSIGNMENT|[209]|selection|false
16:01:56.0 (44698530)|VARIABLE_SCOPE_BEGIN|[209]|tm|Time|false|false
16:01:56.0 (44706341)|VARIABLE_ASSIGNMENT|[209]|tm|64800000
16:01:56.0 (44710973)|STATEMENT_EXECUTE|[205]
16:01:56.0 (44712543)|STATEMENT_EXECUTE|[206]
16:01:56.0 (44713974)|STATEMENT_EXECUTE|[207]
16:01:56.0 (44722041)|STATEMENT_EXECUTE|[209]
16:01:56.0 (44723564)|STATEMENT_EXECUTE|[210]
16:01:56.0 (44733745)|VARIABLE_ASSIGNMENT|[EXTERNAL]|this|{}|0x34db0b3f
16:01:56.0 (44742047)|VARIABLE_ASSIGNMENT|[EXTERNAL]|value|false
16:01:56.0 (44747695)|HEAP_ALLOCATE|[206]|Bytes:5
16:01:56.0 (44753787)|VARIABLE_ASSIGNMENT|[206]|this.selected|false|0x34db0b3f
16:01:56.0 (44760482)|STATEMENT_EXECUTE|[211]
16:01:56.0 (44770493)|VARIABLE_ASSIGNMENT|[EXTERNAL]|this|{"selected":false}|0x34db0b3f
16:01:56.0 (44779349)|VARIABLE_ASSIGNMENT|[EXTERNAL]|value|64800000
16:01:56.0 (44786860)|VARIABLE_ASSIGNMENT|[207]|this.t|64800000|0x34db0b3f
16:01:56.0 (44799043)|CONSTRUCTOR_EXIT|[114]|01p0H000007gCe8|<init>(Boolean,Time)
16:01:56.0 (44808112)|HEAP_ALLOCATE|[EXTERNAL]|Bytes:4
16:01:56.0 (44818829)|HEAP_ALLOCATE|[107]|Bytes:28
16:01:56.0 (44822793)|HEAP_ALLOCATE|[107]|Bytes:28
16:01:56.0 (44839540)|STATEMENT_EXECUTE|[107]
16:01:56.0 (44841296)|STATEMENT_EXECUTE|[108]
16:01:56.0 (44848866)|USER_DEBUG|[108]|DEBUG|18:00:00.000Z
16:01:56.0 (44855665)|STATEMENT_EXECUTE|[109]
16:01:56.0 (44866879)|HEAP_ALLOCATE|[109]|Bytes:4
16:01:56.0 (44879509)|VARIABLE_ASSIGNMENT|[109]|t|66600000
16:01:56.0 (44883719)|STATEMENT_EXECUTE|[110]
16:01:56.0 (44888108)|HEAP_ALLOCATE|[110]|Bytes:28
16:01:56.0 (44899989)|HEAP_ALLOCATE|[110]|Bytes:28
16:01:56.0 (44910824)|VARIABLE_ASSIGNMENT|[110]|i1|6.5
16:01:56.0 (44914755)|STATEMENT_EXECUTE|[111]
16:01:56.0 (44945229)|VARIABLE_ASSIGNMENT|[EXTERNAL]|this|{"aptdum":"0x65ee55ca","Docdum":"0x10116a7b","Docmap":"0x1d6ce842","Initialselected":8,"Selecteddoc":"a260H000001koYjQAI","SelectedtimeSlot":30,"timelist":"0x42cf1bf6","timeset":"0x506aa598","timewraplist":"0x77647c1c","timewraplistInitial":"0x3a44fdda"}|0x45e50ded
16:01:56.0 (44960665)|HEAP_ALLOCATE|[EXTERNAL]|Bytes:4
16:01:56.0 (44973123)|STATEMENT_EXECUTE|[113]
16:01:56.0 (44974742)|STATEMENT_EXECUTE|[114]
16:01:56.0 (44998813)|VARIABLE_ASSIGNMENT|[EXTERNAL]|this|{"aptdum":"0x65ee55ca","Docdum":"0x10116a7b","Docmap":"0x1d6ce842","Initialselected":8,"Selecteddoc":"a260H000001koYjQAI","SelectedtimeSlot":30,"timelist":"0x42cf1bf6","timeset":"0x506aa598","timewraplist":"0x77647c1c","timewraplistInitial":"0x3a44fdda"}|0x45e50ded
16:01:56.0 (45010870)|HEAP_ALLOCATE|[114]|Bytes:12
16:01:56.0 (45022419)|CONSTRUCTOR_ENTRY|[114]|01p0H000007gCe8|<init>(Boolean,Time)
16:01:56.0 (45028067)|VARIABLE_SCOPE_BEGIN|[209]|this|docappcontroller.Wrapertimeslot|true|false
16:01:56.0 (45040462)|VARIABLE_ASSIGNMENT|[209]|this|{}|0x3897921e
16:01:56.0 (45046624)|VARIABLE_SCOPE_BEGIN|[209]|selection|Boolean|false|false
16:01:56.0 (45053947)|VARIABLE_ASSIGNMENT|[209]|selection|false
16:01:56.0 (45057735)|VARIABLE_SCOPE_BEGIN|[209]|tm|Time|false|false
16:01:56.0 (45066331)|VARIABLE_ASSIGNMENT|[209]|tm|66600000
16:01:56.0 (45070848)|STATEMENT_EXECUTE|[205]
16:01:56.0 (45072652)|STATEMENT_EXECUTE|[206]
16:01:56.0 (45074367)|STATEMENT_EXECUTE|[207]
16:01:56.0 (45082935)|STATEMENT_EXECUTE|[209]
16:01:56.0 (45084487)|STATEMENT_EXECUTE|[210]
16:01:56.0 (45094843)|VARIABLE_ASSIGNMENT|[EXTERNAL]|this|{}|0x3897921e
16:01:56.0 (45103379)|VARIABLE_ASSIGNMENT|[EXTERNAL]|value|false
16:01:56.0 (45108511)|HEAP_ALLOCATE|[206]|Bytes:5
16:01:56.0 (45114358)|VARIABLE_ASSIGNMENT|[206]|this.selected|false|0x3897921e
16:01:56.0 (45121743)|STATEMENT_EXECUTE|[211]
16:01:56.0 (45131990)|VARIABLE_ASSIGNMENT|[EXTERNAL]|this|{"selected":false}|0x3897921e
16:01:56.0 (45140535)|VARIABLE_ASSIGNMENT|[EXTERNAL]|value|66600000
16:01:56.0 (45147157)|VARIABLE_ASSIGNMENT|[207]|this.t|66600000|0x3897921e
16:01:56.0 (45159495)|CONSTRUCTOR_EXIT|[114]|01p0H000007gCe8|<init>(Boolean,Time)
16:01:56.0 (45169043)|HEAP_ALLOCATE|[EXTERNAL]|Bytes:4
16:01:56.0 (45179227)|HEAP_ALLOCATE|[107]|Bytes:28
16:01:56.0 (45183253)|HEAP_ALLOCATE|[107]|Bytes:28
16:01:56.0 (45200179)|STATEMENT_EXECUTE|[107]
16:01:56.0 (45201891)|STATEMENT_EXECUTE|[108]
16:01:56.0 (45209377)|USER_DEBUG|[108]|DEBUG|18:30:00.000Z
16:01:56.0 (45221787)|STATEMENT_EXECUTE|[109]
16:01:56.0 (45232965)|HEAP_ALLOCATE|[109]|Bytes:4
16:01:56.0 (45246602)|VARIABLE_ASSIGNMENT|[109]|t|68400000
16:01:56.0 (45251800)|STATEMENT_EXECUTE|[110]
16:01:56.0 (45256216)|HEAP_ALLOCATE|[110]|Bytes:28
16:01:56.0 (45268466)|HEAP_ALLOCATE|[110]|Bytes:28
16:01:56.0 (45279234)|VARIABLE_ASSIGNMENT|[110]|i1|7.0
16:01:56.0 (45283835)|STATEMENT_EXECUTE|[111]
16:01:56.0 (45314104)|VARIABLE_ASSIGNMENT|[EXTERNAL]|this|{"aptdum":"0x65ee55ca","Docdum":"0x10116a7b","Docmap":"0x1d6ce842","Initialselected":8,"Selecteddoc":"a260H000001koYjQAI","SelectedtimeSlot":30,"timelist":"0x42cf1bf6","timeset":"0x506aa598","timewraplist":"0x77647c1c","timewraplistInitial":"0x3a44fdda"}|0x45e50ded
16:01:56.0 (45329283)|HEAP_ALLOCATE|[EXTERNAL]|Bytes:4
16:01:56.0 (45341276)|STATEMENT_EXECUTE|[115]
16:01:56.0 (45343095)|STATEMENT_EXECUTE|[116]
16:01:56.0 (45366795)|VARIABLE_ASSIGNMENT|[EXTERNAL]|this|{"aptdum":"0x65ee55ca","Docdum":"0x10116a7b","Docmap":"0x1d6ce842","Initialselected":8,"Selecteddoc":"a260H000001koYjQAI","SelectedtimeSlot":30,"timelist":"0x42cf1bf6","timeset":"0x506aa598","timewraplist":"0x77647c1c","timewraplistInitial":"0x3a44fdda"}|0x45e50ded
16:01:56.0 (45379097)|HEAP_ALLOCATE|[116]|Bytes:12
16:01:56.0 (45390439)|CONSTRUCTOR_ENTRY|[116]|01p0H000007gCe8|<init>(Boolean,Time)
16:01:56.0 (45395917)|VARIABLE_SCOPE_BEGIN|[209]|this|docappcontroller.Wrapertimeslot|true|false
16:01:56.0 (45409307)|VARIABLE_ASSIGNMENT|[209]|this|{}|0x60366055
16:01:56.0 (45415059)|VARIABLE_SCOPE_BEGIN|[209]|selection|Boolean|false|false
16:01:56.0 (45422570)|VARIABLE_ASSIGNMENT|[209]|selection|true
16:01:56.0 (45426441)|VARIABLE_SCOPE_BEGIN|[209]|tm|Time|false|false
16:01:56.0 (45434734)|VARIABLE_ASSIGNMENT|[209]|tm|68400000
16:01:56.0 (45438965)|STATEMENT_EXECUTE|[205]
16:01:56.0 (45440556)|STATEMENT_EXECUTE|[206]
16:01:56.0 (45441969)|STATEMENT_EXECUTE|[207]
16:01:56.0 (45450563)|STATEMENT_EXECUTE|[209]
16:01:56.0 (45452082)|STATEMENT_EXECUTE|[210]
16:01:56.0 (45462455)|VARIABLE_ASSIGNMENT|[EXTERNAL]|this|{}|0x60366055
16:01:56.0 (45470795)|VARIABLE_ASSIGNMENT|[EXTERNAL]|value|true
16:01:56.0 (45476063)|HEAP_ALLOCATE|[206]|Bytes:5
16:01:56.0 (45481794)|VARIABLE_ASSIGNMENT|[206]|this.selected|true|0x60366055
16:01:56.0 (45489180)|STATEMENT_EXECUTE|[211]
16:01:56.0 (45499607)|VARIABLE_ASSIGNMENT|[EXTERNAL]|this|{"selected":true}|0x60366055
16:01:56.0 (45508445)|VARIABLE_ASSIGNMENT|[EXTERNAL]|value|68400000
16:01:56.0 (45515037)|VARIABLE_ASSIGNMENT|[207]|this.t|68400000|0x60366055
16:01:56.0 (45527582)|CONSTRUCTOR_EXIT|[116]|01p0H000007gCe8|<init>(Boolean,Time)
16:01:56.0 (45536898)|HEAP_ALLOCATE|[EXTERNAL]|Bytes:4
16:01:56.0 (45543206)|STATEMENT_EXECUTE|[117]
16:01:56.0 (45547032)|HEAP_ALLOCATE|[117]|Bytes:4
16:01:56.0 (45553573)|VARIABLE_ASSIGNMENT|[117]|this.Initialselected|9|0x45e50ded
16:01:56.0 (45563552)|HEAP_ALLOCATE|[107]|Bytes:28
16:01:56.0 (45567413)|HEAP_ALLOCATE|[107]|Bytes:28
16:01:56.0 (45590160)|HEAP_ALLOCATE|[123]|Bytes:28
16:01:56.0 (45594328)|HEAP_ALLOCATE|[123]|Bytes:28
16:01:56.0 (45600045)|HEAP_ALLOCATE|[123]|Bytes:28
16:01:56.0 (45624897)|HEAP_ALLOCATE|[123]|Bytes:28
16:01:56.0 (45646631)|STATEMENT_EXECUTE|[123]
16:01:56.0 (45649181)|STATEMENT_EXECUTE|[129]
16:01:56.0 (45683815)|VARIABLE_ASSIGNMENT|[EXTERNAL]|this|{"aptdum":"0x65ee55ca","Docdum":"0x10116a7b","Docmap":"0x1d6ce842","Initialselected":9,"Selecteddoc":"a260H000001koYjQAI","SelectedtimeSlot":30,"timelist":"0x42cf1bf6","timeset":"0x506aa598","timewraplist":"0x77647c1c","timewraplistInitial":"0x3a44fdda"}|0x45e50ded
16:01:56.0 (45705649)|VARIABLE_ASSIGNMENT|[129]|this.timewraplistInitial|"List of size 15 too large to display"|0x45e50ded
16:01:56.0 (45713858)|STATEMENT_EXECUTE|[131]
16:01:56.48 (48957374)|SYSTEM_MODE_ENTER|true
16:01:56.48 (49014227)|HEAP_ALLOCATE|[EXTERNAL]|Bytes:8
16:01:56.48 (49022838)|VARIABLE_SCOPE_BEGIN|[88]|this|ApexPage.PageMessagesComponentController|true|false
16:01:56.48 (49044791)|VARIABLE_ASSIGNMENT|[88]|this|{}|0x7347c403
16:01:56.48 (49051204)|VARIABLE_SCOPE_BEGIN|[88]|escape|Boolean|false|false
16:01:56.48 (49059125)|VARIABLE_ASSIGNMENT|[88]|escape|null
16:01:56.49 (49144450)|SYSTEM_MODE_ENTER|true
16:01:56.49 (49176631)|HEAP_ALLOCATE|[EXTERNAL]|Bytes:8
16:01:56.49 (49183339)|VARIABLE_SCOPE_BEGIN|[2]|this|ApexPage.PageMessagesComponentController|true|false
16:01:56.49 (49200967)|VARIABLE_ASSIGNMENT|[2]|this|{}|0x7347c403
16:01:56.0 (49515541)|SYSTEM_MODE_ENTER|true
16:01:56.0 (49889770)|SYSTEM_MODE_ENTER|true
16:01:56.0 (50177653)|SYSTEM_MODE_ENTER|true
16:01:56.0 (50255133)|SYSTEM_MODE_ENTER|true
16:01:56.71 (71762071)|SYSTEM_MODE_ENTER|true
16:01:56.71 (71821357)|HEAP_ALLOCATE|[EXTERNAL]|Bytes:8
16:01:56.71 (71830729)|VARIABLE_SCOPE_BEGIN|[88]|this|ApexPage.PageMessagesComponentController|true|false
16:01:56.71 (71854126)|VARIABLE_ASSIGNMENT|[88]|this|{}|0x7347c403
16:01:56.71 (71861350)|VARIABLE_SCOPE_BEGIN|[88]|escape|Boolean|false|false
16:01:56.71 (71869940)|VARIABLE_ASSIGNMENT|[88]|escape|null
16:01:56.71 (71987238)|SYSTEM_MODE_ENTER|true
16:01:56.71 (72019839)|HEAP_ALLOCATE|[EXTERNAL]|Bytes:8
16:01:56.71 (72026969)|VARIABLE_SCOPE_BEGIN|[2]|this|ApexPage.PageMessagesComponentController|true|false
16:01:56.71 (72045010)|VARIABLE_ASSIGNMENT|[2]|this|{}|0x7347c403
16:01:56.0 (73494938)|SYSTEM_MODE_ENTER|true
16:01:56.0 (73538056)|HEAP_ALLOCATE|[EXTERNAL]|Bytes:48
16:01:56.0 (73545799)|VARIABLE_SCOPE_BEGIN|[164]|this|docappcontroller|true|false
16:01:56.0 (73591063)|VARIABLE_ASSIGNMENT|[164]|this|{"aptdum":"0x65ee55ca","Docdum":"0x10116a7b","Docmap":"0x1d6ce842","Initialselected":9,"Selecteddoc":"a260H000001koYjQAI","SelectedtimeSlot":30,"timelist":"0x42cf1bf6","timeset":"0x506aa598","timewraplist":"0x77647c1c","timewraplistInitial":"0x77647c1c"}|0x45e50ded
16:01:56.0 (73603264)|STATEMENT_EXECUTE|[164]
16:01:56.0 (73605833)|STATEMENT_EXECUTE|[166]
16:01:56.0 (73619021)|HEAP_ALLOCATE|[166]|Bytes:4
16:01:56.0 (73635778)|VARIABLE_SCOPE_BEGIN|[166]|options|List<System.SelectOption>|true|false
16:01:56.0 (73657992)|HEAP_ALLOCATE|[EXTERNAL]|Bytes:4
16:01:56.0 (73668106)|VARIABLE_ASSIGNMENT|[166]|options|[]|0x63c0e951
16:01:56.0 (73674015)|STATEMENT_EXECUTE|[167]
16:01:56.0 (73695207)|HEAP_ALLOCATE|[EXTERNAL]|Bytes:4
16:01:56.0 (73735371)|VARIABLE_ASSIGNMENT|[EXTERNAL]|this|{"aptdum":"0x65ee55ca","Docdum":"0x10116a7b","Docmap":"0x1d6ce842","Initialselected":9,"Selecteddoc":"a260H000001koYjQAI","SelectedtimeSlot":30,"timelist":"0x42cf1bf6","timeset":"0x506aa598","timewraplist":"0x77647c1c","timewraplistInitial":"0x77647c1c"}|0x45e50ded
16:01:56.0 (73749276)|STATEMENT_EXECUTE|[168]
16:01:56.0 (73774529)|VARIABLE_ASSIGNMENT|[EXTERNAL]|this|{"aptdum":"0x65ee55ca","Docdum":"0x10116a7b","Docmap":"0x1d6ce842","Initialselected":9,"Selecteddoc":"a260H000001koYjQAI","SelectedtimeSlot":30,"timelist":"0x42cf1bf6","timeset":"0x506aa598","timewraplist":"0x77647c1c","timewraplistInitial":"0x77647c1c"}|0x45e50ded
16:01:56.0 (73795759)|HEAP_ALLOCATE|[EXTERNAL]|Bytes:12
16:01:56.0 (73813421)|HEAP_ALLOCATE|[169]|Bytes:237
16:01:56.0 (73836216)|HEAP_ALLOCATE|[169]|Bytes:5
16:01:56.0 (73849757)|HEAP_ALLOCATE|[169]|Bytes:24
16:01:56.0 (73858188)|VARIABLE_SCOPE_BEGIN|[169]|doc|Doctor__c|true|false
16:01:56.0 (73878575)|VARIABLE_ASSIGNMENT|[169]|doc|{"Id":"a260H000001koYjQAI","Name":"doc 2","End_Time__c":68400000,"Speciality__c":"General Surgery","Start_Time__c":43200000}|0x50fcd6c
16:01:56.0 (73885424)|STATEMENT_EXECUTE|[169]
16:01:56.0 (73887513)|STATEMENT_EXECUTE|[170]
16:01:56.0 (73901250)|HEAP_ALLOCATE|[170]|Bytes:18
16:01:56.0 (73915294)|HEAP_ALLOCATE|[EXTERNAL]|Bytes:4
16:01:56.0 (73927069)|HEAP_ALLOCATE|[169]|Bytes:5
16:01:56.0 (73935840)|HEAP_ALLOCATE|[169]|Bytes:24
16:01:56.0 (73941616)|VARIABLE_SCOPE_BEGIN|[169]|doc|Doctor__c|true|false
16:01:56.0 (73955665)|VARIABLE_ASSIGNMENT|[169]|doc|{"Id":"a260H000001koYeQAI","Name":"Doc1","End_Time__c":64800000,"Speciality__c":"General Surgery","Start_Time__c":32400000}|0x3dfba3ba
16:01:56.0 (73961638)|STATEMENT_EXECUTE|[169]
16:01:56.0 (73963152)|STATEMENT_EXECUTE|[170]
16:01:56.0 (73968784)|HEAP_ALLOCATE|[170]|Bytes:18
16:01:56.0 (73979298)|HEAP_ALLOCATE|[EXTERNAL]|Bytes:4
16:01:56.0 (73988965)|HEAP_ALLOCATE|[169]|Bytes:5
16:01:56.0 (74001104)|VARIABLE_ASSIGNMENT|[169]|doc|null|
16:01:56.0 (74008015)|STATEMENT_EXECUTE|[176]
16:01:56.0 (74179344)|SYSTEM_MODE_ENTER|true
16:01:56.0 (77606086)|SYSTEM_MODE_ENTER|true
16:01:56.0 (77650962)|HEAP_ALLOCATE|[EXTERNAL]|Bytes:48
16:01:56.0 (77659449)|VARIABLE_SCOPE_BEGIN|[181]|this|docappcontroller|true|false
16:01:56.0 (77698899)|VARIABLE_ASSIGNMENT|[181]|this|{"aptdum":"0x65ee55ca","Docdum":"0x10116a7b","Docmap":"0x1d6ce842","Initialselected":9,"Selecteddoc":"a260H000001koYjQAI","SelectedtimeSlot":30,"timelist":"0x42cf1bf6","timeset":"0x506aa598","timewraplist":"0x77647c1c","timewraplistInitial":"0x77647c1c"}|0x45e50ded
16:01:56.0 (77710989)|STATEMENT_EXECUTE|[181]
16:01:56.0 (77713194)|STATEMENT_EXECUTE|[183]
16:01:56.0 (77723141)|HEAP_ALLOCATE|[183]|Bytes:4
16:01:56.0 (77739470)|VARIABLE_SCOPE_BEGIN|[183]|options|List<System.SelectOption>|true|false
16:01:56.0 (77760958)|HEAP_ALLOCATE|[EXTERNAL]|Bytes:4
16:01:56.0 (77770049)|VARIABLE_ASSIGNMENT|[183]|options|[]|0x46be3522
16:01:56.0 (77775944)|STATEMENT_EXECUTE|[184]
16:01:56.0 (77791628)|HEAP_ALLOCATE|[EXTERNAL]|Bytes:4
16:01:56.0 (77799001)|STATEMENT_EXECUTE|[187]
16:01:56.0 (77806651)|HEAP_ALLOCATE|[EXTERNAL]|Bytes:4
16:01:56.0 (77812278)|STATEMENT_EXECUTE|[188]
16:01:56.0 (77818112)|HEAP_ALLOCATE|[EXTERNAL]|Bytes:4
16:01:56.0 (77822719)|STATEMENT_EXECUTE|[193]
16:01:56.0 (77942190)|SYSTEM_MODE_ENTER|true
16:01:56.0 (79958444)|VF_SERIALIZE_VIEWSTATE_BEGIN|0660H000004OdRk
16:01:56.0 (97288530)|VF_SERIALIZE_VIEWSTATE_END
16:01:56.0 (115472146)|CODE_UNIT_STARTED|[EXTERNAL]|Generate Metadata
16:01:56.0 (118199061)|CODE_UNIT_FINISHED|Generate Metadata
16:01:56.120 (120851697)|CUMULATIVE_LIMIT_USAGE
16:01:56.120 (120851697)|LIMIT_USAGE_FOR_NS|(default)|
  Number of SOQL queries: 1 out of 100
  Number of query rows: 4 out of 50000
  Number of SOSL queries: 0 out of 20
  Number of DML statements: 0 out of 150
  Number of DML rows: 0 out of 10000
  Maximum CPU time: 0 out of 10000
  Maximum heap size: 0 out of 6000000
  Number of callouts: 0 out of 100
  Number of Email Invocations: 0 out of 10
  Number of future calls: 0 out of 50
  Number of queueable jobs added to the queue: 0 out of 50
  Number of Mobile Apex push calls: 0 out of 10

16:01:56.120 (120851697)|CUMULATIVE_LIMIT_USAGE_END

16:01:56.0 (120899495)|CODE_UNIT_FINISHED|VF: /apex/docapp
16:01:56.0 (121799682)|EXECUTION_FINISHED
