42.0 APEX_CODE,FINEST;APEX_PROFILING,INFO;CALLOUT,INFO;DB,INFO;SYSTEM,DEBUG;VALIDATION,INFO;VISUALFORCE,INFO;WAVE,INFO;WORKFLOW,INFO
15:03:38.0 (48323)|USER_INFO|[EXTERNAL]|005i0000002qYvT|anton@igate.com|India Standard Time|GMT+05:30
15:03:38.0 (79369)|EXECUTION_STARTED
15:03:38.0 (83507)|CODE_UNIT_STARTED|[EXTERNAL]|0660H000004OdRk|VF: /apex/docapp
15:03:38.0 (1019089)|VF_DESERIALIZE_VIEWSTATE_BEGIN|0660H000004OdRk
15:03:38.0 (6360043)|HEAP_ALLOCATE|[72]|Bytes:3
15:03:38.0 (6396922)|HEAP_ALLOCATE|[77]|Bytes:152
15:03:38.0 (6408676)|HEAP_ALLOCATE|[342]|Bytes:408
15:03:38.0 (6420724)|HEAP_ALLOCATE|[355]|Bytes:408
15:03:38.0 (6431404)|HEAP_ALLOCATE|[467]|Bytes:48
15:03:38.0 (6456508)|HEAP_ALLOCATE|[139]|Bytes:6
15:03:38.0 (9558057)|VF_DESERIALIZE_VIEWSTATE_END
15:03:38.10 (10152533)|SYSTEM_MODE_ENTER|true
15:03:38.10 (10224402)|HEAP_ALLOCATE|[EXTERNAL]|Bytes:38
15:03:38.10 (10233085)|HEAP_ALLOCATE|[EXTERNAL]|Bytes:7
15:03:38.10 (10246594)|SYSTEM_METHOD_ENTRY|[1]|PageMessagesComponentController.PageMessagesComponentController()
15:03:38.10 (10252930)|STATEMENT_EXECUTE|[1]
15:03:38.10 (10968188)|SYSTEM_MODE_ENTER|true
15:03:38.10 (11019275)|HEAP_ALLOCATE|[EXTERNAL]|Bytes:8
15:03:38.10 (11027142)|VARIABLE_SCOPE_BEGIN|[88]|this|ApexPage.PageMessagesComponentController|true|false
15:03:38.10 (11065153)|VARIABLE_ASSIGNMENT|[88]|this|{}|0x1a2afddf
15:03:38.10 (11072194)|VARIABLE_SCOPE_BEGIN|[88]|escape|Boolean|false|false
15:03:38.10 (11081280)|VARIABLE_ASSIGNMENT|[88]|escape|null
15:03:38.0 (11243502)|SYSTEM_MODE_ENTER|true
15:03:38.0 (11266506)|HEAP_ALLOCATE|[EXTERNAL]|Bytes:14
15:03:38.0 (11273584)|HEAP_ALLOCATE|[EXTERNAL]|Bytes:248
15:03:38.0 (11277360)|HEAP_ALLOCATE|[EXTERNAL]|Bytes:53
15:03:38.0 (11280754)|HEAP_ALLOCATE|[EXTERNAL]|Bytes:17
15:03:38.0 (11289537)|METHOD_ENTRY|[1]|01p0H000007gCe8|docappcontroller.docappcontroller()
15:03:38.0 (11294743)|STATEMENT_EXECUTE|[1]
15:03:38.0 (11299332)|STATEMENT_EXECUTE|[1]
15:03:38.0 (11300926)|STATEMENT_EXECUTE|[199]
15:03:38.0 (11305744)|METHOD_EXIT|[1]|docappcontroller
15:03:38.0 (14678949)|SYSTEM_MODE_ENTER|true
15:03:38.0 (15442468)|SYSTEM_MODE_ENTER|true
15:03:38.0 (16486326)|SYSTEM_MODE_ENTER|true
15:03:38.0 (16743667)|HEAP_ALLOCATE|[EXTERNAL]|Bytes:48
15:03:38.0 (16756584)|VARIABLE_SCOPE_BEGIN|[158]|this|docappcontroller|true|false
15:03:38.0 (16842947)|VARIABLE_ASSIGNMENT|[158]|this|{"aptdum":"0x3643a8d2","Docdum":"0x5c1762a5","Docmap":"0x223e4a86","Initialselected":0,"timewraplistInitial":"0x414984a7"}|0x49ddc2f
15:03:38.0 (16856092)|STATEMENT_EXECUTE|[158]
15:03:38.0 (16858754)|STATEMENT_EXECUTE|[160]
15:03:38.0 (16871574)|HEAP_ALLOCATE|[160]|Bytes:4
15:03:38.0 (16903314)|VARIABLE_SCOPE_BEGIN|[160]|options|List<System.SelectOption>|true|false
15:03:38.0 (16925126)|HEAP_ALLOCATE|[EXTERNAL]|Bytes:4
15:03:38.0 (16935776)|VARIABLE_ASSIGNMENT|[160]|options|[]|0x6ae7a164
15:03:38.0 (16941452)|STATEMENT_EXECUTE|[161]
15:03:38.0 (16949060)|HEAP_ALLOCATE|[161]|Bytes:8
15:03:38.0 (17008373)|HEAP_ALLOCATE|[EXTERNAL]|Bytes:4
15:03:38.0 (17067959)|VARIABLE_ASSIGNMENT|[EXTERNAL]|this|{"aptdum":"0x3643a8d2","Docdum":"0x5c1762a5","Docmap":"0x223e4a86","Initialselected":0,"timewraplistInitial":"0x414984a7"}|0x49ddc2f
15:03:38.0 (17082283)|STATEMENT_EXECUTE|[162]
15:03:38.0 (17111422)|VARIABLE_ASSIGNMENT|[EXTERNAL]|this|{"aptdum":"0x3643a8d2","Docdum":"0x5c1762a5","Docmap":"0x223e4a86","Initialselected":0,"timewraplistInitial":"0x414984a7"}|0x49ddc2f
15:03:38.0 (17141947)|HEAP_ALLOCATE|[EXTERNAL]|Bytes:12
15:03:38.0 (17158844)|HEAP_ALLOCATE|[163]|Bytes:237
15:03:38.0 (17282492)|HEAP_ALLOCATE|[163]|Bytes:5
15:03:38.0 (17328051)|HEAP_ALLOCATE|[163]|Bytes:24
15:03:38.0 (17337348)|VARIABLE_SCOPE_BEGIN|[163]|doc|Doctor__c|true|false
15:03:38.0 (17456904)|VARIABLE_ASSIGNMENT|[163]|doc|{"Id":"a260H000001koYjQAI","Name":"doc 2","End_Time__c":68400000,"Speciality__c":"General Surgery","Start_Time__c":43200000}|0x1d5c21be
15:03:38.0 (17464888)|STATEMENT_EXECUTE|[163]
15:03:38.0 (17467155)|STATEMENT_EXECUTE|[164]
15:03:38.0 (17502983)|HEAP_ALLOCATE|[164]|Bytes:18
15:03:38.0 (17555754)|HEAP_ALLOCATE|[EXTERNAL]|Bytes:4
15:03:38.0 (17571306)|HEAP_ALLOCATE|[163]|Bytes:5
15:03:38.0 (17589372)|HEAP_ALLOCATE|[163]|Bytes:24
15:03:38.0 (17602139)|VARIABLE_SCOPE_BEGIN|[163]|doc|Doctor__c|true|false
15:03:38.0 (17620180)|VARIABLE_ASSIGNMENT|[163]|doc|{"Id":"a260H000001koYeQAI","Name":"Doc1","End_Time__c":64800000,"Speciality__c":"General Surgery","Start_Time__c":32400000}|0x7520b23
15:03:38.0 (17626537)|STATEMENT_EXECUTE|[163]
15:03:38.0 (17628151)|STATEMENT_EXECUTE|[164]
15:03:38.0 (17636727)|HEAP_ALLOCATE|[164]|Bytes:18
15:03:38.0 (17649453)|HEAP_ALLOCATE|[EXTERNAL]|Bytes:4
15:03:38.0 (17660333)|HEAP_ALLOCATE|[163]|Bytes:5
15:03:38.0 (17670028)|VARIABLE_ASSIGNMENT|[163]|doc|null|
15:03:38.0 (17674855)|STATEMENT_EXECUTE|[170]
15:03:38.0 (17753368)|SYSTEM_MODE_ENTER|true
15:03:38.0 (18050782)|SYSTEM_MODE_ENTER|true
15:03:38.0 (18088869)|HEAP_ALLOCATE|[EXTERNAL]|Bytes:48
15:03:38.0 (18096983)|VARIABLE_SCOPE_BEGIN|[175]|this|docappcontroller|true|false
15:03:38.0 (18131214)|VARIABLE_ASSIGNMENT|[175]|this|{"aptdum":"0x3643a8d2","Docdum":"0x5c1762a5","Docmap":"0x223e4a86","Initialselected":0,"timewraplistInitial":"0x414984a7"}|0x49ddc2f
15:03:38.0 (18141186)|STATEMENT_EXECUTE|[175]
15:03:38.0 (18142993)|STATEMENT_EXECUTE|[177]
15:03:38.0 (18151761)|HEAP_ALLOCATE|[177]|Bytes:4
15:03:38.0 (18173318)|VARIABLE_SCOPE_BEGIN|[177]|options|List<System.SelectOption>|true|false
15:03:38.0 (18193434)|HEAP_ALLOCATE|[EXTERNAL]|Bytes:4
15:03:38.0 (18201127)|VARIABLE_ASSIGNMENT|[177]|options|[]|0xbda0bfc
15:03:38.0 (18205954)|STATEMENT_EXECUTE|[178]
15:03:38.0 (18242906)|HEAP_ALLOCATE|[EXTERNAL]|Bytes:4
15:03:38.0 (18250920)|STATEMENT_EXECUTE|[181]
15:03:38.0 (18255444)|HEAP_ALLOCATE|[181]|Bytes:2
15:03:38.0 (18277686)|HEAP_ALLOCATE|[EXTERNAL]|Bytes:4
15:03:38.0 (18283880)|STATEMENT_EXECUTE|[182]
15:03:38.0 (18288150)|HEAP_ALLOCATE|[182]|Bytes:2
15:03:38.0 (18306624)|HEAP_ALLOCATE|[EXTERNAL]|Bytes:4
15:03:38.0 (18312296)|STATEMENT_EXECUTE|[187]
15:03:38.0 (18378220)|SYSTEM_MODE_ENTER|true
15:03:38.18 (18890049)|SYSTEM_MODE_ENTER|true
15:03:38.18 (18937996)|HEAP_ALLOCATE|[EXTERNAL]|Bytes:8
15:03:38.18 (18945880)|VARIABLE_SCOPE_BEGIN|[88]|this|ApexPage.PageMessagesComponentController|true|false
15:03:38.18 (18966241)|VARIABLE_ASSIGNMENT|[88]|this|{}|0x1a2afddf
15:03:38.18 (18972065)|VARIABLE_SCOPE_BEGIN|[88]|escape|Boolean|false|false
15:03:38.18 (18979571)|VARIABLE_ASSIGNMENT|[88]|escape|null
15:03:38.0 (19147784)|SYSTEM_MODE_ENTER|true
15:03:38.0 (19172512)|HEAP_ALLOCATE|[EXTERNAL]|Bytes:18
15:03:38.0 (19177458)|HEAP_ALLOCATE|[EXTERNAL]|Bytes:48
15:03:38.0 (19201200)|VARIABLE_ASSIGNMENT|[EXTERNAL]|this.Selecteddoc|"a260H000001koYjQAI"|0x49ddc2f
15:03:38.0 (19242668)|SYSTEM_MODE_ENTER|true
15:03:38.0 (19381578)|SYSTEM_MODE_ENTER|true
15:03:38.0 (19421169)|SYSTEM_MODE_ENTER|true
15:03:38.0 (19435853)|HEAP_ALLOCATE|[EXTERNAL]|Bytes:8
15:03:38.0 (19440098)|HEAP_ALLOCATE|[EXTERNAL]|Bytes:48
15:03:38.0 (19448824)|VARIABLE_ASSIGNMENT|[EXTERNAL]|this.SelectedtimeSlot|60|0x49ddc2f
15:03:38.0 (19481055)|SYSTEM_MODE_ENTER|true
15:03:38.0 (19683041)|HEAP_ALLOCATE|[EXTERNAL]|Bytes:48
15:03:38.0 (19691619)|VARIABLE_SCOPE_BEGIN|[56]|this|docappcontroller|true|false
15:03:38.0 (19728593)|VARIABLE_ASSIGNMENT|[56]|this|{"aptdum":"0x3643a8d2","Docdum":"0x5c1762a5","Docmap":"0x223e4a86","Initialselected":0,"Selecteddoc":"a260H000001koYjQAI","SelectedtimeSlot":60,"timewraplistInitial":"0x414984a7"}|0x49ddc2f
15:03:38.0 (19739885)|STATEMENT_EXECUTE|[56]
15:03:38.0 (19741870)|STATEMENT_EXECUTE|[58]
15:03:38.0 (19784926)|VARIABLE_ASSIGNMENT|[EXTERNAL]|this|{"aptdum":"0x3643a8d2","Docdum":"0x5c1762a5","Docmap":"0x223e4a86","Initialselected":0,"Selecteddoc":"a260H000001koYjQAI","SelectedtimeSlot":60,"timewraplistInitial":"0x414984a7"}|0x49ddc2f
15:03:38.0 (19815356)|USER_DEBUG|[58]|DEBUG|a260H000001koYjQAI
15:03:38.0 (19853725)|VARIABLE_ASSIGNMENT|[EXTERNAL]|this|{"aptdum":"0x3643a8d2","Docdum":"0x5c1762a5","Docmap":"0x223e4a86","Initialselected":0,"Selecteddoc":"a260H000001koYjQAI","SelectedtimeSlot":60,"timewraplistInitial":"0x414984a7"}|0x49ddc2f
15:03:38.0 (19884099)|VARIABLE_ASSIGNMENT|[EXTERNAL]|this|{"aptdum":"0x3643a8d2","Docdum":"0x5c1762a5","Docmap":"0x223e4a86","Initialselected":0,"Selecteddoc":"a260H000001koYjQAI","SelectedtimeSlot":60,"timewraplistInitial":"0x414984a7"}|0x49ddc2f
15:03:38.0 (19913238)|STATEMENT_EXECUTE|[61]
15:03:38.0 (19916020)|STATEMENT_EXECUTE|[62]
15:03:38.0 (19951679)|VARIABLE_ASSIGNMENT|[EXTERNAL]|this|{"aptdum":"0x3643a8d2","Docdum":"0x5c1762a5","Docmap":"0x223e4a86","Initialselected":0,"Selecteddoc":"a260H000001koYjQAI","SelectedtimeSlot":60,"timewraplistInitial":"0x414984a7"}|0x49ddc2f
15:03:38.0 (19982840)|VARIABLE_ASSIGNMENT|[EXTERNAL]|this|{"aptdum":"0x3643a8d2","Docdum":"0x5c1762a5","Docmap":"0x223e4a86","Initialselected":0,"Selecteddoc":"a260H000001koYjQAI","SelectedtimeSlot":60,"timewraplistInitial":"0x414984a7"}|0x49ddc2f
15:03:38.0 (20006876)|VARIABLE_SCOPE_BEGIN|[62]|d|Doctor__c|true|false
15:03:38.0 (20025657)|VARIABLE_ASSIGNMENT|[62]|d|{"Id":"a260H000001koYjQAI","Name":"doc 2","End_Time__c":68400000,"Speciality__c":"General Surgery","Start_Time__c":43200000}|0x1d5c21be
15:03:38.0 (20032345)|STATEMENT_EXECUTE|[63]
15:03:38.0 (20064236)|HEAP_ALLOCATE|[63]|Bytes:4
15:03:38.0 (20103772)|HEAP_ALLOCATE|[63]|Bytes:150
15:03:38.0 (20118275)|HEAP_ALLOCATE|[63]|Bytes:4
15:03:38.0 (20126999)|HEAP_ALLOCATE|[63]|Bytes:7
15:03:38.0 (20160510)|VARIABLE_ASSIGNMENT|[EXTERNAL]|this|{"aptdum":"0x3643a8d2","Docdum":"0x5c1762a5","Docmap":"0x223e4a86","Initialselected":0,"Selecteddoc":"a260H000001koYjQAI","SelectedtimeSlot":60,"timewraplistInitial":"0x414984a7"}|0x49ddc2f
15:03:38.0 (20178752)|HEAP_ALLOCATE|[63]|Bytes:7
15:03:38.0 (20206923)|VARIABLE_ASSIGNMENT|[EXTERNAL]|this|{"aptdum":"0x3643a8d2","Docdum":"0x5c1762a5","Docmap":"0x223e4a86","Initialselected":0,"Selecteddoc":"a260H000001koYjQAI","SelectedtimeSlot":60,"timewraplistInitial":"0x414984a7"}|0x49ddc2f
15:03:38.0 (20488823)|SOQL_EXECUTE_BEGIN|[63]|Aggregations:0|SELECT Id, Name, Doctor__c, Patient__c, End_Time__c, Start_Time__c FROM Appointment__c WHERE (Doctor__c = :tmpVar1 AND Appointment_Date__c = :tmpVar2)
15:03:38.0 (30847766)|SOQL_EXECUTE_END|[63]|Rows:2
15:03:38.0 (30868459)|HEAP_ALLOCATE|[63]|Bytes:12
15:03:38.0 (30883942)|HEAP_ALLOCATE|[63]|Bytes:294
15:03:38.0 (30910588)|HEAP_ALLOCATE|[63]|Bytes:12
15:03:38.0 (30937611)|HEAP_ALLOCATE|[63]|Bytes:28
15:03:38.0 (30942346)|HEAP_ALLOCATE|[63]|Bytes:28
15:03:38.0 (30946412)|HEAP_ALLOCATE|[63]|Bytes:28
15:03:38.0 (30949000)|HEAP_ALLOCATE|[63]|Bytes:8
15:03:38.0 (30961312)|VARIABLE_SCOPE_BEGIN|[63]|aptlist|List<Appointment__c>|true|false
15:03:38.0 (30972392)|HEAP_ALLOCATE|[EXTERNAL]|Bytes:12
15:03:38.0 (30998593)|VARIABLE_ASSIGNMENT|[63]|aptlist|[{"Id":"a250H00000HaxnFQAR","Name":"A-00000","Doctor__c":"a260H000001koYjQAI","Patient__c":"a270H000006vXivQAE","End_Time__c":61200000,"Start_Time__c":54000000},{"Id":"a250H00000HayO3QAJ","Name":"A-00001","Doctor__c":"a260H000001koYjQAI","Patient__c":"a270H000006vXivQAE","End_Time__c":70200000,"Start_Time__c":68400000}]|0x58a0982e
15:03:38.0 (31009867)|STATEMENT_EXECUTE|[64]
15:03:38.0 (31035285)|HEAP_ALLOCATE|[64]|Bytes:4
15:03:38.0 (31089496)|VARIABLE_ASSIGNMENT|[64]|this.timeset|[]|0x49ddc2f
15:03:38.0 (31183959)|HEAP_ALLOCATE|[65]|Bytes:5
15:03:38.0 (31197634)|HEAP_ALLOCATE|[65]|Bytes:28
15:03:38.0 (31204960)|VARIABLE_SCOPE_BEGIN|[65]|apt|Appointment__c|true|false
15:03:38.0 (31223258)|VARIABLE_ASSIGNMENT|[65]|apt|{"Id":"a250H00000HaxnFQAR","Name":"A-00000","Doctor__c":"a260H000001koYjQAI","Patient__c":"a270H000006vXivQAE","End_Time__c":61200000,"Start_Time__c":54000000}|0x4b9c3053
15:03:38.0 (31230999)|STATEMENT_EXECUTE|[65]
15:03:38.0 (31232890)|STATEMENT_EXECUTE|[67]
15:03:38.0 (31264443)|VARIABLE_SCOPE_BEGIN|[67]|t|Time|false|false
15:03:38.0 (31277025)|VARIABLE_ASSIGNMENT|[67]|t|54000000
15:03:38.0 (31281142)|STATEMENT_EXECUTE|[68]
15:03:38.0 (31333229)|VARIABLE_SCOPE_BEGIN|[68]|i|Integer|false|false
15:03:38.0 (31341598)|HEAP_ALLOCATE|[68]|Bytes:4
15:03:38.0 (31348964)|VARIABLE_ASSIGNMENT|[68]|i|2
15:03:38.0 (31353375)|STATEMENT_EXECUTE|[69]
15:03:38.0 (31375045)|HEAP_ALLOCATE|[69]|Bytes:28
15:03:38.0 (31378872)|HEAP_ALLOCATE|[69]|Bytes:28
15:03:38.0 (31383001)|VARIABLE_SCOPE_BEGIN|[69]|i1|Decimal|false|false
15:03:38.0 (31392952)|VARIABLE_ASSIGNMENT|[69]|i1|0
15:03:38.0 (31396727)|STATEMENT_EXECUTE|[70]
15:03:38.0 (31423680)|HEAP_ALLOCATE|[EXTERNAL]|Bytes:4
15:03:38.0 (31445516)|STATEMENT_EXECUTE|[71]
15:03:38.0 (31447307)|STATEMENT_EXECUTE|[72]
15:03:38.0 (31471471)|USER_DEBUG|[72]|DEBUG|15:00:00.000Z
15:03:38.0 (31479389)|STATEMENT_EXECUTE|[73]
15:03:38.0 (31504871)|HEAP_ALLOCATE|[73]|Bytes:4
15:03:38.0 (31520640)|VARIABLE_ASSIGNMENT|[73]|t|55800000
15:03:38.0 (31527187)|STATEMENT_EXECUTE|[74]
15:03:38.0 (31530683)|HEAP_ALLOCATE|[74]|Bytes:3
15:03:38.0 (31545451)|HEAP_ALLOCATE|[74]|Bytes:28
15:03:38.0 (31583682)|HEAP_ALLOCATE|[74]|Bytes:28
15:03:38.0 (31607586)|VARIABLE_ASSIGNMENT|[74]|i1|0.5
15:03:38.0 (31612222)|STATEMENT_EXECUTE|[75]
15:03:38.0 (31630382)|HEAP_ALLOCATE|[EXTERNAL]|Bytes:4
15:03:38.0 (31643860)|HEAP_ALLOCATE|[76]|Bytes:28
15:03:38.0 (31647470)|HEAP_ALLOCATE|[76]|Bytes:28
15:03:38.0 (31652654)|HEAP_ALLOCATE|[76]|Bytes:28
15:03:38.0 (31675830)|HEAP_ALLOCATE|[76]|Bytes:28
15:03:38.0 (31702600)|STATEMENT_EXECUTE|[71]
15:03:38.0 (31704396)|STATEMENT_EXECUTE|[72]
15:03:38.0 (31713170)|USER_DEBUG|[72]|DEBUG|15:30:00.000Z
15:03:38.0 (31719655)|STATEMENT_EXECUTE|[73]
15:03:38.0 (31728207)|HEAP_ALLOCATE|[73]|Bytes:4
15:03:38.0 (31741849)|VARIABLE_ASSIGNMENT|[73]|t|57600000
15:03:38.0 (31745762)|STATEMENT_EXECUTE|[74]
15:03:38.0 (31750672)|HEAP_ALLOCATE|[74]|Bytes:28
15:03:38.0 (31761725)|HEAP_ALLOCATE|[74]|Bytes:28
15:03:38.0 (31772019)|VARIABLE_ASSIGNMENT|[74]|i1|1.0
15:03:38.0 (31775716)|STATEMENT_EXECUTE|[75]
15:03:38.0 (31781549)|HEAP_ALLOCATE|[EXTERNAL]|Bytes:4
15:03:38.0 (31790656)|HEAP_ALLOCATE|[76]|Bytes:28
15:03:38.0 (31793953)|HEAP_ALLOCATE|[76]|Bytes:28
15:03:38.0 (31798920)|HEAP_ALLOCATE|[76]|Bytes:28
15:03:38.0 (31811096)|HEAP_ALLOCATE|[76]|Bytes:28
15:03:38.0 (31829681)|STATEMENT_EXECUTE|[71]
15:03:38.0 (31831249)|STATEMENT_EXECUTE|[72]
15:03:38.0 (31837510)|USER_DEBUG|[72]|DEBUG|16:00:00.000Z
15:03:38.0 (31843129)|STATEMENT_EXECUTE|[73]
15:03:38.0 (31850565)|HEAP_ALLOCATE|[73]|Bytes:4
15:03:38.0 (31862574)|VARIABLE_ASSIGNMENT|[73]|t|59400000
15:03:38.0 (31866522)|STATEMENT_EXECUTE|[74]
15:03:38.0 (31870395)|HEAP_ALLOCATE|[74]|Bytes:28
15:03:38.0 (31880839)|HEAP_ALLOCATE|[74]|Bytes:28
15:03:38.0 (31890957)|VARIABLE_ASSIGNMENT|[74]|i1|1.5
15:03:38.0 (31894540)|STATEMENT_EXECUTE|[75]
15:03:38.0 (31899514)|HEAP_ALLOCATE|[EXTERNAL]|Bytes:4
15:03:38.0 (31907689)|HEAP_ALLOCATE|[76]|Bytes:28
15:03:38.0 (31910967)|HEAP_ALLOCATE|[76]|Bytes:28
15:03:38.0 (31915371)|HEAP_ALLOCATE|[76]|Bytes:28
15:03:38.0 (31926875)|HEAP_ALLOCATE|[76]|Bytes:28
15:03:38.0 (31952615)|HEAP_ALLOCATE|[65]|Bytes:5
15:03:38.0 (31962974)|HEAP_ALLOCATE|[65]|Bytes:28
15:03:38.0 (31969376)|VARIABLE_SCOPE_BEGIN|[65]|apt|Appointment__c|true|false
15:03:38.0 (31987336)|VARIABLE_ASSIGNMENT|[65]|apt|{"Id":"a250H00000HayO3QAJ","Name":"A-00001","Doctor__c":"a260H000001koYjQAI","Patient__c":"a270H000006vXivQAE","End_Time__c":70200000,"Start_Time__c":68400000}|0x25912f8b
15:03:38.0 (31994116)|STATEMENT_EXECUTE|[65]
15:03:38.0 (31995739)|STATEMENT_EXECUTE|[67]
15:03:38.0 (32005747)|VARIABLE_SCOPE_BEGIN|[67]|t|Time|false|false
15:03:38.0 (32016706)|VARIABLE_ASSIGNMENT|[67]|t|68400000
15:03:38.0 (32020412)|STATEMENT_EXECUTE|[68]
15:03:38.0 (32039068)|VARIABLE_SCOPE_BEGIN|[68]|i|Integer|false|false
15:03:38.0 (32045665)|HEAP_ALLOCATE|[68]|Bytes:4
15:03:38.0 (32051533)|VARIABLE_ASSIGNMENT|[68]|i|0
15:03:38.0 (32055323)|STATEMENT_EXECUTE|[69]
15:03:38.0 (32061139)|HEAP_ALLOCATE|[69]|Bytes:28
15:03:38.0 (32064401)|HEAP_ALLOCATE|[69]|Bytes:28
15:03:38.0 (32068046)|VARIABLE_SCOPE_BEGIN|[69]|i1|Decimal|false|false
15:03:38.0 (32075461)|VARIABLE_ASSIGNMENT|[69]|i1|0
15:03:38.0 (32078737)|STATEMENT_EXECUTE|[70]
15:03:38.0 (32084575)|HEAP_ALLOCATE|[EXTERNAL]|Bytes:4
15:03:38.0 (32090392)|STATEMENT_EXECUTE|[71]
15:03:38.0 (32091846)|STATEMENT_EXECUTE|[72]
15:03:38.0 (32099501)|USER_DEBUG|[72]|DEBUG|19:00:00.000Z
15:03:38.0 (32106164)|STATEMENT_EXECUTE|[73]
15:03:38.0 (32113320)|HEAP_ALLOCATE|[73]|Bytes:4
15:03:38.0 (32125341)|VARIABLE_ASSIGNMENT|[73]|t|70200000
15:03:38.0 (32129253)|STATEMENT_EXECUTE|[74]
15:03:38.0 (32133898)|HEAP_ALLOCATE|[74]|Bytes:28
15:03:38.0 (32146166)|HEAP_ALLOCATE|[74]|Bytes:28
15:03:38.0 (32156555)|VARIABLE_ASSIGNMENT|[74]|i1|0.5
15:03:38.0 (32160323)|STATEMENT_EXECUTE|[75]
15:03:38.0 (32165506)|HEAP_ALLOCATE|[EXTERNAL]|Bytes:4
15:03:38.0 (32174060)|HEAP_ALLOCATE|[76]|Bytes:28
15:03:38.0 (32177182)|HEAP_ALLOCATE|[76]|Bytes:28
15:03:38.0 (32181397)|HEAP_ALLOCATE|[76]|Bytes:28
15:03:38.0 (32192746)|HEAP_ALLOCATE|[76]|Bytes:28
15:03:38.0 (32217160)|HEAP_ALLOCATE|[65]|Bytes:5
15:03:38.0 (32228027)|VARIABLE_ASSIGNMENT|[65]|apt|null|
15:03:38.0 (32232785)|STATEMENT_EXECUTE|[87]
15:03:38.0 (32296735)|HEAP_ALLOCATE|[87]|Bytes:4
15:03:38.0 (32390931)|VARIABLE_ASSIGNMENT|[EXTERNAL]|this|{"aptdum":"0x3643a8d2","Docdum":"0x5c1762a5","Docmap":"0x223e4a86","Initialselected":0,"Selecteddoc":"a260H000001koYjQAI","SelectedtimeSlot":60,"timeset":"0x56a8cce7","timewraplistInitial":"0x414984a7"}|0x49ddc2f
15:03:38.0 (32410052)|HEAP_ALLOCATE|[EXTERNAL]|Bytes:4
15:03:38.0 (32416810)|VARIABLE_ASSIGNMENT|[EXTERNAL]|value|[]|0x686ae838
15:03:38.0 (32428369)|VARIABLE_ASSIGNMENT|[4]|this.timewraplist|[]|0x49ddc2f
15:03:38.0 (32437474)|STATEMENT_EXECUTE|[88]
15:03:38.0 (32445534)|HEAP_ALLOCATE|[88]|Bytes:4
15:03:38.0 (32499117)|VARIABLE_ASSIGNMENT|[EXTERNAL]|this|{"aptdum":"0x3643a8d2","Docdum":"0x5c1762a5","Docmap":"0x223e4a86","Initialselected":0,"Selecteddoc":"a260H000001koYjQAI","SelectedtimeSlot":60,"timeset":"0x56a8cce7","timewraplist":"0x686ae838","timewraplistInitial":"0x414984a7"}|0x49ddc2f
15:03:38.0 (32517354)|HEAP_ALLOCATE|[EXTERNAL]|Bytes:4
15:03:38.0 (32524559)|VARIABLE_ASSIGNMENT|[EXTERNAL]|value|[]|0x3fff06d
15:03:38.0 (32535772)|VARIABLE_ASSIGNMENT|[3]|this.timelist|[]|0x49ddc2f
15:03:38.0 (32544407)|STATEMENT_EXECUTE|[89]
15:03:38.0 (32571842)|VARIABLE_SCOPE_BEGIN|[89]|t|Time|false|false
15:03:38.0 (32585213)|VARIABLE_ASSIGNMENT|[89]|t|43200000
15:03:38.0 (32589477)|STATEMENT_EXECUTE|[90]
15:03:38.0 (32634209)|VARIABLE_SCOPE_BEGIN|[90]|i|Integer|false|false
15:03:38.0 (32641711)|HEAP_ALLOCATE|[90]|Bytes:4
15:03:38.0 (32648405)|VARIABLE_ASSIGNMENT|[90]|i|7
15:03:38.0 (32652440)|STATEMENT_EXECUTE|[91]
15:03:38.0 (32660667)|HEAP_ALLOCATE|[91]|Bytes:28
15:03:38.0 (32664536)|HEAP_ALLOCATE|[91]|Bytes:28
15:03:38.0 (32668088)|VARIABLE_SCOPE_BEGIN|[91]|i1|Decimal|false|false
15:03:38.0 (32676952)|VARIABLE_ASSIGNMENT|[91]|i1|0
15:03:38.0 (32709141)|STATEMENT_EXECUTE|[92]
15:03:38.0 (32710972)|STATEMENT_EXECUTE|[93]
15:03:38.0 (32753989)|VARIABLE_ASSIGNMENT|[EXTERNAL]|this|{"aptdum":"0x3643a8d2","Docdum":"0x5c1762a5","Docmap":"0x223e4a86","Initialselected":0,"Selecteddoc":"a260H000001koYjQAI","SelectedtimeSlot":60,"timelist":"0x3fff06d","timeset":"0x56a8cce7","timewraplist":"0x686ae838","timewraplistInitial":"0x414984a7"}|0x49ddc2f
15:03:38.0 (32772433)|HEAP_ALLOCATE|[93]|Bytes:108
15:03:38.0 (32778561)|HEAP_ALLOCATE|[93]|Bytes:11
15:03:38.0 (32791286)|HEAP_ALLOCATE|[93]|Bytes:12
15:03:38.0 (32812485)|CONSTRUCTOR_ENTRY|[93]|01p0H000007gCe8|<init>(Boolean,Time)
15:03:38.0 (32824993)|VARIABLE_SCOPE_BEGIN|[203]|this|docappcontroller.Wrapertimeslot|true|false
15:03:38.0 (32847298)|VARIABLE_ASSIGNMENT|[203]|this|{}|0x3dcf89d4
15:03:38.0 (32855218)|VARIABLE_SCOPE_BEGIN|[203]|selection|Boolean|false|false
15:03:38.0 (32863695)|VARIABLE_ASSIGNMENT|[203]|selection|false
15:03:38.0 (32870147)|VARIABLE_SCOPE_BEGIN|[203]|tm|Time|false|false
15:03:38.0 (32878720)|VARIABLE_ASSIGNMENT|[203]|tm|43200000
15:03:38.0 (32884331)|STATEMENT_EXECUTE|[199]
15:03:38.0 (32886088)|STATEMENT_EXECUTE|[200]
15:03:38.0 (32887567)|STATEMENT_EXECUTE|[201]
15:03:38.0 (32893186)|HEAP_ALLOCATE|[204]|Bytes:6
15:03:38.0 (32918554)|STATEMENT_EXECUTE|[203]
15:03:38.0 (32920354)|STATEMENT_EXECUTE|[204]
15:03:38.0 (32971892)|VARIABLE_ASSIGNMENT|[EXTERNAL]|this|{}|0x3dcf89d4
15:03:38.0 (32983107)|VARIABLE_ASSIGNMENT|[EXTERNAL]|value|false
15:03:38.0 (32989324)|HEAP_ALLOCATE|[200]|Bytes:5
15:03:38.0 (32996626)|VARIABLE_ASSIGNMENT|[200]|this.selected|false|0x3dcf89d4
15:03:38.0 (33005040)|STATEMENT_EXECUTE|[205]
15:03:38.0 (33035101)|VARIABLE_ASSIGNMENT|[EXTERNAL]|this|{"selected":false}|0x3dcf89d4
15:03:38.0 (33048795)|VARIABLE_ASSIGNMENT|[EXTERNAL]|value|43200000
15:03:38.0 (33058286)|VARIABLE_ASSIGNMENT|[201]|this.t|43200000|0x3dcf89d4
15:03:38.0 (33071785)|CONSTRUCTOR_EXIT|[93]|01p0H000007gCe8|<init>(Boolean,Time)
15:03:38.0 (33085891)|HEAP_ALLOCATE|[EXTERNAL]|Bytes:4
15:03:38.0 (33092485)|STATEMENT_EXECUTE|[98]
15:03:38.0 (33131610)|VARIABLE_ASSIGNMENT|[EXTERNAL]|this|{"aptdum":"0x3643a8d2","Docdum":"0x5c1762a5","Docmap":"0x223e4a86","Initialselected":0,"Selecteddoc":"a260H000001koYjQAI","SelectedtimeSlot":60,"timelist":"0x3fff06d","timeset":"0x56a8cce7","timewraplist":"0x686ae838","timewraplistInitial":"0x414984a7"}|0x49ddc2f
15:03:38.0 (33150910)|HEAP_ALLOCATE|[EXTERNAL]|Bytes:4
15:03:38.0 (33167098)|HEAP_ALLOCATE|[101]|Bytes:28
15:03:38.0 (33171757)|HEAP_ALLOCATE|[101]|Bytes:28
15:03:38.0 (33200875)|STATEMENT_EXECUTE|[101]
15:03:38.0 (33202868)|STATEMENT_EXECUTE|[102]
15:03:38.0 (33219889)|USER_DEBUG|[102]|DEBUG|12:00:00.000Z
15:03:38.0 (33227747)|STATEMENT_EXECUTE|[103]
15:03:38.0 (33247704)|HEAP_ALLOCATE|[103]|Bytes:4
15:03:38.0 (33262502)|VARIABLE_ASSIGNMENT|[103]|t|45000000
15:03:38.0 (33267292)|STATEMENT_EXECUTE|[104]
15:03:38.0 (33273941)|HEAP_ALLOCATE|[104]|Bytes:28
15:03:38.0 (33292330)|HEAP_ALLOCATE|[104]|Bytes:28
15:03:38.0 (33305116)|VARIABLE_ASSIGNMENT|[104]|i1|0.5
15:03:38.0 (33309075)|STATEMENT_EXECUTE|[105]
15:03:38.0 (33344295)|VARIABLE_ASSIGNMENT|[EXTERNAL]|this|{"aptdum":"0x3643a8d2","Docdum":"0x5c1762a5","Docmap":"0x223e4a86","Initialselected":0,"Selecteddoc":"a260H000001koYjQAI","SelectedtimeSlot":60,"timelist":"0x3fff06d","timeset":"0x56a8cce7","timewraplist":"0x686ae838","timewraplistInitial":"0x414984a7"}|0x49ddc2f
15:03:38.0 (33363039)|HEAP_ALLOCATE|[EXTERNAL]|Bytes:4
15:03:38.0 (33391442)|STATEMENT_EXECUTE|[107]
15:03:38.0 (33393757)|STATEMENT_EXECUTE|[108]
15:03:38.0 (33425633)|VARIABLE_ASSIGNMENT|[EXTERNAL]|this|{"aptdum":"0x3643a8d2","Docdum":"0x5c1762a5","Docmap":"0x223e4a86","Initialselected":0,"Selecteddoc":"a260H000001koYjQAI","SelectedtimeSlot":60,"timelist":"0x3fff06d","timeset":"0x56a8cce7","timewraplist":"0x686ae838","timewraplistInitial":"0x414984a7"}|0x49ddc2f
15:03:38.0 (33439071)|HEAP_ALLOCATE|[108]|Bytes:12
15:03:38.0 (33451382)|CONSTRUCTOR_ENTRY|[108]|01p0H000007gCe8|<init>(Boolean,Time)
15:03:38.0 (33457132)|VARIABLE_SCOPE_BEGIN|[203]|this|docappcontroller.Wrapertimeslot|true|false
15:03:38.0 (33469805)|VARIABLE_ASSIGNMENT|[203]|this|{}|0x5a8c7b12
15:03:38.0 (33476018)|VARIABLE_SCOPE_BEGIN|[203]|selection|Boolean|false|false
15:03:38.0 (33483059)|VARIABLE_ASSIGNMENT|[203]|selection|false
15:03:38.0 (33486623)|VARIABLE_SCOPE_BEGIN|[203]|tm|Time|false|false
15:03:38.0 (33495289)|VARIABLE_ASSIGNMENT|[203]|tm|45000000
15:03:38.0 (33499699)|STATEMENT_EXECUTE|[199]
15:03:38.0 (33501241)|STATEMENT_EXECUTE|[200]
15:03:38.0 (33502908)|STATEMENT_EXECUTE|[201]
15:03:38.0 (33513405)|STATEMENT_EXECUTE|[203]
15:03:38.0 (33514951)|STATEMENT_EXECUTE|[204]
15:03:38.0 (33527965)|VARIABLE_ASSIGNMENT|[EXTERNAL]|this|{}|0x5a8c7b12
15:03:38.0 (33536930)|VARIABLE_ASSIGNMENT|[EXTERNAL]|value|false
15:03:38.0 (33542029)|HEAP_ALLOCATE|[200]|Bytes:5
15:03:38.0 (33548475)|VARIABLE_ASSIGNMENT|[200]|this.selected|false|0x5a8c7b12
15:03:38.0 (33555787)|STATEMENT_EXECUTE|[205]
15:03:38.0 (33567580)|VARIABLE_ASSIGNMENT|[EXTERNAL]|this|{"selected":false}|0x5a8c7b12
15:03:38.0 (33575949)|VARIABLE_ASSIGNMENT|[EXTERNAL]|value|45000000
15:03:38.0 (33582633)|VARIABLE_ASSIGNMENT|[201]|this.t|45000000|0x5a8c7b12
15:03:38.0 (33600374)|CONSTRUCTOR_EXIT|[108]|01p0H000007gCe8|<init>(Boolean,Time)
15:03:38.0 (33611660)|HEAP_ALLOCATE|[EXTERNAL]|Bytes:4
15:03:38.0 (33623651)|HEAP_ALLOCATE|[101]|Bytes:28
15:03:38.0 (33627584)|HEAP_ALLOCATE|[101]|Bytes:28
15:03:38.0 (33648298)|STATEMENT_EXECUTE|[101]
15:03:38.0 (33650049)|STATEMENT_EXECUTE|[102]
15:03:38.0 (33659396)|USER_DEBUG|[102]|DEBUG|12:30:00.000Z
15:03:38.0 (33666481)|STATEMENT_EXECUTE|[103]
15:03:38.0 (33679163)|HEAP_ALLOCATE|[103]|Bytes:4
15:03:38.0 (33699772)|VARIABLE_ASSIGNMENT|[103]|t|46800000
15:03:38.0 (33706960)|STATEMENT_EXECUTE|[104]
15:03:38.0 (33715046)|HEAP_ALLOCATE|[104]|Bytes:28
15:03:38.0 (33731170)|HEAP_ALLOCATE|[104]|Bytes:28
15:03:38.0 (33743388)|VARIABLE_ASSIGNMENT|[104]|i1|1.0
15:03:38.0 (33747417)|STATEMENT_EXECUTE|[105]
15:03:38.0 (33780112)|VARIABLE_ASSIGNMENT|[EXTERNAL]|this|{"aptdum":"0x3643a8d2","Docdum":"0x5c1762a5","Docmap":"0x223e4a86","Initialselected":0,"Selecteddoc":"a260H000001koYjQAI","SelectedtimeSlot":60,"timelist":"0x3fff06d","timeset":"0x56a8cce7","timewraplist":"0x686ae838","timewraplistInitial":"0x414984a7"}|0x49ddc2f
15:03:38.0 (33796029)|HEAP_ALLOCATE|[EXTERNAL]|Bytes:4
15:03:38.0 (33808306)|STATEMENT_EXECUTE|[107]
15:03:38.0 (33809884)|STATEMENT_EXECUTE|[108]
15:03:38.0 (33835468)|VARIABLE_ASSIGNMENT|[EXTERNAL]|this|{"aptdum":"0x3643a8d2","Docdum":"0x5c1762a5","Docmap":"0x223e4a86","Initialselected":0,"Selecteddoc":"a260H000001koYjQAI","SelectedtimeSlot":60,"timelist":"0x3fff06d","timeset":"0x56a8cce7","timewraplist":"0x686ae838","timewraplistInitial":"0x414984a7"}|0x49ddc2f
15:03:38.0 (33847968)|HEAP_ALLOCATE|[108]|Bytes:12
15:03:38.0 (33860057)|CONSTRUCTOR_ENTRY|[108]|01p0H000007gCe8|<init>(Boolean,Time)
15:03:38.0 (33865877)|VARIABLE_SCOPE_BEGIN|[203]|this|docappcontroller.Wrapertimeslot|true|false
15:03:38.0 (33877843)|VARIABLE_ASSIGNMENT|[203]|this|{}|0x2fccb8df
15:03:38.0 (33883793)|VARIABLE_SCOPE_BEGIN|[203]|selection|Boolean|false|false
15:03:38.0 (33891163)|VARIABLE_ASSIGNMENT|[203]|selection|false
15:03:38.0 (33894522)|VARIABLE_SCOPE_BEGIN|[203]|tm|Time|false|false
15:03:38.0 (33902235)|VARIABLE_ASSIGNMENT|[203]|tm|46800000
15:03:38.0 (33906715)|STATEMENT_EXECUTE|[199]
15:03:38.0 (33908248)|STATEMENT_EXECUTE|[200]
15:03:38.0 (33909692)|STATEMENT_EXECUTE|[201]
15:03:38.0 (33919412)|STATEMENT_EXECUTE|[203]
15:03:38.0 (33920893)|STATEMENT_EXECUTE|[204]
15:03:38.0 (33931484)|VARIABLE_ASSIGNMENT|[EXTERNAL]|this|{}|0x2fccb8df
15:03:38.0 (33939512)|VARIABLE_ASSIGNMENT|[EXTERNAL]|value|false
15:03:38.0 (33944351)|HEAP_ALLOCATE|[200]|Bytes:5
15:03:38.0 (33950577)|VARIABLE_ASSIGNMENT|[200]|this.selected|false|0x2fccb8df
15:03:38.0 (33957897)|STATEMENT_EXECUTE|[205]
15:03:38.0 (33969283)|VARIABLE_ASSIGNMENT|[EXTERNAL]|this|{"selected":false}|0x2fccb8df
15:03:38.0 (33977527)|VARIABLE_ASSIGNMENT|[EXTERNAL]|value|46800000
15:03:38.0 (33984401)|VARIABLE_ASSIGNMENT|[201]|this.t|46800000|0x2fccb8df
15:03:38.0 (33996967)|CONSTRUCTOR_EXIT|[108]|01p0H000007gCe8|<init>(Boolean,Time)
15:03:38.0 (34006298)|HEAP_ALLOCATE|[EXTERNAL]|Bytes:4
15:03:38.0 (34018504)|HEAP_ALLOCATE|[101]|Bytes:28
15:03:38.0 (34022299)|HEAP_ALLOCATE|[101]|Bytes:28
15:03:38.0 (34039337)|STATEMENT_EXECUTE|[101]
15:03:38.0 (34041054)|STATEMENT_EXECUTE|[102]
15:03:38.0 (34049859)|USER_DEBUG|[102]|DEBUG|13:00:00.000Z
15:03:38.0 (34056145)|STATEMENT_EXECUTE|[103]
15:03:38.0 (34065222)|HEAP_ALLOCATE|[103]|Bytes:4
15:03:38.0 (34077741)|VARIABLE_ASSIGNMENT|[103]|t|48600000
15:03:38.0 (34081823)|STATEMENT_EXECUTE|[104]
15:03:38.0 (34086999)|HEAP_ALLOCATE|[104]|Bytes:28
15:03:38.0 (34098958)|HEAP_ALLOCATE|[104]|Bytes:28
15:03:38.0 (34110359)|VARIABLE_ASSIGNMENT|[104]|i1|1.5
15:03:38.0 (34114195)|STATEMENT_EXECUTE|[105]
15:03:38.0 (34144419)|VARIABLE_ASSIGNMENT|[EXTERNAL]|this|{"aptdum":"0x3643a8d2","Docdum":"0x5c1762a5","Docmap":"0x223e4a86","Initialselected":0,"Selecteddoc":"a260H000001koYjQAI","SelectedtimeSlot":60,"timelist":"0x3fff06d","timeset":"0x56a8cce7","timewraplist":"0x686ae838","timewraplistInitial":"0x414984a7"}|0x49ddc2f
15:03:38.0 (34159068)|HEAP_ALLOCATE|[EXTERNAL]|Bytes:4
15:03:38.0 (34170952)|STATEMENT_EXECUTE|[107]
15:03:38.0 (34172697)|STATEMENT_EXECUTE|[108]
15:03:38.0 (34197290)|VARIABLE_ASSIGNMENT|[EXTERNAL]|this|{"aptdum":"0x3643a8d2","Docdum":"0x5c1762a5","Docmap":"0x223e4a86","Initialselected":0,"Selecteddoc":"a260H000001koYjQAI","SelectedtimeSlot":60,"timelist":"0x3fff06d","timeset":"0x56a8cce7","timewraplist":"0x686ae838","timewraplistInitial":"0x414984a7"}|0x49ddc2f
15:03:38.0 (34209302)|HEAP_ALLOCATE|[108]|Bytes:12
15:03:38.0 (34219715)|CONSTRUCTOR_ENTRY|[108]|01p0H000007gCe8|<init>(Boolean,Time)
15:03:38.0 (34225249)|VARIABLE_SCOPE_BEGIN|[203]|this|docappcontroller.Wrapertimeslot|true|false
15:03:38.0 (34236708)|VARIABLE_ASSIGNMENT|[203]|this|{}|0x44c673a4
15:03:38.0 (34243026)|VARIABLE_SCOPE_BEGIN|[203]|selection|Boolean|false|false
15:03:38.0 (34250416)|VARIABLE_ASSIGNMENT|[203]|selection|false
15:03:38.0 (34253691)|VARIABLE_SCOPE_BEGIN|[203]|tm|Time|false|false
15:03:38.0 (34261338)|VARIABLE_ASSIGNMENT|[203]|tm|48600000
15:03:38.0 (34265392)|STATEMENT_EXECUTE|[199]
15:03:38.0 (34266871)|STATEMENT_EXECUTE|[200]
15:03:38.0 (34268343)|STATEMENT_EXECUTE|[201]
15:03:38.0 (34276919)|STATEMENT_EXECUTE|[203]
15:03:38.0 (34278524)|STATEMENT_EXECUTE|[204]
15:03:38.0 (34288763)|VARIABLE_ASSIGNMENT|[EXTERNAL]|this|{}|0x44c673a4
15:03:38.0 (34296514)|VARIABLE_ASSIGNMENT|[EXTERNAL]|value|false
15:03:38.0 (34301495)|HEAP_ALLOCATE|[200]|Bytes:5
15:03:38.0 (34307841)|VARIABLE_ASSIGNMENT|[200]|this.selected|false|0x44c673a4
15:03:38.0 (34315555)|STATEMENT_EXECUTE|[205]
15:03:38.0 (34326318)|VARIABLE_ASSIGNMENT|[EXTERNAL]|this|{"selected":false}|0x44c673a4
15:03:38.0 (34334342)|VARIABLE_ASSIGNMENT|[EXTERNAL]|value|48600000
15:03:38.0 (34340919)|VARIABLE_ASSIGNMENT|[201]|this.t|48600000|0x44c673a4
15:03:38.0 (34352926)|CONSTRUCTOR_EXIT|[108]|01p0H000007gCe8|<init>(Boolean,Time)
15:03:38.0 (34361853)|HEAP_ALLOCATE|[EXTERNAL]|Bytes:4
15:03:38.0 (34372700)|HEAP_ALLOCATE|[101]|Bytes:28
15:03:38.0 (34376238)|HEAP_ALLOCATE|[101]|Bytes:28
15:03:38.0 (34392436)|STATEMENT_EXECUTE|[101]
15:03:38.0 (34394101)|STATEMENT_EXECUTE|[102]
15:03:38.0 (34402606)|USER_DEBUG|[102]|DEBUG|13:30:00.000Z
15:03:38.0 (34408996)|STATEMENT_EXECUTE|[103]
15:03:38.0 (34417423)|HEAP_ALLOCATE|[103]|Bytes:4
15:03:38.0 (34430237)|VARIABLE_ASSIGNMENT|[103]|t|50400000
15:03:38.0 (34434090)|STATEMENT_EXECUTE|[104]
15:03:38.0 (34439355)|HEAP_ALLOCATE|[104]|Bytes:28
15:03:38.0 (34450881)|HEAP_ALLOCATE|[104]|Bytes:28
15:03:38.0 (34461675)|VARIABLE_ASSIGNMENT|[104]|i1|2.0
15:03:38.0 (34465383)|STATEMENT_EXECUTE|[105]
15:03:38.0 (34493895)|VARIABLE_ASSIGNMENT|[EXTERNAL]|this|{"aptdum":"0x3643a8d2","Docdum":"0x5c1762a5","Docmap":"0x223e4a86","Initialselected":0,"Selecteddoc":"a260H000001koYjQAI","SelectedtimeSlot":60,"timelist":"0x3fff06d","timeset":"0x56a8cce7","timewraplist":"0x686ae838","timewraplistInitial":"0x414984a7"}|0x49ddc2f
15:03:38.0 (34508669)|HEAP_ALLOCATE|[EXTERNAL]|Bytes:4
15:03:38.0 (34520910)|STATEMENT_EXECUTE|[107]
15:03:38.0 (34523109)|STATEMENT_EXECUTE|[108]
15:03:38.0 (34549155)|VARIABLE_ASSIGNMENT|[EXTERNAL]|this|{"aptdum":"0x3643a8d2","Docdum":"0x5c1762a5","Docmap":"0x223e4a86","Initialselected":0,"Selecteddoc":"a260H000001koYjQAI","SelectedtimeSlot":60,"timelist":"0x3fff06d","timeset":"0x56a8cce7","timewraplist":"0x686ae838","timewraplistInitial":"0x414984a7"}|0x49ddc2f
15:03:38.0 (34560647)|HEAP_ALLOCATE|[108]|Bytes:12
15:03:38.0 (34571075)|CONSTRUCTOR_ENTRY|[108]|01p0H000007gCe8|<init>(Boolean,Time)
15:03:38.0 (34576421)|VARIABLE_SCOPE_BEGIN|[203]|this|docappcontroller.Wrapertimeslot|true|false
15:03:38.0 (34587862)|VARIABLE_ASSIGNMENT|[203]|this|{}|0x6f9cfefc
15:03:38.0 (34598371)|VARIABLE_SCOPE_BEGIN|[203]|selection|Boolean|false|false
15:03:38.0 (34605745)|VARIABLE_ASSIGNMENT|[203]|selection|false
15:03:38.0 (34609199)|VARIABLE_SCOPE_BEGIN|[203]|tm|Time|false|false
15:03:38.0 (34616636)|VARIABLE_ASSIGNMENT|[203]|tm|50400000
15:03:38.0 (34621025)|STATEMENT_EXECUTE|[199]
15:03:38.0 (34622867)|STATEMENT_EXECUTE|[200]
15:03:38.0 (34624545)|STATEMENT_EXECUTE|[201]
15:03:38.0 (34633239)|STATEMENT_EXECUTE|[203]
15:03:38.0 (34634766)|STATEMENT_EXECUTE|[204]
15:03:38.0 (34645234)|VARIABLE_ASSIGNMENT|[EXTERNAL]|this|{}|0x6f9cfefc
15:03:38.0 (34653947)|VARIABLE_ASSIGNMENT|[EXTERNAL]|value|false
15:03:38.0 (34658824)|HEAP_ALLOCATE|[200]|Bytes:5
15:03:38.0 (34665059)|VARIABLE_ASSIGNMENT|[200]|this.selected|false|0x6f9cfefc
15:03:38.0 (34671538)|STATEMENT_EXECUTE|[205]
15:03:38.0 (34682602)|VARIABLE_ASSIGNMENT|[EXTERNAL]|this|{"selected":false}|0x6f9cfefc
15:03:38.0 (34690850)|VARIABLE_ASSIGNMENT|[EXTERNAL]|value|50400000
15:03:38.0 (34697928)|VARIABLE_ASSIGNMENT|[201]|this.t|50400000|0x6f9cfefc
15:03:38.0 (34710229)|CONSTRUCTOR_EXIT|[108]|01p0H000007gCe8|<init>(Boolean,Time)
15:03:38.0 (34718543)|HEAP_ALLOCATE|[EXTERNAL]|Bytes:4
15:03:38.0 (34729037)|HEAP_ALLOCATE|[101]|Bytes:28
15:03:38.0 (34732565)|HEAP_ALLOCATE|[101]|Bytes:28
15:03:38.0 (34750241)|STATEMENT_EXECUTE|[101]
15:03:38.0 (34751880)|STATEMENT_EXECUTE|[102]
15:03:38.0 (34760232)|USER_DEBUG|[102]|DEBUG|14:00:00.000Z
15:03:38.0 (34766681)|STATEMENT_EXECUTE|[103]
15:03:38.0 (34775048)|HEAP_ALLOCATE|[103]|Bytes:4
15:03:38.0 (34787681)|VARIABLE_ASSIGNMENT|[103]|t|52200000
15:03:38.0 (34792203)|STATEMENT_EXECUTE|[104]
15:03:38.0 (34797234)|HEAP_ALLOCATE|[104]|Bytes:28
15:03:38.0 (34809030)|HEAP_ALLOCATE|[104]|Bytes:28
15:03:38.0 (34820282)|VARIABLE_ASSIGNMENT|[104]|i1|2.5
15:03:38.0 (34824260)|STATEMENT_EXECUTE|[105]
15:03:38.0 (34852479)|VARIABLE_ASSIGNMENT|[EXTERNAL]|this|{"aptdum":"0x3643a8d2","Docdum":"0x5c1762a5","Docmap":"0x223e4a86","Initialselected":0,"Selecteddoc":"a260H000001koYjQAI","SelectedtimeSlot":60,"timelist":"0x3fff06d","timeset":"0x56a8cce7","timewraplist":"0x686ae838","timewraplistInitial":"0x414984a7"}|0x49ddc2f
15:03:38.0 (34866538)|HEAP_ALLOCATE|[EXTERNAL]|Bytes:4
15:03:38.0 (34877781)|STATEMENT_EXECUTE|[107]
15:03:38.0 (34879361)|STATEMENT_EXECUTE|[108]
15:03:38.0 (34903776)|VARIABLE_ASSIGNMENT|[EXTERNAL]|this|{"aptdum":"0x3643a8d2","Docdum":"0x5c1762a5","Docmap":"0x223e4a86","Initialselected":0,"Selecteddoc":"a260H000001koYjQAI","SelectedtimeSlot":60,"timelist":"0x3fff06d","timeset":"0x56a8cce7","timewraplist":"0x686ae838","timewraplistInitial":"0x414984a7"}|0x49ddc2f
15:03:38.0 (34915544)|HEAP_ALLOCATE|[108]|Bytes:12
15:03:38.0 (34925501)|CONSTRUCTOR_ENTRY|[108]|01p0H000007gCe8|<init>(Boolean,Time)
15:03:38.0 (34930955)|VARIABLE_SCOPE_BEGIN|[203]|this|docappcontroller.Wrapertimeslot|true|false
15:03:38.0 (34942993)|VARIABLE_ASSIGNMENT|[203]|this|{}|0x48ae568f
15:03:38.0 (34948539)|VARIABLE_SCOPE_BEGIN|[203]|selection|Boolean|false|false
15:03:38.0 (34955574)|VARIABLE_ASSIGNMENT|[203]|selection|false
15:03:38.0 (34958954)|VARIABLE_SCOPE_BEGIN|[203]|tm|Time|false|false
15:03:38.0 (34966186)|VARIABLE_ASSIGNMENT|[203]|tm|52200000
15:03:38.0 (34970475)|STATEMENT_EXECUTE|[199]
15:03:38.0 (34971977)|STATEMENT_EXECUTE|[200]
15:03:38.0 (34973422)|STATEMENT_EXECUTE|[201]
15:03:38.0 (34981917)|STATEMENT_EXECUTE|[203]
15:03:38.0 (34983415)|STATEMENT_EXECUTE|[204]
15:03:38.0 (34993797)|VARIABLE_ASSIGNMENT|[EXTERNAL]|this|{}|0x48ae568f
15:03:38.0 (35002238)|VARIABLE_ASSIGNMENT|[EXTERNAL]|value|false
15:03:38.0 (35008270)|HEAP_ALLOCATE|[200]|Bytes:5
15:03:38.0 (35014022)|VARIABLE_ASSIGNMENT|[200]|this.selected|false|0x48ae568f
15:03:38.0 (35020596)|STATEMENT_EXECUTE|[205]
15:03:38.0 (35031600)|VARIABLE_ASSIGNMENT|[EXTERNAL]|this|{"selected":false}|0x48ae568f
15:03:38.0 (35039737)|VARIABLE_ASSIGNMENT|[EXTERNAL]|value|52200000
15:03:38.0 (35046635)|VARIABLE_ASSIGNMENT|[201]|this.t|52200000|0x48ae568f
15:03:38.0 (35059072)|CONSTRUCTOR_EXIT|[108]|01p0H000007gCe8|<init>(Boolean,Time)
15:03:38.0 (35067737)|HEAP_ALLOCATE|[EXTERNAL]|Bytes:4
15:03:38.0 (35078293)|HEAP_ALLOCATE|[101]|Bytes:28
15:03:38.0 (35081644)|HEAP_ALLOCATE|[101]|Bytes:28
15:03:38.0 (35098142)|STATEMENT_EXECUTE|[101]
15:03:38.0 (35100122)|STATEMENT_EXECUTE|[102]
15:03:38.0 (35107918)|USER_DEBUG|[102]|DEBUG|14:30:00.000Z
15:03:38.0 (35114087)|STATEMENT_EXECUTE|[103]
15:03:38.0 (35122660)|HEAP_ALLOCATE|[103]|Bytes:4
15:03:38.0 (35135241)|VARIABLE_ASSIGNMENT|[103]|t|54000000
15:03:38.0 (35139501)|STATEMENT_EXECUTE|[104]
15:03:38.0 (35144440)|HEAP_ALLOCATE|[104]|Bytes:28
15:03:38.0 (35156202)|HEAP_ALLOCATE|[104]|Bytes:28
15:03:38.0 (35167624)|VARIABLE_ASSIGNMENT|[104]|i1|3.0
15:03:38.0 (35171928)|STATEMENT_EXECUTE|[105]
15:03:38.0 (35200894)|VARIABLE_ASSIGNMENT|[EXTERNAL]|this|{"aptdum":"0x3643a8d2","Docdum":"0x5c1762a5","Docmap":"0x223e4a86","Initialselected":0,"Selecteddoc":"a260H000001koYjQAI","SelectedtimeSlot":60,"timelist":"0x3fff06d","timeset":"0x56a8cce7","timewraplist":"0x686ae838","timewraplistInitial":"0x414984a7"}|0x49ddc2f
15:03:38.0 (35215261)|HEAP_ALLOCATE|[EXTERNAL]|Bytes:4
15:03:38.0 (35241693)|STATEMENT_EXECUTE|[109]
15:03:38.0 (35243503)|STATEMENT_EXECUTE|[110]
15:03:38.0 (35279678)|VARIABLE_ASSIGNMENT|[EXTERNAL]|this|{"aptdum":"0x3643a8d2","Docdum":"0x5c1762a5","Docmap":"0x223e4a86","Initialselected":0,"Selecteddoc":"a260H000001koYjQAI","SelectedtimeSlot":60,"timelist":"0x3fff06d","timeset":"0x56a8cce7","timewraplist":"0x686ae838","timewraplistInitial":"0x414984a7"}|0x49ddc2f
15:03:38.0 (35292766)|HEAP_ALLOCATE|[110]|Bytes:12
15:03:38.0 (35304927)|CONSTRUCTOR_ENTRY|[110]|01p0H000007gCe8|<init>(Boolean,Time)
15:03:38.0 (35310195)|VARIABLE_SCOPE_BEGIN|[203]|this|docappcontroller.Wrapertimeslot|true|false
15:03:38.0 (35322673)|VARIABLE_ASSIGNMENT|[203]|this|{}|0x5a6fc04b
15:03:38.0 (35328750)|VARIABLE_SCOPE_BEGIN|[203]|selection|Boolean|false|false
15:03:38.0 (35335557)|VARIABLE_ASSIGNMENT|[203]|selection|true
15:03:38.0 (35339196)|VARIABLE_SCOPE_BEGIN|[203]|tm|Time|false|false
15:03:38.0 (35347086)|VARIABLE_ASSIGNMENT|[203]|tm|54000000
15:03:38.0 (35351974)|STATEMENT_EXECUTE|[199]
15:03:38.0 (35353527)|STATEMENT_EXECUTE|[200]
15:03:38.0 (35354999)|STATEMENT_EXECUTE|[201]
15:03:38.0 (35363762)|STATEMENT_EXECUTE|[203]
15:03:38.0 (35365257)|STATEMENT_EXECUTE|[204]
15:03:38.0 (35375430)|VARIABLE_ASSIGNMENT|[EXTERNAL]|this|{}|0x5a6fc04b
15:03:38.0 (35383517)|VARIABLE_ASSIGNMENT|[EXTERNAL]|value|true
15:03:38.0 (35388919)|HEAP_ALLOCATE|[200]|Bytes:5
15:03:38.0 (35394767)|VARIABLE_ASSIGNMENT|[200]|this.selected|true|0x5a6fc04b
15:03:38.0 (35401995)|STATEMENT_EXECUTE|[205]
15:03:38.0 (35412865)|VARIABLE_ASSIGNMENT|[EXTERNAL]|this|{"selected":true}|0x5a6fc04b
15:03:38.0 (35420995)|VARIABLE_ASSIGNMENT|[EXTERNAL]|value|54000000
15:03:38.0 (35427806)|VARIABLE_ASSIGNMENT|[201]|this.t|54000000|0x5a6fc04b
15:03:38.0 (35439786)|CONSTRUCTOR_EXIT|[110]|01p0H000007gCe8|<init>(Boolean,Time)
15:03:38.0 (35450913)|HEAP_ALLOCATE|[EXTERNAL]|Bytes:4
15:03:38.0 (35456619)|STATEMENT_EXECUTE|[111]
15:03:38.0 (35461963)|HEAP_ALLOCATE|[111]|Bytes:4
15:03:38.0 (35469146)|VARIABLE_ASSIGNMENT|[111]|this.Initialselected|1|0x49ddc2f
15:03:38.0 (35479867)|HEAP_ALLOCATE|[101]|Bytes:28
15:03:38.0 (35483540)|HEAP_ALLOCATE|[101]|Bytes:28
15:03:38.0 (35502104)|STATEMENT_EXECUTE|[101]
15:03:38.0 (35503742)|STATEMENT_EXECUTE|[102]
15:03:38.0 (35512630)|USER_DEBUG|[102]|DEBUG|15:00:00.000Z
15:03:38.0 (35519067)|STATEMENT_EXECUTE|[103]
15:03:38.0 (35529673)|HEAP_ALLOCATE|[103]|Bytes:4
15:03:38.0 (35542906)|VARIABLE_ASSIGNMENT|[103]|t|55800000
15:03:38.0 (35547141)|STATEMENT_EXECUTE|[104]
15:03:38.0 (35552455)|HEAP_ALLOCATE|[104]|Bytes:28
15:03:38.0 (35564025)|HEAP_ALLOCATE|[104]|Bytes:28
15:03:38.0 (35575029)|VARIABLE_ASSIGNMENT|[104]|i1|3.5
15:03:38.0 (35578878)|STATEMENT_EXECUTE|[105]
15:03:38.0 (35613110)|VARIABLE_ASSIGNMENT|[EXTERNAL]|this|{"aptdum":"0x3643a8d2","Docdum":"0x5c1762a5","Docmap":"0x223e4a86","Initialselected":1,"Selecteddoc":"a260H000001koYjQAI","SelectedtimeSlot":60,"timelist":"0x3fff06d","timeset":"0x56a8cce7","timewraplist":"0x686ae838","timewraplistInitial":"0x414984a7"}|0x49ddc2f
15:03:38.0 (35628402)|HEAP_ALLOCATE|[EXTERNAL]|Bytes:4
15:03:38.0 (35640655)|STATEMENT_EXECUTE|[109]
15:03:38.0 (35642312)|STATEMENT_EXECUTE|[110]
15:03:38.0 (35667554)|VARIABLE_ASSIGNMENT|[EXTERNAL]|this|{"aptdum":"0x3643a8d2","Docdum":"0x5c1762a5","Docmap":"0x223e4a86","Initialselected":1,"Selecteddoc":"a260H000001koYjQAI","SelectedtimeSlot":60,"timelist":"0x3fff06d","timeset":"0x56a8cce7","timewraplist":"0x686ae838","timewraplistInitial":"0x414984a7"}|0x49ddc2f
15:03:38.0 (35679423)|HEAP_ALLOCATE|[110]|Bytes:12
15:03:38.0 (35689951)|CONSTRUCTOR_ENTRY|[110]|01p0H000007gCe8|<init>(Boolean,Time)
15:03:38.0 (35695247)|VARIABLE_SCOPE_BEGIN|[203]|this|docappcontroller.Wrapertimeslot|true|false
15:03:38.0 (35707142)|VARIABLE_ASSIGNMENT|[203]|this|{}|0x7940f0c7
15:03:38.0 (35713208)|VARIABLE_SCOPE_BEGIN|[203]|selection|Boolean|false|false
15:03:38.0 (35720836)|VARIABLE_ASSIGNMENT|[203]|selection|true
15:03:38.0 (35724679)|VARIABLE_SCOPE_BEGIN|[203]|tm|Time|false|false
15:03:38.0 (35732019)|VARIABLE_ASSIGNMENT|[203]|tm|55800000
15:03:38.0 (35736221)|STATEMENT_EXECUTE|[199]
15:03:38.0 (35737774)|STATEMENT_EXECUTE|[200]
15:03:38.0 (35739221)|STATEMENT_EXECUTE|[201]
15:03:38.0 (35747970)|STATEMENT_EXECUTE|[203]
15:03:38.0 (35749444)|STATEMENT_EXECUTE|[204]
15:03:38.0 (35759723)|VARIABLE_ASSIGNMENT|[EXTERNAL]|this|{}|0x7940f0c7
15:03:38.0 (35768184)|VARIABLE_ASSIGNMENT|[EXTERNAL]|value|true
15:03:38.0 (35772897)|HEAP_ALLOCATE|[200]|Bytes:5
15:03:38.0 (35778784)|VARIABLE_ASSIGNMENT|[200]|this.selected|true|0x7940f0c7
15:03:38.0 (35785359)|STATEMENT_EXECUTE|[205]
15:03:38.0 (35796009)|VARIABLE_ASSIGNMENT|[EXTERNAL]|this|{"selected":true}|0x7940f0c7
15:03:38.0 (35804305)|VARIABLE_ASSIGNMENT|[EXTERNAL]|value|55800000
15:03:38.0 (35811268)|VARIABLE_ASSIGNMENT|[201]|this.t|55800000|0x7940f0c7
15:03:38.0 (35823756)|CONSTRUCTOR_EXIT|[110]|01p0H000007gCe8|<init>(Boolean,Time)
15:03:38.0 (35832948)|HEAP_ALLOCATE|[EXTERNAL]|Bytes:4
15:03:38.0 (35838560)|STATEMENT_EXECUTE|[111]
15:03:38.0 (35842142)|HEAP_ALLOCATE|[111]|Bytes:4
15:03:38.0 (35848575)|VARIABLE_ASSIGNMENT|[111]|this.Initialselected|2|0x49ddc2f
15:03:38.0 (35858204)|HEAP_ALLOCATE|[101]|Bytes:28
15:03:38.0 (35861585)|HEAP_ALLOCATE|[101]|Bytes:28
15:03:38.0 (35879340)|STATEMENT_EXECUTE|[101]
15:03:38.0 (35881071)|STATEMENT_EXECUTE|[102]
15:03:38.0 (35889404)|USER_DEBUG|[102]|DEBUG|15:30:00.000Z
15:03:38.0 (35895720)|STATEMENT_EXECUTE|[103]
15:03:38.0 (35904325)|HEAP_ALLOCATE|[103]|Bytes:4
15:03:38.0 (35916589)|VARIABLE_ASSIGNMENT|[103]|t|57600000
15:03:38.0 (35920403)|STATEMENT_EXECUTE|[104]
15:03:38.0 (35925476)|HEAP_ALLOCATE|[104]|Bytes:28
15:03:38.0 (35937175)|HEAP_ALLOCATE|[104]|Bytes:28
15:03:38.0 (35947540)|VARIABLE_ASSIGNMENT|[104]|i1|4.0
15:03:38.0 (35951176)|STATEMENT_EXECUTE|[105]
15:03:38.0 (35980023)|VARIABLE_ASSIGNMENT|[EXTERNAL]|this|{"aptdum":"0x3643a8d2","Docdum":"0x5c1762a5","Docmap":"0x223e4a86","Initialselected":2,"Selecteddoc":"a260H000001koYjQAI","SelectedtimeSlot":60,"timelist":"0x3fff06d","timeset":"0x56a8cce7","timewraplist":"0x686ae838","timewraplistInitial":"0x414984a7"}|0x49ddc2f
15:03:38.0 (35995049)|HEAP_ALLOCATE|[EXTERNAL]|Bytes:4
15:03:38.0 (36006908)|STATEMENT_EXECUTE|[109]
15:03:38.0 (36008954)|STATEMENT_EXECUTE|[110]
15:03:38.0 (36033645)|VARIABLE_ASSIGNMENT|[EXTERNAL]|this|{"aptdum":"0x3643a8d2","Docdum":"0x5c1762a5","Docmap":"0x223e4a86","Initialselected":2,"Selecteddoc":"a260H000001koYjQAI","SelectedtimeSlot":60,"timelist":"0x3fff06d","timeset":"0x56a8cce7","timewraplist":"0x686ae838","timewraplistInitial":"0x414984a7"}|0x49ddc2f
15:03:38.0 (36046055)|HEAP_ALLOCATE|[110]|Bytes:12
15:03:38.0 (36055939)|CONSTRUCTOR_ENTRY|[110]|01p0H000007gCe8|<init>(Boolean,Time)
15:03:38.0 (36061156)|VARIABLE_SCOPE_BEGIN|[203]|this|docappcontroller.Wrapertimeslot|true|false
15:03:38.0 (36072670)|VARIABLE_ASSIGNMENT|[203]|this|{}|0x4fe8caf2
15:03:38.0 (36078895)|VARIABLE_SCOPE_BEGIN|[203]|selection|Boolean|false|false
15:03:38.0 (36086019)|VARIABLE_ASSIGNMENT|[203]|selection|true
15:03:38.0 (36089573)|VARIABLE_SCOPE_BEGIN|[203]|tm|Time|false|false
15:03:38.0 (36097656)|VARIABLE_ASSIGNMENT|[203]|tm|57600000
15:03:38.0 (36102082)|STATEMENT_EXECUTE|[199]
15:03:38.0 (36103607)|STATEMENT_EXECUTE|[200]
15:03:38.0 (36105076)|STATEMENT_EXECUTE|[201]
15:03:38.0 (36113439)|STATEMENT_EXECUTE|[203]
15:03:38.0 (36115060)|STATEMENT_EXECUTE|[204]
15:03:38.0 (36125318)|VARIABLE_ASSIGNMENT|[EXTERNAL]|this|{}|0x4fe8caf2
15:03:38.0 (36133276)|VARIABLE_ASSIGNMENT|[EXTERNAL]|value|true
15:03:38.0 (36138117)|HEAP_ALLOCATE|[200]|Bytes:5
15:03:38.0 (36143962)|VARIABLE_ASSIGNMENT|[200]|this.selected|true|0x4fe8caf2
15:03:38.0 (36150997)|STATEMENT_EXECUTE|[205]
15:03:38.0 (36161833)|VARIABLE_ASSIGNMENT|[EXTERNAL]|this|{"selected":true}|0x4fe8caf2
15:03:38.0 (36169819)|VARIABLE_ASSIGNMENT|[EXTERNAL]|value|57600000
15:03:38.0 (36176385)|VARIABLE_ASSIGNMENT|[201]|this.t|57600000|0x4fe8caf2
15:03:38.0 (36188335)|CONSTRUCTOR_EXIT|[110]|01p0H000007gCe8|<init>(Boolean,Time)
15:03:38.0 (36197179)|HEAP_ALLOCATE|[EXTERNAL]|Bytes:4
15:03:38.0 (36202594)|STATEMENT_EXECUTE|[111]
15:03:38.0 (36205836)|HEAP_ALLOCATE|[111]|Bytes:4
15:03:38.0 (36212428)|VARIABLE_ASSIGNMENT|[111]|this.Initialselected|3|0x49ddc2f
15:03:38.0 (36222930)|HEAP_ALLOCATE|[101]|Bytes:28
15:03:38.0 (36226403)|HEAP_ALLOCATE|[101]|Bytes:28
15:03:38.0 (36244454)|STATEMENT_EXECUTE|[101]
15:03:38.0 (36246190)|STATEMENT_EXECUTE|[102]
15:03:38.0 (36254296)|USER_DEBUG|[102]|DEBUG|16:00:00.000Z
15:03:38.0 (36260696)|STATEMENT_EXECUTE|[103]
15:03:38.0 (36268951)|HEAP_ALLOCATE|[103]|Bytes:4
15:03:38.0 (36281780)|VARIABLE_ASSIGNMENT|[103]|t|59400000
15:03:38.0 (36286066)|STATEMENT_EXECUTE|[104]
15:03:38.0 (36291053)|HEAP_ALLOCATE|[104]|Bytes:28
15:03:38.0 (36303040)|HEAP_ALLOCATE|[104]|Bytes:28
15:03:38.0 (36313738)|VARIABLE_ASSIGNMENT|[104]|i1|4.5
15:03:38.0 (36317629)|STATEMENT_EXECUTE|[105]
15:03:38.0 (36346242)|VARIABLE_ASSIGNMENT|[EXTERNAL]|this|{"aptdum":"0x3643a8d2","Docdum":"0x5c1762a5","Docmap":"0x223e4a86","Initialselected":3,"Selecteddoc":"a260H000001koYjQAI","SelectedtimeSlot":60,"timelist":"0x3fff06d","timeset":"0x56a8cce7","timewraplist":"0x686ae838","timewraplistInitial":"0x414984a7"}|0x49ddc2f
15:03:38.0 (36360864)|HEAP_ALLOCATE|[EXTERNAL]|Bytes:4
15:03:38.0 (36375747)|STATEMENT_EXECUTE|[109]
15:03:38.0 (36377389)|STATEMENT_EXECUTE|[110]
15:03:38.0 (36402510)|VARIABLE_ASSIGNMENT|[EXTERNAL]|this|{"aptdum":"0x3643a8d2","Docdum":"0x5c1762a5","Docmap":"0x223e4a86","Initialselected":3,"Selecteddoc":"a260H000001koYjQAI","SelectedtimeSlot":60,"timelist":"0x3fff06d","timeset":"0x56a8cce7","timewraplist":"0x686ae838","timewraplistInitial":"0x414984a7"}|0x49ddc2f
15:03:38.0 (36414171)|HEAP_ALLOCATE|[110]|Bytes:12
15:03:38.0 (36424531)|CONSTRUCTOR_ENTRY|[110]|01p0H000007gCe8|<init>(Boolean,Time)
15:03:38.0 (36430291)|VARIABLE_SCOPE_BEGIN|[203]|this|docappcontroller.Wrapertimeslot|true|false
15:03:38.0 (36442154)|VARIABLE_ASSIGNMENT|[203]|this|{}|0x457f620e
15:03:38.0 (36448236)|VARIABLE_SCOPE_BEGIN|[203]|selection|Boolean|false|false
15:03:38.0 (36455349)|VARIABLE_ASSIGNMENT|[203]|selection|true
15:03:38.0 (36458822)|VARIABLE_SCOPE_BEGIN|[203]|tm|Time|false|false
15:03:38.0 (36466288)|VARIABLE_ASSIGNMENT|[203]|tm|59400000
15:03:38.0 (36470619)|STATEMENT_EXECUTE|[199]
15:03:38.0 (36472609)|STATEMENT_EXECUTE|[200]
15:03:38.0 (36474186)|STATEMENT_EXECUTE|[201]
15:03:38.0 (36482281)|STATEMENT_EXECUTE|[203]
15:03:38.0 (36483767)|STATEMENT_EXECUTE|[204]
15:03:38.0 (36493960)|VARIABLE_ASSIGNMENT|[EXTERNAL]|this|{}|0x457f620e
15:03:38.0 (36502573)|VARIABLE_ASSIGNMENT|[EXTERNAL]|value|true
15:03:38.0 (36507933)|HEAP_ALLOCATE|[200]|Bytes:5
15:03:38.0 (36513943)|VARIABLE_ASSIGNMENT|[200]|this.selected|true|0x457f620e
15:03:38.0 (36521358)|STATEMENT_EXECUTE|[205]
15:03:38.0 (36533403)|VARIABLE_ASSIGNMENT|[EXTERNAL]|this|{"selected":true}|0x457f620e
15:03:38.0 (36541950)|VARIABLE_ASSIGNMENT|[EXTERNAL]|value|59400000
15:03:38.0 (36548840)|VARIABLE_ASSIGNMENT|[201]|this.t|59400000|0x457f620e
15:03:38.0 (36561716)|CONSTRUCTOR_EXIT|[110]|01p0H000007gCe8|<init>(Boolean,Time)
15:03:38.0 (36570453)|HEAP_ALLOCATE|[EXTERNAL]|Bytes:4
15:03:38.0 (36575992)|STATEMENT_EXECUTE|[111]
15:03:38.0 (36579446)|HEAP_ALLOCATE|[111]|Bytes:4
15:03:38.0 (36585784)|VARIABLE_ASSIGNMENT|[111]|this.Initialselected|4|0x49ddc2f
15:03:38.0 (36599991)|HEAP_ALLOCATE|[101]|Bytes:28
15:03:38.0 (36603626)|HEAP_ALLOCATE|[101]|Bytes:28
15:03:38.0 (36622125)|STATEMENT_EXECUTE|[101]
15:03:38.0 (36623891)|STATEMENT_EXECUTE|[102]
15:03:38.0 (36632066)|USER_DEBUG|[102]|DEBUG|16:30:00.000Z
15:03:38.0 (36638737)|STATEMENT_EXECUTE|[103]
15:03:38.0 (36647383)|HEAP_ALLOCATE|[103]|Bytes:4
15:03:38.0 (36660258)|VARIABLE_ASSIGNMENT|[103]|t|61200000
15:03:38.0 (36664498)|STATEMENT_EXECUTE|[104]
15:03:38.0 (36669594)|HEAP_ALLOCATE|[104]|Bytes:28
15:03:38.0 (36681078)|HEAP_ALLOCATE|[104]|Bytes:28
15:03:38.0 (36692057)|VARIABLE_ASSIGNMENT|[104]|i1|5.0
15:03:38.0 (36695835)|STATEMENT_EXECUTE|[105]
15:03:38.0 (36724975)|VARIABLE_ASSIGNMENT|[EXTERNAL]|this|{"aptdum":"0x3643a8d2","Docdum":"0x5c1762a5","Docmap":"0x223e4a86","Initialselected":4,"Selecteddoc":"a260H000001koYjQAI","SelectedtimeSlot":60,"timelist":"0x3fff06d","timeset":"0x56a8cce7","timewraplist":"0x686ae838","timewraplistInitial":"0x414984a7"}|0x49ddc2f
15:03:38.0 (36739291)|HEAP_ALLOCATE|[EXTERNAL]|Bytes:4
15:03:38.0 (36751240)|STATEMENT_EXECUTE|[107]
15:03:38.0 (36752860)|STATEMENT_EXECUTE|[108]
15:03:38.0 (36778840)|VARIABLE_ASSIGNMENT|[EXTERNAL]|this|{"aptdum":"0x3643a8d2","Docdum":"0x5c1762a5","Docmap":"0x223e4a86","Initialselected":4,"Selecteddoc":"a260H000001koYjQAI","SelectedtimeSlot":60,"timelist":"0x3fff06d","timeset":"0x56a8cce7","timewraplist":"0x686ae838","timewraplistInitial":"0x414984a7"}|0x49ddc2f
15:03:38.0 (36790371)|HEAP_ALLOCATE|[108]|Bytes:12
15:03:38.0 (36800704)|CONSTRUCTOR_ENTRY|[108]|01p0H000007gCe8|<init>(Boolean,Time)
15:03:38.0 (36805719)|VARIABLE_SCOPE_BEGIN|[203]|this|docappcontroller.Wrapertimeslot|true|false
15:03:38.0 (36817673)|VARIABLE_ASSIGNMENT|[203]|this|{}|0x30dfa7d0
15:03:38.0 (36823611)|VARIABLE_SCOPE_BEGIN|[203]|selection|Boolean|false|false
15:03:38.0 (36830576)|VARIABLE_ASSIGNMENT|[203]|selection|false
15:03:38.0 (36834286)|VARIABLE_SCOPE_BEGIN|[203]|tm|Time|false|false
15:03:38.0 (36841495)|VARIABLE_ASSIGNMENT|[203]|tm|61200000
15:03:38.0 (36846072)|STATEMENT_EXECUTE|[199]
15:03:38.0 (36847533)|STATEMENT_EXECUTE|[200]
15:03:38.0 (36849028)|STATEMENT_EXECUTE|[201]
15:03:38.0 (36857052)|STATEMENT_EXECUTE|[203]
15:03:38.0 (36858972)|STATEMENT_EXECUTE|[204]
15:03:38.0 (36869474)|VARIABLE_ASSIGNMENT|[EXTERNAL]|this|{}|0x30dfa7d0
15:03:38.0 (36877541)|VARIABLE_ASSIGNMENT|[EXTERNAL]|value|false
15:03:38.0 (36882891)|HEAP_ALLOCATE|[200]|Bytes:5
15:03:38.0 (36888743)|VARIABLE_ASSIGNMENT|[200]|this.selected|false|0x30dfa7d0
15:03:38.0 (36895608)|STATEMENT_EXECUTE|[205]
15:03:38.0 (36906318)|VARIABLE_ASSIGNMENT|[EXTERNAL]|this|{"selected":false}|0x30dfa7d0
15:03:38.0 (36914738)|VARIABLE_ASSIGNMENT|[EXTERNAL]|value|61200000
15:03:38.0 (36921466)|VARIABLE_ASSIGNMENT|[201]|this.t|61200000|0x30dfa7d0
15:03:38.0 (36933512)|CONSTRUCTOR_EXIT|[108]|01p0H000007gCe8|<init>(Boolean,Time)
15:03:38.0 (36942261)|HEAP_ALLOCATE|[EXTERNAL]|Bytes:4
15:03:38.0 (36952870)|HEAP_ALLOCATE|[101]|Bytes:28
15:03:38.0 (36956161)|HEAP_ALLOCATE|[101]|Bytes:28
15:03:38.0 (36973845)|STATEMENT_EXECUTE|[101]
15:03:38.0 (36975595)|STATEMENT_EXECUTE|[102]
15:03:38.0 (36983996)|USER_DEBUG|[102]|DEBUG|17:00:00.000Z
15:03:38.0 (36990506)|STATEMENT_EXECUTE|[103]
15:03:38.0 (36998730)|HEAP_ALLOCATE|[103]|Bytes:4
15:03:38.0 (37010851)|VARIABLE_ASSIGNMENT|[103]|t|63000000
15:03:38.0 (37015957)|STATEMENT_EXECUTE|[104]
15:03:38.0 (37021060)|HEAP_ALLOCATE|[104]|Bytes:28
15:03:38.0 (37032525)|HEAP_ALLOCATE|[104]|Bytes:28
15:03:38.0 (37043241)|VARIABLE_ASSIGNMENT|[104]|i1|5.5
15:03:38.0 (37046984)|STATEMENT_EXECUTE|[105]
15:03:38.0 (37076044)|VARIABLE_ASSIGNMENT|[EXTERNAL]|this|{"aptdum":"0x3643a8d2","Docdum":"0x5c1762a5","Docmap":"0x223e4a86","Initialselected":4,"Selecteddoc":"a260H000001koYjQAI","SelectedtimeSlot":60,"timelist":"0x3fff06d","timeset":"0x56a8cce7","timewraplist":"0x686ae838","timewraplistInitial":"0x414984a7"}|0x49ddc2f
15:03:38.0 (37091239)|HEAP_ALLOCATE|[EXTERNAL]|Bytes:4
15:03:38.0 (37102754)|STATEMENT_EXECUTE|[107]
15:03:38.0 (37104348)|STATEMENT_EXECUTE|[108]
15:03:38.0 (37129500)|VARIABLE_ASSIGNMENT|[EXTERNAL]|this|{"aptdum":"0x3643a8d2","Docdum":"0x5c1762a5","Docmap":"0x223e4a86","Initialselected":4,"Selecteddoc":"a260H000001koYjQAI","SelectedtimeSlot":60,"timelist":"0x3fff06d","timeset":"0x56a8cce7","timewraplist":"0x686ae838","timewraplistInitial":"0x414984a7"}|0x49ddc2f
15:03:38.0 (37141390)|HEAP_ALLOCATE|[108]|Bytes:12
15:03:38.0 (37151433)|CONSTRUCTOR_ENTRY|[108]|01p0H000007gCe8|<init>(Boolean,Time)
15:03:38.0 (37157313)|VARIABLE_SCOPE_BEGIN|[203]|this|docappcontroller.Wrapertimeslot|true|false
15:03:38.0 (37169404)|VARIABLE_ASSIGNMENT|[203]|this|{}|0x422fed59
15:03:38.0 (37175307)|VARIABLE_SCOPE_BEGIN|[203]|selection|Boolean|false|false
15:03:38.0 (37182415)|VARIABLE_ASSIGNMENT|[203]|selection|false
15:03:38.0 (37186103)|VARIABLE_SCOPE_BEGIN|[203]|tm|Time|false|false
15:03:38.0 (37193716)|VARIABLE_ASSIGNMENT|[203]|tm|63000000
15:03:38.0 (37197937)|STATEMENT_EXECUTE|[199]
15:03:38.0 (37199424)|STATEMENT_EXECUTE|[200]
15:03:38.0 (37200930)|STATEMENT_EXECUTE|[201]
15:03:38.0 (37208770)|STATEMENT_EXECUTE|[203]
15:03:38.0 (37210250)|STATEMENT_EXECUTE|[204]
15:03:38.0 (37220394)|VARIABLE_ASSIGNMENT|[EXTERNAL]|this|{}|0x422fed59
15:03:38.0 (37228452)|VARIABLE_ASSIGNMENT|[EXTERNAL]|value|false
15:03:38.0 (37233800)|HEAP_ALLOCATE|[200]|Bytes:5
15:03:38.0 (37239575)|VARIABLE_ASSIGNMENT|[200]|this.selected|false|0x422fed59
15:03:38.0 (37246617)|STATEMENT_EXECUTE|[205]
15:03:38.0 (37257436)|VARIABLE_ASSIGNMENT|[EXTERNAL]|this|{"selected":false}|0x422fed59
15:03:38.0 (37265414)|VARIABLE_ASSIGNMENT|[EXTERNAL]|value|63000000
15:03:38.0 (37271983)|VARIABLE_ASSIGNMENT|[201]|this.t|63000000|0x422fed59
15:03:38.0 (37283675)|CONSTRUCTOR_EXIT|[108]|01p0H000007gCe8|<init>(Boolean,Time)
15:03:38.0 (37292716)|HEAP_ALLOCATE|[EXTERNAL]|Bytes:4
15:03:38.0 (37303183)|HEAP_ALLOCATE|[101]|Bytes:28
15:03:38.0 (37306836)|HEAP_ALLOCATE|[101]|Bytes:28
15:03:38.0 (37323623)|STATEMENT_EXECUTE|[101]
15:03:38.0 (37325355)|STATEMENT_EXECUTE|[102]
15:03:38.0 (37333075)|USER_DEBUG|[102]|DEBUG|17:30:00.000Z
15:03:38.0 (37339269)|STATEMENT_EXECUTE|[103]
15:03:38.0 (37347322)|HEAP_ALLOCATE|[103]|Bytes:4
15:03:38.0 (37359533)|VARIABLE_ASSIGNMENT|[103]|t|64800000
15:03:38.0 (37363680)|STATEMENT_EXECUTE|[104]
15:03:38.0 (37368571)|HEAP_ALLOCATE|[104]|Bytes:28
15:03:38.0 (37379997)|HEAP_ALLOCATE|[104]|Bytes:28
15:03:38.0 (37390612)|VARIABLE_ASSIGNMENT|[104]|i1|6.0
15:03:38.0 (37394443)|STATEMENT_EXECUTE|[105]
15:03:38.0 (37423584)|VARIABLE_ASSIGNMENT|[EXTERNAL]|this|{"aptdum":"0x3643a8d2","Docdum":"0x5c1762a5","Docmap":"0x223e4a86","Initialselected":4,"Selecteddoc":"a260H000001koYjQAI","SelectedtimeSlot":60,"timelist":"0x3fff06d","timeset":"0x56a8cce7","timewraplist":"0x686ae838","timewraplistInitial":"0x414984a7"}|0x49ddc2f
15:03:38.0 (37438743)|HEAP_ALLOCATE|[EXTERNAL]|Bytes:4
15:03:38.0 (37450417)|STATEMENT_EXECUTE|[107]
15:03:38.0 (37451981)|STATEMENT_EXECUTE|[108]
15:03:38.0 (37476972)|VARIABLE_ASSIGNMENT|[EXTERNAL]|this|{"aptdum":"0x3643a8d2","Docdum":"0x5c1762a5","Docmap":"0x223e4a86","Initialselected":4,"Selecteddoc":"a260H000001koYjQAI","SelectedtimeSlot":60,"timelist":"0x3fff06d","timeset":"0x56a8cce7","timewraplist":"0x686ae838","timewraplistInitial":"0x414984a7"}|0x49ddc2f
15:03:38.0 (37488208)|HEAP_ALLOCATE|[108]|Bytes:12
15:03:38.0 (37498109)|CONSTRUCTOR_ENTRY|[108]|01p0H000007gCe8|<init>(Boolean,Time)
15:03:38.0 (37503031)|VARIABLE_SCOPE_BEGIN|[203]|this|docappcontroller.Wrapertimeslot|true|false
15:03:38.0 (37515064)|VARIABLE_ASSIGNMENT|[203]|this|{}|0x853a79
15:03:38.0 (37521768)|VARIABLE_SCOPE_BEGIN|[203]|selection|Boolean|false|false
15:03:38.0 (37529738)|VARIABLE_ASSIGNMENT|[203]|selection|false
15:03:38.0 (37533150)|VARIABLE_SCOPE_BEGIN|[203]|tm|Time|false|false
15:03:38.0 (37540949)|VARIABLE_ASSIGNMENT|[203]|tm|64800000
15:03:38.0 (37545039)|STATEMENT_EXECUTE|[199]
15:03:38.0 (37546555)|STATEMENT_EXECUTE|[200]
15:03:38.0 (37548066)|STATEMENT_EXECUTE|[201]
15:03:38.0 (37556525)|STATEMENT_EXECUTE|[203]
15:03:38.0 (37558048)|STATEMENT_EXECUTE|[204]
15:03:38.0 (37568490)|VARIABLE_ASSIGNMENT|[EXTERNAL]|this|{}|0x853a79
15:03:38.0 (37576393)|VARIABLE_ASSIGNMENT|[EXTERNAL]|value|false
15:03:38.0 (37581489)|HEAP_ALLOCATE|[200]|Bytes:5
15:03:38.0 (37587130)|VARIABLE_ASSIGNMENT|[200]|this.selected|false|0x853a79
15:03:38.0 (37599177)|STATEMENT_EXECUTE|[205]
15:03:38.0 (37610938)|VARIABLE_ASSIGNMENT|[EXTERNAL]|this|{"selected":false}|0x853a79
15:03:38.0 (37620067)|VARIABLE_ASSIGNMENT|[EXTERNAL]|value|64800000
15:03:38.0 (37627014)|VARIABLE_ASSIGNMENT|[201]|this.t|64800000|0x853a79
15:03:38.0 (37639463)|CONSTRUCTOR_EXIT|[108]|01p0H000007gCe8|<init>(Boolean,Time)
15:03:38.0 (37648287)|HEAP_ALLOCATE|[EXTERNAL]|Bytes:4
15:03:38.0 (37659432)|HEAP_ALLOCATE|[101]|Bytes:28
15:03:38.0 (37663480)|HEAP_ALLOCATE|[101]|Bytes:28
15:03:38.0 (37680202)|STATEMENT_EXECUTE|[101]
15:03:38.0 (37681888)|STATEMENT_EXECUTE|[102]
15:03:38.0 (37690036)|USER_DEBUG|[102]|DEBUG|18:00:00.000Z
15:03:38.0 (37696686)|STATEMENT_EXECUTE|[103]
15:03:38.0 (37704888)|HEAP_ALLOCATE|[103]|Bytes:4
15:03:38.0 (37717364)|VARIABLE_ASSIGNMENT|[103]|t|66600000
15:03:38.0 (37721389)|STATEMENT_EXECUTE|[104]
15:03:38.0 (37726611)|HEAP_ALLOCATE|[104]|Bytes:28
15:03:38.0 (37738055)|HEAP_ALLOCATE|[104]|Bytes:28
15:03:38.0 (37748581)|VARIABLE_ASSIGNMENT|[104]|i1|6.5
15:03:38.0 (37752438)|STATEMENT_EXECUTE|[105]
15:03:38.0 (37781256)|VARIABLE_ASSIGNMENT|[EXTERNAL]|this|{"aptdum":"0x3643a8d2","Docdum":"0x5c1762a5","Docmap":"0x223e4a86","Initialselected":4,"Selecteddoc":"a260H000001koYjQAI","SelectedtimeSlot":60,"timelist":"0x3fff06d","timeset":"0x56a8cce7","timewraplist":"0x686ae838","timewraplistInitial":"0x414984a7"}|0x49ddc2f
15:03:38.0 (37795348)|HEAP_ALLOCATE|[EXTERNAL]|Bytes:4
15:03:38.0 (37807149)|STATEMENT_EXECUTE|[107]
15:03:38.0 (37808929)|STATEMENT_EXECUTE|[108]
15:03:38.0 (37834509)|VARIABLE_ASSIGNMENT|[EXTERNAL]|this|{"aptdum":"0x3643a8d2","Docdum":"0x5c1762a5","Docmap":"0x223e4a86","Initialselected":4,"Selecteddoc":"a260H000001koYjQAI","SelectedtimeSlot":60,"timelist":"0x3fff06d","timeset":"0x56a8cce7","timewraplist":"0x686ae838","timewraplistInitial":"0x414984a7"}|0x49ddc2f
15:03:38.0 (37845747)|HEAP_ALLOCATE|[108]|Bytes:12
15:03:38.0 (37855985)|CONSTRUCTOR_ENTRY|[108]|01p0H000007gCe8|<init>(Boolean,Time)
15:03:38.0 (37860968)|VARIABLE_SCOPE_BEGIN|[203]|this|docappcontroller.Wrapertimeslot|true|false
15:03:38.0 (37872978)|VARIABLE_ASSIGNMENT|[203]|this|{}|0x45ff2712
15:03:38.0 (37878680)|VARIABLE_SCOPE_BEGIN|[203]|selection|Boolean|false|false
15:03:38.0 (37885568)|VARIABLE_ASSIGNMENT|[203]|selection|false
15:03:38.0 (37889286)|VARIABLE_SCOPE_BEGIN|[203]|tm|Time|false|false
15:03:38.0 (37896612)|VARIABLE_ASSIGNMENT|[203]|tm|66600000
15:03:38.0 (37900676)|STATEMENT_EXECUTE|[199]
15:03:38.0 (37902125)|STATEMENT_EXECUTE|[200]
15:03:38.0 (37903974)|STATEMENT_EXECUTE|[201]
15:03:38.0 (37912375)|STATEMENT_EXECUTE|[203]
15:03:38.0 (37913873)|STATEMENT_EXECUTE|[204]
15:03:38.0 (37924242)|VARIABLE_ASSIGNMENT|[EXTERNAL]|this|{}|0x45ff2712
15:03:38.0 (37932219)|VARIABLE_ASSIGNMENT|[EXTERNAL]|value|false
15:03:38.0 (37937914)|HEAP_ALLOCATE|[200]|Bytes:5
15:03:38.0 (37943673)|VARIABLE_ASSIGNMENT|[200]|this.selected|false|0x45ff2712
15:03:38.0 (37950397)|STATEMENT_EXECUTE|[205]
15:03:38.0 (37961182)|VARIABLE_ASSIGNMENT|[EXTERNAL]|this|{"selected":false}|0x45ff2712
15:03:38.0 (37969405)|VARIABLE_ASSIGNMENT|[EXTERNAL]|value|66600000
15:03:38.0 (37975808)|VARIABLE_ASSIGNMENT|[201]|this.t|66600000|0x45ff2712
15:03:38.0 (37987264)|CONSTRUCTOR_EXIT|[108]|01p0H000007gCe8|<init>(Boolean,Time)
15:03:38.0 (37995875)|HEAP_ALLOCATE|[EXTERNAL]|Bytes:4
15:03:38.0 (38006596)|HEAP_ALLOCATE|[101]|Bytes:28
15:03:38.0 (38010528)|HEAP_ALLOCATE|[101]|Bytes:28
15:03:38.0 (38027432)|STATEMENT_EXECUTE|[101]
15:03:38.0 (38029275)|STATEMENT_EXECUTE|[102]
15:03:38.0 (38036895)|USER_DEBUG|[102]|DEBUG|18:30:00.000Z
15:03:38.0 (38043570)|STATEMENT_EXECUTE|[103]
15:03:38.0 (38051781)|HEAP_ALLOCATE|[103]|Bytes:4
15:03:38.0 (38063631)|VARIABLE_ASSIGNMENT|[103]|t|68400000
15:03:38.0 (38067473)|STATEMENT_EXECUTE|[104]
15:03:38.0 (38072463)|HEAP_ALLOCATE|[104]|Bytes:28
15:03:38.0 (38084473)|HEAP_ALLOCATE|[104]|Bytes:28
15:03:38.0 (38094890)|VARIABLE_ASSIGNMENT|[104]|i1|7.0
15:03:38.0 (38098674)|STATEMENT_EXECUTE|[105]
15:03:38.0 (38127774)|VARIABLE_ASSIGNMENT|[EXTERNAL]|this|{"aptdum":"0x3643a8d2","Docdum":"0x5c1762a5","Docmap":"0x223e4a86","Initialselected":4,"Selecteddoc":"a260H000001koYjQAI","SelectedtimeSlot":60,"timelist":"0x3fff06d","timeset":"0x56a8cce7","timewraplist":"0x686ae838","timewraplistInitial":"0x414984a7"}|0x49ddc2f
15:03:38.0 (38142502)|HEAP_ALLOCATE|[EXTERNAL]|Bytes:4
15:03:38.0 (38166542)|STATEMENT_EXECUTE|[109]
15:03:38.0 (38168335)|STATEMENT_EXECUTE|[110]
15:03:38.0 (38194737)|VARIABLE_ASSIGNMENT|[EXTERNAL]|this|{"aptdum":"0x3643a8d2","Docdum":"0x5c1762a5","Docmap":"0x223e4a86","Initialselected":4,"Selecteddoc":"a260H000001koYjQAI","SelectedtimeSlot":60,"timelist":"0x3fff06d","timeset":"0x56a8cce7","timewraplist":"0x686ae838","timewraplistInitial":"0x414984a7"}|0x49ddc2f
15:03:38.0 (38206980)|HEAP_ALLOCATE|[110]|Bytes:12
15:03:38.0 (38217459)|CONSTRUCTOR_ENTRY|[110]|01p0H000007gCe8|<init>(Boolean,Time)
15:03:38.0 (38222730)|VARIABLE_SCOPE_BEGIN|[203]|this|docappcontroller.Wrapertimeslot|true|false
15:03:38.0 (38234611)|VARIABLE_ASSIGNMENT|[203]|this|{}|0x29ce82fe
15:03:38.0 (38240693)|VARIABLE_SCOPE_BEGIN|[203]|selection|Boolean|false|false
15:03:38.0 (38247447)|VARIABLE_ASSIGNMENT|[203]|selection|true
15:03:38.0 (38250925)|VARIABLE_SCOPE_BEGIN|[203]|tm|Time|false|false
15:03:38.0 (38258730)|VARIABLE_ASSIGNMENT|[203]|tm|68400000
15:03:38.0 (38262662)|STATEMENT_EXECUTE|[199]
15:03:38.0 (38264133)|STATEMENT_EXECUTE|[200]
15:03:38.0 (38265627)|STATEMENT_EXECUTE|[201]
15:03:38.0 (38273952)|STATEMENT_EXECUTE|[203]
15:03:38.0 (38275440)|STATEMENT_EXECUTE|[204]
15:03:38.0 (38285721)|VARIABLE_ASSIGNMENT|[EXTERNAL]|this|{}|0x29ce82fe
15:03:38.0 (38293854)|VARIABLE_ASSIGNMENT|[EXTERNAL]|value|true
15:03:38.0 (38299096)|HEAP_ALLOCATE|[200]|Bytes:5
15:03:38.0 (38305635)|VARIABLE_ASSIGNMENT|[200]|this.selected|true|0x29ce82fe
15:03:38.0 (38312739)|STATEMENT_EXECUTE|[205]
15:03:38.0 (38323566)|VARIABLE_ASSIGNMENT|[EXTERNAL]|this|{"selected":true}|0x29ce82fe
15:03:38.0 (38331878)|VARIABLE_ASSIGNMENT|[EXTERNAL]|value|68400000
15:03:38.0 (38338683)|VARIABLE_ASSIGNMENT|[201]|this.t|68400000|0x29ce82fe
15:03:38.0 (38350563)|CONSTRUCTOR_EXIT|[110]|01p0H000007gCe8|<init>(Boolean,Time)
15:03:38.0 (38359671)|HEAP_ALLOCATE|[EXTERNAL]|Bytes:4
15:03:38.0 (38364921)|STATEMENT_EXECUTE|[111]
15:03:38.0 (38368336)|HEAP_ALLOCATE|[111]|Bytes:4
15:03:38.0 (38374849)|VARIABLE_ASSIGNMENT|[111]|this.Initialselected|5|0x49ddc2f
15:03:38.0 (38384834)|HEAP_ALLOCATE|[101]|Bytes:28
15:03:38.0 (38388336)|HEAP_ALLOCATE|[101]|Bytes:28
15:03:38.0 (38411214)|HEAP_ALLOCATE|[117]|Bytes:28
15:03:38.0 (38414996)|HEAP_ALLOCATE|[117]|Bytes:28
15:03:38.0 (38420430)|HEAP_ALLOCATE|[117]|Bytes:28
15:03:38.0 (38444116)|HEAP_ALLOCATE|[117]|Bytes:28
15:03:38.0 (38465677)|STATEMENT_EXECUTE|[117]
15:03:38.0 (38467945)|STATEMENT_EXECUTE|[123]
15:03:38.0 (38503839)|VARIABLE_ASSIGNMENT|[EXTERNAL]|this|{"aptdum":"0x3643a8d2","Docdum":"0x5c1762a5","Docmap":"0x223e4a86","Initialselected":5,"Selecteddoc":"a260H000001koYjQAI","SelectedtimeSlot":60,"timelist":"0x3fff06d","timeset":"0x56a8cce7","timewraplist":"0x686ae838","timewraplistInitial":"0x414984a7"}|0x49ddc2f
15:03:38.0 (38525330)|VARIABLE_ASSIGNMENT|[123]|this.timewraplistInitial|"List of size 15 too large to display"|0x49ddc2f
15:03:38.0 (38531116)|STATEMENT_EXECUTE|[125]
15:03:38.41 (41877076)|SYSTEM_MODE_ENTER|true
15:03:38.41 (41936581)|HEAP_ALLOCATE|[EXTERNAL]|Bytes:8
15:03:38.41 (41946039)|VARIABLE_SCOPE_BEGIN|[88]|this|ApexPage.PageMessagesComponentController|true|false
15:03:38.41 (41969307)|VARIABLE_ASSIGNMENT|[88]|this|{}|0x1a2afddf
15:03:38.41 (41975943)|VARIABLE_SCOPE_BEGIN|[88]|escape|Boolean|false|false
15:03:38.41 (41983083)|VARIABLE_ASSIGNMENT|[88]|escape|null
15:03:38.42 (42072259)|SYSTEM_MODE_ENTER|true
15:03:38.42 (42102367)|HEAP_ALLOCATE|[EXTERNAL]|Bytes:8
15:03:38.42 (42109011)|VARIABLE_SCOPE_BEGIN|[2]|this|ApexPage.PageMessagesComponentController|true|false
15:03:38.42 (42127251)|VARIABLE_ASSIGNMENT|[2]|this|{}|0x1a2afddf
15:03:38.0 (42441874)|SYSTEM_MODE_ENTER|true
15:03:38.0 (42825669)|SYSTEM_MODE_ENTER|true
15:03:38.0 (43114880)|SYSTEM_MODE_ENTER|true
15:03:38.0 (43185161)|SYSTEM_MODE_ENTER|true
15:03:38.57 (57801015)|SYSTEM_MODE_ENTER|true
15:03:38.57 (57856922)|HEAP_ALLOCATE|[EXTERNAL]|Bytes:8
15:03:38.57 (57866756)|VARIABLE_SCOPE_BEGIN|[88]|this|ApexPage.PageMessagesComponentController|true|false
15:03:38.57 (57890562)|VARIABLE_ASSIGNMENT|[88]|this|{}|0x1a2afddf
15:03:38.57 (57897056)|VARIABLE_SCOPE_BEGIN|[88]|escape|Boolean|false|false
15:03:38.57 (57904745)|VARIABLE_ASSIGNMENT|[88]|escape|null
15:03:38.58 (58015555)|SYSTEM_MODE_ENTER|true
15:03:38.58 (58046554)|HEAP_ALLOCATE|[EXTERNAL]|Bytes:8
15:03:38.58 (58053244)|VARIABLE_SCOPE_BEGIN|[2]|this|ApexPage.PageMessagesComponentController|true|false
15:03:38.58 (58074628)|VARIABLE_ASSIGNMENT|[2]|this|{}|0x1a2afddf
15:03:38.0 (59392195)|SYSTEM_MODE_ENTER|true
15:03:38.0 (59432295)|HEAP_ALLOCATE|[EXTERNAL]|Bytes:48
15:03:38.0 (59440391)|VARIABLE_SCOPE_BEGIN|[158]|this|docappcontroller|true|false
15:03:38.0 (59486055)|VARIABLE_ASSIGNMENT|[158]|this|{"aptdum":"0x3643a8d2","Docdum":"0x5c1762a5","Docmap":"0x223e4a86","Initialselected":5,"Selecteddoc":"a260H000001koYjQAI","SelectedtimeSlot":60,"timelist":"0x3fff06d","timeset":"0x56a8cce7","timewraplist":"0x686ae838","timewraplistInitial":"0x686ae838"}|0x49ddc2f
15:03:38.0 (59498053)|STATEMENT_EXECUTE|[158]
15:03:38.0 (59500178)|STATEMENT_EXECUTE|[160]
15:03:38.0 (59511782)|HEAP_ALLOCATE|[160]|Bytes:4
15:03:38.0 (59527423)|VARIABLE_SCOPE_BEGIN|[160]|options|List<System.SelectOption>|true|false
15:03:38.0 (59549056)|HEAP_ALLOCATE|[EXTERNAL]|Bytes:4
15:03:38.0 (59557706)|VARIABLE_ASSIGNMENT|[160]|options|[]|0x4a05fb63
15:03:38.0 (59562961)|STATEMENT_EXECUTE|[161]
15:03:38.0 (59584530)|HEAP_ALLOCATE|[EXTERNAL]|Bytes:4
15:03:38.0 (59628811)|VARIABLE_ASSIGNMENT|[EXTERNAL]|this|{"aptdum":"0x3643a8d2","Docdum":"0x5c1762a5","Docmap":"0x223e4a86","Initialselected":5,"Selecteddoc":"a260H000001koYjQAI","SelectedtimeSlot":60,"timelist":"0x3fff06d","timeset":"0x56a8cce7","timewraplist":"0x686ae838","timewraplistInitial":"0x686ae838"}|0x49ddc2f
15:03:38.0 (59642861)|STATEMENT_EXECUTE|[162]
15:03:38.0 (59668883)|VARIABLE_ASSIGNMENT|[EXTERNAL]|this|{"aptdum":"0x3643a8d2","Docdum":"0x5c1762a5","Docmap":"0x223e4a86","Initialselected":5,"Selecteddoc":"a260H000001koYjQAI","SelectedtimeSlot":60,"timelist":"0x3fff06d","timeset":"0x56a8cce7","timewraplist":"0x686ae838","timewraplistInitial":"0x686ae838"}|0x49ddc2f
15:03:38.0 (59690026)|HEAP_ALLOCATE|[EXTERNAL]|Bytes:12
15:03:38.0 (59705751)|HEAP_ALLOCATE|[163]|Bytes:237
15:03:38.0 (59726437)|HEAP_ALLOCATE|[163]|Bytes:5
15:03:38.0 (59738854)|HEAP_ALLOCATE|[163]|Bytes:24
15:03:38.0 (59745209)|VARIABLE_SCOPE_BEGIN|[163]|doc|Doctor__c|true|false
15:03:38.0 (59764952)|VARIABLE_ASSIGNMENT|[163]|doc|{"Id":"a260H000001koYjQAI","Name":"doc 2","End_Time__c":68400000,"Speciality__c":"General Surgery","Start_Time__c":43200000}|0x1d5c21be
15:03:38.0 (59771781)|STATEMENT_EXECUTE|[163]
15:03:38.0 (59773581)|STATEMENT_EXECUTE|[164]
15:03:38.0 (59784490)|HEAP_ALLOCATE|[164]|Bytes:18
15:03:38.0 (59797935)|HEAP_ALLOCATE|[EXTERNAL]|Bytes:4
15:03:38.0 (59810064)|HEAP_ALLOCATE|[163]|Bytes:5
15:03:38.0 (59818571)|HEAP_ALLOCATE|[163]|Bytes:24
15:03:38.0 (59823456)|VARIABLE_SCOPE_BEGIN|[163]|doc|Doctor__c|true|false
15:03:38.0 (59837196)|VARIABLE_ASSIGNMENT|[163]|doc|{"Id":"a260H000001koYeQAI","Name":"Doc1","End_Time__c":64800000,"Speciality__c":"General Surgery","Start_Time__c":32400000}|0x7520b23
15:03:38.0 (59843228)|STATEMENT_EXECUTE|[163]
15:03:38.0 (59844767)|STATEMENT_EXECUTE|[164]
15:03:38.0 (59850220)|HEAP_ALLOCATE|[164]|Bytes:18
15:03:38.0 (59859775)|HEAP_ALLOCATE|[EXTERNAL]|Bytes:4
15:03:38.0 (59869956)|HEAP_ALLOCATE|[163]|Bytes:5
15:03:38.0 (59878727)|VARIABLE_ASSIGNMENT|[163]|doc|null|
15:03:38.0 (59883478)|STATEMENT_EXECUTE|[170]
15:03:38.0 (60031208)|SYSTEM_MODE_ENTER|true
15:03:38.0 (63116161)|SYSTEM_MODE_ENTER|true
15:03:38.0 (63155193)|HEAP_ALLOCATE|[EXTERNAL]|Bytes:48
15:03:38.0 (63162682)|VARIABLE_SCOPE_BEGIN|[175]|this|docappcontroller|true|false
15:03:38.0 (63203823)|VARIABLE_ASSIGNMENT|[175]|this|{"aptdum":"0x3643a8d2","Docdum":"0x5c1762a5","Docmap":"0x223e4a86","Initialselected":5,"Selecteddoc":"a260H000001koYjQAI","SelectedtimeSlot":60,"timelist":"0x3fff06d","timeset":"0x56a8cce7","timewraplist":"0x686ae838","timewraplistInitial":"0x686ae838"}|0x49ddc2f
15:03:38.0 (63215626)|STATEMENT_EXECUTE|[175]
15:03:38.0 (63217708)|STATEMENT_EXECUTE|[177]
15:03:38.0 (63226506)|HEAP_ALLOCATE|[177]|Bytes:4
15:03:38.0 (63240865)|VARIABLE_SCOPE_BEGIN|[177]|options|List<System.SelectOption>|true|false
15:03:38.0 (63260545)|HEAP_ALLOCATE|[EXTERNAL]|Bytes:4
15:03:38.0 (63268477)|VARIABLE_ASSIGNMENT|[177]|options|[]|0x23a00b03
15:03:38.0 (63274231)|STATEMENT_EXECUTE|[178]
15:03:38.0 (63288071)|HEAP_ALLOCATE|[EXTERNAL]|Bytes:4
15:03:38.0 (63295214)|STATEMENT_EXECUTE|[181]
15:03:38.0 (63302194)|HEAP_ALLOCATE|[EXTERNAL]|Bytes:4
15:03:38.0 (63307922)|STATEMENT_EXECUTE|[182]
15:03:38.0 (63314155)|HEAP_ALLOCATE|[EXTERNAL]|Bytes:4
15:03:38.0 (63318742)|STATEMENT_EXECUTE|[187]
15:03:38.0 (63430193)|SYSTEM_MODE_ENTER|true
15:03:38.0 (65351736)|VF_SERIALIZE_VIEWSTATE_BEGIN|0660H000004OdRk
15:03:38.0 (82159892)|VF_SERIALIZE_VIEWSTATE_END
15:03:38.0 (102734029)|CODE_UNIT_STARTED|[EXTERNAL]|Generate Metadata
15:03:38.0 (105069681)|CODE_UNIT_FINISHED|Generate Metadata
15:03:38.107 (107731752)|CUMULATIVE_LIMIT_USAGE
15:03:38.107 (107731752)|LIMIT_USAGE_FOR_NS|(default)|
  Number of SOQL queries: 1 out of 100
  Number of query rows: 2 out of 50000
  Number of SOSL queries: 0 out of 20
  Number of DML statements: 0 out of 150
  Number of DML rows: 0 out of 10000
  Maximum CPU time: 0 out of 10000
  Maximum heap size: 0 out of 6000000
  Number of callouts: 0 out of 100
  Number of Email Invocations: 0 out of 10
  Number of future calls: 0 out of 50
  Number of queueable jobs added to the queue: 0 out of 50
  Number of Mobile Apex push calls: 0 out of 10

15:03:38.107 (107731752)|CUMULATIVE_LIMIT_USAGE_END

15:03:38.0 (107773927)|CODE_UNIT_FINISHED|VF: /apex/docapp
15:03:38.0 (108534516)|EXECUTION_FINISHED
