42.0 APEX_CODE,FINEST;APEX_PROFILING,INFO;CALLOUT,INFO;DB,INFO;SYSTEM,DEBUG;VALIDATION,INFO;VISUALFORCE,INFO;WAVE,INFO;WORKFLOW,INFO
13:46:12.0 (271169)|USER_INFO|[EXTERNAL]|005i0000002qYvT|anton@igate.com|India Standard Time|GMT+05:30
13:46:12.0 (299978)|EXECUTION_STARTED
13:46:12.0 (305076)|CODE_UNIT_STARTED|[EXTERNAL]|0660H000004OdRk|VF: /apex/docapp
13:46:12.0 (2747261)|SYSTEM_MODE_ENTER|true
13:46:12.0 (3176863)|HEAP_ALLOCATE|[72]|Bytes:3
13:46:12.0 (3237530)|HEAP_ALLOCATE|[77]|Bytes:152
13:46:12.0 (3253241)|HEAP_ALLOCATE|[342]|Bytes:408
13:46:12.0 (3266574)|HEAP_ALLOCATE|[355]|Bytes:408
13:46:12.0 (3277496)|HEAP_ALLOCATE|[467]|Bytes:48
13:46:12.0 (3331352)|HEAP_ALLOCATE|[139]|Bytes:6
13:46:12.0 (3350408)|HEAP_ALLOCATE|[EXTERNAL]|Bytes:14
13:46:12.0 (3368892)|HEAP_ALLOCATE|[EXTERNAL]|Bytes:248
13:46:12.0 (3372663)|HEAP_ALLOCATE|[EXTERNAL]|Bytes:53
13:46:12.0 (3376701)|HEAP_ALLOCATE|[EXTERNAL]|Bytes:13
13:46:12.0 (3402901)|METHOD_ENTRY|[1]|01p0H000007gCe8|docappcontroller.docappcontroller()
13:46:12.0 (3409738)|STATEMENT_EXECUTE|[1]
13:46:12.0 (3415473)|STATEMENT_EXECUTE|[1]
13:46:12.0 (3417011)|STATEMENT_EXECUTE|[174]
13:46:12.0 (3471516)|METHOD_EXIT|[1]|docappcontroller
13:46:12.0 (3535995)|HEAP_ALLOCATE|[EXTERNAL]|Bytes:44
13:46:12.0 (3545862)|VARIABLE_SCOPE_BEGIN|[114]|this|docappcontroller|true|false
13:46:12.0 (3611284)|VARIABLE_ASSIGNMENT|[114]|this|{}|0x576c3a35
13:46:12.0 (3622604)|STATEMENT_EXECUTE|[1]
13:46:12.0 (3624365)|STATEMENT_EXECUTE|[3]
13:46:12.0 (3626968)|STATEMENT_EXECUTE|[4]
13:46:12.0 (3628819)|STATEMENT_EXECUTE|[5]
13:46:12.0 (3645643)|HEAP_ALLOCATE|[5]|Bytes:4
13:46:12.0 (3789048)|HEAP_ALLOCATE|[EXTERNAL]|Bytes:4
13:46:12.0 (3801866)|VARIABLE_ASSIGNMENT|[5]|this.timewraplistInitial|[]|0x576c3a35
13:46:12.0 (3807897)|STATEMENT_EXECUTE|[6]
13:46:12.0 (3813589)|HEAP_ALLOCATE|[6]|Bytes:4
13:46:12.0 (3822803)|VARIABLE_ASSIGNMENT|[6]|this.Initialselected|0|0x576c3a35
13:46:12.0 (3827416)|STATEMENT_EXECUTE|[107]
13:46:12.0 (3829352)|STATEMENT_EXECUTE|[108]
13:46:12.0 (3830732)|STATEMENT_EXECUTE|[109]
13:46:12.0 (3832112)|STATEMENT_EXECUTE|[110]
13:46:12.0 (3833500)|STATEMENT_EXECUTE|[111]
13:46:12.0 (3834932)|STATEMENT_EXECUTE|[112]
13:46:12.0 (3842257)|HEAP_ALLOCATE|[6]|Bytes:6
13:46:12.0 (3893037)|STATEMENT_EXECUTE|[114]
13:46:12.0 (3895296)|STATEMENT_EXECUTE|[115]
13:46:12.0 (3926498)|HEAP_ALLOCATE|[115]|Bytes:4
13:46:12.0 (4089245)|VARIABLE_ASSIGNMENT|[EXTERNAL]|this|{"Initialselected":0,"timewraplistInitial":"0x301097a1"}|0x576c3a35
13:46:12.0 (4107227)|VARIABLE_ASSIGNMENT|[EXTERNAL]|value|{}|0x4a2f820a
13:46:12.0 (4118741)|VARIABLE_ASSIGNMENT|[107]|this.Docdum|{}|0x576c3a35
13:46:12.0 (4147022)|STATEMENT_EXECUTE|[116]
13:46:12.0 (4166144)|HEAP_ALLOCATE|[116]|Bytes:4
13:46:12.0 (4257815)|VARIABLE_ASSIGNMENT|[EXTERNAL]|this|{"Docdum":"0x4a2f820a","Initialselected":0,"timewraplistInitial":"0x301097a1"}|0x576c3a35
13:46:12.0 (4270476)|VARIABLE_ASSIGNMENT|[EXTERNAL]|value|{}|0x7e088a69
13:46:12.0 (4281614)|VARIABLE_ASSIGNMENT|[108]|this.aptdum|{}|0x576c3a35
13:46:12.5 (5230738)|SYSTEM_MODE_ENTER|true
13:46:12.5 (5259272)|HEAP_ALLOCATE|[EXTERNAL]|Bytes:38
13:46:12.5 (5266061)|HEAP_ALLOCATE|[EXTERNAL]|Bytes:7
13:46:12.5 (5275078)|SYSTEM_METHOD_ENTRY|[1]|PageMessagesComponentController.PageMessagesComponentController()
13:46:12.5 (5279755)|STATEMENT_EXECUTE|[1]
13:46:12.5 (5391448)|SYSTEM_MODE_ENTER|true
13:46:12.5 (5447054)|HEAP_ALLOCATE|[EXTERNAL]|Bytes:8
13:46:12.5 (5455698)|VARIABLE_SCOPE_BEGIN|[88]|this|ApexPage.PageMessagesComponentController|true|false
13:46:12.5 (5490244)|VARIABLE_ASSIGNMENT|[88]|this|{}|0x525d06bd
13:46:12.5 (5497368)|VARIABLE_SCOPE_BEGIN|[88]|escape|Boolean|false|false
13:46:12.5 (5505346)|VARIABLE_ASSIGNMENT|[88]|escape|null
13:46:12.5 (5635086)|SYSTEM_MODE_ENTER|true
13:46:12.5 (5670134)|HEAP_ALLOCATE|[EXTERNAL]|Bytes:8
13:46:12.5 (5681608)|VARIABLE_SCOPE_BEGIN|[2]|this|ApexPage.PageMessagesComponentController|true|false
13:46:12.5 (5700257)|VARIABLE_ASSIGNMENT|[2]|this|{}|0x525d06bd
13:46:12.0 (6451245)|SYSTEM_MODE_ENTER|true
13:46:12.0 (8779801)|SYSTEM_MODE_ENTER|true
13:46:12.0 (10490903)|SYSTEM_MODE_ENTER|true
13:46:12.34 (34465060)|SYSTEM_MODE_ENTER|true
13:46:12.34 (34535720)|HEAP_ALLOCATE|[EXTERNAL]|Bytes:8
13:46:12.34 (34546203)|VARIABLE_SCOPE_BEGIN|[88]|this|ApexPage.PageMessagesComponentController|true|false
13:46:12.34 (34573966)|VARIABLE_ASSIGNMENT|[88]|this|{}|0x525d06bd
13:46:12.34 (34580411)|VARIABLE_SCOPE_BEGIN|[88]|escape|Boolean|false|false
13:46:12.34 (34587542)|VARIABLE_ASSIGNMENT|[88]|escape|null
13:46:12.34 (34711637)|SYSTEM_MODE_ENTER|true
13:46:12.34 (34744778)|HEAP_ALLOCATE|[EXTERNAL]|Bytes:8
13:46:12.34 (34753205)|VARIABLE_SCOPE_BEGIN|[2]|this|ApexPage.PageMessagesComponentController|true|false
13:46:12.34 (34771757)|VARIABLE_ASSIGNMENT|[2]|this|{}|0x525d06bd
13:46:12.0 (36357136)|SYSTEM_MODE_ENTER|true
13:46:12.0 (36404075)|HEAP_ALLOCATE|[EXTERNAL]|Bytes:44
13:46:12.0 (36413572)|VARIABLE_SCOPE_BEGIN|[133]|this|docappcontroller|true|false
13:46:12.0 (36451645)|VARIABLE_ASSIGNMENT|[133]|this|{"aptdum":"0x7e088a69","Docdum":"0x4a2f820a","Initialselected":0,"timewraplistInitial":"0x301097a1"}|0x576c3a35
13:46:12.0 (36462844)|STATEMENT_EXECUTE|[133]
13:46:12.0 (36465016)|STATEMENT_EXECUTE|[135]
13:46:12.0 (36480438)|HEAP_ALLOCATE|[135]|Bytes:4
13:46:12.0 (36512432)|VARIABLE_SCOPE_BEGIN|[135]|options|List<System.SelectOption>|true|false
13:46:12.0 (36532235)|HEAP_ALLOCATE|[EXTERNAL]|Bytes:4
13:46:12.0 (36541929)|VARIABLE_ASSIGNMENT|[135]|options|[]|0x577f1ee0
13:46:12.0 (36547583)|STATEMENT_EXECUTE|[136]
13:46:12.0 (36555987)|HEAP_ALLOCATE|[136]|Bytes:8
13:46:12.0 (36610787)|HEAP_ALLOCATE|[EXTERNAL]|Bytes:4
13:46:12.0 (36661090)|VARIABLE_ASSIGNMENT|[EXTERNAL]|this|{"aptdum":"0x7e088a69","Docdum":"0x4a2f820a","Initialselected":0,"timewraplistInitial":"0x301097a1"}|0x576c3a35
13:46:12.0 (36683683)|STATEMENT_EXECUTE|[141]
13:46:12.0 (36685533)|STATEMENT_EXECUTE|[142]
13:46:12.0 (36688504)|HEAP_ALLOCATE|[142]|Bytes:23
13:46:12.0 (36714209)|METHOD_ENTRY|[142]|01p0H000007gCe8|docappcontroller.ShowError(String)
13:46:12.0 (36733747)|VARIABLE_SCOPE_BEGIN|[168]|this|docappcontroller|true|false
13:46:12.0 (36761315)|VARIABLE_ASSIGNMENT|[168]|this|{"aptdum":"0x7e088a69","Docdum":"0x4a2f820a","Initialselected":0,"timewraplistInitial":"0x301097a1"}|0x576c3a35
13:46:12.0 (36767917)|VARIABLE_SCOPE_BEGIN|[168]|ErrorMsg|String|false|false
13:46:12.0 (36778051)|VARIABLE_ASSIGNMENT|[168]|ErrorMsg|"No Continents Data y (3 more) ..."
13:46:12.0 (36784089)|STATEMENT_EXECUTE|[168]
13:46:12.0 (36785735)|STATEMENT_EXECUTE|[170]
13:46:12.0 (36819016)|VARIABLE_SCOPE_BEGIN|[170]|m|ApexPages.Message|true|false
13:46:12.0 (36999652)|VARIABLE_ASSIGNMENT|[170]|m|"core.apexpages.framework.ApexPagesMessage@b0233f33"|0x56234ab
13:46:12.0 (37007545)|STATEMENT_EXECUTE|[171]
13:46:12.0 (37120266)|VF_PAGE_MESSAGE|No Continents Data yet.
13:46:12.0 (37132477)|METHOD_EXIT|[142]|01p0H000007gCe8|docappcontroller.ShowError(String)
13:46:12.0 (37137891)|STATEMENT_EXECUTE|[145]
13:46:12.0 (37342482)|SYSTEM_MODE_ENTER|true
13:46:12.0 (38271089)|SYSTEM_MODE_ENTER|true
13:46:12.0 (38315840)|HEAP_ALLOCATE|[EXTERNAL]|Bytes:44
13:46:12.0 (38326489)|VARIABLE_SCOPE_BEGIN|[150]|this|docappcontroller|true|false
13:46:12.0 (38360067)|VARIABLE_ASSIGNMENT|[150]|this|{"aptdum":"0x7e088a69","Docdum":"0x4a2f820a","Initialselected":0,"timewraplistInitial":"0x301097a1"}|0x576c3a35
13:46:12.0 (38370101)|STATEMENT_EXECUTE|[150]
13:46:12.0 (38372027)|STATEMENT_EXECUTE|[152]
13:46:12.0 (38381805)|HEAP_ALLOCATE|[152]|Bytes:4
13:46:12.0 (38403401)|VARIABLE_SCOPE_BEGIN|[152]|options|List<System.SelectOption>|true|false
13:46:12.0 (38423600)|HEAP_ALLOCATE|[EXTERNAL]|Bytes:4
13:46:12.0 (38431822)|VARIABLE_ASSIGNMENT|[152]|options|[]|0x38ad0f9a
13:46:12.0 (38437660)|STATEMENT_EXECUTE|[153]
13:46:12.0 (38475662)|HEAP_ALLOCATE|[EXTERNAL]|Bytes:4
13:46:12.0 (38484649)|STATEMENT_EXECUTE|[156]
13:46:12.0 (38489128)|HEAP_ALLOCATE|[156]|Bytes:2
13:46:12.0 (38511938)|HEAP_ALLOCATE|[EXTERNAL]|Bytes:4
13:46:12.0 (38518522)|STATEMENT_EXECUTE|[157]
13:46:12.0 (38521853)|HEAP_ALLOCATE|[157]|Bytes:2
13:46:12.0 (38541668)|HEAP_ALLOCATE|[EXTERNAL]|Bytes:4
13:46:12.0 (38547886)|STATEMENT_EXECUTE|[162]
13:46:12.0 (38683737)|SYSTEM_MODE_ENTER|true
13:46:12.0 (41335018)|VF_SERIALIZE_VIEWSTATE_BEGIN|0660H000004OdRk
13:46:12.0 (56500643)|VF_SERIALIZE_VIEWSTATE_END
13:46:12.0 (58947757)|CODE_UNIT_STARTED|[EXTERNAL]|Generate Metadata
13:46:12.0 (59500469)|CODE_UNIT_FINISHED|Generate Metadata
13:46:12.61 (61331289)|CUMULATIVE_LIMIT_USAGE
13:46:12.61 (61331289)|LIMIT_USAGE_FOR_NS|(default)|
  Number of SOQL queries: 0 out of 100
  Number of query rows: 0 out of 50000
  Number of SOSL queries: 0 out of 20
  Number of DML statements: 0 out of 150
  Number of DML rows: 0 out of 10000
  Maximum CPU time: 0 out of 10000
  Maximum heap size: 0 out of 6000000
  Number of callouts: 0 out of 100
  Number of Email Invocations: 0 out of 10
  Number of future calls: 0 out of 50
  Number of queueable jobs added to the queue: 0 out of 50
  Number of Mobile Apex push calls: 0 out of 10

13:46:12.61 (61331289)|CUMULATIVE_LIMIT_USAGE_END

13:46:12.0 (61369205)|CODE_UNIT_FINISHED|VF: /apex/docapp
13:46:12.0 (62210839)|EXECUTION_FINISHED
