42.0 APEX_CODE,FINEST;APEX_PROFILING,INFO;CALLOUT,INFO;DB,INFO;SYSTEM,DEBUG;VALIDATION,INFO;VISUALFORCE,INFO;WAVE,INFO;WORKFLOW,INFO
14:24:39.0 (66178)|USER_INFO|[EXTERNAL]|005i0000002qYvT|anton@igate.com|India Standard Time|GMT+05:30
14:24:39.0 (217314)|EXECUTION_STARTED
14:24:39.0 (222999)|CODE_UNIT_STARTED|[EXTERNAL]|0660H000004OdRk|VF: /apex/docapp
14:24:39.0 (1155986)|VF_DESERIALIZE_VIEWSTATE_BEGIN|0660H000004OdRk
14:24:39.0 (6498837)|HEAP_ALLOCATE|[72]|Bytes:3
14:24:39.0 (6565888)|HEAP_ALLOCATE|[77]|Bytes:152
14:24:39.0 (6580003)|HEAP_ALLOCATE|[342]|Bytes:408
14:24:39.0 (6593008)|HEAP_ALLOCATE|[355]|Bytes:408
14:24:39.0 (6604659)|HEAP_ALLOCATE|[467]|Bytes:48
14:24:39.0 (6630931)|HEAP_ALLOCATE|[139]|Bytes:6
14:24:39.0 (9873067)|VF_DESERIALIZE_VIEWSTATE_END
14:24:39.10 (10486472)|SYSTEM_MODE_ENTER|true
14:24:39.10 (10651356)|HEAP_ALLOCATE|[EXTERNAL]|Bytes:38
14:24:39.10 (10676128)|HEAP_ALLOCATE|[EXTERNAL]|Bytes:7
14:24:39.10 (10700157)|SYSTEM_METHOD_ENTRY|[1]|PageMessagesComponentController.PageMessagesComponentController()
14:24:39.10 (10706396)|STATEMENT_EXECUTE|[1]
14:24:39.11 (11583337)|SYSTEM_MODE_ENTER|true
14:24:39.11 (11637410)|HEAP_ALLOCATE|[EXTERNAL]|Bytes:8
14:24:39.11 (11645736)|VARIABLE_SCOPE_BEGIN|[88]|this|ApexPage.PageMessagesComponentController|true|false
14:24:39.11 (11692424)|VARIABLE_ASSIGNMENT|[88]|this|{}|0x4ae20de2
14:24:39.11 (11699528)|VARIABLE_SCOPE_BEGIN|[88]|escape|Boolean|false|false
14:24:39.11 (11708564)|VARIABLE_ASSIGNMENT|[88]|escape|null
14:24:39.0 (11870606)|SYSTEM_MODE_ENTER|true
14:24:39.0 (11893759)|HEAP_ALLOCATE|[EXTERNAL]|Bytes:14
14:24:39.0 (11900998)|HEAP_ALLOCATE|[EXTERNAL]|Bytes:248
14:24:39.0 (11904855)|HEAP_ALLOCATE|[EXTERNAL]|Bytes:53
14:24:39.0 (11908123)|HEAP_ALLOCATE|[EXTERNAL]|Bytes:13
14:24:39.0 (11917457)|METHOD_ENTRY|[1]|01p0H000007gCe8|docappcontroller.docappcontroller()
14:24:39.0 (11923603)|STATEMENT_EXECUTE|[1]
14:24:39.0 (11927572)|STATEMENT_EXECUTE|[1]
14:24:39.0 (11929296)|STATEMENT_EXECUTE|[175]
14:24:39.0 (11934302)|METHOD_EXIT|[1]|docappcontroller
14:24:39.0 (14534186)|SYSTEM_MODE_ENTER|true
14:24:39.0 (15237375)|SYSTEM_MODE_ENTER|true
14:24:39.0 (16154407)|SYSTEM_MODE_ENTER|true
14:24:39.0 (16367771)|HEAP_ALLOCATE|[EXTERNAL]|Bytes:44
14:24:39.0 (16378060)|VARIABLE_SCOPE_BEGIN|[134]|this|docappcontroller|true|false
14:24:39.0 (16445047)|VARIABLE_ASSIGNMENT|[134]|this|{"aptdum":"0x1a32b269","Docdum":"0x3346c658","Docmap":"0x4170eeb1","Initialselected":0,"timewraplistInitial":"0x50c4a62f"}|0x35c1a4c2
14:24:39.0 (16457341)|STATEMENT_EXECUTE|[134]
14:24:39.0 (16459735)|STATEMENT_EXECUTE|[136]
14:24:39.0 (16475385)|HEAP_ALLOCATE|[136]|Bytes:4
14:24:39.0 (16504828)|VARIABLE_SCOPE_BEGIN|[136]|options|List<System.SelectOption>|true|false
14:24:39.0 (16526171)|HEAP_ALLOCATE|[EXTERNAL]|Bytes:4
14:24:39.0 (16536813)|VARIABLE_ASSIGNMENT|[136]|options|[]|0x5f6ae7a4
14:24:39.0 (16542761)|STATEMENT_EXECUTE|[137]
14:24:39.0 (16549991)|HEAP_ALLOCATE|[137]|Bytes:8
14:24:39.0 (16597496)|HEAP_ALLOCATE|[EXTERNAL]|Bytes:4
14:24:39.0 (16651288)|VARIABLE_ASSIGNMENT|[EXTERNAL]|this|{"aptdum":"0x1a32b269","Docdum":"0x3346c658","Docmap":"0x4170eeb1","Initialselected":0,"timewraplistInitial":"0x50c4a62f"}|0x35c1a4c2
14:24:39.0 (16665749)|STATEMENT_EXECUTE|[138]
14:24:39.0 (16696472)|VARIABLE_ASSIGNMENT|[EXTERNAL]|this|{"aptdum":"0x1a32b269","Docdum":"0x3346c658","Docmap":"0x4170eeb1","Initialselected":0,"timewraplistInitial":"0x50c4a62f"}|0x35c1a4c2
14:24:39.0 (16726210)|HEAP_ALLOCATE|[EXTERNAL]|Bytes:12
14:24:39.0 (16744442)|HEAP_ALLOCATE|[139]|Bytes:237
14:24:39.0 (16865292)|HEAP_ALLOCATE|[139]|Bytes:5
14:24:39.0 (16915212)|HEAP_ALLOCATE|[139]|Bytes:24
14:24:39.0 (16925681)|VARIABLE_SCOPE_BEGIN|[139]|doc|Doctor__c|true|false
14:24:39.0 (17015253)|VARIABLE_ASSIGNMENT|[139]|doc|{"Id":"a260H000001koYjQAI","Name":"doc 2","End_Time__c":68400000,"Speciality__c":"General Surgery","Start_Time__c":43200000}|0x676a02b0
14:24:39.0 (17024503)|STATEMENT_EXECUTE|[139]
14:24:39.0 (17026490)|STATEMENT_EXECUTE|[140]
14:24:39.0 (17068928)|HEAP_ALLOCATE|[140]|Bytes:18
14:24:39.0 (17119166)|HEAP_ALLOCATE|[EXTERNAL]|Bytes:4
14:24:39.0 (17134524)|HEAP_ALLOCATE|[139]|Bytes:5
14:24:39.0 (17153450)|HEAP_ALLOCATE|[139]|Bytes:24
14:24:39.0 (17161076)|VARIABLE_SCOPE_BEGIN|[139]|doc|Doctor__c|true|false
14:24:39.0 (17187458)|VARIABLE_ASSIGNMENT|[139]|doc|{"Id":"a260H000001koYeQAI","Name":"Doc1","End_Time__c":64800000,"Speciality__c":"General Surgery","Start_Time__c":32400000}|0x3cdd8c30
14:24:39.0 (17195196)|STATEMENT_EXECUTE|[139]
14:24:39.0 (17197108)|STATEMENT_EXECUTE|[140]
14:24:39.0 (17205764)|HEAP_ALLOCATE|[140]|Bytes:18
14:24:39.0 (17218972)|HEAP_ALLOCATE|[EXTERNAL]|Bytes:4
14:24:39.0 (17230346)|HEAP_ALLOCATE|[139]|Bytes:5
14:24:39.0 (17239662)|VARIABLE_ASSIGNMENT|[139]|doc|null|
14:24:39.0 (17250489)|STATEMENT_EXECUTE|[146]
14:24:39.0 (17331535)|SYSTEM_MODE_ENTER|true
14:24:39.0 (17632070)|SYSTEM_MODE_ENTER|true
14:24:39.0 (17672406)|HEAP_ALLOCATE|[EXTERNAL]|Bytes:44
14:24:39.0 (17680692)|VARIABLE_SCOPE_BEGIN|[151]|this|docappcontroller|true|false
14:24:39.0 (17720131)|VARIABLE_ASSIGNMENT|[151]|this|{"aptdum":"0x1a32b269","Docdum":"0x3346c658","Docmap":"0x4170eeb1","Initialselected":0,"timewraplistInitial":"0x50c4a62f"}|0x35c1a4c2
14:24:39.0 (17731289)|STATEMENT_EXECUTE|[151]
14:24:39.0 (17733407)|STATEMENT_EXECUTE|[153]
14:24:39.0 (17743065)|HEAP_ALLOCATE|[153]|Bytes:4
14:24:39.0 (17763697)|VARIABLE_SCOPE_BEGIN|[153]|options|List<System.SelectOption>|true|false
14:24:39.0 (17783652)|HEAP_ALLOCATE|[EXTERNAL]|Bytes:4
14:24:39.0 (17791853)|VARIABLE_ASSIGNMENT|[153]|options|[]|0x481c71c5
14:24:39.0 (17797170)|STATEMENT_EXECUTE|[154]
14:24:39.0 (17835319)|HEAP_ALLOCATE|[EXTERNAL]|Bytes:4
14:24:39.0 (17844000)|STATEMENT_EXECUTE|[157]
14:24:39.0 (17848691)|HEAP_ALLOCATE|[157]|Bytes:2
14:24:39.0 (17870878)|HEAP_ALLOCATE|[EXTERNAL]|Bytes:4
14:24:39.0 (17877374)|STATEMENT_EXECUTE|[158]
14:24:39.0 (17880764)|HEAP_ALLOCATE|[158]|Bytes:2
14:24:39.0 (17900039)|HEAP_ALLOCATE|[EXTERNAL]|Bytes:4
14:24:39.0 (17905805)|STATEMENT_EXECUTE|[163]
14:24:39.0 (17973868)|SYSTEM_MODE_ENTER|true
14:24:39.18 (18530554)|SYSTEM_MODE_ENTER|true
14:24:39.18 (18579143)|HEAP_ALLOCATE|[EXTERNAL]|Bytes:8
14:24:39.18 (18587090)|VARIABLE_SCOPE_BEGIN|[88]|this|ApexPage.PageMessagesComponentController|true|false
14:24:39.18 (18611759)|VARIABLE_ASSIGNMENT|[88]|this|{}|0x4ae20de2
14:24:39.18 (18618510)|VARIABLE_SCOPE_BEGIN|[88]|escape|Boolean|false|false
14:24:39.18 (18626326)|VARIABLE_ASSIGNMENT|[88]|escape|null
14:24:39.0 (18795893)|SYSTEM_MODE_ENTER|true
14:24:39.0 (18823872)|HEAP_ALLOCATE|[EXTERNAL]|Bytes:18
14:24:39.0 (18829582)|HEAP_ALLOCATE|[EXTERNAL]|Bytes:44
14:24:39.0 (18852714)|VARIABLE_ASSIGNMENT|[EXTERNAL]|this.Selecteddoc|"a260H000001koYjQAI"|0x35c1a4c2
14:24:39.0 (18896467)|SYSTEM_MODE_ENTER|true
14:24:39.0 (19038582)|SYSTEM_MODE_ENTER|true
14:24:39.0 (19077140)|SYSTEM_MODE_ENTER|true
14:24:39.0 (19092712)|HEAP_ALLOCATE|[EXTERNAL]|Bytes:8
14:24:39.0 (19097783)|HEAP_ALLOCATE|[EXTERNAL]|Bytes:44
14:24:39.0 (19106253)|VARIABLE_ASSIGNMENT|[EXTERNAL]|this.SelectedtimeSlot|30|0x35c1a4c2
14:24:39.0 (19139719)|SYSTEM_MODE_ENTER|true
14:24:39.0 (19350225)|HEAP_ALLOCATE|[EXTERNAL]|Bytes:44
14:24:39.0 (19359399)|VARIABLE_SCOPE_BEGIN|[32]|this|docappcontroller|true|false
14:24:39.0 (19399741)|VARIABLE_ASSIGNMENT|[32]|this|{"aptdum":"0x1a32b269","Docdum":"0x3346c658","Docmap":"0x4170eeb1","Initialselected":0,"Selecteddoc":"a260H000001koYjQAI","SelectedtimeSlot":30,"timewraplistInitial":"0x50c4a62f"}|0x35c1a4c2
14:24:39.0 (19411685)|STATEMENT_EXECUTE|[32]
14:24:39.0 (19413899)|STATEMENT_EXECUTE|[33]
14:24:39.0 (19422793)|VARIABLE_SCOPE_BEGIN|[33]|timeset|Set<Time>|true|false
14:24:39.0 (19432629)|VARIABLE_ASSIGNMENT|[33]|timeset|null|
14:24:39.0 (19436779)|STATEMENT_EXECUTE|[34]
14:24:39.0 (19482788)|VARIABLE_ASSIGNMENT|[EXTERNAL]|this|{"aptdum":"0x1a32b269","Docdum":"0x3346c658","Docmap":"0x4170eeb1","Initialselected":0,"Selecteddoc":"a260H000001koYjQAI","SelectedtimeSlot":30,"timewraplistInitial":"0x50c4a62f"}|0x35c1a4c2
14:24:39.0 (19512998)|USER_DEBUG|[34]|DEBUG|a260H000001koYjQAI
14:24:39.0 (19552806)|VARIABLE_ASSIGNMENT|[EXTERNAL]|this|{"aptdum":"0x1a32b269","Docdum":"0x3346c658","Docmap":"0x4170eeb1","Initialselected":0,"Selecteddoc":"a260H000001koYjQAI","SelectedtimeSlot":30,"timewraplistInitial":"0x50c4a62f"}|0x35c1a4c2
14:24:39.0 (19585925)|VARIABLE_ASSIGNMENT|[EXTERNAL]|this|{"aptdum":"0x1a32b269","Docdum":"0x3346c658","Docmap":"0x4170eeb1","Initialselected":0,"Selecteddoc":"a260H000001koYjQAI","SelectedtimeSlot":30,"timewraplistInitial":"0x50c4a62f"}|0x35c1a4c2
14:24:39.0 (19619873)|STATEMENT_EXECUTE|[37]
14:24:39.0 (19621982)|STATEMENT_EXECUTE|[38]
14:24:39.0 (19653299)|VARIABLE_ASSIGNMENT|[EXTERNAL]|this|{"aptdum":"0x1a32b269","Docdum":"0x3346c658","Docmap":"0x4170eeb1","Initialselected":0,"Selecteddoc":"a260H000001koYjQAI","SelectedtimeSlot":30,"timewraplistInitial":"0x50c4a62f"}|0x35c1a4c2
14:24:39.0 (19685658)|VARIABLE_ASSIGNMENT|[EXTERNAL]|this|{"aptdum":"0x1a32b269","Docdum":"0x3346c658","Docmap":"0x4170eeb1","Initialselected":0,"Selecteddoc":"a260H000001koYjQAI","SelectedtimeSlot":30,"timewraplistInitial":"0x50c4a62f"}|0x35c1a4c2
14:24:39.0 (19711077)|VARIABLE_SCOPE_BEGIN|[38]|d|Doctor__c|true|false
14:24:39.0 (19729095)|VARIABLE_ASSIGNMENT|[38]|d|{"Id":"a260H000001koYjQAI","Name":"doc 2","End_Time__c":68400000,"Speciality__c":"General Surgery","Start_Time__c":43200000}|0x676a02b0
14:24:39.0 (19736417)|STATEMENT_EXECUTE|[39]
14:24:39.0 (19769714)|HEAP_ALLOCATE|[39]|Bytes:4
14:24:39.0 (19808943)|HEAP_ALLOCATE|[39]|Bytes:150
14:24:39.0 (19823979)|HEAP_ALLOCATE|[39]|Bytes:4
14:24:39.0 (19833620)|HEAP_ALLOCATE|[39]|Bytes:7
14:24:39.0 (19868663)|VARIABLE_ASSIGNMENT|[EXTERNAL]|this|{"aptdum":"0x1a32b269","Docdum":"0x3346c658","Docmap":"0x4170eeb1","Initialselected":0,"Selecteddoc":"a260H000001koYjQAI","SelectedtimeSlot":30,"timewraplistInitial":"0x50c4a62f"}|0x35c1a4c2
14:24:39.0 (19888804)|HEAP_ALLOCATE|[39]|Bytes:7
14:24:39.0 (19919676)|VARIABLE_ASSIGNMENT|[EXTERNAL]|this|{"aptdum":"0x1a32b269","Docdum":"0x3346c658","Docmap":"0x4170eeb1","Initialselected":0,"Selecteddoc":"a260H000001koYjQAI","SelectedtimeSlot":30,"timewraplistInitial":"0x50c4a62f"}|0x35c1a4c2
14:24:39.0 (20284512)|SOQL_EXECUTE_BEGIN|[39]|Aggregations:0|SELECT Id, Name, Doctor__c, Patient__c, End_Time__c, Start_Time__c FROM Appointment__c WHERE (Doctor__c = :tmpVar1 AND Appointment_Date__c = :tmpVar2)
14:24:39.0 (30351188)|SOQL_EXECUTE_END|[39]|Rows:1
14:24:39.0 (30372368)|HEAP_ALLOCATE|[39]|Bytes:8
14:24:39.0 (30388369)|HEAP_ALLOCATE|[39]|Bytes:147
14:24:39.0 (30418161)|HEAP_ALLOCATE|[39]|Bytes:8
14:24:39.0 (30442671)|HEAP_ALLOCATE|[39]|Bytes:28
14:24:39.0 (30447971)|HEAP_ALLOCATE|[39]|Bytes:28
14:24:39.0 (30451142)|HEAP_ALLOCATE|[39]|Bytes:4
14:24:39.0 (30459647)|VARIABLE_SCOPE_BEGIN|[39]|aptlist|List<Appointment__c>|true|false
14:24:39.0 (30469470)|HEAP_ALLOCATE|[EXTERNAL]|Bytes:8
14:24:39.0 (30491181)|VARIABLE_ASSIGNMENT|[39]|aptlist|[{"Id":"a250H00000HaxnFQAR","Name":"A-00000","Doctor__c":"a260H000001koYjQAI","Patient__c":"a270H000006vXivQAE","End_Time__c":61200000,"Start_Time__c":54000000}]|0x76e79cbb
14:24:39.0 (30500176)|STATEMENT_EXECUTE|[40]
14:24:39.0 (30522692)|HEAP_ALLOCATE|[40]|Bytes:4
14:24:39.0 (30570263)|VARIABLE_ASSIGNMENT|[40]|timeset|[]|0x6a7572c9
14:24:39.0 (30644976)|HEAP_ALLOCATE|[41]|Bytes:5
14:24:39.0 (30657742)|HEAP_ALLOCATE|[41]|Bytes:28
14:24:39.0 (30665639)|VARIABLE_SCOPE_BEGIN|[41]|apt|Appointment__c|true|false
14:24:39.0 (30684792)|VARIABLE_ASSIGNMENT|[41]|apt|{"Id":"a250H00000HaxnFQAR","Name":"A-00000","Doctor__c":"a260H000001koYjQAI","Patient__c":"a270H000006vXivQAE","End_Time__c":61200000,"Start_Time__c":54000000}|0x506e4021
14:24:39.0 (30693293)|STATEMENT_EXECUTE|[41]
14:24:39.0 (30695257)|STATEMENT_EXECUTE|[43]
14:24:39.0 (30724017)|VARIABLE_SCOPE_BEGIN|[43]|t|Time|false|false
14:24:39.0 (30737582)|VARIABLE_ASSIGNMENT|[43]|t|54000000
14:24:39.0 (30742498)|STATEMENT_EXECUTE|[44]
14:24:39.0 (30810185)|VARIABLE_SCOPE_BEGIN|[44]|i|Integer|false|false
14:24:39.0 (30819271)|HEAP_ALLOCATE|[44]|Bytes:4
14:24:39.0 (30826244)|VARIABLE_ASSIGNMENT|[44]|i|2
14:24:39.0 (30830590)|STATEMENT_EXECUTE|[45]
14:24:39.0 (30855479)|HEAP_ALLOCATE|[45]|Bytes:28
14:24:39.0 (30860409)|HEAP_ALLOCATE|[45]|Bytes:28
14:24:39.0 (30864640)|VARIABLE_SCOPE_BEGIN|[45]|i1|Decimal|false|false
14:24:39.0 (30880022)|VARIABLE_ASSIGNMENT|[45]|i1|0
14:24:39.0 (30884022)|STATEMENT_EXECUTE|[46]
14:24:39.0 (30908171)|HEAP_ALLOCATE|[EXTERNAL]|Bytes:4
14:24:39.0 (30927130)|STATEMENT_EXECUTE|[47]
14:24:39.0 (30929064)|STATEMENT_EXECUTE|[48]
14:24:39.0 (30950314)|USER_DEBUG|[48]|DEBUG|15:00:00.000Z
14:24:39.0 (30958795)|STATEMENT_EXECUTE|[49]
14:24:39.0 (30984412)|HEAP_ALLOCATE|[49]|Bytes:4
14:24:39.0 (31000171)|VARIABLE_ASSIGNMENT|[49]|t|55800000
14:24:39.0 (31005512)|STATEMENT_EXECUTE|[50]
14:24:39.0 (31008668)|HEAP_ALLOCATE|[50]|Bytes:3
14:24:39.0 (31021888)|HEAP_ALLOCATE|[50]|Bytes:28
14:24:39.0 (31059875)|HEAP_ALLOCATE|[50]|Bytes:28
14:24:39.0 (31076115)|VARIABLE_ASSIGNMENT|[50]|i1|0.5
14:24:39.0 (31081159)|STATEMENT_EXECUTE|[51]
14:24:39.0 (31096569)|HEAP_ALLOCATE|[EXTERNAL]|Bytes:4
14:24:39.0 (31109101)|HEAP_ALLOCATE|[52]|Bytes:28
14:24:39.0 (31113428)|HEAP_ALLOCATE|[52]|Bytes:28
14:24:39.0 (31119471)|HEAP_ALLOCATE|[52]|Bytes:28
14:24:39.0 (31141613)|HEAP_ALLOCATE|[52]|Bytes:28
14:24:39.0 (31167890)|STATEMENT_EXECUTE|[47]
14:24:39.0 (31169800)|STATEMENT_EXECUTE|[48]
14:24:39.0 (31177973)|USER_DEBUG|[48]|DEBUG|15:30:00.000Z
14:24:39.0 (31185413)|STATEMENT_EXECUTE|[49]
14:24:39.0 (31194156)|HEAP_ALLOCATE|[49]|Bytes:4
14:24:39.0 (31207125)|VARIABLE_ASSIGNMENT|[49]|t|57600000
14:24:39.0 (31211760)|STATEMENT_EXECUTE|[50]
14:24:39.0 (31216502)|HEAP_ALLOCATE|[50]|Bytes:28
14:24:39.0 (31228475)|HEAP_ALLOCATE|[50]|Bytes:28
14:24:39.0 (31245219)|VARIABLE_ASSIGNMENT|[50]|i1|1.0
14:24:39.0 (31249707)|STATEMENT_EXECUTE|[51]
14:24:39.0 (31255273)|HEAP_ALLOCATE|[EXTERNAL]|Bytes:4
14:24:39.0 (31265663)|HEAP_ALLOCATE|[52]|Bytes:28
14:24:39.0 (31269936)|HEAP_ALLOCATE|[52]|Bytes:28
14:24:39.0 (31274903)|HEAP_ALLOCATE|[52]|Bytes:28
14:24:39.0 (31287882)|HEAP_ALLOCATE|[52]|Bytes:28
14:24:39.0 (31306918)|STATEMENT_EXECUTE|[47]
14:24:39.0 (31308722)|STATEMENT_EXECUTE|[48]
14:24:39.0 (31315376)|USER_DEBUG|[48]|DEBUG|16:00:00.000Z
14:24:39.0 (31321865)|STATEMENT_EXECUTE|[49]
14:24:39.0 (31329217)|HEAP_ALLOCATE|[49]|Bytes:4
14:24:39.0 (31341199)|VARIABLE_ASSIGNMENT|[49]|t|59400000
14:24:39.0 (31345636)|STATEMENT_EXECUTE|[50]
14:24:39.0 (31349673)|HEAP_ALLOCATE|[50]|Bytes:28
14:24:39.0 (31360520)|HEAP_ALLOCATE|[50]|Bytes:28
14:24:39.0 (31370979)|VARIABLE_ASSIGNMENT|[50]|i1|1.5
14:24:39.0 (31375152)|STATEMENT_EXECUTE|[51]
14:24:39.0 (31379870)|HEAP_ALLOCATE|[EXTERNAL]|Bytes:4
14:24:39.0 (31388416)|HEAP_ALLOCATE|[52]|Bytes:28
14:24:39.0 (31391878)|HEAP_ALLOCATE|[52]|Bytes:28
14:24:39.0 (31396026)|HEAP_ALLOCATE|[52]|Bytes:28
14:24:39.0 (31407660)|HEAP_ALLOCATE|[52]|Bytes:28
14:24:39.0 (31432289)|HEAP_ALLOCATE|[41]|Bytes:5
14:24:39.0 (31443731)|VARIABLE_ASSIGNMENT|[41]|apt|null|
14:24:39.0 (31448879)|STATEMENT_EXECUTE|[63]
14:24:39.0 (31503582)|HEAP_ALLOCATE|[63]|Bytes:4
14:24:39.0 (31589912)|VARIABLE_ASSIGNMENT|[EXTERNAL]|this|{"aptdum":"0x1a32b269","Docdum":"0x3346c658","Docmap":"0x4170eeb1","Initialselected":0,"Selecteddoc":"a260H000001koYjQAI","SelectedtimeSlot":30,"timewraplistInitial":"0x50c4a62f"}|0x35c1a4c2
14:24:39.0 (31610010)|HEAP_ALLOCATE|[EXTERNAL]|Bytes:4
14:24:39.0 (31617938)|VARIABLE_ASSIGNMENT|[EXTERNAL]|value|[]|0x183cd3e5
14:24:39.0 (31630403)|VARIABLE_ASSIGNMENT|[4]|this.timewraplist|[]|0x35c1a4c2
14:24:39.0 (31640100)|STATEMENT_EXECUTE|[64]
14:24:39.0 (31648473)|HEAP_ALLOCATE|[64]|Bytes:4
14:24:39.0 (31704189)|VARIABLE_ASSIGNMENT|[EXTERNAL]|this|{"aptdum":"0x1a32b269","Docdum":"0x3346c658","Docmap":"0x4170eeb1","Initialselected":0,"Selecteddoc":"a260H000001koYjQAI","SelectedtimeSlot":30,"timewraplist":"0x183cd3e5","timewraplistInitial":"0x50c4a62f"}|0x35c1a4c2
14:24:39.0 (31722579)|HEAP_ALLOCATE|[EXTERNAL]|Bytes:4
14:24:39.0 (31729134)|VARIABLE_ASSIGNMENT|[EXTERNAL]|value|[]|0x4aa17098
14:24:39.0 (31739589)|VARIABLE_ASSIGNMENT|[3]|this.timelist|[]|0x35c1a4c2
14:24:39.0 (31747919)|STATEMENT_EXECUTE|[65]
14:24:39.0 (31773329)|VARIABLE_SCOPE_BEGIN|[65]|t|Time|false|false
14:24:39.0 (31787638)|VARIABLE_ASSIGNMENT|[65]|t|43200000
14:24:39.0 (31792799)|STATEMENT_EXECUTE|[66]
14:24:39.0 (31831994)|VARIABLE_SCOPE_BEGIN|[66]|i|Integer|false|false
14:24:39.0 (31840644)|HEAP_ALLOCATE|[66]|Bytes:4
14:24:39.0 (31847506)|VARIABLE_ASSIGNMENT|[66]|i|7
14:24:39.0 (31851862)|STATEMENT_EXECUTE|[67]
14:24:39.0 (31860090)|HEAP_ALLOCATE|[67]|Bytes:28
14:24:39.0 (31864324)|HEAP_ALLOCATE|[67]|Bytes:28
14:24:39.0 (31868297)|VARIABLE_SCOPE_BEGIN|[67]|i1|Decimal|false|false
14:24:39.0 (31877761)|VARIABLE_ASSIGNMENT|[67]|i1|0
14:24:39.0 (31907321)|STATEMENT_EXECUTE|[68]
14:24:39.0 (31909397)|STATEMENT_EXECUTE|[69]
14:24:39.0 (31954125)|VARIABLE_ASSIGNMENT|[EXTERNAL]|this|{"aptdum":"0x1a32b269","Docdum":"0x3346c658","Docmap":"0x4170eeb1","Initialselected":0,"Selecteddoc":"a260H000001koYjQAI","SelectedtimeSlot":30,"timelist":"0x4aa17098","timewraplist":"0x183cd3e5","timewraplistInitial":"0x50c4a62f"}|0x35c1a4c2
14:24:39.0 (31973116)|HEAP_ALLOCATE|[69]|Bytes:108
14:24:39.0 (31979066)|HEAP_ALLOCATE|[69]|Bytes:11
14:24:39.0 (31990431)|HEAP_ALLOCATE|[69]|Bytes:12
14:24:39.0 (32020454)|CONSTRUCTOR_ENTRY|[69]|01p0H000007gCe8|<init>(Boolean,Time)
14:24:39.0 (32032803)|VARIABLE_SCOPE_BEGIN|[179]|this|docappcontroller.Wrapertimeslot|true|false
14:24:39.0 (32056349)|VARIABLE_ASSIGNMENT|[179]|this|{}|0x79395fa7
14:24:39.0 (32064132)|VARIABLE_SCOPE_BEGIN|[179]|selection|Boolean|false|false
14:24:39.0 (32073215)|VARIABLE_ASSIGNMENT|[179]|selection|false
14:24:39.0 (32079855)|VARIABLE_SCOPE_BEGIN|[179]|tm|Time|false|false
14:24:39.0 (32089585)|VARIABLE_ASSIGNMENT|[179]|tm|43200000
14:24:39.0 (32094771)|STATEMENT_EXECUTE|[175]
14:24:39.0 (32096747)|STATEMENT_EXECUTE|[176]
14:24:39.0 (32098320)|STATEMENT_EXECUTE|[177]
14:24:39.0 (32104209)|HEAP_ALLOCATE|[180]|Bytes:6
14:24:39.0 (32123354)|STATEMENT_EXECUTE|[179]
14:24:39.0 (32125189)|STATEMENT_EXECUTE|[180]
14:24:39.0 (32173884)|VARIABLE_ASSIGNMENT|[EXTERNAL]|this|{}|0x79395fa7
14:24:39.0 (32184941)|VARIABLE_ASSIGNMENT|[EXTERNAL]|value|false
14:24:39.0 (32191906)|HEAP_ALLOCATE|[176]|Bytes:5
14:24:39.0 (32199028)|VARIABLE_ASSIGNMENT|[176]|this.selected|false|0x79395fa7
14:24:39.0 (32208247)|STATEMENT_EXECUTE|[181]
14:24:39.0 (32238441)|VARIABLE_ASSIGNMENT|[EXTERNAL]|this|{"selected":false}|0x79395fa7
14:24:39.0 (32259182)|VARIABLE_ASSIGNMENT|[EXTERNAL]|value|43200000
14:24:39.0 (32269383)|VARIABLE_ASSIGNMENT|[177]|this.t|43200000|0x79395fa7
14:24:39.0 (32287942)|CONSTRUCTOR_EXIT|[69]|01p0H000007gCe8|<init>(Boolean,Time)
14:24:39.0 (32302562)|HEAP_ALLOCATE|[EXTERNAL]|Bytes:4
14:24:39.0 (32309483)|STATEMENT_EXECUTE|[74]
14:24:39.0 (32350516)|VARIABLE_ASSIGNMENT|[EXTERNAL]|this|{"aptdum":"0x1a32b269","Docdum":"0x3346c658","Docmap":"0x4170eeb1","Initialselected":0,"Selecteddoc":"a260H000001koYjQAI","SelectedtimeSlot":30,"timelist":"0x4aa17098","timewraplist":"0x183cd3e5","timewraplistInitial":"0x50c4a62f"}|0x35c1a4c2
14:24:39.0 (32370197)|HEAP_ALLOCATE|[EXTERNAL]|Bytes:4
14:24:39.0 (32383953)|HEAP_ALLOCATE|[77]|Bytes:28
14:24:39.0 (32388342)|HEAP_ALLOCATE|[77]|Bytes:28
14:24:39.0 (32418951)|STATEMENT_EXECUTE|[77]
14:24:39.0 (32420897)|STATEMENT_EXECUTE|[78]
14:24:39.0 (32438216)|USER_DEBUG|[78]|DEBUG|12:00:00.000Z
14:24:39.0 (32446887)|STATEMENT_EXECUTE|[79]
14:24:39.0 (32467324)|HEAP_ALLOCATE|[79]|Bytes:4
14:24:39.0 (32482543)|VARIABLE_ASSIGNMENT|[79]|t|45000000
14:24:39.0 (32487279)|STATEMENT_EXECUTE|[80]
14:24:39.0 (32493739)|HEAP_ALLOCATE|[80]|Bytes:28
14:24:39.0 (32512879)|HEAP_ALLOCATE|[80]|Bytes:28
14:24:39.0 (32525509)|VARIABLE_ASSIGNMENT|[80]|i1|0.5
14:24:39.0 (32530540)|STATEMENT_EXECUTE|[81]
14:24:39.0 (32567009)|VARIABLE_ASSIGNMENT|[EXTERNAL]|this|{"aptdum":"0x1a32b269","Docdum":"0x3346c658","Docmap":"0x4170eeb1","Initialselected":0,"Selecteddoc":"a260H000001koYjQAI","SelectedtimeSlot":30,"timelist":"0x4aa17098","timewraplist":"0x183cd3e5","timewraplistInitial":"0x50c4a62f"}|0x35c1a4c2
14:24:39.0 (32585496)|HEAP_ALLOCATE|[EXTERNAL]|Bytes:4
14:24:39.0 (32611693)|STATEMENT_EXECUTE|[83]
14:24:39.0 (32613628)|STATEMENT_EXECUTE|[84]
14:24:39.0 (32645864)|VARIABLE_ASSIGNMENT|[EXTERNAL]|this|{"aptdum":"0x1a32b269","Docdum":"0x3346c658","Docmap":"0x4170eeb1","Initialselected":0,"Selecteddoc":"a260H000001koYjQAI","SelectedtimeSlot":30,"timelist":"0x4aa17098","timewraplist":"0x183cd3e5","timewraplistInitial":"0x50c4a62f"}|0x35c1a4c2
14:24:39.0 (32660502)|HEAP_ALLOCATE|[84]|Bytes:12
14:24:39.0 (32698564)|CONSTRUCTOR_ENTRY|[84]|01p0H000007gCe8|<init>(Boolean,Time)
14:24:39.0 (32705656)|VARIABLE_SCOPE_BEGIN|[179]|this|docappcontroller.Wrapertimeslot|true|false
14:24:39.0 (32720694)|VARIABLE_ASSIGNMENT|[179]|this|{}|0x28ec99b1
14:24:39.0 (32728011)|VARIABLE_SCOPE_BEGIN|[179]|selection|Boolean|false|false
14:24:39.0 (32735971)|VARIABLE_ASSIGNMENT|[179]|selection|false
14:24:39.0 (32739806)|VARIABLE_SCOPE_BEGIN|[179]|tm|Time|false|false
14:24:39.0 (32749389)|VARIABLE_ASSIGNMENT|[179]|tm|45000000
14:24:39.0 (32754078)|STATEMENT_EXECUTE|[175]
14:24:39.0 (32755986)|STATEMENT_EXECUTE|[176]
14:24:39.0 (32757548)|STATEMENT_EXECUTE|[177]
14:24:39.0 (32767615)|STATEMENT_EXECUTE|[179]
14:24:39.0 (32769308)|STATEMENT_EXECUTE|[180]
14:24:39.0 (32781343)|VARIABLE_ASSIGNMENT|[EXTERNAL]|this|{}|0x28ec99b1
14:24:39.0 (32791581)|VARIABLE_ASSIGNMENT|[EXTERNAL]|value|false
14:24:39.0 (32797081)|HEAP_ALLOCATE|[176]|Bytes:5
14:24:39.0 (32804097)|VARIABLE_ASSIGNMENT|[176]|this.selected|false|0x28ec99b1
14:24:39.0 (32812300)|STATEMENT_EXECUTE|[181]
14:24:39.0 (32824135)|VARIABLE_ASSIGNMENT|[EXTERNAL]|this|{"selected":false}|0x28ec99b1
14:24:39.0 (32833048)|VARIABLE_ASSIGNMENT|[EXTERNAL]|value|45000000
14:24:39.0 (32839992)|VARIABLE_ASSIGNMENT|[177]|this.t|45000000|0x28ec99b1
14:24:39.0 (32853203)|CONSTRUCTOR_EXIT|[84]|01p0H000007gCe8|<init>(Boolean,Time)
14:24:39.0 (32864380)|HEAP_ALLOCATE|[EXTERNAL]|Bytes:4
14:24:39.0 (32876314)|HEAP_ALLOCATE|[77]|Bytes:28
14:24:39.0 (32880397)|HEAP_ALLOCATE|[77]|Bytes:28
14:24:39.0 (32901278)|STATEMENT_EXECUTE|[77]
14:24:39.0 (32903106)|STATEMENT_EXECUTE|[78]
14:24:39.0 (32912650)|USER_DEBUG|[78]|DEBUG|12:30:00.000Z
14:24:39.0 (32919553)|STATEMENT_EXECUTE|[79]
14:24:39.0 (32928624)|HEAP_ALLOCATE|[79]|Bytes:4
14:24:39.0 (32944157)|VARIABLE_ASSIGNMENT|[79]|t|46800000
14:24:39.0 (32948749)|STATEMENT_EXECUTE|[80]
14:24:39.0 (32954152)|HEAP_ALLOCATE|[80]|Bytes:28
14:24:39.0 (32966961)|HEAP_ALLOCATE|[80]|Bytes:28
14:24:39.0 (32978434)|VARIABLE_ASSIGNMENT|[80]|i1|1.0
14:24:39.0 (32983307)|STATEMENT_EXECUTE|[81]
14:24:39.0 (33013727)|VARIABLE_ASSIGNMENT|[EXTERNAL]|this|{"aptdum":"0x1a32b269","Docdum":"0x3346c658","Docmap":"0x4170eeb1","Initialselected":0,"Selecteddoc":"a260H000001koYjQAI","SelectedtimeSlot":30,"timelist":"0x4aa17098","timewraplist":"0x183cd3e5","timewraplistInitial":"0x50c4a62f"}|0x35c1a4c2
14:24:39.0 (33030413)|HEAP_ALLOCATE|[EXTERNAL]|Bytes:4
14:24:39.0 (33043001)|STATEMENT_EXECUTE|[83]
14:24:39.0 (33044725)|STATEMENT_EXECUTE|[84]
14:24:39.0 (33070603)|VARIABLE_ASSIGNMENT|[EXTERNAL]|this|{"aptdum":"0x1a32b269","Docdum":"0x3346c658","Docmap":"0x4170eeb1","Initialselected":0,"Selecteddoc":"a260H000001koYjQAI","SelectedtimeSlot":30,"timelist":"0x4aa17098","timewraplist":"0x183cd3e5","timewraplistInitial":"0x50c4a62f"}|0x35c1a4c2
14:24:39.0 (33082855)|HEAP_ALLOCATE|[84]|Bytes:12
14:24:39.0 (33094094)|CONSTRUCTOR_ENTRY|[84]|01p0H000007gCe8|<init>(Boolean,Time)
14:24:39.0 (33100116)|VARIABLE_SCOPE_BEGIN|[179]|this|docappcontroller.Wrapertimeslot|true|false
14:24:39.0 (33117367)|VARIABLE_ASSIGNMENT|[179]|this|{}|0x567b8070
14:24:39.0 (33124570)|VARIABLE_SCOPE_BEGIN|[179]|selection|Boolean|false|false
14:24:39.0 (33132543)|VARIABLE_ASSIGNMENT|[179]|selection|false
14:24:39.0 (33136274)|VARIABLE_SCOPE_BEGIN|[179]|tm|Time|false|false
14:24:39.0 (33144223)|VARIABLE_ASSIGNMENT|[179]|tm|46800000
14:24:39.0 (33149204)|STATEMENT_EXECUTE|[175]
14:24:39.0 (33151290)|STATEMENT_EXECUTE|[176]
14:24:39.0 (33152856)|STATEMENT_EXECUTE|[177]
14:24:39.0 (33162176)|STATEMENT_EXECUTE|[179]
14:24:39.0 (33163743)|STATEMENT_EXECUTE|[180]
14:24:39.0 (33174999)|VARIABLE_ASSIGNMENT|[EXTERNAL]|this|{}|0x567b8070
14:24:39.0 (33183575)|VARIABLE_ASSIGNMENT|[EXTERNAL]|value|false
14:24:39.0 (33189253)|HEAP_ALLOCATE|[176]|Bytes:5
14:24:39.0 (33195043)|VARIABLE_ASSIGNMENT|[176]|this.selected|false|0x567b8070
14:24:39.0 (33203091)|STATEMENT_EXECUTE|[181]
14:24:39.0 (33214553)|VARIABLE_ASSIGNMENT|[EXTERNAL]|this|{"selected":false}|0x567b8070
14:24:39.0 (33223330)|VARIABLE_ASSIGNMENT|[EXTERNAL]|value|46800000
14:24:39.0 (33230123)|VARIABLE_ASSIGNMENT|[177]|this.t|46800000|0x567b8070
14:24:39.0 (33248156)|CONSTRUCTOR_EXIT|[84]|01p0H000007gCe8|<init>(Boolean,Time)
14:24:39.0 (33258143)|HEAP_ALLOCATE|[EXTERNAL]|Bytes:4
14:24:39.0 (33269049)|HEAP_ALLOCATE|[77]|Bytes:28
14:24:39.0 (33272819)|HEAP_ALLOCATE|[77]|Bytes:28
14:24:39.0 (33290429)|STATEMENT_EXECUTE|[77]
14:24:39.0 (33292371)|STATEMENT_EXECUTE|[78]
14:24:39.0 (33300805)|USER_DEBUG|[78]|DEBUG|13:00:00.000Z
14:24:39.0 (33307442)|STATEMENT_EXECUTE|[79]
14:24:39.0 (33316368)|HEAP_ALLOCATE|[79]|Bytes:4
14:24:39.0 (33328809)|VARIABLE_ASSIGNMENT|[79]|t|48600000
14:24:39.0 (33333485)|STATEMENT_EXECUTE|[80]
14:24:39.0 (33338730)|HEAP_ALLOCATE|[80]|Bytes:28
14:24:39.0 (33350439)|HEAP_ALLOCATE|[80]|Bytes:28
14:24:39.0 (33360934)|VARIABLE_ASSIGNMENT|[80]|i1|1.5
14:24:39.0 (33364940)|STATEMENT_EXECUTE|[81]
14:24:39.0 (33394882)|VARIABLE_ASSIGNMENT|[EXTERNAL]|this|{"aptdum":"0x1a32b269","Docdum":"0x3346c658","Docmap":"0x4170eeb1","Initialselected":0,"Selecteddoc":"a260H000001koYjQAI","SelectedtimeSlot":30,"timelist":"0x4aa17098","timewraplist":"0x183cd3e5","timewraplistInitial":"0x50c4a62f"}|0x35c1a4c2
14:24:39.0 (33410895)|HEAP_ALLOCATE|[EXTERNAL]|Bytes:4
14:24:39.0 (33423167)|STATEMENT_EXECUTE|[83]
14:24:39.0 (33424879)|STATEMENT_EXECUTE|[84]
14:24:39.0 (33449536)|VARIABLE_ASSIGNMENT|[EXTERNAL]|this|{"aptdum":"0x1a32b269","Docdum":"0x3346c658","Docmap":"0x4170eeb1","Initialselected":0,"Selecteddoc":"a260H000001koYjQAI","SelectedtimeSlot":30,"timelist":"0x4aa17098","timewraplist":"0x183cd3e5","timewraplistInitial":"0x50c4a62f"}|0x35c1a4c2
14:24:39.0 (33462616)|HEAP_ALLOCATE|[84]|Bytes:12
14:24:39.0 (33473100)|CONSTRUCTOR_ENTRY|[84]|01p0H000007gCe8|<init>(Boolean,Time)
14:24:39.0 (33478268)|VARIABLE_SCOPE_BEGIN|[179]|this|docappcontroller.Wrapertimeslot|true|false
14:24:39.0 (33491310)|VARIABLE_ASSIGNMENT|[179]|this|{}|0x2d515a4f
14:24:39.0 (33497828)|VARIABLE_SCOPE_BEGIN|[179]|selection|Boolean|false|false
14:24:39.0 (33505104)|VARIABLE_ASSIGNMENT|[179]|selection|false
14:24:39.0 (33508956)|VARIABLE_SCOPE_BEGIN|[179]|tm|Time|false|false
14:24:39.0 (33516617)|VARIABLE_ASSIGNMENT|[179]|tm|48600000
14:24:39.0 (33521731)|STATEMENT_EXECUTE|[175]
14:24:39.0 (33523465)|STATEMENT_EXECUTE|[176]
14:24:39.0 (33524971)|STATEMENT_EXECUTE|[177]
14:24:39.0 (33534233)|STATEMENT_EXECUTE|[179]
14:24:39.0 (33535792)|STATEMENT_EXECUTE|[180]
14:24:39.0 (33546444)|VARIABLE_ASSIGNMENT|[EXTERNAL]|this|{}|0x2d515a4f
14:24:39.0 (33555537)|VARIABLE_ASSIGNMENT|[EXTERNAL]|value|false
14:24:39.0 (33561169)|HEAP_ALLOCATE|[176]|Bytes:5
14:24:39.0 (33566844)|VARIABLE_ASSIGNMENT|[176]|this.selected|false|0x2d515a4f
14:24:39.0 (33573939)|STATEMENT_EXECUTE|[181]
14:24:39.0 (33585120)|VARIABLE_ASSIGNMENT|[EXTERNAL]|this|{"selected":false}|0x2d515a4f
14:24:39.0 (33594033)|VARIABLE_ASSIGNMENT|[EXTERNAL]|value|48600000
14:24:39.0 (33601377)|VARIABLE_ASSIGNMENT|[177]|this.t|48600000|0x2d515a4f
14:24:39.0 (33613757)|CONSTRUCTOR_EXIT|[84]|01p0H000007gCe8|<init>(Boolean,Time)
14:24:39.0 (33622913)|HEAP_ALLOCATE|[EXTERNAL]|Bytes:4
14:24:39.0 (33633347)|HEAP_ALLOCATE|[77]|Bytes:28
14:24:39.0 (33637392)|HEAP_ALLOCATE|[77]|Bytes:28
14:24:39.0 (33655114)|STATEMENT_EXECUTE|[77]
14:24:39.0 (33656953)|STATEMENT_EXECUTE|[78]
14:24:39.0 (33665747)|USER_DEBUG|[78]|DEBUG|13:30:00.000Z
14:24:39.0 (33673000)|STATEMENT_EXECUTE|[79]
14:24:39.0 (33681473)|HEAP_ALLOCATE|[79]|Bytes:4
14:24:39.0 (33693956)|VARIABLE_ASSIGNMENT|[79]|t|50400000
14:24:39.0 (33699413)|STATEMENT_EXECUTE|[80]
14:24:39.0 (33704250)|HEAP_ALLOCATE|[80]|Bytes:28
14:24:39.0 (33716282)|HEAP_ALLOCATE|[80]|Bytes:28
14:24:39.0 (33726534)|VARIABLE_ASSIGNMENT|[80]|i1|2.0
14:24:39.0 (33731329)|STATEMENT_EXECUTE|[81]
14:24:39.0 (33761316)|VARIABLE_ASSIGNMENT|[EXTERNAL]|this|{"aptdum":"0x1a32b269","Docdum":"0x3346c658","Docmap":"0x4170eeb1","Initialselected":0,"Selecteddoc":"a260H000001koYjQAI","SelectedtimeSlot":30,"timelist":"0x4aa17098","timewraplist":"0x183cd3e5","timewraplistInitial":"0x50c4a62f"}|0x35c1a4c2
14:24:39.0 (33776352)|HEAP_ALLOCATE|[EXTERNAL]|Bytes:4
14:24:39.0 (33787933)|STATEMENT_EXECUTE|[83]
14:24:39.0 (33789565)|STATEMENT_EXECUTE|[84]
14:24:39.0 (33813823)|VARIABLE_ASSIGNMENT|[EXTERNAL]|this|{"aptdum":"0x1a32b269","Docdum":"0x3346c658","Docmap":"0x4170eeb1","Initialselected":0,"Selecteddoc":"a260H000001koYjQAI","SelectedtimeSlot":30,"timelist":"0x4aa17098","timewraplist":"0x183cd3e5","timewraplistInitial":"0x50c4a62f"}|0x35c1a4c2
14:24:39.0 (33827222)|HEAP_ALLOCATE|[84]|Bytes:12
14:24:39.0 (33837910)|CONSTRUCTOR_ENTRY|[84]|01p0H000007gCe8|<init>(Boolean,Time)
14:24:39.0 (33843127)|VARIABLE_SCOPE_BEGIN|[179]|this|docappcontroller.Wrapertimeslot|true|false
14:24:39.0 (33856425)|VARIABLE_ASSIGNMENT|[179]|this|{}|0x4c7b09cd
14:24:39.0 (33862653)|VARIABLE_SCOPE_BEGIN|[179]|selection|Boolean|false|false
14:24:39.0 (33870063)|VARIABLE_ASSIGNMENT|[179]|selection|false
14:24:39.0 (33873504)|VARIABLE_SCOPE_BEGIN|[179]|tm|Time|false|false
14:24:39.0 (33881512)|VARIABLE_ASSIGNMENT|[179]|tm|50400000
14:24:39.0 (33886162)|STATEMENT_EXECUTE|[175]
14:24:39.0 (33887825)|STATEMENT_EXECUTE|[176]
14:24:39.0 (33889313)|STATEMENT_EXECUTE|[177]
14:24:39.0 (33897613)|STATEMENT_EXECUTE|[179]
14:24:39.0 (33899119)|STATEMENT_EXECUTE|[180]
14:24:39.0 (33910074)|VARIABLE_ASSIGNMENT|[EXTERNAL]|this|{}|0x4c7b09cd
14:24:39.0 (33918739)|VARIABLE_ASSIGNMENT|[EXTERNAL]|value|false
14:24:39.0 (33923986)|HEAP_ALLOCATE|[176]|Bytes:5
14:24:39.0 (33929784)|VARIABLE_ASSIGNMENT|[176]|this.selected|false|0x4c7b09cd
14:24:39.0 (33937112)|STATEMENT_EXECUTE|[181]
14:24:39.0 (33948333)|VARIABLE_ASSIGNMENT|[EXTERNAL]|this|{"selected":false}|0x4c7b09cd
14:24:39.0 (33957190)|VARIABLE_ASSIGNMENT|[EXTERNAL]|value|50400000
14:24:39.0 (33964096)|VARIABLE_ASSIGNMENT|[177]|this.t|50400000|0x4c7b09cd
14:24:39.0 (33976909)|CONSTRUCTOR_EXIT|[84]|01p0H000007gCe8|<init>(Boolean,Time)
14:24:39.0 (33986153)|HEAP_ALLOCATE|[EXTERNAL]|Bytes:4
14:24:39.0 (33996163)|HEAP_ALLOCATE|[77]|Bytes:28
14:24:39.0 (33999849)|HEAP_ALLOCATE|[77]|Bytes:28
14:24:39.0 (34017681)|STATEMENT_EXECUTE|[77]
14:24:39.0 (34019937)|STATEMENT_EXECUTE|[78]
14:24:39.0 (34027923)|USER_DEBUG|[78]|DEBUG|14:00:00.000Z
14:24:39.0 (34034088)|STATEMENT_EXECUTE|[79]
14:24:39.0 (34042240)|HEAP_ALLOCATE|[79]|Bytes:4
14:24:39.0 (34054661)|VARIABLE_ASSIGNMENT|[79]|t|52200000
14:24:39.0 (34059472)|STATEMENT_EXECUTE|[80]
14:24:39.0 (34064156)|HEAP_ALLOCATE|[80]|Bytes:28
14:24:39.0 (34076011)|HEAP_ALLOCATE|[80]|Bytes:28
14:24:39.0 (34087076)|VARIABLE_ASSIGNMENT|[80]|i1|2.5
14:24:39.0 (34091453)|STATEMENT_EXECUTE|[81]
14:24:39.0 (34119920)|VARIABLE_ASSIGNMENT|[EXTERNAL]|this|{"aptdum":"0x1a32b269","Docdum":"0x3346c658","Docmap":"0x4170eeb1","Initialselected":0,"Selecteddoc":"a260H000001koYjQAI","SelectedtimeSlot":30,"timelist":"0x4aa17098","timewraplist":"0x183cd3e5","timewraplistInitial":"0x50c4a62f"}|0x35c1a4c2
14:24:39.0 (34134434)|HEAP_ALLOCATE|[EXTERNAL]|Bytes:4
14:24:39.0 (34145969)|STATEMENT_EXECUTE|[83]
14:24:39.0 (34147721)|STATEMENT_EXECUTE|[84]
14:24:39.0 (34171541)|VARIABLE_ASSIGNMENT|[EXTERNAL]|this|{"aptdum":"0x1a32b269","Docdum":"0x3346c658","Docmap":"0x4170eeb1","Initialselected":0,"Selecteddoc":"a260H000001koYjQAI","SelectedtimeSlot":30,"timelist":"0x4aa17098","timewraplist":"0x183cd3e5","timewraplistInitial":"0x50c4a62f"}|0x35c1a4c2
14:24:39.0 (34184487)|HEAP_ALLOCATE|[84]|Bytes:12
14:24:39.0 (34194770)|CONSTRUCTOR_ENTRY|[84]|01p0H000007gCe8|<init>(Boolean,Time)
14:24:39.0 (34200722)|VARIABLE_SCOPE_BEGIN|[179]|this|docappcontroller.Wrapertimeslot|true|false
14:24:39.0 (34214954)|VARIABLE_ASSIGNMENT|[179]|this|{}|0xcd4021a
14:24:39.0 (34221477)|VARIABLE_SCOPE_BEGIN|[179]|selection|Boolean|false|false
14:24:39.0 (34229036)|VARIABLE_ASSIGNMENT|[179]|selection|false
14:24:39.0 (34232870)|VARIABLE_SCOPE_BEGIN|[179]|tm|Time|false|false
14:24:39.0 (34245735)|VARIABLE_ASSIGNMENT|[179]|tm|52200000
14:24:39.0 (34250652)|STATEMENT_EXECUTE|[175]
14:24:39.0 (34252453)|STATEMENT_EXECUTE|[176]
14:24:39.0 (34254158)|STATEMENT_EXECUTE|[177]
14:24:39.0 (34262891)|STATEMENT_EXECUTE|[179]
14:24:39.0 (34264411)|STATEMENT_EXECUTE|[180]
14:24:39.0 (34275747)|VARIABLE_ASSIGNMENT|[EXTERNAL]|this|{}|0xcd4021a
14:24:39.0 (34284309)|VARIABLE_ASSIGNMENT|[EXTERNAL]|value|false
14:24:39.0 (34289833)|HEAP_ALLOCATE|[176]|Bytes:5
14:24:39.0 (34295116)|VARIABLE_ASSIGNMENT|[176]|this.selected|false|0xcd4021a
14:24:39.0 (34302771)|STATEMENT_EXECUTE|[181]
14:24:39.0 (34314125)|VARIABLE_ASSIGNMENT|[EXTERNAL]|this|{"selected":false}|0xcd4021a
14:24:39.0 (34322982)|VARIABLE_ASSIGNMENT|[EXTERNAL]|value|52200000
14:24:39.0 (34329608)|VARIABLE_ASSIGNMENT|[177]|this.t|52200000|0xcd4021a
14:24:39.0 (34342288)|CONSTRUCTOR_EXIT|[84]|01p0H000007gCe8|<init>(Boolean,Time)
14:24:39.0 (34351198)|HEAP_ALLOCATE|[EXTERNAL]|Bytes:4
14:24:39.0 (34361894)|HEAP_ALLOCATE|[77]|Bytes:28
14:24:39.0 (34365528)|HEAP_ALLOCATE|[77]|Bytes:28
14:24:39.0 (34382753)|STATEMENT_EXECUTE|[77]
14:24:39.0 (34384544)|STATEMENT_EXECUTE|[78]
14:24:39.0 (34392608)|USER_DEBUG|[78]|DEBUG|14:30:00.000Z
14:24:39.0 (34399142)|STATEMENT_EXECUTE|[79]
14:24:39.0 (34407223)|HEAP_ALLOCATE|[79]|Bytes:4
14:24:39.0 (34419951)|VARIABLE_ASSIGNMENT|[79]|t|54000000
14:24:39.0 (34424310)|STATEMENT_EXECUTE|[80]
14:24:39.0 (34428849)|HEAP_ALLOCATE|[80]|Bytes:28
14:24:39.0 (34440360)|HEAP_ALLOCATE|[80]|Bytes:28
14:24:39.0 (34450664)|VARIABLE_ASSIGNMENT|[80]|i1|3.0
14:24:39.0 (34454916)|STATEMENT_EXECUTE|[81]
14:24:39.0 (34483823)|VARIABLE_ASSIGNMENT|[EXTERNAL]|this|{"aptdum":"0x1a32b269","Docdum":"0x3346c658","Docmap":"0x4170eeb1","Initialselected":0,"Selecteddoc":"a260H000001koYjQAI","SelectedtimeSlot":30,"timelist":"0x4aa17098","timewraplist":"0x183cd3e5","timewraplistInitial":"0x50c4a62f"}|0x35c1a4c2
14:24:39.0 (34499027)|HEAP_ALLOCATE|[EXTERNAL]|Bytes:4
14:24:39.0 (34525731)|STATEMENT_EXECUTE|[85]
14:24:39.0 (34527757)|STATEMENT_EXECUTE|[86]
14:24:39.0 (34565315)|VARIABLE_ASSIGNMENT|[EXTERNAL]|this|{"aptdum":"0x1a32b269","Docdum":"0x3346c658","Docmap":"0x4170eeb1","Initialselected":0,"Selecteddoc":"a260H000001koYjQAI","SelectedtimeSlot":30,"timelist":"0x4aa17098","timewraplist":"0x183cd3e5","timewraplistInitial":"0x50c4a62f"}|0x35c1a4c2
14:24:39.0 (34580218)|HEAP_ALLOCATE|[86]|Bytes:12
14:24:39.0 (34592245)|CONSTRUCTOR_ENTRY|[86]|01p0H000007gCe8|<init>(Boolean,Time)
14:24:39.0 (34598198)|VARIABLE_SCOPE_BEGIN|[179]|this|docappcontroller.Wrapertimeslot|true|false
14:24:39.0 (34612091)|VARIABLE_ASSIGNMENT|[179]|this|{}|0x2e898a10
14:24:39.0 (34618654)|VARIABLE_SCOPE_BEGIN|[179]|selection|Boolean|false|false
14:24:39.0 (34626390)|VARIABLE_ASSIGNMENT|[179]|selection|true
14:24:39.0 (34630475)|VARIABLE_SCOPE_BEGIN|[179]|tm|Time|false|false
14:24:39.0 (34639191)|VARIABLE_ASSIGNMENT|[179]|tm|54000000
14:24:39.0 (34643806)|STATEMENT_EXECUTE|[175]
14:24:39.0 (34645879)|STATEMENT_EXECUTE|[176]
14:24:39.0 (34647531)|STATEMENT_EXECUTE|[177]
14:24:39.0 (34655839)|STATEMENT_EXECUTE|[179]
14:24:39.0 (34657426)|STATEMENT_EXECUTE|[180]
14:24:39.0 (34668425)|VARIABLE_ASSIGNMENT|[EXTERNAL]|this|{}|0x2e898a10
14:24:39.0 (34677103)|VARIABLE_ASSIGNMENT|[EXTERNAL]|value|true
14:24:39.0 (34682311)|HEAP_ALLOCATE|[176]|Bytes:5
14:24:39.0 (34688045)|VARIABLE_ASSIGNMENT|[176]|this.selected|true|0x2e898a10
14:24:39.0 (34695265)|STATEMENT_EXECUTE|[181]
14:24:39.0 (34706392)|VARIABLE_ASSIGNMENT|[EXTERNAL]|this|{"selected":true}|0x2e898a10
14:24:39.0 (34715397)|VARIABLE_ASSIGNMENT|[EXTERNAL]|value|54000000
14:24:39.0 (34722011)|VARIABLE_ASSIGNMENT|[177]|this.t|54000000|0x2e898a10
14:24:39.0 (34734718)|CONSTRUCTOR_EXIT|[86]|01p0H000007gCe8|<init>(Boolean,Time)
14:24:39.0 (34745865)|HEAP_ALLOCATE|[EXTERNAL]|Bytes:4
14:24:39.0 (34754493)|STATEMENT_EXECUTE|[87]
14:24:39.0 (34760589)|HEAP_ALLOCATE|[87]|Bytes:4
14:24:39.0 (34768117)|VARIABLE_ASSIGNMENT|[87]|this.Initialselected|1|0x35c1a4c2
14:24:39.0 (34778654)|HEAP_ALLOCATE|[77]|Bytes:28
14:24:39.0 (34782197)|HEAP_ALLOCATE|[77]|Bytes:28
14:24:39.0 (34801227)|STATEMENT_EXECUTE|[77]
14:24:39.0 (34803016)|STATEMENT_EXECUTE|[78]
14:24:39.0 (34811758)|USER_DEBUG|[78]|DEBUG|15:00:00.000Z
14:24:39.0 (34819004)|STATEMENT_EXECUTE|[79]
14:24:39.0 (34827354)|HEAP_ALLOCATE|[79]|Bytes:4
14:24:39.0 (34840269)|VARIABLE_ASSIGNMENT|[79]|t|55800000
14:24:39.0 (34844722)|STATEMENT_EXECUTE|[80]
14:24:39.0 (34849589)|HEAP_ALLOCATE|[80]|Bytes:28
14:24:39.0 (34861657)|HEAP_ALLOCATE|[80]|Bytes:28
14:24:39.0 (34872376)|VARIABLE_ASSIGNMENT|[80]|i1|3.5
14:24:39.0 (34877406)|STATEMENT_EXECUTE|[81]
14:24:39.0 (34907511)|VARIABLE_ASSIGNMENT|[EXTERNAL]|this|{"aptdum":"0x1a32b269","Docdum":"0x3346c658","Docmap":"0x4170eeb1","Initialselected":1,"Selecteddoc":"a260H000001koYjQAI","SelectedtimeSlot":30,"timelist":"0x4aa17098","timewraplist":"0x183cd3e5","timewraplistInitial":"0x50c4a62f"}|0x35c1a4c2
14:24:39.0 (34922860)|HEAP_ALLOCATE|[EXTERNAL]|Bytes:4
14:24:39.0 (34934783)|STATEMENT_EXECUTE|[85]
14:24:39.0 (34936583)|STATEMENT_EXECUTE|[86]
14:24:39.0 (34961979)|VARIABLE_ASSIGNMENT|[EXTERNAL]|this|{"aptdum":"0x1a32b269","Docdum":"0x3346c658","Docmap":"0x4170eeb1","Initialselected":1,"Selecteddoc":"a260H000001koYjQAI","SelectedtimeSlot":30,"timelist":"0x4aa17098","timewraplist":"0x183cd3e5","timewraplistInitial":"0x50c4a62f"}|0x35c1a4c2
14:24:39.0 (34974529)|HEAP_ALLOCATE|[86]|Bytes:12
14:24:39.0 (34985410)|CONSTRUCTOR_ENTRY|[86]|01p0H000007gCe8|<init>(Boolean,Time)
14:24:39.0 (34991010)|VARIABLE_SCOPE_BEGIN|[179]|this|docappcontroller.Wrapertimeslot|true|false
14:24:39.0 (35004723)|VARIABLE_ASSIGNMENT|[179]|this|{}|0x1054f4e2
14:24:39.0 (35011588)|VARIABLE_SCOPE_BEGIN|[179]|selection|Boolean|false|false
14:24:39.0 (35019643)|VARIABLE_ASSIGNMENT|[179]|selection|true
14:24:39.0 (35023375)|VARIABLE_SCOPE_BEGIN|[179]|tm|Time|false|false
14:24:39.0 (35031981)|VARIABLE_ASSIGNMENT|[179]|tm|55800000
14:24:39.0 (35036949)|STATEMENT_EXECUTE|[175]
14:24:39.0 (35038688)|STATEMENT_EXECUTE|[176]
14:24:39.0 (35040187)|STATEMENT_EXECUTE|[177]
14:24:39.0 (35048943)|STATEMENT_EXECUTE|[179]
14:24:39.0 (35050542)|STATEMENT_EXECUTE|[180]
14:24:39.0 (35061815)|VARIABLE_ASSIGNMENT|[EXTERNAL]|this|{}|0x1054f4e2
14:24:39.0 (35071180)|VARIABLE_ASSIGNMENT|[EXTERNAL]|value|true
14:24:39.0 (35076038)|HEAP_ALLOCATE|[176]|Bytes:5
14:24:39.0 (35081852)|VARIABLE_ASSIGNMENT|[176]|this.selected|true|0x1054f4e2
14:24:39.0 (35089203)|STATEMENT_EXECUTE|[181]
14:24:39.0 (35100132)|VARIABLE_ASSIGNMENT|[EXTERNAL]|this|{"selected":true}|0x1054f4e2
14:24:39.0 (35110022)|VARIABLE_ASSIGNMENT|[EXTERNAL]|value|55800000
14:24:39.0 (35116858)|VARIABLE_ASSIGNMENT|[177]|this.t|55800000|0x1054f4e2
14:24:39.0 (35129495)|CONSTRUCTOR_EXIT|[86]|01p0H000007gCe8|<init>(Boolean,Time)
14:24:39.0 (35139078)|HEAP_ALLOCATE|[EXTERNAL]|Bytes:4
14:24:39.0 (35144844)|STATEMENT_EXECUTE|[87]
14:24:39.0 (35149090)|HEAP_ALLOCATE|[87]|Bytes:4
14:24:39.0 (35155305)|VARIABLE_ASSIGNMENT|[87]|this.Initialselected|2|0x35c1a4c2
14:24:39.0 (35165531)|HEAP_ALLOCATE|[77]|Bytes:28
14:24:39.0 (35169375)|HEAP_ALLOCATE|[77]|Bytes:28
14:24:39.0 (35187595)|STATEMENT_EXECUTE|[77]
14:24:39.0 (35189550)|STATEMENT_EXECUTE|[78]
14:24:39.0 (35197611)|USER_DEBUG|[78]|DEBUG|15:30:00.000Z
14:24:39.0 (35204789)|STATEMENT_EXECUTE|[79]
14:24:39.0 (35214151)|HEAP_ALLOCATE|[79]|Bytes:4
14:24:39.0 (35226271)|VARIABLE_ASSIGNMENT|[79]|t|57600000
14:24:39.0 (35230779)|STATEMENT_EXECUTE|[80]
14:24:39.0 (35235426)|HEAP_ALLOCATE|[80]|Bytes:28
14:24:39.0 (35253421)|HEAP_ALLOCATE|[80]|Bytes:28
14:24:39.0 (35264804)|VARIABLE_ASSIGNMENT|[80]|i1|4.0
14:24:39.0 (35269465)|STATEMENT_EXECUTE|[81]
14:24:39.0 (35298841)|VARIABLE_ASSIGNMENT|[EXTERNAL]|this|{"aptdum":"0x1a32b269","Docdum":"0x3346c658","Docmap":"0x4170eeb1","Initialselected":2,"Selecteddoc":"a260H000001koYjQAI","SelectedtimeSlot":30,"timelist":"0x4aa17098","timewraplist":"0x183cd3e5","timewraplistInitial":"0x50c4a62f"}|0x35c1a4c2
14:24:39.0 (35313912)|HEAP_ALLOCATE|[EXTERNAL]|Bytes:4
14:24:39.0 (35325596)|STATEMENT_EXECUTE|[85]
14:24:39.0 (35327289)|STATEMENT_EXECUTE|[86]
14:24:39.0 (35352277)|VARIABLE_ASSIGNMENT|[EXTERNAL]|this|{"aptdum":"0x1a32b269","Docdum":"0x3346c658","Docmap":"0x4170eeb1","Initialselected":2,"Selecteddoc":"a260H000001koYjQAI","SelectedtimeSlot":30,"timelist":"0x4aa17098","timewraplist":"0x183cd3e5","timewraplistInitial":"0x50c4a62f"}|0x35c1a4c2
14:24:39.0 (35364570)|HEAP_ALLOCATE|[86]|Bytes:12
14:24:39.0 (35375602)|CONSTRUCTOR_ENTRY|[86]|01p0H000007gCe8|<init>(Boolean,Time)
14:24:39.0 (35380816)|VARIABLE_SCOPE_BEGIN|[179]|this|docappcontroller.Wrapertimeslot|true|false
14:24:39.0 (35393852)|VARIABLE_ASSIGNMENT|[179]|this|{}|0x330a4322
14:24:39.0 (35400380)|VARIABLE_SCOPE_BEGIN|[179]|selection|Boolean|false|false
14:24:39.0 (35407870)|VARIABLE_ASSIGNMENT|[179]|selection|true
14:24:39.0 (35411753)|VARIABLE_SCOPE_BEGIN|[179]|tm|Time|false|false
14:24:39.0 (35420001)|VARIABLE_ASSIGNMENT|[179]|tm|57600000
14:24:39.0 (35424834)|STATEMENT_EXECUTE|[175]
14:24:39.0 (35426482)|STATEMENT_EXECUTE|[176]
14:24:39.0 (35428099)|STATEMENT_EXECUTE|[177]
14:24:39.0 (35436404)|STATEMENT_EXECUTE|[179]
14:24:39.0 (35438056)|STATEMENT_EXECUTE|[180]
14:24:39.0 (35449180)|VARIABLE_ASSIGNMENT|[EXTERNAL]|this|{}|0x330a4322
14:24:39.0 (35458027)|VARIABLE_ASSIGNMENT|[EXTERNAL]|value|true
14:24:39.0 (35463081)|HEAP_ALLOCATE|[176]|Bytes:5
14:24:39.0 (35468737)|VARIABLE_ASSIGNMENT|[176]|this.selected|true|0x330a4322
14:24:39.0 (35476315)|STATEMENT_EXECUTE|[181]
14:24:39.0 (35487638)|VARIABLE_ASSIGNMENT|[EXTERNAL]|this|{"selected":true}|0x330a4322
14:24:39.0 (35496359)|VARIABLE_ASSIGNMENT|[EXTERNAL]|value|57600000
14:24:39.0 (35503487)|VARIABLE_ASSIGNMENT|[177]|this.t|57600000|0x330a4322
14:24:39.0 (35516044)|CONSTRUCTOR_EXIT|[86]|01p0H000007gCe8|<init>(Boolean,Time)
14:24:39.0 (35525151)|HEAP_ALLOCATE|[EXTERNAL]|Bytes:4
14:24:39.0 (35530833)|STATEMENT_EXECUTE|[87]
14:24:39.0 (35534804)|HEAP_ALLOCATE|[87]|Bytes:4
14:24:39.0 (35541044)|VARIABLE_ASSIGNMENT|[87]|this.Initialselected|3|0x35c1a4c2
14:24:39.0 (35550901)|HEAP_ALLOCATE|[77]|Bytes:28
14:24:39.0 (35554528)|HEAP_ALLOCATE|[77]|Bytes:28
14:24:39.0 (35572093)|STATEMENT_EXECUTE|[77]
14:24:39.0 (35573951)|STATEMENT_EXECUTE|[78]
14:24:39.0 (35582256)|USER_DEBUG|[78]|DEBUG|16:00:00.000Z
14:24:39.0 (35589226)|STATEMENT_EXECUTE|[79]
14:24:39.0 (35597138)|HEAP_ALLOCATE|[79]|Bytes:4
14:24:39.0 (35609443)|VARIABLE_ASSIGNMENT|[79]|t|59400000
14:24:39.0 (35614434)|STATEMENT_EXECUTE|[80]
14:24:39.0 (35618973)|HEAP_ALLOCATE|[80]|Bytes:28
14:24:39.0 (35631003)|HEAP_ALLOCATE|[80]|Bytes:28
14:24:39.0 (35640991)|VARIABLE_ASSIGNMENT|[80]|i1|4.5
14:24:39.0 (35644933)|STATEMENT_EXECUTE|[81]
14:24:39.0 (35673639)|VARIABLE_ASSIGNMENT|[EXTERNAL]|this|{"aptdum":"0x1a32b269","Docdum":"0x3346c658","Docmap":"0x4170eeb1","Initialselected":3,"Selecteddoc":"a260H000001koYjQAI","SelectedtimeSlot":30,"timelist":"0x4aa17098","timewraplist":"0x183cd3e5","timewraplistInitial":"0x50c4a62f"}|0x35c1a4c2
14:24:39.0 (35689392)|HEAP_ALLOCATE|[EXTERNAL]|Bytes:4
14:24:39.0 (35701085)|STATEMENT_EXECUTE|[85]
14:24:39.0 (35702761)|STATEMENT_EXECUTE|[86]
14:24:39.0 (35726746)|VARIABLE_ASSIGNMENT|[EXTERNAL]|this|{"aptdum":"0x1a32b269","Docdum":"0x3346c658","Docmap":"0x4170eeb1","Initialselected":3,"Selecteddoc":"a260H000001koYjQAI","SelectedtimeSlot":30,"timelist":"0x4aa17098","timewraplist":"0x183cd3e5","timewraplistInitial":"0x50c4a62f"}|0x35c1a4c2
14:24:39.0 (35738883)|HEAP_ALLOCATE|[86]|Bytes:12
14:24:39.0 (35749446)|CONSTRUCTOR_ENTRY|[86]|01p0H000007gCe8|<init>(Boolean,Time)
14:24:39.0 (35754943)|VARIABLE_SCOPE_BEGIN|[179]|this|docappcontroller.Wrapertimeslot|true|false
14:24:39.0 (35768506)|VARIABLE_ASSIGNMENT|[179]|this|{}|0x35ec0e77
14:24:39.0 (35774739)|VARIABLE_SCOPE_BEGIN|[179]|selection|Boolean|false|false
14:24:39.0 (35782164)|VARIABLE_ASSIGNMENT|[179]|selection|true
14:24:39.0 (35785873)|VARIABLE_SCOPE_BEGIN|[179]|tm|Time|false|false
14:24:39.0 (35793883)|VARIABLE_ASSIGNMENT|[179]|tm|59400000
14:24:39.0 (35799010)|STATEMENT_EXECUTE|[175]
14:24:39.0 (35800787)|STATEMENT_EXECUTE|[176]
14:24:39.0 (35802266)|STATEMENT_EXECUTE|[177]
14:24:39.0 (35810803)|STATEMENT_EXECUTE|[179]
14:24:39.0 (35812363)|STATEMENT_EXECUTE|[180]
14:24:39.0 (35823120)|VARIABLE_ASSIGNMENT|[EXTERNAL]|this|{}|0x35ec0e77
14:24:39.0 (35832097)|VARIABLE_ASSIGNMENT|[EXTERNAL]|value|true
14:24:39.0 (35837102)|HEAP_ALLOCATE|[176]|Bytes:5
14:24:39.0 (35842972)|VARIABLE_ASSIGNMENT|[176]|this.selected|true|0x35ec0e77
14:24:39.0 (35850233)|STATEMENT_EXECUTE|[181]
14:24:39.0 (35861581)|VARIABLE_ASSIGNMENT|[EXTERNAL]|this|{"selected":true}|0x35ec0e77
14:24:39.0 (35870620)|VARIABLE_ASSIGNMENT|[EXTERNAL]|value|59400000
14:24:39.0 (35877640)|VARIABLE_ASSIGNMENT|[177]|this.t|59400000|0x35ec0e77
14:24:39.0 (35889737)|CONSTRUCTOR_EXIT|[86]|01p0H000007gCe8|<init>(Boolean,Time)
14:24:39.0 (35899374)|HEAP_ALLOCATE|[EXTERNAL]|Bytes:4
14:24:39.0 (35904593)|STATEMENT_EXECUTE|[87]
14:24:39.0 (35908405)|HEAP_ALLOCATE|[87]|Bytes:4
14:24:39.0 (35914510)|VARIABLE_ASSIGNMENT|[87]|this.Initialselected|4|0x35c1a4c2
14:24:39.0 (35924632)|HEAP_ALLOCATE|[77]|Bytes:28
14:24:39.0 (35928155)|HEAP_ALLOCATE|[77]|Bytes:28
14:24:39.0 (35945262)|STATEMENT_EXECUTE|[77]
14:24:39.0 (35947081)|STATEMENT_EXECUTE|[78]
14:24:39.0 (35954993)|USER_DEBUG|[78]|DEBUG|16:30:00.000Z
14:24:39.0 (35961845)|STATEMENT_EXECUTE|[79]
14:24:39.0 (35969856)|HEAP_ALLOCATE|[79]|Bytes:4
14:24:39.0 (35982007)|VARIABLE_ASSIGNMENT|[79]|t|61200000
14:24:39.0 (35986467)|STATEMENT_EXECUTE|[80]
14:24:39.0 (35991434)|HEAP_ALLOCATE|[80]|Bytes:28
14:24:39.0 (36003947)|HEAP_ALLOCATE|[80]|Bytes:28
14:24:39.0 (36015336)|VARIABLE_ASSIGNMENT|[80]|i1|5.0
14:24:39.0 (36019724)|STATEMENT_EXECUTE|[81]
14:24:39.0 (36048007)|VARIABLE_ASSIGNMENT|[EXTERNAL]|this|{"aptdum":"0x1a32b269","Docdum":"0x3346c658","Docmap":"0x4170eeb1","Initialselected":4,"Selecteddoc":"a260H000001koYjQAI","SelectedtimeSlot":30,"timelist":"0x4aa17098","timewraplist":"0x183cd3e5","timewraplistInitial":"0x50c4a62f"}|0x35c1a4c2
14:24:39.0 (36062884)|HEAP_ALLOCATE|[EXTERNAL]|Bytes:4
14:24:39.0 (36075052)|STATEMENT_EXECUTE|[83]
14:24:39.0 (36076751)|STATEMENT_EXECUTE|[84]
14:24:39.0 (36100946)|VARIABLE_ASSIGNMENT|[EXTERNAL]|this|{"aptdum":"0x1a32b269","Docdum":"0x3346c658","Docmap":"0x4170eeb1","Initialselected":4,"Selecteddoc":"a260H000001koYjQAI","SelectedtimeSlot":30,"timelist":"0x4aa17098","timewraplist":"0x183cd3e5","timewraplistInitial":"0x50c4a62f"}|0x35c1a4c2
14:24:39.0 (36113760)|HEAP_ALLOCATE|[84]|Bytes:12
14:24:39.0 (36123941)|CONSTRUCTOR_ENTRY|[84]|01p0H000007gCe8|<init>(Boolean,Time)
14:24:39.0 (36129358)|VARIABLE_SCOPE_BEGIN|[179]|this|docappcontroller.Wrapertimeslot|true|false
14:24:39.0 (36142580)|VARIABLE_ASSIGNMENT|[179]|this|{}|0x42ba6a5
14:24:39.0 (36148710)|VARIABLE_SCOPE_BEGIN|[179]|selection|Boolean|false|false
14:24:39.0 (36156600)|VARIABLE_ASSIGNMENT|[179]|selection|false
14:24:39.0 (36160492)|VARIABLE_SCOPE_BEGIN|[179]|tm|Time|false|false
14:24:39.0 (36168489)|VARIABLE_ASSIGNMENT|[179]|tm|61200000
14:24:39.0 (36173989)|STATEMENT_EXECUTE|[175]
14:24:39.0 (36175653)|STATEMENT_EXECUTE|[176]
14:24:39.0 (36177164)|STATEMENT_EXECUTE|[177]
14:24:39.0 (36184995)|STATEMENT_EXECUTE|[179]
14:24:39.0 (36186557)|STATEMENT_EXECUTE|[180]
14:24:39.0 (36197589)|VARIABLE_ASSIGNMENT|[EXTERNAL]|this|{}|0x42ba6a5
14:24:39.0 (36206574)|VARIABLE_ASSIGNMENT|[EXTERNAL]|value|false
14:24:39.0 (36211448)|HEAP_ALLOCATE|[176]|Bytes:5
14:24:39.0 (36217138)|VARIABLE_ASSIGNMENT|[176]|this.selected|false|0x42ba6a5
14:24:39.0 (36224309)|STATEMENT_EXECUTE|[181]
14:24:39.0 (36235527)|VARIABLE_ASSIGNMENT|[EXTERNAL]|this|{"selected":false}|0x42ba6a5
14:24:39.0 (36257240)|VARIABLE_ASSIGNMENT|[EXTERNAL]|value|61200000
14:24:39.0 (36265254)|VARIABLE_ASSIGNMENT|[177]|this.t|61200000|0x42ba6a5
14:24:39.0 (36279346)|CONSTRUCTOR_EXIT|[84]|01p0H000007gCe8|<init>(Boolean,Time)
14:24:39.0 (36288673)|HEAP_ALLOCATE|[EXTERNAL]|Bytes:4
14:24:39.0 (36299825)|HEAP_ALLOCATE|[77]|Bytes:28
14:24:39.0 (36303583)|HEAP_ALLOCATE|[77]|Bytes:28
14:24:39.0 (36321457)|STATEMENT_EXECUTE|[77]
14:24:39.0 (36323311)|STATEMENT_EXECUTE|[78]
14:24:39.0 (36331182)|USER_DEBUG|[78]|DEBUG|17:00:00.000Z
14:24:39.0 (36337884)|STATEMENT_EXECUTE|[79]
14:24:39.0 (36346033)|HEAP_ALLOCATE|[79]|Bytes:4
14:24:39.0 (36358485)|VARIABLE_ASSIGNMENT|[79]|t|63000000
14:24:39.0 (36363498)|STATEMENT_EXECUTE|[80]
14:24:39.0 (36368417)|HEAP_ALLOCATE|[80]|Bytes:28
14:24:39.0 (36380144)|HEAP_ALLOCATE|[80]|Bytes:28
14:24:39.0 (36390875)|VARIABLE_ASSIGNMENT|[80]|i1|5.5
14:24:39.0 (36395549)|STATEMENT_EXECUTE|[81]
14:24:39.0 (36423792)|VARIABLE_ASSIGNMENT|[EXTERNAL]|this|{"aptdum":"0x1a32b269","Docdum":"0x3346c658","Docmap":"0x4170eeb1","Initialselected":4,"Selecteddoc":"a260H000001koYjQAI","SelectedtimeSlot":30,"timelist":"0x4aa17098","timewraplist":"0x183cd3e5","timewraplistInitial":"0x50c4a62f"}|0x35c1a4c2
14:24:39.0 (36441651)|HEAP_ALLOCATE|[EXTERNAL]|Bytes:4
14:24:39.0 (36453222)|STATEMENT_EXECUTE|[83]
14:24:39.0 (36455273)|STATEMENT_EXECUTE|[84]
14:24:39.0 (36497619)|VARIABLE_ASSIGNMENT|[EXTERNAL]|this|{"aptdum":"0x1a32b269","Docdum":"0x3346c658","Docmap":"0x4170eeb1","Initialselected":4,"Selecteddoc":"a260H000001koYjQAI","SelectedtimeSlot":30,"timelist":"0x4aa17098","timewraplist":"0x183cd3e5","timewraplistInitial":"0x50c4a62f"}|0x35c1a4c2
14:24:39.0 (36515730)|HEAP_ALLOCATE|[84]|Bytes:12
14:24:39.0 (36530104)|CONSTRUCTOR_ENTRY|[84]|01p0H000007gCe8|<init>(Boolean,Time)
14:24:39.0 (36536538)|VARIABLE_SCOPE_BEGIN|[179]|this|docappcontroller.Wrapertimeslot|true|false
14:24:39.0 (36552053)|VARIABLE_ASSIGNMENT|[179]|this|{}|0x768908de
14:24:39.0 (36558986)|VARIABLE_SCOPE_BEGIN|[179]|selection|Boolean|false|false
14:24:39.0 (36567329)|VARIABLE_ASSIGNMENT|[179]|selection|false
14:24:39.0 (36571244)|VARIABLE_SCOPE_BEGIN|[179]|tm|Time|false|false
14:24:39.0 (36580429)|VARIABLE_ASSIGNMENT|[179]|tm|63000000
14:24:39.0 (36585558)|STATEMENT_EXECUTE|[175]
14:24:39.0 (36587481)|STATEMENT_EXECUTE|[176]
14:24:39.0 (36589153)|STATEMENT_EXECUTE|[177]
14:24:39.0 (36598975)|STATEMENT_EXECUTE|[179]
14:24:39.0 (36600795)|STATEMENT_EXECUTE|[180]
14:24:39.0 (36613140)|VARIABLE_ASSIGNMENT|[EXTERNAL]|this|{}|0x768908de
14:24:39.0 (36622056)|VARIABLE_ASSIGNMENT|[EXTERNAL]|value|false
14:24:39.0 (36627433)|HEAP_ALLOCATE|[176]|Bytes:5
14:24:39.0 (36633591)|VARIABLE_ASSIGNMENT|[176]|this.selected|false|0x768908de
14:24:39.0 (36641512)|STATEMENT_EXECUTE|[181]
14:24:39.0 (36652866)|VARIABLE_ASSIGNMENT|[EXTERNAL]|this|{"selected":false}|0x768908de
14:24:39.0 (36662229)|VARIABLE_ASSIGNMENT|[EXTERNAL]|value|63000000
14:24:39.0 (36669465)|VARIABLE_ASSIGNMENT|[177]|this.t|63000000|0x768908de
14:24:39.0 (36682528)|CONSTRUCTOR_EXIT|[84]|01p0H000007gCe8|<init>(Boolean,Time)
14:24:39.0 (36692927)|HEAP_ALLOCATE|[EXTERNAL]|Bytes:4
14:24:39.0 (36703935)|HEAP_ALLOCATE|[77]|Bytes:28
14:24:39.0 (36707867)|HEAP_ALLOCATE|[77]|Bytes:28
14:24:39.0 (36727070)|STATEMENT_EXECUTE|[77]
14:24:39.0 (36728904)|STATEMENT_EXECUTE|[78]
14:24:39.0 (36738386)|USER_DEBUG|[78]|DEBUG|17:30:00.000Z
14:24:39.0 (36745199)|STATEMENT_EXECUTE|[79]
14:24:39.0 (36754288)|HEAP_ALLOCATE|[79]|Bytes:4
14:24:39.0 (36767572)|VARIABLE_ASSIGNMENT|[79]|t|64800000
14:24:39.0 (36772323)|STATEMENT_EXECUTE|[80]
14:24:39.0 (36777779)|HEAP_ALLOCATE|[80]|Bytes:28
14:24:39.0 (36790092)|HEAP_ALLOCATE|[80]|Bytes:28
14:24:39.0 (36801175)|VARIABLE_ASSIGNMENT|[80]|i1|6.0
14:24:39.0 (36805332)|STATEMENT_EXECUTE|[81]
14:24:39.0 (36835206)|VARIABLE_ASSIGNMENT|[EXTERNAL]|this|{"aptdum":"0x1a32b269","Docdum":"0x3346c658","Docmap":"0x4170eeb1","Initialselected":4,"Selecteddoc":"a260H000001koYjQAI","SelectedtimeSlot":30,"timelist":"0x4aa17098","timewraplist":"0x183cd3e5","timewraplistInitial":"0x50c4a62f"}|0x35c1a4c2
14:24:39.0 (36850901)|HEAP_ALLOCATE|[EXTERNAL]|Bytes:4
14:24:39.0 (36863256)|STATEMENT_EXECUTE|[83]
14:24:39.0 (36864921)|STATEMENT_EXECUTE|[84]
14:24:39.0 (36890548)|VARIABLE_ASSIGNMENT|[EXTERNAL]|this|{"aptdum":"0x1a32b269","Docdum":"0x3346c658","Docmap":"0x4170eeb1","Initialselected":4,"Selecteddoc":"a260H000001koYjQAI","SelectedtimeSlot":30,"timelist":"0x4aa17098","timewraplist":"0x183cd3e5","timewraplistInitial":"0x50c4a62f"}|0x35c1a4c2
14:24:39.0 (36904100)|HEAP_ALLOCATE|[84]|Bytes:12
14:24:39.0 (36914687)|CONSTRUCTOR_ENTRY|[84]|01p0H000007gCe8|<init>(Boolean,Time)
14:24:39.0 (36919953)|VARIABLE_SCOPE_BEGIN|[179]|this|docappcontroller.Wrapertimeslot|true|false
14:24:39.0 (36933599)|VARIABLE_ASSIGNMENT|[179]|this|{}|0x677301e2
14:24:39.0 (36939828)|VARIABLE_SCOPE_BEGIN|[179]|selection|Boolean|false|false
14:24:39.0 (36947227)|VARIABLE_ASSIGNMENT|[179]|selection|false
14:24:39.0 (36951381)|VARIABLE_SCOPE_BEGIN|[179]|tm|Time|false|false
14:24:39.0 (36960126)|VARIABLE_ASSIGNMENT|[179]|tm|64800000
14:24:39.0 (36964955)|STATEMENT_EXECUTE|[175]
14:24:39.0 (36966684)|STATEMENT_EXECUTE|[176]
14:24:39.0 (36968200)|STATEMENT_EXECUTE|[177]
14:24:39.0 (36976662)|STATEMENT_EXECUTE|[179]
14:24:39.0 (36978257)|STATEMENT_EXECUTE|[180]
14:24:39.0 (36988944)|VARIABLE_ASSIGNMENT|[EXTERNAL]|this|{}|0x677301e2
14:24:39.0 (36997511)|VARIABLE_ASSIGNMENT|[EXTERNAL]|value|false
14:24:39.0 (37003737)|HEAP_ALLOCATE|[176]|Bytes:5
14:24:39.0 (37010062)|VARIABLE_ASSIGNMENT|[176]|this.selected|false|0x677301e2
14:24:39.0 (37017318)|STATEMENT_EXECUTE|[181]
14:24:39.0 (37028872)|VARIABLE_ASSIGNMENT|[EXTERNAL]|this|{"selected":false}|0x677301e2
14:24:39.0 (37037938)|VARIABLE_ASSIGNMENT|[EXTERNAL]|value|64800000
14:24:39.0 (37045186)|VARIABLE_ASSIGNMENT|[177]|this.t|64800000|0x677301e2
14:24:39.0 (37057440)|CONSTRUCTOR_EXIT|[84]|01p0H000007gCe8|<init>(Boolean,Time)
14:24:39.0 (37066652)|HEAP_ALLOCATE|[EXTERNAL]|Bytes:4
14:24:39.0 (37076663)|HEAP_ALLOCATE|[77]|Bytes:28
14:24:39.0 (37080939)|HEAP_ALLOCATE|[77]|Bytes:28
14:24:39.0 (37097638)|STATEMENT_EXECUTE|[77]
14:24:39.0 (37099481)|STATEMENT_EXECUTE|[78]
14:24:39.0 (37107386)|USER_DEBUG|[78]|DEBUG|18:00:00.000Z
14:24:39.0 (37114555)|STATEMENT_EXECUTE|[79]
14:24:39.0 (37122823)|HEAP_ALLOCATE|[79]|Bytes:4
14:24:39.0 (37135090)|VARIABLE_ASSIGNMENT|[79]|t|66600000
14:24:39.0 (37139824)|STATEMENT_EXECUTE|[80]
14:24:39.0 (37144441)|HEAP_ALLOCATE|[80]|Bytes:28
14:24:39.0 (37156197)|HEAP_ALLOCATE|[80]|Bytes:28
14:24:39.0 (37167033)|VARIABLE_ASSIGNMENT|[80]|i1|6.5
14:24:39.0 (37171414)|STATEMENT_EXECUTE|[81]
14:24:39.0 (37200690)|VARIABLE_ASSIGNMENT|[EXTERNAL]|this|{"aptdum":"0x1a32b269","Docdum":"0x3346c658","Docmap":"0x4170eeb1","Initialselected":4,"Selecteddoc":"a260H000001koYjQAI","SelectedtimeSlot":30,"timelist":"0x4aa17098","timewraplist":"0x183cd3e5","timewraplistInitial":"0x50c4a62f"}|0x35c1a4c2
14:24:39.0 (37216995)|HEAP_ALLOCATE|[EXTERNAL]|Bytes:4
14:24:39.0 (37229306)|STATEMENT_EXECUTE|[83]
14:24:39.0 (37230996)|STATEMENT_EXECUTE|[84]
14:24:39.0 (37260460)|VARIABLE_ASSIGNMENT|[EXTERNAL]|this|{"aptdum":"0x1a32b269","Docdum":"0x3346c658","Docmap":"0x4170eeb1","Initialselected":4,"Selecteddoc":"a260H000001koYjQAI","SelectedtimeSlot":30,"timelist":"0x4aa17098","timewraplist":"0x183cd3e5","timewraplistInitial":"0x50c4a62f"}|0x35c1a4c2
14:24:39.0 (37272908)|HEAP_ALLOCATE|[84]|Bytes:12
14:24:39.0 (37283852)|CONSTRUCTOR_ENTRY|[84]|01p0H000007gCe8|<init>(Boolean,Time)
14:24:39.0 (37289357)|VARIABLE_SCOPE_BEGIN|[179]|this|docappcontroller.Wrapertimeslot|true|false
14:24:39.0 (37303359)|VARIABLE_ASSIGNMENT|[179]|this|{}|0x1ce0e235
14:24:39.0 (37310082)|VARIABLE_SCOPE_BEGIN|[179]|selection|Boolean|false|false
14:24:39.0 (37317985)|VARIABLE_ASSIGNMENT|[179]|selection|false
14:24:39.0 (37321594)|VARIABLE_SCOPE_BEGIN|[179]|tm|Time|false|false
14:24:39.0 (37330594)|VARIABLE_ASSIGNMENT|[179]|tm|66600000
14:24:39.0 (37335165)|STATEMENT_EXECUTE|[175]
14:24:39.0 (37336926)|STATEMENT_EXECUTE|[176]
14:24:39.0 (37338377)|STATEMENT_EXECUTE|[177]
14:24:39.0 (37346634)|STATEMENT_EXECUTE|[179]
14:24:39.0 (37348206)|STATEMENT_EXECUTE|[180]
14:24:39.0 (37359455)|VARIABLE_ASSIGNMENT|[EXTERNAL]|this|{}|0x1ce0e235
14:24:39.0 (37368587)|VARIABLE_ASSIGNMENT|[EXTERNAL]|value|false
14:24:39.0 (37373913)|HEAP_ALLOCATE|[176]|Bytes:5
14:24:39.0 (37379810)|VARIABLE_ASSIGNMENT|[176]|this.selected|false|0x1ce0e235
14:24:39.0 (37387232)|STATEMENT_EXECUTE|[181]
14:24:39.0 (37398455)|VARIABLE_ASSIGNMENT|[EXTERNAL]|this|{"selected":false}|0x1ce0e235
14:24:39.0 (37406916)|VARIABLE_ASSIGNMENT|[EXTERNAL]|value|66600000
14:24:39.0 (37413986)|VARIABLE_ASSIGNMENT|[177]|this.t|66600000|0x1ce0e235
14:24:39.0 (37426150)|CONSTRUCTOR_EXIT|[84]|01p0H000007gCe8|<init>(Boolean,Time)
14:24:39.0 (37435110)|HEAP_ALLOCATE|[EXTERNAL]|Bytes:4
14:24:39.0 (37446213)|HEAP_ALLOCATE|[77]|Bytes:28
14:24:39.0 (37449968)|HEAP_ALLOCATE|[77]|Bytes:28
14:24:39.0 (37467158)|STATEMENT_EXECUTE|[77]
14:24:39.0 (37469224)|STATEMENT_EXECUTE|[78]
14:24:39.0 (37476892)|USER_DEBUG|[78]|DEBUG|18:30:00.000Z
14:24:39.0 (37483313)|STATEMENT_EXECUTE|[79]
14:24:39.0 (37491603)|HEAP_ALLOCATE|[79]|Bytes:4
14:24:39.0 (37503841)|VARIABLE_ASSIGNMENT|[79]|t|68400000
14:24:39.0 (37508594)|STATEMENT_EXECUTE|[80]
14:24:39.0 (37513230)|HEAP_ALLOCATE|[80]|Bytes:28
14:24:39.0 (37525168)|HEAP_ALLOCATE|[80]|Bytes:28
14:24:39.0 (37535612)|VARIABLE_ASSIGNMENT|[80]|i1|7.0
14:24:39.0 (37540503)|STATEMENT_EXECUTE|[81]
14:24:39.0 (37568664)|VARIABLE_ASSIGNMENT|[EXTERNAL]|this|{"aptdum":"0x1a32b269","Docdum":"0x3346c658","Docmap":"0x4170eeb1","Initialselected":4,"Selecteddoc":"a260H000001koYjQAI","SelectedtimeSlot":30,"timelist":"0x4aa17098","timewraplist":"0x183cd3e5","timewraplistInitial":"0x50c4a62f"}|0x35c1a4c2
14:24:39.0 (37583479)|HEAP_ALLOCATE|[EXTERNAL]|Bytes:4
14:24:39.0 (37595315)|STATEMENT_EXECUTE|[83]
14:24:39.0 (37596933)|STATEMENT_EXECUTE|[84]
14:24:39.0 (37621783)|VARIABLE_ASSIGNMENT|[EXTERNAL]|this|{"aptdum":"0x1a32b269","Docdum":"0x3346c658","Docmap":"0x4170eeb1","Initialselected":4,"Selecteddoc":"a260H000001koYjQAI","SelectedtimeSlot":30,"timelist":"0x4aa17098","timewraplist":"0x183cd3e5","timewraplistInitial":"0x50c4a62f"}|0x35c1a4c2
14:24:39.0 (37634262)|HEAP_ALLOCATE|[84]|Bytes:12
14:24:39.0 (37644865)|CONSTRUCTOR_ENTRY|[84]|01p0H000007gCe8|<init>(Boolean,Time)
14:24:39.0 (37651415)|VARIABLE_SCOPE_BEGIN|[179]|this|docappcontroller.Wrapertimeslot|true|false
14:24:39.0 (37664552)|VARIABLE_ASSIGNMENT|[179]|this|{}|0x1aabe6a9
14:24:39.0 (37670868)|VARIABLE_SCOPE_BEGIN|[179]|selection|Boolean|false|false
14:24:39.0 (37678350)|VARIABLE_ASSIGNMENT|[179]|selection|false
14:24:39.0 (37681801)|VARIABLE_SCOPE_BEGIN|[179]|tm|Time|false|false
14:24:39.0 (37689562)|VARIABLE_ASSIGNMENT|[179]|tm|68400000
14:24:39.0 (37694090)|STATEMENT_EXECUTE|[175]
14:24:39.0 (37695827)|STATEMENT_EXECUTE|[176]
14:24:39.0 (37697313)|STATEMENT_EXECUTE|[177]
14:24:39.0 (37705562)|STATEMENT_EXECUTE|[179]
14:24:39.0 (37707105)|STATEMENT_EXECUTE|[180]
14:24:39.0 (37717986)|VARIABLE_ASSIGNMENT|[EXTERNAL]|this|{}|0x1aabe6a9
14:24:39.0 (37727076)|VARIABLE_ASSIGNMENT|[EXTERNAL]|value|false
14:24:39.0 (37732165)|HEAP_ALLOCATE|[176]|Bytes:5
14:24:39.0 (37738389)|VARIABLE_ASSIGNMENT|[176]|this.selected|false|0x1aabe6a9
14:24:39.0 (37745951)|STATEMENT_EXECUTE|[181]
14:24:39.0 (37757133)|VARIABLE_ASSIGNMENT|[EXTERNAL]|this|{"selected":false}|0x1aabe6a9
14:24:39.0 (37765465)|VARIABLE_ASSIGNMENT|[EXTERNAL]|value|68400000
14:24:39.0 (37772367)|VARIABLE_ASSIGNMENT|[177]|this.t|68400000|0x1aabe6a9
14:24:39.0 (37785105)|CONSTRUCTOR_EXIT|[84]|01p0H000007gCe8|<init>(Boolean,Time)
14:24:39.0 (37794199)|HEAP_ALLOCATE|[EXTERNAL]|Bytes:4
14:24:39.0 (37804584)|HEAP_ALLOCATE|[77]|Bytes:28
14:24:39.0 (37808465)|HEAP_ALLOCATE|[77]|Bytes:28
14:24:39.0 (37829450)|HEAP_ALLOCATE|[93]|Bytes:28
14:24:39.0 (37833716)|HEAP_ALLOCATE|[93]|Bytes:28
14:24:39.0 (37839009)|HEAP_ALLOCATE|[93]|Bytes:28
14:24:39.0 (37863892)|HEAP_ALLOCATE|[93]|Bytes:28
14:24:39.0 (37885336)|STATEMENT_EXECUTE|[93]
14:24:39.0 (37887588)|STATEMENT_EXECUTE|[99]
14:24:39.0 (37924485)|VARIABLE_ASSIGNMENT|[EXTERNAL]|this|{"aptdum":"0x1a32b269","Docdum":"0x3346c658","Docmap":"0x4170eeb1","Initialselected":4,"Selecteddoc":"a260H000001koYjQAI","SelectedtimeSlot":30,"timelist":"0x4aa17098","timewraplist":"0x183cd3e5","timewraplistInitial":"0x50c4a62f"}|0x35c1a4c2
14:24:39.0 (37944997)|VARIABLE_ASSIGNMENT|[99]|this.timewraplistInitial|"List of size 15 too large to display"|0x35c1a4c2
14:24:39.0 (37950708)|STATEMENT_EXECUTE|[101]
14:24:39.41 (41107948)|SYSTEM_MODE_ENTER|true
14:24:39.41 (41161094)|HEAP_ALLOCATE|[EXTERNAL]|Bytes:8
14:24:39.41 (41169425)|VARIABLE_SCOPE_BEGIN|[88]|this|ApexPage.PageMessagesComponentController|true|false
14:24:39.41 (41194799)|VARIABLE_ASSIGNMENT|[88]|this|{}|0x4ae20de2
14:24:39.41 (41201689)|VARIABLE_SCOPE_BEGIN|[88]|escape|Boolean|false|false
14:24:39.41 (41209662)|VARIABLE_ASSIGNMENT|[88]|escape|null
14:24:39.41 (41298001)|SYSTEM_MODE_ENTER|true
14:24:39.41 (41354130)|HEAP_ALLOCATE|[EXTERNAL]|Bytes:8
14:24:39.41 (41360367)|VARIABLE_SCOPE_BEGIN|[2]|this|ApexPage.PageMessagesComponentController|true|false
14:24:39.41 (41381818)|VARIABLE_ASSIGNMENT|[2]|this|{}|0x4ae20de2
14:24:39.0 (41659561)|SYSTEM_MODE_ENTER|true
14:24:39.0 (41994176)|SYSTEM_MODE_ENTER|true
14:24:39.0 (42283288)|SYSTEM_MODE_ENTER|true
14:24:39.0 (42351467)|SYSTEM_MODE_ENTER|true
14:24:39.63 (63237463)|SYSTEM_MODE_ENTER|true
14:24:39.63 (63302542)|HEAP_ALLOCATE|[EXTERNAL]|Bytes:8
14:24:39.63 (63312368)|VARIABLE_SCOPE_BEGIN|[88]|this|ApexPage.PageMessagesComponentController|true|false
14:24:39.63 (63340613)|VARIABLE_ASSIGNMENT|[88]|this|{}|0x4ae20de2
14:24:39.63 (63347067)|VARIABLE_SCOPE_BEGIN|[88]|escape|Boolean|false|false
14:24:39.63 (63355360)|VARIABLE_ASSIGNMENT|[88]|escape|null
14:24:39.63 (63469749)|SYSTEM_MODE_ENTER|true
14:24:39.63 (63502290)|HEAP_ALLOCATE|[EXTERNAL]|Bytes:8
14:24:39.63 (63508835)|VARIABLE_SCOPE_BEGIN|[2]|this|ApexPage.PageMessagesComponentController|true|false
14:24:39.63 (63533865)|VARIABLE_ASSIGNMENT|[2]|this|{}|0x4ae20de2
14:24:39.0 (64874640)|SYSTEM_MODE_ENTER|true
14:24:39.0 (64936192)|HEAP_ALLOCATE|[EXTERNAL]|Bytes:44
14:24:39.0 (64948724)|VARIABLE_SCOPE_BEGIN|[134]|this|docappcontroller|true|false
14:24:39.0 (64996818)|VARIABLE_ASSIGNMENT|[134]|this|{"aptdum":"0x1a32b269","Docdum":"0x3346c658","Docmap":"0x4170eeb1","Initialselected":4,"Selecteddoc":"a260H000001koYjQAI","SelectedtimeSlot":30,"timelist":"0x4aa17098","timewraplist":"0x183cd3e5","timewraplistInitial":"0x183cd3e5"}|0x35c1a4c2
14:24:39.0 (65010632)|STATEMENT_EXECUTE|[134]
14:24:39.0 (65013696)|STATEMENT_EXECUTE|[136]
14:24:39.0 (65036701)|HEAP_ALLOCATE|[136]|Bytes:4
14:24:39.0 (65053397)|VARIABLE_SCOPE_BEGIN|[136]|options|List<System.SelectOption>|true|false
14:24:39.0 (65077607)|HEAP_ALLOCATE|[EXTERNAL]|Bytes:4
14:24:39.0 (65090053)|VARIABLE_ASSIGNMENT|[136]|options|[]|0x52605127
14:24:39.0 (65098267)|STATEMENT_EXECUTE|[137]
14:24:39.0 (65124225)|HEAP_ALLOCATE|[EXTERNAL]|Bytes:4
14:24:39.0 (65186159)|VARIABLE_ASSIGNMENT|[EXTERNAL]|this|{"aptdum":"0x1a32b269","Docdum":"0x3346c658","Docmap":"0x4170eeb1","Initialselected":4,"Selecteddoc":"a260H000001koYjQAI","SelectedtimeSlot":30,"timelist":"0x4aa17098","timewraplist":"0x183cd3e5","timewraplistInitial":"0x183cd3e5"}|0x35c1a4c2
14:24:39.0 (65202191)|STATEMENT_EXECUTE|[138]
14:24:39.0 (65231269)|VARIABLE_ASSIGNMENT|[EXTERNAL]|this|{"aptdum":"0x1a32b269","Docdum":"0x3346c658","Docmap":"0x4170eeb1","Initialselected":4,"Selecteddoc":"a260H000001koYjQAI","SelectedtimeSlot":30,"timelist":"0x4aa17098","timewraplist":"0x183cd3e5","timewraplistInitial":"0x183cd3e5"}|0x35c1a4c2
14:24:39.0 (65258028)|HEAP_ALLOCATE|[EXTERNAL]|Bytes:12
14:24:39.0 (65274706)|HEAP_ALLOCATE|[139]|Bytes:237
14:24:39.0 (65297028)|HEAP_ALLOCATE|[139]|Bytes:5
14:24:39.0 (65310057)|HEAP_ALLOCATE|[139]|Bytes:24
14:24:39.0 (65317766)|VARIABLE_SCOPE_BEGIN|[139]|doc|Doctor__c|true|false
14:24:39.0 (65337410)|VARIABLE_ASSIGNMENT|[139]|doc|{"Id":"a260H000001koYjQAI","Name":"doc 2","End_Time__c":68400000,"Speciality__c":"General Surgery","Start_Time__c":43200000}|0x676a02b0
14:24:39.0 (65344291)|STATEMENT_EXECUTE|[139]
14:24:39.0 (65346204)|STATEMENT_EXECUTE|[140]
14:24:39.0 (65361380)|HEAP_ALLOCATE|[140]|Bytes:18
14:24:39.0 (65376934)|HEAP_ALLOCATE|[EXTERNAL]|Bytes:4
14:24:39.0 (65388644)|HEAP_ALLOCATE|[139]|Bytes:5
14:24:39.0 (65397074)|HEAP_ALLOCATE|[139]|Bytes:24
14:24:39.0 (65402795)|VARIABLE_SCOPE_BEGIN|[139]|doc|Doctor__c|true|false
14:24:39.0 (65416232)|VARIABLE_ASSIGNMENT|[139]|doc|{"Id":"a260H000001koYeQAI","Name":"Doc1","End_Time__c":64800000,"Speciality__c":"General Surgery","Start_Time__c":32400000}|0x3cdd8c30
14:24:39.0 (65422322)|STATEMENT_EXECUTE|[139]
14:24:39.0 (65424067)|STATEMENT_EXECUTE|[140]
14:24:39.0 (65429766)|HEAP_ALLOCATE|[140]|Bytes:18
14:24:39.0 (65440047)|HEAP_ALLOCATE|[EXTERNAL]|Bytes:4
14:24:39.0 (65450131)|HEAP_ALLOCATE|[139]|Bytes:5
14:24:39.0 (65458804)|VARIABLE_ASSIGNMENT|[139]|doc|null|
14:24:39.0 (65463711)|STATEMENT_EXECUTE|[146]
14:24:39.0 (65654700)|SYSTEM_MODE_ENTER|true
14:24:39.0 (68851004)|SYSTEM_MODE_ENTER|true
14:24:39.0 (68891605)|HEAP_ALLOCATE|[EXTERNAL]|Bytes:44
14:24:39.0 (68900647)|VARIABLE_SCOPE_BEGIN|[151]|this|docappcontroller|true|false
14:24:39.0 (68943419)|VARIABLE_ASSIGNMENT|[151]|this|{"aptdum":"0x1a32b269","Docdum":"0x3346c658","Docmap":"0x4170eeb1","Initialselected":4,"Selecteddoc":"a260H000001koYjQAI","SelectedtimeSlot":30,"timelist":"0x4aa17098","timewraplist":"0x183cd3e5","timewraplistInitial":"0x183cd3e5"}|0x35c1a4c2
14:24:39.0 (68956542)|STATEMENT_EXECUTE|[151]
14:24:39.0 (68958734)|STATEMENT_EXECUTE|[153]
14:24:39.0 (68968677)|HEAP_ALLOCATE|[153]|Bytes:4
14:24:39.0 (68984143)|VARIABLE_SCOPE_BEGIN|[153]|options|List<System.SelectOption>|true|false
14:24:39.0 (69005721)|HEAP_ALLOCATE|[EXTERNAL]|Bytes:4
14:24:39.0 (69014993)|VARIABLE_ASSIGNMENT|[153]|options|[]|0x2164ebe1
14:24:39.0 (69020868)|STATEMENT_EXECUTE|[154]
14:24:39.0 (69036144)|HEAP_ALLOCATE|[EXTERNAL]|Bytes:4
14:24:39.0 (69042984)|STATEMENT_EXECUTE|[157]
14:24:39.0 (69050173)|HEAP_ALLOCATE|[EXTERNAL]|Bytes:4
14:24:39.0 (69055282)|STATEMENT_EXECUTE|[158]
14:24:39.0 (69061271)|HEAP_ALLOCATE|[EXTERNAL]|Bytes:4
14:24:39.0 (69066097)|STATEMENT_EXECUTE|[163]
14:24:39.0 (69179980)|SYSTEM_MODE_ENTER|true
14:24:39.0 (71187950)|VF_SERIALIZE_VIEWSTATE_BEGIN|0660H000004OdRk
14:24:39.0 (89674866)|VF_SERIALIZE_VIEWSTATE_END
14:24:39.0 (106044633)|CODE_UNIT_STARTED|[EXTERNAL]|Generate Metadata
14:24:39.0 (108365859)|CODE_UNIT_FINISHED|Generate Metadata
14:24:39.110 (110778201)|CUMULATIVE_LIMIT_USAGE
14:24:39.110 (110778201)|LIMIT_USAGE_FOR_NS|(default)|
  Number of SOQL queries: 1 out of 100
  Number of query rows: 1 out of 50000
  Number of SOSL queries: 0 out of 20
  Number of DML statements: 0 out of 150
  Number of DML rows: 0 out of 10000
  Maximum CPU time: 0 out of 10000
  Maximum heap size: 0 out of 6000000
  Number of callouts: 0 out of 100
  Number of Email Invocations: 0 out of 10
  Number of future calls: 0 out of 50
  Number of queueable jobs added to the queue: 0 out of 50
  Number of Mobile Apex push calls: 0 out of 10

14:24:39.110 (110778201)|CUMULATIVE_LIMIT_USAGE_END

14:24:39.0 (110821585)|CODE_UNIT_FINISHED|VF: /apex/docapp
14:24:39.0 (111706571)|EXECUTION_FINISHED
