42.0 APEX_CODE,FINEST;APEX_PROFILING,INFO;CALLOUT,INFO;DB,INFO;SYSTEM,DEBUG;VALIDATION,INFO;VISUALFORCE,INFO;WAVE,INFO;WORKFLOW,INFO
14:25:26.0 (317122)|USER_INFO|[EXTERNAL]|005i0000002qYvT|anton@igate.com|India Standard Time|GMT+05:30
14:25:26.0 (462072)|EXECUTION_STARTED
14:25:26.0 (466972)|CODE_UNIT_STARTED|[EXTERNAL]|0660H000004OdRk|VF: /apex/docapp
14:25:26.0 (1746004)|VF_DESERIALIZE_VIEWSTATE_BEGIN|0660H000004OdRk
14:25:26.0 (6658592)|HEAP_ALLOCATE|[72]|Bytes:3
14:25:26.0 (6729136)|HEAP_ALLOCATE|[77]|Bytes:152
14:25:26.0 (6743636)|HEAP_ALLOCATE|[342]|Bytes:408
14:25:26.0 (6756442)|HEAP_ALLOCATE|[355]|Bytes:408
14:25:26.0 (6768472)|HEAP_ALLOCATE|[467]|Bytes:48
14:25:26.0 (6820513)|HEAP_ALLOCATE|[139]|Bytes:6
14:25:26.0 (7325202)|HEAP_ALLOCATE|[50]|Bytes:5
14:25:26.0 (7353957)|HEAP_ALLOCATE|[56]|Bytes:5
14:25:26.0 (7363261)|HEAP_ALLOCATE|[64]|Bytes:7
14:25:26.0 (10792943)|VF_DESERIALIZE_VIEWSTATE_END
14:25:26.11 (11448855)|SYSTEM_MODE_ENTER|true
14:25:26.11 (11590858)|HEAP_ALLOCATE|[EXTERNAL]|Bytes:38
14:25:26.11 (11616615)|HEAP_ALLOCATE|[EXTERNAL]|Bytes:7
14:25:26.11 (11640977)|SYSTEM_METHOD_ENTRY|[1]|PageMessagesComponentController.PageMessagesComponentController()
14:25:26.11 (11648120)|STATEMENT_EXECUTE|[1]
14:25:26.12 (12529570)|SYSTEM_MODE_ENTER|true
14:25:26.12 (12592580)|HEAP_ALLOCATE|[EXTERNAL]|Bytes:8
14:25:26.12 (12605905)|VARIABLE_SCOPE_BEGIN|[88]|this|ApexPage.PageMessagesComponentController|true|false
14:25:26.12 (12657208)|VARIABLE_ASSIGNMENT|[88]|this|{}|0x46d6c05c
14:25:26.12 (12667705)|VARIABLE_SCOPE_BEGIN|[88]|escape|Boolean|false|false
14:25:26.12 (12684902)|VARIABLE_ASSIGNMENT|[88]|escape|null
14:25:26.0 (12887461)|SYSTEM_MODE_ENTER|true
14:25:26.0 (12915906)|HEAP_ALLOCATE|[EXTERNAL]|Bytes:14
14:25:26.0 (12925904)|HEAP_ALLOCATE|[EXTERNAL]|Bytes:248
14:25:26.0 (12931582)|HEAP_ALLOCATE|[EXTERNAL]|Bytes:53
14:25:26.0 (12936242)|HEAP_ALLOCATE|[EXTERNAL]|Bytes:13
14:25:26.0 (12948504)|METHOD_ENTRY|[1]|01p0H000007gCe8|docappcontroller.docappcontroller()
14:25:26.0 (12955944)|STATEMENT_EXECUTE|[1]
14:25:26.0 (12960130)|STATEMENT_EXECUTE|[1]
14:25:26.0 (12962296)|STATEMENT_EXECUTE|[175]
14:25:26.0 (12968305)|METHOD_EXIT|[1]|docappcontroller
14:25:26.0 (17310395)|SYSTEM_MODE_ENTER|true
14:25:26.0 (19490982)|SYSTEM_MODE_ENTER|true
14:25:26.0 (19665390)|SYSTEM_MODE_ENTER|true
14:25:26.0 (19921296)|HEAP_ALLOCATE|[EXTERNAL]|Bytes:108
14:25:26.0 (19930760)|HEAP_ALLOCATE|[EXTERNAL]|Bytes:11
14:25:26.0 (21421703)|SYSTEM_MODE_ENTER|true
14:25:26.0 (21665677)|HEAP_ALLOCATE|[EXTERNAL]|Bytes:44
14:25:26.0 (21676855)|VARIABLE_SCOPE_BEGIN|[134]|this|docappcontroller|true|false
14:25:26.0 (21739677)|VARIABLE_ASSIGNMENT|[134]|this|{"aptdum":"0x6f607b02","Docdum":"0x14dafb66","Docmap":"0x730db071","Initialselected":4,"Selecteddoc":"a260H000001koYjQAI","SelectedtimeSlot":30,"timelist":"0x7fe52c2f","timewraplist":"0x35726d05","timewraplistInitial":"0x35726d05"}|0x54d4e981
14:25:26.0 (21752536)|STATEMENT_EXECUTE|[134]
14:25:26.0 (21754693)|STATEMENT_EXECUTE|[136]
14:25:26.0 (21767561)|HEAP_ALLOCATE|[136]|Bytes:4
14:25:26.0 (21798515)|VARIABLE_SCOPE_BEGIN|[136]|options|List<System.SelectOption>|true|false
14:25:26.0 (21821642)|HEAP_ALLOCATE|[EXTERNAL]|Bytes:4
14:25:26.0 (21832708)|VARIABLE_ASSIGNMENT|[136]|options|[]|0x7e0fd620
14:25:26.0 (21838757)|STATEMENT_EXECUTE|[137]
14:25:26.0 (21845637)|HEAP_ALLOCATE|[137]|Bytes:8
14:25:26.0 (21895414)|HEAP_ALLOCATE|[EXTERNAL]|Bytes:4
14:25:26.0 (21946571)|VARIABLE_ASSIGNMENT|[EXTERNAL]|this|{"aptdum":"0x6f607b02","Docdum":"0x14dafb66","Docmap":"0x730db071","Initialselected":4,"Selecteddoc":"a260H000001koYjQAI","SelectedtimeSlot":30,"timelist":"0x7fe52c2f","timewraplist":"0x35726d05","timewraplistInitial":"0x35726d05"}|0x54d4e981
14:25:26.0 (21962521)|STATEMENT_EXECUTE|[138]
14:25:26.0 (21993772)|VARIABLE_ASSIGNMENT|[EXTERNAL]|this|{"aptdum":"0x6f607b02","Docdum":"0x14dafb66","Docmap":"0x730db071","Initialselected":4,"Selecteddoc":"a260H000001koYjQAI","SelectedtimeSlot":30,"timelist":"0x7fe52c2f","timewraplist":"0x35726d05","timewraplistInitial":"0x35726d05"}|0x54d4e981
14:25:26.0 (22024856)|HEAP_ALLOCATE|[EXTERNAL]|Bytes:12
14:25:26.0 (22043301)|HEAP_ALLOCATE|[139]|Bytes:237
14:25:26.0 (22166817)|HEAP_ALLOCATE|[139]|Bytes:5
14:25:26.0 (22213992)|HEAP_ALLOCATE|[139]|Bytes:24
14:25:26.0 (22225080)|VARIABLE_SCOPE_BEGIN|[139]|doc|Doctor__c|true|false
14:25:26.0 (22321205)|VARIABLE_ASSIGNMENT|[139]|doc|{"Id":"a260H000001koYjQAI","Name":"doc 2","End_Time__c":68400000,"Speciality__c":"General Surgery","Start_Time__c":43200000}|0x5725337
14:25:26.0 (22330445)|STATEMENT_EXECUTE|[139]
14:25:26.0 (22332658)|STATEMENT_EXECUTE|[140]
14:25:26.0 (22376919)|HEAP_ALLOCATE|[140]|Bytes:18
14:25:26.0 (22439792)|HEAP_ALLOCATE|[EXTERNAL]|Bytes:4
14:25:26.0 (22457027)|HEAP_ALLOCATE|[139]|Bytes:5
14:25:26.0 (22479117)|HEAP_ALLOCATE|[139]|Bytes:24
14:25:26.0 (22488508)|VARIABLE_SCOPE_BEGIN|[139]|doc|Doctor__c|true|false
14:25:26.0 (22508878)|VARIABLE_ASSIGNMENT|[139]|doc|{"Id":"a260H000001koYeQAI","Name":"Doc1","End_Time__c":64800000,"Speciality__c":"General Surgery","Start_Time__c":32400000}|0x1ae76bd5
14:25:26.0 (22516136)|STATEMENT_EXECUTE|[139]
14:25:26.0 (22517938)|STATEMENT_EXECUTE|[140]
14:25:26.0 (22527816)|HEAP_ALLOCATE|[140]|Bytes:18
14:25:26.0 (22541065)|HEAP_ALLOCATE|[EXTERNAL]|Bytes:4
14:25:26.0 (22552359)|HEAP_ALLOCATE|[139]|Bytes:5
14:25:26.0 (22562675)|VARIABLE_ASSIGNMENT|[139]|doc|null|
14:25:26.0 (22568777)|STATEMENT_EXECUTE|[146]
14:25:26.0 (22649877)|SYSTEM_MODE_ENTER|true
14:25:26.0 (23298403)|SYSTEM_MODE_ENTER|true
14:25:26.0 (23344739)|HEAP_ALLOCATE|[EXTERNAL]|Bytes:44
14:25:26.0 (23354908)|VARIABLE_SCOPE_BEGIN|[151]|this|docappcontroller|true|false
14:25:26.0 (23393044)|VARIABLE_ASSIGNMENT|[151]|this|{"aptdum":"0x6f607b02","Docdum":"0x14dafb66","Docmap":"0x730db071","Initialselected":4,"Selecteddoc":"a260H000001koYjQAI","SelectedtimeSlot":30,"timelist":"0x7fe52c2f","timewraplist":"0x35726d05","timewraplistInitial":"0x35726d05"}|0x54d4e981
14:25:26.0 (23404830)|STATEMENT_EXECUTE|[151]
14:25:26.0 (23406843)|STATEMENT_EXECUTE|[153]
14:25:26.0 (23416140)|HEAP_ALLOCATE|[153]|Bytes:4
14:25:26.0 (23438919)|VARIABLE_SCOPE_BEGIN|[153]|options|List<System.SelectOption>|true|false
14:25:26.0 (23460947)|HEAP_ALLOCATE|[EXTERNAL]|Bytes:4
14:25:26.0 (23469400)|VARIABLE_ASSIGNMENT|[153]|options|[]|0x69220484
14:25:26.0 (23475231)|STATEMENT_EXECUTE|[154]
14:25:26.0 (23512786)|HEAP_ALLOCATE|[EXTERNAL]|Bytes:4
14:25:26.0 (23521337)|STATEMENT_EXECUTE|[157]
14:25:26.0 (23525951)|HEAP_ALLOCATE|[157]|Bytes:2
14:25:26.0 (23548594)|HEAP_ALLOCATE|[EXTERNAL]|Bytes:4
14:25:26.0 (23555488)|STATEMENT_EXECUTE|[158]
14:25:26.0 (23559098)|HEAP_ALLOCATE|[158]|Bytes:2
14:25:26.0 (23577966)|HEAP_ALLOCATE|[EXTERNAL]|Bytes:4
14:25:26.0 (23584084)|STATEMENT_EXECUTE|[163]
14:25:26.0 (23655221)|SYSTEM_MODE_ENTER|true
14:25:26.24 (24208762)|SYSTEM_MODE_ENTER|true
14:25:26.24 (24259003)|HEAP_ALLOCATE|[EXTERNAL]|Bytes:8
14:25:26.24 (24267962)|VARIABLE_SCOPE_BEGIN|[88]|this|ApexPage.PageMessagesComponentController|true|false
14:25:26.24 (24290207)|VARIABLE_ASSIGNMENT|[88]|this|{}|0x46d6c05c
14:25:26.24 (24296688)|VARIABLE_SCOPE_BEGIN|[88]|escape|Boolean|false|false
14:25:26.24 (24305199)|VARIABLE_ASSIGNMENT|[88]|escape|null
14:25:26.0 (24485207)|SYSTEM_MODE_ENTER|true
14:25:26.0 (24512194)|HEAP_ALLOCATE|[EXTERNAL]|Bytes:18
14:25:26.0 (24517658)|HEAP_ALLOCATE|[EXTERNAL]|Bytes:44
14:25:26.0 (24539234)|VARIABLE_ASSIGNMENT|[EXTERNAL]|this.Selecteddoc|"a260H000001koYjQAI"|0x54d4e981
14:25:26.0 (24582687)|SYSTEM_MODE_ENTER|true
14:25:26.0 (24730762)|SYSTEM_MODE_ENTER|true
14:25:26.0 (24895242)|HEAP_ALLOCATE|[EXTERNAL]|Bytes:5
14:25:26.0 (24904538)|HEAP_ALLOCATE|[EXTERNAL]|Bytes:12
14:25:26.0 (24914009)|VARIABLE_ASSIGNMENT|[EXTERNAL]|this.selected|false|0x2597f599
14:25:26.0 (24972835)|HEAP_ALLOCATE|[EXTERNAL]|Bytes:5
14:25:26.0 (24978012)|HEAP_ALLOCATE|[EXTERNAL]|Bytes:12
14:25:26.0 (24984998)|VARIABLE_ASSIGNMENT|[EXTERNAL]|this.selected|false|0x2b8e2fc2
14:25:26.0 (25025290)|HEAP_ALLOCATE|[EXTERNAL]|Bytes:5
14:25:26.0 (25030207)|HEAP_ALLOCATE|[EXTERNAL]|Bytes:12
14:25:26.0 (25036437)|VARIABLE_ASSIGNMENT|[EXTERNAL]|this.selected|true|0x7ddceac8
14:25:26.0 (25075890)|HEAP_ALLOCATE|[EXTERNAL]|Bytes:5
14:25:26.0 (25080432)|HEAP_ALLOCATE|[EXTERNAL]|Bytes:12
14:25:26.0 (25086745)|VARIABLE_ASSIGNMENT|[EXTERNAL]|this.selected|true|0x5b60ba33
14:25:26.0 (25124387)|HEAP_ALLOCATE|[EXTERNAL]|Bytes:5
14:25:26.0 (25128736)|HEAP_ALLOCATE|[EXTERNAL]|Bytes:12
14:25:26.0 (25135281)|VARIABLE_ASSIGNMENT|[EXTERNAL]|this.selected|false|0x41c1a7fb
14:25:26.0 (25172672)|HEAP_ALLOCATE|[EXTERNAL]|Bytes:5
14:25:26.0 (25177050)|HEAP_ALLOCATE|[EXTERNAL]|Bytes:12
14:25:26.0 (25183529)|VARIABLE_ASSIGNMENT|[EXTERNAL]|this.selected|false|0x1beb603e
14:25:26.0 (25238666)|HEAP_ALLOCATE|[EXTERNAL]|Bytes:5
14:25:26.0 (25243017)|HEAP_ALLOCATE|[EXTERNAL]|Bytes:12
14:25:26.0 (25249414)|VARIABLE_ASSIGNMENT|[EXTERNAL]|this.selected|false|0x8b501a8
14:25:26.0 (25286683)|HEAP_ALLOCATE|[EXTERNAL]|Bytes:5
14:25:26.0 (25291502)|HEAP_ALLOCATE|[EXTERNAL]|Bytes:12
14:25:26.0 (25297335)|VARIABLE_ASSIGNMENT|[EXTERNAL]|this.selected|false|0x71583c09
14:25:26.0 (25341137)|HEAP_ALLOCATE|[EXTERNAL]|Bytes:5
14:25:26.0 (25346256)|HEAP_ALLOCATE|[EXTERNAL]|Bytes:12
14:25:26.0 (25352730)|VARIABLE_ASSIGNMENT|[EXTERNAL]|this.selected|false|0x500c45c9
14:25:26.0 (25391172)|HEAP_ALLOCATE|[EXTERNAL]|Bytes:5
14:25:26.0 (25395574)|HEAP_ALLOCATE|[EXTERNAL]|Bytes:12
14:25:26.0 (25401838)|VARIABLE_ASSIGNMENT|[EXTERNAL]|this.selected|false|0x62a77cd1
14:25:26.0 (25438774)|HEAP_ALLOCATE|[EXTERNAL]|Bytes:5
14:25:26.0 (25443429)|HEAP_ALLOCATE|[EXTERNAL]|Bytes:12
14:25:26.0 (25450054)|VARIABLE_ASSIGNMENT|[EXTERNAL]|this.selected|false|0x423f896c
14:25:26.0 (25498419)|SYSTEM_MODE_ENTER|true
14:25:26.0 (25513500)|HEAP_ALLOCATE|[EXTERNAL]|Bytes:8
14:25:26.0 (25517493)|HEAP_ALLOCATE|[EXTERNAL]|Bytes:44
14:25:26.0 (25524832)|VARIABLE_ASSIGNMENT|[EXTERNAL]|this.SelectedtimeSlot|30|0x54d4e981
14:25:26.0 (25559016)|SYSTEM_MODE_ENTER|true
14:25:26.0 (25774377)|HEAP_ALLOCATE|[EXTERNAL]|Bytes:44
14:25:26.0 (25784628)|VARIABLE_SCOPE_BEGIN|[10]|this|docappcontroller|true|false
14:25:26.0 (25821804)|VARIABLE_ASSIGNMENT|[10]|this|{"aptdum":"0x6f607b02","Docdum":"0x14dafb66","Docmap":"0x730db071","Initialselected":4,"Selecteddoc":"a260H000001koYjQAI","SelectedtimeSlot":30,"timelist":"0x7fe52c2f","timewraplist":"0x35726d05","timewraplistInitial":"0x35726d05"}|0x54d4e981
14:25:26.0 (25833556)|STATEMENT_EXECUTE|[10]
14:25:26.0 (25835502)|STATEMENT_EXECUTE|[11]
14:25:26.0 (25841526)|VARIABLE_SCOPE_BEGIN|[11]|counter|Integer|false|false
14:25:26.0 (25849250)|HEAP_ALLOCATE|[11]|Bytes:4
14:25:26.0 (25856268)|VARIABLE_ASSIGNMENT|[11]|counter|0
14:25:26.0 (25904379)|VARIABLE_ASSIGNMENT|[EXTERNAL]|this|{"aptdum":"0x6f607b02","Docdum":"0x14dafb66","Docmap":"0x730db071","Initialselected":4,"Selecteddoc":"a260H000001koYjQAI","SelectedtimeSlot":30,"timelist":"0x7fe52c2f","timewraplist":"0x35726d05","timewraplistInitial":"0x35726d05"}|0x54d4e981
14:25:26.0 (25997645)|HEAP_ALLOCATE|[12]|Bytes:5
14:25:26.0 (26011030)|HEAP_ALLOCATE|[12]|Bytes:12
14:25:26.0 (26018852)|VARIABLE_SCOPE_BEGIN|[12]|wt|docappcontroller.Wrapertimeslot|true|false
14:25:26.0 (26052244)|VARIABLE_ASSIGNMENT|[12]|wt|{"selected":false,"t":43200000}|0x2597f599
14:25:26.0 (26064170)|STATEMENT_EXECUTE|[12]
14:25:26.0 (26093715)|VARIABLE_ASSIGNMENT|[EXTERNAL]|this|{"selected":false,"t":43200000}|0x2597f599
14:25:26.0 (26105852)|STATEMENT_EXECUTE|[13]
14:25:26.0 (26114447)|HEAP_ALLOCATE|[12]|Bytes:5
14:25:26.0 (26123485)|HEAP_ALLOCATE|[12]|Bytes:12
14:25:26.0 (26129678)|VARIABLE_SCOPE_BEGIN|[12]|wt|docappcontroller.Wrapertimeslot|true|false
14:25:26.0 (26145252)|VARIABLE_ASSIGNMENT|[12]|wt|{"selected":false,"t":45000000}|0x2b8e2fc2
14:25:26.0 (26152224)|STATEMENT_EXECUTE|[12]
14:25:26.0 (26164758)|VARIABLE_ASSIGNMENT|[EXTERNAL]|this|{"selected":false,"t":45000000}|0x2b8e2fc2
14:25:26.0 (26173416)|STATEMENT_EXECUTE|[13]
14:25:26.0 (26179498)|HEAP_ALLOCATE|[12]|Bytes:5
14:25:26.0 (26187487)|HEAP_ALLOCATE|[12]|Bytes:12
14:25:26.0 (26192514)|VARIABLE_SCOPE_BEGIN|[12]|wt|docappcontroller.Wrapertimeslot|true|false
14:25:26.0 (26206768)|VARIABLE_ASSIGNMENT|[12]|wt|{"selected":true,"t":46800000}|0x7ddceac8
14:25:26.0 (26213411)|STATEMENT_EXECUTE|[12]
14:25:26.0 (26224327)|VARIABLE_ASSIGNMENT|[EXTERNAL]|this|{"selected":true,"t":46800000}|0x7ddceac8
14:25:26.0 (26232758)|STATEMENT_EXECUTE|[13]
14:25:26.0 (26234517)|STATEMENT_EXECUTE|[14]
14:25:26.0 (26237145)|HEAP_ALLOCATE|[14]|Bytes:4
14:25:26.0 (26243826)|VARIABLE_ASSIGNMENT|[14]|counter|1
14:25:26.0 (26252701)|HEAP_ALLOCATE|[12]|Bytes:5
14:25:26.0 (26259681)|HEAP_ALLOCATE|[12]|Bytes:12
14:25:26.0 (26264529)|VARIABLE_SCOPE_BEGIN|[12]|wt|docappcontroller.Wrapertimeslot|true|false
14:25:26.0 (26278551)|VARIABLE_ASSIGNMENT|[12]|wt|{"selected":true,"t":48600000}|0x5b60ba33
14:25:26.0 (26284452)|STATEMENT_EXECUTE|[12]
14:25:26.0 (26295590)|VARIABLE_ASSIGNMENT|[EXTERNAL]|this|{"selected":true,"t":48600000}|0x5b60ba33
14:25:26.0 (26303915)|STATEMENT_EXECUTE|[13]
14:25:26.0 (26305488)|STATEMENT_EXECUTE|[14]
14:25:26.0 (26307324)|HEAP_ALLOCATE|[14]|Bytes:4
14:25:26.0 (26312756)|VARIABLE_ASSIGNMENT|[14]|counter|2
14:25:26.0 (26326292)|HEAP_ALLOCATE|[12]|Bytes:5
14:25:26.0 (26334335)|HEAP_ALLOCATE|[12]|Bytes:12
14:25:26.0 (26339395)|VARIABLE_SCOPE_BEGIN|[12]|wt|docappcontroller.Wrapertimeslot|true|false
14:25:26.0 (26354074)|VARIABLE_ASSIGNMENT|[12]|wt|{"selected":false,"t":50400000}|0x41c1a7fb
14:25:26.0 (26359778)|STATEMENT_EXECUTE|[12]
14:25:26.0 (26371001)|VARIABLE_ASSIGNMENT|[EXTERNAL]|this|{"selected":false,"t":50400000}|0x41c1a7fb
14:25:26.0 (26379841)|STATEMENT_EXECUTE|[13]
14:25:26.0 (26385612)|HEAP_ALLOCATE|[12]|Bytes:5
14:25:26.0 (26392515)|HEAP_ALLOCATE|[12]|Bytes:12
14:25:26.0 (26397799)|VARIABLE_SCOPE_BEGIN|[12]|wt|docappcontroller.Wrapertimeslot|true|false
14:25:26.0 (26411017)|VARIABLE_ASSIGNMENT|[12]|wt|{"selected":false,"t":52200000}|0x1beb603e
14:25:26.0 (26416259)|STATEMENT_EXECUTE|[12]
14:25:26.0 (26426921)|VARIABLE_ASSIGNMENT|[EXTERNAL]|this|{"selected":false,"t":52200000}|0x1beb603e
14:25:26.0 (26434798)|STATEMENT_EXECUTE|[13]
14:25:26.0 (26440380)|HEAP_ALLOCATE|[12]|Bytes:5
14:25:26.0 (26447805)|HEAP_ALLOCATE|[12]|Bytes:12
14:25:26.0 (26452612)|VARIABLE_SCOPE_BEGIN|[12]|wt|docappcontroller.Wrapertimeslot|true|false
14:25:26.0 (26465504)|VARIABLE_ASSIGNMENT|[12]|wt|{"selected":true,"t":54000000}|0x1fb5321
14:25:26.0 (26471322)|STATEMENT_EXECUTE|[12]
14:25:26.0 (26481889)|VARIABLE_ASSIGNMENT|[EXTERNAL]|this|{"selected":true,"t":54000000}|0x1fb5321
14:25:26.0 (26490214)|STATEMENT_EXECUTE|[13]
14:25:26.0 (26491799)|STATEMENT_EXECUTE|[14]
14:25:26.0 (26493758)|HEAP_ALLOCATE|[14]|Bytes:4
14:25:26.0 (26499242)|VARIABLE_ASSIGNMENT|[14]|counter|3
14:25:26.0 (26507206)|HEAP_ALLOCATE|[12]|Bytes:5
14:25:26.0 (26514749)|HEAP_ALLOCATE|[12]|Bytes:12
14:25:26.0 (26519379)|VARIABLE_SCOPE_BEGIN|[12]|wt|docappcontroller.Wrapertimeslot|true|false
14:25:26.0 (26532875)|VARIABLE_ASSIGNMENT|[12]|wt|{"selected":true,"t":55800000}|0x5f94c00f
14:25:26.0 (26538400)|STATEMENT_EXECUTE|[12]
14:25:26.0 (26549364)|VARIABLE_ASSIGNMENT|[EXTERNAL]|this|{"selected":true,"t":55800000}|0x5f94c00f
14:25:26.0 (26557635)|STATEMENT_EXECUTE|[13]
14:25:26.0 (26559269)|STATEMENT_EXECUTE|[14]
14:25:26.0 (26561139)|HEAP_ALLOCATE|[14]|Bytes:4
14:25:26.0 (26566271)|VARIABLE_ASSIGNMENT|[14]|counter|4
14:25:26.0 (26574478)|HEAP_ALLOCATE|[12]|Bytes:5
14:25:26.0 (26581119)|HEAP_ALLOCATE|[12]|Bytes:12
14:25:26.0 (26585958)|VARIABLE_SCOPE_BEGIN|[12]|wt|docappcontroller.Wrapertimeslot|true|false
14:25:26.0 (26599135)|VARIABLE_ASSIGNMENT|[12]|wt|{"selected":true,"t":57600000}|0x13265a79
14:25:26.0 (26604778)|STATEMENT_EXECUTE|[12]
14:25:26.0 (26615476)|VARIABLE_ASSIGNMENT|[EXTERNAL]|this|{"selected":true,"t":57600000}|0x13265a79
14:25:26.0 (26623846)|STATEMENT_EXECUTE|[13]
14:25:26.0 (26625584)|STATEMENT_EXECUTE|[14]
14:25:26.0 (26627487)|HEAP_ALLOCATE|[14]|Bytes:4
14:25:26.0 (26632820)|VARIABLE_ASSIGNMENT|[14]|counter|5
14:25:26.0 (26641161)|HEAP_ALLOCATE|[12]|Bytes:5
14:25:26.0 (26648059)|HEAP_ALLOCATE|[12]|Bytes:12
14:25:26.0 (26652841)|VARIABLE_SCOPE_BEGIN|[12]|wt|docappcontroller.Wrapertimeslot|true|false
14:25:26.0 (26665817)|VARIABLE_ASSIGNMENT|[12]|wt|{"selected":true,"t":59400000}|0x530c32b3
14:25:26.0 (26671160)|STATEMENT_EXECUTE|[12]
14:25:26.0 (26681597)|VARIABLE_ASSIGNMENT|[EXTERNAL]|this|{"selected":true,"t":59400000}|0x530c32b3
14:25:26.0 (26689256)|STATEMENT_EXECUTE|[13]
14:25:26.0 (26690974)|STATEMENT_EXECUTE|[14]
14:25:26.0 (26692872)|HEAP_ALLOCATE|[14]|Bytes:4
14:25:26.0 (26698418)|VARIABLE_ASSIGNMENT|[14]|counter|6
14:25:26.0 (26706720)|HEAP_ALLOCATE|[12]|Bytes:5
14:25:26.0 (26713319)|HEAP_ALLOCATE|[12]|Bytes:12
14:25:26.0 (26717835)|VARIABLE_SCOPE_BEGIN|[12]|wt|docappcontroller.Wrapertimeslot|true|false
14:25:26.0 (26731253)|VARIABLE_ASSIGNMENT|[12]|wt|{"selected":false,"t":61200000}|0x8b501a8
14:25:26.0 (26736676)|STATEMENT_EXECUTE|[12]
14:25:26.0 (26747094)|VARIABLE_ASSIGNMENT|[EXTERNAL]|this|{"selected":false,"t":61200000}|0x8b501a8
14:25:26.0 (26755225)|STATEMENT_EXECUTE|[13]
14:25:26.0 (26760805)|HEAP_ALLOCATE|[12]|Bytes:5
14:25:26.0 (26767958)|HEAP_ALLOCATE|[12]|Bytes:12
14:25:26.0 (26772641)|VARIABLE_SCOPE_BEGIN|[12]|wt|docappcontroller.Wrapertimeslot|true|false
14:25:26.0 (26785733)|VARIABLE_ASSIGNMENT|[12]|wt|{"selected":false,"t":63000000}|0x71583c09
14:25:26.0 (26791733)|STATEMENT_EXECUTE|[12]
14:25:26.0 (26802742)|VARIABLE_ASSIGNMENT|[EXTERNAL]|this|{"selected":false,"t":63000000}|0x71583c09
14:25:26.0 (26810800)|STATEMENT_EXECUTE|[13]
14:25:26.0 (26816633)|HEAP_ALLOCATE|[12]|Bytes:5
14:25:26.0 (26824532)|HEAP_ALLOCATE|[12]|Bytes:12
14:25:26.0 (26829685)|VARIABLE_SCOPE_BEGIN|[12]|wt|docappcontroller.Wrapertimeslot|true|false
14:25:26.0 (26843043)|VARIABLE_ASSIGNMENT|[12]|wt|{"selected":false,"t":64800000}|0x500c45c9
14:25:26.0 (26848726)|STATEMENT_EXECUTE|[12]
14:25:26.0 (26859637)|VARIABLE_ASSIGNMENT|[EXTERNAL]|this|{"selected":false,"t":64800000}|0x500c45c9
14:25:26.0 (26867569)|STATEMENT_EXECUTE|[13]
14:25:26.0 (26873126)|HEAP_ALLOCATE|[12]|Bytes:5
14:25:26.0 (26880580)|HEAP_ALLOCATE|[12]|Bytes:12
14:25:26.0 (26885807)|VARIABLE_SCOPE_BEGIN|[12]|wt|docappcontroller.Wrapertimeslot|true|false
14:25:26.0 (26899061)|VARIABLE_ASSIGNMENT|[12]|wt|{"selected":false,"t":66600000}|0x62a77cd1
14:25:26.0 (26904875)|STATEMENT_EXECUTE|[12]
14:25:26.0 (26915649)|VARIABLE_ASSIGNMENT|[EXTERNAL]|this|{"selected":false,"t":66600000}|0x62a77cd1
14:25:26.0 (26923494)|STATEMENT_EXECUTE|[13]
14:25:26.0 (26929278)|HEAP_ALLOCATE|[12]|Bytes:5
14:25:26.0 (26936767)|HEAP_ALLOCATE|[12]|Bytes:12
14:25:26.0 (26941275)|VARIABLE_SCOPE_BEGIN|[12]|wt|docappcontroller.Wrapertimeslot|true|false
14:25:26.0 (26954187)|VARIABLE_ASSIGNMENT|[12]|wt|{"selected":false,"t":68400000}|0x423f896c
14:25:26.0 (26959653)|STATEMENT_EXECUTE|[12]
14:25:26.0 (26971383)|VARIABLE_ASSIGNMENT|[EXTERNAL]|this|{"selected":false,"t":68400000}|0x423f896c
14:25:26.0 (26979189)|STATEMENT_EXECUTE|[13]
14:25:26.0 (26984678)|HEAP_ALLOCATE|[12]|Bytes:5
14:25:26.0 (26993289)|VARIABLE_ASSIGNMENT|[12]|wt|null|
14:25:26.0 (27002541)|STATEMENT_EXECUTE|[22]
14:25:26.0 (27004617)|STATEMENT_EXECUTE|[23]
14:25:26.0 (27021748)|METHOD_ENTRY|[23]|01p0H000007gCe8|docappcontroller.fetchslots()
14:25:26.0 (27036924)|VARIABLE_SCOPE_BEGIN|[32]|this|docappcontroller|true|false
14:25:26.0 (27066701)|VARIABLE_ASSIGNMENT|[32]|this|{"aptdum":"0x6f607b02","Docdum":"0x14dafb66","Docmap":"0x730db071","Initialselected":4,"Selecteddoc":"a260H000001koYjQAI","SelectedtimeSlot":30,"timelist":"0x7fe52c2f","timewraplist":"0x35726d05","timewraplistInitial":"0x35726d05"}|0x54d4e981
14:25:26.0 (27076832)|STATEMENT_EXECUTE|[32]
14:25:26.0 (27078425)|STATEMENT_EXECUTE|[33]
14:25:26.0 (27100190)|VARIABLE_SCOPE_BEGIN|[33]|timeset|Set<Time>|true|false
14:25:26.0 (27112205)|VARIABLE_ASSIGNMENT|[33]|timeset|null|
14:25:26.0 (27116219)|STATEMENT_EXECUTE|[34]
14:25:26.0 (27151944)|VARIABLE_ASSIGNMENT|[EXTERNAL]|this|{"aptdum":"0x6f607b02","Docdum":"0x14dafb66","Docmap":"0x730db071","Initialselected":4,"Selecteddoc":"a260H000001koYjQAI","SelectedtimeSlot":30,"timelist":"0x7fe52c2f","timewraplist":"0x35726d05","timewraplistInitial":"0x35726d05"}|0x54d4e981
14:25:26.0 (27181315)|USER_DEBUG|[34]|DEBUG|a260H000001koYjQAI
14:25:26.0 (27216804)|VARIABLE_ASSIGNMENT|[EXTERNAL]|this|{"aptdum":"0x6f607b02","Docdum":"0x14dafb66","Docmap":"0x730db071","Initialselected":4,"Selecteddoc":"a260H000001koYjQAI","SelectedtimeSlot":30,"timelist":"0x7fe52c2f","timewraplist":"0x35726d05","timewraplistInitial":"0x35726d05"}|0x54d4e981
14:25:26.0 (27247989)|VARIABLE_ASSIGNMENT|[EXTERNAL]|this|{"aptdum":"0x6f607b02","Docdum":"0x14dafb66","Docmap":"0x730db071","Initialselected":4,"Selecteddoc":"a260H000001koYjQAI","SelectedtimeSlot":30,"timelist":"0x7fe52c2f","timewraplist":"0x35726d05","timewraplistInitial":"0x35726d05"}|0x54d4e981
14:25:26.0 (27277438)|STATEMENT_EXECUTE|[37]
14:25:26.0 (27279303)|STATEMENT_EXECUTE|[38]
14:25:26.0 (27306931)|VARIABLE_ASSIGNMENT|[EXTERNAL]|this|{"aptdum":"0x6f607b02","Docdum":"0x14dafb66","Docmap":"0x730db071","Initialselected":4,"Selecteddoc":"a260H000001koYjQAI","SelectedtimeSlot":30,"timelist":"0x7fe52c2f","timewraplist":"0x35726d05","timewraplistInitial":"0x35726d05"}|0x54d4e981
14:25:26.0 (27342154)|VARIABLE_ASSIGNMENT|[EXTERNAL]|this|{"aptdum":"0x6f607b02","Docdum":"0x14dafb66","Docmap":"0x730db071","Initialselected":4,"Selecteddoc":"a260H000001koYjQAI","SelectedtimeSlot":30,"timelist":"0x7fe52c2f","timewraplist":"0x35726d05","timewraplistInitial":"0x35726d05"}|0x54d4e981
14:25:26.0 (27367645)|VARIABLE_SCOPE_BEGIN|[38]|d|Doctor__c|true|false
14:25:26.0 (27384722)|VARIABLE_ASSIGNMENT|[38]|d|{"Id":"a260H000001koYjQAI","Name":"doc 2","End_Time__c":68400000,"Speciality__c":"General Surgery","Start_Time__c":43200000}|0x5725337
14:25:26.0 (27391565)|STATEMENT_EXECUTE|[39]
14:25:26.0 (27422974)|HEAP_ALLOCATE|[39]|Bytes:4
14:25:26.0 (27459964)|HEAP_ALLOCATE|[39]|Bytes:150
14:25:26.0 (27474786)|HEAP_ALLOCATE|[39]|Bytes:4
14:25:26.0 (27484384)|HEAP_ALLOCATE|[39]|Bytes:7
14:25:26.0 (27516321)|VARIABLE_ASSIGNMENT|[EXTERNAL]|this|{"aptdum":"0x6f607b02","Docdum":"0x14dafb66","Docmap":"0x730db071","Initialselected":4,"Selecteddoc":"a260H000001koYjQAI","SelectedtimeSlot":30,"timelist":"0x7fe52c2f","timewraplist":"0x35726d05","timewraplistInitial":"0x35726d05"}|0x54d4e981
14:25:26.0 (27535841)|HEAP_ALLOCATE|[39]|Bytes:7
14:25:26.0 (27562969)|VARIABLE_ASSIGNMENT|[EXTERNAL]|this|{"aptdum":"0x6f607b02","Docdum":"0x14dafb66","Docmap":"0x730db071","Initialselected":4,"Selecteddoc":"a260H000001koYjQAI","SelectedtimeSlot":30,"timelist":"0x7fe52c2f","timewraplist":"0x35726d05","timewraplistInitial":"0x35726d05"}|0x54d4e981
14:25:26.0 (27919320)|SOQL_EXECUTE_BEGIN|[39]|Aggregations:0|SELECT Id, Name, Doctor__c, Patient__c, End_Time__c, Start_Time__c FROM Appointment__c WHERE (Doctor__c = :tmpVar1 AND Appointment_Date__c = :tmpVar2)
14:25:26.0 (32610834)|SOQL_EXECUTE_END|[39]|Rows:1
14:25:26.0 (32631762)|HEAP_ALLOCATE|[39]|Bytes:8
14:25:26.0 (32646885)|HEAP_ALLOCATE|[39]|Bytes:147
14:25:26.0 (32677073)|HEAP_ALLOCATE|[39]|Bytes:8
14:25:26.0 (32700877)|HEAP_ALLOCATE|[39]|Bytes:28
14:25:26.0 (32706179)|HEAP_ALLOCATE|[39]|Bytes:28
14:25:26.0 (32709768)|HEAP_ALLOCATE|[39]|Bytes:4
14:25:26.0 (32719752)|VARIABLE_SCOPE_BEGIN|[39]|aptlist|List<Appointment__c>|true|false
14:25:26.0 (32730546)|HEAP_ALLOCATE|[EXTERNAL]|Bytes:8
14:25:26.0 (32750984)|VARIABLE_ASSIGNMENT|[39]|aptlist|[{"Id":"a250H00000HaxnFQAR","Name":"A-00000","Doctor__c":"a260H000001koYjQAI","Patient__c":"a270H000006vXivQAE","End_Time__c":61200000,"Start_Time__c":54000000}]|0x393a38cb
14:25:26.0 (32758813)|STATEMENT_EXECUTE|[40]
14:25:26.0 (32771178)|HEAP_ALLOCATE|[40]|Bytes:4
14:25:26.0 (32829525)|VARIABLE_ASSIGNMENT|[40]|timeset|[]|0x383e62c6
14:25:26.0 (32909532)|HEAP_ALLOCATE|[41]|Bytes:5
14:25:26.0 (32922610)|HEAP_ALLOCATE|[41]|Bytes:28
14:25:26.0 (32931581)|VARIABLE_SCOPE_BEGIN|[41]|apt|Appointment__c|true|false
14:25:26.0 (32951358)|VARIABLE_ASSIGNMENT|[41]|apt|{"Id":"a250H00000HaxnFQAR","Name":"A-00000","Doctor__c":"a260H000001koYjQAI","Patient__c":"a270H000006vXivQAE","End_Time__c":61200000,"Start_Time__c":54000000}|0xc7590a6
14:25:26.0 (32958915)|STATEMENT_EXECUTE|[41]
14:25:26.0 (32960707)|STATEMENT_EXECUTE|[43]
14:25:26.0 (32991702)|VARIABLE_SCOPE_BEGIN|[43]|t|Time|false|false
14:25:26.0 (33005249)|VARIABLE_ASSIGNMENT|[43]|t|54000000
14:25:26.0 (33010913)|STATEMENT_EXECUTE|[44]
14:25:26.0 (33062311)|VARIABLE_SCOPE_BEGIN|[44]|i|Integer|false|false
14:25:26.0 (33070598)|HEAP_ALLOCATE|[44]|Bytes:4
14:25:26.0 (33077677)|VARIABLE_ASSIGNMENT|[44]|i|2
14:25:26.0 (33082041)|STATEMENT_EXECUTE|[45]
14:25:26.0 (33106035)|HEAP_ALLOCATE|[45]|Bytes:28
14:25:26.0 (33110590)|HEAP_ALLOCATE|[45]|Bytes:28
14:25:26.0 (33115328)|VARIABLE_SCOPE_BEGIN|[45]|i1|Decimal|false|false
14:25:26.0 (33126760)|VARIABLE_ASSIGNMENT|[45]|i1|0
14:25:26.0 (33131717)|STATEMENT_EXECUTE|[46]
14:25:26.0 (33155119)|HEAP_ALLOCATE|[EXTERNAL]|Bytes:4
14:25:26.0 (33177597)|STATEMENT_EXECUTE|[47]
14:25:26.0 (33179377)|STATEMENT_EXECUTE|[48]
14:25:26.0 (33200627)|USER_DEBUG|[48]|DEBUG|15:00:00.000Z
14:25:26.0 (33208597)|STATEMENT_EXECUTE|[49]
14:25:26.0 (33234896)|HEAP_ALLOCATE|[49]|Bytes:4
14:25:26.0 (33253325)|VARIABLE_ASSIGNMENT|[49]|t|55800000
14:25:26.0 (33258644)|STATEMENT_EXECUTE|[50]
14:25:26.0 (33262866)|HEAP_ALLOCATE|[50]|Bytes:3
14:25:26.0 (33275773)|HEAP_ALLOCATE|[50]|Bytes:28
14:25:26.0 (33319237)|HEAP_ALLOCATE|[50]|Bytes:28
14:25:26.0 (33336172)|VARIABLE_ASSIGNMENT|[50]|i1|0.5
14:25:26.0 (33341534)|STATEMENT_EXECUTE|[51]
14:25:26.0 (33358097)|HEAP_ALLOCATE|[EXTERNAL]|Bytes:4
14:25:26.0 (33371530)|HEAP_ALLOCATE|[52]|Bytes:28
14:25:26.0 (33375252)|HEAP_ALLOCATE|[52]|Bytes:28
14:25:26.0 (33380588)|HEAP_ALLOCATE|[52]|Bytes:28
14:25:26.0 (33403809)|HEAP_ALLOCATE|[52]|Bytes:28
14:25:26.0 (33432046)|STATEMENT_EXECUTE|[47]
14:25:26.0 (33433761)|STATEMENT_EXECUTE|[48]
14:25:26.0 (33442165)|USER_DEBUG|[48]|DEBUG|15:30:00.000Z
14:25:26.0 (33449073)|STATEMENT_EXECUTE|[49]
14:25:26.0 (33457551)|HEAP_ALLOCATE|[49]|Bytes:4
14:25:26.0 (33471179)|VARIABLE_ASSIGNMENT|[49]|t|57600000
14:25:26.0 (33476513)|STATEMENT_EXECUTE|[50]
14:25:26.0 (33481372)|HEAP_ALLOCATE|[50]|Bytes:28
14:25:26.0 (33493106)|HEAP_ALLOCATE|[50]|Bytes:28
14:25:26.0 (33504083)|VARIABLE_ASSIGNMENT|[50]|i1|1.0
14:25:26.0 (33508908)|STATEMENT_EXECUTE|[51]
14:25:26.0 (33514229)|HEAP_ALLOCATE|[EXTERNAL]|Bytes:4
14:25:26.0 (33523353)|HEAP_ALLOCATE|[52]|Bytes:28
14:25:26.0 (33526860)|HEAP_ALLOCATE|[52]|Bytes:28
14:25:26.0 (33531462)|HEAP_ALLOCATE|[52]|Bytes:28
14:25:26.0 (33548770)|HEAP_ALLOCATE|[52]|Bytes:28
14:25:26.0 (33568059)|STATEMENT_EXECUTE|[47]
14:25:26.0 (33569683)|STATEMENT_EXECUTE|[48]
14:25:26.0 (33576255)|USER_DEBUG|[48]|DEBUG|16:00:00.000Z
14:25:26.0 (33582445)|STATEMENT_EXECUTE|[49]
14:25:26.0 (33590346)|HEAP_ALLOCATE|[49]|Bytes:4
14:25:26.0 (33602948)|VARIABLE_ASSIGNMENT|[49]|t|59400000
14:25:26.0 (33607232)|STATEMENT_EXECUTE|[50]
14:25:26.0 (33611427)|HEAP_ALLOCATE|[50]|Bytes:28
14:25:26.0 (33622871)|HEAP_ALLOCATE|[50]|Bytes:28
14:25:26.0 (33632435)|VARIABLE_ASSIGNMENT|[50]|i1|1.5
14:25:26.0 (33636514)|STATEMENT_EXECUTE|[51]
14:25:26.0 (33641435)|HEAP_ALLOCATE|[EXTERNAL]|Bytes:4
14:25:26.0 (33650343)|HEAP_ALLOCATE|[52]|Bytes:28
14:25:26.0 (33654190)|HEAP_ALLOCATE|[52]|Bytes:28
14:25:26.0 (33658503)|HEAP_ALLOCATE|[52]|Bytes:28
14:25:26.0 (33670030)|HEAP_ALLOCATE|[52]|Bytes:28
14:25:26.0 (33694209)|HEAP_ALLOCATE|[41]|Bytes:5
14:25:26.0 (33705768)|VARIABLE_ASSIGNMENT|[41]|apt|null|
14:25:26.0 (33711313)|STATEMENT_EXECUTE|[63]
14:25:26.0 (33720137)|HEAP_ALLOCATE|[63]|Bytes:4
14:25:26.0 (33782776)|VARIABLE_ASSIGNMENT|[EXTERNAL]|this|{"aptdum":"0x6f607b02","Docdum":"0x14dafb66","Docmap":"0x730db071","Initialselected":4,"Selecteddoc":"a260H000001koYjQAI","SelectedtimeSlot":30,"timelist":"0x7fe52c2f","timewraplist":"0x35726d05","timewraplistInitial":"0x35726d05"}|0x54d4e981
14:25:26.0 (33803311)|HEAP_ALLOCATE|[EXTERNAL]|Bytes:4
14:25:26.0 (33810711)|VARIABLE_ASSIGNMENT|[EXTERNAL]|value|[]|0x2c717f91
14:25:26.0 (33822900)|VARIABLE_ASSIGNMENT|[4]|this.timewraplist|[]|0x54d4e981
14:25:26.0 (33832608)|STATEMENT_EXECUTE|[64]
14:25:26.0 (33839998)|HEAP_ALLOCATE|[64]|Bytes:4
14:25:26.0 (33903371)|VARIABLE_ASSIGNMENT|[EXTERNAL]|this|{"aptdum":"0x6f607b02","Docdum":"0x14dafb66","Docmap":"0x730db071","Initialselected":4,"Selecteddoc":"a260H000001koYjQAI","SelectedtimeSlot":30,"timelist":"0x7fe52c2f","timewraplist":"0x2c717f91","timewraplistInitial":"0x35726d05"}|0x54d4e981
14:25:26.0 (33924325)|HEAP_ALLOCATE|[EXTERNAL]|Bytes:4
14:25:26.0 (33931045)|VARIABLE_ASSIGNMENT|[EXTERNAL]|value|[]|0x2b9da23d
14:25:26.0 (33941848)|VARIABLE_ASSIGNMENT|[3]|this.timelist|[]|0x54d4e981
14:25:26.0 (33950416)|STATEMENT_EXECUTE|[65]
14:25:26.0 (33977633)|VARIABLE_SCOPE_BEGIN|[65]|t|Time|false|false
14:25:26.0 (34000189)|VARIABLE_ASSIGNMENT|[65]|t|43200000
14:25:26.0 (34009627)|STATEMENT_EXECUTE|[66]
14:25:26.0 (34067783)|VARIABLE_SCOPE_BEGIN|[66]|i|Integer|false|false
14:25:26.0 (34076503)|HEAP_ALLOCATE|[66]|Bytes:4
14:25:26.0 (34083982)|VARIABLE_ASSIGNMENT|[66]|i|7
14:25:26.0 (34088227)|STATEMENT_EXECUTE|[67]
14:25:26.0 (34096886)|HEAP_ALLOCATE|[67]|Bytes:28
14:25:26.0 (34100529)|HEAP_ALLOCATE|[67]|Bytes:28
14:25:26.0 (34104465)|VARIABLE_SCOPE_BEGIN|[67]|i1|Decimal|false|false
14:25:26.0 (34113998)|VARIABLE_ASSIGNMENT|[67]|i1|0
14:25:26.0 (34144587)|STATEMENT_EXECUTE|[68]
14:25:26.0 (34146753)|STATEMENT_EXECUTE|[69]
14:25:26.0 (34186475)|VARIABLE_ASSIGNMENT|[EXTERNAL]|this|{"aptdum":"0x6f607b02","Docdum":"0x14dafb66","Docmap":"0x730db071","Initialselected":4,"Selecteddoc":"a260H000001koYjQAI","SelectedtimeSlot":30,"timelist":"0x2b9da23d","timewraplist":"0x2c717f91","timewraplistInitial":"0x35726d05"}|0x54d4e981
14:25:26.0 (34202340)|HEAP_ALLOCATE|[69]|Bytes:12
14:25:26.0 (34218862)|CONSTRUCTOR_ENTRY|[69]|01p0H000007gCe8|<init>(Boolean,Time)
14:25:26.0 (34231831)|VARIABLE_SCOPE_BEGIN|[179]|this|docappcontroller.Wrapertimeslot|true|false
14:25:26.0 (34249470)|VARIABLE_ASSIGNMENT|[179]|this|{}|0x1428ed3
14:25:26.0 (34257964)|VARIABLE_SCOPE_BEGIN|[179]|selection|Boolean|false|false
14:25:26.0 (34266763)|VARIABLE_ASSIGNMENT|[179]|selection|false
14:25:26.0 (34275428)|VARIABLE_SCOPE_BEGIN|[179]|tm|Time|false|false
14:25:26.0 (34285482)|VARIABLE_ASSIGNMENT|[179]|tm|43200000
14:25:26.0 (34290536)|STATEMENT_EXECUTE|[175]
14:25:26.0 (34292319)|STATEMENT_EXECUTE|[176]
14:25:26.0 (34294278)|STATEMENT_EXECUTE|[177]
14:25:26.0 (34300554)|HEAP_ALLOCATE|[180]|Bytes:6
14:25:26.0 (34328082)|STATEMENT_EXECUTE|[179]
14:25:26.0 (34329835)|STATEMENT_EXECUTE|[180]
14:25:26.0 (34378803)|VARIABLE_ASSIGNMENT|[EXTERNAL]|this|{}|0x1428ed3
14:25:26.0 (34390652)|VARIABLE_ASSIGNMENT|[EXTERNAL]|value|false
14:25:26.0 (34397544)|HEAP_ALLOCATE|[176]|Bytes:5
14:25:26.0 (34405238)|VARIABLE_ASSIGNMENT|[176]|this.selected|false|0x1428ed3
14:25:26.0 (34414287)|STATEMENT_EXECUTE|[181]
14:25:26.0 (34445538)|VARIABLE_ASSIGNMENT|[EXTERNAL]|this|{"selected":false}|0x1428ed3
14:25:26.0 (34459674)|VARIABLE_ASSIGNMENT|[EXTERNAL]|value|43200000
14:25:26.0 (34468753)|VARIABLE_ASSIGNMENT|[177]|this.t|43200000|0x1428ed3
14:25:26.0 (34483483)|CONSTRUCTOR_EXIT|[69]|01p0H000007gCe8|<init>(Boolean,Time)
14:25:26.0 (34496226)|HEAP_ALLOCATE|[EXTERNAL]|Bytes:4
14:25:26.0 (34503388)|STATEMENT_EXECUTE|[74]
14:25:26.0 (34540475)|VARIABLE_ASSIGNMENT|[EXTERNAL]|this|{"aptdum":"0x6f607b02","Docdum":"0x14dafb66","Docmap":"0x730db071","Initialselected":4,"Selecteddoc":"a260H000001koYjQAI","SelectedtimeSlot":30,"timelist":"0x2b9da23d","timewraplist":"0x2c717f91","timewraplistInitial":"0x35726d05"}|0x54d4e981
14:25:26.0 (34560759)|HEAP_ALLOCATE|[EXTERNAL]|Bytes:4
14:25:26.0 (34574832)|HEAP_ALLOCATE|[77]|Bytes:28
14:25:26.0 (34579060)|HEAP_ALLOCATE|[77]|Bytes:28
14:25:26.0 (34609117)|STATEMENT_EXECUTE|[77]
14:25:26.0 (34611068)|STATEMENT_EXECUTE|[78]
14:25:26.0 (34628376)|USER_DEBUG|[78]|DEBUG|12:00:00.000Z
14:25:26.0 (34636614)|STATEMENT_EXECUTE|[79]
14:25:26.0 (34657708)|HEAP_ALLOCATE|[79]|Bytes:4
14:25:26.0 (34673704)|VARIABLE_ASSIGNMENT|[79]|t|45000000
14:25:26.0 (34678912)|STATEMENT_EXECUTE|[80]
14:25:26.0 (34685886)|HEAP_ALLOCATE|[80]|Bytes:28
14:25:26.0 (34705113)|HEAP_ALLOCATE|[80]|Bytes:28
14:25:26.0 (34718191)|VARIABLE_ASSIGNMENT|[80]|i1|0.5
14:25:26.0 (34722568)|STATEMENT_EXECUTE|[81]
14:25:26.0 (34766307)|VARIABLE_ASSIGNMENT|[EXTERNAL]|this|{"aptdum":"0x6f607b02","Docdum":"0x14dafb66","Docmap":"0x730db071","Initialselected":4,"Selecteddoc":"a260H000001koYjQAI","SelectedtimeSlot":30,"timelist":"0x2b9da23d","timewraplist":"0x2c717f91","timewraplistInitial":"0x35726d05"}|0x54d4e981
14:25:26.0 (34788689)|HEAP_ALLOCATE|[EXTERNAL]|Bytes:4
14:25:26.0 (34818557)|STATEMENT_EXECUTE|[83]
14:25:26.0 (34820505)|STATEMENT_EXECUTE|[84]
14:25:26.0 (34853345)|VARIABLE_ASSIGNMENT|[EXTERNAL]|this|{"aptdum":"0x6f607b02","Docdum":"0x14dafb66","Docmap":"0x730db071","Initialselected":4,"Selecteddoc":"a260H000001koYjQAI","SelectedtimeSlot":30,"timelist":"0x2b9da23d","timewraplist":"0x2c717f91","timewraplistInitial":"0x35726d05"}|0x54d4e981
14:25:26.0 (34868365)|HEAP_ALLOCATE|[84]|Bytes:12
14:25:26.0 (34882419)|CONSTRUCTOR_ENTRY|[84]|01p0H000007gCe8|<init>(Boolean,Time)
14:25:26.0 (34890091)|VARIABLE_SCOPE_BEGIN|[179]|this|docappcontroller.Wrapertimeslot|true|false
14:25:26.0 (34905051)|VARIABLE_ASSIGNMENT|[179]|this|{}|0x56ccf313
14:25:26.0 (34912684)|VARIABLE_SCOPE_BEGIN|[179]|selection|Boolean|false|false
14:25:26.0 (34921591)|VARIABLE_ASSIGNMENT|[179]|selection|false
14:25:26.0 (34925531)|VARIABLE_SCOPE_BEGIN|[179]|tm|Time|false|false
14:25:26.0 (34934621)|VARIABLE_ASSIGNMENT|[179]|tm|45000000
14:25:26.0 (34939776)|STATEMENT_EXECUTE|[175]
14:25:26.0 (34941507)|STATEMENT_EXECUTE|[176]
14:25:26.0 (34943458)|STATEMENT_EXECUTE|[177]
14:25:26.0 (34955089)|STATEMENT_EXECUTE|[179]
14:25:26.0 (34956707)|STATEMENT_EXECUTE|[180]
14:25:26.0 (34968466)|VARIABLE_ASSIGNMENT|[EXTERNAL]|this|{}|0x56ccf313
14:25:26.0 (34977254)|VARIABLE_ASSIGNMENT|[EXTERNAL]|value|false
14:25:26.0 (34983295)|HEAP_ALLOCATE|[176]|Bytes:5
14:25:26.0 (34989871)|VARIABLE_ASSIGNMENT|[176]|this.selected|false|0x56ccf313
14:25:26.0 (34997686)|STATEMENT_EXECUTE|[181]
14:25:26.0 (35009108)|VARIABLE_ASSIGNMENT|[EXTERNAL]|this|{"selected":false}|0x56ccf313
14:25:26.0 (35019236)|VARIABLE_ASSIGNMENT|[EXTERNAL]|value|45000000
14:25:26.0 (35026502)|VARIABLE_ASSIGNMENT|[177]|this.t|45000000|0x56ccf313
14:25:26.0 (35045447)|CONSTRUCTOR_EXIT|[84]|01p0H000007gCe8|<init>(Boolean,Time)
14:25:26.0 (35057312)|HEAP_ALLOCATE|[EXTERNAL]|Bytes:4
14:25:26.0 (35069863)|HEAP_ALLOCATE|[77]|Bytes:28
14:25:26.0 (35074502)|HEAP_ALLOCATE|[77]|Bytes:28
14:25:26.0 (35096793)|STATEMENT_EXECUTE|[77]
14:25:26.0 (35098602)|STATEMENT_EXECUTE|[78]
14:25:26.0 (35108715)|USER_DEBUG|[78]|DEBUG|12:30:00.000Z
14:25:26.0 (35116838)|STATEMENT_EXECUTE|[79]
14:25:26.0 (35129134)|HEAP_ALLOCATE|[79]|Bytes:4
14:25:26.0 (35143538)|VARIABLE_ASSIGNMENT|[79]|t|46800000
14:25:26.0 (35148009)|STATEMENT_EXECUTE|[80]
14:25:26.0 (35153837)|HEAP_ALLOCATE|[80]|Bytes:28
14:25:26.0 (35166946)|HEAP_ALLOCATE|[80]|Bytes:28
14:25:26.0 (35178895)|VARIABLE_ASSIGNMENT|[80]|i1|1.0
14:25:26.0 (35183208)|STATEMENT_EXECUTE|[81]
14:25:26.0 (35212255)|VARIABLE_ASSIGNMENT|[EXTERNAL]|this|{"aptdum":"0x6f607b02","Docdum":"0x14dafb66","Docmap":"0x730db071","Initialselected":4,"Selecteddoc":"a260H000001koYjQAI","SelectedtimeSlot":30,"timelist":"0x2b9da23d","timewraplist":"0x2c717f91","timewraplistInitial":"0x35726d05"}|0x54d4e981
14:25:26.0 (35227990)|HEAP_ALLOCATE|[EXTERNAL]|Bytes:4
14:25:26.0 (35241709)|STATEMENT_EXECUTE|[83]
14:25:26.0 (35243977)|STATEMENT_EXECUTE|[84]
14:25:26.0 (35269908)|VARIABLE_ASSIGNMENT|[EXTERNAL]|this|{"aptdum":"0x6f607b02","Docdum":"0x14dafb66","Docmap":"0x730db071","Initialselected":4,"Selecteddoc":"a260H000001koYjQAI","SelectedtimeSlot":30,"timelist":"0x2b9da23d","timewraplist":"0x2c717f91","timewraplistInitial":"0x35726d05"}|0x54d4e981
14:25:26.0 (35283061)|HEAP_ALLOCATE|[84]|Bytes:12
14:25:26.0 (35295304)|CONSTRUCTOR_ENTRY|[84]|01p0H000007gCe8|<init>(Boolean,Time)
14:25:26.0 (35302451)|VARIABLE_SCOPE_BEGIN|[179]|this|docappcontroller.Wrapertimeslot|true|false
14:25:26.0 (35320817)|VARIABLE_ASSIGNMENT|[179]|this|{}|0x39cf5456
14:25:26.0 (35328398)|VARIABLE_SCOPE_BEGIN|[179]|selection|Boolean|false|false
14:25:26.0 (35336395)|VARIABLE_ASSIGNMENT|[179]|selection|false
14:25:26.0 (35341618)|VARIABLE_SCOPE_BEGIN|[179]|tm|Time|false|false
14:25:26.0 (35349835)|VARIABLE_ASSIGNMENT|[179]|tm|46800000
14:25:26.0 (35354487)|STATEMENT_EXECUTE|[175]
14:25:26.0 (35356057)|STATEMENT_EXECUTE|[176]
14:25:26.0 (35357682)|STATEMENT_EXECUTE|[177]
14:25:26.0 (35368175)|STATEMENT_EXECUTE|[179]
14:25:26.0 (35369747)|STATEMENT_EXECUTE|[180]
14:25:26.0 (35380462)|VARIABLE_ASSIGNMENT|[EXTERNAL]|this|{}|0x39cf5456
14:25:26.0 (35389124)|VARIABLE_ASSIGNMENT|[EXTERNAL]|value|false
14:25:26.0 (35394506)|HEAP_ALLOCATE|[176]|Bytes:5
14:25:26.0 (35400789)|VARIABLE_ASSIGNMENT|[176]|this.selected|false|0x39cf5456
14:25:26.0 (35408623)|STATEMENT_EXECUTE|[181]
14:25:26.0 (35420341)|VARIABLE_ASSIGNMENT|[EXTERNAL]|this|{"selected":false}|0x39cf5456
14:25:26.0 (35430639)|VARIABLE_ASSIGNMENT|[EXTERNAL]|value|46800000
14:25:26.0 (35438149)|VARIABLE_ASSIGNMENT|[177]|this.t|46800000|0x39cf5456
14:25:26.0 (35452329)|CONSTRUCTOR_EXIT|[84]|01p0H000007gCe8|<init>(Boolean,Time)
14:25:26.0 (35461647)|HEAP_ALLOCATE|[EXTERNAL]|Bytes:4
14:25:26.0 (35472637)|HEAP_ALLOCATE|[77]|Bytes:28
14:25:26.0 (35476447)|HEAP_ALLOCATE|[77]|Bytes:28
14:25:26.0 (35494911)|STATEMENT_EXECUTE|[77]
14:25:26.0 (35496654)|STATEMENT_EXECUTE|[78]
14:25:26.0 (35505965)|USER_DEBUG|[78]|DEBUG|13:00:00.000Z
14:25:26.0 (35513264)|STATEMENT_EXECUTE|[79]
14:25:26.0 (35521969)|HEAP_ALLOCATE|[79]|Bytes:4
14:25:26.0 (35535302)|VARIABLE_ASSIGNMENT|[79]|t|48600000
14:25:26.0 (35539987)|STATEMENT_EXECUTE|[80]
14:25:26.0 (35545347)|HEAP_ALLOCATE|[80]|Bytes:28
14:25:26.0 (35557551)|HEAP_ALLOCATE|[80]|Bytes:28
14:25:26.0 (35568839)|VARIABLE_ASSIGNMENT|[80]|i1|1.5
14:25:26.0 (35573518)|STATEMENT_EXECUTE|[81]
14:25:26.0 (35601188)|VARIABLE_ASSIGNMENT|[EXTERNAL]|this|{"aptdum":"0x6f607b02","Docdum":"0x14dafb66","Docmap":"0x730db071","Initialselected":4,"Selecteddoc":"a260H000001koYjQAI","SelectedtimeSlot":30,"timelist":"0x2b9da23d","timewraplist":"0x2c717f91","timewraplistInitial":"0x35726d05"}|0x54d4e981
14:25:26.0 (35615261)|HEAP_ALLOCATE|[EXTERNAL]|Bytes:4
14:25:26.0 (35627802)|STATEMENT_EXECUTE|[83]
14:25:26.0 (35629420)|STATEMENT_EXECUTE|[84]
14:25:26.0 (35652802)|VARIABLE_ASSIGNMENT|[EXTERNAL]|this|{"aptdum":"0x6f607b02","Docdum":"0x14dafb66","Docmap":"0x730db071","Initialselected":4,"Selecteddoc":"a260H000001koYjQAI","SelectedtimeSlot":30,"timelist":"0x2b9da23d","timewraplist":"0x2c717f91","timewraplistInitial":"0x35726d05"}|0x54d4e981
14:25:26.0 (35665459)|HEAP_ALLOCATE|[84]|Bytes:12
14:25:26.0 (35676861)|CONSTRUCTOR_ENTRY|[84]|01p0H000007gCe8|<init>(Boolean,Time)
14:25:26.0 (35683846)|VARIABLE_SCOPE_BEGIN|[179]|this|docappcontroller.Wrapertimeslot|true|false
14:25:26.0 (35696537)|VARIABLE_ASSIGNMENT|[179]|this|{}|0x280e4094
14:25:26.0 (35703925)|VARIABLE_SCOPE_BEGIN|[179]|selection|Boolean|false|false
14:25:26.0 (35712591)|VARIABLE_ASSIGNMENT|[179]|selection|false
14:25:26.0 (35717055)|VARIABLE_SCOPE_BEGIN|[179]|tm|Time|false|false
14:25:26.0 (35724910)|VARIABLE_ASSIGNMENT|[179]|tm|48600000
14:25:26.0 (35729304)|STATEMENT_EXECUTE|[175]
14:25:26.0 (35730849)|STATEMENT_EXECUTE|[176]
14:25:26.0 (35732472)|STATEMENT_EXECUTE|[177]
14:25:26.0 (35741864)|STATEMENT_EXECUTE|[179]
14:25:26.0 (35743417)|STATEMENT_EXECUTE|[180]
14:25:26.0 (35754033)|VARIABLE_ASSIGNMENT|[EXTERNAL]|this|{}|0x280e4094
14:25:26.0 (35762713)|VARIABLE_ASSIGNMENT|[EXTERNAL]|value|false
14:25:26.0 (35767932)|HEAP_ALLOCATE|[176]|Bytes:5
14:25:26.0 (35774289)|VARIABLE_ASSIGNMENT|[176]|this.selected|false|0x280e4094
14:25:26.0 (35782427)|STATEMENT_EXECUTE|[181]
14:25:26.0 (35793752)|VARIABLE_ASSIGNMENT|[EXTERNAL]|this|{"selected":false}|0x280e4094
14:25:26.0 (35802639)|VARIABLE_ASSIGNMENT|[EXTERNAL]|value|48600000
14:25:26.0 (35809820)|VARIABLE_ASSIGNMENT|[177]|this.t|48600000|0x280e4094
14:25:26.0 (35823031)|CONSTRUCTOR_EXIT|[84]|01p0H000007gCe8|<init>(Boolean,Time)
14:25:26.0 (35832317)|HEAP_ALLOCATE|[EXTERNAL]|Bytes:4
14:25:26.0 (35843645)|HEAP_ALLOCATE|[77]|Bytes:28
14:25:26.0 (35847815)|HEAP_ALLOCATE|[77]|Bytes:28
14:25:26.0 (35864868)|STATEMENT_EXECUTE|[77]
14:25:26.0 (35866627)|STATEMENT_EXECUTE|[78]
14:25:26.0 (35875459)|USER_DEBUG|[78]|DEBUG|13:30:00.000Z
14:25:26.0 (35882901)|STATEMENT_EXECUTE|[79]
14:25:26.0 (35891450)|HEAP_ALLOCATE|[79]|Bytes:4
14:25:26.0 (35905262)|VARIABLE_ASSIGNMENT|[79]|t|50400000
14:25:26.0 (35909856)|STATEMENT_EXECUTE|[80]
14:25:26.0 (35915045)|HEAP_ALLOCATE|[80]|Bytes:28
14:25:26.0 (35926986)|HEAP_ALLOCATE|[80]|Bytes:28
14:25:26.0 (35937699)|VARIABLE_ASSIGNMENT|[80]|i1|2.0
14:25:26.0 (35942011)|STATEMENT_EXECUTE|[81]
14:25:26.0 (35969337)|VARIABLE_ASSIGNMENT|[EXTERNAL]|this|{"aptdum":"0x6f607b02","Docdum":"0x14dafb66","Docmap":"0x730db071","Initialselected":4,"Selecteddoc":"a260H000001koYjQAI","SelectedtimeSlot":30,"timelist":"0x2b9da23d","timewraplist":"0x2c717f91","timewraplistInitial":"0x35726d05"}|0x54d4e981
14:25:26.0 (35983890)|HEAP_ALLOCATE|[EXTERNAL]|Bytes:4
14:25:26.0 (35996329)|STATEMENT_EXECUTE|[83]
14:25:26.0 (35998502)|STATEMENT_EXECUTE|[84]
14:25:26.0 (36021438)|VARIABLE_ASSIGNMENT|[EXTERNAL]|this|{"aptdum":"0x6f607b02","Docdum":"0x14dafb66","Docmap":"0x730db071","Initialselected":4,"Selecteddoc":"a260H000001koYjQAI","SelectedtimeSlot":30,"timelist":"0x2b9da23d","timewraplist":"0x2c717f91","timewraplistInitial":"0x35726d05"}|0x54d4e981
14:25:26.0 (36034613)|HEAP_ALLOCATE|[84]|Bytes:12
14:25:26.0 (36044929)|CONSTRUCTOR_ENTRY|[84]|01p0H000007gCe8|<init>(Boolean,Time)
14:25:26.0 (36051199)|VARIABLE_SCOPE_BEGIN|[179]|this|docappcontroller.Wrapertimeslot|true|false
14:25:26.0 (36064088)|VARIABLE_ASSIGNMENT|[179]|this|{}|0x572c97a8
14:25:26.0 (36071678)|VARIABLE_SCOPE_BEGIN|[179]|selection|Boolean|false|false
14:25:26.0 (36080132)|VARIABLE_ASSIGNMENT|[179]|selection|false
14:25:26.0 (36084381)|VARIABLE_SCOPE_BEGIN|[179]|tm|Time|false|false
14:25:26.0 (36092414)|VARIABLE_ASSIGNMENT|[179]|tm|50400000
14:25:26.0 (36096951)|STATEMENT_EXECUTE|[175]
14:25:26.0 (36098477)|STATEMENT_EXECUTE|[176]
14:25:26.0 (36100087)|STATEMENT_EXECUTE|[177]
14:25:26.0 (36109476)|STATEMENT_EXECUTE|[179]
14:25:26.0 (36111404)|STATEMENT_EXECUTE|[180]
14:25:26.0 (36121487)|VARIABLE_ASSIGNMENT|[EXTERNAL]|this|{}|0x572c97a8
14:25:26.0 (36129789)|VARIABLE_ASSIGNMENT|[EXTERNAL]|value|false
14:25:26.0 (36135295)|HEAP_ALLOCATE|[176]|Bytes:5
14:25:26.0 (36140976)|VARIABLE_ASSIGNMENT|[176]|this.selected|false|0x572c97a8
14:25:26.0 (36149052)|STATEMENT_EXECUTE|[181]
14:25:26.0 (36159996)|VARIABLE_ASSIGNMENT|[EXTERNAL]|this|{"selected":false}|0x572c97a8
14:25:26.0 (36168639)|VARIABLE_ASSIGNMENT|[EXTERNAL]|value|50400000
14:25:26.0 (36175575)|VARIABLE_ASSIGNMENT|[177]|this.t|50400000|0x572c97a8
14:25:26.0 (36188841)|CONSTRUCTOR_EXIT|[84]|01p0H000007gCe8|<init>(Boolean,Time)
14:25:26.0 (36198731)|HEAP_ALLOCATE|[EXTERNAL]|Bytes:4
14:25:26.0 (36209085)|HEAP_ALLOCATE|[77]|Bytes:28
14:25:26.0 (36212893)|HEAP_ALLOCATE|[77]|Bytes:28
14:25:26.0 (36231259)|STATEMENT_EXECUTE|[77]
14:25:26.0 (36232989)|STATEMENT_EXECUTE|[78]
14:25:26.0 (36241733)|USER_DEBUG|[78]|DEBUG|14:00:00.000Z
14:25:26.0 (36251350)|STATEMENT_EXECUTE|[79]
14:25:26.0 (36259691)|HEAP_ALLOCATE|[79]|Bytes:4
14:25:26.0 (36273158)|VARIABLE_ASSIGNMENT|[79]|t|52200000
14:25:26.0 (36281053)|STATEMENT_EXECUTE|[80]
14:25:26.0 (36286235)|HEAP_ALLOCATE|[80]|Bytes:28
14:25:26.0 (36298394)|HEAP_ALLOCATE|[80]|Bytes:28
14:25:26.0 (36309506)|VARIABLE_ASSIGNMENT|[80]|i1|2.5
14:25:26.0 (36317937)|STATEMENT_EXECUTE|[81]
14:25:26.0 (36345461)|VARIABLE_ASSIGNMENT|[EXTERNAL]|this|{"aptdum":"0x6f607b02","Docdum":"0x14dafb66","Docmap":"0x730db071","Initialselected":4,"Selecteddoc":"a260H000001koYjQAI","SelectedtimeSlot":30,"timelist":"0x2b9da23d","timewraplist":"0x2c717f91","timewraplistInitial":"0x35726d05"}|0x54d4e981
14:25:26.0 (36359725)|HEAP_ALLOCATE|[EXTERNAL]|Bytes:4
14:25:26.0 (36372441)|STATEMENT_EXECUTE|[83]
14:25:26.0 (36374116)|STATEMENT_EXECUTE|[84]
14:25:26.0 (36395824)|VARIABLE_ASSIGNMENT|[EXTERNAL]|this|{"aptdum":"0x6f607b02","Docdum":"0x14dafb66","Docmap":"0x730db071","Initialselected":4,"Selecteddoc":"a260H000001koYjQAI","SelectedtimeSlot":30,"timelist":"0x2b9da23d","timewraplist":"0x2c717f91","timewraplistInitial":"0x35726d05"}|0x54d4e981
14:25:26.0 (36408393)|HEAP_ALLOCATE|[84]|Bytes:12
14:25:26.0 (36419162)|CONSTRUCTOR_ENTRY|[84]|01p0H000007gCe8|<init>(Boolean,Time)
14:25:26.0 (36425331)|VARIABLE_SCOPE_BEGIN|[179]|this|docappcontroller.Wrapertimeslot|true|false
14:25:26.0 (36438065)|VARIABLE_ASSIGNMENT|[179]|this|{}|0x5a27cd90
14:25:26.0 (36445180)|VARIABLE_SCOPE_BEGIN|[179]|selection|Boolean|false|false
14:25:26.0 (36453407)|VARIABLE_ASSIGNMENT|[179]|selection|false
14:25:26.0 (36458167)|VARIABLE_SCOPE_BEGIN|[179]|tm|Time|false|false
14:25:26.0 (36465864)|VARIABLE_ASSIGNMENT|[179]|tm|52200000
14:25:26.0 (36470052)|STATEMENT_EXECUTE|[175]
14:25:26.0 (36471573)|STATEMENT_EXECUTE|[176]
14:25:26.0 (36473293)|STATEMENT_EXECUTE|[177]
14:25:26.0 (36482460)|STATEMENT_EXECUTE|[179]
14:25:26.0 (36484048)|STATEMENT_EXECUTE|[180]
14:25:26.0 (36494333)|VARIABLE_ASSIGNMENT|[EXTERNAL]|this|{}|0x5a27cd90
14:25:26.0 (36502805)|VARIABLE_ASSIGNMENT|[EXTERNAL]|value|false
14:25:26.0 (36507710)|HEAP_ALLOCATE|[176]|Bytes:5
14:25:26.0 (36514176)|VARIABLE_ASSIGNMENT|[176]|this.selected|false|0x5a27cd90
14:25:26.0 (36521703)|STATEMENT_EXECUTE|[181]
14:25:26.0 (36532603)|VARIABLE_ASSIGNMENT|[EXTERNAL]|this|{"selected":false}|0x5a27cd90
14:25:26.0 (36541545)|VARIABLE_ASSIGNMENT|[EXTERNAL]|value|52200000
14:25:26.0 (36548788)|VARIABLE_ASSIGNMENT|[177]|this.t|52200000|0x5a27cd90
14:25:26.0 (36561933)|CONSTRUCTOR_EXIT|[84]|01p0H000007gCe8|<init>(Boolean,Time)
14:25:26.0 (36571145)|HEAP_ALLOCATE|[EXTERNAL]|Bytes:4
14:25:26.0 (36582232)|HEAP_ALLOCATE|[77]|Bytes:28
14:25:26.0 (36586169)|HEAP_ALLOCATE|[77]|Bytes:28
14:25:26.0 (36603843)|STATEMENT_EXECUTE|[77]
14:25:26.0 (36605591)|STATEMENT_EXECUTE|[78]
14:25:26.0 (36613914)|USER_DEBUG|[78]|DEBUG|14:30:00.000Z
14:25:26.0 (36620406)|STATEMENT_EXECUTE|[79]
14:25:26.0 (36628665)|HEAP_ALLOCATE|[79]|Bytes:4
14:25:26.0 (36641719)|VARIABLE_ASSIGNMENT|[79]|t|54000000
14:25:26.0 (36646706)|STATEMENT_EXECUTE|[80]
14:25:26.0 (36651384)|HEAP_ALLOCATE|[80]|Bytes:28
14:25:26.0 (36663413)|HEAP_ALLOCATE|[80]|Bytes:28
14:25:26.0 (36674436)|VARIABLE_ASSIGNMENT|[80]|i1|3.0
14:25:26.0 (36678867)|STATEMENT_EXECUTE|[81]
14:25:26.0 (36704303)|VARIABLE_ASSIGNMENT|[EXTERNAL]|this|{"aptdum":"0x6f607b02","Docdum":"0x14dafb66","Docmap":"0x730db071","Initialselected":4,"Selecteddoc":"a260H000001koYjQAI","SelectedtimeSlot":30,"timelist":"0x2b9da23d","timewraplist":"0x2c717f91","timewraplistInitial":"0x35726d05"}|0x54d4e981
14:25:26.0 (36719159)|HEAP_ALLOCATE|[EXTERNAL]|Bytes:4
14:25:26.0 (36731053)|STATEMENT_EXECUTE|[85]
14:25:26.0 (36732747)|STATEMENT_EXECUTE|[86]
14:25:26.0 (36765650)|VARIABLE_ASSIGNMENT|[EXTERNAL]|this|{"aptdum":"0x6f607b02","Docdum":"0x14dafb66","Docmap":"0x730db071","Initialselected":4,"Selecteddoc":"a260H000001koYjQAI","SelectedtimeSlot":30,"timelist":"0x2b9da23d","timewraplist":"0x2c717f91","timewraplistInitial":"0x35726d05"}|0x54d4e981
14:25:26.0 (36779830)|HEAP_ALLOCATE|[86]|Bytes:12
14:25:26.0 (36791263)|CONSTRUCTOR_ENTRY|[86]|01p0H000007gCe8|<init>(Boolean,Time)
14:25:26.0 (36797593)|VARIABLE_SCOPE_BEGIN|[179]|this|docappcontroller.Wrapertimeslot|true|false
14:25:26.0 (36810672)|VARIABLE_ASSIGNMENT|[179]|this|{}|0x6102d656
14:25:26.0 (36818025)|VARIABLE_SCOPE_BEGIN|[179]|selection|Boolean|false|false
14:25:26.0 (36826550)|VARIABLE_ASSIGNMENT|[179]|selection|true
14:25:26.0 (36831117)|VARIABLE_SCOPE_BEGIN|[179]|tm|Time|false|false
14:25:26.0 (36839281)|VARIABLE_ASSIGNMENT|[179]|tm|54000000
14:25:26.0 (36843963)|STATEMENT_EXECUTE|[175]
14:25:26.0 (36845554)|STATEMENT_EXECUTE|[176]
14:25:26.0 (36847276)|STATEMENT_EXECUTE|[177]
14:25:26.0 (36856880)|STATEMENT_EXECUTE|[179]
14:25:26.0 (36858458)|STATEMENT_EXECUTE|[180]
14:25:26.0 (36868781)|VARIABLE_ASSIGNMENT|[EXTERNAL]|this|{}|0x6102d656
14:25:26.0 (36877806)|VARIABLE_ASSIGNMENT|[EXTERNAL]|value|true
14:25:26.0 (36882875)|HEAP_ALLOCATE|[176]|Bytes:5
14:25:26.0 (36889755)|VARIABLE_ASSIGNMENT|[176]|this.selected|true|0x6102d656
14:25:26.0 (36897895)|STATEMENT_EXECUTE|[181]
14:25:26.0 (36909151)|VARIABLE_ASSIGNMENT|[EXTERNAL]|this|{"selected":true}|0x6102d656
14:25:26.0 (36917720)|VARIABLE_ASSIGNMENT|[EXTERNAL]|value|54000000
14:25:26.0 (36925183)|VARIABLE_ASSIGNMENT|[177]|this.t|54000000|0x6102d656
14:25:26.0 (36938839)|CONSTRUCTOR_EXIT|[86]|01p0H000007gCe8|<init>(Boolean,Time)
14:25:26.0 (36949700)|HEAP_ALLOCATE|[EXTERNAL]|Bytes:4
14:25:26.0 (36955208)|STATEMENT_EXECUTE|[87]
14:25:26.0 (36960866)|HEAP_ALLOCATE|[87]|Bytes:4
14:25:26.0 (36969262)|VARIABLE_ASSIGNMENT|[87]|this.Initialselected|5|0x54d4e981
14:25:26.0 (36985201)|HEAP_ALLOCATE|[77]|Bytes:28
14:25:26.0 (36992988)|HEAP_ALLOCATE|[77]|Bytes:28
14:25:26.0 (37027537)|STATEMENT_EXECUTE|[77]
14:25:26.0 (37030896)|STATEMENT_EXECUTE|[78]
14:25:26.0 (37044861)|USER_DEBUG|[78]|DEBUG|15:00:00.000Z
14:25:26.0 (37056981)|STATEMENT_EXECUTE|[79]
14:25:26.0 (37070739)|HEAP_ALLOCATE|[79]|Bytes:4
14:25:26.0 (37091516)|VARIABLE_ASSIGNMENT|[79]|t|55800000
14:25:26.0 (37096206)|STATEMENT_EXECUTE|[80]
14:25:26.0 (37102461)|HEAP_ALLOCATE|[80]|Bytes:28
14:25:26.0 (37116473)|HEAP_ALLOCATE|[80]|Bytes:28
14:25:26.0 (37128503)|VARIABLE_ASSIGNMENT|[80]|i1|3.5
14:25:26.0 (37151926)|STATEMENT_EXECUTE|[81]
14:25:26.0 (37198243)|VARIABLE_ASSIGNMENT|[EXTERNAL]|this|{"aptdum":"0x6f607b02","Docdum":"0x14dafb66","Docmap":"0x730db071","Initialselected":5,"Selecteddoc":"a260H000001koYjQAI","SelectedtimeSlot":30,"timelist":"0x2b9da23d","timewraplist":"0x2c717f91","timewraplistInitial":"0x35726d05"}|0x54d4e981
14:25:26.0 (37224556)|HEAP_ALLOCATE|[EXTERNAL]|Bytes:4
14:25:26.0 (37244706)|STATEMENT_EXECUTE|[85]
14:25:26.0 (37247265)|STATEMENT_EXECUTE|[86]
14:25:26.0 (37283480)|VARIABLE_ASSIGNMENT|[EXTERNAL]|this|{"aptdum":"0x6f607b02","Docdum":"0x14dafb66","Docmap":"0x730db071","Initialselected":5,"Selecteddoc":"a260H000001koYjQAI","SelectedtimeSlot":30,"timelist":"0x2b9da23d","timewraplist":"0x2c717f91","timewraplistInitial":"0x35726d05"}|0x54d4e981
14:25:26.0 (37298856)|HEAP_ALLOCATE|[86]|Bytes:12
14:25:26.0 (37318541)|CONSTRUCTOR_ENTRY|[86]|01p0H000007gCe8|<init>(Boolean,Time)
14:25:26.0 (37326738)|VARIABLE_SCOPE_BEGIN|[179]|this|docappcontroller.Wrapertimeslot|true|false
14:25:26.0 (37361759)|VARIABLE_ASSIGNMENT|[179]|this|{}|0x348a95f2
14:25:26.0 (37373534)|VARIABLE_SCOPE_BEGIN|[179]|selection|Boolean|false|false
14:25:26.0 (37385565)|VARIABLE_ASSIGNMENT|[179]|selection|true
14:25:26.0 (37392794)|VARIABLE_SCOPE_BEGIN|[179]|tm|Time|false|false
14:25:26.0 (37404506)|VARIABLE_ASSIGNMENT|[179]|tm|55800000
14:25:26.0 (37409944)|STATEMENT_EXECUTE|[175]
14:25:26.0 (37411613)|STATEMENT_EXECUTE|[176]
14:25:26.0 (37413750)|STATEMENT_EXECUTE|[177]
14:25:26.0 (37426987)|STATEMENT_EXECUTE|[179]
14:25:26.0 (37428577)|STATEMENT_EXECUTE|[180]
14:25:26.0 (37441479)|VARIABLE_ASSIGNMENT|[EXTERNAL]|this|{}|0x348a95f2
14:25:26.0 (37451159)|VARIABLE_ASSIGNMENT|[EXTERNAL]|value|true
14:25:26.0 (37457125)|HEAP_ALLOCATE|[176]|Bytes:5
14:25:26.0 (37464269)|VARIABLE_ASSIGNMENT|[176]|this.selected|true|0x348a95f2
14:25:26.0 (37472473)|STATEMENT_EXECUTE|[181]
14:25:26.0 (37484455)|VARIABLE_ASSIGNMENT|[EXTERNAL]|this|{"selected":true}|0x348a95f2
14:25:26.0 (37493558)|VARIABLE_ASSIGNMENT|[EXTERNAL]|value|55800000
14:25:26.0 (37501217)|VARIABLE_ASSIGNMENT|[177]|this.t|55800000|0x348a95f2
14:25:26.0 (37517509)|CONSTRUCTOR_EXIT|[86]|01p0H000007gCe8|<init>(Boolean,Time)
14:25:26.0 (37528319)|HEAP_ALLOCATE|[EXTERNAL]|Bytes:4
14:25:26.0 (37534604)|STATEMENT_EXECUTE|[87]
14:25:26.0 (37538920)|HEAP_ALLOCATE|[87]|Bytes:4
14:25:26.0 (37546046)|VARIABLE_ASSIGNMENT|[87]|this.Initialselected|6|0x54d4e981
14:25:26.0 (37557932)|HEAP_ALLOCATE|[77]|Bytes:28
14:25:26.0 (37561917)|HEAP_ALLOCATE|[77]|Bytes:28
14:25:26.0 (37583182)|STATEMENT_EXECUTE|[77]
14:25:26.0 (37585083)|STATEMENT_EXECUTE|[78]
14:25:26.0 (37595381)|USER_DEBUG|[78]|DEBUG|15:30:00.000Z
14:25:26.0 (37602361)|STATEMENT_EXECUTE|[79]
14:25:26.0 (37612084)|HEAP_ALLOCATE|[79]|Bytes:4
14:25:26.0 (37635503)|VARIABLE_ASSIGNMENT|[79]|t|57600000
14:25:26.0 (37640849)|STATEMENT_EXECUTE|[80]
14:25:26.0 (37646745)|HEAP_ALLOCATE|[80]|Bytes:28
14:25:26.0 (37663587)|HEAP_ALLOCATE|[80]|Bytes:28
14:25:26.0 (37676048)|VARIABLE_ASSIGNMENT|[80]|i1|4.0
14:25:26.0 (37680553)|STATEMENT_EXECUTE|[81]
14:25:26.0 (37710789)|VARIABLE_ASSIGNMENT|[EXTERNAL]|this|{"aptdum":"0x6f607b02","Docdum":"0x14dafb66","Docmap":"0x730db071","Initialselected":6,"Selecteddoc":"a260H000001koYjQAI","SelectedtimeSlot":30,"timelist":"0x2b9da23d","timewraplist":"0x2c717f91","timewraplistInitial":"0x35726d05"}|0x54d4e981
14:25:26.0 (37726303)|HEAP_ALLOCATE|[EXTERNAL]|Bytes:4
14:25:26.0 (37739630)|STATEMENT_EXECUTE|[85]
14:25:26.0 (37741273)|STATEMENT_EXECUTE|[86]
14:25:26.0 (37765464)|VARIABLE_ASSIGNMENT|[EXTERNAL]|this|{"aptdum":"0x6f607b02","Docdum":"0x14dafb66","Docmap":"0x730db071","Initialselected":6,"Selecteddoc":"a260H000001koYjQAI","SelectedtimeSlot":30,"timelist":"0x2b9da23d","timewraplist":"0x2c717f91","timewraplistInitial":"0x35726d05"}|0x54d4e981
14:25:26.0 (37779108)|HEAP_ALLOCATE|[86]|Bytes:12
14:25:26.0 (37790663)|CONSTRUCTOR_ENTRY|[86]|01p0H000007gCe8|<init>(Boolean,Time)
14:25:26.0 (37797680)|VARIABLE_SCOPE_BEGIN|[179]|this|docappcontroller.Wrapertimeslot|true|false
14:25:26.0 (37811614)|VARIABLE_ASSIGNMENT|[179]|this|{}|0x2c21a319
14:25:26.0 (37818686)|VARIABLE_SCOPE_BEGIN|[179]|selection|Boolean|false|false
14:25:26.0 (37827253)|VARIABLE_ASSIGNMENT|[179]|selection|true
14:25:26.0 (37831627)|VARIABLE_SCOPE_BEGIN|[179]|tm|Time|false|false
14:25:26.0 (37839762)|VARIABLE_ASSIGNMENT|[179]|tm|57600000
14:25:26.0 (37844359)|STATEMENT_EXECUTE|[175]
14:25:26.0 (37845914)|STATEMENT_EXECUTE|[176]
14:25:26.0 (37847589)|STATEMENT_EXECUTE|[177]
14:25:26.0 (37857659)|STATEMENT_EXECUTE|[179]
14:25:26.0 (37859261)|STATEMENT_EXECUTE|[180]
14:25:26.0 (37870027)|VARIABLE_ASSIGNMENT|[EXTERNAL]|this|{}|0x2c21a319
14:25:26.0 (37878994)|VARIABLE_ASSIGNMENT|[EXTERNAL]|value|true
14:25:26.0 (37883963)|HEAP_ALLOCATE|[176]|Bytes:5
14:25:26.0 (37890820)|VARIABLE_ASSIGNMENT|[176]|this.selected|true|0x2c21a319
14:25:26.0 (37898272)|STATEMENT_EXECUTE|[181]
14:25:26.0 (37909616)|VARIABLE_ASSIGNMENT|[EXTERNAL]|this|{"selected":true}|0x2c21a319
14:25:26.0 (37918707)|VARIABLE_ASSIGNMENT|[EXTERNAL]|value|57600000
14:25:26.0 (37926464)|VARIABLE_ASSIGNMENT|[177]|this.t|57600000|0x2c21a319
14:25:26.0 (37940425)|CONSTRUCTOR_EXIT|[86]|01p0H000007gCe8|<init>(Boolean,Time)
14:25:26.0 (37949764)|HEAP_ALLOCATE|[EXTERNAL]|Bytes:4
14:25:26.0 (37955293)|STATEMENT_EXECUTE|[87]
14:25:26.0 (37959333)|HEAP_ALLOCATE|[87]|Bytes:4
14:25:26.0 (37965768)|VARIABLE_ASSIGNMENT|[87]|this.Initialselected|7|0x54d4e981
14:25:26.0 (37976275)|HEAP_ALLOCATE|[77]|Bytes:28
14:25:26.0 (37980743)|HEAP_ALLOCATE|[77]|Bytes:28
14:25:26.0 (38000522)|STATEMENT_EXECUTE|[77]
14:25:26.0 (38003066)|STATEMENT_EXECUTE|[78]
14:25:26.0 (38012302)|USER_DEBUG|[78]|DEBUG|16:00:00.000Z
14:25:26.0 (38019262)|STATEMENT_EXECUTE|[79]
14:25:26.0 (38028234)|HEAP_ALLOCATE|[79]|Bytes:4
14:25:26.0 (38041193)|VARIABLE_ASSIGNMENT|[79]|t|59400000
14:25:26.0 (38045511)|STATEMENT_EXECUTE|[80]
14:25:26.0 (38051233)|HEAP_ALLOCATE|[80]|Bytes:28
14:25:26.0 (38063836)|HEAP_ALLOCATE|[80]|Bytes:28
14:25:26.0 (38075020)|VARIABLE_ASSIGNMENT|[80]|i1|4.5
14:25:26.0 (38079066)|STATEMENT_EXECUTE|[81]
14:25:26.0 (38106817)|VARIABLE_ASSIGNMENT|[EXTERNAL]|this|{"aptdum":"0x6f607b02","Docdum":"0x14dafb66","Docmap":"0x730db071","Initialselected":7,"Selecteddoc":"a260H000001koYjQAI","SelectedtimeSlot":30,"timelist":"0x2b9da23d","timewraplist":"0x2c717f91","timewraplistInitial":"0x35726d05"}|0x54d4e981
14:25:26.0 (38121985)|HEAP_ALLOCATE|[EXTERNAL]|Bytes:4
14:25:26.0 (38134365)|STATEMENT_EXECUTE|[85]
14:25:26.0 (38136471)|STATEMENT_EXECUTE|[86]
14:25:26.0 (38159360)|VARIABLE_ASSIGNMENT|[EXTERNAL]|this|{"aptdum":"0x6f607b02","Docdum":"0x14dafb66","Docmap":"0x730db071","Initialselected":7,"Selecteddoc":"a260H000001koYjQAI","SelectedtimeSlot":30,"timelist":"0x2b9da23d","timewraplist":"0x2c717f91","timewraplistInitial":"0x35726d05"}|0x54d4e981
14:25:26.0 (38172491)|HEAP_ALLOCATE|[86]|Bytes:12
14:25:26.0 (38184027)|CONSTRUCTOR_ENTRY|[86]|01p0H000007gCe8|<init>(Boolean,Time)
14:25:26.0 (38190066)|VARIABLE_SCOPE_BEGIN|[179]|this|docappcontroller.Wrapertimeslot|true|false
14:25:26.0 (38203120)|VARIABLE_ASSIGNMENT|[179]|this|{}|0x391066e1
14:25:26.0 (38210188)|VARIABLE_SCOPE_BEGIN|[179]|selection|Boolean|false|false
14:25:26.0 (38218772)|VARIABLE_ASSIGNMENT|[179]|selection|true
14:25:26.0 (38223502)|VARIABLE_SCOPE_BEGIN|[179]|tm|Time|false|false
14:25:26.0 (38231116)|VARIABLE_ASSIGNMENT|[179]|tm|59400000
14:25:26.0 (38235537)|STATEMENT_EXECUTE|[175]
14:25:26.0 (38237319)|STATEMENT_EXECUTE|[176]
14:25:26.0 (38238899)|STATEMENT_EXECUTE|[177]
14:25:26.0 (38250876)|STATEMENT_EXECUTE|[179]
14:25:26.0 (38252543)|STATEMENT_EXECUTE|[180]
14:25:26.0 (38263214)|VARIABLE_ASSIGNMENT|[EXTERNAL]|this|{}|0x391066e1
14:25:26.0 (38272535)|VARIABLE_ASSIGNMENT|[EXTERNAL]|value|true
14:25:26.0 (38277664)|HEAP_ALLOCATE|[176]|Bytes:5
14:25:26.0 (38284261)|VARIABLE_ASSIGNMENT|[176]|this.selected|true|0x391066e1
14:25:26.0 (38292089)|STATEMENT_EXECUTE|[181]
14:25:26.0 (38303293)|VARIABLE_ASSIGNMENT|[EXTERNAL]|this|{"selected":true}|0x391066e1
14:25:26.0 (38312286)|VARIABLE_ASSIGNMENT|[EXTERNAL]|value|59400000
14:25:26.0 (38324505)|VARIABLE_ASSIGNMENT|[177]|this.t|59400000|0x391066e1
14:25:26.0 (38338851)|CONSTRUCTOR_EXIT|[86]|01p0H000007gCe8|<init>(Boolean,Time)
14:25:26.0 (38348067)|HEAP_ALLOCATE|[EXTERNAL]|Bytes:4
14:25:26.0 (38353767)|STATEMENT_EXECUTE|[87]
14:25:26.0 (38357464)|HEAP_ALLOCATE|[87]|Bytes:4
14:25:26.0 (38363906)|VARIABLE_ASSIGNMENT|[87]|this.Initialselected|8|0x54d4e981
14:25:26.0 (38373661)|HEAP_ALLOCATE|[77]|Bytes:28
14:25:26.0 (38377462)|HEAP_ALLOCATE|[77]|Bytes:28
14:25:26.0 (38396260)|STATEMENT_EXECUTE|[77]
14:25:26.0 (38397990)|STATEMENT_EXECUTE|[78]
14:25:26.0 (38406994)|USER_DEBUG|[78]|DEBUG|16:30:00.000Z
14:25:26.0 (38414105)|STATEMENT_EXECUTE|[79]
14:25:26.0 (38422293)|HEAP_ALLOCATE|[79]|Bytes:4
14:25:26.0 (38435426)|VARIABLE_ASSIGNMENT|[79]|t|61200000
14:25:26.0 (38440193)|STATEMENT_EXECUTE|[80]
14:25:26.0 (38445586)|HEAP_ALLOCATE|[80]|Bytes:28
14:25:26.0 (38458987)|HEAP_ALLOCATE|[80]|Bytes:28
14:25:26.0 (38469437)|VARIABLE_ASSIGNMENT|[80]|i1|5.0
14:25:26.0 (38473722)|STATEMENT_EXECUTE|[81]
14:25:26.0 (38500667)|VARIABLE_ASSIGNMENT|[EXTERNAL]|this|{"aptdum":"0x6f607b02","Docdum":"0x14dafb66","Docmap":"0x730db071","Initialselected":8,"Selecteddoc":"a260H000001koYjQAI","SelectedtimeSlot":30,"timelist":"0x2b9da23d","timewraplist":"0x2c717f91","timewraplistInitial":"0x35726d05"}|0x54d4e981
14:25:26.0 (38515274)|HEAP_ALLOCATE|[EXTERNAL]|Bytes:4
14:25:26.0 (38528240)|STATEMENT_EXECUTE|[83]
14:25:26.0 (38529983)|STATEMENT_EXECUTE|[84]
14:25:26.0 (38552678)|VARIABLE_ASSIGNMENT|[EXTERNAL]|this|{"aptdum":"0x6f607b02","Docdum":"0x14dafb66","Docmap":"0x730db071","Initialselected":8,"Selecteddoc":"a260H000001koYjQAI","SelectedtimeSlot":30,"timelist":"0x2b9da23d","timewraplist":"0x2c717f91","timewraplistInitial":"0x35726d05"}|0x54d4e981
14:25:26.0 (38564813)|HEAP_ALLOCATE|[84]|Bytes:12
14:25:26.0 (38575974)|CONSTRUCTOR_ENTRY|[84]|01p0H000007gCe8|<init>(Boolean,Time)
14:25:26.0 (38582454)|VARIABLE_SCOPE_BEGIN|[179]|this|docappcontroller.Wrapertimeslot|true|false
14:25:26.0 (38596147)|VARIABLE_ASSIGNMENT|[179]|this|{}|0x40064b87
14:25:26.0 (38603076)|VARIABLE_SCOPE_BEGIN|[179]|selection|Boolean|false|false
14:25:26.0 (38610867)|VARIABLE_ASSIGNMENT|[179]|selection|false
14:25:26.0 (38615110)|VARIABLE_SCOPE_BEGIN|[179]|tm|Time|false|false
14:25:26.0 (38622878)|VARIABLE_ASSIGNMENT|[179]|tm|61200000
14:25:26.0 (38627651)|STATEMENT_EXECUTE|[175]
14:25:26.0 (38629190)|STATEMENT_EXECUTE|[176]
14:25:26.0 (38630896)|STATEMENT_EXECUTE|[177]
14:25:26.0 (38640104)|STATEMENT_EXECUTE|[179]
14:25:26.0 (38641689)|STATEMENT_EXECUTE|[180]
14:25:26.0 (38652111)|VARIABLE_ASSIGNMENT|[EXTERNAL]|this|{}|0x40064b87
14:25:26.0 (38660965)|VARIABLE_ASSIGNMENT|[EXTERNAL]|value|false
14:25:26.0 (38666175)|HEAP_ALLOCATE|[176]|Bytes:5
14:25:26.0 (38672333)|VARIABLE_ASSIGNMENT|[176]|this.selected|false|0x40064b87
14:25:26.0 (38680023)|STATEMENT_EXECUTE|[181]
14:25:26.0 (38690933)|VARIABLE_ASSIGNMENT|[EXTERNAL]|this|{"selected":false}|0x40064b87
14:25:26.0 (38700039)|VARIABLE_ASSIGNMENT|[EXTERNAL]|value|61200000
14:25:26.0 (38707544)|VARIABLE_ASSIGNMENT|[177]|this.t|61200000|0x40064b87
14:25:26.0 (38720569)|CONSTRUCTOR_EXIT|[84]|01p0H000007gCe8|<init>(Boolean,Time)
14:25:26.0 (38729455)|HEAP_ALLOCATE|[EXTERNAL]|Bytes:4
14:25:26.0 (38740395)|HEAP_ALLOCATE|[77]|Bytes:28
14:25:26.0 (38744300)|HEAP_ALLOCATE|[77]|Bytes:28
14:25:26.0 (38762189)|STATEMENT_EXECUTE|[77]
14:25:26.0 (38763952)|STATEMENT_EXECUTE|[78]
14:25:26.0 (38772776)|USER_DEBUG|[78]|DEBUG|17:00:00.000Z
14:25:26.0 (38779391)|STATEMENT_EXECUTE|[79]
14:25:26.0 (38787312)|HEAP_ALLOCATE|[79]|Bytes:4
14:25:26.0 (38800382)|VARIABLE_ASSIGNMENT|[79]|t|63000000
14:25:26.0 (38805502)|STATEMENT_EXECUTE|[80]
14:25:26.0 (38810595)|HEAP_ALLOCATE|[80]|Bytes:28
14:25:26.0 (38822817)|HEAP_ALLOCATE|[80]|Bytes:28
14:25:26.0 (38833312)|VARIABLE_ASSIGNMENT|[80]|i1|5.5
14:25:26.0 (38840974)|STATEMENT_EXECUTE|[81]
14:25:26.0 (38867200)|VARIABLE_ASSIGNMENT|[EXTERNAL]|this|{"aptdum":"0x6f607b02","Docdum":"0x14dafb66","Docmap":"0x730db071","Initialselected":8,"Selecteddoc":"a260H000001koYjQAI","SelectedtimeSlot":30,"timelist":"0x2b9da23d","timewraplist":"0x2c717f91","timewraplistInitial":"0x35726d05"}|0x54d4e981
14:25:26.0 (38882415)|HEAP_ALLOCATE|[EXTERNAL]|Bytes:4
14:25:26.0 (38895824)|STATEMENT_EXECUTE|[83]
14:25:26.0 (38897478)|STATEMENT_EXECUTE|[84]
14:25:26.0 (38919507)|VARIABLE_ASSIGNMENT|[EXTERNAL]|this|{"aptdum":"0x6f607b02","Docdum":"0x14dafb66","Docmap":"0x730db071","Initialselected":8,"Selecteddoc":"a260H000001koYjQAI","SelectedtimeSlot":30,"timelist":"0x2b9da23d","timewraplist":"0x2c717f91","timewraplistInitial":"0x35726d05"}|0x54d4e981
14:25:26.0 (38932619)|HEAP_ALLOCATE|[84]|Bytes:12
14:25:26.0 (38943455)|CONSTRUCTOR_ENTRY|[84]|01p0H000007gCe8|<init>(Boolean,Time)
14:25:26.0 (38949953)|VARIABLE_SCOPE_BEGIN|[179]|this|docappcontroller.Wrapertimeslot|true|false
14:25:26.0 (38963321)|VARIABLE_ASSIGNMENT|[179]|this|{}|0x6e25c1f6
14:25:26.0 (38970289)|VARIABLE_SCOPE_BEGIN|[179]|selection|Boolean|false|false
14:25:26.0 (38977464)|VARIABLE_ASSIGNMENT|[179]|selection|false
14:25:26.0 (38981312)|VARIABLE_SCOPE_BEGIN|[179]|tm|Time|false|false
14:25:26.0 (38989363)|VARIABLE_ASSIGNMENT|[179]|tm|63000000
14:25:26.0 (38993861)|STATEMENT_EXECUTE|[175]
14:25:26.0 (38995371)|STATEMENT_EXECUTE|[176]
14:25:26.0 (38996915)|STATEMENT_EXECUTE|[177]
14:25:26.0 (39005890)|STATEMENT_EXECUTE|[179]
14:25:26.0 (39007959)|STATEMENT_EXECUTE|[180]
14:25:26.0 (39018290)|VARIABLE_ASSIGNMENT|[EXTERNAL]|this|{}|0x6e25c1f6
14:25:26.0 (39026839)|VARIABLE_ASSIGNMENT|[EXTERNAL]|value|false
14:25:26.0 (39031751)|HEAP_ALLOCATE|[176]|Bytes:5
14:25:26.0 (39038425)|VARIABLE_ASSIGNMENT|[176]|this.selected|false|0x6e25c1f6
14:25:26.0 (39046467)|STATEMENT_EXECUTE|[181]
14:25:26.0 (39057488)|VARIABLE_ASSIGNMENT|[EXTERNAL]|this|{"selected":false}|0x6e25c1f6
14:25:26.0 (39066350)|VARIABLE_ASSIGNMENT|[EXTERNAL]|value|63000000
14:25:26.0 (39073566)|VARIABLE_ASSIGNMENT|[177]|this.t|63000000|0x6e25c1f6
14:25:26.0 (39086738)|CONSTRUCTOR_EXIT|[84]|01p0H000007gCe8|<init>(Boolean,Time)
14:25:26.0 (39095391)|HEAP_ALLOCATE|[EXTERNAL]|Bytes:4
14:25:26.0 (39106480)|HEAP_ALLOCATE|[77]|Bytes:28
14:25:26.0 (39110026)|HEAP_ALLOCATE|[77]|Bytes:28
14:25:26.0 (39127000)|STATEMENT_EXECUTE|[77]
14:25:26.0 (39128745)|STATEMENT_EXECUTE|[78]
14:25:26.0 (39137214)|USER_DEBUG|[78]|DEBUG|17:30:00.000Z
14:25:26.0 (39143620)|STATEMENT_EXECUTE|[79]
14:25:26.0 (39151590)|HEAP_ALLOCATE|[79]|Bytes:4
14:25:26.0 (39164834)|VARIABLE_ASSIGNMENT|[79]|t|64800000
14:25:26.0 (39169213)|STATEMENT_EXECUTE|[80]
14:25:26.0 (39174115)|HEAP_ALLOCATE|[80]|Bytes:28
14:25:26.0 (39186487)|HEAP_ALLOCATE|[80]|Bytes:28
14:25:26.0 (39197408)|VARIABLE_ASSIGNMENT|[80]|i1|6.0
14:25:26.0 (39201403)|STATEMENT_EXECUTE|[81]
14:25:26.0 (39227451)|VARIABLE_ASSIGNMENT|[EXTERNAL]|this|{"aptdum":"0x6f607b02","Docdum":"0x14dafb66","Docmap":"0x730db071","Initialselected":8,"Selecteddoc":"a260H000001koYjQAI","SelectedtimeSlot":30,"timelist":"0x2b9da23d","timewraplist":"0x2c717f91","timewraplistInitial":"0x35726d05"}|0x54d4e981
14:25:26.0 (39242108)|HEAP_ALLOCATE|[EXTERNAL]|Bytes:4
14:25:26.0 (39256869)|STATEMENT_EXECUTE|[83]
14:25:26.0 (39258506)|STATEMENT_EXECUTE|[84]
14:25:26.0 (39281765)|VARIABLE_ASSIGNMENT|[EXTERNAL]|this|{"aptdum":"0x6f607b02","Docdum":"0x14dafb66","Docmap":"0x730db071","Initialselected":8,"Selecteddoc":"a260H000001koYjQAI","SelectedtimeSlot":30,"timelist":"0x2b9da23d","timewraplist":"0x2c717f91","timewraplistInitial":"0x35726d05"}|0x54d4e981
14:25:26.0 (39294628)|HEAP_ALLOCATE|[84]|Bytes:12
14:25:26.0 (39305554)|CONSTRUCTOR_ENTRY|[84]|01p0H000007gCe8|<init>(Boolean,Time)
14:25:26.0 (39311693)|VARIABLE_SCOPE_BEGIN|[179]|this|docappcontroller.Wrapertimeslot|true|false
14:25:26.0 (39329377)|VARIABLE_ASSIGNMENT|[179]|this|{}|0x2473ce2b
14:25:26.0 (39336350)|VARIABLE_SCOPE_BEGIN|[179]|selection|Boolean|false|false
14:25:26.0 (39344332)|VARIABLE_ASSIGNMENT|[179]|selection|false
14:25:26.0 (39348341)|VARIABLE_SCOPE_BEGIN|[179]|tm|Time|false|false
14:25:26.0 (39356804)|VARIABLE_ASSIGNMENT|[179]|tm|64800000
14:25:26.0 (39361234)|STATEMENT_EXECUTE|[175]
14:25:26.0 (39362834)|STATEMENT_EXECUTE|[176]
14:25:26.0 (39364550)|STATEMENT_EXECUTE|[177]
14:25:26.0 (39373596)|STATEMENT_EXECUTE|[179]
14:25:26.0 (39375131)|STATEMENT_EXECUTE|[180]
14:25:26.0 (39385460)|VARIABLE_ASSIGNMENT|[EXTERNAL]|this|{}|0x2473ce2b
14:25:26.0 (39393874)|VARIABLE_ASSIGNMENT|[EXTERNAL]|value|false
14:25:26.0 (39399280)|HEAP_ALLOCATE|[176]|Bytes:5
14:25:26.0 (39405522)|VARIABLE_ASSIGNMENT|[176]|this.selected|false|0x2473ce2b
14:25:26.0 (39413440)|STATEMENT_EXECUTE|[181]
14:25:26.0 (39424485)|VARIABLE_ASSIGNMENT|[EXTERNAL]|this|{"selected":false}|0x2473ce2b
14:25:26.0 (39432906)|VARIABLE_ASSIGNMENT|[EXTERNAL]|value|64800000
14:25:26.0 (39439742)|VARIABLE_ASSIGNMENT|[177]|this.t|64800000|0x2473ce2b
14:25:26.0 (39453133)|CONSTRUCTOR_EXIT|[84]|01p0H000007gCe8|<init>(Boolean,Time)
14:25:26.0 (39462669)|HEAP_ALLOCATE|[EXTERNAL]|Bytes:4
14:25:26.0 (39473255)|HEAP_ALLOCATE|[77]|Bytes:28
14:25:26.0 (39477193)|HEAP_ALLOCATE|[77]|Bytes:28
14:25:26.0 (39495217)|STATEMENT_EXECUTE|[77]
14:25:26.0 (39496980)|STATEMENT_EXECUTE|[78]
14:25:26.0 (39505284)|USER_DEBUG|[78]|DEBUG|18:00:00.000Z
14:25:26.0 (39512351)|STATEMENT_EXECUTE|[79]
14:25:26.0 (39520770)|HEAP_ALLOCATE|[79]|Bytes:4
14:25:26.0 (39533546)|VARIABLE_ASSIGNMENT|[79]|t|66600000
14:25:26.0 (39538420)|STATEMENT_EXECUTE|[80]
14:25:26.0 (39543429)|HEAP_ALLOCATE|[80]|Bytes:28
14:25:26.0 (39555445)|HEAP_ALLOCATE|[80]|Bytes:28
14:25:26.0 (39566471)|VARIABLE_ASSIGNMENT|[80]|i1|6.5
14:25:26.0 (39571395)|STATEMENT_EXECUTE|[81]
14:25:26.0 (39598759)|VARIABLE_ASSIGNMENT|[EXTERNAL]|this|{"aptdum":"0x6f607b02","Docdum":"0x14dafb66","Docmap":"0x730db071","Initialselected":8,"Selecteddoc":"a260H000001koYjQAI","SelectedtimeSlot":30,"timelist":"0x2b9da23d","timewraplist":"0x2c717f91","timewraplistInitial":"0x35726d05"}|0x54d4e981
14:25:26.0 (39613033)|HEAP_ALLOCATE|[EXTERNAL]|Bytes:4
14:25:26.0 (39624972)|STATEMENT_EXECUTE|[83]
14:25:26.0 (39626740)|STATEMENT_EXECUTE|[84]
14:25:26.0 (39648821)|VARIABLE_ASSIGNMENT|[EXTERNAL]|this|{"aptdum":"0x6f607b02","Docdum":"0x14dafb66","Docmap":"0x730db071","Initialselected":8,"Selecteddoc":"a260H000001koYjQAI","SelectedtimeSlot":30,"timelist":"0x2b9da23d","timewraplist":"0x2c717f91","timewraplistInitial":"0x35726d05"}|0x54d4e981
14:25:26.0 (39660189)|HEAP_ALLOCATE|[84]|Bytes:12
14:25:26.0 (39670412)|CONSTRUCTOR_ENTRY|[84]|01p0H000007gCe8|<init>(Boolean,Time)
14:25:26.0 (39677358)|VARIABLE_SCOPE_BEGIN|[179]|this|docappcontroller.Wrapertimeslot|true|false
14:25:26.0 (39690222)|VARIABLE_ASSIGNMENT|[179]|this|{}|0xa88fa11
14:25:26.0 (39697037)|VARIABLE_SCOPE_BEGIN|[179]|selection|Boolean|false|false
14:25:26.0 (39704801)|VARIABLE_ASSIGNMENT|[179]|selection|false
14:25:26.0 (39708649)|VARIABLE_SCOPE_BEGIN|[179]|tm|Time|false|false
14:25:26.0 (39716512)|VARIABLE_ASSIGNMENT|[179]|tm|66600000
14:25:26.0 (39721065)|STATEMENT_EXECUTE|[175]
14:25:26.0 (39722659)|STATEMENT_EXECUTE|[176]
14:25:26.0 (39724261)|STATEMENT_EXECUTE|[177]
14:25:26.0 (39733106)|STATEMENT_EXECUTE|[179]
14:25:26.0 (39734678)|STATEMENT_EXECUTE|[180]
14:25:26.0 (39745135)|VARIABLE_ASSIGNMENT|[EXTERNAL]|this|{}|0xa88fa11
14:25:26.0 (39753416)|VARIABLE_ASSIGNMENT|[EXTERNAL]|value|false
14:25:26.0 (39758330)|HEAP_ALLOCATE|[176]|Bytes:5
14:25:26.0 (39764962)|VARIABLE_ASSIGNMENT|[176]|this.selected|false|0xa88fa11
14:25:26.0 (39772414)|STATEMENT_EXECUTE|[181]
14:25:26.0 (39783309)|VARIABLE_ASSIGNMENT|[EXTERNAL]|this|{"selected":false}|0xa88fa11
14:25:26.0 (39792786)|VARIABLE_ASSIGNMENT|[EXTERNAL]|value|66600000
14:25:26.0 (39799713)|VARIABLE_ASSIGNMENT|[177]|this.t|66600000|0xa88fa11
14:25:26.0 (39813266)|CONSTRUCTOR_EXIT|[84]|01p0H000007gCe8|<init>(Boolean,Time)
14:25:26.0 (39822226)|HEAP_ALLOCATE|[EXTERNAL]|Bytes:4
14:25:26.0 (39833084)|HEAP_ALLOCATE|[77]|Bytes:28
14:25:26.0 (39836802)|HEAP_ALLOCATE|[77]|Bytes:28
14:25:26.0 (39854565)|STATEMENT_EXECUTE|[77]
14:25:26.0 (39856367)|STATEMENT_EXECUTE|[78]
14:25:26.0 (39864310)|USER_DEBUG|[78]|DEBUG|18:30:00.000Z
14:25:26.0 (39871612)|STATEMENT_EXECUTE|[79]
14:25:26.0 (39879481)|HEAP_ALLOCATE|[79]|Bytes:4
14:25:26.0 (39892134)|VARIABLE_ASSIGNMENT|[79]|t|68400000
14:25:26.0 (39896882)|STATEMENT_EXECUTE|[80]
14:25:26.0 (39901651)|HEAP_ALLOCATE|[80]|Bytes:28
14:25:26.0 (39913967)|HEAP_ALLOCATE|[80]|Bytes:28
14:25:26.0 (39925236)|VARIABLE_ASSIGNMENT|[80]|i1|7.0
14:25:26.0 (39929498)|STATEMENT_EXECUTE|[81]
14:25:26.0 (39955687)|VARIABLE_ASSIGNMENT|[EXTERNAL]|this|{"aptdum":"0x6f607b02","Docdum":"0x14dafb66","Docmap":"0x730db071","Initialselected":8,"Selecteddoc":"a260H000001koYjQAI","SelectedtimeSlot":30,"timelist":"0x2b9da23d","timewraplist":"0x2c717f91","timewraplistInitial":"0x35726d05"}|0x54d4e981
14:25:26.0 (39970704)|HEAP_ALLOCATE|[EXTERNAL]|Bytes:4
14:25:26.0 (39982928)|STATEMENT_EXECUTE|[83]
14:25:26.0 (39984668)|STATEMENT_EXECUTE|[84]
14:25:26.0 (40010969)|VARIABLE_ASSIGNMENT|[EXTERNAL]|this|{"aptdum":"0x6f607b02","Docdum":"0x14dafb66","Docmap":"0x730db071","Initialselected":8,"Selecteddoc":"a260H000001koYjQAI","SelectedtimeSlot":30,"timelist":"0x2b9da23d","timewraplist":"0x2c717f91","timewraplistInitial":"0x35726d05"}|0x54d4e981
14:25:26.0 (40024151)|HEAP_ALLOCATE|[84]|Bytes:12
14:25:26.0 (40034799)|CONSTRUCTOR_ENTRY|[84]|01p0H000007gCe8|<init>(Boolean,Time)
14:25:26.0 (40041339)|VARIABLE_SCOPE_BEGIN|[179]|this|docappcontroller.Wrapertimeslot|true|false
14:25:26.0 (40054396)|VARIABLE_ASSIGNMENT|[179]|this|{}|0x40c49480
14:25:26.0 (40061875)|VARIABLE_SCOPE_BEGIN|[179]|selection|Boolean|false|false
14:25:26.0 (40070107)|VARIABLE_ASSIGNMENT|[179]|selection|false
14:25:26.0 (40074618)|VARIABLE_SCOPE_BEGIN|[179]|tm|Time|false|false
14:25:26.0 (40081928)|VARIABLE_ASSIGNMENT|[179]|tm|68400000
14:25:26.0 (40086230)|STATEMENT_EXECUTE|[175]
14:25:26.0 (40087799)|STATEMENT_EXECUTE|[176]
14:25:26.0 (40089721)|STATEMENT_EXECUTE|[177]
14:25:26.0 (40098904)|STATEMENT_EXECUTE|[179]
14:25:26.0 (40100467)|STATEMENT_EXECUTE|[180]
14:25:26.0 (40110886)|VARIABLE_ASSIGNMENT|[EXTERNAL]|this|{}|0x40c49480
14:25:26.0 (40119439)|VARIABLE_ASSIGNMENT|[EXTERNAL]|value|false
14:25:26.0 (40124352)|HEAP_ALLOCATE|[176]|Bytes:5
14:25:26.0 (40130840)|VARIABLE_ASSIGNMENT|[176]|this.selected|false|0x40c49480
14:25:26.0 (40138157)|STATEMENT_EXECUTE|[181]
14:25:26.0 (40148810)|VARIABLE_ASSIGNMENT|[EXTERNAL]|this|{"selected":false}|0x40c49480
14:25:26.0 (40157628)|VARIABLE_ASSIGNMENT|[EXTERNAL]|value|68400000
14:25:26.0 (40164868)|VARIABLE_ASSIGNMENT|[177]|this.t|68400000|0x40c49480
14:25:26.0 (40178038)|CONSTRUCTOR_EXIT|[84]|01p0H000007gCe8|<init>(Boolean,Time)
14:25:26.0 (40186559)|HEAP_ALLOCATE|[EXTERNAL]|Bytes:4
14:25:26.0 (40197769)|HEAP_ALLOCATE|[77]|Bytes:28
14:25:26.0 (40201777)|HEAP_ALLOCATE|[77]|Bytes:28
14:25:26.0 (40223813)|HEAP_ALLOCATE|[93]|Bytes:28
14:25:26.0 (40227779)|HEAP_ALLOCATE|[93]|Bytes:28
14:25:26.0 (40233360)|HEAP_ALLOCATE|[93]|Bytes:28
14:25:26.0 (40261405)|HEAP_ALLOCATE|[93]|Bytes:28
14:25:26.0 (40284580)|STATEMENT_EXECUTE|[93]
14:25:26.0 (40286887)|STATEMENT_EXECUTE|[99]
14:25:26.0 (40325146)|VARIABLE_ASSIGNMENT|[EXTERNAL]|this|{"aptdum":"0x6f607b02","Docdum":"0x14dafb66","Docmap":"0x730db071","Initialselected":8,"Selecteddoc":"a260H000001koYjQAI","SelectedtimeSlot":30,"timelist":"0x2b9da23d","timewraplist":"0x2c717f91","timewraplistInitial":"0x35726d05"}|0x54d4e981
14:25:26.0 (40346803)|VARIABLE_ASSIGNMENT|[99]|this.timewraplistInitial|"List of size 15 too large to display"|0x54d4e981
14:25:26.0 (40352498)|STATEMENT_EXECUTE|[101]
14:25:26.0 (40356975)|METHOD_EXIT|[23]|01p0H000007gCe8|docappcontroller.fetchslots()
14:25:26.0 (40362561)|STATEMENT_EXECUTE|[24]
14:25:26.0 (40366671)|HEAP_ALLOCATE|[24]|Bytes:20
14:25:26.0 (40378626)|METHOD_ENTRY|[24]|01p0H000007gCe8|docappcontroller.ShowError(String)
14:25:26.0 (40395287)|VARIABLE_SCOPE_BEGIN|[169]|this|docappcontroller|true|false
14:25:26.0 (40422252)|VARIABLE_ASSIGNMENT|[169]|this|{"aptdum":"0x6f607b02","Docdum":"0x14dafb66","Docmap":"0x730db071","Initialselected":8,"Selecteddoc":"a260H000001koYjQAI","SelectedtimeSlot":30,"timelist":"0x2b9da23d","timewraplist":"0x2c717f91","timewraplistInitial":"0x2c717f91"}|0x54d4e981
14:25:26.0 (40431540)|VARIABLE_SCOPE_BEGIN|[169]|ErrorMsg|String|false|false
14:25:26.0 (40440237)|VARIABLE_ASSIGNMENT|[169]|ErrorMsg|"Select only one time"
14:25:26.0 (40445951)|STATEMENT_EXECUTE|[169]
14:25:26.0 (40447631)|STATEMENT_EXECUTE|[171]
14:25:26.0 (40484255)|VARIABLE_SCOPE_BEGIN|[171]|m|ApexPages.Message|true|false
14:25:26.0 (40645250)|VARIABLE_ASSIGNMENT|[171]|m|"core.apexpages.framework.ApexPagesMessage@c18c8461"|0x61389a8e
14:25:26.0 (40654233)|STATEMENT_EXECUTE|[172]
14:25:26.0 (40770411)|VF_PAGE_MESSAGE|Select only one time
14:25:26.0 (40782224)|METHOD_EXIT|[24]|01p0H000007gCe8|docappcontroller.ShowError(String)
14:25:26.0 (40787735)|STATEMENT_EXECUTE|[29]
14:25:26.44 (44174647)|SYSTEM_MODE_ENTER|true
14:25:26.44 (44231223)|HEAP_ALLOCATE|[EXTERNAL]|Bytes:8
14:25:26.44 (44241616)|VARIABLE_SCOPE_BEGIN|[88]|this|ApexPage.PageMessagesComponentController|true|false
14:25:26.44 (44267435)|VARIABLE_ASSIGNMENT|[88]|this|{}|0x46d6c05c
14:25:26.44 (44274638)|VARIABLE_SCOPE_BEGIN|[88]|escape|Boolean|false|false
14:25:26.44 (44282784)|VARIABLE_ASSIGNMENT|[88]|escape|null
14:25:26.44 (44376867)|SYSTEM_MODE_ENTER|true
14:25:26.44 (44410132)|HEAP_ALLOCATE|[EXTERNAL]|Bytes:8
14:25:26.44 (44418185)|VARIABLE_SCOPE_BEGIN|[2]|this|ApexPage.PageMessagesComponentController|true|false
14:25:26.44 (44437315)|VARIABLE_ASSIGNMENT|[2]|this|{}|0x46d6c05c
14:25:26.45 (45438305)|SYSTEM_MODE_ENTER|true
14:25:26.45 (45467832)|HEAP_ALLOCATE|[EXTERNAL]|Bytes:120
14:25:26.45 (45474805)|HEAP_ALLOCATE|[EXTERNAL]|Bytes:10
14:25:26.45 (45484886)|SYSTEM_METHOD_ENTRY|[1]|pagemessagecomponentcontroller.pagemessagecomponentcontroller()
14:25:26.45 (45489910)|STATEMENT_EXECUTE|[1]
14:25:26.45 (45610613)|SYSTEM_MODE_ENTER|true
14:25:26.45 (45645198)|HEAP_ALLOCATE|[EXTERNAL]|Bytes:8
14:25:26.45 (45653551)|VARIABLE_SCOPE_BEGIN|[84]|this|ApexPage.PageMessagesComponentController|true|false
14:25:26.45 (45674334)|VARIABLE_ASSIGNMENT|[84]|this|{}|0x46d6c05c
14:25:26.45 (45742656)|SYSTEM_MODE_ENTER|true
14:25:26.45 (45780778)|HEAP_ALLOCATE|[EXTERNAL]|Bytes:16
14:25:26.45 (45787283)|HEAP_ALLOCATE|[EXTERNAL]|Bytes:5
14:25:26.45 (45793290)|VARIABLE_SCOPE_BEGIN|[9]|this|ApexPage.pagemessagecomponentcontroller|true|false
14:25:26.45 (45814656)|VARIABLE_ASSIGNMENT|[9]|this|{}|0x3efbf738
14:25:26.45 (45821625)|VARIABLE_SCOPE_BEGIN|[9]|escape|Boolean|false|false
14:25:26.45 (45830276)|VARIABLE_ASSIGNMENT|[9]|escape|true
14:25:26.45 (45976682)|SYSTEM_MODE_ENTER|true
14:25:26.45 (45997809)|HEAP_ALLOCATE|[EXTERNAL]|Bytes:5
14:25:26.45 (46002308)|HEAP_ALLOCATE|[EXTERNAL]|Bytes:16
14:25:26.45 (46013600)|VARIABLE_ASSIGNMENT|[EXTERNAL]|this.conSeverity|"ERROR"|0x3efbf738
14:25:26.46 (46069052)|SYSTEM_MODE_ENTER|true
14:25:26.46 (46086110)|HEAP_ALLOCATE|[EXTERNAL]|Bytes:8
14:25:26.46 (46089926)|HEAP_ALLOCATE|[EXTERNAL]|Bytes:16
14:25:26.46 (46099244)|VARIABLE_ASSIGNMENT|[EXTERNAL]|this.conStrength|2|0x3efbf738
14:25:26.46 (46234471)|HEAP_ALLOCATE|[EXTERNAL]|Bytes:28
14:25:26.46 (46267364)|VARIABLE_ASSIGNMENT|[EXTERNAL]|this|{"messages":"0x17492ee1","severity":"ERROR"}|0x5623dbde
14:25:26.0 (46417102)|SYSTEM_MODE_ENTER|true
14:25:26.0 (46779779)|SYSTEM_MODE_ENTER|true
14:25:26.0 (47070919)|SYSTEM_MODE_ENTER|true
14:25:26.0 (47126355)|SYSTEM_MODE_ENTER|true
14:25:26.48 (48551035)|SYSTEM_MODE_ENTER|true
14:25:26.48 (48599969)|HEAP_ALLOCATE|[EXTERNAL]|Bytes:8
14:25:26.48 (48609042)|VARIABLE_SCOPE_BEGIN|[88]|this|ApexPage.PageMessagesComponentController|true|false
14:25:26.48 (48631719)|VARIABLE_ASSIGNMENT|[88]|this|{}|0x46d6c05c
14:25:26.48 (48638232)|VARIABLE_SCOPE_BEGIN|[88]|escape|Boolean|false|false
14:25:26.48 (48646489)|VARIABLE_ASSIGNMENT|[88]|escape|null
14:25:26.48 (48762154)|SYSTEM_MODE_ENTER|true
14:25:26.48 (48793503)|HEAP_ALLOCATE|[EXTERNAL]|Bytes:8
14:25:26.48 (48800983)|VARIABLE_SCOPE_BEGIN|[2]|this|ApexPage.PageMessagesComponentController|true|false
14:25:26.48 (48819520)|VARIABLE_ASSIGNMENT|[2]|this|{}|0x46d6c05c
14:25:26.49 (49451377)|SYSTEM_MODE_ENTER|true
14:25:26.49 (49488876)|HEAP_ALLOCATE|[EXTERNAL]|Bytes:8
14:25:26.49 (49496938)|VARIABLE_SCOPE_BEGIN|[84]|this|ApexPage.PageMessagesComponentController|true|false
14:25:26.49 (49518341)|VARIABLE_ASSIGNMENT|[84]|this|{}|0x46d6c05c
14:25:26.49 (49587929)|SYSTEM_MODE_ENTER|true
14:25:26.49 (49626721)|HEAP_ALLOCATE|[EXTERNAL]|Bytes:16
14:25:26.49 (49632819)|HEAP_ALLOCATE|[EXTERNAL]|Bytes:5
14:25:26.49 (49638412)|VARIABLE_SCOPE_BEGIN|[9]|this|ApexPage.pagemessagecomponentcontroller|true|false
14:25:26.49 (49664618)|VARIABLE_ASSIGNMENT|[9]|this|{"conSeverity":"ERROR","conStrength":2,"escape":true}|0x3efbf738
14:25:26.49 (49671477)|VARIABLE_SCOPE_BEGIN|[9]|escape|Boolean|false|false
14:25:26.49 (49679498)|VARIABLE_ASSIGNMENT|[9]|escape|true
14:25:26.49 (49780452)|SYSTEM_MODE_ENTER|true
14:25:26.49 (49800313)|HEAP_ALLOCATE|[EXTERNAL]|Bytes:5
14:25:26.49 (49805086)|HEAP_ALLOCATE|[EXTERNAL]|Bytes:16
14:25:26.49 (49815547)|VARIABLE_ASSIGNMENT|[EXTERNAL]|this.conSeverity|"ERROR"|0x3efbf738
14:25:26.49 (49859975)|SYSTEM_MODE_ENTER|true
14:25:26.49 (49875185)|HEAP_ALLOCATE|[EXTERNAL]|Bytes:8
14:25:26.49 (49879185)|HEAP_ALLOCATE|[EXTERNAL]|Bytes:16
14:25:26.49 (49888039)|VARIABLE_ASSIGNMENT|[EXTERNAL]|this.conStrength|2|0x3efbf738
14:25:26.49 (49991968)|SYSTEM_MODE_ENTER|true
14:25:26.49 (50023554)|HEAP_ALLOCATE|[EXTERNAL]|Bytes:16
14:25:26.49 (50032239)|VARIABLE_SCOPE_BEGIN|[13]|this|ApexPage.pagemessagecomponentcontroller|true|false
14:25:26.49 (50056355)|VARIABLE_ASSIGNMENT|[13]|this|{"conSeverity":"ERROR","conStrength":2,"escape":true}|0x3efbf738
14:25:26.50 (50578233)|HEAP_ALLOCATE|[EXTERNAL]|Bytes:28
14:25:26.50 (50590161)|VARIABLE_SCOPE_BEGIN|[38]|this|ApexPage.PageMessagesComponentController.severityMessages|true|false
14:25:26.50 (50619660)|VARIABLE_ASSIGNMENT|[38]|this|{"messages":"0xbd54102","severity":"ERROR"}|0x4e74c373
14:25:26.50 (50833891)|SYSTEM_MODE_ENTER|true
14:25:26.50 (50865927)|HEAP_ALLOCATE|[EXTERNAL]|Bytes:16
14:25:26.50 (50873263)|VARIABLE_SCOPE_BEGIN|[5]|this|ApexPage.pagemessagecomponentcontroller|true|false
14:25:26.50 (50898096)|VARIABLE_ASSIGNMENT|[5]|this|{"conSeverity":"ERROR","conStrength":2,"escape":true}|0x3efbf738
14:25:26.51 (51020992)|HEAP_ALLOCATE|[EXTERNAL]|Bytes:28
14:25:26.51 (51050504)|VARIABLE_ASSIGNMENT|[EXTERNAL]|this|{"messages":"0xbd54102","severity":"ERROR"}|0x4e74c373
14:25:26.51 (51146517)|HEAP_ALLOCATE|[EXTERNAL]|Bytes:28
14:25:26.51 (51172978)|VARIABLE_ASSIGNMENT|[EXTERNAL]|this|{"messages":"0xbd54102","severity":"ERROR"}|0x4e74c373
14:25:26.0 (53028154)|SYSTEM_MODE_ENTER|true
14:25:26.0 (53069441)|HEAP_ALLOCATE|[EXTERNAL]|Bytes:44
14:25:26.0 (53078578)|VARIABLE_SCOPE_BEGIN|[134]|this|docappcontroller|true|false
14:25:26.0 (53116632)|VARIABLE_ASSIGNMENT|[134]|this|{"aptdum":"0x6f607b02","Docdum":"0x14dafb66","Docmap":"0x730db071","Initialselected":8,"Selecteddoc":"a260H000001koYjQAI","SelectedtimeSlot":30,"timelist":"0x2b9da23d","timewraplist":"0x2c717f91","timewraplistInitial":"0x2c717f91"}|0x54d4e981
14:25:26.0 (53128424)|STATEMENT_EXECUTE|[134]
14:25:26.0 (53130365)|STATEMENT_EXECUTE|[136]
14:25:26.0 (53140307)|HEAP_ALLOCATE|[136]|Bytes:4
14:25:26.0 (53156087)|VARIABLE_SCOPE_BEGIN|[136]|options|List<System.SelectOption>|true|false
14:25:26.0 (53179396)|HEAP_ALLOCATE|[EXTERNAL]|Bytes:4
14:25:26.0 (53188133)|VARIABLE_ASSIGNMENT|[136]|options|[]|0x63526450
14:25:26.0 (53193942)|STATEMENT_EXECUTE|[137]
14:25:26.0 (53208977)|HEAP_ALLOCATE|[EXTERNAL]|Bytes:4
14:25:26.0 (53244783)|VARIABLE_ASSIGNMENT|[EXTERNAL]|this|{"aptdum":"0x6f607b02","Docdum":"0x14dafb66","Docmap":"0x730db071","Initialselected":8,"Selecteddoc":"a260H000001koYjQAI","SelectedtimeSlot":30,"timelist":"0x2b9da23d","timewraplist":"0x2c717f91","timewraplistInitial":"0x2c717f91"}|0x54d4e981
14:25:26.0 (53258106)|STATEMENT_EXECUTE|[138]
14:25:26.0 (53280995)|VARIABLE_ASSIGNMENT|[EXTERNAL]|this|{"aptdum":"0x6f607b02","Docdum":"0x14dafb66","Docmap":"0x730db071","Initialselected":8,"Selecteddoc":"a260H000001koYjQAI","SelectedtimeSlot":30,"timelist":"0x2b9da23d","timewraplist":"0x2c717f91","timewraplistInitial":"0x2c717f91"}|0x54d4e981
14:25:26.0 (53300117)|HEAP_ALLOCATE|[EXTERNAL]|Bytes:12
14:25:26.0 (53312463)|HEAP_ALLOCATE|[139]|Bytes:237
14:25:26.0 (53339529)|HEAP_ALLOCATE|[139]|Bytes:5
14:25:26.0 (53351785)|HEAP_ALLOCATE|[139]|Bytes:24
14:25:26.0 (53360352)|VARIABLE_SCOPE_BEGIN|[139]|doc|Doctor__c|true|false
14:25:26.0 (53379608)|VARIABLE_ASSIGNMENT|[139]|doc|{"Id":"a260H000001koYjQAI","Name":"doc 2","End_Time__c":68400000,"Speciality__c":"General Surgery","Start_Time__c":43200000}|0x5725337
14:25:26.0 (53386423)|STATEMENT_EXECUTE|[139]
14:25:26.0 (53388069)|STATEMENT_EXECUTE|[140]
14:25:26.0 (53399777)|HEAP_ALLOCATE|[140]|Bytes:18
14:25:26.0 (53413446)|HEAP_ALLOCATE|[EXTERNAL]|Bytes:4
14:25:26.0 (53424344)|HEAP_ALLOCATE|[139]|Bytes:5
14:25:26.0 (53432897)|HEAP_ALLOCATE|[139]|Bytes:24
14:25:26.0 (53438624)|VARIABLE_SCOPE_BEGIN|[139]|doc|Doctor__c|true|false
14:25:26.0 (53453131)|VARIABLE_ASSIGNMENT|[139]|doc|{"Id":"a260H000001koYeQAI","Name":"Doc1","End_Time__c":64800000,"Speciality__c":"General Surgery","Start_Time__c":32400000}|0x1ae76bd5
14:25:26.0 (53461018)|STATEMENT_EXECUTE|[139]
14:25:26.0 (53462517)|STATEMENT_EXECUTE|[140]
14:25:26.0 (53468646)|HEAP_ALLOCATE|[140]|Bytes:18
14:25:26.0 (53478741)|HEAP_ALLOCATE|[EXTERNAL]|Bytes:4
14:25:26.0 (53488835)|HEAP_ALLOCATE|[139]|Bytes:5
14:25:26.0 (53498020)|VARIABLE_ASSIGNMENT|[139]|doc|null|
14:25:26.0 (53502847)|STATEMENT_EXECUTE|[146]
14:25:26.0 (53658187)|SYSTEM_MODE_ENTER|true
14:25:26.0 (56905649)|SYSTEM_MODE_ENTER|true
14:25:26.0 (56945235)|HEAP_ALLOCATE|[EXTERNAL]|Bytes:44
14:25:26.0 (56955037)|VARIABLE_SCOPE_BEGIN|[151]|this|docappcontroller|true|false
14:25:26.0 (56993405)|VARIABLE_ASSIGNMENT|[151]|this|{"aptdum":"0x6f607b02","Docdum":"0x14dafb66","Docmap":"0x730db071","Initialselected":8,"Selecteddoc":"a260H000001koYjQAI","SelectedtimeSlot":30,"timelist":"0x2b9da23d","timewraplist":"0x2c717f91","timewraplistInitial":"0x2c717f91"}|0x54d4e981
14:25:26.0 (57004949)|STATEMENT_EXECUTE|[151]
14:25:26.0 (57007495)|STATEMENT_EXECUTE|[153]
14:25:26.0 (57017539)|HEAP_ALLOCATE|[153]|Bytes:4
14:25:26.0 (57033025)|VARIABLE_SCOPE_BEGIN|[153]|options|List<System.SelectOption>|true|false
14:25:26.0 (57054811)|HEAP_ALLOCATE|[EXTERNAL]|Bytes:4
14:25:26.0 (57063938)|VARIABLE_ASSIGNMENT|[153]|options|[]|0x63298844
14:25:26.0 (57069468)|STATEMENT_EXECUTE|[154]
14:25:26.0 (57083368)|HEAP_ALLOCATE|[EXTERNAL]|Bytes:4
14:25:26.0 (57090028)|STATEMENT_EXECUTE|[157]
14:25:26.0 (57096662)|HEAP_ALLOCATE|[EXTERNAL]|Bytes:4
14:25:26.0 (57102183)|STATEMENT_EXECUTE|[158]
14:25:26.0 (57107920)|HEAP_ALLOCATE|[EXTERNAL]|Bytes:4
14:25:26.0 (57113176)|STATEMENT_EXECUTE|[163]
14:25:26.0 (57228407)|SYSTEM_MODE_ENTER|true
14:25:26.0 (58787650)|VF_SERIALIZE_VIEWSTATE_BEGIN|0660H000004OdRk
14:25:26.0 (76193312)|VF_SERIALIZE_VIEWSTATE_END
14:25:26.0 (92443106)|CODE_UNIT_STARTED|[EXTERNAL]|Generate Metadata
14:25:26.0 (95277982)|CODE_UNIT_FINISHED|Generate Metadata
14:25:26.97 (97951685)|CUMULATIVE_LIMIT_USAGE
14:25:26.97 (97951685)|LIMIT_USAGE_FOR_NS|(default)|
  Number of SOQL queries: 1 out of 100
  Number of query rows: 1 out of 50000
  Number of SOSL queries: 0 out of 20
  Number of DML statements: 0 out of 150
  Number of DML rows: 0 out of 10000
  Maximum CPU time: 0 out of 10000
  Maximum heap size: 0 out of 6000000
  Number of callouts: 0 out of 100
  Number of Email Invocations: 0 out of 10
  Number of future calls: 0 out of 50
  Number of queueable jobs added to the queue: 0 out of 50
  Number of Mobile Apex push calls: 0 out of 10

14:25:26.97 (97951685)|CUMULATIVE_LIMIT_USAGE_END

14:25:26.0 (97997389)|CODE_UNIT_FINISHED|VF: /apex/docapp
14:25:26.0 (98754180)|EXECUTION_FINISHED
