42.0 APEX_CODE,FINEST;APEX_PROFILING,INFO;CALLOUT,INFO;DB,INFO;SYSTEM,DEBUG;VALIDATION,INFO;VISUALFORCE,INFO;WAVE,INFO;WORKFLOW,INFO
13:34:02.0 (354966)|USER_INFO|[EXTERNAL]|005i0000002qYvT|anton@igate.com|India Standard Time|GMT+05:30
13:34:02.0 (394302)|EXECUTION_STARTED
13:34:02.0 (399274)|CODE_UNIT_STARTED|[EXTERNAL]|0660H000004OdRk|VF: /apex/docapp
13:34:02.0 (4081347)|SYSTEM_MODE_ENTER|true
13:34:02.0 (4615607)|HEAP_ALLOCATE|[72]|Bytes:3
13:34:02.0 (4676337)|HEAP_ALLOCATE|[77]|Bytes:152
13:34:02.0 (4693156)|HEAP_ALLOCATE|[342]|Bytes:408
13:34:02.0 (4712601)|HEAP_ALLOCATE|[355]|Bytes:408
13:34:02.0 (4730867)|HEAP_ALLOCATE|[467]|Bytes:48
13:34:02.0 (4800894)|HEAP_ALLOCATE|[139]|Bytes:6
13:34:02.0 (4821026)|HEAP_ALLOCATE|[EXTERNAL]|Bytes:14
13:34:02.0 (4847318)|HEAP_ALLOCATE|[EXTERNAL]|Bytes:248
13:34:02.0 (4853077)|HEAP_ALLOCATE|[EXTERNAL]|Bytes:53
13:34:02.0 (4859320)|HEAP_ALLOCATE|[EXTERNAL]|Bytes:13
13:34:02.0 (4903492)|METHOD_ENTRY|[1]|01p0H000007gCe8|docappcontroller.docappcontroller()
13:34:02.0 (4913137)|STATEMENT_EXECUTE|[1]
13:34:02.0 (4918588)|STATEMENT_EXECUTE|[1]
13:34:02.0 (4920794)|STATEMENT_EXECUTE|[174]
13:34:02.0 (4942609)|METHOD_EXIT|[1]|docappcontroller
13:34:02.0 (5017635)|HEAP_ALLOCATE|[EXTERNAL]|Bytes:44
13:34:02.0 (5088144)|VARIABLE_SCOPE_BEGIN|[114]|this|docappcontroller|true|false
13:34:02.0 (5198166)|VARIABLE_ASSIGNMENT|[114]|this|{}|0x594a6bd6
13:34:02.0 (5211201)|STATEMENT_EXECUTE|[1]
13:34:02.0 (5213965)|STATEMENT_EXECUTE|[3]
13:34:02.0 (5216458)|STATEMENT_EXECUTE|[4]
13:34:02.0 (5219434)|STATEMENT_EXECUTE|[5]
13:34:02.0 (5236368)|HEAP_ALLOCATE|[5]|Bytes:4
13:34:02.0 (5386849)|HEAP_ALLOCATE|[EXTERNAL]|Bytes:4
13:34:02.0 (5404599)|VARIABLE_ASSIGNMENT|[5]|this.timewraplistInitial|[]|0x594a6bd6
13:34:02.0 (5413715)|STATEMENT_EXECUTE|[6]
13:34:02.0 (5419432)|HEAP_ALLOCATE|[6]|Bytes:4
13:34:02.0 (5431727)|VARIABLE_ASSIGNMENT|[6]|this.Initialselected|0|0x594a6bd6
13:34:02.0 (5439473)|STATEMENT_EXECUTE|[107]
13:34:02.0 (5441744)|STATEMENT_EXECUTE|[108]
13:34:02.0 (5443823)|STATEMENT_EXECUTE|[109]
13:34:02.0 (5445853)|STATEMENT_EXECUTE|[110]
13:34:02.0 (5448177)|STATEMENT_EXECUTE|[111]
13:34:02.0 (5450193)|STATEMENT_EXECUTE|[112]
13:34:02.0 (5458271)|HEAP_ALLOCATE|[6]|Bytes:6
13:34:02.0 (5524811)|STATEMENT_EXECUTE|[114]
13:34:02.0 (5527533)|STATEMENT_EXECUTE|[115]
13:34:02.0 (5567875)|HEAP_ALLOCATE|[115]|Bytes:4
13:34:02.0 (5784510)|VARIABLE_ASSIGNMENT|[EXTERNAL]|this|{"Initialselected":0,"timewraplistInitial":"0x343238a1"}|0x594a6bd6
13:34:02.0 (5804934)|VARIABLE_ASSIGNMENT|[EXTERNAL]|value|{}|0x96f2565
13:34:02.0 (5822211)|VARIABLE_ASSIGNMENT|[107]|this.Docdum|{}|0x594a6bd6
13:34:02.0 (5853951)|STATEMENT_EXECUTE|[116]
13:34:02.0 (5881319)|HEAP_ALLOCATE|[116]|Bytes:4
13:34:02.0 (5982381)|VARIABLE_ASSIGNMENT|[EXTERNAL]|this|{"Docdum":"0x96f2565","Initialselected":0,"timewraplistInitial":"0x343238a1"}|0x594a6bd6
13:34:02.0 (5995551)|VARIABLE_ASSIGNMENT|[EXTERNAL]|value|{}|0x2ed4a285
13:34:02.0 (6006761)|VARIABLE_ASSIGNMENT|[108]|this.aptdum|{}|0x594a6bd6
13:34:02.7 (7109790)|SYSTEM_MODE_ENTER|true
13:34:02.7 (7139446)|HEAP_ALLOCATE|[EXTERNAL]|Bytes:38
13:34:02.7 (7146855)|HEAP_ALLOCATE|[EXTERNAL]|Bytes:7
13:34:02.7 (7153866)|SYSTEM_METHOD_ENTRY|[1]|PageMessagesComponentController.PageMessagesComponentController()
13:34:02.7 (7159031)|STATEMENT_EXECUTE|[1]
13:34:02.7 (7279222)|SYSTEM_MODE_ENTER|true
13:34:02.7 (7332138)|HEAP_ALLOCATE|[EXTERNAL]|Bytes:8
13:34:02.7 (7340562)|VARIABLE_SCOPE_BEGIN|[88]|this|ApexPage.PageMessagesComponentController|true|false
13:34:02.7 (7365172)|VARIABLE_ASSIGNMENT|[88]|this|{}|0x73c9f64a
13:34:02.7 (7372676)|VARIABLE_SCOPE_BEGIN|[88]|escape|Boolean|false|false
13:34:02.7 (7381251)|VARIABLE_ASSIGNMENT|[88]|escape|null
13:34:02.7 (7524292)|SYSTEM_MODE_ENTER|true
13:34:02.7 (7558722)|HEAP_ALLOCATE|[EXTERNAL]|Bytes:8
13:34:02.7 (7566249)|VARIABLE_SCOPE_BEGIN|[2]|this|ApexPage.PageMessagesComponentController|true|false
13:34:02.7 (7586311)|VARIABLE_ASSIGNMENT|[2]|this|{}|0x73c9f64a
13:34:02.0 (8334249)|SYSTEM_MODE_ENTER|true
13:34:02.0 (10563585)|SYSTEM_MODE_ENTER|true
13:34:02.0 (12972232)|SYSTEM_MODE_ENTER|true
13:34:02.41 (41759353)|SYSTEM_MODE_ENTER|true
13:34:02.41 (41862492)|HEAP_ALLOCATE|[EXTERNAL]|Bytes:8
13:34:02.41 (41882697)|VARIABLE_SCOPE_BEGIN|[88]|this|ApexPage.PageMessagesComponentController|true|false
13:34:02.41 (41930067)|VARIABLE_ASSIGNMENT|[88]|this|{}|0x73c9f64a
13:34:02.41 (41939158)|VARIABLE_SCOPE_BEGIN|[88]|escape|Boolean|false|false
13:34:02.41 (41948767)|VARIABLE_ASSIGNMENT|[88]|escape|null
13:34:02.42 (42100884)|SYSTEM_MODE_ENTER|true
13:34:02.42 (42137337)|HEAP_ALLOCATE|[EXTERNAL]|Bytes:8
13:34:02.42 (42145996)|VARIABLE_SCOPE_BEGIN|[2]|this|ApexPage.PageMessagesComponentController|true|false
13:34:02.42 (42166660)|VARIABLE_ASSIGNMENT|[2]|this|{}|0x73c9f64a
13:34:02.0 (43827477)|SYSTEM_MODE_ENTER|true
13:34:02.0 (43882019)|HEAP_ALLOCATE|[EXTERNAL]|Bytes:44
13:34:02.0 (43992495)|VARIABLE_SCOPE_BEGIN|[133]|this|docappcontroller|true|false
13:34:02.0 (44044688)|VARIABLE_ASSIGNMENT|[133]|this|{"aptdum":"0x2ed4a285","Docdum":"0x96f2565","Initialselected":0,"timewraplistInitial":"0x343238a1"}|0x594a6bd6
13:34:02.0 (44058246)|STATEMENT_EXECUTE|[133]
13:34:02.0 (44060736)|STATEMENT_EXECUTE|[135]
13:34:02.0 (44080236)|HEAP_ALLOCATE|[135]|Bytes:4
13:34:02.0 (44119203)|VARIABLE_SCOPE_BEGIN|[135]|options|List<System.SelectOption>|true|false
13:34:02.0 (44141662)|HEAP_ALLOCATE|[EXTERNAL]|Bytes:4
13:34:02.0 (44154256)|VARIABLE_ASSIGNMENT|[135]|options|[]|0xf219167
13:34:02.0 (44161018)|STATEMENT_EXECUTE|[136]
13:34:02.0 (44171127)|HEAP_ALLOCATE|[136]|Bytes:8
13:34:02.0 (44235069)|HEAP_ALLOCATE|[EXTERNAL]|Bytes:4
13:34:02.0 (44293895)|VARIABLE_ASSIGNMENT|[EXTERNAL]|this|{"aptdum":"0x2ed4a285","Docdum":"0x96f2565","Initialselected":0,"timewraplistInitial":"0x343238a1"}|0x594a6bd6
13:34:02.0 (44310438)|STATEMENT_EXECUTE|[141]
13:34:02.0 (44312256)|STATEMENT_EXECUTE|[142]
13:34:02.0 (44315465)|HEAP_ALLOCATE|[142]|Bytes:23
13:34:02.0 (44342915)|METHOD_ENTRY|[142]|01p0H000007gCe8|docappcontroller.ShowError(String)
13:34:02.0 (44379156)|VARIABLE_SCOPE_BEGIN|[168]|this|docappcontroller|true|false
13:34:02.0 (44407044)|VARIABLE_ASSIGNMENT|[168]|this|{"aptdum":"0x2ed4a285","Docdum":"0x96f2565","Initialselected":0,"timewraplistInitial":"0x343238a1"}|0x594a6bd6
13:34:02.0 (44414322)|VARIABLE_SCOPE_BEGIN|[168]|ErrorMsg|String|false|false
13:34:02.0 (44424837)|VARIABLE_ASSIGNMENT|[168]|ErrorMsg|"No Continents Data y (3 more) ..."
13:34:02.0 (44430732)|STATEMENT_EXECUTE|[168]
13:34:02.0 (44432337)|STATEMENT_EXECUTE|[170]
13:34:02.0 (44470364)|VARIABLE_SCOPE_BEGIN|[170]|m|ApexPages.Message|true|false
13:34:02.0 (44704686)|VARIABLE_ASSIGNMENT|[170]|m|"core.apexpages.framework.ApexPagesMessage@67c6b634"|0x4659c2b3
13:34:02.0 (44713339)|STATEMENT_EXECUTE|[171]
13:34:02.0 (44896644)|VF_PAGE_MESSAGE|No Continents Data yet.
13:34:02.0 (44909845)|METHOD_EXIT|[142]|01p0H000007gCe8|docappcontroller.ShowError(String)
13:34:02.0 (44915407)|STATEMENT_EXECUTE|[145]
13:34:02.0 (45098499)|SYSTEM_MODE_ENTER|true
13:34:02.0 (46033660)|SYSTEM_MODE_ENTER|true
13:34:02.0 (46078607)|HEAP_ALLOCATE|[EXTERNAL]|Bytes:44
13:34:02.0 (46111346)|VARIABLE_SCOPE_BEGIN|[150]|this|docappcontroller|true|false
13:34:02.0 (46147110)|VARIABLE_ASSIGNMENT|[150]|this|{"aptdum":"0x2ed4a285","Docdum":"0x96f2565","Initialselected":0,"timewraplistInitial":"0x343238a1"}|0x594a6bd6
13:34:02.0 (46157600)|STATEMENT_EXECUTE|[150]
13:34:02.0 (46159607)|STATEMENT_EXECUTE|[152]
13:34:02.0 (46168848)|HEAP_ALLOCATE|[152]|Bytes:4
13:34:02.0 (46191993)|VARIABLE_SCOPE_BEGIN|[152]|options|List<System.SelectOption>|true|false
13:34:02.0 (46214189)|HEAP_ALLOCATE|[EXTERNAL]|Bytes:4
13:34:02.0 (46222989)|VARIABLE_ASSIGNMENT|[152]|options|[]|0x6c24ff8d
13:34:02.0 (46229492)|STATEMENT_EXECUTE|[153]
13:34:02.0 (46268711)|HEAP_ALLOCATE|[EXTERNAL]|Bytes:4
13:34:02.0 (46277978)|STATEMENT_EXECUTE|[156]
13:34:02.0 (46283270)|HEAP_ALLOCATE|[156]|Bytes:2
13:34:02.0 (46308080)|HEAP_ALLOCATE|[EXTERNAL]|Bytes:4
13:34:02.0 (46315274)|STATEMENT_EXECUTE|[157]
13:34:02.0 (46318446)|HEAP_ALLOCATE|[157]|Bytes:2
13:34:02.0 (46339715)|HEAP_ALLOCATE|[EXTERNAL]|Bytes:4
13:34:02.0 (46346236)|STATEMENT_EXECUTE|[162]
13:34:02.0 (46478838)|SYSTEM_MODE_ENTER|true
13:34:02.0 (48518822)|VF_SERIALIZE_VIEWSTATE_BEGIN|0660H000004OdRk
13:34:02.0 (62865783)|VF_SERIALIZE_VIEWSTATE_END
13:34:02.0 (65639843)|CODE_UNIT_STARTED|[EXTERNAL]|Generate Metadata
13:34:02.0 (66192863)|CODE_UNIT_FINISHED|Generate Metadata
13:34:02.68 (68242614)|CUMULATIVE_LIMIT_USAGE
13:34:02.68 (68242614)|LIMIT_USAGE_FOR_NS|(default)|
  Number of SOQL queries: 0 out of 100
  Number of query rows: 0 out of 50000
  Number of SOSL queries: 0 out of 20
  Number of DML statements: 0 out of 150
  Number of DML rows: 0 out of 10000
  Maximum CPU time: 0 out of 10000
  Maximum heap size: 0 out of 6000000
  Number of callouts: 0 out of 100
  Number of Email Invocations: 0 out of 10
  Number of future calls: 0 out of 50
  Number of queueable jobs added to the queue: 0 out of 50
  Number of Mobile Apex push calls: 0 out of 10

13:34:02.68 (68242614)|CUMULATIVE_LIMIT_USAGE_END

13:34:02.0 (68286919)|CODE_UNIT_FINISHED|VF: /apex/docapp
13:34:02.0 (69063603)|EXECUTION_FINISHED
