42.0 APEX_CODE,FINEST;APEX_PROFILING,INFO;CALLOUT,INFO;DB,INFO;SYSTEM,DEBUG;VALIDATION,INFO;VISUALFORCE,INFO;WAVE,INFO;WORKFLOW,INFO
12:41:52.0 (314170)|USER_INFO|[EXTERNAL]|005i0000002qYvT|anton@igate.com|India Standard Time|GMT+05:30
12:41:52.0 (349894)|EXECUTION_STARTED
12:41:52.0 (353963)|CODE_UNIT_STARTED|[EXTERNAL]|0660H000004OdRk|VF: /apex/docapp
12:41:52.0 (47165897)|SYSTEM_MODE_ENTER|true
12:41:52.0 (47713995)|HEAP_ALLOCATE|[72]|Bytes:3
12:41:52.0 (47763775)|HEAP_ALLOCATE|[77]|Bytes:152
12:41:52.0 (47775856)|HEAP_ALLOCATE|[342]|Bytes:408
12:41:52.0 (47787681)|HEAP_ALLOCATE|[355]|Bytes:408
12:41:52.0 (47799165)|HEAP_ALLOCATE|[467]|Bytes:48
12:41:52.0 (47851418)|HEAP_ALLOCATE|[139]|Bytes:6
12:41:52.0 (47866593)|HEAP_ALLOCATE|[EXTERNAL]|Bytes:14
12:41:52.0 (47884654)|HEAP_ALLOCATE|[EXTERNAL]|Bytes:228
12:41:52.0 (47888434)|HEAP_ALLOCATE|[EXTERNAL]|Bytes:34
12:41:52.0 (47892764)|HEAP_ALLOCATE|[EXTERNAL]|Bytes:7
12:41:52.0 (47915260)|METHOD_ENTRY|[1]|01p0H000007gCe8|docappcontroller.docappcontroller()
12:41:52.0 (47922858)|STATEMENT_EXECUTE|[1]
12:41:52.0 (47926820)|STATEMENT_EXECUTE|[1]
12:41:52.0 (47928358)|STATEMENT_EXECUTE|[125]
12:41:52.0 (47944061)|METHOD_EXIT|[1]|docappcontroller
12:41:52.0 (48179140)|HEAP_ALLOCATE|[EXTERNAL]|Bytes:36
12:41:52.0 (48208481)|VARIABLE_SCOPE_BEGIN|[84]|this|docappcontroller|true|false
12:41:52.0 (48340807)|VARIABLE_ASSIGNMENT|[84]|this|{}|0x5a975cf7
12:41:52.0 (48351128)|STATEMENT_EXECUTE|[1]
12:41:52.0 (48352921)|STATEMENT_EXECUTE|[3]
12:41:52.0 (48354996)|STATEMENT_EXECUTE|[4]
12:41:52.0 (48356785)|STATEMENT_EXECUTE|[5]
12:41:52.0 (48405387)|HEAP_ALLOCATE|[5]|Bytes:4
12:41:52.0 (62950861)|HEAP_ALLOCATE|[EXTERNAL]|Bytes:4
12:41:52.0 (62967805)|VARIABLE_ASSIGNMENT|[5]|this.timewraplistInitial|[]|0x5a975cf7
12:41:52.0 (62974098)|STATEMENT_EXECUTE|[78]
12:41:52.0 (62976113)|STATEMENT_EXECUTE|[79]
12:41:52.0 (62977485)|STATEMENT_EXECUTE|[80]
12:41:52.0 (62978896)|STATEMENT_EXECUTE|[81]
12:41:52.0 (62980289)|STATEMENT_EXECUTE|[82]
12:41:52.0 (62988556)|HEAP_ALLOCATE|[5]|Bytes:6
12:41:52.0 (63041773)|STATEMENT_EXECUTE|[84]
12:41:52.0 (63044240)|STATEMENT_EXECUTE|[85]
12:41:52.0 (63067878)|HEAP_ALLOCATE|[85]|Bytes:4
12:41:52.0 (63231684)|VARIABLE_ASSIGNMENT|[EXTERNAL]|this|{"timewraplistInitial":"0x7b222d6f"}|0x5a975cf7
12:41:52.0 (63246594)|VARIABLE_ASSIGNMENT|[EXTERNAL]|value|{}|0x3fed3449
12:41:52.0 (63257821)|VARIABLE_ASSIGNMENT|[78]|this.Docdum|{}|0x5a975cf7
12:41:52.0 (63285538)|STATEMENT_EXECUTE|[86]
12:41:52.0 (63303491)|HEAP_ALLOCATE|[86]|Bytes:4
12:41:52.0 (63392957)|VARIABLE_ASSIGNMENT|[EXTERNAL]|this|{"Docdum":"0x3fed3449","timewraplistInitial":"0x7b222d6f"}|0x5a975cf7
12:41:52.0 (63404697)|VARIABLE_ASSIGNMENT|[EXTERNAL]|value|{}|0x79b0e1
12:41:52.0 (63414695)|VARIABLE_ASSIGNMENT|[79]|this.aptdum|{}|0x5a975cf7
12:41:52.64 (64537983)|SYSTEM_MODE_ENTER|true
12:41:52.64 (64568880)|HEAP_ALLOCATE|[EXTERNAL]|Bytes:38
12:41:52.64 (64575976)|HEAP_ALLOCATE|[EXTERNAL]|Bytes:7
12:41:52.64 (64583702)|SYSTEM_METHOD_ENTRY|[1]|PageMessagesComponentController.PageMessagesComponentController()
12:41:52.64 (64588738)|STATEMENT_EXECUTE|[1]
12:41:52.64 (64710070)|SYSTEM_MODE_ENTER|true
12:41:52.64 (64765817)|HEAP_ALLOCATE|[EXTERNAL]|Bytes:8
12:41:52.64 (64774321)|VARIABLE_SCOPE_BEGIN|[88]|this|ApexPage.PageMessagesComponentController|true|false
12:41:52.64 (64795660)|VARIABLE_ASSIGNMENT|[88]|this|{}|0x5c96ce4b
12:41:52.64 (64801477)|VARIABLE_SCOPE_BEGIN|[88]|escape|Boolean|false|false
12:41:52.64 (64809705)|VARIABLE_ASSIGNMENT|[88]|escape|null
12:41:52.64 (64938940)|SYSTEM_MODE_ENTER|true
12:41:52.64 (64972288)|HEAP_ALLOCATE|[EXTERNAL]|Bytes:8
12:41:52.64 (64978825)|VARIABLE_SCOPE_BEGIN|[2]|this|ApexPage.PageMessagesComponentController|true|false
12:41:52.64 (64996900)|VARIABLE_ASSIGNMENT|[2]|this|{}|0x5c96ce4b
12:41:52.0 (65734982)|SYSTEM_MODE_ENTER|true
12:41:52.0 (68428540)|SYSTEM_MODE_ENTER|true
12:41:52.0 (70453944)|SYSTEM_MODE_ENTER|true
12:41:52.92 (92954172)|SYSTEM_MODE_ENTER|true
12:41:52.92 (93030531)|HEAP_ALLOCATE|[EXTERNAL]|Bytes:8
12:41:52.92 (93044262)|VARIABLE_SCOPE_BEGIN|[88]|this|ApexPage.PageMessagesComponentController|true|false
12:41:52.92 (93078936)|VARIABLE_ASSIGNMENT|[88]|this|{}|0x5c96ce4b
12:41:52.92 (93085892)|VARIABLE_SCOPE_BEGIN|[88]|escape|Boolean|false|false
12:41:52.92 (93094373)|VARIABLE_ASSIGNMENT|[88]|escape|null
12:41:52.93 (93205430)|SYSTEM_MODE_ENTER|true
12:41:52.93 (93238237)|HEAP_ALLOCATE|[EXTERNAL]|Bytes:8
12:41:52.93 (93244818)|VARIABLE_SCOPE_BEGIN|[2]|this|ApexPage.PageMessagesComponentController|true|false
12:41:52.93 (93265680)|VARIABLE_ASSIGNMENT|[2]|this|{}|0x5c96ce4b
12:41:52.0 (94810427)|SYSTEM_MODE_ENTER|true
12:41:52.0 (94854754)|HEAP_ALLOCATE|[EXTERNAL]|Bytes:36
12:41:52.0 (94958740)|VARIABLE_SCOPE_BEGIN|[103]|this|docappcontroller|true|false
12:41:52.0 (94998584)|VARIABLE_ASSIGNMENT|[103]|this|{"aptdum":"0x79b0e1","Docdum":"0x3fed3449","timewraplistInitial":"0x7b222d6f"}|0x5a975cf7
12:41:52.0 (95009239)|STATEMENT_EXECUTE|[103]
12:41:52.0 (95011916)|STATEMENT_EXECUTE|[105]
12:41:52.0 (95025528)|HEAP_ALLOCATE|[105]|Bytes:4
12:41:52.0 (95059644)|VARIABLE_SCOPE_BEGIN|[105]|options|List<System.SelectOption>|true|false
12:41:52.0 (95080145)|HEAP_ALLOCATE|[EXTERNAL]|Bytes:4
12:41:52.0 (95091384)|VARIABLE_ASSIGNMENT|[105]|options|[]|0x4b7970db
12:41:52.0 (95096862)|STATEMENT_EXECUTE|[106]
12:41:52.0 (95104138)|HEAP_ALLOCATE|[106]|Bytes:8
12:41:52.0 (95157452)|HEAP_ALLOCATE|[EXTERNAL]|Bytes:4
12:41:52.0 (95207643)|VARIABLE_ASSIGNMENT|[EXTERNAL]|this|{"aptdum":"0x79b0e1","Docdum":"0x3fed3449","timewraplistInitial":"0x7b222d6f"}|0x5a975cf7
12:41:52.0 (95221953)|STATEMENT_EXECUTE|[111]
12:41:52.0 (95224109)|STATEMENT_EXECUTE|[112]
12:41:52.0 (95227039)|HEAP_ALLOCATE|[112]|Bytes:23
12:41:52.0 (95248878)|METHOD_ENTRY|[112]|01p0H000007gCe8|docappcontroller.ShowError(String)
12:41:52.0 (95282312)|VARIABLE_SCOPE_BEGIN|[119]|this|docappcontroller|true|false
12:41:52.0 (95304209)|VARIABLE_ASSIGNMENT|[119]|this|{"aptdum":"0x79b0e1","Docdum":"0x3fed3449","timewraplistInitial":"0x7b222d6f"}|0x5a975cf7
12:41:52.0 (95310699)|VARIABLE_SCOPE_BEGIN|[119]|ErrorMsg|String|false|false
12:41:52.0 (95320677)|VARIABLE_ASSIGNMENT|[119]|ErrorMsg|"No Continents Data y (3 more) ..."
12:41:52.0 (95326545)|STATEMENT_EXECUTE|[119]
12:41:52.0 (95328098)|STATEMENT_EXECUTE|[121]
12:41:52.0 (95358405)|VARIABLE_SCOPE_BEGIN|[121]|m|ApexPages.Message|true|false
12:41:52.0 (95542420)|VARIABLE_ASSIGNMENT|[121]|m|"core.apexpages.framework.ApexPagesMessage@d123a7ba"|0x7d054805
12:41:52.0 (95550877)|STATEMENT_EXECUTE|[122]
12:41:52.0 (95729864)|VF_PAGE_MESSAGE|No Continents Data yet.
12:41:52.0 (95741384)|METHOD_EXIT|[112]|01p0H000007gCe8|docappcontroller.ShowError(String)
12:41:52.0 (95747124)|STATEMENT_EXECUTE|[115]
12:41:52.0 (95915982)|SYSTEM_MODE_ENTER|true
12:41:52.0 (98342501)|VF_SERIALIZE_VIEWSTATE_BEGIN|0660H000004OdRk
12:41:52.0 (113005686)|VF_SERIALIZE_VIEWSTATE_END
12:41:52.0 (115193585)|CODE_UNIT_STARTED|[EXTERNAL]|Generate Metadata
12:41:52.0 (115862164)|CODE_UNIT_FINISHED|Generate Metadata
12:41:52.117 (117819536)|CUMULATIVE_LIMIT_USAGE
12:41:52.117 (117819536)|LIMIT_USAGE_FOR_NS|(default)|
  Number of SOQL queries: 0 out of 100
  Number of query rows: 0 out of 50000
  Number of SOSL queries: 0 out of 20
  Number of DML statements: 0 out of 150
  Number of DML rows: 0 out of 10000
  Maximum CPU time: 0 out of 10000
  Maximum heap size: 0 out of 6000000
  Number of callouts: 0 out of 100
  Number of Email Invocations: 0 out of 10
  Number of future calls: 0 out of 50
  Number of queueable jobs added to the queue: 0 out of 50
  Number of Mobile Apex push calls: 0 out of 10

12:41:52.117 (117819536)|CUMULATIVE_LIMIT_USAGE_END

12:41:52.0 (117860122)|CODE_UNIT_FINISHED|VF: /apex/docapp
12:41:52.0 (118655698)|EXECUTION_FINISHED
