42.0 APEX_CODE,FINEST;APEX_PROFILING,INFO;CALLOUT,INFO;DB,INFO;SYSTEM,DEBUG;VALIDATION,INFO;VISUALFORCE,INFO;WAVE,INFO;WORKFLOW,INFO
14:57:01.0 (271696)|USER_INFO|[EXTERNAL]|005i0000002qYvT|anton@igate.com|India Standard Time|GMT+05:30
14:57:01.0 (304454)|EXECUTION_STARTED
14:57:01.0 (309476)|CODE_UNIT_STARTED|[EXTERNAL]|0660H000004OdRk|VF: /apex/docapp
14:57:01.0 (1678966)|VF_DESERIALIZE_VIEWSTATE_BEGIN|0660H000004OdRk
14:57:01.0 (6708680)|HEAP_ALLOCATE|[72]|Bytes:3
14:57:01.0 (6780412)|HEAP_ALLOCATE|[77]|Bytes:152
14:57:01.0 (6794743)|HEAP_ALLOCATE|[342]|Bytes:408
14:57:01.0 (6806659)|HEAP_ALLOCATE|[355]|Bytes:408
14:57:01.0 (6818065)|HEAP_ALLOCATE|[467]|Bytes:48
14:57:01.0 (6845331)|HEAP_ALLOCATE|[139]|Bytes:6
14:57:01.0 (7344007)|HEAP_ALLOCATE|[50]|Bytes:5
14:57:01.0 (7384540)|HEAP_ALLOCATE|[56]|Bytes:5
14:57:01.0 (7393482)|HEAP_ALLOCATE|[64]|Bytes:7
14:57:01.0 (11329583)|VF_DESERIALIZE_VIEWSTATE_END
14:57:01.11 (11985075)|SYSTEM_MODE_ENTER|true
14:57:01.11 (12164194)|HEAP_ALLOCATE|[EXTERNAL]|Bytes:38
14:57:01.11 (12189696)|HEAP_ALLOCATE|[EXTERNAL]|Bytes:7
14:57:01.11 (12214278)|SYSTEM_METHOD_ENTRY|[1]|PageMessagesComponentController.PageMessagesComponentController()
14:57:01.11 (12221017)|STATEMENT_EXECUTE|[1]
14:57:01.13 (13055548)|SYSTEM_MODE_ENTER|true
14:57:01.13 (13108421)|HEAP_ALLOCATE|[EXTERNAL]|Bytes:8
14:57:01.13 (13116921)|VARIABLE_SCOPE_BEGIN|[88]|this|ApexPage.PageMessagesComponentController|true|false
14:57:01.13 (13168374)|VARIABLE_ASSIGNMENT|[88]|this|{}|0x5825cef0
14:57:01.13 (13175522)|VARIABLE_SCOPE_BEGIN|[88]|escape|Boolean|false|false
14:57:01.13 (13185181)|VARIABLE_ASSIGNMENT|[88]|escape|null
14:57:01.0 (13350663)|SYSTEM_MODE_ENTER|true
14:57:01.0 (13374450)|HEAP_ALLOCATE|[EXTERNAL]|Bytes:14
14:57:01.0 (13382013)|HEAP_ALLOCATE|[EXTERNAL]|Bytes:248
14:57:01.0 (13386036)|HEAP_ALLOCATE|[EXTERNAL]|Bytes:53
14:57:01.0 (13389722)|HEAP_ALLOCATE|[EXTERNAL]|Bytes:14
14:57:01.0 (13396193)|METHOD_ENTRY|[1]|01p0H000007gCe8|docappcontroller.docappcontroller()
14:57:01.0 (13401461)|STATEMENT_EXECUTE|[1]
14:57:01.0 (13404838)|STATEMENT_EXECUTE|[1]
14:57:01.0 (13406283)|STATEMENT_EXECUTE|[197]
14:57:01.0 (13410519)|METHOD_EXIT|[1]|docappcontroller
14:57:01.0 (17804429)|SYSTEM_MODE_ENTER|true
14:57:01.0 (20130897)|SYSTEM_MODE_ENTER|true
14:57:01.0 (20295543)|SYSTEM_MODE_ENTER|true
14:57:01.0 (20545761)|HEAP_ALLOCATE|[EXTERNAL]|Bytes:108
14:57:01.0 (20555798)|HEAP_ALLOCATE|[EXTERNAL]|Bytes:11
14:57:01.0 (26145151)|SYSTEM_MODE_ENTER|true
14:57:01.0 (26371382)|HEAP_ALLOCATE|[EXTERNAL]|Bytes:48
14:57:01.0 (26382672)|VARIABLE_SCOPE_BEGIN|[156]|this|docappcontroller|true|false
14:57:01.0 (26461428)|VARIABLE_ASSIGNMENT|[156]|this|{"aptdum":"0x3ae63551","Docdum":"0x50097063","Docmap":"0x5f26a943","Initialselected":4,"Selecteddoc":"a260H000001koYjQAI","SelectedtimeSlot":30,"timelist":"0x4b2c0a37","timeset":"0x632b25ce","timewraplist":"0x3a907549","timewraplistInitial":"0x3a907549"}|0x2ea17b44
14:57:01.0 (26477339)|STATEMENT_EXECUTE|[156]
14:57:01.0 (26479825)|STATEMENT_EXECUTE|[158]
14:57:01.0 (26496219)|HEAP_ALLOCATE|[158]|Bytes:4
14:57:01.0 (26536028)|VARIABLE_SCOPE_BEGIN|[158]|options|List<System.SelectOption>|true|false
14:57:01.0 (26562759)|HEAP_ALLOCATE|[EXTERNAL]|Bytes:4
14:57:01.0 (26574601)|VARIABLE_ASSIGNMENT|[158]|options|[]|0x68ecd847
14:57:01.0 (26580155)|STATEMENT_EXECUTE|[159]
14:57:01.0 (26588041)|HEAP_ALLOCATE|[159]|Bytes:8
14:57:01.0 (26665029)|HEAP_ALLOCATE|[EXTERNAL]|Bytes:4
14:57:01.0 (26722555)|VARIABLE_ASSIGNMENT|[EXTERNAL]|this|{"aptdum":"0x3ae63551","Docdum":"0x50097063","Docmap":"0x5f26a943","Initialselected":4,"Selecteddoc":"a260H000001koYjQAI","SelectedtimeSlot":30,"timelist":"0x4b2c0a37","timeset":"0x632b25ce","timewraplist":"0x3a907549","timewraplistInitial":"0x3a907549"}|0x2ea17b44
14:57:01.0 (26740745)|STATEMENT_EXECUTE|[160]
14:57:01.0 (26775851)|VARIABLE_ASSIGNMENT|[EXTERNAL]|this|{"aptdum":"0x3ae63551","Docdum":"0x50097063","Docmap":"0x5f26a943","Initialselected":4,"Selecteddoc":"a260H000001koYjQAI","SelectedtimeSlot":30,"timelist":"0x4b2c0a37","timeset":"0x632b25ce","timewraplist":"0x3a907549","timewraplistInitial":"0x3a907549"}|0x2ea17b44
14:57:01.0 (26822086)|HEAP_ALLOCATE|[EXTERNAL]|Bytes:12
14:57:01.0 (26840736)|HEAP_ALLOCATE|[161]|Bytes:237
14:57:01.0 (26987072)|HEAP_ALLOCATE|[161]|Bytes:5
14:57:01.0 (27035755)|HEAP_ALLOCATE|[161]|Bytes:24
14:57:01.0 (27046324)|VARIABLE_SCOPE_BEGIN|[161]|doc|Doctor__c|true|false
14:57:01.0 (27176436)|VARIABLE_ASSIGNMENT|[161]|doc|{"Id":"a260H000001koYjQAI","Name":"doc 2","End_Time__c":68400000,"Speciality__c":"General Surgery","Start_Time__c":43200000}|0x37b990f5
14:57:01.0 (27185487)|STATEMENT_EXECUTE|[161]
14:57:01.0 (27187220)|STATEMENT_EXECUTE|[162]
14:57:01.0 (27230914)|HEAP_ALLOCATE|[162]|Bytes:18
14:57:01.0 (27282034)|HEAP_ALLOCATE|[EXTERNAL]|Bytes:4
14:57:01.0 (27297799)|HEAP_ALLOCATE|[161]|Bytes:5
14:57:01.0 (27316568)|HEAP_ALLOCATE|[161]|Bytes:24
14:57:01.0 (27323836)|VARIABLE_SCOPE_BEGIN|[161]|doc|Doctor__c|true|false
14:57:01.0 (27340915)|VARIABLE_ASSIGNMENT|[161]|doc|{"Id":"a260H000001koYeQAI","Name":"Doc1","End_Time__c":64800000,"Speciality__c":"General Surgery","Start_Time__c":32400000}|0x71a24f4a
14:57:01.0 (27346989)|STATEMENT_EXECUTE|[161]
14:57:01.0 (27348546)|STATEMENT_EXECUTE|[162]
14:57:01.0 (27356805)|HEAP_ALLOCATE|[162]|Bytes:18
14:57:01.0 (27368762)|HEAP_ALLOCATE|[EXTERNAL]|Bytes:4
14:57:01.0 (27380043)|HEAP_ALLOCATE|[161]|Bytes:5
14:57:01.0 (27390266)|VARIABLE_ASSIGNMENT|[161]|doc|null|
14:57:01.0 (27396329)|STATEMENT_EXECUTE|[168]
14:57:01.0 (27478146)|SYSTEM_MODE_ENTER|true
14:57:01.0 (28115610)|SYSTEM_MODE_ENTER|true
14:57:01.0 (28157169)|HEAP_ALLOCATE|[EXTERNAL]|Bytes:48
14:57:01.0 (28166019)|VARIABLE_SCOPE_BEGIN|[173]|this|docappcontroller|true|false
14:57:01.0 (28204209)|VARIABLE_ASSIGNMENT|[173]|this|{"aptdum":"0x3ae63551","Docdum":"0x50097063","Docmap":"0x5f26a943","Initialselected":4,"Selecteddoc":"a260H000001koYjQAI","SelectedtimeSlot":30,"timelist":"0x4b2c0a37","timeset":"0x632b25ce","timewraplist":"0x3a907549","timewraplistInitial":"0x3a907549"}|0x2ea17b44
14:57:01.0 (28215500)|STATEMENT_EXECUTE|[173]
14:57:01.0 (28217573)|STATEMENT_EXECUTE|[175]
14:57:01.0 (28226997)|HEAP_ALLOCATE|[175]|Bytes:4
14:57:01.0 (28249066)|VARIABLE_SCOPE_BEGIN|[175]|options|List<System.SelectOption>|true|false
14:57:01.0 (28269370)|HEAP_ALLOCATE|[EXTERNAL]|Bytes:4
14:57:01.0 (28277483)|VARIABLE_ASSIGNMENT|[175]|options|[]|0x795c8bf8
14:57:01.0 (28283014)|STATEMENT_EXECUTE|[176]
14:57:01.0 (28319096)|HEAP_ALLOCATE|[EXTERNAL]|Bytes:4
14:57:01.0 (28327419)|STATEMENT_EXECUTE|[179]
14:57:01.0 (28331977)|HEAP_ALLOCATE|[179]|Bytes:2
14:57:01.0 (28353395)|HEAP_ALLOCATE|[EXTERNAL]|Bytes:4
14:57:01.0 (28360122)|STATEMENT_EXECUTE|[180]
14:57:01.0 (28363810)|HEAP_ALLOCATE|[180]|Bytes:2
14:57:01.0 (28381765)|HEAP_ALLOCATE|[EXTERNAL]|Bytes:4
14:57:01.0 (28387891)|STATEMENT_EXECUTE|[185]
14:57:01.0 (28457532)|SYSTEM_MODE_ENTER|true
14:57:01.31 (31256370)|SYSTEM_MODE_ENTER|true
14:57:01.31 (31312008)|HEAP_ALLOCATE|[EXTERNAL]|Bytes:8
14:57:01.31 (31320549)|VARIABLE_SCOPE_BEGIN|[88]|this|ApexPage.PageMessagesComponentController|true|false
14:57:01.31 (31342910)|VARIABLE_ASSIGNMENT|[88]|this|{}|0x5825cef0
14:57:01.31 (31349223)|VARIABLE_SCOPE_BEGIN|[88]|escape|Boolean|false|false
14:57:01.31 (31357160)|VARIABLE_ASSIGNMENT|[88]|escape|null
14:57:01.0 (31532899)|SYSTEM_MODE_ENTER|true
14:57:01.0 (31559404)|HEAP_ALLOCATE|[EXTERNAL]|Bytes:18
14:57:01.0 (31565317)|HEAP_ALLOCATE|[EXTERNAL]|Bytes:48
14:57:01.0 (31587282)|VARIABLE_ASSIGNMENT|[EXTERNAL]|this.Selecteddoc|"a260H000001koYjQAI"|0x2ea17b44
14:57:01.0 (31635674)|SYSTEM_MODE_ENTER|true
14:57:01.0 (31772892)|SYSTEM_MODE_ENTER|true
14:57:01.0 (31943339)|HEAP_ALLOCATE|[EXTERNAL]|Bytes:5
14:57:01.0 (31952074)|HEAP_ALLOCATE|[EXTERNAL]|Bytes:12
14:57:01.0 (31964045)|VARIABLE_ASSIGNMENT|[EXTERNAL]|this.selected|false|0x59cea28e
14:57:01.0 (32013452)|HEAP_ALLOCATE|[EXTERNAL]|Bytes:5
14:57:01.0 (32018864)|HEAP_ALLOCATE|[EXTERNAL]|Bytes:12
14:57:01.0 (32025380)|VARIABLE_ASSIGNMENT|[EXTERNAL]|this.selected|false|0x58ca4de2
14:57:01.0 (32066546)|HEAP_ALLOCATE|[EXTERNAL]|Bytes:5
14:57:01.0 (32071298)|HEAP_ALLOCATE|[EXTERNAL]|Bytes:12
14:57:01.0 (32077182)|VARIABLE_ASSIGNMENT|[EXTERNAL]|this.selected|false|0x739c897e
14:57:01.0 (32116323)|HEAP_ALLOCATE|[EXTERNAL]|Bytes:5
14:57:01.0 (32120860)|HEAP_ALLOCATE|[EXTERNAL]|Bytes:12
14:57:01.0 (32126575)|VARIABLE_ASSIGNMENT|[EXTERNAL]|this.selected|true|0x4a9f8079
14:57:01.0 (32165871)|HEAP_ALLOCATE|[EXTERNAL]|Bytes:5
14:57:01.0 (32170279)|HEAP_ALLOCATE|[EXTERNAL]|Bytes:12
14:57:01.0 (32176474)|VARIABLE_ASSIGNMENT|[EXTERNAL]|this.selected|false|0x66e98176
14:57:01.0 (32216324)|HEAP_ALLOCATE|[EXTERNAL]|Bytes:5
14:57:01.0 (32221341)|HEAP_ALLOCATE|[EXTERNAL]|Bytes:12
14:57:01.0 (32227127)|VARIABLE_ASSIGNMENT|[EXTERNAL]|this.selected|false|0x6c466514
14:57:01.0 (32283267)|HEAP_ALLOCATE|[EXTERNAL]|Bytes:5
14:57:01.0 (32288110)|HEAP_ALLOCATE|[EXTERNAL]|Bytes:12
14:57:01.0 (32294299)|VARIABLE_ASSIGNMENT|[EXTERNAL]|this.selected|false|0x752acb9a
14:57:01.0 (32333642)|HEAP_ALLOCATE|[EXTERNAL]|Bytes:5
14:57:01.0 (32338387)|HEAP_ALLOCATE|[EXTERNAL]|Bytes:12
14:57:01.0 (32344158)|VARIABLE_ASSIGNMENT|[EXTERNAL]|this.selected|false|0x58c5caa8
14:57:01.0 (32383391)|HEAP_ALLOCATE|[EXTERNAL]|Bytes:5
14:57:01.0 (32388043)|HEAP_ALLOCATE|[EXTERNAL]|Bytes:12
14:57:01.0 (32394344)|VARIABLE_ASSIGNMENT|[EXTERNAL]|this.selected|false|0x19d91b1f
14:57:01.0 (32434415)|HEAP_ALLOCATE|[EXTERNAL]|Bytes:5
14:57:01.0 (32439399)|HEAP_ALLOCATE|[EXTERNAL]|Bytes:12
14:57:01.0 (32445396)|VARIABLE_ASSIGNMENT|[EXTERNAL]|this.selected|false|0xa1f05f9
14:57:01.0 (32484794)|HEAP_ALLOCATE|[EXTERNAL]|Bytes:5
14:57:01.0 (32489313)|HEAP_ALLOCATE|[EXTERNAL]|Bytes:12
14:57:01.0 (32496213)|VARIABLE_ASSIGNMENT|[EXTERNAL]|this.selected|false|0x29ca693b
14:57:01.0 (32535030)|SYSTEM_MODE_ENTER|true
14:57:01.0 (32550057)|HEAP_ALLOCATE|[EXTERNAL]|Bytes:8
14:57:01.0 (32554183)|HEAP_ALLOCATE|[EXTERNAL]|Bytes:48
14:57:01.0 (32561190)|VARIABLE_ASSIGNMENT|[EXTERNAL]|this.SelectedtimeSlot|30|0x2ea17b44
14:57:01.0 (32595285)|SYSTEM_MODE_ENTER|true
14:57:01.0 (32820627)|HEAP_ALLOCATE|[EXTERNAL]|Bytes:48
14:57:01.0 (32830584)|VARIABLE_SCOPE_BEGIN|[11]|this|docappcontroller|true|false
14:57:01.0 (32868309)|VARIABLE_ASSIGNMENT|[11]|this|{"aptdum":"0x3ae63551","Docdum":"0x50097063","Docmap":"0x5f26a943","Initialselected":4,"Selecteddoc":"a260H000001koYjQAI","SelectedtimeSlot":30,"timelist":"0x4b2c0a37","timeset":"0x632b25ce","timewraplist":"0x3a907549","timewraplistInitial":"0x3a907549"}|0x2ea17b44
14:57:01.0 (32880123)|STATEMENT_EXECUTE|[11]
14:57:01.0 (32882735)|STATEMENT_EXECUTE|[12]
14:57:01.0 (32888066)|VARIABLE_SCOPE_BEGIN|[12]|counter|Integer|false|false
14:57:01.0 (32896002)|HEAP_ALLOCATE|[12]|Bytes:4
14:57:01.0 (32902728)|VARIABLE_ASSIGNMENT|[12]|counter|0
14:57:01.0 (32954586)|VARIABLE_ASSIGNMENT|[EXTERNAL]|this|{"aptdum":"0x3ae63551","Docdum":"0x50097063","Docmap":"0x5f26a943","Initialselected":4,"Selecteddoc":"a260H000001koYjQAI","SelectedtimeSlot":30,"timelist":"0x4b2c0a37","timeset":"0x632b25ce","timewraplist":"0x3a907549","timewraplistInitial":"0x3a907549"}|0x2ea17b44
14:57:01.0 (33051159)|HEAP_ALLOCATE|[13]|Bytes:5
14:57:01.0 (33065547)|HEAP_ALLOCATE|[13]|Bytes:12
14:57:01.0 (33072352)|VARIABLE_SCOPE_BEGIN|[13]|wt|docappcontroller.Wrapertimeslot|true|false
14:57:01.0 (33105343)|VARIABLE_ASSIGNMENT|[13]|wt|{"selected":false,"t":43200000}|0x59cea28e
14:57:01.0 (33112687)|STATEMENT_EXECUTE|[13]
14:57:01.0 (33141923)|VARIABLE_ASSIGNMENT|[EXTERNAL]|this|{"selected":false,"t":43200000}|0x59cea28e
14:57:01.0 (33154244)|STATEMENT_EXECUTE|[14]
14:57:01.0 (33162702)|HEAP_ALLOCATE|[13]|Bytes:5
14:57:01.0 (33170322)|HEAP_ALLOCATE|[13]|Bytes:12
14:57:01.0 (33175583)|VARIABLE_SCOPE_BEGIN|[13]|wt|docappcontroller.Wrapertimeslot|true|false
14:57:01.0 (33190914)|VARIABLE_ASSIGNMENT|[13]|wt|{"selected":false,"t":45000000}|0x58ca4de2
14:57:01.0 (33197443)|STATEMENT_EXECUTE|[13]
14:57:01.0 (33210257)|VARIABLE_ASSIGNMENT|[EXTERNAL]|this|{"selected":false,"t":45000000}|0x58ca4de2
14:57:01.0 (33219011)|STATEMENT_EXECUTE|[14]
14:57:01.0 (33224922)|HEAP_ALLOCATE|[13]|Bytes:5
14:57:01.0 (33231703)|HEAP_ALLOCATE|[13]|Bytes:12
14:57:01.0 (33236316)|VARIABLE_SCOPE_BEGIN|[13]|wt|docappcontroller.Wrapertimeslot|true|false
14:57:01.0 (33250120)|VARIABLE_ASSIGNMENT|[13]|wt|{"selected":false,"t":46800000}|0x739c897e
14:57:01.0 (33255483)|STATEMENT_EXECUTE|[13]
14:57:01.0 (33267066)|VARIABLE_ASSIGNMENT|[EXTERNAL]|this|{"selected":false,"t":46800000}|0x739c897e
14:57:01.0 (33274675)|STATEMENT_EXECUTE|[14]
14:57:01.0 (33280539)|HEAP_ALLOCATE|[13]|Bytes:5
14:57:01.0 (33286851)|HEAP_ALLOCATE|[13]|Bytes:12
14:57:01.0 (33291270)|VARIABLE_SCOPE_BEGIN|[13]|wt|docappcontroller.Wrapertimeslot|true|false
14:57:01.0 (33305314)|VARIABLE_ASSIGNMENT|[13]|wt|{"selected":true,"t":48600000}|0x4a9f8079
14:57:01.0 (33310873)|STATEMENT_EXECUTE|[13]
14:57:01.0 (33322515)|VARIABLE_ASSIGNMENT|[EXTERNAL]|this|{"selected":true,"t":48600000}|0x4a9f8079
14:57:01.0 (33330584)|STATEMENT_EXECUTE|[14]
14:57:01.0 (33332262)|STATEMENT_EXECUTE|[15]
14:57:01.0 (33335346)|HEAP_ALLOCATE|[15]|Bytes:4
14:57:01.0 (33342396)|VARIABLE_ASSIGNMENT|[15]|counter|1
14:57:01.0 (33351202)|HEAP_ALLOCATE|[13]|Bytes:5
14:57:01.0 (33357864)|HEAP_ALLOCATE|[13]|Bytes:12
14:57:01.0 (33362351)|VARIABLE_SCOPE_BEGIN|[13]|wt|docappcontroller.Wrapertimeslot|true|false
14:57:01.0 (33375932)|VARIABLE_ASSIGNMENT|[13]|wt|{"selected":false,"t":50400000}|0x66e98176
14:57:01.0 (33380987)|STATEMENT_EXECUTE|[13]
14:57:01.0 (33392554)|VARIABLE_ASSIGNMENT|[EXTERNAL]|this|{"selected":false,"t":50400000}|0x66e98176
14:57:01.0 (33400007)|STATEMENT_EXECUTE|[14]
14:57:01.0 (33405858)|HEAP_ALLOCATE|[13]|Bytes:5
14:57:01.0 (33412400)|HEAP_ALLOCATE|[13]|Bytes:12
14:57:01.0 (33416854)|VARIABLE_SCOPE_BEGIN|[13]|wt|docappcontroller.Wrapertimeslot|true|false
14:57:01.0 (33433831)|VARIABLE_ASSIGNMENT|[13]|wt|{"selected":false,"t":52200000}|0x6c466514
14:57:01.0 (33439546)|STATEMENT_EXECUTE|[13]
14:57:01.0 (33451227)|VARIABLE_ASSIGNMENT|[EXTERNAL]|this|{"selected":false,"t":52200000}|0x6c466514
14:57:01.0 (33459563)|STATEMENT_EXECUTE|[14]
14:57:01.0 (33465516)|HEAP_ALLOCATE|[13]|Bytes:5
14:57:01.0 (33472127)|HEAP_ALLOCATE|[13]|Bytes:12
14:57:01.0 (33476800)|VARIABLE_SCOPE_BEGIN|[13]|wt|docappcontroller.Wrapertimeslot|true|false
14:57:01.0 (33490102)|VARIABLE_ASSIGNMENT|[13]|wt|{"selected":true,"t":54000000}|0x7b06d69b
14:57:01.0 (33495604)|STATEMENT_EXECUTE|[13]
14:57:01.0 (33507226)|VARIABLE_ASSIGNMENT|[EXTERNAL]|this|{"selected":true,"t":54000000}|0x7b06d69b
14:57:01.0 (33515358)|STATEMENT_EXECUTE|[14]
14:57:01.0 (33516855)|STATEMENT_EXECUTE|[15]
14:57:01.0 (33518676)|HEAP_ALLOCATE|[15]|Bytes:4
14:57:01.0 (33524058)|VARIABLE_ASSIGNMENT|[15]|counter|2
14:57:01.0 (33532425)|HEAP_ALLOCATE|[13]|Bytes:5
14:57:01.0 (33539294)|HEAP_ALLOCATE|[13]|Bytes:12
14:57:01.0 (33543728)|VARIABLE_SCOPE_BEGIN|[13]|wt|docappcontroller.Wrapertimeslot|true|false
14:57:01.0 (33557478)|VARIABLE_ASSIGNMENT|[13]|wt|{"selected":true,"t":55800000}|0x4d2c0dca
14:57:01.0 (33562892)|STATEMENT_EXECUTE|[13]
14:57:01.0 (33574535)|VARIABLE_ASSIGNMENT|[EXTERNAL]|this|{"selected":true,"t":55800000}|0x4d2c0dca
14:57:01.0 (33582501)|STATEMENT_EXECUTE|[14]
14:57:01.0 (33584029)|STATEMENT_EXECUTE|[15]
14:57:01.0 (33585738)|HEAP_ALLOCATE|[15]|Bytes:4
14:57:01.0 (33590964)|VARIABLE_ASSIGNMENT|[15]|counter|3
14:57:01.0 (33599689)|HEAP_ALLOCATE|[13]|Bytes:5
14:57:01.0 (33606133)|HEAP_ALLOCATE|[13]|Bytes:12
14:57:01.0 (33616177)|VARIABLE_SCOPE_BEGIN|[13]|wt|docappcontroller.Wrapertimeslot|true|false
14:57:01.0 (33630516)|VARIABLE_ASSIGNMENT|[13]|wt|{"selected":true,"t":57600000}|0x6764c728
14:57:01.0 (33635973)|STATEMENT_EXECUTE|[13]
14:57:01.0 (33647866)|VARIABLE_ASSIGNMENT|[EXTERNAL]|this|{"selected":true,"t":57600000}|0x6764c728
14:57:01.0 (33655865)|STATEMENT_EXECUTE|[14]
14:57:01.0 (33657398)|STATEMENT_EXECUTE|[15]
14:57:01.0 (33659157)|HEAP_ALLOCATE|[15]|Bytes:4
14:57:01.0 (33664098)|VARIABLE_ASSIGNMENT|[15]|counter|4
14:57:01.0 (33672326)|HEAP_ALLOCATE|[13]|Bytes:5
14:57:01.0 (33679078)|HEAP_ALLOCATE|[13]|Bytes:12
14:57:01.0 (33683291)|VARIABLE_SCOPE_BEGIN|[13]|wt|docappcontroller.Wrapertimeslot|true|false
14:57:01.0 (33697547)|VARIABLE_ASSIGNMENT|[13]|wt|{"selected":true,"t":59400000}|0x38d56015
14:57:01.0 (33702632)|STATEMENT_EXECUTE|[13]
14:57:01.0 (33714620)|VARIABLE_ASSIGNMENT|[EXTERNAL]|this|{"selected":true,"t":59400000}|0x38d56015
14:57:01.0 (33722984)|STATEMENT_EXECUTE|[14]
14:57:01.0 (33724507)|STATEMENT_EXECUTE|[15]
14:57:01.0 (33726134)|HEAP_ALLOCATE|[15]|Bytes:4
14:57:01.0 (33731115)|VARIABLE_ASSIGNMENT|[15]|counter|5
14:57:01.0 (33739828)|HEAP_ALLOCATE|[13]|Bytes:5
14:57:01.0 (33746632)|HEAP_ALLOCATE|[13]|Bytes:12
14:57:01.0 (33751055)|VARIABLE_SCOPE_BEGIN|[13]|wt|docappcontroller.Wrapertimeslot|true|false
14:57:01.0 (33764947)|VARIABLE_ASSIGNMENT|[13]|wt|{"selected":false,"t":61200000}|0x752acb9a
14:57:01.0 (33770118)|STATEMENT_EXECUTE|[13]
14:57:01.0 (33781709)|VARIABLE_ASSIGNMENT|[EXTERNAL]|this|{"selected":false,"t":61200000}|0x752acb9a
14:57:01.0 (33789538)|STATEMENT_EXECUTE|[14]
14:57:01.0 (33795619)|HEAP_ALLOCATE|[13]|Bytes:5
14:57:01.0 (33802077)|HEAP_ALLOCATE|[13]|Bytes:12
14:57:01.0 (33806901)|VARIABLE_SCOPE_BEGIN|[13]|wt|docappcontroller.Wrapertimeslot|true|false
14:57:01.0 (33819625)|VARIABLE_ASSIGNMENT|[13]|wt|{"selected":false,"t":63000000}|0x58c5caa8
14:57:01.0 (33824782)|STATEMENT_EXECUTE|[13]
14:57:01.0 (33836154)|VARIABLE_ASSIGNMENT|[EXTERNAL]|this|{"selected":false,"t":63000000}|0x58c5caa8
14:57:01.0 (33844010)|STATEMENT_EXECUTE|[14]
14:57:01.0 (33849644)|HEAP_ALLOCATE|[13]|Bytes:5
14:57:01.0 (33856570)|HEAP_ALLOCATE|[13]|Bytes:12
14:57:01.0 (33861351)|VARIABLE_SCOPE_BEGIN|[13]|wt|docappcontroller.Wrapertimeslot|true|false
14:57:01.0 (33875106)|VARIABLE_ASSIGNMENT|[13]|wt|{"selected":false,"t":64800000}|0x19d91b1f
14:57:01.0 (33880244)|STATEMENT_EXECUTE|[13]
14:57:01.0 (33891844)|VARIABLE_ASSIGNMENT|[EXTERNAL]|this|{"selected":false,"t":64800000}|0x19d91b1f
14:57:01.0 (33899674)|STATEMENT_EXECUTE|[14]
14:57:01.0 (33905442)|HEAP_ALLOCATE|[13]|Bytes:5
14:57:01.0 (33911795)|HEAP_ALLOCATE|[13]|Bytes:12
14:57:01.0 (33916263)|VARIABLE_SCOPE_BEGIN|[13]|wt|docappcontroller.Wrapertimeslot|true|false
14:57:01.0 (33929305)|VARIABLE_ASSIGNMENT|[13]|wt|{"selected":false,"t":66600000}|0xa1f05f9
14:57:01.0 (33934466)|STATEMENT_EXECUTE|[13]
14:57:01.0 (33946040)|VARIABLE_ASSIGNMENT|[EXTERNAL]|this|{"selected":false,"t":66600000}|0xa1f05f9
14:57:01.0 (33954194)|STATEMENT_EXECUTE|[14]
14:57:01.0 (33960021)|HEAP_ALLOCATE|[13]|Bytes:5
14:57:01.0 (33966290)|HEAP_ALLOCATE|[13]|Bytes:12
14:57:01.0 (33970969)|VARIABLE_SCOPE_BEGIN|[13]|wt|docappcontroller.Wrapertimeslot|true|false
14:57:01.0 (33983720)|VARIABLE_ASSIGNMENT|[13]|wt|{"selected":false,"t":68400000}|0x29ca693b
14:57:01.0 (33988980)|STATEMENT_EXECUTE|[13]
14:57:01.0 (34000472)|VARIABLE_ASSIGNMENT|[EXTERNAL]|this|{"selected":false,"t":68400000}|0x29ca693b
14:57:01.0 (34009663)|STATEMENT_EXECUTE|[14]
14:57:01.0 (34015449)|HEAP_ALLOCATE|[13]|Bytes:5
14:57:01.0 (34023974)|VARIABLE_ASSIGNMENT|[13]|wt|null|
14:57:01.0 (34034575)|STATEMENT_EXECUTE|[20]
14:57:01.0 (34036230)|STATEMENT_EXECUTE|[21]
14:57:01.0 (34064562)|HEAP_ALLOCATE|[21]|Bytes:4
14:57:01.0 (34153277)|VARIABLE_SCOPE_BEGIN|[21]|a|Appointment__c|true|false
14:57:01.0 (34168394)|VARIABLE_ASSIGNMENT|[21]|a|{}|0x6cbfb405
14:57:01.0 (34214267)|VARIABLE_ASSIGNMENT|[EXTERNAL]|this|{"aptdum":"0x3ae63551","Docdum":"0x50097063","Docmap":"0x5f26a943","Initialselected":4,"Selecteddoc":"a260H000001koYjQAI","SelectedtimeSlot":30,"timelist":"0x4b2c0a37","timeset":"0x632b25ce","timewraplist":"0x3a907549","timewraplistInitial":"0x3a907549"}|0x2ea17b44
14:57:01.0 (34239816)|HEAP_ALLOCATE|[22]|Bytes:5
14:57:01.0 (34248326)|HEAP_ALLOCATE|[22]|Bytes:12
14:57:01.0 (34253599)|VARIABLE_SCOPE_BEGIN|[22]|wt|docappcontroller.Wrapertimeslot|true|false
14:57:01.0 (34270207)|VARIABLE_ASSIGNMENT|[22]|wt|{"selected":false,"t":43200000}|0x59cea28e
14:57:01.0 (34276175)|STATEMENT_EXECUTE|[22]
14:57:01.0 (34308922)|VARIABLE_ASSIGNMENT|[EXTERNAL]|this|{"selected":false,"t":43200000}|0x59cea28e
14:57:01.0 (34346366)|STATEMENT_EXECUTE|[23]
14:57:01.0 (34348482)|STATEMENT_EXECUTE|[25]
14:57:01.0 (34367067)|VARIABLE_ASSIGNMENT|[EXTERNAL]|this|{"selected":false,"t":43200000}|0x59cea28e
14:57:01.0 (34421852)|VARIABLE_ASSIGNMENT|[25]|this.Start_Time__c|43200000|0x6cbfb405
14:57:01.0 (34435843)|HEAP_ALLOCATE|[22]|Bytes:5
14:57:01.0 (34444579)|HEAP_ALLOCATE|[22]|Bytes:12
14:57:01.0 (34450216)|VARIABLE_SCOPE_BEGIN|[22]|wt|docappcontroller.Wrapertimeslot|true|false
14:57:01.0 (34466777)|VARIABLE_ASSIGNMENT|[22]|wt|{"selected":false,"t":45000000}|0x58ca4de2
14:57:01.0 (34472189)|STATEMENT_EXECUTE|[22]
14:57:01.0 (34485365)|VARIABLE_ASSIGNMENT|[EXTERNAL]|this|{"selected":false,"t":45000000}|0x58ca4de2
14:57:01.0 (34500405)|STATEMENT_EXECUTE|[23]
14:57:01.0 (34502048)|STATEMENT_EXECUTE|[25]
14:57:01.0 (34514268)|VARIABLE_ASSIGNMENT|[EXTERNAL]|this|{"selected":false,"t":45000000}|0x58ca4de2
14:57:01.0 (34547083)|VARIABLE_ASSIGNMENT|[25]|this.Start_Time__c|45000000|0x6cbfb405
14:57:01.0 (34559307)|HEAP_ALLOCATE|[22]|Bytes:5
14:57:01.0 (34567332)|HEAP_ALLOCATE|[22]|Bytes:12
14:57:01.0 (34572472)|VARIABLE_SCOPE_BEGIN|[22]|wt|docappcontroller.Wrapertimeslot|true|false
14:57:01.0 (34588502)|VARIABLE_ASSIGNMENT|[22]|wt|{"selected":false,"t":46800000}|0x739c897e
14:57:01.0 (34596708)|STATEMENT_EXECUTE|[22]
14:57:01.0 (34614428)|VARIABLE_ASSIGNMENT|[EXTERNAL]|this|{"selected":false,"t":46800000}|0x739c897e
14:57:01.0 (34629219)|STATEMENT_EXECUTE|[23]
14:57:01.0 (34630887)|STATEMENT_EXECUTE|[25]
14:57:01.0 (34643080)|VARIABLE_ASSIGNMENT|[EXTERNAL]|this|{"selected":false,"t":46800000}|0x739c897e
14:57:01.0 (34668634)|VARIABLE_ASSIGNMENT|[25]|this.Start_Time__c|46800000|0x6cbfb405
14:57:01.0 (34680380)|HEAP_ALLOCATE|[22]|Bytes:5
14:57:01.0 (34687805)|HEAP_ALLOCATE|[22]|Bytes:12
14:57:01.0 (34692797)|VARIABLE_SCOPE_BEGIN|[22]|wt|docappcontroller.Wrapertimeslot|true|false
14:57:01.0 (34708046)|VARIABLE_ASSIGNMENT|[22]|wt|{"selected":true,"t":48600000}|0x4a9f8079
14:57:01.0 (34713652)|STATEMENT_EXECUTE|[22]
14:57:01.0 (34726020)|VARIABLE_ASSIGNMENT|[EXTERNAL]|this|{"selected":true,"t":48600000}|0x4a9f8079
14:57:01.0 (34739499)|STATEMENT_EXECUTE|[23]
14:57:01.0 (34741159)|STATEMENT_EXECUTE|[25]
14:57:01.0 (34752517)|VARIABLE_ASSIGNMENT|[EXTERNAL]|this|{"selected":true,"t":48600000}|0x4a9f8079
14:57:01.0 (34776102)|VARIABLE_ASSIGNMENT|[25]|this.Start_Time__c|48600000|0x6cbfb405
14:57:01.0 (34787835)|HEAP_ALLOCATE|[22]|Bytes:5
14:57:01.0 (34795395)|HEAP_ALLOCATE|[22]|Bytes:12
14:57:01.0 (34800104)|VARIABLE_SCOPE_BEGIN|[22]|wt|docappcontroller.Wrapertimeslot|true|false
14:57:01.0 (34814703)|VARIABLE_ASSIGNMENT|[22]|wt|{"selected":false,"t":50400000}|0x66e98176
14:57:01.0 (34820183)|STATEMENT_EXECUTE|[22]
14:57:01.0 (34832571)|VARIABLE_ASSIGNMENT|[EXTERNAL]|this|{"selected":false,"t":50400000}|0x66e98176
14:57:01.0 (34846370)|STATEMENT_EXECUTE|[23]
14:57:01.0 (34847984)|STATEMENT_EXECUTE|[25]
14:57:01.0 (34859752)|VARIABLE_ASSIGNMENT|[EXTERNAL]|this|{"selected":false,"t":50400000}|0x66e98176
14:57:01.0 (34882594)|VARIABLE_ASSIGNMENT|[25]|this.Start_Time__c|50400000|0x6cbfb405
14:57:01.0 (34894038)|HEAP_ALLOCATE|[22]|Bytes:5
14:57:01.0 (34901330)|HEAP_ALLOCATE|[22]|Bytes:12
14:57:01.0 (34906119)|VARIABLE_SCOPE_BEGIN|[22]|wt|docappcontroller.Wrapertimeslot|true|false
14:57:01.0 (34920906)|VARIABLE_ASSIGNMENT|[22]|wt|{"selected":false,"t":52200000}|0x6c466514
14:57:01.0 (34926492)|STATEMENT_EXECUTE|[22]
14:57:01.0 (34938564)|VARIABLE_ASSIGNMENT|[EXTERNAL]|this|{"selected":false,"t":52200000}|0x6c466514
14:57:01.0 (34951642)|STATEMENT_EXECUTE|[23]
14:57:01.0 (34953243)|STATEMENT_EXECUTE|[25]
14:57:01.0 (34964620)|VARIABLE_ASSIGNMENT|[EXTERNAL]|this|{"selected":false,"t":52200000}|0x6c466514
14:57:01.0 (34987263)|VARIABLE_ASSIGNMENT|[25]|this.Start_Time__c|52200000|0x6cbfb405
14:57:01.0 (34998552)|HEAP_ALLOCATE|[22]|Bytes:5
14:57:01.0 (35006035)|HEAP_ALLOCATE|[22]|Bytes:12
14:57:01.0 (35011521)|VARIABLE_SCOPE_BEGIN|[22]|wt|docappcontroller.Wrapertimeslot|true|false
14:57:01.0 (35026586)|VARIABLE_ASSIGNMENT|[22]|wt|{"selected":true,"t":54000000}|0x7b06d69b
14:57:01.0 (35032646)|STATEMENT_EXECUTE|[22]
14:57:01.0 (35044676)|VARIABLE_ASSIGNMENT|[EXTERNAL]|this|{"selected":true,"t":54000000}|0x7b06d69b
14:57:01.0 (35057846)|STATEMENT_EXECUTE|[23]
14:57:01.0 (35064363)|HEAP_ALLOCATE|[22]|Bytes:5
14:57:01.0 (35071532)|HEAP_ALLOCATE|[22]|Bytes:12
14:57:01.0 (35076207)|VARIABLE_SCOPE_BEGIN|[22]|wt|docappcontroller.Wrapertimeslot|true|false
14:57:01.0 (35089770)|VARIABLE_ASSIGNMENT|[22]|wt|{"selected":true,"t":55800000}|0x4d2c0dca
14:57:01.0 (35095669)|STATEMENT_EXECUTE|[22]
14:57:01.0 (35107157)|VARIABLE_ASSIGNMENT|[EXTERNAL]|this|{"selected":true,"t":55800000}|0x4d2c0dca
14:57:01.0 (35119553)|STATEMENT_EXECUTE|[23]
14:57:01.0 (35125669)|HEAP_ALLOCATE|[22]|Bytes:5
14:57:01.0 (35132577)|HEAP_ALLOCATE|[22]|Bytes:12
14:57:01.0 (35137244)|VARIABLE_SCOPE_BEGIN|[22]|wt|docappcontroller.Wrapertimeslot|true|false
14:57:01.0 (35151250)|VARIABLE_ASSIGNMENT|[22]|wt|{"selected":true,"t":57600000}|0x6764c728
14:57:01.0 (35156419)|STATEMENT_EXECUTE|[22]
14:57:01.0 (35167985)|VARIABLE_ASSIGNMENT|[EXTERNAL]|this|{"selected":true,"t":57600000}|0x6764c728
14:57:01.0 (35180447)|STATEMENT_EXECUTE|[23]
14:57:01.0 (35186347)|HEAP_ALLOCATE|[22]|Bytes:5
14:57:01.0 (35192942)|HEAP_ALLOCATE|[22]|Bytes:12
14:57:01.0 (35197221)|VARIABLE_SCOPE_BEGIN|[22]|wt|docappcontroller.Wrapertimeslot|true|false
14:57:01.0 (35210669)|VARIABLE_ASSIGNMENT|[22]|wt|{"selected":true,"t":59400000}|0x38d56015
14:57:01.0 (35215704)|STATEMENT_EXECUTE|[22]
14:57:01.0 (35227551)|VARIABLE_ASSIGNMENT|[EXTERNAL]|this|{"selected":true,"t":59400000}|0x38d56015
14:57:01.0 (35239601)|STATEMENT_EXECUTE|[23]
14:57:01.0 (35245510)|HEAP_ALLOCATE|[22]|Bytes:5
14:57:01.0 (35252716)|HEAP_ALLOCATE|[22]|Bytes:12
14:57:01.0 (35257062)|VARIABLE_SCOPE_BEGIN|[22]|wt|docappcontroller.Wrapertimeslot|true|false
14:57:01.0 (35270658)|VARIABLE_ASSIGNMENT|[22]|wt|{"selected":false,"t":61200000}|0x752acb9a
14:57:01.0 (35276173)|STATEMENT_EXECUTE|[22]
14:57:01.0 (35287660)|VARIABLE_ASSIGNMENT|[EXTERNAL]|this|{"selected":false,"t":61200000}|0x752acb9a
14:57:01.0 (35299954)|STATEMENT_EXECUTE|[23]
14:57:01.0 (35301707)|STATEMENT_EXECUTE|[25]
14:57:01.0 (35312969)|VARIABLE_ASSIGNMENT|[EXTERNAL]|this|{"selected":false,"t":61200000}|0x752acb9a
14:57:01.0 (35335931)|VARIABLE_ASSIGNMENT|[25]|this.Start_Time__c|61200000|0x6cbfb405
14:57:01.0 (35347526)|HEAP_ALLOCATE|[22]|Bytes:5
14:57:01.0 (35354979)|HEAP_ALLOCATE|[22]|Bytes:12
14:57:01.0 (35360140)|VARIABLE_SCOPE_BEGIN|[22]|wt|docappcontroller.Wrapertimeslot|true|false
14:57:01.0 (35375184)|VARIABLE_ASSIGNMENT|[22]|wt|{"selected":false,"t":63000000}|0x58c5caa8
14:57:01.0 (35380535)|STATEMENT_EXECUTE|[22]
14:57:01.0 (35392438)|VARIABLE_ASSIGNMENT|[EXTERNAL]|this|{"selected":false,"t":63000000}|0x58c5caa8
14:57:01.0 (35405555)|STATEMENT_EXECUTE|[23]
14:57:01.0 (35407279)|STATEMENT_EXECUTE|[25]
14:57:01.0 (35418790)|VARIABLE_ASSIGNMENT|[EXTERNAL]|this|{"selected":false,"t":63000000}|0x58c5caa8
14:57:01.0 (35441591)|VARIABLE_ASSIGNMENT|[25]|this.Start_Time__c|63000000|0x6cbfb405
14:57:01.0 (35453177)|HEAP_ALLOCATE|[22]|Bytes:5
14:57:01.0 (35460650)|HEAP_ALLOCATE|[22]|Bytes:12
14:57:01.0 (35465463)|VARIABLE_SCOPE_BEGIN|[22]|wt|docappcontroller.Wrapertimeslot|true|false
14:57:01.0 (35480154)|VARIABLE_ASSIGNMENT|[22]|wt|{"selected":false,"t":64800000}|0x19d91b1f
14:57:01.0 (35485568)|STATEMENT_EXECUTE|[22]
14:57:01.0 (35497613)|VARIABLE_ASSIGNMENT|[EXTERNAL]|this|{"selected":false,"t":64800000}|0x19d91b1f
14:57:01.0 (35510634)|STATEMENT_EXECUTE|[23]
14:57:01.0 (35512321)|STATEMENT_EXECUTE|[25]
14:57:01.0 (35523437)|VARIABLE_ASSIGNMENT|[EXTERNAL]|this|{"selected":false,"t":64800000}|0x19d91b1f
14:57:01.0 (35545400)|VARIABLE_ASSIGNMENT|[25]|this.Start_Time__c|64800000|0x6cbfb405
14:57:01.0 (35556602)|HEAP_ALLOCATE|[22]|Bytes:5
14:57:01.0 (35563810)|HEAP_ALLOCATE|[22]|Bytes:12
14:57:01.0 (35569385)|VARIABLE_SCOPE_BEGIN|[22]|wt|docappcontroller.Wrapertimeslot|true|false
14:57:01.0 (35584262)|VARIABLE_ASSIGNMENT|[22]|wt|{"selected":false,"t":66600000}|0xa1f05f9
14:57:01.0 (35589771)|STATEMENT_EXECUTE|[22]
14:57:01.0 (35602007)|VARIABLE_ASSIGNMENT|[EXTERNAL]|this|{"selected":false,"t":66600000}|0xa1f05f9
14:57:01.0 (35618828)|STATEMENT_EXECUTE|[23]
14:57:01.0 (35620628)|STATEMENT_EXECUTE|[25]
14:57:01.0 (35632091)|VARIABLE_ASSIGNMENT|[EXTERNAL]|this|{"selected":false,"t":66600000}|0xa1f05f9
14:57:01.0 (35654285)|VARIABLE_ASSIGNMENT|[25]|this.Start_Time__c|66600000|0x6cbfb405
14:57:01.0 (35665937)|HEAP_ALLOCATE|[22]|Bytes:5
14:57:01.0 (35673923)|HEAP_ALLOCATE|[22]|Bytes:12
14:57:01.0 (35678487)|VARIABLE_SCOPE_BEGIN|[22]|wt|docappcontroller.Wrapertimeslot|true|false
14:57:01.0 (35692948)|VARIABLE_ASSIGNMENT|[22]|wt|{"selected":false,"t":68400000}|0x29ca693b
14:57:01.0 (35698352)|STATEMENT_EXECUTE|[22]
14:57:01.0 (35714014)|VARIABLE_ASSIGNMENT|[EXTERNAL]|this|{"selected":false,"t":68400000}|0x29ca693b
14:57:01.0 (35729042)|STATEMENT_EXECUTE|[23]
14:57:01.0 (35730636)|STATEMENT_EXECUTE|[25]
14:57:01.0 (35742444)|VARIABLE_ASSIGNMENT|[EXTERNAL]|this|{"selected":false,"t":68400000}|0x29ca693b
14:57:01.0 (35764976)|VARIABLE_ASSIGNMENT|[25]|this.Start_Time__c|68400000|0x6cbfb405
14:57:01.0 (35776108)|HEAP_ALLOCATE|[22]|Bytes:5
14:57:01.0 (35785933)|VARIABLE_ASSIGNMENT|[22]|wt|null|
14:57:01.0 (35844900)|VARIABLE_ASSIGNMENT|[EXTERNAL]|this|{"aptdum":"0x3ae63551","Docdum":"0x50097063","Docmap":"0x5f26a943","Initialselected":4,"Selecteddoc":"a260H000001koYjQAI","SelectedtimeSlot":30,"timelist":"0x4b2c0a37","timeset":"0x632b25ce","timewraplist":"0x3a907549","timewraplistInitial":"0x3a907549"}|0x2ea17b44
14:57:01.0 (35874307)|HEAP_ALLOCATE|[28]|Bytes:4
14:57:01.0 (35889349)|STATEMENT_EXECUTE|[28]
14:57:01.0 (35891149)|STATEMENT_EXECUTE|[29]
14:57:01.0 (35927956)|VARIABLE_ASSIGNMENT|[EXTERNAL]|this|{"aptdum":"0x3ae63551","Docdum":"0x50097063","Docmap":"0x5f26a943","Initialselected":4,"Selecteddoc":"a260H000001koYjQAI","SelectedtimeSlot":30,"timelist":"0x4b2c0a37","timeset":"0x632b25ce","timewraplist":"0x3a907549","timewraplistInitial":"0x3a907549"}|0x2ea17b44
14:57:01.0 (35946580)|HEAP_ALLOCATE|[29]|Bytes:4
14:57:01.0 (35976900)|VARIABLE_ASSIGNMENT|[29]|this.End_Time__c|70200000|0x6cbfb405
14:57:01.0 (35983216)|STATEMENT_EXECUTE|[30]
14:57:01.0 (36024173)|VARIABLE_ASSIGNMENT|[EXTERNAL]|this|{"aptdum":"0x3ae63551","Docdum":"0x50097063","Docmap":"0x5f26a943","Initialselected":4,"Selecteddoc":"a260H000001koYjQAI","SelectedtimeSlot":30,"timelist":"0x4b2c0a37","timeset":"0x632b25ce","timewraplist":"0x3a907549","timewraplistInitial":"0x3a907549"}|0x2ea17b44
14:57:01.0 (36082557)|VARIABLE_ASSIGNMENT|[30]|this.Patient__c|"a270H000006vXivQAE"|0x6cbfb405
14:57:01.0 (36088981)|STATEMENT_EXECUTE|[31]
14:57:01.0 (36131149)|VARIABLE_ASSIGNMENT|[EXTERNAL]|this|{"aptdum":"0x3ae63551","Docdum":"0x50097063","Docmap":"0x5f26a943","Initialselected":4,"Selecteddoc":"a260H000001koYjQAI","SelectedtimeSlot":30,"timelist":"0x4b2c0a37","timeset":"0x632b25ce","timewraplist":"0x3a907549","timewraplistInitial":"0x3a907549"}|0x2ea17b44
14:57:01.0 (36154215)|HEAP_ALLOCATE|[31]|Bytes:4
14:57:01.0 (36187287)|VARIABLE_ASSIGNMENT|[31]|this.Doctor__c|"a260H000001koYjQAI"|0x6cbfb405
14:57:01.0 (36193014)|STATEMENT_EXECUTE|[32]
14:57:01.0 (36227462)|VARIABLE_ASSIGNMENT|[EXTERNAL]|this|{"aptdum":"0x3ae63551","Docdum":"0x50097063","Docmap":"0x5f26a943","Initialselected":4,"Selecteddoc":"a260H000001koYjQAI","SelectedtimeSlot":30,"timelist":"0x4b2c0a37","timeset":"0x632b25ce","timewraplist":"0x3a907549","timewraplistInitial":"0x3a907549"}|0x2ea17b44
14:57:01.0 (36285306)|VARIABLE_ASSIGNMENT|[32]|this.Appointment_Date__c|"2018-04-17T00:00:00.000Z"|0x6cbfb405
14:57:01.0 (36291709)|STATEMENT_EXECUTE|[33]
14:57:01.0 (36314565)|HEAP_ALLOCATE|[33]|Bytes:8
14:57:01.0 (36338353)|DML_BEGIN|[33]|Op:Insert|Type:Appointment__c|Rows:1
14:57:01.0 (36377346)|HEAP_ALLOCATE|[EXTERNAL]|Bytes:8
14:57:01.0 (84747603)|DML_END|[33]
14:57:01.0 (84781542)|STATEMENT_EXECUTE|[34]
14:57:01.0 (84807911)|HEAP_ALLOCATE|[34]|Bytes:26
14:57:01.0 (84883165)|VARIABLE_SCOPE_BEGIN|[34]|m|ApexPages.Message|true|false
14:57:01.0 (85132316)|VARIABLE_ASSIGNMENT|[34]|m|"core.apexpages.framework.ApexPagesMessage@d3ac3a3a"|0x5756cb7e
14:57:01.0 (85141752)|STATEMENT_EXECUTE|[35]
14:57:01.0 (85311659)|VF_PAGE_MESSAGE|The Appointment is created
14:57:01.0 (85324020)|STATEMENT_EXECUTE|[51]
14:57:01.93 (93217361)|SYSTEM_MODE_ENTER|true
14:57:01.93 (93296130)|HEAP_ALLOCATE|[EXTERNAL]|Bytes:8
14:57:01.93 (93309673)|VARIABLE_SCOPE_BEGIN|[88]|this|ApexPage.PageMessagesComponentController|true|false
14:57:01.93 (93342099)|VARIABLE_ASSIGNMENT|[88]|this|{}|0x5825cef0
14:57:01.93 (93348700)|VARIABLE_SCOPE_BEGIN|[88]|escape|Boolean|false|false
14:57:01.93 (93357240)|VARIABLE_ASSIGNMENT|[88]|escape|null
14:57:01.93 (93461179)|SYSTEM_MODE_ENTER|true
14:57:01.93 (93494073)|HEAP_ALLOCATE|[EXTERNAL]|Bytes:8
14:57:01.93 (93500803)|VARIABLE_SCOPE_BEGIN|[2]|this|ApexPage.PageMessagesComponentController|true|false
14:57:01.93 (93518651)|VARIABLE_ASSIGNMENT|[2]|this|{}|0x5825cef0
14:57:01.94 (94765226)|SYSTEM_MODE_ENTER|true
14:57:01.94 (94801703)|HEAP_ALLOCATE|[EXTERNAL]|Bytes:120
14:57:01.94 (94808715)|HEAP_ALLOCATE|[EXTERNAL]|Bytes:10
14:57:01.94 (94817261)|SYSTEM_METHOD_ENTRY|[1]|pagemessagecomponentcontroller.pagemessagecomponentcontroller()
14:57:01.94 (94821701)|STATEMENT_EXECUTE|[1]
14:57:01.94 (94942601)|SYSTEM_MODE_ENTER|true
14:57:01.94 (94980145)|HEAP_ALLOCATE|[EXTERNAL]|Bytes:8
14:57:01.94 (94987825)|VARIABLE_SCOPE_BEGIN|[84]|this|ApexPage.PageMessagesComponentController|true|false
14:57:01.94 (95007770)|VARIABLE_ASSIGNMENT|[84]|this|{}|0x5825cef0
14:57:01.95 (95076220)|SYSTEM_MODE_ENTER|true
14:57:01.95 (95123511)|HEAP_ALLOCATE|[EXTERNAL]|Bytes:16
14:57:01.95 (95130231)|HEAP_ALLOCATE|[EXTERNAL]|Bytes:5
14:57:01.95 (95135179)|VARIABLE_SCOPE_BEGIN|[9]|this|ApexPage.pagemessagecomponentcontroller|true|false
14:57:01.95 (95157787)|VARIABLE_ASSIGNMENT|[9]|this|{}|0x10e86af7
14:57:01.95 (95166665)|VARIABLE_SCOPE_BEGIN|[9]|escape|Boolean|false|false
14:57:01.95 (95175057)|VARIABLE_ASSIGNMENT|[9]|escape|true
14:57:01.95 (95300940)|SYSTEM_MODE_ENTER|true
14:57:01.95 (95329672)|HEAP_ALLOCATE|[EXTERNAL]|Bytes:4
14:57:01.95 (95334388)|HEAP_ALLOCATE|[EXTERNAL]|Bytes:16
14:57:01.95 (95348407)|VARIABLE_ASSIGNMENT|[EXTERNAL]|this.conSeverity|"INFO"|0x10e86af7
14:57:01.95 (95402261)|SYSTEM_MODE_ENTER|true
14:57:01.95 (95419774)|HEAP_ALLOCATE|[EXTERNAL]|Bytes:8
14:57:01.95 (95423727)|HEAP_ALLOCATE|[EXTERNAL]|Bytes:16
14:57:01.95 (95433907)|VARIABLE_ASSIGNMENT|[EXTERNAL]|this.conStrength|2|0x10e86af7
14:57:01.95 (95572405)|HEAP_ALLOCATE|[EXTERNAL]|Bytes:28
14:57:01.95 (95617424)|VARIABLE_ASSIGNMENT|[EXTERNAL]|this|{"messages":"0x292fa7d6","severity":"INFO"}|0x39de2c91
14:57:01.0 (95770188)|SYSTEM_MODE_ENTER|true
14:57:01.0 (96203911)|SYSTEM_MODE_ENTER|true
14:57:01.0 (96504788)|SYSTEM_MODE_ENTER|true
14:57:01.0 (96562824)|SYSTEM_MODE_ENTER|true
14:57:01.99 (99373964)|SYSTEM_MODE_ENTER|true
14:57:01.99 (99424625)|HEAP_ALLOCATE|[EXTERNAL]|Bytes:8
14:57:01.99 (99432642)|VARIABLE_SCOPE_BEGIN|[88]|this|ApexPage.PageMessagesComponentController|true|false
14:57:01.99 (99454762)|VARIABLE_ASSIGNMENT|[88]|this|{}|0x5825cef0
14:57:01.99 (99460783)|VARIABLE_SCOPE_BEGIN|[88]|escape|Boolean|false|false
14:57:01.99 (99467992)|VARIABLE_ASSIGNMENT|[88]|escape|null
14:57:01.99 (99576952)|SYSTEM_MODE_ENTER|true
14:57:01.99 (99607597)|HEAP_ALLOCATE|[EXTERNAL]|Bytes:8
14:57:01.99 (99619924)|VARIABLE_SCOPE_BEGIN|[2]|this|ApexPage.PageMessagesComponentController|true|false
14:57:01.99 (99637633)|VARIABLE_ASSIGNMENT|[2]|this|{}|0x5825cef0
14:57:01.100 (100235037)|SYSTEM_MODE_ENTER|true
14:57:01.100 (100287738)|HEAP_ALLOCATE|[EXTERNAL]|Bytes:8
14:57:01.100 (100295264)|VARIABLE_SCOPE_BEGIN|[84]|this|ApexPage.PageMessagesComponentController|true|false
14:57:01.100 (100315467)|VARIABLE_ASSIGNMENT|[84]|this|{}|0x5825cef0
14:57:01.100 (100380188)|SYSTEM_MODE_ENTER|true
14:57:01.100 (100419052)|HEAP_ALLOCATE|[EXTERNAL]|Bytes:16
14:57:01.100 (100425592)|HEAP_ALLOCATE|[EXTERNAL]|Bytes:5
14:57:01.100 (100430109)|VARIABLE_SCOPE_BEGIN|[9]|this|ApexPage.pagemessagecomponentcontroller|true|false
14:57:01.100 (100454635)|VARIABLE_ASSIGNMENT|[9]|this|{"conSeverity":"INFO","conStrength":2,"escape":true}|0x10e86af7
14:57:01.100 (100460775)|VARIABLE_SCOPE_BEGIN|[9]|escape|Boolean|false|false
14:57:01.100 (100468243)|VARIABLE_ASSIGNMENT|[9]|escape|true
14:57:01.100 (100561932)|SYSTEM_MODE_ENTER|true
14:57:01.100 (100582704)|HEAP_ALLOCATE|[EXTERNAL]|Bytes:4
14:57:01.100 (100587649)|HEAP_ALLOCATE|[EXTERNAL]|Bytes:16
14:57:01.100 (100597278)|VARIABLE_ASSIGNMENT|[EXTERNAL]|this.conSeverity|"INFO"|0x10e86af7
14:57:01.100 (100642804)|SYSTEM_MODE_ENTER|true
14:57:01.100 (100659404)|HEAP_ALLOCATE|[EXTERNAL]|Bytes:8
14:57:01.100 (100663329)|HEAP_ALLOCATE|[EXTERNAL]|Bytes:16
14:57:01.100 (100672176)|VARIABLE_ASSIGNMENT|[EXTERNAL]|this.conStrength|2|0x10e86af7
14:57:01.100 (100766577)|SYSTEM_MODE_ENTER|true
14:57:01.100 (100800911)|HEAP_ALLOCATE|[EXTERNAL]|Bytes:16
14:57:01.100 (100808695)|VARIABLE_SCOPE_BEGIN|[13]|this|ApexPage.pagemessagecomponentcontroller|true|false
14:57:01.100 (100832367)|VARIABLE_ASSIGNMENT|[13]|this|{"conSeverity":"INFO","conStrength":2,"escape":true}|0x10e86af7
14:57:01.101 (101358328)|HEAP_ALLOCATE|[EXTERNAL]|Bytes:28
14:57:01.101 (101371986)|VARIABLE_SCOPE_BEGIN|[38]|this|ApexPage.PageMessagesComponentController.severityMessages|true|false
14:57:01.101 (101401339)|VARIABLE_ASSIGNMENT|[38]|this|{"messages":"0x44a97c71","severity":"INFO"}|0x224784bf
14:57:01.101 (101750489)|SYSTEM_MODE_ENTER|true
14:57:01.101 (101792271)|HEAP_ALLOCATE|[EXTERNAL]|Bytes:16
14:57:01.101 (101803359)|VARIABLE_SCOPE_BEGIN|[5]|this|ApexPage.pagemessagecomponentcontroller|true|false
14:57:01.101 (101828414)|VARIABLE_ASSIGNMENT|[5]|this|{"conSeverity":"INFO","conStrength":2,"escape":true}|0x10e86af7
14:57:01.101 (101955000)|HEAP_ALLOCATE|[EXTERNAL]|Bytes:28
14:57:01.101 (101985218)|VARIABLE_ASSIGNMENT|[EXTERNAL]|this|{"messages":"0x44a97c71","severity":"INFO"}|0x224784bf
14:57:01.102 (102084762)|HEAP_ALLOCATE|[EXTERNAL]|Bytes:28
14:57:01.102 (102113366)|VARIABLE_ASSIGNMENT|[EXTERNAL]|this|{"messages":"0x44a97c71","severity":"INFO"}|0x224784bf
14:57:01.0 (103936689)|SYSTEM_MODE_ENTER|true
14:57:01.0 (103979964)|HEAP_ALLOCATE|[EXTERNAL]|Bytes:48
14:57:01.0 (103988587)|VARIABLE_SCOPE_BEGIN|[156]|this|docappcontroller|true|false
14:57:01.0 (104031745)|VARIABLE_ASSIGNMENT|[156]|this|{"aptdum":"0x3ae63551","Docdum":"0x50097063","Docmap":"0x5f26a943","Initialselected":4,"Selecteddoc":"a260H000001koYjQAI","SelectedtimeSlot":30,"timelist":"0x4b2c0a37","timeset":"0x632b25ce","timewraplist":"0x3a907549","timewraplistInitial":"0x3a907549"}|0x2ea17b44
14:57:01.0 (104044157)|STATEMENT_EXECUTE|[156]
14:57:01.0 (104046263)|STATEMENT_EXECUTE|[158]
14:57:01.0 (104059135)|HEAP_ALLOCATE|[158]|Bytes:4
14:57:01.0 (104076617)|VARIABLE_SCOPE_BEGIN|[158]|options|List<System.SelectOption>|true|false
14:57:01.0 (104097841)|HEAP_ALLOCATE|[EXTERNAL]|Bytes:4
14:57:01.0 (104108927)|VARIABLE_ASSIGNMENT|[158]|options|[]|0x58b455c0
14:57:01.0 (104114352)|STATEMENT_EXECUTE|[159]
14:57:01.0 (104131831)|HEAP_ALLOCATE|[EXTERNAL]|Bytes:4
14:57:01.0 (104170968)|VARIABLE_ASSIGNMENT|[EXTERNAL]|this|{"aptdum":"0x3ae63551","Docdum":"0x50097063","Docmap":"0x5f26a943","Initialselected":4,"Selecteddoc":"a260H000001koYjQAI","SelectedtimeSlot":30,"timelist":"0x4b2c0a37","timeset":"0x632b25ce","timewraplist":"0x3a907549","timewraplistInitial":"0x3a907549"}|0x2ea17b44
14:57:01.0 (104189702)|STATEMENT_EXECUTE|[160]
14:57:01.0 (104217003)|VARIABLE_ASSIGNMENT|[EXTERNAL]|this|{"aptdum":"0x3ae63551","Docdum":"0x50097063","Docmap":"0x5f26a943","Initialselected":4,"Selecteddoc":"a260H000001koYjQAI","SelectedtimeSlot":30,"timelist":"0x4b2c0a37","timeset":"0x632b25ce","timewraplist":"0x3a907549","timewraplistInitial":"0x3a907549"}|0x2ea17b44
14:57:01.0 (104238109)|HEAP_ALLOCATE|[EXTERNAL]|Bytes:12
14:57:01.0 (104256146)|HEAP_ALLOCATE|[161]|Bytes:237
14:57:01.0 (104277671)|HEAP_ALLOCATE|[161]|Bytes:5
14:57:01.0 (104292541)|HEAP_ALLOCATE|[161]|Bytes:24
14:57:01.0 (104301042)|VARIABLE_SCOPE_BEGIN|[161]|doc|Doctor__c|true|false
14:57:01.0 (104325585)|VARIABLE_ASSIGNMENT|[161]|doc|{"Id":"a260H000001koYjQAI","Name":"doc 2","End_Time__c":68400000,"Speciality__c":"General Surgery","Start_Time__c":43200000}|0x37b990f5
14:57:01.0 (104332723)|STATEMENT_EXECUTE|[161]
14:57:01.0 (104334395)|STATEMENT_EXECUTE|[162]
14:57:01.0 (104351984)|HEAP_ALLOCATE|[162]|Bytes:18
14:57:01.0 (104366479)|HEAP_ALLOCATE|[EXTERNAL]|Bytes:4
14:57:01.0 (104377198)|HEAP_ALLOCATE|[161]|Bytes:5
14:57:01.0 (104385406)|HEAP_ALLOCATE|[161]|Bytes:24
14:57:01.0 (104390574)|VARIABLE_SCOPE_BEGIN|[161]|doc|Doctor__c|true|false
14:57:01.0 (104403927)|VARIABLE_ASSIGNMENT|[161]|doc|{"Id":"a260H000001koYeQAI","Name":"Doc1","End_Time__c":64800000,"Speciality__c":"General Surgery","Start_Time__c":32400000}|0x71a24f4a
14:57:01.0 (104409743)|STATEMENT_EXECUTE|[161]
14:57:01.0 (104411337)|STATEMENT_EXECUTE|[162]
14:57:01.0 (104417120)|HEAP_ALLOCATE|[162]|Bytes:18
14:57:01.0 (104426770)|HEAP_ALLOCATE|[EXTERNAL]|Bytes:4
14:57:01.0 (104436055)|HEAP_ALLOCATE|[161]|Bytes:5
14:57:01.0 (104444594)|VARIABLE_ASSIGNMENT|[161]|doc|null|
14:57:01.0 (104449627)|STATEMENT_EXECUTE|[168]
14:57:01.0 (104605459)|SYSTEM_MODE_ENTER|true
14:57:01.0 (107838909)|SYSTEM_MODE_ENTER|true
14:57:01.0 (107877775)|HEAP_ALLOCATE|[EXTERNAL]|Bytes:48
14:57:01.0 (107885737)|VARIABLE_SCOPE_BEGIN|[173]|this|docappcontroller|true|false
14:57:01.0 (107925436)|VARIABLE_ASSIGNMENT|[173]|this|{"aptdum":"0x3ae63551","Docdum":"0x50097063","Docmap":"0x5f26a943","Initialselected":4,"Selecteddoc":"a260H000001koYjQAI","SelectedtimeSlot":30,"timelist":"0x4b2c0a37","timeset":"0x632b25ce","timewraplist":"0x3a907549","timewraplistInitial":"0x3a907549"}|0x2ea17b44
14:57:01.0 (107936670)|STATEMENT_EXECUTE|[173]
14:57:01.0 (107938724)|STATEMENT_EXECUTE|[175]
14:57:01.0 (107948175)|HEAP_ALLOCATE|[175]|Bytes:4
14:57:01.0 (107963480)|VARIABLE_SCOPE_BEGIN|[175]|options|List<System.SelectOption>|true|false
14:57:01.0 (107983988)|HEAP_ALLOCATE|[EXTERNAL]|Bytes:4
14:57:01.0 (107992375)|VARIABLE_ASSIGNMENT|[175]|options|[]|0x46d69f48
14:57:01.0 (107997958)|STATEMENT_EXECUTE|[176]
14:57:01.0 (108012745)|HEAP_ALLOCATE|[EXTERNAL]|Bytes:4
14:57:01.0 (108020248)|STATEMENT_EXECUTE|[179]
14:57:01.0 (108027065)|HEAP_ALLOCATE|[EXTERNAL]|Bytes:4
14:57:01.0 (108032260)|STATEMENT_EXECUTE|[180]
14:57:01.0 (108038609)|HEAP_ALLOCATE|[EXTERNAL]|Bytes:4
14:57:01.0 (108043417)|STATEMENT_EXECUTE|[185]
14:57:01.0 (108158143)|SYSTEM_MODE_ENTER|true
14:57:01.0 (111354517)|VF_SERIALIZE_VIEWSTATE_BEGIN|0660H000004OdRk
14:57:01.0 (129139416)|VF_SERIALIZE_VIEWSTATE_END
14:57:01.0 (149966201)|CODE_UNIT_STARTED|[EXTERNAL]|Generate Metadata
14:57:01.0 (152904728)|CODE_UNIT_FINISHED|Generate Metadata
14:57:01.155 (155759240)|CUMULATIVE_LIMIT_USAGE
14:57:01.155 (155759240)|LIMIT_USAGE_FOR_NS|(default)|
  Number of SOQL queries: 0 out of 100
  Number of query rows: 0 out of 50000
  Number of SOSL queries: 0 out of 20
  Number of DML statements: 1 out of 150
  Number of DML rows: 1 out of 10000
  Maximum CPU time: 0 out of 10000
  Maximum heap size: 0 out of 6000000
  Number of callouts: 0 out of 100
  Number of Email Invocations: 0 out of 10
  Number of future calls: 0 out of 50
  Number of queueable jobs added to the queue: 0 out of 50
  Number of Mobile Apex push calls: 0 out of 10

14:57:01.155 (155759240)|CUMULATIVE_LIMIT_USAGE_END

14:57:01.0 (155806331)|CODE_UNIT_FINISHED|VF: /apex/docapp
14:57:01.0 (156630976)|EXECUTION_FINISHED
