42.0 APEX_CODE,FINEST;APEX_PROFILING,INFO;CALLOUT,INFO;DB,INFO;SYSTEM,DEBUG;VALIDATION,INFO;VISUALFORCE,INFO;WAVE,INFO;WORKFLOW,INFO
16:01:30.0 (300275)|USER_INFO|[EXTERNAL]|005i0000002qYvT|anton@igate.com|India Standard Time|GMT+05:30
16:01:30.0 (340932)|EXECUTION_STARTED
16:01:30.0 (345816)|CODE_UNIT_STARTED|[EXTERNAL]|0660H000004OdRk|VF: /apex/docapp
16:01:30.0 (28182009)|SYSTEM_MODE_ENTER|true
16:01:30.0 (28738622)|HEAP_ALLOCATE|[72]|Bytes:3
16:01:30.0 (28801806)|HEAP_ALLOCATE|[77]|Bytes:152
16:01:30.0 (28815966)|HEAP_ALLOCATE|[342]|Bytes:408
16:01:30.0 (28827487)|HEAP_ALLOCATE|[355]|Bytes:408
16:01:30.0 (28838379)|HEAP_ALLOCATE|[467]|Bytes:48
16:01:30.0 (28864641)|HEAP_ALLOCATE|[139]|Bytes:6
16:01:30.0 (28880758)|HEAP_ALLOCATE|[EXTERNAL]|Bytes:14
16:01:30.0 (28900786)|HEAP_ALLOCATE|[EXTERNAL]|Bytes:248
16:01:30.0 (28905048)|HEAP_ALLOCATE|[EXTERNAL]|Bytes:53
16:01:30.0 (28909072)|HEAP_ALLOCATE|[EXTERNAL]|Bytes:20
16:01:30.0 (28935159)|METHOD_ENTRY|[1]|01p0H000007gCe8|docappcontroller.docappcontroller()
16:01:30.0 (28944364)|STATEMENT_EXECUTE|[1]
16:01:30.0 (28948941)|STATEMENT_EXECUTE|[1]
16:01:30.0 (28950460)|STATEMENT_EXECUTE|[205]
16:01:30.0 (28964216)|METHOD_EXIT|[1]|docappcontroller
16:01:30.0 (29214422)|HEAP_ALLOCATE|[EXTERNAL]|Bytes:48
16:01:30.0 (29247229)|VARIABLE_SCOPE_BEGIN|[145]|this|docappcontroller|true|false
16:01:30.0 (29401010)|VARIABLE_ASSIGNMENT|[145]|this|{}|0x4bf66473
16:01:30.0 (29417167)|STATEMENT_EXECUTE|[1]
16:01:30.0 (29419034)|STATEMENT_EXECUTE|[3]
16:01:30.0 (29431541)|STATEMENT_EXECUTE|[4]
16:01:30.0 (29433696)|STATEMENT_EXECUTE|[5]
16:01:30.0 (29499090)|HEAP_ALLOCATE|[5]|Bytes:4
16:01:30.0 (29672101)|HEAP_ALLOCATE|[EXTERNAL]|Bytes:4
16:01:30.0 (29688460)|VARIABLE_ASSIGNMENT|[5]|this.timewraplistInitial|[]|0x4bf66473
16:01:30.0 (29695056)|STATEMENT_EXECUTE|[6]
16:01:30.0 (29700145)|HEAP_ALLOCATE|[6]|Bytes:4
16:01:30.0 (29710016)|VARIABLE_ASSIGNMENT|[6]|this.Initialselected|0|0x4bf66473
16:01:30.0 (29715598)|STATEMENT_EXECUTE|[7]
16:01:30.0 (29717119)|STATEMENT_EXECUTE|[138]
16:01:30.0 (29718709)|STATEMENT_EXECUTE|[139]
16:01:30.0 (29720140)|STATEMENT_EXECUTE|[140]
16:01:30.0 (29721592)|STATEMENT_EXECUTE|[141]
16:01:30.0 (29723069)|STATEMENT_EXECUTE|[142]
16:01:30.0 (29724432)|STATEMENT_EXECUTE|[143]
16:01:30.0 (29732258)|HEAP_ALLOCATE|[6]|Bytes:6
16:01:30.0 (29785762)|STATEMENT_EXECUTE|[145]
16:01:30.0 (29787952)|STATEMENT_EXECUTE|[146]
16:01:30.0 (29810542)|HEAP_ALLOCATE|[146]|Bytes:4
16:01:30.0 (29979348)|VARIABLE_ASSIGNMENT|[EXTERNAL]|this|{"Initialselected":0,"timewraplistInitial":"0x2cb70f45"}|0x4bf66473
16:01:30.0 (29997713)|VARIABLE_ASSIGNMENT|[EXTERNAL]|value|{}|0x14f607ce
16:01:30.0 (30008662)|VARIABLE_ASSIGNMENT|[138]|this.Docdum|{}|0x4bf66473
16:01:30.0 (30036336)|STATEMENT_EXECUTE|[147]
16:01:30.0 (30053432)|HEAP_ALLOCATE|[147]|Bytes:4
16:01:30.0 (30144280)|VARIABLE_ASSIGNMENT|[EXTERNAL]|this|{"Docdum":"0x14f607ce","Initialselected":0,"timewraplistInitial":"0x2cb70f45"}|0x4bf66473
16:01:30.0 (30157342)|VARIABLE_ASSIGNMENT|[EXTERNAL]|value|{}|0x5d96bea2
16:01:30.0 (30167010)|VARIABLE_ASSIGNMENT|[139]|this.aptdum|{}|0x4bf66473
16:01:30.31 (31341710)|SYSTEM_MODE_ENTER|true
16:01:30.31 (31373145)|HEAP_ALLOCATE|[EXTERNAL]|Bytes:38
16:01:30.31 (31380009)|HEAP_ALLOCATE|[EXTERNAL]|Bytes:7
16:01:30.31 (31389137)|SYSTEM_METHOD_ENTRY|[1]|PageMessagesComponentController.PageMessagesComponentController()
16:01:30.31 (31394459)|STATEMENT_EXECUTE|[1]
16:01:30.31 (31527260)|SYSTEM_MODE_ENTER|true
16:01:30.31 (31586033)|HEAP_ALLOCATE|[EXTERNAL]|Bytes:8
16:01:30.31 (31594535)|VARIABLE_SCOPE_BEGIN|[88]|this|ApexPage.PageMessagesComponentController|true|false
16:01:30.31 (31633584)|VARIABLE_ASSIGNMENT|[88]|this|{}|0x75fc091d
16:01:30.31 (31640661)|VARIABLE_SCOPE_BEGIN|[88]|escape|Boolean|false|false
16:01:30.31 (31648914)|VARIABLE_ASSIGNMENT|[88]|escape|null
16:01:30.31 (31808785)|SYSTEM_MODE_ENTER|true
16:01:30.31 (31849633)|HEAP_ALLOCATE|[EXTERNAL]|Bytes:8
16:01:30.31 (31856917)|VARIABLE_SCOPE_BEGIN|[2]|this|ApexPage.PageMessagesComponentController|true|false
16:01:30.31 (31876766)|VARIABLE_ASSIGNMENT|[2]|this|{}|0x75fc091d
16:01:30.0 (32654381)|SYSTEM_MODE_ENTER|true
16:01:30.0 (35179375)|SYSTEM_MODE_ENTER|true
16:01:30.0 (36772658)|SYSTEM_MODE_ENTER|true
16:01:30.59 (59380289)|SYSTEM_MODE_ENTER|true
16:01:30.59 (59445038)|HEAP_ALLOCATE|[EXTERNAL]|Bytes:8
16:01:30.59 (59453759)|VARIABLE_SCOPE_BEGIN|[88]|this|ApexPage.PageMessagesComponentController|true|false
16:01:30.59 (59478762)|VARIABLE_ASSIGNMENT|[88]|this|{}|0x75fc091d
16:01:30.59 (59485596)|VARIABLE_SCOPE_BEGIN|[88]|escape|Boolean|false|false
16:01:30.59 (59494243)|VARIABLE_ASSIGNMENT|[88]|escape|null
16:01:30.59 (59605952)|SYSTEM_MODE_ENTER|true
16:01:30.59 (59639923)|HEAP_ALLOCATE|[EXTERNAL]|Bytes:8
16:01:30.59 (59646736)|VARIABLE_SCOPE_BEGIN|[2]|this|ApexPage.PageMessagesComponentController|true|false
16:01:30.59 (59665600)|VARIABLE_ASSIGNMENT|[2]|this|{}|0x75fc091d
16:01:30.0 (61116086)|SYSTEM_MODE_ENTER|true
16:01:30.0 (61160521)|HEAP_ALLOCATE|[EXTERNAL]|Bytes:48
16:01:30.0 (61231492)|VARIABLE_SCOPE_BEGIN|[164]|this|docappcontroller|true|false
16:01:30.0 (61269782)|VARIABLE_ASSIGNMENT|[164]|this|{"aptdum":"0x5d96bea2","Docdum":"0x14f607ce","Initialselected":0,"timewraplistInitial":"0x2cb70f45"}|0x4bf66473
16:01:30.0 (61280617)|STATEMENT_EXECUTE|[164]
16:01:30.0 (61282733)|STATEMENT_EXECUTE|[166]
16:01:30.0 (61295928)|HEAP_ALLOCATE|[166]|Bytes:4
16:01:30.0 (61324529)|VARIABLE_SCOPE_BEGIN|[166]|options|List<System.SelectOption>|true|false
16:01:30.0 (61347133)|HEAP_ALLOCATE|[EXTERNAL]|Bytes:4
16:01:30.0 (61356574)|VARIABLE_ASSIGNMENT|[166]|options|[]|0x2dcd2a4d
16:01:30.0 (61363917)|STATEMENT_EXECUTE|[167]
16:01:30.0 (61371359)|HEAP_ALLOCATE|[167]|Bytes:8
16:01:30.0 (61429977)|HEAP_ALLOCATE|[EXTERNAL]|Bytes:4
16:01:30.0 (61482518)|VARIABLE_ASSIGNMENT|[EXTERNAL]|this|{"aptdum":"0x5d96bea2","Docdum":"0x14f607ce","Initialselected":0,"timewraplistInitial":"0x2cb70f45"}|0x4bf66473
16:01:30.0 (61497414)|STATEMENT_EXECUTE|[172]
16:01:30.0 (61499324)|STATEMENT_EXECUTE|[173]
16:01:30.0 (61502365)|HEAP_ALLOCATE|[173]|Bytes:23
16:01:30.0 (61524572)|METHOD_ENTRY|[173]|01p0H000007gCe8|docappcontroller.ShowError(String)
16:01:30.0 (61555904)|VARIABLE_SCOPE_BEGIN|[199]|this|docappcontroller|true|false
16:01:30.0 (61582246)|VARIABLE_ASSIGNMENT|[199]|this|{"aptdum":"0x5d96bea2","Docdum":"0x14f607ce","Initialselected":0,"timewraplistInitial":"0x2cb70f45"}|0x4bf66473
16:01:30.0 (61589293)|VARIABLE_SCOPE_BEGIN|[199]|ErrorMsg|String|false|false
16:01:30.0 (61599188)|VARIABLE_ASSIGNMENT|[199]|ErrorMsg|"No Continents Data y (3 more) ..."
16:01:30.0 (61605356)|STATEMENT_EXECUTE|[199]
16:01:30.0 (61607046)|STATEMENT_EXECUTE|[201]
16:01:30.0 (61639914)|VARIABLE_SCOPE_BEGIN|[201]|m|ApexPages.Message|true|false
16:01:30.0 (61812067)|VARIABLE_ASSIGNMENT|[201]|m|"core.apexpages.framework.ApexPagesMessage@8471dada"|0x313027b4
16:01:30.0 (61820716)|STATEMENT_EXECUTE|[202]
16:01:30.0 (61855595)|VF_PAGE_MESSAGE|No Continents Data yet.
16:01:30.0 (61867150)|METHOD_EXIT|[173]|01p0H000007gCe8|docappcontroller.ShowError(String)
16:01:30.0 (61873341)|STATEMENT_EXECUTE|[176]
16:01:30.0 (62083120)|SYSTEM_MODE_ENTER|true
16:01:30.0 (62953496)|SYSTEM_MODE_ENTER|true
16:01:30.0 (62995843)|HEAP_ALLOCATE|[EXTERNAL]|Bytes:48
16:01:30.0 (63026958)|VARIABLE_SCOPE_BEGIN|[181]|this|docappcontroller|true|false
16:01:30.0 (63063200)|VARIABLE_ASSIGNMENT|[181]|this|{"aptdum":"0x5d96bea2","Docdum":"0x14f607ce","Initialselected":0,"timewraplistInitial":"0x2cb70f45"}|0x4bf66473
16:01:30.0 (63073278)|STATEMENT_EXECUTE|[181]
16:01:30.0 (63075161)|STATEMENT_EXECUTE|[183]
16:01:30.0 (63085168)|HEAP_ALLOCATE|[183]|Bytes:4
16:01:30.0 (63107741)|VARIABLE_SCOPE_BEGIN|[183]|options|List<System.SelectOption>|true|false
16:01:30.0 (63127896)|HEAP_ALLOCATE|[EXTERNAL]|Bytes:4
16:01:30.0 (63136557)|VARIABLE_ASSIGNMENT|[183]|options|[]|0x1a8ac199
16:01:30.0 (63142680)|STATEMENT_EXECUTE|[184]
16:01:30.0 (63182803)|HEAP_ALLOCATE|[EXTERNAL]|Bytes:4
16:01:30.0 (63191448)|STATEMENT_EXECUTE|[187]
16:01:30.0 (63196320)|HEAP_ALLOCATE|[187]|Bytes:2
16:01:30.0 (63219922)|HEAP_ALLOCATE|[EXTERNAL]|Bytes:4
16:01:30.0 (63226707)|STATEMENT_EXECUTE|[188]
16:01:30.0 (63230507)|HEAP_ALLOCATE|[188]|Bytes:2
16:01:30.0 (63251160)|HEAP_ALLOCATE|[EXTERNAL]|Bytes:4
16:01:30.0 (63257485)|STATEMENT_EXECUTE|[193]
16:01:30.0 (63391246)|SYSTEM_MODE_ENTER|true
16:01:30.0 (65445934)|VF_SERIALIZE_VIEWSTATE_BEGIN|0660H000004OdRk
16:01:30.0 (96156276)|VF_SERIALIZE_VIEWSTATE_END
16:01:30.0 (99908191)|CODE_UNIT_STARTED|[EXTERNAL]|Generate Metadata
16:01:30.0 (100433919)|CODE_UNIT_FINISHED|Generate Metadata
16:01:30.102 (102328781)|CUMULATIVE_LIMIT_USAGE
16:01:30.102 (102328781)|LIMIT_USAGE_FOR_NS|(default)|
  Number of SOQL queries: 0 out of 100
  Number of query rows: 0 out of 50000
  Number of SOSL queries: 0 out of 20
  Number of DML statements: 0 out of 150
  Number of DML rows: 0 out of 10000
  Maximum CPU time: 0 out of 10000
  Maximum heap size: 0 out of 6000000
  Number of callouts: 0 out of 100
  Number of Email Invocations: 0 out of 10
  Number of future calls: 0 out of 50
  Number of queueable jobs added to the queue: 0 out of 50
  Number of Mobile Apex push calls: 0 out of 10

16:01:30.102 (102328781)|CUMULATIVE_LIMIT_USAGE_END

16:01:30.0 (102376673)|CODE_UNIT_FINISHED|VF: /apex/docapp
16:01:30.0 (103192047)|EXECUTION_FINISHED
