42.0 APEX_CODE,FINEST;APEX_PROFILING,INFO;CALLOUT,INFO;DB,INFO;SYSTEM,DEBUG;VALIDATION,INFO;VISUALFORCE,INFO;WAVE,INFO;WORKFLOW,INFO
13:38:35.0 (319142)|USER_INFO|[EXTERNAL]|005i0000002qYvT|anton@igate.com|India Standard Time|GMT+05:30
13:38:35.0 (350070)|EXECUTION_STARTED
13:38:35.0 (355666)|CODE_UNIT_STARTED|[EXTERNAL]|0660H000004OdRk|VF: /apex/docapp
13:38:35.0 (1400053)|VF_DESERIALIZE_VIEWSTATE_BEGIN|0660H000004OdRk
13:38:35.0 (6300319)|HEAP_ALLOCATE|[72]|Bytes:3
13:38:35.0 (6352050)|HEAP_ALLOCATE|[77]|Bytes:152
13:38:35.0 (6365109)|HEAP_ALLOCATE|[342]|Bytes:408
13:38:35.0 (6377673)|HEAP_ALLOCATE|[355]|Bytes:408
13:38:35.0 (6388256)|HEAP_ALLOCATE|[467]|Bytes:48
13:38:35.0 (6442503)|HEAP_ALLOCATE|[139]|Bytes:6
13:38:35.0 (9440102)|VF_DESERIALIZE_VIEWSTATE_END
13:38:35.9 (9999498)|SYSTEM_MODE_ENTER|true
13:38:35.9 (10166057)|HEAP_ALLOCATE|[EXTERNAL]|Bytes:38
13:38:35.9 (10191268)|HEAP_ALLOCATE|[EXTERNAL]|Bytes:7
13:38:35.9 (10211600)|SYSTEM_METHOD_ENTRY|[1]|PageMessagesComponentController.PageMessagesComponentController()
13:38:35.9 (10217192)|STATEMENT_EXECUTE|[1]
13:38:35.11 (11063316)|SYSTEM_MODE_ENTER|true
13:38:35.11 (11115652)|HEAP_ALLOCATE|[EXTERNAL]|Bytes:8
13:38:35.11 (11124037)|VARIABLE_SCOPE_BEGIN|[88]|this|ApexPage.PageMessagesComponentController|true|false
13:38:35.11 (11157449)|VARIABLE_ASSIGNMENT|[88]|this|{}|0x4546b2ef
13:38:35.11 (11165067)|VARIABLE_SCOPE_BEGIN|[88]|escape|Boolean|false|false
13:38:35.11 (11174779)|VARIABLE_ASSIGNMENT|[88]|escape|null
13:38:35.0 (11347784)|SYSTEM_MODE_ENTER|true
13:38:35.0 (11370892)|HEAP_ALLOCATE|[EXTERNAL]|Bytes:14
13:38:35.0 (11378501)|HEAP_ALLOCATE|[EXTERNAL]|Bytes:248
13:38:35.0 (11383223)|HEAP_ALLOCATE|[EXTERNAL]|Bytes:53
13:38:35.0 (11386506)|HEAP_ALLOCATE|[EXTERNAL]|Bytes:13
13:38:35.0 (11393856)|METHOD_ENTRY|[1]|01p0H000007gCe8|docappcontroller.docappcontroller()
13:38:35.0 (11399386)|STATEMENT_EXECUTE|[1]
13:38:35.0 (11402529)|STATEMENT_EXECUTE|[1]
13:38:35.0 (11404307)|STATEMENT_EXECUTE|[174]
13:38:35.0 (11408219)|METHOD_EXIT|[1]|docappcontroller
13:38:35.0 (16763558)|SYSTEM_MODE_ENTER|true
13:38:35.0 (19022928)|SYSTEM_MODE_ENTER|true
13:38:35.0 (20034567)|SYSTEM_MODE_ENTER|true
13:38:35.0 (20290146)|HEAP_ALLOCATE|[EXTERNAL]|Bytes:44
13:38:35.0 (20300777)|VARIABLE_SCOPE_BEGIN|[133]|this|docappcontroller|true|false
13:38:35.0 (20357561)|VARIABLE_ASSIGNMENT|[133]|this|{"aptdum":"0x36a7e5f9","Docdum":"0x3ebb2591","Docmap":"0x6b906caf","Initialselected":0,"timewraplistInitial":"0x2368668b"}|0x7be8bddd
13:38:35.0 (20374701)|STATEMENT_EXECUTE|[133]
13:38:35.0 (20376867)|STATEMENT_EXECUTE|[135]
13:38:35.0 (20391350)|HEAP_ALLOCATE|[135]|Bytes:4
13:38:35.0 (20420018)|VARIABLE_SCOPE_BEGIN|[135]|options|List<System.SelectOption>|true|false
13:38:35.0 (20443450)|HEAP_ALLOCATE|[EXTERNAL]|Bytes:4
13:38:35.0 (20453390)|VARIABLE_ASSIGNMENT|[135]|options|[]|0x2ae9c732
13:38:35.0 (20459521)|STATEMENT_EXECUTE|[136]
13:38:35.0 (20466365)|HEAP_ALLOCATE|[136]|Bytes:8
13:38:35.0 (20512334)|HEAP_ALLOCATE|[EXTERNAL]|Bytes:4
13:38:35.0 (20561139)|VARIABLE_ASSIGNMENT|[EXTERNAL]|this|{"aptdum":"0x36a7e5f9","Docdum":"0x3ebb2591","Docmap":"0x6b906caf","Initialselected":0,"timewraplistInitial":"0x2368668b"}|0x7be8bddd
13:38:35.0 (20575601)|STATEMENT_EXECUTE|[137]
13:38:35.0 (20604033)|VARIABLE_ASSIGNMENT|[EXTERNAL]|this|{"aptdum":"0x36a7e5f9","Docdum":"0x3ebb2591","Docmap":"0x6b906caf","Initialselected":0,"timewraplistInitial":"0x2368668b"}|0x7be8bddd
13:38:35.0 (20636177)|HEAP_ALLOCATE|[EXTERNAL]|Bytes:12
13:38:35.0 (20650996)|HEAP_ALLOCATE|[138]|Bytes:237
13:38:35.0 (20762093)|HEAP_ALLOCATE|[138]|Bytes:5
13:38:35.0 (20809459)|HEAP_ALLOCATE|[138]|Bytes:24
13:38:35.0 (20819625)|VARIABLE_SCOPE_BEGIN|[138]|doc|Doctor__c|true|false
13:38:35.0 (20925007)|VARIABLE_ASSIGNMENT|[138]|doc|{"Id":"a260H000001koYjQAI","Name":"doc 2","End_Time__c":68400000,"Speciality__c":"General Surgery","Start_Time__c":43200000}|0x2355d69e
13:38:35.0 (20933370)|STATEMENT_EXECUTE|[138]
13:38:35.0 (20935302)|STATEMENT_EXECUTE|[139]
13:38:35.0 (20971241)|HEAP_ALLOCATE|[139]|Bytes:18
13:38:35.0 (21023400)|HEAP_ALLOCATE|[EXTERNAL]|Bytes:4
13:38:35.0 (21040053)|HEAP_ALLOCATE|[138]|Bytes:5
13:38:35.0 (21060346)|HEAP_ALLOCATE|[138]|Bytes:24
13:38:35.0 (21068500)|VARIABLE_SCOPE_BEGIN|[138]|doc|Doctor__c|true|false
13:38:35.0 (21086146)|VARIABLE_ASSIGNMENT|[138]|doc|{"Id":"a260H000001koYeQAI","Name":"Doc1","End_Time__c":64800000,"Speciality__c":"General Surgery","Start_Time__c":32400000}|0x26d68c77
13:38:35.0 (21093349)|STATEMENT_EXECUTE|[138]
13:38:35.0 (21095202)|STATEMENT_EXECUTE|[139]
13:38:35.0 (21104061)|HEAP_ALLOCATE|[139]|Bytes:18
13:38:35.0 (21117213)|HEAP_ALLOCATE|[EXTERNAL]|Bytes:4
13:38:35.0 (21128670)|HEAP_ALLOCATE|[138]|Bytes:5
13:38:35.0 (21139181)|VARIABLE_ASSIGNMENT|[138]|doc|null|
13:38:35.0 (21144293)|STATEMENT_EXECUTE|[145]
13:38:35.0 (21225118)|SYSTEM_MODE_ENTER|true
13:38:35.0 (21555732)|SYSTEM_MODE_ENTER|true
13:38:35.0 (21594857)|HEAP_ALLOCATE|[EXTERNAL]|Bytes:44
13:38:35.0 (21603970)|VARIABLE_SCOPE_BEGIN|[150]|this|docappcontroller|true|false
13:38:35.0 (21640508)|VARIABLE_ASSIGNMENT|[150]|this|{"aptdum":"0x36a7e5f9","Docdum":"0x3ebb2591","Docmap":"0x6b906caf","Initialselected":0,"timewraplistInitial":"0x2368668b"}|0x7be8bddd
13:38:35.0 (21658194)|STATEMENT_EXECUTE|[150]
13:38:35.0 (21661475)|STATEMENT_EXECUTE|[152]
13:38:35.0 (21673785)|HEAP_ALLOCATE|[152]|Bytes:4
13:38:35.0 (21701365)|VARIABLE_SCOPE_BEGIN|[152]|options|List<System.SelectOption>|true|false
13:38:35.0 (21723944)|HEAP_ALLOCATE|[EXTERNAL]|Bytes:4
13:38:35.0 (21733188)|VARIABLE_ASSIGNMENT|[152]|options|[]|0x66dc497b
13:38:35.0 (21739084)|STATEMENT_EXECUTE|[153]
13:38:35.0 (21778015)|HEAP_ALLOCATE|[EXTERNAL]|Bytes:4
13:38:35.0 (21786660)|STATEMENT_EXECUTE|[156]
13:38:35.0 (21791055)|HEAP_ALLOCATE|[156]|Bytes:2
13:38:35.0 (21813277)|HEAP_ALLOCATE|[EXTERNAL]|Bytes:4
13:38:35.0 (21819703)|STATEMENT_EXECUTE|[157]
13:38:35.0 (21822589)|HEAP_ALLOCATE|[157]|Bytes:2
13:38:35.0 (21841065)|HEAP_ALLOCATE|[EXTERNAL]|Bytes:4
13:38:35.0 (21847231)|STATEMENT_EXECUTE|[162]
13:38:35.0 (21920516)|SYSTEM_MODE_ENTER|true
13:38:35.22 (22445400)|SYSTEM_MODE_ENTER|true
13:38:35.22 (22495904)|HEAP_ALLOCATE|[EXTERNAL]|Bytes:8
13:38:35.22 (22504048)|VARIABLE_SCOPE_BEGIN|[88]|this|ApexPage.PageMessagesComponentController|true|false
13:38:35.22 (22525559)|VARIABLE_ASSIGNMENT|[88]|this|{}|0x4546b2ef
13:38:35.22 (22532406)|VARIABLE_SCOPE_BEGIN|[88]|escape|Boolean|false|false
13:38:35.22 (22540732)|VARIABLE_ASSIGNMENT|[88]|escape|null
13:38:35.0 (22715051)|SYSTEM_MODE_ENTER|true
13:38:35.0 (22739529)|HEAP_ALLOCATE|[EXTERNAL]|Bytes:18
13:38:35.0 (22745323)|HEAP_ALLOCATE|[EXTERNAL]|Bytes:44
13:38:35.0 (22768132)|VARIABLE_ASSIGNMENT|[EXTERNAL]|this.Selecteddoc|"a260H000001koYjQAI"|0x7be8bddd
13:38:35.0 (22810828)|SYSTEM_MODE_ENTER|true
13:38:35.0 (22960456)|SYSTEM_MODE_ENTER|true
13:38:35.0 (23000113)|SYSTEM_MODE_ENTER|true
13:38:35.0 (23017160)|HEAP_ALLOCATE|[EXTERNAL]|Bytes:8
13:38:35.0 (23021693)|HEAP_ALLOCATE|[EXTERNAL]|Bytes:44
13:38:35.0 (23030320)|VARIABLE_ASSIGNMENT|[EXTERNAL]|this.SelectedtimeSlot|30|0x7be8bddd
13:38:35.0 (23066335)|SYSTEM_MODE_ENTER|true
13:38:35.0 (23280642)|HEAP_ALLOCATE|[EXTERNAL]|Bytes:44
13:38:35.0 (23290274)|VARIABLE_SCOPE_BEGIN|[31]|this|docappcontroller|true|false
13:38:35.0 (23327123)|VARIABLE_ASSIGNMENT|[31]|this|{"aptdum":"0x36a7e5f9","Docdum":"0x3ebb2591","Docmap":"0x6b906caf","Initialselected":0,"Selecteddoc":"a260H000001koYjQAI","SelectedtimeSlot":30,"timewraplistInitial":"0x2368668b"}|0x7be8bddd
13:38:35.0 (23339171)|STATEMENT_EXECUTE|[31]
13:38:35.0 (23341178)|STATEMENT_EXECUTE|[32]
13:38:35.0 (23367862)|VARIABLE_SCOPE_BEGIN|[32]|timeset|Set<Time>|true|false
13:38:35.0 (23379798)|VARIABLE_ASSIGNMENT|[32]|timeset|null|
13:38:35.0 (23385041)|STATEMENT_EXECUTE|[33]
13:38:35.0 (23429636)|VARIABLE_ASSIGNMENT|[EXTERNAL]|this|{"aptdum":"0x36a7e5f9","Docdum":"0x3ebb2591","Docmap":"0x6b906caf","Initialselected":0,"Selecteddoc":"a260H000001koYjQAI","SelectedtimeSlot":30,"timewraplistInitial":"0x2368668b"}|0x7be8bddd
13:38:35.0 (23462513)|USER_DEBUG|[33]|DEBUG|a260H000001koYjQAI
13:38:35.0 (23500591)|VARIABLE_ASSIGNMENT|[EXTERNAL]|this|{"aptdum":"0x36a7e5f9","Docdum":"0x3ebb2591","Docmap":"0x6b906caf","Initialselected":0,"Selecteddoc":"a260H000001koYjQAI","SelectedtimeSlot":30,"timewraplistInitial":"0x2368668b"}|0x7be8bddd
13:38:35.0 (23532978)|VARIABLE_ASSIGNMENT|[EXTERNAL]|this|{"aptdum":"0x36a7e5f9","Docdum":"0x3ebb2591","Docmap":"0x6b906caf","Initialselected":0,"Selecteddoc":"a260H000001koYjQAI","SelectedtimeSlot":30,"timewraplistInitial":"0x2368668b"}|0x7be8bddd
13:38:35.0 (23561959)|STATEMENT_EXECUTE|[36]
13:38:35.0 (23564126)|STATEMENT_EXECUTE|[37]
13:38:35.0 (23593763)|VARIABLE_ASSIGNMENT|[EXTERNAL]|this|{"aptdum":"0x36a7e5f9","Docdum":"0x3ebb2591","Docmap":"0x6b906caf","Initialselected":0,"Selecteddoc":"a260H000001koYjQAI","SelectedtimeSlot":30,"timewraplistInitial":"0x2368668b"}|0x7be8bddd
13:38:35.0 (23625161)|VARIABLE_ASSIGNMENT|[EXTERNAL]|this|{"aptdum":"0x36a7e5f9","Docdum":"0x3ebb2591","Docmap":"0x6b906caf","Initialselected":0,"Selecteddoc":"a260H000001koYjQAI","SelectedtimeSlot":30,"timewraplistInitial":"0x2368668b"}|0x7be8bddd
13:38:35.0 (23651305)|VARIABLE_SCOPE_BEGIN|[37]|d|Doctor__c|true|false
13:38:35.0 (23671174)|VARIABLE_ASSIGNMENT|[37]|d|{"Id":"a260H000001koYjQAI","Name":"doc 2","End_Time__c":68400000,"Speciality__c":"General Surgery","Start_Time__c":43200000}|0x2355d69e
13:38:35.0 (23677641)|STATEMENT_EXECUTE|[38]
13:38:35.0 (23708898)|HEAP_ALLOCATE|[38]|Bytes:4
13:38:35.0 (23749845)|HEAP_ALLOCATE|[38]|Bytes:150
13:38:35.0 (23764270)|HEAP_ALLOCATE|[38]|Bytes:4
13:38:35.0 (23773639)|HEAP_ALLOCATE|[38]|Bytes:7
13:38:35.0 (23806587)|VARIABLE_ASSIGNMENT|[EXTERNAL]|this|{"aptdum":"0x36a7e5f9","Docdum":"0x3ebb2591","Docmap":"0x6b906caf","Initialselected":0,"Selecteddoc":"a260H000001koYjQAI","SelectedtimeSlot":30,"timewraplistInitial":"0x2368668b"}|0x7be8bddd
13:38:35.0 (23826632)|HEAP_ALLOCATE|[38]|Bytes:7
13:38:35.0 (23856633)|VARIABLE_ASSIGNMENT|[EXTERNAL]|this|{"aptdum":"0x36a7e5f9","Docdum":"0x3ebb2591","Docmap":"0x6b906caf","Initialselected":0,"Selecteddoc":"a260H000001koYjQAI","SelectedtimeSlot":30,"timewraplistInitial":"0x2368668b"}|0x7be8bddd
13:38:35.0 (24198785)|SOQL_EXECUTE_BEGIN|[38]|Aggregations:0|SELECT Id, Name, Doctor__c, Patient__c, End_Time__c, Start_Time__c FROM Appointment__c WHERE (Doctor__c = :tmpVar1 AND Appointment_Date__c = :tmpVar2)
13:38:35.0 (29229148)|SOQL_EXECUTE_END|[38]|Rows:1
13:38:35.0 (29250645)|HEAP_ALLOCATE|[38]|Bytes:8
13:38:35.0 (29265844)|HEAP_ALLOCATE|[38]|Bytes:147
13:38:35.0 (29294304)|HEAP_ALLOCATE|[38]|Bytes:8
13:38:35.0 (29320161)|HEAP_ALLOCATE|[38]|Bytes:28
13:38:35.0 (29325993)|HEAP_ALLOCATE|[38]|Bytes:28
13:38:35.0 (29329528)|HEAP_ALLOCATE|[38]|Bytes:4
13:38:35.0 (29338075)|VARIABLE_SCOPE_BEGIN|[38]|aptlist|List<Appointment__c>|true|false
13:38:35.0 (29348167)|HEAP_ALLOCATE|[EXTERNAL]|Bytes:8
13:38:35.0 (29369770)|VARIABLE_ASSIGNMENT|[38]|aptlist|[{"Id":"a250H00000HaxnFQAR","Name":"A-00000","Doctor__c":"a260H000001koYjQAI","Patient__c":"a270H000006vXivQAE","End_Time__c":61200000,"Start_Time__c":54000000}]|0x6d782dd2
13:38:35.0 (29378473)|STATEMENT_EXECUTE|[39]
13:38:35.0 (29399828)|HEAP_ALLOCATE|[39]|Bytes:4
13:38:35.0 (29463931)|VARIABLE_ASSIGNMENT|[39]|timeset|[]|0x6a85808f
13:38:35.0 (29545574)|HEAP_ALLOCATE|[40]|Bytes:5
13:38:35.0 (29559903)|HEAP_ALLOCATE|[40]|Bytes:28
13:38:35.0 (29568119)|VARIABLE_SCOPE_BEGIN|[40]|apt|Appointment__c|true|false
13:38:35.0 (29586724)|VARIABLE_ASSIGNMENT|[40]|apt|{"Id":"a250H00000HaxnFQAR","Name":"A-00000","Doctor__c":"a260H000001koYjQAI","Patient__c":"a270H000006vXivQAE","End_Time__c":61200000,"Start_Time__c":54000000}|0x55392ba0
13:38:35.0 (29594679)|STATEMENT_EXECUTE|[40]
13:38:35.0 (29596518)|STATEMENT_EXECUTE|[42]
13:38:35.0 (29626164)|VARIABLE_SCOPE_BEGIN|[42]|t|Time|false|false
13:38:35.0 (29640611)|VARIABLE_ASSIGNMENT|[42]|t|54000000
13:38:35.0 (29645607)|STATEMENT_EXECUTE|[43]
13:38:35.0 (29696461)|VARIABLE_SCOPE_BEGIN|[43]|i|Integer|false|false
13:38:35.0 (29705663)|HEAP_ALLOCATE|[43]|Bytes:4
13:38:35.0 (29713446)|VARIABLE_ASSIGNMENT|[43]|i|2
13:38:35.0 (29718169)|STATEMENT_EXECUTE|[44]
13:38:35.0 (29738821)|HEAP_ALLOCATE|[44]|Bytes:28
13:38:35.0 (29743210)|HEAP_ALLOCATE|[44]|Bytes:28
13:38:35.0 (29747872)|VARIABLE_SCOPE_BEGIN|[44]|i1|Decimal|false|false
13:38:35.0 (29758196)|VARIABLE_ASSIGNMENT|[44]|i1|0
13:38:35.0 (29762263)|STATEMENT_EXECUTE|[45]
13:38:35.0 (29783399)|HEAP_ALLOCATE|[EXTERNAL]|Bytes:4
13:38:35.0 (29805643)|STATEMENT_EXECUTE|[46]
13:38:35.0 (29807343)|STATEMENT_EXECUTE|[47]
13:38:35.0 (29826483)|USER_DEBUG|[47]|DEBUG|15:00:00.000Z
13:38:35.0 (29835400)|STATEMENT_EXECUTE|[48]
13:38:35.0 (29859441)|HEAP_ALLOCATE|[48]|Bytes:4
13:38:35.0 (29875980)|VARIABLE_ASSIGNMENT|[48]|t|55800000
13:38:35.0 (29880155)|STATEMENT_EXECUTE|[49]
13:38:35.0 (29883205)|HEAP_ALLOCATE|[49]|Bytes:3
13:38:35.0 (29896196)|HEAP_ALLOCATE|[49]|Bytes:28
13:38:35.0 (29930462)|HEAP_ALLOCATE|[49]|Bytes:28
13:38:35.0 (29945619)|VARIABLE_ASSIGNMENT|[49]|i1|0.5
13:38:35.0 (29950604)|STATEMENT_EXECUTE|[50]
13:38:35.0 (29965309)|HEAP_ALLOCATE|[EXTERNAL]|Bytes:4
13:38:35.0 (29977820)|HEAP_ALLOCATE|[51]|Bytes:28
13:38:35.0 (29981542)|HEAP_ALLOCATE|[51]|Bytes:28
13:38:35.0 (29987450)|HEAP_ALLOCATE|[51]|Bytes:28
13:38:35.0 (30010698)|HEAP_ALLOCATE|[51]|Bytes:28
13:38:35.0 (30050163)|STATEMENT_EXECUTE|[46]
13:38:35.0 (30053320)|STATEMENT_EXECUTE|[47]
13:38:35.0 (30064674)|USER_DEBUG|[47]|DEBUG|15:30:00.000Z
13:38:35.0 (30073763)|STATEMENT_EXECUTE|[48]
13:38:35.0 (30083811)|HEAP_ALLOCATE|[48]|Bytes:4
13:38:35.0 (30101253)|VARIABLE_ASSIGNMENT|[48]|t|57600000
13:38:35.0 (30106091)|STATEMENT_EXECUTE|[49]
13:38:35.0 (30111747)|HEAP_ALLOCATE|[49]|Bytes:28
13:38:35.0 (30125565)|HEAP_ALLOCATE|[49]|Bytes:28
13:38:35.0 (30137480)|VARIABLE_ASSIGNMENT|[49]|i1|1.0
13:38:35.0 (30141920)|STATEMENT_EXECUTE|[50]
13:38:35.0 (30147941)|HEAP_ALLOCATE|[EXTERNAL]|Bytes:4
13:38:35.0 (30159001)|HEAP_ALLOCATE|[51]|Bytes:28
13:38:35.0 (30162609)|HEAP_ALLOCATE|[51]|Bytes:28
13:38:35.0 (30167609)|HEAP_ALLOCATE|[51]|Bytes:28
13:38:35.0 (30180556)|HEAP_ALLOCATE|[51]|Bytes:28
13:38:35.0 (30199929)|STATEMENT_EXECUTE|[46]
13:38:35.0 (30201867)|STATEMENT_EXECUTE|[47]
13:38:35.0 (30209075)|USER_DEBUG|[47]|DEBUG|16:00:00.000Z
13:38:35.0 (30215516)|STATEMENT_EXECUTE|[48]
13:38:35.0 (30222820)|HEAP_ALLOCATE|[48]|Bytes:4
13:38:35.0 (30235586)|VARIABLE_ASSIGNMENT|[48]|t|59400000
13:38:35.0 (30239824)|STATEMENT_EXECUTE|[49]
13:38:35.0 (30244023)|HEAP_ALLOCATE|[49]|Bytes:28
13:38:35.0 (30255851)|HEAP_ALLOCATE|[49]|Bytes:28
13:38:35.0 (30266237)|VARIABLE_ASSIGNMENT|[49]|i1|1.5
13:38:35.0 (30270310)|STATEMENT_EXECUTE|[50]
13:38:35.0 (30275361)|HEAP_ALLOCATE|[EXTERNAL]|Bytes:4
13:38:35.0 (30284384)|HEAP_ALLOCATE|[51]|Bytes:28
13:38:35.0 (30288161)|HEAP_ALLOCATE|[51]|Bytes:28
13:38:35.0 (30292421)|HEAP_ALLOCATE|[51]|Bytes:28
13:38:35.0 (30304466)|HEAP_ALLOCATE|[51]|Bytes:28
13:38:35.0 (30334060)|HEAP_ALLOCATE|[40]|Bytes:5
13:38:35.0 (30346807)|VARIABLE_ASSIGNMENT|[40]|apt|null|
13:38:35.0 (30351874)|STATEMENT_EXECUTE|[62]
13:38:35.0 (30412335)|HEAP_ALLOCATE|[62]|Bytes:4
13:38:35.0 (30502501)|VARIABLE_ASSIGNMENT|[EXTERNAL]|this|{"aptdum":"0x36a7e5f9","Docdum":"0x3ebb2591","Docmap":"0x6b906caf","Initialselected":0,"Selecteddoc":"a260H000001koYjQAI","SelectedtimeSlot":30,"timewraplistInitial":"0x2368668b"}|0x7be8bddd
13:38:35.0 (30523005)|HEAP_ALLOCATE|[EXTERNAL]|Bytes:4
13:38:35.0 (30530741)|VARIABLE_ASSIGNMENT|[EXTERNAL]|value|[]|0xfa1b173
13:38:35.0 (30543201)|VARIABLE_ASSIGNMENT|[4]|this.timewraplist|[]|0x7be8bddd
13:38:35.0 (30552204)|STATEMENT_EXECUTE|[63]
13:38:35.0 (30559810)|HEAP_ALLOCATE|[63]|Bytes:4
13:38:35.0 (30625567)|VARIABLE_ASSIGNMENT|[EXTERNAL]|this|{"aptdum":"0x36a7e5f9","Docdum":"0x3ebb2591","Docmap":"0x6b906caf","Initialselected":0,"Selecteddoc":"a260H000001koYjQAI","SelectedtimeSlot":30,"timewraplist":"0xfa1b173","timewraplistInitial":"0x2368668b"}|0x7be8bddd
13:38:35.0 (30645181)|HEAP_ALLOCATE|[EXTERNAL]|Bytes:4
13:38:35.0 (30651293)|VARIABLE_ASSIGNMENT|[EXTERNAL]|value|[]|0x65721ac5
13:38:35.0 (30662425)|VARIABLE_ASSIGNMENT|[3]|this.timelist|[]|0x7be8bddd
13:38:35.0 (30670450)|STATEMENT_EXECUTE|[64]
13:38:35.0 (30696851)|VARIABLE_SCOPE_BEGIN|[64]|t|Time|false|false
13:38:35.0 (30712033)|VARIABLE_ASSIGNMENT|[64]|t|43200000
13:38:35.0 (30716944)|STATEMENT_EXECUTE|[65]
13:38:35.0 (30757431)|VARIABLE_SCOPE_BEGIN|[65]|i|Integer|false|false
13:38:35.0 (30765644)|HEAP_ALLOCATE|[65]|Bytes:4
13:38:35.0 (30772754)|VARIABLE_ASSIGNMENT|[65]|i|7
13:38:35.0 (30776971)|STATEMENT_EXECUTE|[66]
13:38:35.0 (30785133)|HEAP_ALLOCATE|[66]|Bytes:28
13:38:35.0 (30789086)|HEAP_ALLOCATE|[66]|Bytes:28
13:38:35.0 (30793172)|VARIABLE_SCOPE_BEGIN|[66]|i1|Decimal|false|false
13:38:35.0 (30802545)|VARIABLE_ASSIGNMENT|[66]|i1|0
13:38:35.0 (30830774)|STATEMENT_EXECUTE|[67]
13:38:35.0 (30832686)|STATEMENT_EXECUTE|[68]
13:38:35.0 (30876111)|VARIABLE_ASSIGNMENT|[EXTERNAL]|this|{"aptdum":"0x36a7e5f9","Docdum":"0x3ebb2591","Docmap":"0x6b906caf","Initialselected":0,"Selecteddoc":"a260H000001koYjQAI","SelectedtimeSlot":30,"timelist":"0x65721ac5","timewraplist":"0xfa1b173","timewraplistInitial":"0x2368668b"}|0x7be8bddd
13:38:35.0 (30895713)|HEAP_ALLOCATE|[68]|Bytes:108
13:38:35.0 (30901974)|HEAP_ALLOCATE|[68]|Bytes:11
13:38:35.0 (30913750)|HEAP_ALLOCATE|[68]|Bytes:12
13:38:35.0 (30941467)|CONSTRUCTOR_ENTRY|[68]|01p0H000007gCe8|<init>(Boolean,Time)
13:38:35.0 (30955215)|VARIABLE_SCOPE_BEGIN|[178]|this|docappcontroller.Wrapertimeslot|true|false
13:38:35.0 (30978813)|VARIABLE_ASSIGNMENT|[178]|this|{}|0x159bc92b
13:38:35.0 (30987909)|VARIABLE_SCOPE_BEGIN|[178]|selection|Boolean|false|false
13:38:35.0 (30996969)|VARIABLE_ASSIGNMENT|[178]|selection|false
13:38:35.0 (31003797)|VARIABLE_SCOPE_BEGIN|[178]|tm|Time|false|false
13:38:35.0 (31013708)|VARIABLE_ASSIGNMENT|[178]|tm|43200000
13:38:35.0 (31018852)|STATEMENT_EXECUTE|[174]
13:38:35.0 (31020948)|STATEMENT_EXECUTE|[175]
13:38:35.0 (31022516)|STATEMENT_EXECUTE|[176]
13:38:35.0 (31028387)|HEAP_ALLOCATE|[179]|Bytes:6
13:38:35.0 (31048025)|STATEMENT_EXECUTE|[178]
13:38:35.0 (31049811)|STATEMENT_EXECUTE|[179]
13:38:35.0 (31096830)|VARIABLE_ASSIGNMENT|[EXTERNAL]|this|{}|0x159bc92b
13:38:35.0 (31108461)|VARIABLE_ASSIGNMENT|[EXTERNAL]|value|false
13:38:35.0 (31115627)|HEAP_ALLOCATE|[175]|Bytes:5
13:38:35.0 (31122584)|VARIABLE_ASSIGNMENT|[175]|this.selected|false|0x159bc92b
13:38:35.0 (31130796)|STATEMENT_EXECUTE|[180]
13:38:35.0 (31165432)|VARIABLE_ASSIGNMENT|[EXTERNAL]|this|{"selected":false}|0x159bc92b
13:38:35.0 (31179492)|VARIABLE_ASSIGNMENT|[EXTERNAL]|value|43200000
13:38:35.0 (31188949)|VARIABLE_ASSIGNMENT|[176]|this.t|43200000|0x159bc92b
13:38:35.0 (31202839)|CONSTRUCTOR_EXIT|[68]|01p0H000007gCe8|<init>(Boolean,Time)
13:38:35.0 (31216244)|HEAP_ALLOCATE|[EXTERNAL]|Bytes:4
13:38:35.0 (31223467)|STATEMENT_EXECUTE|[73]
13:38:35.0 (31261798)|VARIABLE_ASSIGNMENT|[EXTERNAL]|this|{"aptdum":"0x36a7e5f9","Docdum":"0x3ebb2591","Docmap":"0x6b906caf","Initialselected":0,"Selecteddoc":"a260H000001koYjQAI","SelectedtimeSlot":30,"timelist":"0x65721ac5","timewraplist":"0xfa1b173","timewraplistInitial":"0x2368668b"}|0x7be8bddd
13:38:35.0 (31281328)|HEAP_ALLOCATE|[EXTERNAL]|Bytes:4
13:38:35.0 (31295428)|HEAP_ALLOCATE|[76]|Bytes:28
13:38:35.0 (31299879)|HEAP_ALLOCATE|[76]|Bytes:28
13:38:35.0 (31330705)|STATEMENT_EXECUTE|[76]
13:38:35.0 (31332866)|STATEMENT_EXECUTE|[77]
13:38:35.0 (31349474)|USER_DEBUG|[77]|DEBUG|12:00:00.000Z
13:38:35.0 (31357859)|STATEMENT_EXECUTE|[78]
13:38:35.0 (31377900)|HEAP_ALLOCATE|[78]|Bytes:4
13:38:35.0 (31393013)|VARIABLE_ASSIGNMENT|[78]|t|45000000
13:38:35.0 (31398427)|STATEMENT_EXECUTE|[79]
13:38:35.0 (31404550)|HEAP_ALLOCATE|[79]|Bytes:28
13:38:35.0 (31423683)|HEAP_ALLOCATE|[79]|Bytes:28
13:38:35.0 (31441669)|VARIABLE_ASSIGNMENT|[79]|i1|0.5
13:38:35.0 (31446611)|STATEMENT_EXECUTE|[80]
13:38:35.0 (31483622)|VARIABLE_ASSIGNMENT|[EXTERNAL]|this|{"aptdum":"0x36a7e5f9","Docdum":"0x3ebb2591","Docmap":"0x6b906caf","Initialselected":0,"Selecteddoc":"a260H000001koYjQAI","SelectedtimeSlot":30,"timelist":"0x65721ac5","timewraplist":"0xfa1b173","timewraplistInitial":"0x2368668b"}|0x7be8bddd
13:38:35.0 (31501773)|HEAP_ALLOCATE|[EXTERNAL]|Bytes:4
13:38:35.0 (31526793)|STATEMENT_EXECUTE|[82]
13:38:35.0 (31528717)|STATEMENT_EXECUTE|[83]
13:38:35.0 (31558976)|VARIABLE_ASSIGNMENT|[EXTERNAL]|this|{"aptdum":"0x36a7e5f9","Docdum":"0x3ebb2591","Docmap":"0x6b906caf","Initialselected":0,"Selecteddoc":"a260H000001koYjQAI","SelectedtimeSlot":30,"timelist":"0x65721ac5","timewraplist":"0xfa1b173","timewraplistInitial":"0x2368668b"}|0x7be8bddd
13:38:35.0 (31574536)|HEAP_ALLOCATE|[83]|Bytes:12
13:38:35.0 (31586863)|CONSTRUCTOR_ENTRY|[83]|01p0H000007gCe8|<init>(Boolean,Time)
13:38:35.0 (31593139)|VARIABLE_SCOPE_BEGIN|[178]|this|docappcontroller.Wrapertimeslot|true|false
13:38:35.0 (31606131)|VARIABLE_ASSIGNMENT|[178]|this|{}|0xef84032
13:38:35.0 (31612711)|VARIABLE_SCOPE_BEGIN|[178]|selection|Boolean|false|false
13:38:35.0 (31621201)|VARIABLE_ASSIGNMENT|[178]|selection|false
13:38:35.0 (31625561)|VARIABLE_SCOPE_BEGIN|[178]|tm|Time|false|false
13:38:35.0 (31633861)|VARIABLE_ASSIGNMENT|[178]|tm|45000000
13:38:35.0 (31638241)|STATEMENT_EXECUTE|[174]
13:38:35.0 (31639867)|STATEMENT_EXECUTE|[175]
13:38:35.0 (31641354)|STATEMENT_EXECUTE|[176]
13:38:35.0 (31652142)|STATEMENT_EXECUTE|[178]
13:38:35.0 (31653832)|STATEMENT_EXECUTE|[179]
13:38:35.0 (31665369)|VARIABLE_ASSIGNMENT|[EXTERNAL]|this|{}|0xef84032
13:38:35.0 (31674891)|VARIABLE_ASSIGNMENT|[EXTERNAL]|value|false
13:38:35.0 (31680349)|HEAP_ALLOCATE|[175]|Bytes:5
13:38:35.0 (31686824)|VARIABLE_ASSIGNMENT|[175]|this.selected|false|0xef84032
13:38:35.0 (31694708)|STATEMENT_EXECUTE|[180]
13:38:35.0 (31706221)|VARIABLE_ASSIGNMENT|[EXTERNAL]|this|{"selected":false}|0xef84032
13:38:35.0 (31715663)|VARIABLE_ASSIGNMENT|[EXTERNAL]|value|45000000
13:38:35.0 (31722910)|VARIABLE_ASSIGNMENT|[176]|this.t|45000000|0xef84032
13:38:35.0 (31736060)|CONSTRUCTOR_EXIT|[83]|01p0H000007gCe8|<init>(Boolean,Time)
13:38:35.0 (31747201)|HEAP_ALLOCATE|[EXTERNAL]|Bytes:4
13:38:35.0 (31759485)|HEAP_ALLOCATE|[76]|Bytes:28
13:38:35.0 (31763196)|HEAP_ALLOCATE|[76]|Bytes:28
13:38:35.0 (31784418)|STATEMENT_EXECUTE|[76]
13:38:35.0 (31786172)|STATEMENT_EXECUTE|[77]
13:38:35.0 (31795706)|USER_DEBUG|[77]|DEBUG|12:30:00.000Z
13:38:35.0 (31803141)|STATEMENT_EXECUTE|[78]
13:38:35.0 (31812182)|HEAP_ALLOCATE|[78]|Bytes:4
13:38:35.0 (31827845)|VARIABLE_ASSIGNMENT|[78]|t|46800000
13:38:35.0 (31832721)|STATEMENT_EXECUTE|[79]
13:38:35.0 (31837927)|HEAP_ALLOCATE|[79]|Bytes:28
13:38:35.0 (31851169)|HEAP_ALLOCATE|[79]|Bytes:28
13:38:35.0 (31863233)|VARIABLE_ASSIGNMENT|[79]|i1|1.0
13:38:35.0 (31867772)|STATEMENT_EXECUTE|[80]
13:38:35.0 (31897710)|VARIABLE_ASSIGNMENT|[EXTERNAL]|this|{"aptdum":"0x36a7e5f9","Docdum":"0x3ebb2591","Docmap":"0x6b906caf","Initialselected":0,"Selecteddoc":"a260H000001koYjQAI","SelectedtimeSlot":30,"timelist":"0x65721ac5","timewraplist":"0xfa1b173","timewraplistInitial":"0x2368668b"}|0x7be8bddd
13:38:35.0 (31914239)|HEAP_ALLOCATE|[EXTERNAL]|Bytes:4
13:38:35.0 (31927284)|STATEMENT_EXECUTE|[82]
13:38:35.0 (31928935)|STATEMENT_EXECUTE|[83]
13:38:35.0 (31954182)|VARIABLE_ASSIGNMENT|[EXTERNAL]|this|{"aptdum":"0x36a7e5f9","Docdum":"0x3ebb2591","Docmap":"0x6b906caf","Initialselected":0,"Selecteddoc":"a260H000001koYjQAI","SelectedtimeSlot":30,"timelist":"0x65721ac5","timewraplist":"0xfa1b173","timewraplistInitial":"0x2368668b"}|0x7be8bddd
13:38:35.0 (31968284)|HEAP_ALLOCATE|[83]|Bytes:12
13:38:35.0 (31978837)|CONSTRUCTOR_ENTRY|[83]|01p0H000007gCe8|<init>(Boolean,Time)
13:38:35.0 (31985004)|VARIABLE_SCOPE_BEGIN|[178]|this|docappcontroller.Wrapertimeslot|true|false
13:38:35.0 (31998189)|VARIABLE_ASSIGNMENT|[178]|this|{}|0x18cc7521
13:38:35.0 (32004694)|VARIABLE_SCOPE_BEGIN|[178]|selection|Boolean|false|false
13:38:35.0 (32012726)|VARIABLE_ASSIGNMENT|[178]|selection|false
13:38:35.0 (32016174)|VARIABLE_SCOPE_BEGIN|[178]|tm|Time|false|false
13:38:35.0 (32024187)|VARIABLE_ASSIGNMENT|[178]|tm|46800000
13:38:35.0 (32028619)|STATEMENT_EXECUTE|[174]
13:38:35.0 (32030204)|STATEMENT_EXECUTE|[175]
13:38:35.0 (32031700)|STATEMENT_EXECUTE|[176]
13:38:35.0 (32041338)|STATEMENT_EXECUTE|[178]
13:38:35.0 (32042886)|STATEMENT_EXECUTE|[179]
13:38:35.0 (32054367)|VARIABLE_ASSIGNMENT|[EXTERNAL]|this|{}|0x18cc7521
13:38:35.0 (32063038)|VARIABLE_ASSIGNMENT|[EXTERNAL]|value|false
13:38:35.0 (32067902)|HEAP_ALLOCATE|[175]|Bytes:5
13:38:35.0 (32073903)|VARIABLE_ASSIGNMENT|[175]|this.selected|false|0x18cc7521
13:38:35.0 (32080641)|STATEMENT_EXECUTE|[180]
13:38:35.0 (32092060)|VARIABLE_ASSIGNMENT|[EXTERNAL]|this|{"selected":false}|0x18cc7521
13:38:35.0 (32101296)|VARIABLE_ASSIGNMENT|[EXTERNAL]|value|46800000
13:38:35.0 (32108392)|VARIABLE_ASSIGNMENT|[176]|this.t|46800000|0x18cc7521
13:38:35.0 (32121722)|CONSTRUCTOR_EXIT|[83]|01p0H000007gCe8|<init>(Boolean,Time)
13:38:35.0 (32130477)|HEAP_ALLOCATE|[EXTERNAL]|Bytes:4
13:38:35.0 (32141910)|HEAP_ALLOCATE|[76]|Bytes:28
13:38:35.0 (32145720)|HEAP_ALLOCATE|[76]|Bytes:28
13:38:35.0 (32163532)|STATEMENT_EXECUTE|[76]
13:38:35.0 (32165382)|STATEMENT_EXECUTE|[77]
13:38:35.0 (32173795)|USER_DEBUG|[77]|DEBUG|13:00:00.000Z
13:38:35.0 (32180736)|STATEMENT_EXECUTE|[78]
13:38:35.0 (32188949)|HEAP_ALLOCATE|[78]|Bytes:4
13:38:35.0 (32202312)|VARIABLE_ASSIGNMENT|[78]|t|48600000
13:38:35.0 (32206465)|STATEMENT_EXECUTE|[79]
13:38:35.0 (32211674)|HEAP_ALLOCATE|[79]|Bytes:28
13:38:35.0 (32224126)|HEAP_ALLOCATE|[79]|Bytes:28
13:38:35.0 (32235571)|VARIABLE_ASSIGNMENT|[79]|i1|1.5
13:38:35.0 (32239824)|STATEMENT_EXECUTE|[80]
13:38:35.0 (32267289)|VARIABLE_ASSIGNMENT|[EXTERNAL]|this|{"aptdum":"0x36a7e5f9","Docdum":"0x3ebb2591","Docmap":"0x6b906caf","Initialselected":0,"Selecteddoc":"a260H000001koYjQAI","SelectedtimeSlot":30,"timelist":"0x65721ac5","timewraplist":"0xfa1b173","timewraplistInitial":"0x2368668b"}|0x7be8bddd
13:38:35.0 (32282963)|HEAP_ALLOCATE|[EXTERNAL]|Bytes:4
13:38:35.0 (32295838)|STATEMENT_EXECUTE|[82]
13:38:35.0 (32297523)|STATEMENT_EXECUTE|[83]
13:38:35.0 (32322211)|VARIABLE_ASSIGNMENT|[EXTERNAL]|this|{"aptdum":"0x36a7e5f9","Docdum":"0x3ebb2591","Docmap":"0x6b906caf","Initialselected":0,"Selecteddoc":"a260H000001koYjQAI","SelectedtimeSlot":30,"timelist":"0x65721ac5","timewraplist":"0xfa1b173","timewraplistInitial":"0x2368668b"}|0x7be8bddd
13:38:35.0 (32335277)|HEAP_ALLOCATE|[83]|Bytes:12
13:38:35.0 (32345606)|CONSTRUCTOR_ENTRY|[83]|01p0H000007gCe8|<init>(Boolean,Time)
13:38:35.0 (32351613)|VARIABLE_SCOPE_BEGIN|[178]|this|docappcontroller.Wrapertimeslot|true|false
13:38:35.0 (32364169)|VARIABLE_ASSIGNMENT|[178]|this|{}|0x7fc669d2
13:38:35.0 (32370344)|VARIABLE_SCOPE_BEGIN|[178]|selection|Boolean|false|false
13:38:35.0 (32378113)|VARIABLE_ASSIGNMENT|[178]|selection|false
13:38:35.0 (32381831)|VARIABLE_SCOPE_BEGIN|[178]|tm|Time|false|false
13:38:35.0 (32389779)|VARIABLE_ASSIGNMENT|[178]|tm|48600000
13:38:35.0 (32394378)|STATEMENT_EXECUTE|[174]
13:38:35.0 (32396000)|STATEMENT_EXECUTE|[175]
13:38:35.0 (32397530)|STATEMENT_EXECUTE|[176]
13:38:35.0 (32406489)|STATEMENT_EXECUTE|[178]
13:38:35.0 (32408089)|STATEMENT_EXECUTE|[179]
13:38:35.0 (32418779)|VARIABLE_ASSIGNMENT|[EXTERNAL]|this|{}|0x7fc669d2
13:38:35.0 (32427529)|VARIABLE_ASSIGNMENT|[EXTERNAL]|value|false
13:38:35.0 (32437466)|HEAP_ALLOCATE|[175]|Bytes:5
13:38:35.0 (32443560)|VARIABLE_ASSIGNMENT|[175]|this.selected|false|0x7fc669d2
13:38:35.0 (32450753)|STATEMENT_EXECUTE|[180]
13:38:35.0 (32462727)|VARIABLE_ASSIGNMENT|[EXTERNAL]|this|{"selected":false}|0x7fc669d2
13:38:35.0 (32471553)|VARIABLE_ASSIGNMENT|[EXTERNAL]|value|48600000
13:38:35.0 (32478910)|VARIABLE_ASSIGNMENT|[176]|this.t|48600000|0x7fc669d2
13:38:35.0 (32492367)|CONSTRUCTOR_EXIT|[83]|01p0H000007gCe8|<init>(Boolean,Time)
13:38:35.0 (32502027)|HEAP_ALLOCATE|[EXTERNAL]|Bytes:4
13:38:35.0 (32513974)|HEAP_ALLOCATE|[76]|Bytes:28
13:38:35.0 (32517743)|HEAP_ALLOCATE|[76]|Bytes:28
13:38:35.0 (32535718)|STATEMENT_EXECUTE|[76]
13:38:35.0 (32537507)|STATEMENT_EXECUTE|[77]
13:38:35.0 (32545577)|USER_DEBUG|[77]|DEBUG|13:30:00.000Z
13:38:35.0 (32553313)|STATEMENT_EXECUTE|[78]
13:38:35.0 (32561599)|HEAP_ALLOCATE|[78]|Bytes:4
13:38:35.0 (32574590)|VARIABLE_ASSIGNMENT|[78]|t|50400000
13:38:35.0 (32578812)|STATEMENT_EXECUTE|[79]
13:38:35.0 (32583980)|HEAP_ALLOCATE|[79]|Bytes:28
13:38:35.0 (32596358)|HEAP_ALLOCATE|[79]|Bytes:28
13:38:35.0 (32608008)|VARIABLE_ASSIGNMENT|[79]|i1|2.0
13:38:35.0 (32612328)|STATEMENT_EXECUTE|[80]
13:38:35.0 (32640286)|VARIABLE_ASSIGNMENT|[EXTERNAL]|this|{"aptdum":"0x36a7e5f9","Docdum":"0x3ebb2591","Docmap":"0x6b906caf","Initialselected":0,"Selecteddoc":"a260H000001koYjQAI","SelectedtimeSlot":30,"timelist":"0x65721ac5","timewraplist":"0xfa1b173","timewraplistInitial":"0x2368668b"}|0x7be8bddd
13:38:35.0 (32655286)|HEAP_ALLOCATE|[EXTERNAL]|Bytes:4
13:38:35.0 (32667932)|STATEMENT_EXECUTE|[82]
13:38:35.0 (32669735)|STATEMENT_EXECUTE|[83]
13:38:35.0 (32693107)|VARIABLE_ASSIGNMENT|[EXTERNAL]|this|{"aptdum":"0x36a7e5f9","Docdum":"0x3ebb2591","Docmap":"0x6b906caf","Initialselected":0,"Selecteddoc":"a260H000001koYjQAI","SelectedtimeSlot":30,"timelist":"0x65721ac5","timewraplist":"0xfa1b173","timewraplistInitial":"0x2368668b"}|0x7be8bddd
13:38:35.0 (32705938)|HEAP_ALLOCATE|[83]|Bytes:12
13:38:35.0 (32716385)|CONSTRUCTOR_ENTRY|[83]|01p0H000007gCe8|<init>(Boolean,Time)
13:38:35.0 (32721658)|VARIABLE_SCOPE_BEGIN|[178]|this|docappcontroller.Wrapertimeslot|true|false
13:38:35.0 (32734055)|VARIABLE_ASSIGNMENT|[178]|this|{}|0x77935688
13:38:35.0 (32741151)|VARIABLE_SCOPE_BEGIN|[178]|selection|Boolean|false|false
13:38:35.0 (32748670)|VARIABLE_ASSIGNMENT|[178]|selection|false
13:38:35.0 (32752330)|VARIABLE_SCOPE_BEGIN|[178]|tm|Time|false|false
13:38:35.0 (32759875)|VARIABLE_ASSIGNMENT|[178]|tm|50400000
13:38:35.0 (32764580)|STATEMENT_EXECUTE|[174]
13:38:35.0 (32766148)|STATEMENT_EXECUTE|[175]
13:38:35.0 (32767718)|STATEMENT_EXECUTE|[176]
13:38:35.0 (32777179)|STATEMENT_EXECUTE|[178]
13:38:35.0 (32778888)|STATEMENT_EXECUTE|[179]
13:38:35.0 (32789721)|VARIABLE_ASSIGNMENT|[EXTERNAL]|this|{}|0x77935688
13:38:35.0 (32798747)|VARIABLE_ASSIGNMENT|[EXTERNAL]|value|false
13:38:35.0 (32804745)|HEAP_ALLOCATE|[175]|Bytes:5
13:38:35.0 (32810839)|VARIABLE_ASSIGNMENT|[175]|this.selected|false|0x77935688
13:38:35.0 (32817825)|STATEMENT_EXECUTE|[180]
13:38:35.0 (32829013)|VARIABLE_ASSIGNMENT|[EXTERNAL]|this|{"selected":false}|0x77935688
13:38:35.0 (32837972)|VARIABLE_ASSIGNMENT|[EXTERNAL]|value|50400000
13:38:35.0 (32845504)|VARIABLE_ASSIGNMENT|[176]|this.t|50400000|0x77935688
13:38:35.0 (32858657)|CONSTRUCTOR_EXIT|[83]|01p0H000007gCe8|<init>(Boolean,Time)
13:38:35.0 (32867365)|HEAP_ALLOCATE|[EXTERNAL]|Bytes:4
13:38:35.0 (32878570)|HEAP_ALLOCATE|[76]|Bytes:28
13:38:35.0 (32882409)|HEAP_ALLOCATE|[76]|Bytes:28
13:38:35.0 (32899777)|STATEMENT_EXECUTE|[76]
13:38:35.0 (32901579)|STATEMENT_EXECUTE|[77]
13:38:35.0 (32909470)|USER_DEBUG|[77]|DEBUG|14:00:00.000Z
13:38:35.0 (32916170)|STATEMENT_EXECUTE|[78]
13:38:35.0 (32924143)|HEAP_ALLOCATE|[78]|Bytes:4
13:38:35.0 (32937202)|VARIABLE_ASSIGNMENT|[78]|t|52200000
13:38:35.0 (32942000)|STATEMENT_EXECUTE|[79]
13:38:35.0 (32946948)|HEAP_ALLOCATE|[79]|Bytes:28
13:38:35.0 (32959428)|HEAP_ALLOCATE|[79]|Bytes:28
13:38:35.0 (32971136)|VARIABLE_ASSIGNMENT|[79]|i1|2.5
13:38:35.0 (32975921)|STATEMENT_EXECUTE|[80]
13:38:35.0 (33003743)|VARIABLE_ASSIGNMENT|[EXTERNAL]|this|{"aptdum":"0x36a7e5f9","Docdum":"0x3ebb2591","Docmap":"0x6b906caf","Initialselected":0,"Selecteddoc":"a260H000001koYjQAI","SelectedtimeSlot":30,"timelist":"0x65721ac5","timewraplist":"0xfa1b173","timewraplistInitial":"0x2368668b"}|0x7be8bddd
13:38:35.0 (33018800)|HEAP_ALLOCATE|[EXTERNAL]|Bytes:4
13:38:35.0 (33031396)|STATEMENT_EXECUTE|[82]
13:38:35.0 (33033041)|STATEMENT_EXECUTE|[83]
13:38:35.0 (33057047)|VARIABLE_ASSIGNMENT|[EXTERNAL]|this|{"aptdum":"0x36a7e5f9","Docdum":"0x3ebb2591","Docmap":"0x6b906caf","Initialselected":0,"Selecteddoc":"a260H000001koYjQAI","SelectedtimeSlot":30,"timelist":"0x65721ac5","timewraplist":"0xfa1b173","timewraplistInitial":"0x2368668b"}|0x7be8bddd
13:38:35.0 (33069973)|HEAP_ALLOCATE|[83]|Bytes:12
13:38:35.0 (33080151)|CONSTRUCTOR_ENTRY|[83]|01p0H000007gCe8|<init>(Boolean,Time)
13:38:35.0 (33086239)|VARIABLE_SCOPE_BEGIN|[178]|this|docappcontroller.Wrapertimeslot|true|false
13:38:35.0 (33098803)|VARIABLE_ASSIGNMENT|[178]|this|{}|0x69da068a
13:38:35.0 (33105520)|VARIABLE_SCOPE_BEGIN|[178]|selection|Boolean|false|false
13:38:35.0 (33112810)|VARIABLE_ASSIGNMENT|[178]|selection|false
13:38:35.0 (33116403)|VARIABLE_SCOPE_BEGIN|[178]|tm|Time|false|false
13:38:35.0 (33123901)|VARIABLE_ASSIGNMENT|[178]|tm|52200000
13:38:35.0 (33128198)|STATEMENT_EXECUTE|[174]
13:38:35.0 (33129706)|STATEMENT_EXECUTE|[175]
13:38:35.0 (33131230)|STATEMENT_EXECUTE|[176]
13:38:35.0 (33140096)|STATEMENT_EXECUTE|[178]
13:38:35.0 (33141581)|STATEMENT_EXECUTE|[179]
13:38:35.0 (33152524)|VARIABLE_ASSIGNMENT|[EXTERNAL]|this|{}|0x69da068a
13:38:35.0 (33161362)|VARIABLE_ASSIGNMENT|[EXTERNAL]|value|false
13:38:35.0 (33166522)|HEAP_ALLOCATE|[175]|Bytes:5
13:38:35.0 (33172143)|VARIABLE_ASSIGNMENT|[175]|this.selected|false|0x69da068a
13:38:35.0 (33178627)|STATEMENT_EXECUTE|[180]
13:38:35.0 (33189396)|VARIABLE_ASSIGNMENT|[EXTERNAL]|this|{"selected":false}|0x69da068a
13:38:35.0 (33198330)|VARIABLE_ASSIGNMENT|[EXTERNAL]|value|52200000
13:38:35.0 (33205455)|VARIABLE_ASSIGNMENT|[176]|this.t|52200000|0x69da068a
13:38:35.0 (33218194)|CONSTRUCTOR_EXIT|[83]|01p0H000007gCe8|<init>(Boolean,Time)
13:38:35.0 (33226885)|HEAP_ALLOCATE|[EXTERNAL]|Bytes:4
13:38:35.0 (33237537)|HEAP_ALLOCATE|[76]|Bytes:28
13:38:35.0 (33241279)|HEAP_ALLOCATE|[76]|Bytes:28
13:38:35.0 (33258506)|STATEMENT_EXECUTE|[76]
13:38:35.0 (33260201)|STATEMENT_EXECUTE|[77]
13:38:35.0 (33267647)|USER_DEBUG|[77]|DEBUG|14:30:00.000Z
13:38:35.0 (33274547)|STATEMENT_EXECUTE|[78]
13:38:35.0 (33282484)|HEAP_ALLOCATE|[78]|Bytes:4
13:38:35.0 (33295150)|VARIABLE_ASSIGNMENT|[78]|t|54000000
13:38:35.0 (33299267)|STATEMENT_EXECUTE|[79]
13:38:35.0 (33304417)|HEAP_ALLOCATE|[79]|Bytes:28
13:38:35.0 (33316767)|HEAP_ALLOCATE|[79]|Bytes:28
13:38:35.0 (33328046)|VARIABLE_ASSIGNMENT|[79]|i1|3.0
13:38:35.0 (33331873)|STATEMENT_EXECUTE|[80]
13:38:35.0 (33359070)|VARIABLE_ASSIGNMENT|[EXTERNAL]|this|{"aptdum":"0x36a7e5f9","Docdum":"0x3ebb2591","Docmap":"0x6b906caf","Initialselected":0,"Selecteddoc":"a260H000001koYjQAI","SelectedtimeSlot":30,"timelist":"0x65721ac5","timewraplist":"0xfa1b173","timewraplistInitial":"0x2368668b"}|0x7be8bddd
13:38:35.0 (33374822)|HEAP_ALLOCATE|[EXTERNAL]|Bytes:4
13:38:35.0 (33388167)|STATEMENT_EXECUTE|[84]
13:38:35.0 (33389898)|STATEMENT_EXECUTE|[85]
13:38:35.0 (33424541)|VARIABLE_ASSIGNMENT|[EXTERNAL]|this|{"aptdum":"0x36a7e5f9","Docdum":"0x3ebb2591","Docmap":"0x6b906caf","Initialselected":0,"Selecteddoc":"a260H000001koYjQAI","SelectedtimeSlot":30,"timelist":"0x65721ac5","timewraplist":"0xfa1b173","timewraplistInitial":"0x2368668b"}|0x7be8bddd
13:38:35.0 (33443053)|HEAP_ALLOCATE|[85]|Bytes:12
13:38:35.0 (33455197)|CONSTRUCTOR_ENTRY|[85]|01p0H000007gCe8|<init>(Boolean,Time)
13:38:35.0 (33461396)|VARIABLE_SCOPE_BEGIN|[178]|this|docappcontroller.Wrapertimeslot|true|false
13:38:35.0 (33473854)|VARIABLE_ASSIGNMENT|[178]|this|{}|0x244ab2dc
13:38:35.0 (33480496)|VARIABLE_SCOPE_BEGIN|[178]|selection|Boolean|false|false
13:38:35.0 (33487691)|VARIABLE_ASSIGNMENT|[178]|selection|true
13:38:35.0 (33491353)|VARIABLE_SCOPE_BEGIN|[178]|tm|Time|false|false
13:38:35.0 (33499882)|VARIABLE_ASSIGNMENT|[178]|tm|54000000
13:38:35.0 (33504138)|STATEMENT_EXECUTE|[174]
13:38:35.0 (33505670)|STATEMENT_EXECUTE|[175]
13:38:35.0 (33507484)|STATEMENT_EXECUTE|[176]
13:38:35.0 (33516575)|STATEMENT_EXECUTE|[178]
13:38:35.0 (33518143)|STATEMENT_EXECUTE|[179]
13:38:35.0 (33530720)|VARIABLE_ASSIGNMENT|[EXTERNAL]|this|{}|0x244ab2dc
13:38:35.0 (33540575)|VARIABLE_ASSIGNMENT|[EXTERNAL]|value|true
13:38:35.0 (33545999)|HEAP_ALLOCATE|[175]|Bytes:5
13:38:35.0 (33552024)|VARIABLE_ASSIGNMENT|[175]|this.selected|true|0x244ab2dc
13:38:35.0 (33558831)|STATEMENT_EXECUTE|[180]
13:38:35.0 (33569870)|VARIABLE_ASSIGNMENT|[EXTERNAL]|this|{"selected":true}|0x244ab2dc
13:38:35.0 (33578828)|VARIABLE_ASSIGNMENT|[EXTERNAL]|value|54000000
13:38:35.0 (33586162)|VARIABLE_ASSIGNMENT|[176]|this.t|54000000|0x244ab2dc
13:38:35.0 (33599380)|CONSTRUCTOR_EXIT|[85]|01p0H000007gCe8|<init>(Boolean,Time)
13:38:35.0 (33610400)|HEAP_ALLOCATE|[EXTERNAL]|Bytes:4
13:38:35.0 (33616330)|STATEMENT_EXECUTE|[86]
13:38:35.0 (33621706)|HEAP_ALLOCATE|[86]|Bytes:4
13:38:35.0 (33629276)|VARIABLE_ASSIGNMENT|[86]|this.Initialselected|1|0x7be8bddd
13:38:35.0 (33639638)|HEAP_ALLOCATE|[76]|Bytes:28
13:38:35.0 (33643298)|HEAP_ALLOCATE|[76]|Bytes:28
13:38:35.0 (33662756)|STATEMENT_EXECUTE|[76]
13:38:35.0 (33664533)|STATEMENT_EXECUTE|[77]
13:38:35.0 (33672946)|USER_DEBUG|[77]|DEBUG|15:00:00.000Z
13:38:35.0 (33680358)|STATEMENT_EXECUTE|[78]
13:38:35.0 (33688576)|HEAP_ALLOCATE|[78]|Bytes:4
13:38:35.0 (33702091)|VARIABLE_ASSIGNMENT|[78]|t|55800000
13:38:35.0 (33706750)|STATEMENT_EXECUTE|[79]
13:38:35.0 (33711794)|HEAP_ALLOCATE|[79]|Bytes:28
13:38:35.0 (33724612)|HEAP_ALLOCATE|[79]|Bytes:28
13:38:35.0 (33736175)|VARIABLE_ASSIGNMENT|[79]|i1|3.5
13:38:35.0 (33741146)|STATEMENT_EXECUTE|[80]
13:38:35.0 (33769142)|VARIABLE_ASSIGNMENT|[EXTERNAL]|this|{"aptdum":"0x36a7e5f9","Docdum":"0x3ebb2591","Docmap":"0x6b906caf","Initialselected":1,"Selecteddoc":"a260H000001koYjQAI","SelectedtimeSlot":30,"timelist":"0x65721ac5","timewraplist":"0xfa1b173","timewraplistInitial":"0x2368668b"}|0x7be8bddd
13:38:35.0 (33784717)|HEAP_ALLOCATE|[EXTERNAL]|Bytes:4
13:38:35.0 (33797479)|STATEMENT_EXECUTE|[84]
13:38:35.0 (33799149)|STATEMENT_EXECUTE|[85]
13:38:35.0 (33822676)|VARIABLE_ASSIGNMENT|[EXTERNAL]|this|{"aptdum":"0x36a7e5f9","Docdum":"0x3ebb2591","Docmap":"0x6b906caf","Initialselected":1,"Selecteddoc":"a260H000001koYjQAI","SelectedtimeSlot":30,"timelist":"0x65721ac5","timewraplist":"0xfa1b173","timewraplistInitial":"0x2368668b"}|0x7be8bddd
13:38:35.0 (33836684)|HEAP_ALLOCATE|[85]|Bytes:12
13:38:35.0 (33847343)|CONSTRUCTOR_ENTRY|[85]|01p0H000007gCe8|<init>(Boolean,Time)
13:38:35.0 (33853295)|VARIABLE_SCOPE_BEGIN|[178]|this|docappcontroller.Wrapertimeslot|true|false
13:38:35.0 (33865958)|VARIABLE_ASSIGNMENT|[178]|this|{}|0x661a4eff
13:38:35.0 (33873014)|VARIABLE_SCOPE_BEGIN|[178]|selection|Boolean|false|false
13:38:35.0 (33880416)|VARIABLE_ASSIGNMENT|[178]|selection|true
13:38:35.0 (33884256)|VARIABLE_SCOPE_BEGIN|[178]|tm|Time|false|false
13:38:35.0 (33892138)|VARIABLE_ASSIGNMENT|[178]|tm|55800000
13:38:35.0 (33896219)|STATEMENT_EXECUTE|[174]
13:38:35.0 (33897786)|STATEMENT_EXECUTE|[175]
13:38:35.0 (33899290)|STATEMENT_EXECUTE|[176]
13:38:35.0 (33908218)|STATEMENT_EXECUTE|[178]
13:38:35.0 (33909716)|STATEMENT_EXECUTE|[179]
13:38:35.0 (33920800)|VARIABLE_ASSIGNMENT|[EXTERNAL]|this|{}|0x661a4eff
13:38:35.0 (33934496)|VARIABLE_ASSIGNMENT|[EXTERNAL]|value|true
13:38:35.0 (33940096)|HEAP_ALLOCATE|[175]|Bytes:5
13:38:35.0 (33946482)|VARIABLE_ASSIGNMENT|[175]|this.selected|true|0x661a4eff
13:38:35.0 (33954539)|STATEMENT_EXECUTE|[180]
13:38:35.0 (33966355)|VARIABLE_ASSIGNMENT|[EXTERNAL]|this|{"selected":true}|0x661a4eff
13:38:35.0 (33975506)|VARIABLE_ASSIGNMENT|[EXTERNAL]|value|55800000
13:38:35.0 (33982674)|VARIABLE_ASSIGNMENT|[176]|this.t|55800000|0x661a4eff
13:38:35.0 (33996117)|CONSTRUCTOR_EXIT|[85]|01p0H000007gCe8|<init>(Boolean,Time)
13:38:35.0 (34005297)|HEAP_ALLOCATE|[EXTERNAL]|Bytes:4
13:38:35.0 (34011965)|STATEMENT_EXECUTE|[86]
13:38:35.0 (34015490)|HEAP_ALLOCATE|[86]|Bytes:4
13:38:35.0 (34022286)|VARIABLE_ASSIGNMENT|[86]|this.Initialselected|2|0x7be8bddd
13:38:35.0 (34032733)|HEAP_ALLOCATE|[76]|Bytes:28
13:38:35.0 (34036670)|HEAP_ALLOCATE|[76]|Bytes:28
13:38:35.0 (34055176)|STATEMENT_EXECUTE|[76]
13:38:35.0 (34056927)|STATEMENT_EXECUTE|[77]
13:38:35.0 (34064757)|USER_DEBUG|[77]|DEBUG|15:30:00.000Z
13:38:35.0 (34071580)|STATEMENT_EXECUTE|[78]
13:38:35.0 (34080177)|HEAP_ALLOCATE|[78]|Bytes:4
13:38:35.0 (34103599)|VARIABLE_ASSIGNMENT|[78]|t|57600000
13:38:35.0 (34112028)|STATEMENT_EXECUTE|[79]
13:38:35.0 (34119744)|HEAP_ALLOCATE|[79]|Bytes:28
13:38:35.0 (34137117)|HEAP_ALLOCATE|[79]|Bytes:28
13:38:35.0 (34156105)|VARIABLE_ASSIGNMENT|[79]|i1|4.0
13:38:35.0 (34160885)|STATEMENT_EXECUTE|[80]
13:38:35.0 (34194249)|VARIABLE_ASSIGNMENT|[EXTERNAL]|this|{"aptdum":"0x36a7e5f9","Docdum":"0x3ebb2591","Docmap":"0x6b906caf","Initialselected":2,"Selecteddoc":"a260H000001koYjQAI","SelectedtimeSlot":30,"timelist":"0x65721ac5","timewraplist":"0xfa1b173","timewraplistInitial":"0x2368668b"}|0x7be8bddd
13:38:35.0 (34212513)|HEAP_ALLOCATE|[EXTERNAL]|Bytes:4
13:38:35.0 (34226705)|STATEMENT_EXECUTE|[84]
13:38:35.0 (34228373)|STATEMENT_EXECUTE|[85]
13:38:35.0 (34252812)|VARIABLE_ASSIGNMENT|[EXTERNAL]|this|{"aptdum":"0x36a7e5f9","Docdum":"0x3ebb2591","Docmap":"0x6b906caf","Initialselected":2,"Selecteddoc":"a260H000001koYjQAI","SelectedtimeSlot":30,"timelist":"0x65721ac5","timewraplist":"0xfa1b173","timewraplistInitial":"0x2368668b"}|0x7be8bddd
13:38:35.0 (34266722)|HEAP_ALLOCATE|[85]|Bytes:12
13:38:35.0 (34278882)|CONSTRUCTOR_ENTRY|[85]|01p0H000007gCe8|<init>(Boolean,Time)
13:38:35.0 (34284695)|VARIABLE_SCOPE_BEGIN|[178]|this|docappcontroller.Wrapertimeslot|true|false
13:38:35.0 (34297889)|VARIABLE_ASSIGNMENT|[178]|this|{}|0x36d4603f
13:38:35.0 (34304796)|VARIABLE_SCOPE_BEGIN|[178]|selection|Boolean|false|false
13:38:35.0 (34313380)|VARIABLE_ASSIGNMENT|[178]|selection|true
13:38:35.0 (34318140)|VARIABLE_SCOPE_BEGIN|[178]|tm|Time|false|false
13:38:35.0 (34327305)|VARIABLE_ASSIGNMENT|[178]|tm|57600000
13:38:35.0 (34332553)|STATEMENT_EXECUTE|[174]
13:38:35.0 (34334134)|STATEMENT_EXECUTE|[175]
13:38:35.0 (34335766)|STATEMENT_EXECUTE|[176]
13:38:35.0 (34346086)|STATEMENT_EXECUTE|[178]
13:38:35.0 (34347667)|STATEMENT_EXECUTE|[179]
13:38:35.0 (34359039)|VARIABLE_ASSIGNMENT|[EXTERNAL]|this|{}|0x36d4603f
13:38:35.0 (34371051)|VARIABLE_ASSIGNMENT|[EXTERNAL]|value|true
13:38:35.0 (34376473)|HEAP_ALLOCATE|[175]|Bytes:5
13:38:35.0 (34383332)|VARIABLE_ASSIGNMENT|[175]|this.selected|true|0x36d4603f
13:38:35.0 (34391145)|STATEMENT_EXECUTE|[180]
13:38:35.0 (34402992)|VARIABLE_ASSIGNMENT|[EXTERNAL]|this|{"selected":true}|0x36d4603f
13:38:35.0 (34411876)|VARIABLE_ASSIGNMENT|[EXTERNAL]|value|57600000
13:38:35.0 (34419351)|VARIABLE_ASSIGNMENT|[176]|this.t|57600000|0x36d4603f
13:38:35.0 (34432688)|CONSTRUCTOR_EXIT|[85]|01p0H000007gCe8|<init>(Boolean,Time)
13:38:35.0 (34447507)|HEAP_ALLOCATE|[EXTERNAL]|Bytes:4
13:38:35.0 (34453129)|STATEMENT_EXECUTE|[86]
13:38:35.0 (34456721)|HEAP_ALLOCATE|[86]|Bytes:4
13:38:35.0 (34463767)|VARIABLE_ASSIGNMENT|[86]|this.Initialselected|3|0x7be8bddd
13:38:35.0 (34475102)|HEAP_ALLOCATE|[76]|Bytes:28
13:38:35.0 (34478730)|HEAP_ALLOCATE|[76]|Bytes:28
13:38:35.0 (34498240)|STATEMENT_EXECUTE|[76]
13:38:35.0 (34500049)|STATEMENT_EXECUTE|[77]
13:38:35.0 (34509083)|USER_DEBUG|[77]|DEBUG|16:00:00.000Z
13:38:35.0 (34516910)|STATEMENT_EXECUTE|[78]
13:38:35.0 (34525958)|HEAP_ALLOCATE|[78]|Bytes:4
13:38:35.0 (34538881)|VARIABLE_ASSIGNMENT|[78]|t|59400000
13:38:35.0 (34543235)|STATEMENT_EXECUTE|[79]
13:38:35.0 (34548534)|HEAP_ALLOCATE|[79]|Bytes:28
13:38:35.0 (34561429)|HEAP_ALLOCATE|[79]|Bytes:28
13:38:35.0 (34572792)|VARIABLE_ASSIGNMENT|[79]|i1|4.5
13:38:35.0 (34577155)|STATEMENT_EXECUTE|[80]
13:38:35.0 (34605864)|VARIABLE_ASSIGNMENT|[EXTERNAL]|this|{"aptdum":"0x36a7e5f9","Docdum":"0x3ebb2591","Docmap":"0x6b906caf","Initialselected":3,"Selecteddoc":"a260H000001koYjQAI","SelectedtimeSlot":30,"timelist":"0x65721ac5","timewraplist":"0xfa1b173","timewraplistInitial":"0x2368668b"}|0x7be8bddd
13:38:35.0 (34622446)|HEAP_ALLOCATE|[EXTERNAL]|Bytes:4
13:38:35.0 (34635152)|STATEMENT_EXECUTE|[84]
13:38:35.0 (34636765)|STATEMENT_EXECUTE|[85]
13:38:35.0 (34662322)|VARIABLE_ASSIGNMENT|[EXTERNAL]|this|{"aptdum":"0x36a7e5f9","Docdum":"0x3ebb2591","Docmap":"0x6b906caf","Initialselected":3,"Selecteddoc":"a260H000001koYjQAI","SelectedtimeSlot":30,"timelist":"0x65721ac5","timewraplist":"0xfa1b173","timewraplistInitial":"0x2368668b"}|0x7be8bddd
13:38:35.0 (34675563)|HEAP_ALLOCATE|[85]|Bytes:12
13:38:35.0 (34686018)|CONSTRUCTOR_ENTRY|[85]|01p0H000007gCe8|<init>(Boolean,Time)
13:38:35.0 (34691774)|VARIABLE_SCOPE_BEGIN|[178]|this|docappcontroller.Wrapertimeslot|true|false
13:38:35.0 (34704421)|VARIABLE_ASSIGNMENT|[178]|this|{}|0x16ec385f
13:38:35.0 (34712061)|VARIABLE_SCOPE_BEGIN|[178]|selection|Boolean|false|false
13:38:35.0 (34719815)|VARIABLE_ASSIGNMENT|[178]|selection|true
13:38:35.0 (34724628)|VARIABLE_SCOPE_BEGIN|[178]|tm|Time|false|false
13:38:35.0 (34735221)|VARIABLE_ASSIGNMENT|[178]|tm|59400000
13:38:35.0 (34742855)|STATEMENT_EXECUTE|[174]
13:38:35.0 (34745106)|STATEMENT_EXECUTE|[175]
13:38:35.0 (34747100)|STATEMENT_EXECUTE|[176]
13:38:35.0 (34760024)|STATEMENT_EXECUTE|[178]
13:38:35.0 (34762375)|STATEMENT_EXECUTE|[179]
13:38:35.0 (34777979)|VARIABLE_ASSIGNMENT|[EXTERNAL]|this|{}|0x16ec385f
13:38:35.0 (34790367)|VARIABLE_ASSIGNMENT|[EXTERNAL]|value|true
13:38:35.0 (34796851)|HEAP_ALLOCATE|[175]|Bytes:5
13:38:35.0 (34803098)|VARIABLE_ASSIGNMENT|[175]|this.selected|true|0x16ec385f
13:38:35.0 (34811401)|STATEMENT_EXECUTE|[180]
13:38:35.0 (34823160)|VARIABLE_ASSIGNMENT|[EXTERNAL]|this|{"selected":true}|0x16ec385f
13:38:35.0 (34832193)|VARIABLE_ASSIGNMENT|[EXTERNAL]|value|59400000
13:38:35.0 (34839907)|VARIABLE_ASSIGNMENT|[176]|this.t|59400000|0x16ec385f
13:38:35.0 (34853529)|CONSTRUCTOR_EXIT|[85]|01p0H000007gCe8|<init>(Boolean,Time)
13:38:35.0 (34863720)|HEAP_ALLOCATE|[EXTERNAL]|Bytes:4
13:38:35.0 (34869807)|STATEMENT_EXECUTE|[86]
13:38:35.0 (34874314)|HEAP_ALLOCATE|[86]|Bytes:4
13:38:35.0 (34883617)|VARIABLE_ASSIGNMENT|[86]|this.Initialselected|4|0x7be8bddd
13:38:35.0 (34897614)|HEAP_ALLOCATE|[76]|Bytes:28
13:38:35.0 (34902937)|HEAP_ALLOCATE|[76]|Bytes:28
13:38:35.0 (34921824)|STATEMENT_EXECUTE|[76]
13:38:35.0 (34923611)|STATEMENT_EXECUTE|[77]
13:38:35.0 (34932716)|USER_DEBUG|[77]|DEBUG|16:30:00.000Z
13:38:35.0 (34939580)|STATEMENT_EXECUTE|[78]
13:38:35.0 (34948277)|HEAP_ALLOCATE|[78]|Bytes:4
13:38:35.0 (34961491)|VARIABLE_ASSIGNMENT|[78]|t|61200000
13:38:35.0 (34965684)|STATEMENT_EXECUTE|[79]
13:38:35.0 (34970686)|HEAP_ALLOCATE|[79]|Bytes:28
13:38:35.0 (34983299)|HEAP_ALLOCATE|[79]|Bytes:28
13:38:35.0 (34994635)|VARIABLE_ASSIGNMENT|[79]|i1|5.0
13:38:35.0 (34998660)|STATEMENT_EXECUTE|[80]
13:38:35.0 (35027842)|VARIABLE_ASSIGNMENT|[EXTERNAL]|this|{"aptdum":"0x36a7e5f9","Docdum":"0x3ebb2591","Docmap":"0x6b906caf","Initialselected":4,"Selecteddoc":"a260H000001koYjQAI","SelectedtimeSlot":30,"timelist":"0x65721ac5","timewraplist":"0xfa1b173","timewraplistInitial":"0x2368668b"}|0x7be8bddd
13:38:35.0 (35044315)|HEAP_ALLOCATE|[EXTERNAL]|Bytes:4
13:38:35.0 (35057571)|STATEMENT_EXECUTE|[82]
13:38:35.0 (35059207)|STATEMENT_EXECUTE|[83]
13:38:35.0 (35084302)|VARIABLE_ASSIGNMENT|[EXTERNAL]|this|{"aptdum":"0x36a7e5f9","Docdum":"0x3ebb2591","Docmap":"0x6b906caf","Initialselected":4,"Selecteddoc":"a260H000001koYjQAI","SelectedtimeSlot":30,"timelist":"0x65721ac5","timewraplist":"0xfa1b173","timewraplistInitial":"0x2368668b"}|0x7be8bddd
13:38:35.0 (35097526)|HEAP_ALLOCATE|[83]|Bytes:12
13:38:35.0 (35108013)|CONSTRUCTOR_ENTRY|[83]|01p0H000007gCe8|<init>(Boolean,Time)
13:38:35.0 (35113466)|VARIABLE_SCOPE_BEGIN|[178]|this|docappcontroller.Wrapertimeslot|true|false
13:38:35.0 (35125901)|VARIABLE_ASSIGNMENT|[178]|this|{}|0x7657028d
13:38:35.0 (35132805)|VARIABLE_SCOPE_BEGIN|[178]|selection|Boolean|false|false
13:38:35.0 (35140204)|VARIABLE_ASSIGNMENT|[178]|selection|false
13:38:35.0 (35144335)|VARIABLE_SCOPE_BEGIN|[178]|tm|Time|false|false
13:38:35.0 (35152495)|VARIABLE_ASSIGNMENT|[178]|tm|61200000
13:38:35.0 (35156862)|STATEMENT_EXECUTE|[174]
13:38:35.0 (35158456)|STATEMENT_EXECUTE|[175]
13:38:35.0 (35159950)|STATEMENT_EXECUTE|[176]
13:38:35.0 (35168926)|STATEMENT_EXECUTE|[178]
13:38:35.0 (35170564)|STATEMENT_EXECUTE|[179]
13:38:35.0 (35181539)|VARIABLE_ASSIGNMENT|[EXTERNAL]|this|{}|0x7657028d
13:38:35.0 (35190629)|VARIABLE_ASSIGNMENT|[EXTERNAL]|value|false
13:38:35.0 (35195972)|HEAP_ALLOCATE|[175]|Bytes:5
13:38:35.0 (35201711)|VARIABLE_ASSIGNMENT|[175]|this.selected|false|0x7657028d
13:38:35.0 (35208552)|STATEMENT_EXECUTE|[180]
13:38:35.0 (35219579)|VARIABLE_ASSIGNMENT|[EXTERNAL]|this|{"selected":false}|0x7657028d
13:38:35.0 (35228358)|VARIABLE_ASSIGNMENT|[EXTERNAL]|value|61200000
13:38:35.0 (35235696)|VARIABLE_ASSIGNMENT|[176]|this.t|61200000|0x7657028d
13:38:35.0 (35249391)|CONSTRUCTOR_EXIT|[83]|01p0H000007gCe8|<init>(Boolean,Time)
13:38:35.0 (35259001)|HEAP_ALLOCATE|[EXTERNAL]|Bytes:4
13:38:35.0 (35269808)|HEAP_ALLOCATE|[76]|Bytes:28
13:38:35.0 (35274182)|HEAP_ALLOCATE|[76]|Bytes:28
13:38:35.0 (35291716)|STATEMENT_EXECUTE|[76]
13:38:35.0 (35293569)|STATEMENT_EXECUTE|[77]
13:38:35.0 (35301527)|USER_DEBUG|[77]|DEBUG|17:00:00.000Z
13:38:35.0 (35308370)|STATEMENT_EXECUTE|[78]
13:38:35.0 (35316454)|HEAP_ALLOCATE|[78]|Bytes:4
13:38:35.0 (35329005)|VARIABLE_ASSIGNMENT|[78]|t|63000000
13:38:35.0 (35333984)|STATEMENT_EXECUTE|[79]
13:38:35.0 (35338887)|HEAP_ALLOCATE|[79]|Bytes:28
13:38:35.0 (35350966)|HEAP_ALLOCATE|[79]|Bytes:28
13:38:35.0 (35362907)|VARIABLE_ASSIGNMENT|[79]|i1|5.5
13:38:35.0 (35368528)|STATEMENT_EXECUTE|[80]
13:38:35.0 (35396902)|VARIABLE_ASSIGNMENT|[EXTERNAL]|this|{"aptdum":"0x36a7e5f9","Docdum":"0x3ebb2591","Docmap":"0x6b906caf","Initialselected":4,"Selecteddoc":"a260H000001koYjQAI","SelectedtimeSlot":30,"timelist":"0x65721ac5","timewraplist":"0xfa1b173","timewraplistInitial":"0x2368668b"}|0x7be8bddd
13:38:35.0 (35412161)|HEAP_ALLOCATE|[EXTERNAL]|Bytes:4
13:38:35.0 (35425016)|STATEMENT_EXECUTE|[82]
13:38:35.0 (35426966)|STATEMENT_EXECUTE|[83]
13:38:35.0 (35455742)|VARIABLE_ASSIGNMENT|[EXTERNAL]|this|{"aptdum":"0x36a7e5f9","Docdum":"0x3ebb2591","Docmap":"0x6b906caf","Initialselected":4,"Selecteddoc":"a260H000001koYjQAI","SelectedtimeSlot":30,"timelist":"0x65721ac5","timewraplist":"0xfa1b173","timewraplistInitial":"0x2368668b"}|0x7be8bddd
13:38:35.0 (35469364)|HEAP_ALLOCATE|[83]|Bytes:12
13:38:35.0 (35480810)|CONSTRUCTOR_ENTRY|[83]|01p0H000007gCe8|<init>(Boolean,Time)
13:38:35.0 (35486210)|VARIABLE_SCOPE_BEGIN|[178]|this|docappcontroller.Wrapertimeslot|true|false
13:38:35.0 (35498398)|VARIABLE_ASSIGNMENT|[178]|this|{}|0x17ff84cf
13:38:35.0 (35505017)|VARIABLE_SCOPE_BEGIN|[178]|selection|Boolean|false|false
13:38:35.0 (35513017)|VARIABLE_ASSIGNMENT|[178]|selection|false
13:38:35.0 (35516729)|VARIABLE_SCOPE_BEGIN|[178]|tm|Time|false|false
13:38:35.0 (35524320)|VARIABLE_ASSIGNMENT|[178]|tm|63000000
13:38:35.0 (35528950)|STATEMENT_EXECUTE|[174]
13:38:35.0 (35530501)|STATEMENT_EXECUTE|[175]
13:38:35.0 (35532025)|STATEMENT_EXECUTE|[176]
13:38:35.0 (35540778)|STATEMENT_EXECUTE|[178]
13:38:35.0 (35542322)|STATEMENT_EXECUTE|[179]
13:38:35.0 (35553973)|VARIABLE_ASSIGNMENT|[EXTERNAL]|this|{}|0x17ff84cf
13:38:35.0 (35562799)|VARIABLE_ASSIGNMENT|[EXTERNAL]|value|false
13:38:35.0 (35567858)|HEAP_ALLOCATE|[175]|Bytes:5
13:38:35.0 (35573981)|VARIABLE_ASSIGNMENT|[175]|this.selected|false|0x17ff84cf
13:38:35.0 (35580850)|STATEMENT_EXECUTE|[180]
13:38:35.0 (35591908)|VARIABLE_ASSIGNMENT|[EXTERNAL]|this|{"selected":false}|0x17ff84cf
13:38:35.0 (35600970)|VARIABLE_ASSIGNMENT|[EXTERNAL]|value|63000000
13:38:35.0 (35608406)|VARIABLE_ASSIGNMENT|[176]|this.t|63000000|0x17ff84cf
13:38:35.0 (35621567)|CONSTRUCTOR_EXIT|[83]|01p0H000007gCe8|<init>(Boolean,Time)
13:38:35.0 (35630121)|HEAP_ALLOCATE|[EXTERNAL]|Bytes:4
13:38:35.0 (35640842)|HEAP_ALLOCATE|[76]|Bytes:28
13:38:35.0 (35645060)|HEAP_ALLOCATE|[76]|Bytes:28
13:38:35.0 (35662594)|STATEMENT_EXECUTE|[76]
13:38:35.0 (35664373)|STATEMENT_EXECUTE|[77]
13:38:35.0 (35672536)|USER_DEBUG|[77]|DEBUG|17:30:00.000Z
13:38:35.0 (35679203)|STATEMENT_EXECUTE|[78]
13:38:35.0 (35687514)|HEAP_ALLOCATE|[78]|Bytes:4
13:38:35.0 (35700244)|VARIABLE_ASSIGNMENT|[78]|t|64800000
13:38:35.0 (35704571)|STATEMENT_EXECUTE|[79]
13:38:35.0 (35709660)|HEAP_ALLOCATE|[79]|Bytes:28
13:38:35.0 (35721646)|HEAP_ALLOCATE|[79]|Bytes:28
13:38:35.0 (35732641)|VARIABLE_ASSIGNMENT|[79]|i1|6.0
13:38:35.0 (35737544)|STATEMENT_EXECUTE|[80]
13:38:35.0 (35765513)|VARIABLE_ASSIGNMENT|[EXTERNAL]|this|{"aptdum":"0x36a7e5f9","Docdum":"0x3ebb2591","Docmap":"0x6b906caf","Initialselected":4,"Selecteddoc":"a260H000001koYjQAI","SelectedtimeSlot":30,"timelist":"0x65721ac5","timewraplist":"0xfa1b173","timewraplistInitial":"0x2368668b"}|0x7be8bddd
13:38:35.0 (35780284)|HEAP_ALLOCATE|[EXTERNAL]|Bytes:4
13:38:35.0 (35792398)|STATEMENT_EXECUTE|[82]
13:38:35.0 (35793918)|STATEMENT_EXECUTE|[83]
13:38:35.0 (35818198)|VARIABLE_ASSIGNMENT|[EXTERNAL]|this|{"aptdum":"0x36a7e5f9","Docdum":"0x3ebb2591","Docmap":"0x6b906caf","Initialselected":4,"Selecteddoc":"a260H000001koYjQAI","SelectedtimeSlot":30,"timelist":"0x65721ac5","timewraplist":"0xfa1b173","timewraplistInitial":"0x2368668b"}|0x7be8bddd
13:38:35.0 (35830932)|HEAP_ALLOCATE|[83]|Bytes:12
13:38:35.0 (35841593)|CONSTRUCTOR_ENTRY|[83]|01p0H000007gCe8|<init>(Boolean,Time)
13:38:35.0 (35847336)|VARIABLE_SCOPE_BEGIN|[178]|this|docappcontroller.Wrapertimeslot|true|false
13:38:35.0 (35859126)|VARIABLE_ASSIGNMENT|[178]|this|{}|0x139f14c3
13:38:35.0 (35865830)|VARIABLE_SCOPE_BEGIN|[178]|selection|Boolean|false|false
13:38:35.0 (35873142)|VARIABLE_ASSIGNMENT|[178]|selection|false
13:38:35.0 (35876980)|VARIABLE_SCOPE_BEGIN|[178]|tm|Time|false|false
13:38:35.0 (35885059)|VARIABLE_ASSIGNMENT|[178]|tm|64800000
13:38:35.0 (35889451)|STATEMENT_EXECUTE|[174]
13:38:35.0 (35891005)|STATEMENT_EXECUTE|[175]
13:38:35.0 (35892608)|STATEMENT_EXECUTE|[176]
13:38:35.0 (35901360)|STATEMENT_EXECUTE|[178]
13:38:35.0 (35902931)|STATEMENT_EXECUTE|[179]
13:38:35.0 (35913994)|VARIABLE_ASSIGNMENT|[EXTERNAL]|this|{}|0x139f14c3
13:38:35.0 (35923147)|VARIABLE_ASSIGNMENT|[EXTERNAL]|value|false
13:38:35.0 (35928936)|HEAP_ALLOCATE|[175]|Bytes:5
13:38:35.0 (35934404)|VARIABLE_ASSIGNMENT|[175]|this.selected|false|0x139f14c3
13:38:35.0 (35941259)|STATEMENT_EXECUTE|[180]
13:38:35.0 (35952161)|VARIABLE_ASSIGNMENT|[EXTERNAL]|this|{"selected":false}|0x139f14c3
13:38:35.0 (35961147)|VARIABLE_ASSIGNMENT|[EXTERNAL]|value|64800000
13:38:35.0 (35968593)|VARIABLE_ASSIGNMENT|[176]|this.t|64800000|0x139f14c3
13:38:35.0 (35981050)|CONSTRUCTOR_EXIT|[83]|01p0H000007gCe8|<init>(Boolean,Time)
13:38:35.0 (35989300)|HEAP_ALLOCATE|[EXTERNAL]|Bytes:4
13:38:35.0 (36000177)|HEAP_ALLOCATE|[76]|Bytes:28
13:38:35.0 (36004877)|HEAP_ALLOCATE|[76]|Bytes:28
13:38:35.0 (36022118)|STATEMENT_EXECUTE|[76]
13:38:35.0 (36024134)|STATEMENT_EXECUTE|[77]
13:38:35.0 (36031734)|USER_DEBUG|[77]|DEBUG|18:00:00.000Z
13:38:35.0 (36038500)|STATEMENT_EXECUTE|[78]
13:38:35.0 (36046556)|HEAP_ALLOCATE|[78]|Bytes:4
13:38:35.0 (36059644)|VARIABLE_ASSIGNMENT|[78]|t|66600000
13:38:35.0 (36063870)|STATEMENT_EXECUTE|[79]
13:38:35.0 (36068452)|HEAP_ALLOCATE|[79]|Bytes:28
13:38:35.0 (36080384)|HEAP_ALLOCATE|[79]|Bytes:28
13:38:35.0 (36091268)|VARIABLE_ASSIGNMENT|[79]|i1|6.5
13:38:35.0 (36095221)|STATEMENT_EXECUTE|[80]
13:38:35.0 (36122981)|VARIABLE_ASSIGNMENT|[EXTERNAL]|this|{"aptdum":"0x36a7e5f9","Docdum":"0x3ebb2591","Docmap":"0x6b906caf","Initialselected":4,"Selecteddoc":"a260H000001koYjQAI","SelectedtimeSlot":30,"timelist":"0x65721ac5","timewraplist":"0xfa1b173","timewraplistInitial":"0x2368668b"}|0x7be8bddd
13:38:35.0 (36138285)|HEAP_ALLOCATE|[EXTERNAL]|Bytes:4
13:38:35.0 (36150816)|STATEMENT_EXECUTE|[82]
13:38:35.0 (36152347)|STATEMENT_EXECUTE|[83]
13:38:35.0 (36176713)|VARIABLE_ASSIGNMENT|[EXTERNAL]|this|{"aptdum":"0x36a7e5f9","Docdum":"0x3ebb2591","Docmap":"0x6b906caf","Initialselected":4,"Selecteddoc":"a260H000001koYjQAI","SelectedtimeSlot":30,"timelist":"0x65721ac5","timewraplist":"0xfa1b173","timewraplistInitial":"0x2368668b"}|0x7be8bddd
13:38:35.0 (36189126)|HEAP_ALLOCATE|[83]|Bytes:12
13:38:35.0 (36199744)|CONSTRUCTOR_ENTRY|[83]|01p0H000007gCe8|<init>(Boolean,Time)
13:38:35.0 (36204968)|VARIABLE_SCOPE_BEGIN|[178]|this|docappcontroller.Wrapertimeslot|true|false
13:38:35.0 (36217531)|VARIABLE_ASSIGNMENT|[178]|this|{}|0x7b4e4bde
13:38:35.0 (36224262)|VARIABLE_SCOPE_BEGIN|[178]|selection|Boolean|false|false
13:38:35.0 (36231592)|VARIABLE_ASSIGNMENT|[178]|selection|false
13:38:35.0 (36235536)|VARIABLE_SCOPE_BEGIN|[178]|tm|Time|false|false
13:38:35.0 (36243612)|VARIABLE_ASSIGNMENT|[178]|tm|66600000
13:38:35.0 (36247846)|STATEMENT_EXECUTE|[174]
13:38:35.0 (36249371)|STATEMENT_EXECUTE|[175]
13:38:35.0 (36250827)|STATEMENT_EXECUTE|[176]
13:38:35.0 (36259474)|STATEMENT_EXECUTE|[178]
13:38:35.0 (36261184)|STATEMENT_EXECUTE|[179]
13:38:35.0 (36272061)|VARIABLE_ASSIGNMENT|[EXTERNAL]|this|{}|0x7b4e4bde
13:38:35.0 (36280725)|VARIABLE_ASSIGNMENT|[EXTERNAL]|value|false
13:38:35.0 (36286938)|HEAP_ALLOCATE|[175]|Bytes:5
13:38:35.0 (36292709)|VARIABLE_ASSIGNMENT|[175]|this.selected|false|0x7b4e4bde
13:38:35.0 (36299352)|STATEMENT_EXECUTE|[180]
13:38:35.0 (36310266)|VARIABLE_ASSIGNMENT|[EXTERNAL]|this|{"selected":false}|0x7b4e4bde
13:38:35.0 (36319857)|VARIABLE_ASSIGNMENT|[EXTERNAL]|value|66600000
13:38:35.0 (36327115)|VARIABLE_ASSIGNMENT|[176]|this.t|66600000|0x7b4e4bde
13:38:35.0 (36339763)|CONSTRUCTOR_EXIT|[83]|01p0H000007gCe8|<init>(Boolean,Time)
13:38:35.0 (36348123)|HEAP_ALLOCATE|[EXTERNAL]|Bytes:4
13:38:35.0 (36358690)|HEAP_ALLOCATE|[76]|Bytes:28
13:38:35.0 (36363539)|HEAP_ALLOCATE|[76]|Bytes:28
13:38:35.0 (36382838)|STATEMENT_EXECUTE|[76]
13:38:35.0 (36385276)|STATEMENT_EXECUTE|[77]
13:38:35.0 (36393226)|USER_DEBUG|[77]|DEBUG|18:30:00.000Z
13:38:35.0 (36399968)|STATEMENT_EXECUTE|[78]
13:38:35.0 (36407820)|HEAP_ALLOCATE|[78]|Bytes:4
13:38:35.0 (36420588)|VARIABLE_ASSIGNMENT|[78]|t|68400000
13:38:35.0 (36425089)|STATEMENT_EXECUTE|[79]
13:38:35.0 (36430030)|HEAP_ALLOCATE|[79]|Bytes:28
13:38:35.0 (36447143)|HEAP_ALLOCATE|[79]|Bytes:28
13:38:35.0 (36458524)|VARIABLE_ASSIGNMENT|[79]|i1|7.0
13:38:35.0 (36462862)|STATEMENT_EXECUTE|[80]
13:38:35.0 (36490211)|VARIABLE_ASSIGNMENT|[EXTERNAL]|this|{"aptdum":"0x36a7e5f9","Docdum":"0x3ebb2591","Docmap":"0x6b906caf","Initialselected":4,"Selecteddoc":"a260H000001koYjQAI","SelectedtimeSlot":30,"timelist":"0x65721ac5","timewraplist":"0xfa1b173","timewraplistInitial":"0x2368668b"}|0x7be8bddd
13:38:35.0 (36506294)|HEAP_ALLOCATE|[EXTERNAL]|Bytes:4
13:38:35.0 (36518781)|STATEMENT_EXECUTE|[82]
13:38:35.0 (36520400)|STATEMENT_EXECUTE|[83]
13:38:35.0 (36544361)|VARIABLE_ASSIGNMENT|[EXTERNAL]|this|{"aptdum":"0x36a7e5f9","Docdum":"0x3ebb2591","Docmap":"0x6b906caf","Initialselected":4,"Selecteddoc":"a260H000001koYjQAI","SelectedtimeSlot":30,"timelist":"0x65721ac5","timewraplist":"0xfa1b173","timewraplistInitial":"0x2368668b"}|0x7be8bddd
13:38:35.0 (36557564)|HEAP_ALLOCATE|[83]|Bytes:12
13:38:35.0 (36567896)|CONSTRUCTOR_ENTRY|[83]|01p0H000007gCe8|<init>(Boolean,Time)
13:38:35.0 (36573689)|VARIABLE_SCOPE_BEGIN|[178]|this|docappcontroller.Wrapertimeslot|true|false
13:38:35.0 (36585970)|VARIABLE_ASSIGNMENT|[178]|this|{}|0x583229b5
13:38:35.0 (36592627)|VARIABLE_SCOPE_BEGIN|[178]|selection|Boolean|false|false
13:38:35.0 (36599959)|VARIABLE_ASSIGNMENT|[178]|selection|false
13:38:35.0 (36603731)|VARIABLE_SCOPE_BEGIN|[178]|tm|Time|false|false
13:38:35.0 (36611331)|VARIABLE_ASSIGNMENT|[178]|tm|68400000
13:38:35.0 (36615713)|STATEMENT_EXECUTE|[174]
13:38:35.0 (36617208)|STATEMENT_EXECUTE|[175]
13:38:35.0 (36618683)|STATEMENT_EXECUTE|[176]
13:38:35.0 (36627474)|STATEMENT_EXECUTE|[178]
13:38:35.0 (36629059)|STATEMENT_EXECUTE|[179]
13:38:35.0 (36640003)|VARIABLE_ASSIGNMENT|[EXTERNAL]|this|{}|0x583229b5
13:38:35.0 (36651642)|VARIABLE_ASSIGNMENT|[EXTERNAL]|value|false
13:38:35.0 (36657286)|HEAP_ALLOCATE|[175]|Bytes:5
13:38:35.0 (36663222)|VARIABLE_ASSIGNMENT|[175]|this.selected|false|0x583229b5
13:38:35.0 (36670540)|STATEMENT_EXECUTE|[180]
13:38:35.0 (36681739)|VARIABLE_ASSIGNMENT|[EXTERNAL]|this|{"selected":false}|0x583229b5
13:38:35.0 (36690270)|VARIABLE_ASSIGNMENT|[EXTERNAL]|value|68400000
13:38:35.0 (36697228)|VARIABLE_ASSIGNMENT|[176]|this.t|68400000|0x583229b5
13:38:35.0 (36710202)|CONSTRUCTOR_EXIT|[83]|01p0H000007gCe8|<init>(Boolean,Time)
13:38:35.0 (36719067)|HEAP_ALLOCATE|[EXTERNAL]|Bytes:4
13:38:35.0 (36729966)|HEAP_ALLOCATE|[76]|Bytes:28
13:38:35.0 (36733414)|HEAP_ALLOCATE|[76]|Bytes:28
13:38:35.0 (36755244)|HEAP_ALLOCATE|[92]|Bytes:28
13:38:35.0 (36759330)|HEAP_ALLOCATE|[92]|Bytes:28
13:38:35.0 (36765687)|HEAP_ALLOCATE|[92]|Bytes:28
13:38:35.0 (36791341)|HEAP_ALLOCATE|[92]|Bytes:28
13:38:35.0 (36813350)|STATEMENT_EXECUTE|[92]
13:38:35.0 (36815511)|STATEMENT_EXECUTE|[98]
13:38:35.0 (36849671)|VARIABLE_ASSIGNMENT|[EXTERNAL]|this|{"aptdum":"0x36a7e5f9","Docdum":"0x3ebb2591","Docmap":"0x6b906caf","Initialselected":4,"Selecteddoc":"a260H000001koYjQAI","SelectedtimeSlot":30,"timelist":"0x65721ac5","timewraplist":"0xfa1b173","timewraplistInitial":"0x2368668b"}|0x7be8bddd
13:38:35.0 (36870932)|VARIABLE_ASSIGNMENT|[98]|this.timewraplistInitial|"List of size 15 too large to display"|0x7be8bddd
13:38:35.0 (36876401)|STATEMENT_EXECUTE|[100]
13:38:35.40 (40064705)|SYSTEM_MODE_ENTER|true
13:38:35.40 (40133378)|HEAP_ALLOCATE|[EXTERNAL]|Bytes:8
13:38:35.40 (40143165)|VARIABLE_SCOPE_BEGIN|[88]|this|ApexPage.PageMessagesComponentController|true|false
13:38:35.40 (40167360)|VARIABLE_ASSIGNMENT|[88]|this|{}|0x4546b2ef
13:38:35.40 (40174358)|VARIABLE_SCOPE_BEGIN|[88]|escape|Boolean|false|false
13:38:35.40 (40182343)|VARIABLE_ASSIGNMENT|[88]|escape|null
13:38:35.40 (40279259)|SYSTEM_MODE_ENTER|true
13:38:35.40 (40312250)|HEAP_ALLOCATE|[EXTERNAL]|Bytes:8
13:38:35.40 (40319054)|VARIABLE_SCOPE_BEGIN|[2]|this|ApexPage.PageMessagesComponentController|true|false
13:38:35.40 (40337878)|VARIABLE_ASSIGNMENT|[2]|this|{}|0x4546b2ef
13:38:35.0 (40664402)|SYSTEM_MODE_ENTER|true
13:38:35.0 (41053554)|SYSTEM_MODE_ENTER|true
13:38:35.0 (41372937)|SYSTEM_MODE_ENTER|true
13:38:35.0 (41454428)|SYSTEM_MODE_ENTER|true
13:38:35.60 (60955563)|SYSTEM_MODE_ENTER|true
13:38:35.60 (61027263)|HEAP_ALLOCATE|[EXTERNAL]|Bytes:8
13:38:35.60 (61040030)|VARIABLE_SCOPE_BEGIN|[88]|this|ApexPage.PageMessagesComponentController|true|false
13:38:35.60 (61070627)|VARIABLE_ASSIGNMENT|[88]|this|{}|0x4546b2ef
13:38:35.60 (61077787)|VARIABLE_SCOPE_BEGIN|[88]|escape|Boolean|false|false
13:38:35.60 (61086343)|VARIABLE_ASSIGNMENT|[88]|escape|null
13:38:35.61 (61212767)|SYSTEM_MODE_ENTER|true
13:38:35.61 (61246277)|HEAP_ALLOCATE|[EXTERNAL]|Bytes:8
13:38:35.61 (61253597)|VARIABLE_SCOPE_BEGIN|[2]|this|ApexPage.PageMessagesComponentController|true|false
13:38:35.61 (61272695)|VARIABLE_ASSIGNMENT|[2]|this|{}|0x4546b2ef
13:38:35.0 (62719937)|SYSTEM_MODE_ENTER|true
13:38:35.0 (62763107)|HEAP_ALLOCATE|[EXTERNAL]|Bytes:44
13:38:35.0 (62771395)|VARIABLE_SCOPE_BEGIN|[133]|this|docappcontroller|true|false
13:38:35.0 (62823046)|VARIABLE_ASSIGNMENT|[133]|this|{"aptdum":"0x36a7e5f9","Docdum":"0x3ebb2591","Docmap":"0x6b906caf","Initialselected":4,"Selecteddoc":"a260H000001koYjQAI","SelectedtimeSlot":30,"timelist":"0x65721ac5","timewraplist":"0xfa1b173","timewraplistInitial":"0xfa1b173"}|0x7be8bddd
13:38:35.0 (62836646)|STATEMENT_EXECUTE|[133]
13:38:35.0 (62839004)|STATEMENT_EXECUTE|[135]
13:38:35.0 (62852016)|HEAP_ALLOCATE|[135]|Bytes:4
13:38:35.0 (62869218)|VARIABLE_SCOPE_BEGIN|[135]|options|List<System.SelectOption>|true|false
13:38:35.0 (62892120)|HEAP_ALLOCATE|[EXTERNAL]|Bytes:4
13:38:35.0 (62902207)|VARIABLE_ASSIGNMENT|[135]|options|[]|0x4e2bae69
13:38:35.0 (62908016)|STATEMENT_EXECUTE|[136]
13:38:35.0 (62929487)|HEAP_ALLOCATE|[EXTERNAL]|Bytes:4
13:38:35.0 (62967969)|VARIABLE_ASSIGNMENT|[EXTERNAL]|this|{"aptdum":"0x36a7e5f9","Docdum":"0x3ebb2591","Docmap":"0x6b906caf","Initialselected":4,"Selecteddoc":"a260H000001koYjQAI","SelectedtimeSlot":30,"timelist":"0x65721ac5","timewraplist":"0xfa1b173","timewraplistInitial":"0xfa1b173"}|0x7be8bddd
13:38:35.0 (62983384)|STATEMENT_EXECUTE|[137]
13:38:35.0 (63009435)|VARIABLE_ASSIGNMENT|[EXTERNAL]|this|{"aptdum":"0x36a7e5f9","Docdum":"0x3ebb2591","Docmap":"0x6b906caf","Initialselected":4,"Selecteddoc":"a260H000001koYjQAI","SelectedtimeSlot":30,"timelist":"0x65721ac5","timewraplist":"0xfa1b173","timewraplistInitial":"0xfa1b173"}|0x7be8bddd
13:38:35.0 (63032079)|HEAP_ALLOCATE|[EXTERNAL]|Bytes:12
13:38:35.0 (63049311)|HEAP_ALLOCATE|[138]|Bytes:237
13:38:35.0 (63072455)|HEAP_ALLOCATE|[138]|Bytes:5
13:38:35.0 (63086727)|HEAP_ALLOCATE|[138]|Bytes:24
13:38:35.0 (63095031)|VARIABLE_SCOPE_BEGIN|[138]|doc|Doctor__c|true|false
13:38:35.0 (63118025)|VARIABLE_ASSIGNMENT|[138]|doc|{"Id":"a260H000001koYjQAI","Name":"doc 2","End_Time__c":68400000,"Speciality__c":"General Surgery","Start_Time__c":43200000}|0x2355d69e
13:38:35.0 (63125515)|STATEMENT_EXECUTE|[138]
13:38:35.0 (63127241)|STATEMENT_EXECUTE|[139]
13:38:35.0 (63141099)|HEAP_ALLOCATE|[139]|Bytes:18
13:38:35.0 (63156780)|HEAP_ALLOCATE|[EXTERNAL]|Bytes:4
13:38:35.0 (63168958)|HEAP_ALLOCATE|[138]|Bytes:5
13:38:35.0 (63178287)|HEAP_ALLOCATE|[138]|Bytes:24
13:38:35.0 (63184121)|VARIABLE_SCOPE_BEGIN|[138]|doc|Doctor__c|true|false
13:38:35.0 (63198159)|VARIABLE_ASSIGNMENT|[138]|doc|{"Id":"a260H000001koYeQAI","Name":"Doc1","End_Time__c":64800000,"Speciality__c":"General Surgery","Start_Time__c":32400000}|0x26d68c77
13:38:35.0 (63204606)|STATEMENT_EXECUTE|[138]
13:38:35.0 (63206093)|STATEMENT_EXECUTE|[139]
13:38:35.0 (63212456)|HEAP_ALLOCATE|[139]|Bytes:18
13:38:35.0 (63222354)|HEAP_ALLOCATE|[EXTERNAL]|Bytes:4
13:38:35.0 (63233285)|HEAP_ALLOCATE|[138]|Bytes:5
13:38:35.0 (63242938)|VARIABLE_ASSIGNMENT|[138]|doc|null|
13:38:35.0 (63248020)|STATEMENT_EXECUTE|[145]
13:38:35.0 (63414567)|SYSTEM_MODE_ENTER|true
13:38:35.0 (66743803)|SYSTEM_MODE_ENTER|true
13:38:35.0 (66784322)|HEAP_ALLOCATE|[EXTERNAL]|Bytes:44
13:38:35.0 (66793455)|VARIABLE_SCOPE_BEGIN|[150]|this|docappcontroller|true|false
13:38:35.0 (66832750)|VARIABLE_ASSIGNMENT|[150]|this|{"aptdum":"0x36a7e5f9","Docdum":"0x3ebb2591","Docmap":"0x6b906caf","Initialselected":4,"Selecteddoc":"a260H000001koYjQAI","SelectedtimeSlot":30,"timelist":"0x65721ac5","timewraplist":"0xfa1b173","timewraplistInitial":"0xfa1b173"}|0x7be8bddd
13:38:35.0 (66845406)|STATEMENT_EXECUTE|[150]
13:38:35.0 (66847412)|STATEMENT_EXECUTE|[152]
13:38:35.0 (66857219)|HEAP_ALLOCATE|[152]|Bytes:4
13:38:35.0 (66873054)|VARIABLE_SCOPE_BEGIN|[152]|options|List<System.SelectOption>|true|false
13:38:35.0 (66895588)|HEAP_ALLOCATE|[EXTERNAL]|Bytes:4
13:38:35.0 (66904284)|VARIABLE_ASSIGNMENT|[152]|options|[]|0x6055c49b
13:38:35.0 (66909804)|STATEMENT_EXECUTE|[153]
13:38:35.0 (66924994)|HEAP_ALLOCATE|[EXTERNAL]|Bytes:4
13:38:35.0 (66932254)|STATEMENT_EXECUTE|[156]
13:38:35.0 (66939632)|HEAP_ALLOCATE|[EXTERNAL]|Bytes:4
13:38:35.0 (66945434)|STATEMENT_EXECUTE|[157]
13:38:35.0 (66952076)|HEAP_ALLOCATE|[EXTERNAL]|Bytes:4
13:38:35.0 (66957370)|STATEMENT_EXECUTE|[162]
13:38:35.0 (67079833)|SYSTEM_MODE_ENTER|true
13:38:35.0 (69062074)|VF_SERIALIZE_VIEWSTATE_BEGIN|0660H000004OdRk
13:38:35.0 (85684290)|VF_SERIALIZE_VIEWSTATE_END
13:38:35.0 (102248809)|CODE_UNIT_STARTED|[EXTERNAL]|Generate Metadata
13:38:35.0 (105185232)|CODE_UNIT_FINISHED|Generate Metadata
13:38:35.107 (107662736)|CUMULATIVE_LIMIT_USAGE
13:38:35.107 (107662736)|LIMIT_USAGE_FOR_NS|(default)|
  Number of SOQL queries: 1 out of 100
  Number of query rows: 1 out of 50000
  Number of SOSL queries: 0 out of 20
  Number of DML statements: 0 out of 150
  Number of DML rows: 0 out of 10000
  Maximum CPU time: 0 out of 10000
  Maximum heap size: 0 out of 6000000
  Number of callouts: 0 out of 100
  Number of Email Invocations: 0 out of 10
  Number of future calls: 0 out of 50
  Number of queueable jobs added to the queue: 0 out of 50
  Number of Mobile Apex push calls: 0 out of 10

13:38:35.107 (107662736)|CUMULATIVE_LIMIT_USAGE_END

13:38:35.0 (107697511)|CODE_UNIT_FINISHED|VF: /apex/docapp
13:38:35.0 (108478889)|EXECUTION_FINISHED
