42.0 APEX_CODE,FINEST;APEX_PROFILING,INFO;CALLOUT,INFO;DB,INFO;SYSTEM,DEBUG;VALIDATION,INFO;VISUALFORCE,INFO;WAVE,INFO;WORKFLOW,INFO
15:09:28.0 (69690)|USER_INFO|[EXTERNAL]|005i0000002qYvT|anton@igate.com|India Standard Time|GMT+05:30
15:09:28.0 (102824)|EXECUTION_STARTED
15:09:28.0 (109460)|CODE_UNIT_STARTED|[EXTERNAL]|0660H000004OdRk|VF: /apex/docapp
15:09:28.0 (5223192)|SYSTEM_MODE_ENTER|true
15:09:28.0 (5619982)|HEAP_ALLOCATE|[72]|Bytes:3
15:09:28.0 (5664309)|HEAP_ALLOCATE|[77]|Bytes:152
15:09:28.0 (5681282)|HEAP_ALLOCATE|[342]|Bytes:408
15:09:28.0 (5693998)|HEAP_ALLOCATE|[355]|Bytes:408
15:09:28.0 (5704289)|HEAP_ALLOCATE|[467]|Bytes:48
15:09:28.0 (5730110)|HEAP_ALLOCATE|[139]|Bytes:6
15:09:28.0 (5745646)|HEAP_ALLOCATE|[EXTERNAL]|Bytes:14
15:09:28.0 (5751223)|HEAP_ALLOCATE|[EXTERNAL]|Bytes:248
15:09:28.0 (5755647)|HEAP_ALLOCATE|[EXTERNAL]|Bytes:53
15:09:28.0 (5759695)|HEAP_ALLOCATE|[EXTERNAL]|Bytes:20
15:09:28.0 (5771248)|METHOD_ENTRY|[1]|01p0H000007gCe8|docappcontroller.docappcontroller()
15:09:28.0 (5778852)|STATEMENT_EXECUTE|[1]
15:09:28.0 (5783815)|STATEMENT_EXECUTE|[1]
15:09:28.0 (5785537)|STATEMENT_EXECUTE|[201]
15:09:28.0 (5791105)|METHOD_EXIT|[1]|docappcontroller
15:09:28.0 (5798899)|HEAP_ALLOCATE|[EXTERNAL]|Bytes:48
15:09:28.0 (5807040)|VARIABLE_SCOPE_BEGIN|[141]|this|docappcontroller|true|false
15:09:28.0 (5863473)|VARIABLE_ASSIGNMENT|[141]|this|{}|0x27700552
15:09:28.0 (5874280)|STATEMENT_EXECUTE|[1]
15:09:28.0 (5876135)|STATEMENT_EXECUTE|[3]
15:09:28.0 (5878575)|STATEMENT_EXECUTE|[4]
15:09:28.0 (5880303)|STATEMENT_EXECUTE|[5]
15:09:28.0 (6016921)|HEAP_ALLOCATE|[5]|Bytes:4
15:09:28.0 (6115502)|HEAP_ALLOCATE|[EXTERNAL]|Bytes:4
15:09:28.0 (6130819)|VARIABLE_ASSIGNMENT|[5]|this.timewraplistInitial|[]|0x27700552
15:09:28.0 (6150192)|STATEMENT_EXECUTE|[6]
15:09:28.0 (6156822)|HEAP_ALLOCATE|[6]|Bytes:4
15:09:28.0 (6167400)|VARIABLE_ASSIGNMENT|[6]|this.Initialselected|0|0x27700552
15:09:28.0 (6173168)|STATEMENT_EXECUTE|[7]
15:09:28.0 (6174859)|STATEMENT_EXECUTE|[134]
15:09:28.0 (6176578)|STATEMENT_EXECUTE|[135]
15:09:28.0 (6178156)|STATEMENT_EXECUTE|[136]
15:09:28.0 (6179552)|STATEMENT_EXECUTE|[137]
15:09:28.0 (6180955)|STATEMENT_EXECUTE|[138]
15:09:28.0 (6182310)|STATEMENT_EXECUTE|[139]
15:09:28.0 (6189682)|HEAP_ALLOCATE|[6]|Bytes:6
15:09:28.0 (6244559)|STATEMENT_EXECUTE|[141]
15:09:28.0 (6246796)|STATEMENT_EXECUTE|[142]
15:09:28.0 (6548432)|HEAP_ALLOCATE|[142]|Bytes:4
15:09:28.0 (6714841)|VARIABLE_ASSIGNMENT|[EXTERNAL]|this|{"Initialselected":0,"timewraplistInitial":"0x272f9a42"}|0x27700552
15:09:28.0 (6730963)|VARIABLE_ASSIGNMENT|[EXTERNAL]|value|{}|0x75f98f64
15:09:28.0 (6743887)|VARIABLE_ASSIGNMENT|[134]|this.Docdum|{}|0x27700552
15:09:28.0 (6754010)|STATEMENT_EXECUTE|[143]
15:09:28.0 (6847065)|HEAP_ALLOCATE|[143]|Bytes:4
15:09:28.0 (6946483)|VARIABLE_ASSIGNMENT|[EXTERNAL]|this|{"Docdum":"0x75f98f64","Initialselected":0,"timewraplistInitial":"0x272f9a42"}|0x27700552
15:09:28.0 (6959544)|VARIABLE_ASSIGNMENT|[EXTERNAL]|value|{}|0x11cea7d1
15:09:28.0 (6971027)|VARIABLE_ASSIGNMENT|[135]|this.aptdum|{}|0x27700552
15:09:28.8 (8070087)|SYSTEM_MODE_ENTER|true
15:09:28.8 (8098824)|HEAP_ALLOCATE|[EXTERNAL]|Bytes:38
15:09:28.8 (8106064)|HEAP_ALLOCATE|[EXTERNAL]|Bytes:7
15:09:28.8 (8114694)|SYSTEM_METHOD_ENTRY|[1]|PageMessagesComponentController.PageMessagesComponentController()
15:09:28.8 (8119515)|STATEMENT_EXECUTE|[1]
15:09:28.8 (8257403)|SYSTEM_MODE_ENTER|true
15:09:28.8 (8316167)|HEAP_ALLOCATE|[EXTERNAL]|Bytes:8
15:09:28.8 (8329276)|VARIABLE_SCOPE_BEGIN|[88]|this|ApexPage.PageMessagesComponentController|true|false
15:09:28.8 (8352597)|VARIABLE_ASSIGNMENT|[88]|this|{}|0x3d42f13d
15:09:28.8 (8360033)|VARIABLE_SCOPE_BEGIN|[88]|escape|Boolean|false|false
15:09:28.8 (8368638)|VARIABLE_ASSIGNMENT|[88]|escape|null
15:09:28.8 (8525506)|SYSTEM_MODE_ENTER|true
15:09:28.8 (8560758)|HEAP_ALLOCATE|[EXTERNAL]|Bytes:8
15:09:28.8 (8568274)|VARIABLE_SCOPE_BEGIN|[2]|this|ApexPage.PageMessagesComponentController|true|false
15:09:28.8 (8586400)|VARIABLE_ASSIGNMENT|[2]|this|{}|0x3d42f13d
15:09:28.0 (9376710)|SYSTEM_MODE_ENTER|true
15:09:28.0 (10507115)|SYSTEM_MODE_ENTER|true
15:09:28.0 (11125259)|SYSTEM_MODE_ENTER|true
15:09:28.31 (31441101)|SYSTEM_MODE_ENTER|true
15:09:28.31 (31508478)|HEAP_ALLOCATE|[EXTERNAL]|Bytes:8
15:09:28.31 (31519794)|VARIABLE_SCOPE_BEGIN|[88]|this|ApexPage.PageMessagesComponentController|true|false
15:09:28.31 (31548785)|VARIABLE_ASSIGNMENT|[88]|this|{}|0x3d42f13d
15:09:28.31 (31555985)|VARIABLE_SCOPE_BEGIN|[88]|escape|Boolean|false|false
15:09:28.31 (31564565)|VARIABLE_ASSIGNMENT|[88]|escape|null
15:09:28.31 (31686789)|SYSTEM_MODE_ENTER|true
15:09:28.31 (31720755)|HEAP_ALLOCATE|[EXTERNAL]|Bytes:8
15:09:28.31 (31728351)|VARIABLE_SCOPE_BEGIN|[2]|this|ApexPage.PageMessagesComponentController|true|false
15:09:28.31 (31746477)|VARIABLE_ASSIGNMENT|[2]|this|{}|0x3d42f13d
15:09:28.0 (33189073)|SYSTEM_MODE_ENTER|true
15:09:28.0 (33234113)|HEAP_ALLOCATE|[EXTERNAL]|Bytes:48
15:09:28.0 (33242635)|VARIABLE_SCOPE_BEGIN|[160]|this|docappcontroller|true|false
15:09:28.0 (33283434)|VARIABLE_ASSIGNMENT|[160]|this|{"aptdum":"0x11cea7d1","Docdum":"0x75f98f64","Initialselected":0,"timewraplistInitial":"0x272f9a42"}|0x27700552
15:09:28.0 (33294839)|STATEMENT_EXECUTE|[160]
15:09:28.0 (33297168)|STATEMENT_EXECUTE|[162]
15:09:28.0 (33311417)|HEAP_ALLOCATE|[162]|Bytes:4
15:09:28.0 (33343264)|VARIABLE_SCOPE_BEGIN|[162]|options|List<System.SelectOption>|true|false
15:09:28.0 (33366511)|HEAP_ALLOCATE|[EXTERNAL]|Bytes:4
15:09:28.0 (33377353)|VARIABLE_ASSIGNMENT|[162]|options|[]|0x51cc0a85
15:09:28.0 (33383203)|STATEMENT_EXECUTE|[163]
15:09:28.0 (33390920)|HEAP_ALLOCATE|[163]|Bytes:8
15:09:28.0 (33443430)|HEAP_ALLOCATE|[EXTERNAL]|Bytes:4
15:09:28.0 (33490379)|VARIABLE_ASSIGNMENT|[EXTERNAL]|this|{"aptdum":"0x11cea7d1","Docdum":"0x75f98f64","Initialselected":0,"timewraplistInitial":"0x272f9a42"}|0x27700552
15:09:28.0 (33503385)|STATEMENT_EXECUTE|[168]
15:09:28.0 (33505173)|STATEMENT_EXECUTE|[169]
15:09:28.0 (33508661)|HEAP_ALLOCATE|[169]|Bytes:23
15:09:28.0 (33533923)|METHOD_ENTRY|[169]|01p0H000007gCe8|docappcontroller.ShowError(String)
15:09:28.0 (33552252)|VARIABLE_SCOPE_BEGIN|[195]|this|docappcontroller|true|false
15:09:28.0 (33579070)|VARIABLE_ASSIGNMENT|[195]|this|{"aptdum":"0x11cea7d1","Docdum":"0x75f98f64","Initialselected":0,"timewraplistInitial":"0x272f9a42"}|0x27700552
15:09:28.0 (33586146)|VARIABLE_SCOPE_BEGIN|[195]|ErrorMsg|String|false|false
15:09:28.0 (33596088)|VARIABLE_ASSIGNMENT|[195]|ErrorMsg|"No Continents Data y (3 more) ..."
15:09:28.0 (33602294)|STATEMENT_EXECUTE|[195]
15:09:28.0 (33604320)|STATEMENT_EXECUTE|[197]
15:09:28.0 (33635393)|VARIABLE_SCOPE_BEGIN|[197]|m|ApexPages.Message|true|false
15:09:28.0 (33836581)|VARIABLE_ASSIGNMENT|[197]|m|"core.apexpages.framework.ApexPagesMessage@78de2ff6"|0x29b1b545
15:09:28.0 (33845251)|STATEMENT_EXECUTE|[198]
15:09:28.0 (34004121)|VF_PAGE_MESSAGE|No Continents Data yet.
15:09:28.0 (34017042)|METHOD_EXIT|[169]|01p0H000007gCe8|docappcontroller.ShowError(String)
15:09:28.0 (34023615)|STATEMENT_EXECUTE|[172]
15:09:28.0 (34218214)|SYSTEM_MODE_ENTER|true
15:09:28.0 (35079088)|SYSTEM_MODE_ENTER|true
15:09:28.0 (35119551)|HEAP_ALLOCATE|[EXTERNAL]|Bytes:48
15:09:28.0 (35129652)|VARIABLE_SCOPE_BEGIN|[177]|this|docappcontroller|true|false
15:09:28.0 (35171139)|VARIABLE_ASSIGNMENT|[177]|this|{"aptdum":"0x11cea7d1","Docdum":"0x75f98f64","Initialselected":0,"timewraplistInitial":"0x272f9a42"}|0x27700552
15:09:28.0 (35182039)|STATEMENT_EXECUTE|[177]
15:09:28.0 (35184127)|STATEMENT_EXECUTE|[179]
15:09:28.0 (35193763)|HEAP_ALLOCATE|[179]|Bytes:4
15:09:28.0 (35218577)|VARIABLE_SCOPE_BEGIN|[179]|options|List<System.SelectOption>|true|false
15:09:28.0 (35240538)|HEAP_ALLOCATE|[EXTERNAL]|Bytes:4
15:09:28.0 (35249540)|VARIABLE_ASSIGNMENT|[179]|options|[]|0x18981ad4
15:09:28.0 (35255517)|STATEMENT_EXECUTE|[180]
15:09:28.0 (35298183)|HEAP_ALLOCATE|[EXTERNAL]|Bytes:4
15:09:28.0 (35307474)|STATEMENT_EXECUTE|[183]
15:09:28.0 (35311884)|HEAP_ALLOCATE|[183]|Bytes:2
15:09:28.0 (35336553)|HEAP_ALLOCATE|[EXTERNAL]|Bytes:4
15:09:28.0 (35343370)|STATEMENT_EXECUTE|[184]
15:09:28.0 (35346766)|HEAP_ALLOCATE|[184]|Bytes:2
15:09:28.0 (35367593)|HEAP_ALLOCATE|[EXTERNAL]|Bytes:4
15:09:28.0 (35373809)|STATEMENT_EXECUTE|[189]
15:09:28.0 (35505556)|SYSTEM_MODE_ENTER|true
15:09:28.0 (37500361)|VF_SERIALIZE_VIEWSTATE_BEGIN|0660H000004OdRk
15:09:28.0 (52871447)|VF_SERIALIZE_VIEWSTATE_END
15:09:28.0 (55294237)|CODE_UNIT_STARTED|[EXTERNAL]|Generate Metadata
15:09:28.0 (55696636)|CODE_UNIT_FINISHED|Generate Metadata
15:09:28.57 (57511713)|CUMULATIVE_LIMIT_USAGE
15:09:28.57 (57511713)|LIMIT_USAGE_FOR_NS|(default)|
  Number of SOQL queries: 0 out of 100
  Number of query rows: 0 out of 50000
  Number of SOSL queries: 0 out of 20
  Number of DML statements: 0 out of 150
  Number of DML rows: 0 out of 10000
  Maximum CPU time: 0 out of 10000
  Maximum heap size: 0 out of 6000000
  Number of callouts: 0 out of 100
  Number of Email Invocations: 0 out of 10
  Number of future calls: 0 out of 50
  Number of queueable jobs added to the queue: 0 out of 50
  Number of Mobile Apex push calls: 0 out of 10

15:09:28.57 (57511713)|CUMULATIVE_LIMIT_USAGE_END

15:09:28.0 (57552268)|CODE_UNIT_FINISHED|VF: /apex/docapp
15:09:28.0 (58328872)|EXECUTION_FINISHED
