42.0 APEX_CODE,FINEST;APEX_PROFILING,INFO;CALLOUT,INFO;DB,INFO;SYSTEM,DEBUG;VALIDATION,INFO;VISUALFORCE,INFO;WAVE,INFO;WORKFLOW,INFO
13:38:05.0 (305253)|USER_INFO|[EXTERNAL]|005i0000002qYvT|anton@igate.com|India Standard Time|GMT+05:30
13:38:05.0 (460048)|EXECUTION_STARTED
13:38:05.0 (465249)|CODE_UNIT_STARTED|[EXTERNAL]|0660H000004OdRk|VF: /apex/docapp
13:38:05.0 (8306067)|SYSTEM_MODE_ENTER|true
13:38:05.0 (8821846)|HEAP_ALLOCATE|[72]|Bytes:3
13:38:05.0 (8876524)|HEAP_ALLOCATE|[77]|Bytes:152
13:38:05.0 (8894584)|HEAP_ALLOCATE|[342]|Bytes:408
13:38:05.0 (8905702)|HEAP_ALLOCATE|[355]|Bytes:408
13:38:05.0 (8916375)|HEAP_ALLOCATE|[467]|Bytes:48
13:38:05.0 (8972859)|HEAP_ALLOCATE|[139]|Bytes:6
13:38:05.0 (8988641)|HEAP_ALLOCATE|[EXTERNAL]|Bytes:14
13:38:05.0 (9008223)|HEAP_ALLOCATE|[EXTERNAL]|Bytes:248
13:38:05.0 (9013121)|HEAP_ALLOCATE|[EXTERNAL]|Bytes:53
13:38:05.0 (9017249)|HEAP_ALLOCATE|[EXTERNAL]|Bytes:13
13:38:05.0 (9037483)|METHOD_ENTRY|[1]|01p0H000007gCe8|docappcontroller.docappcontroller()
13:38:05.0 (9044427)|STATEMENT_EXECUTE|[1]
13:38:05.0 (9049235)|STATEMENT_EXECUTE|[1]
13:38:05.0 (9050946)|STATEMENT_EXECUTE|[174]
13:38:05.0 (9067838)|METHOD_EXIT|[1]|docappcontroller
13:38:05.0 (9619836)|HEAP_ALLOCATE|[EXTERNAL]|Bytes:44
13:38:05.0 (9632596)|VARIABLE_SCOPE_BEGIN|[114]|this|docappcontroller|true|false
13:38:05.0 (9704657)|VARIABLE_ASSIGNMENT|[114]|this|{}|0x592ff237
13:38:05.0 (9715319)|STATEMENT_EXECUTE|[1]
13:38:05.0 (9717268)|STATEMENT_EXECUTE|[3]
13:38:05.0 (9719081)|STATEMENT_EXECUTE|[4]
13:38:05.0 (9720948)|STATEMENT_EXECUTE|[5]
13:38:05.0 (9775307)|HEAP_ALLOCATE|[5]|Bytes:4
13:38:05.0 (9955866)|HEAP_ALLOCATE|[EXTERNAL]|Bytes:4
13:38:05.0 (9971385)|VARIABLE_ASSIGNMENT|[5]|this.timewraplistInitial|[]|0x592ff237
13:38:05.0 (9977718)|STATEMENT_EXECUTE|[6]
13:38:05.0 (9982877)|HEAP_ALLOCATE|[6]|Bytes:4
13:38:05.0 (9993799)|VARIABLE_ASSIGNMENT|[6]|this.Initialselected|0|0x592ff237
13:38:05.0 (9999700)|STATEMENT_EXECUTE|[107]
13:38:05.0 (10001409)|STATEMENT_EXECUTE|[108]
13:38:05.0 (10003778)|STATEMENT_EXECUTE|[109]
13:38:05.0 (10005252)|STATEMENT_EXECUTE|[110]
13:38:05.0 (10006708)|STATEMENT_EXECUTE|[111]
13:38:05.0 (10008084)|STATEMENT_EXECUTE|[112]
13:38:05.0 (10015460)|HEAP_ALLOCATE|[6]|Bytes:6
13:38:05.0 (10069890)|STATEMENT_EXECUTE|[114]
13:38:05.0 (10071906)|STATEMENT_EXECUTE|[115]
13:38:05.0 (10102290)|HEAP_ALLOCATE|[115]|Bytes:4
13:38:05.0 (10276122)|VARIABLE_ASSIGNMENT|[EXTERNAL]|this|{"Initialselected":0,"timewraplistInitial":"0x405d92c0"}|0x592ff237
13:38:05.0 (10291374)|VARIABLE_ASSIGNMENT|[EXTERNAL]|value|{}|0x6e54f38b
13:38:05.0 (10302546)|VARIABLE_ASSIGNMENT|[107]|this.Docdum|{}|0x592ff237
13:38:05.0 (10331468)|STATEMENT_EXECUTE|[116]
13:38:05.0 (10348482)|HEAP_ALLOCATE|[116]|Bytes:4
13:38:05.0 (10438321)|VARIABLE_ASSIGNMENT|[EXTERNAL]|this|{"Docdum":"0x6e54f38b","Initialselected":0,"timewraplistInitial":"0x405d92c0"}|0x592ff237
13:38:05.0 (10450271)|VARIABLE_ASSIGNMENT|[EXTERNAL]|value|{}|0x282521a2
13:38:05.0 (10459904)|VARIABLE_ASSIGNMENT|[108]|this.aptdum|{}|0x592ff237
13:38:05.11 (11577105)|SYSTEM_MODE_ENTER|true
13:38:05.11 (11606331)|HEAP_ALLOCATE|[EXTERNAL]|Bytes:38
13:38:05.11 (11613224)|HEAP_ALLOCATE|[EXTERNAL]|Bytes:7
13:38:05.11 (11620352)|SYSTEM_METHOD_ENTRY|[1]|PageMessagesComponentController.PageMessagesComponentController()
13:38:05.11 (11625182)|STATEMENT_EXECUTE|[1]
13:38:05.11 (11745326)|SYSTEM_MODE_ENTER|true
13:38:05.11 (11802228)|HEAP_ALLOCATE|[EXTERNAL]|Bytes:8
13:38:05.11 (11810185)|VARIABLE_SCOPE_BEGIN|[88]|this|ApexPage.PageMessagesComponentController|true|false
13:38:05.11 (11834488)|VARIABLE_ASSIGNMENT|[88]|this|{}|0x70204b71
13:38:05.11 (11842147)|VARIABLE_SCOPE_BEGIN|[88]|escape|Boolean|false|false
13:38:05.11 (11850409)|VARIABLE_ASSIGNMENT|[88]|escape|null
13:38:05.12 (12010215)|SYSTEM_MODE_ENTER|true
13:38:05.12 (12044751)|HEAP_ALLOCATE|[EXTERNAL]|Bytes:8
13:38:05.12 (12051007)|VARIABLE_SCOPE_BEGIN|[2]|this|ApexPage.PageMessagesComponentController|true|false
13:38:05.12 (12069077)|VARIABLE_ASSIGNMENT|[2]|this|{}|0x70204b71
13:38:05.0 (12852794)|SYSTEM_MODE_ENTER|true
13:38:05.0 (16118438)|SYSTEM_MODE_ENTER|true
13:38:05.0 (18272691)|SYSTEM_MODE_ENTER|true
13:38:05.39 (39678238)|SYSTEM_MODE_ENTER|true
13:38:05.39 (39778867)|HEAP_ALLOCATE|[EXTERNAL]|Bytes:8
13:38:05.39 (39796097)|VARIABLE_SCOPE_BEGIN|[88]|this|ApexPage.PageMessagesComponentController|true|false
13:38:05.39 (39839123)|VARIABLE_ASSIGNMENT|[88]|this|{}|0x70204b71
13:38:05.39 (39846260)|VARIABLE_SCOPE_BEGIN|[88]|escape|Boolean|false|false
13:38:05.39 (39854747)|VARIABLE_ASSIGNMENT|[88]|escape|null
13:38:05.40 (40007325)|SYSTEM_MODE_ENTER|true
13:38:05.40 (40042430)|HEAP_ALLOCATE|[EXTERNAL]|Bytes:8
13:38:05.40 (40050170)|VARIABLE_SCOPE_BEGIN|[2]|this|ApexPage.PageMessagesComponentController|true|false
13:38:05.40 (40069140)|VARIABLE_ASSIGNMENT|[2]|this|{}|0x70204b71
13:38:05.0 (41803930)|SYSTEM_MODE_ENTER|true
13:38:05.0 (41853590)|HEAP_ALLOCATE|[EXTERNAL]|Bytes:44
13:38:05.0 (41863499)|VARIABLE_SCOPE_BEGIN|[133]|this|docappcontroller|true|false
13:38:05.0 (41910671)|VARIABLE_ASSIGNMENT|[133]|this|{"aptdum":"0x282521a2","Docdum":"0x6e54f38b","Initialselected":0,"timewraplistInitial":"0x405d92c0"}|0x592ff237
13:38:05.0 (41923752)|STATEMENT_EXECUTE|[133]
13:38:05.0 (41927055)|STATEMENT_EXECUTE|[135]
13:38:05.0 (41953065)|HEAP_ALLOCATE|[135]|Bytes:4
13:38:05.0 (41993041)|VARIABLE_SCOPE_BEGIN|[135]|options|List<System.SelectOption>|true|false
13:38:05.0 (42019015)|HEAP_ALLOCATE|[EXTERNAL]|Bytes:4
13:38:05.0 (42031671)|VARIABLE_ASSIGNMENT|[135]|options|[]|0x1d965515
13:38:05.0 (42037722)|STATEMENT_EXECUTE|[136]
13:38:05.0 (42048488)|HEAP_ALLOCATE|[136]|Bytes:8
13:38:05.0 (42113345)|HEAP_ALLOCATE|[EXTERNAL]|Bytes:4
13:38:05.0 (42164657)|VARIABLE_ASSIGNMENT|[EXTERNAL]|this|{"aptdum":"0x282521a2","Docdum":"0x6e54f38b","Initialselected":0,"timewraplistInitial":"0x405d92c0"}|0x592ff237
13:38:05.0 (42180701)|STATEMENT_EXECUTE|[141]
13:38:05.0 (42182696)|STATEMENT_EXECUTE|[142]
13:38:05.0 (42186188)|HEAP_ALLOCATE|[142]|Bytes:23
13:38:05.0 (42215789)|METHOD_ENTRY|[142]|01p0H000007gCe8|docappcontroller.ShowError(String)
13:38:05.0 (42235093)|VARIABLE_SCOPE_BEGIN|[168]|this|docappcontroller|true|false
13:38:05.0 (42259372)|VARIABLE_ASSIGNMENT|[168]|this|{"aptdum":"0x282521a2","Docdum":"0x6e54f38b","Initialselected":0,"timewraplistInitial":"0x405d92c0"}|0x592ff237
13:38:05.0 (42266788)|VARIABLE_SCOPE_BEGIN|[168]|ErrorMsg|String|false|false
13:38:05.0 (42277569)|VARIABLE_ASSIGNMENT|[168]|ErrorMsg|"No Continents Data y (3 more) ..."
13:38:05.0 (42284141)|STATEMENT_EXECUTE|[168]
13:38:05.0 (42286126)|STATEMENT_EXECUTE|[170]
13:38:05.0 (42323607)|VARIABLE_SCOPE_BEGIN|[170]|m|ApexPages.Message|true|false
13:38:05.0 (42616816)|VARIABLE_ASSIGNMENT|[170]|m|"core.apexpages.framework.ApexPagesMessage@f1483bec"|0x6de3e94a
13:38:05.0 (42625412)|STATEMENT_EXECUTE|[171]
13:38:05.0 (42791470)|VF_PAGE_MESSAGE|No Continents Data yet.
13:38:05.0 (42805374)|METHOD_EXIT|[142]|01p0H000007gCe8|docappcontroller.ShowError(String)
13:38:05.0 (42812051)|STATEMENT_EXECUTE|[145]
13:38:05.0 (42999178)|SYSTEM_MODE_ENTER|true
13:38:05.0 (43957347)|SYSTEM_MODE_ENTER|true
13:38:05.0 (44002424)|HEAP_ALLOCATE|[EXTERNAL]|Bytes:44
13:38:05.0 (44015562)|VARIABLE_SCOPE_BEGIN|[150]|this|docappcontroller|true|false
13:38:05.0 (44048515)|VARIABLE_ASSIGNMENT|[150]|this|{"aptdum":"0x282521a2","Docdum":"0x6e54f38b","Initialselected":0,"timewraplistInitial":"0x405d92c0"}|0x592ff237
13:38:05.0 (44059451)|STATEMENT_EXECUTE|[150]
13:38:05.0 (44061471)|STATEMENT_EXECUTE|[152]
13:38:05.0 (44071856)|HEAP_ALLOCATE|[152]|Bytes:4
13:38:05.0 (44094668)|VARIABLE_SCOPE_BEGIN|[152]|options|List<System.SelectOption>|true|false
13:38:05.0 (44116522)|HEAP_ALLOCATE|[EXTERNAL]|Bytes:4
13:38:05.0 (44125318)|VARIABLE_ASSIGNMENT|[152]|options|[]|0x6d7e52af
13:38:05.0 (44130923)|STATEMENT_EXECUTE|[153]
13:38:05.0 (44172212)|HEAP_ALLOCATE|[EXTERNAL]|Bytes:4
13:38:05.0 (44181576)|STATEMENT_EXECUTE|[156]
13:38:05.0 (44186307)|HEAP_ALLOCATE|[156]|Bytes:2
13:38:05.0 (44208425)|HEAP_ALLOCATE|[EXTERNAL]|Bytes:4
13:38:05.0 (44215136)|STATEMENT_EXECUTE|[157]
13:38:05.0 (44218509)|HEAP_ALLOCATE|[157]|Bytes:2
13:38:05.0 (44238664)|HEAP_ALLOCATE|[EXTERNAL]|Bytes:4
13:38:05.0 (44245228)|STATEMENT_EXECUTE|[162]
13:38:05.0 (44373552)|SYSTEM_MODE_ENTER|true
13:38:05.0 (46605892)|VF_SERIALIZE_VIEWSTATE_BEGIN|0660H000004OdRk
13:38:05.0 (62902107)|VF_SERIALIZE_VIEWSTATE_END
13:38:05.0 (66594372)|CODE_UNIT_STARTED|[EXTERNAL]|Generate Metadata
13:38:05.0 (67145037)|CODE_UNIT_FINISHED|Generate Metadata
13:38:05.69 (69113743)|CUMULATIVE_LIMIT_USAGE
13:38:05.69 (69113743)|LIMIT_USAGE_FOR_NS|(default)|
  Number of SOQL queries: 0 out of 100
  Number of query rows: 0 out of 50000
  Number of SOSL queries: 0 out of 20
  Number of DML statements: 0 out of 150
  Number of DML rows: 0 out of 10000
  Maximum CPU time: 0 out of 10000
  Maximum heap size: 0 out of 6000000
  Number of callouts: 0 out of 100
  Number of Email Invocations: 0 out of 10
  Number of future calls: 0 out of 50
  Number of queueable jobs added to the queue: 0 out of 50
  Number of Mobile Apex push calls: 0 out of 10

13:38:05.69 (69113743)|CUMULATIVE_LIMIT_USAGE_END

13:38:05.0 (69178670)|CODE_UNIT_FINISHED|VF: /apex/docapp
13:38:05.0 (69969769)|EXECUTION_FINISHED
