42.0 APEX_CODE,FINEST;APEX_PROFILING,INFO;CALLOUT,INFO;DB,INFO;SYSTEM,DEBUG;VALIDATION,INFO;VISUALFORCE,INFO;WAVE,INFO;WORKFLOW,INFO
16:24:24.0 (55420)|USER_INFO|[EXTERNAL]|005i0000002qYvT|anton@igate.com|India Standard Time|GMT+05:30
16:24:24.0 (96061)|EXECUTION_STARTED
16:24:24.0 (100238)|CODE_UNIT_STARTED|[EXTERNAL]|0660H000004OdRk|VF: /apex/docapp
16:24:24.0 (1142256)|VF_DESERIALIZE_VIEWSTATE_BEGIN|0660H000004OdRk
16:24:24.0 (3891017)|HEAP_ALLOCATE|[72]|Bytes:3
16:24:24.0 (3935184)|HEAP_ALLOCATE|[77]|Bytes:152
16:24:24.0 (3950799)|HEAP_ALLOCATE|[342]|Bytes:408
16:24:24.0 (3963681)|HEAP_ALLOCATE|[355]|Bytes:408
16:24:24.0 (3974392)|HEAP_ALLOCATE|[467]|Bytes:48
16:24:24.0 (4001616)|HEAP_ALLOCATE|[139]|Bytes:6
16:24:24.0 (4404380)|HEAP_ALLOCATE|[50]|Bytes:5
16:24:24.0 (4431913)|HEAP_ALLOCATE|[56]|Bytes:5
16:24:24.0 (4440031)|HEAP_ALLOCATE|[64]|Bytes:7
16:24:24.0 (8151608)|VF_DESERIALIZE_VIEWSTATE_END
16:24:24.8 (8781170)|SYSTEM_MODE_ENTER|true
16:24:24.8 (8854328)|HEAP_ALLOCATE|[EXTERNAL]|Bytes:38
16:24:24.8 (8862654)|HEAP_ALLOCATE|[EXTERNAL]|Bytes:7
16:24:24.8 (8876148)|SYSTEM_METHOD_ENTRY|[1]|PageMessagesComponentController.PageMessagesComponentController()
16:24:24.8 (8881940)|STATEMENT_EXECUTE|[1]
16:24:24.9 (9609498)|SYSTEM_MODE_ENTER|true
16:24:24.9 (9665944)|HEAP_ALLOCATE|[EXTERNAL]|Bytes:8
16:24:24.9 (9673994)|VARIABLE_SCOPE_BEGIN|[88]|this|ApexPage.PageMessagesComponentController|true|false
16:24:24.9 (9713206)|VARIABLE_ASSIGNMENT|[88]|this|{}|0x68a2063f
16:24:24.9 (9720008)|VARIABLE_SCOPE_BEGIN|[88]|escape|Boolean|false|false
16:24:24.9 (9732201)|VARIABLE_ASSIGNMENT|[88]|escape|null
16:24:24.0 (9873879)|SYSTEM_MODE_ENTER|true
16:24:24.0 (9894315)|HEAP_ALLOCATE|[EXTERNAL]|Bytes:14
16:24:24.0 (9902049)|HEAP_ALLOCATE|[EXTERNAL]|Bytes:248
16:24:24.0 (9905813)|HEAP_ALLOCATE|[EXTERNAL]|Bytes:53
16:24:24.0 (9909297)|HEAP_ALLOCATE|[EXTERNAL]|Bytes:20
16:24:24.0 (9917857)|METHOD_ENTRY|[1]|01p0H000007gCe8|docappcontroller.docappcontroller()
16:24:24.0 (9922982)|STATEMENT_EXECUTE|[1]
16:24:24.0 (9926531)|STATEMENT_EXECUTE|[1]
16:24:24.0 (9928285)|STATEMENT_EXECUTE|[208]
16:24:24.0 (9933048)|METHOD_EXIT|[1]|docappcontroller
16:24:24.0 (12265295)|SYSTEM_MODE_ENTER|true
16:24:24.0 (13004877)|SYSTEM_MODE_ENTER|true
16:24:24.0 (13132619)|SYSTEM_MODE_ENTER|true
16:24:24.0 (13358722)|HEAP_ALLOCATE|[EXTERNAL]|Bytes:108
16:24:24.0 (13367948)|HEAP_ALLOCATE|[EXTERNAL]|Bytes:11
16:24:24.0 (15045864)|SYSTEM_MODE_ENTER|true
16:24:24.0 (15295355)|HEAP_ALLOCATE|[EXTERNAL]|Bytes:48
16:24:24.0 (15304365)|VARIABLE_SCOPE_BEGIN|[164]|this|docappcontroller|true|false
16:24:24.0 (15363458)|VARIABLE_ASSIGNMENT|[164]|this|{"aptdum":"0x30b0b1ca","Docdum":"0x24782b72","Docmap":"0x48ebfeea","Initialselected":2,"Selecteddoc":"a260H000001koYlQAI","SelectedtimeSlot":30,"timelist":"0x55f2086e","timeset":"0x3308e194","timewraplist":"0x192bb69e","timewraplistInitial":"0x192bb69e"}|0x462af731
16:24:24.0 (15377250)|STATEMENT_EXECUTE|[164]
16:24:24.0 (15379430)|STATEMENT_EXECUTE|[166]
16:24:24.0 (15395834)|HEAP_ALLOCATE|[166]|Bytes:4
16:24:24.0 (15425467)|VARIABLE_SCOPE_BEGIN|[166]|options|List<System.SelectOption>|true|false
16:24:24.0 (15448513)|HEAP_ALLOCATE|[EXTERNAL]|Bytes:4
16:24:24.0 (15457563)|VARIABLE_ASSIGNMENT|[166]|options|[]|0x60338de
16:24:24.0 (15462746)|STATEMENT_EXECUTE|[167]
16:24:24.0 (15469349)|HEAP_ALLOCATE|[167]|Bytes:8
16:24:24.0 (15517955)|HEAP_ALLOCATE|[EXTERNAL]|Bytes:4
16:24:24.0 (15568068)|VARIABLE_ASSIGNMENT|[EXTERNAL]|this|{"aptdum":"0x30b0b1ca","Docdum":"0x24782b72","Docmap":"0x48ebfeea","Initialselected":2,"Selecteddoc":"a260H000001koYlQAI","SelectedtimeSlot":30,"timelist":"0x55f2086e","timeset":"0x3308e194","timewraplist":"0x192bb69e","timewraplistInitial":"0x192bb69e"}|0x462af731
16:24:24.0 (15582849)|STATEMENT_EXECUTE|[168]
16:24:24.0 (15614591)|VARIABLE_ASSIGNMENT|[EXTERNAL]|this|{"aptdum":"0x30b0b1ca","Docdum":"0x24782b72","Docmap":"0x48ebfeea","Initialselected":2,"Selecteddoc":"a260H000001koYlQAI","SelectedtimeSlot":30,"timelist":"0x55f2086e","timeset":"0x3308e194","timewraplist":"0x192bb69e","timewraplistInitial":"0x192bb69e"}|0x462af731
16:24:24.0 (15662654)|HEAP_ALLOCATE|[EXTERNAL]|Bytes:8
16:24:24.0 (15677595)|HEAP_ALLOCATE|[169]|Bytes:116
16:24:24.0 (15800866)|HEAP_ALLOCATE|[169]|Bytes:5
16:24:24.0 (15840906)|HEAP_ALLOCATE|[169]|Bytes:24
16:24:24.0 (15851090)|VARIABLE_SCOPE_BEGIN|[169]|doc|Doctor__c|true|false
16:24:24.0 (15874980)|VARIABLE_ASSIGNMENT|[169]|doc|{"Id":"a260H000001koYlQAI","Name":"doc4","End_Time__c":68400000,"Speciality__c":"Dermatology","Start_Time__c":32400000}|0x1f6448a6
16:24:24.0 (15881787)|STATEMENT_EXECUTE|[169]
16:24:24.0 (15884097)|STATEMENT_EXECUTE|[170]
16:24:24.0 (15926668)|HEAP_ALLOCATE|[170]|Bytes:18
16:24:24.0 (15976309)|HEAP_ALLOCATE|[EXTERNAL]|Bytes:4
16:24:24.0 (15991747)|HEAP_ALLOCATE|[169]|Bytes:5
16:24:24.0 (16002971)|VARIABLE_ASSIGNMENT|[169]|doc|null|
16:24:24.0 (16008614)|STATEMENT_EXECUTE|[176]
16:24:24.0 (16089402)|SYSTEM_MODE_ENTER|true
16:24:24.0 (16877489)|SYSTEM_MODE_ENTER|true
16:24:24.0 (16916259)|HEAP_ALLOCATE|[EXTERNAL]|Bytes:48
16:24:24.0 (16923924)|VARIABLE_SCOPE_BEGIN|[181]|this|docappcontroller|true|false
16:24:24.0 (16965802)|VARIABLE_ASSIGNMENT|[181]|this|{"aptdum":"0x30b0b1ca","Docdum":"0x24782b72","Docmap":"0x48ebfeea","Initialselected":2,"Selecteddoc":"a260H000001koYlQAI","SelectedtimeSlot":30,"timelist":"0x55f2086e","timeset":"0x3308e194","timewraplist":"0x192bb69e","timewraplistInitial":"0x192bb69e"}|0x462af731
16:24:24.0 (16977074)|STATEMENT_EXECUTE|[181]
16:24:24.0 (16979257)|STATEMENT_EXECUTE|[183]
16:24:24.0 (16988240)|HEAP_ALLOCATE|[183]|Bytes:4
16:24:24.0 (17010367)|VARIABLE_SCOPE_BEGIN|[183]|options|List<System.SelectOption>|true|false
16:24:24.0 (17033029)|HEAP_ALLOCATE|[EXTERNAL]|Bytes:4
16:24:24.0 (17041298)|VARIABLE_ASSIGNMENT|[183]|options|[]|0x51698085
16:24:24.0 (17046868)|STATEMENT_EXECUTE|[184]
16:24:24.0 (17050447)|HEAP_ALLOCATE|[184]|Bytes:79
16:24:24.0 (17066499)|HEAP_ALLOCATE|[184]|Bytes:4
16:24:24.0 (17351151)|SOQL_EXECUTE_BEGIN|[184]|Aggregations:0|SELECT Interval__c FROM Time_Interval__mdt ORDER BY Interval__c ASC NULLS FIRST
16:24:24.0 (20257737)|SOQL_EXECUTE_END|[184]|Rows:2
16:24:24.0 (20283869)|HEAP_ALLOCATE|[184]|Bytes:12
16:24:24.0 (20299072)|HEAP_ALLOCATE|[184]|Bytes:92
16:24:24.0 (20351256)|HEAP_ALLOCATE|[184]|Bytes:12
16:24:24.0 (20363228)|VARIABLE_SCOPE_BEGIN|[184]|intervals|List<Time_Interval__mdt>|true|false
16:24:24.0 (20385006)|VARIABLE_ASSIGNMENT|[184]|intervals|[{"Interval__c":"30","Id":"m030H000000bmFqQAI"},{"Interval__c":"60","Id":"m030H000000bmFvQAI"}]|0x6d0689fe
16:24:24.0 (20482703)|HEAP_ALLOCATE|[187]|Bytes:5
16:24:24.0 (20497576)|HEAP_ALLOCATE|[187]|Bytes:12
16:24:24.0 (20505110)|VARIABLE_SCOPE_BEGIN|[187]|i|Time_Interval__mdt|true|false
16:24:24.0 (20519228)|VARIABLE_ASSIGNMENT|[187]|i|{"Interval__c":"30","Id":"m030H000000bmFqQAI"}|0xc153a15
16:24:24.0 (20529121)|STATEMENT_EXECUTE|[187]
16:24:24.0 (20531191)|STATEMENT_EXECUTE|[188]
16:24:24.0 (20594344)|HEAP_ALLOCATE|[EXTERNAL]|Bytes:4
16:24:24.0 (20609975)|HEAP_ALLOCATE|[187]|Bytes:5
16:24:24.0 (20619606)|HEAP_ALLOCATE|[187]|Bytes:12
16:24:24.0 (20626290)|VARIABLE_SCOPE_BEGIN|[187]|i|Time_Interval__mdt|true|false
16:24:24.0 (20639490)|VARIABLE_ASSIGNMENT|[187]|i|{"Interval__c":"60","Id":"m030H000000bmFvQAI"}|0x55050b10
16:24:24.0 (20644961)|STATEMENT_EXECUTE|[187]
16:24:24.0 (20646635)|STATEMENT_EXECUTE|[188]
16:24:24.0 (20665681)|HEAP_ALLOCATE|[EXTERNAL]|Bytes:4
16:24:24.0 (20676706)|HEAP_ALLOCATE|[187]|Bytes:5
16:24:24.0 (20686480)|VARIABLE_ASSIGNMENT|[187]|i|null|
16:24:24.0 (20690915)|STATEMENT_EXECUTE|[196]
16:24:24.0 (21091227)|SYSTEM_MODE_ENTER|true
16:24:24.21 (21677305)|SYSTEM_MODE_ENTER|true
16:24:24.21 (21730850)|HEAP_ALLOCATE|[EXTERNAL]|Bytes:8
16:24:24.21 (21739223)|VARIABLE_SCOPE_BEGIN|[88]|this|ApexPage.PageMessagesComponentController|true|false
16:24:24.21 (21762338)|VARIABLE_ASSIGNMENT|[88]|this|{}|0x68a2063f
16:24:24.21 (21768907)|VARIABLE_SCOPE_BEGIN|[88]|escape|Boolean|false|false
16:24:24.21 (21776498)|VARIABLE_ASSIGNMENT|[88]|escape|null
16:24:24.0 (21956049)|SYSTEM_MODE_ENTER|true
16:24:24.0 (21982342)|HEAP_ALLOCATE|[EXTERNAL]|Bytes:18
16:24:24.0 (21987386)|HEAP_ALLOCATE|[EXTERNAL]|Bytes:48
16:24:24.0 (21998355)|VARIABLE_ASSIGNMENT|[EXTERNAL]|this.Selecteddoc|"a260H000001koYlQAI"|0x462af731
16:24:24.0 (22041326)|SYSTEM_MODE_ENTER|true
16:24:24.0 (22183229)|SYSTEM_MODE_ENTER|true
16:24:24.0 (22361293)|HEAP_ALLOCATE|[EXTERNAL]|Bytes:5
16:24:24.0 (22367509)|HEAP_ALLOCATE|[EXTERNAL]|Bytes:12
16:24:24.0 (22376925)|VARIABLE_ASSIGNMENT|[EXTERNAL]|this.selected|false|0x278a06dc
16:24:24.0 (22426278)|HEAP_ALLOCATE|[EXTERNAL]|Bytes:5
16:24:24.0 (22430916)|HEAP_ALLOCATE|[EXTERNAL]|Bytes:12
16:24:24.0 (22437926)|VARIABLE_ASSIGNMENT|[EXTERNAL]|this.selected|false|0x5c219a14
16:24:24.0 (22483699)|HEAP_ALLOCATE|[EXTERNAL]|Bytes:5
16:24:24.0 (22488344)|HEAP_ALLOCATE|[EXTERNAL]|Bytes:12
16:24:24.0 (22495036)|VARIABLE_ASSIGNMENT|[EXTERNAL]|this.selected|false|0x19d55886
16:24:24.0 (22543786)|HEAP_ALLOCATE|[EXTERNAL]|Bytes:5
16:24:24.0 (22548252)|HEAP_ALLOCATE|[EXTERNAL]|Bytes:12
16:24:24.0 (22554242)|VARIABLE_ASSIGNMENT|[EXTERNAL]|this.selected|false|0x7ae40d99
16:24:24.0 (22593174)|HEAP_ALLOCATE|[EXTERNAL]|Bytes:5
16:24:24.0 (22597410)|HEAP_ALLOCATE|[EXTERNAL]|Bytes:12
16:24:24.0 (22603737)|VARIABLE_ASSIGNMENT|[EXTERNAL]|this.selected|false|0x49466b2b
16:24:24.0 (22642185)|HEAP_ALLOCATE|[EXTERNAL]|Bytes:5
16:24:24.0 (22646628)|HEAP_ALLOCATE|[EXTERNAL]|Bytes:12
16:24:24.0 (22657672)|VARIABLE_ASSIGNMENT|[EXTERNAL]|this.selected|false|0x6072ddc5
16:24:24.0 (22697137)|HEAP_ALLOCATE|[EXTERNAL]|Bytes:5
16:24:24.0 (22701751)|HEAP_ALLOCATE|[EXTERNAL]|Bytes:12
16:24:24.0 (22708122)|VARIABLE_ASSIGNMENT|[EXTERNAL]|this.selected|true|0x642c201f
16:24:24.0 (22749224)|HEAP_ALLOCATE|[EXTERNAL]|Bytes:5
16:24:24.0 (22753513)|HEAP_ALLOCATE|[EXTERNAL]|Bytes:12
16:24:24.0 (22759395)|VARIABLE_ASSIGNMENT|[EXTERNAL]|this.selected|false|0x3e7e71c6
16:24:24.0 (22798575)|HEAP_ALLOCATE|[EXTERNAL]|Bytes:5
16:24:24.0 (22803147)|HEAP_ALLOCATE|[EXTERNAL]|Bytes:12
16:24:24.0 (22809161)|VARIABLE_ASSIGNMENT|[EXTERNAL]|this.selected|false|0x441b5a11
16:24:24.0 (22847696)|HEAP_ALLOCATE|[EXTERNAL]|Bytes:5
16:24:24.0 (22851767)|HEAP_ALLOCATE|[EXTERNAL]|Bytes:12
16:24:24.0 (22857569)|VARIABLE_ASSIGNMENT|[EXTERNAL]|this.selected|false|0x32713ba2
16:24:24.0 (22895635)|HEAP_ALLOCATE|[EXTERNAL]|Bytes:5
16:24:24.0 (22899921)|HEAP_ALLOCATE|[EXTERNAL]|Bytes:12
16:24:24.0 (22906301)|VARIABLE_ASSIGNMENT|[EXTERNAL]|this.selected|false|0x37d8d92b
16:24:24.0 (22944894)|HEAP_ALLOCATE|[EXTERNAL]|Bytes:5
16:24:24.0 (22949044)|HEAP_ALLOCATE|[EXTERNAL]|Bytes:12
16:24:24.0 (22955056)|VARIABLE_ASSIGNMENT|[EXTERNAL]|this.selected|false|0x7ae56e57
16:24:24.0 (22993447)|HEAP_ALLOCATE|[EXTERNAL]|Bytes:5
16:24:24.0 (22997869)|HEAP_ALLOCATE|[EXTERNAL]|Bytes:12
16:24:24.0 (23003756)|VARIABLE_ASSIGNMENT|[EXTERNAL]|this.selected|false|0x64b068c8
16:24:24.0 (23043977)|HEAP_ALLOCATE|[EXTERNAL]|Bytes:5
16:24:24.0 (23048230)|HEAP_ALLOCATE|[EXTERNAL]|Bytes:12
16:24:24.0 (23054708)|VARIABLE_ASSIGNMENT|[EXTERNAL]|this.selected|false|0x5f27e3d7
16:24:24.0 (23093457)|HEAP_ALLOCATE|[EXTERNAL]|Bytes:5
16:24:24.0 (23098123)|HEAP_ALLOCATE|[EXTERNAL]|Bytes:12
16:24:24.0 (23103665)|VARIABLE_ASSIGNMENT|[EXTERNAL]|this.selected|false|0x2ec77899
16:24:24.0 (23142129)|HEAP_ALLOCATE|[EXTERNAL]|Bytes:5
16:24:24.0 (23146360)|HEAP_ALLOCATE|[EXTERNAL]|Bytes:12
16:24:24.0 (23152351)|VARIABLE_ASSIGNMENT|[EXTERNAL]|this.selected|false|0x7f812cc0
16:24:24.0 (23190570)|HEAP_ALLOCATE|[EXTERNAL]|Bytes:5
16:24:24.0 (23194827)|HEAP_ALLOCATE|[EXTERNAL]|Bytes:12
16:24:24.0 (23200521)|VARIABLE_ASSIGNMENT|[EXTERNAL]|this.selected|false|0x1890fdd0
16:24:24.0 (23238659)|HEAP_ALLOCATE|[EXTERNAL]|Bytes:5
16:24:24.0 (23242971)|HEAP_ALLOCATE|[EXTERNAL]|Bytes:12
16:24:24.0 (23249190)|VARIABLE_ASSIGNMENT|[EXTERNAL]|this.selected|false|0x78c98c4e
16:24:24.0 (23287915)|HEAP_ALLOCATE|[EXTERNAL]|Bytes:5
16:24:24.0 (23293261)|HEAP_ALLOCATE|[EXTERNAL]|Bytes:12
16:24:24.0 (23299151)|VARIABLE_ASSIGNMENT|[EXTERNAL]|this.selected|false|0x6d5f207e
16:24:24.0 (23337489)|SYSTEM_MODE_ENTER|true
16:24:24.0 (23352194)|HEAP_ALLOCATE|[EXTERNAL]|Bytes:8
16:24:24.0 (23356223)|HEAP_ALLOCATE|[EXTERNAL]|Bytes:48
16:24:24.0 (23362923)|VARIABLE_ASSIGNMENT|[EXTERNAL]|this.SelectedtimeSlot|30|0x462af731
16:24:24.0 (23397875)|SYSTEM_MODE_ENTER|true
16:24:24.0 (23615883)|HEAP_ALLOCATE|[EXTERNAL]|Bytes:48
16:24:24.0 (23625688)|VARIABLE_SCOPE_BEGIN|[11]|this|docappcontroller|true|false
16:24:24.0 (23669965)|VARIABLE_ASSIGNMENT|[11]|this|{"aptdum":"0x30b0b1ca","Docdum":"0x24782b72","Docmap":"0x48ebfeea","Initialselected":2,"Selecteddoc":"a260H000001koYlQAI","SelectedtimeSlot":30,"timelist":"0x55f2086e","timeset":"0x3308e194","timewraplist":"0x192bb69e","timewraplistInitial":"0x192bb69e"}|0x462af731
16:24:24.0 (23681590)|STATEMENT_EXECUTE|[11]
16:24:24.0 (23683529)|STATEMENT_EXECUTE|[12]
16:24:24.0 (23689167)|VARIABLE_SCOPE_BEGIN|[12]|counter|Integer|false|false
16:24:24.0 (23697099)|HEAP_ALLOCATE|[12]|Bytes:4
16:24:24.0 (23706755)|VARIABLE_ASSIGNMENT|[12]|counter|0
16:24:24.0 (23754642)|VARIABLE_ASSIGNMENT|[EXTERNAL]|this|{"aptdum":"0x30b0b1ca","Docdum":"0x24782b72","Docmap":"0x48ebfeea","Initialselected":2,"Selecteddoc":"a260H000001koYlQAI","SelectedtimeSlot":30,"timelist":"0x55f2086e","timeset":"0x3308e194","timewraplist":"0x192bb69e","timewraplistInitial":"0x192bb69e"}|0x462af731
16:24:24.0 (23848599)|HEAP_ALLOCATE|[13]|Bytes:5
16:24:24.0 (23862066)|HEAP_ALLOCATE|[13]|Bytes:12
16:24:24.0 (23868168)|VARIABLE_SCOPE_BEGIN|[13]|wt|docappcontroller.Wrapertimeslot|true|false
16:24:24.0 (23891324)|VARIABLE_ASSIGNMENT|[13]|wt|{"selected":false,"t":32400000}|0x278a06dc
16:24:24.0 (23898028)|STATEMENT_EXECUTE|[13]
16:24:24.0 (23929276)|VARIABLE_ASSIGNMENT|[EXTERNAL]|this|{"selected":false,"t":32400000}|0x278a06dc
16:24:24.0 (23941703)|STATEMENT_EXECUTE|[14]
16:24:24.0 (23950387)|HEAP_ALLOCATE|[13]|Bytes:5
16:24:24.0 (23958154)|HEAP_ALLOCATE|[13]|Bytes:12
16:24:24.0 (23963609)|VARIABLE_SCOPE_BEGIN|[13]|wt|docappcontroller.Wrapertimeslot|true|false
16:24:24.0 (23978291)|VARIABLE_ASSIGNMENT|[13]|wt|{"selected":false,"t":34200000}|0x5c219a14
16:24:24.0 (23983497)|STATEMENT_EXECUTE|[13]
16:24:24.0 (23996494)|VARIABLE_ASSIGNMENT|[EXTERNAL]|this|{"selected":false,"t":34200000}|0x5c219a14
16:24:24.0 (24004623)|STATEMENT_EXECUTE|[14]
16:24:24.0 (24011540)|HEAP_ALLOCATE|[13]|Bytes:5
16:24:24.0 (24018680)|HEAP_ALLOCATE|[13]|Bytes:12
16:24:24.0 (24023082)|VARIABLE_SCOPE_BEGIN|[13]|wt|docappcontroller.Wrapertimeslot|true|false
16:24:24.0 (24036791)|VARIABLE_ASSIGNMENT|[13]|wt|{"selected":false,"t":36000000}|0x19d55886
16:24:24.0 (24041808)|STATEMENT_EXECUTE|[13]
16:24:24.0 (24053508)|VARIABLE_ASSIGNMENT|[EXTERNAL]|this|{"selected":false,"t":36000000}|0x19d55886
16:24:24.0 (24061241)|STATEMENT_EXECUTE|[14]
16:24:24.0 (24066971)|HEAP_ALLOCATE|[13]|Bytes:5
16:24:24.0 (24073595)|HEAP_ALLOCATE|[13]|Bytes:12
16:24:24.0 (24077647)|VARIABLE_SCOPE_BEGIN|[13]|wt|docappcontroller.Wrapertimeslot|true|false
16:24:24.0 (24091201)|VARIABLE_ASSIGNMENT|[13]|wt|{"selected":true,"t":37800000}|0x5d0e8264
16:24:24.0 (24096539)|STATEMENT_EXECUTE|[13]
16:24:24.0 (24107946)|VARIABLE_ASSIGNMENT|[EXTERNAL]|this|{"selected":true,"t":37800000}|0x5d0e8264
16:24:24.0 (24115304)|STATEMENT_EXECUTE|[14]
16:24:24.0 (24116761)|STATEMENT_EXECUTE|[15]
16:24:24.0 (24119833)|HEAP_ALLOCATE|[15]|Bytes:4
16:24:24.0 (24125990)|VARIABLE_ASSIGNMENT|[15]|counter|1
16:24:24.0 (24134814)|HEAP_ALLOCATE|[13]|Bytes:5
16:24:24.0 (24141325)|HEAP_ALLOCATE|[13]|Bytes:12
16:24:24.0 (24145856)|VARIABLE_SCOPE_BEGIN|[13]|wt|docappcontroller.Wrapertimeslot|true|false
16:24:24.0 (24159299)|VARIABLE_ASSIGNMENT|[13]|wt|{"selected":true,"t":39600000}|0x2a45d3ff
16:24:24.0 (24164224)|STATEMENT_EXECUTE|[13]
16:24:24.0 (24175664)|VARIABLE_ASSIGNMENT|[EXTERNAL]|this|{"selected":true,"t":39600000}|0x2a45d3ff
16:24:24.0 (24183101)|STATEMENT_EXECUTE|[14]
16:24:24.0 (24184574)|STATEMENT_EXECUTE|[15]
16:24:24.0 (24186402)|HEAP_ALLOCATE|[15]|Bytes:4
16:24:24.0 (24191971)|VARIABLE_ASSIGNMENT|[15]|counter|2
16:24:24.0 (24200094)|HEAP_ALLOCATE|[13]|Bytes:5
16:24:24.0 (24206664)|HEAP_ALLOCATE|[13]|Bytes:12
16:24:24.0 (24210725)|VARIABLE_SCOPE_BEGIN|[13]|wt|docappcontroller.Wrapertimeslot|true|false
16:24:24.0 (24224300)|VARIABLE_ASSIGNMENT|[13]|wt|{"selected":false,"t":41400000}|0x7ae40d99
16:24:24.0 (24229421)|STATEMENT_EXECUTE|[13]
16:24:24.0 (24240761)|VARIABLE_ASSIGNMENT|[EXTERNAL]|this|{"selected":false,"t":41400000}|0x7ae40d99
16:24:24.0 (24248310)|STATEMENT_EXECUTE|[14]
16:24:24.0 (24254463)|HEAP_ALLOCATE|[13]|Bytes:5
16:24:24.0 (24261210)|HEAP_ALLOCATE|[13]|Bytes:12
16:24:24.0 (24265236)|VARIABLE_SCOPE_BEGIN|[13]|wt|docappcontroller.Wrapertimeslot|true|false
16:24:24.0 (24278142)|VARIABLE_ASSIGNMENT|[13]|wt|{"selected":false,"t":43200000}|0x49466b2b
16:24:24.0 (24282871)|STATEMENT_EXECUTE|[13]
16:24:24.0 (24294124)|VARIABLE_ASSIGNMENT|[EXTERNAL]|this|{"selected":false,"t":43200000}|0x49466b2b
16:24:24.0 (24301313)|STATEMENT_EXECUTE|[14]
16:24:24.0 (24307563)|HEAP_ALLOCATE|[13]|Bytes:5
16:24:24.0 (24314148)|HEAP_ALLOCATE|[13]|Bytes:12
16:24:24.0 (24318748)|VARIABLE_SCOPE_BEGIN|[13]|wt|docappcontroller.Wrapertimeslot|true|false
16:24:24.0 (24331466)|VARIABLE_ASSIGNMENT|[13]|wt|{"selected":false,"t":45000000}|0x6072ddc5
16:24:24.0 (24336346)|STATEMENT_EXECUTE|[13]
16:24:24.0 (24347295)|VARIABLE_ASSIGNMENT|[EXTERNAL]|this|{"selected":false,"t":45000000}|0x6072ddc5
16:24:24.0 (24354661)|STATEMENT_EXECUTE|[14]
16:24:24.0 (24360584)|HEAP_ALLOCATE|[13]|Bytes:5
16:24:24.0 (24367298)|HEAP_ALLOCATE|[13]|Bytes:12
16:24:24.0 (24371109)|VARIABLE_SCOPE_BEGIN|[13]|wt|docappcontroller.Wrapertimeslot|true|false
16:24:24.0 (24383767)|VARIABLE_ASSIGNMENT|[13]|wt|{"selected":true,"t":46800000}|0x642c201f
16:24:24.0 (24389130)|STATEMENT_EXECUTE|[13]
16:24:24.0 (24400185)|VARIABLE_ASSIGNMENT|[EXTERNAL]|this|{"selected":true,"t":46800000}|0x642c201f
16:24:24.0 (24407892)|STATEMENT_EXECUTE|[14]
16:24:24.0 (24409358)|STATEMENT_EXECUTE|[15]
16:24:24.0 (24411696)|HEAP_ALLOCATE|[15]|Bytes:4
16:24:24.0 (24416879)|VARIABLE_ASSIGNMENT|[15]|counter|3
16:24:24.0 (24424759)|HEAP_ALLOCATE|[13]|Bytes:5
16:24:24.0 (24431264)|HEAP_ALLOCATE|[13]|Bytes:12
16:24:24.0 (24435581)|VARIABLE_SCOPE_BEGIN|[13]|wt|docappcontroller.Wrapertimeslot|true|false
16:24:24.0 (24448576)|VARIABLE_ASSIGNMENT|[13]|wt|{"selected":false,"t":48600000}|0x3e7e71c6
16:24:24.0 (24453464)|STATEMENT_EXECUTE|[13]
16:24:24.0 (24464812)|VARIABLE_ASSIGNMENT|[EXTERNAL]|this|{"selected":false,"t":48600000}|0x3e7e71c6
16:24:24.0 (24472076)|STATEMENT_EXECUTE|[14]
16:24:24.0 (24477730)|HEAP_ALLOCATE|[13]|Bytes:5
16:24:24.0 (24484215)|HEAP_ALLOCATE|[13]|Bytes:12
16:24:24.0 (24488470)|VARIABLE_SCOPE_BEGIN|[13]|wt|docappcontroller.Wrapertimeslot|true|false
16:24:24.0 (24501028)|VARIABLE_ASSIGNMENT|[13]|wt|{"selected":false,"t":50400000}|0x441b5a11
16:24:24.0 (24505970)|STATEMENT_EXECUTE|[13]
16:24:24.0 (24517144)|VARIABLE_ASSIGNMENT|[EXTERNAL]|this|{"selected":false,"t":50400000}|0x441b5a11
16:24:24.0 (24524373)|STATEMENT_EXECUTE|[14]
16:24:24.0 (24530358)|HEAP_ALLOCATE|[13]|Bytes:5
16:24:24.0 (24536790)|HEAP_ALLOCATE|[13]|Bytes:12
16:24:24.0 (24540984)|VARIABLE_SCOPE_BEGIN|[13]|wt|docappcontroller.Wrapertimeslot|true|false
16:24:24.0 (24558493)|VARIABLE_ASSIGNMENT|[13]|wt|{"selected":false,"t":52200000}|0x32713ba2
16:24:24.0 (24563724)|STATEMENT_EXECUTE|[13]
16:24:24.0 (24575488)|VARIABLE_ASSIGNMENT|[EXTERNAL]|this|{"selected":false,"t":52200000}|0x32713ba2
16:24:24.0 (24582644)|STATEMENT_EXECUTE|[14]
16:24:24.0 (24588693)|HEAP_ALLOCATE|[13]|Bytes:5
16:24:24.0 (24595105)|HEAP_ALLOCATE|[13]|Bytes:12
16:24:24.0 (24599622)|VARIABLE_SCOPE_BEGIN|[13]|wt|docappcontroller.Wrapertimeslot|true|false
16:24:24.0 (24612948)|VARIABLE_ASSIGNMENT|[13]|wt|{"selected":false,"t":54000000}|0x37d8d92b
16:24:24.0 (24617861)|STATEMENT_EXECUTE|[13]
16:24:24.0 (24629091)|VARIABLE_ASSIGNMENT|[EXTERNAL]|this|{"selected":false,"t":54000000}|0x37d8d92b
16:24:24.0 (24636303)|STATEMENT_EXECUTE|[14]
16:24:24.0 (24641955)|HEAP_ALLOCATE|[13]|Bytes:5
16:24:24.0 (24653980)|HEAP_ALLOCATE|[13]|Bytes:12
16:24:24.0 (24658548)|VARIABLE_SCOPE_BEGIN|[13]|wt|docappcontroller.Wrapertimeslot|true|false
16:24:24.0 (24672515)|VARIABLE_ASSIGNMENT|[13]|wt|{"selected":false,"t":55800000}|0x7ae56e57
16:24:24.0 (24677832)|STATEMENT_EXECUTE|[13]
16:24:24.0 (24689237)|VARIABLE_ASSIGNMENT|[EXTERNAL]|this|{"selected":false,"t":55800000}|0x7ae56e57
16:24:24.0 (24696832)|STATEMENT_EXECUTE|[14]
16:24:24.0 (24702635)|HEAP_ALLOCATE|[13]|Bytes:5
16:24:24.0 (24709003)|HEAP_ALLOCATE|[13]|Bytes:12
16:24:24.0 (24712993)|VARIABLE_SCOPE_BEGIN|[13]|wt|docappcontroller.Wrapertimeslot|true|false
16:24:24.0 (24727988)|VARIABLE_ASSIGNMENT|[13]|wt|{"selected":false,"t":57600000}|0x64b068c8
16:24:24.0 (24733429)|STATEMENT_EXECUTE|[13]
16:24:24.0 (24744702)|VARIABLE_ASSIGNMENT|[EXTERNAL]|this|{"selected":false,"t":57600000}|0x64b068c8
16:24:24.0 (24751808)|STATEMENT_EXECUTE|[14]
16:24:24.0 (24757609)|HEAP_ALLOCATE|[13]|Bytes:5
16:24:24.0 (24764000)|HEAP_ALLOCATE|[13]|Bytes:12
16:24:24.0 (24768140)|VARIABLE_SCOPE_BEGIN|[13]|wt|docappcontroller.Wrapertimeslot|true|false
16:24:24.0 (24781419)|VARIABLE_ASSIGNMENT|[13]|wt|{"selected":false,"t":59400000}|0x5f27e3d7
16:24:24.0 (24786599)|STATEMENT_EXECUTE|[13]
16:24:24.0 (24797839)|VARIABLE_ASSIGNMENT|[EXTERNAL]|this|{"selected":false,"t":59400000}|0x5f27e3d7
16:24:24.0 (24805408)|STATEMENT_EXECUTE|[14]
16:24:24.0 (24810999)|HEAP_ALLOCATE|[13]|Bytes:5
16:24:24.0 (24817438)|HEAP_ALLOCATE|[13]|Bytes:12
16:24:24.0 (24821321)|VARIABLE_SCOPE_BEGIN|[13]|wt|docappcontroller.Wrapertimeslot|true|false
16:24:24.0 (24834376)|VARIABLE_ASSIGNMENT|[13]|wt|{"selected":false,"t":61200000}|0x2ec77899
16:24:24.0 (24839665)|STATEMENT_EXECUTE|[13]
16:24:24.0 (24850638)|VARIABLE_ASSIGNMENT|[EXTERNAL]|this|{"selected":false,"t":61200000}|0x2ec77899
16:24:24.0 (24857871)|STATEMENT_EXECUTE|[14]
16:24:24.0 (24863459)|HEAP_ALLOCATE|[13]|Bytes:5
16:24:24.0 (24869971)|HEAP_ALLOCATE|[13]|Bytes:12
16:24:24.0 (24874103)|VARIABLE_SCOPE_BEGIN|[13]|wt|docappcontroller.Wrapertimeslot|true|false
16:24:24.0 (24887434)|VARIABLE_ASSIGNMENT|[13]|wt|{"selected":false,"t":63000000}|0x7f812cc0
16:24:24.0 (24892744)|STATEMENT_EXECUTE|[13]
16:24:24.0 (24903969)|VARIABLE_ASSIGNMENT|[EXTERNAL]|this|{"selected":false,"t":63000000}|0x7f812cc0
16:24:24.0 (24911176)|STATEMENT_EXECUTE|[14]
16:24:24.0 (24916859)|HEAP_ALLOCATE|[13]|Bytes:5
16:24:24.0 (24923380)|HEAP_ALLOCATE|[13]|Bytes:12
16:24:24.0 (24927899)|VARIABLE_SCOPE_BEGIN|[13]|wt|docappcontroller.Wrapertimeslot|true|false
16:24:24.0 (24940699)|VARIABLE_ASSIGNMENT|[13]|wt|{"selected":false,"t":64800000}|0x1890fdd0
16:24:24.0 (24945773)|STATEMENT_EXECUTE|[13]
16:24:24.0 (24956607)|VARIABLE_ASSIGNMENT|[EXTERNAL]|this|{"selected":false,"t":64800000}|0x1890fdd0
16:24:24.0 (24963846)|STATEMENT_EXECUTE|[14]
16:24:24.0 (24969452)|HEAP_ALLOCATE|[13]|Bytes:5
16:24:24.0 (24975653)|HEAP_ALLOCATE|[13]|Bytes:12
16:24:24.0 (24979753)|VARIABLE_SCOPE_BEGIN|[13]|wt|docappcontroller.Wrapertimeslot|true|false
16:24:24.0 (24992559)|VARIABLE_ASSIGNMENT|[13]|wt|{"selected":false,"t":66600000}|0x78c98c4e
16:24:24.0 (24998280)|STATEMENT_EXECUTE|[13]
16:24:24.0 (25009368)|VARIABLE_ASSIGNMENT|[EXTERNAL]|this|{"selected":false,"t":66600000}|0x78c98c4e
16:24:24.0 (25017532)|STATEMENT_EXECUTE|[14]
16:24:24.0 (25023359)|HEAP_ALLOCATE|[13]|Bytes:5
16:24:24.0 (25030194)|HEAP_ALLOCATE|[13]|Bytes:12
16:24:24.0 (25034320)|VARIABLE_SCOPE_BEGIN|[13]|wt|docappcontroller.Wrapertimeslot|true|false
16:24:24.0 (25047094)|VARIABLE_ASSIGNMENT|[13]|wt|{"selected":false,"t":68400000}|0x6d5f207e
16:24:24.0 (25052249)|STATEMENT_EXECUTE|[13]
16:24:24.0 (25063285)|VARIABLE_ASSIGNMENT|[EXTERNAL]|this|{"selected":false,"t":68400000}|0x6d5f207e
16:24:24.0 (25070915)|STATEMENT_EXECUTE|[14]
16:24:24.0 (25076717)|HEAP_ALLOCATE|[13]|Bytes:5
16:24:24.0 (25084583)|VARIABLE_ASSIGNMENT|[13]|wt|null|
16:24:24.0 (25093920)|STATEMENT_EXECUTE|[20]
16:24:24.0 (25095657)|STATEMENT_EXECUTE|[21]
16:24:24.0 (25135292)|HEAP_ALLOCATE|[21]|Bytes:4
16:24:24.0 (25221291)|VARIABLE_SCOPE_BEGIN|[21]|a|Appointment__c|true|false
16:24:24.0 (25236238)|VARIABLE_ASSIGNMENT|[21]|a|{}|0x9930e6a
16:24:24.0 (25282365)|VARIABLE_ASSIGNMENT|[EXTERNAL]|this|{"aptdum":"0x30b0b1ca","Docdum":"0x24782b72","Docmap":"0x48ebfeea","Initialselected":2,"Selecteddoc":"a260H000001koYlQAI","SelectedtimeSlot":30,"timelist":"0x55f2086e","timeset":"0x3308e194","timewraplist":"0x192bb69e","timewraplistInitial":"0x192bb69e"}|0x462af731
16:24:24.0 (25309146)|HEAP_ALLOCATE|[22]|Bytes:5
16:24:24.0 (25318134)|HEAP_ALLOCATE|[22]|Bytes:12
16:24:24.0 (25323450)|VARIABLE_SCOPE_BEGIN|[22]|wt|docappcontroller.Wrapertimeslot|true|false
16:24:24.0 (25339403)|VARIABLE_ASSIGNMENT|[22]|wt|{"selected":false,"t":32400000}|0x278a06dc
16:24:24.0 (25344761)|STATEMENT_EXECUTE|[22]
16:24:24.0 (25364182)|VARIABLE_ASSIGNMENT|[EXTERNAL]|this|{"selected":false,"t":32400000}|0x278a06dc
16:24:24.0 (25372704)|STATEMENT_EXECUTE|[23]
16:24:24.0 (25379363)|HEAP_ALLOCATE|[22]|Bytes:5
16:24:24.0 (25385873)|HEAP_ALLOCATE|[22]|Bytes:12
16:24:24.0 (25390179)|VARIABLE_SCOPE_BEGIN|[22]|wt|docappcontroller.Wrapertimeslot|true|false
16:24:24.0 (25404402)|VARIABLE_ASSIGNMENT|[22]|wt|{"selected":false,"t":34200000}|0x5c219a14
16:24:24.0 (25412785)|STATEMENT_EXECUTE|[22]
16:24:24.0 (25425531)|VARIABLE_ASSIGNMENT|[EXTERNAL]|this|{"selected":false,"t":34200000}|0x5c219a14
16:24:24.0 (25433115)|STATEMENT_EXECUTE|[23]
16:24:24.0 (25439387)|HEAP_ALLOCATE|[22]|Bytes:5
16:24:24.0 (25445836)|HEAP_ALLOCATE|[22]|Bytes:12
16:24:24.0 (25450481)|VARIABLE_SCOPE_BEGIN|[22]|wt|docappcontroller.Wrapertimeslot|true|false
16:24:24.0 (25463607)|VARIABLE_ASSIGNMENT|[22]|wt|{"selected":false,"t":36000000}|0x19d55886
16:24:24.0 (25468551)|STATEMENT_EXECUTE|[22]
16:24:24.0 (25479912)|VARIABLE_ASSIGNMENT|[EXTERNAL]|this|{"selected":false,"t":36000000}|0x19d55886
16:24:24.0 (25487007)|STATEMENT_EXECUTE|[23]
16:24:24.0 (25492576)|HEAP_ALLOCATE|[22]|Bytes:5
16:24:24.0 (25499525)|HEAP_ALLOCATE|[22]|Bytes:12
16:24:24.0 (25503516)|VARIABLE_SCOPE_BEGIN|[22]|wt|docappcontroller.Wrapertimeslot|true|false
16:24:24.0 (25516318)|VARIABLE_ASSIGNMENT|[22]|wt|{"selected":true,"t":37800000}|0x5d0e8264
16:24:24.0 (25521779)|STATEMENT_EXECUTE|[22]
16:24:24.0 (25533285)|VARIABLE_ASSIGNMENT|[EXTERNAL]|this|{"selected":true,"t":37800000}|0x5d0e8264
16:24:24.0 (25575262)|VARIABLE_ASSIGNMENT|[EXTERNAL]|this|{"selected":true,"t":37800000}|0x5d0e8264
16:24:24.0 (25598562)|STATEMENT_EXECUTE|[24]
16:24:24.0 (25605816)|HEAP_ALLOCATE|[22]|Bytes:5
16:24:24.0 (25613323)|HEAP_ALLOCATE|[22]|Bytes:12
16:24:24.0 (25617842)|VARIABLE_SCOPE_BEGIN|[22]|wt|docappcontroller.Wrapertimeslot|true|false
16:24:24.0 (25632425)|VARIABLE_ASSIGNMENT|[22]|wt|{"selected":true,"t":39600000}|0x2a45d3ff
16:24:24.0 (25638015)|STATEMENT_EXECUTE|[22]
16:24:24.0 (25654276)|VARIABLE_ASSIGNMENT|[EXTERNAL]|this|{"selected":true,"t":39600000}|0x2a45d3ff
16:24:24.0 (25672702)|VARIABLE_ASSIGNMENT|[EXTERNAL]|this|{"selected":true,"t":39600000}|0x2a45d3ff
16:24:24.0 (25686834)|STATEMENT_EXECUTE|[24]
16:24:24.0 (25692869)|HEAP_ALLOCATE|[22]|Bytes:5
16:24:24.0 (25699680)|HEAP_ALLOCATE|[22]|Bytes:12
16:24:24.0 (25704359)|VARIABLE_SCOPE_BEGIN|[22]|wt|docappcontroller.Wrapertimeslot|true|false
16:24:24.0 (25717759)|VARIABLE_ASSIGNMENT|[22]|wt|{"selected":false,"t":41400000}|0x7ae40d99
16:24:24.0 (25725307)|STATEMENT_EXECUTE|[22]
16:24:24.0 (25737625)|VARIABLE_ASSIGNMENT|[EXTERNAL]|this|{"selected":false,"t":41400000}|0x7ae40d99
16:24:24.0 (25745237)|STATEMENT_EXECUTE|[23]
16:24:24.0 (25750932)|HEAP_ALLOCATE|[22]|Bytes:5
16:24:24.0 (25757671)|HEAP_ALLOCATE|[22]|Bytes:12
16:24:24.0 (25761924)|VARIABLE_SCOPE_BEGIN|[22]|wt|docappcontroller.Wrapertimeslot|true|false
16:24:24.0 (25774546)|VARIABLE_ASSIGNMENT|[22]|wt|{"selected":false,"t":43200000}|0x49466b2b
16:24:24.0 (25779828)|STATEMENT_EXECUTE|[22]
16:24:24.0 (25790731)|VARIABLE_ASSIGNMENT|[EXTERNAL]|this|{"selected":false,"t":43200000}|0x49466b2b
16:24:24.0 (25798028)|STATEMENT_EXECUTE|[23]
16:24:24.0 (25803612)|HEAP_ALLOCATE|[22]|Bytes:5
16:24:24.0 (25810098)|HEAP_ALLOCATE|[22]|Bytes:12
16:24:24.0 (25813974)|VARIABLE_SCOPE_BEGIN|[22]|wt|docappcontroller.Wrapertimeslot|true|false
16:24:24.0 (25827456)|VARIABLE_ASSIGNMENT|[22]|wt|{"selected":false,"t":45000000}|0x6072ddc5
16:24:24.0 (25833135)|STATEMENT_EXECUTE|[22]
16:24:24.0 (25844209)|VARIABLE_ASSIGNMENT|[EXTERNAL]|this|{"selected":false,"t":45000000}|0x6072ddc5
16:24:24.0 (25851825)|STATEMENT_EXECUTE|[23]
16:24:24.0 (25857881)|HEAP_ALLOCATE|[22]|Bytes:5
16:24:24.0 (25864174)|HEAP_ALLOCATE|[22]|Bytes:12
16:24:24.0 (25868379)|VARIABLE_SCOPE_BEGIN|[22]|wt|docappcontroller.Wrapertimeslot|true|false
16:24:24.0 (25881142)|VARIABLE_ASSIGNMENT|[22]|wt|{"selected":true,"t":46800000}|0x642c201f
16:24:24.0 (25886137)|STATEMENT_EXECUTE|[22]
16:24:24.0 (25897113)|VARIABLE_ASSIGNMENT|[EXTERNAL]|this|{"selected":true,"t":46800000}|0x642c201f
16:24:24.0 (25913921)|VARIABLE_ASSIGNMENT|[EXTERNAL]|this|{"selected":true,"t":46800000}|0x642c201f
16:24:24.0 (25927010)|STATEMENT_EXECUTE|[24]
16:24:24.0 (25928636)|STATEMENT_EXECUTE|[26]
16:24:24.0 (25946170)|VARIABLE_ASSIGNMENT|[EXTERNAL]|this|{"selected":true,"t":46800000}|0x642c201f
16:24:24.0 (26001283)|VARIABLE_ASSIGNMENT|[26]|this.Start_Time__c|46800000|0x9930e6a
16:24:24.0 (26014933)|HEAP_ALLOCATE|[22]|Bytes:5
16:24:24.0 (26023292)|HEAP_ALLOCATE|[22]|Bytes:12
16:24:24.0 (26028348)|VARIABLE_SCOPE_BEGIN|[22]|wt|docappcontroller.Wrapertimeslot|true|false
16:24:24.0 (26044357)|VARIABLE_ASSIGNMENT|[22]|wt|{"selected":false,"t":48600000}|0x3e7e71c6
16:24:24.0 (26049978)|STATEMENT_EXECUTE|[22]
16:24:24.0 (26062193)|VARIABLE_ASSIGNMENT|[EXTERNAL]|this|{"selected":false,"t":48600000}|0x3e7e71c6
16:24:24.0 (26070518)|STATEMENT_EXECUTE|[23]
16:24:24.0 (26076639)|HEAP_ALLOCATE|[22]|Bytes:5
16:24:24.0 (26083325)|HEAP_ALLOCATE|[22]|Bytes:12
16:24:24.0 (26087401)|VARIABLE_SCOPE_BEGIN|[22]|wt|docappcontroller.Wrapertimeslot|true|false
16:24:24.0 (26100455)|VARIABLE_ASSIGNMENT|[22]|wt|{"selected":false,"t":50400000}|0x441b5a11
16:24:24.0 (26105930)|STATEMENT_EXECUTE|[22]
16:24:24.0 (26116841)|VARIABLE_ASSIGNMENT|[EXTERNAL]|this|{"selected":false,"t":50400000}|0x441b5a11
16:24:24.0 (26124405)|STATEMENT_EXECUTE|[23]
16:24:24.0 (26130359)|HEAP_ALLOCATE|[22]|Bytes:5
16:24:24.0 (26136985)|HEAP_ALLOCATE|[22]|Bytes:12
16:24:24.0 (26141286)|VARIABLE_SCOPE_BEGIN|[22]|wt|docappcontroller.Wrapertimeslot|true|false
16:24:24.0 (26154078)|VARIABLE_ASSIGNMENT|[22]|wt|{"selected":false,"t":52200000}|0x32713ba2
16:24:24.0 (26158826)|STATEMENT_EXECUTE|[22]
16:24:24.0 (26169919)|VARIABLE_ASSIGNMENT|[EXTERNAL]|this|{"selected":false,"t":52200000}|0x32713ba2
16:24:24.0 (26177212)|STATEMENT_EXECUTE|[23]
16:24:24.0 (26182871)|HEAP_ALLOCATE|[22]|Bytes:5
16:24:24.0 (26189301)|HEAP_ALLOCATE|[22]|Bytes:12
16:24:24.0 (26193513)|VARIABLE_SCOPE_BEGIN|[22]|wt|docappcontroller.Wrapertimeslot|true|false
16:24:24.0 (26206770)|VARIABLE_ASSIGNMENT|[22]|wt|{"selected":false,"t":54000000}|0x37d8d92b
16:24:24.0 (26211633)|STATEMENT_EXECUTE|[22]
16:24:24.0 (26222647)|VARIABLE_ASSIGNMENT|[EXTERNAL]|this|{"selected":false,"t":54000000}|0x37d8d92b
16:24:24.0 (26229832)|STATEMENT_EXECUTE|[23]
16:24:24.0 (26235594)|HEAP_ALLOCATE|[22]|Bytes:5
16:24:24.0 (26242668)|HEAP_ALLOCATE|[22]|Bytes:12
16:24:24.0 (26246959)|VARIABLE_SCOPE_BEGIN|[22]|wt|docappcontroller.Wrapertimeslot|true|false
16:24:24.0 (26263386)|VARIABLE_ASSIGNMENT|[22]|wt|{"selected":false,"t":55800000}|0x7ae56e57
16:24:24.0 (26268381)|STATEMENT_EXECUTE|[22]
16:24:24.0 (26279426)|VARIABLE_ASSIGNMENT|[EXTERNAL]|this|{"selected":false,"t":55800000}|0x7ae56e57
16:24:24.0 (26286753)|STATEMENT_EXECUTE|[23]
16:24:24.0 (26292645)|HEAP_ALLOCATE|[22]|Bytes:5
16:24:24.0 (26298946)|HEAP_ALLOCATE|[22]|Bytes:12
16:24:24.0 (26303363)|VARIABLE_SCOPE_BEGIN|[22]|wt|docappcontroller.Wrapertimeslot|true|false
16:24:24.0 (26316393)|VARIABLE_ASSIGNMENT|[22]|wt|{"selected":false,"t":57600000}|0x64b068c8
16:24:24.0 (26321372)|STATEMENT_EXECUTE|[22]
16:24:24.0 (26332411)|VARIABLE_ASSIGNMENT|[EXTERNAL]|this|{"selected":false,"t":57600000}|0x64b068c8
16:24:24.0 (26339652)|STATEMENT_EXECUTE|[23]
16:24:24.0 (26345311)|HEAP_ALLOCATE|[22]|Bytes:5
16:24:24.0 (26351578)|HEAP_ALLOCATE|[22]|Bytes:12
16:24:24.0 (26356351)|VARIABLE_SCOPE_BEGIN|[22]|wt|docappcontroller.Wrapertimeslot|true|false
16:24:24.0 (26369474)|VARIABLE_ASSIGNMENT|[22]|wt|{"selected":false,"t":59400000}|0x5f27e3d7
16:24:24.0 (26374600)|STATEMENT_EXECUTE|[22]
16:24:24.0 (26385641)|VARIABLE_ASSIGNMENT|[EXTERNAL]|this|{"selected":false,"t":59400000}|0x5f27e3d7
16:24:24.0 (26392560)|STATEMENT_EXECUTE|[23]
16:24:24.0 (26398284)|HEAP_ALLOCATE|[22]|Bytes:5
16:24:24.0 (26405261)|HEAP_ALLOCATE|[22]|Bytes:12
16:24:24.0 (26409709)|VARIABLE_SCOPE_BEGIN|[22]|wt|docappcontroller.Wrapertimeslot|true|false
16:24:24.0 (26422775)|VARIABLE_ASSIGNMENT|[22]|wt|{"selected":false,"t":61200000}|0x2ec77899
16:24:24.0 (26427932)|STATEMENT_EXECUTE|[22]
16:24:24.0 (26438867)|VARIABLE_ASSIGNMENT|[EXTERNAL]|this|{"selected":false,"t":61200000}|0x2ec77899
16:24:24.0 (26445934)|STATEMENT_EXECUTE|[23]
16:24:24.0 (26451640)|HEAP_ALLOCATE|[22]|Bytes:5
16:24:24.0 (26457982)|HEAP_ALLOCATE|[22]|Bytes:12
16:24:24.0 (26462142)|VARIABLE_SCOPE_BEGIN|[22]|wt|docappcontroller.Wrapertimeslot|true|false
16:24:24.0 (26475162)|VARIABLE_ASSIGNMENT|[22]|wt|{"selected":false,"t":63000000}|0x7f812cc0
16:24:24.0 (26480424)|STATEMENT_EXECUTE|[22]
16:24:24.0 (26491300)|VARIABLE_ASSIGNMENT|[EXTERNAL]|this|{"selected":false,"t":63000000}|0x7f812cc0
16:24:24.0 (26498818)|STATEMENT_EXECUTE|[23]
16:24:24.0 (26504549)|HEAP_ALLOCATE|[22]|Bytes:5
16:24:24.0 (26510899)|HEAP_ALLOCATE|[22]|Bytes:12
16:24:24.0 (26515238)|VARIABLE_SCOPE_BEGIN|[22]|wt|docappcontroller.Wrapertimeslot|true|false
16:24:24.0 (26528647)|VARIABLE_ASSIGNMENT|[22]|wt|{"selected":false,"t":64800000}|0x1890fdd0
16:24:24.0 (26533803)|STATEMENT_EXECUTE|[22]
16:24:24.0 (26544579)|VARIABLE_ASSIGNMENT|[EXTERNAL]|this|{"selected":false,"t":64800000}|0x1890fdd0
16:24:24.0 (26552143)|STATEMENT_EXECUTE|[23]
16:24:24.0 (26557682)|HEAP_ALLOCATE|[22]|Bytes:5
16:24:24.0 (26564155)|HEAP_ALLOCATE|[22]|Bytes:12
16:24:24.0 (26568368)|VARIABLE_SCOPE_BEGIN|[22]|wt|docappcontroller.Wrapertimeslot|true|false
16:24:24.0 (26581455)|VARIABLE_ASSIGNMENT|[22]|wt|{"selected":false,"t":66600000}|0x78c98c4e
16:24:24.0 (26586583)|STATEMENT_EXECUTE|[22]
16:24:24.0 (26597863)|VARIABLE_ASSIGNMENT|[EXTERNAL]|this|{"selected":false,"t":66600000}|0x78c98c4e
16:24:24.0 (26605094)|STATEMENT_EXECUTE|[23]
16:24:24.0 (26610976)|HEAP_ALLOCATE|[22]|Bytes:5
16:24:24.0 (26617373)|HEAP_ALLOCATE|[22]|Bytes:12
16:24:24.0 (26621955)|VARIABLE_SCOPE_BEGIN|[22]|wt|docappcontroller.Wrapertimeslot|true|false
16:24:24.0 (26635116)|VARIABLE_ASSIGNMENT|[22]|wt|{"selected":false,"t":68400000}|0x6d5f207e
16:24:24.0 (26640177)|STATEMENT_EXECUTE|[22]
16:24:24.0 (26655672)|VARIABLE_ASSIGNMENT|[EXTERNAL]|this|{"selected":false,"t":68400000}|0x6d5f207e
16:24:24.0 (26663719)|STATEMENT_EXECUTE|[23]
16:24:24.0 (26669625)|HEAP_ALLOCATE|[22]|Bytes:5
16:24:24.0 (26678255)|VARIABLE_ASSIGNMENT|[22]|wt|null|
16:24:24.0 (26682710)|STATEMENT_EXECUTE|[29]
16:24:24.0 (26733979)|USER_DEBUG|[29]|DEBUG|Appointment__c:{Start_Time__c=13:00:00.000Z}
16:24:24.0 (26800132)|VARIABLE_ASSIGNMENT|[EXTERNAL]|this|{"aptdum":"0x30b0b1ca","Docdum":"0x24782b72","Docmap":"0x48ebfeea","Initialselected":2,"Selecteddoc":"a260H000001koYlQAI","SelectedtimeSlot":30,"timelist":"0x55f2086e","timeset":"0x3308e194","timewraplist":"0x192bb69e","timewraplistInitial":"0x192bb69e"}|0x462af731
16:24:24.0 (26832303)|HEAP_ALLOCATE|[32]|Bytes:4
16:24:24.0 (26848736)|STATEMENT_EXECUTE|[32]
16:24:24.0 (26850707)|STATEMENT_EXECUTE|[33]
16:24:24.0 (26887417)|VARIABLE_ASSIGNMENT|[EXTERNAL]|this|{"aptdum":"0x30b0b1ca","Docdum":"0x24782b72","Docmap":"0x48ebfeea","Initialselected":2,"Selecteddoc":"a260H000001koYlQAI","SelectedtimeSlot":30,"timelist":"0x55f2086e","timeset":"0x3308e194","timewraplist":"0x192bb69e","timewraplistInitial":"0x192bb69e"}|0x462af731
16:24:24.0 (26905116)|HEAP_ALLOCATE|[33]|Bytes:4
16:24:24.0 (26943163)|VARIABLE_ASSIGNMENT|[33]|this.End_Time__c|48600000|0x9930e6a
16:24:24.0 (26949900)|STATEMENT_EXECUTE|[36]
16:24:24.0 (26989872)|VARIABLE_ASSIGNMENT|[EXTERNAL]|this|{"aptdum":"0x30b0b1ca","Docdum":"0x24782b72","Docmap":"0x48ebfeea","Initialselected":2,"Selecteddoc":"a260H000001koYlQAI","SelectedtimeSlot":30,"timelist":"0x55f2086e","timeset":"0x3308e194","timewraplist":"0x192bb69e","timewraplistInitial":"0x192bb69e"}|0x462af731
16:24:24.0 (27042772)|VARIABLE_ASSIGNMENT|[36]|this.Patient__c|null|0x9930e6a
16:24:24.0 (27050037)|STATEMENT_EXECUTE|[37]
16:24:24.0 (27089654)|VARIABLE_ASSIGNMENT|[EXTERNAL]|this|{"aptdum":"0x30b0b1ca","Docdum":"0x24782b72","Docmap":"0x48ebfeea","Initialselected":2,"Selecteddoc":"a260H000001koYlQAI","SelectedtimeSlot":30,"timelist":"0x55f2086e","timeset":"0x3308e194","timewraplist":"0x192bb69e","timewraplistInitial":"0x192bb69e"}|0x462af731
16:24:24.0 (27110427)|HEAP_ALLOCATE|[37]|Bytes:4
16:24:24.0 (27147375)|VARIABLE_ASSIGNMENT|[37]|this.Doctor__c|"a260H000001koYlQAI"|0x9930e6a
16:24:24.0 (27154621)|STATEMENT_EXECUTE|[38]
16:24:24.0 (27188809)|VARIABLE_ASSIGNMENT|[EXTERNAL]|this|{"aptdum":"0x30b0b1ca","Docdum":"0x24782b72","Docmap":"0x48ebfeea","Initialselected":2,"Selecteddoc":"a260H000001koYlQAI","SelectedtimeSlot":30,"timelist":"0x55f2086e","timeset":"0x3308e194","timewraplist":"0x192bb69e","timewraplistInitial":"0x192bb69e"}|0x462af731
16:24:24.0 (27246777)|VARIABLE_ASSIGNMENT|[38]|this.Appointment_Date__c|"2018-04-18T00:00:00.000Z"|0x9930e6a
16:24:24.0 (27253417)|STATEMENT_EXECUTE|[39]
16:24:24.0 (27301480)|USER_DEBUG|[39]|DEBUG|Appointment__c:{Start_Time__c=13:00:00.000Z, End_Time__c=13:30:00.000Z, Patient__c=null, Doctor__c=a260H000001koYlQAI, Appointment_Date__c=2018-04-18 00:00:00}
16:24:24.0 (27312052)|STATEMENT_EXECUTE|[41]
16:24:24.0 (27330803)|HEAP_ALLOCATE|[41]|Bytes:8
16:24:24.0 (27341142)|DML_BEGIN|[41]|Op:Insert|Type:Appointment__c|Rows:1
16:24:24.0 (27371771)|HEAP_ALLOCATE|[EXTERNAL]|Bytes:8
16:24:24.0 (34597733)|DML_END|[41]
16:24:24.0 (34661241)|VF_PAGE_MESSAGE|Required fields are missing: [Patient]
16:24:24.0 (34727491)|EXCEPTION_THROWN|[41]|System.DmlException: Insert failed. First exception on row 0; first error: REQUIRED_FIELD_MISSING, Required fields are missing: [Patient]: [Patient]
16:24:24.0 (34979507)|HEAP_ALLOCATE|[41]|Bytes:131
16:24:24.0 (35073811)|FATAL_ERROR|System.DmlException: Insert failed. First exception on row 0; first error: REQUIRED_FIELD_MISSING, Required fields are missing: [Patient]: [Patient]

Class.docappcontroller.Dobooking: line 41, column 1
16:24:24.140 (140260860)|CUMULATIVE_LIMIT_USAGE
16:24:24.140 (140260860)|LIMIT_USAGE_FOR_NS|(default)|
  Number of SOQL queries: 0 out of 100
  Number of query rows: 2 out of 50000
  Number of SOSL queries: 0 out of 20
  Number of DML statements: 1 out of 150
  Number of DML rows: 1 out of 10000
  Maximum CPU time: 0 out of 10000
  Maximum heap size: 0 out of 6000000
  Number of callouts: 0 out of 100
  Number of Email Invocations: 0 out of 10
  Number of future calls: 0 out of 50
  Number of queueable jobs added to the queue: 0 out of 50
  Number of Mobile Apex push calls: 0 out of 10

16:24:24.140 (140260860)|CUMULATIVE_LIMIT_USAGE_END

16:24:24.0 (140323338)|CODE_UNIT_FINISHED|VF: /apex/docapp
16:24:24.0 (141105064)|EXECUTION_FINISHED
