42.0 APEX_CODE,FINEST;APEX_PROFILING,INFO;CALLOUT,INFO;DB,INFO;SYSTEM,DEBUG;VALIDATION,INFO;VISUALFORCE,INFO;WAVE,INFO;WORKFLOW,INFO
12:50:32.0 (268048)|USER_INFO|[EXTERNAL]|005i0000002qYvT|anton@igate.com|India Standard Time|GMT+05:30
12:50:32.0 (410156)|EXECUTION_STARTED
12:50:32.0 (414740)|CODE_UNIT_STARTED|[EXTERNAL]|0660H000004OdRk|VF: /apex/docapp
12:50:32.0 (1761931)|VF_DESERIALIZE_VIEWSTATE_BEGIN|0660H000004OdRk
12:50:32.0 (6681839)|HEAP_ALLOCATE|[72]|Bytes:3
12:50:32.0 (6721711)|HEAP_ALLOCATE|[77]|Bytes:152
12:50:32.0 (6732771)|HEAP_ALLOCATE|[342]|Bytes:408
12:50:32.0 (6743818)|HEAP_ALLOCATE|[355]|Bytes:408
12:50:32.0 (6754353)|HEAP_ALLOCATE|[467]|Bytes:48
12:50:32.0 (6782852)|HEAP_ALLOCATE|[139]|Bytes:6
12:50:32.0 (9470590)|VF_DESERIALIZE_VIEWSTATE_END
12:50:32.10 (10100266)|SYSTEM_MODE_ENTER|true
12:50:32.10 (10274372)|HEAP_ALLOCATE|[EXTERNAL]|Bytes:38
12:50:32.10 (10301162)|HEAP_ALLOCATE|[EXTERNAL]|Bytes:7
12:50:32.10 (10324005)|SYSTEM_METHOD_ENTRY|[1]|PageMessagesComponentController.PageMessagesComponentController()
12:50:32.10 (10331114)|STATEMENT_EXECUTE|[1]
12:50:32.11 (11139670)|SYSTEM_MODE_ENTER|true
12:50:32.11 (11213490)|HEAP_ALLOCATE|[EXTERNAL]|Bytes:8
12:50:32.11 (11222848)|VARIABLE_SCOPE_BEGIN|[88]|this|ApexPage.PageMessagesComponentController|true|false
12:50:32.11 (11268204)|VARIABLE_ASSIGNMENT|[88]|this|{}|0xfbf3a01
12:50:32.11 (11276243)|VARIABLE_SCOPE_BEGIN|[88]|escape|Boolean|false|false
12:50:32.11 (11286289)|VARIABLE_ASSIGNMENT|[88]|escape|null
12:50:32.0 (11471680)|SYSTEM_MODE_ENTER|true
12:50:32.0 (11495282)|HEAP_ALLOCATE|[EXTERNAL]|Bytes:14
12:50:32.0 (11502484)|HEAP_ALLOCATE|[EXTERNAL]|Bytes:228
12:50:32.0 (11506822)|HEAP_ALLOCATE|[EXTERNAL]|Bytes:34
12:50:32.0 (11509919)|HEAP_ALLOCATE|[EXTERNAL]|Bytes:10
12:50:32.0 (11516474)|METHOD_ENTRY|[1]|01p0H000007gCe8|docappcontroller.docappcontroller()
12:50:32.0 (11522187)|STATEMENT_EXECUTE|[1]
12:50:32.0 (11525612)|STATEMENT_EXECUTE|[1]
12:50:32.0 (11527302)|STATEMENT_EXECUTE|[127]
12:50:32.0 (11531500)|METHOD_EXIT|[1]|docappcontroller
12:50:32.0 (14560913)|SYSTEM_MODE_ENTER|true
12:50:32.0 (16649126)|SYSTEM_MODE_ENTER|true
12:50:32.0 (17085797)|HEAP_ALLOCATE|[EXTERNAL]|Bytes:36
12:50:32.0 (17098046)|VARIABLE_SCOPE_BEGIN|[91]|this|docappcontroller|true|false
12:50:32.0 (17146070)|VARIABLE_ASSIGNMENT|[91]|this|{"aptdum":"0x41326192","Docdum":"0x47ce31a3","timewraplistInitial":"0x7fc0079"}|0x30ba1ccc
12:50:32.0 (17157703)|STATEMENT_EXECUTE|[91]
12:50:32.0 (17159631)|STATEMENT_EXECUTE|[92]
12:50:32.0 (17163271)|HEAP_ALLOCATE|[92]|Bytes:9
12:50:32.0 (17209220)|VARIABLE_ASSIGNMENT|[EXTERNAL]|this|{"aptdum":"0x41326192","Docdum":"0x47ce31a3","timewraplistInitial":"0x7fc0079"}|0x30ba1ccc
12:50:32.0 (17266838)|HEAP_ALLOCATE|[92]|Bytes:41
12:50:32.0 (17285143)|HEAP_ALLOCATE|[92]|Bytes:50
12:50:32.0 (17302831)|USER_DEBUG|[92]|DEBUG|hello--->Doctor__c:{Speciality__c=General Surgery}
12:50:32.0 (17347203)|VARIABLE_ASSIGNMENT|[EXTERNAL]|this|{"aptdum":"0x41326192","Docdum":"0x47ce31a3","timewraplistInitial":"0x7fc0079"}|0x30ba1ccc
12:50:32.0 (17374309)|STATEMENT_EXECUTE|[93]
12:50:32.0 (17376458)|STATEMENT_EXECUTE|[94]
12:50:32.0 (17399360)|HEAP_ALLOCATE|[94]|Bytes:4
12:50:32.0 (17408873)|HEAP_ALLOCATE|[94]|Bytes:104
12:50:32.0 (17419101)|HEAP_ALLOCATE|[94]|Bytes:4
12:50:32.0 (17428202)|HEAP_ALLOCATE|[94]|Bytes:7
12:50:32.0 (17460224)|VARIABLE_ASSIGNMENT|[EXTERNAL]|this|{"aptdum":"0x41326192","Docdum":"0x47ce31a3","timewraplistInitial":"0x7fc0079"}|0x30ba1ccc
12:50:32.0 (17660740)|SOQL_EXECUTE_BEGIN|[94]|Aggregations:0|SELECT Id, Name, End_Time__c, Speciality__c, Start_Time__c FROM Doctor__c WHERE Speciality__c = :tmpVar1
12:50:32.0 (27782871)|SOQL_EXECUTE_END|[94]|Rows:2
12:50:32.0 (27806987)|HEAP_ALLOCATE|[94]|Bytes:12
12:50:32.0 (27827033)|HEAP_ALLOCATE|[94]|Bytes:227
12:50:32.0 (27857379)|HEAP_ALLOCATE|[94]|Bytes:12
12:50:32.0 (27892515)|HEAP_ALLOCATE|[94]|Bytes:24
12:50:32.0 (27904213)|HEAP_ALLOCATE|[94]|Bytes:4
12:50:32.0 (27910159)|HEAP_ALLOCATE|[94]|Bytes:24
12:50:32.0 (27914911)|HEAP_ALLOCATE|[94]|Bytes:4
12:50:32.0 (27963006)|VARIABLE_ASSIGNMENT|[EXTERNAL]|this|{"aptdum":"0x41326192","Docdum":"0x47ce31a3","timewraplistInitial":"0x7fc0079"}|0x30ba1ccc
12:50:32.0 (28096341)|VARIABLE_ASSIGNMENT|[EXTERNAL]|value|{"a260H000001koYjQAI":{"Id":"a260H000001koYjQAI","Name":"doc 2","End_Time__c":68400000,"Speciality__c":"General Surgery","Start_Time__c":25200000},"a260H000001koYeQAI":{"Id":"a260H000001koYeQAI","Name":"Doc1","End_Time__c":64800000,"Speciality__c":"General Surgery","Start_Time__c":32400000}}|0x1991de8f
12:50:32.0 (28125722)|VARIABLE_ASSIGNMENT|[82]|this.Docmap|{"a260H000001koYjQAI":{"Id":"a260H000001koYjQAI","Name":"doc 2","End_Time__c":68400000,"Speciality__c":"General Surgery","Start_Time__c":25200000},"a260H000001koYeQAI":{"Id":"a260H000001koYeQAI","Name":"Doc1","End_Time__c":64800000,"Speciality__c":"General Surgery","Start_Time__c":32400000}}|0x30ba1ccc
12:50:32.0 (28139638)|STATEMENT_EXECUTE|[97]
12:50:32.0 (28183547)|VARIABLE_ASSIGNMENT|[EXTERNAL]|this|{"aptdum":"0x41326192","Docdum":"0x47ce31a3","Docmap":"0x1991de8f","timewraplistInitial":"0x7fc0079"}|0x30ba1ccc
12:50:32.0 (28267751)|USER_DEBUG|[97]|DEBUG|{a260H000001koYeQAI=Doctor__c:{Id=a260H000001koYeQAI, Name=Doc1, End_Time__c=18:00:00.000Z, Speciality__c=General Surgery, Start_Time__c=09:00:00.000Z}, a260H000001koYjQAI=Doctor__c:{Id=a260H000001koYjQAI, Name=doc 2, End_Time__c=19:00:00.000Z, Speciality__c=General Surgery, Start_Time__c=07:00:00.000Z}}
12:50:32.0 (28281357)|STATEMENT_EXECUTE|[100]
12:50:32.31 (31421339)|SYSTEM_MODE_ENTER|true
12:50:32.31 (31482213)|HEAP_ALLOCATE|[EXTERNAL]|Bytes:8
12:50:32.31 (31492704)|VARIABLE_SCOPE_BEGIN|[88]|this|ApexPage.PageMessagesComponentController|true|false
12:50:32.31 (31516492)|VARIABLE_ASSIGNMENT|[88]|this|{}|0xfbf3a01
12:50:32.31 (31523796)|VARIABLE_SCOPE_BEGIN|[88]|escape|Boolean|false|false
12:50:32.31 (31532718)|VARIABLE_ASSIGNMENT|[88]|escape|null
12:50:32.31 (31623603)|SYSTEM_MODE_ENTER|true
12:50:32.31 (31657178)|HEAP_ALLOCATE|[EXTERNAL]|Bytes:8
12:50:32.31 (31665002)|VARIABLE_SCOPE_BEGIN|[2]|this|ApexPage.PageMessagesComponentController|true|false
12:50:32.31 (31684047)|VARIABLE_ASSIGNMENT|[2]|this|{}|0xfbf3a01
12:50:32.0 (32088880)|SYSTEM_MODE_ENTER|true
12:50:32.32 (32498393)|SYSTEM_MODE_ENTER|true
12:50:32.32 (32548413)|HEAP_ALLOCATE|[EXTERNAL]|Bytes:8
12:50:32.32 (32557382)|VARIABLE_SCOPE_BEGIN|[88]|this|ApexPage.PageMessagesComponentController|true|false
12:50:32.32 (32578931)|VARIABLE_ASSIGNMENT|[88]|this|{}|0xfbf3a01
12:50:32.32 (32586273)|VARIABLE_SCOPE_BEGIN|[88]|escape|Boolean|false|false
12:50:32.32 (32594689)|VARIABLE_ASSIGNMENT|[88]|escape|null
12:50:32.32 (32708825)|SYSTEM_MODE_ENTER|true
12:50:32.32 (32740815)|HEAP_ALLOCATE|[EXTERNAL]|Bytes:8
12:50:32.32 (32747917)|VARIABLE_SCOPE_BEGIN|[2]|this|ApexPage.PageMessagesComponentController|true|false
12:50:32.32 (32766749)|VARIABLE_ASSIGNMENT|[2]|this|{}|0xfbf3a01
12:50:32.0 (33675660)|SYSTEM_MODE_ENTER|true
12:50:32.0 (35606612)|SYSTEM_MODE_ENTER|true
12:50:32.0 (35652698)|HEAP_ALLOCATE|[EXTERNAL]|Bytes:36
12:50:32.0 (35663220)|VARIABLE_SCOPE_BEGIN|[105]|this|docappcontroller|true|false
12:50:32.0 (35696339)|VARIABLE_ASSIGNMENT|[105]|this|{"aptdum":"0x41326192","Docdum":"0x47ce31a3","Docmap":"0x1991de8f","timewraplistInitial":"0x7fc0079"}|0x30ba1ccc
12:50:32.0 (35706439)|STATEMENT_EXECUTE|[105]
12:50:32.0 (35708661)|STATEMENT_EXECUTE|[107]
12:50:32.0 (35720754)|HEAP_ALLOCATE|[107]|Bytes:4
12:50:32.0 (35748664)|VARIABLE_SCOPE_BEGIN|[107]|options|List<System.SelectOption>|true|false
12:50:32.0 (35771743)|HEAP_ALLOCATE|[EXTERNAL]|Bytes:4
12:50:32.0 (35782415)|VARIABLE_ASSIGNMENT|[107]|options|[]|0x29394d7b
12:50:32.0 (35788225)|STATEMENT_EXECUTE|[108]
12:50:32.0 (35795339)|HEAP_ALLOCATE|[108]|Bytes:8
12:50:32.0 (35846637)|HEAP_ALLOCATE|[EXTERNAL]|Bytes:4
12:50:32.0 (35888593)|VARIABLE_ASSIGNMENT|[EXTERNAL]|this|{"aptdum":"0x41326192","Docdum":"0x47ce31a3","Docmap":"0x1991de8f","timewraplistInitial":"0x7fc0079"}|0x30ba1ccc
12:50:32.0 (35901811)|STATEMENT_EXECUTE|[109]
12:50:32.0 (35928062)|VARIABLE_ASSIGNMENT|[EXTERNAL]|this|{"aptdum":"0x41326192","Docdum":"0x47ce31a3","Docmap":"0x1991de8f","timewraplistInitial":"0x7fc0079"}|0x30ba1ccc
12:50:32.0 (35948180)|HEAP_ALLOCATE|[EXTERNAL]|Bytes:12
12:50:32.0 (35959773)|HEAP_ALLOCATE|[110]|Bytes:237
12:50:32.0 (36116965)|HEAP_ALLOCATE|[110]|Bytes:5
12:50:32.0 (36153907)|HEAP_ALLOCATE|[110]|Bytes:24
12:50:32.0 (36163564)|VARIABLE_SCOPE_BEGIN|[110]|doc|Doctor__c|true|false
12:50:32.0 (36184917)|VARIABLE_ASSIGNMENT|[110]|doc|{"Id":"a260H000001koYjQAI","Name":"doc 2","End_Time__c":68400000,"Speciality__c":"General Surgery","Start_Time__c":25200000}|0x34c9da07
12:50:32.0 (36192888)|STATEMENT_EXECUTE|[110]
12:50:32.0 (36194586)|STATEMENT_EXECUTE|[111]
12:50:32.0 (36231643)|HEAP_ALLOCATE|[111]|Bytes:18
12:50:32.0 (36281289)|HEAP_ALLOCATE|[EXTERNAL]|Bytes:4
12:50:32.0 (36297721)|HEAP_ALLOCATE|[110]|Bytes:5
12:50:32.0 (36308405)|HEAP_ALLOCATE|[110]|Bytes:24
12:50:32.0 (36314905)|VARIABLE_SCOPE_BEGIN|[110]|doc|Doctor__c|true|false
12:50:32.0 (36335607)|VARIABLE_ASSIGNMENT|[110]|doc|{"Id":"a260H000001koYeQAI","Name":"Doc1","End_Time__c":64800000,"Speciality__c":"General Surgery","Start_Time__c":32400000}|0x395bf0ac
12:50:32.0 (36342919)|STATEMENT_EXECUTE|[110]
12:50:32.0 (36344712)|STATEMENT_EXECUTE|[111]
12:50:32.0 (36354615)|HEAP_ALLOCATE|[111]|Bytes:18
12:50:32.0 (36367774)|HEAP_ALLOCATE|[EXTERNAL]|Bytes:4
12:50:32.0 (36379486)|HEAP_ALLOCATE|[110]|Bytes:5
12:50:32.0 (36390082)|VARIABLE_ASSIGNMENT|[110]|doc|null|
12:50:32.0 (36400301)|STATEMENT_EXECUTE|[117]
12:50:32.0 (36569936)|SYSTEM_MODE_ENTER|true
12:50:32.0 (36699748)|SYSTEM_MODE_ENTER|true
12:50:32.0 (38133202)|VF_SERIALIZE_VIEWSTATE_BEGIN|0660H000004OdRk
12:50:32.0 (53116524)|VF_SERIALIZE_VIEWSTATE_END
12:50:32.0 (58588345)|CODE_UNIT_STARTED|[EXTERNAL]|Generate Metadata
12:50:32.0 (59517747)|CODE_UNIT_FINISHED|Generate Metadata
12:50:32.61 (61617430)|CUMULATIVE_LIMIT_USAGE
12:50:32.61 (61617430)|LIMIT_USAGE_FOR_NS|(default)|
  Number of SOQL queries: 1 out of 100
  Number of query rows: 2 out of 50000
  Number of SOSL queries: 0 out of 20
  Number of DML statements: 0 out of 150
  Number of DML rows: 0 out of 10000
  Maximum CPU time: 0 out of 10000
  Maximum heap size: 0 out of 6000000
  Number of callouts: 0 out of 100
  Number of Email Invocations: 0 out of 10
  Number of future calls: 0 out of 50
  Number of queueable jobs added to the queue: 0 out of 50
  Number of Mobile Apex push calls: 0 out of 10

12:50:32.61 (61617430)|CUMULATIVE_LIMIT_USAGE_END

12:50:32.0 (61657949)|CODE_UNIT_FINISHED|VF: /apex/docapp
12:50:32.0 (62437738)|EXECUTION_FINISHED
