42.0 APEX_CODE,FINEST;APEX_PROFILING,INFO;CALLOUT,INFO;DB,INFO;SYSTEM,DEBUG;VALIDATION,INFO;VISUALFORCE,INFO;WAVE,INFO;WORKFLOW,INFO
13:57:04.0 (310022)|USER_INFO|[EXTERNAL]|005i0000002qYvT|anton@igate.com|India Standard Time|GMT+05:30
13:57:04.0 (340244)|EXECUTION_STARTED
13:57:04.0 (344713)|CODE_UNIT_STARTED|[EXTERNAL]|0660H000004OdRk|VF: /apex/docapp
13:57:04.0 (2741496)|SYSTEM_MODE_ENTER|true
13:57:04.0 (3198575)|HEAP_ALLOCATE|[72]|Bytes:3
13:57:04.0 (3258101)|HEAP_ALLOCATE|[77]|Bytes:152
13:57:04.0 (3273194)|HEAP_ALLOCATE|[342]|Bytes:408
13:57:04.0 (3285458)|HEAP_ALLOCATE|[355]|Bytes:408
13:57:04.0 (3296328)|HEAP_ALLOCATE|[467]|Bytes:48
13:57:04.0 (3348167)|HEAP_ALLOCATE|[139]|Bytes:6
13:57:04.0 (3365937)|HEAP_ALLOCATE|[EXTERNAL]|Bytes:14
13:57:04.0 (3383688)|HEAP_ALLOCATE|[EXTERNAL]|Bytes:248
13:57:04.0 (3387904)|HEAP_ALLOCATE|[EXTERNAL]|Bytes:53
13:57:04.0 (3391737)|HEAP_ALLOCATE|[EXTERNAL]|Bytes:13
13:57:04.0 (3415620)|METHOD_ENTRY|[1]|01p0H000007gCe8|docappcontroller.docappcontroller()
13:57:04.0 (3427982)|STATEMENT_EXECUTE|[1]
13:57:04.0 (3432826)|STATEMENT_EXECUTE|[1]
13:57:04.0 (3434433)|STATEMENT_EXECUTE|[174]
13:57:04.0 (3451898)|METHOD_EXIT|[1]|docappcontroller
13:57:04.0 (3518136)|HEAP_ALLOCATE|[EXTERNAL]|Bytes:44
13:57:04.0 (3527399)|VARIABLE_SCOPE_BEGIN|[114]|this|docappcontroller|true|false
13:57:04.0 (3655374)|VARIABLE_ASSIGNMENT|[114]|this|{}|0x6b5c337b
13:57:04.0 (3665761)|STATEMENT_EXECUTE|[1]
13:57:04.0 (3668004)|STATEMENT_EXECUTE|[3]
13:57:04.0 (3669920)|STATEMENT_EXECUTE|[4]
13:57:04.0 (3671975)|STATEMENT_EXECUTE|[5]
13:57:04.0 (3688768)|HEAP_ALLOCATE|[5]|Bytes:4
13:57:04.0 (3855720)|HEAP_ALLOCATE|[EXTERNAL]|Bytes:4
13:57:04.0 (3870027)|VARIABLE_ASSIGNMENT|[5]|this.timewraplistInitial|[]|0x6b5c337b
13:57:04.0 (3876562)|STATEMENT_EXECUTE|[6]
13:57:04.0 (3882576)|HEAP_ALLOCATE|[6]|Bytes:4
13:57:04.0 (3892229)|VARIABLE_ASSIGNMENT|[6]|this.Initialselected|0|0x6b5c337b
13:57:04.0 (3897784)|STATEMENT_EXECUTE|[107]
13:57:04.0 (3899545)|STATEMENT_EXECUTE|[108]
13:57:04.0 (3901073)|STATEMENT_EXECUTE|[109]
13:57:04.0 (3902494)|STATEMENT_EXECUTE|[110]
13:57:04.0 (3903897)|STATEMENT_EXECUTE|[111]
13:57:04.0 (3905334)|STATEMENT_EXECUTE|[112]
13:57:04.0 (3912338)|HEAP_ALLOCATE|[6]|Bytes:6
13:57:04.0 (3963844)|STATEMENT_EXECUTE|[114]
13:57:04.0 (3966170)|STATEMENT_EXECUTE|[115]
13:57:04.0 (4006026)|HEAP_ALLOCATE|[115]|Bytes:4
13:57:04.0 (4167861)|VARIABLE_ASSIGNMENT|[EXTERNAL]|this|{"Initialselected":0,"timewraplistInitial":"0x71321004"}|0x6b5c337b
13:57:04.0 (4183545)|VARIABLE_ASSIGNMENT|[EXTERNAL]|value|{}|0x52e6ebe6
13:57:04.0 (4194508)|VARIABLE_ASSIGNMENT|[107]|this.Docdum|{}|0x6b5c337b
13:57:04.0 (4222423)|STATEMENT_EXECUTE|[116]
13:57:04.0 (4243550)|HEAP_ALLOCATE|[116]|Bytes:4
13:57:04.0 (4332654)|VARIABLE_ASSIGNMENT|[EXTERNAL]|this|{"Docdum":"0x52e6ebe6","Initialselected":0,"timewraplistInitial":"0x71321004"}|0x6b5c337b
13:57:04.0 (4344976)|VARIABLE_ASSIGNMENT|[EXTERNAL]|value|{}|0x42664e9d
13:57:04.0 (4355495)|VARIABLE_ASSIGNMENT|[108]|this.aptdum|{}|0x6b5c337b
13:57:04.5 (5290872)|SYSTEM_MODE_ENTER|true
13:57:04.5 (5317419)|HEAP_ALLOCATE|[EXTERNAL]|Bytes:38
13:57:04.5 (5324313)|HEAP_ALLOCATE|[EXTERNAL]|Bytes:7
13:57:04.5 (5332776)|SYSTEM_METHOD_ENTRY|[1]|PageMessagesComponentController.PageMessagesComponentController()
13:57:04.5 (5338387)|STATEMENT_EXECUTE|[1]
13:57:04.5 (5455180)|SYSTEM_MODE_ENTER|true
13:57:04.5 (5516441)|HEAP_ALLOCATE|[EXTERNAL]|Bytes:8
13:57:04.5 (5524390)|VARIABLE_SCOPE_BEGIN|[88]|this|ApexPage.PageMessagesComponentController|true|false
13:57:04.5 (5563460)|VARIABLE_ASSIGNMENT|[88]|this|{}|0x190b4879
13:57:04.5 (5571405)|VARIABLE_SCOPE_BEGIN|[88]|escape|Boolean|false|false
13:57:04.5 (5580441)|VARIABLE_ASSIGNMENT|[88]|escape|null
13:57:04.5 (5707305)|SYSTEM_MODE_ENTER|true
13:57:04.5 (5740229)|HEAP_ALLOCATE|[EXTERNAL]|Bytes:8
13:57:04.5 (5747017)|VARIABLE_SCOPE_BEGIN|[2]|this|ApexPage.PageMessagesComponentController|true|false
13:57:04.5 (5767000)|VARIABLE_ASSIGNMENT|[2]|this|{}|0x190b4879
13:57:04.0 (6492770)|SYSTEM_MODE_ENTER|true
13:57:04.0 (8946044)|SYSTEM_MODE_ENTER|true
13:57:04.0 (10608004)|SYSTEM_MODE_ENTER|true
13:57:04.32 (32046452)|SYSTEM_MODE_ENTER|true
13:57:04.32 (32147460)|HEAP_ALLOCATE|[EXTERNAL]|Bytes:8
13:57:04.32 (32161813)|VARIABLE_SCOPE_BEGIN|[88]|this|ApexPage.PageMessagesComponentController|true|false
13:57:04.32 (32206917)|VARIABLE_ASSIGNMENT|[88]|this|{}|0x190b4879
13:57:04.32 (32214825)|VARIABLE_SCOPE_BEGIN|[88]|escape|Boolean|false|false
13:57:04.32 (32223584)|VARIABLE_ASSIGNMENT|[88]|escape|null
13:57:04.32 (32361636)|SYSTEM_MODE_ENTER|true
13:57:04.32 (32395106)|HEAP_ALLOCATE|[EXTERNAL]|Bytes:8
13:57:04.32 (32402533)|VARIABLE_SCOPE_BEGIN|[2]|this|ApexPage.PageMessagesComponentController|true|false
13:57:04.32 (32428460)|VARIABLE_ASSIGNMENT|[2]|this|{}|0x190b4879
13:57:04.0 (33989937)|SYSTEM_MODE_ENTER|true
13:57:04.0 (34039762)|HEAP_ALLOCATE|[EXTERNAL]|Bytes:44
13:57:04.0 (34050002)|VARIABLE_SCOPE_BEGIN|[133]|this|docappcontroller|true|false
13:57:04.0 (34095043)|VARIABLE_ASSIGNMENT|[133]|this|{"aptdum":"0x42664e9d","Docdum":"0x52e6ebe6","Initialselected":0,"timewraplistInitial":"0x71321004"}|0x6b5c337b
13:57:04.0 (34107391)|STATEMENT_EXECUTE|[133]
13:57:04.0 (34109810)|STATEMENT_EXECUTE|[135]
13:57:04.0 (34126308)|HEAP_ALLOCATE|[135]|Bytes:4
13:57:04.0 (34164723)|VARIABLE_SCOPE_BEGIN|[135]|options|List<System.SelectOption>|true|false
13:57:04.0 (34187333)|HEAP_ALLOCATE|[EXTERNAL]|Bytes:4
13:57:04.0 (34198273)|VARIABLE_ASSIGNMENT|[135]|options|[]|0x774cedf6
13:57:04.0 (34204339)|STATEMENT_EXECUTE|[136]
13:57:04.0 (34213814)|HEAP_ALLOCATE|[136]|Bytes:8
13:57:04.0 (34275269)|HEAP_ALLOCATE|[EXTERNAL]|Bytes:4
13:57:04.0 (34326380)|VARIABLE_ASSIGNMENT|[EXTERNAL]|this|{"aptdum":"0x42664e9d","Docdum":"0x52e6ebe6","Initialselected":0,"timewraplistInitial":"0x71321004"}|0x6b5c337b
13:57:04.0 (34341905)|STATEMENT_EXECUTE|[141]
13:57:04.0 (34343970)|STATEMENT_EXECUTE|[142]
13:57:04.0 (34347087)|HEAP_ALLOCATE|[142]|Bytes:23
13:57:04.0 (34375111)|METHOD_ENTRY|[142]|01p0H000007gCe8|docappcontroller.ShowError(String)
13:57:04.0 (34393484)|VARIABLE_SCOPE_BEGIN|[168]|this|docappcontroller|true|false
13:57:04.0 (34418521)|VARIABLE_ASSIGNMENT|[168]|this|{"aptdum":"0x42664e9d","Docdum":"0x52e6ebe6","Initialselected":0,"timewraplistInitial":"0x71321004"}|0x6b5c337b
13:57:04.0 (34430761)|VARIABLE_SCOPE_BEGIN|[168]|ErrorMsg|String|false|false
13:57:04.0 (34441596)|VARIABLE_ASSIGNMENT|[168]|ErrorMsg|"No Continents Data y (3 more) ..."
13:57:04.0 (34447801)|STATEMENT_EXECUTE|[168]
13:57:04.0 (34449517)|STATEMENT_EXECUTE|[170]
13:57:04.0 (34483766)|VARIABLE_SCOPE_BEGIN|[170]|m|ApexPages.Message|true|false
13:57:04.0 (34727238)|VARIABLE_ASSIGNMENT|[170]|m|"core.apexpages.framework.ApexPagesMessage@4c11fdae"|0x48087059
13:57:04.0 (34736784)|STATEMENT_EXECUTE|[171]
13:57:04.0 (34774194)|VF_PAGE_MESSAGE|No Continents Data yet.
13:57:04.0 (34785763)|METHOD_EXIT|[142]|01p0H000007gCe8|docappcontroller.ShowError(String)
13:57:04.0 (34791383)|STATEMENT_EXECUTE|[145]
13:57:04.0 (34954902)|SYSTEM_MODE_ENTER|true
13:57:04.0 (35803381)|SYSTEM_MODE_ENTER|true
13:57:04.0 (35846459)|HEAP_ALLOCATE|[EXTERNAL]|Bytes:44
13:57:04.0 (35857439)|VARIABLE_SCOPE_BEGIN|[150]|this|docappcontroller|true|false
13:57:04.0 (35890467)|VARIABLE_ASSIGNMENT|[150]|this|{"aptdum":"0x42664e9d","Docdum":"0x52e6ebe6","Initialselected":0,"timewraplistInitial":"0x71321004"}|0x6b5c337b
13:57:04.0 (35901287)|STATEMENT_EXECUTE|[150]
13:57:04.0 (35903442)|STATEMENT_EXECUTE|[152]
13:57:04.0 (35912995)|HEAP_ALLOCATE|[152]|Bytes:4
13:57:04.0 (35935235)|VARIABLE_SCOPE_BEGIN|[152]|options|List<System.SelectOption>|true|false
13:57:04.0 (35956557)|HEAP_ALLOCATE|[EXTERNAL]|Bytes:4
13:57:04.0 (35964905)|VARIABLE_ASSIGNMENT|[152]|options|[]|0x23defa6f
13:57:04.0 (35970793)|STATEMENT_EXECUTE|[153]
13:57:04.0 (36010047)|HEAP_ALLOCATE|[EXTERNAL]|Bytes:4
13:57:04.0 (36020084)|STATEMENT_EXECUTE|[156]
13:57:04.0 (36025294)|HEAP_ALLOCATE|[156]|Bytes:2
13:57:04.0 (36047766)|HEAP_ALLOCATE|[EXTERNAL]|Bytes:4
13:57:04.0 (36055044)|STATEMENT_EXECUTE|[157]
13:57:04.0 (36058871)|HEAP_ALLOCATE|[157]|Bytes:2
13:57:04.0 (36077764)|HEAP_ALLOCATE|[EXTERNAL]|Bytes:4
13:57:04.0 (36084184)|STATEMENT_EXECUTE|[162]
13:57:04.0 (36206292)|SYSTEM_MODE_ENTER|true
13:57:04.0 (38208856)|VF_SERIALIZE_VIEWSTATE_BEGIN|0660H000004OdRk
13:57:04.0 (85415509)|VF_SERIALIZE_VIEWSTATE_END
13:57:04.0 (87961039)|CODE_UNIT_STARTED|[EXTERNAL]|Generate Metadata
13:57:04.0 (88544230)|CODE_UNIT_FINISHED|Generate Metadata
13:57:04.90 (90548705)|CUMULATIVE_LIMIT_USAGE
13:57:04.90 (90548705)|LIMIT_USAGE_FOR_NS|(default)|
  Number of SOQL queries: 0 out of 100
  Number of query rows: 0 out of 50000
  Number of SOSL queries: 0 out of 20
  Number of DML statements: 0 out of 150
  Number of DML rows: 0 out of 10000
  Maximum CPU time: 0 out of 10000
  Maximum heap size: 0 out of 6000000
  Number of callouts: 0 out of 100
  Number of Email Invocations: 0 out of 10
  Number of future calls: 0 out of 50
  Number of queueable jobs added to the queue: 0 out of 50
  Number of Mobile Apex push calls: 0 out of 10

13:57:04.90 (90548705)|CUMULATIVE_LIMIT_USAGE_END

13:57:04.0 (90590595)|CODE_UNIT_FINISHED|VF: /apex/docapp
13:57:04.0 (91351820)|EXECUTION_FINISHED
