42.0 APEX_CODE,FINEST;APEX_PROFILING,INFO;CALLOUT,INFO;DB,INFO;SYSTEM,DEBUG;VALIDATION,INFO;VISUALFORCE,INFO;WAVE,INFO;WORKFLOW,INFO
15:10:07.0 (48420)|USER_INFO|[EXTERNAL]|005i0000002qYvT|anton@igate.com|India Standard Time|GMT+05:30
15:10:07.0 (190771)|EXECUTION_STARTED
15:10:07.0 (195993)|CODE_UNIT_STARTED|[EXTERNAL]|0660H000004OdRk|VF: /apex/docapp
15:10:07.0 (1143648)|VF_DESERIALIZE_VIEWSTATE_BEGIN|0660H000004OdRk
15:10:07.0 (6374365)|HEAP_ALLOCATE|[72]|Bytes:3
15:10:07.0 (6435304)|HEAP_ALLOCATE|[77]|Bytes:152
15:10:07.0 (6448707)|HEAP_ALLOCATE|[342]|Bytes:408
15:10:07.0 (6460449)|HEAP_ALLOCATE|[355]|Bytes:408
15:10:07.0 (6471109)|HEAP_ALLOCATE|[467]|Bytes:48
15:10:07.0 (6497823)|HEAP_ALLOCATE|[139]|Bytes:6
15:10:07.0 (7000194)|HEAP_ALLOCATE|[50]|Bytes:5
15:10:07.0 (7026837)|HEAP_ALLOCATE|[56]|Bytes:5
15:10:07.0 (7035556)|HEAP_ALLOCATE|[64]|Bytes:7
15:10:07.0 (10665122)|VF_DESERIALIZE_VIEWSTATE_END
15:10:07.11 (11275276)|SYSTEM_MODE_ENTER|true
15:10:07.11 (11421038)|HEAP_ALLOCATE|[EXTERNAL]|Bytes:38
15:10:07.11 (11446290)|HEAP_ALLOCATE|[EXTERNAL]|Bytes:7
15:10:07.11 (11470814)|SYSTEM_METHOD_ENTRY|[1]|PageMessagesComponentController.PageMessagesComponentController()
15:10:07.11 (11477957)|STATEMENT_EXECUTE|[1]
15:10:07.12 (12292863)|SYSTEM_MODE_ENTER|true
15:10:07.12 (12345300)|HEAP_ALLOCATE|[EXTERNAL]|Bytes:8
15:10:07.12 (12353057)|VARIABLE_SCOPE_BEGIN|[88]|this|ApexPage.PageMessagesComponentController|true|false
15:10:07.12 (12403302)|VARIABLE_ASSIGNMENT|[88]|this|{}|0x41b63dcf
15:10:07.12 (12410439)|VARIABLE_SCOPE_BEGIN|[88]|escape|Boolean|false|false
15:10:07.12 (12420437)|VARIABLE_ASSIGNMENT|[88]|escape|null
15:10:07.0 (12596406)|SYSTEM_MODE_ENTER|true
15:10:07.0 (12620563)|HEAP_ALLOCATE|[EXTERNAL]|Bytes:14
15:10:07.0 (12627708)|HEAP_ALLOCATE|[EXTERNAL]|Bytes:248
15:10:07.0 (12631615)|HEAP_ALLOCATE|[EXTERNAL]|Bytes:53
15:10:07.0 (12635285)|HEAP_ALLOCATE|[EXTERNAL]|Bytes:20
15:10:07.0 (12645138)|METHOD_ENTRY|[1]|01p0H000007gCe8|docappcontroller.docappcontroller()
15:10:07.0 (12650518)|STATEMENT_EXECUTE|[1]
15:10:07.0 (12653856)|STATEMENT_EXECUTE|[1]
15:10:07.0 (12655314)|STATEMENT_EXECUTE|[201]
15:10:07.0 (12660375)|METHOD_EXIT|[1]|docappcontroller
15:10:07.0 (16192523)|SYSTEM_MODE_ENTER|true
15:10:07.0 (18061281)|SYSTEM_MODE_ENTER|true
15:10:07.0 (18214415)|SYSTEM_MODE_ENTER|true
15:10:07.0 (18478189)|HEAP_ALLOCATE|[EXTERNAL]|Bytes:108
15:10:07.0 (18487553)|HEAP_ALLOCATE|[EXTERNAL]|Bytes:11
15:10:07.0 (22661935)|SYSTEM_MODE_ENTER|true
15:10:07.0 (22951503)|HEAP_ALLOCATE|[EXTERNAL]|Bytes:48
15:10:07.0 (22962848)|VARIABLE_SCOPE_BEGIN|[160]|this|docappcontroller|true|false
15:10:07.0 (23031441)|VARIABLE_ASSIGNMENT|[160]|this|{"aptdum":"0x52ccf879","Docdum":"0x5f0ee73a","Docmap":"0x563f93fa","Initialselected":5,"Selecteddoc":"a260H000001koYjQAI","SelectedtimeSlot":60,"timelist":"0x1c20bc0","timeset":"0x768c9d0b","timewraplist":"0x6f7c38fb","timewraplistInitial":"0x6f7c38fb"}|0x6857e5e0
15:10:07.0 (23046915)|STATEMENT_EXECUTE|[160]
15:10:07.0 (23049055)|STATEMENT_EXECUTE|[162]
15:10:07.0 (23064360)|HEAP_ALLOCATE|[162]|Bytes:4
15:10:07.0 (23096938)|VARIABLE_SCOPE_BEGIN|[162]|options|List<System.SelectOption>|true|false
15:10:07.0 (23120284)|HEAP_ALLOCATE|[EXTERNAL]|Bytes:4
15:10:07.0 (23131406)|VARIABLE_ASSIGNMENT|[162]|options|[]|0x4336bc93
15:10:07.0 (23136973)|STATEMENT_EXECUTE|[163]
15:10:07.0 (23143902)|HEAP_ALLOCATE|[163]|Bytes:8
15:10:07.0 (23192725)|HEAP_ALLOCATE|[EXTERNAL]|Bytes:4
15:10:07.0 (23248630)|VARIABLE_ASSIGNMENT|[EXTERNAL]|this|{"aptdum":"0x52ccf879","Docdum":"0x5f0ee73a","Docmap":"0x563f93fa","Initialselected":5,"Selecteddoc":"a260H000001koYjQAI","SelectedtimeSlot":60,"timelist":"0x1c20bc0","timeset":"0x768c9d0b","timewraplist":"0x6f7c38fb","timewraplistInitial":"0x6f7c38fb"}|0x6857e5e0
15:10:07.0 (23264895)|STATEMENT_EXECUTE|[164]
15:10:07.0 (23298213)|VARIABLE_ASSIGNMENT|[EXTERNAL]|this|{"aptdum":"0x52ccf879","Docdum":"0x5f0ee73a","Docmap":"0x563f93fa","Initialselected":5,"Selecteddoc":"a260H000001koYjQAI","SelectedtimeSlot":60,"timelist":"0x1c20bc0","timeset":"0x768c9d0b","timewraplist":"0x6f7c38fb","timewraplistInitial":"0x6f7c38fb"}|0x6857e5e0
15:10:07.0 (23335557)|HEAP_ALLOCATE|[EXTERNAL]|Bytes:12
15:10:07.0 (23354769)|HEAP_ALLOCATE|[165]|Bytes:237
15:10:07.0 (23486290)|HEAP_ALLOCATE|[165]|Bytes:5
15:10:07.0 (23539075)|HEAP_ALLOCATE|[165]|Bytes:24
15:10:07.0 (23550189)|VARIABLE_SCOPE_BEGIN|[165]|doc|Doctor__c|true|false
15:10:07.0 (23667296)|VARIABLE_ASSIGNMENT|[165]|doc|{"Id":"a260H000001koYjQAI","Name":"doc 2","End_Time__c":68400000,"Speciality__c":"General Surgery","Start_Time__c":43200000}|0x3d97131
15:10:07.0 (23676828)|STATEMENT_EXECUTE|[165]
15:10:07.0 (23678617)|STATEMENT_EXECUTE|[166]
15:10:07.0 (23726068)|HEAP_ALLOCATE|[166]|Bytes:18
15:10:07.0 (23780106)|HEAP_ALLOCATE|[EXTERNAL]|Bytes:4
15:10:07.0 (23797339)|HEAP_ALLOCATE|[165]|Bytes:5
15:10:07.0 (23816245)|HEAP_ALLOCATE|[165]|Bytes:24
15:10:07.0 (23823404)|VARIABLE_SCOPE_BEGIN|[165]|doc|Doctor__c|true|false
15:10:07.0 (23841405)|VARIABLE_ASSIGNMENT|[165]|doc|{"Id":"a260H000001koYeQAI","Name":"Doc1","End_Time__c":64800000,"Speciality__c":"General Surgery","Start_Time__c":32400000}|0x58707994
15:10:07.0 (23848289)|STATEMENT_EXECUTE|[165]
15:10:07.0 (23849975)|STATEMENT_EXECUTE|[166]
15:10:07.0 (23859924)|HEAP_ALLOCATE|[166]|Bytes:18
15:10:07.0 (23872726)|HEAP_ALLOCATE|[EXTERNAL]|Bytes:4
15:10:07.0 (23884378)|HEAP_ALLOCATE|[165]|Bytes:5
15:10:07.0 (23894932)|VARIABLE_ASSIGNMENT|[165]|doc|null|
15:10:07.0 (23900027)|STATEMENT_EXECUTE|[172]
15:10:07.0 (23981538)|SYSTEM_MODE_ENTER|true
15:10:07.0 (24641868)|SYSTEM_MODE_ENTER|true
15:10:07.0 (24683243)|HEAP_ALLOCATE|[EXTERNAL]|Bytes:48
15:10:07.0 (24692097)|VARIABLE_SCOPE_BEGIN|[177]|this|docappcontroller|true|false
15:10:07.0 (24731350)|VARIABLE_ASSIGNMENT|[177]|this|{"aptdum":"0x52ccf879","Docdum":"0x5f0ee73a","Docmap":"0x563f93fa","Initialselected":5,"Selecteddoc":"a260H000001koYjQAI","SelectedtimeSlot":60,"timelist":"0x1c20bc0","timeset":"0x768c9d0b","timewraplist":"0x6f7c38fb","timewraplistInitial":"0x6f7c38fb"}|0x6857e5e0
15:10:07.0 (24743663)|STATEMENT_EXECUTE|[177]
15:10:07.0 (24745554)|STATEMENT_EXECUTE|[179]
15:10:07.0 (24755220)|HEAP_ALLOCATE|[179]|Bytes:4
15:10:07.0 (24775865)|VARIABLE_SCOPE_BEGIN|[179]|options|List<System.SelectOption>|true|false
15:10:07.0 (24796927)|HEAP_ALLOCATE|[EXTERNAL]|Bytes:4
15:10:07.0 (24805089)|VARIABLE_ASSIGNMENT|[179]|options|[]|0x9e330cb
15:10:07.0 (24810951)|STATEMENT_EXECUTE|[180]
15:10:07.0 (24847885)|HEAP_ALLOCATE|[EXTERNAL]|Bytes:4
15:10:07.0 (24856209)|STATEMENT_EXECUTE|[183]
15:10:07.0 (24860818)|HEAP_ALLOCATE|[183]|Bytes:2
15:10:07.0 (24884275)|HEAP_ALLOCATE|[EXTERNAL]|Bytes:4
15:10:07.0 (24891112)|STATEMENT_EXECUTE|[184]
15:10:07.0 (24894800)|HEAP_ALLOCATE|[184]|Bytes:2
15:10:07.0 (24914061)|HEAP_ALLOCATE|[EXTERNAL]|Bytes:4
15:10:07.0 (24919890)|STATEMENT_EXECUTE|[189]
15:10:07.0 (24989663)|SYSTEM_MODE_ENTER|true
15:10:07.27 (27835425)|SYSTEM_MODE_ENTER|true
15:10:07.27 (27923350)|HEAP_ALLOCATE|[EXTERNAL]|Bytes:8
15:10:07.27 (27939650)|VARIABLE_SCOPE_BEGIN|[88]|this|ApexPage.PageMessagesComponentController|true|false
15:10:07.27 (27977915)|VARIABLE_ASSIGNMENT|[88]|this|{}|0x41b63dcf
15:10:07.27 (27986862)|VARIABLE_SCOPE_BEGIN|[88]|escape|Boolean|false|false
15:10:07.27 (27998528)|VARIABLE_ASSIGNMENT|[88]|escape|null
15:10:07.0 (28241591)|SYSTEM_MODE_ENTER|true
15:10:07.0 (28278230)|HEAP_ALLOCATE|[EXTERNAL]|Bytes:18
15:10:07.0 (28284640)|HEAP_ALLOCATE|[EXTERNAL]|Bytes:48
15:10:07.0 (28317741)|VARIABLE_ASSIGNMENT|[EXTERNAL]|this.Selecteddoc|"a260H000001koYjQAI"|0x6857e5e0
15:10:07.0 (28371097)|SYSTEM_MODE_ENTER|true
15:10:07.0 (28557641)|SYSTEM_MODE_ENTER|true
15:10:07.0 (28775950)|HEAP_ALLOCATE|[EXTERNAL]|Bytes:5
15:10:07.0 (28788390)|HEAP_ALLOCATE|[EXTERNAL]|Bytes:12
15:10:07.0 (28800595)|VARIABLE_ASSIGNMENT|[EXTERNAL]|this.selected|true|0x7c450e5d
15:10:07.0 (28876708)|HEAP_ALLOCATE|[EXTERNAL]|Bytes:5
15:10:07.0 (28882063)|HEAP_ALLOCATE|[EXTERNAL]|Bytes:12
15:10:07.0 (28890316)|VARIABLE_ASSIGNMENT|[EXTERNAL]|this.selected|false|0x6a0596b2
15:10:07.0 (28940788)|HEAP_ALLOCATE|[EXTERNAL]|Bytes:5
15:10:07.0 (28945925)|HEAP_ALLOCATE|[EXTERNAL]|Bytes:12
15:10:07.0 (28953076)|VARIABLE_ASSIGNMENT|[EXTERNAL]|this.selected|false|0x7b881c39
15:10:07.0 (28999732)|HEAP_ALLOCATE|[EXTERNAL]|Bytes:5
15:10:07.0 (29005136)|HEAP_ALLOCATE|[EXTERNAL]|Bytes:12
15:10:07.0 (29012434)|VARIABLE_ASSIGNMENT|[EXTERNAL]|this.selected|false|0x75bd5853
15:10:07.0 (29059122)|HEAP_ALLOCATE|[EXTERNAL]|Bytes:5
15:10:07.0 (29064334)|HEAP_ALLOCATE|[EXTERNAL]|Bytes:12
15:10:07.0 (29070625)|VARIABLE_ASSIGNMENT|[EXTERNAL]|this.selected|false|0x215e875f
15:10:07.0 (29116676)|HEAP_ALLOCATE|[EXTERNAL]|Bytes:5
15:10:07.0 (29122688)|HEAP_ALLOCATE|[EXTERNAL]|Bytes:12
15:10:07.0 (29129031)|VARIABLE_ASSIGNMENT|[EXTERNAL]|this.selected|false|0x672825c0
15:10:07.0 (29192928)|HEAP_ALLOCATE|[EXTERNAL]|Bytes:5
15:10:07.0 (29200206)|HEAP_ALLOCATE|[EXTERNAL]|Bytes:12
15:10:07.0 (29207217)|VARIABLE_ASSIGNMENT|[EXTERNAL]|this.selected|false|0x385f8cba
15:10:07.0 (29250947)|HEAP_ALLOCATE|[EXTERNAL]|Bytes:5
15:10:07.0 (29257634)|HEAP_ALLOCATE|[EXTERNAL]|Bytes:12
15:10:07.0 (29264530)|VARIABLE_ASSIGNMENT|[EXTERNAL]|this.selected|false|0x2a510765
15:10:07.0 (29307811)|HEAP_ALLOCATE|[EXTERNAL]|Bytes:5
15:10:07.0 (29315034)|HEAP_ALLOCATE|[EXTERNAL]|Bytes:12
15:10:07.0 (29321244)|VARIABLE_ASSIGNMENT|[EXTERNAL]|this.selected|false|0x65293eb3
15:10:07.0 (29364822)|HEAP_ALLOCATE|[EXTERNAL]|Bytes:5
15:10:07.0 (29371251)|HEAP_ALLOCATE|[EXTERNAL]|Bytes:12
15:10:07.0 (29377773)|VARIABLE_ASSIGNMENT|[EXTERNAL]|this.selected|false|0xd5f068b
15:10:07.0 (29437635)|SYSTEM_MODE_ENTER|true
15:10:07.0 (29455534)|HEAP_ALLOCATE|[EXTERNAL]|Bytes:8
15:10:07.0 (29460171)|HEAP_ALLOCATE|[EXTERNAL]|Bytes:48
15:10:07.0 (29468451)|VARIABLE_ASSIGNMENT|[EXTERNAL]|this.SelectedtimeSlot|60|0x6857e5e0
15:10:07.0 (29511542)|SYSTEM_MODE_ENTER|true
15:10:07.0 (29778022)|HEAP_ALLOCATE|[EXTERNAL]|Bytes:48
15:10:07.0 (29787358)|VARIABLE_SCOPE_BEGIN|[11]|this|docappcontroller|true|false
15:10:07.0 (29842701)|VARIABLE_ASSIGNMENT|[11]|this|{"aptdum":"0x52ccf879","Docdum":"0x5f0ee73a","Docmap":"0x563f93fa","Initialselected":5,"Selecteddoc":"a260H000001koYjQAI","SelectedtimeSlot":60,"timelist":"0x1c20bc0","timeset":"0x768c9d0b","timewraplist":"0x6f7c38fb","timewraplistInitial":"0x6f7c38fb"}|0x6857e5e0
15:10:07.0 (29859615)|STATEMENT_EXECUTE|[11]
15:10:07.0 (29862686)|STATEMENT_EXECUTE|[12]
15:10:07.0 (29871128)|VARIABLE_SCOPE_BEGIN|[12]|counter|Integer|false|false
15:10:07.0 (29880139)|HEAP_ALLOCATE|[12]|Bytes:4
15:10:07.0 (29887366)|VARIABLE_ASSIGNMENT|[12]|counter|0
15:10:07.0 (29954074)|VARIABLE_ASSIGNMENT|[EXTERNAL]|this|{"aptdum":"0x52ccf879","Docdum":"0x5f0ee73a","Docmap":"0x563f93fa","Initialselected":5,"Selecteddoc":"a260H000001koYjQAI","SelectedtimeSlot":60,"timelist":"0x1c20bc0","timeset":"0x768c9d0b","timewraplist":"0x6f7c38fb","timewraplistInitial":"0x6f7c38fb"}|0x6857e5e0
15:10:07.0 (30141563)|HEAP_ALLOCATE|[13]|Bytes:5
15:10:07.0 (30159880)|HEAP_ALLOCATE|[13]|Bytes:12
15:10:07.0 (30168311)|VARIABLE_SCOPE_BEGIN|[13]|wt|docappcontroller.Wrapertimeslot|true|false
15:10:07.0 (30221347)|VARIABLE_ASSIGNMENT|[13]|wt|{"selected":true,"t":43200000}|0x7c450e5d
15:10:07.0 (30229547)|STATEMENT_EXECUTE|[13]
15:10:07.0 (30265894)|VARIABLE_ASSIGNMENT|[EXTERNAL]|this|{"selected":true,"t":43200000}|0x7c450e5d
15:10:07.0 (30278656)|STATEMENT_EXECUTE|[14]
15:10:07.0 (30280452)|STATEMENT_EXECUTE|[15]
15:10:07.0 (30283578)|HEAP_ALLOCATE|[15]|Bytes:4
15:10:07.0 (30290221)|VARIABLE_ASSIGNMENT|[15]|counter|1
15:10:07.0 (30305300)|HEAP_ALLOCATE|[13]|Bytes:5
15:10:07.0 (30314616)|HEAP_ALLOCATE|[13]|Bytes:12
15:10:07.0 (30320037)|VARIABLE_SCOPE_BEGIN|[13]|wt|docappcontroller.Wrapertimeslot|true|false
15:10:07.0 (30337146)|VARIABLE_ASSIGNMENT|[13]|wt|{"selected":false,"t":45000000}|0x6a0596b2
15:10:07.0 (30343114)|STATEMENT_EXECUTE|[13]
15:10:07.0 (30360274)|VARIABLE_ASSIGNMENT|[EXTERNAL]|this|{"selected":false,"t":45000000}|0x6a0596b2
15:10:07.0 (30370192)|STATEMENT_EXECUTE|[14]
15:10:07.0 (30376800)|HEAP_ALLOCATE|[13]|Bytes:5
15:10:07.0 (30384019)|HEAP_ALLOCATE|[13]|Bytes:12
15:10:07.0 (30388863)|VARIABLE_SCOPE_BEGIN|[13]|wt|docappcontroller.Wrapertimeslot|true|false
15:10:07.0 (30402971)|VARIABLE_ASSIGNMENT|[13]|wt|{"selected":false,"t":46800000}|0x7b881c39
15:10:07.0 (30411581)|STATEMENT_EXECUTE|[13]
15:10:07.0 (30425089)|VARIABLE_ASSIGNMENT|[EXTERNAL]|this|{"selected":false,"t":46800000}|0x7b881c39
15:10:07.0 (30433147)|STATEMENT_EXECUTE|[14]
15:10:07.0 (30439180)|HEAP_ALLOCATE|[13]|Bytes:5
15:10:07.0 (30446203)|HEAP_ALLOCATE|[13]|Bytes:12
15:10:07.0 (30451439)|VARIABLE_SCOPE_BEGIN|[13]|wt|docappcontroller.Wrapertimeslot|true|false
15:10:07.0 (30467795)|VARIABLE_ASSIGNMENT|[13]|wt|{"selected":false,"t":48600000}|0x75bd5853
15:10:07.0 (30475481)|STATEMENT_EXECUTE|[13]
15:10:07.0 (30487521)|VARIABLE_ASSIGNMENT|[EXTERNAL]|this|{"selected":false,"t":48600000}|0x75bd5853
15:10:07.0 (30495446)|STATEMENT_EXECUTE|[14]
15:10:07.0 (30501641)|HEAP_ALLOCATE|[13]|Bytes:5
15:10:07.0 (30508464)|HEAP_ALLOCATE|[13]|Bytes:12
15:10:07.0 (30512986)|VARIABLE_SCOPE_BEGIN|[13]|wt|docappcontroller.Wrapertimeslot|true|false
15:10:07.0 (30531172)|VARIABLE_ASSIGNMENT|[13]|wt|{"selected":false,"t":50400000}|0x215e875f
15:10:07.0 (30538041)|STATEMENT_EXECUTE|[13]
15:10:07.0 (30548900)|VARIABLE_ASSIGNMENT|[EXTERNAL]|this|{"selected":false,"t":50400000}|0x215e875f
15:10:07.0 (30562372)|STATEMENT_EXECUTE|[14]
15:10:07.0 (30569032)|HEAP_ALLOCATE|[13]|Bytes:5
15:10:07.0 (30579883)|HEAP_ALLOCATE|[13]|Bytes:12
15:10:07.0 (30585719)|VARIABLE_SCOPE_BEGIN|[13]|wt|docappcontroller.Wrapertimeslot|true|false
15:10:07.0 (30599904)|VARIABLE_ASSIGNMENT|[13]|wt|{"selected":false,"t":52200000}|0x672825c0
15:10:07.0 (30605946)|STATEMENT_EXECUTE|[13]
15:10:07.0 (30617331)|VARIABLE_ASSIGNMENT|[EXTERNAL]|this|{"selected":false,"t":52200000}|0x672825c0
15:10:07.0 (30625940)|STATEMENT_EXECUTE|[14]
15:10:07.0 (30634411)|HEAP_ALLOCATE|[13]|Bytes:5
15:10:07.0 (30644252)|HEAP_ALLOCATE|[13]|Bytes:12
15:10:07.0 (30649567)|VARIABLE_SCOPE_BEGIN|[13]|wt|docappcontroller.Wrapertimeslot|true|false
15:10:07.0 (30664113)|VARIABLE_ASSIGNMENT|[13]|wt|{"selected":true,"t":54000000}|0x5cfa94c8
15:10:07.0 (30670155)|STATEMENT_EXECUTE|[13]
15:10:07.0 (30681032)|VARIABLE_ASSIGNMENT|[EXTERNAL]|this|{"selected":true,"t":54000000}|0x5cfa94c8
15:10:07.0 (30692360)|STATEMENT_EXECUTE|[14]
15:10:07.0 (30694644)|STATEMENT_EXECUTE|[15]
15:10:07.0 (30697138)|HEAP_ALLOCATE|[15]|Bytes:4
15:10:07.0 (30703416)|VARIABLE_ASSIGNMENT|[15]|counter|2
15:10:07.0 (30712451)|HEAP_ALLOCATE|[13]|Bytes:5
15:10:07.0 (30719950)|HEAP_ALLOCATE|[13]|Bytes:12
15:10:07.0 (30724636)|VARIABLE_SCOPE_BEGIN|[13]|wt|docappcontroller.Wrapertimeslot|true|false
15:10:07.0 (30738640)|VARIABLE_ASSIGNMENT|[13]|wt|{"selected":true,"t":55800000}|0x431a30c4
15:10:07.0 (30748078)|STATEMENT_EXECUTE|[13]
15:10:07.0 (30761207)|VARIABLE_ASSIGNMENT|[EXTERNAL]|this|{"selected":true,"t":55800000}|0x431a30c4
15:10:07.0 (30769225)|STATEMENT_EXECUTE|[14]
15:10:07.0 (30770756)|STATEMENT_EXECUTE|[15]
15:10:07.0 (30772661)|HEAP_ALLOCATE|[15]|Bytes:4
15:10:07.0 (30777773)|VARIABLE_ASSIGNMENT|[15]|counter|3
15:10:07.0 (30786121)|HEAP_ALLOCATE|[13]|Bytes:5
15:10:07.0 (30793407)|HEAP_ALLOCATE|[13]|Bytes:12
15:10:07.0 (30800399)|VARIABLE_SCOPE_BEGIN|[13]|wt|docappcontroller.Wrapertimeslot|true|false
15:10:07.0 (30816530)|VARIABLE_ASSIGNMENT|[13]|wt|{"selected":true,"t":57600000}|0x162b2387
15:10:07.0 (30822170)|STATEMENT_EXECUTE|[13]
15:10:07.0 (30833807)|VARIABLE_ASSIGNMENT|[EXTERNAL]|this|{"selected":true,"t":57600000}|0x162b2387
15:10:07.0 (30842026)|STATEMENT_EXECUTE|[14]
15:10:07.0 (30843542)|STATEMENT_EXECUTE|[15]
15:10:07.0 (30845401)|HEAP_ALLOCATE|[15]|Bytes:4
15:10:07.0 (30850848)|VARIABLE_ASSIGNMENT|[15]|counter|4
15:10:07.0 (30863081)|HEAP_ALLOCATE|[13]|Bytes:5
15:10:07.0 (30870644)|HEAP_ALLOCATE|[13]|Bytes:12
15:10:07.0 (30875530)|VARIABLE_SCOPE_BEGIN|[13]|wt|docappcontroller.Wrapertimeslot|true|false
15:10:07.0 (30890231)|VARIABLE_ASSIGNMENT|[13]|wt|{"selected":true,"t":59400000}|0x300b02a7
15:10:07.0 (30895727)|STATEMENT_EXECUTE|[13]
15:10:07.0 (30907635)|VARIABLE_ASSIGNMENT|[EXTERNAL]|this|{"selected":true,"t":59400000}|0x300b02a7
15:10:07.0 (30918994)|STATEMENT_EXECUTE|[14]
15:10:07.0 (30920629)|STATEMENT_EXECUTE|[15]
15:10:07.0 (30922513)|HEAP_ALLOCATE|[15]|Bytes:4
15:10:07.0 (30928486)|VARIABLE_ASSIGNMENT|[15]|counter|5
15:10:07.0 (30937103)|HEAP_ALLOCATE|[13]|Bytes:5
15:10:07.0 (30944247)|HEAP_ALLOCATE|[13]|Bytes:12
15:10:07.0 (30949193)|VARIABLE_SCOPE_BEGIN|[13]|wt|docappcontroller.Wrapertimeslot|true|false
15:10:07.0 (30965174)|VARIABLE_ASSIGNMENT|[13]|wt|{"selected":false,"t":61200000}|0x385f8cba
15:10:07.0 (30975003)|STATEMENT_EXECUTE|[13]
15:10:07.0 (30988417)|VARIABLE_ASSIGNMENT|[EXTERNAL]|this|{"selected":false,"t":61200000}|0x385f8cba
15:10:07.0 (30997163)|STATEMENT_EXECUTE|[14]
15:10:07.0 (31003543)|HEAP_ALLOCATE|[13]|Bytes:5
15:10:07.0 (31011460)|HEAP_ALLOCATE|[13]|Bytes:12
15:10:07.0 (31016143)|VARIABLE_SCOPE_BEGIN|[13]|wt|docappcontroller.Wrapertimeslot|true|false
15:10:07.0 (31033559)|VARIABLE_ASSIGNMENT|[13]|wt|{"selected":false,"t":63000000}|0x2a510765
15:10:07.0 (31039566)|STATEMENT_EXECUTE|[13]
15:10:07.0 (31051180)|VARIABLE_ASSIGNMENT|[EXTERNAL]|this|{"selected":false,"t":63000000}|0x2a510765
15:10:07.0 (31059186)|STATEMENT_EXECUTE|[14]
15:10:07.0 (31065274)|HEAP_ALLOCATE|[13]|Bytes:5
15:10:07.0 (31072244)|HEAP_ALLOCATE|[13]|Bytes:12
15:10:07.0 (31077440)|VARIABLE_SCOPE_BEGIN|[13]|wt|docappcontroller.Wrapertimeslot|true|false
15:10:07.0 (31095110)|VARIABLE_ASSIGNMENT|[13]|wt|{"selected":false,"t":64800000}|0x65293eb3
15:10:07.0 (31100815)|STATEMENT_EXECUTE|[13]
15:10:07.0 (31112365)|VARIABLE_ASSIGNMENT|[EXTERNAL]|this|{"selected":false,"t":64800000}|0x65293eb3
15:10:07.0 (31120310)|STATEMENT_EXECUTE|[14]
15:10:07.0 (31126391)|HEAP_ALLOCATE|[13]|Bytes:5
15:10:07.0 (31134144)|HEAP_ALLOCATE|[13]|Bytes:12
15:10:07.0 (31140950)|VARIABLE_SCOPE_BEGIN|[13]|wt|docappcontroller.Wrapertimeslot|true|false
15:10:07.0 (31155903)|VARIABLE_ASSIGNMENT|[13]|wt|{"selected":false,"t":66600000}|0xd5f068b
15:10:07.0 (31168039)|STATEMENT_EXECUTE|[13]
15:10:07.0 (31180716)|VARIABLE_ASSIGNMENT|[EXTERNAL]|this|{"selected":false,"t":66600000}|0xd5f068b
15:10:07.0 (31190033)|STATEMENT_EXECUTE|[14]
15:10:07.0 (31199393)|HEAP_ALLOCATE|[13]|Bytes:5
15:10:07.0 (31207526)|HEAP_ALLOCATE|[13]|Bytes:12
15:10:07.0 (31212293)|VARIABLE_SCOPE_BEGIN|[13]|wt|docappcontroller.Wrapertimeslot|true|false
15:10:07.0 (31226157)|VARIABLE_ASSIGNMENT|[13]|wt|{"selected":true,"t":68400000}|0x49a171c6
15:10:07.0 (31232209)|STATEMENT_EXECUTE|[13]
15:10:07.0 (31243317)|VARIABLE_ASSIGNMENT|[EXTERNAL]|this|{"selected":true,"t":68400000}|0x49a171c6
15:10:07.0 (31254894)|STATEMENT_EXECUTE|[14]
15:10:07.0 (31256550)|STATEMENT_EXECUTE|[15]
15:10:07.0 (31258467)|HEAP_ALLOCATE|[15]|Bytes:4
15:10:07.0 (31264604)|VARIABLE_ASSIGNMENT|[15]|counter|6
15:10:07.0 (31274165)|HEAP_ALLOCATE|[13]|Bytes:5
15:10:07.0 (31283132)|VARIABLE_ASSIGNMENT|[13]|wt|null|
15:10:07.0 (31295791)|STATEMENT_EXECUTE|[20]
15:10:07.0 (31297352)|STATEMENT_EXECUTE|[21]
15:10:07.0 (31338793)|HEAP_ALLOCATE|[21]|Bytes:4
15:10:07.0 (31441070)|VARIABLE_SCOPE_BEGIN|[21]|a|Appointment__c|true|false
15:10:07.0 (31457165)|VARIABLE_ASSIGNMENT|[21]|a|{}|0x738d9ab1
15:10:07.0 (31509928)|VARIABLE_ASSIGNMENT|[EXTERNAL]|this|{"aptdum":"0x52ccf879","Docdum":"0x5f0ee73a","Docmap":"0x563f93fa","Initialselected":5,"Selecteddoc":"a260H000001koYjQAI","SelectedtimeSlot":60,"timelist":"0x1c20bc0","timeset":"0x768c9d0b","timewraplist":"0x6f7c38fb","timewraplistInitial":"0x6f7c38fb"}|0x6857e5e0
15:10:07.0 (31541975)|HEAP_ALLOCATE|[22]|Bytes:5
15:10:07.0 (31551444)|HEAP_ALLOCATE|[22]|Bytes:12
15:10:07.0 (31561639)|VARIABLE_SCOPE_BEGIN|[22]|wt|docappcontroller.Wrapertimeslot|true|false
15:10:07.0 (31580795)|VARIABLE_ASSIGNMENT|[22]|wt|{"selected":true,"t":43200000}|0x7c450e5d
15:10:07.0 (31590212)|STATEMENT_EXECUTE|[22]
15:10:07.0 (31611219)|VARIABLE_ASSIGNMENT|[EXTERNAL]|this|{"selected":true,"t":43200000}|0x7c450e5d
15:10:07.0 (31656877)|VARIABLE_ASSIGNMENT|[EXTERNAL]|this|{"selected":true,"t":43200000}|0x7c450e5d
15:10:07.0 (31683188)|STATEMENT_EXECUTE|[24]
15:10:07.0 (31685581)|STATEMENT_EXECUTE|[26]
15:10:07.0 (31706632)|VARIABLE_ASSIGNMENT|[EXTERNAL]|this|{"selected":true,"t":43200000}|0x7c450e5d
15:10:07.0 (31774375)|VARIABLE_ASSIGNMENT|[26]|this.Start_Time__c|43200000|0x738d9ab1
15:10:07.0 (31788938)|HEAP_ALLOCATE|[22]|Bytes:5
15:10:07.0 (31798461)|HEAP_ALLOCATE|[22]|Bytes:12
15:10:07.0 (31807094)|VARIABLE_SCOPE_BEGIN|[22]|wt|docappcontroller.Wrapertimeslot|true|false
15:10:07.0 (31825119)|VARIABLE_ASSIGNMENT|[22]|wt|{"selected":false,"t":45000000}|0x6a0596b2
15:10:07.0 (31830838)|STATEMENT_EXECUTE|[22]
15:10:07.0 (31843521)|VARIABLE_ASSIGNMENT|[EXTERNAL]|this|{"selected":false,"t":45000000}|0x6a0596b2
15:10:07.0 (31852923)|STATEMENT_EXECUTE|[23]
15:10:07.0 (31862484)|HEAP_ALLOCATE|[22]|Bytes:5
15:10:07.0 (31870290)|HEAP_ALLOCATE|[22]|Bytes:12
15:10:07.0 (31875054)|VARIABLE_SCOPE_BEGIN|[22]|wt|docappcontroller.Wrapertimeslot|true|false
15:10:07.0 (31889074)|VARIABLE_ASSIGNMENT|[22]|wt|{"selected":false,"t":46800000}|0x7b881c39
15:10:07.0 (31894589)|STATEMENT_EXECUTE|[22]
15:10:07.0 (31905715)|VARIABLE_ASSIGNMENT|[EXTERNAL]|this|{"selected":false,"t":46800000}|0x7b881c39
15:10:07.0 (31917719)|STATEMENT_EXECUTE|[23]
15:10:07.0 (31924161)|HEAP_ALLOCATE|[22]|Bytes:5
15:10:07.0 (31931332)|HEAP_ALLOCATE|[22]|Bytes:12
15:10:07.0 (31936082)|VARIABLE_SCOPE_BEGIN|[22]|wt|docappcontroller.Wrapertimeslot|true|false
15:10:07.0 (31949923)|VARIABLE_ASSIGNMENT|[22]|wt|{"selected":false,"t":48600000}|0x75bd5853
15:10:07.0 (31955462)|STATEMENT_EXECUTE|[22]
15:10:07.0 (31968550)|VARIABLE_ASSIGNMENT|[EXTERNAL]|this|{"selected":false,"t":48600000}|0x75bd5853
15:10:07.0 (31979079)|STATEMENT_EXECUTE|[23]
15:10:07.0 (31985410)|HEAP_ALLOCATE|[22]|Bytes:5
15:10:07.0 (31993378)|HEAP_ALLOCATE|[22]|Bytes:12
15:10:07.0 (31997783)|VARIABLE_SCOPE_BEGIN|[22]|wt|docappcontroller.Wrapertimeslot|true|false
15:10:07.0 (32011186)|VARIABLE_ASSIGNMENT|[22]|wt|{"selected":false,"t":50400000}|0x215e875f
15:10:07.0 (32017907)|STATEMENT_EXECUTE|[22]
15:10:07.0 (32032841)|VARIABLE_ASSIGNMENT|[EXTERNAL]|this|{"selected":false,"t":50400000}|0x215e875f
15:10:07.0 (32041612)|STATEMENT_EXECUTE|[23]
15:10:07.0 (32047842)|HEAP_ALLOCATE|[22]|Bytes:5
15:10:07.0 (32055044)|HEAP_ALLOCATE|[22]|Bytes:12
15:10:07.0 (32059318)|VARIABLE_SCOPE_BEGIN|[22]|wt|docappcontroller.Wrapertimeslot|true|false
15:10:07.0 (32073034)|VARIABLE_ASSIGNMENT|[22]|wt|{"selected":false,"t":52200000}|0x672825c0
15:10:07.0 (32081879)|STATEMENT_EXECUTE|[22]
15:10:07.0 (32094958)|VARIABLE_ASSIGNMENT|[EXTERNAL]|this|{"selected":false,"t":52200000}|0x672825c0
15:10:07.0 (32102468)|STATEMENT_EXECUTE|[23]
15:10:07.0 (32108333)|HEAP_ALLOCATE|[22]|Bytes:5
15:10:07.0 (32115143)|HEAP_ALLOCATE|[22]|Bytes:12
15:10:07.0 (32119700)|VARIABLE_SCOPE_BEGIN|[22]|wt|docappcontroller.Wrapertimeslot|true|false
15:10:07.0 (32146332)|VARIABLE_ASSIGNMENT|[22]|wt|{"selected":true,"t":54000000}|0x5cfa94c8
15:10:07.0 (32153181)|STATEMENT_EXECUTE|[22]
15:10:07.0 (32166293)|VARIABLE_ASSIGNMENT|[EXTERNAL]|this|{"selected":true,"t":54000000}|0x5cfa94c8
15:10:07.0 (32184411)|VARIABLE_ASSIGNMENT|[EXTERNAL]|this|{"selected":true,"t":54000000}|0x5cfa94c8
15:10:07.0 (32203309)|STATEMENT_EXECUTE|[24]
15:10:07.0 (32209893)|HEAP_ALLOCATE|[22]|Bytes:5
15:10:07.0 (32218266)|HEAP_ALLOCATE|[22]|Bytes:12
15:10:07.0 (32223668)|VARIABLE_SCOPE_BEGIN|[22]|wt|docappcontroller.Wrapertimeslot|true|false
15:10:07.0 (32238177)|VARIABLE_ASSIGNMENT|[22]|wt|{"selected":true,"t":55800000}|0x431a30c4
15:10:07.0 (32247056)|STATEMENT_EXECUTE|[22]
15:10:07.0 (32260167)|VARIABLE_ASSIGNMENT|[EXTERNAL]|this|{"selected":true,"t":55800000}|0x431a30c4
15:10:07.0 (32277094)|VARIABLE_ASSIGNMENT|[EXTERNAL]|this|{"selected":true,"t":55800000}|0x431a30c4
15:10:07.0 (32290936)|STATEMENT_EXECUTE|[24]
15:10:07.0 (32299152)|HEAP_ALLOCATE|[22]|Bytes:5
15:10:07.0 (32308862)|HEAP_ALLOCATE|[22]|Bytes:12
15:10:07.0 (32313417)|VARIABLE_SCOPE_BEGIN|[22]|wt|docappcontroller.Wrapertimeslot|true|false
15:10:07.0 (32327793)|VARIABLE_ASSIGNMENT|[22]|wt|{"selected":true,"t":57600000}|0x162b2387
15:10:07.0 (32333239)|STATEMENT_EXECUTE|[22]
15:10:07.0 (32344401)|VARIABLE_ASSIGNMENT|[EXTERNAL]|this|{"selected":true,"t":57600000}|0x162b2387
15:10:07.0 (32365301)|VARIABLE_ASSIGNMENT|[EXTERNAL]|this|{"selected":true,"t":57600000}|0x162b2387
15:10:07.0 (32379542)|STATEMENT_EXECUTE|[24]
15:10:07.0 (32385596)|HEAP_ALLOCATE|[22]|Bytes:5
15:10:07.0 (32392650)|HEAP_ALLOCATE|[22]|Bytes:12
15:10:07.0 (32397222)|VARIABLE_SCOPE_BEGIN|[22]|wt|docappcontroller.Wrapertimeslot|true|false
15:10:07.0 (32413718)|VARIABLE_ASSIGNMENT|[22]|wt|{"selected":true,"t":59400000}|0x300b02a7
15:10:07.0 (32420256)|STATEMENT_EXECUTE|[22]
15:10:07.0 (32432244)|VARIABLE_ASSIGNMENT|[EXTERNAL]|this|{"selected":true,"t":59400000}|0x300b02a7
15:10:07.0 (32448399)|VARIABLE_ASSIGNMENT|[EXTERNAL]|this|{"selected":true,"t":59400000}|0x300b02a7
15:10:07.0 (32462369)|STATEMENT_EXECUTE|[24]
15:10:07.0 (32471173)|HEAP_ALLOCATE|[22]|Bytes:5
15:10:07.0 (32479097)|HEAP_ALLOCATE|[22]|Bytes:12
15:10:07.0 (32484023)|VARIABLE_SCOPE_BEGIN|[22]|wt|docappcontroller.Wrapertimeslot|true|false
15:10:07.0 (32497522)|VARIABLE_ASSIGNMENT|[22]|wt|{"selected":false,"t":61200000}|0x385f8cba
15:10:07.0 (32503047)|STATEMENT_EXECUTE|[22]
15:10:07.0 (32513929)|VARIABLE_ASSIGNMENT|[EXTERNAL]|this|{"selected":false,"t":61200000}|0x385f8cba
15:10:07.0 (32525938)|STATEMENT_EXECUTE|[23]
15:10:07.0 (32532762)|HEAP_ALLOCATE|[22]|Bytes:5
15:10:07.0 (32540104)|HEAP_ALLOCATE|[22]|Bytes:12
15:10:07.0 (32544991)|VARIABLE_SCOPE_BEGIN|[22]|wt|docappcontroller.Wrapertimeslot|true|false
15:10:07.0 (32563105)|VARIABLE_ASSIGNMENT|[22]|wt|{"selected":false,"t":63000000}|0x2a510765
15:10:07.0 (32568603)|STATEMENT_EXECUTE|[22]
15:10:07.0 (32584083)|VARIABLE_ASSIGNMENT|[EXTERNAL]|this|{"selected":false,"t":63000000}|0x2a510765
15:10:07.0 (32592163)|STATEMENT_EXECUTE|[23]
15:10:07.0 (32598492)|HEAP_ALLOCATE|[22]|Bytes:5
15:10:07.0 (32605903)|HEAP_ALLOCATE|[22]|Bytes:12
15:10:07.0 (32610492)|VARIABLE_SCOPE_BEGIN|[22]|wt|docappcontroller.Wrapertimeslot|true|false
15:10:07.0 (32624293)|VARIABLE_ASSIGNMENT|[22]|wt|{"selected":false,"t":64800000}|0x65293eb3
15:10:07.0 (32632262)|STATEMENT_EXECUTE|[22]
15:10:07.0 (32647263)|VARIABLE_ASSIGNMENT|[EXTERNAL]|this|{"selected":false,"t":64800000}|0x65293eb3
15:10:07.0 (32656729)|STATEMENT_EXECUTE|[23]
15:10:07.0 (32662953)|HEAP_ALLOCATE|[22]|Bytes:5
15:10:07.0 (32670119)|HEAP_ALLOCATE|[22]|Bytes:12
15:10:07.0 (32674746)|VARIABLE_SCOPE_BEGIN|[22]|wt|docappcontroller.Wrapertimeslot|true|false
15:10:07.0 (32691404)|VARIABLE_ASSIGNMENT|[22]|wt|{"selected":false,"t":66600000}|0xd5f068b
15:10:07.0 (32698446)|STATEMENT_EXECUTE|[22]
15:10:07.0 (32710183)|VARIABLE_ASSIGNMENT|[EXTERNAL]|this|{"selected":false,"t":66600000}|0xd5f068b
15:10:07.0 (32718331)|STATEMENT_EXECUTE|[23]
15:10:07.0 (32725036)|HEAP_ALLOCATE|[22]|Bytes:5
15:10:07.0 (32732539)|HEAP_ALLOCATE|[22]|Bytes:12
15:10:07.0 (32737064)|VARIABLE_SCOPE_BEGIN|[22]|wt|docappcontroller.Wrapertimeslot|true|false
15:10:07.0 (32755232)|VARIABLE_ASSIGNMENT|[22]|wt|{"selected":true,"t":68400000}|0x49a171c6
15:10:07.0 (32761441)|STATEMENT_EXECUTE|[22]
15:10:07.0 (32772537)|VARIABLE_ASSIGNMENT|[EXTERNAL]|this|{"selected":true,"t":68400000}|0x49a171c6
15:10:07.0 (32789144)|VARIABLE_ASSIGNMENT|[EXTERNAL]|this|{"selected":true,"t":68400000}|0x49a171c6
15:10:07.0 (32820066)|STATEMENT_EXECUTE|[24]
15:10:07.0 (32827439)|HEAP_ALLOCATE|[22]|Bytes:5
15:10:07.0 (32837635)|VARIABLE_ASSIGNMENT|[22]|wt|null|
15:10:07.0 (32842691)|STATEMENT_EXECUTE|[29]
15:10:07.0 (32905059)|USER_DEBUG|[29]|DEBUG|Appointment__c:{Start_Time__c=12:00:00.000Z}
15:10:07.0 (32985433)|VARIABLE_ASSIGNMENT|[EXTERNAL]|this|{"aptdum":"0x52ccf879","Docdum":"0x5f0ee73a","Docmap":"0x563f93fa","Initialselected":5,"Selecteddoc":"a260H000001koYjQAI","SelectedtimeSlot":60,"timelist":"0x1c20bc0","timeset":"0x768c9d0b","timewraplist":"0x6f7c38fb","timewraplistInitial":"0x6f7c38fb"}|0x6857e5e0
15:10:07.0 (33025863)|HEAP_ALLOCATE|[30]|Bytes:4
15:10:07.0 (33044987)|STATEMENT_EXECUTE|[30]
15:10:07.0 (33046961)|STATEMENT_EXECUTE|[31]
15:10:07.0 (33088990)|VARIABLE_ASSIGNMENT|[EXTERNAL]|this|{"aptdum":"0x52ccf879","Docdum":"0x5f0ee73a","Docmap":"0x563f93fa","Initialselected":5,"Selecteddoc":"a260H000001koYjQAI","SelectedtimeSlot":60,"timelist":"0x1c20bc0","timeset":"0x768c9d0b","timewraplist":"0x6f7c38fb","timewraplistInitial":"0x6f7c38fb"}|0x6857e5e0
15:10:07.0 (33108694)|HEAP_ALLOCATE|[31]|Bytes:4
15:10:07.0 (33149284)|VARIABLE_ASSIGNMENT|[31]|this.End_Time__c|46800000|0x738d9ab1
15:10:07.0 (33156048)|STATEMENT_EXECUTE|[32]
15:10:07.0 (33202949)|VARIABLE_ASSIGNMENT|[EXTERNAL]|this|{"aptdum":"0x52ccf879","Docdum":"0x5f0ee73a","Docmap":"0x563f93fa","Initialselected":5,"Selecteddoc":"a260H000001koYjQAI","SelectedtimeSlot":60,"timelist":"0x1c20bc0","timeset":"0x768c9d0b","timewraplist":"0x6f7c38fb","timewraplistInitial":"0x6f7c38fb"}|0x6857e5e0
15:10:07.0 (33271547)|VARIABLE_ASSIGNMENT|[32]|this.Patient__c|"a270H000006vXizQAE"|0x738d9ab1
15:10:07.0 (33279023)|STATEMENT_EXECUTE|[33]
15:10:07.0 (33329163)|VARIABLE_ASSIGNMENT|[EXTERNAL]|this|{"aptdum":"0x52ccf879","Docdum":"0x5f0ee73a","Docmap":"0x563f93fa","Initialselected":5,"Selecteddoc":"a260H000001koYjQAI","SelectedtimeSlot":60,"timelist":"0x1c20bc0","timeset":"0x768c9d0b","timewraplist":"0x6f7c38fb","timewraplistInitial":"0x6f7c38fb"}|0x6857e5e0
15:10:07.0 (33352312)|HEAP_ALLOCATE|[33]|Bytes:4
15:10:07.0 (33391793)|VARIABLE_ASSIGNMENT|[33]|this.Doctor__c|"a260H000001koYjQAI"|0x738d9ab1
15:10:07.0 (33398816)|STATEMENT_EXECUTE|[34]
15:10:07.0 (33439274)|VARIABLE_ASSIGNMENT|[EXTERNAL]|this|{"aptdum":"0x52ccf879","Docdum":"0x5f0ee73a","Docmap":"0x563f93fa","Initialselected":5,"Selecteddoc":"a260H000001koYjQAI","SelectedtimeSlot":60,"timelist":"0x1c20bc0","timeset":"0x768c9d0b","timewraplist":"0x6f7c38fb","timewraplistInitial":"0x6f7c38fb"}|0x6857e5e0
15:10:07.0 (33505983)|VARIABLE_ASSIGNMENT|[34]|this.Appointment_Date__c|"2018-04-17T00:00:00.000Z"|0x738d9ab1
15:10:07.0 (33513635)|STATEMENT_EXECUTE|[35]
15:10:07.0 (33571453)|USER_DEBUG|[35]|DEBUG|Appointment__c:{Start_Time__c=12:00:00.000Z, End_Time__c=13:00:00.000Z, Patient__c=a270H000006vXizQAE, Doctor__c=a260H000001koYjQAI, Appointment_Date__c=2018-04-17 00:00:00}
15:10:07.0 (33587704)|STATEMENT_EXECUTE|[37]
15:10:07.0 (33608405)|HEAP_ALLOCATE|[37]|Bytes:8
15:10:07.0 (33634429)|DML_BEGIN|[37]|Op:Insert|Type:Appointment__c|Rows:1
15:10:07.0 (33678733)|HEAP_ALLOCATE|[EXTERNAL]|Bytes:8
15:10:07.0 (66884173)|DML_END|[37]
15:10:07.0 (66909692)|STATEMENT_EXECUTE|[38]
15:10:07.0 (66932314)|HEAP_ALLOCATE|[38]|Bytes:26
15:10:07.0 (66992121)|VARIABLE_SCOPE_BEGIN|[38]|m|ApexPages.Message|true|false
15:10:07.0 (67203837)|VARIABLE_ASSIGNMENT|[38]|m|"core.apexpages.framework.ApexPagesMessage@5661f50c"|0x4591a58e
15:10:07.0 (67216324)|STATEMENT_EXECUTE|[39]
15:10:07.0 (67269315)|VF_PAGE_MESSAGE|The Appointment is created
15:10:07.0 (67279346)|STATEMENT_EXECUTE|[55]
15:10:07.72 (72679206)|SYSTEM_MODE_ENTER|true
15:10:07.72 (72745576)|HEAP_ALLOCATE|[EXTERNAL]|Bytes:8
15:10:07.72 (72755605)|VARIABLE_SCOPE_BEGIN|[88]|this|ApexPage.PageMessagesComponentController|true|false
15:10:07.72 (72784426)|VARIABLE_ASSIGNMENT|[88]|this|{}|0x41b63dcf
15:10:07.72 (72791129)|VARIABLE_SCOPE_BEGIN|[88]|escape|Boolean|false|false
15:10:07.72 (72799536)|VARIABLE_ASSIGNMENT|[88]|escape|null
15:10:07.72 (72890258)|SYSTEM_MODE_ENTER|true
15:10:07.72 (72922985)|HEAP_ALLOCATE|[EXTERNAL]|Bytes:8
15:10:07.72 (72929278)|VARIABLE_SCOPE_BEGIN|[2]|this|ApexPage.PageMessagesComponentController|true|false
15:10:07.72 (72946110)|VARIABLE_ASSIGNMENT|[2]|this|{}|0x41b63dcf
15:10:07.74 (74153647)|SYSTEM_MODE_ENTER|true
15:10:07.74 (74185383)|HEAP_ALLOCATE|[EXTERNAL]|Bytes:120
15:10:07.74 (74192652)|HEAP_ALLOCATE|[EXTERNAL]|Bytes:10
15:10:07.74 (74204416)|SYSTEM_METHOD_ENTRY|[1]|pagemessagecomponentcontroller.pagemessagecomponentcontroller()
15:10:07.74 (74209445)|STATEMENT_EXECUTE|[1]
15:10:07.74 (74328234)|SYSTEM_MODE_ENTER|true
15:10:07.74 (74366943)|HEAP_ALLOCATE|[EXTERNAL]|Bytes:8
15:10:07.74 (74374558)|VARIABLE_SCOPE_BEGIN|[84]|this|ApexPage.PageMessagesComponentController|true|false
15:10:07.74 (74394414)|VARIABLE_ASSIGNMENT|[84]|this|{}|0x41b63dcf
15:10:07.74 (74466768)|SYSTEM_MODE_ENTER|true
15:10:07.74 (74504904)|HEAP_ALLOCATE|[EXTERNAL]|Bytes:16
15:10:07.74 (74510820)|HEAP_ALLOCATE|[EXTERNAL]|Bytes:5
15:10:07.74 (74515706)|VARIABLE_SCOPE_BEGIN|[9]|this|ApexPage.pagemessagecomponentcontroller|true|false
15:10:07.74 (74537185)|VARIABLE_ASSIGNMENT|[9]|this|{}|0x1cfed4f5
15:10:07.74 (74543139)|VARIABLE_SCOPE_BEGIN|[9]|escape|Boolean|false|false
15:10:07.74 (74551071)|VARIABLE_ASSIGNMENT|[9]|escape|true
15:10:07.74 (74678986)|SYSTEM_MODE_ENTER|true
15:10:07.74 (74703900)|HEAP_ALLOCATE|[EXTERNAL]|Bytes:4
15:10:07.74 (74708223)|HEAP_ALLOCATE|[EXTERNAL]|Bytes:16
15:10:07.74 (74721697)|VARIABLE_ASSIGNMENT|[EXTERNAL]|this.conSeverity|"INFO"|0x1cfed4f5
15:10:07.74 (74772682)|SYSTEM_MODE_ENTER|true
15:10:07.74 (74789464)|HEAP_ALLOCATE|[EXTERNAL]|Bytes:8
15:10:07.74 (74793176)|HEAP_ALLOCATE|[EXTERNAL]|Bytes:16
15:10:07.74 (74803727)|VARIABLE_ASSIGNMENT|[EXTERNAL]|this.conStrength|2|0x1cfed4f5
15:10:07.74 (74941721)|HEAP_ALLOCATE|[EXTERNAL]|Bytes:28
15:10:07.74 (74981477)|VARIABLE_ASSIGNMENT|[EXTERNAL]|this|{"messages":"0x713ae5f8","severity":"INFO"}|0x109bd910
15:10:07.0 (75128414)|SYSTEM_MODE_ENTER|true
15:10:07.0 (75543775)|SYSTEM_MODE_ENTER|true
15:10:07.0 (75845868)|SYSTEM_MODE_ENTER|true
15:10:07.0 (75900106)|SYSTEM_MODE_ENTER|true
15:10:07.78 (78307755)|SYSTEM_MODE_ENTER|true
15:10:07.78 (78358412)|HEAP_ALLOCATE|[EXTERNAL]|Bytes:8
15:10:07.78 (78366180)|VARIABLE_SCOPE_BEGIN|[88]|this|ApexPage.PageMessagesComponentController|true|false
15:10:07.78 (78387492)|VARIABLE_ASSIGNMENT|[88]|this|{}|0x41b63dcf
15:10:07.78 (78393185)|VARIABLE_SCOPE_BEGIN|[88]|escape|Boolean|false|false
15:10:07.78 (78400620)|VARIABLE_ASSIGNMENT|[88]|escape|null
15:10:07.78 (78509468)|SYSTEM_MODE_ENTER|true
15:10:07.78 (78540147)|HEAP_ALLOCATE|[EXTERNAL]|Bytes:8
15:10:07.78 (78546283)|VARIABLE_SCOPE_BEGIN|[2]|this|ApexPage.PageMessagesComponentController|true|false
15:10:07.78 (78564060)|VARIABLE_ASSIGNMENT|[2]|this|{}|0x41b63dcf
15:10:07.79 (79164995)|SYSTEM_MODE_ENTER|true
15:10:07.79 (79201819)|HEAP_ALLOCATE|[EXTERNAL]|Bytes:8
15:10:07.79 (79208322)|VARIABLE_SCOPE_BEGIN|[84]|this|ApexPage.PageMessagesComponentController|true|false
15:10:07.79 (79232813)|VARIABLE_ASSIGNMENT|[84]|this|{}|0x41b63dcf
15:10:07.79 (79297135)|SYSTEM_MODE_ENTER|true
15:10:07.79 (79334316)|HEAP_ALLOCATE|[EXTERNAL]|Bytes:16
15:10:07.79 (79339988)|HEAP_ALLOCATE|[EXTERNAL]|Bytes:5
15:10:07.79 (79343994)|VARIABLE_SCOPE_BEGIN|[9]|this|ApexPage.pagemessagecomponentcontroller|true|false
15:10:07.79 (79368556)|VARIABLE_ASSIGNMENT|[9]|this|{"conSeverity":"INFO","conStrength":2,"escape":true}|0x1cfed4f5
15:10:07.79 (79374802)|VARIABLE_SCOPE_BEGIN|[9]|escape|Boolean|false|false
15:10:07.79 (79382417)|VARIABLE_ASSIGNMENT|[9]|escape|true
15:10:07.79 (79474911)|SYSTEM_MODE_ENTER|true
15:10:07.79 (79495733)|HEAP_ALLOCATE|[EXTERNAL]|Bytes:4
15:10:07.79 (79500342)|HEAP_ALLOCATE|[EXTERNAL]|Bytes:16
15:10:07.79 (79510644)|VARIABLE_ASSIGNMENT|[EXTERNAL]|this.conSeverity|"INFO"|0x1cfed4f5
15:10:07.79 (79550255)|SYSTEM_MODE_ENTER|true
15:10:07.79 (79565998)|HEAP_ALLOCATE|[EXTERNAL]|Bytes:8
15:10:07.79 (79569671)|HEAP_ALLOCATE|[EXTERNAL]|Bytes:16
15:10:07.79 (79578476)|VARIABLE_ASSIGNMENT|[EXTERNAL]|this.conStrength|2|0x1cfed4f5
15:10:07.79 (79678117)|SYSTEM_MODE_ENTER|true
15:10:07.79 (79708366)|HEAP_ALLOCATE|[EXTERNAL]|Bytes:16
15:10:07.79 (79714986)|VARIABLE_SCOPE_BEGIN|[13]|this|ApexPage.pagemessagecomponentcontroller|true|false
15:10:07.79 (79738339)|VARIABLE_ASSIGNMENT|[13]|this|{"conSeverity":"INFO","conStrength":2,"escape":true}|0x1cfed4f5
15:10:07.80 (80237985)|HEAP_ALLOCATE|[EXTERNAL]|Bytes:28
15:10:07.80 (80249086)|VARIABLE_SCOPE_BEGIN|[38]|this|ApexPage.PageMessagesComponentController.severityMessages|true|false
15:10:07.80 (80278730)|VARIABLE_ASSIGNMENT|[38]|this|{"messages":"0x21963439","severity":"INFO"}|0x63a1a5ea
15:10:07.80 (80630078)|SYSTEM_MODE_ENTER|true
15:10:07.80 (80664620)|HEAP_ALLOCATE|[EXTERNAL]|Bytes:16
15:10:07.80 (80675576)|VARIABLE_SCOPE_BEGIN|[5]|this|ApexPage.pagemessagecomponentcontroller|true|false
15:10:07.80 (80701445)|VARIABLE_ASSIGNMENT|[5]|this|{"conSeverity":"INFO","conStrength":2,"escape":true}|0x1cfed4f5
15:10:07.80 (80826692)|HEAP_ALLOCATE|[EXTERNAL]|Bytes:28
15:10:07.80 (80855027)|VARIABLE_ASSIGNMENT|[EXTERNAL]|this|{"messages":"0x21963439","severity":"INFO"}|0x63a1a5ea
15:10:07.80 (80955617)|HEAP_ALLOCATE|[EXTERNAL]|Bytes:28
15:10:07.80 (80982098)|VARIABLE_ASSIGNMENT|[EXTERNAL]|this|{"messages":"0x21963439","severity":"INFO"}|0x63a1a5ea
15:10:07.0 (82805108)|SYSTEM_MODE_ENTER|true
15:10:07.0 (82846585)|HEAP_ALLOCATE|[EXTERNAL]|Bytes:48
15:10:07.0 (82854096)|VARIABLE_SCOPE_BEGIN|[160]|this|docappcontroller|true|false
15:10:07.0 (82897890)|VARIABLE_ASSIGNMENT|[160]|this|{"aptdum":"0x52ccf879","Docdum":"0x5f0ee73a","Docmap":"0x563f93fa","Initialselected":5,"Selecteddoc":"a260H000001koYjQAI","SelectedtimeSlot":60,"timelist":"0x1c20bc0","timeset":"0x768c9d0b","timewraplist":"0x6f7c38fb","timewraplistInitial":"0x6f7c38fb"}|0x6857e5e0
15:10:07.0 (82911309)|STATEMENT_EXECUTE|[160]
15:10:07.0 (82913643)|STATEMENT_EXECUTE|[162]
15:10:07.0 (82926571)|HEAP_ALLOCATE|[162]|Bytes:4
15:10:07.0 (82942945)|VARIABLE_SCOPE_BEGIN|[162]|options|List<System.SelectOption>|true|false
15:10:07.0 (82964817)|HEAP_ALLOCATE|[EXTERNAL]|Bytes:4
15:10:07.0 (82975553)|VARIABLE_ASSIGNMENT|[162]|options|[]|0x59fe4f29
15:10:07.0 (82981305)|STATEMENT_EXECUTE|[163]
15:10:07.0 (82998656)|HEAP_ALLOCATE|[EXTERNAL]|Bytes:4
15:10:07.0 (83041693)|VARIABLE_ASSIGNMENT|[EXTERNAL]|this|{"aptdum":"0x52ccf879","Docdum":"0x5f0ee73a","Docmap":"0x563f93fa","Initialselected":5,"Selecteddoc":"a260H000001koYjQAI","SelectedtimeSlot":60,"timelist":"0x1c20bc0","timeset":"0x768c9d0b","timewraplist":"0x6f7c38fb","timewraplistInitial":"0x6f7c38fb"}|0x6857e5e0
15:10:07.0 (83055825)|STATEMENT_EXECUTE|[164]
15:10:07.0 (83080550)|VARIABLE_ASSIGNMENT|[EXTERNAL]|this|{"aptdum":"0x52ccf879","Docdum":"0x5f0ee73a","Docmap":"0x563f93fa","Initialselected":5,"Selecteddoc":"a260H000001koYjQAI","SelectedtimeSlot":60,"timelist":"0x1c20bc0","timeset":"0x768c9d0b","timewraplist":"0x6f7c38fb","timewraplistInitial":"0x6f7c38fb"}|0x6857e5e0
15:10:07.0 (83102161)|HEAP_ALLOCATE|[EXTERNAL]|Bytes:12
15:10:07.0 (83122239)|HEAP_ALLOCATE|[165]|Bytes:237
15:10:07.0 (83143336)|HEAP_ALLOCATE|[165]|Bytes:5
15:10:07.0 (83158761)|HEAP_ALLOCATE|[165]|Bytes:24
15:10:07.0 (83166818)|VARIABLE_SCOPE_BEGIN|[165]|doc|Doctor__c|true|false
15:10:07.0 (83187279)|VARIABLE_ASSIGNMENT|[165]|doc|{"Id":"a260H000001koYjQAI","Name":"doc 2","End_Time__c":68400000,"Speciality__c":"General Surgery","Start_Time__c":43200000}|0x3d97131
15:10:07.0 (83194408)|STATEMENT_EXECUTE|[165]
15:10:07.0 (83196010)|STATEMENT_EXECUTE|[166]
15:10:07.0 (83212148)|HEAP_ALLOCATE|[166]|Bytes:18
15:10:07.0 (83226316)|HEAP_ALLOCATE|[EXTERNAL]|Bytes:4
15:10:07.0 (83238532)|HEAP_ALLOCATE|[165]|Bytes:5
15:10:07.0 (83247398)|HEAP_ALLOCATE|[165]|Bytes:24
15:10:07.0 (83252973)|VARIABLE_SCOPE_BEGIN|[165]|doc|Doctor__c|true|false
15:10:07.0 (83266965)|VARIABLE_ASSIGNMENT|[165]|doc|{"Id":"a260H000001koYeQAI","Name":"Doc1","End_Time__c":64800000,"Speciality__c":"General Surgery","Start_Time__c":32400000}|0x58707994
15:10:07.0 (83272520)|STATEMENT_EXECUTE|[165]
15:10:07.0 (83274125)|STATEMENT_EXECUTE|[166]
15:10:07.0 (83280884)|HEAP_ALLOCATE|[166]|Bytes:18
15:10:07.0 (83291825)|HEAP_ALLOCATE|[EXTERNAL]|Bytes:4
15:10:07.0 (83301940)|HEAP_ALLOCATE|[165]|Bytes:5
15:10:07.0 (83310993)|VARIABLE_ASSIGNMENT|[165]|doc|null|
15:10:07.0 (83315924)|STATEMENT_EXECUTE|[172]
15:10:07.0 (83477341)|SYSTEM_MODE_ENTER|true
15:10:07.0 (86697541)|SYSTEM_MODE_ENTER|true
15:10:07.0 (86753756)|HEAP_ALLOCATE|[EXTERNAL]|Bytes:48
15:10:07.0 (86761791)|VARIABLE_SCOPE_BEGIN|[177]|this|docappcontroller|true|false
15:10:07.0 (86800969)|VARIABLE_ASSIGNMENT|[177]|this|{"aptdum":"0x52ccf879","Docdum":"0x5f0ee73a","Docmap":"0x563f93fa","Initialselected":5,"Selecteddoc":"a260H000001koYjQAI","SelectedtimeSlot":60,"timelist":"0x1c20bc0","timeset":"0x768c9d0b","timewraplist":"0x6f7c38fb","timewraplistInitial":"0x6f7c38fb"}|0x6857e5e0
15:10:07.0 (86814108)|STATEMENT_EXECUTE|[177]
15:10:07.0 (86816310)|STATEMENT_EXECUTE|[179]
15:10:07.0 (86825744)|HEAP_ALLOCATE|[179]|Bytes:4
15:10:07.0 (86840812)|VARIABLE_SCOPE_BEGIN|[179]|options|List<System.SelectOption>|true|false
15:10:07.0 (86862702)|HEAP_ALLOCATE|[EXTERNAL]|Bytes:4
15:10:07.0 (86871216)|VARIABLE_ASSIGNMENT|[179]|options|[]|0xadde1e7
15:10:07.0 (86876994)|STATEMENT_EXECUTE|[180]
15:10:07.0 (86891636)|HEAP_ALLOCATE|[EXTERNAL]|Bytes:4
15:10:07.0 (86898361)|STATEMENT_EXECUTE|[183]
15:10:07.0 (86904946)|HEAP_ALLOCATE|[EXTERNAL]|Bytes:4
15:10:07.0 (86910290)|STATEMENT_EXECUTE|[184]
15:10:07.0 (86916413)|HEAP_ALLOCATE|[EXTERNAL]|Bytes:4
15:10:07.0 (86921464)|STATEMENT_EXECUTE|[189]
15:10:07.0 (87045392)|SYSTEM_MODE_ENTER|true
15:10:07.0 (89488351)|VF_SERIALIZE_VIEWSTATE_BEGIN|0660H000004OdRk
15:10:07.0 (106667961)|VF_SERIALIZE_VIEWSTATE_END
15:10:07.0 (136706109)|CODE_UNIT_STARTED|[EXTERNAL]|Generate Metadata
15:10:07.0 (139162442)|CODE_UNIT_FINISHED|Generate Metadata
15:10:07.141 (141958453)|CUMULATIVE_LIMIT_USAGE
15:10:07.141 (141958453)|LIMIT_USAGE_FOR_NS|(default)|
  Number of SOQL queries: 0 out of 100
  Number of query rows: 0 out of 50000
  Number of SOSL queries: 0 out of 20
  Number of DML statements: 1 out of 150
  Number of DML rows: 1 out of 10000
  Maximum CPU time: 0 out of 10000
  Maximum heap size: 0 out of 6000000
  Number of callouts: 0 out of 100
  Number of Email Invocations: 0 out of 10
  Number of future calls: 0 out of 50
  Number of queueable jobs added to the queue: 0 out of 50
  Number of Mobile Apex push calls: 0 out of 10

15:10:07.141 (141958453)|CUMULATIVE_LIMIT_USAGE_END

15:10:07.0 (141999544)|CODE_UNIT_FINISHED|VF: /apex/docapp
15:10:07.0 (142770068)|EXECUTION_FINISHED
