42.0 APEX_CODE,FINEST;APEX_PROFILING,INFO;CALLOUT,INFO;DB,INFO;SYSTEM,DEBUG;VALIDATION,INFO;VISUALFORCE,INFO;WAVE,INFO;WORKFLOW,INFO
16:22:24.0 (54270)|USER_INFO|[EXTERNAL]|005i0000002qYvT|anton@igate.com|India Standard Time|GMT+05:30
16:22:24.0 (88189)|EXECUTION_STARTED
16:22:24.0 (92393)|CODE_UNIT_STARTED|[EXTERNAL]|0660H000004OdRk|VF: /apex/docapp
16:22:24.0 (1174140)|VF_DESERIALIZE_VIEWSTATE_BEGIN|0660H000004OdRk
16:22:24.0 (4241283)|HEAP_ALLOCATE|[72]|Bytes:3
16:22:24.0 (4285817)|HEAP_ALLOCATE|[77]|Bytes:152
16:22:24.0 (4301244)|HEAP_ALLOCATE|[342]|Bytes:408
16:22:24.0 (4315231)|HEAP_ALLOCATE|[355]|Bytes:408
16:22:24.0 (4326433)|HEAP_ALLOCATE|[467]|Bytes:48
16:22:24.0 (4352842)|HEAP_ALLOCATE|[139]|Bytes:6
16:22:24.0 (7583033)|VF_DESERIALIZE_VIEWSTATE_END
16:22:24.8 (8203608)|SYSTEM_MODE_ENTER|true
16:22:24.8 (8279484)|HEAP_ALLOCATE|[EXTERNAL]|Bytes:38
16:22:24.8 (8288201)|HEAP_ALLOCATE|[EXTERNAL]|Bytes:7
16:22:24.8 (8298398)|SYSTEM_METHOD_ENTRY|[1]|PageMessagesComponentController.PageMessagesComponentController()
16:22:24.8 (8308305)|STATEMENT_EXECUTE|[1]
16:22:24.9 (9129413)|SYSTEM_MODE_ENTER|true
16:22:24.9 (9187057)|HEAP_ALLOCATE|[EXTERNAL]|Bytes:8
16:22:24.9 (9195520)|VARIABLE_SCOPE_BEGIN|[88]|this|ApexPage.PageMessagesComponentController|true|false
16:22:24.9 (9230709)|VARIABLE_ASSIGNMENT|[88]|this|{}|0x464e8277
16:22:24.9 (9239754)|VARIABLE_SCOPE_BEGIN|[88]|escape|Boolean|false|false
16:22:24.9 (9249398)|VARIABLE_ASSIGNMENT|[88]|escape|null
16:22:24.0 (9396296)|SYSTEM_MODE_ENTER|true
16:22:24.0 (9424967)|HEAP_ALLOCATE|[EXTERNAL]|Bytes:14
16:22:24.0 (9437129)|HEAP_ALLOCATE|[EXTERNAL]|Bytes:248
16:22:24.0 (9442348)|HEAP_ALLOCATE|[EXTERNAL]|Bytes:53
16:22:24.0 (9445674)|HEAP_ALLOCATE|[EXTERNAL]|Bytes:20
16:22:24.0 (9453004)|METHOD_ENTRY|[1]|01p0H000007gCe8|docappcontroller.docappcontroller()
16:22:24.0 (9458567)|STATEMENT_EXECUTE|[1]
16:22:24.0 (9462505)|STATEMENT_EXECUTE|[1]
16:22:24.0 (9464194)|STATEMENT_EXECUTE|[208]
16:22:24.0 (9468168)|METHOD_EXIT|[1]|docappcontroller
16:22:24.0 (13212707)|SYSTEM_MODE_ENTER|true
16:22:24.0 (13982053)|SYSTEM_MODE_ENTER|true
16:22:24.0 (14932699)|SYSTEM_MODE_ENTER|true
16:22:24.0 (15202131)|HEAP_ALLOCATE|[EXTERNAL]|Bytes:48
16:22:24.0 (15212193)|VARIABLE_SCOPE_BEGIN|[164]|this|docappcontroller|true|false
16:22:24.0 (15267240)|VARIABLE_ASSIGNMENT|[164]|this|{"aptdum":"0x7213dc0a","Docdum":"0xb27815","Docmap":"0x13f43b71","Initialselected":0,"timewraplistInitial":"0x2b377599"}|0x6fe1f98b
16:22:24.0 (15279358)|STATEMENT_EXECUTE|[164]
16:22:24.0 (15281627)|STATEMENT_EXECUTE|[166]
16:22:24.0 (15297774)|HEAP_ALLOCATE|[166]|Bytes:4
16:22:24.0 (15330075)|VARIABLE_SCOPE_BEGIN|[166]|options|List<System.SelectOption>|true|false
16:22:24.0 (15356682)|HEAP_ALLOCATE|[EXTERNAL]|Bytes:4
16:22:24.0 (15369074)|VARIABLE_ASSIGNMENT|[166]|options|[]|0x47280f79
16:22:24.0 (15374924)|STATEMENT_EXECUTE|[167]
16:22:24.0 (15382489)|HEAP_ALLOCATE|[167]|Bytes:8
16:22:24.0 (15443022)|HEAP_ALLOCATE|[EXTERNAL]|Bytes:4
16:22:24.0 (15490583)|VARIABLE_ASSIGNMENT|[EXTERNAL]|this|{"aptdum":"0x7213dc0a","Docdum":"0xb27815","Docmap":"0x13f43b71","Initialselected":0,"timewraplistInitial":"0x2b377599"}|0x6fe1f98b
16:22:24.0 (15504101)|STATEMENT_EXECUTE|[168]
16:22:24.0 (15531862)|VARIABLE_ASSIGNMENT|[EXTERNAL]|this|{"aptdum":"0x7213dc0a","Docdum":"0xb27815","Docmap":"0x13f43b71","Initialselected":0,"timewraplistInitial":"0x2b377599"}|0x6fe1f98b
16:22:24.0 (15577720)|HEAP_ALLOCATE|[EXTERNAL]|Bytes:8
16:22:24.0 (15592962)|HEAP_ALLOCATE|[169]|Bytes:116
16:22:24.0 (15740375)|HEAP_ALLOCATE|[169]|Bytes:5
16:22:24.0 (15780204)|HEAP_ALLOCATE|[169]|Bytes:24
16:22:24.0 (15792099)|VARIABLE_SCOPE_BEGIN|[169]|doc|Doctor__c|true|false
16:22:24.0 (15821453)|VARIABLE_ASSIGNMENT|[169]|doc|{"Id":"a260H000001koYlQAI","Name":"doc4","End_Time__c":68400000,"Speciality__c":"Dermatology","Start_Time__c":32400000}|0x718b9389
16:22:24.0 (15828887)|STATEMENT_EXECUTE|[169]
16:22:24.0 (15830805)|STATEMENT_EXECUTE|[170]
16:22:24.0 (15881353)|HEAP_ALLOCATE|[170]|Bytes:18
16:22:24.0 (15935450)|HEAP_ALLOCATE|[EXTERNAL]|Bytes:4
16:22:24.0 (15951339)|HEAP_ALLOCATE|[169]|Bytes:5
16:22:24.0 (15968451)|VARIABLE_ASSIGNMENT|[169]|doc|null|
16:22:24.0 (15973649)|STATEMENT_EXECUTE|[176]
16:22:24.0 (16057023)|SYSTEM_MODE_ENTER|true
16:22:24.0 (16379245)|SYSTEM_MODE_ENTER|true
16:22:24.0 (16426258)|HEAP_ALLOCATE|[EXTERNAL]|Bytes:48
16:22:24.0 (16434639)|VARIABLE_SCOPE_BEGIN|[181]|this|docappcontroller|true|false
16:22:24.0 (16470737)|VARIABLE_ASSIGNMENT|[181]|this|{"aptdum":"0x7213dc0a","Docdum":"0xb27815","Docmap":"0x13f43b71","Initialselected":0,"timewraplistInitial":"0x2b377599"}|0x6fe1f98b
16:22:24.0 (16481739)|STATEMENT_EXECUTE|[181]
16:22:24.0 (16483767)|STATEMENT_EXECUTE|[183]
16:22:24.0 (16497460)|HEAP_ALLOCATE|[183]|Bytes:4
16:22:24.0 (16519190)|VARIABLE_SCOPE_BEGIN|[183]|options|List<System.SelectOption>|true|false
16:22:24.0 (16541074)|HEAP_ALLOCATE|[EXTERNAL]|Bytes:4
16:22:24.0 (16550248)|VARIABLE_ASSIGNMENT|[183]|options|[]|0x68f1139c
16:22:24.0 (16556051)|STATEMENT_EXECUTE|[184]
16:22:24.0 (16559704)|HEAP_ALLOCATE|[184]|Bytes:79
16:22:24.0 (16582212)|HEAP_ALLOCATE|[184]|Bytes:4
16:22:24.0 (16851577)|SOQL_EXECUTE_BEGIN|[184]|Aggregations:0|SELECT Interval__c FROM Time_Interval__mdt ORDER BY Interval__c ASC NULLS FIRST
16:22:24.0 (20614996)|SOQL_EXECUTE_END|[184]|Rows:2
16:22:24.0 (20645739)|HEAP_ALLOCATE|[184]|Bytes:12
16:22:24.0 (20663131)|HEAP_ALLOCATE|[184]|Bytes:92
16:22:24.0 (20735417)|HEAP_ALLOCATE|[184]|Bytes:12
16:22:24.0 (20750981)|VARIABLE_SCOPE_BEGIN|[184]|intervals|List<Time_Interval__mdt>|true|false
16:22:24.0 (20787770)|VARIABLE_ASSIGNMENT|[184]|intervals|[{"Interval__c":"30","Id":"m030H000000bmFqQAI"},{"Interval__c":"60","Id":"m030H000000bmFvQAI"}]|0x6eec7927
16:22:24.0 (20937509)|HEAP_ALLOCATE|[187]|Bytes:5
16:22:24.0 (20954729)|HEAP_ALLOCATE|[187]|Bytes:12
16:22:24.0 (20963645)|VARIABLE_SCOPE_BEGIN|[187]|i|Time_Interval__mdt|true|false
16:22:24.0 (20979904)|VARIABLE_ASSIGNMENT|[187]|i|{"Interval__c":"30","Id":"m030H000000bmFqQAI"}|0x45ca0359
16:22:24.0 (20988533)|STATEMENT_EXECUTE|[187]
16:22:24.0 (20991211)|STATEMENT_EXECUTE|[188]
16:22:24.0 (21069071)|HEAP_ALLOCATE|[EXTERNAL]|Bytes:4
16:22:24.0 (21091015)|HEAP_ALLOCATE|[187]|Bytes:5
16:22:24.0 (21102627)|HEAP_ALLOCATE|[187]|Bytes:12
16:22:24.0 (21112121)|VARIABLE_SCOPE_BEGIN|[187]|i|Time_Interval__mdt|true|false
16:22:24.0 (21126088)|VARIABLE_ASSIGNMENT|[187]|i|{"Interval__c":"60","Id":"m030H000000bmFvQAI"}|0x48e27f86
16:22:24.0 (21132486)|STATEMENT_EXECUTE|[187]
16:22:24.0 (21134212)|STATEMENT_EXECUTE|[188]
16:22:24.0 (21149203)|HEAP_ALLOCATE|[EXTERNAL]|Bytes:4
16:22:24.0 (21167498)|HEAP_ALLOCATE|[187]|Bytes:5
16:22:24.0 (21178644)|VARIABLE_ASSIGNMENT|[187]|i|null|
16:22:24.0 (21183630)|STATEMENT_EXECUTE|[196]
16:22:24.0 (21636339)|SYSTEM_MODE_ENTER|true
16:22:24.22 (22227429)|SYSTEM_MODE_ENTER|true
16:22:24.22 (22280321)|HEAP_ALLOCATE|[EXTERNAL]|Bytes:8
16:22:24.22 (22288851)|VARIABLE_SCOPE_BEGIN|[88]|this|ApexPage.PageMessagesComponentController|true|false
16:22:24.22 (22311351)|VARIABLE_ASSIGNMENT|[88]|this|{}|0x464e8277
16:22:24.22 (22317817)|VARIABLE_SCOPE_BEGIN|[88]|escape|Boolean|false|false
16:22:24.22 (22326736)|VARIABLE_ASSIGNMENT|[88]|escape|null
16:22:24.0 (22526409)|SYSTEM_MODE_ENTER|true
16:22:24.0 (22552540)|HEAP_ALLOCATE|[EXTERNAL]|Bytes:18
16:22:24.0 (22558227)|HEAP_ALLOCATE|[EXTERNAL]|Bytes:48
16:22:24.0 (22569984)|VARIABLE_ASSIGNMENT|[EXTERNAL]|this.Selecteddoc|"a260H000001koYlQAI"|0x6fe1f98b
16:22:24.0 (22613363)|SYSTEM_MODE_ENTER|true
16:22:24.0 (22765522)|SYSTEM_MODE_ENTER|true
16:22:24.0 (22806010)|SYSTEM_MODE_ENTER|true
16:22:24.0 (22821489)|HEAP_ALLOCATE|[EXTERNAL]|Bytes:8
16:22:24.0 (22827163)|HEAP_ALLOCATE|[EXTERNAL]|Bytes:48
16:22:24.0 (22835396)|VARIABLE_ASSIGNMENT|[EXTERNAL]|this.SelectedtimeSlot|30|0x6fe1f98b
16:22:24.0 (22867451)|SYSTEM_MODE_ENTER|true
16:22:24.0 (23075120)|HEAP_ALLOCATE|[EXTERNAL]|Bytes:48
16:22:24.0 (23084535)|VARIABLE_SCOPE_BEGIN|[62]|this|docappcontroller|true|false
16:22:24.0 (23123473)|VARIABLE_ASSIGNMENT|[62]|this|{"aptdum":"0x7213dc0a","Docdum":"0xb27815","Docmap":"0x13f43b71","Initialselected":0,"Selecteddoc":"a260H000001koYlQAI","SelectedtimeSlot":30,"timewraplistInitial":"0x2b377599"}|0x6fe1f98b
16:22:24.0 (23139087)|STATEMENT_EXECUTE|[62]
16:22:24.0 (23141032)|STATEMENT_EXECUTE|[64]
16:22:24.0 (23184451)|VARIABLE_ASSIGNMENT|[EXTERNAL]|this|{"aptdum":"0x7213dc0a","Docdum":"0xb27815","Docmap":"0x13f43b71","Initialselected":0,"Selecteddoc":"a260H000001koYlQAI","SelectedtimeSlot":30,"timewraplistInitial":"0x2b377599"}|0x6fe1f98b
16:22:24.0 (23219690)|USER_DEBUG|[64]|DEBUG|a260H000001koYlQAI
16:22:24.0 (23258513)|VARIABLE_ASSIGNMENT|[EXTERNAL]|this|{"aptdum":"0x7213dc0a","Docdum":"0xb27815","Docmap":"0x13f43b71","Initialselected":0,"Selecteddoc":"a260H000001koYlQAI","SelectedtimeSlot":30,"timewraplistInitial":"0x2b377599"}|0x6fe1f98b
16:22:24.0 (23297935)|VARIABLE_ASSIGNMENT|[EXTERNAL]|this|{"aptdum":"0x7213dc0a","Docdum":"0xb27815","Docmap":"0x13f43b71","Initialselected":0,"Selecteddoc":"a260H000001koYlQAI","SelectedtimeSlot":30,"timewraplistInitial":"0x2b377599"}|0x6fe1f98b
16:22:24.0 (23329967)|STATEMENT_EXECUTE|[67]
16:22:24.0 (23332247)|STATEMENT_EXECUTE|[68]
16:22:24.0 (23364700)|VARIABLE_ASSIGNMENT|[EXTERNAL]|this|{"aptdum":"0x7213dc0a","Docdum":"0xb27815","Docmap":"0x13f43b71","Initialselected":0,"Selecteddoc":"a260H000001koYlQAI","SelectedtimeSlot":30,"timewraplistInitial":"0x2b377599"}|0x6fe1f98b
16:22:24.0 (23399517)|VARIABLE_ASSIGNMENT|[EXTERNAL]|this|{"aptdum":"0x7213dc0a","Docdum":"0xb27815","Docmap":"0x13f43b71","Initialselected":0,"Selecteddoc":"a260H000001koYlQAI","SelectedtimeSlot":30,"timewraplistInitial":"0x2b377599"}|0x6fe1f98b
16:22:24.0 (23431514)|VARIABLE_SCOPE_BEGIN|[68]|d|Doctor__c|true|false
16:22:24.0 (23452766)|VARIABLE_ASSIGNMENT|[68]|d|{"Id":"a260H000001koYlQAI","Name":"doc4","End_Time__c":68400000,"Speciality__c":"Dermatology","Start_Time__c":32400000}|0x718b9389
16:22:24.0 (23459606)|STATEMENT_EXECUTE|[69]
16:22:24.0 (23504229)|HEAP_ALLOCATE|[69]|Bytes:4
16:22:24.0 (23549223)|HEAP_ALLOCATE|[69]|Bytes:150
16:22:24.0 (23562553)|HEAP_ALLOCATE|[69]|Bytes:4
16:22:24.0 (23569658)|HEAP_ALLOCATE|[69]|Bytes:7
16:22:24.0 (23603502)|VARIABLE_ASSIGNMENT|[EXTERNAL]|this|{"aptdum":"0x7213dc0a","Docdum":"0xb27815","Docmap":"0x13f43b71","Initialselected":0,"Selecteddoc":"a260H000001koYlQAI","SelectedtimeSlot":30,"timewraplistInitial":"0x2b377599"}|0x6fe1f98b
16:22:24.0 (23624768)|HEAP_ALLOCATE|[69]|Bytes:7
16:22:24.0 (23657793)|VARIABLE_ASSIGNMENT|[EXTERNAL]|this|{"aptdum":"0x7213dc0a","Docdum":"0xb27815","Docmap":"0x13f43b71","Initialselected":0,"Selecteddoc":"a260H000001koYlQAI","SelectedtimeSlot":30,"timewraplistInitial":"0x2b377599"}|0x6fe1f98b
16:22:24.0 (23979160)|SOQL_EXECUTE_BEGIN|[69]|Aggregations:0|SELECT Id, Name, Doctor__c, Patient__c, End_Time__c, Start_Time__c FROM Appointment__c WHERE (Doctor__c = :tmpVar1 AND Appointment_Date__c = :tmpVar2)
16:22:24.0 (26929524)|SOQL_EXECUTE_END|[69]|Rows:0
16:22:24.0 (26957551)|HEAP_ALLOCATE|[69]|Bytes:4
16:22:24.0 (26968452)|HEAP_ALLOCATE|[69]|Bytes:0
16:22:24.0 (27001031)|HEAP_ALLOCATE|[69]|Bytes:4
16:22:24.0 (27028251)|HEAP_ALLOCATE|[69]|Bytes:0
16:22:24.0 (27037543)|VARIABLE_SCOPE_BEGIN|[69]|aptlist|List<Appointment__c>|true|false
16:22:24.0 (27047179)|HEAP_ALLOCATE|[EXTERNAL]|Bytes:4
16:22:24.0 (27056725)|VARIABLE_ASSIGNMENT|[69]|aptlist|[]|0x312ccce0
16:22:24.0 (27062717)|STATEMENT_EXECUTE|[70]
16:22:24.0 (27089008)|HEAP_ALLOCATE|[70]|Bytes:4
16:22:24.0 (27145786)|VARIABLE_ASSIGNMENT|[70]|this.timeset|[]|0x6fe1f98b
16:22:24.0 (27238513)|HEAP_ALLOCATE|[71]|Bytes:5
16:22:24.0 (27255179)|VARIABLE_ASSIGNMENT|[71]|apt|null|
16:22:24.0 (27265001)|STATEMENT_EXECUTE|[71]
16:22:24.0 (27266957)|STATEMENT_EXECUTE|[93]
16:22:24.0 (27280368)|HEAP_ALLOCATE|[93]|Bytes:4
16:22:24.0 (27358813)|VARIABLE_ASSIGNMENT|[EXTERNAL]|this|{"aptdum":"0x7213dc0a","Docdum":"0xb27815","Docmap":"0x13f43b71","Initialselected":0,"Selecteddoc":"a260H000001koYlQAI","SelectedtimeSlot":30,"timeset":"0x24b42f41","timewraplistInitial":"0x2b377599"}|0x6fe1f98b
16:22:24.0 (27378217)|HEAP_ALLOCATE|[EXTERNAL]|Bytes:4
16:22:24.0 (27385432)|VARIABLE_ASSIGNMENT|[EXTERNAL]|value|[]|0x5cf79e06
16:22:24.0 (27396792)|VARIABLE_ASSIGNMENT|[4]|this.timewraplist|[]|0x6fe1f98b
16:22:24.0 (27406354)|STATEMENT_EXECUTE|[94]
16:22:24.0 (27421435)|HEAP_ALLOCATE|[94]|Bytes:4
16:22:24.0 (27477556)|VARIABLE_ASSIGNMENT|[EXTERNAL]|this|{"aptdum":"0x7213dc0a","Docdum":"0xb27815","Docmap":"0x13f43b71","Initialselected":0,"Selecteddoc":"a260H000001koYlQAI","SelectedtimeSlot":30,"timeset":"0x24b42f41","timewraplist":"0x5cf79e06","timewraplistInitial":"0x2b377599"}|0x6fe1f98b
16:22:24.0 (27496398)|HEAP_ALLOCATE|[EXTERNAL]|Bytes:4
16:22:24.0 (27502596)|VARIABLE_ASSIGNMENT|[EXTERNAL]|value|[]|0xb6b02b4
16:22:24.0 (27513009)|VARIABLE_ASSIGNMENT|[3]|this.timelist|[]|0x6fe1f98b
16:22:24.0 (27523122)|STATEMENT_EXECUTE|[95]
16:22:24.0 (27558985)|VARIABLE_SCOPE_BEGIN|[95]|t|Time|false|false
16:22:24.0 (27575255)|VARIABLE_ASSIGNMENT|[95]|t|32400000
16:22:24.0 (27579899)|STATEMENT_EXECUTE|[96]
16:22:24.0 (27645142)|VARIABLE_SCOPE_BEGIN|[96]|i|Integer|false|false
16:22:24.0 (27653995)|HEAP_ALLOCATE|[96]|Bytes:4
16:22:24.0 (27661257)|VARIABLE_ASSIGNMENT|[96]|i|10
16:22:24.0 (27665868)|STATEMENT_EXECUTE|[97]
16:22:24.0 (27695584)|HEAP_ALLOCATE|[97]|Bytes:28
16:22:24.0 (27701033)|HEAP_ALLOCATE|[97]|Bytes:28
16:22:24.0 (27706315)|VARIABLE_SCOPE_BEGIN|[97]|i1|Decimal|false|false
16:22:24.0 (27722611)|VARIABLE_ASSIGNMENT|[97]|i1|0
16:22:24.0 (27757256)|STATEMENT_EXECUTE|[98]
16:22:24.0 (27759407)|STATEMENT_EXECUTE|[99]
16:22:24.0 (27806787)|VARIABLE_ASSIGNMENT|[EXTERNAL]|this|{"aptdum":"0x7213dc0a","Docdum":"0xb27815","Docmap":"0x13f43b71","Initialselected":0,"Selecteddoc":"a260H000001koYlQAI","SelectedtimeSlot":30,"timelist":"0xb6b02b4","timeset":"0x24b42f41","timewraplist":"0x5cf79e06","timewraplistInitial":"0x2b377599"}|0x6fe1f98b
16:22:24.0 (27825093)|HEAP_ALLOCATE|[99]|Bytes:108
16:22:24.0 (27832258)|HEAP_ALLOCATE|[99]|Bytes:11
16:22:24.0 (27840542)|HEAP_ALLOCATE|[99]|Bytes:12
16:22:24.0 (27860605)|CONSTRUCTOR_ENTRY|[99]|01p0H000007gCe8|<init>(Boolean,Time)
16:22:24.0 (27874874)|VARIABLE_SCOPE_BEGIN|[212]|this|docappcontroller.Wrapertimeslot|true|false
16:22:24.0 (27890229)|VARIABLE_ASSIGNMENT|[212]|this|{}|0x762aea9f
16:22:24.0 (27897532)|VARIABLE_SCOPE_BEGIN|[212]|selection|Boolean|false|false
16:22:24.0 (27906069)|VARIABLE_ASSIGNMENT|[212]|selection|false
16:22:24.0 (27910315)|VARIABLE_SCOPE_BEGIN|[212]|tm|Time|false|false
16:22:24.0 (27919506)|VARIABLE_ASSIGNMENT|[212]|tm|32400000
16:22:24.0 (27924770)|STATEMENT_EXECUTE|[208]
16:22:24.0 (27926510)|STATEMENT_EXECUTE|[209]
16:22:24.0 (27928092)|STATEMENT_EXECUTE|[210]
16:22:24.0 (27935762)|HEAP_ALLOCATE|[213]|Bytes:6
16:22:24.0 (27959592)|STATEMENT_EXECUTE|[212]
16:22:24.0 (27961409)|STATEMENT_EXECUTE|[213]
16:22:24.0 (27983065)|VARIABLE_ASSIGNMENT|[EXTERNAL]|this|{}|0x762aea9f
16:22:24.0 (27992813)|VARIABLE_ASSIGNMENT|[EXTERNAL]|value|false
16:22:24.0 (27999818)|HEAP_ALLOCATE|[209]|Bytes:5
16:22:24.0 (28006441)|VARIABLE_ASSIGNMENT|[209]|this.selected|false|0x762aea9f
16:22:24.0 (28015660)|STATEMENT_EXECUTE|[214]
16:22:24.0 (28033816)|VARIABLE_ASSIGNMENT|[EXTERNAL]|this|{"selected":false}|0x762aea9f
16:22:24.0 (28043664)|VARIABLE_ASSIGNMENT|[EXTERNAL]|value|32400000
16:22:24.0 (28052001)|VARIABLE_ASSIGNMENT|[210]|this.t|32400000|0x762aea9f
16:22:24.0 (28070536)|CONSTRUCTOR_EXIT|[99]|01p0H000007gCe8|<init>(Boolean,Time)
16:22:24.0 (28087741)|HEAP_ALLOCATE|[EXTERNAL]|Bytes:4
16:22:24.0 (28094787)|STATEMENT_EXECUTE|[104]
16:22:24.0 (28133038)|VARIABLE_ASSIGNMENT|[EXTERNAL]|this|{"aptdum":"0x7213dc0a","Docdum":"0xb27815","Docmap":"0x13f43b71","Initialselected":0,"Selecteddoc":"a260H000001koYlQAI","SelectedtimeSlot":30,"timelist":"0xb6b02b4","timeset":"0x24b42f41","timewraplist":"0x5cf79e06","timewraplistInitial":"0x2b377599"}|0x6fe1f98b
16:22:24.0 (28152129)|HEAP_ALLOCATE|[EXTERNAL]|Bytes:4
16:22:24.0 (28170237)|HEAP_ALLOCATE|[107]|Bytes:28
16:22:24.0 (28174636)|HEAP_ALLOCATE|[107]|Bytes:28
16:22:24.0 (28219582)|STATEMENT_EXECUTE|[107]
16:22:24.0 (28222110)|STATEMENT_EXECUTE|[108]
16:22:24.0 (28250775)|USER_DEBUG|[108]|DEBUG|09:00:00.000Z
16:22:24.0 (28259878)|STATEMENT_EXECUTE|[109]
16:22:24.0 (28295895)|HEAP_ALLOCATE|[109]|Bytes:4
16:22:24.0 (28319218)|VARIABLE_ASSIGNMENT|[109]|t|34200000
16:22:24.0 (28324987)|STATEMENT_EXECUTE|[110]
16:22:24.0 (28329304)|HEAP_ALLOCATE|[110]|Bytes:3
16:22:24.0 (28341591)|HEAP_ALLOCATE|[110]|Bytes:28
16:22:24.0 (28381277)|HEAP_ALLOCATE|[110]|Bytes:28
16:22:24.0 (28408869)|VARIABLE_ASSIGNMENT|[110]|i1|0.5
16:22:24.0 (28418237)|STATEMENT_EXECUTE|[111]
16:22:24.0 (28464101)|VARIABLE_ASSIGNMENT|[EXTERNAL]|this|{"aptdum":"0x7213dc0a","Docdum":"0xb27815","Docmap":"0x13f43b71","Initialselected":0,"Selecteddoc":"a260H000001koYlQAI","SelectedtimeSlot":30,"timelist":"0xb6b02b4","timeset":"0x24b42f41","timewraplist":"0x5cf79e06","timewraplistInitial":"0x2b377599"}|0x6fe1f98b
16:22:24.0 (28488602)|HEAP_ALLOCATE|[EXTERNAL]|Bytes:4
16:22:24.0 (28516300)|STATEMENT_EXECUTE|[113]
16:22:24.0 (28518275)|STATEMENT_EXECUTE|[114]
16:22:24.0 (28550606)|VARIABLE_ASSIGNMENT|[EXTERNAL]|this|{"aptdum":"0x7213dc0a","Docdum":"0xb27815","Docmap":"0x13f43b71","Initialselected":0,"Selecteddoc":"a260H000001koYlQAI","SelectedtimeSlot":30,"timelist":"0xb6b02b4","timeset":"0x24b42f41","timewraplist":"0x5cf79e06","timewraplistInitial":"0x2b377599"}|0x6fe1f98b
16:22:24.0 (28565931)|HEAP_ALLOCATE|[114]|Bytes:12
16:22:24.0 (28580369)|CONSTRUCTOR_ENTRY|[114]|01p0H000007gCe8|<init>(Boolean,Time)
16:22:24.0 (28586689)|VARIABLE_SCOPE_BEGIN|[212]|this|docappcontroller.Wrapertimeslot|true|false
16:22:24.0 (28599492)|VARIABLE_ASSIGNMENT|[212]|this|{}|0x3e9be438
16:22:24.0 (28606255)|VARIABLE_SCOPE_BEGIN|[212]|selection|Boolean|false|false
16:22:24.0 (28614085)|VARIABLE_ASSIGNMENT|[212]|selection|false
16:22:24.0 (28618115)|VARIABLE_SCOPE_BEGIN|[212]|tm|Time|false|false
16:22:24.0 (28627507)|VARIABLE_ASSIGNMENT|[212]|tm|34200000
16:22:24.0 (28632011)|STATEMENT_EXECUTE|[208]
16:22:24.0 (28633573)|STATEMENT_EXECUTE|[209]
16:22:24.0 (28635067)|STATEMENT_EXECUTE|[210]
16:22:24.0 (28646769)|STATEMENT_EXECUTE|[212]
16:22:24.0 (28648925)|STATEMENT_EXECUTE|[213]
16:22:24.0 (28661571)|VARIABLE_ASSIGNMENT|[EXTERNAL]|this|{}|0x3e9be438
16:22:24.0 (28670608)|VARIABLE_ASSIGNMENT|[EXTERNAL]|value|false
16:22:24.0 (28680986)|HEAP_ALLOCATE|[209]|Bytes:5
16:22:24.0 (28688277)|VARIABLE_ASSIGNMENT|[209]|this.selected|false|0x3e9be438
16:22:24.0 (28696650)|STATEMENT_EXECUTE|[214]
16:22:24.0 (28708826)|VARIABLE_ASSIGNMENT|[EXTERNAL]|this|{"selected":false}|0x3e9be438
16:22:24.0 (28718847)|VARIABLE_ASSIGNMENT|[EXTERNAL]|value|34200000
16:22:24.0 (28728238)|VARIABLE_ASSIGNMENT|[210]|this.t|34200000|0x3e9be438
16:22:24.0 (28742144)|CONSTRUCTOR_EXIT|[114]|01p0H000007gCe8|<init>(Boolean,Time)
16:22:24.0 (28757587)|HEAP_ALLOCATE|[EXTERNAL]|Bytes:4
16:22:24.0 (28770533)|HEAP_ALLOCATE|[107]|Bytes:28
16:22:24.0 (28774516)|HEAP_ALLOCATE|[107]|Bytes:28
16:22:24.0 (28796815)|STATEMENT_EXECUTE|[107]
16:22:24.0 (28798763)|STATEMENT_EXECUTE|[108]
16:22:24.0 (28810786)|USER_DEBUG|[108]|DEBUG|09:30:00.000Z
16:22:24.0 (28818700)|STATEMENT_EXECUTE|[109]
16:22:24.0 (28838127)|HEAP_ALLOCATE|[109]|Bytes:4
16:22:24.0 (28853706)|VARIABLE_ASSIGNMENT|[109]|t|36000000
16:22:24.0 (28857969)|STATEMENT_EXECUTE|[110]
16:22:24.0 (28863500)|HEAP_ALLOCATE|[110]|Bytes:28
16:22:24.0 (28875892)|HEAP_ALLOCATE|[110]|Bytes:28
16:22:24.0 (28890011)|VARIABLE_ASSIGNMENT|[110]|i1|1.0
16:22:24.0 (28894366)|STATEMENT_EXECUTE|[111]
16:22:24.0 (28930106)|VARIABLE_ASSIGNMENT|[EXTERNAL]|this|{"aptdum":"0x7213dc0a","Docdum":"0xb27815","Docmap":"0x13f43b71","Initialselected":0,"Selecteddoc":"a260H000001koYlQAI","SelectedtimeSlot":30,"timelist":"0xb6b02b4","timeset":"0x24b42f41","timewraplist":"0x5cf79e06","timewraplistInitial":"0x2b377599"}|0x6fe1f98b
16:22:24.0 (28946457)|HEAP_ALLOCATE|[EXTERNAL]|Bytes:4
16:22:24.0 (28959470)|STATEMENT_EXECUTE|[113]
16:22:24.0 (28961199)|STATEMENT_EXECUTE|[114]
16:22:24.0 (28988268)|VARIABLE_ASSIGNMENT|[EXTERNAL]|this|{"aptdum":"0x7213dc0a","Docdum":"0xb27815","Docmap":"0x13f43b71","Initialselected":0,"Selecteddoc":"a260H000001koYlQAI","SelectedtimeSlot":30,"timelist":"0xb6b02b4","timeset":"0x24b42f41","timewraplist":"0x5cf79e06","timewraplistInitial":"0x2b377599"}|0x6fe1f98b
16:22:24.0 (29005981)|HEAP_ALLOCATE|[114]|Bytes:12
16:22:24.0 (29019956)|CONSTRUCTOR_ENTRY|[114]|01p0H000007gCe8|<init>(Boolean,Time)
16:22:24.0 (29026115)|VARIABLE_SCOPE_BEGIN|[212]|this|docappcontroller.Wrapertimeslot|true|false
16:22:24.0 (29039056)|VARIABLE_ASSIGNMENT|[212]|this|{}|0x30631749
16:22:24.0 (29047390)|VARIABLE_SCOPE_BEGIN|[212]|selection|Boolean|false|false
16:22:24.0 (29055474)|VARIABLE_ASSIGNMENT|[212]|selection|false
16:22:24.0 (29059226)|VARIABLE_SCOPE_BEGIN|[212]|tm|Time|false|false
16:22:24.0 (29067330)|VARIABLE_ASSIGNMENT|[212]|tm|36000000
16:22:24.0 (29076120)|STATEMENT_EXECUTE|[208]
16:22:24.0 (29077718)|STATEMENT_EXECUTE|[209]
16:22:24.0 (29079510)|STATEMENT_EXECUTE|[210]
16:22:24.0 (29089051)|STATEMENT_EXECUTE|[212]
16:22:24.0 (29090663)|STATEMENT_EXECUTE|[213]
16:22:24.0 (29101901)|VARIABLE_ASSIGNMENT|[EXTERNAL]|this|{}|0x30631749
16:22:24.0 (29111147)|VARIABLE_ASSIGNMENT|[EXTERNAL]|value|false
16:22:24.0 (29116534)|HEAP_ALLOCATE|[209]|Bytes:5
16:22:24.0 (29122825)|VARIABLE_ASSIGNMENT|[209]|this.selected|false|0x30631749
16:22:24.0 (29130422)|STATEMENT_EXECUTE|[214]
16:22:24.0 (29141628)|VARIABLE_ASSIGNMENT|[EXTERNAL]|this|{"selected":false}|0x30631749
16:22:24.0 (29150216)|VARIABLE_ASSIGNMENT|[EXTERNAL]|value|36000000
16:22:24.0 (29157410)|VARIABLE_ASSIGNMENT|[210]|this.t|36000000|0x30631749
16:22:24.0 (29171047)|CONSTRUCTOR_EXIT|[114]|01p0H000007gCe8|<init>(Boolean,Time)
16:22:24.0 (29180916)|HEAP_ALLOCATE|[EXTERNAL]|Bytes:4
16:22:24.0 (29191945)|HEAP_ALLOCATE|[107]|Bytes:28
16:22:24.0 (29195991)|HEAP_ALLOCATE|[107]|Bytes:28
16:22:24.0 (29214622)|STATEMENT_EXECUTE|[107]
16:22:24.0 (29216526)|STATEMENT_EXECUTE|[108]
16:22:24.0 (29225707)|USER_DEBUG|[108]|DEBUG|10:00:00.000Z
16:22:24.0 (29234822)|STATEMENT_EXECUTE|[109]
16:22:24.0 (29247494)|HEAP_ALLOCATE|[109]|Bytes:4
16:22:24.0 (29266301)|VARIABLE_ASSIGNMENT|[109]|t|37800000
16:22:24.0 (29271099)|STATEMENT_EXECUTE|[110]
16:22:24.0 (29276203)|HEAP_ALLOCATE|[110]|Bytes:28
16:22:24.0 (29288651)|HEAP_ALLOCATE|[110]|Bytes:28
16:22:24.0 (29301578)|VARIABLE_ASSIGNMENT|[110]|i1|1.5
16:22:24.0 (29306196)|STATEMENT_EXECUTE|[111]
16:22:24.0 (29341002)|VARIABLE_ASSIGNMENT|[EXTERNAL]|this|{"aptdum":"0x7213dc0a","Docdum":"0xb27815","Docmap":"0x13f43b71","Initialselected":0,"Selecteddoc":"a260H000001koYlQAI","SelectedtimeSlot":30,"timelist":"0xb6b02b4","timeset":"0x24b42f41","timewraplist":"0x5cf79e06","timewraplistInitial":"0x2b377599"}|0x6fe1f98b
16:22:24.0 (29355901)|HEAP_ALLOCATE|[EXTERNAL]|Bytes:4
16:22:24.0 (29368355)|STATEMENT_EXECUTE|[113]
16:22:24.0 (29370037)|STATEMENT_EXECUTE|[114]
16:22:24.0 (29395469)|VARIABLE_ASSIGNMENT|[EXTERNAL]|this|{"aptdum":"0x7213dc0a","Docdum":"0xb27815","Docmap":"0x13f43b71","Initialselected":0,"Selecteddoc":"a260H000001koYlQAI","SelectedtimeSlot":30,"timelist":"0xb6b02b4","timeset":"0x24b42f41","timewraplist":"0x5cf79e06","timewraplistInitial":"0x2b377599"}|0x6fe1f98b
16:22:24.0 (29408404)|HEAP_ALLOCATE|[114]|Bytes:12
16:22:24.0 (29428575)|CONSTRUCTOR_ENTRY|[114]|01p0H000007gCe8|<init>(Boolean,Time)
16:22:24.0 (29434921)|VARIABLE_SCOPE_BEGIN|[212]|this|docappcontroller.Wrapertimeslot|true|false
16:22:24.0 (29447573)|VARIABLE_ASSIGNMENT|[212]|this|{}|0x4918d170
16:22:24.0 (29453750)|VARIABLE_SCOPE_BEGIN|[212]|selection|Boolean|false|false
16:22:24.0 (29461151)|VARIABLE_ASSIGNMENT|[212]|selection|false
16:22:24.0 (29464486)|VARIABLE_SCOPE_BEGIN|[212]|tm|Time|false|false
16:22:24.0 (29472730)|VARIABLE_ASSIGNMENT|[212]|tm|37800000
16:22:24.0 (29478841)|STATEMENT_EXECUTE|[208]
16:22:24.0 (29480509)|STATEMENT_EXECUTE|[209]
16:22:24.0 (29481981)|STATEMENT_EXECUTE|[210]
16:22:24.0 (29491288)|STATEMENT_EXECUTE|[212]
16:22:24.0 (29492958)|STATEMENT_EXECUTE|[213]
16:22:24.0 (29509032)|VARIABLE_ASSIGNMENT|[EXTERNAL]|this|{}|0x4918d170
16:22:24.0 (29518114)|VARIABLE_ASSIGNMENT|[EXTERNAL]|value|false
16:22:24.0 (29523468)|HEAP_ALLOCATE|[209]|Bytes:5
16:22:24.0 (29529586)|VARIABLE_ASSIGNMENT|[209]|this.selected|false|0x4918d170
16:22:24.0 (29536988)|STATEMENT_EXECUTE|[214]
16:22:24.0 (29548112)|VARIABLE_ASSIGNMENT|[EXTERNAL]|this|{"selected":false}|0x4918d170
16:22:24.0 (29557894)|VARIABLE_ASSIGNMENT|[EXTERNAL]|value|37800000
16:22:24.0 (29565698)|VARIABLE_ASSIGNMENT|[210]|this.t|37800000|0x4918d170
16:22:24.0 (29582498)|CONSTRUCTOR_EXIT|[114]|01p0H000007gCe8|<init>(Boolean,Time)
16:22:24.0 (29596496)|HEAP_ALLOCATE|[EXTERNAL]|Bytes:4
16:22:24.0 (29607968)|HEAP_ALLOCATE|[107]|Bytes:28
16:22:24.0 (29612291)|HEAP_ALLOCATE|[107]|Bytes:28
16:22:24.0 (29631820)|STATEMENT_EXECUTE|[107]
16:22:24.0 (29634866)|STATEMENT_EXECUTE|[108]
16:22:24.0 (29643973)|USER_DEBUG|[108]|DEBUG|10:30:00.000Z
16:22:24.0 (29651305)|STATEMENT_EXECUTE|[109]
16:22:24.0 (29667734)|HEAP_ALLOCATE|[109]|Bytes:4
16:22:24.0 (29682091)|VARIABLE_ASSIGNMENT|[109]|t|39600000
16:22:24.0 (29686501)|STATEMENT_EXECUTE|[110]
16:22:24.0 (29691777)|HEAP_ALLOCATE|[110]|Bytes:28
16:22:24.0 (29704036)|HEAP_ALLOCATE|[110]|Bytes:28
16:22:24.0 (29715269)|VARIABLE_ASSIGNMENT|[110]|i1|2.0
16:22:24.0 (29719718)|STATEMENT_EXECUTE|[111]
16:22:24.0 (29749541)|VARIABLE_ASSIGNMENT|[EXTERNAL]|this|{"aptdum":"0x7213dc0a","Docdum":"0xb27815","Docmap":"0x13f43b71","Initialselected":0,"Selecteddoc":"a260H000001koYlQAI","SelectedtimeSlot":30,"timelist":"0xb6b02b4","timeset":"0x24b42f41","timewraplist":"0x5cf79e06","timewraplistInitial":"0x2b377599"}|0x6fe1f98b
16:22:24.0 (29764320)|HEAP_ALLOCATE|[EXTERNAL]|Bytes:4
16:22:24.0 (29776247)|STATEMENT_EXECUTE|[113]
16:22:24.0 (29777887)|STATEMENT_EXECUTE|[114]
16:22:24.0 (29801369)|VARIABLE_ASSIGNMENT|[EXTERNAL]|this|{"aptdum":"0x7213dc0a","Docdum":"0xb27815","Docmap":"0x13f43b71","Initialselected":0,"Selecteddoc":"a260H000001koYlQAI","SelectedtimeSlot":30,"timelist":"0xb6b02b4","timeset":"0x24b42f41","timewraplist":"0x5cf79e06","timewraplistInitial":"0x2b377599"}|0x6fe1f98b
16:22:24.0 (29813838)|HEAP_ALLOCATE|[114]|Bytes:12
16:22:24.0 (29825536)|CONSTRUCTOR_ENTRY|[114]|01p0H000007gCe8|<init>(Boolean,Time)
16:22:24.0 (29831080)|VARIABLE_SCOPE_BEGIN|[212]|this|docappcontroller.Wrapertimeslot|true|false
16:22:24.0 (29843090)|VARIABLE_ASSIGNMENT|[212]|this|{}|0x4467df8a
16:22:24.0 (29849303)|VARIABLE_SCOPE_BEGIN|[212]|selection|Boolean|false|false
16:22:24.0 (29857420)|VARIABLE_ASSIGNMENT|[212]|selection|false
16:22:24.0 (29861680)|VARIABLE_SCOPE_BEGIN|[212]|tm|Time|false|false
16:22:24.0 (29872157)|VARIABLE_ASSIGNMENT|[212]|tm|39600000
16:22:24.0 (29876820)|STATEMENT_EXECUTE|[208]
16:22:24.0 (29878535)|STATEMENT_EXECUTE|[209]
16:22:24.0 (29880025)|STATEMENT_EXECUTE|[210]
16:22:24.0 (29889625)|STATEMENT_EXECUTE|[212]
16:22:24.0 (29895683)|STATEMENT_EXECUTE|[213]
16:22:24.0 (29906602)|VARIABLE_ASSIGNMENT|[EXTERNAL]|this|{}|0x4467df8a
16:22:24.0 (29915586)|VARIABLE_ASSIGNMENT|[EXTERNAL]|value|false
16:22:24.0 (29920661)|HEAP_ALLOCATE|[209]|Bytes:5
16:22:24.0 (29927386)|VARIABLE_ASSIGNMENT|[209]|this.selected|false|0x4467df8a
16:22:24.0 (29934936)|STATEMENT_EXECUTE|[214]
16:22:24.0 (29947585)|VARIABLE_ASSIGNMENT|[EXTERNAL]|this|{"selected":false}|0x4467df8a
16:22:24.0 (29956414)|VARIABLE_ASSIGNMENT|[EXTERNAL]|value|39600000
16:22:24.0 (29963220)|VARIABLE_ASSIGNMENT|[210]|this.t|39600000|0x4467df8a
16:22:24.0 (29980701)|CONSTRUCTOR_EXIT|[114]|01p0H000007gCe8|<init>(Boolean,Time)
16:22:24.0 (29990352)|HEAP_ALLOCATE|[EXTERNAL]|Bytes:4
16:22:24.0 (30001793)|HEAP_ALLOCATE|[107]|Bytes:28
16:22:24.0 (30006115)|HEAP_ALLOCATE|[107]|Bytes:28
16:22:24.0 (30024713)|STATEMENT_EXECUTE|[107]
16:22:24.0 (30026744)|STATEMENT_EXECUTE|[108]
16:22:24.0 (30037271)|USER_DEBUG|[108]|DEBUG|11:00:00.000Z
16:22:24.0 (30044602)|STATEMENT_EXECUTE|[109]
16:22:24.0 (30060322)|HEAP_ALLOCATE|[109]|Bytes:4
16:22:24.0 (30074587)|VARIABLE_ASSIGNMENT|[109]|t|41400000
16:22:24.0 (30079120)|STATEMENT_EXECUTE|[110]
16:22:24.0 (30084118)|HEAP_ALLOCATE|[110]|Bytes:28
16:22:24.0 (30096130)|HEAP_ALLOCATE|[110]|Bytes:28
16:22:24.0 (30108929)|VARIABLE_ASSIGNMENT|[110]|i1|2.5
16:22:24.0 (30114012)|STATEMENT_EXECUTE|[111]
16:22:24.0 (30147575)|VARIABLE_ASSIGNMENT|[EXTERNAL]|this|{"aptdum":"0x7213dc0a","Docdum":"0xb27815","Docmap":"0x13f43b71","Initialselected":0,"Selecteddoc":"a260H000001koYlQAI","SelectedtimeSlot":30,"timelist":"0xb6b02b4","timeset":"0x24b42f41","timewraplist":"0x5cf79e06","timewraplistInitial":"0x2b377599"}|0x6fe1f98b
16:22:24.0 (30162303)|HEAP_ALLOCATE|[EXTERNAL]|Bytes:4
16:22:24.0 (30175187)|STATEMENT_EXECUTE|[113]
16:22:24.0 (30176924)|STATEMENT_EXECUTE|[114]
16:22:24.0 (30202880)|VARIABLE_ASSIGNMENT|[EXTERNAL]|this|{"aptdum":"0x7213dc0a","Docdum":"0xb27815","Docmap":"0x13f43b71","Initialselected":0,"Selecteddoc":"a260H000001koYlQAI","SelectedtimeSlot":30,"timelist":"0xb6b02b4","timeset":"0x24b42f41","timewraplist":"0x5cf79e06","timewraplistInitial":"0x2b377599"}|0x6fe1f98b
16:22:24.0 (30218801)|HEAP_ALLOCATE|[114]|Bytes:12
16:22:24.0 (30230843)|CONSTRUCTOR_ENTRY|[114]|01p0H000007gCe8|<init>(Boolean,Time)
16:22:24.0 (30236163)|VARIABLE_SCOPE_BEGIN|[212]|this|docappcontroller.Wrapertimeslot|true|false
16:22:24.0 (30248166)|VARIABLE_ASSIGNMENT|[212]|this|{}|0x624c8ff3
16:22:24.0 (30254516)|VARIABLE_SCOPE_BEGIN|[212]|selection|Boolean|false|false
16:22:24.0 (30262733)|VARIABLE_ASSIGNMENT|[212]|selection|false
16:22:24.0 (30268235)|VARIABLE_SCOPE_BEGIN|[212]|tm|Time|false|false
16:22:24.0 (30284747)|VARIABLE_ASSIGNMENT|[212]|tm|41400000
16:22:24.0 (30294862)|STATEMENT_EXECUTE|[208]
16:22:24.0 (30296500)|STATEMENT_EXECUTE|[209]
16:22:24.0 (30298156)|STATEMENT_EXECUTE|[210]
16:22:24.0 (30307298)|STATEMENT_EXECUTE|[212]
16:22:24.0 (30309001)|STATEMENT_EXECUTE|[213]
16:22:24.0 (30319827)|VARIABLE_ASSIGNMENT|[EXTERNAL]|this|{}|0x624c8ff3
16:22:24.0 (30329222)|VARIABLE_ASSIGNMENT|[EXTERNAL]|value|false
16:22:24.0 (30334656)|HEAP_ALLOCATE|[209]|Bytes:5
16:22:24.0 (30341044)|VARIABLE_ASSIGNMENT|[209]|this.selected|false|0x624c8ff3
16:22:24.0 (30348221)|STATEMENT_EXECUTE|[214]
16:22:24.0 (30358653)|VARIABLE_ASSIGNMENT|[EXTERNAL]|this|{"selected":false}|0x624c8ff3
16:22:24.0 (30367651)|VARIABLE_ASSIGNMENT|[EXTERNAL]|value|41400000
16:22:24.0 (30374698)|VARIABLE_ASSIGNMENT|[210]|this.t|41400000|0x624c8ff3
16:22:24.0 (30388778)|CONSTRUCTOR_EXIT|[114]|01p0H000007gCe8|<init>(Boolean,Time)
16:22:24.0 (30398189)|HEAP_ALLOCATE|[EXTERNAL]|Bytes:4
16:22:24.0 (30408995)|HEAP_ALLOCATE|[107]|Bytes:28
16:22:24.0 (30416919)|HEAP_ALLOCATE|[107]|Bytes:28
16:22:24.0 (30435715)|STATEMENT_EXECUTE|[107]
16:22:24.0 (30437617)|STATEMENT_EXECUTE|[108]
16:22:24.0 (30446254)|USER_DEBUG|[108]|DEBUG|11:30:00.000Z
16:22:24.0 (30453352)|STATEMENT_EXECUTE|[109]
16:22:24.0 (30465145)|HEAP_ALLOCATE|[109]|Bytes:4
16:22:24.0 (30483808)|VARIABLE_ASSIGNMENT|[109]|t|43200000
16:22:24.0 (30488966)|STATEMENT_EXECUTE|[110]
16:22:24.0 (30498840)|HEAP_ALLOCATE|[110]|Bytes:28
16:22:24.0 (30512640)|HEAP_ALLOCATE|[110]|Bytes:28
16:22:24.0 (30524083)|VARIABLE_ASSIGNMENT|[110]|i1|3.0
16:22:24.0 (30528378)|STATEMENT_EXECUTE|[111]
16:22:24.0 (30560232)|VARIABLE_ASSIGNMENT|[EXTERNAL]|this|{"aptdum":"0x7213dc0a","Docdum":"0xb27815","Docmap":"0x13f43b71","Initialselected":0,"Selecteddoc":"a260H000001koYlQAI","SelectedtimeSlot":30,"timelist":"0xb6b02b4","timeset":"0x24b42f41","timewraplist":"0x5cf79e06","timewraplistInitial":"0x2b377599"}|0x6fe1f98b
16:22:24.0 (30580127)|HEAP_ALLOCATE|[EXTERNAL]|Bytes:4
16:22:24.0 (30592656)|STATEMENT_EXECUTE|[113]
16:22:24.0 (30594329)|STATEMENT_EXECUTE|[114]
16:22:24.0 (30618789)|VARIABLE_ASSIGNMENT|[EXTERNAL]|this|{"aptdum":"0x7213dc0a","Docdum":"0xb27815","Docmap":"0x13f43b71","Initialselected":0,"Selecteddoc":"a260H000001koYlQAI","SelectedtimeSlot":30,"timelist":"0xb6b02b4","timeset":"0x24b42f41","timewraplist":"0x5cf79e06","timewraplistInitial":"0x2b377599"}|0x6fe1f98b
16:22:24.0 (30635029)|HEAP_ALLOCATE|[114]|Bytes:12
16:22:24.0 (30646926)|CONSTRUCTOR_ENTRY|[114]|01p0H000007gCe8|<init>(Boolean,Time)
16:22:24.0 (30652919)|VARIABLE_SCOPE_BEGIN|[212]|this|docappcontroller.Wrapertimeslot|true|false
16:22:24.0 (30670102)|VARIABLE_ASSIGNMENT|[212]|this|{}|0x3097131f
16:22:24.0 (30676839)|VARIABLE_SCOPE_BEGIN|[212]|selection|Boolean|false|false
16:22:24.0 (30684374)|VARIABLE_ASSIGNMENT|[212]|selection|false
16:22:24.0 (30688266)|VARIABLE_SCOPE_BEGIN|[212]|tm|Time|false|false
16:22:24.0 (30696142)|VARIABLE_ASSIGNMENT|[212]|tm|43200000
16:22:24.0 (30701210)|STATEMENT_EXECUTE|[208]
16:22:24.0 (30703470)|STATEMENT_EXECUTE|[209]
16:22:24.0 (30705984)|STATEMENT_EXECUTE|[210]
16:22:24.0 (30715231)|STATEMENT_EXECUTE|[212]
16:22:24.0 (30716866)|STATEMENT_EXECUTE|[213]
16:22:24.0 (30727423)|VARIABLE_ASSIGNMENT|[EXTERNAL]|this|{}|0x3097131f
16:22:24.0 (30740057)|VARIABLE_ASSIGNMENT|[EXTERNAL]|value|false
16:22:24.0 (30746101)|HEAP_ALLOCATE|[209]|Bytes:5
16:22:24.0 (30751895)|VARIABLE_ASSIGNMENT|[209]|this.selected|false|0x3097131f
16:22:24.0 (30758901)|STATEMENT_EXECUTE|[214]
16:22:24.0 (30770094)|VARIABLE_ASSIGNMENT|[EXTERNAL]|this|{"selected":false}|0x3097131f
16:22:24.0 (30779290)|VARIABLE_ASSIGNMENT|[EXTERNAL]|value|43200000
16:22:24.0 (30786051)|VARIABLE_ASSIGNMENT|[210]|this.t|43200000|0x3097131f
16:22:24.0 (30800429)|CONSTRUCTOR_EXIT|[114]|01p0H000007gCe8|<init>(Boolean,Time)
16:22:24.0 (30810136)|HEAP_ALLOCATE|[EXTERNAL]|Bytes:4
16:22:24.0 (30825936)|HEAP_ALLOCATE|[107]|Bytes:28
16:22:24.0 (30829997)|HEAP_ALLOCATE|[107]|Bytes:28
16:22:24.0 (30847663)|STATEMENT_EXECUTE|[107]
16:22:24.0 (30849602)|STATEMENT_EXECUTE|[108]
16:22:24.0 (30857943)|USER_DEBUG|[108]|DEBUG|12:00:00.000Z
16:22:24.0 (30867081)|STATEMENT_EXECUTE|[109]
16:22:24.0 (30878638)|HEAP_ALLOCATE|[109]|Bytes:4
16:22:24.0 (30897546)|VARIABLE_ASSIGNMENT|[109]|t|45000000
16:22:24.0 (30902522)|STATEMENT_EXECUTE|[110]
16:22:24.0 (30907480)|HEAP_ALLOCATE|[110]|Bytes:28
16:22:24.0 (30919625)|HEAP_ALLOCATE|[110]|Bytes:28
16:22:24.0 (30931096)|VARIABLE_ASSIGNMENT|[110]|i1|3.5
16:22:24.0 (30934895)|STATEMENT_EXECUTE|[111]
16:22:24.0 (30964019)|VARIABLE_ASSIGNMENT|[EXTERNAL]|this|{"aptdum":"0x7213dc0a","Docdum":"0xb27815","Docmap":"0x13f43b71","Initialselected":0,"Selecteddoc":"a260H000001koYlQAI","SelectedtimeSlot":30,"timelist":"0xb6b02b4","timeset":"0x24b42f41","timewraplist":"0x5cf79e06","timewraplistInitial":"0x2b377599"}|0x6fe1f98b
16:22:24.0 (30978808)|HEAP_ALLOCATE|[EXTERNAL]|Bytes:4
16:22:24.0 (30990785)|STATEMENT_EXECUTE|[113]
16:22:24.0 (30992395)|STATEMENT_EXECUTE|[114]
16:22:24.0 (31016700)|VARIABLE_ASSIGNMENT|[EXTERNAL]|this|{"aptdum":"0x7213dc0a","Docdum":"0xb27815","Docmap":"0x13f43b71","Initialselected":0,"Selecteddoc":"a260H000001koYlQAI","SelectedtimeSlot":30,"timelist":"0xb6b02b4","timeset":"0x24b42f41","timewraplist":"0x5cf79e06","timewraplistInitial":"0x2b377599"}|0x6fe1f98b
16:22:24.0 (31030015)|HEAP_ALLOCATE|[114]|Bytes:12
16:22:24.0 (31041911)|CONSTRUCTOR_ENTRY|[114]|01p0H000007gCe8|<init>(Boolean,Time)
16:22:24.0 (31048266)|VARIABLE_SCOPE_BEGIN|[212]|this|docappcontroller.Wrapertimeslot|true|false
16:22:24.0 (31062392)|VARIABLE_ASSIGNMENT|[212]|this|{}|0x2e1b8afe
16:22:24.0 (31069045)|VARIABLE_SCOPE_BEGIN|[212]|selection|Boolean|false|false
16:22:24.0 (31081969)|VARIABLE_ASSIGNMENT|[212]|selection|false
16:22:24.0 (31085847)|VARIABLE_SCOPE_BEGIN|[212]|tm|Time|false|false
16:22:24.0 (31093894)|VARIABLE_ASSIGNMENT|[212]|tm|45000000
16:22:24.0 (31098446)|STATEMENT_EXECUTE|[208]
16:22:24.0 (31099961)|STATEMENT_EXECUTE|[209]
16:22:24.0 (31101455)|STATEMENT_EXECUTE|[210]
16:22:24.0 (31110052)|STATEMENT_EXECUTE|[212]
16:22:24.0 (31111717)|STATEMENT_EXECUTE|[213]
16:22:24.0 (31123126)|VARIABLE_ASSIGNMENT|[EXTERNAL]|this|{}|0x2e1b8afe
16:22:24.0 (31133792)|VARIABLE_ASSIGNMENT|[EXTERNAL]|value|false
16:22:24.0 (31139298)|HEAP_ALLOCATE|[209]|Bytes:5
16:22:24.0 (31145596)|VARIABLE_ASSIGNMENT|[209]|this.selected|false|0x2e1b8afe
16:22:24.0 (31157101)|STATEMENT_EXECUTE|[214]
16:22:24.0 (31168621)|VARIABLE_ASSIGNMENT|[EXTERNAL]|this|{"selected":false}|0x2e1b8afe
16:22:24.0 (31177975)|VARIABLE_ASSIGNMENT|[EXTERNAL]|value|45000000
16:22:24.0 (31184960)|VARIABLE_ASSIGNMENT|[210]|this.t|45000000|0x2e1b8afe
16:22:24.0 (31198021)|CONSTRUCTOR_EXIT|[114]|01p0H000007gCe8|<init>(Boolean,Time)
16:22:24.0 (31206651)|HEAP_ALLOCATE|[EXTERNAL]|Bytes:4
16:22:24.0 (31219318)|HEAP_ALLOCATE|[107]|Bytes:28
16:22:24.0 (31223220)|HEAP_ALLOCATE|[107]|Bytes:28
16:22:24.0 (31245148)|STATEMENT_EXECUTE|[107]
16:22:24.0 (31246993)|STATEMENT_EXECUTE|[108]
16:22:24.0 (31255317)|USER_DEBUG|[108]|DEBUG|12:30:00.000Z
16:22:24.0 (31262056)|STATEMENT_EXECUTE|[109]
16:22:24.0 (31273265)|HEAP_ALLOCATE|[109]|Bytes:4
16:22:24.0 (31288287)|VARIABLE_ASSIGNMENT|[109]|t|46800000
16:22:24.0 (31294218)|STATEMENT_EXECUTE|[110]
16:22:24.0 (31299084)|HEAP_ALLOCATE|[110]|Bytes:28
16:22:24.0 (31320411)|HEAP_ALLOCATE|[110]|Bytes:28
16:22:24.0 (31333146)|VARIABLE_ASSIGNMENT|[110]|i1|4.0
16:22:24.0 (31337301)|STATEMENT_EXECUTE|[111]
16:22:24.0 (31367293)|VARIABLE_ASSIGNMENT|[EXTERNAL]|this|{"aptdum":"0x7213dc0a","Docdum":"0xb27815","Docmap":"0x13f43b71","Initialselected":0,"Selecteddoc":"a260H000001koYlQAI","SelectedtimeSlot":30,"timelist":"0xb6b02b4","timeset":"0x24b42f41","timewraplist":"0x5cf79e06","timewraplistInitial":"0x2b377599"}|0x6fe1f98b
16:22:24.0 (31384706)|HEAP_ALLOCATE|[EXTERNAL]|Bytes:4
16:22:24.0 (31396847)|STATEMENT_EXECUTE|[113]
16:22:24.0 (31398460)|STATEMENT_EXECUTE|[114]
16:22:24.0 (31432686)|VARIABLE_ASSIGNMENT|[EXTERNAL]|this|{"aptdum":"0x7213dc0a","Docdum":"0xb27815","Docmap":"0x13f43b71","Initialselected":0,"Selecteddoc":"a260H000001koYlQAI","SelectedtimeSlot":30,"timelist":"0xb6b02b4","timeset":"0x24b42f41","timewraplist":"0x5cf79e06","timewraplistInitial":"0x2b377599"}|0x6fe1f98b
16:22:24.0 (31446130)|HEAP_ALLOCATE|[114]|Bytes:12
16:22:24.0 (31459488)|CONSTRUCTOR_ENTRY|[114]|01p0H000007gCe8|<init>(Boolean,Time)
16:22:24.0 (31465634)|VARIABLE_SCOPE_BEGIN|[212]|this|docappcontroller.Wrapertimeslot|true|false
16:22:24.0 (31478715)|VARIABLE_ASSIGNMENT|[212]|this|{}|0x75e30af5
16:22:24.0 (31489268)|VARIABLE_SCOPE_BEGIN|[212]|selection|Boolean|false|false
16:22:24.0 (31497006)|VARIABLE_ASSIGNMENT|[212]|selection|false
16:22:24.0 (31501033)|VARIABLE_SCOPE_BEGIN|[212]|tm|Time|false|false
16:22:24.0 (31509052)|VARIABLE_ASSIGNMENT|[212]|tm|46800000
16:22:24.0 (31513364)|STATEMENT_EXECUTE|[208]
16:22:24.0 (31514900)|STATEMENT_EXECUTE|[209]
16:22:24.0 (31516640)|STATEMENT_EXECUTE|[210]
16:22:24.0 (31525387)|STATEMENT_EXECUTE|[212]
16:22:24.0 (31527044)|STATEMENT_EXECUTE|[213]
16:22:24.0 (31537767)|VARIABLE_ASSIGNMENT|[EXTERNAL]|this|{}|0x75e30af5
16:22:24.0 (31546069)|VARIABLE_ASSIGNMENT|[EXTERNAL]|value|false
16:22:24.0 (31551253)|HEAP_ALLOCATE|[209]|Bytes:5
16:22:24.0 (31556892)|VARIABLE_ASSIGNMENT|[209]|this.selected|false|0x75e30af5
16:22:24.0 (31563680)|STATEMENT_EXECUTE|[214]
16:22:24.0 (31574160)|VARIABLE_ASSIGNMENT|[EXTERNAL]|this|{"selected":false}|0x75e30af5
16:22:24.0 (31583372)|VARIABLE_ASSIGNMENT|[EXTERNAL]|value|46800000
16:22:24.0 (31590749)|VARIABLE_ASSIGNMENT|[210]|this.t|46800000|0x75e30af5
16:22:24.0 (31602951)|CONSTRUCTOR_EXIT|[114]|01p0H000007gCe8|<init>(Boolean,Time)
16:22:24.0 (31611567)|HEAP_ALLOCATE|[EXTERNAL]|Bytes:4
16:22:24.0 (31621998)|HEAP_ALLOCATE|[107]|Bytes:28
16:22:24.0 (31626001)|HEAP_ALLOCATE|[107]|Bytes:28
16:22:24.0 (31643422)|STATEMENT_EXECUTE|[107]
16:22:24.0 (31645282)|STATEMENT_EXECUTE|[108]
16:22:24.0 (31653624)|USER_DEBUG|[108]|DEBUG|13:00:00.000Z
16:22:24.0 (31665290)|STATEMENT_EXECUTE|[109]
16:22:24.0 (31677288)|HEAP_ALLOCATE|[109]|Bytes:4
16:22:24.0 (31695923)|VARIABLE_ASSIGNMENT|[109]|t|48600000
16:22:24.0 (31700327)|STATEMENT_EXECUTE|[110]
16:22:24.0 (31706066)|HEAP_ALLOCATE|[110]|Bytes:28
16:22:24.0 (31718440)|HEAP_ALLOCATE|[110]|Bytes:28
16:22:24.0 (31729358)|VARIABLE_ASSIGNMENT|[110]|i1|4.5
16:22:24.0 (31733927)|STATEMENT_EXECUTE|[111]
16:22:24.0 (31769386)|VARIABLE_ASSIGNMENT|[EXTERNAL]|this|{"aptdum":"0x7213dc0a","Docdum":"0xb27815","Docmap":"0x13f43b71","Initialselected":0,"Selecteddoc":"a260H000001koYlQAI","SelectedtimeSlot":30,"timelist":"0xb6b02b4","timeset":"0x24b42f41","timewraplist":"0x5cf79e06","timewraplistInitial":"0x2b377599"}|0x6fe1f98b
16:22:24.0 (31785138)|HEAP_ALLOCATE|[EXTERNAL]|Bytes:4
16:22:24.0 (31797212)|STATEMENT_EXECUTE|[113]
16:22:24.0 (31798989)|STATEMENT_EXECUTE|[114]
16:22:24.0 (31826393)|VARIABLE_ASSIGNMENT|[EXTERNAL]|this|{"aptdum":"0x7213dc0a","Docdum":"0xb27815","Docmap":"0x13f43b71","Initialselected":0,"Selecteddoc":"a260H000001koYlQAI","SelectedtimeSlot":30,"timelist":"0xb6b02b4","timeset":"0x24b42f41","timewraplist":"0x5cf79e06","timewraplistInitial":"0x2b377599"}|0x6fe1f98b
16:22:24.0 (31839498)|HEAP_ALLOCATE|[114]|Bytes:12
16:22:24.0 (31854771)|CONSTRUCTOR_ENTRY|[114]|01p0H000007gCe8|<init>(Boolean,Time)
16:22:24.0 (31860316)|VARIABLE_SCOPE_BEGIN|[212]|this|docappcontroller.Wrapertimeslot|true|false
16:22:24.0 (31873051)|VARIABLE_ASSIGNMENT|[212]|this|{}|0x7220fa76
16:22:24.0 (31879757)|VARIABLE_SCOPE_BEGIN|[212]|selection|Boolean|false|false
16:22:24.0 (31887216)|VARIABLE_ASSIGNMENT|[212]|selection|false
16:22:24.0 (31892023)|VARIABLE_SCOPE_BEGIN|[212]|tm|Time|false|false
16:22:24.0 (31902932)|VARIABLE_ASSIGNMENT|[212]|tm|48600000
16:22:24.0 (31910224)|STATEMENT_EXECUTE|[208]
16:22:24.0 (31912272)|STATEMENT_EXECUTE|[209]
16:22:24.0 (31914577)|STATEMENT_EXECUTE|[210]
16:22:24.0 (31934236)|STATEMENT_EXECUTE|[212]
16:22:24.0 (31936874)|STATEMENT_EXECUTE|[213]
16:22:24.0 (31954441)|VARIABLE_ASSIGNMENT|[EXTERNAL]|this|{}|0x7220fa76
16:22:24.0 (31964131)|VARIABLE_ASSIGNMENT|[EXTERNAL]|value|false
16:22:24.0 (31970244)|HEAP_ALLOCATE|[209]|Bytes:5
16:22:24.0 (31976909)|VARIABLE_ASSIGNMENT|[209]|this.selected|false|0x7220fa76
16:22:24.0 (31985767)|STATEMENT_EXECUTE|[214]
16:22:24.0 (31997245)|VARIABLE_ASSIGNMENT|[EXTERNAL]|this|{"selected":false}|0x7220fa76
16:22:24.0 (32037066)|VARIABLE_ASSIGNMENT|[EXTERNAL]|value|48600000
16:22:24.0 (32051727)|VARIABLE_ASSIGNMENT|[210]|this.t|48600000|0x7220fa76
16:22:24.0 (32072488)|CONSTRUCTOR_EXIT|[114]|01p0H000007gCe8|<init>(Boolean,Time)
16:22:24.0 (32083784)|HEAP_ALLOCATE|[EXTERNAL]|Bytes:4
16:22:24.0 (32100456)|HEAP_ALLOCATE|[107]|Bytes:28
16:22:24.0 (32104637)|HEAP_ALLOCATE|[107]|Bytes:28
16:22:24.0 (32124948)|STATEMENT_EXECUTE|[107]
16:22:24.0 (32127113)|STATEMENT_EXECUTE|[108]
16:22:24.0 (32137177)|USER_DEBUG|[108]|DEBUG|13:30:00.000Z
16:22:24.0 (32144255)|STATEMENT_EXECUTE|[109]
16:22:24.0 (32157616)|HEAP_ALLOCATE|[109]|Bytes:4
16:22:24.0 (32172142)|VARIABLE_ASSIGNMENT|[109]|t|50400000
16:22:24.0 (32176379)|STATEMENT_EXECUTE|[110]
16:22:24.0 (32181550)|HEAP_ALLOCATE|[110]|Bytes:28
16:22:24.0 (32194270)|HEAP_ALLOCATE|[110]|Bytes:28
16:22:24.0 (32205748)|VARIABLE_ASSIGNMENT|[110]|i1|5.0
16:22:24.0 (32209621)|STATEMENT_EXECUTE|[111]
16:22:24.0 (32243063)|VARIABLE_ASSIGNMENT|[EXTERNAL]|this|{"aptdum":"0x7213dc0a","Docdum":"0xb27815","Docmap":"0x13f43b71","Initialselected":0,"Selecteddoc":"a260H000001koYlQAI","SelectedtimeSlot":30,"timelist":"0xb6b02b4","timeset":"0x24b42f41","timewraplist":"0x5cf79e06","timewraplistInitial":"0x2b377599"}|0x6fe1f98b
16:22:24.0 (32260978)|HEAP_ALLOCATE|[EXTERNAL]|Bytes:4
16:22:24.0 (32273548)|STATEMENT_EXECUTE|[113]
16:22:24.0 (32280369)|STATEMENT_EXECUTE|[114]
16:22:24.0 (32305367)|VARIABLE_ASSIGNMENT|[EXTERNAL]|this|{"aptdum":"0x7213dc0a","Docdum":"0xb27815","Docmap":"0x13f43b71","Initialselected":0,"Selecteddoc":"a260H000001koYlQAI","SelectedtimeSlot":30,"timelist":"0xb6b02b4","timeset":"0x24b42f41","timewraplist":"0x5cf79e06","timewraplistInitial":"0x2b377599"}|0x6fe1f98b
16:22:24.0 (32318732)|HEAP_ALLOCATE|[114]|Bytes:12
16:22:24.0 (32332927)|CONSTRUCTOR_ENTRY|[114]|01p0H000007gCe8|<init>(Boolean,Time)
16:22:24.0 (32339292)|VARIABLE_SCOPE_BEGIN|[212]|this|docappcontroller.Wrapertimeslot|true|false
16:22:24.0 (32358782)|VARIABLE_ASSIGNMENT|[212]|this|{}|0x610819d9
16:22:24.0 (32365935)|VARIABLE_SCOPE_BEGIN|[212]|selection|Boolean|false|false
16:22:24.0 (32373762)|VARIABLE_ASSIGNMENT|[212]|selection|false
16:22:24.0 (32377590)|VARIABLE_SCOPE_BEGIN|[212]|tm|Time|false|false
16:22:24.0 (32385709)|VARIABLE_ASSIGNMENT|[212]|tm|50400000
16:22:24.0 (32389954)|STATEMENT_EXECUTE|[208]
16:22:24.0 (32391510)|STATEMENT_EXECUTE|[209]
16:22:24.0 (32393009)|STATEMENT_EXECUTE|[210]
16:22:24.0 (32402885)|STATEMENT_EXECUTE|[212]
16:22:24.0 (32404654)|STATEMENT_EXECUTE|[213]
16:22:24.0 (32421502)|VARIABLE_ASSIGNMENT|[EXTERNAL]|this|{}|0x610819d9
16:22:24.0 (32430296)|VARIABLE_ASSIGNMENT|[EXTERNAL]|value|false
16:22:24.0 (32435885)|HEAP_ALLOCATE|[209]|Bytes:5
16:22:24.0 (32445745)|VARIABLE_ASSIGNMENT|[209]|this.selected|false|0x610819d9
16:22:24.0 (32453504)|STATEMENT_EXECUTE|[214]
16:22:24.0 (32464651)|VARIABLE_ASSIGNMENT|[EXTERNAL]|this|{"selected":false}|0x610819d9
16:22:24.0 (32473443)|VARIABLE_ASSIGNMENT|[EXTERNAL]|value|50400000
16:22:24.0 (32480258)|VARIABLE_ASSIGNMENT|[210]|this.t|50400000|0x610819d9
16:22:24.0 (32494954)|CONSTRUCTOR_EXIT|[114]|01p0H000007gCe8|<init>(Boolean,Time)
16:22:24.0 (32504088)|HEAP_ALLOCATE|[EXTERNAL]|Bytes:4
16:22:24.0 (32518997)|HEAP_ALLOCATE|[107]|Bytes:28
16:22:24.0 (32523225)|HEAP_ALLOCATE|[107]|Bytes:28
16:22:24.0 (32541369)|STATEMENT_EXECUTE|[107]
16:22:24.0 (32543282)|STATEMENT_EXECUTE|[108]
16:22:24.0 (32551830)|USER_DEBUG|[108]|DEBUG|14:00:00.000Z
16:22:24.0 (32559323)|STATEMENT_EXECUTE|[109]
16:22:24.0 (32571760)|HEAP_ALLOCATE|[109]|Bytes:4
16:22:24.0 (32586213)|VARIABLE_ASSIGNMENT|[109]|t|52200000
16:22:24.0 (32590485)|STATEMENT_EXECUTE|[110]
16:22:24.0 (32596527)|HEAP_ALLOCATE|[110]|Bytes:28
16:22:24.0 (32612942)|HEAP_ALLOCATE|[110]|Bytes:28
16:22:24.0 (32624383)|VARIABLE_ASSIGNMENT|[110]|i1|5.5
16:22:24.0 (32628195)|STATEMENT_EXECUTE|[111]
16:22:24.0 (32659490)|VARIABLE_ASSIGNMENT|[EXTERNAL]|this|{"aptdum":"0x7213dc0a","Docdum":"0xb27815","Docmap":"0x13f43b71","Initialselected":0,"Selecteddoc":"a260H000001koYlQAI","SelectedtimeSlot":30,"timelist":"0xb6b02b4","timeset":"0x24b42f41","timewraplist":"0x5cf79e06","timewraplistInitial":"0x2b377599"}|0x6fe1f98b
16:22:24.0 (32679430)|HEAP_ALLOCATE|[EXTERNAL]|Bytes:4
16:22:24.0 (32691901)|STATEMENT_EXECUTE|[113]
16:22:24.0 (32693540)|STATEMENT_EXECUTE|[114]
16:22:24.0 (32718285)|VARIABLE_ASSIGNMENT|[EXTERNAL]|this|{"aptdum":"0x7213dc0a","Docdum":"0xb27815","Docmap":"0x13f43b71","Initialselected":0,"Selecteddoc":"a260H000001koYlQAI","SelectedtimeSlot":30,"timelist":"0xb6b02b4","timeset":"0x24b42f41","timewraplist":"0x5cf79e06","timewraplistInitial":"0x2b377599"}|0x6fe1f98b
16:22:24.0 (32730713)|HEAP_ALLOCATE|[114]|Bytes:12
16:22:24.0 (32742904)|CONSTRUCTOR_ENTRY|[114]|01p0H000007gCe8|<init>(Boolean,Time)
16:22:24.0 (32748802)|VARIABLE_SCOPE_BEGIN|[212]|this|docappcontroller.Wrapertimeslot|true|false
16:22:24.0 (32761067)|VARIABLE_ASSIGNMENT|[212]|this|{}|0x56fad269
16:22:24.0 (32767565)|VARIABLE_SCOPE_BEGIN|[212]|selection|Boolean|false|false
16:22:24.0 (32774798)|VARIABLE_ASSIGNMENT|[212]|selection|false
16:22:24.0 (32778527)|VARIABLE_SCOPE_BEGIN|[212]|tm|Time|false|false
16:22:24.0 (32786145)|VARIABLE_ASSIGNMENT|[212]|tm|52200000
16:22:24.0 (32790477)|STATEMENT_EXECUTE|[208]
16:22:24.0 (32792008)|STATEMENT_EXECUTE|[209]
16:22:24.0 (32793521)|STATEMENT_EXECUTE|[210]
16:22:24.0 (32802268)|STATEMENT_EXECUTE|[212]
16:22:24.0 (32804024)|STATEMENT_EXECUTE|[213]
16:22:24.0 (32814736)|VARIABLE_ASSIGNMENT|[EXTERNAL]|this|{}|0x56fad269
16:22:24.0 (32823217)|VARIABLE_ASSIGNMENT|[EXTERNAL]|value|false
16:22:24.0 (32828113)|HEAP_ALLOCATE|[209]|Bytes:5
16:22:24.0 (32833755)|VARIABLE_ASSIGNMENT|[209]|this.selected|false|0x56fad269
16:22:24.0 (32841430)|STATEMENT_EXECUTE|[214]
16:22:24.0 (32852394)|VARIABLE_ASSIGNMENT|[EXTERNAL]|this|{"selected":false}|0x56fad269
16:22:24.0 (32862361)|VARIABLE_ASSIGNMENT|[EXTERNAL]|value|52200000
16:22:24.0 (32869234)|VARIABLE_ASSIGNMENT|[210]|this.t|52200000|0x56fad269
16:22:24.0 (32882037)|CONSTRUCTOR_EXIT|[114]|01p0H000007gCe8|<init>(Boolean,Time)
16:22:24.0 (32894786)|HEAP_ALLOCATE|[EXTERNAL]|Bytes:4
16:22:24.0 (32905668)|HEAP_ALLOCATE|[107]|Bytes:28
16:22:24.0 (32909318)|HEAP_ALLOCATE|[107]|Bytes:28
16:22:24.0 (32926582)|STATEMENT_EXECUTE|[107]
16:22:24.0 (32928399)|STATEMENT_EXECUTE|[108]
16:22:24.0 (32938126)|USER_DEBUG|[108]|DEBUG|14:30:00.000Z
16:22:24.0 (32945147)|STATEMENT_EXECUTE|[109]
16:22:24.0 (32956635)|HEAP_ALLOCATE|[109]|Bytes:4
16:22:24.0 (32975283)|VARIABLE_ASSIGNMENT|[109]|t|54000000
16:22:24.0 (32979674)|STATEMENT_EXECUTE|[110]
16:22:24.0 (32984491)|HEAP_ALLOCATE|[110]|Bytes:28
16:22:24.0 (32996054)|HEAP_ALLOCATE|[110]|Bytes:28
16:22:24.0 (33008136)|VARIABLE_ASSIGNMENT|[110]|i1|6.0
16:22:24.0 (33012710)|STATEMENT_EXECUTE|[111]
16:22:24.0 (33047546)|VARIABLE_ASSIGNMENT|[EXTERNAL]|this|{"aptdum":"0x7213dc0a","Docdum":"0xb27815","Docmap":"0x13f43b71","Initialselected":0,"Selecteddoc":"a260H000001koYlQAI","SelectedtimeSlot":30,"timelist":"0xb6b02b4","timeset":"0x24b42f41","timewraplist":"0x5cf79e06","timewraplistInitial":"0x2b377599"}|0x6fe1f98b
16:22:24.0 (33063127)|HEAP_ALLOCATE|[EXTERNAL]|Bytes:4
16:22:24.0 (33074982)|STATEMENT_EXECUTE|[113]
16:22:24.0 (33076618)|STATEMENT_EXECUTE|[114]
16:22:24.0 (33102043)|VARIABLE_ASSIGNMENT|[EXTERNAL]|this|{"aptdum":"0x7213dc0a","Docdum":"0xb27815","Docmap":"0x13f43b71","Initialselected":0,"Selecteddoc":"a260H000001koYlQAI","SelectedtimeSlot":30,"timelist":"0xb6b02b4","timeset":"0x24b42f41","timewraplist":"0x5cf79e06","timewraplistInitial":"0x2b377599"}|0x6fe1f98b
16:22:24.0 (33114019)|HEAP_ALLOCATE|[114]|Bytes:12
16:22:24.0 (33130677)|CONSTRUCTOR_ENTRY|[114]|01p0H000007gCe8|<init>(Boolean,Time)
16:22:24.0 (33137103)|VARIABLE_SCOPE_BEGIN|[212]|this|docappcontroller.Wrapertimeslot|true|false
16:22:24.0 (33150099)|VARIABLE_ASSIGNMENT|[212]|this|{}|0x7637aa73
16:22:24.0 (33156155)|VARIABLE_SCOPE_BEGIN|[212]|selection|Boolean|false|false
16:22:24.0 (33163107)|VARIABLE_ASSIGNMENT|[212]|selection|false
16:22:24.0 (33167169)|VARIABLE_SCOPE_BEGIN|[212]|tm|Time|false|false
16:22:24.0 (33176865)|VARIABLE_ASSIGNMENT|[212]|tm|54000000
16:22:24.0 (33181472)|STATEMENT_EXECUTE|[208]
16:22:24.0 (33183025)|STATEMENT_EXECUTE|[209]
16:22:24.0 (33184582)|STATEMENT_EXECUTE|[210]
16:22:24.0 (33193384)|STATEMENT_EXECUTE|[212]
16:22:24.0 (33195050)|STATEMENT_EXECUTE|[213]
16:22:24.0 (33211073)|VARIABLE_ASSIGNMENT|[EXTERNAL]|this|{}|0x7637aa73
16:22:24.0 (33219812)|VARIABLE_ASSIGNMENT|[EXTERNAL]|value|false
16:22:24.0 (33225102)|HEAP_ALLOCATE|[209]|Bytes:5
16:22:24.0 (33230732)|VARIABLE_ASSIGNMENT|[209]|this.selected|false|0x7637aa73
16:22:24.0 (33237365)|STATEMENT_EXECUTE|[214]
16:22:24.0 (33248188)|VARIABLE_ASSIGNMENT|[EXTERNAL]|this|{"selected":false}|0x7637aa73
16:22:24.0 (33258328)|VARIABLE_ASSIGNMENT|[EXTERNAL]|value|54000000
16:22:24.0 (33265047)|VARIABLE_ASSIGNMENT|[210]|this.t|54000000|0x7637aa73
16:22:24.0 (33277549)|CONSTRUCTOR_EXIT|[114]|01p0H000007gCe8|<init>(Boolean,Time)
16:22:24.0 (33291313)|HEAP_ALLOCATE|[EXTERNAL]|Bytes:4
16:22:24.0 (33301913)|HEAP_ALLOCATE|[107]|Bytes:28
16:22:24.0 (33306483)|HEAP_ALLOCATE|[107]|Bytes:28
16:22:24.0 (33323652)|STATEMENT_EXECUTE|[107]
16:22:24.0 (33325425)|STATEMENT_EXECUTE|[108]
16:22:24.0 (33334153)|USER_DEBUG|[108]|DEBUG|15:00:00.000Z
16:22:24.0 (33342976)|STATEMENT_EXECUTE|[109]
16:22:24.0 (33355771)|HEAP_ALLOCATE|[109]|Bytes:4
16:22:24.0 (33370043)|VARIABLE_ASSIGNMENT|[109]|t|55800000
16:22:24.0 (33374493)|STATEMENT_EXECUTE|[110]
16:22:24.0 (33379178)|HEAP_ALLOCATE|[110]|Bytes:28
16:22:24.0 (33391500)|HEAP_ALLOCATE|[110]|Bytes:28
16:22:24.0 (33402350)|VARIABLE_ASSIGNMENT|[110]|i1|6.5
16:22:24.0 (33406860)|STATEMENT_EXECUTE|[111]
16:22:24.0 (33439682)|VARIABLE_ASSIGNMENT|[EXTERNAL]|this|{"aptdum":"0x7213dc0a","Docdum":"0xb27815","Docmap":"0x13f43b71","Initialselected":0,"Selecteddoc":"a260H000001koYlQAI","SelectedtimeSlot":30,"timelist":"0xb6b02b4","timeset":"0x24b42f41","timewraplist":"0x5cf79e06","timewraplistInitial":"0x2b377599"}|0x6fe1f98b
16:22:24.0 (33456710)|HEAP_ALLOCATE|[EXTERNAL]|Bytes:4
16:22:24.0 (33468400)|STATEMENT_EXECUTE|[113]
16:22:24.0 (33474994)|STATEMENT_EXECUTE|[114]
16:22:24.0 (33500277)|VARIABLE_ASSIGNMENT|[EXTERNAL]|this|{"aptdum":"0x7213dc0a","Docdum":"0xb27815","Docmap":"0x13f43b71","Initialselected":0,"Selecteddoc":"a260H000001koYlQAI","SelectedtimeSlot":30,"timelist":"0xb6b02b4","timeset":"0x24b42f41","timewraplist":"0x5cf79e06","timewraplistInitial":"0x2b377599"}|0x6fe1f98b
16:22:24.0 (33512253)|HEAP_ALLOCATE|[114]|Bytes:12
16:22:24.0 (33525098)|CONSTRUCTOR_ENTRY|[114]|01p0H000007gCe8|<init>(Boolean,Time)
16:22:24.0 (33530742)|VARIABLE_SCOPE_BEGIN|[212]|this|docappcontroller.Wrapertimeslot|true|false
16:22:24.0 (33543267)|VARIABLE_ASSIGNMENT|[212]|this|{}|0x5c28aae0
16:22:24.0 (33553694)|VARIABLE_SCOPE_BEGIN|[212]|selection|Boolean|false|false
16:22:24.0 (33560957)|VARIABLE_ASSIGNMENT|[212]|selection|false
16:22:24.0 (33564340)|VARIABLE_SCOPE_BEGIN|[212]|tm|Time|false|false
16:22:24.0 (33572099)|VARIABLE_ASSIGNMENT|[212]|tm|55800000
16:22:24.0 (33576225)|STATEMENT_EXECUTE|[208]
16:22:24.0 (33577766)|STATEMENT_EXECUTE|[209]
16:22:24.0 (33579420)|STATEMENT_EXECUTE|[210]
16:22:24.0 (33588089)|STATEMENT_EXECUTE|[212]
16:22:24.0 (33590068)|STATEMENT_EXECUTE|[213]
16:22:24.0 (33600960)|VARIABLE_ASSIGNMENT|[EXTERNAL]|this|{}|0x5c28aae0
16:22:24.0 (33611144)|VARIABLE_ASSIGNMENT|[EXTERNAL]|value|false
16:22:24.0 (33616499)|HEAP_ALLOCATE|[209]|Bytes:5
16:22:24.0 (33622364)|VARIABLE_ASSIGNMENT|[209]|this.selected|false|0x5c28aae0
16:22:24.0 (33629458)|STATEMENT_EXECUTE|[214]
16:22:24.0 (33644972)|VARIABLE_ASSIGNMENT|[EXTERNAL]|this|{"selected":false}|0x5c28aae0
16:22:24.0 (33654507)|VARIABLE_ASSIGNMENT|[EXTERNAL]|value|55800000
16:22:24.0 (33661708)|VARIABLE_ASSIGNMENT|[210]|this.t|55800000|0x5c28aae0
16:22:24.0 (33675121)|CONSTRUCTOR_EXIT|[114]|01p0H000007gCe8|<init>(Boolean,Time)
16:22:24.0 (33685294)|HEAP_ALLOCATE|[EXTERNAL]|Bytes:4
16:22:24.0 (33696041)|HEAP_ALLOCATE|[107]|Bytes:28
16:22:24.0 (33700120)|HEAP_ALLOCATE|[107]|Bytes:28
16:22:24.0 (33721711)|STATEMENT_EXECUTE|[107]
16:22:24.0 (33723563)|STATEMENT_EXECUTE|[108]
16:22:24.0 (33732149)|USER_DEBUG|[108]|DEBUG|15:30:00.000Z
16:22:24.0 (33739441)|STATEMENT_EXECUTE|[109]
16:22:24.0 (33751530)|HEAP_ALLOCATE|[109]|Bytes:4
16:22:24.0 (33767277)|VARIABLE_ASSIGNMENT|[109]|t|57600000
16:22:24.0 (33772179)|STATEMENT_EXECUTE|[110]
16:22:24.0 (33777202)|HEAP_ALLOCATE|[110]|Bytes:28
16:22:24.0 (33789392)|HEAP_ALLOCATE|[110]|Bytes:28
16:22:24.0 (33806266)|VARIABLE_ASSIGNMENT|[110]|i1|7.0
16:22:24.0 (33813766)|STATEMENT_EXECUTE|[111]
16:22:24.0 (33845135)|VARIABLE_ASSIGNMENT|[EXTERNAL]|this|{"aptdum":"0x7213dc0a","Docdum":"0xb27815","Docmap":"0x13f43b71","Initialselected":0,"Selecteddoc":"a260H000001koYlQAI","SelectedtimeSlot":30,"timelist":"0xb6b02b4","timeset":"0x24b42f41","timewraplist":"0x5cf79e06","timewraplistInitial":"0x2b377599"}|0x6fe1f98b
16:22:24.0 (33859874)|HEAP_ALLOCATE|[EXTERNAL]|Bytes:4
16:22:24.0 (33876519)|STATEMENT_EXECUTE|[113]
16:22:24.0 (33878333)|STATEMENT_EXECUTE|[114]
16:22:24.0 (33903032)|VARIABLE_ASSIGNMENT|[EXTERNAL]|this|{"aptdum":"0x7213dc0a","Docdum":"0xb27815","Docmap":"0x13f43b71","Initialselected":0,"Selecteddoc":"a260H000001koYlQAI","SelectedtimeSlot":30,"timelist":"0xb6b02b4","timeset":"0x24b42f41","timewraplist":"0x5cf79e06","timewraplistInitial":"0x2b377599"}|0x6fe1f98b
16:22:24.0 (33915926)|HEAP_ALLOCATE|[114]|Bytes:12
16:22:24.0 (33927470)|CONSTRUCTOR_ENTRY|[114]|01p0H000007gCe8|<init>(Boolean,Time)
16:22:24.0 (33933077)|VARIABLE_SCOPE_BEGIN|[212]|this|docappcontroller.Wrapertimeslot|true|false
16:22:24.0 (33945175)|VARIABLE_ASSIGNMENT|[212]|this|{}|0x40a395f3
16:22:24.0 (33951588)|VARIABLE_SCOPE_BEGIN|[212]|selection|Boolean|false|false
16:22:24.0 (33958963)|VARIABLE_ASSIGNMENT|[212]|selection|false
16:22:24.0 (33962661)|VARIABLE_SCOPE_BEGIN|[212]|tm|Time|false|false
16:22:24.0 (33970213)|VARIABLE_ASSIGNMENT|[212]|tm|57600000
16:22:24.0 (33975060)|STATEMENT_EXECUTE|[208]
16:22:24.0 (33976577)|STATEMENT_EXECUTE|[209]
16:22:24.0 (33978094)|STATEMENT_EXECUTE|[210]
16:22:24.0 (33986709)|STATEMENT_EXECUTE|[212]
16:22:24.0 (33988327)|STATEMENT_EXECUTE|[213]
16:22:24.0 (33998873)|VARIABLE_ASSIGNMENT|[EXTERNAL]|this|{}|0x40a395f3
16:22:24.0 (34007429)|VARIABLE_ASSIGNMENT|[EXTERNAL]|value|false
16:22:24.0 (34012866)|HEAP_ALLOCATE|[209]|Bytes:5
16:22:24.0 (34018901)|VARIABLE_ASSIGNMENT|[209]|this.selected|false|0x40a395f3
16:22:24.0 (34026368)|STATEMENT_EXECUTE|[214]
16:22:24.0 (34038477)|VARIABLE_ASSIGNMENT|[EXTERNAL]|this|{"selected":false}|0x40a395f3
16:22:24.0 (34047035)|VARIABLE_ASSIGNMENT|[EXTERNAL]|value|57600000
16:22:24.0 (34054158)|VARIABLE_ASSIGNMENT|[210]|this.t|57600000|0x40a395f3
16:22:24.0 (34071814)|CONSTRUCTOR_EXIT|[114]|01p0H000007gCe8|<init>(Boolean,Time)
16:22:24.0 (34081068)|HEAP_ALLOCATE|[EXTERNAL]|Bytes:4
16:22:24.0 (34091475)|HEAP_ALLOCATE|[107]|Bytes:28
16:22:24.0 (34095657)|HEAP_ALLOCATE|[107]|Bytes:28
16:22:24.0 (34115259)|STATEMENT_EXECUTE|[107]
16:22:24.0 (34117532)|STATEMENT_EXECUTE|[108]
16:22:24.0 (34125499)|USER_DEBUG|[108]|DEBUG|16:00:00.000Z
16:22:24.0 (34132835)|STATEMENT_EXECUTE|[109]
16:22:24.0 (34148634)|HEAP_ALLOCATE|[109]|Bytes:4
16:22:24.0 (34162072)|VARIABLE_ASSIGNMENT|[109]|t|59400000
16:22:24.0 (34167293)|STATEMENT_EXECUTE|[110]
16:22:24.0 (34172238)|HEAP_ALLOCATE|[110]|Bytes:28
16:22:24.0 (34183818)|HEAP_ALLOCATE|[110]|Bytes:28
16:22:24.0 (34196238)|VARIABLE_ASSIGNMENT|[110]|i1|7.5
16:22:24.0 (34200727)|STATEMENT_EXECUTE|[111]
16:22:24.0 (34234429)|VARIABLE_ASSIGNMENT|[EXTERNAL]|this|{"aptdum":"0x7213dc0a","Docdum":"0xb27815","Docmap":"0x13f43b71","Initialselected":0,"Selecteddoc":"a260H000001koYlQAI","SelectedtimeSlot":30,"timelist":"0xb6b02b4","timeset":"0x24b42f41","timewraplist":"0x5cf79e06","timewraplistInitial":"0x2b377599"}|0x6fe1f98b
16:22:24.0 (34249070)|HEAP_ALLOCATE|[EXTERNAL]|Bytes:4
16:22:24.0 (34261636)|STATEMENT_EXECUTE|[113]
16:22:24.0 (34263248)|STATEMENT_EXECUTE|[114]
16:22:24.0 (34289208)|VARIABLE_ASSIGNMENT|[EXTERNAL]|this|{"aptdum":"0x7213dc0a","Docdum":"0xb27815","Docmap":"0x13f43b71","Initialselected":0,"Selecteddoc":"a260H000001koYlQAI","SelectedtimeSlot":30,"timelist":"0xb6b02b4","timeset":"0x24b42f41","timewraplist":"0x5cf79e06","timewraplistInitial":"0x2b377599"}|0x6fe1f98b
16:22:24.0 (34306227)|HEAP_ALLOCATE|[114]|Bytes:12
16:22:24.0 (34317703)|CONSTRUCTOR_ENTRY|[114]|01p0H000007gCe8|<init>(Boolean,Time)
16:22:24.0 (34323694)|VARIABLE_SCOPE_BEGIN|[212]|this|docappcontroller.Wrapertimeslot|true|false
16:22:24.0 (34335969)|VARIABLE_ASSIGNMENT|[212]|this|{}|0x59abaa77
16:22:24.0 (34343244)|VARIABLE_SCOPE_BEGIN|[212]|selection|Boolean|false|false
16:22:24.0 (34351969)|VARIABLE_ASSIGNMENT|[212]|selection|false
16:22:24.0 (34356670)|VARIABLE_SCOPE_BEGIN|[212]|tm|Time|false|false
16:22:24.0 (34365468)|VARIABLE_ASSIGNMENT|[212]|tm|59400000
16:22:24.0 (34370051)|STATEMENT_EXECUTE|[208]
16:22:24.0 (34371641)|STATEMENT_EXECUTE|[209]
16:22:24.0 (34373173)|STATEMENT_EXECUTE|[210]
16:22:24.0 (34382077)|STATEMENT_EXECUTE|[212]
16:22:24.0 (34383745)|STATEMENT_EXECUTE|[213]
16:22:24.0 (34399238)|VARIABLE_ASSIGNMENT|[EXTERNAL]|this|{}|0x59abaa77
16:22:24.0 (34408122)|VARIABLE_ASSIGNMENT|[EXTERNAL]|value|false
16:22:24.0 (34416559)|HEAP_ALLOCATE|[209]|Bytes:5
16:22:24.0 (34422988)|VARIABLE_ASSIGNMENT|[209]|this.selected|false|0x59abaa77
16:22:24.0 (34430472)|STATEMENT_EXECUTE|[214]
16:22:24.0 (34441542)|VARIABLE_ASSIGNMENT|[EXTERNAL]|this|{"selected":false}|0x59abaa77
16:22:24.0 (34451496)|VARIABLE_ASSIGNMENT|[EXTERNAL]|value|59400000
16:22:24.0 (34458246)|VARIABLE_ASSIGNMENT|[210]|this.t|59400000|0x59abaa77
16:22:24.0 (34472147)|CONSTRUCTOR_EXIT|[114]|01p0H000007gCe8|<init>(Boolean,Time)
16:22:24.0 (34486198)|HEAP_ALLOCATE|[EXTERNAL]|Bytes:4
16:22:24.0 (34496518)|HEAP_ALLOCATE|[107]|Bytes:28
16:22:24.0 (34500586)|HEAP_ALLOCATE|[107]|Bytes:28
16:22:24.0 (34518375)|STATEMENT_EXECUTE|[107]
16:22:24.0 (34520175)|STATEMENT_EXECUTE|[108]
16:22:24.0 (34528052)|USER_DEBUG|[108]|DEBUG|16:30:00.000Z
16:22:24.0 (34535838)|STATEMENT_EXECUTE|[109]
16:22:24.0 (34547160)|HEAP_ALLOCATE|[109]|Bytes:4
16:22:24.0 (34560658)|VARIABLE_ASSIGNMENT|[109]|t|61200000
16:22:24.0 (34565003)|STATEMENT_EXECUTE|[110]
16:22:24.0 (34569929)|HEAP_ALLOCATE|[110]|Bytes:28
16:22:24.0 (34581889)|HEAP_ALLOCATE|[110]|Bytes:28
16:22:24.0 (34593278)|VARIABLE_ASSIGNMENT|[110]|i1|8.0
16:22:24.0 (34597701)|STATEMENT_EXECUTE|[111]
16:22:24.0 (34628132)|VARIABLE_ASSIGNMENT|[EXTERNAL]|this|{"aptdum":"0x7213dc0a","Docdum":"0xb27815","Docmap":"0x13f43b71","Initialselected":0,"Selecteddoc":"a260H000001koYlQAI","SelectedtimeSlot":30,"timelist":"0xb6b02b4","timeset":"0x24b42f41","timewraplist":"0x5cf79e06","timewraplistInitial":"0x2b377599"}|0x6fe1f98b
16:22:24.0 (34643948)|HEAP_ALLOCATE|[EXTERNAL]|Bytes:4
16:22:24.0 (34660657)|STATEMENT_EXECUTE|[113]
16:22:24.0 (34662374)|STATEMENT_EXECUTE|[114]
16:22:24.0 (34687055)|VARIABLE_ASSIGNMENT|[EXTERNAL]|this|{"aptdum":"0x7213dc0a","Docdum":"0xb27815","Docmap":"0x13f43b71","Initialselected":0,"Selecteddoc":"a260H000001koYlQAI","SelectedtimeSlot":30,"timelist":"0xb6b02b4","timeset":"0x24b42f41","timewraplist":"0x5cf79e06","timewraplistInitial":"0x2b377599"}|0x6fe1f98b
16:22:24.0 (34700403)|HEAP_ALLOCATE|[114]|Bytes:12
16:22:24.0 (34712313)|CONSTRUCTOR_ENTRY|[114]|01p0H000007gCe8|<init>(Boolean,Time)
16:22:24.0 (34717820)|VARIABLE_SCOPE_BEGIN|[212]|this|docappcontroller.Wrapertimeslot|true|false
16:22:24.0 (34734593)|VARIABLE_ASSIGNMENT|[212]|this|{}|0x1ee09423
16:22:24.0 (34740383)|VARIABLE_SCOPE_BEGIN|[212]|selection|Boolean|false|false
16:22:24.0 (34747696)|VARIABLE_ASSIGNMENT|[212]|selection|false
16:22:24.0 (34751412)|VARIABLE_SCOPE_BEGIN|[212]|tm|Time|false|false
16:22:24.0 (34759080)|VARIABLE_ASSIGNMENT|[212]|tm|61200000
16:22:24.0 (34763602)|STATEMENT_EXECUTE|[208]
16:22:24.0 (34765140)|STATEMENT_EXECUTE|[209]
16:22:24.0 (34766976)|STATEMENT_EXECUTE|[210]
16:22:24.0 (34775499)|STATEMENT_EXECUTE|[212]
16:22:24.0 (34777413)|STATEMENT_EXECUTE|[213]
16:22:24.0 (34789154)|VARIABLE_ASSIGNMENT|[EXTERNAL]|this|{}|0x1ee09423
16:22:24.0 (34797579)|VARIABLE_ASSIGNMENT|[EXTERNAL]|value|false
16:22:24.0 (34802948)|HEAP_ALLOCATE|[209]|Bytes:5
16:22:24.0 (34814186)|VARIABLE_ASSIGNMENT|[209]|this.selected|false|0x1ee09423
16:22:24.0 (34821226)|STATEMENT_EXECUTE|[214]
16:22:24.0 (34831773)|VARIABLE_ASSIGNMENT|[EXTERNAL]|this|{"selected":false}|0x1ee09423
16:22:24.0 (34841234)|VARIABLE_ASSIGNMENT|[EXTERNAL]|value|61200000
16:22:24.0 (34848035)|VARIABLE_ASSIGNMENT|[210]|this.t|61200000|0x1ee09423
16:22:24.0 (34862440)|CONSTRUCTOR_EXIT|[114]|01p0H000007gCe8|<init>(Boolean,Time)
16:22:24.0 (34871569)|HEAP_ALLOCATE|[EXTERNAL]|Bytes:4
16:22:24.0 (34882289)|HEAP_ALLOCATE|[107]|Bytes:28
16:22:24.0 (34889948)|HEAP_ALLOCATE|[107]|Bytes:28
16:22:24.0 (34908390)|STATEMENT_EXECUTE|[107]
16:22:24.0 (34910389)|STATEMENT_EXECUTE|[108]
16:22:24.0 (34918543)|USER_DEBUG|[108]|DEBUG|17:00:00.000Z
16:22:24.0 (34926065)|STATEMENT_EXECUTE|[109]
16:22:24.0 (34937560)|HEAP_ALLOCATE|[109]|Bytes:4
16:22:24.0 (34953245)|VARIABLE_ASSIGNMENT|[109]|t|63000000
16:22:24.0 (34957447)|STATEMENT_EXECUTE|[110]
16:22:24.0 (34962245)|HEAP_ALLOCATE|[110]|Bytes:28
16:22:24.0 (34978656)|HEAP_ALLOCATE|[110]|Bytes:28
16:22:24.0 (34990037)|VARIABLE_ASSIGNMENT|[110]|i1|8.5
16:22:24.0 (34994100)|STATEMENT_EXECUTE|[111]
16:22:24.0 (35024670)|VARIABLE_ASSIGNMENT|[EXTERNAL]|this|{"aptdum":"0x7213dc0a","Docdum":"0xb27815","Docmap":"0x13f43b71","Initialselected":0,"Selecteddoc":"a260H000001koYlQAI","SelectedtimeSlot":30,"timelist":"0xb6b02b4","timeset":"0x24b42f41","timewraplist":"0x5cf79e06","timewraplistInitial":"0x2b377599"}|0x6fe1f98b
16:22:24.0 (35039649)|HEAP_ALLOCATE|[EXTERNAL]|Bytes:4
16:22:24.0 (35055491)|STATEMENT_EXECUTE|[113]
16:22:24.0 (35057239)|STATEMENT_EXECUTE|[114]
16:22:24.0 (35080949)|VARIABLE_ASSIGNMENT|[EXTERNAL]|this|{"aptdum":"0x7213dc0a","Docdum":"0xb27815","Docmap":"0x13f43b71","Initialselected":0,"Selecteddoc":"a260H000001koYlQAI","SelectedtimeSlot":30,"timelist":"0xb6b02b4","timeset":"0x24b42f41","timewraplist":"0x5cf79e06","timewraplistInitial":"0x2b377599"}|0x6fe1f98b
16:22:24.0 (35093143)|HEAP_ALLOCATE|[114]|Bytes:12
16:22:24.0 (35104487)|CONSTRUCTOR_ENTRY|[114]|01p0H000007gCe8|<init>(Boolean,Time)
16:22:24.0 (35110661)|VARIABLE_SCOPE_BEGIN|[212]|this|docappcontroller.Wrapertimeslot|true|false
16:22:24.0 (35122944)|VARIABLE_ASSIGNMENT|[212]|this|{}|0x7084341c
16:22:24.0 (35129376)|VARIABLE_SCOPE_BEGIN|[212]|selection|Boolean|false|false
16:22:24.0 (35136826)|VARIABLE_ASSIGNMENT|[212]|selection|false
16:22:24.0 (35141016)|VARIABLE_SCOPE_BEGIN|[212]|tm|Time|false|false
16:22:24.0 (35148810)|VARIABLE_ASSIGNMENT|[212]|tm|63000000
16:22:24.0 (35152941)|STATEMENT_EXECUTE|[208]
16:22:24.0 (35154491)|STATEMENT_EXECUTE|[209]
16:22:24.0 (35155993)|STATEMENT_EXECUTE|[210]
16:22:24.0 (35164563)|STATEMENT_EXECUTE|[212]
16:22:24.0 (35166186)|STATEMENT_EXECUTE|[213]
16:22:24.0 (35176380)|VARIABLE_ASSIGNMENT|[EXTERNAL]|this|{}|0x7084341c
16:22:24.0 (35185442)|VARIABLE_ASSIGNMENT|[EXTERNAL]|value|false
16:22:24.0 (35190758)|HEAP_ALLOCATE|[209]|Bytes:5
16:22:24.0 (35196498)|VARIABLE_ASSIGNMENT|[209]|this.selected|false|0x7084341c
16:22:24.0 (35202821)|STATEMENT_EXECUTE|[214]
16:22:24.0 (35213159)|VARIABLE_ASSIGNMENT|[EXTERNAL]|this|{"selected":false}|0x7084341c
16:22:24.0 (35221801)|VARIABLE_ASSIGNMENT|[EXTERNAL]|value|63000000
16:22:24.0 (35228579)|VARIABLE_ASSIGNMENT|[210]|this.t|63000000|0x7084341c
16:22:24.0 (35241438)|CONSTRUCTOR_EXIT|[114]|01p0H000007gCe8|<init>(Boolean,Time)
16:22:24.0 (35251897)|HEAP_ALLOCATE|[EXTERNAL]|Bytes:4
16:22:24.0 (35262050)|HEAP_ALLOCATE|[107]|Bytes:28
16:22:24.0 (35266012)|HEAP_ALLOCATE|[107]|Bytes:28
16:22:24.0 (35289122)|STATEMENT_EXECUTE|[107]
16:22:24.0 (35291052)|STATEMENT_EXECUTE|[108]
16:22:24.0 (35298894)|USER_DEBUG|[108]|DEBUG|17:30:00.000Z
16:22:24.0 (35306300)|STATEMENT_EXECUTE|[109]
16:22:24.0 (35317298)|HEAP_ALLOCATE|[109]|Bytes:4
16:22:24.0 (35332740)|VARIABLE_ASSIGNMENT|[109]|t|64800000
16:22:24.0 (35337402)|STATEMENT_EXECUTE|[110]
16:22:24.0 (35343229)|HEAP_ALLOCATE|[110]|Bytes:28
16:22:24.0 (35355930)|HEAP_ALLOCATE|[110]|Bytes:28
16:22:24.0 (35373029)|VARIABLE_ASSIGNMENT|[110]|i1|9.0
16:22:24.0 (35376996)|STATEMENT_EXECUTE|[111]
16:22:24.0 (35405778)|VARIABLE_ASSIGNMENT|[EXTERNAL]|this|{"aptdum":"0x7213dc0a","Docdum":"0xb27815","Docmap":"0x13f43b71","Initialselected":0,"Selecteddoc":"a260H000001koYlQAI","SelectedtimeSlot":30,"timelist":"0xb6b02b4","timeset":"0x24b42f41","timewraplist":"0x5cf79e06","timewraplistInitial":"0x2b377599"}|0x6fe1f98b
16:22:24.0 (35426107)|HEAP_ALLOCATE|[EXTERNAL]|Bytes:4
16:22:24.0 (35438633)|STATEMENT_EXECUTE|[113]
16:22:24.0 (35440297)|STATEMENT_EXECUTE|[114]
16:22:24.0 (35468795)|VARIABLE_ASSIGNMENT|[EXTERNAL]|this|{"aptdum":"0x7213dc0a","Docdum":"0xb27815","Docmap":"0x13f43b71","Initialselected":0,"Selecteddoc":"a260H000001koYlQAI","SelectedtimeSlot":30,"timelist":"0xb6b02b4","timeset":"0x24b42f41","timewraplist":"0x5cf79e06","timewraplistInitial":"0x2b377599"}|0x6fe1f98b
16:22:24.0 (35480922)|HEAP_ALLOCATE|[114]|Bytes:12
16:22:24.0 (35492783)|CONSTRUCTOR_ENTRY|[114]|01p0H000007gCe8|<init>(Boolean,Time)
16:22:24.0 (35499941)|VARIABLE_SCOPE_BEGIN|[212]|this|docappcontroller.Wrapertimeslot|true|false
16:22:24.0 (35512808)|VARIABLE_ASSIGNMENT|[212]|this|{}|0x37de6f8
16:22:24.0 (35519173)|VARIABLE_SCOPE_BEGIN|[212]|selection|Boolean|false|false
16:22:24.0 (35530919)|VARIABLE_ASSIGNMENT|[212]|selection|false
16:22:24.0 (35534884)|VARIABLE_SCOPE_BEGIN|[212]|tm|Time|false|false
16:22:24.0 (35543601)|VARIABLE_ASSIGNMENT|[212]|tm|64800000
16:22:24.0 (35548317)|STATEMENT_EXECUTE|[208]
16:22:24.0 (35549959)|STATEMENT_EXECUTE|[209]
16:22:24.0 (35551466)|STATEMENT_EXECUTE|[210]
16:22:24.0 (35559765)|STATEMENT_EXECUTE|[212]
16:22:24.0 (35561626)|STATEMENT_EXECUTE|[213]
16:22:24.0 (35572132)|VARIABLE_ASSIGNMENT|[EXTERNAL]|this|{}|0x37de6f8
16:22:24.0 (35582112)|VARIABLE_ASSIGNMENT|[EXTERNAL]|value|false
16:22:24.0 (35587517)|HEAP_ALLOCATE|[209]|Bytes:5
16:22:24.0 (35593176)|VARIABLE_ASSIGNMENT|[209]|this.selected|false|0x37de6f8
16:22:24.0 (35600600)|STATEMENT_EXECUTE|[214]
16:22:24.0 (35616599)|VARIABLE_ASSIGNMENT|[EXTERNAL]|this|{"selected":false}|0x37de6f8
16:22:24.0 (35625816)|VARIABLE_ASSIGNMENT|[EXTERNAL]|value|64800000
16:22:24.0 (35633043)|VARIABLE_ASSIGNMENT|[210]|this.t|64800000|0x37de6f8
16:22:24.0 (35646035)|CONSTRUCTOR_EXIT|[114]|01p0H000007gCe8|<init>(Boolean,Time)
16:22:24.0 (35656234)|HEAP_ALLOCATE|[EXTERNAL]|Bytes:4
16:22:24.0 (35667053)|HEAP_ALLOCATE|[107]|Bytes:28
16:22:24.0 (35671107)|HEAP_ALLOCATE|[107]|Bytes:28
16:22:24.0 (35692761)|STATEMENT_EXECUTE|[107]
16:22:24.0 (35694726)|STATEMENT_EXECUTE|[108]
16:22:24.0 (35702774)|USER_DEBUG|[108]|DEBUG|18:00:00.000Z
16:22:24.0 (35710102)|STATEMENT_EXECUTE|[109]
16:22:24.0 (35740521)|HEAP_ALLOCATE|[109]|Bytes:4
16:22:24.0 (35756323)|VARIABLE_ASSIGNMENT|[109]|t|66600000
16:22:24.0 (35761638)|STATEMENT_EXECUTE|[110]
16:22:24.0 (35768729)|HEAP_ALLOCATE|[110]|Bytes:28
16:22:24.0 (35780915)|HEAP_ALLOCATE|[110]|Bytes:28
16:22:24.0 (35792089)|VARIABLE_ASSIGNMENT|[110]|i1|9.5
16:22:24.0 (35796607)|STATEMENT_EXECUTE|[111]
16:22:24.0 (35827025)|VARIABLE_ASSIGNMENT|[EXTERNAL]|this|{"aptdum":"0x7213dc0a","Docdum":"0xb27815","Docmap":"0x13f43b71","Initialselected":0,"Selecteddoc":"a260H000001koYlQAI","SelectedtimeSlot":30,"timelist":"0xb6b02b4","timeset":"0x24b42f41","timewraplist":"0x5cf79e06","timewraplistInitial":"0x2b377599"}|0x6fe1f98b
16:22:24.0 (35842388)|HEAP_ALLOCATE|[EXTERNAL]|Bytes:4
16:22:24.0 (35854452)|STATEMENT_EXECUTE|[113]
16:22:24.0 (35856064)|STATEMENT_EXECUTE|[114]
16:22:24.0 (35883293)|VARIABLE_ASSIGNMENT|[EXTERNAL]|this|{"aptdum":"0x7213dc0a","Docdum":"0xb27815","Docmap":"0x13f43b71","Initialselected":0,"Selecteddoc":"a260H000001koYlQAI","SelectedtimeSlot":30,"timelist":"0xb6b02b4","timeset":"0x24b42f41","timewraplist":"0x5cf79e06","timewraplistInitial":"0x2b377599"}|0x6fe1f98b
16:22:24.0 (35895754)|HEAP_ALLOCATE|[114]|Bytes:12
16:22:24.0 (35909053)|CONSTRUCTOR_ENTRY|[114]|01p0H000007gCe8|<init>(Boolean,Time)
16:22:24.0 (35915171)|VARIABLE_SCOPE_BEGIN|[212]|this|docappcontroller.Wrapertimeslot|true|false
16:22:24.0 (35927841)|VARIABLE_ASSIGNMENT|[212]|this|{}|0x6131bebd
16:22:24.0 (35938871)|VARIABLE_SCOPE_BEGIN|[212]|selection|Boolean|false|false
16:22:24.0 (35946716)|VARIABLE_ASSIGNMENT|[212]|selection|false
16:22:24.0 (35950489)|VARIABLE_SCOPE_BEGIN|[212]|tm|Time|false|false
16:22:24.0 (35958709)|VARIABLE_ASSIGNMENT|[212]|tm|66600000
16:22:24.0 (35963705)|STATEMENT_EXECUTE|[208]
16:22:24.0 (35965251)|STATEMENT_EXECUTE|[209]
16:22:24.0 (35966794)|STATEMENT_EXECUTE|[210]
16:22:24.0 (35975849)|STATEMENT_EXECUTE|[212]
16:22:24.0 (35977457)|STATEMENT_EXECUTE|[213]
16:22:24.0 (35989966)|VARIABLE_ASSIGNMENT|[EXTERNAL]|this|{}|0x6131bebd
16:22:24.0 (35998725)|VARIABLE_ASSIGNMENT|[EXTERNAL]|value|false
16:22:24.0 (36003689)|HEAP_ALLOCATE|[209]|Bytes:5
16:22:24.0 (36013774)|VARIABLE_ASSIGNMENT|[209]|this.selected|false|0x6131bebd
16:22:24.0 (36020723)|STATEMENT_EXECUTE|[214]
16:22:24.0 (36031560)|VARIABLE_ASSIGNMENT|[EXTERNAL]|this|{"selected":false}|0x6131bebd
16:22:24.0 (36039912)|VARIABLE_ASSIGNMENT|[EXTERNAL]|value|66600000
16:22:24.0 (36046438)|VARIABLE_ASSIGNMENT|[210]|this.t|66600000|0x6131bebd
16:22:24.0 (36059072)|CONSTRUCTOR_EXIT|[114]|01p0H000007gCe8|<init>(Boolean,Time)
16:22:24.0 (36070311)|HEAP_ALLOCATE|[EXTERNAL]|Bytes:4
16:22:24.0 (36081155)|HEAP_ALLOCATE|[107]|Bytes:28
16:22:24.0 (36085210)|HEAP_ALLOCATE|[107]|Bytes:28
16:22:24.0 (36108628)|STATEMENT_EXECUTE|[107]
16:22:24.0 (36110514)|STATEMENT_EXECUTE|[108]
16:22:24.0 (36118815)|USER_DEBUG|[108]|DEBUG|18:30:00.000Z
16:22:24.0 (36125653)|STATEMENT_EXECUTE|[109]
16:22:24.0 (36137641)|HEAP_ALLOCATE|[109]|Bytes:4
16:22:24.0 (36153297)|VARIABLE_ASSIGNMENT|[109]|t|68400000
16:22:24.0 (36157483)|STATEMENT_EXECUTE|[110]
16:22:24.0 (36162425)|HEAP_ALLOCATE|[110]|Bytes:28
16:22:24.0 (36180296)|HEAP_ALLOCATE|[110]|Bytes:28
16:22:24.0 (36191803)|VARIABLE_ASSIGNMENT|[110]|i1|10.0
16:22:24.0 (36196079)|STATEMENT_EXECUTE|[111]
16:22:24.0 (36225181)|VARIABLE_ASSIGNMENT|[EXTERNAL]|this|{"aptdum":"0x7213dc0a","Docdum":"0xb27815","Docmap":"0x13f43b71","Initialselected":0,"Selecteddoc":"a260H000001koYlQAI","SelectedtimeSlot":30,"timelist":"0xb6b02b4","timeset":"0x24b42f41","timewraplist":"0x5cf79e06","timewraplistInitial":"0x2b377599"}|0x6fe1f98b
16:22:24.0 (36242383)|HEAP_ALLOCATE|[EXTERNAL]|Bytes:4
16:22:24.0 (36258561)|STATEMENT_EXECUTE|[113]
16:22:24.0 (36260288)|STATEMENT_EXECUTE|[114]
16:22:24.0 (36284631)|VARIABLE_ASSIGNMENT|[EXTERNAL]|this|{"aptdum":"0x7213dc0a","Docdum":"0xb27815","Docmap":"0x13f43b71","Initialselected":0,"Selecteddoc":"a260H000001koYlQAI","SelectedtimeSlot":30,"timelist":"0xb6b02b4","timeset":"0x24b42f41","timewraplist":"0x5cf79e06","timewraplistInitial":"0x2b377599"}|0x6fe1f98b
16:22:24.0 (36297449)|HEAP_ALLOCATE|[114]|Bytes:12
16:22:24.0 (36310541)|CONSTRUCTOR_ENTRY|[114]|01p0H000007gCe8|<init>(Boolean,Time)
16:22:24.0 (36316132)|VARIABLE_SCOPE_BEGIN|[212]|this|docappcontroller.Wrapertimeslot|true|false
16:22:24.0 (36328838)|VARIABLE_ASSIGNMENT|[212]|this|{}|0x2471ecf2
16:22:24.0 (36338815)|VARIABLE_SCOPE_BEGIN|[212]|selection|Boolean|false|false
16:22:24.0 (36349023)|VARIABLE_ASSIGNMENT|[212]|selection|false
16:22:24.0 (36353214)|VARIABLE_SCOPE_BEGIN|[212]|tm|Time|false|false
16:22:24.0 (36362041)|VARIABLE_ASSIGNMENT|[212]|tm|68400000
16:22:24.0 (36366333)|STATEMENT_EXECUTE|[208]
16:22:24.0 (36367912)|STATEMENT_EXECUTE|[209]
16:22:24.0 (36369729)|STATEMENT_EXECUTE|[210]
16:22:24.0 (36378428)|STATEMENT_EXECUTE|[212]
16:22:24.0 (36380016)|STATEMENT_EXECUTE|[213]
16:22:24.0 (36390992)|VARIABLE_ASSIGNMENT|[EXTERNAL]|this|{}|0x2471ecf2
16:22:24.0 (36399868)|VARIABLE_ASSIGNMENT|[EXTERNAL]|value|false
16:22:24.0 (36405035)|HEAP_ALLOCATE|[209]|Bytes:5
16:22:24.0 (36410482)|VARIABLE_ASSIGNMENT|[209]|this.selected|false|0x2471ecf2
16:22:24.0 (36422161)|STATEMENT_EXECUTE|[214]
16:22:24.0 (36433385)|VARIABLE_ASSIGNMENT|[EXTERNAL]|this|{"selected":false}|0x2471ecf2
16:22:24.0 (36442390)|VARIABLE_ASSIGNMENT|[EXTERNAL]|value|68400000
16:22:24.0 (36449194)|VARIABLE_ASSIGNMENT|[210]|this.t|68400000|0x2471ecf2
16:22:24.0 (36462532)|CONSTRUCTOR_EXIT|[114]|01p0H000007gCe8|<init>(Boolean,Time)
16:22:24.0 (36471587)|HEAP_ALLOCATE|[EXTERNAL]|Bytes:4
16:22:24.0 (36482204)|HEAP_ALLOCATE|[107]|Bytes:28
16:22:24.0 (36487449)|HEAP_ALLOCATE|[107]|Bytes:28
16:22:24.0 (36511631)|HEAP_ALLOCATE|[123]|Bytes:28
16:22:24.0 (36520126)|HEAP_ALLOCATE|[123]|Bytes:28
16:22:24.0 (36526726)|HEAP_ALLOCATE|[123]|Bytes:28
16:22:24.0 (36557756)|HEAP_ALLOCATE|[123]|Bytes:28
16:22:24.0 (36582663)|STATEMENT_EXECUTE|[123]
16:22:24.0 (36585219)|STATEMENT_EXECUTE|[129]
16:22:24.0 (36627616)|VARIABLE_ASSIGNMENT|[EXTERNAL]|this|{"aptdum":"0x7213dc0a","Docdum":"0xb27815","Docmap":"0x13f43b71","Initialselected":0,"Selecteddoc":"a260H000001koYlQAI","SelectedtimeSlot":30,"timelist":"0xb6b02b4","timeset":"0x24b42f41","timewraplist":"0x5cf79e06","timewraplistInitial":"0x2b377599"}|0x6fe1f98b
16:22:24.0 (36649213)|VARIABLE_ASSIGNMENT|[129]|this.timewraplistInitial|"List of size 21 too large to display"|0x6fe1f98b
16:22:24.0 (36655527)|STATEMENT_EXECUTE|[131]
16:22:24.40 (40142128)|SYSTEM_MODE_ENTER|true
16:22:24.40 (40217213)|HEAP_ALLOCATE|[EXTERNAL]|Bytes:8
16:22:24.40 (40226625)|VARIABLE_SCOPE_BEGIN|[88]|this|ApexPage.PageMessagesComponentController|true|false
16:22:24.40 (40254808)|VARIABLE_ASSIGNMENT|[88]|this|{}|0x464e8277
16:22:24.40 (40261661)|VARIABLE_SCOPE_BEGIN|[88]|escape|Boolean|false|false
16:22:24.40 (40269643)|VARIABLE_ASSIGNMENT|[88]|escape|null
16:22:24.40 (40358022)|SYSTEM_MODE_ENTER|true
16:22:24.40 (40393079)|HEAP_ALLOCATE|[EXTERNAL]|Bytes:8
16:22:24.40 (40400386)|VARIABLE_SCOPE_BEGIN|[2]|this|ApexPage.PageMessagesComponentController|true|false
16:22:24.40 (40426934)|VARIABLE_ASSIGNMENT|[2]|this|{}|0x464e8277
16:22:24.0 (40766558)|SYSTEM_MODE_ENTER|true
16:22:24.0 (41187806)|SYSTEM_MODE_ENTER|true
16:22:24.0 (41503602)|SYSTEM_MODE_ENTER|true
16:22:24.0 (41583604)|SYSTEM_MODE_ENTER|true
16:22:24.55 (55956438)|SYSTEM_MODE_ENTER|true
16:22:24.55 (56018310)|HEAP_ALLOCATE|[EXTERNAL]|Bytes:8
16:22:24.55 (56027898)|VARIABLE_SCOPE_BEGIN|[88]|this|ApexPage.PageMessagesComponentController|true|false
16:22:24.55 (56050420)|VARIABLE_ASSIGNMENT|[88]|this|{}|0x464e8277
16:22:24.55 (56057314)|VARIABLE_SCOPE_BEGIN|[88]|escape|Boolean|false|false
16:22:24.55 (56065551)|VARIABLE_ASSIGNMENT|[88]|escape|null
16:22:24.56 (56175464)|SYSTEM_MODE_ENTER|true
16:22:24.56 (56207238)|HEAP_ALLOCATE|[EXTERNAL]|Bytes:8
16:22:24.56 (56213752)|VARIABLE_SCOPE_BEGIN|[2]|this|ApexPage.PageMessagesComponentController|true|false
16:22:24.56 (56233391)|VARIABLE_ASSIGNMENT|[2]|this|{}|0x464e8277
16:22:24.0 (57686237)|SYSTEM_MODE_ENTER|true
16:22:24.0 (57733437)|HEAP_ALLOCATE|[EXTERNAL]|Bytes:48
16:22:24.0 (57741946)|VARIABLE_SCOPE_BEGIN|[164]|this|docappcontroller|true|false
16:22:24.0 (57786835)|VARIABLE_ASSIGNMENT|[164]|this|{"aptdum":"0x7213dc0a","Docdum":"0xb27815","Docmap":"0x13f43b71","Initialselected":0,"Selecteddoc":"a260H000001koYlQAI","SelectedtimeSlot":30,"timelist":"0xb6b02b4","timeset":"0x24b42f41","timewraplist":"0x5cf79e06","timewraplistInitial":"0x5cf79e06"}|0x6fe1f98b
16:22:24.0 (57803914)|STATEMENT_EXECUTE|[164]
16:22:24.0 (57806384)|STATEMENT_EXECUTE|[166]
16:22:24.0 (57819057)|HEAP_ALLOCATE|[166]|Bytes:4
16:22:24.0 (57836004)|VARIABLE_SCOPE_BEGIN|[166]|options|List<System.SelectOption>|true|false
16:22:24.0 (57861849)|HEAP_ALLOCATE|[EXTERNAL]|Bytes:4
16:22:24.0 (57876572)|VARIABLE_ASSIGNMENT|[166]|options|[]|0x3a8de94c
16:22:24.0 (57883141)|STATEMENT_EXECUTE|[167]
16:22:24.0 (57903022)|HEAP_ALLOCATE|[EXTERNAL]|Bytes:4
16:22:24.0 (57943661)|VARIABLE_ASSIGNMENT|[EXTERNAL]|this|{"aptdum":"0x7213dc0a","Docdum":"0xb27815","Docmap":"0x13f43b71","Initialselected":0,"Selecteddoc":"a260H000001koYlQAI","SelectedtimeSlot":30,"timelist":"0xb6b02b4","timeset":"0x24b42f41","timewraplist":"0x5cf79e06","timewraplistInitial":"0x5cf79e06"}|0x6fe1f98b
16:22:24.0 (57961733)|STATEMENT_EXECUTE|[168]
16:22:24.0 (57988878)|VARIABLE_ASSIGNMENT|[EXTERNAL]|this|{"aptdum":"0x7213dc0a","Docdum":"0xb27815","Docmap":"0x13f43b71","Initialselected":0,"Selecteddoc":"a260H000001koYlQAI","SelectedtimeSlot":30,"timelist":"0xb6b02b4","timeset":"0x24b42f41","timewraplist":"0x5cf79e06","timewraplistInitial":"0x5cf79e06"}|0x6fe1f98b
16:22:24.0 (58012300)|HEAP_ALLOCATE|[EXTERNAL]|Bytes:8
16:22:24.0 (58027474)|HEAP_ALLOCATE|[169]|Bytes:116
16:22:24.0 (58054593)|HEAP_ALLOCATE|[169]|Bytes:5
16:22:24.0 (58069439)|HEAP_ALLOCATE|[169]|Bytes:24
16:22:24.0 (58078375)|VARIABLE_SCOPE_BEGIN|[169]|doc|Doctor__c|true|false
16:22:24.0 (58098902)|VARIABLE_ASSIGNMENT|[169]|doc|{"Id":"a260H000001koYlQAI","Name":"doc4","End_Time__c":68400000,"Speciality__c":"Dermatology","Start_Time__c":32400000}|0x718b9389
16:22:24.0 (58105118)|STATEMENT_EXECUTE|[169]
16:22:24.0 (58107457)|STATEMENT_EXECUTE|[170]
16:22:24.0 (58125458)|HEAP_ALLOCATE|[170]|Bytes:18
16:22:24.0 (58140243)|HEAP_ALLOCATE|[EXTERNAL]|Bytes:4
16:22:24.0 (58151813)|HEAP_ALLOCATE|[169]|Bytes:5
16:22:24.0 (58161450)|VARIABLE_ASSIGNMENT|[169]|doc|null|
16:22:24.0 (58166429)|STATEMENT_EXECUTE|[176]
16:22:24.0 (58336296)|SYSTEM_MODE_ENTER|true
16:22:24.0 (62630189)|SYSTEM_MODE_ENTER|true
16:22:24.0 (62670667)|HEAP_ALLOCATE|[EXTERNAL]|Bytes:48
16:22:24.0 (62680880)|VARIABLE_SCOPE_BEGIN|[181]|this|docappcontroller|true|false
16:22:24.0 (62726890)|VARIABLE_ASSIGNMENT|[181]|this|{"aptdum":"0x7213dc0a","Docdum":"0xb27815","Docmap":"0x13f43b71","Initialselected":0,"Selecteddoc":"a260H000001koYlQAI","SelectedtimeSlot":30,"timelist":"0xb6b02b4","timeset":"0x24b42f41","timewraplist":"0x5cf79e06","timewraplistInitial":"0x5cf79e06"}|0x6fe1f98b
16:22:24.0 (62739594)|STATEMENT_EXECUTE|[181]
16:22:24.0 (62741838)|STATEMENT_EXECUTE|[183]
16:22:24.0 (62752898)|HEAP_ALLOCATE|[183]|Bytes:4
16:22:24.0 (62768790)|VARIABLE_SCOPE_BEGIN|[183]|options|List<System.SelectOption>|true|false
16:22:24.0 (62795228)|HEAP_ALLOCATE|[EXTERNAL]|Bytes:4
16:22:24.0 (62804079)|VARIABLE_ASSIGNMENT|[183]|options|[]|0x6de1254c
16:22:24.0 (62810136)|STATEMENT_EXECUTE|[184]
16:22:24.0 (62822544)|HEAP_ALLOCATE|[184]|Bytes:4
16:22:24.0 (63017811)|SOQL_EXECUTE_BEGIN|[184]|Aggregations:0|SELECT Interval__c FROM Time_Interval__mdt ORDER BY Interval__c ASC NULLS FIRST
16:22:24.0 (65680807)|SOQL_EXECUTE_END|[184]|Rows:2
16:22:24.0 (65709216)|HEAP_ALLOCATE|[184]|Bytes:12
16:22:24.0 (65725787)|HEAP_ALLOCATE|[184]|Bytes:92
16:22:24.0 (65756345)|HEAP_ALLOCATE|[184]|Bytes:12
16:22:24.0 (65766433)|VARIABLE_SCOPE_BEGIN|[184]|intervals|List<Time_Interval__mdt>|true|false
16:22:24.0 (65787562)|VARIABLE_ASSIGNMENT|[184]|intervals|[{"Interval__c":"30","Id":"m030H000000bmFqQAI"},{"Interval__c":"60","Id":"m030H000000bmFvQAI"}]|0x6872931d
16:22:24.0 (65816348)|HEAP_ALLOCATE|[187]|Bytes:5
16:22:24.0 (65830274)|HEAP_ALLOCATE|[187]|Bytes:12
16:22:24.0 (65843108)|VARIABLE_SCOPE_BEGIN|[187]|i|Time_Interval__mdt|true|false
16:22:24.0 (65855980)|VARIABLE_ASSIGNMENT|[187]|i|{"Interval__c":"30","Id":"m030H000000bmFqQAI"}|0x723464dc
16:22:24.0 (65862693)|STATEMENT_EXECUTE|[187]
16:22:24.0 (65864948)|STATEMENT_EXECUTE|[188]
16:22:24.0 (65888590)|HEAP_ALLOCATE|[EXTERNAL]|Bytes:4
16:22:24.0 (65901638)|HEAP_ALLOCATE|[187]|Bytes:5
16:22:24.0 (65910420)|HEAP_ALLOCATE|[187]|Bytes:12
16:22:24.0 (65919889)|VARIABLE_SCOPE_BEGIN|[187]|i|Time_Interval__mdt|true|false
16:22:24.0 (65930969)|VARIABLE_ASSIGNMENT|[187]|i|{"Interval__c":"60","Id":"m030H000000bmFvQAI"}|0x64f92828
16:22:24.0 (65936007)|STATEMENT_EXECUTE|[187]
16:22:24.0 (65937662)|STATEMENT_EXECUTE|[188]
16:22:24.0 (65949005)|HEAP_ALLOCATE|[EXTERNAL]|Bytes:4
16:22:24.0 (65959174)|HEAP_ALLOCATE|[187]|Bytes:5
16:22:24.0 (65969243)|VARIABLE_ASSIGNMENT|[187]|i|null|
16:22:24.0 (65975002)|STATEMENT_EXECUTE|[196]
16:22:24.0 (66474161)|SYSTEM_MODE_ENTER|true
16:22:24.0 (68673151)|VF_SERIALIZE_VIEWSTATE_BEGIN|0660H000004OdRk
16:22:24.0 (86656840)|VF_SERIALIZE_VIEWSTATE_END
16:22:24.0 (106548281)|CODE_UNIT_STARTED|[EXTERNAL]|Generate Metadata
16:22:24.0 (109295550)|CODE_UNIT_FINISHED|Generate Metadata
16:22:24.112 (112373805)|CUMULATIVE_LIMIT_USAGE
16:22:24.112 (112373805)|LIMIT_USAGE_FOR_NS|(default)|
  Number of SOQL queries: 1 out of 100
  Number of query rows: 4 out of 50000
  Number of SOSL queries: 0 out of 20
  Number of DML statements: 0 out of 150
  Number of DML rows: 0 out of 10000
  Maximum CPU time: 0 out of 10000
  Maximum heap size: 0 out of 6000000
  Number of callouts: 0 out of 100
  Number of Email Invocations: 0 out of 10
  Number of future calls: 0 out of 50
  Number of queueable jobs added to the queue: 0 out of 50
  Number of Mobile Apex push calls: 0 out of 10

16:22:24.112 (112373805)|CUMULATIVE_LIMIT_USAGE_END

16:22:24.0 (112445436)|CODE_UNIT_FINISHED|VF: /apex/docapp
16:22:24.0 (113506046)|EXECUTION_FINISHED
