42.0 APEX_CODE,FINEST;APEX_PROFILING,INFO;CALLOUT,INFO;DB,INFO;SYSTEM,DEBUG;VALIDATION,INFO;VISUALFORCE,INFO;WAVE,INFO;WORKFLOW,INFO
14:59:05.0 (53684)|USER_INFO|[EXTERNAL]|005i0000002qYvT|anton@igate.com|India Standard Time|GMT+05:30
14:59:05.0 (82899)|EXECUTION_STARTED
14:59:05.0 (88568)|CODE_UNIT_STARTED|[EXTERNAL]|0660H000004OdRk|VF: /apex/docapp
14:59:05.0 (1207423)|VF_DESERIALIZE_VIEWSTATE_BEGIN|0660H000004OdRk
14:59:05.0 (4189209)|HEAP_ALLOCATE|[72]|Bytes:3
14:59:05.0 (4235474)|HEAP_ALLOCATE|[77]|Bytes:152
14:59:05.0 (4252859)|HEAP_ALLOCATE|[342]|Bytes:408
14:59:05.0 (4265854)|HEAP_ALLOCATE|[355]|Bytes:408
14:59:05.0 (4277044)|HEAP_ALLOCATE|[467]|Bytes:48
14:59:05.0 (4305477)|HEAP_ALLOCATE|[139]|Bytes:6
14:59:05.0 (7548905)|VF_DESERIALIZE_VIEWSTATE_END
14:59:05.8 (8176229)|SYSTEM_MODE_ENTER|true
14:59:05.8 (8249516)|HEAP_ALLOCATE|[EXTERNAL]|Bytes:38
14:59:05.8 (8258511)|HEAP_ALLOCATE|[EXTERNAL]|Bytes:7
14:59:05.8 (8268092)|SYSTEM_METHOD_ENTRY|[1]|PageMessagesComponentController.PageMessagesComponentController()
14:59:05.8 (8274385)|STATEMENT_EXECUTE|[1]
14:59:05.9 (9071209)|SYSTEM_MODE_ENTER|true
14:59:05.9 (9124081)|HEAP_ALLOCATE|[EXTERNAL]|Bytes:8
14:59:05.9 (9132311)|VARIABLE_SCOPE_BEGIN|[88]|this|ApexPage.PageMessagesComponentController|true|false
14:59:05.9 (9170257)|VARIABLE_ASSIGNMENT|[88]|this|{}|0x4f88c26
14:59:05.9 (9177245)|VARIABLE_SCOPE_BEGIN|[88]|escape|Boolean|false|false
14:59:05.9 (9186870)|VARIABLE_ASSIGNMENT|[88]|escape|null
14:59:05.0 (9326705)|SYSTEM_MODE_ENTER|true
14:59:05.0 (9349729)|HEAP_ALLOCATE|[EXTERNAL]|Bytes:14
14:59:05.0 (9357692)|HEAP_ALLOCATE|[EXTERNAL]|Bytes:248
14:59:05.0 (9361833)|HEAP_ALLOCATE|[EXTERNAL]|Bytes:53
14:59:05.0 (9365996)|HEAP_ALLOCATE|[EXTERNAL]|Bytes:14
14:59:05.0 (9372584)|METHOD_ENTRY|[1]|01p0H000007gCe8|docappcontroller.docappcontroller()
14:59:05.0 (9377922)|STATEMENT_EXECUTE|[1]
14:59:05.0 (9381436)|STATEMENT_EXECUTE|[1]
14:59:05.0 (9382891)|STATEMENT_EXECUTE|[197]
14:59:05.0 (9386906)|METHOD_EXIT|[1]|docappcontroller
14:59:05.0 (11944592)|SYSTEM_MODE_ENTER|true
14:59:05.0 (12688954)|SYSTEM_MODE_ENTER|true
14:59:05.0 (13604111)|SYSTEM_MODE_ENTER|true
14:59:05.0 (13888997)|HEAP_ALLOCATE|[EXTERNAL]|Bytes:48
14:59:05.0 (13898556)|VARIABLE_SCOPE_BEGIN|[156]|this|docappcontroller|true|false
14:59:05.0 (13948431)|VARIABLE_ASSIGNMENT|[156]|this|{"aptdum":"0x4fdb910b","Docdum":"0x14450bc3","Docmap":"0x62173163","Initialselected":0,"timewraplistInitial":"0x5bfa0c39"}|0x368c2c78
14:59:05.0 (13960460)|STATEMENT_EXECUTE|[156]
14:59:05.0 (13962741)|STATEMENT_EXECUTE|[158]
14:59:05.0 (13978288)|HEAP_ALLOCATE|[158]|Bytes:4
14:59:05.0 (14011427)|VARIABLE_SCOPE_BEGIN|[158]|options|List<System.SelectOption>|true|false
14:59:05.0 (14035242)|HEAP_ALLOCATE|[EXTERNAL]|Bytes:4
14:59:05.0 (14046124)|VARIABLE_ASSIGNMENT|[158]|options|[]|0x483a9d84
14:59:05.0 (14051569)|STATEMENT_EXECUTE|[159]
14:59:05.0 (14059019)|HEAP_ALLOCATE|[159]|Bytes:8
14:59:05.0 (14109867)|HEAP_ALLOCATE|[EXTERNAL]|Bytes:4
14:59:05.0 (14157965)|VARIABLE_ASSIGNMENT|[EXTERNAL]|this|{"aptdum":"0x4fdb910b","Docdum":"0x14450bc3","Docmap":"0x62173163","Initialselected":0,"timewraplistInitial":"0x5bfa0c39"}|0x368c2c78
14:59:05.0 (14171573)|STATEMENT_EXECUTE|[160]
14:59:05.0 (14200951)|VARIABLE_ASSIGNMENT|[EXTERNAL]|this|{"aptdum":"0x4fdb910b","Docdum":"0x14450bc3","Docmap":"0x62173163","Initialselected":0,"timewraplistInitial":"0x5bfa0c39"}|0x368c2c78
14:59:05.0 (14247413)|HEAP_ALLOCATE|[EXTERNAL]|Bytes:12
14:59:05.0 (14263573)|HEAP_ALLOCATE|[161]|Bytes:237
14:59:05.0 (14396594)|HEAP_ALLOCATE|[161]|Bytes:5
14:59:05.0 (14434002)|HEAP_ALLOCATE|[161]|Bytes:24
14:59:05.0 (14444885)|VARIABLE_SCOPE_BEGIN|[161]|doc|Doctor__c|true|false
14:59:05.0 (14471793)|VARIABLE_ASSIGNMENT|[161]|doc|{"Id":"a260H000001koYjQAI","Name":"doc 2","End_Time__c":68400000,"Speciality__c":"General Surgery","Start_Time__c":43200000}|0x3800023c
14:59:05.0 (14480364)|STATEMENT_EXECUTE|[161]
14:59:05.0 (14482075)|STATEMENT_EXECUTE|[162]
14:59:05.0 (14524482)|HEAP_ALLOCATE|[162]|Bytes:18
14:59:05.0 (14573272)|HEAP_ALLOCATE|[EXTERNAL]|Bytes:4
14:59:05.0 (14588161)|HEAP_ALLOCATE|[161]|Bytes:5
14:59:05.0 (14606557)|HEAP_ALLOCATE|[161]|Bytes:24
14:59:05.0 (14613617)|VARIABLE_SCOPE_BEGIN|[161]|doc|Doctor__c|true|false
14:59:05.0 (14630539)|VARIABLE_ASSIGNMENT|[161]|doc|{"Id":"a260H000001koYeQAI","Name":"Doc1","End_Time__c":64800000,"Speciality__c":"General Surgery","Start_Time__c":32400000}|0x20676e7b
14:59:05.0 (14639242)|STATEMENT_EXECUTE|[161]
14:59:05.0 (14641288)|STATEMENT_EXECUTE|[162]
14:59:05.0 (14650668)|HEAP_ALLOCATE|[162]|Bytes:18
14:59:05.0 (14663748)|HEAP_ALLOCATE|[EXTERNAL]|Bytes:4
14:59:05.0 (14675019)|HEAP_ALLOCATE|[161]|Bytes:5
14:59:05.0 (14684671)|VARIABLE_ASSIGNMENT|[161]|doc|null|
14:59:05.0 (14689981)|STATEMENT_EXECUTE|[168]
14:59:05.0 (14776520)|SYSTEM_MODE_ENTER|true
14:59:05.0 (15072996)|SYSTEM_MODE_ENTER|true
14:59:05.0 (15110818)|HEAP_ALLOCATE|[EXTERNAL]|Bytes:48
14:59:05.0 (15118094)|VARIABLE_SCOPE_BEGIN|[173]|this|docappcontroller|true|false
14:59:05.0 (15153038)|VARIABLE_ASSIGNMENT|[173]|this|{"aptdum":"0x4fdb910b","Docdum":"0x14450bc3","Docmap":"0x62173163","Initialselected":0,"timewraplistInitial":"0x5bfa0c39"}|0x368c2c78
14:59:05.0 (15163016)|STATEMENT_EXECUTE|[173]
14:59:05.0 (15164922)|STATEMENT_EXECUTE|[175]
14:59:05.0 (15173778)|HEAP_ALLOCATE|[175]|Bytes:4
14:59:05.0 (15196403)|VARIABLE_SCOPE_BEGIN|[175]|options|List<System.SelectOption>|true|false
14:59:05.0 (15217550)|HEAP_ALLOCATE|[EXTERNAL]|Bytes:4
14:59:05.0 (15226447)|VARIABLE_ASSIGNMENT|[175]|options|[]|0x5eff7b1a
14:59:05.0 (15232894)|STATEMENT_EXECUTE|[176]
14:59:05.0 (15273966)|HEAP_ALLOCATE|[EXTERNAL]|Bytes:4
14:59:05.0 (15282638)|STATEMENT_EXECUTE|[179]
14:59:05.0 (15287121)|HEAP_ALLOCATE|[179]|Bytes:2
14:59:05.0 (15309272)|HEAP_ALLOCATE|[EXTERNAL]|Bytes:4
14:59:05.0 (15316024)|STATEMENT_EXECUTE|[180]
14:59:05.0 (15319675)|HEAP_ALLOCATE|[180]|Bytes:2
14:59:05.0 (15337785)|HEAP_ALLOCATE|[EXTERNAL]|Bytes:4
14:59:05.0 (15344312)|STATEMENT_EXECUTE|[185]
14:59:05.0 (15411965)|SYSTEM_MODE_ENTER|true
14:59:05.15 (15924248)|SYSTEM_MODE_ENTER|true
14:59:05.15 (15974040)|HEAP_ALLOCATE|[EXTERNAL]|Bytes:8
14:59:05.15 (15982209)|VARIABLE_SCOPE_BEGIN|[88]|this|ApexPage.PageMessagesComponentController|true|false
14:59:05.15 (16004273)|VARIABLE_ASSIGNMENT|[88]|this|{}|0x4f88c26
14:59:05.15 (16011086)|VARIABLE_SCOPE_BEGIN|[88]|escape|Boolean|false|false
14:59:05.15 (16019224)|VARIABLE_ASSIGNMENT|[88]|escape|null
14:59:05.0 (16188325)|SYSTEM_MODE_ENTER|true
14:59:05.0 (16216233)|HEAP_ALLOCATE|[EXTERNAL]|Bytes:18
14:59:05.0 (16221482)|HEAP_ALLOCATE|[EXTERNAL]|Bytes:48
14:59:05.0 (16231527)|VARIABLE_ASSIGNMENT|[EXTERNAL]|this.Selecteddoc|"a260H000001koYjQAI"|0x368c2c78
14:59:05.0 (16270288)|SYSTEM_MODE_ENTER|true
14:59:05.0 (16406265)|SYSTEM_MODE_ENTER|true
14:59:05.0 (16447632)|SYSTEM_MODE_ENTER|true
14:59:05.0 (16464358)|HEAP_ALLOCATE|[EXTERNAL]|Bytes:8
14:59:05.0 (16469459)|HEAP_ALLOCATE|[EXTERNAL]|Bytes:48
14:59:05.0 (16478189)|VARIABLE_ASSIGNMENT|[EXTERNAL]|this.SelectedtimeSlot|60|0x368c2c78
14:59:05.0 (16511240)|SYSTEM_MODE_ENTER|true
14:59:05.0 (16718299)|HEAP_ALLOCATE|[EXTERNAL]|Bytes:48
14:59:05.0 (16728372)|VARIABLE_SCOPE_BEGIN|[54]|this|docappcontroller|true|false
14:59:05.0 (16765551)|VARIABLE_ASSIGNMENT|[54]|this|{"aptdum":"0x4fdb910b","Docdum":"0x14450bc3","Docmap":"0x62173163","Initialselected":0,"Selecteddoc":"a260H000001koYjQAI","SelectedtimeSlot":60,"timewraplistInitial":"0x5bfa0c39"}|0x368c2c78
14:59:05.0 (16777089)|STATEMENT_EXECUTE|[54]
14:59:05.0 (16779085)|STATEMENT_EXECUTE|[56]
14:59:05.0 (16821159)|VARIABLE_ASSIGNMENT|[EXTERNAL]|this|{"aptdum":"0x4fdb910b","Docdum":"0x14450bc3","Docmap":"0x62173163","Initialselected":0,"Selecteddoc":"a260H000001koYjQAI","SelectedtimeSlot":60,"timewraplistInitial":"0x5bfa0c39"}|0x368c2c78
14:59:05.0 (16853454)|USER_DEBUG|[56]|DEBUG|a260H000001koYjQAI
14:59:05.0 (16892280)|VARIABLE_ASSIGNMENT|[EXTERNAL]|this|{"aptdum":"0x4fdb910b","Docdum":"0x14450bc3","Docmap":"0x62173163","Initialselected":0,"Selecteddoc":"a260H000001koYjQAI","SelectedtimeSlot":60,"timewraplistInitial":"0x5bfa0c39"}|0x368c2c78
14:59:05.0 (16925139)|VARIABLE_ASSIGNMENT|[EXTERNAL]|this|{"aptdum":"0x4fdb910b","Docdum":"0x14450bc3","Docmap":"0x62173163","Initialselected":0,"Selecteddoc":"a260H000001koYjQAI","SelectedtimeSlot":60,"timewraplistInitial":"0x5bfa0c39"}|0x368c2c78
14:59:05.0 (16955573)|STATEMENT_EXECUTE|[59]
14:59:05.0 (16957608)|STATEMENT_EXECUTE|[60]
14:59:05.0 (16987760)|VARIABLE_ASSIGNMENT|[EXTERNAL]|this|{"aptdum":"0x4fdb910b","Docdum":"0x14450bc3","Docmap":"0x62173163","Initialselected":0,"Selecteddoc":"a260H000001koYjQAI","SelectedtimeSlot":60,"timewraplistInitial":"0x5bfa0c39"}|0x368c2c78
14:59:05.0 (17020186)|VARIABLE_ASSIGNMENT|[EXTERNAL]|this|{"aptdum":"0x4fdb910b","Docdum":"0x14450bc3","Docmap":"0x62173163","Initialselected":0,"Selecteddoc":"a260H000001koYjQAI","SelectedtimeSlot":60,"timewraplistInitial":"0x5bfa0c39"}|0x368c2c78
14:59:05.0 (17046302)|VARIABLE_SCOPE_BEGIN|[60]|d|Doctor__c|true|false
14:59:05.0 (17065655)|VARIABLE_ASSIGNMENT|[60]|d|{"Id":"a260H000001koYjQAI","Name":"doc 2","End_Time__c":68400000,"Speciality__c":"General Surgery","Start_Time__c":43200000}|0x3800023c
14:59:05.0 (17073342)|STATEMENT_EXECUTE|[61]
14:59:05.0 (17116600)|HEAP_ALLOCATE|[61]|Bytes:4
14:59:05.0 (17157650)|HEAP_ALLOCATE|[61]|Bytes:150
14:59:05.0 (17173810)|HEAP_ALLOCATE|[61]|Bytes:4
14:59:05.0 (17183817)|HEAP_ALLOCATE|[61]|Bytes:7
14:59:05.0 (17218033)|VARIABLE_ASSIGNMENT|[EXTERNAL]|this|{"aptdum":"0x4fdb910b","Docdum":"0x14450bc3","Docmap":"0x62173163","Initialselected":0,"Selecteddoc":"a260H000001koYjQAI","SelectedtimeSlot":60,"timewraplistInitial":"0x5bfa0c39"}|0x368c2c78
14:59:05.0 (17242129)|HEAP_ALLOCATE|[61]|Bytes:7
14:59:05.0 (17272355)|VARIABLE_ASSIGNMENT|[EXTERNAL]|this|{"aptdum":"0x4fdb910b","Docdum":"0x14450bc3","Docmap":"0x62173163","Initialselected":0,"Selecteddoc":"a260H000001koYjQAI","SelectedtimeSlot":60,"timewraplistInitial":"0x5bfa0c39"}|0x368c2c78
14:59:05.0 (17622379)|SOQL_EXECUTE_BEGIN|[61]|Aggregations:0|SELECT Id, Name, Doctor__c, Patient__c, End_Time__c, Start_Time__c FROM Appointment__c WHERE (Doctor__c = :tmpVar1 AND Appointment_Date__c = :tmpVar2)
14:59:05.0 (20734150)|SOQL_EXECUTE_END|[61]|Rows:2
14:59:05.0 (20754560)|HEAP_ALLOCATE|[61]|Bytes:12
14:59:05.0 (20770673)|HEAP_ALLOCATE|[61]|Bytes:294
14:59:05.0 (20798415)|HEAP_ALLOCATE|[61]|Bytes:12
14:59:05.0 (20823755)|HEAP_ALLOCATE|[61]|Bytes:28
14:59:05.0 (20829217)|HEAP_ALLOCATE|[61]|Bytes:28
14:59:05.0 (20833259)|HEAP_ALLOCATE|[61]|Bytes:28
14:59:05.0 (20835971)|HEAP_ALLOCATE|[61]|Bytes:8
14:59:05.0 (20845142)|VARIABLE_SCOPE_BEGIN|[61]|aptlist|List<Appointment__c>|true|false
14:59:05.0 (20855342)|HEAP_ALLOCATE|[EXTERNAL]|Bytes:12
14:59:05.0 (20892186)|VARIABLE_ASSIGNMENT|[61]|aptlist|[{"Id":"a250H00000HaxnFQAR","Name":"A-00000","Doctor__c":"a260H000001koYjQAI","Patient__c":"a270H000006vXivQAE","End_Time__c":61200000,"Start_Time__c":54000000},{"Id":"a250H00000HayO3QAJ","Name":"A-00001","Doctor__c":"a260H000001koYjQAI","Patient__c":"a270H000006vXivQAE","End_Time__c":70200000,"Start_Time__c":68400000}]|0xe3bf9ea
14:59:05.0 (20903243)|STATEMENT_EXECUTE|[62]
14:59:05.0 (20929711)|HEAP_ALLOCATE|[62]|Bytes:4
14:59:05.0 (20984448)|VARIABLE_ASSIGNMENT|[62]|this.timeset|[]|0x368c2c78
14:59:05.0 (21062206)|HEAP_ALLOCATE|[63]|Bytes:5
14:59:05.0 (21075923)|HEAP_ALLOCATE|[63]|Bytes:28
14:59:05.0 (21084035)|VARIABLE_SCOPE_BEGIN|[63]|apt|Appointment__c|true|false
14:59:05.0 (21103223)|VARIABLE_ASSIGNMENT|[63]|apt|{"Id":"a250H00000HaxnFQAR","Name":"A-00000","Doctor__c":"a260H000001koYjQAI","Patient__c":"a270H000006vXivQAE","End_Time__c":61200000,"Start_Time__c":54000000}|0x610b159
14:59:05.0 (21111435)|STATEMENT_EXECUTE|[63]
14:59:05.0 (21113306)|STATEMENT_EXECUTE|[65]
14:59:05.0 (21142679)|VARIABLE_SCOPE_BEGIN|[65]|t|Time|false|false
14:59:05.0 (21156589)|VARIABLE_ASSIGNMENT|[65]|t|54000000
14:59:05.0 (21161000)|STATEMENT_EXECUTE|[66]
14:59:05.0 (21213521)|VARIABLE_SCOPE_BEGIN|[66]|i|Integer|false|false
14:59:05.0 (21222513)|HEAP_ALLOCATE|[66]|Bytes:4
14:59:05.0 (21230329)|VARIABLE_ASSIGNMENT|[66]|i|2
14:59:05.0 (21235354)|STATEMENT_EXECUTE|[67]
14:59:05.0 (21261556)|HEAP_ALLOCATE|[67]|Bytes:28
14:59:05.0 (21265860)|HEAP_ALLOCATE|[67]|Bytes:28
14:59:05.0 (21269914)|VARIABLE_SCOPE_BEGIN|[67]|i1|Decimal|false|false
14:59:05.0 (21282019)|VARIABLE_ASSIGNMENT|[67]|i1|0
14:59:05.0 (21286145)|STATEMENT_EXECUTE|[68]
14:59:05.0 (21309793)|HEAP_ALLOCATE|[EXTERNAL]|Bytes:4
14:59:05.0 (21331716)|STATEMENT_EXECUTE|[69]
14:59:05.0 (21333565)|STATEMENT_EXECUTE|[70]
14:59:05.0 (21357653)|USER_DEBUG|[70]|DEBUG|15:00:00.000Z
14:59:05.0 (21366391)|STATEMENT_EXECUTE|[71]
14:59:05.0 (21391083)|HEAP_ALLOCATE|[71]|Bytes:4
14:59:05.0 (21406341)|VARIABLE_ASSIGNMENT|[71]|t|55800000
14:59:05.0 (21410988)|STATEMENT_EXECUTE|[72]
14:59:05.0 (21413953)|HEAP_ALLOCATE|[72]|Bytes:3
14:59:05.0 (21426419)|HEAP_ALLOCATE|[72]|Bytes:28
14:59:05.0 (21464369)|HEAP_ALLOCATE|[72]|Bytes:28
14:59:05.0 (21479654)|VARIABLE_ASSIGNMENT|[72]|i1|0.5
14:59:05.0 (21485224)|STATEMENT_EXECUTE|[73]
14:59:05.0 (21502124)|HEAP_ALLOCATE|[EXTERNAL]|Bytes:4
14:59:05.0 (21515757)|HEAP_ALLOCATE|[74]|Bytes:28
14:59:05.0 (21519610)|HEAP_ALLOCATE|[74]|Bytes:28
14:59:05.0 (21524594)|HEAP_ALLOCATE|[74]|Bytes:28
14:59:05.0 (21547507)|HEAP_ALLOCATE|[74]|Bytes:28
14:59:05.0 (21573217)|STATEMENT_EXECUTE|[69]
14:59:05.0 (21575011)|STATEMENT_EXECUTE|[70]
14:59:05.0 (21583686)|USER_DEBUG|[70]|DEBUG|15:30:00.000Z
14:59:05.0 (21590420)|STATEMENT_EXECUTE|[71]
14:59:05.0 (21598655)|HEAP_ALLOCATE|[71]|Bytes:4
14:59:05.0 (21612027)|VARIABLE_ASSIGNMENT|[71]|t|57600000
14:59:05.0 (21616353)|STATEMENT_EXECUTE|[72]
14:59:05.0 (21620770)|HEAP_ALLOCATE|[72]|Bytes:28
14:59:05.0 (21633011)|HEAP_ALLOCATE|[72]|Bytes:28
14:59:05.0 (21643709)|VARIABLE_ASSIGNMENT|[72]|i1|1.0
14:59:05.0 (21647853)|STATEMENT_EXECUTE|[73]
14:59:05.0 (21653479)|HEAP_ALLOCATE|[EXTERNAL]|Bytes:4
14:59:05.0 (21663507)|HEAP_ALLOCATE|[74]|Bytes:28
14:59:05.0 (21666914)|HEAP_ALLOCATE|[74]|Bytes:28
14:59:05.0 (21671879)|HEAP_ALLOCATE|[74]|Bytes:28
14:59:05.0 (21683622)|HEAP_ALLOCATE|[74]|Bytes:28
14:59:05.0 (21702819)|STATEMENT_EXECUTE|[69]
14:59:05.0 (21704531)|STATEMENT_EXECUTE|[70]
14:59:05.0 (21717256)|USER_DEBUG|[70]|DEBUG|16:00:00.000Z
14:59:05.0 (21723837)|STATEMENT_EXECUTE|[71]
14:59:05.0 (21731188)|HEAP_ALLOCATE|[71]|Bytes:4
14:59:05.0 (21743692)|VARIABLE_ASSIGNMENT|[71]|t|59400000
14:59:05.0 (21747704)|STATEMENT_EXECUTE|[72]
14:59:05.0 (21751908)|HEAP_ALLOCATE|[72]|Bytes:28
14:59:05.0 (21764044)|HEAP_ALLOCATE|[72]|Bytes:28
14:59:05.0 (21774506)|VARIABLE_ASSIGNMENT|[72]|i1|1.5
14:59:05.0 (21778403)|STATEMENT_EXECUTE|[73]
14:59:05.0 (21783806)|HEAP_ALLOCATE|[EXTERNAL]|Bytes:4
14:59:05.0 (21792693)|HEAP_ALLOCATE|[74]|Bytes:28
14:59:05.0 (21796087)|HEAP_ALLOCATE|[74]|Bytes:28
14:59:05.0 (21800442)|HEAP_ALLOCATE|[74]|Bytes:28
14:59:05.0 (21812862)|HEAP_ALLOCATE|[74]|Bytes:28
14:59:05.0 (21837641)|HEAP_ALLOCATE|[63]|Bytes:5
14:59:05.0 (21848322)|HEAP_ALLOCATE|[63]|Bytes:28
14:59:05.0 (21855249)|VARIABLE_SCOPE_BEGIN|[63]|apt|Appointment__c|true|false
14:59:05.0 (21875368)|VARIABLE_ASSIGNMENT|[63]|apt|{"Id":"a250H00000HayO3QAJ","Name":"A-00001","Doctor__c":"a260H000001koYjQAI","Patient__c":"a270H000006vXivQAE","End_Time__c":70200000,"Start_Time__c":68400000}|0xebe98ca
14:59:05.0 (21882332)|STATEMENT_EXECUTE|[63]
14:59:05.0 (21883905)|STATEMENT_EXECUTE|[65]
14:59:05.0 (21894076)|VARIABLE_SCOPE_BEGIN|[65]|t|Time|false|false
14:59:05.0 (21905192)|VARIABLE_ASSIGNMENT|[65]|t|68400000
14:59:05.0 (21908973)|STATEMENT_EXECUTE|[66]
14:59:05.0 (21928337)|VARIABLE_SCOPE_BEGIN|[66]|i|Integer|false|false
14:59:05.0 (21935165)|HEAP_ALLOCATE|[66]|Bytes:4
14:59:05.0 (21941575)|VARIABLE_ASSIGNMENT|[66]|i|0
14:59:05.0 (21945749)|STATEMENT_EXECUTE|[67]
14:59:05.0 (21951227)|HEAP_ALLOCATE|[67]|Bytes:28
14:59:05.0 (21954649)|HEAP_ALLOCATE|[67]|Bytes:28
14:59:05.0 (21958393)|VARIABLE_SCOPE_BEGIN|[67]|i1|Decimal|false|false
14:59:05.0 (21966812)|VARIABLE_ASSIGNMENT|[67]|i1|0
14:59:05.0 (21970244)|STATEMENT_EXECUTE|[68]
14:59:05.0 (21976201)|HEAP_ALLOCATE|[EXTERNAL]|Bytes:4
14:59:05.0 (21982702)|STATEMENT_EXECUTE|[69]
14:59:05.0 (21984221)|STATEMENT_EXECUTE|[70]
14:59:05.0 (21991765)|USER_DEBUG|[70]|DEBUG|19:00:00.000Z
14:59:05.0 (21998472)|STATEMENT_EXECUTE|[71]
14:59:05.0 (22005217)|HEAP_ALLOCATE|[71]|Bytes:4
14:59:05.0 (22017814)|VARIABLE_ASSIGNMENT|[71]|t|70200000
14:59:05.0 (22022190)|STATEMENT_EXECUTE|[72]
14:59:05.0 (22026656)|HEAP_ALLOCATE|[72]|Bytes:28
14:59:05.0 (22039546)|HEAP_ALLOCATE|[72]|Bytes:28
14:59:05.0 (22050499)|VARIABLE_ASSIGNMENT|[72]|i1|0.5
14:59:05.0 (22055133)|STATEMENT_EXECUTE|[73]
14:59:05.0 (22060100)|HEAP_ALLOCATE|[EXTERNAL]|Bytes:4
14:59:05.0 (22068938)|HEAP_ALLOCATE|[74]|Bytes:28
14:59:05.0 (22072266)|HEAP_ALLOCATE|[74]|Bytes:28
14:59:05.0 (22076418)|HEAP_ALLOCATE|[74]|Bytes:28
14:59:05.0 (22088477)|HEAP_ALLOCATE|[74]|Bytes:28
14:59:05.0 (22112571)|HEAP_ALLOCATE|[63]|Bytes:5
14:59:05.0 (22122920)|VARIABLE_ASSIGNMENT|[63]|apt|null|
14:59:05.0 (22127801)|STATEMENT_EXECUTE|[85]
14:59:05.0 (22140995)|HEAP_ALLOCATE|[85]|Bytes:4
14:59:05.0 (22227720)|VARIABLE_ASSIGNMENT|[EXTERNAL]|this|{"aptdum":"0x4fdb910b","Docdum":"0x14450bc3","Docmap":"0x62173163","Initialselected":0,"Selecteddoc":"a260H000001koYjQAI","SelectedtimeSlot":60,"timeset":"0x338d3866","timewraplistInitial":"0x5bfa0c39"}|0x368c2c78
14:59:05.0 (22249759)|HEAP_ALLOCATE|[EXTERNAL]|Bytes:4
14:59:05.0 (22257205)|VARIABLE_ASSIGNMENT|[EXTERNAL]|value|[]|0xc537184
14:59:05.0 (22269238)|VARIABLE_ASSIGNMENT|[4]|this.timewraplist|[]|0x368c2c78
14:59:05.0 (22278710)|STATEMENT_EXECUTE|[86]
14:59:05.0 (22288596)|HEAP_ALLOCATE|[86]|Bytes:4
14:59:05.0 (22354908)|VARIABLE_ASSIGNMENT|[EXTERNAL]|this|{"aptdum":"0x4fdb910b","Docdum":"0x14450bc3","Docmap":"0x62173163","Initialselected":0,"Selecteddoc":"a260H000001koYjQAI","SelectedtimeSlot":60,"timeset":"0x338d3866","timewraplist":"0xc537184","timewraplistInitial":"0x5bfa0c39"}|0x368c2c78
14:59:05.0 (22374536)|HEAP_ALLOCATE|[EXTERNAL]|Bytes:4
14:59:05.0 (22380971)|VARIABLE_ASSIGNMENT|[EXTERNAL]|value|[]|0x1aa1330f
14:59:05.0 (22391667)|VARIABLE_ASSIGNMENT|[3]|this.timelist|[]|0x368c2c78
14:59:05.0 (22400272)|STATEMENT_EXECUTE|[87]
14:59:05.0 (22425503)|VARIABLE_SCOPE_BEGIN|[87]|t|Time|false|false
14:59:05.0 (22440276)|VARIABLE_ASSIGNMENT|[87]|t|43200000
14:59:05.0 (22445740)|STATEMENT_EXECUTE|[88]
14:59:05.0 (22484135)|VARIABLE_SCOPE_BEGIN|[88]|i|Integer|false|false
14:59:05.0 (22492535)|HEAP_ALLOCATE|[88]|Bytes:4
14:59:05.0 (22499321)|VARIABLE_ASSIGNMENT|[88]|i|7
14:59:05.0 (22503341)|STATEMENT_EXECUTE|[89]
14:59:05.0 (22511295)|HEAP_ALLOCATE|[89]|Bytes:28
14:59:05.0 (22515729)|HEAP_ALLOCATE|[89]|Bytes:28
14:59:05.0 (22519728)|VARIABLE_SCOPE_BEGIN|[89]|i1|Decimal|false|false
14:59:05.0 (22528666)|VARIABLE_ASSIGNMENT|[89]|i1|0
14:59:05.0 (22558468)|STATEMENT_EXECUTE|[90]
14:59:05.0 (22560578)|STATEMENT_EXECUTE|[91]
14:59:05.0 (22609030)|VARIABLE_ASSIGNMENT|[EXTERNAL]|this|{"aptdum":"0x4fdb910b","Docdum":"0x14450bc3","Docmap":"0x62173163","Initialselected":0,"Selecteddoc":"a260H000001koYjQAI","SelectedtimeSlot":60,"timelist":"0x1aa1330f","timeset":"0x338d3866","timewraplist":"0xc537184","timewraplistInitial":"0x5bfa0c39"}|0x368c2c78
14:59:05.0 (22628828)|HEAP_ALLOCATE|[91]|Bytes:108
14:59:05.0 (22636188)|HEAP_ALLOCATE|[91]|Bytes:11
14:59:05.0 (22642859)|HEAP_ALLOCATE|[91]|Bytes:12
14:59:05.0 (22658536)|CONSTRUCTOR_ENTRY|[91]|01p0H000007gCe8|<init>(Boolean,Time)
14:59:05.0 (22670702)|VARIABLE_SCOPE_BEGIN|[201]|this|docappcontroller.Wrapertimeslot|true|false
14:59:05.0 (22686184)|VARIABLE_ASSIGNMENT|[201]|this|{}|0x3793acbe
14:59:05.0 (22694053)|VARIABLE_SCOPE_BEGIN|[201]|selection|Boolean|false|false
14:59:05.0 (22702603)|VARIABLE_ASSIGNMENT|[201]|selection|false
14:59:05.0 (22714937)|VARIABLE_SCOPE_BEGIN|[201]|tm|Time|false|false
14:59:05.0 (22725282)|VARIABLE_ASSIGNMENT|[201]|tm|43200000
14:59:05.0 (22730322)|STATEMENT_EXECUTE|[197]
14:59:05.0 (22731951)|STATEMENT_EXECUTE|[198]
14:59:05.0 (22733697)|STATEMENT_EXECUTE|[199]
14:59:05.0 (22740382)|HEAP_ALLOCATE|[202]|Bytes:6
14:59:05.0 (22762291)|STATEMENT_EXECUTE|[201]
14:59:05.0 (22764159)|STATEMENT_EXECUTE|[202]
14:59:05.0 (22820928)|VARIABLE_ASSIGNMENT|[EXTERNAL]|this|{}|0x3793acbe
14:59:05.0 (22833053)|VARIABLE_ASSIGNMENT|[EXTERNAL]|value|false
14:59:05.0 (22839820)|HEAP_ALLOCATE|[198]|Bytes:5
14:59:05.0 (22846846)|VARIABLE_ASSIGNMENT|[198]|this.selected|false|0x3793acbe
14:59:05.0 (22856135)|STATEMENT_EXECUTE|[203]
14:59:05.0 (22886038)|VARIABLE_ASSIGNMENT|[EXTERNAL]|this|{"selected":false}|0x3793acbe
14:59:05.0 (22899788)|VARIABLE_ASSIGNMENT|[EXTERNAL]|value|43200000
14:59:05.0 (22907993)|VARIABLE_ASSIGNMENT|[199]|this.t|43200000|0x3793acbe
14:59:05.0 (22925793)|CONSTRUCTOR_EXIT|[91]|01p0H000007gCe8|<init>(Boolean,Time)
14:59:05.0 (22939417)|HEAP_ALLOCATE|[EXTERNAL]|Bytes:4
14:59:05.0 (22946242)|STATEMENT_EXECUTE|[96]
14:59:05.0 (22986650)|VARIABLE_ASSIGNMENT|[EXTERNAL]|this|{"aptdum":"0x4fdb910b","Docdum":"0x14450bc3","Docmap":"0x62173163","Initialselected":0,"Selecteddoc":"a260H000001koYjQAI","SelectedtimeSlot":60,"timelist":"0x1aa1330f","timeset":"0x338d3866","timewraplist":"0xc537184","timewraplistInitial":"0x5bfa0c39"}|0x368c2c78
14:59:05.0 (23006186)|HEAP_ALLOCATE|[EXTERNAL]|Bytes:4
14:59:05.0 (23021022)|HEAP_ALLOCATE|[99]|Bytes:28
14:59:05.0 (23025699)|HEAP_ALLOCATE|[99]|Bytes:28
14:59:05.0 (23055271)|STATEMENT_EXECUTE|[99]
14:59:05.0 (23057369)|STATEMENT_EXECUTE|[100]
14:59:05.0 (23074802)|USER_DEBUG|[100]|DEBUG|12:00:00.000Z
14:59:05.0 (23083228)|STATEMENT_EXECUTE|[101]
14:59:05.0 (23102423)|HEAP_ALLOCATE|[101]|Bytes:4
14:59:05.0 (23117102)|VARIABLE_ASSIGNMENT|[101]|t|45000000
14:59:05.0 (23121798)|STATEMENT_EXECUTE|[102]
14:59:05.0 (23128151)|HEAP_ALLOCATE|[102]|Bytes:28
14:59:05.0 (23147078)|HEAP_ALLOCATE|[102]|Bytes:28
14:59:05.0 (23160227)|VARIABLE_ASSIGNMENT|[102]|i1|0.5
14:59:05.0 (23165506)|STATEMENT_EXECUTE|[103]
14:59:05.0 (23201406)|VARIABLE_ASSIGNMENT|[EXTERNAL]|this|{"aptdum":"0x4fdb910b","Docdum":"0x14450bc3","Docmap":"0x62173163","Initialselected":0,"Selecteddoc":"a260H000001koYjQAI","SelectedtimeSlot":60,"timelist":"0x1aa1330f","timeset":"0x338d3866","timewraplist":"0xc537184","timewraplistInitial":"0x5bfa0c39"}|0x368c2c78
14:59:05.0 (23218670)|HEAP_ALLOCATE|[EXTERNAL]|Bytes:4
14:59:05.0 (23244063)|STATEMENT_EXECUTE|[105]
14:59:05.0 (23246455)|STATEMENT_EXECUTE|[106]
14:59:05.0 (23279181)|VARIABLE_ASSIGNMENT|[EXTERNAL]|this|{"aptdum":"0x4fdb910b","Docdum":"0x14450bc3","Docmap":"0x62173163","Initialselected":0,"Selecteddoc":"a260H000001koYjQAI","SelectedtimeSlot":60,"timelist":"0x1aa1330f","timeset":"0x338d3866","timewraplist":"0xc537184","timewraplistInitial":"0x5bfa0c39"}|0x368c2c78
14:59:05.0 (23293744)|HEAP_ALLOCATE|[106]|Bytes:12
14:59:05.0 (23306018)|CONSTRUCTOR_ENTRY|[106]|01p0H000007gCe8|<init>(Boolean,Time)
14:59:05.0 (23311932)|VARIABLE_SCOPE_BEGIN|[201]|this|docappcontroller.Wrapertimeslot|true|false
14:59:05.0 (23325001)|VARIABLE_ASSIGNMENT|[201]|this|{}|0x35355ce
14:59:05.0 (23332309)|VARIABLE_SCOPE_BEGIN|[201]|selection|Boolean|false|false
14:59:05.0 (23340400)|VARIABLE_ASSIGNMENT|[201]|selection|false
14:59:05.0 (23344834)|VARIABLE_SCOPE_BEGIN|[201]|tm|Time|false|false
14:59:05.0 (23353418)|VARIABLE_ASSIGNMENT|[201]|tm|45000000
14:59:05.0 (23357978)|STATEMENT_EXECUTE|[197]
14:59:05.0 (23359557)|STATEMENT_EXECUTE|[198]
14:59:05.0 (23361026)|STATEMENT_EXECUTE|[199]
14:59:05.0 (23371293)|STATEMENT_EXECUTE|[201]
14:59:05.0 (23373318)|STATEMENT_EXECUTE|[202]
14:59:05.0 (23385250)|VARIABLE_ASSIGNMENT|[EXTERNAL]|this|{}|0x35355ce
14:59:05.0 (23397265)|VARIABLE_ASSIGNMENT|[EXTERNAL]|value|false
14:59:05.0 (23403021)|HEAP_ALLOCATE|[198]|Bytes:5
14:59:05.0 (23409563)|VARIABLE_ASSIGNMENT|[198]|this.selected|false|0x35355ce
14:59:05.0 (23417451)|STATEMENT_EXECUTE|[203]
14:59:05.0 (23428927)|VARIABLE_ASSIGNMENT|[EXTERNAL]|this|{"selected":false}|0x35355ce
14:59:05.0 (23437570)|VARIABLE_ASSIGNMENT|[EXTERNAL]|value|45000000
14:59:05.0 (23444777)|VARIABLE_ASSIGNMENT|[199]|this.t|45000000|0x35355ce
14:59:05.0 (23459190)|CONSTRUCTOR_EXIT|[106]|01p0H000007gCe8|<init>(Boolean,Time)
14:59:05.0 (23470304)|HEAP_ALLOCATE|[EXTERNAL]|Bytes:4
14:59:05.0 (23482479)|HEAP_ALLOCATE|[99]|Bytes:28
14:59:05.0 (23486106)|HEAP_ALLOCATE|[99]|Bytes:28
14:59:05.0 (23506826)|STATEMENT_EXECUTE|[99]
14:59:05.0 (23508607)|STATEMENT_EXECUTE|[100]
14:59:05.0 (23518239)|USER_DEBUG|[100]|DEBUG|12:30:00.000Z
14:59:05.0 (23525805)|STATEMENT_EXECUTE|[101]
14:59:05.0 (23534299)|HEAP_ALLOCATE|[101]|Bytes:4
14:59:05.0 (23547917)|VARIABLE_ASSIGNMENT|[101]|t|46800000
14:59:05.0 (23552576)|STATEMENT_EXECUTE|[102]
14:59:05.0 (23557836)|HEAP_ALLOCATE|[102]|Bytes:28
14:59:05.0 (23570224)|HEAP_ALLOCATE|[102]|Bytes:28
14:59:05.0 (23581316)|VARIABLE_ASSIGNMENT|[102]|i1|1.0
14:59:05.0 (23585999)|STATEMENT_EXECUTE|[103]
14:59:05.0 (23617231)|VARIABLE_ASSIGNMENT|[EXTERNAL]|this|{"aptdum":"0x4fdb910b","Docdum":"0x14450bc3","Docmap":"0x62173163","Initialselected":0,"Selecteddoc":"a260H000001koYjQAI","SelectedtimeSlot":60,"timelist":"0x1aa1330f","timeset":"0x338d3866","timewraplist":"0xc537184","timewraplistInitial":"0x5bfa0c39"}|0x368c2c78
14:59:05.0 (23632984)|HEAP_ALLOCATE|[EXTERNAL]|Bytes:4
14:59:05.0 (23645651)|STATEMENT_EXECUTE|[105]
14:59:05.0 (23647611)|STATEMENT_EXECUTE|[106]
14:59:05.0 (23672529)|VARIABLE_ASSIGNMENT|[EXTERNAL]|this|{"aptdum":"0x4fdb910b","Docdum":"0x14450bc3","Docmap":"0x62173163","Initialselected":0,"Selecteddoc":"a260H000001koYjQAI","SelectedtimeSlot":60,"timelist":"0x1aa1330f","timeset":"0x338d3866","timewraplist":"0xc537184","timewraplistInitial":"0x5bfa0c39"}|0x368c2c78
14:59:05.0 (23686056)|HEAP_ALLOCATE|[106]|Bytes:12
14:59:05.0 (23697094)|CONSTRUCTOR_ENTRY|[106]|01p0H000007gCe8|<init>(Boolean,Time)
14:59:05.0 (23702779)|VARIABLE_SCOPE_BEGIN|[201]|this|docappcontroller.Wrapertimeslot|true|false
14:59:05.0 (23721423)|VARIABLE_ASSIGNMENT|[201]|this|{}|0x50f7fda2
14:59:05.0 (23728491)|VARIABLE_SCOPE_BEGIN|[201]|selection|Boolean|false|false
14:59:05.0 (23736689)|VARIABLE_ASSIGNMENT|[201]|selection|false
14:59:05.0 (23740675)|VARIABLE_SCOPE_BEGIN|[201]|tm|Time|false|false
14:59:05.0 (23749189)|VARIABLE_ASSIGNMENT|[201]|tm|46800000
14:59:05.0 (23753926)|STATEMENT_EXECUTE|[197]
14:59:05.0 (23755373)|STATEMENT_EXECUTE|[198]
14:59:05.0 (23756844)|STATEMENT_EXECUTE|[199]
14:59:05.0 (23765889)|STATEMENT_EXECUTE|[201]
14:59:05.0 (23767487)|STATEMENT_EXECUTE|[202]
14:59:05.0 (23778594)|VARIABLE_ASSIGNMENT|[EXTERNAL]|this|{}|0x50f7fda2
14:59:05.0 (23787397)|VARIABLE_ASSIGNMENT|[EXTERNAL]|value|false
14:59:05.0 (23792668)|HEAP_ALLOCATE|[198]|Bytes:5
14:59:05.0 (23798498)|VARIABLE_ASSIGNMENT|[198]|this.selected|false|0x50f7fda2
14:59:05.0 (23805642)|STATEMENT_EXECUTE|[203]
14:59:05.0 (23816814)|VARIABLE_ASSIGNMENT|[EXTERNAL]|this|{"selected":false}|0x50f7fda2
14:59:05.0 (23825883)|VARIABLE_ASSIGNMENT|[EXTERNAL]|value|46800000
14:59:05.0 (23832885)|VARIABLE_ASSIGNMENT|[199]|this.t|46800000|0x50f7fda2
14:59:05.0 (23847388)|CONSTRUCTOR_EXIT|[106]|01p0H000007gCe8|<init>(Boolean,Time)
14:59:05.0 (23857350)|HEAP_ALLOCATE|[EXTERNAL]|Bytes:4
14:59:05.0 (23868438)|HEAP_ALLOCATE|[99]|Bytes:28
14:59:05.0 (23872262)|HEAP_ALLOCATE|[99]|Bytes:28
14:59:05.0 (23890260)|STATEMENT_EXECUTE|[99]
14:59:05.0 (23892143)|STATEMENT_EXECUTE|[100]
14:59:05.0 (23900622)|USER_DEBUG|[100]|DEBUG|13:00:00.000Z
14:59:05.0 (23907772)|STATEMENT_EXECUTE|[101]
14:59:05.0 (23916032)|HEAP_ALLOCATE|[101]|Bytes:4
14:59:05.0 (23928833)|VARIABLE_ASSIGNMENT|[101]|t|48600000
14:59:05.0 (23933360)|STATEMENT_EXECUTE|[102]
14:59:05.0 (23938355)|HEAP_ALLOCATE|[102]|Bytes:28
14:59:05.0 (23949446)|HEAP_ALLOCATE|[102]|Bytes:28
14:59:05.0 (23961118)|VARIABLE_ASSIGNMENT|[102]|i1|1.5
14:59:05.0 (23965196)|STATEMENT_EXECUTE|[103]
14:59:05.0 (23994995)|VARIABLE_ASSIGNMENT|[EXTERNAL]|this|{"aptdum":"0x4fdb910b","Docdum":"0x14450bc3","Docmap":"0x62173163","Initialselected":0,"Selecteddoc":"a260H000001koYjQAI","SelectedtimeSlot":60,"timelist":"0x1aa1330f","timeset":"0x338d3866","timewraplist":"0xc537184","timewraplistInitial":"0x5bfa0c39"}|0x368c2c78
14:59:05.0 (24010743)|HEAP_ALLOCATE|[EXTERNAL]|Bytes:4
14:59:05.0 (24024461)|STATEMENT_EXECUTE|[105]
14:59:05.0 (24026243)|STATEMENT_EXECUTE|[106]
14:59:05.0 (24051939)|VARIABLE_ASSIGNMENT|[EXTERNAL]|this|{"aptdum":"0x4fdb910b","Docdum":"0x14450bc3","Docmap":"0x62173163","Initialselected":0,"Selecteddoc":"a260H000001koYjQAI","SelectedtimeSlot":60,"timelist":"0x1aa1330f","timeset":"0x338d3866","timewraplist":"0xc537184","timewraplistInitial":"0x5bfa0c39"}|0x368c2c78
14:59:05.0 (24064684)|HEAP_ALLOCATE|[106]|Bytes:12
14:59:05.0 (24075448)|CONSTRUCTOR_ENTRY|[106]|01p0H000007gCe8|<init>(Boolean,Time)
14:59:05.0 (24081509)|VARIABLE_SCOPE_BEGIN|[201]|this|docappcontroller.Wrapertimeslot|true|false
14:59:05.0 (24095176)|VARIABLE_ASSIGNMENT|[201]|this|{}|0x565d78cc
14:59:05.0 (24101831)|VARIABLE_SCOPE_BEGIN|[201]|selection|Boolean|false|false
14:59:05.0 (24109862)|VARIABLE_ASSIGNMENT|[201]|selection|false
14:59:05.0 (24113644)|VARIABLE_SCOPE_BEGIN|[201]|tm|Time|false|false
14:59:05.0 (24122294)|VARIABLE_ASSIGNMENT|[201]|tm|48600000
14:59:05.0 (24126650)|STATEMENT_EXECUTE|[197]
14:59:05.0 (24128101)|STATEMENT_EXECUTE|[198]
14:59:05.0 (24129546)|STATEMENT_EXECUTE|[199]
14:59:05.0 (24137951)|STATEMENT_EXECUTE|[201]
14:59:05.0 (24139556)|STATEMENT_EXECUTE|[202]
14:59:05.0 (24150659)|VARIABLE_ASSIGNMENT|[EXTERNAL]|this|{}|0x565d78cc
14:59:05.0 (24158861)|VARIABLE_ASSIGNMENT|[EXTERNAL]|value|false
14:59:05.0 (24164310)|HEAP_ALLOCATE|[198]|Bytes:5
14:59:05.0 (24169870)|VARIABLE_ASSIGNMENT|[198]|this.selected|false|0x565d78cc
14:59:05.0 (24176754)|STATEMENT_EXECUTE|[203]
14:59:05.0 (24187865)|VARIABLE_ASSIGNMENT|[EXTERNAL]|this|{"selected":false}|0x565d78cc
14:59:05.0 (24196961)|VARIABLE_ASSIGNMENT|[EXTERNAL]|value|48600000
14:59:05.0 (24203541)|VARIABLE_ASSIGNMENT|[199]|this.t|48600000|0x565d78cc
14:59:05.0 (24217239)|CONSTRUCTOR_EXIT|[106]|01p0H000007gCe8|<init>(Boolean,Time)
14:59:05.0 (24226585)|HEAP_ALLOCATE|[EXTERNAL]|Bytes:4
14:59:05.0 (24237635)|HEAP_ALLOCATE|[99]|Bytes:28
14:59:05.0 (24241806)|HEAP_ALLOCATE|[99]|Bytes:28
14:59:05.0 (24258720)|STATEMENT_EXECUTE|[99]
14:59:05.0 (24260695)|STATEMENT_EXECUTE|[100]
14:59:05.0 (24268708)|USER_DEBUG|[100]|DEBUG|13:30:00.000Z
14:59:05.0 (24275787)|STATEMENT_EXECUTE|[101]
14:59:05.0 (24283694)|HEAP_ALLOCATE|[101]|Bytes:4
14:59:05.0 (24296248)|VARIABLE_ASSIGNMENT|[101]|t|50400000
14:59:05.0 (24300581)|STATEMENT_EXECUTE|[102]
14:59:05.0 (24305345)|HEAP_ALLOCATE|[102]|Bytes:28
14:59:05.0 (24317266)|HEAP_ALLOCATE|[102]|Bytes:28
14:59:05.0 (24328070)|VARIABLE_ASSIGNMENT|[102]|i1|2.0
14:59:05.0 (24332456)|STATEMENT_EXECUTE|[103]
14:59:05.0 (24366227)|VARIABLE_ASSIGNMENT|[EXTERNAL]|this|{"aptdum":"0x4fdb910b","Docdum":"0x14450bc3","Docmap":"0x62173163","Initialselected":0,"Selecteddoc":"a260H000001koYjQAI","SelectedtimeSlot":60,"timelist":"0x1aa1330f","timeset":"0x338d3866","timewraplist":"0xc537184","timewraplistInitial":"0x5bfa0c39"}|0x368c2c78
14:59:05.0 (24383089)|HEAP_ALLOCATE|[EXTERNAL]|Bytes:4
14:59:05.0 (24395466)|STATEMENT_EXECUTE|[105]
14:59:05.0 (24397160)|STATEMENT_EXECUTE|[106]
14:59:05.0 (24422968)|VARIABLE_ASSIGNMENT|[EXTERNAL]|this|{"aptdum":"0x4fdb910b","Docdum":"0x14450bc3","Docmap":"0x62173163","Initialselected":0,"Selecteddoc":"a260H000001koYjQAI","SelectedtimeSlot":60,"timelist":"0x1aa1330f","timeset":"0x338d3866","timewraplist":"0xc537184","timewraplistInitial":"0x5bfa0c39"}|0x368c2c78
14:59:05.0 (24435772)|HEAP_ALLOCATE|[106]|Bytes:12
14:59:05.0 (24446544)|CONSTRUCTOR_ENTRY|[106]|01p0H000007gCe8|<init>(Boolean,Time)
14:59:05.0 (24452186)|VARIABLE_SCOPE_BEGIN|[201]|this|docappcontroller.Wrapertimeslot|true|false
14:59:05.0 (24464701)|VARIABLE_ASSIGNMENT|[201]|this|{}|0x425b9752
14:59:05.0 (24471779)|VARIABLE_SCOPE_BEGIN|[201]|selection|Boolean|false|false
14:59:05.0 (24480174)|VARIABLE_ASSIGNMENT|[201]|selection|false
14:59:05.0 (24484732)|VARIABLE_SCOPE_BEGIN|[201]|tm|Time|false|false
14:59:05.0 (24492747)|VARIABLE_ASSIGNMENT|[201]|tm|50400000
14:59:05.0 (24497392)|STATEMENT_EXECUTE|[197]
14:59:05.0 (24498867)|STATEMENT_EXECUTE|[198]
14:59:05.0 (24500602)|STATEMENT_EXECUTE|[199]
14:59:05.0 (24509230)|STATEMENT_EXECUTE|[201]
14:59:05.0 (24510819)|STATEMENT_EXECUTE|[202]
14:59:05.0 (24522022)|VARIABLE_ASSIGNMENT|[EXTERNAL]|this|{}|0x425b9752
14:59:05.0 (24531334)|VARIABLE_ASSIGNMENT|[EXTERNAL]|value|false
14:59:05.0 (24536933)|HEAP_ALLOCATE|[198]|Bytes:5
14:59:05.0 (24542336)|VARIABLE_ASSIGNMENT|[198]|this.selected|false|0x425b9752
14:59:05.0 (24549931)|STATEMENT_EXECUTE|[203]
14:59:05.0 (24560966)|VARIABLE_ASSIGNMENT|[EXTERNAL]|this|{"selected":false}|0x425b9752
14:59:05.0 (24569760)|VARIABLE_ASSIGNMENT|[EXTERNAL]|value|50400000
14:59:05.0 (24576464)|VARIABLE_ASSIGNMENT|[199]|this.t|50400000|0x425b9752
14:59:05.0 (24589915)|CONSTRUCTOR_EXIT|[106]|01p0H000007gCe8|<init>(Boolean,Time)
14:59:05.0 (24599668)|HEAP_ALLOCATE|[EXTERNAL]|Bytes:4
14:59:05.0 (24609885)|HEAP_ALLOCATE|[99]|Bytes:28
14:59:05.0 (24613598)|HEAP_ALLOCATE|[99]|Bytes:28
14:59:05.0 (24631517)|STATEMENT_EXECUTE|[99]
14:59:05.0 (24633337)|STATEMENT_EXECUTE|[100]
14:59:05.0 (24641446)|USER_DEBUG|[100]|DEBUG|14:00:00.000Z
14:59:05.0 (24648448)|STATEMENT_EXECUTE|[101]
14:59:05.0 (24657038)|HEAP_ALLOCATE|[101]|Bytes:4
14:59:05.0 (24669553)|VARIABLE_ASSIGNMENT|[101]|t|52200000
14:59:05.0 (24673722)|STATEMENT_EXECUTE|[102]
14:59:05.0 (24678412)|HEAP_ALLOCATE|[102]|Bytes:28
14:59:05.0 (24689927)|HEAP_ALLOCATE|[102]|Bytes:28
14:59:05.0 (24700431)|VARIABLE_ASSIGNMENT|[102]|i1|2.5
14:59:05.0 (24704550)|STATEMENT_EXECUTE|[103]
14:59:05.0 (24738490)|VARIABLE_ASSIGNMENT|[EXTERNAL]|this|{"aptdum":"0x4fdb910b","Docdum":"0x14450bc3","Docmap":"0x62173163","Initialselected":0,"Selecteddoc":"a260H000001koYjQAI","SelectedtimeSlot":60,"timelist":"0x1aa1330f","timeset":"0x338d3866","timewraplist":"0xc537184","timewraplistInitial":"0x5bfa0c39"}|0x368c2c78
14:59:05.0 (24753797)|HEAP_ALLOCATE|[EXTERNAL]|Bytes:4
14:59:05.0 (24766287)|STATEMENT_EXECUTE|[105]
14:59:05.0 (24767975)|STATEMENT_EXECUTE|[106]
14:59:05.0 (24792478)|VARIABLE_ASSIGNMENT|[EXTERNAL]|this|{"aptdum":"0x4fdb910b","Docdum":"0x14450bc3","Docmap":"0x62173163","Initialselected":0,"Selecteddoc":"a260H000001koYjQAI","SelectedtimeSlot":60,"timelist":"0x1aa1330f","timeset":"0x338d3866","timewraplist":"0xc537184","timewraplistInitial":"0x5bfa0c39"}|0x368c2c78
14:59:05.0 (24805475)|HEAP_ALLOCATE|[106]|Bytes:12
14:59:05.0 (24816150)|CONSTRUCTOR_ENTRY|[106]|01p0H000007gCe8|<init>(Boolean,Time)
14:59:05.0 (24822251)|VARIABLE_SCOPE_BEGIN|[201]|this|docappcontroller.Wrapertimeslot|true|false
14:59:05.0 (24835837)|VARIABLE_ASSIGNMENT|[201]|this|{}|0x64102456
14:59:05.0 (24842211)|VARIABLE_SCOPE_BEGIN|[201]|selection|Boolean|false|false
14:59:05.0 (24849504)|VARIABLE_ASSIGNMENT|[201]|selection|false
14:59:05.0 (24853296)|VARIABLE_SCOPE_BEGIN|[201]|tm|Time|false|false
14:59:05.0 (24861655)|VARIABLE_ASSIGNMENT|[201]|tm|52200000
14:59:05.0 (24866235)|STATEMENT_EXECUTE|[197]
14:59:05.0 (24867673)|STATEMENT_EXECUTE|[198]
14:59:05.0 (24869167)|STATEMENT_EXECUTE|[199]
14:59:05.0 (24877300)|STATEMENT_EXECUTE|[201]
14:59:05.0 (24878883)|STATEMENT_EXECUTE|[202]
14:59:05.0 (24889583)|VARIABLE_ASSIGNMENT|[EXTERNAL]|this|{}|0x64102456
14:59:05.0 (24898092)|VARIABLE_ASSIGNMENT|[EXTERNAL]|value|false
14:59:05.0 (24903589)|HEAP_ALLOCATE|[198]|Bytes:5
14:59:05.0 (24909629)|VARIABLE_ASSIGNMENT|[198]|this.selected|false|0x64102456
14:59:05.0 (24916346)|STATEMENT_EXECUTE|[203]
14:59:05.0 (24927420)|VARIABLE_ASSIGNMENT|[EXTERNAL]|this|{"selected":false}|0x64102456
14:59:05.0 (24936808)|VARIABLE_ASSIGNMENT|[EXTERNAL]|value|52200000
14:59:05.0 (24943398)|VARIABLE_ASSIGNMENT|[199]|this.t|52200000|0x64102456
14:59:05.0 (24956370)|CONSTRUCTOR_EXIT|[106]|01p0H000007gCe8|<init>(Boolean,Time)
14:59:05.0 (24965676)|HEAP_ALLOCATE|[EXTERNAL]|Bytes:4
14:59:05.0 (24976600)|HEAP_ALLOCATE|[99]|Bytes:28
14:59:05.0 (24980178)|HEAP_ALLOCATE|[99]|Bytes:28
14:59:05.0 (24997376)|STATEMENT_EXECUTE|[99]
14:59:05.0 (24999293)|STATEMENT_EXECUTE|[100]
14:59:05.0 (25007420)|USER_DEBUG|[100]|DEBUG|14:30:00.000Z
14:59:05.0 (25014550)|STATEMENT_EXECUTE|[101]
14:59:05.0 (25022593)|HEAP_ALLOCATE|[101]|Bytes:4
14:59:05.0 (25034997)|VARIABLE_ASSIGNMENT|[101]|t|54000000
14:59:05.0 (25039886)|STATEMENT_EXECUTE|[102]
14:59:05.0 (25044812)|HEAP_ALLOCATE|[102]|Bytes:28
14:59:05.0 (25056341)|HEAP_ALLOCATE|[102]|Bytes:28
14:59:05.0 (25067018)|VARIABLE_ASSIGNMENT|[102]|i1|3.0
14:59:05.0 (25071532)|STATEMENT_EXECUTE|[103]
14:59:05.0 (25100731)|VARIABLE_ASSIGNMENT|[EXTERNAL]|this|{"aptdum":"0x4fdb910b","Docdum":"0x14450bc3","Docmap":"0x62173163","Initialselected":0,"Selecteddoc":"a260H000001koYjQAI","SelectedtimeSlot":60,"timelist":"0x1aa1330f","timeset":"0x338d3866","timewraplist":"0xc537184","timewraplistInitial":"0x5bfa0c39"}|0x368c2c78
14:59:05.0 (25115878)|HEAP_ALLOCATE|[EXTERNAL]|Bytes:4
14:59:05.0 (25128098)|STATEMENT_EXECUTE|[107]
14:59:05.0 (25129963)|STATEMENT_EXECUTE|[108]
14:59:05.0 (25165129)|VARIABLE_ASSIGNMENT|[EXTERNAL]|this|{"aptdum":"0x4fdb910b","Docdum":"0x14450bc3","Docmap":"0x62173163","Initialselected":0,"Selecteddoc":"a260H000001koYjQAI","SelectedtimeSlot":60,"timelist":"0x1aa1330f","timeset":"0x338d3866","timewraplist":"0xc537184","timewraplistInitial":"0x5bfa0c39"}|0x368c2c78
14:59:05.0 (25178455)|HEAP_ALLOCATE|[108]|Bytes:12
14:59:05.0 (25189840)|CONSTRUCTOR_ENTRY|[108]|01p0H000007gCe8|<init>(Boolean,Time)
14:59:05.0 (25195288)|VARIABLE_SCOPE_BEGIN|[201]|this|docappcontroller.Wrapertimeslot|true|false
14:59:05.0 (25208976)|VARIABLE_ASSIGNMENT|[201]|this|{}|0x7950b8da
14:59:05.0 (25215656)|VARIABLE_SCOPE_BEGIN|[201]|selection|Boolean|false|false
14:59:05.0 (25223237)|VARIABLE_ASSIGNMENT|[201]|selection|true
14:59:05.0 (25227445)|VARIABLE_SCOPE_BEGIN|[201]|tm|Time|false|false
14:59:05.0 (25235483)|VARIABLE_ASSIGNMENT|[201]|tm|54000000
14:59:05.0 (25240164)|STATEMENT_EXECUTE|[197]
14:59:05.0 (25241577)|STATEMENT_EXECUTE|[198]
14:59:05.0 (25243036)|STATEMENT_EXECUTE|[199]
14:59:05.0 (25251462)|STATEMENT_EXECUTE|[201]
14:59:05.0 (25252998)|STATEMENT_EXECUTE|[202]
14:59:05.0 (25263528)|VARIABLE_ASSIGNMENT|[EXTERNAL]|this|{}|0x7950b8da
14:59:05.0 (25276024)|VARIABLE_ASSIGNMENT|[EXTERNAL]|value|true
14:59:05.0 (25281331)|HEAP_ALLOCATE|[198]|Bytes:5
14:59:05.0 (25287287)|VARIABLE_ASSIGNMENT|[198]|this.selected|true|0x7950b8da
14:59:05.0 (25294576)|STATEMENT_EXECUTE|[203]
14:59:05.0 (25306357)|VARIABLE_ASSIGNMENT|[EXTERNAL]|this|{"selected":true}|0x7950b8da
14:59:05.0 (25315382)|VARIABLE_ASSIGNMENT|[EXTERNAL]|value|54000000
14:59:05.0 (25322959)|VARIABLE_ASSIGNMENT|[199]|this.t|54000000|0x7950b8da
14:59:05.0 (25337835)|CONSTRUCTOR_EXIT|[108]|01p0H000007gCe8|<init>(Boolean,Time)
14:59:05.0 (25348718)|HEAP_ALLOCATE|[EXTERNAL]|Bytes:4
14:59:05.0 (25354295)|STATEMENT_EXECUTE|[109]
14:59:05.0 (25360225)|HEAP_ALLOCATE|[109]|Bytes:4
14:59:05.0 (25367616)|VARIABLE_ASSIGNMENT|[109]|this.Initialselected|1|0x368c2c78
14:59:05.0 (25377989)|HEAP_ALLOCATE|[99]|Bytes:28
14:59:05.0 (25381814)|HEAP_ALLOCATE|[99]|Bytes:28
14:59:05.0 (25400373)|STATEMENT_EXECUTE|[99]
14:59:05.0 (25402207)|STATEMENT_EXECUTE|[100]
14:59:05.0 (25410860)|USER_DEBUG|[100]|DEBUG|15:00:00.000Z
14:59:05.0 (25417591)|STATEMENT_EXECUTE|[101]
14:59:05.0 (25426048)|HEAP_ALLOCATE|[101]|Bytes:4
14:59:05.0 (25438596)|VARIABLE_ASSIGNMENT|[101]|t|55800000
14:59:05.0 (25443090)|STATEMENT_EXECUTE|[102]
14:59:05.0 (25448015)|HEAP_ALLOCATE|[102]|Bytes:28
14:59:05.0 (25460078)|HEAP_ALLOCATE|[102]|Bytes:28
14:59:05.0 (25470469)|VARIABLE_ASSIGNMENT|[102]|i1|3.5
14:59:05.0 (25474823)|STATEMENT_EXECUTE|[103]
14:59:05.0 (25504403)|VARIABLE_ASSIGNMENT|[EXTERNAL]|this|{"aptdum":"0x4fdb910b","Docdum":"0x14450bc3","Docmap":"0x62173163","Initialselected":1,"Selecteddoc":"a260H000001koYjQAI","SelectedtimeSlot":60,"timelist":"0x1aa1330f","timeset":"0x338d3866","timewraplist":"0xc537184","timewraplistInitial":"0x5bfa0c39"}|0x368c2c78
14:59:05.0 (25520209)|HEAP_ALLOCATE|[EXTERNAL]|Bytes:4
14:59:05.0 (25532844)|STATEMENT_EXECUTE|[107]
14:59:05.0 (25534539)|STATEMENT_EXECUTE|[108]
14:59:05.0 (25560162)|VARIABLE_ASSIGNMENT|[EXTERNAL]|this|{"aptdum":"0x4fdb910b","Docdum":"0x14450bc3","Docmap":"0x62173163","Initialselected":1,"Selecteddoc":"a260H000001koYjQAI","SelectedtimeSlot":60,"timelist":"0x1aa1330f","timeset":"0x338d3866","timewraplist":"0xc537184","timewraplistInitial":"0x5bfa0c39"}|0x368c2c78
14:59:05.0 (25572933)|HEAP_ALLOCATE|[108]|Bytes:12
14:59:05.0 (25585346)|CONSTRUCTOR_ENTRY|[108]|01p0H000007gCe8|<init>(Boolean,Time)
14:59:05.0 (25593096)|VARIABLE_SCOPE_BEGIN|[201]|this|docappcontroller.Wrapertimeslot|true|false
14:59:05.0 (25606793)|VARIABLE_ASSIGNMENT|[201]|this|{}|0x6cfc5a05
14:59:05.0 (25613343)|VARIABLE_SCOPE_BEGIN|[201]|selection|Boolean|false|false
14:59:05.0 (25621450)|VARIABLE_ASSIGNMENT|[201]|selection|true
14:59:05.0 (25625687)|VARIABLE_SCOPE_BEGIN|[201]|tm|Time|false|false
14:59:05.0 (25633868)|VARIABLE_ASSIGNMENT|[201]|tm|55800000
14:59:05.0 (25638370)|STATEMENT_EXECUTE|[197]
14:59:05.0 (25639833)|STATEMENT_EXECUTE|[198]
14:59:05.0 (25641294)|STATEMENT_EXECUTE|[199]
14:59:05.0 (25649740)|STATEMENT_EXECUTE|[201]
14:59:05.0 (25651265)|STATEMENT_EXECUTE|[202]
14:59:05.0 (25662028)|VARIABLE_ASSIGNMENT|[EXTERNAL]|this|{}|0x6cfc5a05
14:59:05.0 (25670796)|VARIABLE_ASSIGNMENT|[EXTERNAL]|value|true
14:59:05.0 (25676236)|HEAP_ALLOCATE|[198]|Bytes:5
14:59:05.0 (25681942)|VARIABLE_ASSIGNMENT|[198]|this.selected|true|0x6cfc5a05
14:59:05.0 (25689688)|STATEMENT_EXECUTE|[203]
14:59:05.0 (25701179)|VARIABLE_ASSIGNMENT|[EXTERNAL]|this|{"selected":true}|0x6cfc5a05
14:59:05.0 (25714660)|VARIABLE_ASSIGNMENT|[EXTERNAL]|value|55800000
14:59:05.0 (25721601)|VARIABLE_ASSIGNMENT|[199]|this.t|55800000|0x6cfc5a05
14:59:05.0 (25735684)|CONSTRUCTOR_EXIT|[108]|01p0H000007gCe8|<init>(Boolean,Time)
14:59:05.0 (25746746)|HEAP_ALLOCATE|[EXTERNAL]|Bytes:4
14:59:05.0 (25752887)|STATEMENT_EXECUTE|[109]
14:59:05.0 (25756568)|HEAP_ALLOCATE|[109]|Bytes:4
14:59:05.0 (25763127)|VARIABLE_ASSIGNMENT|[109]|this.Initialselected|2|0x368c2c78
14:59:05.0 (25773321)|HEAP_ALLOCATE|[99]|Bytes:28
14:59:05.0 (25776902)|HEAP_ALLOCATE|[99]|Bytes:28
14:59:05.0 (25795784)|STATEMENT_EXECUTE|[99]
14:59:05.0 (25797827)|STATEMENT_EXECUTE|[100]
14:59:05.0 (25806482)|USER_DEBUG|[100]|DEBUG|15:30:00.000Z
14:59:05.0 (25819168)|STATEMENT_EXECUTE|[101]
14:59:05.0 (25830638)|HEAP_ALLOCATE|[101]|Bytes:4
14:59:05.0 (25845956)|VARIABLE_ASSIGNMENT|[101]|t|57600000
14:59:05.0 (25851174)|STATEMENT_EXECUTE|[102]
14:59:05.0 (25856473)|HEAP_ALLOCATE|[102]|Bytes:28
14:59:05.0 (25868349)|HEAP_ALLOCATE|[102]|Bytes:28
14:59:05.0 (25879326)|VARIABLE_ASSIGNMENT|[102]|i1|4.0
14:59:05.0 (25883990)|STATEMENT_EXECUTE|[103]
14:59:05.0 (25914576)|VARIABLE_ASSIGNMENT|[EXTERNAL]|this|{"aptdum":"0x4fdb910b","Docdum":"0x14450bc3","Docmap":"0x62173163","Initialselected":2,"Selecteddoc":"a260H000001koYjQAI","SelectedtimeSlot":60,"timelist":"0x1aa1330f","timeset":"0x338d3866","timewraplist":"0xc537184","timewraplistInitial":"0x5bfa0c39"}|0x368c2c78
14:59:05.0 (25930195)|HEAP_ALLOCATE|[EXTERNAL]|Bytes:4
14:59:05.0 (25942589)|STATEMENT_EXECUTE|[107]
14:59:05.0 (25944386)|STATEMENT_EXECUTE|[108]
14:59:05.0 (25970003)|VARIABLE_ASSIGNMENT|[EXTERNAL]|this|{"aptdum":"0x4fdb910b","Docdum":"0x14450bc3","Docmap":"0x62173163","Initialselected":2,"Selecteddoc":"a260H000001koYjQAI","SelectedtimeSlot":60,"timelist":"0x1aa1330f","timeset":"0x338d3866","timewraplist":"0xc537184","timewraplistInitial":"0x5bfa0c39"}|0x368c2c78
14:59:05.0 (25982864)|HEAP_ALLOCATE|[108]|Bytes:12
14:59:05.0 (25993909)|CONSTRUCTOR_ENTRY|[108]|01p0H000007gCe8|<init>(Boolean,Time)
14:59:05.0 (25999625)|VARIABLE_SCOPE_BEGIN|[201]|this|docappcontroller.Wrapertimeslot|true|false
14:59:05.0 (26013815)|VARIABLE_ASSIGNMENT|[201]|this|{}|0x6a05321c
14:59:05.0 (26020643)|VARIABLE_SCOPE_BEGIN|[201]|selection|Boolean|false|false
14:59:05.0 (26028390)|VARIABLE_ASSIGNMENT|[201]|selection|true
14:59:05.0 (26032309)|VARIABLE_SCOPE_BEGIN|[201]|tm|Time|false|false
14:59:05.0 (26040273)|VARIABLE_ASSIGNMENT|[201]|tm|57600000
14:59:05.0 (26044997)|STATEMENT_EXECUTE|[197]
14:59:05.0 (26046538)|STATEMENT_EXECUTE|[198]
14:59:05.0 (26048020)|STATEMENT_EXECUTE|[199]
14:59:05.0 (26056588)|STATEMENT_EXECUTE|[201]
14:59:05.0 (26058134)|STATEMENT_EXECUTE|[202]
14:59:05.0 (26068915)|VARIABLE_ASSIGNMENT|[EXTERNAL]|this|{}|0x6a05321c
14:59:05.0 (26077458)|VARIABLE_ASSIGNMENT|[EXTERNAL]|value|true
14:59:05.0 (26082447)|HEAP_ALLOCATE|[198]|Bytes:5
14:59:05.0 (26087915)|VARIABLE_ASSIGNMENT|[198]|this.selected|true|0x6a05321c
14:59:05.0 (26095031)|STATEMENT_EXECUTE|[203]
14:59:05.0 (26106562)|VARIABLE_ASSIGNMENT|[EXTERNAL]|this|{"selected":true}|0x6a05321c
14:59:05.0 (26115264)|VARIABLE_ASSIGNMENT|[EXTERNAL]|value|57600000
14:59:05.0 (26121957)|VARIABLE_ASSIGNMENT|[199]|this.t|57600000|0x6a05321c
14:59:05.0 (26135182)|CONSTRUCTOR_EXIT|[108]|01p0H000007gCe8|<init>(Boolean,Time)
14:59:05.0 (26144724)|HEAP_ALLOCATE|[EXTERNAL]|Bytes:4
14:59:05.0 (26150152)|STATEMENT_EXECUTE|[109]
14:59:05.0 (26153518)|HEAP_ALLOCATE|[109]|Bytes:4
14:59:05.0 (26160169)|VARIABLE_ASSIGNMENT|[109]|this.Initialselected|3|0x368c2c78
14:59:05.0 (26170938)|HEAP_ALLOCATE|[99]|Bytes:28
14:59:05.0 (26174543)|HEAP_ALLOCATE|[99]|Bytes:28
14:59:05.0 (26192585)|STATEMENT_EXECUTE|[99]
14:59:05.0 (26194469)|STATEMENT_EXECUTE|[100]
14:59:05.0 (26202426)|USER_DEBUG|[100]|DEBUG|16:00:00.000Z
14:59:05.0 (26211990)|STATEMENT_EXECUTE|[101]
14:59:05.0 (26220853)|HEAP_ALLOCATE|[101]|Bytes:4
14:59:05.0 (26233781)|VARIABLE_ASSIGNMENT|[101]|t|59400000
14:59:05.0 (26237811)|STATEMENT_EXECUTE|[102]
14:59:05.0 (26242499)|HEAP_ALLOCATE|[102]|Bytes:28
14:59:05.0 (26254084)|HEAP_ALLOCATE|[102]|Bytes:28
14:59:05.0 (26265032)|VARIABLE_ASSIGNMENT|[102]|i1|4.5
14:59:05.0 (26269165)|STATEMENT_EXECUTE|[103]
14:59:05.0 (26298776)|VARIABLE_ASSIGNMENT|[EXTERNAL]|this|{"aptdum":"0x4fdb910b","Docdum":"0x14450bc3","Docmap":"0x62173163","Initialselected":3,"Selecteddoc":"a260H000001koYjQAI","SelectedtimeSlot":60,"timelist":"0x1aa1330f","timeset":"0x338d3866","timewraplist":"0xc537184","timewraplistInitial":"0x5bfa0c39"}|0x368c2c78
14:59:05.0 (26313808)|HEAP_ALLOCATE|[EXTERNAL]|Bytes:4
14:59:05.0 (26326112)|STATEMENT_EXECUTE|[107]
14:59:05.0 (26327785)|STATEMENT_EXECUTE|[108]
14:59:05.0 (26352946)|VARIABLE_ASSIGNMENT|[EXTERNAL]|this|{"aptdum":"0x4fdb910b","Docdum":"0x14450bc3","Docmap":"0x62173163","Initialselected":3,"Selecteddoc":"a260H000001koYjQAI","SelectedtimeSlot":60,"timelist":"0x1aa1330f","timeset":"0x338d3866","timewraplist":"0xc537184","timewraplistInitial":"0x5bfa0c39"}|0x368c2c78
14:59:05.0 (26365891)|HEAP_ALLOCATE|[108]|Bytes:12
14:59:05.0 (26376298)|CONSTRUCTOR_ENTRY|[108]|01p0H000007gCe8|<init>(Boolean,Time)
14:59:05.0 (26382673)|VARIABLE_SCOPE_BEGIN|[201]|this|docappcontroller.Wrapertimeslot|true|false
14:59:05.0 (26395897)|VARIABLE_ASSIGNMENT|[201]|this|{}|0x141037b0
14:59:05.0 (26402542)|VARIABLE_SCOPE_BEGIN|[201]|selection|Boolean|false|false
14:59:05.0 (26410355)|VARIABLE_ASSIGNMENT|[201]|selection|true
14:59:05.0 (26413993)|VARIABLE_SCOPE_BEGIN|[201]|tm|Time|false|false
14:59:05.0 (26421977)|VARIABLE_ASSIGNMENT|[201]|tm|59400000
14:59:05.0 (26426354)|STATEMENT_EXECUTE|[197]
14:59:05.0 (26427871)|STATEMENT_EXECUTE|[198]
14:59:05.0 (26429893)|STATEMENT_EXECUTE|[199]
14:59:05.0 (26438233)|STATEMENT_EXECUTE|[201]
14:59:05.0 (26439776)|STATEMENT_EXECUTE|[202]
14:59:05.0 (26450686)|VARIABLE_ASSIGNMENT|[EXTERNAL]|this|{}|0x141037b0
14:59:05.0 (26460008)|VARIABLE_ASSIGNMENT|[EXTERNAL]|value|true
14:59:05.0 (26464818)|HEAP_ALLOCATE|[198]|Bytes:5
14:59:05.0 (26470681)|VARIABLE_ASSIGNMENT|[198]|this.selected|true|0x141037b0
14:59:05.0 (26478174)|STATEMENT_EXECUTE|[203]
14:59:05.0 (26489727)|VARIABLE_ASSIGNMENT|[EXTERNAL]|this|{"selected":true}|0x141037b0
14:59:05.0 (26498716)|VARIABLE_ASSIGNMENT|[EXTERNAL]|value|59400000
14:59:05.0 (26505358)|VARIABLE_ASSIGNMENT|[199]|this.t|59400000|0x141037b0
14:59:05.0 (26518481)|CONSTRUCTOR_EXIT|[108]|01p0H000007gCe8|<init>(Boolean,Time)
14:59:05.0 (26527669)|HEAP_ALLOCATE|[EXTERNAL]|Bytes:4
14:59:05.0 (26533298)|STATEMENT_EXECUTE|[109]
14:59:05.0 (26536560)|HEAP_ALLOCATE|[109]|Bytes:4
14:59:05.0 (26543084)|VARIABLE_ASSIGNMENT|[109]|this.Initialselected|4|0x368c2c78
14:59:05.0 (26553796)|HEAP_ALLOCATE|[99]|Bytes:28
14:59:05.0 (26557426)|HEAP_ALLOCATE|[99]|Bytes:28
14:59:05.0 (26576038)|STATEMENT_EXECUTE|[99]
14:59:05.0 (26577838)|STATEMENT_EXECUTE|[100]
14:59:05.0 (26585930)|USER_DEBUG|[100]|DEBUG|16:30:00.000Z
14:59:05.0 (26593514)|STATEMENT_EXECUTE|[101]
14:59:05.0 (26601202)|HEAP_ALLOCATE|[101]|Bytes:4
14:59:05.0 (26613044)|VARIABLE_ASSIGNMENT|[101]|t|61200000
14:59:05.0 (26617374)|STATEMENT_EXECUTE|[102]
14:59:05.0 (26622221)|HEAP_ALLOCATE|[102]|Bytes:28
14:59:05.0 (26633589)|HEAP_ALLOCATE|[102]|Bytes:28
14:59:05.0 (26644320)|VARIABLE_ASSIGNMENT|[102]|i1|5.0
14:59:05.0 (26649189)|STATEMENT_EXECUTE|[103]
14:59:05.0 (26678473)|VARIABLE_ASSIGNMENT|[EXTERNAL]|this|{"aptdum":"0x4fdb910b","Docdum":"0x14450bc3","Docmap":"0x62173163","Initialselected":4,"Selecteddoc":"a260H000001koYjQAI","SelectedtimeSlot":60,"timelist":"0x1aa1330f","timeset":"0x338d3866","timewraplist":"0xc537184","timewraplistInitial":"0x5bfa0c39"}|0x368c2c78
14:59:05.0 (26694437)|HEAP_ALLOCATE|[EXTERNAL]|Bytes:4
14:59:05.0 (26711658)|STATEMENT_EXECUTE|[105]
14:59:05.0 (26713439)|STATEMENT_EXECUTE|[106]
14:59:05.0 (26739566)|VARIABLE_ASSIGNMENT|[EXTERNAL]|this|{"aptdum":"0x4fdb910b","Docdum":"0x14450bc3","Docmap":"0x62173163","Initialselected":4,"Selecteddoc":"a260H000001koYjQAI","SelectedtimeSlot":60,"timelist":"0x1aa1330f","timeset":"0x338d3866","timewraplist":"0xc537184","timewraplistInitial":"0x5bfa0c39"}|0x368c2c78
14:59:05.0 (26753197)|HEAP_ALLOCATE|[106]|Bytes:12
14:59:05.0 (26763977)|CONSTRUCTOR_ENTRY|[106]|01p0H000007gCe8|<init>(Boolean,Time)
14:59:05.0 (26769478)|VARIABLE_SCOPE_BEGIN|[201]|this|docappcontroller.Wrapertimeslot|true|false
14:59:05.0 (26782632)|VARIABLE_ASSIGNMENT|[201]|this|{}|0x271ec345
14:59:05.0 (26789481)|VARIABLE_SCOPE_BEGIN|[201]|selection|Boolean|false|false
14:59:05.0 (26797740)|VARIABLE_ASSIGNMENT|[201]|selection|false
14:59:05.0 (26801671)|VARIABLE_SCOPE_BEGIN|[201]|tm|Time|false|false
14:59:05.0 (26809528)|VARIABLE_ASSIGNMENT|[201]|tm|61200000
14:59:05.0 (26814228)|STATEMENT_EXECUTE|[197]
14:59:05.0 (26815673)|STATEMENT_EXECUTE|[198]
14:59:05.0 (26817415)|STATEMENT_EXECUTE|[199]
14:59:05.0 (26825510)|STATEMENT_EXECUTE|[201]
14:59:05.0 (26827054)|STATEMENT_EXECUTE|[202]
14:59:05.0 (26838062)|VARIABLE_ASSIGNMENT|[EXTERNAL]|this|{}|0x271ec345
14:59:05.0 (26847287)|VARIABLE_ASSIGNMENT|[EXTERNAL]|value|false
14:59:05.0 (26853170)|HEAP_ALLOCATE|[198]|Bytes:5
14:59:05.0 (26858913)|VARIABLE_ASSIGNMENT|[198]|this.selected|false|0x271ec345
14:59:05.0 (26865926)|STATEMENT_EXECUTE|[203]
14:59:05.0 (26876730)|VARIABLE_ASSIGNMENT|[EXTERNAL]|this|{"selected":false}|0x271ec345
14:59:05.0 (26885478)|VARIABLE_ASSIGNMENT|[EXTERNAL]|value|61200000
14:59:05.0 (26892255)|VARIABLE_ASSIGNMENT|[199]|this.t|61200000|0x271ec345
14:59:05.0 (26905062)|CONSTRUCTOR_EXIT|[106]|01p0H000007gCe8|<init>(Boolean,Time)
14:59:05.0 (26914793)|HEAP_ALLOCATE|[EXTERNAL]|Bytes:4
14:59:05.0 (26925511)|HEAP_ALLOCATE|[99]|Bytes:28
14:59:05.0 (26929047)|HEAP_ALLOCATE|[99]|Bytes:28
14:59:05.0 (26946381)|STATEMENT_EXECUTE|[99]
14:59:05.0 (26948223)|STATEMENT_EXECUTE|[100]
14:59:05.0 (26956321)|USER_DEBUG|[100]|DEBUG|17:00:00.000Z
14:59:05.0 (26963763)|STATEMENT_EXECUTE|[101]
14:59:05.0 (26971721)|HEAP_ALLOCATE|[101]|Bytes:4
14:59:05.0 (26984622)|VARIABLE_ASSIGNMENT|[101]|t|63000000
14:59:05.0 (26989608)|STATEMENT_EXECUTE|[102]
14:59:05.0 (26994297)|HEAP_ALLOCATE|[102]|Bytes:28
14:59:05.0 (27006084)|HEAP_ALLOCATE|[102]|Bytes:28
14:59:05.0 (27017486)|VARIABLE_ASSIGNMENT|[102]|i1|5.5
14:59:05.0 (27022171)|STATEMENT_EXECUTE|[103]
14:59:05.0 (27051311)|VARIABLE_ASSIGNMENT|[EXTERNAL]|this|{"aptdum":"0x4fdb910b","Docdum":"0x14450bc3","Docmap":"0x62173163","Initialselected":4,"Selecteddoc":"a260H000001koYjQAI","SelectedtimeSlot":60,"timelist":"0x1aa1330f","timeset":"0x338d3866","timewraplist":"0xc537184","timewraplistInitial":"0x5bfa0c39"}|0x368c2c78
14:59:05.0 (27066165)|HEAP_ALLOCATE|[EXTERNAL]|Bytes:4
14:59:05.0 (27078600)|STATEMENT_EXECUTE|[105]
14:59:05.0 (27080323)|STATEMENT_EXECUTE|[106]
14:59:05.0 (27104995)|VARIABLE_ASSIGNMENT|[EXTERNAL]|this|{"aptdum":"0x4fdb910b","Docdum":"0x14450bc3","Docmap":"0x62173163","Initialselected":4,"Selecteddoc":"a260H000001koYjQAI","SelectedtimeSlot":60,"timelist":"0x1aa1330f","timeset":"0x338d3866","timewraplist":"0xc537184","timewraplistInitial":"0x5bfa0c39"}|0x368c2c78
14:59:05.0 (27117505)|HEAP_ALLOCATE|[106]|Bytes:12
14:59:05.0 (27128094)|CONSTRUCTOR_ENTRY|[106]|01p0H000007gCe8|<init>(Boolean,Time)
14:59:05.0 (27133803)|VARIABLE_SCOPE_BEGIN|[201]|this|docappcontroller.Wrapertimeslot|true|false
14:59:05.0 (27149442)|VARIABLE_ASSIGNMENT|[201]|this|{}|0x656f9290
14:59:05.0 (27156565)|VARIABLE_SCOPE_BEGIN|[201]|selection|Boolean|false|false
14:59:05.0 (27164638)|VARIABLE_ASSIGNMENT|[201]|selection|false
14:59:05.0 (27168506)|VARIABLE_SCOPE_BEGIN|[201]|tm|Time|false|false
14:59:05.0 (27176262)|VARIABLE_ASSIGNMENT|[201]|tm|63000000
14:59:05.0 (27180815)|STATEMENT_EXECUTE|[197]
14:59:05.0 (27182248)|STATEMENT_EXECUTE|[198]
14:59:05.0 (27183728)|STATEMENT_EXECUTE|[199]
14:59:05.0 (27192031)|STATEMENT_EXECUTE|[201]
14:59:05.0 (27193531)|STATEMENT_EXECUTE|[202]
14:59:05.0 (27204225)|VARIABLE_ASSIGNMENT|[EXTERNAL]|this|{}|0x656f9290
14:59:05.0 (27212891)|VARIABLE_ASSIGNMENT|[EXTERNAL]|value|false
14:59:05.0 (27218495)|HEAP_ALLOCATE|[198]|Bytes:5
14:59:05.0 (27223965)|VARIABLE_ASSIGNMENT|[198]|this.selected|false|0x656f9290
14:59:05.0 (27230829)|STATEMENT_EXECUTE|[203]
14:59:05.0 (27242028)|VARIABLE_ASSIGNMENT|[EXTERNAL]|this|{"selected":false}|0x656f9290
14:59:05.0 (27250776)|VARIABLE_ASSIGNMENT|[EXTERNAL]|value|63000000
14:59:05.0 (27257332)|VARIABLE_ASSIGNMENT|[199]|this.t|63000000|0x656f9290
14:59:05.0 (27271070)|CONSTRUCTOR_EXIT|[106]|01p0H000007gCe8|<init>(Boolean,Time)
14:59:05.0 (27280410)|HEAP_ALLOCATE|[EXTERNAL]|Bytes:4
14:59:05.0 (27291039)|HEAP_ALLOCATE|[99]|Bytes:28
14:59:05.0 (27295088)|HEAP_ALLOCATE|[99]|Bytes:28
14:59:05.0 (27311757)|STATEMENT_EXECUTE|[99]
14:59:05.0 (27313554)|STATEMENT_EXECUTE|[100]
14:59:05.0 (27321699)|USER_DEBUG|[100]|DEBUG|17:30:00.000Z
14:59:05.0 (27328801)|STATEMENT_EXECUTE|[101]
14:59:05.0 (27336917)|HEAP_ALLOCATE|[101]|Bytes:4
14:59:05.0 (27349479)|VARIABLE_ASSIGNMENT|[101]|t|64800000
14:59:05.0 (27353887)|STATEMENT_EXECUTE|[102]
14:59:05.0 (27358533)|HEAP_ALLOCATE|[102]|Bytes:28
14:59:05.0 (27369803)|HEAP_ALLOCATE|[102]|Bytes:28
14:59:05.0 (27380714)|VARIABLE_ASSIGNMENT|[102]|i1|6.0
14:59:05.0 (27385426)|STATEMENT_EXECUTE|[103]
14:59:05.0 (27414334)|VARIABLE_ASSIGNMENT|[EXTERNAL]|this|{"aptdum":"0x4fdb910b","Docdum":"0x14450bc3","Docmap":"0x62173163","Initialselected":4,"Selecteddoc":"a260H000001koYjQAI","SelectedtimeSlot":60,"timelist":"0x1aa1330f","timeset":"0x338d3866","timewraplist":"0xc537184","timewraplistInitial":"0x5bfa0c39"}|0x368c2c78
14:59:05.0 (27430694)|HEAP_ALLOCATE|[EXTERNAL]|Bytes:4
14:59:05.0 (27442834)|STATEMENT_EXECUTE|[105]
14:59:05.0 (27444571)|STATEMENT_EXECUTE|[106]
14:59:05.0 (27469579)|VARIABLE_ASSIGNMENT|[EXTERNAL]|this|{"aptdum":"0x4fdb910b","Docdum":"0x14450bc3","Docmap":"0x62173163","Initialselected":4,"Selecteddoc":"a260H000001koYjQAI","SelectedtimeSlot":60,"timelist":"0x1aa1330f","timeset":"0x338d3866","timewraplist":"0xc537184","timewraplistInitial":"0x5bfa0c39"}|0x368c2c78
14:59:05.0 (27483366)|HEAP_ALLOCATE|[106]|Bytes:12
14:59:05.0 (27493496)|CONSTRUCTOR_ENTRY|[106]|01p0H000007gCe8|<init>(Boolean,Time)
14:59:05.0 (27499798)|VARIABLE_SCOPE_BEGIN|[201]|this|docappcontroller.Wrapertimeslot|true|false
14:59:05.0 (27513475)|VARIABLE_ASSIGNMENT|[201]|this|{}|0x7a686825
14:59:05.0 (27519941)|VARIABLE_SCOPE_BEGIN|[201]|selection|Boolean|false|false
14:59:05.0 (27528103)|VARIABLE_ASSIGNMENT|[201]|selection|false
14:59:05.0 (27532204)|VARIABLE_SCOPE_BEGIN|[201]|tm|Time|false|false
14:59:05.0 (27540509)|VARIABLE_ASSIGNMENT|[201]|tm|64800000
14:59:05.0 (27545094)|STATEMENT_EXECUTE|[197]
14:59:05.0 (27546519)|STATEMENT_EXECUTE|[198]
14:59:05.0 (27548060)|STATEMENT_EXECUTE|[199]
14:59:05.0 (27556035)|STATEMENT_EXECUTE|[201]
14:59:05.0 (27557557)|STATEMENT_EXECUTE|[202]
14:59:05.0 (27568316)|VARIABLE_ASSIGNMENT|[EXTERNAL]|this|{}|0x7a686825
14:59:05.0 (27577159)|VARIABLE_ASSIGNMENT|[EXTERNAL]|value|false
14:59:05.0 (27582837)|HEAP_ALLOCATE|[198]|Bytes:5
14:59:05.0 (27588132)|VARIABLE_ASSIGNMENT|[198]|this.selected|false|0x7a686825
14:59:05.0 (27595231)|STATEMENT_EXECUTE|[203]
14:59:05.0 (27606456)|VARIABLE_ASSIGNMENT|[EXTERNAL]|this|{"selected":false}|0x7a686825
14:59:05.0 (27615094)|VARIABLE_ASSIGNMENT|[EXTERNAL]|value|64800000
14:59:05.0 (27621585)|VARIABLE_ASSIGNMENT|[199]|this.t|64800000|0x7a686825
14:59:05.0 (27634495)|CONSTRUCTOR_EXIT|[106]|01p0H000007gCe8|<init>(Boolean,Time)
14:59:05.0 (27644206)|HEAP_ALLOCATE|[EXTERNAL]|Bytes:4
14:59:05.0 (27655052)|HEAP_ALLOCATE|[99]|Bytes:28
14:59:05.0 (27658954)|HEAP_ALLOCATE|[99]|Bytes:28
14:59:05.0 (27675296)|STATEMENT_EXECUTE|[99]
14:59:05.0 (27677036)|STATEMENT_EXECUTE|[100]
14:59:05.0 (27685019)|USER_DEBUG|[100]|DEBUG|18:00:00.000Z
14:59:05.0 (27691644)|STATEMENT_EXECUTE|[101]
14:59:05.0 (27699374)|HEAP_ALLOCATE|[101]|Bytes:4
14:59:05.0 (27716000)|VARIABLE_ASSIGNMENT|[101]|t|66600000
14:59:05.0 (27720720)|STATEMENT_EXECUTE|[102]
14:59:05.0 (27725903)|HEAP_ALLOCATE|[102]|Bytes:28
14:59:05.0 (27738060)|HEAP_ALLOCATE|[102]|Bytes:28
14:59:05.0 (27748808)|VARIABLE_ASSIGNMENT|[102]|i1|6.5
14:59:05.0 (27753029)|STATEMENT_EXECUTE|[103]
14:59:05.0 (27790098)|VARIABLE_ASSIGNMENT|[EXTERNAL]|this|{"aptdum":"0x4fdb910b","Docdum":"0x14450bc3","Docmap":"0x62173163","Initialselected":4,"Selecteddoc":"a260H000001koYjQAI","SelectedtimeSlot":60,"timelist":"0x1aa1330f","timeset":"0x338d3866","timewraplist":"0xc537184","timewraplistInitial":"0x5bfa0c39"}|0x368c2c78
14:59:05.0 (27816403)|HEAP_ALLOCATE|[EXTERNAL]|Bytes:4
14:59:05.0 (27834882)|STATEMENT_EXECUTE|[105]
14:59:05.0 (27837282)|STATEMENT_EXECUTE|[106]
14:59:05.0 (27879876)|VARIABLE_ASSIGNMENT|[EXTERNAL]|this|{"aptdum":"0x4fdb910b","Docdum":"0x14450bc3","Docmap":"0x62173163","Initialselected":4,"Selecteddoc":"a260H000001koYjQAI","SelectedtimeSlot":60,"timelist":"0x1aa1330f","timeset":"0x338d3866","timewraplist":"0xc537184","timewraplistInitial":"0x5bfa0c39"}|0x368c2c78
14:59:05.0 (27900078)|HEAP_ALLOCATE|[106]|Bytes:12
14:59:05.0 (27918334)|CONSTRUCTOR_ENTRY|[106]|01p0H000007gCe8|<init>(Boolean,Time)
14:59:05.0 (27926769)|VARIABLE_SCOPE_BEGIN|[201]|this|docappcontroller.Wrapertimeslot|true|false
14:59:05.0 (27946991)|VARIABLE_ASSIGNMENT|[201]|this|{}|0x1f7e8af3
14:59:05.0 (27957045)|VARIABLE_SCOPE_BEGIN|[201]|selection|Boolean|false|false
14:59:05.0 (27968261)|VARIABLE_ASSIGNMENT|[201]|selection|false
14:59:05.0 (27974004)|VARIABLE_SCOPE_BEGIN|[201]|tm|Time|false|false
14:59:05.0 (27986791)|VARIABLE_ASSIGNMENT|[201]|tm|66600000
14:59:05.0 (27993329)|STATEMENT_EXECUTE|[197]
14:59:05.0 (27995279)|STATEMENT_EXECUTE|[198]
14:59:05.0 (27997173)|STATEMENT_EXECUTE|[199]
14:59:05.0 (28011003)|STATEMENT_EXECUTE|[201]
14:59:05.0 (28013878)|STATEMENT_EXECUTE|[202]
14:59:05.0 (28030611)|VARIABLE_ASSIGNMENT|[EXTERNAL]|this|{}|0x1f7e8af3
14:59:05.0 (28043750)|VARIABLE_ASSIGNMENT|[EXTERNAL]|value|false
14:59:05.0 (28052090)|HEAP_ALLOCATE|[198]|Bytes:5
14:59:05.0 (28060828)|VARIABLE_ASSIGNMENT|[198]|this.selected|false|0x1f7e8af3
14:59:05.0 (28071219)|STATEMENT_EXECUTE|[203]
14:59:05.0 (28087232)|VARIABLE_ASSIGNMENT|[EXTERNAL]|this|{"selected":false}|0x1f7e8af3
14:59:05.0 (28099418)|VARIABLE_ASSIGNMENT|[EXTERNAL]|value|66600000
14:59:05.0 (28109457)|VARIABLE_ASSIGNMENT|[199]|this.t|66600000|0x1f7e8af3
14:59:05.0 (28130813)|CONSTRUCTOR_EXIT|[106]|01p0H000007gCe8|<init>(Boolean,Time)
14:59:05.0 (28145426)|HEAP_ALLOCATE|[EXTERNAL]|Bytes:4
14:59:05.0 (28161278)|HEAP_ALLOCATE|[99]|Bytes:28
14:59:05.0 (28167349)|HEAP_ALLOCATE|[99]|Bytes:28
14:59:05.0 (28198344)|STATEMENT_EXECUTE|[99]
14:59:05.0 (28200966)|STATEMENT_EXECUTE|[100]
14:59:05.0 (28213628)|USER_DEBUG|[100]|DEBUG|18:30:00.000Z
14:59:05.0 (28224686)|STATEMENT_EXECUTE|[101]
14:59:05.0 (28237145)|HEAP_ALLOCATE|[101]|Bytes:4
14:59:05.0 (28257562)|VARIABLE_ASSIGNMENT|[101]|t|68400000
14:59:05.0 (28264237)|STATEMENT_EXECUTE|[102]
14:59:05.0 (28271614)|HEAP_ALLOCATE|[102]|Bytes:28
14:59:05.0 (28289584)|HEAP_ALLOCATE|[102]|Bytes:28
14:59:05.0 (28305702)|VARIABLE_ASSIGNMENT|[102]|i1|7.0
14:59:05.0 (28312006)|STATEMENT_EXECUTE|[103]
14:59:05.0 (28357275)|VARIABLE_ASSIGNMENT|[EXTERNAL]|this|{"aptdum":"0x4fdb910b","Docdum":"0x14450bc3","Docmap":"0x62173163","Initialselected":4,"Selecteddoc":"a260H000001koYjQAI","SelectedtimeSlot":60,"timelist":"0x1aa1330f","timeset":"0x338d3866","timewraplist":"0xc537184","timewraplistInitial":"0x5bfa0c39"}|0x368c2c78
14:59:05.0 (28380101)|HEAP_ALLOCATE|[EXTERNAL]|Bytes:4
14:59:05.0 (28398123)|STATEMENT_EXECUTE|[107]
14:59:05.0 (28400606)|STATEMENT_EXECUTE|[108]
14:59:05.0 (28441644)|VARIABLE_ASSIGNMENT|[EXTERNAL]|this|{"aptdum":"0x4fdb910b","Docdum":"0x14450bc3","Docmap":"0x62173163","Initialselected":4,"Selecteddoc":"a260H000001koYjQAI","SelectedtimeSlot":60,"timelist":"0x1aa1330f","timeset":"0x338d3866","timewraplist":"0xc537184","timewraplistInitial":"0x5bfa0c39"}|0x368c2c78
14:59:05.0 (28460699)|HEAP_ALLOCATE|[108]|Bytes:12
14:59:05.0 (28477747)|CONSTRUCTOR_ENTRY|[108]|01p0H000007gCe8|<init>(Boolean,Time)
14:59:05.0 (28486491)|VARIABLE_SCOPE_BEGIN|[201]|this|docappcontroller.Wrapertimeslot|true|false
14:59:05.0 (28506763)|VARIABLE_ASSIGNMENT|[201]|this|{}|0x4bca3480
14:59:05.0 (28516266)|VARIABLE_SCOPE_BEGIN|[201]|selection|Boolean|false|false
14:59:05.0 (28527874)|VARIABLE_ASSIGNMENT|[201]|selection|true
14:59:05.0 (28533312)|VARIABLE_SCOPE_BEGIN|[201]|tm|Time|false|false
14:59:05.0 (28545879)|VARIABLE_ASSIGNMENT|[201]|tm|68400000
14:59:05.0 (28553087)|STATEMENT_EXECUTE|[197]
14:59:05.0 (28555164)|STATEMENT_EXECUTE|[198]
14:59:05.0 (28557128)|STATEMENT_EXECUTE|[199]
14:59:05.0 (28569917)|STATEMENT_EXECUTE|[201]
14:59:05.0 (28572193)|STATEMENT_EXECUTE|[202]
14:59:05.0 (28588805)|VARIABLE_ASSIGNMENT|[EXTERNAL]|this|{}|0x4bca3480
14:59:05.0 (28601713)|VARIABLE_ASSIGNMENT|[EXTERNAL]|value|true
14:59:05.0 (28610483)|HEAP_ALLOCATE|[198]|Bytes:5
14:59:05.0 (28619495)|VARIABLE_ASSIGNMENT|[198]|this.selected|true|0x4bca3480
14:59:05.0 (28630387)|STATEMENT_EXECUTE|[203]
14:59:05.0 (28646841)|VARIABLE_ASSIGNMENT|[EXTERNAL]|this|{"selected":true}|0x4bca3480
14:59:05.0 (28660916)|VARIABLE_ASSIGNMENT|[EXTERNAL]|value|68400000
14:59:05.0 (28671866)|VARIABLE_ASSIGNMENT|[199]|this.t|68400000|0x4bca3480
14:59:05.0 (28693945)|CONSTRUCTOR_EXIT|[108]|01p0H000007gCe8|<init>(Boolean,Time)
14:59:05.0 (28713771)|HEAP_ALLOCATE|[EXTERNAL]|Bytes:4
14:59:05.0 (28722082)|STATEMENT_EXECUTE|[109]
14:59:05.0 (28727014)|HEAP_ALLOCATE|[109]|Bytes:4
14:59:05.0 (28737439)|VARIABLE_ASSIGNMENT|[109]|this.Initialselected|5|0x368c2c78
14:59:05.0 (28752570)|HEAP_ALLOCATE|[99]|Bytes:28
14:59:05.0 (28757913)|HEAP_ALLOCATE|[99]|Bytes:28
14:59:05.0 (28792535)|HEAP_ALLOCATE|[115]|Bytes:28
14:59:05.0 (28798281)|HEAP_ALLOCATE|[115]|Bytes:28
14:59:05.0 (28806739)|HEAP_ALLOCATE|[115]|Bytes:28
14:59:05.0 (28840721)|HEAP_ALLOCATE|[115]|Bytes:28
14:59:05.0 (28872289)|STATEMENT_EXECUTE|[115]
14:59:05.0 (28875153)|STATEMENT_EXECUTE|[121]
14:59:05.0 (28929582)|VARIABLE_ASSIGNMENT|[EXTERNAL]|this|{"aptdum":"0x4fdb910b","Docdum":"0x14450bc3","Docmap":"0x62173163","Initialselected":5,"Selecteddoc":"a260H000001koYjQAI","SelectedtimeSlot":60,"timelist":"0x1aa1330f","timeset":"0x338d3866","timewraplist":"0xc537184","timewraplistInitial":"0x5bfa0c39"}|0x368c2c78
14:59:05.0 (28959087)|VARIABLE_ASSIGNMENT|[121]|this.timewraplistInitial|"List of size 15 too large to display"|0x368c2c78
14:59:05.0 (28967361)|STATEMENT_EXECUTE|[123]
14:59:05.33 (33324460)|SYSTEM_MODE_ENTER|true
14:59:05.33 (33390548)|HEAP_ALLOCATE|[EXTERNAL]|Bytes:8
14:59:05.33 (33400009)|VARIABLE_SCOPE_BEGIN|[88]|this|ApexPage.PageMessagesComponentController|true|false
14:59:05.33 (33424735)|VARIABLE_ASSIGNMENT|[88]|this|{}|0x4f88c26
14:59:05.33 (33431224)|VARIABLE_SCOPE_BEGIN|[88]|escape|Boolean|false|false
14:59:05.33 (33439748)|VARIABLE_ASSIGNMENT|[88]|escape|null
14:59:05.33 (33542342)|SYSTEM_MODE_ENTER|true
14:59:05.33 (33587720)|HEAP_ALLOCATE|[EXTERNAL]|Bytes:8
14:59:05.33 (33599108)|VARIABLE_SCOPE_BEGIN|[2]|this|ApexPage.PageMessagesComponentController|true|false
14:59:05.33 (33624204)|VARIABLE_ASSIGNMENT|[2]|this|{}|0x4f88c26
14:59:05.0 (33987082)|SYSTEM_MODE_ENTER|true
14:59:05.0 (34410760)|SYSTEM_MODE_ENTER|true
14:59:05.0 (34736808)|SYSTEM_MODE_ENTER|true
14:59:05.0 (34816907)|SYSTEM_MODE_ENTER|true
14:59:05.57 (57869285)|SYSTEM_MODE_ENTER|true
14:59:05.57 (57970691)|HEAP_ALLOCATE|[EXTERNAL]|Bytes:8
14:59:05.57 (57987883)|VARIABLE_SCOPE_BEGIN|[88]|this|ApexPage.PageMessagesComponentController|true|false
14:59:05.57 (58031024)|VARIABLE_ASSIGNMENT|[88]|this|{}|0x4f88c26
14:59:05.57 (58039270)|VARIABLE_SCOPE_BEGIN|[88]|escape|Boolean|false|false
14:59:05.57 (58047891)|VARIABLE_ASSIGNMENT|[88]|escape|null
14:59:05.58 (58221704)|SYSTEM_MODE_ENTER|true
14:59:05.58 (58263329)|HEAP_ALLOCATE|[EXTERNAL]|Bytes:8
14:59:05.58 (58271003)|VARIABLE_SCOPE_BEGIN|[2]|this|ApexPage.PageMessagesComponentController|true|false
14:59:05.58 (58290802)|VARIABLE_ASSIGNMENT|[2]|this|{}|0x4f88c26
14:59:05.0 (59878397)|SYSTEM_MODE_ENTER|true
14:59:05.0 (59922120)|HEAP_ALLOCATE|[EXTERNAL]|Bytes:48
14:59:05.0 (59931500)|VARIABLE_SCOPE_BEGIN|[156]|this|docappcontroller|true|false
14:59:05.0 (59990980)|VARIABLE_ASSIGNMENT|[156]|this|{"aptdum":"0x4fdb910b","Docdum":"0x14450bc3","Docmap":"0x62173163","Initialselected":5,"Selecteddoc":"a260H000001koYjQAI","SelectedtimeSlot":60,"timelist":"0x1aa1330f","timeset":"0x338d3866","timewraplist":"0xc537184","timewraplistInitial":"0xc537184"}|0x368c2c78
14:59:05.0 (60004899)|STATEMENT_EXECUTE|[156]
14:59:05.0 (60007982)|STATEMENT_EXECUTE|[158]
14:59:05.0 (60022870)|HEAP_ALLOCATE|[158]|Bytes:4
14:59:05.0 (60040670)|VARIABLE_SCOPE_BEGIN|[158]|options|List<System.SelectOption>|true|false
14:59:05.0 (60064050)|HEAP_ALLOCATE|[EXTERNAL]|Bytes:4
14:59:05.0 (60075382)|VARIABLE_ASSIGNMENT|[158]|options|[]|0x3aa1b53
14:59:05.0 (60081469)|STATEMENT_EXECUTE|[159]
14:59:05.0 (60108450)|HEAP_ALLOCATE|[EXTERNAL]|Bytes:4
14:59:05.0 (60149539)|VARIABLE_ASSIGNMENT|[EXTERNAL]|this|{"aptdum":"0x4fdb910b","Docdum":"0x14450bc3","Docmap":"0x62173163","Initialselected":5,"Selecteddoc":"a260H000001koYjQAI","SelectedtimeSlot":60,"timelist":"0x1aa1330f","timeset":"0x338d3866","timewraplist":"0xc537184","timewraplistInitial":"0xc537184"}|0x368c2c78
14:59:05.0 (60163746)|STATEMENT_EXECUTE|[160]
14:59:05.0 (60190506)|VARIABLE_ASSIGNMENT|[EXTERNAL]|this|{"aptdum":"0x4fdb910b","Docdum":"0x14450bc3","Docmap":"0x62173163","Initialselected":5,"Selecteddoc":"a260H000001koYjQAI","SelectedtimeSlot":60,"timelist":"0x1aa1330f","timeset":"0x338d3866","timewraplist":"0xc537184","timewraplistInitial":"0xc537184"}|0x368c2c78
14:59:05.0 (60212841)|HEAP_ALLOCATE|[EXTERNAL]|Bytes:12
14:59:05.0 (60232005)|HEAP_ALLOCATE|[161]|Bytes:237
14:59:05.0 (60253893)|HEAP_ALLOCATE|[161]|Bytes:5
14:59:05.0 (60270127)|HEAP_ALLOCATE|[161]|Bytes:24
14:59:05.0 (60279141)|VARIABLE_SCOPE_BEGIN|[161]|doc|Doctor__c|true|false
14:59:05.0 (60303479)|VARIABLE_ASSIGNMENT|[161]|doc|{"Id":"a260H000001koYjQAI","Name":"doc 2","End_Time__c":68400000,"Speciality__c":"General Surgery","Start_Time__c":43200000}|0x3800023c
14:59:05.0 (60312005)|STATEMENT_EXECUTE|[161]
14:59:05.0 (60313523)|STATEMENT_EXECUTE|[162]
14:59:05.0 (60334250)|HEAP_ALLOCATE|[162]|Bytes:18
14:59:05.0 (60348823)|HEAP_ALLOCATE|[EXTERNAL]|Bytes:4
14:59:05.0 (60360272)|HEAP_ALLOCATE|[161]|Bytes:5
14:59:05.0 (60368799)|HEAP_ALLOCATE|[161]|Bytes:24
14:59:05.0 (60374512)|VARIABLE_SCOPE_BEGIN|[161]|doc|Doctor__c|true|false
14:59:05.0 (60388647)|VARIABLE_ASSIGNMENT|[161]|doc|{"Id":"a260H000001koYeQAI","Name":"Doc1","End_Time__c":64800000,"Speciality__c":"General Surgery","Start_Time__c":32400000}|0x20676e7b
14:59:05.0 (60394753)|STATEMENT_EXECUTE|[161]
14:59:05.0 (60396238)|STATEMENT_EXECUTE|[162]
14:59:05.0 (60401713)|HEAP_ALLOCATE|[162]|Bytes:18
14:59:05.0 (60411855)|HEAP_ALLOCATE|[EXTERNAL]|Bytes:4
14:59:05.0 (60421581)|HEAP_ALLOCATE|[161]|Bytes:5
14:59:05.0 (60430363)|VARIABLE_ASSIGNMENT|[161]|doc|null|
14:59:05.0 (60435778)|STATEMENT_EXECUTE|[168]
14:59:05.0 (60598808)|SYSTEM_MODE_ENTER|true
14:59:05.0 (63909164)|SYSTEM_MODE_ENTER|true
14:59:05.0 (63948124)|HEAP_ALLOCATE|[EXTERNAL]|Bytes:48
14:59:05.0 (63956505)|VARIABLE_SCOPE_BEGIN|[173]|this|docappcontroller|true|false
14:59:05.0 (63996887)|VARIABLE_ASSIGNMENT|[173]|this|{"aptdum":"0x4fdb910b","Docdum":"0x14450bc3","Docmap":"0x62173163","Initialselected":5,"Selecteddoc":"a260H000001koYjQAI","SelectedtimeSlot":60,"timelist":"0x1aa1330f","timeset":"0x338d3866","timewraplist":"0xc537184","timewraplistInitial":"0xc537184"}|0x368c2c78
14:59:05.0 (64009243)|STATEMENT_EXECUTE|[173]
14:59:05.0 (64011741)|STATEMENT_EXECUTE|[175]
14:59:05.0 (64021755)|HEAP_ALLOCATE|[175]|Bytes:4
14:59:05.0 (64038016)|VARIABLE_SCOPE_BEGIN|[175]|options|List<System.SelectOption>|true|false
14:59:05.0 (64059658)|HEAP_ALLOCATE|[EXTERNAL]|Bytes:4
14:59:05.0 (64068477)|VARIABLE_ASSIGNMENT|[175]|options|[]|0x9012dd8
14:59:05.0 (64073958)|STATEMENT_EXECUTE|[176]
14:59:05.0 (64089631)|HEAP_ALLOCATE|[EXTERNAL]|Bytes:4
14:59:05.0 (64096783)|STATEMENT_EXECUTE|[179]
14:59:05.0 (64104029)|HEAP_ALLOCATE|[EXTERNAL]|Bytes:4
14:59:05.0 (64109240)|STATEMENT_EXECUTE|[180]
14:59:05.0 (64116277)|HEAP_ALLOCATE|[EXTERNAL]|Bytes:4
14:59:05.0 (64124889)|STATEMENT_EXECUTE|[185]
14:59:05.0 (64239904)|SYSTEM_MODE_ENTER|true
14:59:05.0 (66374668)|VF_SERIALIZE_VIEWSTATE_BEGIN|0660H000004OdRk
14:59:05.0 (84105243)|VF_SERIALIZE_VIEWSTATE_END
14:59:05.0 (104530535)|CODE_UNIT_STARTED|[EXTERNAL]|Generate Metadata
14:59:05.0 (106984686)|CODE_UNIT_FINISHED|Generate Metadata
14:59:05.109 (109499183)|CUMULATIVE_LIMIT_USAGE
14:59:05.109 (109499183)|LIMIT_USAGE_FOR_NS|(default)|
  Number of SOQL queries: 1 out of 100
  Number of query rows: 2 out of 50000
  Number of SOSL queries: 0 out of 20
  Number of DML statements: 0 out of 150
  Number of DML rows: 0 out of 10000
  Maximum CPU time: 0 out of 10000
  Maximum heap size: 0 out of 6000000
  Number of callouts: 0 out of 100
  Number of Email Invocations: 0 out of 10
  Number of future calls: 0 out of 50
  Number of queueable jobs added to the queue: 0 out of 50
  Number of Mobile Apex push calls: 0 out of 10

14:59:05.109 (109499183)|CUMULATIVE_LIMIT_USAGE_END

14:59:05.0 (109543679)|CODE_UNIT_FINISHED|VF: /apex/docapp
14:59:05.0 (110299292)|EXECUTION_FINISHED
