42.0 APEX_CODE,FINEST;APEX_PROFILING,INFO;CALLOUT,INFO;DB,INFO;SYSTEM,DEBUG;VALIDATION,INFO;VISUALFORCE,INFO;WAVE,INFO;WORKFLOW,INFO
16:18:31.0 (60341)|USER_INFO|[EXTERNAL]|005i0000002qYvT|anton@igate.com|India Standard Time|GMT+05:30
16:18:31.0 (97822)|EXECUTION_STARTED
16:18:31.0 (102036)|CODE_UNIT_STARTED|[EXTERNAL]|0660H000004OdRk|VF: /apex/docapp
16:18:31.0 (1106870)|VF_DESERIALIZE_VIEWSTATE_BEGIN|0660H000004OdRk
16:18:31.0 (6248849)|HEAP_ALLOCATE|[72]|Bytes:3
16:18:31.0 (6284251)|HEAP_ALLOCATE|[77]|Bytes:152
16:18:31.0 (6295470)|HEAP_ALLOCATE|[342]|Bytes:408
16:18:31.0 (6306549)|HEAP_ALLOCATE|[355]|Bytes:408
16:18:31.0 (6322067)|HEAP_ALLOCATE|[467]|Bytes:48
16:18:31.0 (6345926)|HEAP_ALLOCATE|[139]|Bytes:6
16:18:31.0 (6823165)|HEAP_ALLOCATE|[50]|Bytes:5
16:18:31.0 (6848336)|HEAP_ALLOCATE|[56]|Bytes:5
16:18:31.0 (6857526)|HEAP_ALLOCATE|[64]|Bytes:7
16:18:31.0 (10859841)|VF_DESERIALIZE_VIEWSTATE_END
16:18:31.11 (11470153)|SYSTEM_MODE_ENTER|true
16:18:31.11 (11544486)|HEAP_ALLOCATE|[EXTERNAL]|Bytes:38
16:18:31.11 (11578154)|HEAP_ALLOCATE|[EXTERNAL]|Bytes:7
16:18:31.11 (11589987)|SYSTEM_METHOD_ENTRY|[1]|PageMessagesComponentController.PageMessagesComponentController()
16:18:31.11 (11594979)|STATEMENT_EXECUTE|[1]
16:18:31.12 (12426350)|SYSTEM_MODE_ENTER|true
16:18:31.12 (12481441)|HEAP_ALLOCATE|[EXTERNAL]|Bytes:8
16:18:31.12 (12490483)|VARIABLE_SCOPE_BEGIN|[88]|this|ApexPage.PageMessagesComponentController|true|false
16:18:31.12 (12538581)|VARIABLE_ASSIGNMENT|[88]|this|{}|0x71f97294
16:18:31.12 (12546439)|VARIABLE_SCOPE_BEGIN|[88]|escape|Boolean|false|false
16:18:31.12 (12555370)|VARIABLE_ASSIGNMENT|[88]|escape|null
16:18:31.0 (12727157)|SYSTEM_MODE_ENTER|true
16:18:31.0 (12750781)|HEAP_ALLOCATE|[EXTERNAL]|Bytes:14
16:18:31.0 (12761342)|HEAP_ALLOCATE|[EXTERNAL]|Bytes:248
16:18:31.0 (12766249)|HEAP_ALLOCATE|[EXTERNAL]|Bytes:53
16:18:31.0 (12770201)|HEAP_ALLOCATE|[EXTERNAL]|Bytes:20
16:18:31.0 (12777370)|METHOD_ENTRY|[1]|01p0H000007gCe8|docappcontroller.docappcontroller()
16:18:31.0 (12783271)|STATEMENT_EXECUTE|[1]
16:18:31.0 (12787434)|STATEMENT_EXECUTE|[1]
16:18:31.0 (12789081)|STATEMENT_EXECUTE|[208]
16:18:31.0 (12793257)|METHOD_EXIT|[1]|docappcontroller
16:18:31.0 (17339526)|SYSTEM_MODE_ENTER|true
16:18:31.0 (19752634)|SYSTEM_MODE_ENTER|true
16:18:31.0 (19932660)|SYSTEM_MODE_ENTER|true
16:18:31.0 (20423075)|HEAP_ALLOCATE|[EXTERNAL]|Bytes:108
16:18:31.0 (20435833)|HEAP_ALLOCATE|[EXTERNAL]|Bytes:11
16:18:31.0 (24370382)|SYSTEM_MODE_ENTER|true
16:18:31.0 (24668389)|HEAP_ALLOCATE|[EXTERNAL]|Bytes:48
16:18:31.0 (24684964)|VARIABLE_SCOPE_BEGIN|[164]|this|docappcontroller|true|false
16:18:31.0 (24772959)|VARIABLE_ASSIGNMENT|[164]|this|{"aptdum":"0x3ff17d8f","Docdum":"0x2a08cdaa","Docmap":"0x627787cb","Initialselected":2,"Selecteddoc":"a260H000001koYkQAI","SelectedtimeSlot":60,"timelist":"0x11202c0","timeset":"0x52c74111","timewraplist":"0x1b73568a","timewraplistInitial":"0x1b73568a"}|0x71efa79b
16:18:31.0 (24789662)|STATEMENT_EXECUTE|[164]
16:18:31.0 (24792054)|STATEMENT_EXECUTE|[166]
16:18:31.0 (24804417)|HEAP_ALLOCATE|[166]|Bytes:4
16:18:31.0 (24841637)|VARIABLE_SCOPE_BEGIN|[166]|options|List<System.SelectOption>|true|false
16:18:31.0 (24869141)|HEAP_ALLOCATE|[EXTERNAL]|Bytes:4
16:18:31.0 (24880207)|VARIABLE_ASSIGNMENT|[166]|options|[]|0x66ee43c3
16:18:31.0 (24886629)|STATEMENT_EXECUTE|[167]
16:18:31.0 (24893324)|HEAP_ALLOCATE|[167]|Bytes:8
16:18:31.0 (24946930)|HEAP_ALLOCATE|[EXTERNAL]|Bytes:4
16:18:31.0 (25007905)|VARIABLE_ASSIGNMENT|[EXTERNAL]|this|{"aptdum":"0x3ff17d8f","Docdum":"0x2a08cdaa","Docmap":"0x627787cb","Initialselected":2,"Selecteddoc":"a260H000001koYkQAI","SelectedtimeSlot":60,"timelist":"0x11202c0","timeset":"0x52c74111","timewraplist":"0x1b73568a","timewraplistInitial":"0x1b73568a"}|0x71efa79b
16:18:31.0 (25026290)|STATEMENT_EXECUTE|[168]
16:18:31.0 (25060684)|VARIABLE_ASSIGNMENT|[EXTERNAL]|this|{"aptdum":"0x3ff17d8f","Docdum":"0x2a08cdaa","Docmap":"0x627787cb","Initialselected":2,"Selecteddoc":"a260H000001koYkQAI","SelectedtimeSlot":60,"timelist":"0x11202c0","timeset":"0x52c74111","timewraplist":"0x1b73568a","timewraplistInitial":"0x1b73568a"}|0x71efa79b
16:18:31.0 (25103670)|HEAP_ALLOCATE|[EXTERNAL]|Bytes:8
16:18:31.0 (25120474)|HEAP_ALLOCATE|[169]|Bytes:116
16:18:31.0 (25242690)|HEAP_ALLOCATE|[169]|Bytes:5
16:18:31.0 (25292647)|HEAP_ALLOCATE|[169]|Bytes:24
16:18:31.0 (25303521)|VARIABLE_SCOPE_BEGIN|[169]|doc|Doctor__c|true|false
16:18:31.0 (25446254)|VARIABLE_ASSIGNMENT|[169]|doc|{"Id":"a260H000001koYlQAI","Name":"doc4","End_Time__c":68400000,"Speciality__c":"Dermatology","Start_Time__c":32400000}|0x1fda24e5
16:18:31.0 (25455511)|STATEMENT_EXECUTE|[169]
16:18:31.0 (25457610)|STATEMENT_EXECUTE|[170]
16:18:31.0 (25497040)|HEAP_ALLOCATE|[170]|Bytes:18
16:18:31.0 (25551869)|HEAP_ALLOCATE|[EXTERNAL]|Bytes:4
16:18:31.0 (25568400)|HEAP_ALLOCATE|[169]|Bytes:5
16:18:31.0 (25581809)|VARIABLE_ASSIGNMENT|[169]|doc|null|
16:18:31.0 (25587383)|STATEMENT_EXECUTE|[176]
16:18:31.0 (25671027)|SYSTEM_MODE_ENTER|true
16:18:31.0 (26648782)|SYSTEM_MODE_ENTER|true
16:18:31.0 (26691400)|HEAP_ALLOCATE|[EXTERNAL]|Bytes:48
16:18:31.0 (26702078)|VARIABLE_SCOPE_BEGIN|[181]|this|docappcontroller|true|false
16:18:31.0 (26741991)|VARIABLE_ASSIGNMENT|[181]|this|{"aptdum":"0x3ff17d8f","Docdum":"0x2a08cdaa","Docmap":"0x627787cb","Initialselected":2,"Selecteddoc":"a260H000001koYkQAI","SelectedtimeSlot":60,"timelist":"0x11202c0","timeset":"0x52c74111","timewraplist":"0x1b73568a","timewraplistInitial":"0x1b73568a"}|0x71efa79b
16:18:31.0 (26754977)|STATEMENT_EXECUTE|[181]
16:18:31.0 (26757299)|STATEMENT_EXECUTE|[183]
16:18:31.0 (26767260)|HEAP_ALLOCATE|[183]|Bytes:4
16:18:31.0 (26789567)|VARIABLE_SCOPE_BEGIN|[183]|options|List<System.SelectOption>|true|false
16:18:31.0 (26812392)|HEAP_ALLOCATE|[EXTERNAL]|Bytes:4
16:18:31.0 (26820484)|VARIABLE_ASSIGNMENT|[183]|options|[]|0x4fcfc72b
16:18:31.0 (26826419)|STATEMENT_EXECUTE|[184]
16:18:31.0 (26829956)|HEAP_ALLOCATE|[184]|Bytes:79
16:18:31.0 (26845300)|HEAP_ALLOCATE|[184]|Bytes:4
16:18:31.0 (27765255)|SOQL_EXECUTE_BEGIN|[184]|Aggregations:0|SELECT Interval__c FROM Time_Interval__mdt ORDER BY Interval__c ASC NULLS FIRST
16:18:31.0 (30918961)|SOQL_EXECUTE_END|[184]|Rows:2
16:18:31.0 (30940845)|HEAP_ALLOCATE|[184]|Bytes:12
16:18:31.0 (30954969)|HEAP_ALLOCATE|[184]|Bytes:92
16:18:31.0 (31010592)|HEAP_ALLOCATE|[184]|Bytes:12
16:18:31.0 (31023663)|VARIABLE_SCOPE_BEGIN|[184]|intervals|List<Time_Interval__mdt>|true|false
16:18:31.0 (31047450)|VARIABLE_ASSIGNMENT|[184]|intervals|[{"Interval__c":"30","Id":"m030H000000bmFqQAI"},{"Interval__c":"60","Id":"m030H000000bmFvQAI"}]|0x13120155
16:18:31.0 (31152773)|HEAP_ALLOCATE|[187]|Bytes:5
16:18:31.0 (31168169)|HEAP_ALLOCATE|[187]|Bytes:12
16:18:31.0 (31175561)|VARIABLE_SCOPE_BEGIN|[187]|i|Time_Interval__mdt|true|false
16:18:31.0 (31191447)|VARIABLE_ASSIGNMENT|[187]|i|{"Interval__c":"30","Id":"m030H000000bmFqQAI"}|0x3c11247d
16:18:31.0 (31198962)|STATEMENT_EXECUTE|[187]
16:18:31.0 (31201106)|STATEMENT_EXECUTE|[188]
16:18:31.0 (31265281)|HEAP_ALLOCATE|[EXTERNAL]|Bytes:4
16:18:31.0 (31281556)|HEAP_ALLOCATE|[187]|Bytes:5
16:18:31.0 (31291718)|HEAP_ALLOCATE|[187]|Bytes:12
16:18:31.0 (31298456)|VARIABLE_SCOPE_BEGIN|[187]|i|Time_Interval__mdt|true|false
16:18:31.0 (31317798)|VARIABLE_ASSIGNMENT|[187]|i|{"Interval__c":"60","Id":"m030H000000bmFvQAI"}|0x3f8a8203
16:18:31.0 (31324264)|STATEMENT_EXECUTE|[187]
16:18:31.0 (31326104)|STATEMENT_EXECUTE|[188]
16:18:31.0 (31340220)|HEAP_ALLOCATE|[EXTERNAL]|Bytes:4
16:18:31.0 (31351440)|HEAP_ALLOCATE|[187]|Bytes:5
16:18:31.0 (31361921)|VARIABLE_ASSIGNMENT|[187]|i|null|
16:18:31.0 (31367672)|STATEMENT_EXECUTE|[196]
16:18:31.0 (31792132)|SYSTEM_MODE_ENTER|true
16:18:31.32 (32433094)|SYSTEM_MODE_ENTER|true
16:18:31.32 (32490826)|HEAP_ALLOCATE|[EXTERNAL]|Bytes:8
16:18:31.32 (32500834)|VARIABLE_SCOPE_BEGIN|[88]|this|ApexPage.PageMessagesComponentController|true|false
16:18:31.32 (32525567)|VARIABLE_ASSIGNMENT|[88]|this|{}|0x71f97294
16:18:31.32 (32532936)|VARIABLE_SCOPE_BEGIN|[88]|escape|Boolean|false|false
16:18:31.32 (32541198)|VARIABLE_ASSIGNMENT|[88]|escape|null
16:18:31.0 (32726963)|SYSTEM_MODE_ENTER|true
16:18:31.0 (32753134)|HEAP_ALLOCATE|[EXTERNAL]|Bytes:18
16:18:31.0 (32758969)|HEAP_ALLOCATE|[EXTERNAL]|Bytes:48
16:18:31.0 (32772233)|VARIABLE_ASSIGNMENT|[EXTERNAL]|this.Selecteddoc|"a260H000001koYlQAI"|0x71efa79b
16:18:31.0 (32814831)|SYSTEM_MODE_ENTER|true
16:18:31.0 (32963952)|SYSTEM_MODE_ENTER|true
16:18:31.0 (33183625)|HEAP_ALLOCATE|[EXTERNAL]|Bytes:5
16:18:31.0 (33194959)|HEAP_ALLOCATE|[EXTERNAL]|Bytes:12
16:18:31.0 (33204614)|VARIABLE_ASSIGNMENT|[EXTERNAL]|this.selected|false|0x3d4cf4c5
16:18:31.0 (33258043)|HEAP_ALLOCATE|[EXTERNAL]|Bytes:5
16:18:31.0 (33263810)|HEAP_ALLOCATE|[EXTERNAL]|Bytes:12
16:18:31.0 (33270402)|VARIABLE_ASSIGNMENT|[EXTERNAL]|this.selected|false|0x7881226
16:18:31.0 (33318011)|HEAP_ALLOCATE|[EXTERNAL]|Bytes:5
16:18:31.0 (33323567)|HEAP_ALLOCATE|[EXTERNAL]|Bytes:12
16:18:31.0 (33329826)|VARIABLE_ASSIGNMENT|[EXTERNAL]|this.selected|false|0x161d1415
16:18:31.0 (33372589)|HEAP_ALLOCATE|[EXTERNAL]|Bytes:5
16:18:31.0 (33377857)|HEAP_ALLOCATE|[EXTERNAL]|Bytes:12
16:18:31.0 (33384411)|VARIABLE_ASSIGNMENT|[EXTERNAL]|this.selected|false|0x17dbc75a
16:18:31.0 (33429230)|HEAP_ALLOCATE|[EXTERNAL]|Bytes:5
16:18:31.0 (33434160)|HEAP_ALLOCATE|[EXTERNAL]|Bytes:12
16:18:31.0 (33440944)|VARIABLE_ASSIGNMENT|[EXTERNAL]|this.selected|false|0x4debe3b8
16:18:31.0 (33481503)|HEAP_ALLOCATE|[EXTERNAL]|Bytes:5
16:18:31.0 (33486737)|HEAP_ALLOCATE|[EXTERNAL]|Bytes:12
16:18:31.0 (33493312)|VARIABLE_ASSIGNMENT|[EXTERNAL]|this.selected|false|0xab5d101
16:18:31.0 (33541992)|HEAP_ALLOCATE|[EXTERNAL]|Bytes:5
16:18:31.0 (33546851)|HEAP_ALLOCATE|[EXTERNAL]|Bytes:12
16:18:31.0 (33553161)|VARIABLE_ASSIGNMENT|[EXTERNAL]|this.selected|false|0x2f3afb1d
16:18:31.0 (33592469)|HEAP_ALLOCATE|[EXTERNAL]|Bytes:5
16:18:31.0 (33597410)|HEAP_ALLOCATE|[EXTERNAL]|Bytes:12
16:18:31.0 (33603776)|VARIABLE_ASSIGNMENT|[EXTERNAL]|this.selected|false|0xba31a22
16:18:31.0 (33643917)|HEAP_ALLOCATE|[EXTERNAL]|Bytes:5
16:18:31.0 (33648724)|HEAP_ALLOCATE|[EXTERNAL]|Bytes:12
16:18:31.0 (33654897)|VARIABLE_ASSIGNMENT|[EXTERNAL]|this.selected|false|0x4998d389
16:18:31.0 (33694726)|HEAP_ALLOCATE|[EXTERNAL]|Bytes:5
16:18:31.0 (33699346)|HEAP_ALLOCATE|[EXTERNAL]|Bytes:12
16:18:31.0 (33705019)|VARIABLE_ASSIGNMENT|[EXTERNAL]|this.selected|false|0x5c38c46
16:18:31.0 (33745303)|HEAP_ALLOCATE|[EXTERNAL]|Bytes:5
16:18:31.0 (33749934)|HEAP_ALLOCATE|[EXTERNAL]|Bytes:12
16:18:31.0 (33755931)|VARIABLE_ASSIGNMENT|[EXTERNAL]|this.selected|false|0x7dd96df0
16:18:31.0 (33794905)|HEAP_ALLOCATE|[EXTERNAL]|Bytes:5
16:18:31.0 (33799926)|HEAP_ALLOCATE|[EXTERNAL]|Bytes:12
16:18:31.0 (33805572)|VARIABLE_ASSIGNMENT|[EXTERNAL]|this.selected|false|0x6e381a63
16:18:31.0 (33845525)|HEAP_ALLOCATE|[EXTERNAL]|Bytes:5
16:18:31.0 (33850921)|HEAP_ALLOCATE|[EXTERNAL]|Bytes:12
16:18:31.0 (33857576)|VARIABLE_ASSIGNMENT|[EXTERNAL]|this.selected|false|0x61b398b6
16:18:31.0 (33897721)|HEAP_ALLOCATE|[EXTERNAL]|Bytes:5
16:18:31.0 (33902811)|HEAP_ALLOCATE|[EXTERNAL]|Bytes:12
16:18:31.0 (33908709)|VARIABLE_ASSIGNMENT|[EXTERNAL]|this.selected|false|0x788b897a
16:18:31.0 (33948657)|HEAP_ALLOCATE|[EXTERNAL]|Bytes:5
16:18:31.0 (33953367)|HEAP_ALLOCATE|[EXTERNAL]|Bytes:12
16:18:31.0 (33961657)|VARIABLE_ASSIGNMENT|[EXTERNAL]|this.selected|false|0x4e8bcd76
16:18:31.0 (34002087)|HEAP_ALLOCATE|[EXTERNAL]|Bytes:5
16:18:31.0 (34007325)|HEAP_ALLOCATE|[EXTERNAL]|Bytes:12
16:18:31.0 (34013447)|VARIABLE_ASSIGNMENT|[EXTERNAL]|this.selected|false|0x604e2dc6
16:18:31.0 (34052751)|HEAP_ALLOCATE|[EXTERNAL]|Bytes:5
16:18:31.0 (34057609)|HEAP_ALLOCATE|[EXTERNAL]|Bytes:12
16:18:31.0 (34063604)|VARIABLE_ASSIGNMENT|[EXTERNAL]|this.selected|false|0x1dc57f51
16:18:31.0 (34103387)|HEAP_ALLOCATE|[EXTERNAL]|Bytes:5
16:18:31.0 (34108895)|HEAP_ALLOCATE|[EXTERNAL]|Bytes:12
16:18:31.0 (34114750)|VARIABLE_ASSIGNMENT|[EXTERNAL]|this.selected|false|0x39a1f5ca
16:18:31.0 (34153981)|HEAP_ALLOCATE|[EXTERNAL]|Bytes:5
16:18:31.0 (34158712)|HEAP_ALLOCATE|[EXTERNAL]|Bytes:12
16:18:31.0 (34164859)|VARIABLE_ASSIGNMENT|[EXTERNAL]|this.selected|false|0x29516ff5
16:18:31.0 (34204951)|HEAP_ALLOCATE|[EXTERNAL]|Bytes:5
16:18:31.0 (34210202)|HEAP_ALLOCATE|[EXTERNAL]|Bytes:12
16:18:31.0 (34215751)|VARIABLE_ASSIGNMENT|[EXTERNAL]|this.selected|false|0x38605704
16:18:31.0 (34256969)|HEAP_ALLOCATE|[EXTERNAL]|Bytes:5
16:18:31.0 (34261692)|HEAP_ALLOCATE|[EXTERNAL]|Bytes:12
16:18:31.0 (34267953)|VARIABLE_ASSIGNMENT|[EXTERNAL]|this.selected|false|0xee998ae
16:18:31.0 (34311311)|HEAP_ALLOCATE|[EXTERNAL]|Bytes:5
16:18:31.0 (34316062)|HEAP_ALLOCATE|[EXTERNAL]|Bytes:12
16:18:31.0 (34322188)|VARIABLE_ASSIGNMENT|[EXTERNAL]|this.selected|false|0x38d0231c
16:18:31.0 (34362935)|HEAP_ALLOCATE|[EXTERNAL]|Bytes:5
16:18:31.0 (34367994)|HEAP_ALLOCATE|[EXTERNAL]|Bytes:12
16:18:31.0 (34374432)|VARIABLE_ASSIGNMENT|[EXTERNAL]|this.selected|false|0x1a5cdd34
16:18:31.0 (34413846)|HEAP_ALLOCATE|[EXTERNAL]|Bytes:5
16:18:31.0 (34418772)|HEAP_ALLOCATE|[EXTERNAL]|Bytes:12
16:18:31.0 (34424762)|VARIABLE_ASSIGNMENT|[EXTERNAL]|this.selected|false|0x20be710c
16:18:31.0 (34463502)|HEAP_ALLOCATE|[EXTERNAL]|Bytes:5
16:18:31.0 (34468358)|HEAP_ALLOCATE|[EXTERNAL]|Bytes:12
16:18:31.0 (34474258)|VARIABLE_ASSIGNMENT|[EXTERNAL]|this.selected|false|0x6250b15d
16:18:31.0 (34514003)|HEAP_ALLOCATE|[EXTERNAL]|Bytes:5
16:18:31.0 (34518922)|HEAP_ALLOCATE|[EXTERNAL]|Bytes:12
16:18:31.0 (34526602)|VARIABLE_ASSIGNMENT|[EXTERNAL]|this.selected|false|0x5ba1a6c8
16:18:31.0 (34567632)|HEAP_ALLOCATE|[EXTERNAL]|Bytes:5
16:18:31.0 (34572409)|HEAP_ALLOCATE|[EXTERNAL]|Bytes:12
16:18:31.0 (34578045)|VARIABLE_ASSIGNMENT|[EXTERNAL]|this.selected|false|0x27e875f5
16:18:31.0 (34617403)|SYSTEM_MODE_ENTER|true
16:18:31.0 (34632857)|HEAP_ALLOCATE|[EXTERNAL]|Bytes:8
16:18:31.0 (34637733)|HEAP_ALLOCATE|[EXTERNAL]|Bytes:48
16:18:31.0 (34644486)|VARIABLE_ASSIGNMENT|[EXTERNAL]|this.SelectedtimeSlot|60|0x71efa79b
16:18:31.0 (34678400)|SYSTEM_MODE_ENTER|true
16:18:31.0 (34953042)|HEAP_ALLOCATE|[EXTERNAL]|Bytes:48
16:18:31.0 (34968121)|VARIABLE_SCOPE_BEGIN|[62]|this|docappcontroller|true|false
16:18:31.0 (35015025)|VARIABLE_ASSIGNMENT|[62]|this|{"aptdum":"0x3ff17d8f","Docdum":"0x2a08cdaa","Docmap":"0x627787cb","Initialselected":2,"Selecteddoc":"a260H000001koYlQAI","SelectedtimeSlot":60,"timelist":"0x11202c0","timeset":"0x52c74111","timewraplist":"0x1b73568a","timewraplistInitial":"0x1b73568a"}|0x71efa79b
16:18:31.0 (35028753)|STATEMENT_EXECUTE|[62]
16:18:31.0 (35030820)|STATEMENT_EXECUTE|[64]
16:18:31.0 (35079210)|VARIABLE_ASSIGNMENT|[EXTERNAL]|this|{"aptdum":"0x3ff17d8f","Docdum":"0x2a08cdaa","Docmap":"0x627787cb","Initialselected":2,"Selecteddoc":"a260H000001koYlQAI","SelectedtimeSlot":60,"timelist":"0x11202c0","timeset":"0x52c74111","timewraplist":"0x1b73568a","timewraplistInitial":"0x1b73568a"}|0x71efa79b
16:18:31.0 (35112099)|USER_DEBUG|[64]|DEBUG|a260H000001koYlQAI
16:18:31.0 (35154401)|VARIABLE_ASSIGNMENT|[EXTERNAL]|this|{"aptdum":"0x3ff17d8f","Docdum":"0x2a08cdaa","Docmap":"0x627787cb","Initialselected":2,"Selecteddoc":"a260H000001koYlQAI","SelectedtimeSlot":60,"timelist":"0x11202c0","timeset":"0x52c74111","timewraplist":"0x1b73568a","timewraplistInitial":"0x1b73568a"}|0x71efa79b
16:18:31.0 (35190972)|VARIABLE_ASSIGNMENT|[EXTERNAL]|this|{"aptdum":"0x3ff17d8f","Docdum":"0x2a08cdaa","Docmap":"0x627787cb","Initialselected":2,"Selecteddoc":"a260H000001koYlQAI","SelectedtimeSlot":60,"timelist":"0x11202c0","timeset":"0x52c74111","timewraplist":"0x1b73568a","timewraplistInitial":"0x1b73568a"}|0x71efa79b
16:18:31.0 (35223906)|STATEMENT_EXECUTE|[67]
16:18:31.0 (35225944)|STATEMENT_EXECUTE|[68]
16:18:31.0 (35261263)|VARIABLE_ASSIGNMENT|[EXTERNAL]|this|{"aptdum":"0x3ff17d8f","Docdum":"0x2a08cdaa","Docmap":"0x627787cb","Initialselected":2,"Selecteddoc":"a260H000001koYlQAI","SelectedtimeSlot":60,"timelist":"0x11202c0","timeset":"0x52c74111","timewraplist":"0x1b73568a","timewraplistInitial":"0x1b73568a"}|0x71efa79b
16:18:31.0 (35296594)|VARIABLE_ASSIGNMENT|[EXTERNAL]|this|{"aptdum":"0x3ff17d8f","Docdum":"0x2a08cdaa","Docmap":"0x627787cb","Initialselected":2,"Selecteddoc":"a260H000001koYlQAI","SelectedtimeSlot":60,"timelist":"0x11202c0","timeset":"0x52c74111","timewraplist":"0x1b73568a","timewraplistInitial":"0x1b73568a"}|0x71efa79b
16:18:31.0 (35330815)|VARIABLE_SCOPE_BEGIN|[68]|d|Doctor__c|true|false
16:18:31.0 (35358014)|VARIABLE_ASSIGNMENT|[68]|d|{"Id":"a260H000001koYlQAI","Name":"doc4","End_Time__c":68400000,"Speciality__c":"Dermatology","Start_Time__c":32400000}|0x1fda24e5
16:18:31.0 (35364886)|STATEMENT_EXECUTE|[69]
16:18:31.0 (35400007)|HEAP_ALLOCATE|[69]|Bytes:4
16:18:31.0 (35440983)|HEAP_ALLOCATE|[69]|Bytes:150
16:18:31.0 (35454037)|HEAP_ALLOCATE|[69]|Bytes:4
16:18:31.0 (35460652)|HEAP_ALLOCATE|[69]|Bytes:7
16:18:31.0 (35496249)|VARIABLE_ASSIGNMENT|[EXTERNAL]|this|{"aptdum":"0x3ff17d8f","Docdum":"0x2a08cdaa","Docmap":"0x627787cb","Initialselected":2,"Selecteddoc":"a260H000001koYlQAI","SelectedtimeSlot":60,"timelist":"0x11202c0","timeset":"0x52c74111","timewraplist":"0x1b73568a","timewraplistInitial":"0x1b73568a"}|0x71efa79b
16:18:31.0 (35516580)|HEAP_ALLOCATE|[69]|Bytes:7
16:18:31.0 (35548919)|VARIABLE_ASSIGNMENT|[EXTERNAL]|this|{"aptdum":"0x3ff17d8f","Docdum":"0x2a08cdaa","Docmap":"0x627787cb","Initialselected":2,"Selecteddoc":"a260H000001koYlQAI","SelectedtimeSlot":60,"timelist":"0x11202c0","timeset":"0x52c74111","timewraplist":"0x1b73568a","timewraplistInitial":"0x1b73568a"}|0x71efa79b
16:18:31.0 (35848467)|SOQL_EXECUTE_BEGIN|[69]|Aggregations:0|SELECT Id, Name, Doctor__c, Patient__c, End_Time__c, Start_Time__c FROM Appointment__c WHERE (Doctor__c = :tmpVar1 AND Appointment_Date__c = :tmpVar2)
16:18:31.0 (39075275)|SOQL_EXECUTE_END|[69]|Rows:0
16:18:31.0 (39097717)|HEAP_ALLOCATE|[69]|Bytes:4
16:18:31.0 (39110394)|HEAP_ALLOCATE|[69]|Bytes:0
16:18:31.0 (39137100)|HEAP_ALLOCATE|[69]|Bytes:4
16:18:31.0 (39158364)|HEAP_ALLOCATE|[69]|Bytes:0
16:18:31.0 (39167834)|VARIABLE_SCOPE_BEGIN|[69]|aptlist|List<Appointment__c>|true|false
16:18:31.0 (39179769)|HEAP_ALLOCATE|[EXTERNAL]|Bytes:4
16:18:31.0 (39189052)|VARIABLE_ASSIGNMENT|[69]|aptlist|[]|0x2b73246
16:18:31.0 (39195076)|STATEMENT_EXECUTE|[70]
16:18:31.0 (39205345)|HEAP_ALLOCATE|[70]|Bytes:4
16:18:31.0 (39256522)|VARIABLE_ASSIGNMENT|[70]|this.timeset|[]|0x71efa79b
16:18:31.0 (39347676)|HEAP_ALLOCATE|[71]|Bytes:5
16:18:31.0 (39364395)|VARIABLE_ASSIGNMENT|[71]|apt|null|
16:18:31.0 (39370699)|STATEMENT_EXECUTE|[71]
16:18:31.0 (39372537)|STATEMENT_EXECUTE|[93]
16:18:31.0 (39381581)|HEAP_ALLOCATE|[93]|Bytes:4
16:18:31.0 (39464302)|VARIABLE_ASSIGNMENT|[EXTERNAL]|this|{"aptdum":"0x3ff17d8f","Docdum":"0x2a08cdaa","Docmap":"0x627787cb","Initialselected":2,"Selecteddoc":"a260H000001koYlQAI","SelectedtimeSlot":60,"timelist":"0x11202c0","timeset":"0xdf1954a","timewraplist":"0x1b73568a","timewraplistInitial":"0x1b73568a"}|0x71efa79b
16:18:31.0 (39485268)|HEAP_ALLOCATE|[EXTERNAL]|Bytes:4
16:18:31.0 (39493072)|VARIABLE_ASSIGNMENT|[EXTERNAL]|value|[]|0x366fb3b0
16:18:31.0 (39505735)|VARIABLE_ASSIGNMENT|[4]|this.timewraplist|[]|0x71efa79b
16:18:31.0 (39514995)|STATEMENT_EXECUTE|[94]
16:18:31.0 (39522428)|HEAP_ALLOCATE|[94]|Bytes:4
16:18:31.0 (39575575)|VARIABLE_ASSIGNMENT|[EXTERNAL]|this|{"aptdum":"0x3ff17d8f","Docdum":"0x2a08cdaa","Docmap":"0x627787cb","Initialselected":2,"Selecteddoc":"a260H000001koYlQAI","SelectedtimeSlot":60,"timelist":"0x11202c0","timeset":"0xdf1954a","timewraplist":"0x366fb3b0","timewraplistInitial":"0x1b73568a"}|0x71efa79b
16:18:31.0 (39594776)|HEAP_ALLOCATE|[EXTERNAL]|Bytes:4
16:18:31.0 (39601006)|VARIABLE_ASSIGNMENT|[EXTERNAL]|value|[]|0xc1e80e5
16:18:31.0 (39611801)|VARIABLE_ASSIGNMENT|[3]|this.timelist|[]|0x71efa79b
16:18:31.0 (39620461)|STATEMENT_EXECUTE|[95]
16:18:31.0 (39651924)|VARIABLE_SCOPE_BEGIN|[95]|t|Time|false|false
16:18:31.0 (39669785)|VARIABLE_ASSIGNMENT|[95]|t|32400000
16:18:31.0 (39675470)|STATEMENT_EXECUTE|[96]
16:18:31.0 (39730941)|VARIABLE_SCOPE_BEGIN|[96]|i|Integer|false|false
16:18:31.0 (39741435)|HEAP_ALLOCATE|[96]|Bytes:4
16:18:31.0 (39749452)|VARIABLE_ASSIGNMENT|[96]|i|10
16:18:31.0 (39754225)|STATEMENT_EXECUTE|[97]
16:18:31.0 (39781110)|HEAP_ALLOCATE|[97]|Bytes:28
16:18:31.0 (39785821)|HEAP_ALLOCATE|[97]|Bytes:28
16:18:31.0 (39790303)|VARIABLE_SCOPE_BEGIN|[97]|i1|Decimal|false|false
16:18:31.0 (39802851)|VARIABLE_ASSIGNMENT|[97]|i1|0
16:18:31.0 (39839162)|STATEMENT_EXECUTE|[98]
16:18:31.0 (39844115)|STATEMENT_EXECUTE|[99]
16:18:31.0 (39892120)|VARIABLE_ASSIGNMENT|[EXTERNAL]|this|{"aptdum":"0x3ff17d8f","Docdum":"0x2a08cdaa","Docmap":"0x627787cb","Initialselected":2,"Selecteddoc":"a260H000001koYlQAI","SelectedtimeSlot":60,"timelist":"0xc1e80e5","timeset":"0xdf1954a","timewraplist":"0x366fb3b0","timewraplistInitial":"0x1b73568a"}|0x71efa79b
16:18:31.0 (39910557)|HEAP_ALLOCATE|[99]|Bytes:12
16:18:31.0 (39928173)|CONSTRUCTOR_ENTRY|[99]|01p0H000007gCe8|<init>(Boolean,Time)
16:18:31.0 (39942064)|VARIABLE_SCOPE_BEGIN|[212]|this|docappcontroller.Wrapertimeslot|true|false
16:18:31.0 (39964423)|VARIABLE_ASSIGNMENT|[212]|this|{}|0x3c35b1fe
16:18:31.0 (39973810)|VARIABLE_SCOPE_BEGIN|[212]|selection|Boolean|false|false
16:18:31.0 (39982798)|VARIABLE_ASSIGNMENT|[212]|selection|false
16:18:31.0 (39990478)|VARIABLE_SCOPE_BEGIN|[212]|tm|Time|false|false
16:18:31.0 (40001081)|VARIABLE_ASSIGNMENT|[212]|tm|32400000
16:18:31.0 (40006978)|STATEMENT_EXECUTE|[208]
16:18:31.0 (40008735)|STATEMENT_EXECUTE|[209]
16:18:31.0 (40010234)|STATEMENT_EXECUTE|[210]
16:18:31.0 (40017647)|HEAP_ALLOCATE|[213]|Bytes:6
16:18:31.0 (40041712)|STATEMENT_EXECUTE|[212]
16:18:31.0 (40043591)|STATEMENT_EXECUTE|[213]
16:18:31.0 (40096211)|VARIABLE_ASSIGNMENT|[EXTERNAL]|this|{}|0x3c35b1fe
16:18:31.0 (40108231)|VARIABLE_ASSIGNMENT|[EXTERNAL]|value|false
16:18:31.0 (40115553)|HEAP_ALLOCATE|[209]|Bytes:5
16:18:31.0 (40122959)|VARIABLE_ASSIGNMENT|[209]|this.selected|false|0x3c35b1fe
16:18:31.0 (40132142)|STATEMENT_EXECUTE|[214]
16:18:31.0 (40165167)|VARIABLE_ASSIGNMENT|[EXTERNAL]|this|{"selected":false}|0x3c35b1fe
16:18:31.0 (40179661)|VARIABLE_ASSIGNMENT|[EXTERNAL]|value|32400000
16:18:31.0 (40189413)|VARIABLE_ASSIGNMENT|[210]|this.t|32400000|0x3c35b1fe
16:18:31.0 (40203614)|CONSTRUCTOR_EXIT|[99]|01p0H000007gCe8|<init>(Boolean,Time)
16:18:31.0 (40217639)|HEAP_ALLOCATE|[EXTERNAL]|Bytes:4
16:18:31.0 (40224685)|STATEMENT_EXECUTE|[104]
16:18:31.0 (40268957)|VARIABLE_ASSIGNMENT|[EXTERNAL]|this|{"aptdum":"0x3ff17d8f","Docdum":"0x2a08cdaa","Docmap":"0x627787cb","Initialselected":2,"Selecteddoc":"a260H000001koYlQAI","SelectedtimeSlot":60,"timelist":"0xc1e80e5","timeset":"0xdf1954a","timewraplist":"0x366fb3b0","timewraplistInitial":"0x1b73568a"}|0x71efa79b
16:18:31.0 (40289506)|HEAP_ALLOCATE|[EXTERNAL]|Bytes:4
16:18:31.0 (40304060)|HEAP_ALLOCATE|[107]|Bytes:28
16:18:31.0 (40313386)|HEAP_ALLOCATE|[107]|Bytes:28
16:18:31.0 (40354941)|STATEMENT_EXECUTE|[107]
16:18:31.0 (40356976)|STATEMENT_EXECUTE|[108]
16:18:31.0 (40512461)|USER_DEBUG|[108]|DEBUG|09:00:00.000Z
16:18:31.0 (40522175)|STATEMENT_EXECUTE|[109]
16:18:31.0 (40550010)|HEAP_ALLOCATE|[109]|Bytes:4
16:18:31.0 (40568140)|VARIABLE_ASSIGNMENT|[109]|t|34200000
16:18:31.0 (40573491)|STATEMENT_EXECUTE|[110]
16:18:31.0 (40576835)|HEAP_ALLOCATE|[110]|Bytes:3
16:18:31.0 (40587936)|HEAP_ALLOCATE|[110]|Bytes:28
16:18:31.0 (40622838)|HEAP_ALLOCATE|[110]|Bytes:28
16:18:31.0 (40641399)|VARIABLE_ASSIGNMENT|[110]|i1|0.5
16:18:31.0 (40645991)|STATEMENT_EXECUTE|[111]
16:18:31.0 (40687268)|VARIABLE_ASSIGNMENT|[EXTERNAL]|this|{"aptdum":"0x3ff17d8f","Docdum":"0x2a08cdaa","Docmap":"0x627787cb","Initialselected":2,"Selecteddoc":"a260H000001koYlQAI","SelectedtimeSlot":60,"timelist":"0xc1e80e5","timeset":"0xdf1954a","timewraplist":"0x366fb3b0","timewraplistInitial":"0x1b73568a"}|0x71efa79b
16:18:31.0 (40707024)|HEAP_ALLOCATE|[EXTERNAL]|Bytes:4
16:18:31.0 (40735076)|STATEMENT_EXECUTE|[113]
16:18:31.0 (40736961)|STATEMENT_EXECUTE|[114]
16:18:31.0 (40770062)|VARIABLE_ASSIGNMENT|[EXTERNAL]|this|{"aptdum":"0x3ff17d8f","Docdum":"0x2a08cdaa","Docmap":"0x627787cb","Initialselected":2,"Selecteddoc":"a260H000001koYlQAI","SelectedtimeSlot":60,"timelist":"0xc1e80e5","timeset":"0xdf1954a","timewraplist":"0x366fb3b0","timewraplistInitial":"0x1b73568a"}|0x71efa79b
16:18:31.0 (40784453)|HEAP_ALLOCATE|[114]|Bytes:12
16:18:31.0 (40798607)|CONSTRUCTOR_ENTRY|[114]|01p0H000007gCe8|<init>(Boolean,Time)
16:18:31.0 (40805131)|VARIABLE_SCOPE_BEGIN|[212]|this|docappcontroller.Wrapertimeslot|true|false
16:18:31.0 (40819285)|VARIABLE_ASSIGNMENT|[212]|this|{}|0x36657fae
16:18:31.0 (40826778)|VARIABLE_SCOPE_BEGIN|[212]|selection|Boolean|false|false
16:18:31.0 (40834860)|VARIABLE_ASSIGNMENT|[212]|selection|false
16:18:31.0 (40839084)|VARIABLE_SCOPE_BEGIN|[212]|tm|Time|false|false
16:18:31.0 (40848857)|VARIABLE_ASSIGNMENT|[212]|tm|34200000
16:18:31.0 (40854371)|STATEMENT_EXECUTE|[208]
16:18:31.0 (40855846)|STATEMENT_EXECUTE|[209]
16:18:31.0 (40857321)|STATEMENT_EXECUTE|[210]
16:18:31.0 (40868200)|STATEMENT_EXECUTE|[212]
16:18:31.0 (40869769)|STATEMENT_EXECUTE|[213]
16:18:31.0 (40882305)|VARIABLE_ASSIGNMENT|[EXTERNAL]|this|{}|0x36657fae
16:18:31.0 (40891189)|VARIABLE_ASSIGNMENT|[EXTERNAL]|value|false
16:18:31.0 (40897283)|HEAP_ALLOCATE|[209]|Bytes:5
16:18:31.0 (40903623)|VARIABLE_ASSIGNMENT|[209]|this.selected|false|0x36657fae
16:18:31.0 (40911901)|STATEMENT_EXECUTE|[214]
16:18:31.0 (40924403)|VARIABLE_ASSIGNMENT|[EXTERNAL]|this|{"selected":false}|0x36657fae
16:18:31.0 (40933785)|VARIABLE_ASSIGNMENT|[EXTERNAL]|value|34200000
16:18:31.0 (40941144)|VARIABLE_ASSIGNMENT|[210]|this.t|34200000|0x36657fae
16:18:31.0 (40955043)|CONSTRUCTOR_EXIT|[114]|01p0H000007gCe8|<init>(Boolean,Time)
16:18:31.0 (40967093)|HEAP_ALLOCATE|[EXTERNAL]|Bytes:4
16:18:31.0 (40979548)|HEAP_ALLOCATE|[107]|Bytes:28
16:18:31.0 (40983778)|HEAP_ALLOCATE|[107]|Bytes:28
16:18:31.0 (41006051)|STATEMENT_EXECUTE|[107]
16:18:31.0 (41008747)|STATEMENT_EXECUTE|[108]
16:18:31.0 (41018919)|USER_DEBUG|[108]|DEBUG|09:30:00.000Z
16:18:31.0 (41026063)|STATEMENT_EXECUTE|[109]
16:18:31.0 (41035563)|HEAP_ALLOCATE|[109]|Bytes:4
16:18:31.0 (41050699)|VARIABLE_ASSIGNMENT|[109]|t|36000000
16:18:31.0 (41055242)|STATEMENT_EXECUTE|[110]
16:18:31.0 (41060743)|HEAP_ALLOCATE|[110]|Bytes:28
16:18:31.0 (41074248)|HEAP_ALLOCATE|[110]|Bytes:28
16:18:31.0 (41086915)|VARIABLE_ASSIGNMENT|[110]|i1|1.0
16:18:31.0 (41091422)|STATEMENT_EXECUTE|[111]
16:18:31.0 (41123363)|VARIABLE_ASSIGNMENT|[EXTERNAL]|this|{"aptdum":"0x3ff17d8f","Docdum":"0x2a08cdaa","Docmap":"0x627787cb","Initialselected":2,"Selecteddoc":"a260H000001koYlQAI","SelectedtimeSlot":60,"timelist":"0xc1e80e5","timeset":"0xdf1954a","timewraplist":"0x366fb3b0","timewraplistInitial":"0x1b73568a"}|0x71efa79b
16:18:31.0 (41139983)|HEAP_ALLOCATE|[EXTERNAL]|Bytes:4
16:18:31.0 (41155976)|STATEMENT_EXECUTE|[113]
16:18:31.0 (41157759)|STATEMENT_EXECUTE|[114]
16:18:31.0 (41184848)|VARIABLE_ASSIGNMENT|[EXTERNAL]|this|{"aptdum":"0x3ff17d8f","Docdum":"0x2a08cdaa","Docmap":"0x627787cb","Initialselected":2,"Selecteddoc":"a260H000001koYlQAI","SelectedtimeSlot":60,"timelist":"0xc1e80e5","timeset":"0xdf1954a","timewraplist":"0x366fb3b0","timewraplistInitial":"0x1b73568a"}|0x71efa79b
16:18:31.0 (41198996)|HEAP_ALLOCATE|[114]|Bytes:12
16:18:31.0 (41211254)|CONSTRUCTOR_ENTRY|[114]|01p0H000007gCe8|<init>(Boolean,Time)
16:18:31.0 (41217453)|VARIABLE_SCOPE_BEGIN|[212]|this|docappcontroller.Wrapertimeslot|true|false
16:18:31.0 (41231628)|VARIABLE_ASSIGNMENT|[212]|this|{}|0x1eb2007b
16:18:31.0 (41241010)|VARIABLE_SCOPE_BEGIN|[212]|selection|Boolean|false|false
16:18:31.0 (41250083)|VARIABLE_ASSIGNMENT|[212]|selection|false
16:18:31.0 (41254178)|VARIABLE_SCOPE_BEGIN|[212]|tm|Time|false|false
16:18:31.0 (41263149)|VARIABLE_ASSIGNMENT|[212]|tm|36000000
16:18:31.0 (41267948)|STATEMENT_EXECUTE|[208]
16:18:31.0 (41269532)|STATEMENT_EXECUTE|[209]
16:18:31.0 (41271103)|STATEMENT_EXECUTE|[210]
16:18:31.0 (41281292)|STATEMENT_EXECUTE|[212]
16:18:31.0 (41282838)|STATEMENT_EXECUTE|[213]
16:18:31.0 (41294845)|VARIABLE_ASSIGNMENT|[EXTERNAL]|this|{}|0x1eb2007b
16:18:31.0 (41304631)|VARIABLE_ASSIGNMENT|[EXTERNAL]|value|false
16:18:31.0 (41316157)|HEAP_ALLOCATE|[209]|Bytes:5
16:18:31.0 (41322452)|VARIABLE_ASSIGNMENT|[209]|this.selected|false|0x1eb2007b
16:18:31.0 (41330255)|STATEMENT_EXECUTE|[214]
16:18:31.0 (41342758)|VARIABLE_ASSIGNMENT|[EXTERNAL]|this|{"selected":false}|0x1eb2007b
16:18:31.0 (41353264)|VARIABLE_ASSIGNMENT|[EXTERNAL]|value|36000000
16:18:31.0 (41363095)|VARIABLE_ASSIGNMENT|[210]|this.t|36000000|0x1eb2007b
16:18:31.0 (41378435)|CONSTRUCTOR_EXIT|[114]|01p0H000007gCe8|<init>(Boolean,Time)
16:18:31.0 (41389189)|HEAP_ALLOCATE|[EXTERNAL]|Bytes:4
16:18:31.0 (41410151)|HEAP_ALLOCATE|[107]|Bytes:28
16:18:31.0 (41415143)|HEAP_ALLOCATE|[107]|Bytes:28
16:18:31.0 (41435441)|STATEMENT_EXECUTE|[107]
16:18:31.0 (41437187)|STATEMENT_EXECUTE|[108]
16:18:31.0 (41446523)|USER_DEBUG|[108]|DEBUG|10:00:00.000Z
16:18:31.0 (41453418)|STATEMENT_EXECUTE|[109]
16:18:31.0 (41462855)|HEAP_ALLOCATE|[109]|Bytes:4
16:18:31.0 (41480098)|VARIABLE_ASSIGNMENT|[109]|t|37800000
16:18:31.0 (41485156)|STATEMENT_EXECUTE|[110]
16:18:31.0 (41490968)|HEAP_ALLOCATE|[110]|Bytes:28
16:18:31.0 (41514824)|HEAP_ALLOCATE|[110]|Bytes:28
16:18:31.0 (41528073)|VARIABLE_ASSIGNMENT|[110]|i1|1.5
16:18:31.0 (41532389)|STATEMENT_EXECUTE|[111]
16:18:31.0 (41563635)|VARIABLE_ASSIGNMENT|[EXTERNAL]|this|{"aptdum":"0x3ff17d8f","Docdum":"0x2a08cdaa","Docmap":"0x627787cb","Initialselected":2,"Selecteddoc":"a260H000001koYlQAI","SelectedtimeSlot":60,"timelist":"0xc1e80e5","timeset":"0xdf1954a","timewraplist":"0x366fb3b0","timewraplistInitial":"0x1b73568a"}|0x71efa79b
16:18:31.0 (41581517)|HEAP_ALLOCATE|[EXTERNAL]|Bytes:4
16:18:31.0 (41594501)|STATEMENT_EXECUTE|[113]
16:18:31.0 (41596353)|STATEMENT_EXECUTE|[114]
16:18:31.0 (41628958)|VARIABLE_ASSIGNMENT|[EXTERNAL]|this|{"aptdum":"0x3ff17d8f","Docdum":"0x2a08cdaa","Docmap":"0x627787cb","Initialselected":2,"Selecteddoc":"a260H000001koYlQAI","SelectedtimeSlot":60,"timelist":"0xc1e80e5","timeset":"0xdf1954a","timewraplist":"0x366fb3b0","timewraplistInitial":"0x1b73568a"}|0x71efa79b
16:18:31.0 (41642105)|HEAP_ALLOCATE|[114]|Bytes:12
16:18:31.0 (41654406)|CONSTRUCTOR_ENTRY|[114]|01p0H000007gCe8|<init>(Boolean,Time)
16:18:31.0 (41662299)|VARIABLE_SCOPE_BEGIN|[212]|this|docappcontroller.Wrapertimeslot|true|false
16:18:31.0 (41680082)|VARIABLE_ASSIGNMENT|[212]|this|{}|0x368be62e
16:18:31.0 (41686746)|VARIABLE_SCOPE_BEGIN|[212]|selection|Boolean|false|false
16:18:31.0 (41701129)|VARIABLE_ASSIGNMENT|[212]|selection|false
16:18:31.0 (41705756)|VARIABLE_SCOPE_BEGIN|[212]|tm|Time|false|false
16:18:31.0 (41714150)|VARIABLE_ASSIGNMENT|[212]|tm|37800000
16:18:31.0 (41718981)|STATEMENT_EXECUTE|[208]
16:18:31.0 (41720483)|STATEMENT_EXECUTE|[209]
16:18:31.0 (41721922)|STATEMENT_EXECUTE|[210]
16:18:31.0 (41731583)|STATEMENT_EXECUTE|[212]
16:18:31.0 (41733214)|STATEMENT_EXECUTE|[213]
16:18:31.0 (41744946)|VARIABLE_ASSIGNMENT|[EXTERNAL]|this|{}|0x368be62e
16:18:31.0 (41754165)|VARIABLE_ASSIGNMENT|[EXTERNAL]|value|false
16:18:31.0 (41760722)|HEAP_ALLOCATE|[209]|Bytes:5
16:18:31.0 (41768537)|VARIABLE_ASSIGNMENT|[209]|this.selected|false|0x368be62e
16:18:31.0 (41776263)|STATEMENT_EXECUTE|[214]
16:18:31.0 (41788405)|VARIABLE_ASSIGNMENT|[EXTERNAL]|this|{"selected":false}|0x368be62e
16:18:31.0 (41806583)|VARIABLE_ASSIGNMENT|[EXTERNAL]|value|37800000
16:18:31.0 (41814181)|VARIABLE_ASSIGNMENT|[210]|this.t|37800000|0x368be62e
16:18:31.0 (41828552)|CONSTRUCTOR_EXIT|[114]|01p0H000007gCe8|<init>(Boolean,Time)
16:18:31.0 (41837784)|HEAP_ALLOCATE|[EXTERNAL]|Bytes:4
16:18:31.0 (41849975)|HEAP_ALLOCATE|[107]|Bytes:28
16:18:31.0 (41855337)|HEAP_ALLOCATE|[107]|Bytes:28
16:18:31.0 (41874947)|STATEMENT_EXECUTE|[107]
16:18:31.0 (41876654)|STATEMENT_EXECUTE|[108]
16:18:31.0 (41890248)|USER_DEBUG|[108]|DEBUG|10:30:00.000Z
16:18:31.0 (41897282)|STATEMENT_EXECUTE|[109]
16:18:31.0 (41906163)|HEAP_ALLOCATE|[109]|Bytes:4
16:18:31.0 (41920257)|VARIABLE_ASSIGNMENT|[109]|t|39600000
16:18:31.0 (41925548)|STATEMENT_EXECUTE|[110]
16:18:31.0 (41930573)|HEAP_ALLOCATE|[110]|Bytes:28
16:18:31.0 (41943374)|HEAP_ALLOCATE|[110]|Bytes:28
16:18:31.0 (41957001)|VARIABLE_ASSIGNMENT|[110]|i1|2.0
16:18:31.0 (41962447)|STATEMENT_EXECUTE|[111]
16:18:31.0 (41998428)|VARIABLE_ASSIGNMENT|[EXTERNAL]|this|{"aptdum":"0x3ff17d8f","Docdum":"0x2a08cdaa","Docmap":"0x627787cb","Initialselected":2,"Selecteddoc":"a260H000001koYlQAI","SelectedtimeSlot":60,"timelist":"0xc1e80e5","timeset":"0xdf1954a","timewraplist":"0x366fb3b0","timewraplistInitial":"0x1b73568a"}|0x71efa79b
16:18:31.0 (42014583)|HEAP_ALLOCATE|[EXTERNAL]|Bytes:4
16:18:31.0 (42027526)|STATEMENT_EXECUTE|[113]
16:18:31.0 (42029194)|STATEMENT_EXECUTE|[114]
16:18:31.0 (42057012)|VARIABLE_ASSIGNMENT|[EXTERNAL]|this|{"aptdum":"0x3ff17d8f","Docdum":"0x2a08cdaa","Docmap":"0x627787cb","Initialselected":2,"Selecteddoc":"a260H000001koYlQAI","SelectedtimeSlot":60,"timelist":"0xc1e80e5","timeset":"0xdf1954a","timewraplist":"0x366fb3b0","timewraplistInitial":"0x1b73568a"}|0x71efa79b
16:18:31.0 (42070562)|HEAP_ALLOCATE|[114]|Bytes:12
16:18:31.0 (42087766)|CONSTRUCTOR_ENTRY|[114]|01p0H000007gCe8|<init>(Boolean,Time)
16:18:31.0 (42093596)|VARIABLE_SCOPE_BEGIN|[212]|this|docappcontroller.Wrapertimeslot|true|false
16:18:31.0 (42106947)|VARIABLE_ASSIGNMENT|[212]|this|{}|0x5b438768
16:18:31.0 (42114217)|VARIABLE_SCOPE_BEGIN|[212]|selection|Boolean|false|false
16:18:31.0 (42121946)|VARIABLE_ASSIGNMENT|[212]|selection|false
16:18:31.0 (42126381)|VARIABLE_SCOPE_BEGIN|[212]|tm|Time|false|false
16:18:31.0 (42134921)|VARIABLE_ASSIGNMENT|[212]|tm|39600000
16:18:31.0 (42143208)|STATEMENT_EXECUTE|[208]
16:18:31.0 (42144852)|STATEMENT_EXECUTE|[209]
16:18:31.0 (42146286)|STATEMENT_EXECUTE|[210]
16:18:31.0 (42155478)|STATEMENT_EXECUTE|[212]
16:18:31.0 (42157029)|STATEMENT_EXECUTE|[213]
16:18:31.0 (42168727)|VARIABLE_ASSIGNMENT|[EXTERNAL]|this|{}|0x5b438768
16:18:31.0 (42178452)|VARIABLE_ASSIGNMENT|[EXTERNAL]|value|false
16:18:31.0 (42184232)|HEAP_ALLOCATE|[209]|Bytes:5
16:18:31.0 (42190684)|VARIABLE_ASSIGNMENT|[209]|this.selected|false|0x5b438768
16:18:31.0 (42197694)|STATEMENT_EXECUTE|[214]
16:18:31.0 (42209445)|VARIABLE_ASSIGNMENT|[EXTERNAL]|this|{"selected":false}|0x5b438768
16:18:31.0 (42218902)|VARIABLE_ASSIGNMENT|[EXTERNAL]|value|39600000
16:18:31.0 (42226060)|VARIABLE_ASSIGNMENT|[210]|this.t|39600000|0x5b438768
16:18:31.0 (42241454)|CONSTRUCTOR_EXIT|[114]|01p0H000007gCe8|<init>(Boolean,Time)
16:18:31.0 (42251009)|HEAP_ALLOCATE|[EXTERNAL]|Bytes:4
16:18:31.0 (42262066)|HEAP_ALLOCATE|[107]|Bytes:28
16:18:31.0 (42266686)|HEAP_ALLOCATE|[107]|Bytes:28
16:18:31.0 (42284733)|STATEMENT_EXECUTE|[107]
16:18:31.0 (42286377)|STATEMENT_EXECUTE|[108]
16:18:31.0 (42294918)|USER_DEBUG|[108]|DEBUG|11:00:00.000Z
16:18:31.0 (42301559)|STATEMENT_EXECUTE|[109]
16:18:31.0 (42314112)|HEAP_ALLOCATE|[109]|Bytes:4
16:18:31.0 (42329024)|VARIABLE_ASSIGNMENT|[109]|t|41400000
16:18:31.0 (42333388)|STATEMENT_EXECUTE|[110]
16:18:31.0 (42338808)|HEAP_ALLOCATE|[110]|Bytes:28
16:18:31.0 (42351361)|HEAP_ALLOCATE|[110]|Bytes:28
16:18:31.0 (42362888)|VARIABLE_ASSIGNMENT|[110]|i1|2.5
16:18:31.0 (42367075)|STATEMENT_EXECUTE|[111]
16:18:31.0 (42397205)|VARIABLE_ASSIGNMENT|[EXTERNAL]|this|{"aptdum":"0x3ff17d8f","Docdum":"0x2a08cdaa","Docmap":"0x627787cb","Initialselected":2,"Selecteddoc":"a260H000001koYlQAI","SelectedtimeSlot":60,"timelist":"0xc1e80e5","timeset":"0xdf1954a","timewraplist":"0x366fb3b0","timewraplistInitial":"0x1b73568a"}|0x71efa79b
16:18:31.0 (42411999)|HEAP_ALLOCATE|[EXTERNAL]|Bytes:4
16:18:31.0 (42424479)|STATEMENT_EXECUTE|[113]
16:18:31.0 (42426484)|STATEMENT_EXECUTE|[114]
16:18:31.0 (42451410)|VARIABLE_ASSIGNMENT|[EXTERNAL]|this|{"aptdum":"0x3ff17d8f","Docdum":"0x2a08cdaa","Docmap":"0x627787cb","Initialselected":2,"Selecteddoc":"a260H000001koYlQAI","SelectedtimeSlot":60,"timelist":"0xc1e80e5","timeset":"0xdf1954a","timewraplist":"0x366fb3b0","timewraplistInitial":"0x1b73568a"}|0x71efa79b
16:18:31.0 (42463833)|HEAP_ALLOCATE|[114]|Bytes:12
16:18:31.0 (42474872)|CONSTRUCTOR_ENTRY|[114]|01p0H000007gCe8|<init>(Boolean,Time)
16:18:31.0 (42480708)|VARIABLE_SCOPE_BEGIN|[212]|this|docappcontroller.Wrapertimeslot|true|false
16:18:31.0 (42493984)|VARIABLE_ASSIGNMENT|[212]|this|{}|0x4ee328ce
16:18:31.0 (42500411)|VARIABLE_SCOPE_BEGIN|[212]|selection|Boolean|false|false
16:18:31.0 (42507878)|VARIABLE_ASSIGNMENT|[212]|selection|false
16:18:31.0 (42511914)|VARIABLE_SCOPE_BEGIN|[212]|tm|Time|false|false
16:18:31.0 (42520459)|VARIABLE_ASSIGNMENT|[212]|tm|41400000
16:18:31.0 (42525480)|STATEMENT_EXECUTE|[208]
16:18:31.0 (42526957)|STATEMENT_EXECUTE|[209]
16:18:31.0 (42528402)|STATEMENT_EXECUTE|[210]
16:18:31.0 (42536654)|STATEMENT_EXECUTE|[212]
16:18:31.0 (42538610)|STATEMENT_EXECUTE|[213]
16:18:31.0 (42549715)|VARIABLE_ASSIGNMENT|[EXTERNAL]|this|{}|0x4ee328ce
16:18:31.0 (42558964)|VARIABLE_ASSIGNMENT|[EXTERNAL]|value|false
16:18:31.0 (42564343)|HEAP_ALLOCATE|[209]|Bytes:5
16:18:31.0 (42570204)|VARIABLE_ASSIGNMENT|[209]|this.selected|false|0x4ee328ce
16:18:31.0 (42577316)|STATEMENT_EXECUTE|[214]
16:18:31.0 (42588916)|VARIABLE_ASSIGNMENT|[EXTERNAL]|this|{"selected":false}|0x4ee328ce
16:18:31.0 (42600970)|VARIABLE_ASSIGNMENT|[EXTERNAL]|value|41400000
16:18:31.0 (42608414)|VARIABLE_ASSIGNMENT|[210]|this.t|41400000|0x4ee328ce
16:18:31.0 (42622291)|CONSTRUCTOR_EXIT|[114]|01p0H000007gCe8|<init>(Boolean,Time)
16:18:31.0 (42631237)|HEAP_ALLOCATE|[EXTERNAL]|Bytes:4
16:18:31.0 (42641973)|HEAP_ALLOCATE|[107]|Bytes:28
16:18:31.0 (42646035)|HEAP_ALLOCATE|[107]|Bytes:28
16:18:31.0 (42663852)|STATEMENT_EXECUTE|[107]
16:18:31.0 (42665487)|STATEMENT_EXECUTE|[108]
16:18:31.0 (42673403)|USER_DEBUG|[108]|DEBUG|11:30:00.000Z
16:18:31.0 (42679783)|STATEMENT_EXECUTE|[109]
16:18:31.0 (42688261)|HEAP_ALLOCATE|[109]|Bytes:4
16:18:31.0 (42704761)|VARIABLE_ASSIGNMENT|[109]|t|43200000
16:18:31.0 (42709275)|STATEMENT_EXECUTE|[110]
16:18:31.0 (42714184)|HEAP_ALLOCATE|[110]|Bytes:28
16:18:31.0 (42726753)|HEAP_ALLOCATE|[110]|Bytes:28
16:18:31.0 (42738663)|VARIABLE_ASSIGNMENT|[110]|i1|3.0
16:18:31.0 (42743048)|STATEMENT_EXECUTE|[111]
16:18:31.0 (42772457)|VARIABLE_ASSIGNMENT|[EXTERNAL]|this|{"aptdum":"0x3ff17d8f","Docdum":"0x2a08cdaa","Docmap":"0x627787cb","Initialselected":2,"Selecteddoc":"a260H000001koYlQAI","SelectedtimeSlot":60,"timelist":"0xc1e80e5","timeset":"0xdf1954a","timewraplist":"0x366fb3b0","timewraplistInitial":"0x1b73568a"}|0x71efa79b
16:18:31.0 (42786847)|HEAP_ALLOCATE|[EXTERNAL]|Bytes:4
16:18:31.0 (42799770)|STATEMENT_EXECUTE|[113]
16:18:31.0 (42801389)|STATEMENT_EXECUTE|[114]
16:18:31.0 (42826104)|VARIABLE_ASSIGNMENT|[EXTERNAL]|this|{"aptdum":"0x3ff17d8f","Docdum":"0x2a08cdaa","Docmap":"0x627787cb","Initialselected":2,"Selecteddoc":"a260H000001koYlQAI","SelectedtimeSlot":60,"timelist":"0xc1e80e5","timeset":"0xdf1954a","timewraplist":"0x366fb3b0","timewraplistInitial":"0x1b73568a"}|0x71efa79b
16:18:31.0 (42838301)|HEAP_ALLOCATE|[114]|Bytes:12
16:18:31.0 (42849149)|CONSTRUCTOR_ENTRY|[114]|01p0H000007gCe8|<init>(Boolean,Time)
16:18:31.0 (42855251)|VARIABLE_SCOPE_BEGIN|[212]|this|docappcontroller.Wrapertimeslot|true|false
16:18:31.0 (42868563)|VARIABLE_ASSIGNMENT|[212]|this|{}|0x5394807
16:18:31.0 (42875249)|VARIABLE_SCOPE_BEGIN|[212]|selection|Boolean|false|false
16:18:31.0 (42883021)|VARIABLE_ASSIGNMENT|[212]|selection|false
16:18:31.0 (42886863)|VARIABLE_SCOPE_BEGIN|[212]|tm|Time|false|false
16:18:31.0 (42895381)|VARIABLE_ASSIGNMENT|[212]|tm|43200000
16:18:31.0 (42900257)|STATEMENT_EXECUTE|[208]
16:18:31.0 (42901838)|STATEMENT_EXECUTE|[209]
16:18:31.0 (42903329)|STATEMENT_EXECUTE|[210]
16:18:31.0 (42911877)|STATEMENT_EXECUTE|[212]
16:18:31.0 (42913462)|STATEMENT_EXECUTE|[213]
16:18:31.0 (42924678)|VARIABLE_ASSIGNMENT|[EXTERNAL]|this|{}|0x5394807
16:18:31.0 (42934052)|VARIABLE_ASSIGNMENT|[EXTERNAL]|value|false
16:18:31.0 (42939834)|HEAP_ALLOCATE|[209]|Bytes:5
16:18:31.0 (42945711)|VARIABLE_ASSIGNMENT|[209]|this.selected|false|0x5394807
16:18:31.0 (42953651)|STATEMENT_EXECUTE|[214]
16:18:31.0 (42965129)|VARIABLE_ASSIGNMENT|[EXTERNAL]|this|{"selected":false}|0x5394807
16:18:31.0 (42974682)|VARIABLE_ASSIGNMENT|[EXTERNAL]|value|43200000
16:18:31.0 (42982071)|VARIABLE_ASSIGNMENT|[210]|this.t|43200000|0x5394807
16:18:31.0 (42995503)|CONSTRUCTOR_EXIT|[114]|01p0H000007gCe8|<init>(Boolean,Time)
16:18:31.0 (43005153)|HEAP_ALLOCATE|[EXTERNAL]|Bytes:4
16:18:31.0 (43016673)|HEAP_ALLOCATE|[107]|Bytes:28
16:18:31.0 (43020749)|HEAP_ALLOCATE|[107]|Bytes:28
16:18:31.0 (43038777)|STATEMENT_EXECUTE|[107]
16:18:31.0 (43040474)|STATEMENT_EXECUTE|[108]
16:18:31.0 (43048549)|USER_DEBUG|[108]|DEBUG|12:00:00.000Z
16:18:31.0 (43057109)|STATEMENT_EXECUTE|[109]
16:18:31.0 (43065997)|HEAP_ALLOCATE|[109]|Bytes:4
16:18:31.0 (43079762)|VARIABLE_ASSIGNMENT|[109]|t|45000000
16:18:31.0 (43084511)|STATEMENT_EXECUTE|[110]
16:18:31.0 (43089131)|HEAP_ALLOCATE|[110]|Bytes:28
16:18:31.0 (43101360)|HEAP_ALLOCATE|[110]|Bytes:28
16:18:31.0 (43112816)|VARIABLE_ASSIGNMENT|[110]|i1|3.5
16:18:31.0 (43117595)|STATEMENT_EXECUTE|[111]
16:18:31.0 (43147325)|VARIABLE_ASSIGNMENT|[EXTERNAL]|this|{"aptdum":"0x3ff17d8f","Docdum":"0x2a08cdaa","Docmap":"0x627787cb","Initialselected":2,"Selecteddoc":"a260H000001koYlQAI","SelectedtimeSlot":60,"timelist":"0xc1e80e5","timeset":"0xdf1954a","timewraplist":"0x366fb3b0","timewraplistInitial":"0x1b73568a"}|0x71efa79b
16:18:31.0 (43161719)|HEAP_ALLOCATE|[EXTERNAL]|Bytes:4
16:18:31.0 (43173673)|STATEMENT_EXECUTE|[113]
16:18:31.0 (43175279)|STATEMENT_EXECUTE|[114]
16:18:31.0 (43199958)|VARIABLE_ASSIGNMENT|[EXTERNAL]|this|{"aptdum":"0x3ff17d8f","Docdum":"0x2a08cdaa","Docmap":"0x627787cb","Initialselected":2,"Selecteddoc":"a260H000001koYlQAI","SelectedtimeSlot":60,"timelist":"0xc1e80e5","timeset":"0xdf1954a","timewraplist":"0x366fb3b0","timewraplistInitial":"0x1b73568a"}|0x71efa79b
16:18:31.0 (43212065)|HEAP_ALLOCATE|[114]|Bytes:12
16:18:31.0 (43223081)|CONSTRUCTOR_ENTRY|[114]|01p0H000007gCe8|<init>(Boolean,Time)
16:18:31.0 (43229466)|VARIABLE_SCOPE_BEGIN|[212]|this|docappcontroller.Wrapertimeslot|true|false
16:18:31.0 (43245013)|VARIABLE_ASSIGNMENT|[212]|this|{}|0x766a5101
16:18:31.0 (43252222)|VARIABLE_SCOPE_BEGIN|[212]|selection|Boolean|false|false
16:18:31.0 (43260885)|VARIABLE_ASSIGNMENT|[212]|selection|false
16:18:31.0 (43264768)|VARIABLE_SCOPE_BEGIN|[212]|tm|Time|false|false
16:18:31.0 (43272981)|VARIABLE_ASSIGNMENT|[212]|tm|45000000
16:18:31.0 (43277819)|STATEMENT_EXECUTE|[208]
16:18:31.0 (43279309)|STATEMENT_EXECUTE|[209]
16:18:31.0 (43281078)|STATEMENT_EXECUTE|[210]
16:18:31.0 (43289783)|STATEMENT_EXECUTE|[212]
16:18:31.0 (43291453)|STATEMENT_EXECUTE|[213]
16:18:31.0 (43302597)|VARIABLE_ASSIGNMENT|[EXTERNAL]|this|{}|0x766a5101
16:18:31.0 (43315597)|VARIABLE_ASSIGNMENT|[EXTERNAL]|value|false
16:18:31.0 (43320773)|HEAP_ALLOCATE|[209]|Bytes:5
16:18:31.0 (43326572)|VARIABLE_ASSIGNMENT|[209]|this.selected|false|0x766a5101
16:18:31.0 (43334119)|STATEMENT_EXECUTE|[214]
16:18:31.0 (43345954)|VARIABLE_ASSIGNMENT|[EXTERNAL]|this|{"selected":false}|0x766a5101
16:18:31.0 (43355553)|VARIABLE_ASSIGNMENT|[EXTERNAL]|value|45000000
16:18:31.0 (43363362)|VARIABLE_ASSIGNMENT|[210]|this.t|45000000|0x766a5101
16:18:31.0 (43376991)|CONSTRUCTOR_EXIT|[114]|01p0H000007gCe8|<init>(Boolean,Time)
16:18:31.0 (43385934)|HEAP_ALLOCATE|[EXTERNAL]|Bytes:4
16:18:31.0 (43396590)|HEAP_ALLOCATE|[107]|Bytes:28
16:18:31.0 (43400825)|HEAP_ALLOCATE|[107]|Bytes:28
16:18:31.0 (43419036)|STATEMENT_EXECUTE|[107]
16:18:31.0 (43420588)|STATEMENT_EXECUTE|[108]
16:18:31.0 (43428625)|USER_DEBUG|[108]|DEBUG|12:30:00.000Z
16:18:31.0 (43452026)|STATEMENT_EXECUTE|[109]
16:18:31.0 (43465819)|HEAP_ALLOCATE|[109]|Bytes:4
16:18:31.0 (43489207)|VARIABLE_ASSIGNMENT|[109]|t|46800000
16:18:31.0 (43496841)|STATEMENT_EXECUTE|[110]
16:18:31.0 (43504148)|HEAP_ALLOCATE|[110]|Bytes:28
16:18:31.0 (43523329)|HEAP_ALLOCATE|[110]|Bytes:28
16:18:31.0 (43540888)|VARIABLE_ASSIGNMENT|[110]|i1|4.0
16:18:31.0 (43548144)|STATEMENT_EXECUTE|[111]
16:18:31.0 (43585102)|VARIABLE_ASSIGNMENT|[EXTERNAL]|this|{"aptdum":"0x3ff17d8f","Docdum":"0x2a08cdaa","Docmap":"0x627787cb","Initialselected":2,"Selecteddoc":"a260H000001koYlQAI","SelectedtimeSlot":60,"timelist":"0xc1e80e5","timeset":"0xdf1954a","timewraplist":"0x366fb3b0","timewraplistInitial":"0x1b73568a"}|0x71efa79b
16:18:31.0 (43604658)|HEAP_ALLOCATE|[EXTERNAL]|Bytes:4
16:18:31.0 (43617992)|STATEMENT_EXECUTE|[113]
16:18:31.0 (43619616)|STATEMENT_EXECUTE|[114]
16:18:31.0 (43645570)|VARIABLE_ASSIGNMENT|[EXTERNAL]|this|{"aptdum":"0x3ff17d8f","Docdum":"0x2a08cdaa","Docmap":"0x627787cb","Initialselected":2,"Selecteddoc":"a260H000001koYlQAI","SelectedtimeSlot":60,"timelist":"0xc1e80e5","timeset":"0xdf1954a","timewraplist":"0x366fb3b0","timewraplistInitial":"0x1b73568a"}|0x71efa79b
16:18:31.0 (43659251)|HEAP_ALLOCATE|[114]|Bytes:12
16:18:31.0 (43671708)|CONSTRUCTOR_ENTRY|[114]|01p0H000007gCe8|<init>(Boolean,Time)
16:18:31.0 (43678016)|VARIABLE_SCOPE_BEGIN|[212]|this|docappcontroller.Wrapertimeslot|true|false
16:18:31.0 (43691514)|VARIABLE_ASSIGNMENT|[212]|this|{}|0x72ff7a81
16:18:31.0 (43698586)|VARIABLE_SCOPE_BEGIN|[212]|selection|Boolean|false|false
16:18:31.0 (43706664)|VARIABLE_ASSIGNMENT|[212]|selection|false
16:18:31.0 (43710382)|VARIABLE_SCOPE_BEGIN|[212]|tm|Time|false|false
16:18:31.0 (43718930)|VARIABLE_ASSIGNMENT|[212]|tm|46800000
16:18:31.0 (43723723)|STATEMENT_EXECUTE|[208]
16:18:31.0 (43725242)|STATEMENT_EXECUTE|[209]
16:18:31.0 (43726979)|STATEMENT_EXECUTE|[210]
16:18:31.0 (43736669)|STATEMENT_EXECUTE|[212]
16:18:31.0 (43738297)|STATEMENT_EXECUTE|[213]
16:18:31.0 (43749765)|VARIABLE_ASSIGNMENT|[EXTERNAL]|this|{}|0x72ff7a81
16:18:31.0 (43759065)|VARIABLE_ASSIGNMENT|[EXTERNAL]|value|false
16:18:31.0 (43763997)|HEAP_ALLOCATE|[209]|Bytes:5
16:18:31.0 (43770400)|VARIABLE_ASSIGNMENT|[209]|this.selected|false|0x72ff7a81
16:18:31.0 (43778272)|STATEMENT_EXECUTE|[214]
16:18:31.0 (43789885)|VARIABLE_ASSIGNMENT|[EXTERNAL]|this|{"selected":false}|0x72ff7a81
16:18:31.0 (43798853)|VARIABLE_ASSIGNMENT|[EXTERNAL]|value|46800000
16:18:31.0 (43806531)|VARIABLE_ASSIGNMENT|[210]|this.t|46800000|0x72ff7a81
16:18:31.0 (43820497)|CONSTRUCTOR_EXIT|[114]|01p0H000007gCe8|<init>(Boolean,Time)
16:18:31.0 (43829685)|HEAP_ALLOCATE|[EXTERNAL]|Bytes:4
16:18:31.0 (43841009)|HEAP_ALLOCATE|[107]|Bytes:28
16:18:31.0 (43845298)|HEAP_ALLOCATE|[107]|Bytes:28
16:18:31.0 (43863887)|STATEMENT_EXECUTE|[107]
16:18:31.0 (43865566)|STATEMENT_EXECUTE|[108]
16:18:31.0 (43874673)|USER_DEBUG|[108]|DEBUG|13:00:00.000Z
16:18:31.0 (43882202)|STATEMENT_EXECUTE|[109]
16:18:31.0 (43891169)|HEAP_ALLOCATE|[109]|Bytes:4
16:18:31.0 (43905481)|VARIABLE_ASSIGNMENT|[109]|t|48600000
16:18:31.0 (43910450)|STATEMENT_EXECUTE|[110]
16:18:31.0 (43915341)|HEAP_ALLOCATE|[110]|Bytes:28
16:18:31.0 (43928509)|HEAP_ALLOCATE|[110]|Bytes:28
16:18:31.0 (43940069)|VARIABLE_ASSIGNMENT|[110]|i1|4.5
16:18:31.0 (43944610)|STATEMENT_EXECUTE|[111]
16:18:31.0 (43975258)|VARIABLE_ASSIGNMENT|[EXTERNAL]|this|{"aptdum":"0x3ff17d8f","Docdum":"0x2a08cdaa","Docmap":"0x627787cb","Initialselected":2,"Selecteddoc":"a260H000001koYlQAI","SelectedtimeSlot":60,"timelist":"0xc1e80e5","timeset":"0xdf1954a","timewraplist":"0x366fb3b0","timewraplistInitial":"0x1b73568a"}|0x71efa79b
16:18:31.0 (43990100)|HEAP_ALLOCATE|[EXTERNAL]|Bytes:4
16:18:31.0 (44001827)|STATEMENT_EXECUTE|[113]
16:18:31.0 (44003959)|STATEMENT_EXECUTE|[114]
16:18:31.0 (44029356)|VARIABLE_ASSIGNMENT|[EXTERNAL]|this|{"aptdum":"0x3ff17d8f","Docdum":"0x2a08cdaa","Docmap":"0x627787cb","Initialselected":2,"Selecteddoc":"a260H000001koYlQAI","SelectedtimeSlot":60,"timelist":"0xc1e80e5","timeset":"0xdf1954a","timewraplist":"0x366fb3b0","timewraplistInitial":"0x1b73568a"}|0x71efa79b
16:18:31.0 (44041846)|HEAP_ALLOCATE|[114]|Bytes:12
16:18:31.0 (44057200)|CONSTRUCTOR_ENTRY|[114]|01p0H000007gCe8|<init>(Boolean,Time)
16:18:31.0 (44063272)|VARIABLE_SCOPE_BEGIN|[212]|this|docappcontroller.Wrapertimeslot|true|false
16:18:31.0 (44076474)|VARIABLE_ASSIGNMENT|[212]|this|{}|0x32b009d8
16:18:31.0 (44083818)|VARIABLE_SCOPE_BEGIN|[212]|selection|Boolean|false|false
16:18:31.0 (44091711)|VARIABLE_ASSIGNMENT|[212]|selection|false
16:18:31.0 (44095851)|VARIABLE_SCOPE_BEGIN|[212]|tm|Time|false|false
16:18:31.0 (44104114)|VARIABLE_ASSIGNMENT|[212]|tm|48600000
16:18:31.0 (44108910)|STATEMENT_EXECUTE|[208]
16:18:31.0 (44110472)|STATEMENT_EXECUTE|[209]
16:18:31.0 (44111933)|STATEMENT_EXECUTE|[210]
16:18:31.0 (44121244)|STATEMENT_EXECUTE|[212]
16:18:31.0 (44122822)|STATEMENT_EXECUTE|[213]
16:18:31.0 (44134628)|VARIABLE_ASSIGNMENT|[EXTERNAL]|this|{}|0x32b009d8
16:18:31.0 (44144067)|VARIABLE_ASSIGNMENT|[EXTERNAL]|value|false
16:18:31.0 (44149921)|HEAP_ALLOCATE|[209]|Bytes:5
16:18:31.0 (44155983)|VARIABLE_ASSIGNMENT|[209]|this.selected|false|0x32b009d8
16:18:31.0 (44163072)|STATEMENT_EXECUTE|[214]
16:18:31.0 (44174578)|VARIABLE_ASSIGNMENT|[EXTERNAL]|this|{"selected":false}|0x32b009d8
16:18:31.0 (44183756)|VARIABLE_ASSIGNMENT|[EXTERNAL]|value|48600000
16:18:31.0 (44191811)|VARIABLE_ASSIGNMENT|[210]|this.t|48600000|0x32b009d8
16:18:31.0 (44205626)|CONSTRUCTOR_EXIT|[114]|01p0H000007gCe8|<init>(Boolean,Time)
16:18:31.0 (44214485)|HEAP_ALLOCATE|[EXTERNAL]|Bytes:4
16:18:31.0 (44225736)|HEAP_ALLOCATE|[107]|Bytes:28
16:18:31.0 (44229856)|HEAP_ALLOCATE|[107]|Bytes:28
16:18:31.0 (44250402)|STATEMENT_EXECUTE|[107]
16:18:31.0 (44252078)|STATEMENT_EXECUTE|[108]
16:18:31.0 (44260142)|USER_DEBUG|[108]|DEBUG|13:30:00.000Z
16:18:31.0 (44266866)|STATEMENT_EXECUTE|[109]
16:18:31.0 (44275357)|HEAP_ALLOCATE|[109]|Bytes:4
16:18:31.0 (44299145)|VARIABLE_ASSIGNMENT|[109]|t|50400000
16:18:31.0 (44304565)|STATEMENT_EXECUTE|[110]
16:18:31.0 (44313908)|HEAP_ALLOCATE|[110]|Bytes:28
16:18:31.0 (44327810)|HEAP_ALLOCATE|[110]|Bytes:28
16:18:31.0 (44339533)|VARIABLE_ASSIGNMENT|[110]|i1|5.0
16:18:31.0 (44344674)|STATEMENT_EXECUTE|[111]
16:18:31.0 (44375502)|VARIABLE_ASSIGNMENT|[EXTERNAL]|this|{"aptdum":"0x3ff17d8f","Docdum":"0x2a08cdaa","Docmap":"0x627787cb","Initialselected":2,"Selecteddoc":"a260H000001koYlQAI","SelectedtimeSlot":60,"timelist":"0xc1e80e5","timeset":"0xdf1954a","timewraplist":"0x366fb3b0","timewraplistInitial":"0x1b73568a"}|0x71efa79b
16:18:31.0 (44390593)|HEAP_ALLOCATE|[EXTERNAL]|Bytes:4
16:18:31.0 (44403179)|STATEMENT_EXECUTE|[113]
16:18:31.0 (44404809)|STATEMENT_EXECUTE|[114]
16:18:31.0 (44429888)|VARIABLE_ASSIGNMENT|[EXTERNAL]|this|{"aptdum":"0x3ff17d8f","Docdum":"0x2a08cdaa","Docmap":"0x627787cb","Initialselected":2,"Selecteddoc":"a260H000001koYlQAI","SelectedtimeSlot":60,"timelist":"0xc1e80e5","timeset":"0xdf1954a","timewraplist":"0x366fb3b0","timewraplistInitial":"0x1b73568a"}|0x71efa79b
16:18:31.0 (44442509)|HEAP_ALLOCATE|[114]|Bytes:12
16:18:31.0 (44454150)|CONSTRUCTOR_ENTRY|[114]|01p0H000007gCe8|<init>(Boolean,Time)
16:18:31.0 (44459748)|VARIABLE_SCOPE_BEGIN|[212]|this|docappcontroller.Wrapertimeslot|true|false
16:18:31.0 (44473107)|VARIABLE_ASSIGNMENT|[212]|this|{}|0x7783f5f9
16:18:31.0 (44480213)|VARIABLE_SCOPE_BEGIN|[212]|selection|Boolean|false|false
16:18:31.0 (44488070)|VARIABLE_ASSIGNMENT|[212]|selection|false
16:18:31.0 (44492597)|VARIABLE_SCOPE_BEGIN|[212]|tm|Time|false|false
16:18:31.0 (44503367)|VARIABLE_ASSIGNMENT|[212]|tm|50400000
16:18:31.0 (44508893)|STATEMENT_EXECUTE|[208]
16:18:31.0 (44510449)|STATEMENT_EXECUTE|[209]
16:18:31.0 (44511894)|STATEMENT_EXECUTE|[210]
16:18:31.0 (44521747)|STATEMENT_EXECUTE|[212]
16:18:31.0 (44523282)|STATEMENT_EXECUTE|[213]
16:18:31.0 (44534852)|VARIABLE_ASSIGNMENT|[EXTERNAL]|this|{}|0x7783f5f9
16:18:31.0 (44544150)|VARIABLE_ASSIGNMENT|[EXTERNAL]|value|false
16:18:31.0 (44549865)|HEAP_ALLOCATE|[209]|Bytes:5
16:18:31.0 (44556158)|VARIABLE_ASSIGNMENT|[209]|this.selected|false|0x7783f5f9
16:18:31.0 (44563923)|STATEMENT_EXECUTE|[214]
16:18:31.0 (44575544)|VARIABLE_ASSIGNMENT|[EXTERNAL]|this|{"selected":false}|0x7783f5f9
16:18:31.0 (44584741)|VARIABLE_ASSIGNMENT|[EXTERNAL]|value|50400000
16:18:31.0 (44592821)|VARIABLE_ASSIGNMENT|[210]|this.t|50400000|0x7783f5f9
16:18:31.0 (44606353)|CONSTRUCTOR_EXIT|[114]|01p0H000007gCe8|<init>(Boolean,Time)
16:18:31.0 (44616187)|HEAP_ALLOCATE|[EXTERNAL]|Bytes:4
16:18:31.0 (44626760)|HEAP_ALLOCATE|[107]|Bytes:28
16:18:31.0 (44630998)|HEAP_ALLOCATE|[107]|Bytes:28
16:18:31.0 (44649137)|STATEMENT_EXECUTE|[107]
16:18:31.0 (44650823)|STATEMENT_EXECUTE|[108]
16:18:31.0 (44658677)|USER_DEBUG|[108]|DEBUG|14:00:00.000Z
16:18:31.0 (44666498)|STATEMENT_EXECUTE|[109]
16:18:31.0 (44675273)|HEAP_ALLOCATE|[109]|Bytes:4
16:18:31.0 (44689892)|VARIABLE_ASSIGNMENT|[109]|t|52200000
16:18:31.0 (44694680)|STATEMENT_EXECUTE|[110]
16:18:31.0 (44699637)|HEAP_ALLOCATE|[110]|Bytes:28
16:18:31.0 (44712692)|HEAP_ALLOCATE|[110]|Bytes:28
16:18:31.0 (44724138)|VARIABLE_ASSIGNMENT|[110]|i1|5.5
16:18:31.0 (44729314)|STATEMENT_EXECUTE|[111]
16:18:31.0 (44758992)|VARIABLE_ASSIGNMENT|[EXTERNAL]|this|{"aptdum":"0x3ff17d8f","Docdum":"0x2a08cdaa","Docmap":"0x627787cb","Initialselected":2,"Selecteddoc":"a260H000001koYlQAI","SelectedtimeSlot":60,"timelist":"0xc1e80e5","timeset":"0xdf1954a","timewraplist":"0x366fb3b0","timewraplistInitial":"0x1b73568a"}|0x71efa79b
16:18:31.0 (44774492)|HEAP_ALLOCATE|[EXTERNAL]|Bytes:4
16:18:31.0 (44786425)|STATEMENT_EXECUTE|[113]
16:18:31.0 (44788329)|STATEMENT_EXECUTE|[114]
16:18:31.0 (44812761)|VARIABLE_ASSIGNMENT|[EXTERNAL]|this|{"aptdum":"0x3ff17d8f","Docdum":"0x2a08cdaa","Docmap":"0x627787cb","Initialselected":2,"Selecteddoc":"a260H000001koYlQAI","SelectedtimeSlot":60,"timelist":"0xc1e80e5","timeset":"0xdf1954a","timewraplist":"0x366fb3b0","timewraplistInitial":"0x1b73568a"}|0x71efa79b
16:18:31.0 (44825262)|HEAP_ALLOCATE|[114]|Bytes:12
16:18:31.0 (44836334)|CONSTRUCTOR_ENTRY|[114]|01p0H000007gCe8|<init>(Boolean,Time)
16:18:31.0 (44841737)|VARIABLE_SCOPE_BEGIN|[212]|this|docappcontroller.Wrapertimeslot|true|false
16:18:31.0 (44854963)|VARIABLE_ASSIGNMENT|[212]|this|{}|0x348b19d7
16:18:31.0 (44861359)|VARIABLE_SCOPE_BEGIN|[212]|selection|Boolean|false|false
16:18:31.0 (44868912)|VARIABLE_ASSIGNMENT|[212]|selection|false
16:18:31.0 (44872968)|VARIABLE_SCOPE_BEGIN|[212]|tm|Time|false|false
16:18:31.0 (44881280)|VARIABLE_ASSIGNMENT|[212]|tm|52200000
16:18:31.0 (44886282)|STATEMENT_EXECUTE|[208]
16:18:31.0 (44887963)|STATEMENT_EXECUTE|[209]
16:18:31.0 (44889550)|STATEMENT_EXECUTE|[210]
16:18:31.0 (44898170)|STATEMENT_EXECUTE|[212]
16:18:31.0 (44899832)|STATEMENT_EXECUTE|[213]
16:18:31.0 (44910718)|VARIABLE_ASSIGNMENT|[EXTERNAL]|this|{}|0x348b19d7
16:18:31.0 (44919725)|VARIABLE_ASSIGNMENT|[EXTERNAL]|value|false
16:18:31.0 (44925065)|HEAP_ALLOCATE|[209]|Bytes:5
16:18:31.0 (44931203)|VARIABLE_ASSIGNMENT|[209]|this.selected|false|0x348b19d7
16:18:31.0 (44941288)|STATEMENT_EXECUTE|[214]
16:18:31.0 (44953201)|VARIABLE_ASSIGNMENT|[EXTERNAL]|this|{"selected":false}|0x348b19d7
16:18:31.0 (44962789)|VARIABLE_ASSIGNMENT|[EXTERNAL]|value|52200000
16:18:31.0 (44970204)|VARIABLE_ASSIGNMENT|[210]|this.t|52200000|0x348b19d7
16:18:31.0 (44983593)|CONSTRUCTOR_EXIT|[114]|01p0H000007gCe8|<init>(Boolean,Time)
16:18:31.0 (44992639)|HEAP_ALLOCATE|[EXTERNAL]|Bytes:4
16:18:31.0 (45003385)|HEAP_ALLOCATE|[107]|Bytes:28
16:18:31.0 (45007998)|HEAP_ALLOCATE|[107]|Bytes:28
16:18:31.0 (45025638)|STATEMENT_EXECUTE|[107]
16:18:31.0 (45027303)|STATEMENT_EXECUTE|[108]
16:18:31.0 (45035602)|USER_DEBUG|[108]|DEBUG|14:30:00.000Z
16:18:31.0 (45042802)|STATEMENT_EXECUTE|[109]
16:18:31.0 (45051210)|HEAP_ALLOCATE|[109]|Bytes:4
16:18:31.0 (45065378)|VARIABLE_ASSIGNMENT|[109]|t|54000000
16:18:31.0 (45070599)|STATEMENT_EXECUTE|[110]
16:18:31.0 (45075363)|HEAP_ALLOCATE|[110]|Bytes:28
16:18:31.0 (45087938)|HEAP_ALLOCATE|[110]|Bytes:28
16:18:31.0 (45099924)|VARIABLE_ASSIGNMENT|[110]|i1|6.0
16:18:31.0 (45104385)|STATEMENT_EXECUTE|[111]
16:18:31.0 (45134689)|VARIABLE_ASSIGNMENT|[EXTERNAL]|this|{"aptdum":"0x3ff17d8f","Docdum":"0x2a08cdaa","Docmap":"0x627787cb","Initialselected":2,"Selecteddoc":"a260H000001koYlQAI","SelectedtimeSlot":60,"timelist":"0xc1e80e5","timeset":"0xdf1954a","timewraplist":"0x366fb3b0","timewraplistInitial":"0x1b73568a"}|0x71efa79b
16:18:31.0 (45149676)|HEAP_ALLOCATE|[EXTERNAL]|Bytes:4
16:18:31.0 (45161949)|STATEMENT_EXECUTE|[113]
16:18:31.0 (45163876)|STATEMENT_EXECUTE|[114]
16:18:31.0 (45188386)|VARIABLE_ASSIGNMENT|[EXTERNAL]|this|{"aptdum":"0x3ff17d8f","Docdum":"0x2a08cdaa","Docmap":"0x627787cb","Initialselected":2,"Selecteddoc":"a260H000001koYlQAI","SelectedtimeSlot":60,"timelist":"0xc1e80e5","timeset":"0xdf1954a","timewraplist":"0x366fb3b0","timewraplistInitial":"0x1b73568a"}|0x71efa79b
16:18:31.0 (45201015)|HEAP_ALLOCATE|[114]|Bytes:12
16:18:31.0 (45212213)|CONSTRUCTOR_ENTRY|[114]|01p0H000007gCe8|<init>(Boolean,Time)
16:18:31.0 (45217993)|VARIABLE_SCOPE_BEGIN|[212]|this|docappcontroller.Wrapertimeslot|true|false
16:18:31.0 (45230839)|VARIABLE_ASSIGNMENT|[212]|this|{}|0x35157d4d
16:18:31.0 (45239126)|VARIABLE_SCOPE_BEGIN|[212]|selection|Boolean|false|false
16:18:31.0 (45247457)|VARIABLE_ASSIGNMENT|[212]|selection|false
16:18:31.0 (45251678)|VARIABLE_SCOPE_BEGIN|[212]|tm|Time|false|false
16:18:31.0 (45259691)|VARIABLE_ASSIGNMENT|[212]|tm|54000000
16:18:31.0 (45264354)|STATEMENT_EXECUTE|[208]
16:18:31.0 (45265999)|STATEMENT_EXECUTE|[209]
16:18:31.0 (45267495)|STATEMENT_EXECUTE|[210]
16:18:31.0 (45276209)|STATEMENT_EXECUTE|[212]
16:18:31.0 (45277815)|STATEMENT_EXECUTE|[213]
16:18:31.0 (45288885)|VARIABLE_ASSIGNMENT|[EXTERNAL]|this|{}|0x35157d4d
16:18:31.0 (45298034)|VARIABLE_ASSIGNMENT|[EXTERNAL]|value|false
16:18:31.0 (45303312)|HEAP_ALLOCATE|[209]|Bytes:5
16:18:31.0 (45312402)|VARIABLE_ASSIGNMENT|[209]|this.selected|false|0x35157d4d
16:18:31.0 (45319605)|STATEMENT_EXECUTE|[214]
16:18:31.0 (45331320)|VARIABLE_ASSIGNMENT|[EXTERNAL]|this|{"selected":false}|0x35157d4d
16:18:31.0 (45341184)|VARIABLE_ASSIGNMENT|[EXTERNAL]|value|54000000
16:18:31.0 (45348357)|VARIABLE_ASSIGNMENT|[210]|this.t|54000000|0x35157d4d
16:18:31.0 (45362148)|CONSTRUCTOR_EXIT|[114]|01p0H000007gCe8|<init>(Boolean,Time)
16:18:31.0 (45371791)|HEAP_ALLOCATE|[EXTERNAL]|Bytes:4
16:18:31.0 (45387750)|HEAP_ALLOCATE|[107]|Bytes:28
16:18:31.0 (45391953)|HEAP_ALLOCATE|[107]|Bytes:28
16:18:31.0 (45409946)|STATEMENT_EXECUTE|[107]
16:18:31.0 (45411615)|STATEMENT_EXECUTE|[108]
16:18:31.0 (45420115)|USER_DEBUG|[108]|DEBUG|15:00:00.000Z
16:18:31.0 (45426983)|STATEMENT_EXECUTE|[109]
16:18:31.0 (45435522)|HEAP_ALLOCATE|[109]|Bytes:4
16:18:31.0 (45449155)|VARIABLE_ASSIGNMENT|[109]|t|55800000
16:18:31.0 (45454313)|STATEMENT_EXECUTE|[110]
16:18:31.0 (45459566)|HEAP_ALLOCATE|[110]|Bytes:28
16:18:31.0 (45472577)|HEAP_ALLOCATE|[110]|Bytes:28
16:18:31.0 (45485174)|VARIABLE_ASSIGNMENT|[110]|i1|6.5
16:18:31.0 (45489196)|STATEMENT_EXECUTE|[111]
16:18:31.0 (45519625)|VARIABLE_ASSIGNMENT|[EXTERNAL]|this|{"aptdum":"0x3ff17d8f","Docdum":"0x2a08cdaa","Docmap":"0x627787cb","Initialselected":2,"Selecteddoc":"a260H000001koYlQAI","SelectedtimeSlot":60,"timelist":"0xc1e80e5","timeset":"0xdf1954a","timewraplist":"0x366fb3b0","timewraplistInitial":"0x1b73568a"}|0x71efa79b
16:18:31.0 (45535070)|HEAP_ALLOCATE|[EXTERNAL]|Bytes:4
16:18:31.0 (45547650)|STATEMENT_EXECUTE|[113]
16:18:31.0 (45549288)|STATEMENT_EXECUTE|[114]
16:18:31.0 (45574685)|VARIABLE_ASSIGNMENT|[EXTERNAL]|this|{"aptdum":"0x3ff17d8f","Docdum":"0x2a08cdaa","Docmap":"0x627787cb","Initialselected":2,"Selecteddoc":"a260H000001koYlQAI","SelectedtimeSlot":60,"timelist":"0xc1e80e5","timeset":"0xdf1954a","timewraplist":"0x366fb3b0","timewraplistInitial":"0x1b73568a"}|0x71efa79b
16:18:31.0 (45587188)|HEAP_ALLOCATE|[114]|Bytes:12
16:18:31.0 (45599241)|CONSTRUCTOR_ENTRY|[114]|01p0H000007gCe8|<init>(Boolean,Time)
16:18:31.0 (45605189)|VARIABLE_SCOPE_BEGIN|[212]|this|docappcontroller.Wrapertimeslot|true|false
16:18:31.0 (45617941)|VARIABLE_ASSIGNMENT|[212]|this|{}|0x43f61bd7
16:18:31.0 (45624590)|VARIABLE_SCOPE_BEGIN|[212]|selection|Boolean|false|false
16:18:31.0 (45632045)|VARIABLE_ASSIGNMENT|[212]|selection|false
16:18:31.0 (45636102)|VARIABLE_SCOPE_BEGIN|[212]|tm|Time|false|false
16:18:31.0 (45644423)|VARIABLE_ASSIGNMENT|[212]|tm|55800000
16:18:31.0 (45649261)|STATEMENT_EXECUTE|[208]
16:18:31.0 (45650779)|STATEMENT_EXECUTE|[209]
16:18:31.0 (45652236)|STATEMENT_EXECUTE|[210]
16:18:31.0 (45660581)|STATEMENT_EXECUTE|[212]
16:18:31.0 (45662142)|STATEMENT_EXECUTE|[213]
16:18:31.0 (45673096)|VARIABLE_ASSIGNMENT|[EXTERNAL]|this|{}|0x43f61bd7
16:18:31.0 (45682733)|VARIABLE_ASSIGNMENT|[EXTERNAL]|value|false
16:18:31.0 (45688735)|HEAP_ALLOCATE|[209]|Bytes:5
16:18:31.0 (45694692)|VARIABLE_ASSIGNMENT|[209]|this.selected|false|0x43f61bd7
16:18:31.0 (45701396)|STATEMENT_EXECUTE|[214]
16:18:31.0 (45712773)|VARIABLE_ASSIGNMENT|[EXTERNAL]|this|{"selected":false}|0x43f61bd7
16:18:31.0 (45722567)|VARIABLE_ASSIGNMENT|[EXTERNAL]|value|55800000
16:18:31.0 (45730229)|VARIABLE_ASSIGNMENT|[210]|this.t|55800000|0x43f61bd7
16:18:31.0 (45743620)|CONSTRUCTOR_EXIT|[114]|01p0H000007gCe8|<init>(Boolean,Time)
16:18:31.0 (45751964)|HEAP_ALLOCATE|[EXTERNAL]|Bytes:4
16:18:31.0 (45761917)|HEAP_ALLOCATE|[107]|Bytes:28
16:18:31.0 (45765698)|HEAP_ALLOCATE|[107]|Bytes:28
16:18:31.0 (45782660)|STATEMENT_EXECUTE|[107]
16:18:31.0 (45784462)|STATEMENT_EXECUTE|[108]
16:18:31.0 (45792260)|USER_DEBUG|[108]|DEBUG|15:30:00.000Z
16:18:31.0 (45798671)|STATEMENT_EXECUTE|[109]
16:18:31.0 (45806907)|HEAP_ALLOCATE|[109]|Bytes:4
16:18:31.0 (45820442)|VARIABLE_ASSIGNMENT|[109]|t|57600000
16:18:31.0 (45824673)|STATEMENT_EXECUTE|[110]
16:18:31.0 (45829896)|HEAP_ALLOCATE|[110]|Bytes:28
16:18:31.0 (45842362)|HEAP_ALLOCATE|[110]|Bytes:28
16:18:31.0 (45853938)|VARIABLE_ASSIGNMENT|[110]|i1|7.0
16:18:31.0 (45860615)|STATEMENT_EXECUTE|[111]
16:18:31.0 (45890299)|VARIABLE_ASSIGNMENT|[EXTERNAL]|this|{"aptdum":"0x3ff17d8f","Docdum":"0x2a08cdaa","Docmap":"0x627787cb","Initialselected":2,"Selecteddoc":"a260H000001koYlQAI","SelectedtimeSlot":60,"timelist":"0xc1e80e5","timeset":"0xdf1954a","timewraplist":"0x366fb3b0","timewraplistInitial":"0x1b73568a"}|0x71efa79b
16:18:31.0 (45906022)|HEAP_ALLOCATE|[EXTERNAL]|Bytes:4
16:18:31.0 (45917792)|STATEMENT_EXECUTE|[113]
16:18:31.0 (45919449)|STATEMENT_EXECUTE|[114]
16:18:31.0 (45944647)|VARIABLE_ASSIGNMENT|[EXTERNAL]|this|{"aptdum":"0x3ff17d8f","Docdum":"0x2a08cdaa","Docmap":"0x627787cb","Initialselected":2,"Selecteddoc":"a260H000001koYlQAI","SelectedtimeSlot":60,"timelist":"0xc1e80e5","timeset":"0xdf1954a","timewraplist":"0x366fb3b0","timewraplistInitial":"0x1b73568a"}|0x71efa79b
16:18:31.0 (45957907)|HEAP_ALLOCATE|[114]|Bytes:12
16:18:31.0 (45969134)|CONSTRUCTOR_ENTRY|[114]|01p0H000007gCe8|<init>(Boolean,Time)
16:18:31.0 (45974845)|VARIABLE_SCOPE_BEGIN|[212]|this|docappcontroller.Wrapertimeslot|true|false
16:18:31.0 (45987357)|VARIABLE_ASSIGNMENT|[212]|this|{}|0x207203
16:18:31.0 (45994294)|VARIABLE_SCOPE_BEGIN|[212]|selection|Boolean|false|false
16:18:31.0 (46001905)|VARIABLE_ASSIGNMENT|[212]|selection|false
16:18:31.0 (46007155)|VARIABLE_SCOPE_BEGIN|[212]|tm|Time|false|false
16:18:31.0 (46015330)|VARIABLE_ASSIGNMENT|[212]|tm|57600000
16:18:31.0 (46019708)|STATEMENT_EXECUTE|[208]
16:18:31.0 (46021395)|STATEMENT_EXECUTE|[209]
16:18:31.0 (46022849)|STATEMENT_EXECUTE|[210]
16:18:31.0 (46031212)|STATEMENT_EXECUTE|[212]
16:18:31.0 (46032801)|STATEMENT_EXECUTE|[213]
16:18:31.0 (46043814)|VARIABLE_ASSIGNMENT|[EXTERNAL]|this|{}|0x207203
16:18:31.0 (46052947)|VARIABLE_ASSIGNMENT|[EXTERNAL]|value|false
16:18:31.0 (46058125)|HEAP_ALLOCATE|[209]|Bytes:5
16:18:31.0 (46064653)|VARIABLE_ASSIGNMENT|[209]|this.selected|false|0x207203
16:18:31.0 (46072753)|STATEMENT_EXECUTE|[214]
16:18:31.0 (46084259)|VARIABLE_ASSIGNMENT|[EXTERNAL]|this|{"selected":false}|0x207203
16:18:31.0 (46093222)|VARIABLE_ASSIGNMENT|[EXTERNAL]|value|57600000
16:18:31.0 (46100427)|VARIABLE_ASSIGNMENT|[210]|this.t|57600000|0x207203
16:18:31.0 (46112975)|CONSTRUCTOR_EXIT|[114]|01p0H000007gCe8|<init>(Boolean,Time)
16:18:31.0 (46121871)|HEAP_ALLOCATE|[EXTERNAL]|Bytes:4
16:18:31.0 (46132569)|HEAP_ALLOCATE|[107]|Bytes:28
16:18:31.0 (46136404)|HEAP_ALLOCATE|[107]|Bytes:28
16:18:31.0 (46154689)|STATEMENT_EXECUTE|[107]
16:18:31.0 (46156330)|STATEMENT_EXECUTE|[108]
16:18:31.0 (46164896)|USER_DEBUG|[108]|DEBUG|16:00:00.000Z
16:18:31.0 (46171467)|STATEMENT_EXECUTE|[109]
16:18:31.0 (46179757)|HEAP_ALLOCATE|[109]|Bytes:4
16:18:31.0 (46193566)|VARIABLE_ASSIGNMENT|[109]|t|59400000
16:18:31.0 (46197985)|STATEMENT_EXECUTE|[110]
16:18:31.0 (46202826)|HEAP_ALLOCATE|[110]|Bytes:28
16:18:31.0 (46215295)|HEAP_ALLOCATE|[110]|Bytes:28
16:18:31.0 (46227379)|VARIABLE_ASSIGNMENT|[110]|i1|7.5
16:18:31.0 (46231394)|STATEMENT_EXECUTE|[111]
16:18:31.0 (46262987)|VARIABLE_ASSIGNMENT|[EXTERNAL]|this|{"aptdum":"0x3ff17d8f","Docdum":"0x2a08cdaa","Docmap":"0x627787cb","Initialselected":2,"Selecteddoc":"a260H000001koYlQAI","SelectedtimeSlot":60,"timelist":"0xc1e80e5","timeset":"0xdf1954a","timewraplist":"0x366fb3b0","timewraplistInitial":"0x1b73568a"}|0x71efa79b
16:18:31.0 (46278794)|HEAP_ALLOCATE|[EXTERNAL]|Bytes:4
16:18:31.0 (46291032)|STATEMENT_EXECUTE|[113]
16:18:31.0 (46292631)|STATEMENT_EXECUTE|[114]
16:18:31.0 (46322224)|VARIABLE_ASSIGNMENT|[EXTERNAL]|this|{"aptdum":"0x3ff17d8f","Docdum":"0x2a08cdaa","Docmap":"0x627787cb","Initialselected":2,"Selecteddoc":"a260H000001koYlQAI","SelectedtimeSlot":60,"timelist":"0xc1e80e5","timeset":"0xdf1954a","timewraplist":"0x366fb3b0","timewraplistInitial":"0x1b73568a"}|0x71efa79b
16:18:31.0 (46337817)|HEAP_ALLOCATE|[114]|Bytes:12
16:18:31.0 (46349742)|CONSTRUCTOR_ENTRY|[114]|01p0H000007gCe8|<init>(Boolean,Time)
16:18:31.0 (46356013)|VARIABLE_SCOPE_BEGIN|[212]|this|docappcontroller.Wrapertimeslot|true|false
16:18:31.0 (46369434)|VARIABLE_ASSIGNMENT|[212]|this|{}|0x22b40734
16:18:31.0 (46376661)|VARIABLE_SCOPE_BEGIN|[212]|selection|Boolean|false|false
16:18:31.0 (46385060)|VARIABLE_ASSIGNMENT|[212]|selection|false
16:18:31.0 (46388944)|VARIABLE_SCOPE_BEGIN|[212]|tm|Time|false|false
16:18:31.0 (46397241)|VARIABLE_ASSIGNMENT|[212]|tm|59400000
16:18:31.0 (46401835)|STATEMENT_EXECUTE|[208]
16:18:31.0 (46403380)|STATEMENT_EXECUTE|[209]
16:18:31.0 (46405238)|STATEMENT_EXECUTE|[210]
16:18:31.0 (46413764)|STATEMENT_EXECUTE|[212]
16:18:31.0 (46415725)|STATEMENT_EXECUTE|[213]
16:18:31.0 (46427381)|VARIABLE_ASSIGNMENT|[EXTERNAL]|this|{}|0x22b40734
16:18:31.0 (46436607)|VARIABLE_ASSIGNMENT|[EXTERNAL]|value|false
16:18:31.0 (46442188)|HEAP_ALLOCATE|[209]|Bytes:5
16:18:31.0 (46448271)|VARIABLE_ASSIGNMENT|[209]|this.selected|false|0x22b40734
16:18:31.0 (46455855)|STATEMENT_EXECUTE|[214]
16:18:31.0 (46467048)|VARIABLE_ASSIGNMENT|[EXTERNAL]|this|{"selected":false}|0x22b40734
16:18:31.0 (46475814)|VARIABLE_ASSIGNMENT|[EXTERNAL]|value|59400000
16:18:31.0 (46483081)|VARIABLE_ASSIGNMENT|[210]|this.t|59400000|0x22b40734
16:18:31.0 (46496065)|CONSTRUCTOR_EXIT|[114]|01p0H000007gCe8|<init>(Boolean,Time)
16:18:31.0 (46505606)|HEAP_ALLOCATE|[EXTERNAL]|Bytes:4
16:18:31.0 (46516244)|HEAP_ALLOCATE|[107]|Bytes:28
16:18:31.0 (46519845)|HEAP_ALLOCATE|[107]|Bytes:28
16:18:31.0 (46537389)|STATEMENT_EXECUTE|[107]
16:18:31.0 (46539004)|STATEMENT_EXECUTE|[108]
16:18:31.0 (46547545)|USER_DEBUG|[108]|DEBUG|16:30:00.000Z
16:18:31.0 (46554058)|STATEMENT_EXECUTE|[109]
16:18:31.0 (46562340)|HEAP_ALLOCATE|[109]|Bytes:4
16:18:31.0 (46575818)|VARIABLE_ASSIGNMENT|[109]|t|61200000
16:18:31.0 (46580546)|STATEMENT_EXECUTE|[110]
16:18:31.0 (46585429)|HEAP_ALLOCATE|[110]|Bytes:28
16:18:31.0 (46598034)|HEAP_ALLOCATE|[110]|Bytes:28
16:18:31.0 (46609337)|VARIABLE_ASSIGNMENT|[110]|i1|8.0
16:18:31.0 (46613583)|STATEMENT_EXECUTE|[111]
16:18:31.0 (46643011)|VARIABLE_ASSIGNMENT|[EXTERNAL]|this|{"aptdum":"0x3ff17d8f","Docdum":"0x2a08cdaa","Docmap":"0x627787cb","Initialselected":2,"Selecteddoc":"a260H000001koYlQAI","SelectedtimeSlot":60,"timelist":"0xc1e80e5","timeset":"0xdf1954a","timewraplist":"0x366fb3b0","timewraplistInitial":"0x1b73568a"}|0x71efa79b
16:18:31.0 (46657447)|HEAP_ALLOCATE|[EXTERNAL]|Bytes:4
16:18:31.0 (46669145)|STATEMENT_EXECUTE|[113]
16:18:31.0 (46670859)|STATEMENT_EXECUTE|[114]
16:18:31.0 (46696631)|VARIABLE_ASSIGNMENT|[EXTERNAL]|this|{"aptdum":"0x3ff17d8f","Docdum":"0x2a08cdaa","Docmap":"0x627787cb","Initialselected":2,"Selecteddoc":"a260H000001koYlQAI","SelectedtimeSlot":60,"timelist":"0xc1e80e5","timeset":"0xdf1954a","timewraplist":"0x366fb3b0","timewraplistInitial":"0x1b73568a"}|0x71efa79b
16:18:31.0 (46708892)|HEAP_ALLOCATE|[114]|Bytes:12
16:18:31.0 (46719929)|CONSTRUCTOR_ENTRY|[114]|01p0H000007gCe8|<init>(Boolean,Time)
16:18:31.0 (46725814)|VARIABLE_SCOPE_BEGIN|[212]|this|docappcontroller.Wrapertimeslot|true|false
16:18:31.0 (46738874)|VARIABLE_ASSIGNMENT|[212]|this|{}|0x123116a8
16:18:31.0 (46746275)|VARIABLE_SCOPE_BEGIN|[212]|selection|Boolean|false|false
16:18:31.0 (46757170)|VARIABLE_ASSIGNMENT|[212]|selection|false
16:18:31.0 (46760987)|VARIABLE_SCOPE_BEGIN|[212]|tm|Time|false|false
16:18:31.0 (46769042)|VARIABLE_ASSIGNMENT|[212]|tm|61200000
16:18:31.0 (46773768)|STATEMENT_EXECUTE|[208]
16:18:31.0 (46775371)|STATEMENT_EXECUTE|[209]
16:18:31.0 (46776833)|STATEMENT_EXECUTE|[210]
16:18:31.0 (46785342)|STATEMENT_EXECUTE|[212]
16:18:31.0 (46786976)|STATEMENT_EXECUTE|[213]
16:18:31.0 (46798299)|VARIABLE_ASSIGNMENT|[EXTERNAL]|this|{}|0x123116a8
16:18:31.0 (46807502)|VARIABLE_ASSIGNMENT|[EXTERNAL]|value|false
16:18:31.0 (46813394)|HEAP_ALLOCATE|[209]|Bytes:5
16:18:31.0 (46819348)|VARIABLE_ASSIGNMENT|[209]|this.selected|false|0x123116a8
16:18:31.0 (46826760)|STATEMENT_EXECUTE|[214]
16:18:31.0 (46838253)|VARIABLE_ASSIGNMENT|[EXTERNAL]|this|{"selected":false}|0x123116a8
16:18:31.0 (46847722)|VARIABLE_ASSIGNMENT|[EXTERNAL]|value|61200000
16:18:31.0 (46855744)|VARIABLE_ASSIGNMENT|[210]|this.t|61200000|0x123116a8
16:18:31.0 (46869537)|CONSTRUCTOR_EXIT|[114]|01p0H000007gCe8|<init>(Boolean,Time)
16:18:31.0 (46878267)|HEAP_ALLOCATE|[EXTERNAL]|Bytes:4
16:18:31.0 (46889140)|HEAP_ALLOCATE|[107]|Bytes:28
16:18:31.0 (46893048)|HEAP_ALLOCATE|[107]|Bytes:28
16:18:31.0 (46910044)|STATEMENT_EXECUTE|[107]
16:18:31.0 (46911788)|STATEMENT_EXECUTE|[108]
16:18:31.0 (46920173)|USER_DEBUG|[108]|DEBUG|17:00:00.000Z
16:18:31.0 (46926530)|STATEMENT_EXECUTE|[109]
16:18:31.0 (46935277)|HEAP_ALLOCATE|[109]|Bytes:4
16:18:31.0 (46948834)|VARIABLE_ASSIGNMENT|[109]|t|63000000
16:18:31.0 (46953639)|STATEMENT_EXECUTE|[110]
16:18:31.0 (46958651)|HEAP_ALLOCATE|[110]|Bytes:28
16:18:31.0 (46971378)|HEAP_ALLOCATE|[110]|Bytes:28
16:18:31.0 (46982276)|VARIABLE_ASSIGNMENT|[110]|i1|8.5
16:18:31.0 (46986361)|STATEMENT_EXECUTE|[111]
16:18:31.0 (47015562)|VARIABLE_ASSIGNMENT|[EXTERNAL]|this|{"aptdum":"0x3ff17d8f","Docdum":"0x2a08cdaa","Docmap":"0x627787cb","Initialselected":2,"Selecteddoc":"a260H000001koYlQAI","SelectedtimeSlot":60,"timelist":"0xc1e80e5","timeset":"0xdf1954a","timewraplist":"0x366fb3b0","timewraplistInitial":"0x1b73568a"}|0x71efa79b
16:18:31.0 (47030763)|HEAP_ALLOCATE|[EXTERNAL]|Bytes:4
16:18:31.0 (47042129)|STATEMENT_EXECUTE|[113]
16:18:31.0 (47043731)|STATEMENT_EXECUTE|[114]
16:18:31.0 (47068568)|VARIABLE_ASSIGNMENT|[EXTERNAL]|this|{"aptdum":"0x3ff17d8f","Docdum":"0x2a08cdaa","Docmap":"0x627787cb","Initialselected":2,"Selecteddoc":"a260H000001koYlQAI","SelectedtimeSlot":60,"timelist":"0xc1e80e5","timeset":"0xdf1954a","timewraplist":"0x366fb3b0","timewraplistInitial":"0x1b73568a"}|0x71efa79b
16:18:31.0 (47080698)|HEAP_ALLOCATE|[114]|Bytes:12
16:18:31.0 (47091850)|CONSTRUCTOR_ENTRY|[114]|01p0H000007gCe8|<init>(Boolean,Time)
16:18:31.0 (47097812)|VARIABLE_SCOPE_BEGIN|[212]|this|docappcontroller.Wrapertimeslot|true|false
16:18:31.0 (47110506)|VARIABLE_ASSIGNMENT|[212]|this|{}|0x5e45cd60
16:18:31.0 (47116993)|VARIABLE_SCOPE_BEGIN|[212]|selection|Boolean|false|false
16:18:31.0 (47124893)|VARIABLE_ASSIGNMENT|[212]|selection|false
16:18:31.0 (47128557)|VARIABLE_SCOPE_BEGIN|[212]|tm|Time|false|false
16:18:31.0 (47136508)|VARIABLE_ASSIGNMENT|[212]|tm|63000000
16:18:31.0 (47141393)|STATEMENT_EXECUTE|[208]
16:18:31.0 (47142995)|STATEMENT_EXECUTE|[209]
16:18:31.0 (47144433)|STATEMENT_EXECUTE|[210]
16:18:31.0 (47152633)|STATEMENT_EXECUTE|[212]
16:18:31.0 (47154500)|STATEMENT_EXECUTE|[213]
16:18:31.0 (47165739)|VARIABLE_ASSIGNMENT|[EXTERNAL]|this|{}|0x5e45cd60
16:18:31.0 (47178414)|VARIABLE_ASSIGNMENT|[EXTERNAL]|value|false
16:18:31.0 (47183710)|HEAP_ALLOCATE|[209]|Bytes:5
16:18:31.0 (47189951)|VARIABLE_ASSIGNMENT|[209]|this.selected|false|0x5e45cd60
16:18:31.0 (47198058)|STATEMENT_EXECUTE|[214]
16:18:31.0 (47210223)|VARIABLE_ASSIGNMENT|[EXTERNAL]|this|{"selected":false}|0x5e45cd60
16:18:31.0 (47219396)|VARIABLE_ASSIGNMENT|[EXTERNAL]|value|63000000
16:18:31.0 (47226541)|VARIABLE_ASSIGNMENT|[210]|this.t|63000000|0x5e45cd60
16:18:31.0 (47241372)|CONSTRUCTOR_EXIT|[114]|01p0H000007gCe8|<init>(Boolean,Time)
16:18:31.0 (47250616)|HEAP_ALLOCATE|[EXTERNAL]|Bytes:4
16:18:31.0 (47261152)|HEAP_ALLOCATE|[107]|Bytes:28
16:18:31.0 (47265234)|HEAP_ALLOCATE|[107]|Bytes:28
16:18:31.0 (47282224)|STATEMENT_EXECUTE|[107]
16:18:31.0 (47283935)|STATEMENT_EXECUTE|[108]
16:18:31.0 (47292357)|USER_DEBUG|[108]|DEBUG|17:30:00.000Z
16:18:31.0 (47299477)|STATEMENT_EXECUTE|[109]
16:18:31.0 (47311670)|HEAP_ALLOCATE|[109]|Bytes:4
16:18:31.0 (47326499)|VARIABLE_ASSIGNMENT|[109]|t|64800000
16:18:31.0 (47331167)|STATEMENT_EXECUTE|[110]
16:18:31.0 (47335878)|HEAP_ALLOCATE|[110]|Bytes:28
16:18:31.0 (47348100)|HEAP_ALLOCATE|[110]|Bytes:28
16:18:31.0 (47359686)|VARIABLE_ASSIGNMENT|[110]|i1|9.0
16:18:31.0 (47364081)|STATEMENT_EXECUTE|[111]
16:18:31.0 (47393818)|VARIABLE_ASSIGNMENT|[EXTERNAL]|this|{"aptdum":"0x3ff17d8f","Docdum":"0x2a08cdaa","Docmap":"0x627787cb","Initialselected":2,"Selecteddoc":"a260H000001koYlQAI","SelectedtimeSlot":60,"timelist":"0xc1e80e5","timeset":"0xdf1954a","timewraplist":"0x366fb3b0","timewraplistInitial":"0x1b73568a"}|0x71efa79b
16:18:31.0 (47409116)|HEAP_ALLOCATE|[EXTERNAL]|Bytes:4
16:18:31.0 (47421437)|STATEMENT_EXECUTE|[113]
16:18:31.0 (47423254)|STATEMENT_EXECUTE|[114]
16:18:31.0 (47447852)|VARIABLE_ASSIGNMENT|[EXTERNAL]|this|{"aptdum":"0x3ff17d8f","Docdum":"0x2a08cdaa","Docmap":"0x627787cb","Initialselected":2,"Selecteddoc":"a260H000001koYlQAI","SelectedtimeSlot":60,"timelist":"0xc1e80e5","timeset":"0xdf1954a","timewraplist":"0x366fb3b0","timewraplistInitial":"0x1b73568a"}|0x71efa79b
16:18:31.0 (47460075)|HEAP_ALLOCATE|[114]|Bytes:12
16:18:31.0 (47470868)|CONSTRUCTOR_ENTRY|[114]|01p0H000007gCe8|<init>(Boolean,Time)
16:18:31.0 (47477084)|VARIABLE_SCOPE_BEGIN|[212]|this|docappcontroller.Wrapertimeslot|true|false
16:18:31.0 (47489832)|VARIABLE_ASSIGNMENT|[212]|this|{}|0x59f288ca
16:18:31.0 (47496253)|VARIABLE_SCOPE_BEGIN|[212]|selection|Boolean|false|false
16:18:31.0 (47503903)|VARIABLE_ASSIGNMENT|[212]|selection|false
16:18:31.0 (47507823)|VARIABLE_SCOPE_BEGIN|[212]|tm|Time|false|false
16:18:31.0 (47515674)|VARIABLE_ASSIGNMENT|[212]|tm|64800000
16:18:31.0 (47519949)|STATEMENT_EXECUTE|[208]
16:18:31.0 (47521974)|STATEMENT_EXECUTE|[209]
16:18:31.0 (47523805)|STATEMENT_EXECUTE|[210]
16:18:31.0 (47532292)|STATEMENT_EXECUTE|[212]
16:18:31.0 (47533827)|STATEMENT_EXECUTE|[213]
16:18:31.0 (47545037)|VARIABLE_ASSIGNMENT|[EXTERNAL]|this|{}|0x59f288ca
16:18:31.0 (47553881)|VARIABLE_ASSIGNMENT|[EXTERNAL]|value|false
16:18:31.0 (47559335)|HEAP_ALLOCATE|[209]|Bytes:5
16:18:31.0 (47565259)|VARIABLE_ASSIGNMENT|[209]|this.selected|false|0x59f288ca
16:18:31.0 (47572626)|STATEMENT_EXECUTE|[214]
16:18:31.0 (47584331)|VARIABLE_ASSIGNMENT|[EXTERNAL]|this|{"selected":false}|0x59f288ca
16:18:31.0 (47593343)|VARIABLE_ASSIGNMENT|[EXTERNAL]|value|64800000
16:18:31.0 (47600462)|VARIABLE_ASSIGNMENT|[210]|this.t|64800000|0x59f288ca
16:18:31.0 (47617192)|CONSTRUCTOR_EXIT|[114]|01p0H000007gCe8|<init>(Boolean,Time)
16:18:31.0 (47626091)|HEAP_ALLOCATE|[EXTERNAL]|Bytes:4
16:18:31.0 (47637385)|HEAP_ALLOCATE|[107]|Bytes:28
16:18:31.0 (47641208)|HEAP_ALLOCATE|[107]|Bytes:28
16:18:31.0 (47658280)|STATEMENT_EXECUTE|[107]
16:18:31.0 (47659881)|STATEMENT_EXECUTE|[108]
16:18:31.0 (47668017)|USER_DEBUG|[108]|DEBUG|18:00:00.000Z
16:18:31.0 (47674862)|STATEMENT_EXECUTE|[109]
16:18:31.0 (47684428)|HEAP_ALLOCATE|[109]|Bytes:4
16:18:31.0 (47698592)|VARIABLE_ASSIGNMENT|[109]|t|66600000
16:18:31.0 (47703321)|STATEMENT_EXECUTE|[110]
16:18:31.0 (47707846)|HEAP_ALLOCATE|[110]|Bytes:28
16:18:31.0 (47720203)|HEAP_ALLOCATE|[110]|Bytes:28
16:18:31.0 (47731575)|VARIABLE_ASSIGNMENT|[110]|i1|9.5
16:18:31.0 (47735977)|STATEMENT_EXECUTE|[111]
16:18:31.0 (47765716)|VARIABLE_ASSIGNMENT|[EXTERNAL]|this|{"aptdum":"0x3ff17d8f","Docdum":"0x2a08cdaa","Docmap":"0x627787cb","Initialselected":2,"Selecteddoc":"a260H000001koYlQAI","SelectedtimeSlot":60,"timelist":"0xc1e80e5","timeset":"0xdf1954a","timewraplist":"0x366fb3b0","timewraplistInitial":"0x1b73568a"}|0x71efa79b
16:18:31.0 (47781213)|HEAP_ALLOCATE|[EXTERNAL]|Bytes:4
16:18:31.0 (47792941)|STATEMENT_EXECUTE|[113]
16:18:31.0 (47794845)|STATEMENT_EXECUTE|[114]
16:18:31.0 (47819685)|VARIABLE_ASSIGNMENT|[EXTERNAL]|this|{"aptdum":"0x3ff17d8f","Docdum":"0x2a08cdaa","Docmap":"0x627787cb","Initialselected":2,"Selecteddoc":"a260H000001koYlQAI","SelectedtimeSlot":60,"timelist":"0xc1e80e5","timeset":"0xdf1954a","timewraplist":"0x366fb3b0","timewraplistInitial":"0x1b73568a"}|0x71efa79b
16:18:31.0 (47833013)|HEAP_ALLOCATE|[114]|Bytes:12
16:18:31.0 (47843538)|CONSTRUCTOR_ENTRY|[114]|01p0H000007gCe8|<init>(Boolean,Time)
16:18:31.0 (47849843)|VARIABLE_SCOPE_BEGIN|[212]|this|docappcontroller.Wrapertimeslot|true|false
16:18:31.0 (47862780)|VARIABLE_ASSIGNMENT|[212]|this|{}|0x2818d5e6
16:18:31.0 (47869654)|VARIABLE_SCOPE_BEGIN|[212]|selection|Boolean|false|false
16:18:31.0 (47877492)|VARIABLE_ASSIGNMENT|[212]|selection|false
16:18:31.0 (47881666)|VARIABLE_SCOPE_BEGIN|[212]|tm|Time|false|false
16:18:31.0 (47890031)|VARIABLE_ASSIGNMENT|[212]|tm|66600000
16:18:31.0 (47894399)|STATEMENT_EXECUTE|[208]
16:18:31.0 (47895983)|STATEMENT_EXECUTE|[209]
16:18:31.0 (47897421)|STATEMENT_EXECUTE|[210]
16:18:31.0 (47905659)|STATEMENT_EXECUTE|[212]
16:18:31.0 (47907253)|STATEMENT_EXECUTE|[213]
16:18:31.0 (47918218)|VARIABLE_ASSIGNMENT|[EXTERNAL]|this|{}|0x2818d5e6
16:18:31.0 (47926925)|VARIABLE_ASSIGNMENT|[EXTERNAL]|value|false
16:18:31.0 (47932677)|HEAP_ALLOCATE|[209]|Bytes:5
16:18:31.0 (47939002)|VARIABLE_ASSIGNMENT|[209]|this.selected|false|0x2818d5e6
16:18:31.0 (47946134)|STATEMENT_EXECUTE|[214]
16:18:31.0 (47957757)|VARIABLE_ASSIGNMENT|[EXTERNAL]|this|{"selected":false}|0x2818d5e6
16:18:31.0 (47966556)|VARIABLE_ASSIGNMENT|[EXTERNAL]|value|66600000
16:18:31.0 (47973565)|VARIABLE_ASSIGNMENT|[210]|this.t|66600000|0x2818d5e6
16:18:31.0 (47986686)|CONSTRUCTOR_EXIT|[114]|01p0H000007gCe8|<init>(Boolean,Time)
16:18:31.0 (47995377)|HEAP_ALLOCATE|[EXTERNAL]|Bytes:4
16:18:31.0 (48006547)|HEAP_ALLOCATE|[107]|Bytes:28
16:18:31.0 (48011025)|HEAP_ALLOCATE|[107]|Bytes:28
16:18:31.0 (48028519)|STATEMENT_EXECUTE|[107]
16:18:31.0 (48030166)|STATEMENT_EXECUTE|[108]
16:18:31.0 (48038077)|USER_DEBUG|[108]|DEBUG|18:30:00.000Z
16:18:31.0 (48044808)|STATEMENT_EXECUTE|[109]
16:18:31.0 (48053173)|HEAP_ALLOCATE|[109]|Bytes:4
16:18:31.0 (48066846)|VARIABLE_ASSIGNMENT|[109]|t|68400000
16:18:31.0 (48073089)|STATEMENT_EXECUTE|[110]
16:18:31.0 (48077804)|HEAP_ALLOCATE|[110]|Bytes:28
16:18:31.0 (48090635)|HEAP_ALLOCATE|[110]|Bytes:28
16:18:31.0 (48101863)|VARIABLE_ASSIGNMENT|[110]|i1|10.0
16:18:31.0 (48106777)|STATEMENT_EXECUTE|[111]
16:18:31.0 (48136769)|VARIABLE_ASSIGNMENT|[EXTERNAL]|this|{"aptdum":"0x3ff17d8f","Docdum":"0x2a08cdaa","Docmap":"0x627787cb","Initialselected":2,"Selecteddoc":"a260H000001koYlQAI","SelectedtimeSlot":60,"timelist":"0xc1e80e5","timeset":"0xdf1954a","timewraplist":"0x366fb3b0","timewraplistInitial":"0x1b73568a"}|0x71efa79b
16:18:31.0 (48151449)|HEAP_ALLOCATE|[EXTERNAL]|Bytes:4
16:18:31.0 (48163610)|STATEMENT_EXECUTE|[113]
16:18:31.0 (48165315)|STATEMENT_EXECUTE|[114]
16:18:31.0 (48190117)|VARIABLE_ASSIGNMENT|[EXTERNAL]|this|{"aptdum":"0x3ff17d8f","Docdum":"0x2a08cdaa","Docmap":"0x627787cb","Initialselected":2,"Selecteddoc":"a260H000001koYlQAI","SelectedtimeSlot":60,"timelist":"0xc1e80e5","timeset":"0xdf1954a","timewraplist":"0x366fb3b0","timewraplistInitial":"0x1b73568a"}|0x71efa79b
16:18:31.0 (48202838)|HEAP_ALLOCATE|[114]|Bytes:12
16:18:31.0 (48213863)|CONSTRUCTOR_ENTRY|[114]|01p0H000007gCe8|<init>(Boolean,Time)
16:18:31.0 (48219766)|VARIABLE_SCOPE_BEGIN|[212]|this|docappcontroller.Wrapertimeslot|true|false
16:18:31.0 (48257092)|VARIABLE_ASSIGNMENT|[212]|this|{}|0x57f0e69c
16:18:31.0 (48268546)|VARIABLE_SCOPE_BEGIN|[212]|selection|Boolean|false|false
16:18:31.0 (48280385)|VARIABLE_ASSIGNMENT|[212]|selection|false
16:18:31.0 (48286312)|VARIABLE_SCOPE_BEGIN|[212]|tm|Time|false|false
16:18:31.0 (48298204)|VARIABLE_ASSIGNMENT|[212]|tm|68400000
16:18:31.0 (48304833)|STATEMENT_EXECUTE|[208]
16:18:31.0 (48311221)|STATEMENT_EXECUTE|[209]
16:18:31.0 (48313298)|STATEMENT_EXECUTE|[210]
16:18:31.0 (48327403)|STATEMENT_EXECUTE|[212]
16:18:31.0 (48329856)|STATEMENT_EXECUTE|[213]
16:18:31.0 (48345047)|VARIABLE_ASSIGNMENT|[EXTERNAL]|this|{}|0x57f0e69c
16:18:31.0 (48354756)|VARIABLE_ASSIGNMENT|[EXTERNAL]|value|false
16:18:31.0 (48360315)|HEAP_ALLOCATE|[209]|Bytes:5
16:18:31.0 (48367055)|VARIABLE_ASSIGNMENT|[209]|this.selected|false|0x57f0e69c
16:18:31.0 (48374346)|STATEMENT_EXECUTE|[214]
16:18:31.0 (48386616)|VARIABLE_ASSIGNMENT|[EXTERNAL]|this|{"selected":false}|0x57f0e69c
16:18:31.0 (48396255)|VARIABLE_ASSIGNMENT|[EXTERNAL]|value|68400000
16:18:31.0 (48403282)|VARIABLE_ASSIGNMENT|[210]|this.t|68400000|0x57f0e69c
16:18:31.0 (48418399)|CONSTRUCTOR_EXIT|[114]|01p0H000007gCe8|<init>(Boolean,Time)
16:18:31.0 (48428014)|HEAP_ALLOCATE|[EXTERNAL]|Bytes:4
16:18:31.0 (48439826)|HEAP_ALLOCATE|[107]|Bytes:28
16:18:31.0 (48444018)|HEAP_ALLOCATE|[107]|Bytes:28
16:18:31.0 (48467573)|HEAP_ALLOCATE|[123]|Bytes:28
16:18:31.0 (48471866)|HEAP_ALLOCATE|[123]|Bytes:28
16:18:31.0 (48478054)|HEAP_ALLOCATE|[123]|Bytes:28
16:18:31.0 (48508907)|HEAP_ALLOCATE|[123]|Bytes:28
16:18:31.0 (48532188)|STATEMENT_EXECUTE|[123]
16:18:31.0 (48534193)|STATEMENT_EXECUTE|[129]
16:18:31.0 (48573886)|VARIABLE_ASSIGNMENT|[EXTERNAL]|this|{"aptdum":"0x3ff17d8f","Docdum":"0x2a08cdaa","Docmap":"0x627787cb","Initialselected":2,"Selecteddoc":"a260H000001koYlQAI","SelectedtimeSlot":60,"timelist":"0xc1e80e5","timeset":"0xdf1954a","timewraplist":"0x366fb3b0","timewraplistInitial":"0x1b73568a"}|0x71efa79b
16:18:31.0 (48594557)|VARIABLE_ASSIGNMENT|[129]|this.timewraplistInitial|"List of size 21 too large to display"|0x71efa79b
16:18:31.0 (48600796)|STATEMENT_EXECUTE|[131]
16:18:31.52 (52002324)|SYSTEM_MODE_ENTER|true
16:18:31.52 (52065275)|HEAP_ALLOCATE|[EXTERNAL]|Bytes:8
16:18:31.52 (52075018)|VARIABLE_SCOPE_BEGIN|[88]|this|ApexPage.PageMessagesComponentController|true|false
16:18:31.52 (52099769)|VARIABLE_ASSIGNMENT|[88]|this|{}|0x71f97294
16:18:31.52 (52106636)|VARIABLE_SCOPE_BEGIN|[88]|escape|Boolean|false|false
16:18:31.52 (52114443)|VARIABLE_ASSIGNMENT|[88]|escape|null
16:18:31.52 (52208605)|SYSTEM_MODE_ENTER|true
16:18:31.52 (52244709)|HEAP_ALLOCATE|[EXTERNAL]|Bytes:8
16:18:31.52 (52252711)|VARIABLE_SCOPE_BEGIN|[2]|this|ApexPage.PageMessagesComponentController|true|false
16:18:31.52 (52271528)|VARIABLE_ASSIGNMENT|[2]|this|{}|0x71f97294
16:18:31.0 (52605740)|SYSTEM_MODE_ENTER|true
16:18:31.0 (53023155)|SYSTEM_MODE_ENTER|true
16:18:31.0 (53357837)|SYSTEM_MODE_ENTER|true
16:18:31.0 (53417382)|SYSTEM_MODE_ENTER|true
16:18:31.74 (74467637)|SYSTEM_MODE_ENTER|true
16:18:31.74 (74562787)|HEAP_ALLOCATE|[EXTERNAL]|Bytes:8
16:18:31.74 (74579841)|VARIABLE_SCOPE_BEGIN|[88]|this|ApexPage.PageMessagesComponentController|true|false
16:18:31.74 (74619144)|VARIABLE_ASSIGNMENT|[88]|this|{}|0x71f97294
16:18:31.74 (74627133)|VARIABLE_SCOPE_BEGIN|[88]|escape|Boolean|false|false
16:18:31.74 (74640077)|VARIABLE_ASSIGNMENT|[88]|escape|null
16:18:31.74 (74782176)|SYSTEM_MODE_ENTER|true
16:18:31.74 (74819921)|HEAP_ALLOCATE|[EXTERNAL]|Bytes:8
16:18:31.74 (74828591)|VARIABLE_SCOPE_BEGIN|[2]|this|ApexPage.PageMessagesComponentController|true|false
16:18:31.74 (74847828)|VARIABLE_ASSIGNMENT|[2]|this|{}|0x71f97294
16:18:31.0 (76498092)|SYSTEM_MODE_ENTER|true
16:18:31.0 (76543757)|HEAP_ALLOCATE|[EXTERNAL]|Bytes:48
16:18:31.0 (76553925)|VARIABLE_SCOPE_BEGIN|[164]|this|docappcontroller|true|false
16:18:31.0 (76611756)|VARIABLE_ASSIGNMENT|[164]|this|{"aptdum":"0x3ff17d8f","Docdum":"0x2a08cdaa","Docmap":"0x627787cb","Initialselected":2,"Selecteddoc":"a260H000001koYlQAI","SelectedtimeSlot":60,"timelist":"0xc1e80e5","timeset":"0xdf1954a","timewraplist":"0x366fb3b0","timewraplistInitial":"0x366fb3b0"}|0x71efa79b
16:18:31.0 (76625883)|STATEMENT_EXECUTE|[164]
16:18:31.0 (76629141)|STATEMENT_EXECUTE|[166]
16:18:31.0 (76646712)|HEAP_ALLOCATE|[166]|Bytes:4
16:18:31.0 (76669512)|VARIABLE_SCOPE_BEGIN|[166]|options|List<System.SelectOption>|true|false
16:18:31.0 (76700019)|HEAP_ALLOCATE|[EXTERNAL]|Bytes:4
16:18:31.0 (76711267)|VARIABLE_ASSIGNMENT|[166]|options|[]|0x47b6be2c
16:18:31.0 (76717209)|STATEMENT_EXECUTE|[167]
16:18:31.0 (76741746)|HEAP_ALLOCATE|[EXTERNAL]|Bytes:4
16:18:31.0 (76814646)|VARIABLE_ASSIGNMENT|[EXTERNAL]|this|{"aptdum":"0x3ff17d8f","Docdum":"0x2a08cdaa","Docmap":"0x627787cb","Initialselected":2,"Selecteddoc":"a260H000001koYlQAI","SelectedtimeSlot":60,"timelist":"0xc1e80e5","timeset":"0xdf1954a","timewraplist":"0x366fb3b0","timewraplistInitial":"0x366fb3b0"}|0x71efa79b
16:18:31.0 (76836579)|STATEMENT_EXECUTE|[168]
16:18:31.0 (76876962)|VARIABLE_ASSIGNMENT|[EXTERNAL]|this|{"aptdum":"0x3ff17d8f","Docdum":"0x2a08cdaa","Docmap":"0x627787cb","Initialselected":2,"Selecteddoc":"a260H000001koYlQAI","SelectedtimeSlot":60,"timelist":"0xc1e80e5","timeset":"0xdf1954a","timewraplist":"0x366fb3b0","timewraplistInitial":"0x366fb3b0"}|0x71efa79b
16:18:31.0 (76910273)|HEAP_ALLOCATE|[EXTERNAL]|Bytes:8
16:18:31.0 (76930501)|HEAP_ALLOCATE|[169]|Bytes:116
16:18:31.0 (76960360)|HEAP_ALLOCATE|[169]|Bytes:5
16:18:31.0 (76980188)|HEAP_ALLOCATE|[169]|Bytes:24
16:18:31.0 (76992311)|VARIABLE_SCOPE_BEGIN|[169]|doc|Doctor__c|true|false
16:18:31.0 (77029843)|VARIABLE_ASSIGNMENT|[169]|doc|{"Id":"a260H000001koYlQAI","Name":"doc4","End_Time__c":68400000,"Speciality__c":"Dermatology","Start_Time__c":32400000}|0x1fda24e5
16:18:31.0 (77037946)|STATEMENT_EXECUTE|[169]
16:18:31.0 (77039785)|STATEMENT_EXECUTE|[170]
16:18:31.0 (77058559)|HEAP_ALLOCATE|[170]|Bytes:18
16:18:31.0 (77075073)|HEAP_ALLOCATE|[EXTERNAL]|Bytes:4
16:18:31.0 (77088502)|HEAP_ALLOCATE|[169]|Bytes:5
16:18:31.0 (77099920)|VARIABLE_ASSIGNMENT|[169]|doc|null|
16:18:31.0 (77105802)|STATEMENT_EXECUTE|[176]
16:18:31.0 (77275494)|SYSTEM_MODE_ENTER|true
16:18:31.0 (81531388)|SYSTEM_MODE_ENTER|true
16:18:31.0 (81573996)|HEAP_ALLOCATE|[EXTERNAL]|Bytes:48
16:18:31.0 (81583506)|VARIABLE_SCOPE_BEGIN|[181]|this|docappcontroller|true|false
16:18:31.0 (81624612)|VARIABLE_ASSIGNMENT|[181]|this|{"aptdum":"0x3ff17d8f","Docdum":"0x2a08cdaa","Docmap":"0x627787cb","Initialselected":2,"Selecteddoc":"a260H000001koYlQAI","SelectedtimeSlot":60,"timelist":"0xc1e80e5","timeset":"0xdf1954a","timewraplist":"0x366fb3b0","timewraplistInitial":"0x366fb3b0"}|0x71efa79b
16:18:31.0 (81637631)|STATEMENT_EXECUTE|[181]
16:18:31.0 (81639804)|STATEMENT_EXECUTE|[183]
16:18:31.0 (81649348)|HEAP_ALLOCATE|[183]|Bytes:4
16:18:31.0 (81665140)|VARIABLE_SCOPE_BEGIN|[183]|options|List<System.SelectOption>|true|false
16:18:31.0 (81688606)|HEAP_ALLOCATE|[EXTERNAL]|Bytes:4
16:18:31.0 (81697801)|VARIABLE_ASSIGNMENT|[183]|options|[]|0xf262dd4
16:18:31.0 (81703724)|STATEMENT_EXECUTE|[184]
16:18:31.0 (81716728)|HEAP_ALLOCATE|[184]|Bytes:4
16:18:31.0 (81895388)|SOQL_EXECUTE_BEGIN|[184]|Aggregations:0|SELECT Interval__c FROM Time_Interval__mdt ORDER BY Interval__c ASC NULLS FIRST
16:18:31.0 (86664743)|SOQL_EXECUTE_END|[184]|Rows:2
16:18:31.0 (86691973)|HEAP_ALLOCATE|[184]|Bytes:12
16:18:31.0 (86706840)|HEAP_ALLOCATE|[184]|Bytes:92
16:18:31.0 (86737169)|HEAP_ALLOCATE|[184]|Bytes:12
16:18:31.0 (86748679)|VARIABLE_SCOPE_BEGIN|[184]|intervals|List<Time_Interval__mdt>|true|false
16:18:31.0 (86773267)|VARIABLE_ASSIGNMENT|[184]|intervals|[{"Interval__c":"30","Id":"m030H000000bmFqQAI"},{"Interval__c":"60","Id":"m030H000000bmFvQAI"}]|0xa8f679
16:18:31.0 (86802336)|HEAP_ALLOCATE|[187]|Bytes:5
16:18:31.0 (86816138)|HEAP_ALLOCATE|[187]|Bytes:12
16:18:31.0 (86827680)|VARIABLE_SCOPE_BEGIN|[187]|i|Time_Interval__mdt|true|false
16:18:31.0 (86841546)|VARIABLE_ASSIGNMENT|[187]|i|{"Interval__c":"30","Id":"m030H000000bmFqQAI"}|0x6cd099c0
16:18:31.0 (86848053)|STATEMENT_EXECUTE|[187]
16:18:31.0 (86849908)|STATEMENT_EXECUTE|[188]
16:18:31.0 (86872663)|HEAP_ALLOCATE|[EXTERNAL]|Bytes:4
16:18:31.0 (86885097)|HEAP_ALLOCATE|[187]|Bytes:5
16:18:31.0 (86894358)|HEAP_ALLOCATE|[187]|Bytes:12
16:18:31.0 (86900191)|VARIABLE_SCOPE_BEGIN|[187]|i|Time_Interval__mdt|true|false
16:18:31.0 (86912680)|VARIABLE_ASSIGNMENT|[187]|i|{"Interval__c":"60","Id":"m030H000000bmFvQAI"}|0x627366ec
16:18:31.0 (86918371)|STATEMENT_EXECUTE|[187]
16:18:31.0 (86919985)|STATEMENT_EXECUTE|[188]
16:18:31.0 (86930953)|HEAP_ALLOCATE|[EXTERNAL]|Bytes:4
16:18:31.0 (86942325)|HEAP_ALLOCATE|[187]|Bytes:5
16:18:31.0 (86951961)|VARIABLE_ASSIGNMENT|[187]|i|null|
16:18:31.0 (86957030)|STATEMENT_EXECUTE|[196]
16:18:31.0 (87441855)|SYSTEM_MODE_ENTER|true
16:18:31.0 (89711435)|VF_SERIALIZE_VIEWSTATE_BEGIN|0660H000004OdRk
16:18:31.0 (108053673)|VF_SERIALIZE_VIEWSTATE_END
16:18:31.0 (127186764)|CODE_UNIT_STARTED|[EXTERNAL]|Generate Metadata
16:18:31.0 (129982253)|CODE_UNIT_FINISHED|Generate Metadata
16:18:31.132 (132841355)|CUMULATIVE_LIMIT_USAGE
16:18:31.132 (132841355)|LIMIT_USAGE_FOR_NS|(default)|
  Number of SOQL queries: 1 out of 100
  Number of query rows: 4 out of 50000
  Number of SOSL queries: 0 out of 20
  Number of DML statements: 0 out of 150
  Number of DML rows: 0 out of 10000
  Maximum CPU time: 0 out of 10000
  Maximum heap size: 0 out of 6000000
  Number of callouts: 0 out of 100
  Number of Email Invocations: 0 out of 10
  Number of future calls: 0 out of 50
  Number of queueable jobs added to the queue: 0 out of 50
  Number of Mobile Apex push calls: 0 out of 10

16:18:31.132 (132841355)|CUMULATIVE_LIMIT_USAGE_END

16:18:31.0 (132888501)|CODE_UNIT_FINISHED|VF: /apex/docapp
16:18:31.0 (133667637)|EXECUTION_FINISHED
