42.0 APEX_CODE,FINEST;APEX_PROFILING,INFO;CALLOUT,INFO;DB,INFO;SYSTEM,DEBUG;VALIDATION,INFO;VISUALFORCE,INFO;WAVE,INFO;WORKFLOW,INFO
16:24:07.0 (65753)|USER_INFO|[EXTERNAL]|005i0000002qYvT|anton@igate.com|India Standard Time|GMT+05:30
16:24:07.0 (100937)|EXECUTION_STARTED
16:24:07.0 (107111)|CODE_UNIT_STARTED|[EXTERNAL]|0660H000004OdRk|VF: /apex/docapp
16:24:07.0 (1159336)|VF_DESERIALIZE_VIEWSTATE_BEGIN|0660H000004OdRk
16:24:07.0 (4118765)|HEAP_ALLOCATE|[72]|Bytes:3
16:24:07.0 (4167650)|HEAP_ALLOCATE|[77]|Bytes:152
16:24:07.0 (4186724)|HEAP_ALLOCATE|[342]|Bytes:408
16:24:07.0 (4199491)|HEAP_ALLOCATE|[355]|Bytes:408
16:24:07.0 (4210514)|HEAP_ALLOCATE|[467]|Bytes:48
16:24:07.0 (4238322)|HEAP_ALLOCATE|[139]|Bytes:6
16:24:07.0 (4669569)|HEAP_ALLOCATE|[50]|Bytes:5
16:24:07.0 (4698082)|HEAP_ALLOCATE|[56]|Bytes:5
16:24:07.0 (4707048)|HEAP_ALLOCATE|[64]|Bytes:7
16:24:07.0 (8688398)|VF_DESERIALIZE_VIEWSTATE_END
16:24:07.9 (9337996)|SYSTEM_MODE_ENTER|true
16:24:07.9 (9414206)|HEAP_ALLOCATE|[EXTERNAL]|Bytes:38
16:24:07.9 (9424022)|HEAP_ALLOCATE|[EXTERNAL]|Bytes:7
16:24:07.9 (9434472)|SYSTEM_METHOD_ENTRY|[1]|PageMessagesComponentController.PageMessagesComponentController()
16:24:07.9 (9440112)|STATEMENT_EXECUTE|[1]
16:24:07.10 (10217580)|SYSTEM_MODE_ENTER|true
16:24:07.10 (10275270)|HEAP_ALLOCATE|[EXTERNAL]|Bytes:8
16:24:07.10 (10284083)|VARIABLE_SCOPE_BEGIN|[88]|this|ApexPage.PageMessagesComponentController|true|false
16:24:07.10 (10322955)|VARIABLE_ASSIGNMENT|[88]|this|{}|0x52ceb68f
16:24:07.10 (10330474)|VARIABLE_SCOPE_BEGIN|[88]|escape|Boolean|false|false
16:24:07.10 (10339505)|VARIABLE_ASSIGNMENT|[88]|escape|null
16:24:07.0 (10523616)|SYSTEM_MODE_ENTER|true
16:24:07.0 (10550683)|HEAP_ALLOCATE|[EXTERNAL]|Bytes:14
16:24:07.0 (10558099)|HEAP_ALLOCATE|[EXTERNAL]|Bytes:248
16:24:07.0 (10562580)|HEAP_ALLOCATE|[EXTERNAL]|Bytes:53
16:24:07.0 (10566342)|HEAP_ALLOCATE|[EXTERNAL]|Bytes:20
16:24:07.0 (10573047)|METHOD_ENTRY|[1]|01p0H000007gCe8|docappcontroller.docappcontroller()
16:24:07.0 (10578489)|STATEMENT_EXECUTE|[1]
16:24:07.0 (10582213)|STATEMENT_EXECUTE|[1]
16:24:07.0 (10583949)|STATEMENT_EXECUTE|[208]
16:24:07.0 (10587846)|METHOD_EXIT|[1]|docappcontroller
16:24:07.0 (13000691)|SYSTEM_MODE_ENTER|true
16:24:07.0 (13840213)|SYSTEM_MODE_ENTER|true
16:24:07.0 (14027325)|SYSTEM_MODE_ENTER|true
16:24:07.0 (14346927)|HEAP_ALLOCATE|[EXTERNAL]|Bytes:108
16:24:07.0 (14356376)|HEAP_ALLOCATE|[EXTERNAL]|Bytes:11
16:24:07.0 (16343661)|SYSTEM_MODE_ENTER|true
16:24:07.0 (16604486)|HEAP_ALLOCATE|[EXTERNAL]|Bytes:48
16:24:07.0 (16615034)|VARIABLE_SCOPE_BEGIN|[164]|this|docappcontroller|true|false
16:24:07.0 (16687017)|VARIABLE_ASSIGNMENT|[164]|this|{"aptdum":"0x5a20e64b","Docdum":"0x386ac51a","Docmap":"0x6ab36fe","Initialselected":0,"Selecteddoc":"a260H000001koYlQAI","SelectedtimeSlot":30,"timelist":"0x36e6b338","timeset":"0x70880c3f","timewraplist":"0x94e184","timewraplistInitial":"0x94e184"}|0x72fa1b4a
16:24:07.0 (16701574)|STATEMENT_EXECUTE|[164]
16:24:07.0 (16703913)|STATEMENT_EXECUTE|[166]
16:24:07.0 (16718401)|HEAP_ALLOCATE|[166]|Bytes:4
16:24:07.0 (16752553)|VARIABLE_SCOPE_BEGIN|[166]|options|List<System.SelectOption>|true|false
16:24:07.0 (16775627)|HEAP_ALLOCATE|[EXTERNAL]|Bytes:4
16:24:07.0 (16786349)|VARIABLE_ASSIGNMENT|[166]|options|[]|0x2dc7bedb
16:24:07.0 (16793910)|STATEMENT_EXECUTE|[167]
16:24:07.0 (16802081)|HEAP_ALLOCATE|[167]|Bytes:8
16:24:07.0 (16856187)|HEAP_ALLOCATE|[EXTERNAL]|Bytes:4
16:24:07.0 (16914979)|VARIABLE_ASSIGNMENT|[EXTERNAL]|this|{"aptdum":"0x5a20e64b","Docdum":"0x386ac51a","Docmap":"0x6ab36fe","Initialselected":0,"Selecteddoc":"a260H000001koYlQAI","SelectedtimeSlot":30,"timelist":"0x36e6b338","timeset":"0x70880c3f","timewraplist":"0x94e184","timewraplistInitial":"0x94e184"}|0x72fa1b4a
16:24:07.0 (16932696)|STATEMENT_EXECUTE|[168]
16:24:07.0 (16969632)|VARIABLE_ASSIGNMENT|[EXTERNAL]|this|{"aptdum":"0x5a20e64b","Docdum":"0x386ac51a","Docmap":"0x6ab36fe","Initialselected":0,"Selecteddoc":"a260H000001koYlQAI","SelectedtimeSlot":30,"timelist":"0x36e6b338","timeset":"0x70880c3f","timewraplist":"0x94e184","timewraplistInitial":"0x94e184"}|0x72fa1b4a
16:24:07.0 (17003984)|HEAP_ALLOCATE|[EXTERNAL]|Bytes:8
16:24:07.0 (17021961)|HEAP_ALLOCATE|[169]|Bytes:116
16:24:07.0 (17158095)|HEAP_ALLOCATE|[169]|Bytes:5
16:24:07.0 (17195547)|HEAP_ALLOCATE|[169]|Bytes:24
16:24:07.0 (17210727)|VARIABLE_SCOPE_BEGIN|[169]|doc|Doctor__c|true|false
16:24:07.0 (17346183)|VARIABLE_ASSIGNMENT|[169]|doc|{"Id":"a260H000001koYlQAI","Name":"doc4","End_Time__c":68400000,"Speciality__c":"Dermatology","Start_Time__c":32400000}|0x20c4713e
16:24:07.0 (17357686)|STATEMENT_EXECUTE|[169]
16:24:07.0 (17359929)|STATEMENT_EXECUTE|[170]
16:24:07.0 (17407837)|HEAP_ALLOCATE|[170]|Bytes:18
16:24:07.0 (17467263)|HEAP_ALLOCATE|[EXTERNAL]|Bytes:4
16:24:07.0 (17486195)|HEAP_ALLOCATE|[169]|Bytes:5
16:24:07.0 (17499637)|VARIABLE_ASSIGNMENT|[169]|doc|null|
16:24:07.0 (17505963)|STATEMENT_EXECUTE|[176]
16:24:07.0 (17599150)|SYSTEM_MODE_ENTER|true
16:24:07.0 (18477420)|SYSTEM_MODE_ENTER|true
16:24:07.0 (18530853)|HEAP_ALLOCATE|[EXTERNAL]|Bytes:48
16:24:07.0 (18542519)|VARIABLE_SCOPE_BEGIN|[181]|this|docappcontroller|true|false
16:24:07.0 (18583097)|VARIABLE_ASSIGNMENT|[181]|this|{"aptdum":"0x5a20e64b","Docdum":"0x386ac51a","Docmap":"0x6ab36fe","Initialselected":0,"Selecteddoc":"a260H000001koYlQAI","SelectedtimeSlot":30,"timelist":"0x36e6b338","timeset":"0x70880c3f","timewraplist":"0x94e184","timewraplistInitial":"0x94e184"}|0x72fa1b4a
16:24:07.0 (18599203)|STATEMENT_EXECUTE|[181]
16:24:07.0 (18601583)|STATEMENT_EXECUTE|[183]
16:24:07.0 (18610695)|HEAP_ALLOCATE|[183]|Bytes:4
16:24:07.0 (18633470)|VARIABLE_SCOPE_BEGIN|[183]|options|List<System.SelectOption>|true|false
16:24:07.0 (18657919)|HEAP_ALLOCATE|[EXTERNAL]|Bytes:4
16:24:07.0 (18666643)|VARIABLE_ASSIGNMENT|[183]|options|[]|0x5897bf3e
16:24:07.0 (18672432)|STATEMENT_EXECUTE|[184]
16:24:07.0 (18676652)|HEAP_ALLOCATE|[184]|Bytes:79
16:24:07.0 (18692343)|HEAP_ALLOCATE|[184]|Bytes:4
16:24:07.0 (18979989)|SOQL_EXECUTE_BEGIN|[184]|Aggregations:0|SELECT Interval__c FROM Time_Interval__mdt ORDER BY Interval__c ASC NULLS FIRST
16:24:07.0 (21919629)|SOQL_EXECUTE_END|[184]|Rows:2
16:24:07.0 (21947083)|HEAP_ALLOCATE|[184]|Bytes:12
16:24:07.0 (21963264)|HEAP_ALLOCATE|[184]|Bytes:92
16:24:07.0 (22021256)|HEAP_ALLOCATE|[184]|Bytes:12
16:24:07.0 (22033962)|VARIABLE_SCOPE_BEGIN|[184]|intervals|List<Time_Interval__mdt>|true|false
16:24:07.0 (22060062)|VARIABLE_ASSIGNMENT|[184]|intervals|[{"Interval__c":"30","Id":"m030H000000bmFqQAI"},{"Interval__c":"60","Id":"m030H000000bmFvQAI"}]|0x510d24ae
16:24:07.0 (22162127)|HEAP_ALLOCATE|[187]|Bytes:5
16:24:07.0 (22177978)|HEAP_ALLOCATE|[187]|Bytes:12
16:24:07.0 (22186281)|VARIABLE_SCOPE_BEGIN|[187]|i|Time_Interval__mdt|true|false
16:24:07.0 (22200554)|VARIABLE_ASSIGNMENT|[187]|i|{"Interval__c":"30","Id":"m030H000000bmFqQAI"}|0x707331e5
16:24:07.0 (22207887)|STATEMENT_EXECUTE|[187]
16:24:07.0 (22210618)|STATEMENT_EXECUTE|[188]
16:24:07.0 (22278525)|HEAP_ALLOCATE|[EXTERNAL]|Bytes:4
16:24:07.0 (22295881)|HEAP_ALLOCATE|[187]|Bytes:5
16:24:07.0 (22307097)|HEAP_ALLOCATE|[187]|Bytes:12
16:24:07.0 (22313897)|VARIABLE_SCOPE_BEGIN|[187]|i|Time_Interval__mdt|true|false
16:24:07.0 (22330482)|VARIABLE_ASSIGNMENT|[187]|i|{"Interval__c":"60","Id":"m030H000000bmFvQAI"}|0x48e35311
16:24:07.0 (22336960)|STATEMENT_EXECUTE|[187]
16:24:07.0 (22338697)|STATEMENT_EXECUTE|[188]
16:24:07.0 (22354098)|HEAP_ALLOCATE|[EXTERNAL]|Bytes:4
16:24:07.0 (22365609)|HEAP_ALLOCATE|[187]|Bytes:5
16:24:07.0 (22376284)|VARIABLE_ASSIGNMENT|[187]|i|null|
16:24:07.0 (22383586)|STATEMENT_EXECUTE|[196]
16:24:07.0 (22810950)|SYSTEM_MODE_ENTER|true
16:24:07.23 (23399450)|SYSTEM_MODE_ENTER|true
16:24:07.23 (23455131)|HEAP_ALLOCATE|[EXTERNAL]|Bytes:8
16:24:07.23 (23463605)|VARIABLE_SCOPE_BEGIN|[88]|this|ApexPage.PageMessagesComponentController|true|false
16:24:07.23 (23486009)|VARIABLE_ASSIGNMENT|[88]|this|{}|0x52ceb68f
16:24:07.23 (23493047)|VARIABLE_SCOPE_BEGIN|[88]|escape|Boolean|false|false
16:24:07.23 (23504091)|VARIABLE_ASSIGNMENT|[88]|escape|null
16:24:07.0 (23696858)|SYSTEM_MODE_ENTER|true
16:24:07.0 (23726227)|HEAP_ALLOCATE|[EXTERNAL]|Bytes:18
16:24:07.0 (23731850)|HEAP_ALLOCATE|[EXTERNAL]|Bytes:48
16:24:07.0 (23757571)|VARIABLE_ASSIGNMENT|[EXTERNAL]|this.Selecteddoc|"a260H000001koYlQAI"|0x72fa1b4a
16:24:07.0 (23807448)|SYSTEM_MODE_ENTER|true
16:24:07.0 (23967690)|SYSTEM_MODE_ENTER|true
16:24:07.0 (24177118)|HEAP_ALLOCATE|[EXTERNAL]|Bytes:5
16:24:07.0 (24186616)|HEAP_ALLOCATE|[EXTERNAL]|Bytes:12
16:24:07.0 (24196015)|VARIABLE_ASSIGNMENT|[EXTERNAL]|this.selected|false|0x443853bc
16:24:07.0 (24263640)|HEAP_ALLOCATE|[EXTERNAL]|Bytes:5
16:24:07.0 (24269070)|HEAP_ALLOCATE|[EXTERNAL]|Bytes:12
16:24:07.0 (24276430)|VARIABLE_ASSIGNMENT|[EXTERNAL]|this.selected|false|0x6f194617
16:24:07.0 (24326072)|HEAP_ALLOCATE|[EXTERNAL]|Bytes:5
16:24:07.0 (24331179)|HEAP_ALLOCATE|[EXTERNAL]|Bytes:12
16:24:07.0 (24338240)|VARIABLE_ASSIGNMENT|[EXTERNAL]|this.selected|false|0x6ce557bf
16:24:07.0 (24385951)|HEAP_ALLOCATE|[EXTERNAL]|Bytes:5
16:24:07.0 (24390887)|HEAP_ALLOCATE|[EXTERNAL]|Bytes:12
16:24:07.0 (24399529)|VARIABLE_ASSIGNMENT|[EXTERNAL]|this.selected|false|0x4bda0366
16:24:07.0 (24445854)|HEAP_ALLOCATE|[EXTERNAL]|Bytes:5
16:24:07.0 (24450918)|HEAP_ALLOCATE|[EXTERNAL]|Bytes:12
16:24:07.0 (24459832)|VARIABLE_ASSIGNMENT|[EXTERNAL]|this.selected|false|0x4df90c12
16:24:07.0 (24503510)|HEAP_ALLOCATE|[EXTERNAL]|Bytes:5
16:24:07.0 (24508782)|HEAP_ALLOCATE|[EXTERNAL]|Bytes:12
16:24:07.0 (24521790)|VARIABLE_ASSIGNMENT|[EXTERNAL]|this.selected|false|0x68f5d244
16:24:07.0 (24566141)|HEAP_ALLOCATE|[EXTERNAL]|Bytes:5
16:24:07.0 (24572616)|HEAP_ALLOCATE|[EXTERNAL]|Bytes:12
16:24:07.0 (24580167)|VARIABLE_ASSIGNMENT|[EXTERNAL]|this.selected|false|0x2eeb284a
16:24:07.0 (24624248)|HEAP_ALLOCATE|[EXTERNAL]|Bytes:5
16:24:07.0 (24630768)|HEAP_ALLOCATE|[EXTERNAL]|Bytes:12
16:24:07.0 (24637717)|VARIABLE_ASSIGNMENT|[EXTERNAL]|this.selected|false|0x3531dfc2
16:24:07.0 (24683062)|HEAP_ALLOCATE|[EXTERNAL]|Bytes:5
16:24:07.0 (24689672)|HEAP_ALLOCATE|[EXTERNAL]|Bytes:12
16:24:07.0 (24695890)|VARIABLE_ASSIGNMENT|[EXTERNAL]|this.selected|false|0x302ddcea
16:24:07.0 (24740225)|HEAP_ALLOCATE|[EXTERNAL]|Bytes:5
16:24:07.0 (24746507)|HEAP_ALLOCATE|[EXTERNAL]|Bytes:12
16:24:07.0 (24753300)|VARIABLE_ASSIGNMENT|[EXTERNAL]|this.selected|false|0x768c5f59
16:24:07.0 (24798518)|HEAP_ALLOCATE|[EXTERNAL]|Bytes:5
16:24:07.0 (24804568)|HEAP_ALLOCATE|[EXTERNAL]|Bytes:12
16:24:07.0 (24810982)|VARIABLE_ASSIGNMENT|[EXTERNAL]|this.selected|false|0x15280ba
16:24:07.0 (24856485)|HEAP_ALLOCATE|[EXTERNAL]|Bytes:5
16:24:07.0 (24861995)|HEAP_ALLOCATE|[EXTERNAL]|Bytes:12
16:24:07.0 (24868345)|VARIABLE_ASSIGNMENT|[EXTERNAL]|this.selected|false|0x3a26809d
16:24:07.0 (24913879)|HEAP_ALLOCATE|[EXTERNAL]|Bytes:5
16:24:07.0 (24919319)|HEAP_ALLOCATE|[EXTERNAL]|Bytes:12
16:24:07.0 (24926080)|VARIABLE_ASSIGNMENT|[EXTERNAL]|this.selected|false|0x6432d1bf
16:24:07.0 (24973110)|HEAP_ALLOCATE|[EXTERNAL]|Bytes:5
16:24:07.0 (24978446)|HEAP_ALLOCATE|[EXTERNAL]|Bytes:12
16:24:07.0 (24984478)|VARIABLE_ASSIGNMENT|[EXTERNAL]|this.selected|false|0x70503cf7
16:24:07.0 (25029940)|HEAP_ALLOCATE|[EXTERNAL]|Bytes:5
16:24:07.0 (25035266)|HEAP_ALLOCATE|[EXTERNAL]|Bytes:12
16:24:07.0 (25042221)|VARIABLE_ASSIGNMENT|[EXTERNAL]|this.selected|false|0x65923517
16:24:07.0 (25088717)|HEAP_ALLOCATE|[EXTERNAL]|Bytes:5
16:24:07.0 (25093846)|HEAP_ALLOCATE|[EXTERNAL]|Bytes:12
16:24:07.0 (25099897)|VARIABLE_ASSIGNMENT|[EXTERNAL]|this.selected|false|0x6b3e6350
16:24:07.0 (25145848)|HEAP_ALLOCATE|[EXTERNAL]|Bytes:5
16:24:07.0 (25150838)|HEAP_ALLOCATE|[EXTERNAL]|Bytes:12
16:24:07.0 (25157358)|VARIABLE_ASSIGNMENT|[EXTERNAL]|this.selected|false|0x1973f8a1
16:24:07.0 (25203308)|HEAP_ALLOCATE|[EXTERNAL]|Bytes:5
16:24:07.0 (25208249)|HEAP_ALLOCATE|[EXTERNAL]|Bytes:12
16:24:07.0 (25214544)|VARIABLE_ASSIGNMENT|[EXTERNAL]|this.selected|false|0x6835d8fc
16:24:07.0 (25270726)|HEAP_ALLOCATE|[EXTERNAL]|Bytes:5
16:24:07.0 (25276179)|HEAP_ALLOCATE|[EXTERNAL]|Bytes:12
16:24:07.0 (25282421)|VARIABLE_ASSIGNMENT|[EXTERNAL]|this.selected|false|0x1c7b6260
16:24:07.0 (25328947)|HEAP_ALLOCATE|[EXTERNAL]|Bytes:5
16:24:07.0 (25333767)|HEAP_ALLOCATE|[EXTERNAL]|Bytes:12
16:24:07.0 (25340130)|VARIABLE_ASSIGNMENT|[EXTERNAL]|this.selected|false|0x4c7a65c
16:24:07.0 (25387360)|HEAP_ALLOCATE|[EXTERNAL]|Bytes:5
16:24:07.0 (25392260)|HEAP_ALLOCATE|[EXTERNAL]|Bytes:12
16:24:07.0 (25398459)|VARIABLE_ASSIGNMENT|[EXTERNAL]|this.selected|false|0x277f095
16:24:07.0 (25451071)|SYSTEM_MODE_ENTER|true
16:24:07.0 (25467750)|HEAP_ALLOCATE|[EXTERNAL]|Bytes:8
16:24:07.0 (25472031)|HEAP_ALLOCATE|[EXTERNAL]|Bytes:48
16:24:07.0 (25479865)|VARIABLE_ASSIGNMENT|[EXTERNAL]|this.SelectedtimeSlot|30|0x72fa1b4a
16:24:07.0 (25526596)|SYSTEM_MODE_ENTER|true
16:24:07.0 (25765483)|HEAP_ALLOCATE|[EXTERNAL]|Bytes:48
16:24:07.0 (25776158)|VARIABLE_SCOPE_BEGIN|[62]|this|docappcontroller|true|false
16:24:07.0 (25816680)|VARIABLE_ASSIGNMENT|[62]|this|{"aptdum":"0x5a20e64b","Docdum":"0x386ac51a","Docmap":"0x6ab36fe","Initialselected":0,"Selecteddoc":"a260H000001koYlQAI","SelectedtimeSlot":30,"timelist":"0x36e6b338","timeset":"0x70880c3f","timewraplist":"0x94e184","timewraplistInitial":"0x94e184"}|0x72fa1b4a
16:24:07.0 (25832546)|STATEMENT_EXECUTE|[62]
16:24:07.0 (25834597)|STATEMENT_EXECUTE|[64]
16:24:07.0 (25884935)|VARIABLE_ASSIGNMENT|[EXTERNAL]|this|{"aptdum":"0x5a20e64b","Docdum":"0x386ac51a","Docmap":"0x6ab36fe","Initialselected":0,"Selecteddoc":"a260H000001koYlQAI","SelectedtimeSlot":30,"timelist":"0x36e6b338","timeset":"0x70880c3f","timewraplist":"0x94e184","timewraplistInitial":"0x94e184"}|0x72fa1b4a
16:24:07.0 (25919115)|USER_DEBUG|[64]|DEBUG|a260H000001koYlQAI
16:24:07.0 (25964214)|VARIABLE_ASSIGNMENT|[EXTERNAL]|this|{"aptdum":"0x5a20e64b","Docdum":"0x386ac51a","Docmap":"0x6ab36fe","Initialselected":0,"Selecteddoc":"a260H000001koYlQAI","SelectedtimeSlot":30,"timelist":"0x36e6b338","timeset":"0x70880c3f","timewraplist":"0x94e184","timewraplistInitial":"0x94e184"}|0x72fa1b4a
16:24:07.0 (26004370)|VARIABLE_ASSIGNMENT|[EXTERNAL]|this|{"aptdum":"0x5a20e64b","Docdum":"0x386ac51a","Docmap":"0x6ab36fe","Initialselected":0,"Selecteddoc":"a260H000001koYlQAI","SelectedtimeSlot":30,"timelist":"0x36e6b338","timeset":"0x70880c3f","timewraplist":"0x94e184","timewraplistInitial":"0x94e184"}|0x72fa1b4a
16:24:07.0 (26037859)|STATEMENT_EXECUTE|[67]
16:24:07.0 (26040263)|STATEMENT_EXECUTE|[68]
16:24:07.0 (26074940)|VARIABLE_ASSIGNMENT|[EXTERNAL]|this|{"aptdum":"0x5a20e64b","Docdum":"0x386ac51a","Docmap":"0x6ab36fe","Initialselected":0,"Selecteddoc":"a260H000001koYlQAI","SelectedtimeSlot":30,"timelist":"0x36e6b338","timeset":"0x70880c3f","timewraplist":"0x94e184","timewraplistInitial":"0x94e184"}|0x72fa1b4a
16:24:07.0 (26111206)|VARIABLE_ASSIGNMENT|[EXTERNAL]|this|{"aptdum":"0x5a20e64b","Docdum":"0x386ac51a","Docmap":"0x6ab36fe","Initialselected":0,"Selecteddoc":"a260H000001koYlQAI","SelectedtimeSlot":30,"timelist":"0x36e6b338","timeset":"0x70880c3f","timewraplist":"0x94e184","timewraplistInitial":"0x94e184"}|0x72fa1b4a
16:24:07.0 (26140884)|VARIABLE_SCOPE_BEGIN|[68]|d|Doctor__c|true|false
16:24:07.0 (26162184)|VARIABLE_ASSIGNMENT|[68]|d|{"Id":"a260H000001koYlQAI","Name":"doc4","End_Time__c":68400000,"Speciality__c":"Dermatology","Start_Time__c":32400000}|0x20c4713e
16:24:07.0 (26169035)|STATEMENT_EXECUTE|[69]
16:24:07.0 (26202722)|HEAP_ALLOCATE|[69]|Bytes:4
16:24:07.0 (26245932)|HEAP_ALLOCATE|[69]|Bytes:150
16:24:07.0 (26258616)|HEAP_ALLOCATE|[69]|Bytes:4
16:24:07.0 (26265838)|HEAP_ALLOCATE|[69]|Bytes:7
16:24:07.0 (26302842)|VARIABLE_ASSIGNMENT|[EXTERNAL]|this|{"aptdum":"0x5a20e64b","Docdum":"0x386ac51a","Docmap":"0x6ab36fe","Initialselected":0,"Selecteddoc":"a260H000001koYlQAI","SelectedtimeSlot":30,"timelist":"0x36e6b338","timeset":"0x70880c3f","timewraplist":"0x94e184","timewraplistInitial":"0x94e184"}|0x72fa1b4a
16:24:07.0 (26324147)|HEAP_ALLOCATE|[69]|Bytes:7
16:24:07.0 (26358956)|VARIABLE_ASSIGNMENT|[EXTERNAL]|this|{"aptdum":"0x5a20e64b","Docdum":"0x386ac51a","Docmap":"0x6ab36fe","Initialselected":0,"Selecteddoc":"a260H000001koYlQAI","SelectedtimeSlot":30,"timelist":"0x36e6b338","timeset":"0x70880c3f","timewraplist":"0x94e184","timewraplistInitial":"0x94e184"}|0x72fa1b4a
16:24:07.0 (26712389)|SOQL_EXECUTE_BEGIN|[69]|Aggregations:0|SELECT Id, Name, Doctor__c, Patient__c, End_Time__c, Start_Time__c FROM Appointment__c WHERE (Doctor__c = :tmpVar1 AND Appointment_Date__c = :tmpVar2)
16:24:07.0 (29682809)|SOQL_EXECUTE_END|[69]|Rows:1
16:24:07.0 (29703794)|HEAP_ALLOCATE|[69]|Bytes:8
16:24:07.0 (29720165)|HEAP_ALLOCATE|[69]|Bytes:147
16:24:07.0 (29748647)|HEAP_ALLOCATE|[69]|Bytes:8
16:24:07.0 (29776517)|HEAP_ALLOCATE|[69]|Bytes:28
16:24:07.0 (29782358)|HEAP_ALLOCATE|[69]|Bytes:28
16:24:07.0 (29807363)|HEAP_ALLOCATE|[69]|Bytes:4
16:24:07.0 (29819721)|VARIABLE_SCOPE_BEGIN|[69]|aptlist|List<Appointment__c>|true|false
16:24:07.0 (29832122)|HEAP_ALLOCATE|[EXTERNAL]|Bytes:8
16:24:07.0 (29852801)|VARIABLE_ASSIGNMENT|[69]|aptlist|[{"Id":"a250H00000HayYsQAJ","Name":"A-00006","Doctor__c":"a260H000001koYlQAI","Patient__c":"a270H000006vXiuQAE","End_Time__c":39600000,"Start_Time__c":37800000}]|0x1738ee8c
16:24:07.0 (29861054)|STATEMENT_EXECUTE|[70]
16:24:07.0 (29874301)|HEAP_ALLOCATE|[70]|Bytes:4
16:24:07.0 (29945693)|VARIABLE_ASSIGNMENT|[70]|this.timeset|[]|0x72fa1b4a
16:24:07.0 (30030104)|HEAP_ALLOCATE|[71]|Bytes:5
16:24:07.0 (30047539)|HEAP_ALLOCATE|[71]|Bytes:28
16:24:07.0 (30056633)|VARIABLE_SCOPE_BEGIN|[71]|apt|Appointment__c|true|false
16:24:07.0 (30076203)|VARIABLE_ASSIGNMENT|[71]|apt|{"Id":"a250H00000HayYsQAJ","Name":"A-00006","Doctor__c":"a260H000001koYlQAI","Patient__c":"a270H000006vXiuQAE","End_Time__c":39600000,"Start_Time__c":37800000}|0x2c3116a8
16:24:07.0 (30084160)|STATEMENT_EXECUTE|[71]
16:24:07.0 (30086065)|STATEMENT_EXECUTE|[73]
16:24:07.0 (30118838)|VARIABLE_SCOPE_BEGIN|[73]|t|Time|false|false
16:24:07.0 (30133263)|VARIABLE_ASSIGNMENT|[73]|t|37800000
16:24:07.0 (30138902)|STATEMENT_EXECUTE|[74]
16:24:07.0 (30196162)|VARIABLE_SCOPE_BEGIN|[74]|i|Integer|false|false
16:24:07.0 (30205032)|HEAP_ALLOCATE|[74]|Bytes:4
16:24:07.0 (30215341)|VARIABLE_ASSIGNMENT|[74]|i|1
16:24:07.0 (30220074)|STATEMENT_EXECUTE|[75]
16:24:07.0 (30244160)|HEAP_ALLOCATE|[75]|Bytes:28
16:24:07.0 (30249117)|HEAP_ALLOCATE|[75]|Bytes:28
16:24:07.0 (30253671)|VARIABLE_SCOPE_BEGIN|[75]|i1|Decimal|false|false
16:24:07.0 (30268372)|VARIABLE_ASSIGNMENT|[75]|i1|0
16:24:07.0 (30273881)|STATEMENT_EXECUTE|[76]
16:24:07.0 (30300024)|HEAP_ALLOCATE|[EXTERNAL]|Bytes:4
16:24:07.0 (30323681)|STATEMENT_EXECUTE|[77]
16:24:07.0 (30326431)|STATEMENT_EXECUTE|[78]
16:24:07.0 (30421051)|USER_DEBUG|[78]|DEBUG|10:30:00.000Z
16:24:07.0 (30432467)|STATEMENT_EXECUTE|[79]
16:24:07.0 (30463359)|HEAP_ALLOCATE|[79]|Bytes:4
16:24:07.0 (30481533)|VARIABLE_ASSIGNMENT|[79]|t|39600000
16:24:07.0 (30486341)|STATEMENT_EXECUTE|[80]
16:24:07.0 (30490398)|HEAP_ALLOCATE|[80]|Bytes:3
16:24:07.0 (30504283)|HEAP_ALLOCATE|[80]|Bytes:28
16:24:07.0 (30554449)|HEAP_ALLOCATE|[80]|Bytes:28
16:24:07.0 (30572802)|VARIABLE_ASSIGNMENT|[80]|i1|0.5
16:24:07.0 (30577919)|STATEMENT_EXECUTE|[81]
16:24:07.0 (30596996)|HEAP_ALLOCATE|[EXTERNAL]|Bytes:4
16:24:07.0 (30614154)|HEAP_ALLOCATE|[82]|Bytes:28
16:24:07.0 (30618380)|HEAP_ALLOCATE|[82]|Bytes:28
16:24:07.0 (30624070)|HEAP_ALLOCATE|[82]|Bytes:28
16:24:07.0 (30649970)|HEAP_ALLOCATE|[82]|Bytes:28
16:24:07.0 (30689323)|HEAP_ALLOCATE|[71]|Bytes:5
16:24:07.0 (30702911)|VARIABLE_ASSIGNMENT|[71]|apt|null|
16:24:07.0 (30708105)|STATEMENT_EXECUTE|[93]
16:24:07.0 (30718763)|HEAP_ALLOCATE|[93]|Bytes:4
16:24:07.0 (30803678)|VARIABLE_ASSIGNMENT|[EXTERNAL]|this|{"aptdum":"0x5a20e64b","Docdum":"0x386ac51a","Docmap":"0x6ab36fe","Initialselected":0,"Selecteddoc":"a260H000001koYlQAI","SelectedtimeSlot":30,"timelist":"0x36e6b338","timeset":"0x42b55057","timewraplist":"0x94e184","timewraplistInitial":"0x94e184"}|0x72fa1b4a
16:24:07.0 (30824057)|HEAP_ALLOCATE|[EXTERNAL]|Bytes:4
16:24:07.0 (30834154)|VARIABLE_ASSIGNMENT|[EXTERNAL]|value|[]|0x70887e4b
16:24:07.0 (30846648)|VARIABLE_ASSIGNMENT|[4]|this.timewraplist|[]|0x72fa1b4a
16:24:07.0 (30856528)|STATEMENT_EXECUTE|[94]
16:24:07.0 (30864619)|HEAP_ALLOCATE|[94]|Bytes:4
16:24:07.0 (30935931)|VARIABLE_ASSIGNMENT|[EXTERNAL]|this|{"aptdum":"0x5a20e64b","Docdum":"0x386ac51a","Docmap":"0x6ab36fe","Initialselected":0,"Selecteddoc":"a260H000001koYlQAI","SelectedtimeSlot":30,"timelist":"0x36e6b338","timeset":"0x42b55057","timewraplist":"0x70887e4b","timewraplistInitial":"0x94e184"}|0x72fa1b4a
16:24:07.0 (30958968)|HEAP_ALLOCATE|[EXTERNAL]|Bytes:4
16:24:07.0 (30965739)|VARIABLE_ASSIGNMENT|[EXTERNAL]|value|[]|0x4c78d34c
16:24:07.0 (30976629)|VARIABLE_ASSIGNMENT|[3]|this.timelist|[]|0x72fa1b4a
16:24:07.0 (30986208)|STATEMENT_EXECUTE|[95]
16:24:07.0 (31015942)|VARIABLE_SCOPE_BEGIN|[95]|t|Time|false|false
16:24:07.0 (31034860)|VARIABLE_ASSIGNMENT|[95]|t|32400000
16:24:07.0 (31039739)|STATEMENT_EXECUTE|[96]
16:24:07.0 (31084952)|VARIABLE_SCOPE_BEGIN|[96]|i|Integer|false|false
16:24:07.0 (31093093)|HEAP_ALLOCATE|[96]|Bytes:4
16:24:07.0 (31100434)|VARIABLE_ASSIGNMENT|[96]|i|10
16:24:07.0 (31105610)|STATEMENT_EXECUTE|[97]
16:24:07.0 (31115604)|HEAP_ALLOCATE|[97]|Bytes:28
16:24:07.0 (31119777)|HEAP_ALLOCATE|[97]|Bytes:28
16:24:07.0 (31123959)|VARIABLE_SCOPE_BEGIN|[97]|i1|Decimal|false|false
16:24:07.0 (31133815)|VARIABLE_ASSIGNMENT|[97]|i1|0
16:24:07.0 (31168015)|STATEMENT_EXECUTE|[98]
16:24:07.0 (31171146)|STATEMENT_EXECUTE|[99]
16:24:07.0 (31215988)|VARIABLE_ASSIGNMENT|[EXTERNAL]|this|{"aptdum":"0x5a20e64b","Docdum":"0x386ac51a","Docmap":"0x6ab36fe","Initialselected":0,"Selecteddoc":"a260H000001koYlQAI","SelectedtimeSlot":30,"timelist":"0x4c78d34c","timeset":"0x42b55057","timewraplist":"0x70887e4b","timewraplistInitial":"0x94e184"}|0x72fa1b4a
16:24:07.0 (31237783)|HEAP_ALLOCATE|[99]|Bytes:12
16:24:07.0 (31255820)|CONSTRUCTOR_ENTRY|[99]|01p0H000007gCe8|<init>(Boolean,Time)
16:24:07.0 (31267402)|VARIABLE_SCOPE_BEGIN|[212]|this|docappcontroller.Wrapertimeslot|true|false
16:24:07.0 (31292239)|VARIABLE_ASSIGNMENT|[212]|this|{}|0x73d244b
16:24:07.0 (31301107)|VARIABLE_SCOPE_BEGIN|[212]|selection|Boolean|false|false
16:24:07.0 (31309686)|VARIABLE_ASSIGNMENT|[212]|selection|false
16:24:07.0 (31316655)|VARIABLE_SCOPE_BEGIN|[212]|tm|Time|false|false
16:24:07.0 (31326934)|VARIABLE_ASSIGNMENT|[212]|tm|32400000
16:24:07.0 (31333976)|STATEMENT_EXECUTE|[208]
16:24:07.0 (31336659)|STATEMENT_EXECUTE|[209]
16:24:07.0 (31338479)|STATEMENT_EXECUTE|[210]
16:24:07.0 (31345924)|HEAP_ALLOCATE|[213]|Bytes:6
16:24:07.0 (31368510)|STATEMENT_EXECUTE|[212]
16:24:07.0 (31370284)|STATEMENT_EXECUTE|[213]
16:24:07.0 (31421115)|VARIABLE_ASSIGNMENT|[EXTERNAL]|this|{}|0x73d244b
16:24:07.0 (31432849)|VARIABLE_ASSIGNMENT|[EXTERNAL]|value|false
16:24:07.0 (31439553)|HEAP_ALLOCATE|[209]|Bytes:5
16:24:07.0 (31449936)|VARIABLE_ASSIGNMENT|[209]|this.selected|false|0x73d244b
16:24:07.0 (31459828)|STATEMENT_EXECUTE|[214]
16:24:07.0 (31491451)|VARIABLE_ASSIGNMENT|[EXTERNAL]|this|{"selected":false}|0x73d244b
16:24:07.0 (31509760)|VARIABLE_ASSIGNMENT|[EXTERNAL]|value|32400000
16:24:07.0 (31524517)|VARIABLE_ASSIGNMENT|[210]|this.t|32400000|0x73d244b
16:24:07.0 (31540115)|CONSTRUCTOR_EXIT|[99]|01p0H000007gCe8|<init>(Boolean,Time)
16:24:07.0 (31554753)|HEAP_ALLOCATE|[EXTERNAL]|Bytes:4
16:24:07.0 (31564908)|STATEMENT_EXECUTE|[104]
16:24:07.0 (31609734)|VARIABLE_ASSIGNMENT|[EXTERNAL]|this|{"aptdum":"0x5a20e64b","Docdum":"0x386ac51a","Docmap":"0x6ab36fe","Initialselected":0,"Selecteddoc":"a260H000001koYlQAI","SelectedtimeSlot":30,"timelist":"0x4c78d34c","timeset":"0x42b55057","timewraplist":"0x70887e4b","timewraplistInitial":"0x94e184"}|0x72fa1b4a
16:24:07.0 (31630296)|HEAP_ALLOCATE|[EXTERNAL]|Bytes:4
16:24:07.0 (31645809)|HEAP_ALLOCATE|[107]|Bytes:28
16:24:07.0 (31652416)|HEAP_ALLOCATE|[107]|Bytes:28
16:24:07.0 (31685918)|STATEMENT_EXECUTE|[107]
16:24:07.0 (31687866)|STATEMENT_EXECUTE|[108]
16:24:07.0 (31708207)|USER_DEBUG|[108]|DEBUG|09:00:00.000Z
16:24:07.0 (31717935)|STATEMENT_EXECUTE|[109]
16:24:07.0 (31740204)|HEAP_ALLOCATE|[109]|Bytes:4
16:24:07.0 (31758087)|VARIABLE_ASSIGNMENT|[109]|t|34200000
16:24:07.0 (31764983)|STATEMENT_EXECUTE|[110]
16:24:07.0 (31771542)|HEAP_ALLOCATE|[110]|Bytes:28
16:24:07.0 (31794358)|HEAP_ALLOCATE|[110]|Bytes:28
16:24:07.0 (31810681)|VARIABLE_ASSIGNMENT|[110]|i1|0.5
16:24:07.0 (31817878)|STATEMENT_EXECUTE|[111]
16:24:07.0 (31856577)|VARIABLE_ASSIGNMENT|[EXTERNAL]|this|{"aptdum":"0x5a20e64b","Docdum":"0x386ac51a","Docmap":"0x6ab36fe","Initialselected":0,"Selecteddoc":"a260H000001koYlQAI","SelectedtimeSlot":30,"timelist":"0x4c78d34c","timeset":"0x42b55057","timewraplist":"0x70887e4b","timewraplistInitial":"0x94e184"}|0x72fa1b4a
16:24:07.0 (31877976)|HEAP_ALLOCATE|[EXTERNAL]|Bytes:4
16:24:07.0 (31951085)|STATEMENT_EXECUTE|[113]
16:24:07.0 (31953330)|STATEMENT_EXECUTE|[114]
16:24:07.0 (32008699)|VARIABLE_ASSIGNMENT|[EXTERNAL]|this|{"aptdum":"0x5a20e64b","Docdum":"0x386ac51a","Docmap":"0x6ab36fe","Initialselected":0,"Selecteddoc":"a260H000001koYlQAI","SelectedtimeSlot":30,"timelist":"0x4c78d34c","timeset":"0x42b55057","timewraplist":"0x70887e4b","timewraplistInitial":"0x94e184"}|0x72fa1b4a
16:24:07.0 (32025451)|HEAP_ALLOCATE|[114]|Bytes:12
16:24:07.0 (32043155)|CONSTRUCTOR_ENTRY|[114]|01p0H000007gCe8|<init>(Boolean,Time)
16:24:07.0 (32049876)|VARIABLE_SCOPE_BEGIN|[212]|this|docappcontroller.Wrapertimeslot|true|false
16:24:07.0 (32064429)|VARIABLE_ASSIGNMENT|[212]|this|{}|0x1851b814
16:24:07.0 (32071566)|VARIABLE_SCOPE_BEGIN|[212]|selection|Boolean|false|false
16:24:07.0 (32079892)|VARIABLE_ASSIGNMENT|[212]|selection|false
16:24:07.0 (32083618)|VARIABLE_SCOPE_BEGIN|[212]|tm|Time|false|false
16:24:07.0 (32094784)|VARIABLE_ASSIGNMENT|[212]|tm|34200000
16:24:07.0 (32101130)|STATEMENT_EXECUTE|[208]
16:24:07.0 (32102896)|STATEMENT_EXECUTE|[209]
16:24:07.0 (32104419)|STATEMENT_EXECUTE|[210]
16:24:07.0 (32115900)|STATEMENT_EXECUTE|[212]
16:24:07.0 (32117518)|STATEMENT_EXECUTE|[213]
16:24:07.0 (32129717)|VARIABLE_ASSIGNMENT|[EXTERNAL]|this|{}|0x1851b814
16:24:07.0 (32139098)|VARIABLE_ASSIGNMENT|[EXTERNAL]|value|false
16:24:07.0 (32146832)|HEAP_ALLOCATE|[209]|Bytes:5
16:24:07.0 (32155456)|VARIABLE_ASSIGNMENT|[209]|this.selected|false|0x1851b814
16:24:07.0 (32163953)|STATEMENT_EXECUTE|[214]
16:24:07.0 (32176588)|VARIABLE_ASSIGNMENT|[EXTERNAL]|this|{"selected":false}|0x1851b814
16:24:07.0 (32185504)|VARIABLE_ASSIGNMENT|[EXTERNAL]|value|34200000
16:24:07.0 (32193107)|VARIABLE_ASSIGNMENT|[210]|this.t|34200000|0x1851b814
16:24:07.0 (32211831)|CONSTRUCTOR_EXIT|[114]|01p0H000007gCe8|<init>(Boolean,Time)
16:24:07.0 (32224107)|HEAP_ALLOCATE|[EXTERNAL]|Bytes:4
16:24:07.0 (32236948)|HEAP_ALLOCATE|[107]|Bytes:28
16:24:07.0 (32241036)|HEAP_ALLOCATE|[107]|Bytes:28
16:24:07.0 (32266973)|STATEMENT_EXECUTE|[107]
16:24:07.0 (32268913)|STATEMENT_EXECUTE|[108]
16:24:07.0 (32279469)|USER_DEBUG|[108]|DEBUG|09:30:00.000Z
16:24:07.0 (32287518)|STATEMENT_EXECUTE|[109]
16:24:07.0 (32298128)|HEAP_ALLOCATE|[109]|Bytes:4
16:24:07.0 (32315848)|VARIABLE_ASSIGNMENT|[109]|t|36000000
16:24:07.0 (32321209)|STATEMENT_EXECUTE|[110]
16:24:07.0 (32327017)|HEAP_ALLOCATE|[110]|Bytes:28
16:24:07.0 (32341926)|HEAP_ALLOCATE|[110]|Bytes:28
16:24:07.0 (32355500)|VARIABLE_ASSIGNMENT|[110]|i1|1.0
16:24:07.0 (32360248)|STATEMENT_EXECUTE|[111]
16:24:07.0 (32395422)|VARIABLE_ASSIGNMENT|[EXTERNAL]|this|{"aptdum":"0x5a20e64b","Docdum":"0x386ac51a","Docmap":"0x6ab36fe","Initialselected":0,"Selecteddoc":"a260H000001koYlQAI","SelectedtimeSlot":30,"timelist":"0x4c78d34c","timeset":"0x42b55057","timewraplist":"0x70887e4b","timewraplistInitial":"0x94e184"}|0x72fa1b4a
16:24:07.0 (32412018)|HEAP_ALLOCATE|[EXTERNAL]|Bytes:4
16:24:07.0 (32428342)|STATEMENT_EXECUTE|[113]
16:24:07.0 (32430147)|STATEMENT_EXECUTE|[114]
16:24:07.0 (32455854)|VARIABLE_ASSIGNMENT|[EXTERNAL]|this|{"aptdum":"0x5a20e64b","Docdum":"0x386ac51a","Docmap":"0x6ab36fe","Initialselected":0,"Selecteddoc":"a260H000001koYlQAI","SelectedtimeSlot":30,"timelist":"0x4c78d34c","timeset":"0x42b55057","timewraplist":"0x70887e4b","timewraplistInitial":"0x94e184"}|0x72fa1b4a
16:24:07.0 (32469392)|HEAP_ALLOCATE|[114]|Bytes:12
16:24:07.0 (32486586)|CONSTRUCTOR_ENTRY|[114]|01p0H000007gCe8|<init>(Boolean,Time)
16:24:07.0 (32492630)|VARIABLE_SCOPE_BEGIN|[212]|this|docappcontroller.Wrapertimeslot|true|false
16:24:07.0 (32506032)|VARIABLE_ASSIGNMENT|[212]|this|{}|0x4ccdcdc4
16:24:07.0 (32517534)|VARIABLE_SCOPE_BEGIN|[212]|selection|Boolean|false|false
16:24:07.0 (32525698)|VARIABLE_ASSIGNMENT|[212]|selection|false
16:24:07.0 (32531954)|VARIABLE_SCOPE_BEGIN|[212]|tm|Time|false|false
16:24:07.0 (32542269)|VARIABLE_ASSIGNMENT|[212]|tm|36000000
16:24:07.0 (32547157)|STATEMENT_EXECUTE|[208]
16:24:07.0 (32548691)|STATEMENT_EXECUTE|[209]
16:24:07.0 (32550354)|STATEMENT_EXECUTE|[210]
16:24:07.0 (32561010)|STATEMENT_EXECUTE|[212]
16:24:07.0 (32562661)|STATEMENT_EXECUTE|[213]
16:24:07.0 (32574819)|VARIABLE_ASSIGNMENT|[EXTERNAL]|this|{}|0x4ccdcdc4
16:24:07.0 (32586158)|VARIABLE_ASSIGNMENT|[EXTERNAL]|value|false
16:24:07.0 (32594290)|HEAP_ALLOCATE|[209]|Bytes:5
16:24:07.0 (32601492)|VARIABLE_ASSIGNMENT|[209]|this.selected|false|0x4ccdcdc4
16:24:07.0 (32609196)|STATEMENT_EXECUTE|[214]
16:24:07.0 (32621603)|VARIABLE_ASSIGNMENT|[EXTERNAL]|this|{"selected":false}|0x4ccdcdc4
16:24:07.0 (32630769)|VARIABLE_ASSIGNMENT|[EXTERNAL]|value|36000000
16:24:07.0 (32638729)|VARIABLE_ASSIGNMENT|[210]|this.t|36000000|0x4ccdcdc4
16:24:07.0 (32661487)|CONSTRUCTOR_EXIT|[114]|01p0H000007gCe8|<init>(Boolean,Time)
16:24:07.0 (32671799)|HEAP_ALLOCATE|[EXTERNAL]|Bytes:4
16:24:07.0 (32684586)|HEAP_ALLOCATE|[107]|Bytes:28
16:24:07.0 (32688666)|HEAP_ALLOCATE|[107]|Bytes:28
16:24:07.0 (32712494)|STATEMENT_EXECUTE|[107]
16:24:07.0 (32714501)|STATEMENT_EXECUTE|[108]
16:24:07.0 (32724093)|USER_DEBUG|[108]|DEBUG|10:00:00.000Z
16:24:07.0 (32731528)|STATEMENT_EXECUTE|[109]
16:24:07.0 (32741622)|HEAP_ALLOCATE|[109]|Bytes:4
16:24:07.0 (32761255)|VARIABLE_ASSIGNMENT|[109]|t|37800000
16:24:07.0 (32766680)|STATEMENT_EXECUTE|[110]
16:24:07.0 (32772149)|HEAP_ALLOCATE|[110]|Bytes:28
16:24:07.0 (32787271)|HEAP_ALLOCATE|[110]|Bytes:28
16:24:07.0 (32800951)|VARIABLE_ASSIGNMENT|[110]|i1|1.5
16:24:07.0 (32806088)|STATEMENT_EXECUTE|[111]
16:24:07.0 (32840375)|VARIABLE_ASSIGNMENT|[EXTERNAL]|this|{"aptdum":"0x5a20e64b","Docdum":"0x386ac51a","Docmap":"0x6ab36fe","Initialselected":0,"Selecteddoc":"a260H000001koYlQAI","SelectedtimeSlot":30,"timelist":"0x4c78d34c","timeset":"0x42b55057","timewraplist":"0x70887e4b","timewraplistInitial":"0x94e184"}|0x72fa1b4a
16:24:07.0 (32856883)|HEAP_ALLOCATE|[EXTERNAL]|Bytes:4
16:24:07.0 (32872900)|STATEMENT_EXECUTE|[115]
16:24:07.0 (32874860)|STATEMENT_EXECUTE|[116]
16:24:07.0 (32910155)|VARIABLE_ASSIGNMENT|[EXTERNAL]|this|{"aptdum":"0x5a20e64b","Docdum":"0x386ac51a","Docmap":"0x6ab36fe","Initialselected":0,"Selecteddoc":"a260H000001koYlQAI","SelectedtimeSlot":30,"timelist":"0x4c78d34c","timeset":"0x42b55057","timewraplist":"0x70887e4b","timewraplistInitial":"0x94e184"}|0x72fa1b4a
16:24:07.0 (32926913)|HEAP_ALLOCATE|[116]|Bytes:12
16:24:07.0 (32941398)|CONSTRUCTOR_ENTRY|[116]|01p0H000007gCe8|<init>(Boolean,Time)
16:24:07.0 (32946906)|VARIABLE_SCOPE_BEGIN|[212]|this|docappcontroller.Wrapertimeslot|true|false
16:24:07.0 (32960472)|VARIABLE_ASSIGNMENT|[212]|this|{}|0x3df274c
16:24:07.0 (32967722)|VARIABLE_SCOPE_BEGIN|[212]|selection|Boolean|false|false
16:24:07.0 (32976602)|VARIABLE_ASSIGNMENT|[212]|selection|true
16:24:07.0 (32982877)|VARIABLE_SCOPE_BEGIN|[212]|tm|Time|false|false
16:24:07.0 (32991524)|VARIABLE_ASSIGNMENT|[212]|tm|37800000
16:24:07.0 (32996656)|STATEMENT_EXECUTE|[208]
16:24:07.0 (32998272)|STATEMENT_EXECUTE|[209]
16:24:07.0 (32999990)|STATEMENT_EXECUTE|[210]
16:24:07.0 (33010259)|STATEMENT_EXECUTE|[212]
16:24:07.0 (33012462)|STATEMENT_EXECUTE|[213]
16:24:07.0 (33024432)|VARIABLE_ASSIGNMENT|[EXTERNAL]|this|{}|0x3df274c
16:24:07.0 (33036655)|VARIABLE_ASSIGNMENT|[EXTERNAL]|value|true
16:24:07.0 (33042678)|HEAP_ALLOCATE|[209]|Bytes:5
16:24:07.0 (33049695)|VARIABLE_ASSIGNMENT|[209]|this.selected|true|0x3df274c
16:24:07.0 (33057601)|STATEMENT_EXECUTE|[214]
16:24:07.0 (33070091)|VARIABLE_ASSIGNMENT|[EXTERNAL]|this|{"selected":true}|0x3df274c
16:24:07.0 (33079409)|VARIABLE_ASSIGNMENT|[EXTERNAL]|value|37800000
16:24:07.0 (33088880)|VARIABLE_ASSIGNMENT|[210]|this.t|37800000|0x3df274c
16:24:07.0 (33105098)|CONSTRUCTOR_EXIT|[116]|01p0H000007gCe8|<init>(Boolean,Time)
16:24:07.0 (33116531)|HEAP_ALLOCATE|[EXTERNAL]|Bytes:4
16:24:07.0 (33122934)|STATEMENT_EXECUTE|[117]
16:24:07.0 (33128864)|HEAP_ALLOCATE|[117]|Bytes:4
16:24:07.0 (33136693)|VARIABLE_ASSIGNMENT|[117]|this.Initialselected|1|0x72fa1b4a
16:24:07.0 (33150469)|HEAP_ALLOCATE|[107]|Bytes:28
16:24:07.0 (33154585)|HEAP_ALLOCATE|[107]|Bytes:28
16:24:07.0 (33175659)|STATEMENT_EXECUTE|[107]
16:24:07.0 (33177493)|STATEMENT_EXECUTE|[108]
16:24:07.0 (33186536)|USER_DEBUG|[108]|DEBUG|10:30:00.000Z
16:24:07.0 (33193815)|STATEMENT_EXECUTE|[109]
16:24:07.0 (33205665)|HEAP_ALLOCATE|[109]|Bytes:4
16:24:07.0 (33220464)|VARIABLE_ASSIGNMENT|[109]|t|39600000
16:24:07.0 (33225016)|STATEMENT_EXECUTE|[110]
16:24:07.0 (33230256)|HEAP_ALLOCATE|[110]|Bytes:28
16:24:07.0 (33244108)|HEAP_ALLOCATE|[110]|Bytes:28
16:24:07.0 (33258584)|VARIABLE_ASSIGNMENT|[110]|i1|2.0
16:24:07.0 (33264120)|STATEMENT_EXECUTE|[111]
16:24:07.0 (33296026)|VARIABLE_ASSIGNMENT|[EXTERNAL]|this|{"aptdum":"0x5a20e64b","Docdum":"0x386ac51a","Docmap":"0x6ab36fe","Initialselected":1,"Selecteddoc":"a260H000001koYlQAI","SelectedtimeSlot":30,"timelist":"0x4c78d34c","timeset":"0x42b55057","timewraplist":"0x70887e4b","timewraplistInitial":"0x94e184"}|0x72fa1b4a
16:24:07.0 (33313649)|HEAP_ALLOCATE|[EXTERNAL]|Bytes:4
16:24:07.0 (33327997)|STATEMENT_EXECUTE|[115]
16:24:07.0 (33329799)|STATEMENT_EXECUTE|[116]
16:24:07.0 (33355785)|VARIABLE_ASSIGNMENT|[EXTERNAL]|this|{"aptdum":"0x5a20e64b","Docdum":"0x386ac51a","Docmap":"0x6ab36fe","Initialselected":1,"Selecteddoc":"a260H000001koYlQAI","SelectedtimeSlot":30,"timelist":"0x4c78d34c","timeset":"0x42b55057","timewraplist":"0x70887e4b","timewraplistInitial":"0x94e184"}|0x72fa1b4a
16:24:07.0 (33371639)|HEAP_ALLOCATE|[116]|Bytes:12
16:24:07.0 (33384734)|CONSTRUCTOR_ENTRY|[116]|01p0H000007gCe8|<init>(Boolean,Time)
16:24:07.0 (33390147)|VARIABLE_SCOPE_BEGIN|[212]|this|docappcontroller.Wrapertimeslot|true|false
16:24:07.0 (33403278)|VARIABLE_ASSIGNMENT|[212]|this|{}|0x2fa138de
16:24:07.0 (33410034)|VARIABLE_SCOPE_BEGIN|[212]|selection|Boolean|false|false
16:24:07.0 (33417996)|VARIABLE_ASSIGNMENT|[212]|selection|true
16:24:07.0 (33424154)|VARIABLE_SCOPE_BEGIN|[212]|tm|Time|false|false
16:24:07.0 (33433867)|VARIABLE_ASSIGNMENT|[212]|tm|39600000
16:24:07.0 (33438681)|STATEMENT_EXECUTE|[208]
16:24:07.0 (33440218)|STATEMENT_EXECUTE|[209]
16:24:07.0 (33441807)|STATEMENT_EXECUTE|[210]
16:24:07.0 (33451580)|STATEMENT_EXECUTE|[212]
16:24:07.0 (33453189)|STATEMENT_EXECUTE|[213]
16:24:07.0 (33464757)|VARIABLE_ASSIGNMENT|[EXTERNAL]|this|{}|0x2fa138de
16:24:07.0 (33474700)|VARIABLE_ASSIGNMENT|[EXTERNAL]|value|true
16:24:07.0 (33482489)|HEAP_ALLOCATE|[209]|Bytes:5
16:24:07.0 (33489687)|VARIABLE_ASSIGNMENT|[209]|this.selected|true|0x2fa138de
16:24:07.0 (33497680)|STATEMENT_EXECUTE|[214]
16:24:07.0 (33509537)|VARIABLE_ASSIGNMENT|[EXTERNAL]|this|{"selected":true}|0x2fa138de
16:24:07.0 (33523913)|VARIABLE_ASSIGNMENT|[EXTERNAL]|value|39600000
16:24:07.0 (33533539)|VARIABLE_ASSIGNMENT|[210]|this.t|39600000|0x2fa138de
16:24:07.0 (33550836)|CONSTRUCTOR_EXIT|[116]|01p0H000007gCe8|<init>(Boolean,Time)
16:24:07.0 (33560500)|HEAP_ALLOCATE|[EXTERNAL]|Bytes:4
16:24:07.0 (33566616)|STATEMENT_EXECUTE|[117]
16:24:07.0 (33570431)|HEAP_ALLOCATE|[117]|Bytes:4
16:24:07.0 (33577703)|VARIABLE_ASSIGNMENT|[117]|this.Initialselected|2|0x72fa1b4a
16:24:07.0 (33590111)|HEAP_ALLOCATE|[107]|Bytes:28
16:24:07.0 (33595432)|HEAP_ALLOCATE|[107]|Bytes:28
16:24:07.0 (33616485)|STATEMENT_EXECUTE|[107]
16:24:07.0 (33618230)|STATEMENT_EXECUTE|[108]
16:24:07.0 (33627298)|USER_DEBUG|[108]|DEBUG|11:00:00.000Z
16:24:07.0 (33634808)|STATEMENT_EXECUTE|[109]
16:24:07.0 (33644615)|HEAP_ALLOCATE|[109]|Bytes:4
16:24:07.0 (33660862)|VARIABLE_ASSIGNMENT|[109]|t|41400000
16:24:07.0 (33665402)|STATEMENT_EXECUTE|[110]
16:24:07.0 (33670943)|HEAP_ALLOCATE|[110]|Bytes:28
16:24:07.0 (33684735)|HEAP_ALLOCATE|[110]|Bytes:28
16:24:07.0 (33697983)|VARIABLE_ASSIGNMENT|[110]|i1|2.5
16:24:07.0 (33704742)|STATEMENT_EXECUTE|[111]
16:24:07.0 (33737128)|VARIABLE_ASSIGNMENT|[EXTERNAL]|this|{"aptdum":"0x5a20e64b","Docdum":"0x386ac51a","Docmap":"0x6ab36fe","Initialselected":2,"Selecteddoc":"a260H000001koYlQAI","SelectedtimeSlot":30,"timelist":"0x4c78d34c","timeset":"0x42b55057","timewraplist":"0x70887e4b","timewraplistInitial":"0x94e184"}|0x72fa1b4a
16:24:07.0 (33754799)|HEAP_ALLOCATE|[EXTERNAL]|Bytes:4
16:24:07.0 (33770309)|STATEMENT_EXECUTE|[113]
16:24:07.0 (33772057)|STATEMENT_EXECUTE|[114]
16:24:07.0 (33797988)|VARIABLE_ASSIGNMENT|[EXTERNAL]|this|{"aptdum":"0x5a20e64b","Docdum":"0x386ac51a","Docmap":"0x6ab36fe","Initialselected":2,"Selecteddoc":"a260H000001koYlQAI","SelectedtimeSlot":30,"timelist":"0x4c78d34c","timeset":"0x42b55057","timewraplist":"0x70887e4b","timewraplistInitial":"0x94e184"}|0x72fa1b4a
16:24:07.0 (33812051)|HEAP_ALLOCATE|[114]|Bytes:12
16:24:07.0 (33826683)|CONSTRUCTOR_ENTRY|[114]|01p0H000007gCe8|<init>(Boolean,Time)
16:24:07.0 (33832736)|VARIABLE_SCOPE_BEGIN|[212]|this|docappcontroller.Wrapertimeslot|true|false
16:24:07.0 (33846302)|VARIABLE_ASSIGNMENT|[212]|this|{}|0x458b3a5c
16:24:07.0 (33852944)|VARIABLE_SCOPE_BEGIN|[212]|selection|Boolean|false|false
16:24:07.0 (33860563)|VARIABLE_ASSIGNMENT|[212]|selection|false
16:24:07.0 (33865178)|VARIABLE_SCOPE_BEGIN|[212]|tm|Time|false|false
16:24:07.0 (33876421)|VARIABLE_ASSIGNMENT|[212]|tm|41400000
16:24:07.0 (33881202)|STATEMENT_EXECUTE|[208]
16:24:07.0 (33882715)|STATEMENT_EXECUTE|[209]
16:24:07.0 (33884302)|STATEMENT_EXECUTE|[210]
16:24:07.0 (33894223)|STATEMENT_EXECUTE|[212]
16:24:07.0 (33895829)|STATEMENT_EXECUTE|[213]
16:24:07.0 (33907521)|VARIABLE_ASSIGNMENT|[EXTERNAL]|this|{}|0x458b3a5c
16:24:07.0 (33916536)|VARIABLE_ASSIGNMENT|[EXTERNAL]|value|false
16:24:07.0 (33923544)|HEAP_ALLOCATE|[209]|Bytes:5
16:24:07.0 (33932303)|VARIABLE_ASSIGNMENT|[209]|this.selected|false|0x458b3a5c
16:24:07.0 (33940043)|STATEMENT_EXECUTE|[214]
16:24:07.0 (33951950)|VARIABLE_ASSIGNMENT|[EXTERNAL]|this|{"selected":false}|0x458b3a5c
16:24:07.0 (33961839)|VARIABLE_ASSIGNMENT|[EXTERNAL]|value|41400000
16:24:07.0 (33969431)|VARIABLE_ASSIGNMENT|[210]|this.t|41400000|0x458b3a5c
16:24:07.0 (33986408)|CONSTRUCTOR_EXIT|[114]|01p0H000007gCe8|<init>(Boolean,Time)
16:24:07.0 (33996519)|HEAP_ALLOCATE|[EXTERNAL]|Bytes:4
16:24:07.0 (34008228)|HEAP_ALLOCATE|[107]|Bytes:28
16:24:07.0 (34013035)|HEAP_ALLOCATE|[107]|Bytes:28
16:24:07.0 (34034147)|STATEMENT_EXECUTE|[107]
16:24:07.0 (34036732)|STATEMENT_EXECUTE|[108]
16:24:07.0 (34046759)|USER_DEBUG|[108]|DEBUG|11:30:00.000Z
16:24:07.0 (34054369)|STATEMENT_EXECUTE|[109]
16:24:07.0 (34063602)|HEAP_ALLOCATE|[109]|Bytes:4
16:24:07.0 (34078020)|VARIABLE_ASSIGNMENT|[109]|t|43200000
16:24:07.0 (34086171)|STATEMENT_EXECUTE|[110]
16:24:07.0 (34092837)|HEAP_ALLOCATE|[110]|Bytes:28
16:24:07.0 (34109180)|HEAP_ALLOCATE|[110]|Bytes:28
16:24:07.0 (34122623)|VARIABLE_ASSIGNMENT|[110]|i1|3.0
16:24:07.0 (34127147)|STATEMENT_EXECUTE|[111]
16:24:07.0 (34161704)|VARIABLE_ASSIGNMENT|[EXTERNAL]|this|{"aptdum":"0x5a20e64b","Docdum":"0x386ac51a","Docmap":"0x6ab36fe","Initialselected":2,"Selecteddoc":"a260H000001koYlQAI","SelectedtimeSlot":30,"timelist":"0x4c78d34c","timeset":"0x42b55057","timewraplist":"0x70887e4b","timewraplistInitial":"0x94e184"}|0x72fa1b4a
16:24:07.0 (34177712)|HEAP_ALLOCATE|[EXTERNAL]|Bytes:4
16:24:07.0 (34190606)|STATEMENT_EXECUTE|[113]
16:24:07.0 (34192342)|STATEMENT_EXECUTE|[114]
16:24:07.0 (34222544)|VARIABLE_ASSIGNMENT|[EXTERNAL]|this|{"aptdum":"0x5a20e64b","Docdum":"0x386ac51a","Docmap":"0x6ab36fe","Initialselected":2,"Selecteddoc":"a260H000001koYlQAI","SelectedtimeSlot":30,"timelist":"0x4c78d34c","timeset":"0x42b55057","timewraplist":"0x70887e4b","timewraplistInitial":"0x94e184"}|0x72fa1b4a
16:24:07.0 (34236180)|HEAP_ALLOCATE|[114]|Bytes:12
16:24:07.0 (34248968)|CONSTRUCTOR_ENTRY|[114]|01p0H000007gCe8|<init>(Boolean,Time)
16:24:07.0 (34254889)|VARIABLE_SCOPE_BEGIN|[212]|this|docappcontroller.Wrapertimeslot|true|false
16:24:07.0 (34271155)|VARIABLE_ASSIGNMENT|[212]|this|{}|0x11d5e162
16:24:07.0 (34278480)|VARIABLE_SCOPE_BEGIN|[212]|selection|Boolean|false|false
16:24:07.0 (34286479)|VARIABLE_ASSIGNMENT|[212]|selection|false
16:24:07.0 (34290336)|VARIABLE_SCOPE_BEGIN|[212]|tm|Time|false|false
16:24:07.0 (34298661)|VARIABLE_ASSIGNMENT|[212]|tm|43200000
16:24:07.0 (34303237)|STATEMENT_EXECUTE|[208]
16:24:07.0 (34304778)|STATEMENT_EXECUTE|[209]
16:24:07.0 (34306413)|STATEMENT_EXECUTE|[210]
16:24:07.0 (34316905)|STATEMENT_EXECUTE|[212]
16:24:07.0 (34319721)|STATEMENT_EXECUTE|[213]
16:24:07.0 (34332653)|VARIABLE_ASSIGNMENT|[EXTERNAL]|this|{}|0x11d5e162
16:24:07.0 (34341898)|VARIABLE_ASSIGNMENT|[EXTERNAL]|value|false
16:24:07.0 (34347191)|HEAP_ALLOCATE|[209]|Bytes:5
16:24:07.0 (34353581)|VARIABLE_ASSIGNMENT|[209]|this.selected|false|0x11d5e162
16:24:07.0 (34361188)|STATEMENT_EXECUTE|[214]
16:24:07.0 (34373871)|VARIABLE_ASSIGNMENT|[EXTERNAL]|this|{"selected":false}|0x11d5e162
16:24:07.0 (34385456)|VARIABLE_ASSIGNMENT|[EXTERNAL]|value|43200000
16:24:07.0 (34392685)|VARIABLE_ASSIGNMENT|[210]|this.t|43200000|0x11d5e162
16:24:07.0 (34407177)|CONSTRUCTOR_EXIT|[114]|01p0H000007gCe8|<init>(Boolean,Time)
16:24:07.0 (34416878)|HEAP_ALLOCATE|[EXTERNAL]|Bytes:4
16:24:07.0 (34429354)|HEAP_ALLOCATE|[107]|Bytes:28
16:24:07.0 (34435421)|HEAP_ALLOCATE|[107]|Bytes:28
16:24:07.0 (34456095)|STATEMENT_EXECUTE|[107]
16:24:07.0 (34457888)|STATEMENT_EXECUTE|[108]
16:24:07.0 (34466608)|USER_DEBUG|[108]|DEBUG|12:00:00.000Z
16:24:07.0 (34474030)|STATEMENT_EXECUTE|[109]
16:24:07.0 (34484116)|HEAP_ALLOCATE|[109]|Bytes:4
16:24:07.0 (34501279)|VARIABLE_ASSIGNMENT|[109]|t|45000000
16:24:07.0 (34506087)|STATEMENT_EXECUTE|[110]
16:24:07.0 (34515358)|HEAP_ALLOCATE|[110]|Bytes:28
16:24:07.0 (34530176)|HEAP_ALLOCATE|[110]|Bytes:28
16:24:07.0 (34545610)|VARIABLE_ASSIGNMENT|[110]|i1|3.5
16:24:07.0 (34551337)|STATEMENT_EXECUTE|[111]
16:24:07.0 (34582564)|VARIABLE_ASSIGNMENT|[EXTERNAL]|this|{"aptdum":"0x5a20e64b","Docdum":"0x386ac51a","Docmap":"0x6ab36fe","Initialselected":2,"Selecteddoc":"a260H000001koYlQAI","SelectedtimeSlot":30,"timelist":"0x4c78d34c","timeset":"0x42b55057","timewraplist":"0x70887e4b","timewraplistInitial":"0x94e184"}|0x72fa1b4a
16:24:07.0 (34600275)|HEAP_ALLOCATE|[EXTERNAL]|Bytes:4
16:24:07.0 (34614272)|STATEMENT_EXECUTE|[113]
16:24:07.0 (34615997)|STATEMENT_EXECUTE|[114]
16:24:07.0 (34641348)|VARIABLE_ASSIGNMENT|[EXTERNAL]|this|{"aptdum":"0x5a20e64b","Docdum":"0x386ac51a","Docmap":"0x6ab36fe","Initialselected":2,"Selecteddoc":"a260H000001koYlQAI","SelectedtimeSlot":30,"timelist":"0x4c78d34c","timeset":"0x42b55057","timewraplist":"0x70887e4b","timewraplistInitial":"0x94e184"}|0x72fa1b4a
16:24:07.0 (34657364)|HEAP_ALLOCATE|[114]|Bytes:12
16:24:07.0 (34669926)|CONSTRUCTOR_ENTRY|[114]|01p0H000007gCe8|<init>(Boolean,Time)
16:24:07.0 (34675242)|VARIABLE_SCOPE_BEGIN|[212]|this|docappcontroller.Wrapertimeslot|true|false
16:24:07.0 (34688086)|VARIABLE_ASSIGNMENT|[212]|this|{}|0x1e83c2d7
16:24:07.0 (34695123)|VARIABLE_SCOPE_BEGIN|[212]|selection|Boolean|false|false
16:24:07.0 (34705361)|VARIABLE_ASSIGNMENT|[212]|selection|false
16:24:07.0 (34711139)|VARIABLE_SCOPE_BEGIN|[212]|tm|Time|false|false
16:24:07.0 (34720494)|VARIABLE_ASSIGNMENT|[212]|tm|45000000
16:24:07.0 (34725231)|STATEMENT_EXECUTE|[208]
16:24:07.0 (34727356)|STATEMENT_EXECUTE|[209]
16:24:07.0 (34729027)|STATEMENT_EXECUTE|[210]
16:24:07.0 (34738550)|STATEMENT_EXECUTE|[212]
16:24:07.0 (34740138)|STATEMENT_EXECUTE|[213]
16:24:07.0 (34751987)|VARIABLE_ASSIGNMENT|[EXTERNAL]|this|{}|0x1e83c2d7
16:24:07.0 (34762161)|VARIABLE_ASSIGNMENT|[EXTERNAL]|value|false
16:24:07.0 (34770008)|HEAP_ALLOCATE|[209]|Bytes:5
16:24:07.0 (34777028)|VARIABLE_ASSIGNMENT|[209]|this.selected|false|0x1e83c2d7
16:24:07.0 (34785133)|STATEMENT_EXECUTE|[214]
16:24:07.0 (34796984)|VARIABLE_ASSIGNMENT|[EXTERNAL]|this|{"selected":false}|0x1e83c2d7
16:24:07.0 (34806744)|VARIABLE_ASSIGNMENT|[EXTERNAL]|value|45000000
16:24:07.0 (34813900)|VARIABLE_ASSIGNMENT|[210]|this.t|45000000|0x1e83c2d7
16:24:07.0 (34831708)|CONSTRUCTOR_EXIT|[114]|01p0H000007gCe8|<init>(Boolean,Time)
16:24:07.0 (34841285)|HEAP_ALLOCATE|[EXTERNAL]|Bytes:4
16:24:07.0 (34852583)|HEAP_ALLOCATE|[107]|Bytes:28
16:24:07.0 (34856502)|HEAP_ALLOCATE|[107]|Bytes:28
16:24:07.0 (34878220)|STATEMENT_EXECUTE|[107]
16:24:07.0 (34880680)|STATEMENT_EXECUTE|[108]
16:24:07.0 (34889644)|USER_DEBUG|[108]|DEBUG|12:30:00.000Z
16:24:07.0 (34897178)|STATEMENT_EXECUTE|[109]
16:24:07.0 (34906178)|HEAP_ALLOCATE|[109]|Bytes:4
16:24:07.0 (34920745)|VARIABLE_ASSIGNMENT|[109]|t|46800000
16:24:07.0 (34925610)|STATEMENT_EXECUTE|[110]
16:24:07.0 (34932034)|HEAP_ALLOCATE|[110]|Bytes:28
16:24:07.0 (34948208)|HEAP_ALLOCATE|[110]|Bytes:28
16:24:07.0 (34960982)|VARIABLE_ASSIGNMENT|[110]|i1|4.0
16:24:07.0 (34965638)|STATEMENT_EXECUTE|[111]
16:24:07.0 (34999413)|VARIABLE_ASSIGNMENT|[EXTERNAL]|this|{"aptdum":"0x5a20e64b","Docdum":"0x386ac51a","Docmap":"0x6ab36fe","Initialselected":2,"Selecteddoc":"a260H000001koYlQAI","SelectedtimeSlot":30,"timelist":"0x4c78d34c","timeset":"0x42b55057","timewraplist":"0x70887e4b","timewraplistInitial":"0x94e184"}|0x72fa1b4a
16:24:07.0 (35016034)|HEAP_ALLOCATE|[EXTERNAL]|Bytes:4
16:24:07.0 (35029541)|STATEMENT_EXECUTE|[113]
16:24:07.0 (35031268)|STATEMENT_EXECUTE|[114]
16:24:07.0 (35059566)|VARIABLE_ASSIGNMENT|[EXTERNAL]|this|{"aptdum":"0x5a20e64b","Docdum":"0x386ac51a","Docmap":"0x6ab36fe","Initialselected":2,"Selecteddoc":"a260H000001koYlQAI","SelectedtimeSlot":30,"timelist":"0x4c78d34c","timeset":"0x42b55057","timewraplist":"0x70887e4b","timewraplistInitial":"0x94e184"}|0x72fa1b4a
16:24:07.0 (35072548)|HEAP_ALLOCATE|[114]|Bytes:12
16:24:07.0 (35084464)|CONSTRUCTOR_ENTRY|[114]|01p0H000007gCe8|<init>(Boolean,Time)
16:24:07.0 (35090383)|VARIABLE_SCOPE_BEGIN|[212]|this|docappcontroller.Wrapertimeslot|true|false
16:24:07.0 (35106175)|VARIABLE_ASSIGNMENT|[212]|this|{}|0xd9e4ca
16:24:07.0 (35113169)|VARIABLE_SCOPE_BEGIN|[212]|selection|Boolean|false|false
16:24:07.0 (35121504)|VARIABLE_ASSIGNMENT|[212]|selection|false
16:24:07.0 (35125620)|VARIABLE_SCOPE_BEGIN|[212]|tm|Time|false|false
16:24:07.0 (35133545)|VARIABLE_ASSIGNMENT|[212]|tm|46800000
16:24:07.0 (35138028)|STATEMENT_EXECUTE|[208]
16:24:07.0 (35139526)|STATEMENT_EXECUTE|[209]
16:24:07.0 (35141160)|STATEMENT_EXECUTE|[210]
16:24:07.0 (35150455)|STATEMENT_EXECUTE|[212]
16:24:07.0 (35152052)|STATEMENT_EXECUTE|[213]
16:24:07.0 (35166268)|VARIABLE_ASSIGNMENT|[EXTERNAL]|this|{}|0xd9e4ca
16:24:07.0 (35176097)|VARIABLE_ASSIGNMENT|[EXTERNAL]|value|false
16:24:07.0 (35181345)|HEAP_ALLOCATE|[209]|Bytes:5
16:24:07.0 (35187769)|VARIABLE_ASSIGNMENT|[209]|this.selected|false|0xd9e4ca
16:24:07.0 (35196164)|STATEMENT_EXECUTE|[214]
16:24:07.0 (35207718)|VARIABLE_ASSIGNMENT|[EXTERNAL]|this|{"selected":false}|0xd9e4ca
16:24:07.0 (35219727)|VARIABLE_ASSIGNMENT|[EXTERNAL]|value|46800000
16:24:07.0 (35227495)|VARIABLE_ASSIGNMENT|[210]|this.t|46800000|0xd9e4ca
16:24:07.0 (35242093)|CONSTRUCTOR_EXIT|[114]|01p0H000007gCe8|<init>(Boolean,Time)
16:24:07.0 (35251446)|HEAP_ALLOCATE|[EXTERNAL]|Bytes:4
16:24:07.0 (35263095)|HEAP_ALLOCATE|[107]|Bytes:28
16:24:07.0 (35268834)|HEAP_ALLOCATE|[107]|Bytes:28
16:24:07.0 (35290752)|STATEMENT_EXECUTE|[107]
16:24:07.0 (35292629)|STATEMENT_EXECUTE|[108]
16:24:07.0 (35301415)|USER_DEBUG|[108]|DEBUG|13:00:00.000Z
16:24:07.0 (35309697)|STATEMENT_EXECUTE|[109]
16:24:07.0 (35321927)|HEAP_ALLOCATE|[109]|Bytes:4
16:24:07.0 (35350540)|VARIABLE_ASSIGNMENT|[109]|t|48600000
16:24:07.0 (35359740)|STATEMENT_EXECUTE|[110]
16:24:07.0 (35368887)|HEAP_ALLOCATE|[110]|Bytes:28
16:24:07.0 (35391627)|HEAP_ALLOCATE|[110]|Bytes:28
16:24:07.0 (35407940)|VARIABLE_ASSIGNMENT|[110]|i1|4.5
16:24:07.0 (35415389)|STATEMENT_EXECUTE|[111]
16:24:07.0 (35454949)|VARIABLE_ASSIGNMENT|[EXTERNAL]|this|{"aptdum":"0x5a20e64b","Docdum":"0x386ac51a","Docmap":"0x6ab36fe","Initialselected":2,"Selecteddoc":"a260H000001koYlQAI","SelectedtimeSlot":30,"timelist":"0x4c78d34c","timeset":"0x42b55057","timewraplist":"0x70887e4b","timewraplistInitial":"0x94e184"}|0x72fa1b4a
16:24:07.0 (35473070)|HEAP_ALLOCATE|[EXTERNAL]|Bytes:4
16:24:07.0 (35489484)|STATEMENT_EXECUTE|[113]
16:24:07.0 (35492108)|STATEMENT_EXECUTE|[114]
16:24:07.0 (35523721)|VARIABLE_ASSIGNMENT|[EXTERNAL]|this|{"aptdum":"0x5a20e64b","Docdum":"0x386ac51a","Docmap":"0x6ab36fe","Initialselected":2,"Selecteddoc":"a260H000001koYlQAI","SelectedtimeSlot":30,"timelist":"0x4c78d34c","timeset":"0x42b55057","timewraplist":"0x70887e4b","timewraplistInitial":"0x94e184"}|0x72fa1b4a
16:24:07.0 (35537627)|HEAP_ALLOCATE|[114]|Bytes:12
16:24:07.0 (35557264)|CONSTRUCTOR_ENTRY|[114]|01p0H000007gCe8|<init>(Boolean,Time)
16:24:07.0 (35563212)|VARIABLE_SCOPE_BEGIN|[212]|this|docappcontroller.Wrapertimeslot|true|false
16:24:07.0 (35577107)|VARIABLE_ASSIGNMENT|[212]|this|{}|0x4a0c84c9
16:24:07.0 (35583896)|VARIABLE_SCOPE_BEGIN|[212]|selection|Boolean|false|false
16:24:07.0 (35591590)|VARIABLE_ASSIGNMENT|[212]|selection|false
16:24:07.0 (35595996)|VARIABLE_SCOPE_BEGIN|[212]|tm|Time|false|false
16:24:07.0 (35608236)|VARIABLE_ASSIGNMENT|[212]|tm|48600000
16:24:07.0 (35613314)|STATEMENT_EXECUTE|[208]
16:24:07.0 (35614886)|STATEMENT_EXECUTE|[209]
16:24:07.0 (35616446)|STATEMENT_EXECUTE|[210]
16:24:07.0 (35627767)|STATEMENT_EXECUTE|[212]
16:24:07.0 (35629392)|STATEMENT_EXECUTE|[213]
16:24:07.0 (35641511)|VARIABLE_ASSIGNMENT|[EXTERNAL]|this|{}|0x4a0c84c9
16:24:07.0 (35651180)|VARIABLE_ASSIGNMENT|[EXTERNAL]|value|false
16:24:07.0 (35658905)|HEAP_ALLOCATE|[209]|Bytes:5
16:24:07.0 (35666918)|VARIABLE_ASSIGNMENT|[209]|this.selected|false|0x4a0c84c9
16:24:07.0 (35674931)|STATEMENT_EXECUTE|[214]
16:24:07.0 (35687138)|VARIABLE_ASSIGNMENT|[EXTERNAL]|this|{"selected":false}|0x4a0c84c9
16:24:07.0 (35696818)|VARIABLE_ASSIGNMENT|[EXTERNAL]|value|48600000
16:24:07.0 (35704336)|VARIABLE_ASSIGNMENT|[210]|this.t|48600000|0x4a0c84c9
16:24:07.0 (35721979)|CONSTRUCTOR_EXIT|[114]|01p0H000007gCe8|<init>(Boolean,Time)
16:24:07.0 (35732086)|HEAP_ALLOCATE|[EXTERNAL]|Bytes:4
16:24:07.0 (35744250)|HEAP_ALLOCATE|[107]|Bytes:28
16:24:07.0 (35748293)|HEAP_ALLOCATE|[107]|Bytes:28
16:24:07.0 (35771944)|STATEMENT_EXECUTE|[107]
16:24:07.0 (35774278)|STATEMENT_EXECUTE|[108]
16:24:07.0 (35784156)|USER_DEBUG|[108]|DEBUG|13:30:00.000Z
16:24:07.0 (35791727)|STATEMENT_EXECUTE|[109]
16:24:07.0 (35801757)|HEAP_ALLOCATE|[109]|Bytes:4
16:24:07.0 (35816482)|VARIABLE_ASSIGNMENT|[109]|t|50400000
16:24:07.0 (35822153)|STATEMENT_EXECUTE|[110]
16:24:07.0 (35828994)|HEAP_ALLOCATE|[110]|Bytes:28
16:24:07.0 (35843858)|HEAP_ALLOCATE|[110]|Bytes:28
16:24:07.0 (35856701)|VARIABLE_ASSIGNMENT|[110]|i1|5.0
16:24:07.0 (35861467)|STATEMENT_EXECUTE|[111]
16:24:07.0 (35895741)|VARIABLE_ASSIGNMENT|[EXTERNAL]|this|{"aptdum":"0x5a20e64b","Docdum":"0x386ac51a","Docmap":"0x6ab36fe","Initialselected":2,"Selecteddoc":"a260H000001koYlQAI","SelectedtimeSlot":30,"timelist":"0x4c78d34c","timeset":"0x42b55057","timewraplist":"0x70887e4b","timewraplistInitial":"0x94e184"}|0x72fa1b4a
16:24:07.0 (35912155)|HEAP_ALLOCATE|[EXTERNAL]|Bytes:4
16:24:07.0 (35925336)|STATEMENT_EXECUTE|[113]
16:24:07.0 (35927012)|STATEMENT_EXECUTE|[114]
16:24:07.0 (35955252)|VARIABLE_ASSIGNMENT|[EXTERNAL]|this|{"aptdum":"0x5a20e64b","Docdum":"0x386ac51a","Docmap":"0x6ab36fe","Initialselected":2,"Selecteddoc":"a260H000001koYlQAI","SelectedtimeSlot":30,"timelist":"0x4c78d34c","timeset":"0x42b55057","timewraplist":"0x70887e4b","timewraplistInitial":"0x94e184"}|0x72fa1b4a
16:24:07.0 (35969663)|HEAP_ALLOCATE|[114]|Bytes:12
16:24:07.0 (35981919)|CONSTRUCTOR_ENTRY|[114]|01p0H000007gCe8|<init>(Boolean,Time)
16:24:07.0 (35987770)|VARIABLE_SCOPE_BEGIN|[212]|this|docappcontroller.Wrapertimeslot|true|false
16:24:07.0 (36003793)|VARIABLE_ASSIGNMENT|[212]|this|{}|0x78a7fdea
16:24:07.0 (36010925)|VARIABLE_SCOPE_BEGIN|[212]|selection|Boolean|false|false
16:24:07.0 (36019041)|VARIABLE_ASSIGNMENT|[212]|selection|false
16:24:07.0 (36023041)|VARIABLE_SCOPE_BEGIN|[212]|tm|Time|false|false
16:24:07.0 (36031149)|VARIABLE_ASSIGNMENT|[212]|tm|50400000
16:24:07.0 (36035906)|STATEMENT_EXECUTE|[208]
16:24:07.0 (36037424)|STATEMENT_EXECUTE|[209]
16:24:07.0 (36039051)|STATEMENT_EXECUTE|[210]
16:24:07.0 (36051194)|STATEMENT_EXECUTE|[212]
16:24:07.0 (36053123)|STATEMENT_EXECUTE|[213]
16:24:07.0 (36064989)|VARIABLE_ASSIGNMENT|[EXTERNAL]|this|{}|0x78a7fdea
16:24:07.0 (36074290)|VARIABLE_ASSIGNMENT|[EXTERNAL]|value|false
16:24:07.0 (36079640)|HEAP_ALLOCATE|[209]|Bytes:5
16:24:07.0 (36086171)|VARIABLE_ASSIGNMENT|[209]|this.selected|false|0x78a7fdea
16:24:07.0 (36093556)|STATEMENT_EXECUTE|[214]
16:24:07.0 (36107923)|VARIABLE_ASSIGNMENT|[EXTERNAL]|this|{"selected":false}|0x78a7fdea
16:24:07.0 (36117615)|VARIABLE_ASSIGNMENT|[EXTERNAL]|value|50400000
16:24:07.0 (36125281)|VARIABLE_ASSIGNMENT|[210]|this.t|50400000|0x78a7fdea
16:24:07.0 (36139903)|CONSTRUCTOR_EXIT|[114]|01p0H000007gCe8|<init>(Boolean,Time)
16:24:07.0 (36149767)|HEAP_ALLOCATE|[EXTERNAL]|Bytes:4
16:24:07.0 (36163499)|HEAP_ALLOCATE|[107]|Bytes:28
16:24:07.0 (36168044)|HEAP_ALLOCATE|[107]|Bytes:28
16:24:07.0 (36188384)|STATEMENT_EXECUTE|[107]
16:24:07.0 (36190104)|STATEMENT_EXECUTE|[108]
16:24:07.0 (36198543)|USER_DEBUG|[108]|DEBUG|14:00:00.000Z
16:24:07.0 (36205730)|STATEMENT_EXECUTE|[109]
16:24:07.0 (36216355)|HEAP_ALLOCATE|[109]|Bytes:4
16:24:07.0 (36232163)|VARIABLE_ASSIGNMENT|[109]|t|52200000
16:24:07.0 (36237238)|STATEMENT_EXECUTE|[110]
16:24:07.0 (36242454)|HEAP_ALLOCATE|[110]|Bytes:28
16:24:07.0 (36256438)|HEAP_ALLOCATE|[110]|Bytes:28
16:24:07.0 (36270688)|VARIABLE_ASSIGNMENT|[110]|i1|5.5
16:24:07.0 (36277424)|STATEMENT_EXECUTE|[111]
16:24:07.0 (36308809)|VARIABLE_ASSIGNMENT|[EXTERNAL]|this|{"aptdum":"0x5a20e64b","Docdum":"0x386ac51a","Docmap":"0x6ab36fe","Initialselected":2,"Selecteddoc":"a260H000001koYlQAI","SelectedtimeSlot":30,"timelist":"0x4c78d34c","timeset":"0x42b55057","timewraplist":"0x70887e4b","timewraplistInitial":"0x94e184"}|0x72fa1b4a
16:24:07.0 (36324944)|HEAP_ALLOCATE|[EXTERNAL]|Bytes:4
16:24:07.0 (36340003)|STATEMENT_EXECUTE|[113]
16:24:07.0 (36341732)|STATEMENT_EXECUTE|[114]
16:24:07.0 (36366523)|VARIABLE_ASSIGNMENT|[EXTERNAL]|this|{"aptdum":"0x5a20e64b","Docdum":"0x386ac51a","Docmap":"0x6ab36fe","Initialselected":2,"Selecteddoc":"a260H000001koYlQAI","SelectedtimeSlot":30,"timelist":"0x4c78d34c","timeset":"0x42b55057","timewraplist":"0x70887e4b","timewraplistInitial":"0x94e184"}|0x72fa1b4a
16:24:07.0 (36380609)|HEAP_ALLOCATE|[114]|Bytes:12
16:24:07.0 (36395274)|CONSTRUCTOR_ENTRY|[114]|01p0H000007gCe8|<init>(Boolean,Time)
16:24:07.0 (36400885)|VARIABLE_SCOPE_BEGIN|[212]|this|docappcontroller.Wrapertimeslot|true|false
16:24:07.0 (36414072)|VARIABLE_ASSIGNMENT|[212]|this|{}|0x96ae2da
16:24:07.0 (36421082)|VARIABLE_SCOPE_BEGIN|[212]|selection|Boolean|false|false
16:24:07.0 (36428741)|VARIABLE_ASSIGNMENT|[212]|selection|false
16:24:07.0 (36433562)|VARIABLE_SCOPE_BEGIN|[212]|tm|Time|false|false
16:24:07.0 (36445243)|VARIABLE_ASSIGNMENT|[212]|tm|52200000
16:24:07.0 (36450530)|STATEMENT_EXECUTE|[208]
16:24:07.0 (36452050)|STATEMENT_EXECUTE|[209]
16:24:07.0 (36453664)|STATEMENT_EXECUTE|[210]
16:24:07.0 (36463757)|STATEMENT_EXECUTE|[212]
16:24:07.0 (36465324)|STATEMENT_EXECUTE|[213]
16:24:07.0 (36477014)|VARIABLE_ASSIGNMENT|[EXTERNAL]|this|{}|0x96ae2da
16:24:07.0 (36486631)|VARIABLE_ASSIGNMENT|[EXTERNAL]|value|false
16:24:07.0 (36494350)|HEAP_ALLOCATE|[209]|Bytes:5
16:24:07.0 (36502548)|VARIABLE_ASSIGNMENT|[209]|this.selected|false|0x96ae2da
16:24:07.0 (36513855)|STATEMENT_EXECUTE|[214]
16:24:07.0 (36526151)|VARIABLE_ASSIGNMENT|[EXTERNAL]|this|{"selected":false}|0x96ae2da
16:24:07.0 (36535679)|VARIABLE_ASSIGNMENT|[EXTERNAL]|value|52200000
16:24:07.0 (36543177)|VARIABLE_ASSIGNMENT|[210]|this.t|52200000|0x96ae2da
16:24:07.0 (36562016)|CONSTRUCTOR_EXIT|[114]|01p0H000007gCe8|<init>(Boolean,Time)
16:24:07.0 (36572086)|HEAP_ALLOCATE|[EXTERNAL]|Bytes:4
16:24:07.0 (36584006)|HEAP_ALLOCATE|[107]|Bytes:28
16:24:07.0 (36588026)|HEAP_ALLOCATE|[107]|Bytes:28
16:24:07.0 (36610935)|STATEMENT_EXECUTE|[107]
16:24:07.0 (36612784)|STATEMENT_EXECUTE|[108]
16:24:07.0 (36621188)|USER_DEBUG|[108]|DEBUG|14:30:00.000Z
16:24:07.0 (36628721)|STATEMENT_EXECUTE|[109]
16:24:07.0 (36637714)|HEAP_ALLOCATE|[109]|Bytes:4
16:24:07.0 (36651660)|VARIABLE_ASSIGNMENT|[109]|t|54000000
16:24:07.0 (36656535)|STATEMENT_EXECUTE|[110]
16:24:07.0 (36663073)|HEAP_ALLOCATE|[110]|Bytes:28
16:24:07.0 (36678775)|HEAP_ALLOCATE|[110]|Bytes:28
16:24:07.0 (36691746)|VARIABLE_ASSIGNMENT|[110]|i1|6.0
16:24:07.0 (36696140)|STATEMENT_EXECUTE|[111]
16:24:07.0 (36729338)|VARIABLE_ASSIGNMENT|[EXTERNAL]|this|{"aptdum":"0x5a20e64b","Docdum":"0x386ac51a","Docmap":"0x6ab36fe","Initialselected":2,"Selecteddoc":"a260H000001koYlQAI","SelectedtimeSlot":30,"timelist":"0x4c78d34c","timeset":"0x42b55057","timewraplist":"0x70887e4b","timewraplistInitial":"0x94e184"}|0x72fa1b4a
16:24:07.0 (36745487)|HEAP_ALLOCATE|[EXTERNAL]|Bytes:4
16:24:07.0 (36758176)|STATEMENT_EXECUTE|[113]
16:24:07.0 (36759807)|STATEMENT_EXECUTE|[114]
16:24:07.0 (36788377)|VARIABLE_ASSIGNMENT|[EXTERNAL]|this|{"aptdum":"0x5a20e64b","Docdum":"0x386ac51a","Docmap":"0x6ab36fe","Initialselected":2,"Selecteddoc":"a260H000001koYlQAI","SelectedtimeSlot":30,"timelist":"0x4c78d34c","timeset":"0x42b55057","timewraplist":"0x70887e4b","timewraplistInitial":"0x94e184"}|0x72fa1b4a
16:24:07.0 (36801345)|HEAP_ALLOCATE|[114]|Bytes:12
16:24:07.0 (36813126)|CONSTRUCTOR_ENTRY|[114]|01p0H000007gCe8|<init>(Boolean,Time)
16:24:07.0 (36818512)|VARIABLE_SCOPE_BEGIN|[212]|this|docappcontroller.Wrapertimeslot|true|false
16:24:07.0 (36834413)|VARIABLE_ASSIGNMENT|[212]|this|{}|0x6a139a7a
16:24:07.0 (36841619)|VARIABLE_SCOPE_BEGIN|[212]|selection|Boolean|false|false
16:24:07.0 (36848927)|VARIABLE_ASSIGNMENT|[212]|selection|false
16:24:07.0 (36852769)|VARIABLE_SCOPE_BEGIN|[212]|tm|Time|false|false
16:24:07.0 (36860718)|VARIABLE_ASSIGNMENT|[212]|tm|54000000
16:24:07.0 (36865417)|STATEMENT_EXECUTE|[208]
16:24:07.0 (36867225)|STATEMENT_EXECUTE|[209]
16:24:07.0 (36869312)|STATEMENT_EXECUTE|[210]
16:24:07.0 (36879128)|STATEMENT_EXECUTE|[212]
16:24:07.0 (36881246)|STATEMENT_EXECUTE|[213]
16:24:07.0 (36897571)|VARIABLE_ASSIGNMENT|[EXTERNAL]|this|{}|0x6a139a7a
16:24:07.0 (36907725)|VARIABLE_ASSIGNMENT|[EXTERNAL]|value|false
16:24:07.0 (36912811)|HEAP_ALLOCATE|[209]|Bytes:5
16:24:07.0 (36919472)|VARIABLE_ASSIGNMENT|[209]|this.selected|false|0x6a139a7a
16:24:07.0 (36927869)|STATEMENT_EXECUTE|[214]
16:24:07.0 (36942063)|VARIABLE_ASSIGNMENT|[EXTERNAL]|this|{"selected":false}|0x6a139a7a
16:24:07.0 (36952535)|VARIABLE_ASSIGNMENT|[EXTERNAL]|value|54000000
16:24:07.0 (36960407)|VARIABLE_ASSIGNMENT|[210]|this.t|54000000|0x6a139a7a
16:24:07.0 (36975413)|CONSTRUCTOR_EXIT|[114]|01p0H000007gCe8|<init>(Boolean,Time)
16:24:07.0 (36985760)|HEAP_ALLOCATE|[EXTERNAL]|Bytes:4
16:24:07.0 (36999203)|HEAP_ALLOCATE|[107]|Bytes:28
16:24:07.0 (37003852)|HEAP_ALLOCATE|[107]|Bytes:28
16:24:07.0 (37024366)|STATEMENT_EXECUTE|[107]
16:24:07.0 (37026153)|STATEMENT_EXECUTE|[108]
16:24:07.0 (37034661)|USER_DEBUG|[108]|DEBUG|15:00:00.000Z
16:24:07.0 (37042512)|STATEMENT_EXECUTE|[109]
16:24:07.0 (37053041)|HEAP_ALLOCATE|[109]|Bytes:4
16:24:07.0 (37068363)|VARIABLE_ASSIGNMENT|[109]|t|55800000
16:24:07.0 (37073426)|STATEMENT_EXECUTE|[110]
16:24:07.0 (37078601)|HEAP_ALLOCATE|[110]|Bytes:28
16:24:07.0 (37092218)|HEAP_ALLOCATE|[110]|Bytes:28
16:24:07.0 (37106841)|VARIABLE_ASSIGNMENT|[110]|i1|6.5
16:24:07.0 (37113334)|STATEMENT_EXECUTE|[111]
16:24:07.0 (37144458)|VARIABLE_ASSIGNMENT|[EXTERNAL]|this|{"aptdum":"0x5a20e64b","Docdum":"0x386ac51a","Docmap":"0x6ab36fe","Initialselected":2,"Selecteddoc":"a260H000001koYlQAI","SelectedtimeSlot":30,"timelist":"0x4c78d34c","timeset":"0x42b55057","timewraplist":"0x70887e4b","timewraplistInitial":"0x94e184"}|0x72fa1b4a
16:24:07.0 (37160252)|HEAP_ALLOCATE|[EXTERNAL]|Bytes:4
16:24:07.0 (37175386)|STATEMENT_EXECUTE|[113]
16:24:07.0 (37177151)|STATEMENT_EXECUTE|[114]
16:24:07.0 (37201790)|VARIABLE_ASSIGNMENT|[EXTERNAL]|this|{"aptdum":"0x5a20e64b","Docdum":"0x386ac51a","Docmap":"0x6ab36fe","Initialselected":2,"Selecteddoc":"a260H000001koYlQAI","SelectedtimeSlot":30,"timelist":"0x4c78d34c","timeset":"0x42b55057","timewraplist":"0x70887e4b","timewraplistInitial":"0x94e184"}|0x72fa1b4a
16:24:07.0 (37215491)|HEAP_ALLOCATE|[114]|Bytes:12
16:24:07.0 (37230193)|CONSTRUCTOR_ENTRY|[114]|01p0H000007gCe8|<init>(Boolean,Time)
16:24:07.0 (37235599)|VARIABLE_SCOPE_BEGIN|[212]|this|docappcontroller.Wrapertimeslot|true|false
16:24:07.0 (37248906)|VARIABLE_ASSIGNMENT|[212]|this|{}|0x28e81974
16:24:07.0 (37256122)|VARIABLE_SCOPE_BEGIN|[212]|selection|Boolean|false|false
16:24:07.0 (37264023)|VARIABLE_ASSIGNMENT|[212]|selection|false
16:24:07.0 (37268028)|VARIABLE_SCOPE_BEGIN|[212]|tm|Time|false|false
16:24:07.0 (37279769)|VARIABLE_ASSIGNMENT|[212]|tm|55800000
16:24:07.0 (37285407)|STATEMENT_EXECUTE|[208]
16:24:07.0 (37286902)|STATEMENT_EXECUTE|[209]
16:24:07.0 (37288510)|STATEMENT_EXECUTE|[210]
16:24:07.0 (37298288)|STATEMENT_EXECUTE|[212]
16:24:07.0 (37300012)|STATEMENT_EXECUTE|[213]
16:24:07.0 (37311774)|VARIABLE_ASSIGNMENT|[EXTERNAL]|this|{}|0x28e81974
16:24:07.0 (37321584)|VARIABLE_ASSIGNMENT|[EXTERNAL]|value|false
16:24:07.0 (37327928)|HEAP_ALLOCATE|[209]|Bytes:5
16:24:07.0 (37336649)|VARIABLE_ASSIGNMENT|[209]|this.selected|false|0x28e81974
16:24:07.0 (37344349)|STATEMENT_EXECUTE|[214]
16:24:07.0 (37356580)|VARIABLE_ASSIGNMENT|[EXTERNAL]|this|{"selected":false}|0x28e81974
16:24:07.0 (37366141)|VARIABLE_ASSIGNMENT|[EXTERNAL]|value|55800000
16:24:07.0 (37373830)|VARIABLE_ASSIGNMENT|[210]|this.t|55800000|0x28e81974
16:24:07.0 (37390399)|CONSTRUCTOR_EXIT|[114]|01p0H000007gCe8|<init>(Boolean,Time)
16:24:07.0 (37400830)|HEAP_ALLOCATE|[EXTERNAL]|Bytes:4
16:24:07.0 (37412452)|HEAP_ALLOCATE|[107]|Bytes:28
16:24:07.0 (37416575)|HEAP_ALLOCATE|[107]|Bytes:28
16:24:07.0 (37436295)|STATEMENT_EXECUTE|[107]
16:24:07.0 (37438805)|STATEMENT_EXECUTE|[108]
16:24:07.0 (37449258)|USER_DEBUG|[108]|DEBUG|15:30:00.000Z
16:24:07.0 (37457033)|STATEMENT_EXECUTE|[109]
16:24:07.0 (37466329)|HEAP_ALLOCATE|[109]|Bytes:4
16:24:07.0 (37480514)|VARIABLE_ASSIGNMENT|[109]|t|57600000
16:24:07.0 (37485583)|STATEMENT_EXECUTE|[110]
16:24:07.0 (37490586)|HEAP_ALLOCATE|[110]|Bytes:28
16:24:07.0 (37508693)|HEAP_ALLOCATE|[110]|Bytes:28
16:24:07.0 (37527176)|VARIABLE_ASSIGNMENT|[110]|i1|7.0
16:24:07.0 (37531865)|STATEMENT_EXECUTE|[111]
16:24:07.0 (37565660)|VARIABLE_ASSIGNMENT|[EXTERNAL]|this|{"aptdum":"0x5a20e64b","Docdum":"0x386ac51a","Docmap":"0x6ab36fe","Initialselected":2,"Selecteddoc":"a260H000001koYlQAI","SelectedtimeSlot":30,"timelist":"0x4c78d34c","timeset":"0x42b55057","timewraplist":"0x70887e4b","timewraplistInitial":"0x94e184"}|0x72fa1b4a
16:24:07.0 (37581996)|HEAP_ALLOCATE|[EXTERNAL]|Bytes:4
16:24:07.0 (37594701)|STATEMENT_EXECUTE|[113]
16:24:07.0 (37596369)|STATEMENT_EXECUTE|[114]
16:24:07.0 (37625050)|VARIABLE_ASSIGNMENT|[EXTERNAL]|this|{"aptdum":"0x5a20e64b","Docdum":"0x386ac51a","Docmap":"0x6ab36fe","Initialselected":2,"Selecteddoc":"a260H000001koYlQAI","SelectedtimeSlot":30,"timelist":"0x4c78d34c","timeset":"0x42b55057","timewraplist":"0x70887e4b","timewraplistInitial":"0x94e184"}|0x72fa1b4a
16:24:07.0 (37637486)|HEAP_ALLOCATE|[114]|Bytes:12
16:24:07.0 (37649396)|CONSTRUCTOR_ENTRY|[114]|01p0H000007gCe8|<init>(Boolean,Time)
16:24:07.0 (37654557)|VARIABLE_SCOPE_BEGIN|[212]|this|docappcontroller.Wrapertimeslot|true|false
16:24:07.0 (37671078)|VARIABLE_ASSIGNMENT|[212]|this|{}|0xebde2e1
16:24:07.0 (37678749)|VARIABLE_SCOPE_BEGIN|[212]|selection|Boolean|false|false
16:24:07.0 (37686697)|VARIABLE_ASSIGNMENT|[212]|selection|false
16:24:07.0 (37690808)|VARIABLE_SCOPE_BEGIN|[212]|tm|Time|false|false
16:24:07.0 (37699296)|VARIABLE_ASSIGNMENT|[212]|tm|57600000
16:24:07.0 (37704102)|STATEMENT_EXECUTE|[208]
16:24:07.0 (37705619)|STATEMENT_EXECUTE|[209]
16:24:07.0 (37707188)|STATEMENT_EXECUTE|[210]
16:24:07.0 (37716962)|STATEMENT_EXECUTE|[212]
16:24:07.0 (37719267)|STATEMENT_EXECUTE|[213]
16:24:07.0 (37732762)|VARIABLE_ASSIGNMENT|[EXTERNAL]|this|{}|0xebde2e1
16:24:07.0 (37742517)|VARIABLE_ASSIGNMENT|[EXTERNAL]|value|false
16:24:07.0 (37748308)|HEAP_ALLOCATE|[209]|Bytes:5
16:24:07.0 (37754918)|VARIABLE_ASSIGNMENT|[209]|this.selected|false|0xebde2e1
16:24:07.0 (37762805)|STATEMENT_EXECUTE|[214]
16:24:07.0 (37775910)|VARIABLE_ASSIGNMENT|[EXTERNAL]|this|{"selected":false}|0xebde2e1
16:24:07.0 (37787273)|VARIABLE_ASSIGNMENT|[EXTERNAL]|value|57600000
16:24:07.0 (37795781)|VARIABLE_ASSIGNMENT|[210]|this.t|57600000|0xebde2e1
16:24:07.0 (37810347)|CONSTRUCTOR_EXIT|[114]|01p0H000007gCe8|<init>(Boolean,Time)
16:24:07.0 (37819987)|HEAP_ALLOCATE|[EXTERNAL]|Bytes:4
16:24:07.0 (37832903)|HEAP_ALLOCATE|[107]|Bytes:28
16:24:07.0 (37838429)|HEAP_ALLOCATE|[107]|Bytes:28
16:24:07.0 (37858262)|STATEMENT_EXECUTE|[107]
16:24:07.0 (37859949)|STATEMENT_EXECUTE|[108]
16:24:07.0 (37868167)|USER_DEBUG|[108]|DEBUG|16:00:00.000Z
16:24:07.0 (37875530)|STATEMENT_EXECUTE|[109]
16:24:07.0 (37885123)|HEAP_ALLOCATE|[109]|Bytes:4
16:24:07.0 (37901612)|VARIABLE_ASSIGNMENT|[109]|t|59400000
16:24:07.0 (37906391)|STATEMENT_EXECUTE|[110]
16:24:07.0 (37911375)|HEAP_ALLOCATE|[110]|Bytes:28
16:24:07.0 (37924886)|HEAP_ALLOCATE|[110]|Bytes:28
16:24:07.0 (37937503)|VARIABLE_ASSIGNMENT|[110]|i1|7.5
16:24:07.0 (37944195)|STATEMENT_EXECUTE|[111]
16:24:07.0 (37976248)|VARIABLE_ASSIGNMENT|[EXTERNAL]|this|{"aptdum":"0x5a20e64b","Docdum":"0x386ac51a","Docmap":"0x6ab36fe","Initialselected":2,"Selecteddoc":"a260H000001koYlQAI","SelectedtimeSlot":30,"timelist":"0x4c78d34c","timeset":"0x42b55057","timewraplist":"0x70887e4b","timewraplistInitial":"0x94e184"}|0x72fa1b4a
16:24:07.0 (37992786)|HEAP_ALLOCATE|[EXTERNAL]|Bytes:4
16:24:07.0 (38008751)|STATEMENT_EXECUTE|[113]
16:24:07.0 (38011033)|STATEMENT_EXECUTE|[114]
16:24:07.0 (38036260)|VARIABLE_ASSIGNMENT|[EXTERNAL]|this|{"aptdum":"0x5a20e64b","Docdum":"0x386ac51a","Docmap":"0x6ab36fe","Initialselected":2,"Selecteddoc":"a260H000001koYlQAI","SelectedtimeSlot":30,"timelist":"0x4c78d34c","timeset":"0x42b55057","timewraplist":"0x70887e4b","timewraplistInitial":"0x94e184"}|0x72fa1b4a
16:24:07.0 (38049025)|HEAP_ALLOCATE|[114]|Bytes:12
16:24:07.0 (38063544)|CONSTRUCTOR_ENTRY|[114]|01p0H000007gCe8|<init>(Boolean,Time)
16:24:07.0 (38069434)|VARIABLE_SCOPE_BEGIN|[212]|this|docappcontroller.Wrapertimeslot|true|false
16:24:07.0 (38082946)|VARIABLE_ASSIGNMENT|[212]|this|{}|0x754a7e4c
16:24:07.0 (38089614)|VARIABLE_SCOPE_BEGIN|[212]|selection|Boolean|false|false
16:24:07.0 (38097826)|VARIABLE_ASSIGNMENT|[212]|selection|false
16:24:07.0 (38101675)|VARIABLE_SCOPE_BEGIN|[212]|tm|Time|false|false
16:24:07.0 (38111285)|VARIABLE_ASSIGNMENT|[212]|tm|59400000
16:24:07.0 (38117659)|STATEMENT_EXECUTE|[208]
16:24:07.0 (38119214)|STATEMENT_EXECUTE|[209]
16:24:07.0 (38120784)|STATEMENT_EXECUTE|[210]
16:24:07.0 (38130456)|STATEMENT_EXECUTE|[212]
16:24:07.0 (38132009)|STATEMENT_EXECUTE|[213]
16:24:07.0 (38143533)|VARIABLE_ASSIGNMENT|[EXTERNAL]|this|{}|0x754a7e4c
16:24:07.0 (38152834)|VARIABLE_ASSIGNMENT|[EXTERNAL]|value|false
16:24:07.0 (38158496)|HEAP_ALLOCATE|[209]|Bytes:5
16:24:07.0 (38165934)|VARIABLE_ASSIGNMENT|[209]|this.selected|false|0x754a7e4c
16:24:07.0 (38176187)|STATEMENT_EXECUTE|[214]
16:24:07.0 (38188075)|VARIABLE_ASSIGNMENT|[EXTERNAL]|this|{"selected":false}|0x754a7e4c
16:24:07.0 (38197043)|VARIABLE_ASSIGNMENT|[EXTERNAL]|value|59400000
16:24:07.0 (38204406)|VARIABLE_ASSIGNMENT|[210]|this.t|59400000|0x754a7e4c
16:24:07.0 (38218555)|CONSTRUCTOR_EXIT|[114]|01p0H000007gCe8|<init>(Boolean,Time)
16:24:07.0 (38230803)|HEAP_ALLOCATE|[EXTERNAL]|Bytes:4
16:24:07.0 (38242319)|HEAP_ALLOCATE|[107]|Bytes:28
16:24:07.0 (38246194)|HEAP_ALLOCATE|[107]|Bytes:28
16:24:07.0 (38268687)|STATEMENT_EXECUTE|[107]
16:24:07.0 (38270828)|STATEMENT_EXECUTE|[108]
16:24:07.0 (38281118)|USER_DEBUG|[108]|DEBUG|16:30:00.000Z
16:24:07.0 (38289410)|STATEMENT_EXECUTE|[109]
16:24:07.0 (38298462)|HEAP_ALLOCATE|[109]|Bytes:4
16:24:07.0 (38312764)|VARIABLE_ASSIGNMENT|[109]|t|61200000
16:24:07.0 (38317614)|STATEMENT_EXECUTE|[110]
16:24:07.0 (38322662)|HEAP_ALLOCATE|[110]|Bytes:28
16:24:07.0 (38338985)|HEAP_ALLOCATE|[110]|Bytes:28
16:24:07.0 (38352478)|VARIABLE_ASSIGNMENT|[110]|i1|8.0
16:24:07.0 (38357362)|STATEMENT_EXECUTE|[111]
16:24:07.0 (38388451)|VARIABLE_ASSIGNMENT|[EXTERNAL]|this|{"aptdum":"0x5a20e64b","Docdum":"0x386ac51a","Docmap":"0x6ab36fe","Initialselected":2,"Selecteddoc":"a260H000001koYlQAI","SelectedtimeSlot":30,"timelist":"0x4c78d34c","timeset":"0x42b55057","timewraplist":"0x70887e4b","timewraplistInitial":"0x94e184"}|0x72fa1b4a
16:24:07.0 (38406363)|HEAP_ALLOCATE|[EXTERNAL]|Bytes:4
16:24:07.0 (38419240)|STATEMENT_EXECUTE|[113]
16:24:07.0 (38420967)|STATEMENT_EXECUTE|[114]
16:24:07.0 (38449114)|VARIABLE_ASSIGNMENT|[EXTERNAL]|this|{"aptdum":"0x5a20e64b","Docdum":"0x386ac51a","Docmap":"0x6ab36fe","Initialselected":2,"Selecteddoc":"a260H000001koYlQAI","SelectedtimeSlot":30,"timelist":"0x4c78d34c","timeset":"0x42b55057","timewraplist":"0x70887e4b","timewraplistInitial":"0x94e184"}|0x72fa1b4a
16:24:07.0 (38463549)|HEAP_ALLOCATE|[114]|Bytes:12
16:24:07.0 (38475561)|CONSTRUCTOR_ENTRY|[114]|01p0H000007gCe8|<init>(Boolean,Time)
16:24:07.0 (38480936)|VARIABLE_SCOPE_BEGIN|[212]|this|docappcontroller.Wrapertimeslot|true|false
16:24:07.0 (38494322)|VARIABLE_ASSIGNMENT|[212]|this|{}|0xb2e7cec
16:24:07.0 (38502843)|VARIABLE_SCOPE_BEGIN|[212]|selection|Boolean|false|false
16:24:07.0 (38515476)|VARIABLE_ASSIGNMENT|[212]|selection|false
16:24:07.0 (38519871)|VARIABLE_SCOPE_BEGIN|[212]|tm|Time|false|false
16:24:07.0 (38527693)|VARIABLE_ASSIGNMENT|[212]|tm|61200000
16:24:07.0 (38532010)|STATEMENT_EXECUTE|[208]
16:24:07.0 (38533520)|STATEMENT_EXECUTE|[209]
16:24:07.0 (38535103)|STATEMENT_EXECUTE|[210]
16:24:07.0 (38544621)|STATEMENT_EXECUTE|[212]
16:24:07.0 (38546243)|STATEMENT_EXECUTE|[213]
16:24:07.0 (38559772)|VARIABLE_ASSIGNMENT|[EXTERNAL]|this|{}|0xb2e7cec
16:24:07.0 (38571011)|VARIABLE_ASSIGNMENT|[EXTERNAL]|value|false
16:24:07.0 (38576160)|HEAP_ALLOCATE|[209]|Bytes:5
16:24:07.0 (38582944)|VARIABLE_ASSIGNMENT|[209]|this.selected|false|0xb2e7cec
16:24:07.0 (38590705)|STATEMENT_EXECUTE|[214]
16:24:07.0 (38602469)|VARIABLE_ASSIGNMENT|[EXTERNAL]|this|{"selected":false}|0xb2e7cec
16:24:07.0 (38612621)|VARIABLE_ASSIGNMENT|[EXTERNAL]|value|61200000
16:24:07.0 (38622302)|VARIABLE_ASSIGNMENT|[210]|this.t|61200000|0xb2e7cec
16:24:07.0 (38637357)|CONSTRUCTOR_EXIT|[114]|01p0H000007gCe8|<init>(Boolean,Time)
16:24:07.0 (38646861)|HEAP_ALLOCATE|[EXTERNAL]|Bytes:4
16:24:07.0 (38658730)|HEAP_ALLOCATE|[107]|Bytes:28
16:24:07.0 (38662474)|HEAP_ALLOCATE|[107]|Bytes:28
16:24:07.0 (38701412)|STATEMENT_EXECUTE|[107]
16:24:07.0 (38703392)|STATEMENT_EXECUTE|[108]
16:24:07.0 (38712404)|USER_DEBUG|[108]|DEBUG|17:00:00.000Z
16:24:07.0 (38719877)|STATEMENT_EXECUTE|[109]
16:24:07.0 (38731956)|HEAP_ALLOCATE|[109]|Bytes:4
16:24:07.0 (38747062)|VARIABLE_ASSIGNMENT|[109]|t|63000000
16:24:07.0 (38751595)|STATEMENT_EXECUTE|[110]
16:24:07.0 (38757246)|HEAP_ALLOCATE|[110]|Bytes:28
16:24:07.0 (38771168)|HEAP_ALLOCATE|[110]|Bytes:28
16:24:07.0 (38787104)|VARIABLE_ASSIGNMENT|[110]|i1|8.5
16:24:07.0 (38792395)|STATEMENT_EXECUTE|[111]
16:24:07.0 (38823526)|VARIABLE_ASSIGNMENT|[EXTERNAL]|this|{"aptdum":"0x5a20e64b","Docdum":"0x386ac51a","Docmap":"0x6ab36fe","Initialselected":2,"Selecteddoc":"a260H000001koYlQAI","SelectedtimeSlot":30,"timelist":"0x4c78d34c","timeset":"0x42b55057","timewraplist":"0x70887e4b","timewraplistInitial":"0x94e184"}|0x72fa1b4a
16:24:07.0 (38841491)|HEAP_ALLOCATE|[EXTERNAL]|Bytes:4
16:24:07.0 (38855771)|STATEMENT_EXECUTE|[113]
16:24:07.0 (38857442)|STATEMENT_EXECUTE|[114]
16:24:07.0 (38882548)|VARIABLE_ASSIGNMENT|[EXTERNAL]|this|{"aptdum":"0x5a20e64b","Docdum":"0x386ac51a","Docmap":"0x6ab36fe","Initialselected":2,"Selecteddoc":"a260H000001koYlQAI","SelectedtimeSlot":30,"timelist":"0x4c78d34c","timeset":"0x42b55057","timewraplist":"0x70887e4b","timewraplistInitial":"0x94e184"}|0x72fa1b4a
16:24:07.0 (38897646)|HEAP_ALLOCATE|[114]|Bytes:12
16:24:07.0 (38910513)|CONSTRUCTOR_ENTRY|[114]|01p0H000007gCe8|<init>(Boolean,Time)
16:24:07.0 (38915680)|VARIABLE_SCOPE_BEGIN|[212]|this|docappcontroller.Wrapertimeslot|true|false
16:24:07.0 (38928688)|VARIABLE_ASSIGNMENT|[212]|this|{}|0x183f3868
16:24:07.0 (38935653)|VARIABLE_SCOPE_BEGIN|[212]|selection|Boolean|false|false
16:24:07.0 (38943831)|VARIABLE_ASSIGNMENT|[212]|selection|false
16:24:07.0 (38949696)|VARIABLE_SCOPE_BEGIN|[212]|tm|Time|false|false
16:24:07.0 (38960004)|VARIABLE_ASSIGNMENT|[212]|tm|63000000
16:24:07.0 (38964600)|STATEMENT_EXECUTE|[208]
16:24:07.0 (38966121)|STATEMENT_EXECUTE|[209]
16:24:07.0 (38967718)|STATEMENT_EXECUTE|[210]
16:24:07.0 (38977730)|STATEMENT_EXECUTE|[212]
16:24:07.0 (38979325)|STATEMENT_EXECUTE|[213]
16:24:07.0 (38990946)|VARIABLE_ASSIGNMENT|[EXTERNAL]|this|{}|0x183f3868
16:24:07.0 (39001084)|VARIABLE_ASSIGNMENT|[EXTERNAL]|value|false
16:24:07.0 (39009285)|HEAP_ALLOCATE|[209]|Bytes:5
16:24:07.0 (39016087)|VARIABLE_ASSIGNMENT|[209]|this.selected|false|0x183f3868
16:24:07.0 (39023815)|STATEMENT_EXECUTE|[214]
16:24:07.0 (39035891)|VARIABLE_ASSIGNMENT|[EXTERNAL]|this|{"selected":false}|0x183f3868
16:24:07.0 (39045446)|VARIABLE_ASSIGNMENT|[EXTERNAL]|value|63000000
16:24:07.0 (39052837)|VARIABLE_ASSIGNMENT|[210]|this.t|63000000|0x183f3868
16:24:07.0 (39070069)|CONSTRUCTOR_EXIT|[114]|01p0H000007gCe8|<init>(Boolean,Time)
16:24:07.0 (39079854)|HEAP_ALLOCATE|[EXTERNAL]|Bytes:4
16:24:07.0 (39091371)|HEAP_ALLOCATE|[107]|Bytes:28
16:24:07.0 (39095841)|HEAP_ALLOCATE|[107]|Bytes:28
16:24:07.0 (39117230)|STATEMENT_EXECUTE|[107]
16:24:07.0 (39119708)|STATEMENT_EXECUTE|[108]
16:24:07.0 (39128388)|USER_DEBUG|[108]|DEBUG|17:30:00.000Z
16:24:07.0 (39135502)|STATEMENT_EXECUTE|[109]
16:24:07.0 (39144515)|HEAP_ALLOCATE|[109]|Bytes:4
16:24:07.0 (39158739)|VARIABLE_ASSIGNMENT|[109]|t|64800000
16:24:07.0 (39163277)|STATEMENT_EXECUTE|[110]
16:24:07.0 (39168888)|HEAP_ALLOCATE|[110]|Bytes:28
16:24:07.0 (39185849)|HEAP_ALLOCATE|[110]|Bytes:28
16:24:07.0 (39198246)|VARIABLE_ASSIGNMENT|[110]|i1|9.0
16:24:07.0 (39202909)|STATEMENT_EXECUTE|[111]
16:24:07.0 (39235913)|VARIABLE_ASSIGNMENT|[EXTERNAL]|this|{"aptdum":"0x5a20e64b","Docdum":"0x386ac51a","Docmap":"0x6ab36fe","Initialselected":2,"Selecteddoc":"a260H000001koYlQAI","SelectedtimeSlot":30,"timelist":"0x4c78d34c","timeset":"0x42b55057","timewraplist":"0x70887e4b","timewraplistInitial":"0x94e184"}|0x72fa1b4a
16:24:07.0 (39252185)|HEAP_ALLOCATE|[EXTERNAL]|Bytes:4
16:24:07.0 (39265137)|STATEMENT_EXECUTE|[113]
16:24:07.0 (39266775)|STATEMENT_EXECUTE|[114]
16:24:07.0 (39294708)|VARIABLE_ASSIGNMENT|[EXTERNAL]|this|{"aptdum":"0x5a20e64b","Docdum":"0x386ac51a","Docmap":"0x6ab36fe","Initialselected":2,"Selecteddoc":"a260H000001koYlQAI","SelectedtimeSlot":30,"timelist":"0x4c78d34c","timeset":"0x42b55057","timewraplist":"0x70887e4b","timewraplistInitial":"0x94e184"}|0x72fa1b4a
16:24:07.0 (39308196)|HEAP_ALLOCATE|[114]|Bytes:12
16:24:07.0 (39320088)|CONSTRUCTOR_ENTRY|[114]|01p0H000007gCe8|<init>(Boolean,Time)
16:24:07.0 (39325305)|VARIABLE_SCOPE_BEGIN|[212]|this|docappcontroller.Wrapertimeslot|true|false
16:24:07.0 (39339839)|VARIABLE_ASSIGNMENT|[212]|this|{}|0x23cefbfc
16:24:07.0 (39348290)|VARIABLE_SCOPE_BEGIN|[212]|selection|Boolean|false|false
16:24:07.0 (39356597)|VARIABLE_ASSIGNMENT|[212]|selection|false
16:24:07.0 (39360743)|VARIABLE_SCOPE_BEGIN|[212]|tm|Time|false|false
16:24:07.0 (39368918)|VARIABLE_ASSIGNMENT|[212]|tm|64800000
16:24:07.0 (39373741)|STATEMENT_EXECUTE|[208]
16:24:07.0 (39375244)|STATEMENT_EXECUTE|[209]
16:24:07.0 (39376898)|STATEMENT_EXECUTE|[210]
16:24:07.0 (39386177)|STATEMENT_EXECUTE|[212]
16:24:07.0 (39387725)|STATEMENT_EXECUTE|[213]
16:24:07.0 (39402066)|VARIABLE_ASSIGNMENT|[EXTERNAL]|this|{}|0x23cefbfc
16:24:07.0 (39411557)|VARIABLE_ASSIGNMENT|[EXTERNAL]|value|false
16:24:07.0 (39416944)|HEAP_ALLOCATE|[209]|Bytes:5
16:24:07.0 (39423439)|VARIABLE_ASSIGNMENT|[209]|this.selected|false|0x23cefbfc
16:24:07.0 (39430811)|STATEMENT_EXECUTE|[214]
16:24:07.0 (39442363)|VARIABLE_ASSIGNMENT|[EXTERNAL]|this|{"selected":false}|0x23cefbfc
16:24:07.0 (39453922)|VARIABLE_ASSIGNMENT|[EXTERNAL]|value|64800000
16:24:07.0 (39462526)|VARIABLE_ASSIGNMENT|[210]|this.t|64800000|0x23cefbfc
16:24:07.0 (39476967)|CONSTRUCTOR_EXIT|[114]|01p0H000007gCe8|<init>(Boolean,Time)
16:24:07.0 (39486468)|HEAP_ALLOCATE|[EXTERNAL]|Bytes:4
16:24:07.0 (39497988)|HEAP_ALLOCATE|[107]|Bytes:28
16:24:07.0 (39502409)|HEAP_ALLOCATE|[107]|Bytes:28
16:24:07.0 (39529283)|STATEMENT_EXECUTE|[107]
16:24:07.0 (39531096)|STATEMENT_EXECUTE|[108]
16:24:07.0 (39539335)|USER_DEBUG|[108]|DEBUG|18:00:00.000Z
16:24:07.0 (39546671)|STATEMENT_EXECUTE|[109]
16:24:07.0 (39555771)|HEAP_ALLOCATE|[109]|Bytes:4
16:24:07.0 (39572342)|VARIABLE_ASSIGNMENT|[109]|t|66600000
16:24:07.0 (39577663)|STATEMENT_EXECUTE|[110]
16:24:07.0 (39582791)|HEAP_ALLOCATE|[110]|Bytes:28
16:24:07.0 (39596718)|HEAP_ALLOCATE|[110]|Bytes:28
16:24:07.0 (39609270)|VARIABLE_ASSIGNMENT|[110]|i1|9.5
16:24:07.0 (39614110)|STATEMENT_EXECUTE|[111]
16:24:07.0 (39647388)|VARIABLE_ASSIGNMENT|[EXTERNAL]|this|{"aptdum":"0x5a20e64b","Docdum":"0x386ac51a","Docmap":"0x6ab36fe","Initialselected":2,"Selecteddoc":"a260H000001koYlQAI","SelectedtimeSlot":30,"timelist":"0x4c78d34c","timeset":"0x42b55057","timewraplist":"0x70887e4b","timewraplistInitial":"0x94e184"}|0x72fa1b4a
16:24:07.0 (39662862)|HEAP_ALLOCATE|[EXTERNAL]|Bytes:4
16:24:07.0 (39676834)|STATEMENT_EXECUTE|[113]
16:24:07.0 (39682377)|STATEMENT_EXECUTE|[114]
16:24:07.0 (39708667)|VARIABLE_ASSIGNMENT|[EXTERNAL]|this|{"aptdum":"0x5a20e64b","Docdum":"0x386ac51a","Docmap":"0x6ab36fe","Initialselected":2,"Selecteddoc":"a260H000001koYlQAI","SelectedtimeSlot":30,"timelist":"0x4c78d34c","timeset":"0x42b55057","timewraplist":"0x70887e4b","timewraplistInitial":"0x94e184"}|0x72fa1b4a
16:24:07.0 (39722016)|HEAP_ALLOCATE|[114]|Bytes:12
16:24:07.0 (39736919)|CONSTRUCTOR_ENTRY|[114]|01p0H000007gCe8|<init>(Boolean,Time)
16:24:07.0 (39743022)|VARIABLE_SCOPE_BEGIN|[212]|this|docappcontroller.Wrapertimeslot|true|false
16:24:07.0 (39756004)|VARIABLE_ASSIGNMENT|[212]|this|{}|0x461c8b18
16:24:07.0 (39763077)|VARIABLE_SCOPE_BEGIN|[212]|selection|Boolean|false|false
16:24:07.0 (39770675)|VARIABLE_ASSIGNMENT|[212]|selection|false
16:24:07.0 (39774655)|VARIABLE_SCOPE_BEGIN|[212]|tm|Time|false|false
16:24:07.0 (39783139)|VARIABLE_ASSIGNMENT|[212]|tm|66600000
16:24:07.0 (39790037)|STATEMENT_EXECUTE|[208]
16:24:07.0 (39792157)|STATEMENT_EXECUTE|[209]
16:24:07.0 (39793796)|STATEMENT_EXECUTE|[210]
16:24:07.0 (39803304)|STATEMENT_EXECUTE|[212]
16:24:07.0 (39805177)|STATEMENT_EXECUTE|[213]
16:24:07.0 (39816948)|VARIABLE_ASSIGNMENT|[EXTERNAL]|this|{}|0x461c8b18
16:24:07.0 (39826476)|VARIABLE_ASSIGNMENT|[EXTERNAL]|value|false
16:24:07.0 (39831799)|HEAP_ALLOCATE|[209]|Bytes:5
16:24:07.0 (39838204)|VARIABLE_ASSIGNMENT|[209]|this.selected|false|0x461c8b18
16:24:07.0 (39849146)|STATEMENT_EXECUTE|[214]
16:24:07.0 (39861348)|VARIABLE_ASSIGNMENT|[EXTERNAL]|this|{"selected":false}|0x461c8b18
16:24:07.0 (39870328)|VARIABLE_ASSIGNMENT|[EXTERNAL]|value|66600000
16:24:07.0 (39877484)|VARIABLE_ASSIGNMENT|[210]|this.t|66600000|0x461c8b18
16:24:07.0 (39891331)|CONSTRUCTOR_EXIT|[114]|01p0H000007gCe8|<init>(Boolean,Time)
16:24:07.0 (39903628)|HEAP_ALLOCATE|[EXTERNAL]|Bytes:4
16:24:07.0 (39915931)|HEAP_ALLOCATE|[107]|Bytes:28
16:24:07.0 (39919593)|HEAP_ALLOCATE|[107]|Bytes:28
16:24:07.0 (39938481)|STATEMENT_EXECUTE|[107]
16:24:07.0 (39940248)|STATEMENT_EXECUTE|[108]
16:24:07.0 (39948243)|USER_DEBUG|[108]|DEBUG|18:30:00.000Z
16:24:07.0 (39958385)|STATEMENT_EXECUTE|[109]
16:24:07.0 (39968194)|HEAP_ALLOCATE|[109]|Bytes:4
16:24:07.0 (39982178)|VARIABLE_ASSIGNMENT|[109]|t|68400000
16:24:07.0 (39987193)|STATEMENT_EXECUTE|[110]
16:24:07.0 (39992253)|HEAP_ALLOCATE|[110]|Bytes:28
16:24:07.0 (40006492)|HEAP_ALLOCATE|[110]|Bytes:28
16:24:07.0 (40024030)|VARIABLE_ASSIGNMENT|[110]|i1|10.0
16:24:07.0 (40028798)|STATEMENT_EXECUTE|[111]
16:24:07.0 (40059274)|VARIABLE_ASSIGNMENT|[EXTERNAL]|this|{"aptdum":"0x5a20e64b","Docdum":"0x386ac51a","Docmap":"0x6ab36fe","Initialselected":2,"Selecteddoc":"a260H000001koYlQAI","SelectedtimeSlot":30,"timelist":"0x4c78d34c","timeset":"0x42b55057","timewraplist":"0x70887e4b","timewraplistInitial":"0x94e184"}|0x72fa1b4a
16:24:07.0 (40078079)|HEAP_ALLOCATE|[EXTERNAL]|Bytes:4
16:24:07.0 (40090874)|STATEMENT_EXECUTE|[113]
16:24:07.0 (40092534)|STATEMENT_EXECUTE|[114]
16:24:07.0 (40117996)|VARIABLE_ASSIGNMENT|[EXTERNAL]|this|{"aptdum":"0x5a20e64b","Docdum":"0x386ac51a","Docmap":"0x6ab36fe","Initialselected":2,"Selecteddoc":"a260H000001koYlQAI","SelectedtimeSlot":30,"timelist":"0x4c78d34c","timeset":"0x42b55057","timewraplist":"0x70887e4b","timewraplistInitial":"0x94e184"}|0x72fa1b4a
16:24:07.0 (40134587)|HEAP_ALLOCATE|[114]|Bytes:12
16:24:07.0 (40146840)|CONSTRUCTOR_ENTRY|[114]|01p0H000007gCe8|<init>(Boolean,Time)
16:24:07.0 (40152864)|VARIABLE_SCOPE_BEGIN|[212]|this|docappcontroller.Wrapertimeslot|true|false
16:24:07.0 (40166142)|VARIABLE_ASSIGNMENT|[212]|this|{}|0x6eeea539
16:24:07.0 (40172952)|VARIABLE_SCOPE_BEGIN|[212]|selection|Boolean|false|false
16:24:07.0 (40183762)|VARIABLE_ASSIGNMENT|[212]|selection|false
16:24:07.0 (40188170)|VARIABLE_SCOPE_BEGIN|[212]|tm|Time|false|false
16:24:07.0 (40196367)|VARIABLE_ASSIGNMENT|[212]|tm|68400000
16:24:07.0 (40201011)|STATEMENT_EXECUTE|[208]
16:24:07.0 (40202525)|STATEMENT_EXECUTE|[209]
16:24:07.0 (40204099)|STATEMENT_EXECUTE|[210]
16:24:07.0 (40213744)|STATEMENT_EXECUTE|[212]
16:24:07.0 (40215329)|STATEMENT_EXECUTE|[213]
16:24:07.0 (40226842)|VARIABLE_ASSIGNMENT|[EXTERNAL]|this|{}|0x6eeea539
16:24:07.0 (40238613)|VARIABLE_ASSIGNMENT|[EXTERNAL]|value|false
16:24:07.0 (40244859)|HEAP_ALLOCATE|[209]|Bytes:5
16:24:07.0 (40250968)|VARIABLE_ASSIGNMENT|[209]|this.selected|false|0x6eeea539
16:24:07.0 (40258805)|STATEMENT_EXECUTE|[214]
16:24:07.0 (40270651)|VARIABLE_ASSIGNMENT|[EXTERNAL]|this|{"selected":false}|0x6eeea539
16:24:07.0 (40280036)|VARIABLE_ASSIGNMENT|[EXTERNAL]|value|68400000
16:24:07.0 (40288219)|VARIABLE_ASSIGNMENT|[210]|this.t|68400000|0x6eeea539
16:24:07.0 (40304853)|CONSTRUCTOR_EXIT|[114]|01p0H000007gCe8|<init>(Boolean,Time)
16:24:07.0 (40314004)|HEAP_ALLOCATE|[EXTERNAL]|Bytes:4
16:24:07.0 (40325289)|HEAP_ALLOCATE|[107]|Bytes:28
16:24:07.0 (40329237)|HEAP_ALLOCATE|[107]|Bytes:28
16:24:07.0 (40356859)|HEAP_ALLOCATE|[123]|Bytes:28
16:24:07.0 (40361615)|HEAP_ALLOCATE|[123]|Bytes:28
16:24:07.0 (40367464)|HEAP_ALLOCATE|[123]|Bytes:28
16:24:07.0 (40394844)|HEAP_ALLOCATE|[123]|Bytes:28
16:24:07.0 (40423728)|STATEMENT_EXECUTE|[123]
16:24:07.0 (40426168)|STATEMENT_EXECUTE|[129]
16:24:07.0 (40466134)|VARIABLE_ASSIGNMENT|[EXTERNAL]|this|{"aptdum":"0x5a20e64b","Docdum":"0x386ac51a","Docmap":"0x6ab36fe","Initialselected":2,"Selecteddoc":"a260H000001koYlQAI","SelectedtimeSlot":30,"timelist":"0x4c78d34c","timeset":"0x42b55057","timewraplist":"0x70887e4b","timewraplistInitial":"0x94e184"}|0x72fa1b4a
16:24:07.0 (40488024)|VARIABLE_ASSIGNMENT|[129]|this.timewraplistInitial|"List of size 21 too large to display"|0x72fa1b4a
16:24:07.0 (40494619)|STATEMENT_EXECUTE|[131]
16:24:07.43 (43995657)|SYSTEM_MODE_ENTER|true
16:24:07.43 (44059680)|HEAP_ALLOCATE|[EXTERNAL]|Bytes:8
16:24:07.43 (44070019)|VARIABLE_SCOPE_BEGIN|[88]|this|ApexPage.PageMessagesComponentController|true|false
16:24:07.43 (44097044)|VARIABLE_ASSIGNMENT|[88]|this|{}|0x52ceb68f
16:24:07.43 (44104798)|VARIABLE_SCOPE_BEGIN|[88]|escape|Boolean|false|false
16:24:07.43 (44112721)|VARIABLE_ASSIGNMENT|[88]|escape|null
16:24:07.44 (44211278)|SYSTEM_MODE_ENTER|true
16:24:07.44 (44246260)|HEAP_ALLOCATE|[EXTERNAL]|Bytes:8
16:24:07.44 (44255353)|VARIABLE_SCOPE_BEGIN|[2]|this|ApexPage.PageMessagesComponentController|true|false
16:24:07.44 (44274594)|VARIABLE_ASSIGNMENT|[2]|this|{}|0x52ceb68f
16:24:07.0 (44636558)|SYSTEM_MODE_ENTER|true
16:24:07.0 (45105054)|SYSTEM_MODE_ENTER|true
16:24:07.0 (45444061)|SYSTEM_MODE_ENTER|true
16:24:07.0 (45508620)|SYSTEM_MODE_ENTER|true
16:24:07.61 (61450714)|SYSTEM_MODE_ENTER|true
16:24:07.61 (61520280)|HEAP_ALLOCATE|[EXTERNAL]|Bytes:8
16:24:07.61 (61531870)|VARIABLE_SCOPE_BEGIN|[88]|this|ApexPage.PageMessagesComponentController|true|false
16:24:07.61 (61559041)|VARIABLE_ASSIGNMENT|[88]|this|{}|0x52ceb68f
16:24:07.61 (61565787)|VARIABLE_SCOPE_BEGIN|[88]|escape|Boolean|false|false
16:24:07.61 (61574530)|VARIABLE_ASSIGNMENT|[88]|escape|null
16:24:07.61 (61698028)|SYSTEM_MODE_ENTER|true
16:24:07.61 (61733605)|HEAP_ALLOCATE|[EXTERNAL]|Bytes:8
16:24:07.61 (61740105)|VARIABLE_SCOPE_BEGIN|[2]|this|ApexPage.PageMessagesComponentController|true|false
16:24:07.61 (61760160)|VARIABLE_ASSIGNMENT|[2]|this|{}|0x52ceb68f
16:24:07.0 (63287597)|SYSTEM_MODE_ENTER|true
16:24:07.0 (63333878)|HEAP_ALLOCATE|[EXTERNAL]|Bytes:48
16:24:07.0 (63342033)|VARIABLE_SCOPE_BEGIN|[164]|this|docappcontroller|true|false
16:24:07.0 (63393595)|VARIABLE_ASSIGNMENT|[164]|this|{"aptdum":"0x5a20e64b","Docdum":"0x386ac51a","Docmap":"0x6ab36fe","Initialselected":2,"Selecteddoc":"a260H000001koYlQAI","SelectedtimeSlot":30,"timelist":"0x4c78d34c","timeset":"0x42b55057","timewraplist":"0x70887e4b","timewraplistInitial":"0x70887e4b"}|0x72fa1b4a
16:24:07.0 (63407948)|STATEMENT_EXECUTE|[164]
16:24:07.0 (63410801)|STATEMENT_EXECUTE|[166]
16:24:07.0 (63425665)|HEAP_ALLOCATE|[166]|Bytes:4
16:24:07.0 (63444071)|VARIABLE_SCOPE_BEGIN|[166]|options|List<System.SelectOption>|true|false
16:24:07.0 (63470501)|HEAP_ALLOCATE|[EXTERNAL]|Bytes:4
16:24:07.0 (63482487)|VARIABLE_ASSIGNMENT|[166]|options|[]|0x13a54dcf
16:24:07.0 (63488533)|STATEMENT_EXECUTE|[167]
16:24:07.0 (63518204)|HEAP_ALLOCATE|[EXTERNAL]|Bytes:4
16:24:07.0 (63563220)|VARIABLE_ASSIGNMENT|[EXTERNAL]|this|{"aptdum":"0x5a20e64b","Docdum":"0x386ac51a","Docmap":"0x6ab36fe","Initialselected":2,"Selecteddoc":"a260H000001koYlQAI","SelectedtimeSlot":30,"timelist":"0x4c78d34c","timeset":"0x42b55057","timewraplist":"0x70887e4b","timewraplistInitial":"0x70887e4b"}|0x72fa1b4a
16:24:07.0 (63580370)|STATEMENT_EXECUTE|[168]
16:24:07.0 (63610776)|VARIABLE_ASSIGNMENT|[EXTERNAL]|this|{"aptdum":"0x5a20e64b","Docdum":"0x386ac51a","Docmap":"0x6ab36fe","Initialselected":2,"Selecteddoc":"a260H000001koYlQAI","SelectedtimeSlot":30,"timelist":"0x4c78d34c","timeset":"0x42b55057","timewraplist":"0x70887e4b","timewraplistInitial":"0x70887e4b"}|0x72fa1b4a
16:24:07.0 (63634410)|HEAP_ALLOCATE|[EXTERNAL]|Bytes:8
16:24:07.0 (63652831)|HEAP_ALLOCATE|[169]|Bytes:116
16:24:07.0 (63676403)|HEAP_ALLOCATE|[169]|Bytes:5
16:24:07.0 (63693154)|HEAP_ALLOCATE|[169]|Bytes:24
16:24:07.0 (63705102)|VARIABLE_SCOPE_BEGIN|[169]|doc|Doctor__c|true|false
16:24:07.0 (63728287)|VARIABLE_ASSIGNMENT|[169]|doc|{"Id":"a260H000001koYlQAI","Name":"doc4","End_Time__c":68400000,"Speciality__c":"Dermatology","Start_Time__c":32400000}|0x20c4713e
16:24:07.0 (63735633)|STATEMENT_EXECUTE|[169]
16:24:07.0 (63737501)|STATEMENT_EXECUTE|[170]
16:24:07.0 (63759904)|HEAP_ALLOCATE|[170]|Bytes:18
16:24:07.0 (63776478)|HEAP_ALLOCATE|[EXTERNAL]|Bytes:4
16:24:07.0 (63789074)|HEAP_ALLOCATE|[169]|Bytes:5
16:24:07.0 (63800335)|VARIABLE_ASSIGNMENT|[169]|doc|null|
16:24:07.0 (63807615)|STATEMENT_EXECUTE|[176]
16:24:07.0 (63990579)|SYSTEM_MODE_ENTER|true
16:24:07.0 (68624578)|SYSTEM_MODE_ENTER|true
16:24:07.0 (68668815)|HEAP_ALLOCATE|[EXTERNAL]|Bytes:48
16:24:07.0 (68676868)|VARIABLE_SCOPE_BEGIN|[181]|this|docappcontroller|true|false
16:24:07.0 (68720092)|VARIABLE_ASSIGNMENT|[181]|this|{"aptdum":"0x5a20e64b","Docdum":"0x386ac51a","Docmap":"0x6ab36fe","Initialselected":2,"Selecteddoc":"a260H000001koYlQAI","SelectedtimeSlot":30,"timelist":"0x4c78d34c","timeset":"0x42b55057","timewraplist":"0x70887e4b","timewraplistInitial":"0x70887e4b"}|0x72fa1b4a
16:24:07.0 (68732793)|STATEMENT_EXECUTE|[181]
16:24:07.0 (68734901)|STATEMENT_EXECUTE|[183]
16:24:07.0 (68744391)|HEAP_ALLOCATE|[183]|Bytes:4
16:24:07.0 (68762218)|VARIABLE_SCOPE_BEGIN|[183]|options|List<System.SelectOption>|true|false
16:24:07.0 (68785505)|HEAP_ALLOCATE|[EXTERNAL]|Bytes:4
16:24:07.0 (68796531)|VARIABLE_ASSIGNMENT|[183]|options|[]|0x6e7f5309
16:24:07.0 (68803092)|STATEMENT_EXECUTE|[184]
16:24:07.0 (68818210)|HEAP_ALLOCATE|[184]|Bytes:4
16:24:07.0 (69032432)|SOQL_EXECUTE_BEGIN|[184]|Aggregations:0|SELECT Interval__c FROM Time_Interval__mdt ORDER BY Interval__c ASC NULLS FIRST
16:24:07.0 (71789252)|SOQL_EXECUTE_END|[184]|Rows:2
16:24:07.0 (71820612)|HEAP_ALLOCATE|[184]|Bytes:12
16:24:07.0 (71837321)|HEAP_ALLOCATE|[184]|Bytes:92
16:24:07.0 (71871066)|HEAP_ALLOCATE|[184]|Bytes:12
16:24:07.0 (71882572)|VARIABLE_SCOPE_BEGIN|[184]|intervals|List<Time_Interval__mdt>|true|false
16:24:07.0 (71906198)|VARIABLE_ASSIGNMENT|[184]|intervals|[{"Interval__c":"30","Id":"m030H000000bmFqQAI"},{"Interval__c":"60","Id":"m030H000000bmFvQAI"}]|0x5c9ae386
16:24:07.0 (71938219)|HEAP_ALLOCATE|[187]|Bytes:5
16:24:07.0 (71952015)|HEAP_ALLOCATE|[187]|Bytes:12
16:24:07.0 (71959128)|VARIABLE_SCOPE_BEGIN|[187]|i|Time_Interval__mdt|true|false
16:24:07.0 (71973213)|VARIABLE_ASSIGNMENT|[187]|i|{"Interval__c":"30","Id":"m030H000000bmFqQAI"}|0x505a02b7
16:24:07.0 (71982009)|STATEMENT_EXECUTE|[187]
16:24:07.0 (71983994)|STATEMENT_EXECUTE|[188]
16:24:07.0 (72008973)|HEAP_ALLOCATE|[EXTERNAL]|Bytes:4
16:24:07.0 (72024769)|HEAP_ALLOCATE|[187]|Bytes:5
16:24:07.0 (72038630)|HEAP_ALLOCATE|[187]|Bytes:12
16:24:07.0 (72044483)|VARIABLE_SCOPE_BEGIN|[187]|i|Time_Interval__mdt|true|false
16:24:07.0 (72056459)|VARIABLE_ASSIGNMENT|[187]|i|{"Interval__c":"60","Id":"m030H000000bmFvQAI"}|0x51083661
16:24:07.0 (72062053)|STATEMENT_EXECUTE|[187]
16:24:07.0 (72063903)|STATEMENT_EXECUTE|[188]
16:24:07.0 (72077135)|HEAP_ALLOCATE|[EXTERNAL]|Bytes:4
16:24:07.0 (72090950)|HEAP_ALLOCATE|[187]|Bytes:5
16:24:07.0 (72102585)|VARIABLE_ASSIGNMENT|[187]|i|null|
16:24:07.0 (72107796)|STATEMENT_EXECUTE|[196]
16:24:07.0 (72610743)|SYSTEM_MODE_ENTER|true
16:24:07.0 (75096983)|VF_SERIALIZE_VIEWSTATE_BEGIN|0660H000004OdRk
16:24:07.0 (92716916)|VF_SERIALIZE_VIEWSTATE_END
16:24:07.0 (113923064)|CODE_UNIT_STARTED|[EXTERNAL]|Generate Metadata
16:24:07.0 (117023561)|CODE_UNIT_FINISHED|Generate Metadata
16:24:07.119 (119897046)|CUMULATIVE_LIMIT_USAGE
16:24:07.119 (119897046)|LIMIT_USAGE_FOR_NS|(default)|
  Number of SOQL queries: 1 out of 100
  Number of query rows: 5 out of 50000
  Number of SOSL queries: 0 out of 20
  Number of DML statements: 0 out of 150
  Number of DML rows: 0 out of 10000
  Maximum CPU time: 0 out of 10000
  Maximum heap size: 0 out of 6000000
  Number of callouts: 0 out of 100
  Number of Email Invocations: 0 out of 10
  Number of future calls: 0 out of 50
  Number of queueable jobs added to the queue: 0 out of 50
  Number of Mobile Apex push calls: 0 out of 10

16:24:07.119 (119897046)|CUMULATIVE_LIMIT_USAGE_END

16:24:07.0 (119944856)|CODE_UNIT_FINISHED|VF: /apex/docapp
16:24:07.0 (120782537)|EXECUTION_FINISHED
