42.0 APEX_CODE,FINEST;APEX_PROFILING,INFO;CALLOUT,INFO;DB,INFO;SYSTEM,DEBUG;VALIDATION,INFO;VISUALFORCE,INFO;WAVE,INFO;WORKFLOW,INFO
15:08:34.0 (60664)|USER_INFO|[EXTERNAL]|005i0000002qYvT|anton@igate.com|India Standard Time|GMT+05:30
15:08:34.0 (99151)|EXECUTION_STARTED
15:08:34.0 (103575)|CODE_UNIT_STARTED|[EXTERNAL]|0660H000004OdRk|VF: /apex/docapp
15:08:34.0 (25448574)|SYSTEM_MODE_ENTER|true
15:08:34.0 (25876289)|HEAP_ALLOCATE|[72]|Bytes:3
15:08:34.0 (25920306)|HEAP_ALLOCATE|[77]|Bytes:152
15:08:34.0 (25933001)|HEAP_ALLOCATE|[342]|Bytes:408
15:08:34.0 (25944091)|HEAP_ALLOCATE|[355]|Bytes:408
15:08:34.0 (25953998)|HEAP_ALLOCATE|[467]|Bytes:48
15:08:34.0 (25977936)|HEAP_ALLOCATE|[139]|Bytes:6
15:08:34.0 (25992996)|HEAP_ALLOCATE|[EXTERNAL]|Bytes:14
15:08:34.0 (25998641)|HEAP_ALLOCATE|[EXTERNAL]|Bytes:248
15:08:34.0 (26002887)|HEAP_ALLOCATE|[EXTERNAL]|Bytes:53
15:08:34.0 (26007484)|HEAP_ALLOCATE|[EXTERNAL]|Bytes:20
15:08:34.0 (26023123)|METHOD_ENTRY|[1]|01p0H000007gCe8|docappcontroller.docappcontroller()
15:08:34.0 (26030012)|STATEMENT_EXECUTE|[1]
15:08:34.0 (26034107)|STATEMENT_EXECUTE|[1]
15:08:34.0 (26035608)|STATEMENT_EXECUTE|[201]
15:08:34.0 (26041117)|METHOD_EXIT|[1]|docappcontroller
15:08:34.0 (26289595)|HEAP_ALLOCATE|[EXTERNAL]|Bytes:48
15:08:34.0 (26324345)|VARIABLE_SCOPE_BEGIN|[141]|this|docappcontroller|true|false
15:08:34.0 (26399533)|VARIABLE_ASSIGNMENT|[141]|this|{}|0xf6504d1
15:08:34.0 (26409662)|STATEMENT_EXECUTE|[1]
15:08:34.0 (26411599)|STATEMENT_EXECUTE|[3]
15:08:34.0 (26413758)|STATEMENT_EXECUTE|[4]
15:08:34.0 (26415430)|STATEMENT_EXECUTE|[5]
15:08:34.0 (26467838)|HEAP_ALLOCATE|[5]|Bytes:4
15:08:34.0 (26580457)|HEAP_ALLOCATE|[EXTERNAL]|Bytes:4
15:08:34.0 (26595127)|VARIABLE_ASSIGNMENT|[5]|this.timewraplistInitial|[]|0xf6504d1
15:08:34.0 (26600964)|STATEMENT_EXECUTE|[6]
15:08:34.0 (26606809)|HEAP_ALLOCATE|[6]|Bytes:4
15:08:34.0 (26617798)|VARIABLE_ASSIGNMENT|[6]|this.Initialselected|0|0xf6504d1
15:08:34.0 (26622952)|STATEMENT_EXECUTE|[7]
15:08:34.0 (26624497)|STATEMENT_EXECUTE|[134]
15:08:34.0 (26626234)|STATEMENT_EXECUTE|[135]
15:08:34.0 (26627744)|STATEMENT_EXECUTE|[136]
15:08:34.0 (26629234)|STATEMENT_EXECUTE|[137]
15:08:34.0 (26630683)|STATEMENT_EXECUTE|[138]
15:08:34.0 (26632125)|STATEMENT_EXECUTE|[139]
15:08:34.0 (26639129)|HEAP_ALLOCATE|[6]|Bytes:6
15:08:34.0 (26702831)|STATEMENT_EXECUTE|[141]
15:08:34.0 (26705201)|STATEMENT_EXECUTE|[142]
15:08:34.0 (26730923)|HEAP_ALLOCATE|[142]|Bytes:4
15:08:34.0 (26871768)|VARIABLE_ASSIGNMENT|[EXTERNAL]|this|{"Initialselected":0,"timewraplistInitial":"0x5893865c"}|0xf6504d1
15:08:34.0 (26887248)|VARIABLE_ASSIGNMENT|[EXTERNAL]|value|{}|0x53acb2c1
15:08:34.0 (26899009)|VARIABLE_ASSIGNMENT|[134]|this.Docdum|{}|0xf6504d1
15:08:34.0 (26908890)|STATEMENT_EXECUTE|[143]
15:08:34.0 (26924998)|HEAP_ALLOCATE|[143]|Bytes:4
15:08:34.0 (27016199)|VARIABLE_ASSIGNMENT|[EXTERNAL]|this|{"Docdum":"0x53acb2c1","Initialselected":0,"timewraplistInitial":"0x5893865c"}|0xf6504d1
15:08:34.0 (27029537)|VARIABLE_ASSIGNMENT|[EXTERNAL]|value|{}|0x65cab313
15:08:34.0 (27039732)|VARIABLE_ASSIGNMENT|[135]|this.aptdum|{}|0xf6504d1
15:08:34.28 (28316196)|SYSTEM_MODE_ENTER|true
15:08:34.28 (28345853)|HEAP_ALLOCATE|[EXTERNAL]|Bytes:38
15:08:34.28 (28353197)|HEAP_ALLOCATE|[EXTERNAL]|Bytes:7
15:08:34.28 (28361743)|SYSTEM_METHOD_ENTRY|[1]|PageMessagesComponentController.PageMessagesComponentController()
15:08:34.28 (28366470)|STATEMENT_EXECUTE|[1]
15:08:34.28 (28499477)|SYSTEM_MODE_ENTER|true
15:08:34.28 (28563017)|HEAP_ALLOCATE|[EXTERNAL]|Bytes:8
15:08:34.28 (28571565)|VARIABLE_SCOPE_BEGIN|[88]|this|ApexPage.PageMessagesComponentController|true|false
15:08:34.28 (28594966)|VARIABLE_ASSIGNMENT|[88]|this|{}|0x7b9010d1
15:08:34.28 (28601790)|VARIABLE_SCOPE_BEGIN|[88]|escape|Boolean|false|false
15:08:34.28 (28609533)|VARIABLE_ASSIGNMENT|[88]|escape|null
15:08:34.28 (28763059)|SYSTEM_MODE_ENTER|true
15:08:34.28 (28795725)|HEAP_ALLOCATE|[EXTERNAL]|Bytes:8
15:08:34.28 (28802197)|VARIABLE_SCOPE_BEGIN|[2]|this|ApexPage.PageMessagesComponentController|true|false
15:08:34.28 (28821132)|VARIABLE_ASSIGNMENT|[2]|this|{}|0x7b9010d1
15:08:34.0 (29570746)|SYSTEM_MODE_ENTER|true
15:08:34.0 (30663242)|SYSTEM_MODE_ENTER|true
15:08:34.0 (31216298)|SYSTEM_MODE_ENTER|true
15:08:34.47 (47515952)|SYSTEM_MODE_ENTER|true
15:08:34.47 (47602401)|HEAP_ALLOCATE|[EXTERNAL]|Bytes:8
15:08:34.47 (47615250)|VARIABLE_SCOPE_BEGIN|[88]|this|ApexPage.PageMessagesComponentController|true|false
15:08:34.47 (47649817)|VARIABLE_ASSIGNMENT|[88]|this|{}|0x7b9010d1
15:08:34.47 (47657185)|VARIABLE_SCOPE_BEGIN|[88]|escape|Boolean|false|false
15:08:34.47 (47665594)|VARIABLE_ASSIGNMENT|[88]|escape|null
15:08:34.47 (47794676)|SYSTEM_MODE_ENTER|true
15:08:34.47 (47827758)|HEAP_ALLOCATE|[EXTERNAL]|Bytes:8
15:08:34.47 (47835033)|VARIABLE_SCOPE_BEGIN|[2]|this|ApexPage.PageMessagesComponentController|true|false
15:08:34.47 (47853786)|VARIABLE_ASSIGNMENT|[2]|this|{}|0x7b9010d1
15:08:34.0 (49330524)|SYSTEM_MODE_ENTER|true
15:08:34.0 (49374935)|HEAP_ALLOCATE|[EXTERNAL]|Bytes:48
15:08:34.0 (49471558)|VARIABLE_SCOPE_BEGIN|[160]|this|docappcontroller|true|false
15:08:34.0 (49517342)|VARIABLE_ASSIGNMENT|[160]|this|{"aptdum":"0x65cab313","Docdum":"0x53acb2c1","Initialselected":0,"timewraplistInitial":"0x5893865c"}|0xf6504d1
15:08:34.0 (49529360)|STATEMENT_EXECUTE|[160]
15:08:34.0 (49531541)|STATEMENT_EXECUTE|[162]
15:08:34.0 (49554374)|HEAP_ALLOCATE|[162]|Bytes:4
15:08:34.0 (49590758)|VARIABLE_SCOPE_BEGIN|[162]|options|List<System.SelectOption>|true|false
15:08:34.0 (49612841)|HEAP_ALLOCATE|[EXTERNAL]|Bytes:4
15:08:34.0 (49623255)|VARIABLE_ASSIGNMENT|[162]|options|[]|0x462e7194
15:08:34.0 (49629351)|STATEMENT_EXECUTE|[163]
15:08:34.0 (49638075)|HEAP_ALLOCATE|[163]|Bytes:8
15:08:34.0 (49693770)|HEAP_ALLOCATE|[EXTERNAL]|Bytes:4
15:08:34.0 (49752291)|VARIABLE_ASSIGNMENT|[EXTERNAL]|this|{"aptdum":"0x65cab313","Docdum":"0x53acb2c1","Initialselected":0,"timewraplistInitial":"0x5893865c"}|0xf6504d1
15:08:34.0 (49766457)|STATEMENT_EXECUTE|[168]
15:08:34.0 (49768182)|STATEMENT_EXECUTE|[169]
15:08:34.0 (49771116)|HEAP_ALLOCATE|[169]|Bytes:23
15:08:34.0 (49797089)|METHOD_ENTRY|[169]|01p0H000007gCe8|docappcontroller.ShowError(String)
15:08:34.0 (49832064)|VARIABLE_SCOPE_BEGIN|[195]|this|docappcontroller|true|false
15:08:34.0 (49859412)|VARIABLE_ASSIGNMENT|[195]|this|{"aptdum":"0x65cab313","Docdum":"0x53acb2c1","Initialselected":0,"timewraplistInitial":"0x5893865c"}|0xf6504d1
15:08:34.0 (49866969)|VARIABLE_SCOPE_BEGIN|[195]|ErrorMsg|String|false|false
15:08:34.0 (49877770)|VARIABLE_ASSIGNMENT|[195]|ErrorMsg|"No Continents Data y (3 more) ..."
15:08:34.0 (49883658)|STATEMENT_EXECUTE|[195]
15:08:34.0 (49885246)|STATEMENT_EXECUTE|[197]
15:08:34.0 (49916221)|VARIABLE_SCOPE_BEGIN|[197]|m|ApexPages.Message|true|false
15:08:34.0 (50103677)|VARIABLE_ASSIGNMENT|[197]|m|"core.apexpages.framework.ApexPagesMessage@529517b"|0x415027e8
15:08:34.0 (50112626)|STATEMENT_EXECUTE|[198]
15:08:34.0 (50258072)|VF_PAGE_MESSAGE|No Continents Data yet.
15:08:34.0 (50269727)|METHOD_EXIT|[169]|01p0H000007gCe8|docappcontroller.ShowError(String)
15:08:34.0 (50275237)|STATEMENT_EXECUTE|[172]
15:08:34.0 (50454031)|SYSTEM_MODE_ENTER|true
15:08:34.0 (51326163)|SYSTEM_MODE_ENTER|true
15:08:34.0 (51368403)|HEAP_ALLOCATE|[EXTERNAL]|Bytes:48
15:08:34.0 (51400416)|VARIABLE_SCOPE_BEGIN|[177]|this|docappcontroller|true|false
15:08:34.0 (51436511)|VARIABLE_ASSIGNMENT|[177]|this|{"aptdum":"0x65cab313","Docdum":"0x53acb2c1","Initialselected":0,"timewraplistInitial":"0x5893865c"}|0xf6504d1
15:08:34.0 (51446424)|STATEMENT_EXECUTE|[177]
15:08:34.0 (51448362)|STATEMENT_EXECUTE|[179]
15:08:34.0 (51457856)|HEAP_ALLOCATE|[179]|Bytes:4
15:08:34.0 (51480081)|VARIABLE_SCOPE_BEGIN|[179]|options|List<System.SelectOption>|true|false
15:08:34.0 (51501468)|HEAP_ALLOCATE|[EXTERNAL]|Bytes:4
15:08:34.0 (51509988)|VARIABLE_ASSIGNMENT|[179]|options|[]|0x5c125a5f
15:08:34.0 (51516111)|STATEMENT_EXECUTE|[180]
15:08:34.0 (51559933)|HEAP_ALLOCATE|[EXTERNAL]|Bytes:4
15:08:34.0 (51568983)|STATEMENT_EXECUTE|[183]
15:08:34.0 (51573559)|HEAP_ALLOCATE|[183]|Bytes:2
15:08:34.0 (51596777)|HEAP_ALLOCATE|[EXTERNAL]|Bytes:4
15:08:34.0 (51603596)|STATEMENT_EXECUTE|[184]
15:08:34.0 (51606776)|HEAP_ALLOCATE|[184]|Bytes:2
15:08:34.0 (51626284)|HEAP_ALLOCATE|[EXTERNAL]|Bytes:4
15:08:34.0 (51632545)|STATEMENT_EXECUTE|[189]
15:08:34.0 (51781721)|SYSTEM_MODE_ENTER|true
15:08:34.0 (53956061)|VF_SERIALIZE_VIEWSTATE_BEGIN|0660H000004OdRk
15:08:34.0 (69499321)|VF_SERIALIZE_VIEWSTATE_END
15:08:34.0 (72197357)|CODE_UNIT_STARTED|[EXTERNAL]|Generate Metadata
15:08:34.0 (72593752)|CODE_UNIT_FINISHED|Generate Metadata
15:08:34.74 (74467296)|CUMULATIVE_LIMIT_USAGE
15:08:34.74 (74467296)|LIMIT_USAGE_FOR_NS|(default)|
  Number of SOQL queries: 0 out of 100
  Number of query rows: 0 out of 50000
  Number of SOSL queries: 0 out of 20
  Number of DML statements: 0 out of 150
  Number of DML rows: 0 out of 10000
  Maximum CPU time: 0 out of 10000
  Maximum heap size: 0 out of 6000000
  Number of callouts: 0 out of 100
  Number of Email Invocations: 0 out of 10
  Number of future calls: 0 out of 50
  Number of queueable jobs added to the queue: 0 out of 50
  Number of Mobile Apex push calls: 0 out of 10

15:08:34.74 (74467296)|CUMULATIVE_LIMIT_USAGE_END

15:08:34.0 (74504453)|CODE_UNIT_FINISHED|VF: /apex/docapp
15:08:34.0 (75256843)|EXECUTION_FINISHED
