42.0 APEX_CODE,FINEST;APEX_PROFILING,INFO;CALLOUT,INFO;DB,INFO;SYSTEM,DEBUG;VALIDATION,INFO;VISUALFORCE,INFO;WAVE,INFO;WORKFLOW,INFO
16:00:27.0 (293096)|USER_INFO|[EXTERNAL]|005i0000002qYvT|anton@igate.com|India Standard Time|GMT+05:30
16:00:27.0 (327073)|EXECUTION_STARTED
16:00:27.0 (331698)|CODE_UNIT_STARTED|[EXTERNAL]|0660H000004OdRk|VF: /apex/docapp
16:00:27.0 (1747012)|VF_DESERIALIZE_VIEWSTATE_BEGIN|0660H000004OdRk
16:00:27.0 (7192612)|HEAP_ALLOCATE|[72]|Bytes:3
16:00:27.0 (7259758)|HEAP_ALLOCATE|[77]|Bytes:152
16:00:27.0 (7272310)|HEAP_ALLOCATE|[342]|Bytes:408
16:00:27.0 (7284980)|HEAP_ALLOCATE|[355]|Bytes:408
16:00:27.0 (7296938)|HEAP_ALLOCATE|[467]|Bytes:48
16:00:27.0 (7347763)|HEAP_ALLOCATE|[139]|Bytes:6
16:00:27.0 (10478317)|VF_DESERIALIZE_VIEWSTATE_END
16:00:27.11 (11092439)|SYSTEM_MODE_ENTER|true
16:00:27.11 (11258658)|HEAP_ALLOCATE|[EXTERNAL]|Bytes:38
16:00:27.11 (11284868)|HEAP_ALLOCATE|[EXTERNAL]|Bytes:7
16:00:27.11 (11309784)|SYSTEM_METHOD_ENTRY|[1]|PageMessagesComponentController.PageMessagesComponentController()
16:00:27.11 (11316036)|STATEMENT_EXECUTE|[1]
16:00:27.12 (12155158)|SYSTEM_MODE_ENTER|true
16:00:27.12 (12207904)|HEAP_ALLOCATE|[EXTERNAL]|Bytes:8
16:00:27.12 (12215779)|VARIABLE_SCOPE_BEGIN|[88]|this|ApexPage.PageMessagesComponentController|true|false
16:00:27.12 (12317432)|VARIABLE_ASSIGNMENT|[88]|this|{}|0x552532a4
16:00:27.12 (12324193)|VARIABLE_SCOPE_BEGIN|[88]|escape|Boolean|false|false
16:00:27.12 (12333681)|VARIABLE_ASSIGNMENT|[88]|escape|null
16:00:27.0 (12507318)|SYSTEM_MODE_ENTER|true
16:00:27.0 (12531185)|HEAP_ALLOCATE|[EXTERNAL]|Bytes:14
16:00:27.0 (12538443)|HEAP_ALLOCATE|[EXTERNAL]|Bytes:248
16:00:27.0 (12542399)|HEAP_ALLOCATE|[EXTERNAL]|Bytes:53
16:00:27.0 (12545994)|HEAP_ALLOCATE|[EXTERNAL]|Bytes:20
16:00:27.0 (12554438)|METHOD_ENTRY|[1]|01p0H000007gCe8|docappcontroller.docappcontroller()
16:00:27.0 (12559842)|STATEMENT_EXECUTE|[1]
16:00:27.0 (12563982)|STATEMENT_EXECUTE|[1]
16:00:27.0 (12565716)|STATEMENT_EXECUTE|[205]
16:00:27.0 (12570662)|METHOD_EXIT|[1]|docappcontroller
16:00:27.0 (17356637)|SYSTEM_MODE_ENTER|true
16:00:27.0 (19627092)|SYSTEM_MODE_ENTER|true
16:00:27.0 (20674513)|SYSTEM_MODE_ENTER|true
16:00:27.0 (20874778)|HEAP_ALLOCATE|[EXTERNAL]|Bytes:48
16:00:27.0 (20887613)|VARIABLE_SCOPE_BEGIN|[164]|this|docappcontroller|true|false
16:00:27.0 (20959304)|VARIABLE_ASSIGNMENT|[164]|this|{"aptdum":"0x33d6800e","Docdum":"0x6dd8a1ea","Docmap":"0xb667f46","Initialselected":0,"timewraplistInitial":"0x11deeb32"}|0x6662534b
16:00:27.0 (20971814)|STATEMENT_EXECUTE|[164]
16:00:27.0 (20974375)|STATEMENT_EXECUTE|[166]
16:00:27.0 (20986272)|HEAP_ALLOCATE|[166]|Bytes:4
16:00:27.0 (21033966)|VARIABLE_SCOPE_BEGIN|[166]|options|List<System.SelectOption>|true|false
16:00:27.0 (21057889)|HEAP_ALLOCATE|[EXTERNAL]|Bytes:4
16:00:27.0 (21069566)|VARIABLE_ASSIGNMENT|[166]|options|[]|0x168fcff7
16:00:27.0 (21075152)|STATEMENT_EXECUTE|[167]
16:00:27.0 (21082516)|HEAP_ALLOCATE|[167]|Bytes:8
16:00:27.0 (21136525)|HEAP_ALLOCATE|[EXTERNAL]|Bytes:4
16:00:27.0 (21188736)|VARIABLE_ASSIGNMENT|[EXTERNAL]|this|{"aptdum":"0x33d6800e","Docdum":"0x6dd8a1ea","Docmap":"0xb667f46","Initialselected":0,"timewraplistInitial":"0x11deeb32"}|0x6662534b
16:00:27.0 (21203588)|STATEMENT_EXECUTE|[168]
16:00:27.0 (21232837)|VARIABLE_ASSIGNMENT|[EXTERNAL]|this|{"aptdum":"0x33d6800e","Docdum":"0x6dd8a1ea","Docmap":"0xb667f46","Initialselected":0,"timewraplistInitial":"0x11deeb32"}|0x6662534b
16:00:27.0 (21267475)|HEAP_ALLOCATE|[EXTERNAL]|Bytes:12
16:00:27.0 (21281921)|HEAP_ALLOCATE|[169]|Bytes:237
16:00:27.0 (21413648)|HEAP_ALLOCATE|[169]|Bytes:5
16:00:27.0 (21456324)|HEAP_ALLOCATE|[169]|Bytes:24
16:00:27.0 (21465013)|VARIABLE_SCOPE_BEGIN|[169]|doc|Doctor__c|true|false
16:00:27.0 (21558148)|VARIABLE_ASSIGNMENT|[169]|doc|{"Id":"a260H000001koYjQAI","Name":"doc 2","End_Time__c":68400000,"Speciality__c":"General Surgery","Start_Time__c":43200000}|0x313df3c4
16:00:27.0 (21566840)|STATEMENT_EXECUTE|[169]
16:00:27.0 (21568573)|STATEMENT_EXECUTE|[170]
16:00:27.0 (21606675)|HEAP_ALLOCATE|[170]|Bytes:18
16:00:27.0 (21659028)|HEAP_ALLOCATE|[EXTERNAL]|Bytes:4
16:00:27.0 (21674173)|HEAP_ALLOCATE|[169]|Bytes:5
16:00:27.0 (21693230)|HEAP_ALLOCATE|[169]|Bytes:24
16:00:27.0 (21700515)|VARIABLE_SCOPE_BEGIN|[169]|doc|Doctor__c|true|false
16:00:27.0 (21717807)|VARIABLE_ASSIGNMENT|[169]|doc|{"Id":"a260H000001koYeQAI","Name":"Doc1","End_Time__c":64800000,"Speciality__c":"General Surgery","Start_Time__c":32400000}|0x163121f6
16:00:27.0 (21724212)|STATEMENT_EXECUTE|[169]
16:00:27.0 (21725893)|STATEMENT_EXECUTE|[170]
16:00:27.0 (21733927)|HEAP_ALLOCATE|[170]|Bytes:18
16:00:27.0 (21746576)|HEAP_ALLOCATE|[EXTERNAL]|Bytes:4
16:00:27.0 (21757575)|HEAP_ALLOCATE|[169]|Bytes:5
16:00:27.0 (21766993)|VARIABLE_ASSIGNMENT|[169]|doc|null|
16:00:27.0 (21771700)|STATEMENT_EXECUTE|[176]
16:00:27.0 (21852590)|SYSTEM_MODE_ENTER|true
16:00:27.0 (22176000)|SYSTEM_MODE_ENTER|true
16:00:27.0 (22216126)|HEAP_ALLOCATE|[EXTERNAL]|Bytes:48
16:00:27.0 (22224546)|VARIABLE_SCOPE_BEGIN|[181]|this|docappcontroller|true|false
16:00:27.0 (22259536)|VARIABLE_ASSIGNMENT|[181]|this|{"aptdum":"0x33d6800e","Docdum":"0x6dd8a1ea","Docmap":"0xb667f46","Initialselected":0,"timewraplistInitial":"0x11deeb32"}|0x6662534b
16:00:27.0 (22270366)|STATEMENT_EXECUTE|[181]
16:00:27.0 (22272232)|STATEMENT_EXECUTE|[183]
16:00:27.0 (22281263)|HEAP_ALLOCATE|[183]|Bytes:4
16:00:27.0 (22302716)|VARIABLE_SCOPE_BEGIN|[183]|options|List<System.SelectOption>|true|false
16:00:27.0 (22323414)|HEAP_ALLOCATE|[EXTERNAL]|Bytes:4
16:00:27.0 (22331295)|VARIABLE_ASSIGNMENT|[183]|options|[]|0x3a594787
16:00:27.0 (22336774)|STATEMENT_EXECUTE|[184]
16:00:27.0 (22374971)|HEAP_ALLOCATE|[EXTERNAL]|Bytes:4
16:00:27.0 (22382719)|STATEMENT_EXECUTE|[187]
16:00:27.0 (22387114)|HEAP_ALLOCATE|[187]|Bytes:2
16:00:27.0 (22410027)|HEAP_ALLOCATE|[EXTERNAL]|Bytes:4
16:00:27.0 (22416377)|STATEMENT_EXECUTE|[188]
16:00:27.0 (22419754)|HEAP_ALLOCATE|[188]|Bytes:2
16:00:27.0 (22438534)|HEAP_ALLOCATE|[EXTERNAL]|Bytes:4
16:00:27.0 (22444464)|STATEMENT_EXECUTE|[193]
16:00:27.0 (22512887)|SYSTEM_MODE_ENTER|true
16:00:27.23 (23126286)|SYSTEM_MODE_ENTER|true
16:00:27.23 (23179533)|HEAP_ALLOCATE|[EXTERNAL]|Bytes:8
16:00:27.23 (23188063)|VARIABLE_SCOPE_BEGIN|[88]|this|ApexPage.PageMessagesComponentController|true|false
16:00:27.23 (23211282)|VARIABLE_ASSIGNMENT|[88]|this|{}|0x552532a4
16:00:27.23 (23217622)|VARIABLE_SCOPE_BEGIN|[88]|escape|Boolean|false|false
16:00:27.23 (23224943)|VARIABLE_ASSIGNMENT|[88]|escape|null
16:00:27.0 (23395788)|SYSTEM_MODE_ENTER|true
16:00:27.0 (23420938)|HEAP_ALLOCATE|[EXTERNAL]|Bytes:18
16:00:27.0 (23426191)|HEAP_ALLOCATE|[EXTERNAL]|Bytes:48
16:00:27.0 (23449966)|VARIABLE_ASSIGNMENT|[EXTERNAL]|this.Selecteddoc|"a260H000001koYjQAI"|0x6662534b
16:00:27.0 (23494503)|SYSTEM_MODE_ENTER|true
16:00:27.0 (23650812)|SYSTEM_MODE_ENTER|true
16:00:27.0 (23690731)|SYSTEM_MODE_ENTER|true
16:00:27.0 (23705901)|HEAP_ALLOCATE|[EXTERNAL]|Bytes:8
16:00:27.0 (23710502)|HEAP_ALLOCATE|[EXTERNAL]|Bytes:48
16:00:27.0 (23719414)|VARIABLE_ASSIGNMENT|[EXTERNAL]|this.SelectedtimeSlot|30|0x6662534b
16:00:27.0 (23754114)|SYSTEM_MODE_ENTER|true
16:00:27.0 (23957873)|HEAP_ALLOCATE|[EXTERNAL]|Bytes:48
16:00:27.0 (23967356)|VARIABLE_SCOPE_BEGIN|[62]|this|docappcontroller|true|false
16:00:27.0 (24004763)|VARIABLE_ASSIGNMENT|[62]|this|{"aptdum":"0x33d6800e","Docdum":"0x6dd8a1ea","Docmap":"0xb667f46","Initialselected":0,"Selecteddoc":"a260H000001koYjQAI","SelectedtimeSlot":30,"timewraplistInitial":"0x11deeb32"}|0x6662534b
16:00:27.0 (24016622)|STATEMENT_EXECUTE|[62]
16:00:27.0 (24018657)|STATEMENT_EXECUTE|[64]
16:00:27.0 (24061926)|VARIABLE_ASSIGNMENT|[EXTERNAL]|this|{"aptdum":"0x33d6800e","Docdum":"0x6dd8a1ea","Docmap":"0xb667f46","Initialselected":0,"Selecteddoc":"a260H000001koYjQAI","SelectedtimeSlot":30,"timewraplistInitial":"0x11deeb32"}|0x6662534b
16:00:27.0 (24093283)|USER_DEBUG|[64]|DEBUG|a260H000001koYjQAI
16:00:27.0 (24133465)|VARIABLE_ASSIGNMENT|[EXTERNAL]|this|{"aptdum":"0x33d6800e","Docdum":"0x6dd8a1ea","Docmap":"0xb667f46","Initialselected":0,"Selecteddoc":"a260H000001koYjQAI","SelectedtimeSlot":30,"timewraplistInitial":"0x11deeb32"}|0x6662534b
16:00:27.0 (24165533)|VARIABLE_ASSIGNMENT|[EXTERNAL]|this|{"aptdum":"0x33d6800e","Docdum":"0x6dd8a1ea","Docmap":"0xb667f46","Initialselected":0,"Selecteddoc":"a260H000001koYjQAI","SelectedtimeSlot":30,"timewraplistInitial":"0x11deeb32"}|0x6662534b
16:00:27.0 (24193099)|STATEMENT_EXECUTE|[67]
16:00:27.0 (24195164)|STATEMENT_EXECUTE|[68]
16:00:27.0 (24226093)|VARIABLE_ASSIGNMENT|[EXTERNAL]|this|{"aptdum":"0x33d6800e","Docdum":"0x6dd8a1ea","Docmap":"0xb667f46","Initialselected":0,"Selecteddoc":"a260H000001koYjQAI","SelectedtimeSlot":30,"timewraplistInitial":"0x11deeb32"}|0x6662534b
16:00:27.0 (24257107)|VARIABLE_ASSIGNMENT|[EXTERNAL]|this|{"aptdum":"0x33d6800e","Docdum":"0x6dd8a1ea","Docmap":"0xb667f46","Initialselected":0,"Selecteddoc":"a260H000001koYjQAI","SelectedtimeSlot":30,"timewraplistInitial":"0x11deeb32"}|0x6662534b
16:00:27.0 (24281408)|VARIABLE_SCOPE_BEGIN|[68]|d|Doctor__c|true|false
16:00:27.0 (24299842)|VARIABLE_ASSIGNMENT|[68]|d|{"Id":"a260H000001koYjQAI","Name":"doc 2","End_Time__c":68400000,"Speciality__c":"General Surgery","Start_Time__c":43200000}|0x313df3c4
16:00:27.0 (24305838)|STATEMENT_EXECUTE|[69]
16:00:27.0 (24338648)|HEAP_ALLOCATE|[69]|Bytes:4
16:00:27.0 (24379015)|HEAP_ALLOCATE|[69]|Bytes:150
16:00:27.0 (24391921)|HEAP_ALLOCATE|[69]|Bytes:4
16:00:27.0 (24400414)|HEAP_ALLOCATE|[69]|Bytes:7
16:00:27.0 (24432322)|VARIABLE_ASSIGNMENT|[EXTERNAL]|this|{"aptdum":"0x33d6800e","Docdum":"0x6dd8a1ea","Docmap":"0xb667f46","Initialselected":0,"Selecteddoc":"a260H000001koYjQAI","SelectedtimeSlot":30,"timewraplistInitial":"0x11deeb32"}|0x6662534b
16:00:27.0 (24448371)|HEAP_ALLOCATE|[69]|Bytes:7
16:00:27.0 (24478268)|VARIABLE_ASSIGNMENT|[EXTERNAL]|this|{"aptdum":"0x33d6800e","Docdum":"0x6dd8a1ea","Docmap":"0xb667f46","Initialselected":0,"Selecteddoc":"a260H000001koYjQAI","SelectedtimeSlot":30,"timewraplistInitial":"0x11deeb32"}|0x6662534b
16:00:27.0 (24808391)|SOQL_EXECUTE_BEGIN|[69]|Aggregations:0|SELECT Id, Name, Doctor__c, Patient__c, End_Time__c, Start_Time__c FROM Appointment__c WHERE (Doctor__c = :tmpVar1 AND Appointment_Date__c = :tmpVar2)
16:00:27.0 (37622593)|SOQL_EXECUTE_END|[69]|Rows:3
16:00:27.0 (37652021)|HEAP_ALLOCATE|[69]|Bytes:16
16:00:27.0 (37672666)|HEAP_ALLOCATE|[69]|Bytes:441
16:00:27.0 (37704318)|HEAP_ALLOCATE|[69]|Bytes:16
16:00:27.0 (37736742)|HEAP_ALLOCATE|[69]|Bytes:28
16:00:27.0 (37741964)|HEAP_ALLOCATE|[69]|Bytes:28
16:00:27.0 (37745477)|HEAP_ALLOCATE|[69]|Bytes:28
16:00:27.0 (37748641)|HEAP_ALLOCATE|[69]|Bytes:28
16:00:27.0 (37751244)|HEAP_ALLOCATE|[69]|Bytes:12
16:00:27.0 (37761761)|VARIABLE_SCOPE_BEGIN|[69]|aptlist|List<Appointment__c>|true|false
16:00:27.0 (37774310)|HEAP_ALLOCATE|[EXTERNAL]|Bytes:16
16:00:27.0 (37816046)|VARIABLE_ASSIGNMENT|[69]|aptlist|[{"Id":"a250H00000HaxnFQAR","Name":"A-00000","Doctor__c":"a260H000001koYjQAI","Patient__c":"a270H000006vXivQAE","End_Time__c":61200000,"Start_Time__c":54000000},{"Id":"a250H00000HayO3QAJ","Name":"A-00001","Doctor__c":"a260H000001koYjQAI","Patient__c":"a270H000006vXivQAE","End_Time__c":70200000,"Start_Time__c":68400000},{"Id":"a250H00000HayTLQAZ","Name":"A-00002","Doctor__c":"a260H000001koYjQAI","Patient__c":"a270H000006vXizQAE","End_Time__c":46800000,"Start_Time__c":43200000}]|0x40605784
16:00:27.0 (37828596)|STATEMENT_EXECUTE|[70]
16:00:27.0 (37853849)|HEAP_ALLOCATE|[70]|Bytes:4
16:00:27.0 (37913498)|VARIABLE_ASSIGNMENT|[70]|this.timeset|[]|0x6662534b
16:00:27.0 (38005883)|HEAP_ALLOCATE|[71]|Bytes:5
16:00:27.0 (38020789)|HEAP_ALLOCATE|[71]|Bytes:28
16:00:27.0 (38028837)|VARIABLE_SCOPE_BEGIN|[71]|apt|Appointment__c|true|false
16:00:27.0 (38047856)|VARIABLE_ASSIGNMENT|[71]|apt|{"Id":"a250H00000HaxnFQAR","Name":"A-00000","Doctor__c":"a260H000001koYjQAI","Patient__c":"a270H000006vXivQAE","End_Time__c":61200000,"Start_Time__c":54000000}|0x784b134a
16:00:27.0 (38055866)|STATEMENT_EXECUTE|[71]
16:00:27.0 (38057788)|STATEMENT_EXECUTE|[73]
16:00:27.0 (38094242)|VARIABLE_SCOPE_BEGIN|[73]|t|Time|false|false
16:00:27.0 (38107656)|VARIABLE_ASSIGNMENT|[73]|t|54000000
16:00:27.0 (38112680)|STATEMENT_EXECUTE|[74]
16:00:27.0 (38166893)|VARIABLE_SCOPE_BEGIN|[74]|i|Integer|false|false
16:00:27.0 (38175110)|HEAP_ALLOCATE|[74]|Bytes:4
16:00:27.0 (38183223)|VARIABLE_ASSIGNMENT|[74]|i|2
16:00:27.0 (38187533)|STATEMENT_EXECUTE|[75]
16:00:27.0 (38205432)|HEAP_ALLOCATE|[75]|Bytes:28
16:00:27.0 (38209525)|HEAP_ALLOCATE|[75]|Bytes:28
16:00:27.0 (38214536)|VARIABLE_SCOPE_BEGIN|[75]|i1|Decimal|false|false
16:00:27.0 (38224811)|VARIABLE_ASSIGNMENT|[75]|i1|0
16:00:27.0 (38229502)|STATEMENT_EXECUTE|[76]
16:00:27.0 (38255737)|HEAP_ALLOCATE|[EXTERNAL]|Bytes:4
16:00:27.0 (38278268)|STATEMENT_EXECUTE|[77]
16:00:27.0 (38280107)|STATEMENT_EXECUTE|[78]
16:00:27.0 (38307874)|USER_DEBUG|[78]|DEBUG|15:00:00.000Z
16:00:27.0 (38316124)|STATEMENT_EXECUTE|[79]
16:00:27.0 (38342821)|HEAP_ALLOCATE|[79]|Bytes:4
16:00:27.0 (38358475)|VARIABLE_ASSIGNMENT|[79]|t|55800000
16:00:27.0 (38363377)|STATEMENT_EXECUTE|[80]
16:00:27.0 (38366736)|HEAP_ALLOCATE|[80]|Bytes:3
16:00:27.0 (38380632)|HEAP_ALLOCATE|[80]|Bytes:28
16:00:27.0 (38421238)|HEAP_ALLOCATE|[80]|Bytes:28
16:00:27.0 (38438183)|VARIABLE_ASSIGNMENT|[80]|i1|0.5
16:00:27.0 (38442523)|STATEMENT_EXECUTE|[81]
16:00:27.0 (38459707)|HEAP_ALLOCATE|[EXTERNAL]|Bytes:4
16:00:27.0 (38472735)|HEAP_ALLOCATE|[82]|Bytes:28
16:00:27.0 (38478074)|HEAP_ALLOCATE|[82]|Bytes:28
16:00:27.0 (38486409)|HEAP_ALLOCATE|[82]|Bytes:28
16:00:27.0 (38523668)|HEAP_ALLOCATE|[82]|Bytes:28
16:00:27.0 (38557118)|STATEMENT_EXECUTE|[77]
16:00:27.0 (38559027)|STATEMENT_EXECUTE|[78]
16:00:27.0 (38569371)|USER_DEBUG|[78]|DEBUG|15:30:00.000Z
16:00:27.0 (38579297)|STATEMENT_EXECUTE|[79]
16:00:27.0 (38592434)|HEAP_ALLOCATE|[79]|Bytes:4
16:00:27.0 (38620993)|VARIABLE_ASSIGNMENT|[79]|t|57600000
16:00:27.0 (38628756)|STATEMENT_EXECUTE|[80]
16:00:27.0 (38636126)|HEAP_ALLOCATE|[80]|Bytes:28
16:00:27.0 (38652523)|HEAP_ALLOCATE|[80]|Bytes:28
16:00:27.0 (38664616)|VARIABLE_ASSIGNMENT|[80]|i1|1.0
16:00:27.0 (38669267)|STATEMENT_EXECUTE|[81]
16:00:27.0 (38675702)|HEAP_ALLOCATE|[EXTERNAL]|Bytes:4
16:00:27.0 (38685713)|HEAP_ALLOCATE|[82]|Bytes:28
16:00:27.0 (38689090)|HEAP_ALLOCATE|[82]|Bytes:28
16:00:27.0 (38693395)|HEAP_ALLOCATE|[82]|Bytes:28
16:00:27.0 (38706604)|HEAP_ALLOCATE|[82]|Bytes:28
16:00:27.0 (38727183)|STATEMENT_EXECUTE|[77]
16:00:27.0 (38728801)|STATEMENT_EXECUTE|[78]
16:00:27.0 (38737400)|USER_DEBUG|[78]|DEBUG|16:00:00.000Z
16:00:27.0 (38743564)|STATEMENT_EXECUTE|[79]
16:00:27.0 (38751956)|HEAP_ALLOCATE|[79]|Bytes:4
16:00:27.0 (38764659)|VARIABLE_ASSIGNMENT|[79]|t|59400000
16:00:27.0 (38769343)|STATEMENT_EXECUTE|[80]
16:00:27.0 (38773668)|HEAP_ALLOCATE|[80]|Bytes:28
16:00:27.0 (38785051)|HEAP_ALLOCATE|[80]|Bytes:28
16:00:27.0 (38795535)|VARIABLE_ASSIGNMENT|[80]|i1|1.5
16:00:27.0 (38799940)|STATEMENT_EXECUTE|[81]
16:00:27.0 (38805584)|HEAP_ALLOCATE|[EXTERNAL]|Bytes:4
16:00:27.0 (38813957)|HEAP_ALLOCATE|[82]|Bytes:28
16:00:27.0 (38817287)|HEAP_ALLOCATE|[82]|Bytes:28
16:00:27.0 (38822126)|HEAP_ALLOCATE|[82]|Bytes:28
16:00:27.0 (38834511)|HEAP_ALLOCATE|[82]|Bytes:28
16:00:27.0 (38860902)|HEAP_ALLOCATE|[71]|Bytes:5
16:00:27.0 (38872450)|HEAP_ALLOCATE|[71]|Bytes:28
16:00:27.0 (38879745)|VARIABLE_SCOPE_BEGIN|[71]|apt|Appointment__c|true|false
16:00:27.0 (38898617)|VARIABLE_ASSIGNMENT|[71]|apt|{"Id":"a250H00000HayO3QAJ","Name":"A-00001","Doctor__c":"a260H000001koYjQAI","Patient__c":"a270H000006vXivQAE","End_Time__c":70200000,"Start_Time__c":68400000}|0x7d3fea59
16:00:27.0 (38905382)|STATEMENT_EXECUTE|[71]
16:00:27.0 (38907293)|STATEMENT_EXECUTE|[73]
16:00:27.0 (38917138)|VARIABLE_SCOPE_BEGIN|[73]|t|Time|false|false
16:00:27.0 (38927440)|VARIABLE_ASSIGNMENT|[73]|t|68400000
16:00:27.0 (38931071)|STATEMENT_EXECUTE|[74]
16:00:27.0 (38950253)|VARIABLE_SCOPE_BEGIN|[74]|i|Integer|false|false
16:00:27.0 (38957380)|HEAP_ALLOCATE|[74]|Bytes:4
16:00:27.0 (38963318)|VARIABLE_ASSIGNMENT|[74]|i|0
16:00:27.0 (38967033)|STATEMENT_EXECUTE|[75]
16:00:27.0 (38973237)|HEAP_ALLOCATE|[75]|Bytes:28
16:00:27.0 (38977726)|HEAP_ALLOCATE|[75]|Bytes:28
16:00:27.0 (38981364)|VARIABLE_SCOPE_BEGIN|[75]|i1|Decimal|false|false
16:00:27.0 (38989910)|VARIABLE_ASSIGNMENT|[75]|i1|0
16:00:27.0 (38994225)|STATEMENT_EXECUTE|[76]
16:00:27.0 (39000411)|HEAP_ALLOCATE|[EXTERNAL]|Bytes:4
16:00:27.0 (39007248)|STATEMENT_EXECUTE|[77]
16:00:27.0 (39008765)|STATEMENT_EXECUTE|[78]
16:00:27.0 (39016337)|USER_DEBUG|[78]|DEBUG|19:00:00.000Z
16:00:27.0 (39022531)|STATEMENT_EXECUTE|[79]
16:00:27.0 (39029974)|HEAP_ALLOCATE|[79]|Bytes:4
16:00:27.0 (39042593)|VARIABLE_ASSIGNMENT|[79]|t|70200000
16:00:27.0 (39046562)|STATEMENT_EXECUTE|[80]
16:00:27.0 (39051353)|HEAP_ALLOCATE|[80]|Bytes:28
16:00:27.0 (39064791)|HEAP_ALLOCATE|[80]|Bytes:28
16:00:27.0 (39076124)|VARIABLE_ASSIGNMENT|[80]|i1|0.5
16:00:27.0 (39080183)|STATEMENT_EXECUTE|[81]
16:00:27.0 (39085365)|HEAP_ALLOCATE|[EXTERNAL]|Bytes:4
16:00:27.0 (39094030)|HEAP_ALLOCATE|[82]|Bytes:28
16:00:27.0 (39097387)|HEAP_ALLOCATE|[82]|Bytes:28
16:00:27.0 (39101747)|HEAP_ALLOCATE|[82]|Bytes:28
16:00:27.0 (39114408)|HEAP_ALLOCATE|[82]|Bytes:28
16:00:27.0 (39139768)|HEAP_ALLOCATE|[71]|Bytes:5
16:00:27.0 (39149547)|HEAP_ALLOCATE|[71]|Bytes:28
16:00:27.0 (39155242)|VARIABLE_SCOPE_BEGIN|[71]|apt|Appointment__c|true|false
16:00:27.0 (39171481)|VARIABLE_ASSIGNMENT|[71]|apt|{"Id":"a250H00000HayTLQAZ","Name":"A-00002","Doctor__c":"a260H000001koYjQAI","Patient__c":"a270H000006vXizQAE","End_Time__c":46800000,"Start_Time__c":43200000}|0x6ac04016
16:00:27.0 (39177899)|STATEMENT_EXECUTE|[71]
16:00:27.0 (39179492)|STATEMENT_EXECUTE|[73]
16:00:27.0 (39188222)|VARIABLE_SCOPE_BEGIN|[73]|t|Time|false|false
16:00:27.0 (39207326)|VARIABLE_ASSIGNMENT|[73]|t|43200000
16:00:27.0 (39211603)|STATEMENT_EXECUTE|[74]
16:00:27.0 (39233934)|VARIABLE_SCOPE_BEGIN|[74]|i|Integer|false|false
16:00:27.0 (39240289)|HEAP_ALLOCATE|[74]|Bytes:4
16:00:27.0 (39246415)|VARIABLE_ASSIGNMENT|[74]|i|1
16:00:27.0 (39250213)|STATEMENT_EXECUTE|[75]
16:00:27.0 (39256157)|HEAP_ALLOCATE|[75]|Bytes:28
16:00:27.0 (39259784)|HEAP_ALLOCATE|[75]|Bytes:28
16:00:27.0 (39263662)|VARIABLE_SCOPE_BEGIN|[75]|i1|Decimal|false|false
16:00:27.0 (39271911)|VARIABLE_ASSIGNMENT|[75]|i1|0
16:00:27.0 (39275594)|STATEMENT_EXECUTE|[76]
16:00:27.0 (39281357)|HEAP_ALLOCATE|[EXTERNAL]|Bytes:4
16:00:27.0 (39287087)|STATEMENT_EXECUTE|[77]
16:00:27.0 (39288587)|STATEMENT_EXECUTE|[78]
16:00:27.0 (39296141)|USER_DEBUG|[78]|DEBUG|12:00:00.000Z
16:00:27.0 (39302164)|STATEMENT_EXECUTE|[79]
16:00:27.0 (39311544)|HEAP_ALLOCATE|[79]|Bytes:4
16:00:27.0 (39324603)|VARIABLE_ASSIGNMENT|[79]|t|45000000
16:00:27.0 (39328783)|STATEMENT_EXECUTE|[80]
16:00:27.0 (39334122)|HEAP_ALLOCATE|[80]|Bytes:28
16:00:27.0 (39347351)|HEAP_ALLOCATE|[80]|Bytes:28
16:00:27.0 (39358614)|VARIABLE_ASSIGNMENT|[80]|i1|0.5
16:00:27.0 (39362792)|STATEMENT_EXECUTE|[81]
16:00:27.0 (39368038)|HEAP_ALLOCATE|[EXTERNAL]|Bytes:4
16:00:27.0 (39376388)|HEAP_ALLOCATE|[82]|Bytes:28
16:00:27.0 (39379573)|HEAP_ALLOCATE|[82]|Bytes:28
16:00:27.0 (39384048)|HEAP_ALLOCATE|[82]|Bytes:28
16:00:27.0 (39395978)|HEAP_ALLOCATE|[82]|Bytes:28
16:00:27.0 (39421503)|HEAP_ALLOCATE|[71]|Bytes:5
16:00:27.0 (39431965)|VARIABLE_ASSIGNMENT|[71]|apt|null|
16:00:27.0 (39436892)|STATEMENT_EXECUTE|[93]
16:00:27.0 (39506853)|HEAP_ALLOCATE|[93]|Bytes:4
16:00:27.0 (39618559)|VARIABLE_ASSIGNMENT|[EXTERNAL]|this|{"aptdum":"0x33d6800e","Docdum":"0x6dd8a1ea","Docmap":"0xb667f46","Initialselected":0,"Selecteddoc":"a260H000001koYjQAI","SelectedtimeSlot":30,"timeset":"0x10d0d867","timewraplistInitial":"0x11deeb32"}|0x6662534b
16:00:27.0 (39638385)|HEAP_ALLOCATE|[EXTERNAL]|Bytes:4
16:00:27.0 (39646982)|VARIABLE_ASSIGNMENT|[EXTERNAL]|value|[]|0x2ad87281
16:00:27.0 (39659195)|VARIABLE_ASSIGNMENT|[4]|this.timewraplist|[]|0x6662534b
16:00:27.0 (39668301)|STATEMENT_EXECUTE|[94]
16:00:27.0 (39676649)|HEAP_ALLOCATE|[94]|Bytes:4
16:00:27.0 (39733850)|VARIABLE_ASSIGNMENT|[EXTERNAL]|this|{"aptdum":"0x33d6800e","Docdum":"0x6dd8a1ea","Docmap":"0xb667f46","Initialselected":0,"Selecteddoc":"a260H000001koYjQAI","SelectedtimeSlot":30,"timeset":"0x10d0d867","timewraplist":"0x2ad87281","timewraplistInitial":"0x11deeb32"}|0x6662534b
16:00:27.0 (39752820)|HEAP_ALLOCATE|[EXTERNAL]|Bytes:4
16:00:27.0 (39758878)|VARIABLE_ASSIGNMENT|[EXTERNAL]|value|[]|0x600ddbeb
16:00:27.0 (39768618)|VARIABLE_ASSIGNMENT|[3]|this.timelist|[]|0x6662534b
16:00:27.0 (39777284)|STATEMENT_EXECUTE|[95]
16:00:27.0 (39805578)|VARIABLE_SCOPE_BEGIN|[95]|t|Time|false|false
16:00:27.0 (39818983)|VARIABLE_ASSIGNMENT|[95]|t|43200000
16:00:27.0 (39823395)|STATEMENT_EXECUTE|[96]
16:00:27.0 (39863615)|VARIABLE_SCOPE_BEGIN|[96]|i|Integer|false|false
16:00:27.0 (39870897)|HEAP_ALLOCATE|[96]|Bytes:4
16:00:27.0 (39877403)|VARIABLE_ASSIGNMENT|[96]|i|7
16:00:27.0 (39881228)|STATEMENT_EXECUTE|[97]
16:00:27.0 (39889365)|HEAP_ALLOCATE|[97]|Bytes:28
16:00:27.0 (39893148)|HEAP_ALLOCATE|[97]|Bytes:28
16:00:27.0 (39896911)|VARIABLE_SCOPE_BEGIN|[97]|i1|Decimal|false|false
16:00:27.0 (39905438)|VARIABLE_ASSIGNMENT|[97]|i1|0
16:00:27.0 (39957835)|STATEMENT_EXECUTE|[100]
16:00:27.0 (39960259)|STATEMENT_EXECUTE|[101]
16:00:27.0 (40007636)|VARIABLE_ASSIGNMENT|[EXTERNAL]|this|{"aptdum":"0x33d6800e","Docdum":"0x6dd8a1ea","Docmap":"0xb667f46","Initialselected":0,"Selecteddoc":"a260H000001koYjQAI","SelectedtimeSlot":30,"timelist":"0x600ddbeb","timeset":"0x10d0d867","timewraplist":"0x2ad87281","timewraplistInitial":"0x11deeb32"}|0x6662534b
16:00:27.0 (40026670)|HEAP_ALLOCATE|[101]|Bytes:108
16:00:27.0 (40032792)|HEAP_ALLOCATE|[101]|Bytes:11
16:00:27.0 (40045657)|HEAP_ALLOCATE|[101]|Bytes:12
16:00:27.0 (40067878)|CONSTRUCTOR_ENTRY|[101]|01p0H000007gCe8|<init>(Boolean,Time)
16:00:27.0 (40081251)|VARIABLE_SCOPE_BEGIN|[209]|this|docappcontroller.Wrapertimeslot|true|false
16:00:27.0 (40104713)|VARIABLE_ASSIGNMENT|[209]|this|{}|0x57d7a6fa
16:00:27.0 (40112834)|VARIABLE_SCOPE_BEGIN|[209]|selection|Boolean|false|false
16:00:27.0 (40121258)|VARIABLE_ASSIGNMENT|[209]|selection|true
16:00:27.0 (40127510)|VARIABLE_SCOPE_BEGIN|[209]|tm|Time|false|false
16:00:27.0 (40136375)|VARIABLE_ASSIGNMENT|[209]|tm|43200000
16:00:27.0 (40141331)|STATEMENT_EXECUTE|[205]
16:00:27.0 (40142977)|STATEMENT_EXECUTE|[206]
16:00:27.0 (40144596)|STATEMENT_EXECUTE|[207]
16:00:27.0 (40149757)|HEAP_ALLOCATE|[210]|Bytes:6
16:00:27.0 (40173440)|STATEMENT_EXECUTE|[209]
16:00:27.0 (40175339)|STATEMENT_EXECUTE|[210]
16:00:27.0 (40226996)|VARIABLE_ASSIGNMENT|[EXTERNAL]|this|{}|0x57d7a6fa
16:00:27.0 (40237433)|VARIABLE_ASSIGNMENT|[EXTERNAL]|value|true
16:00:27.0 (40243720)|HEAP_ALLOCATE|[206]|Bytes:5
16:00:27.0 (40250545)|VARIABLE_ASSIGNMENT|[206]|this.selected|true|0x57d7a6fa
16:00:27.0 (40258767)|STATEMENT_EXECUTE|[211]
16:00:27.0 (40289089)|VARIABLE_ASSIGNMENT|[EXTERNAL]|this|{"selected":true}|0x57d7a6fa
16:00:27.0 (40302174)|VARIABLE_ASSIGNMENT|[EXTERNAL]|value|43200000
16:00:27.0 (40312171)|VARIABLE_ASSIGNMENT|[207]|this.t|43200000|0x57d7a6fa
16:00:27.0 (40326232)|CONSTRUCTOR_EXIT|[101]|01p0H000007gCe8|<init>(Boolean,Time)
16:00:27.0 (40341622)|HEAP_ALLOCATE|[EXTERNAL]|Bytes:4
16:00:27.0 (40348514)|STATEMENT_EXECUTE|[102]
16:00:27.0 (40354461)|HEAP_ALLOCATE|[102]|Bytes:4
16:00:27.0 (40362186)|VARIABLE_ASSIGNMENT|[102]|this.Initialselected|1|0x6662534b
16:00:27.0 (40367312)|STATEMENT_EXECUTE|[104]
16:00:27.0 (40409062)|VARIABLE_ASSIGNMENT|[EXTERNAL]|this|{"aptdum":"0x33d6800e","Docdum":"0x6dd8a1ea","Docmap":"0xb667f46","Initialselected":1,"Selecteddoc":"a260H000001koYjQAI","SelectedtimeSlot":30,"timelist":"0x600ddbeb","timeset":"0x10d0d867","timewraplist":"0x2ad87281","timewraplistInitial":"0x11deeb32"}|0x6662534b
16:00:27.0 (40429005)|HEAP_ALLOCATE|[EXTERNAL]|Bytes:4
16:00:27.0 (40443497)|HEAP_ALLOCATE|[107]|Bytes:28
16:00:27.0 (40447746)|HEAP_ALLOCATE|[107]|Bytes:28
16:00:27.0 (40477756)|STATEMENT_EXECUTE|[107]
16:00:27.0 (40479638)|STATEMENT_EXECUTE|[108]
16:00:27.0 (40497291)|USER_DEBUG|[108]|DEBUG|12:00:00.000Z
16:00:27.0 (40505593)|STATEMENT_EXECUTE|[109]
16:00:27.0 (40526723)|HEAP_ALLOCATE|[109]|Bytes:4
16:00:27.0 (40543383)|VARIABLE_ASSIGNMENT|[109]|t|45000000
16:00:27.0 (40548184)|STATEMENT_EXECUTE|[110]
16:00:27.0 (40554683)|HEAP_ALLOCATE|[110]|Bytes:28
16:00:27.0 (40572969)|HEAP_ALLOCATE|[110]|Bytes:28
16:00:27.0 (40585923)|VARIABLE_ASSIGNMENT|[110]|i1|0.5
16:00:27.0 (40590188)|STATEMENT_EXECUTE|[111]
16:00:27.0 (40630920)|VARIABLE_ASSIGNMENT|[EXTERNAL]|this|{"aptdum":"0x33d6800e","Docdum":"0x6dd8a1ea","Docmap":"0xb667f46","Initialselected":1,"Selecteddoc":"a260H000001koYjQAI","SelectedtimeSlot":30,"timelist":"0x600ddbeb","timeset":"0x10d0d867","timewraplist":"0x2ad87281","timewraplistInitial":"0x11deeb32"}|0x6662534b
16:00:27.0 (40649209)|HEAP_ALLOCATE|[EXTERNAL]|Bytes:4
16:00:27.0 (40676534)|STATEMENT_EXECUTE|[115]
16:00:27.0 (40678744)|STATEMENT_EXECUTE|[116]
16:00:27.0 (40709968)|VARIABLE_ASSIGNMENT|[EXTERNAL]|this|{"aptdum":"0x33d6800e","Docdum":"0x6dd8a1ea","Docmap":"0xb667f46","Initialselected":1,"Selecteddoc":"a260H000001koYjQAI","SelectedtimeSlot":30,"timelist":"0x600ddbeb","timeset":"0x10d0d867","timewraplist":"0x2ad87281","timewraplistInitial":"0x11deeb32"}|0x6662534b
16:00:27.0 (40723030)|HEAP_ALLOCATE|[116]|Bytes:12
16:00:27.0 (40735777)|CONSTRUCTOR_ENTRY|[116]|01p0H000007gCe8|<init>(Boolean,Time)
16:00:27.0 (40741139)|VARIABLE_SCOPE_BEGIN|[209]|this|docappcontroller.Wrapertimeslot|true|false
16:00:27.0 (40753584)|VARIABLE_ASSIGNMENT|[209]|this|{}|0x235539fe
16:00:27.0 (40760456)|VARIABLE_SCOPE_BEGIN|[209]|selection|Boolean|false|false
16:00:27.0 (40768248)|VARIABLE_ASSIGNMENT|[209]|selection|true
16:00:27.0 (40771732)|VARIABLE_SCOPE_BEGIN|[209]|tm|Time|false|false
16:00:27.0 (40779590)|VARIABLE_ASSIGNMENT|[209]|tm|45000000
16:00:27.0 (40783746)|STATEMENT_EXECUTE|[205]
16:00:27.0 (40785242)|STATEMENT_EXECUTE|[206]
16:00:27.0 (40786791)|STATEMENT_EXECUTE|[207]
16:00:27.0 (40797315)|STATEMENT_EXECUTE|[209]
16:00:27.0 (40798883)|STATEMENT_EXECUTE|[210]
16:00:27.0 (40810033)|VARIABLE_ASSIGNMENT|[EXTERNAL]|this|{}|0x235539fe
16:00:27.0 (40818414)|VARIABLE_ASSIGNMENT|[EXTERNAL]|value|true
16:00:27.0 (40823836)|HEAP_ALLOCATE|[206]|Bytes:5
16:00:27.0 (40830451)|VARIABLE_ASSIGNMENT|[206]|this.selected|true|0x235539fe
16:00:27.0 (40837324)|STATEMENT_EXECUTE|[211]
16:00:27.0 (40848937)|VARIABLE_ASSIGNMENT|[EXTERNAL]|this|{"selected":true}|0x235539fe
16:00:27.0 (40857570)|VARIABLE_ASSIGNMENT|[EXTERNAL]|value|45000000
16:00:27.0 (40864938)|VARIABLE_ASSIGNMENT|[207]|this.t|45000000|0x235539fe
16:00:27.0 (40878714)|CONSTRUCTOR_EXIT|[116]|01p0H000007gCe8|<init>(Boolean,Time)
16:00:27.0 (40891649)|HEAP_ALLOCATE|[EXTERNAL]|Bytes:4
16:00:27.0 (40898177)|STATEMENT_EXECUTE|[117]
16:00:27.0 (40903143)|HEAP_ALLOCATE|[117]|Bytes:4
16:00:27.0 (40910618)|VARIABLE_ASSIGNMENT|[117]|this.Initialselected|2|0x6662534b
16:00:27.0 (40921854)|HEAP_ALLOCATE|[107]|Bytes:28
16:00:27.0 (40925447)|HEAP_ALLOCATE|[107]|Bytes:28
16:00:27.0 (40947123)|STATEMENT_EXECUTE|[107]
16:00:27.0 (40948926)|STATEMENT_EXECUTE|[108]
16:00:27.0 (40958616)|USER_DEBUG|[108]|DEBUG|12:30:00.000Z
16:00:27.0 (40965725)|STATEMENT_EXECUTE|[109]
16:00:27.0 (40975937)|HEAP_ALLOCATE|[109]|Bytes:4
16:00:27.0 (40990186)|VARIABLE_ASSIGNMENT|[109]|t|46800000
16:00:27.0 (40994800)|STATEMENT_EXECUTE|[110]
16:00:27.0 (41000490)|HEAP_ALLOCATE|[110]|Bytes:28
16:00:27.0 (41013395)|HEAP_ALLOCATE|[110]|Bytes:28
16:00:27.0 (41024933)|VARIABLE_ASSIGNMENT|[110]|i1|1.0
16:00:27.0 (41029222)|STATEMENT_EXECUTE|[111]
16:00:27.0 (41059424)|VARIABLE_ASSIGNMENT|[EXTERNAL]|this|{"aptdum":"0x33d6800e","Docdum":"0x6dd8a1ea","Docmap":"0xb667f46","Initialselected":2,"Selecteddoc":"a260H000001koYjQAI","SelectedtimeSlot":30,"timelist":"0x600ddbeb","timeset":"0x10d0d867","timewraplist":"0x2ad87281","timewraplistInitial":"0x11deeb32"}|0x6662534b
16:00:27.0 (41075860)|HEAP_ALLOCATE|[EXTERNAL]|Bytes:4
16:00:27.0 (41088914)|STATEMENT_EXECUTE|[113]
16:00:27.0 (41090664)|STATEMENT_EXECUTE|[114]
16:00:27.0 (41123814)|VARIABLE_ASSIGNMENT|[EXTERNAL]|this|{"aptdum":"0x33d6800e","Docdum":"0x6dd8a1ea","Docmap":"0xb667f46","Initialselected":2,"Selecteddoc":"a260H000001koYjQAI","SelectedtimeSlot":30,"timelist":"0x600ddbeb","timeset":"0x10d0d867","timewraplist":"0x2ad87281","timewraplistInitial":"0x11deeb32"}|0x6662534b
16:00:27.0 (41136934)|HEAP_ALLOCATE|[114]|Bytes:12
16:00:27.0 (41149592)|CONSTRUCTOR_ENTRY|[114]|01p0H000007gCe8|<init>(Boolean,Time)
16:00:27.0 (41154903)|VARIABLE_SCOPE_BEGIN|[209]|this|docappcontroller.Wrapertimeslot|true|false
16:00:27.0 (41167144)|VARIABLE_ASSIGNMENT|[209]|this|{}|0x243c9cf2
16:00:27.0 (41173001)|VARIABLE_SCOPE_BEGIN|[209]|selection|Boolean|false|false
16:00:27.0 (41182207)|VARIABLE_ASSIGNMENT|[209]|selection|false
16:00:27.0 (41185934)|VARIABLE_SCOPE_BEGIN|[209]|tm|Time|false|false
16:00:27.0 (41194103)|VARIABLE_ASSIGNMENT|[209]|tm|46800000
16:00:27.0 (41198276)|STATEMENT_EXECUTE|[205]
16:00:27.0 (41199754)|STATEMENT_EXECUTE|[206]
16:00:27.0 (41201273)|STATEMENT_EXECUTE|[207]
16:00:27.0 (41210461)|STATEMENT_EXECUTE|[209]
16:00:27.0 (41212090)|STATEMENT_EXECUTE|[210]
16:00:27.0 (41223173)|VARIABLE_ASSIGNMENT|[EXTERNAL]|this|{}|0x243c9cf2
16:00:27.0 (41231698)|VARIABLE_ASSIGNMENT|[EXTERNAL]|value|false
16:00:27.0 (41236900)|HEAP_ALLOCATE|[206]|Bytes:5
16:00:27.0 (41243280)|VARIABLE_ASSIGNMENT|[206]|this.selected|false|0x243c9cf2
16:00:27.0 (41250026)|STATEMENT_EXECUTE|[211]
16:00:27.0 (41261333)|VARIABLE_ASSIGNMENT|[EXTERNAL]|this|{"selected":false}|0x243c9cf2
16:00:27.0 (41269926)|VARIABLE_ASSIGNMENT|[EXTERNAL]|value|46800000
16:00:27.0 (41277231)|VARIABLE_ASSIGNMENT|[207]|this.t|46800000|0x243c9cf2
16:00:27.0 (41290206)|CONSTRUCTOR_EXIT|[114]|01p0H000007gCe8|<init>(Boolean,Time)
16:00:27.0 (41301226)|HEAP_ALLOCATE|[EXTERNAL]|Bytes:4
16:00:27.0 (41312122)|HEAP_ALLOCATE|[107]|Bytes:28
16:00:27.0 (41315763)|HEAP_ALLOCATE|[107]|Bytes:28
16:00:27.0 (41333674)|STATEMENT_EXECUTE|[107]
16:00:27.0 (41336027)|STATEMENT_EXECUTE|[108]
16:00:27.0 (41344910)|USER_DEBUG|[108]|DEBUG|13:00:00.000Z
16:00:27.0 (41351089)|STATEMENT_EXECUTE|[109]
16:00:27.0 (41360055)|HEAP_ALLOCATE|[109]|Bytes:4
16:00:27.0 (41376767)|VARIABLE_ASSIGNMENT|[109]|t|48600000
16:00:27.0 (41381029)|STATEMENT_EXECUTE|[110]
16:00:27.0 (41386557)|HEAP_ALLOCATE|[110]|Bytes:28
16:00:27.0 (41399088)|HEAP_ALLOCATE|[110]|Bytes:28
16:00:27.0 (41410047)|VARIABLE_ASSIGNMENT|[110]|i1|1.5
16:00:27.0 (41413896)|STATEMENT_EXECUTE|[111]
16:00:27.0 (41443868)|VARIABLE_ASSIGNMENT|[EXTERNAL]|this|{"aptdum":"0x33d6800e","Docdum":"0x6dd8a1ea","Docmap":"0xb667f46","Initialselected":2,"Selecteddoc":"a260H000001koYjQAI","SelectedtimeSlot":30,"timelist":"0x600ddbeb","timeset":"0x10d0d867","timewraplist":"0x2ad87281","timewraplistInitial":"0x11deeb32"}|0x6662534b
16:00:27.0 (41460033)|HEAP_ALLOCATE|[EXTERNAL]|Bytes:4
16:00:27.0 (41472310)|STATEMENT_EXECUTE|[113]
16:00:27.0 (41474066)|STATEMENT_EXECUTE|[114]
16:00:27.0 (41499329)|VARIABLE_ASSIGNMENT|[EXTERNAL]|this|{"aptdum":"0x33d6800e","Docdum":"0x6dd8a1ea","Docmap":"0xb667f46","Initialselected":2,"Selecteddoc":"a260H000001koYjQAI","SelectedtimeSlot":30,"timelist":"0x600ddbeb","timeset":"0x10d0d867","timewraplist":"0x2ad87281","timewraplistInitial":"0x11deeb32"}|0x6662534b
16:00:27.0 (41512019)|HEAP_ALLOCATE|[114]|Bytes:12
16:00:27.0 (41523593)|CONSTRUCTOR_ENTRY|[114]|01p0H000007gCe8|<init>(Boolean,Time)
16:00:27.0 (41530459)|VARIABLE_SCOPE_BEGIN|[209]|this|docappcontroller.Wrapertimeslot|true|false
16:00:27.0 (41543760)|VARIABLE_ASSIGNMENT|[209]|this|{}|0x672fe3d7
16:00:27.0 (41550371)|VARIABLE_SCOPE_BEGIN|[209]|selection|Boolean|false|false
16:00:27.0 (41557554)|VARIABLE_ASSIGNMENT|[209]|selection|false
16:00:27.0 (41560972)|VARIABLE_SCOPE_BEGIN|[209]|tm|Time|false|false
16:00:27.0 (41568433)|VARIABLE_ASSIGNMENT|[209]|tm|48600000
16:00:27.0 (41572675)|STATEMENT_EXECUTE|[205]
16:00:27.0 (41574150)|STATEMENT_EXECUTE|[206]
16:00:27.0 (41575636)|STATEMENT_EXECUTE|[207]
16:00:27.0 (41584704)|STATEMENT_EXECUTE|[209]
16:00:27.0 (41586350)|STATEMENT_EXECUTE|[210]
16:00:27.0 (41597440)|VARIABLE_ASSIGNMENT|[EXTERNAL]|this|{}|0x672fe3d7
16:00:27.0 (41611075)|VARIABLE_ASSIGNMENT|[EXTERNAL]|value|false
16:00:27.0 (41616029)|HEAP_ALLOCATE|[206]|Bytes:5
16:00:27.0 (41622671)|VARIABLE_ASSIGNMENT|[206]|this.selected|false|0x672fe3d7
16:00:27.0 (41630024)|STATEMENT_EXECUTE|[211]
16:00:27.0 (41643879)|VARIABLE_ASSIGNMENT|[EXTERNAL]|this|{"selected":false}|0x672fe3d7
16:00:27.0 (41652144)|VARIABLE_ASSIGNMENT|[EXTERNAL]|value|48600000
16:00:27.0 (41659534)|VARIABLE_ASSIGNMENT|[207]|this.t|48600000|0x672fe3d7
16:00:27.0 (41672597)|CONSTRUCTOR_EXIT|[114]|01p0H000007gCe8|<init>(Boolean,Time)
16:00:27.0 (41681650)|HEAP_ALLOCATE|[EXTERNAL]|Bytes:4
16:00:27.0 (41692220)|HEAP_ALLOCATE|[107]|Bytes:28
16:00:27.0 (41696002)|HEAP_ALLOCATE|[107]|Bytes:28
16:00:27.0 (41713566)|STATEMENT_EXECUTE|[107]
16:00:27.0 (41715347)|STATEMENT_EXECUTE|[108]
16:00:27.0 (41723689)|USER_DEBUG|[108]|DEBUG|13:30:00.000Z
16:00:27.0 (41730179)|STATEMENT_EXECUTE|[109]
16:00:27.0 (41738828)|HEAP_ALLOCATE|[109]|Bytes:4
16:00:27.0 (41752436)|VARIABLE_ASSIGNMENT|[109]|t|50400000
16:00:27.0 (41756312)|STATEMENT_EXECUTE|[110]
16:00:27.0 (41762002)|HEAP_ALLOCATE|[110]|Bytes:28
16:00:27.0 (41774447)|HEAP_ALLOCATE|[110]|Bytes:28
16:00:27.0 (41785380)|VARIABLE_ASSIGNMENT|[110]|i1|2.0
16:00:27.0 (41789762)|STATEMENT_EXECUTE|[111]
16:00:27.0 (41818449)|VARIABLE_ASSIGNMENT|[EXTERNAL]|this|{"aptdum":"0x33d6800e","Docdum":"0x6dd8a1ea","Docmap":"0xb667f46","Initialselected":2,"Selecteddoc":"a260H000001koYjQAI","SelectedtimeSlot":30,"timelist":"0x600ddbeb","timeset":"0x10d0d867","timewraplist":"0x2ad87281","timewraplistInitial":"0x11deeb32"}|0x6662534b
16:00:27.0 (41832614)|HEAP_ALLOCATE|[EXTERNAL]|Bytes:4
16:00:27.0 (41844918)|STATEMENT_EXECUTE|[113]
16:00:27.0 (41846592)|STATEMENT_EXECUTE|[114]
16:00:27.0 (41870917)|VARIABLE_ASSIGNMENT|[EXTERNAL]|this|{"aptdum":"0x33d6800e","Docdum":"0x6dd8a1ea","Docmap":"0xb667f46","Initialselected":2,"Selecteddoc":"a260H000001koYjQAI","SelectedtimeSlot":30,"timelist":"0x600ddbeb","timeset":"0x10d0d867","timewraplist":"0x2ad87281","timewraplistInitial":"0x11deeb32"}|0x6662534b
16:00:27.0 (41883836)|HEAP_ALLOCATE|[114]|Bytes:12
16:00:27.0 (41894706)|CONSTRUCTOR_ENTRY|[114]|01p0H000007gCe8|<init>(Boolean,Time)
16:00:27.0 (41900230)|VARIABLE_SCOPE_BEGIN|[209]|this|docappcontroller.Wrapertimeslot|true|false
16:00:27.0 (41912105)|VARIABLE_ASSIGNMENT|[209]|this|{}|0xec385de
16:00:27.0 (41918514)|VARIABLE_SCOPE_BEGIN|[209]|selection|Boolean|false|false
16:00:27.0 (41925973)|VARIABLE_ASSIGNMENT|[209]|selection|false
16:00:27.0 (41929691)|VARIABLE_SCOPE_BEGIN|[209]|tm|Time|false|false
16:00:27.0 (41936927)|VARIABLE_ASSIGNMENT|[209]|tm|50400000
16:00:27.0 (41941218)|STATEMENT_EXECUTE|[205]
16:00:27.0 (41942721)|STATEMENT_EXECUTE|[206]
16:00:27.0 (41944219)|STATEMENT_EXECUTE|[207]
16:00:27.0 (41952742)|STATEMENT_EXECUTE|[209]
16:00:27.0 (41954253)|STATEMENT_EXECUTE|[210]
16:00:27.0 (41964972)|VARIABLE_ASSIGNMENT|[EXTERNAL]|this|{}|0xec385de
16:00:27.0 (41973563)|VARIABLE_ASSIGNMENT|[EXTERNAL]|value|false
16:00:27.0 (41978983)|HEAP_ALLOCATE|[206]|Bytes:5
16:00:27.0 (41984881)|VARIABLE_ASSIGNMENT|[206]|this.selected|false|0xec385de
16:00:27.0 (41991640)|STATEMENT_EXECUTE|[211]
16:00:27.0 (42002961)|VARIABLE_ASSIGNMENT|[EXTERNAL]|this|{"selected":false}|0xec385de
16:00:27.0 (42012426)|VARIABLE_ASSIGNMENT|[EXTERNAL]|value|50400000
16:00:27.0 (42019698)|VARIABLE_ASSIGNMENT|[207]|this.t|50400000|0xec385de
16:00:27.0 (42032151)|CONSTRUCTOR_EXIT|[114]|01p0H000007gCe8|<init>(Boolean,Time)
16:00:27.0 (42041060)|HEAP_ALLOCATE|[EXTERNAL]|Bytes:4
16:00:27.0 (42051120)|HEAP_ALLOCATE|[107]|Bytes:28
16:00:27.0 (42055212)|HEAP_ALLOCATE|[107]|Bytes:28
16:00:27.0 (42073431)|STATEMENT_EXECUTE|[107]
16:00:27.0 (42075205)|STATEMENT_EXECUTE|[108]
16:00:27.0 (42083044)|USER_DEBUG|[108]|DEBUG|14:00:00.000Z
16:00:27.0 (42089340)|STATEMENT_EXECUTE|[109]
16:00:27.0 (42097493)|HEAP_ALLOCATE|[109]|Bytes:4
16:00:27.0 (42110731)|VARIABLE_ASSIGNMENT|[109]|t|52200000
16:00:27.0 (42114946)|STATEMENT_EXECUTE|[110]
16:00:27.0 (42120192)|HEAP_ALLOCATE|[110]|Bytes:28
16:00:27.0 (42132395)|HEAP_ALLOCATE|[110]|Bytes:28
16:00:27.0 (42142963)|VARIABLE_ASSIGNMENT|[110]|i1|2.5
16:00:27.0 (42146983)|STATEMENT_EXECUTE|[111]
16:00:27.0 (42175364)|VARIABLE_ASSIGNMENT|[EXTERNAL]|this|{"aptdum":"0x33d6800e","Docdum":"0x6dd8a1ea","Docmap":"0xb667f46","Initialselected":2,"Selecteddoc":"a260H000001koYjQAI","SelectedtimeSlot":30,"timelist":"0x600ddbeb","timeset":"0x10d0d867","timewraplist":"0x2ad87281","timewraplistInitial":"0x11deeb32"}|0x6662534b
16:00:27.0 (42190288)|HEAP_ALLOCATE|[EXTERNAL]|Bytes:4
16:00:27.0 (42201953)|STATEMENT_EXECUTE|[113]
16:00:27.0 (42203648)|STATEMENT_EXECUTE|[114]
16:00:27.0 (42227732)|VARIABLE_ASSIGNMENT|[EXTERNAL]|this|{"aptdum":"0x33d6800e","Docdum":"0x6dd8a1ea","Docmap":"0xb667f46","Initialselected":2,"Selecteddoc":"a260H000001koYjQAI","SelectedtimeSlot":30,"timelist":"0x600ddbeb","timeset":"0x10d0d867","timewraplist":"0x2ad87281","timewraplistInitial":"0x11deeb32"}|0x6662534b
16:00:27.0 (42239909)|HEAP_ALLOCATE|[114]|Bytes:12
16:00:27.0 (42250457)|CONSTRUCTOR_ENTRY|[114]|01p0H000007gCe8|<init>(Boolean,Time)
16:00:27.0 (42255674)|VARIABLE_SCOPE_BEGIN|[209]|this|docappcontroller.Wrapertimeslot|true|false
16:00:27.0 (42270119)|VARIABLE_ASSIGNMENT|[209]|this|{}|0x2ba2ca6a
16:00:27.0 (42276565)|VARIABLE_SCOPE_BEGIN|[209]|selection|Boolean|false|false
16:00:27.0 (42283976)|VARIABLE_ASSIGNMENT|[209]|selection|false
16:00:27.0 (42288100)|VARIABLE_SCOPE_BEGIN|[209]|tm|Time|false|false
16:00:27.0 (42295680)|VARIABLE_ASSIGNMENT|[209]|tm|52200000
16:00:27.0 (42300080)|STATEMENT_EXECUTE|[205]
16:00:27.0 (42301597)|STATEMENT_EXECUTE|[206]
16:00:27.0 (42303037)|STATEMENT_EXECUTE|[207]
16:00:27.0 (42311527)|STATEMENT_EXECUTE|[209]
16:00:27.0 (42313089)|STATEMENT_EXECUTE|[210]
16:00:27.0 (42323585)|VARIABLE_ASSIGNMENT|[EXTERNAL]|this|{}|0x2ba2ca6a
16:00:27.0 (42331953)|VARIABLE_ASSIGNMENT|[EXTERNAL]|value|false
16:00:27.0 (42336581)|HEAP_ALLOCATE|[206]|Bytes:5
16:00:27.0 (42342756)|VARIABLE_ASSIGNMENT|[206]|this.selected|false|0x2ba2ca6a
16:00:27.0 (42349453)|STATEMENT_EXECUTE|[211]
16:00:27.0 (42360616)|VARIABLE_ASSIGNMENT|[EXTERNAL]|this|{"selected":false}|0x2ba2ca6a
16:00:27.0 (42368483)|VARIABLE_ASSIGNMENT|[EXTERNAL]|value|52200000
16:00:27.0 (42375552)|VARIABLE_ASSIGNMENT|[207]|this.t|52200000|0x2ba2ca6a
16:00:27.0 (42388357)|CONSTRUCTOR_EXIT|[114]|01p0H000007gCe8|<init>(Boolean,Time)
16:00:27.0 (42397016)|HEAP_ALLOCATE|[EXTERNAL]|Bytes:4
16:00:27.0 (42407572)|HEAP_ALLOCATE|[107]|Bytes:28
16:00:27.0 (42411641)|HEAP_ALLOCATE|[107]|Bytes:28
16:00:27.0 (42429480)|STATEMENT_EXECUTE|[107]
16:00:27.0 (42431186)|STATEMENT_EXECUTE|[108]
16:00:27.0 (42439444)|USER_DEBUG|[108]|DEBUG|14:30:00.000Z
16:00:27.0 (42446118)|STATEMENT_EXECUTE|[109]
16:00:27.0 (42454329)|HEAP_ALLOCATE|[109]|Bytes:4
16:00:27.0 (42466722)|VARIABLE_ASSIGNMENT|[109]|t|54000000
16:00:27.0 (42471169)|STATEMENT_EXECUTE|[110]
16:00:27.0 (42476370)|HEAP_ALLOCATE|[110]|Bytes:28
16:00:27.0 (42488117)|HEAP_ALLOCATE|[110]|Bytes:28
16:00:27.0 (42499208)|VARIABLE_ASSIGNMENT|[110]|i1|3.0
16:00:27.0 (42503509)|STATEMENT_EXECUTE|[111]
16:00:27.0 (42534958)|VARIABLE_ASSIGNMENT|[EXTERNAL]|this|{"aptdum":"0x33d6800e","Docdum":"0x6dd8a1ea","Docmap":"0xb667f46","Initialselected":2,"Selecteddoc":"a260H000001koYjQAI","SelectedtimeSlot":30,"timelist":"0x600ddbeb","timeset":"0x10d0d867","timewraplist":"0x2ad87281","timewraplistInitial":"0x11deeb32"}|0x6662534b
16:00:27.0 (42550536)|HEAP_ALLOCATE|[EXTERNAL]|Bytes:4
16:00:27.0 (42576011)|STATEMENT_EXECUTE|[115]
16:00:27.0 (42578029)|STATEMENT_EXECUTE|[116]
16:00:27.0 (42611199)|VARIABLE_ASSIGNMENT|[EXTERNAL]|this|{"aptdum":"0x33d6800e","Docdum":"0x6dd8a1ea","Docmap":"0xb667f46","Initialselected":2,"Selecteddoc":"a260H000001koYjQAI","SelectedtimeSlot":30,"timelist":"0x600ddbeb","timeset":"0x10d0d867","timewraplist":"0x2ad87281","timewraplistInitial":"0x11deeb32"}|0x6662534b
16:00:27.0 (42623940)|HEAP_ALLOCATE|[116]|Bytes:12
16:00:27.0 (42636034)|CONSTRUCTOR_ENTRY|[116]|01p0H000007gCe8|<init>(Boolean,Time)
16:00:27.0 (42641425)|VARIABLE_SCOPE_BEGIN|[209]|this|docappcontroller.Wrapertimeslot|true|false
16:00:27.0 (42653912)|VARIABLE_ASSIGNMENT|[209]|this|{}|0x1a489937
16:00:27.0 (42660497)|VARIABLE_SCOPE_BEGIN|[209]|selection|Boolean|false|false
16:00:27.0 (42667969)|VARIABLE_ASSIGNMENT|[209]|selection|true
16:00:27.0 (42672425)|VARIABLE_SCOPE_BEGIN|[209]|tm|Time|false|false
16:00:27.0 (42679993)|VARIABLE_ASSIGNMENT|[209]|tm|54000000
16:00:27.0 (42684244)|STATEMENT_EXECUTE|[205]
16:00:27.0 (42685738)|STATEMENT_EXECUTE|[206]
16:00:27.0 (42687251)|STATEMENT_EXECUTE|[207]
16:00:27.0 (42696583)|STATEMENT_EXECUTE|[209]
16:00:27.0 (42698245)|STATEMENT_EXECUTE|[210]
16:00:27.0 (42708721)|VARIABLE_ASSIGNMENT|[EXTERNAL]|this|{}|0x1a489937
16:00:27.0 (42717153)|VARIABLE_ASSIGNMENT|[EXTERNAL]|value|true
16:00:27.0 (42722197)|HEAP_ALLOCATE|[206]|Bytes:5
16:00:27.0 (42728451)|VARIABLE_ASSIGNMENT|[206]|this.selected|true|0x1a489937
16:00:27.0 (42735251)|STATEMENT_EXECUTE|[211]
16:00:27.0 (42746396)|VARIABLE_ASSIGNMENT|[EXTERNAL]|this|{"selected":true}|0x1a489937
16:00:27.0 (42755293)|VARIABLE_ASSIGNMENT|[EXTERNAL]|value|54000000
16:00:27.0 (42762383)|VARIABLE_ASSIGNMENT|[207]|this.t|54000000|0x1a489937
16:00:27.0 (42776074)|CONSTRUCTOR_EXIT|[116]|01p0H000007gCe8|<init>(Boolean,Time)
16:00:27.0 (42785960)|HEAP_ALLOCATE|[EXTERNAL]|Bytes:4
16:00:27.0 (42791821)|STATEMENT_EXECUTE|[117]
16:00:27.0 (42795736)|HEAP_ALLOCATE|[117]|Bytes:4
16:00:27.0 (42802706)|VARIABLE_ASSIGNMENT|[117]|this.Initialselected|3|0x6662534b
16:00:27.0 (42813319)|HEAP_ALLOCATE|[107]|Bytes:28
16:00:27.0 (42816877)|HEAP_ALLOCATE|[107]|Bytes:28
16:00:27.0 (42835241)|STATEMENT_EXECUTE|[107]
16:00:27.0 (42837342)|STATEMENT_EXECUTE|[108]
16:00:27.0 (42846252)|USER_DEBUG|[108]|DEBUG|15:00:00.000Z
16:00:27.0 (42852954)|STATEMENT_EXECUTE|[109]
16:00:27.0 (42861908)|HEAP_ALLOCATE|[109]|Bytes:4
16:00:27.0 (42874546)|VARIABLE_ASSIGNMENT|[109]|t|55800000
16:00:27.0 (42878427)|STATEMENT_EXECUTE|[110]
16:00:27.0 (42883485)|HEAP_ALLOCATE|[110]|Bytes:28
16:00:27.0 (42895040)|HEAP_ALLOCATE|[110]|Bytes:28
16:00:27.0 (42905890)|VARIABLE_ASSIGNMENT|[110]|i1|3.5
16:00:27.0 (42909981)|STATEMENT_EXECUTE|[111]
16:00:27.0 (42938532)|VARIABLE_ASSIGNMENT|[EXTERNAL]|this|{"aptdum":"0x33d6800e","Docdum":"0x6dd8a1ea","Docmap":"0xb667f46","Initialselected":3,"Selecteddoc":"a260H000001koYjQAI","SelectedtimeSlot":30,"timelist":"0x600ddbeb","timeset":"0x10d0d867","timewraplist":"0x2ad87281","timewraplistInitial":"0x11deeb32"}|0x6662534b
16:00:27.0 (42953099)|HEAP_ALLOCATE|[EXTERNAL]|Bytes:4
16:00:27.0 (42964988)|STATEMENT_EXECUTE|[115]
16:00:27.0 (42966702)|STATEMENT_EXECUTE|[116]
16:00:27.0 (42991147)|VARIABLE_ASSIGNMENT|[EXTERNAL]|this|{"aptdum":"0x33d6800e","Docdum":"0x6dd8a1ea","Docmap":"0xb667f46","Initialselected":3,"Selecteddoc":"a260H000001koYjQAI","SelectedtimeSlot":30,"timelist":"0x600ddbeb","timeset":"0x10d0d867","timewraplist":"0x2ad87281","timewraplistInitial":"0x11deeb32"}|0x6662534b
16:00:27.0 (43003037)|HEAP_ALLOCATE|[116]|Bytes:12
16:00:27.0 (43014944)|CONSTRUCTOR_ENTRY|[116]|01p0H000007gCe8|<init>(Boolean,Time)
16:00:27.0 (43020376)|VARIABLE_SCOPE_BEGIN|[209]|this|docappcontroller.Wrapertimeslot|true|false
16:00:27.0 (43032047)|VARIABLE_ASSIGNMENT|[209]|this|{}|0x1b5fd3b8
16:00:27.0 (43038046)|VARIABLE_SCOPE_BEGIN|[209]|selection|Boolean|false|false
16:00:27.0 (43044990)|VARIABLE_ASSIGNMENT|[209]|selection|true
16:00:27.0 (43048409)|VARIABLE_SCOPE_BEGIN|[209]|tm|Time|false|false
16:00:27.0 (43055778)|VARIABLE_ASSIGNMENT|[209]|tm|55800000
16:00:27.0 (43059701)|STATEMENT_EXECUTE|[205]
16:00:27.0 (43061227)|STATEMENT_EXECUTE|[206]
16:00:27.0 (43062775)|STATEMENT_EXECUTE|[207]
16:00:27.0 (43071459)|STATEMENT_EXECUTE|[209]
16:00:27.0 (43072987)|STATEMENT_EXECUTE|[210]
16:00:27.0 (43083385)|VARIABLE_ASSIGNMENT|[EXTERNAL]|this|{}|0x1b5fd3b8
16:00:27.0 (43091935)|VARIABLE_ASSIGNMENT|[EXTERNAL]|value|true
16:00:27.0 (43100673)|HEAP_ALLOCATE|[206]|Bytes:5
16:00:27.0 (43107123)|VARIABLE_ASSIGNMENT|[206]|this.selected|true|0x1b5fd3b8
16:00:27.0 (43114442)|STATEMENT_EXECUTE|[211]
16:00:27.0 (43125917)|VARIABLE_ASSIGNMENT|[EXTERNAL]|this|{"selected":true}|0x1b5fd3b8
16:00:27.0 (43134568)|VARIABLE_ASSIGNMENT|[EXTERNAL]|value|55800000
16:00:27.0 (43141131)|VARIABLE_ASSIGNMENT|[207]|this.t|55800000|0x1b5fd3b8
16:00:27.0 (43153782)|CONSTRUCTOR_EXIT|[116]|01p0H000007gCe8|<init>(Boolean,Time)
16:00:27.0 (43163033)|HEAP_ALLOCATE|[EXTERNAL]|Bytes:4
16:00:27.0 (43168399)|STATEMENT_EXECUTE|[117]
16:00:27.0 (43172268)|HEAP_ALLOCATE|[117]|Bytes:4
16:00:27.0 (43178242)|VARIABLE_ASSIGNMENT|[117]|this.Initialselected|4|0x6662534b
16:00:27.0 (43188058)|HEAP_ALLOCATE|[107]|Bytes:28
16:00:27.0 (43191630)|HEAP_ALLOCATE|[107]|Bytes:28
16:00:27.0 (43209798)|STATEMENT_EXECUTE|[107]
16:00:27.0 (43211548)|STATEMENT_EXECUTE|[108]
16:00:27.0 (43219787)|USER_DEBUG|[108]|DEBUG|15:30:00.000Z
16:00:27.0 (43226703)|STATEMENT_EXECUTE|[109]
16:00:27.0 (43235742)|HEAP_ALLOCATE|[109]|Bytes:4
16:00:27.0 (43248202)|VARIABLE_ASSIGNMENT|[109]|t|57600000
16:00:27.0 (43252206)|STATEMENT_EXECUTE|[110]
16:00:27.0 (43257429)|HEAP_ALLOCATE|[110]|Bytes:28
16:00:27.0 (43269400)|HEAP_ALLOCATE|[110]|Bytes:28
16:00:27.0 (43280374)|VARIABLE_ASSIGNMENT|[110]|i1|4.0
16:00:27.0 (43284108)|STATEMENT_EXECUTE|[111]
16:00:27.0 (43313047)|VARIABLE_ASSIGNMENT|[EXTERNAL]|this|{"aptdum":"0x33d6800e","Docdum":"0x6dd8a1ea","Docmap":"0xb667f46","Initialselected":4,"Selecteddoc":"a260H000001koYjQAI","SelectedtimeSlot":30,"timelist":"0x600ddbeb","timeset":"0x10d0d867","timewraplist":"0x2ad87281","timewraplistInitial":"0x11deeb32"}|0x6662534b
16:00:27.0 (43329056)|HEAP_ALLOCATE|[EXTERNAL]|Bytes:4
16:00:27.0 (43341095)|STATEMENT_EXECUTE|[115]
16:00:27.0 (43342731)|STATEMENT_EXECUTE|[116]
16:00:27.0 (43367937)|VARIABLE_ASSIGNMENT|[EXTERNAL]|this|{"aptdum":"0x33d6800e","Docdum":"0x6dd8a1ea","Docmap":"0xb667f46","Initialselected":4,"Selecteddoc":"a260H000001koYjQAI","SelectedtimeSlot":30,"timelist":"0x600ddbeb","timeset":"0x10d0d867","timewraplist":"0x2ad87281","timewraplistInitial":"0x11deeb32"}|0x6662534b
16:00:27.0 (43380490)|HEAP_ALLOCATE|[116]|Bytes:12
16:00:27.0 (43391118)|CONSTRUCTOR_ENTRY|[116]|01p0H000007gCe8|<init>(Boolean,Time)
16:00:27.0 (43396077)|VARIABLE_SCOPE_BEGIN|[209]|this|docappcontroller.Wrapertimeslot|true|false
16:00:27.0 (43407726)|VARIABLE_ASSIGNMENT|[209]|this|{}|0xe25c5a5
16:00:27.0 (43413611)|VARIABLE_SCOPE_BEGIN|[209]|selection|Boolean|false|false
16:00:27.0 (43420815)|VARIABLE_ASSIGNMENT|[209]|selection|true
16:00:27.0 (43424380)|VARIABLE_SCOPE_BEGIN|[209]|tm|Time|false|false
16:00:27.0 (43432193)|VARIABLE_ASSIGNMENT|[209]|tm|57600000
16:00:27.0 (43436178)|STATEMENT_EXECUTE|[205]
16:00:27.0 (43437744)|STATEMENT_EXECUTE|[206]
16:00:27.0 (43439226)|STATEMENT_EXECUTE|[207]
16:00:27.0 (43447598)|STATEMENT_EXECUTE|[209]
16:00:27.0 (43449210)|STATEMENT_EXECUTE|[210]
16:00:27.0 (43459682)|VARIABLE_ASSIGNMENT|[EXTERNAL]|this|{}|0xe25c5a5
16:00:27.0 (43467515)|VARIABLE_ASSIGNMENT|[EXTERNAL]|value|true
16:00:27.0 (43472761)|HEAP_ALLOCATE|[206]|Bytes:5
16:00:27.0 (43479488)|VARIABLE_ASSIGNMENT|[206]|this.selected|true|0xe25c5a5
16:00:27.0 (43486602)|STATEMENT_EXECUTE|[211]
16:00:27.0 (43497628)|VARIABLE_ASSIGNMENT|[EXTERNAL]|this|{"selected":true}|0xe25c5a5
16:00:27.0 (43505910)|VARIABLE_ASSIGNMENT|[EXTERNAL]|value|57600000
16:00:27.0 (43512589)|VARIABLE_ASSIGNMENT|[207]|this.t|57600000|0xe25c5a5
16:00:27.0 (43525819)|CONSTRUCTOR_EXIT|[116]|01p0H000007gCe8|<init>(Boolean,Time)
16:00:27.0 (43537902)|HEAP_ALLOCATE|[EXTERNAL]|Bytes:4
16:00:27.0 (43543669)|STATEMENT_EXECUTE|[117]
16:00:27.0 (43547194)|HEAP_ALLOCATE|[117]|Bytes:4
16:00:27.0 (43553846)|VARIABLE_ASSIGNMENT|[117]|this.Initialselected|5|0x6662534b
16:00:27.0 (43563889)|HEAP_ALLOCATE|[107]|Bytes:28
16:00:27.0 (43567336)|HEAP_ALLOCATE|[107]|Bytes:28
16:00:27.0 (43585333)|STATEMENT_EXECUTE|[107]
16:00:27.0 (43587058)|STATEMENT_EXECUTE|[108]
16:00:27.0 (43595390)|USER_DEBUG|[108]|DEBUG|16:00:00.000Z
16:00:27.0 (43605944)|STATEMENT_EXECUTE|[109]
16:00:27.0 (43615086)|HEAP_ALLOCATE|[109]|Bytes:4
16:00:27.0 (43627569)|VARIABLE_ASSIGNMENT|[109]|t|59400000
16:00:27.0 (43631878)|STATEMENT_EXECUTE|[110]
16:00:27.0 (43637580)|HEAP_ALLOCATE|[110]|Bytes:28
16:00:27.0 (43650119)|HEAP_ALLOCATE|[110]|Bytes:28
16:00:27.0 (43663084)|VARIABLE_ASSIGNMENT|[110]|i1|4.5
16:00:27.0 (43667450)|STATEMENT_EXECUTE|[111]
16:00:27.0 (43696969)|VARIABLE_ASSIGNMENT|[EXTERNAL]|this|{"aptdum":"0x33d6800e","Docdum":"0x6dd8a1ea","Docmap":"0xb667f46","Initialselected":5,"Selecteddoc":"a260H000001koYjQAI","SelectedtimeSlot":30,"timelist":"0x600ddbeb","timeset":"0x10d0d867","timewraplist":"0x2ad87281","timewraplistInitial":"0x11deeb32"}|0x6662534b
16:00:27.0 (43711391)|HEAP_ALLOCATE|[EXTERNAL]|Bytes:4
16:00:27.0 (43723141)|STATEMENT_EXECUTE|[115]
16:00:27.0 (43724973)|STATEMENT_EXECUTE|[116]
16:00:27.0 (43749280)|VARIABLE_ASSIGNMENT|[EXTERNAL]|this|{"aptdum":"0x33d6800e","Docdum":"0x6dd8a1ea","Docmap":"0xb667f46","Initialselected":5,"Selecteddoc":"a260H000001koYjQAI","SelectedtimeSlot":30,"timelist":"0x600ddbeb","timeset":"0x10d0d867","timewraplist":"0x2ad87281","timewraplistInitial":"0x11deeb32"}|0x6662534b
16:00:27.0 (43761885)|HEAP_ALLOCATE|[116]|Bytes:12
16:00:27.0 (43773088)|CONSTRUCTOR_ENTRY|[116]|01p0H000007gCe8|<init>(Boolean,Time)
16:00:27.0 (43777972)|VARIABLE_SCOPE_BEGIN|[209]|this|docappcontroller.Wrapertimeslot|true|false
16:00:27.0 (43790020)|VARIABLE_ASSIGNMENT|[209]|this|{}|0x2f4361c4
16:00:27.0 (43795955)|VARIABLE_SCOPE_BEGIN|[209]|selection|Boolean|false|false
16:00:27.0 (43802841)|VARIABLE_ASSIGNMENT|[209]|selection|true
16:00:27.0 (43806405)|VARIABLE_SCOPE_BEGIN|[209]|tm|Time|false|false
16:00:27.0 (43813790)|VARIABLE_ASSIGNMENT|[209]|tm|59400000
16:00:27.0 (43817841)|STATEMENT_EXECUTE|[205]
16:00:27.0 (43819317)|STATEMENT_EXECUTE|[206]
16:00:27.0 (43820801)|STATEMENT_EXECUTE|[207]
16:00:27.0 (43829163)|STATEMENT_EXECUTE|[209]
16:00:27.0 (43830764)|STATEMENT_EXECUTE|[210]
16:00:27.0 (43841063)|VARIABLE_ASSIGNMENT|[EXTERNAL]|this|{}|0x2f4361c4
16:00:27.0 (43848857)|VARIABLE_ASSIGNMENT|[EXTERNAL]|value|true
16:00:27.0 (43853789)|HEAP_ALLOCATE|[206]|Bytes:5
16:00:27.0 (43859873)|VARIABLE_ASSIGNMENT|[206]|this.selected|true|0x2f4361c4
16:00:27.0 (43866537)|STATEMENT_EXECUTE|[211]
16:00:27.0 (43877848)|VARIABLE_ASSIGNMENT|[EXTERNAL]|this|{"selected":true}|0x2f4361c4
16:00:27.0 (43885899)|VARIABLE_ASSIGNMENT|[EXTERNAL]|value|59400000
16:00:27.0 (43893233)|VARIABLE_ASSIGNMENT|[207]|this.t|59400000|0x2f4361c4
16:00:27.0 (43906044)|CONSTRUCTOR_EXIT|[116]|01p0H000007gCe8|<init>(Boolean,Time)
16:00:27.0 (43914740)|HEAP_ALLOCATE|[EXTERNAL]|Bytes:4
16:00:27.0 (43920253)|STATEMENT_EXECUTE|[117]
16:00:27.0 (43923752)|HEAP_ALLOCATE|[117]|Bytes:4
16:00:27.0 (43932371)|VARIABLE_ASSIGNMENT|[117]|this.Initialselected|6|0x6662534b
16:00:27.0 (43942506)|HEAP_ALLOCATE|[107]|Bytes:28
16:00:27.0 (43946050)|HEAP_ALLOCATE|[107]|Bytes:28
16:00:27.0 (43963793)|STATEMENT_EXECUTE|[107]
16:00:27.0 (43965625)|STATEMENT_EXECUTE|[108]
16:00:27.0 (43973754)|USER_DEBUG|[108]|DEBUG|16:30:00.000Z
16:00:27.0 (43980021)|STATEMENT_EXECUTE|[109]
16:00:27.0 (43988431)|HEAP_ALLOCATE|[109]|Bytes:4
16:00:27.0 (44001164)|VARIABLE_ASSIGNMENT|[109]|t|61200000
16:00:27.0 (44005855)|STATEMENT_EXECUTE|[110]
16:00:27.0 (44010899)|HEAP_ALLOCATE|[110]|Bytes:28
16:00:27.0 (44023110)|HEAP_ALLOCATE|[110]|Bytes:28
16:00:27.0 (44034369)|VARIABLE_ASSIGNMENT|[110]|i1|5.0
16:00:27.0 (44038570)|STATEMENT_EXECUTE|[111]
16:00:27.0 (44066779)|VARIABLE_ASSIGNMENT|[EXTERNAL]|this|{"aptdum":"0x33d6800e","Docdum":"0x6dd8a1ea","Docmap":"0xb667f46","Initialselected":6,"Selecteddoc":"a260H000001koYjQAI","SelectedtimeSlot":30,"timelist":"0x600ddbeb","timeset":"0x10d0d867","timewraplist":"0x2ad87281","timewraplistInitial":"0x11deeb32"}|0x6662534b
16:00:27.0 (44082132)|HEAP_ALLOCATE|[EXTERNAL]|Bytes:4
16:00:27.0 (44094839)|STATEMENT_EXECUTE|[113]
16:00:27.0 (44096474)|STATEMENT_EXECUTE|[114]
16:00:27.0 (44120644)|VARIABLE_ASSIGNMENT|[EXTERNAL]|this|{"aptdum":"0x33d6800e","Docdum":"0x6dd8a1ea","Docmap":"0xb667f46","Initialselected":6,"Selecteddoc":"a260H000001koYjQAI","SelectedtimeSlot":30,"timelist":"0x600ddbeb","timeset":"0x10d0d867","timewraplist":"0x2ad87281","timewraplistInitial":"0x11deeb32"}|0x6662534b
16:00:27.0 (44132673)|HEAP_ALLOCATE|[114]|Bytes:12
16:00:27.0 (44143552)|CONSTRUCTOR_ENTRY|[114]|01p0H000007gCe8|<init>(Boolean,Time)
16:00:27.0 (44148895)|VARIABLE_SCOPE_BEGIN|[209]|this|docappcontroller.Wrapertimeslot|true|false
16:00:27.0 (44161238)|VARIABLE_ASSIGNMENT|[209]|this|{}|0x4ff46ac8
16:00:27.0 (44167324)|VARIABLE_SCOPE_BEGIN|[209]|selection|Boolean|false|false
16:00:27.0 (44174473)|VARIABLE_ASSIGNMENT|[209]|selection|false
16:00:27.0 (44178189)|VARIABLE_SCOPE_BEGIN|[209]|tm|Time|false|false
16:00:27.0 (44185672)|VARIABLE_ASSIGNMENT|[209]|tm|61200000
16:00:27.0 (44189537)|STATEMENT_EXECUTE|[205]
16:00:27.0 (44191025)|STATEMENT_EXECUTE|[206]
16:00:27.0 (44192827)|STATEMENT_EXECUTE|[207]
16:00:27.0 (44201193)|STATEMENT_EXECUTE|[209]
16:00:27.0 (44202801)|STATEMENT_EXECUTE|[210]
16:00:27.0 (44213375)|VARIABLE_ASSIGNMENT|[EXTERNAL]|this|{}|0x4ff46ac8
16:00:27.0 (44221741)|VARIABLE_ASSIGNMENT|[EXTERNAL]|value|false
16:00:27.0 (44227524)|HEAP_ALLOCATE|[206]|Bytes:5
16:00:27.0 (44233303)|VARIABLE_ASSIGNMENT|[206]|this.selected|false|0x4ff46ac8
16:00:27.0 (44240036)|STATEMENT_EXECUTE|[211]
16:00:27.0 (44251103)|VARIABLE_ASSIGNMENT|[EXTERNAL]|this|{"selected":false}|0x4ff46ac8
16:00:27.0 (44259894)|VARIABLE_ASSIGNMENT|[EXTERNAL]|value|61200000
16:00:27.0 (44266799)|VARIABLE_ASSIGNMENT|[207]|this.t|61200000|0x4ff46ac8
16:00:27.0 (44279670)|CONSTRUCTOR_EXIT|[114]|01p0H000007gCe8|<init>(Boolean,Time)
16:00:27.0 (44288801)|HEAP_ALLOCATE|[EXTERNAL]|Bytes:4
16:00:27.0 (44299446)|HEAP_ALLOCATE|[107]|Bytes:28
16:00:27.0 (44303532)|HEAP_ALLOCATE|[107]|Bytes:28
16:00:27.0 (44320716)|STATEMENT_EXECUTE|[107]
16:00:27.0 (44322500)|STATEMENT_EXECUTE|[108]
16:00:27.0 (44330198)|USER_DEBUG|[108]|DEBUG|17:00:00.000Z
16:00:27.0 (44336594)|STATEMENT_EXECUTE|[109]
16:00:27.0 (44344969)|HEAP_ALLOCATE|[109]|Bytes:4
16:00:27.0 (44357184)|VARIABLE_ASSIGNMENT|[109]|t|63000000
16:00:27.0 (44361263)|STATEMENT_EXECUTE|[110]
16:00:27.0 (44366355)|HEAP_ALLOCATE|[110]|Bytes:28
16:00:27.0 (44377975)|HEAP_ALLOCATE|[110]|Bytes:28
16:00:27.0 (44388743)|VARIABLE_ASSIGNMENT|[110]|i1|5.5
16:00:27.0 (44392630)|STATEMENT_EXECUTE|[111]
16:00:27.0 (44421566)|VARIABLE_ASSIGNMENT|[EXTERNAL]|this|{"aptdum":"0x33d6800e","Docdum":"0x6dd8a1ea","Docmap":"0xb667f46","Initialselected":6,"Selecteddoc":"a260H000001koYjQAI","SelectedtimeSlot":30,"timelist":"0x600ddbeb","timeset":"0x10d0d867","timewraplist":"0x2ad87281","timewraplistInitial":"0x11deeb32"}|0x6662534b
16:00:27.0 (44436515)|HEAP_ALLOCATE|[EXTERNAL]|Bytes:4
16:00:27.0 (44448398)|STATEMENT_EXECUTE|[113]
16:00:27.0 (44450011)|STATEMENT_EXECUTE|[114]
16:00:27.0 (44474265)|VARIABLE_ASSIGNMENT|[EXTERNAL]|this|{"aptdum":"0x33d6800e","Docdum":"0x6dd8a1ea","Docmap":"0xb667f46","Initialselected":6,"Selecteddoc":"a260H000001koYjQAI","SelectedtimeSlot":30,"timelist":"0x600ddbeb","timeset":"0x10d0d867","timewraplist":"0x2ad87281","timewraplistInitial":"0x11deeb32"}|0x6662534b
16:00:27.0 (44485759)|HEAP_ALLOCATE|[114]|Bytes:12
16:00:27.0 (44496402)|CONSTRUCTOR_ENTRY|[114]|01p0H000007gCe8|<init>(Boolean,Time)
16:00:27.0 (44501464)|VARIABLE_SCOPE_BEGIN|[209]|this|docappcontroller.Wrapertimeslot|true|false
16:00:27.0 (44513403)|VARIABLE_ASSIGNMENT|[209]|this|{}|0x3b5919cf
16:00:27.0 (44519225)|VARIABLE_SCOPE_BEGIN|[209]|selection|Boolean|false|false
16:00:27.0 (44527296)|VARIABLE_ASSIGNMENT|[209]|selection|false
16:00:27.0 (44532414)|VARIABLE_SCOPE_BEGIN|[209]|tm|Time|false|false
16:00:27.0 (44540552)|VARIABLE_ASSIGNMENT|[209]|tm|63000000
16:00:27.0 (44545016)|STATEMENT_EXECUTE|[205]
16:00:27.0 (44546548)|STATEMENT_EXECUTE|[206]
16:00:27.0 (44548100)|STATEMENT_EXECUTE|[207]
16:00:27.0 (44556706)|STATEMENT_EXECUTE|[209]
16:00:27.0 (44558230)|STATEMENT_EXECUTE|[210]
16:00:27.0 (44569254)|VARIABLE_ASSIGNMENT|[EXTERNAL]|this|{}|0x3b5919cf
16:00:27.0 (44577212)|VARIABLE_ASSIGNMENT|[EXTERNAL]|value|false
16:00:27.0 (44581949)|HEAP_ALLOCATE|[206]|Bytes:5
16:00:27.0 (44587723)|VARIABLE_ASSIGNMENT|[206]|this.selected|false|0x3b5919cf
16:00:27.0 (44594377)|STATEMENT_EXECUTE|[211]
16:00:27.0 (44610024)|VARIABLE_ASSIGNMENT|[EXTERNAL]|this|{"selected":false}|0x3b5919cf
16:00:27.0 (44618843)|VARIABLE_ASSIGNMENT|[EXTERNAL]|value|63000000
16:00:27.0 (44625866)|VARIABLE_ASSIGNMENT|[207]|this.t|63000000|0x3b5919cf
16:00:27.0 (44638567)|CONSTRUCTOR_EXIT|[114]|01p0H000007gCe8|<init>(Boolean,Time)
16:00:27.0 (44647918)|HEAP_ALLOCATE|[EXTERNAL]|Bytes:4
16:00:27.0 (44658561)|HEAP_ALLOCATE|[107]|Bytes:28
16:00:27.0 (44662657)|HEAP_ALLOCATE|[107]|Bytes:28
16:00:27.0 (44680141)|STATEMENT_EXECUTE|[107]
16:00:27.0 (44682108)|STATEMENT_EXECUTE|[108]
16:00:27.0 (44689932)|USER_DEBUG|[108]|DEBUG|17:30:00.000Z
16:00:27.0 (44696267)|STATEMENT_EXECUTE|[109]
16:00:27.0 (44704890)|HEAP_ALLOCATE|[109]|Bytes:4
16:00:27.0 (44717412)|VARIABLE_ASSIGNMENT|[109]|t|64800000
16:00:27.0 (44721332)|STATEMENT_EXECUTE|[110]
16:00:27.0 (44726356)|HEAP_ALLOCATE|[110]|Bytes:28
16:00:27.0 (44738258)|HEAP_ALLOCATE|[110]|Bytes:28
16:00:27.0 (44748941)|VARIABLE_ASSIGNMENT|[110]|i1|6.0
16:00:27.0 (44752928)|STATEMENT_EXECUTE|[111]
16:00:27.0 (44780487)|VARIABLE_ASSIGNMENT|[EXTERNAL]|this|{"aptdum":"0x33d6800e","Docdum":"0x6dd8a1ea","Docmap":"0xb667f46","Initialselected":6,"Selecteddoc":"a260H000001koYjQAI","SelectedtimeSlot":30,"timelist":"0x600ddbeb","timeset":"0x10d0d867","timewraplist":"0x2ad87281","timewraplistInitial":"0x11deeb32"}|0x6662534b
16:00:27.0 (44795188)|HEAP_ALLOCATE|[EXTERNAL]|Bytes:4
16:00:27.0 (44807026)|STATEMENT_EXECUTE|[113]
16:00:27.0 (44808719)|STATEMENT_EXECUTE|[114]
16:00:27.0 (44836191)|VARIABLE_ASSIGNMENT|[EXTERNAL]|this|{"aptdum":"0x33d6800e","Docdum":"0x6dd8a1ea","Docmap":"0xb667f46","Initialselected":6,"Selecteddoc":"a260H000001koYjQAI","SelectedtimeSlot":30,"timelist":"0x600ddbeb","timeset":"0x10d0d867","timewraplist":"0x2ad87281","timewraplistInitial":"0x11deeb32"}|0x6662534b
16:00:27.0 (44849364)|HEAP_ALLOCATE|[114]|Bytes:12
16:00:27.0 (44860477)|CONSTRUCTOR_ENTRY|[114]|01p0H000007gCe8|<init>(Boolean,Time)
16:00:27.0 (44865654)|VARIABLE_SCOPE_BEGIN|[209]|this|docappcontroller.Wrapertimeslot|true|false
16:00:27.0 (44877665)|VARIABLE_ASSIGNMENT|[209]|this|{}|0x1e182c00
16:00:27.0 (44883859)|VARIABLE_SCOPE_BEGIN|[209]|selection|Boolean|false|false
16:00:27.0 (44891118)|VARIABLE_ASSIGNMENT|[209]|selection|false
16:00:27.0 (44894649)|VARIABLE_SCOPE_BEGIN|[209]|tm|Time|false|false
16:00:27.0 (44902239)|VARIABLE_ASSIGNMENT|[209]|tm|64800000
16:00:27.0 (44906752)|STATEMENT_EXECUTE|[205]
16:00:27.0 (44908255)|STATEMENT_EXECUTE|[206]
16:00:27.0 (44909743)|STATEMENT_EXECUTE|[207]
16:00:27.0 (44917900)|STATEMENT_EXECUTE|[209]
16:00:27.0 (44919511)|STATEMENT_EXECUTE|[210]
16:00:27.0 (44929753)|VARIABLE_ASSIGNMENT|[EXTERNAL]|this|{}|0x1e182c00
16:00:27.0 (44938000)|VARIABLE_ASSIGNMENT|[EXTERNAL]|value|false
16:00:27.0 (44943230)|HEAP_ALLOCATE|[206]|Bytes:5
16:00:27.0 (44949234)|VARIABLE_ASSIGNMENT|[206]|this.selected|false|0x1e182c00
16:00:27.0 (44956438)|STATEMENT_EXECUTE|[211]
16:00:27.0 (44967556)|VARIABLE_ASSIGNMENT|[EXTERNAL]|this|{"selected":false}|0x1e182c00
16:00:27.0 (44975776)|VARIABLE_ASSIGNMENT|[EXTERNAL]|value|64800000
16:00:27.0 (44982426)|VARIABLE_ASSIGNMENT|[207]|this.t|64800000|0x1e182c00
16:00:27.0 (44994808)|CONSTRUCTOR_EXIT|[114]|01p0H000007gCe8|<init>(Boolean,Time)
16:00:27.0 (45004360)|HEAP_ALLOCATE|[EXTERNAL]|Bytes:4
16:00:27.0 (45015370)|HEAP_ALLOCATE|[107]|Bytes:28
16:00:27.0 (45018721)|HEAP_ALLOCATE|[107]|Bytes:28
16:00:27.0 (45036150)|STATEMENT_EXECUTE|[107]
16:00:27.0 (45037965)|STATEMENT_EXECUTE|[108]
16:00:27.0 (45045532)|USER_DEBUG|[108]|DEBUG|18:00:00.000Z
16:00:27.0 (45052079)|STATEMENT_EXECUTE|[109]
16:00:27.0 (45060361)|HEAP_ALLOCATE|[109]|Bytes:4
16:00:27.0 (45072671)|VARIABLE_ASSIGNMENT|[109]|t|66600000
16:00:27.0 (45076632)|STATEMENT_EXECUTE|[110]
16:00:27.0 (45082117)|HEAP_ALLOCATE|[110]|Bytes:28
16:00:27.0 (45094400)|HEAP_ALLOCATE|[110]|Bytes:28
16:00:27.0 (45105515)|VARIABLE_ASSIGNMENT|[110]|i1|6.5
16:00:27.0 (45109634)|STATEMENT_EXECUTE|[111]
16:00:27.0 (45137821)|VARIABLE_ASSIGNMENT|[EXTERNAL]|this|{"aptdum":"0x33d6800e","Docdum":"0x6dd8a1ea","Docmap":"0xb667f46","Initialselected":6,"Selecteddoc":"a260H000001koYjQAI","SelectedtimeSlot":30,"timelist":"0x600ddbeb","timeset":"0x10d0d867","timewraplist":"0x2ad87281","timewraplistInitial":"0x11deeb32"}|0x6662534b
16:00:27.0 (45151883)|HEAP_ALLOCATE|[EXTERNAL]|Bytes:4
16:00:27.0 (45164345)|STATEMENT_EXECUTE|[113]
16:00:27.0 (45165949)|STATEMENT_EXECUTE|[114]
16:00:27.0 (45190202)|VARIABLE_ASSIGNMENT|[EXTERNAL]|this|{"aptdum":"0x33d6800e","Docdum":"0x6dd8a1ea","Docmap":"0xb667f46","Initialselected":6,"Selecteddoc":"a260H000001koYjQAI","SelectedtimeSlot":30,"timelist":"0x600ddbeb","timeset":"0x10d0d867","timewraplist":"0x2ad87281","timewraplistInitial":"0x11deeb32"}|0x6662534b
16:00:27.0 (45201791)|HEAP_ALLOCATE|[114]|Bytes:12
16:00:27.0 (45212712)|CONSTRUCTOR_ENTRY|[114]|01p0H000007gCe8|<init>(Boolean,Time)
16:00:27.0 (45218066)|VARIABLE_SCOPE_BEGIN|[209]|this|docappcontroller.Wrapertimeslot|true|false
16:00:27.0 (45229613)|VARIABLE_ASSIGNMENT|[209]|this|{}|0x7d61748f
16:00:27.0 (45236197)|VARIABLE_SCOPE_BEGIN|[209]|selection|Boolean|false|false
16:00:27.0 (45243507)|VARIABLE_ASSIGNMENT|[209]|selection|false
16:00:27.0 (45246794)|VARIABLE_SCOPE_BEGIN|[209]|tm|Time|false|false
16:00:27.0 (45254392)|VARIABLE_ASSIGNMENT|[209]|tm|66600000
16:00:27.0 (45258633)|STATEMENT_EXECUTE|[205]
16:00:27.0 (45260081)|STATEMENT_EXECUTE|[206]
16:00:27.0 (45261644)|STATEMENT_EXECUTE|[207]
16:00:27.0 (45269593)|STATEMENT_EXECUTE|[209]
16:00:27.0 (45271111)|STATEMENT_EXECUTE|[210]
16:00:27.0 (45281731)|VARIABLE_ASSIGNMENT|[EXTERNAL]|this|{}|0x7d61748f
16:00:27.0 (45290735)|VARIABLE_ASSIGNMENT|[EXTERNAL]|value|false
16:00:27.0 (45296366)|HEAP_ALLOCATE|[206]|Bytes:5
16:00:27.0 (45302164)|VARIABLE_ASSIGNMENT|[206]|this.selected|false|0x7d61748f
16:00:27.0 (45308735)|STATEMENT_EXECUTE|[211]
16:00:27.0 (45319747)|VARIABLE_ASSIGNMENT|[EXTERNAL]|this|{"selected":false}|0x7d61748f
16:00:27.0 (45328369)|VARIABLE_ASSIGNMENT|[EXTERNAL]|value|66600000
16:00:27.0 (45335223)|VARIABLE_ASSIGNMENT|[207]|this.t|66600000|0x7d61748f
16:00:27.0 (45348057)|CONSTRUCTOR_EXIT|[114]|01p0H000007gCe8|<init>(Boolean,Time)
16:00:27.0 (45357289)|HEAP_ALLOCATE|[EXTERNAL]|Bytes:4
16:00:27.0 (45367681)|HEAP_ALLOCATE|[107]|Bytes:28
16:00:27.0 (45371276)|HEAP_ALLOCATE|[107]|Bytes:28
16:00:27.0 (45388629)|STATEMENT_EXECUTE|[107]
16:00:27.0 (45390474)|STATEMENT_EXECUTE|[108]
16:00:27.0 (45398727)|USER_DEBUG|[108]|DEBUG|18:30:00.000Z
16:00:27.0 (45404707)|STATEMENT_EXECUTE|[109]
16:00:27.0 (45412860)|HEAP_ALLOCATE|[109]|Bytes:4
16:00:27.0 (45425288)|VARIABLE_ASSIGNMENT|[109]|t|68400000
16:00:27.0 (45429963)|STATEMENT_EXECUTE|[110]
16:00:27.0 (45434912)|HEAP_ALLOCATE|[110]|Bytes:28
16:00:27.0 (45446783)|HEAP_ALLOCATE|[110]|Bytes:28
16:00:27.0 (45457860)|VARIABLE_ASSIGNMENT|[110]|i1|7.0
16:00:27.0 (45462023)|STATEMENT_EXECUTE|[111]
16:00:27.0 (45489614)|VARIABLE_ASSIGNMENT|[EXTERNAL]|this|{"aptdum":"0x33d6800e","Docdum":"0x6dd8a1ea","Docmap":"0xb667f46","Initialselected":6,"Selecteddoc":"a260H000001koYjQAI","SelectedtimeSlot":30,"timelist":"0x600ddbeb","timeset":"0x10d0d867","timewraplist":"0x2ad87281","timewraplistInitial":"0x11deeb32"}|0x6662534b
16:00:27.0 (45504845)|HEAP_ALLOCATE|[EXTERNAL]|Bytes:4
16:00:27.0 (45516595)|STATEMENT_EXECUTE|[115]
16:00:27.0 (45518310)|STATEMENT_EXECUTE|[116]
16:00:27.0 (45545490)|VARIABLE_ASSIGNMENT|[EXTERNAL]|this|{"aptdum":"0x33d6800e","Docdum":"0x6dd8a1ea","Docmap":"0xb667f46","Initialselected":6,"Selecteddoc":"a260H000001koYjQAI","SelectedtimeSlot":30,"timelist":"0x600ddbeb","timeset":"0x10d0d867","timewraplist":"0x2ad87281","timewraplistInitial":"0x11deeb32"}|0x6662534b
16:00:27.0 (45557314)|HEAP_ALLOCATE|[116]|Bytes:12
16:00:27.0 (45568522)|CONSTRUCTOR_ENTRY|[116]|01p0H000007gCe8|<init>(Boolean,Time)
16:00:27.0 (45573688)|VARIABLE_SCOPE_BEGIN|[209]|this|docappcontroller.Wrapertimeslot|true|false
16:00:27.0 (45585649)|VARIABLE_ASSIGNMENT|[209]|this|{}|0x3d65e4d1
16:00:27.0 (45591422)|VARIABLE_SCOPE_BEGIN|[209]|selection|Boolean|false|false
16:00:27.0 (45602837)|VARIABLE_ASSIGNMENT|[209]|selection|true
16:00:27.0 (45607581)|VARIABLE_SCOPE_BEGIN|[209]|tm|Time|false|false
16:00:27.0 (45615172)|VARIABLE_ASSIGNMENT|[209]|tm|68400000
16:00:27.0 (45623185)|STATEMENT_EXECUTE|[205]
16:00:27.0 (45624970)|STATEMENT_EXECUTE|[206]
16:00:27.0 (45626393)|STATEMENT_EXECUTE|[207]
16:00:27.0 (45635001)|STATEMENT_EXECUTE|[209]
16:00:27.0 (45636546)|STATEMENT_EXECUTE|[210]
16:00:27.0 (45647426)|VARIABLE_ASSIGNMENT|[EXTERNAL]|this|{}|0x3d65e4d1
16:00:27.0 (45655971)|VARIABLE_ASSIGNMENT|[EXTERNAL]|value|true
16:00:27.0 (45661113)|HEAP_ALLOCATE|[206]|Bytes:5
16:00:27.0 (45667002)|VARIABLE_ASSIGNMENT|[206]|this.selected|true|0x3d65e4d1
16:00:27.0 (45673683)|STATEMENT_EXECUTE|[211]
16:00:27.0 (45684719)|VARIABLE_ASSIGNMENT|[EXTERNAL]|this|{"selected":true}|0x3d65e4d1
16:00:27.0 (45693383)|VARIABLE_ASSIGNMENT|[EXTERNAL]|value|68400000
16:00:27.0 (45700057)|VARIABLE_ASSIGNMENT|[207]|this.t|68400000|0x3d65e4d1
16:00:27.0 (45712642)|CONSTRUCTOR_EXIT|[116]|01p0H000007gCe8|<init>(Boolean,Time)
16:00:27.0 (45722283)|HEAP_ALLOCATE|[EXTERNAL]|Bytes:4
16:00:27.0 (45727859)|STATEMENT_EXECUTE|[117]
16:00:27.0 (45731917)|HEAP_ALLOCATE|[117]|Bytes:4
16:00:27.0 (45738681)|VARIABLE_ASSIGNMENT|[117]|this.Initialselected|7|0x6662534b
16:00:27.0 (45748760)|HEAP_ALLOCATE|[107]|Bytes:28
16:00:27.0 (45752410)|HEAP_ALLOCATE|[107]|Bytes:28
16:00:27.0 (45775302)|HEAP_ALLOCATE|[123]|Bytes:28
16:00:27.0 (45779728)|HEAP_ALLOCATE|[123]|Bytes:28
16:00:27.0 (45785210)|HEAP_ALLOCATE|[123]|Bytes:28
16:00:27.0 (45810595)|HEAP_ALLOCATE|[123]|Bytes:28
16:00:27.0 (45833022)|STATEMENT_EXECUTE|[123]
16:00:27.0 (45835232)|STATEMENT_EXECUTE|[129]
16:00:27.0 (45870375)|VARIABLE_ASSIGNMENT|[EXTERNAL]|this|{"aptdum":"0x33d6800e","Docdum":"0x6dd8a1ea","Docmap":"0xb667f46","Initialselected":7,"Selecteddoc":"a260H000001koYjQAI","SelectedtimeSlot":30,"timelist":"0x600ddbeb","timeset":"0x10d0d867","timewraplist":"0x2ad87281","timewraplistInitial":"0x11deeb32"}|0x6662534b
16:00:27.0 (45891397)|VARIABLE_ASSIGNMENT|[129]|this.timewraplistInitial|"List of size 15 too large to display"|0x6662534b
16:00:27.0 (45896986)|STATEMENT_EXECUTE|[131]
16:00:27.49 (49509263)|SYSTEM_MODE_ENTER|true
16:00:27.49 (49588070)|HEAP_ALLOCATE|[EXTERNAL]|Bytes:8
16:00:27.49 (49597651)|VARIABLE_SCOPE_BEGIN|[88]|this|ApexPage.PageMessagesComponentController|true|false
16:00:27.49 (49628475)|VARIABLE_ASSIGNMENT|[88]|this|{}|0x552532a4
16:00:27.49 (49634790)|VARIABLE_SCOPE_BEGIN|[88]|escape|Boolean|false|false
16:00:27.49 (49642224)|VARIABLE_ASSIGNMENT|[88]|escape|null
16:00:27.49 (49741057)|SYSTEM_MODE_ENTER|true
16:00:27.49 (49773627)|HEAP_ALLOCATE|[EXTERNAL]|Bytes:8
16:00:27.49 (49780079)|VARIABLE_SCOPE_BEGIN|[2]|this|ApexPage.PageMessagesComponentController|true|false
16:00:27.49 (49797832)|VARIABLE_ASSIGNMENT|[2]|this|{}|0x552532a4
16:00:27.0 (50128387)|SYSTEM_MODE_ENTER|true
16:00:27.0 (50565905)|SYSTEM_MODE_ENTER|true
16:00:27.0 (50889846)|SYSTEM_MODE_ENTER|true
16:00:27.0 (50969785)|SYSTEM_MODE_ENTER|true
16:00:27.72 (72034317)|SYSTEM_MODE_ENTER|true
16:00:27.72 (72124504)|HEAP_ALLOCATE|[EXTERNAL]|Bytes:8
16:00:27.72 (72139966)|VARIABLE_SCOPE_BEGIN|[88]|this|ApexPage.PageMessagesComponentController|true|false
16:00:27.72 (72176669)|VARIABLE_ASSIGNMENT|[88]|this|{}|0x552532a4
16:00:27.72 (72184139)|VARIABLE_SCOPE_BEGIN|[88]|escape|Boolean|false|false
16:00:27.72 (72192874)|VARIABLE_ASSIGNMENT|[88]|escape|null
16:00:27.72 (72333676)|SYSTEM_MODE_ENTER|true
16:00:27.72 (72366746)|HEAP_ALLOCATE|[EXTERNAL]|Bytes:8
16:00:27.72 (72377001)|VARIABLE_SCOPE_BEGIN|[2]|this|ApexPage.PageMessagesComponentController|true|false
16:00:27.72 (72395482)|VARIABLE_ASSIGNMENT|[2]|this|{}|0x552532a4
16:00:27.0 (73974935)|SYSTEM_MODE_ENTER|true
16:00:27.0 (74035395)|HEAP_ALLOCATE|[EXTERNAL]|Bytes:48
16:00:27.0 (74044317)|VARIABLE_SCOPE_BEGIN|[164]|this|docappcontroller|true|false
16:00:27.0 (74102129)|VARIABLE_ASSIGNMENT|[164]|this|{"aptdum":"0x33d6800e","Docdum":"0x6dd8a1ea","Docmap":"0xb667f46","Initialselected":7,"Selecteddoc":"a260H000001koYjQAI","SelectedtimeSlot":30,"timelist":"0x600ddbeb","timeset":"0x10d0d867","timewraplist":"0x2ad87281","timewraplistInitial":"0x2ad87281"}|0x6662534b
16:00:27.0 (74115804)|STATEMENT_EXECUTE|[164]
16:00:27.0 (74118186)|STATEMENT_EXECUTE|[166]
16:00:27.0 (74128432)|HEAP_ALLOCATE|[166]|Bytes:4
16:00:27.0 (74145141)|VARIABLE_SCOPE_BEGIN|[166]|options|List<System.SelectOption>|true|false
16:00:27.0 (74173885)|HEAP_ALLOCATE|[EXTERNAL]|Bytes:4
16:00:27.0 (74185204)|VARIABLE_ASSIGNMENT|[166]|options|[]|0x14029515
16:00:27.0 (74191373)|STATEMENT_EXECUTE|[167]
16:00:27.0 (74214019)|HEAP_ALLOCATE|[EXTERNAL]|Bytes:4
16:00:27.0 (74253454)|VARIABLE_ASSIGNMENT|[EXTERNAL]|this|{"aptdum":"0x33d6800e","Docdum":"0x6dd8a1ea","Docmap":"0xb667f46","Initialselected":7,"Selecteddoc":"a260H000001koYjQAI","SelectedtimeSlot":30,"timelist":"0x600ddbeb","timeset":"0x10d0d867","timewraplist":"0x2ad87281","timewraplistInitial":"0x2ad87281"}|0x6662534b
16:00:27.0 (74266957)|STATEMENT_EXECUTE|[168]
16:00:27.0 (74292324)|VARIABLE_ASSIGNMENT|[EXTERNAL]|this|{"aptdum":"0x33d6800e","Docdum":"0x6dd8a1ea","Docmap":"0xb667f46","Initialselected":7,"Selecteddoc":"a260H000001koYjQAI","SelectedtimeSlot":30,"timelist":"0x600ddbeb","timeset":"0x10d0d867","timewraplist":"0x2ad87281","timewraplistInitial":"0x2ad87281"}|0x6662534b
16:00:27.0 (74314915)|HEAP_ALLOCATE|[EXTERNAL]|Bytes:12
16:00:27.0 (74331791)|HEAP_ALLOCATE|[169]|Bytes:237
16:00:27.0 (74353965)|HEAP_ALLOCATE|[169]|Bytes:5
16:00:27.0 (74367062)|HEAP_ALLOCATE|[169]|Bytes:24
16:00:27.0 (74375192)|VARIABLE_SCOPE_BEGIN|[169]|doc|Doctor__c|true|false
16:00:27.0 (74399711)|VARIABLE_ASSIGNMENT|[169]|doc|{"Id":"a260H000001koYjQAI","Name":"doc 2","End_Time__c":68400000,"Speciality__c":"General Surgery","Start_Time__c":43200000}|0x313df3c4
16:00:27.0 (74406359)|STATEMENT_EXECUTE|[169]
16:00:27.0 (74408032)|STATEMENT_EXECUTE|[170]
16:00:27.0 (74421974)|HEAP_ALLOCATE|[170]|Bytes:18
16:00:27.0 (74436834)|HEAP_ALLOCATE|[EXTERNAL]|Bytes:4
16:00:27.0 (74448232)|HEAP_ALLOCATE|[169]|Bytes:5
16:00:27.0 (74456662)|HEAP_ALLOCATE|[169]|Bytes:24
16:00:27.0 (74461869)|VARIABLE_SCOPE_BEGIN|[169]|doc|Doctor__c|true|false
16:00:27.0 (74475622)|VARIABLE_ASSIGNMENT|[169]|doc|{"Id":"a260H000001koYeQAI","Name":"Doc1","End_Time__c":64800000,"Speciality__c":"General Surgery","Start_Time__c":32400000}|0x163121f6
16:00:27.0 (74481791)|STATEMENT_EXECUTE|[169]
16:00:27.0 (74483548)|STATEMENT_EXECUTE|[170]
16:00:27.0 (74489320)|HEAP_ALLOCATE|[170]|Bytes:18
16:00:27.0 (74499380)|HEAP_ALLOCATE|[EXTERNAL]|Bytes:4
16:00:27.0 (74509032)|HEAP_ALLOCATE|[169]|Bytes:5
16:00:27.0 (74518304)|VARIABLE_ASSIGNMENT|[169]|doc|null|
16:00:27.0 (74523684)|STATEMENT_EXECUTE|[176]
16:00:27.0 (74722351)|SYSTEM_MODE_ENTER|true
16:00:27.0 (78005724)|SYSTEM_MODE_ENTER|true
16:00:27.0 (78045497)|HEAP_ALLOCATE|[EXTERNAL]|Bytes:48
16:00:27.0 (78054078)|VARIABLE_SCOPE_BEGIN|[181]|this|docappcontroller|true|false
16:00:27.0 (78094312)|VARIABLE_ASSIGNMENT|[181]|this|{"aptdum":"0x33d6800e","Docdum":"0x6dd8a1ea","Docmap":"0xb667f46","Initialselected":7,"Selecteddoc":"a260H000001koYjQAI","SelectedtimeSlot":30,"timelist":"0x600ddbeb","timeset":"0x10d0d867","timewraplist":"0x2ad87281","timewraplistInitial":"0x2ad87281"}|0x6662534b
16:00:27.0 (78106927)|STATEMENT_EXECUTE|[181]
16:00:27.0 (78109262)|STATEMENT_EXECUTE|[183]
16:00:27.0 (78118751)|HEAP_ALLOCATE|[183]|Bytes:4
16:00:27.0 (78134280)|VARIABLE_SCOPE_BEGIN|[183]|options|List<System.SelectOption>|true|false
16:00:27.0 (78155865)|HEAP_ALLOCATE|[EXTERNAL]|Bytes:4
16:00:27.0 (78163824)|VARIABLE_ASSIGNMENT|[183]|options|[]|0x3d7c99c7
16:00:27.0 (78169519)|STATEMENT_EXECUTE|[184]
16:00:27.0 (78183953)|HEAP_ALLOCATE|[EXTERNAL]|Bytes:4
16:00:27.0 (78191177)|STATEMENT_EXECUTE|[187]
16:00:27.0 (78197874)|HEAP_ALLOCATE|[EXTERNAL]|Bytes:4
16:00:27.0 (78203106)|STATEMENT_EXECUTE|[188]
16:00:27.0 (78209515)|HEAP_ALLOCATE|[EXTERNAL]|Bytes:4
16:00:27.0 (78213971)|STATEMENT_EXECUTE|[193]
16:00:27.0 (78327453)|SYSTEM_MODE_ENTER|true
16:00:27.0 (80458391)|VF_SERIALIZE_VIEWSTATE_BEGIN|0660H000004OdRk
16:00:27.0 (98358536)|VF_SERIALIZE_VIEWSTATE_END
16:00:27.0 (116403319)|CODE_UNIT_STARTED|[EXTERNAL]|Generate Metadata
16:00:27.0 (118884078)|CODE_UNIT_FINISHED|Generate Metadata
16:00:27.122 (122012638)|CUMULATIVE_LIMIT_USAGE
16:00:27.122 (122012638)|LIMIT_USAGE_FOR_NS|(default)|
  Number of SOQL queries: 1 out of 100
  Number of query rows: 3 out of 50000
  Number of SOSL queries: 0 out of 20
  Number of DML statements: 0 out of 150
  Number of DML rows: 0 out of 10000
  Maximum CPU time: 0 out of 10000
  Maximum heap size: 0 out of 6000000
  Number of callouts: 0 out of 100
  Number of Email Invocations: 0 out of 10
  Number of future calls: 0 out of 50
  Number of queueable jobs added to the queue: 0 out of 50
  Number of Mobile Apex push calls: 0 out of 10

16:00:27.122 (122012638)|CUMULATIVE_LIMIT_USAGE_END

16:00:27.0 (122071550)|CODE_UNIT_FINISHED|VF: /apex/docapp
16:00:27.0 (123262077)|EXECUTION_FINISHED
