42.0 APEX_CODE,FINEST;APEX_PROFILING,INFO;CALLOUT,INFO;DB,INFO;SYSTEM,DEBUG;VALIDATION,INFO;VISUALFORCE,INFO;WAVE,INFO;WORKFLOW,INFO
14:56:24.0 (301996)|USER_INFO|[EXTERNAL]|005i0000002qYvT|anton@igate.com|India Standard Time|GMT+05:30
14:56:24.0 (397566)|EXECUTION_STARTED
14:56:24.0 (402435)|CODE_UNIT_STARTED|[EXTERNAL]|0660H000004OdRk|VF: /apex/docapp
14:56:24.0 (2739645)|SYSTEM_MODE_ENTER|true
14:56:24.0 (3133651)|HEAP_ALLOCATE|[72]|Bytes:3
14:56:24.0 (3183767)|HEAP_ALLOCATE|[77]|Bytes:152
14:56:24.0 (3195338)|HEAP_ALLOCATE|[342]|Bytes:408
14:56:24.0 (3206441)|HEAP_ALLOCATE|[355]|Bytes:408
14:56:24.0 (3217081)|HEAP_ALLOCATE|[467]|Bytes:48
14:56:24.0 (3241379)|HEAP_ALLOCATE|[139]|Bytes:6
14:56:24.0 (3257158)|HEAP_ALLOCATE|[EXTERNAL]|Bytes:14
14:56:24.0 (3280564)|HEAP_ALLOCATE|[EXTERNAL]|Bytes:248
14:56:24.0 (3284765)|HEAP_ALLOCATE|[EXTERNAL]|Bytes:53
14:56:24.0 (3289089)|HEAP_ALLOCATE|[EXTERNAL]|Bytes:14
14:56:24.0 (3314621)|METHOD_ENTRY|[1]|01p0H000007gCe8|docappcontroller.docappcontroller()
14:56:24.0 (3322236)|STATEMENT_EXECUTE|[1]
14:56:24.0 (3326844)|STATEMENT_EXECUTE|[1]
14:56:24.0 (3328462)|STATEMENT_EXECUTE|[197]
14:56:24.0 (3342098)|METHOD_EXIT|[1]|docappcontroller
14:56:24.0 (3398831)|HEAP_ALLOCATE|[EXTERNAL]|Bytes:48
14:56:24.0 (3436586)|VARIABLE_SCOPE_BEGIN|[137]|this|docappcontroller|true|false
14:56:24.0 (3502116)|VARIABLE_ASSIGNMENT|[137]|this|{}|0x7c351eb3
14:56:24.0 (3512916)|STATEMENT_EXECUTE|[1]
14:56:24.0 (3514774)|STATEMENT_EXECUTE|[3]
14:56:24.0 (3526737)|STATEMENT_EXECUTE|[4]
14:56:24.0 (3529599)|STATEMENT_EXECUTE|[5]
14:56:24.0 (3541571)|HEAP_ALLOCATE|[5]|Bytes:4
14:56:24.0 (3660523)|HEAP_ALLOCATE|[EXTERNAL]|Bytes:4
14:56:24.0 (3674214)|VARIABLE_ASSIGNMENT|[5]|this.timewraplistInitial|[]|0x7c351eb3
14:56:24.0 (3680635)|STATEMENT_EXECUTE|[6]
14:56:24.0 (3685486)|HEAP_ALLOCATE|[6]|Bytes:4
14:56:24.0 (3695437)|VARIABLE_ASSIGNMENT|[6]|this.Initialselected|0|0x7c351eb3
14:56:24.0 (3701061)|STATEMENT_EXECUTE|[7]
14:56:24.0 (3702677)|STATEMENT_EXECUTE|[130]
14:56:24.0 (3704308)|STATEMENT_EXECUTE|[131]
14:56:24.0 (3705791)|STATEMENT_EXECUTE|[132]
14:56:24.0 (3707275)|STATEMENT_EXECUTE|[133]
14:56:24.0 (3708827)|STATEMENT_EXECUTE|[134]
14:56:24.0 (3710326)|STATEMENT_EXECUTE|[135]
14:56:24.0 (3717389)|HEAP_ALLOCATE|[6]|Bytes:6
14:56:24.0 (3766941)|STATEMENT_EXECUTE|[137]
14:56:24.0 (3769157)|STATEMENT_EXECUTE|[138]
14:56:24.0 (3797400)|HEAP_ALLOCATE|[138]|Bytes:4
14:56:24.0 (3954592)|VARIABLE_ASSIGNMENT|[EXTERNAL]|this|{"Initialselected":0,"timewraplistInitial":"0xf455c36"}|0x7c351eb3
14:56:24.0 (3970942)|VARIABLE_ASSIGNMENT|[EXTERNAL]|value|{}|0x2f79a99e
14:56:24.0 (3983225)|VARIABLE_ASSIGNMENT|[130]|this.Docdum|{}|0x7c351eb3
14:56:24.0 (4011315)|STATEMENT_EXECUTE|[139]
14:56:24.0 (4031449)|HEAP_ALLOCATE|[139]|Bytes:4
14:56:24.0 (4126234)|VARIABLE_ASSIGNMENT|[EXTERNAL]|this|{"Docdum":"0x2f79a99e","Initialselected":0,"timewraplistInitial":"0xf455c36"}|0x7c351eb3
14:56:24.0 (4139261)|VARIABLE_ASSIGNMENT|[EXTERNAL]|value|{}|0x50961074
14:56:24.0 (4149824)|VARIABLE_ASSIGNMENT|[131]|this.aptdum|{}|0x7c351eb3
14:56:24.4 (4984232)|SYSTEM_MODE_ENTER|true
14:56:24.4 (5011598)|HEAP_ALLOCATE|[EXTERNAL]|Bytes:38
14:56:24.4 (5018702)|HEAP_ALLOCATE|[EXTERNAL]|Bytes:7
14:56:24.4 (5028254)|SYSTEM_METHOD_ENTRY|[1]|PageMessagesComponentController.PageMessagesComponentController()
14:56:24.4 (5033348)|STATEMENT_EXECUTE|[1]
14:56:24.5 (5145543)|SYSTEM_MODE_ENTER|true
14:56:24.5 (5204177)|HEAP_ALLOCATE|[EXTERNAL]|Bytes:8
14:56:24.5 (5211393)|VARIABLE_SCOPE_BEGIN|[88]|this|ApexPage.PageMessagesComponentController|true|false
14:56:24.5 (5249186)|VARIABLE_ASSIGNMENT|[88]|this|{}|0x67088b80
14:56:24.5 (5256902)|VARIABLE_SCOPE_BEGIN|[88]|escape|Boolean|false|false
14:56:24.5 (5264943)|VARIABLE_ASSIGNMENT|[88]|escape|null
14:56:24.5 (5384509)|SYSTEM_MODE_ENTER|true
14:56:24.5 (5419072)|HEAP_ALLOCATE|[EXTERNAL]|Bytes:8
14:56:24.5 (5425793)|VARIABLE_SCOPE_BEGIN|[2]|this|ApexPage.PageMessagesComponentController|true|false
14:56:24.5 (5452349)|VARIABLE_ASSIGNMENT|[2]|this|{}|0x67088b80
14:56:24.0 (6170091)|SYSTEM_MODE_ENTER|true
14:56:24.0 (8458492)|SYSTEM_MODE_ENTER|true
14:56:24.0 (10032214)|SYSTEM_MODE_ENTER|true
14:56:24.29 (29427034)|SYSTEM_MODE_ENTER|true
14:56:24.29 (29490230)|HEAP_ALLOCATE|[EXTERNAL]|Bytes:8
14:56:24.29 (29499598)|VARIABLE_SCOPE_BEGIN|[88]|this|ApexPage.PageMessagesComponentController|true|false
14:56:24.29 (29525045)|VARIABLE_ASSIGNMENT|[88]|this|{}|0x67088b80
14:56:24.29 (29531726)|VARIABLE_SCOPE_BEGIN|[88]|escape|Boolean|false|false
14:56:24.29 (29540141)|VARIABLE_ASSIGNMENT|[88]|escape|null
14:56:24.29 (29653464)|SYSTEM_MODE_ENTER|true
14:56:24.29 (29685570)|HEAP_ALLOCATE|[EXTERNAL]|Bytes:8
14:56:24.29 (29692720)|VARIABLE_SCOPE_BEGIN|[2]|this|ApexPage.PageMessagesComponentController|true|false
14:56:24.29 (29711700)|VARIABLE_ASSIGNMENT|[2]|this|{}|0x67088b80
14:56:24.0 (31037701)|SYSTEM_MODE_ENTER|true
14:56:24.0 (31109214)|HEAP_ALLOCATE|[EXTERNAL]|Bytes:48
14:56:24.0 (31206774)|VARIABLE_SCOPE_BEGIN|[156]|this|docappcontroller|true|false
14:56:24.0 (31248388)|VARIABLE_ASSIGNMENT|[156]|this|{"aptdum":"0x50961074","Docdum":"0x2f79a99e","Initialselected":0,"timewraplistInitial":"0xf455c36"}|0x7c351eb3
14:56:24.0 (31260662)|STATEMENT_EXECUTE|[156]
14:56:24.0 (31262669)|STATEMENT_EXECUTE|[158]
14:56:24.0 (31275248)|HEAP_ALLOCATE|[158]|Bytes:4
14:56:24.0 (31305703)|VARIABLE_SCOPE_BEGIN|[158]|options|List<System.SelectOption>|true|false
14:56:24.0 (31328539)|HEAP_ALLOCATE|[EXTERNAL]|Bytes:4
14:56:24.0 (31338487)|VARIABLE_ASSIGNMENT|[158]|options|[]|0x2ebec8d3
14:56:24.0 (31344329)|STATEMENT_EXECUTE|[159]
14:56:24.0 (31350675)|HEAP_ALLOCATE|[159]|Bytes:8
14:56:24.0 (31401446)|HEAP_ALLOCATE|[EXTERNAL]|Bytes:4
14:56:24.0 (31462175)|VARIABLE_ASSIGNMENT|[EXTERNAL]|this|{"aptdum":"0x50961074","Docdum":"0x2f79a99e","Initialselected":0,"timewraplistInitial":"0xf455c36"}|0x7c351eb3
14:56:24.0 (31477489)|STATEMENT_EXECUTE|[164]
14:56:24.0 (31479448)|STATEMENT_EXECUTE|[165]
14:56:24.0 (31482874)|HEAP_ALLOCATE|[165]|Bytes:23
14:56:24.0 (31505164)|METHOD_ENTRY|[165]|01p0H000007gCe8|docappcontroller.ShowError(String)
14:56:24.0 (31537467)|VARIABLE_SCOPE_BEGIN|[191]|this|docappcontroller|true|false
14:56:24.0 (31566629)|VARIABLE_ASSIGNMENT|[191]|this|{"aptdum":"0x50961074","Docdum":"0x2f79a99e","Initialselected":0,"timewraplistInitial":"0xf455c36"}|0x7c351eb3
14:56:24.0 (31578873)|VARIABLE_SCOPE_BEGIN|[191]|ErrorMsg|String|false|false
14:56:24.0 (31589406)|VARIABLE_ASSIGNMENT|[191]|ErrorMsg|"No Continents Data y (3 more) ..."
14:56:24.0 (31595403)|STATEMENT_EXECUTE|[191]
14:56:24.0 (31597051)|STATEMENT_EXECUTE|[193]
14:56:24.0 (31626117)|VARIABLE_SCOPE_BEGIN|[193]|m|ApexPages.Message|true|false
14:56:24.0 (31793561)|VARIABLE_ASSIGNMENT|[193]|m|"core.apexpages.framework.ApexPagesMessage@a2180b00"|0x639a86a8
14:56:24.0 (31802651)|STATEMENT_EXECUTE|[194]
14:56:24.0 (31925829)|VF_PAGE_MESSAGE|No Continents Data yet.
14:56:24.0 (31938730)|METHOD_EXIT|[165]|01p0H000007gCe8|docappcontroller.ShowError(String)
14:56:24.0 (31944575)|STATEMENT_EXECUTE|[168]
14:56:24.0 (32108453)|SYSTEM_MODE_ENTER|true
14:56:24.0 (32945788)|SYSTEM_MODE_ENTER|true
14:56:24.0 (32989772)|HEAP_ALLOCATE|[EXTERNAL]|Bytes:48
14:56:24.0 (33021934)|VARIABLE_SCOPE_BEGIN|[173]|this|docappcontroller|true|false
14:56:24.0 (33061308)|VARIABLE_ASSIGNMENT|[173]|this|{"aptdum":"0x50961074","Docdum":"0x2f79a99e","Initialselected":0,"timewraplistInitial":"0xf455c36"}|0x7c351eb3
14:56:24.0 (33071207)|STATEMENT_EXECUTE|[173]
14:56:24.0 (33073081)|STATEMENT_EXECUTE|[175]
14:56:24.0 (33082329)|HEAP_ALLOCATE|[175]|Bytes:4
14:56:24.0 (33104745)|VARIABLE_SCOPE_BEGIN|[175]|options|List<System.SelectOption>|true|false
14:56:24.0 (33125817)|HEAP_ALLOCATE|[EXTERNAL]|Bytes:4
14:56:24.0 (33134610)|VARIABLE_ASSIGNMENT|[175]|options|[]|0x7e963ec5
14:56:24.0 (33140769)|STATEMENT_EXECUTE|[176]
14:56:24.0 (33180697)|HEAP_ALLOCATE|[EXTERNAL]|Bytes:4
14:56:24.0 (33189452)|STATEMENT_EXECUTE|[179]
14:56:24.0 (33194006)|HEAP_ALLOCATE|[179]|Bytes:2
14:56:24.0 (33216976)|HEAP_ALLOCATE|[EXTERNAL]|Bytes:4
14:56:24.0 (33224047)|STATEMENT_EXECUTE|[180]
14:56:24.0 (33227335)|HEAP_ALLOCATE|[180]|Bytes:2
14:56:24.0 (33246330)|HEAP_ALLOCATE|[EXTERNAL]|Bytes:4
14:56:24.0 (33252671)|STATEMENT_EXECUTE|[185]
14:56:24.0 (33383453)|SYSTEM_MODE_ENTER|true
14:56:24.0 (35388379)|VF_SERIALIZE_VIEWSTATE_BEGIN|0660H000004OdRk
14:56:24.0 (57072580)|VF_SERIALIZE_VIEWSTATE_END
14:56:24.0 (59608487)|CODE_UNIT_STARTED|[EXTERNAL]|Generate Metadata
14:56:24.0 (60111873)|CODE_UNIT_FINISHED|Generate Metadata
14:56:24.61 (61945536)|CUMULATIVE_LIMIT_USAGE
14:56:24.61 (61945536)|LIMIT_USAGE_FOR_NS|(default)|
  Number of SOQL queries: 0 out of 100
  Number of query rows: 0 out of 50000
  Number of SOSL queries: 0 out of 20
  Number of DML statements: 0 out of 150
  Number of DML rows: 0 out of 10000
  Maximum CPU time: 0 out of 10000
  Maximum heap size: 0 out of 6000000
  Number of callouts: 0 out of 100
  Number of Email Invocations: 0 out of 10
  Number of future calls: 0 out of 50
  Number of queueable jobs added to the queue: 0 out of 50
  Number of Mobile Apex push calls: 0 out of 10

14:56:24.61 (61945536)|CUMULATIVE_LIMIT_USAGE_END

14:56:24.0 (61976310)|CODE_UNIT_FINISHED|VF: /apex/docapp
14:56:24.0 (62734809)|EXECUTION_FINISHED
