42.0 APEX_CODE,FINEST;APEX_PROFILING,INFO;CALLOUT,INFO;DB,INFO;SYSTEM,DEBUG;VALIDATION,INFO;VISUALFORCE,INFO;WAVE,INFO;WORKFLOW,INFO
13:05:13.0 (321136)|USER_INFO|[EXTERNAL]|005i0000002qYvT|anton@igate.com|India Standard Time|GMT+05:30
13:05:13.0 (425676)|EXECUTION_STARTED
13:05:13.0 (431592)|CODE_UNIT_STARTED|[EXTERNAL]|0660H000004OdRk|VF: /apex/docapp
13:05:13.0 (2874235)|SYSTEM_MODE_ENTER|true
13:05:13.0 (3292664)|HEAP_ALLOCATE|[72]|Bytes:3
13:05:13.0 (3356109)|HEAP_ALLOCATE|[77]|Bytes:152
13:05:13.0 (3372499)|HEAP_ALLOCATE|[342]|Bytes:408
13:05:13.0 (3384527)|HEAP_ALLOCATE|[355]|Bytes:408
13:05:13.0 (3396141)|HEAP_ALLOCATE|[467]|Bytes:48
13:05:13.0 (3424895)|HEAP_ALLOCATE|[139]|Bytes:6
13:05:13.0 (3441510)|HEAP_ALLOCATE|[EXTERNAL]|Bytes:14
13:05:13.0 (3462660)|HEAP_ALLOCATE|[EXTERNAL]|Bytes:248
13:05:13.0 (3468341)|HEAP_ALLOCATE|[EXTERNAL]|Bytes:44
13:05:13.0 (3473724)|HEAP_ALLOCATE|[EXTERNAL]|Bytes:12
13:05:13.0 (3499865)|METHOD_ENTRY|[1]|01p0H000007gCe8|docappcontroller.docappcontroller()
13:05:13.0 (3507450)|STATEMENT_EXECUTE|[1]
13:05:13.0 (3512491)|STATEMENT_EXECUTE|[1]
13:05:13.0 (3513970)|STATEMENT_EXECUTE|[153]
13:05:13.0 (3529658)|METHOD_EXIT|[1]|docappcontroller
13:05:13.0 (3589460)|HEAP_ALLOCATE|[EXTERNAL]|Bytes:40
13:05:13.0 (3621156)|VARIABLE_SCOPE_BEGIN|[93]|this|docappcontroller|true|false
13:05:13.0 (3684151)|VARIABLE_ASSIGNMENT|[93]|this|{}|0x7d8aade7
13:05:13.0 (3697820)|STATEMENT_EXECUTE|[1]
13:05:13.0 (3699731)|STATEMENT_EXECUTE|[3]
13:05:13.0 (3701576)|STATEMENT_EXECUTE|[4]
13:05:13.0 (3702952)|STATEMENT_EXECUTE|[5]
13:05:13.0 (3719245)|HEAP_ALLOCATE|[5]|Bytes:4
13:05:13.0 (3868043)|HEAP_ALLOCATE|[EXTERNAL]|Bytes:4
13:05:13.0 (3885833)|VARIABLE_ASSIGNMENT|[5]|this.timewraplistInitial|[]|0x7d8aade7
13:05:13.0 (3892883)|STATEMENT_EXECUTE|[86]
13:05:13.0 (3894796)|STATEMENT_EXECUTE|[87]
13:05:13.0 (3896150)|STATEMENT_EXECUTE|[88]
13:05:13.0 (3897533)|STATEMENT_EXECUTE|[89]
13:05:13.0 (3898896)|STATEMENT_EXECUTE|[90]
13:05:13.0 (3900245)|STATEMENT_EXECUTE|[91]
13:05:13.0 (3907397)|HEAP_ALLOCATE|[5]|Bytes:6
13:05:13.0 (3958468)|STATEMENT_EXECUTE|[93]
13:05:13.0 (3960342)|STATEMENT_EXECUTE|[94]
13:05:13.0 (3991320)|HEAP_ALLOCATE|[94]|Bytes:4
13:05:13.0 (4160935)|VARIABLE_ASSIGNMENT|[EXTERNAL]|this|{"timewraplistInitial":"0x28e76e09"}|0x7d8aade7
13:05:13.0 (4178955)|VARIABLE_ASSIGNMENT|[EXTERNAL]|value|{}|0x2cfdc21e
13:05:13.0 (4190791)|VARIABLE_ASSIGNMENT|[86]|this.Docdum|{}|0x7d8aade7
13:05:13.0 (4222235)|STATEMENT_EXECUTE|[95]
13:05:13.0 (4241917)|HEAP_ALLOCATE|[95]|Bytes:4
13:05:13.0 (4340807)|VARIABLE_ASSIGNMENT|[EXTERNAL]|this|{"Docdum":"0x2cfdc21e","timewraplistInitial":"0x28e76e09"}|0x7d8aade7
13:05:13.0 (4353415)|VARIABLE_ASSIGNMENT|[EXTERNAL]|value|{}|0x2240a166
13:05:13.0 (4366110)|VARIABLE_ASSIGNMENT|[87]|this.aptdum|{}|0x7d8aade7
13:05:13.5 (5224715)|SYSTEM_MODE_ENTER|true
13:05:13.5 (5253263)|HEAP_ALLOCATE|[EXTERNAL]|Bytes:38
13:05:13.5 (5261199)|HEAP_ALLOCATE|[EXTERNAL]|Bytes:7
13:05:13.5 (5268375)|SYSTEM_METHOD_ENTRY|[1]|PageMessagesComponentController.PageMessagesComponentController()
13:05:13.5 (5272775)|STATEMENT_EXECUTE|[1]
13:05:13.5 (5390553)|SYSTEM_MODE_ENTER|true
13:05:13.5 (5451709)|HEAP_ALLOCATE|[EXTERNAL]|Bytes:8
13:05:13.5 (5459550)|VARIABLE_SCOPE_BEGIN|[88]|this|ApexPage.PageMessagesComponentController|true|false
13:05:13.5 (5485765)|VARIABLE_ASSIGNMENT|[88]|this|{}|0x34771d11
13:05:13.5 (5492979)|VARIABLE_SCOPE_BEGIN|[88]|escape|Boolean|false|false
13:05:13.5 (5501983)|VARIABLE_ASSIGNMENT|[88]|escape|null
13:05:13.5 (5630334)|SYSTEM_MODE_ENTER|true
13:05:13.5 (5668301)|HEAP_ALLOCATE|[EXTERNAL]|Bytes:8
13:05:13.5 (5675330)|VARIABLE_SCOPE_BEGIN|[2]|this|ApexPage.PageMessagesComponentController|true|false
13:05:13.5 (5695221)|VARIABLE_ASSIGNMENT|[2]|this|{}|0x34771d11
13:05:13.0 (6520690)|SYSTEM_MODE_ENTER|true
13:05:13.0 (8826815)|SYSTEM_MODE_ENTER|true
13:05:13.0 (10492281)|SYSTEM_MODE_ENTER|true
13:05:13.34 (34508912)|SYSTEM_MODE_ENTER|true
13:05:13.34 (34593017)|HEAP_ALLOCATE|[EXTERNAL]|Bytes:8
13:05:13.34 (34606257)|VARIABLE_SCOPE_BEGIN|[88]|this|ApexPage.PageMessagesComponentController|true|false
13:05:13.34 (34640563)|VARIABLE_ASSIGNMENT|[88]|this|{}|0x34771d11
13:05:13.34 (34651894)|VARIABLE_SCOPE_BEGIN|[88]|escape|Boolean|false|false
13:05:13.34 (34665948)|VARIABLE_ASSIGNMENT|[88]|escape|null
13:05:13.34 (34840753)|SYSTEM_MODE_ENTER|true
13:05:13.34 (34890182)|HEAP_ALLOCATE|[EXTERNAL]|Bytes:8
13:05:13.34 (34897940)|VARIABLE_SCOPE_BEGIN|[2]|this|ApexPage.PageMessagesComponentController|true|false
13:05:13.34 (34919321)|VARIABLE_ASSIGNMENT|[2]|this|{}|0x34771d11
13:05:13.0 (36346597)|SYSTEM_MODE_ENTER|true
13:05:13.0 (36395270)|HEAP_ALLOCATE|[EXTERNAL]|Bytes:40
13:05:13.0 (36483707)|VARIABLE_SCOPE_BEGIN|[112]|this|docappcontroller|true|false
13:05:13.0 (36520605)|VARIABLE_ASSIGNMENT|[112]|this|{"aptdum":"0x2240a166","Docdum":"0x2cfdc21e","timewraplistInitial":"0x28e76e09"}|0x7d8aade7
13:05:13.0 (36531232)|STATEMENT_EXECUTE|[112]
13:05:13.0 (36533398)|STATEMENT_EXECUTE|[114]
13:05:13.0 (36548862)|HEAP_ALLOCATE|[114]|Bytes:4
13:05:13.0 (36580047)|VARIABLE_SCOPE_BEGIN|[114]|options|List<System.SelectOption>|true|false
13:05:13.0 (36602932)|HEAP_ALLOCATE|[EXTERNAL]|Bytes:4
13:05:13.0 (36616540)|VARIABLE_ASSIGNMENT|[114]|options|[]|0x645f49d8
13:05:13.0 (36622822)|STATEMENT_EXECUTE|[115]
13:05:13.0 (36632090)|HEAP_ALLOCATE|[115]|Bytes:8
13:05:13.0 (36714848)|HEAP_ALLOCATE|[EXTERNAL]|Bytes:4
13:05:13.0 (36780185)|VARIABLE_ASSIGNMENT|[EXTERNAL]|this|{"aptdum":"0x2240a166","Docdum":"0x2cfdc21e","timewraplistInitial":"0x28e76e09"}|0x7d8aade7
13:05:13.0 (36801654)|STATEMENT_EXECUTE|[120]
13:05:13.0 (36803961)|STATEMENT_EXECUTE|[121]
13:05:13.0 (36807502)|HEAP_ALLOCATE|[121]|Bytes:23
13:05:13.0 (36832453)|METHOD_ENTRY|[121]|01p0H000007gCe8|docappcontroller.ShowError(String)
13:05:13.0 (36870148)|VARIABLE_SCOPE_BEGIN|[147]|this|docappcontroller|true|false
13:05:13.0 (36895988)|VARIABLE_ASSIGNMENT|[147]|this|{"aptdum":"0x2240a166","Docdum":"0x2cfdc21e","timewraplistInitial":"0x28e76e09"}|0x7d8aade7
13:05:13.0 (36903292)|VARIABLE_SCOPE_BEGIN|[147]|ErrorMsg|String|false|false
13:05:13.0 (36913160)|VARIABLE_ASSIGNMENT|[147]|ErrorMsg|"No Continents Data y (3 more) ..."
13:05:13.0 (36918616)|STATEMENT_EXECUTE|[147]
13:05:13.0 (36920263)|STATEMENT_EXECUTE|[149]
13:05:13.0 (36955767)|VARIABLE_SCOPE_BEGIN|[149]|m|ApexPages.Message|true|false
13:05:13.0 (37127294)|VARIABLE_ASSIGNMENT|[149]|m|"core.apexpages.framework.ApexPagesMessage@c22e150a"|0x57e4be77
13:05:13.0 (37136414)|STATEMENT_EXECUTE|[150]
13:05:13.0 (37276620)|VF_PAGE_MESSAGE|No Continents Data yet.
13:05:13.0 (37289408)|METHOD_EXIT|[121]|01p0H000007gCe8|docappcontroller.ShowError(String)
13:05:13.0 (37295204)|STATEMENT_EXECUTE|[124]
13:05:13.0 (37471641)|SYSTEM_MODE_ENTER|true
13:05:13.0 (38354487)|SYSTEM_MODE_ENTER|true
13:05:13.0 (38400530)|HEAP_ALLOCATE|[EXTERNAL]|Bytes:40
13:05:13.0 (38433154)|VARIABLE_SCOPE_BEGIN|[129]|this|docappcontroller|true|false
13:05:13.0 (38464534)|VARIABLE_ASSIGNMENT|[129]|this|{"aptdum":"0x2240a166","Docdum":"0x2cfdc21e","timewraplistInitial":"0x28e76e09"}|0x7d8aade7
13:05:13.0 (38475129)|STATEMENT_EXECUTE|[129]
13:05:13.0 (38477075)|STATEMENT_EXECUTE|[131]
13:05:13.0 (38486395)|HEAP_ALLOCATE|[131]|Bytes:4
13:05:13.0 (38509013)|VARIABLE_SCOPE_BEGIN|[131]|options|List<System.SelectOption>|true|false
13:05:13.0 (38531116)|HEAP_ALLOCATE|[EXTERNAL]|Bytes:4
13:05:13.0 (38540214)|VARIABLE_ASSIGNMENT|[131]|options|[]|0x14b4b73e
13:05:13.0 (38546662)|STATEMENT_EXECUTE|[132]
13:05:13.0 (38585388)|HEAP_ALLOCATE|[EXTERNAL]|Bytes:4
13:05:13.0 (38594081)|STATEMENT_EXECUTE|[135]
13:05:13.0 (38598756)|HEAP_ALLOCATE|[135]|Bytes:2
13:05:13.0 (38622209)|HEAP_ALLOCATE|[EXTERNAL]|Bytes:4
13:05:13.0 (38628800)|STATEMENT_EXECUTE|[136]
13:05:13.0 (38632204)|HEAP_ALLOCATE|[136]|Bytes:2
13:05:13.0 (38652319)|HEAP_ALLOCATE|[EXTERNAL]|Bytes:4
13:05:13.0 (38659277)|STATEMENT_EXECUTE|[141]
13:05:13.0 (38793964)|SYSTEM_MODE_ENTER|true
13:05:13.0 (40252335)|VF_SERIALIZE_VIEWSTATE_BEGIN|0660H000004OdRk
13:05:13.0 (54094988)|VF_SERIALIZE_VIEWSTATE_END
13:05:13.0 (56317101)|CODE_UNIT_STARTED|[EXTERNAL]|Generate Metadata
13:05:13.0 (56875576)|CODE_UNIT_FINISHED|Generate Metadata
13:05:13.58 (58697514)|CUMULATIVE_LIMIT_USAGE
13:05:13.58 (58697514)|LIMIT_USAGE_FOR_NS|(default)|
  Number of SOQL queries: 0 out of 100
  Number of query rows: 0 out of 50000
  Number of SOSL queries: 0 out of 20
  Number of DML statements: 0 out of 150
  Number of DML rows: 0 out of 10000
  Maximum CPU time: 0 out of 10000
  Maximum heap size: 0 out of 6000000
  Number of callouts: 0 out of 100
  Number of Email Invocations: 0 out of 10
  Number of future calls: 0 out of 50
  Number of queueable jobs added to the queue: 0 out of 50
  Number of Mobile Apex push calls: 0 out of 10

13:05:13.58 (58697514)|CUMULATIVE_LIMIT_USAGE_END

13:05:13.0 (58738085)|CODE_UNIT_FINISHED|VF: /apex/docapp
13:05:13.0 (59584668)|EXECUTION_FINISHED
