42.0 APEX_CODE,FINEST;APEX_PROFILING,INFO;CALLOUT,INFO;DB,INFO;SYSTEM,DEBUG;VALIDATION,INFO;VISUALFORCE,INFO;WAVE,INFO;WORKFLOW,INFO
16:19:26.0 (281535)|USER_INFO|[EXTERNAL]|005i0000002qYvT|anton@igate.com|India Standard Time|GMT+05:30
16:19:26.0 (402025)|EXECUTION_STARTED
16:19:26.0 (406861)|CODE_UNIT_STARTED|[EXTERNAL]|0660H000004OdRk|VF: /apex/docapp
16:19:26.0 (1383394)|VF_DESERIALIZE_VIEWSTATE_BEGIN|0660H000004OdRk
16:19:26.0 (6592844)|HEAP_ALLOCATE|[72]|Bytes:3
16:19:26.0 (6656739)|HEAP_ALLOCATE|[77]|Bytes:152
16:19:26.0 (6671500)|HEAP_ALLOCATE|[342]|Bytes:408
16:19:26.0 (6683886)|HEAP_ALLOCATE|[355]|Bytes:408
16:19:26.0 (6694729)|HEAP_ALLOCATE|[467]|Bytes:48
16:19:26.0 (6745933)|HEAP_ALLOCATE|[139]|Bytes:6
16:19:26.0 (7227001)|HEAP_ALLOCATE|[50]|Bytes:5
16:19:26.0 (7254384)|HEAP_ALLOCATE|[56]|Bytes:5
16:19:26.0 (7268673)|HEAP_ALLOCATE|[64]|Bytes:7
16:19:26.0 (11015321)|VF_DESERIALIZE_VIEWSTATE_END
16:19:26.11 (11627863)|SYSTEM_MODE_ENTER|true
16:19:26.11 (11772128)|HEAP_ALLOCATE|[EXTERNAL]|Bytes:38
16:19:26.11 (11796747)|HEAP_ALLOCATE|[EXTERNAL]|Bytes:7
16:19:26.11 (11817810)|SYSTEM_METHOD_ENTRY|[1]|PageMessagesComponentController.PageMessagesComponentController()
16:19:26.11 (11823615)|STATEMENT_EXECUTE|[1]
16:19:26.12 (12653200)|SYSTEM_MODE_ENTER|true
16:19:26.12 (12704100)|HEAP_ALLOCATE|[EXTERNAL]|Bytes:8
16:19:26.12 (12712473)|VARIABLE_SCOPE_BEGIN|[88]|this|ApexPage.PageMessagesComponentController|true|false
16:19:26.12 (12748152)|VARIABLE_ASSIGNMENT|[88]|this|{}|0x7134ba27
16:19:26.12 (12755129)|VARIABLE_SCOPE_BEGIN|[88]|escape|Boolean|false|false
16:19:26.12 (12764193)|VARIABLE_ASSIGNMENT|[88]|escape|null
16:19:26.0 (12925351)|SYSTEM_MODE_ENTER|true
16:19:26.0 (12947865)|HEAP_ALLOCATE|[EXTERNAL]|Bytes:14
16:19:26.0 (12955151)|HEAP_ALLOCATE|[EXTERNAL]|Bytes:248
16:19:26.0 (12959338)|HEAP_ALLOCATE|[EXTERNAL]|Bytes:53
16:19:26.0 (12963104)|HEAP_ALLOCATE|[EXTERNAL]|Bytes:20
16:19:26.0 (12969341)|METHOD_ENTRY|[1]|01p0H000007gCe8|docappcontroller.docappcontroller()
16:19:26.0 (12974725)|STATEMENT_EXECUTE|[1]
16:19:26.0 (12978460)|STATEMENT_EXECUTE|[1]
16:19:26.0 (12980026)|STATEMENT_EXECUTE|[208]
16:19:26.0 (12984187)|METHOD_EXIT|[1]|docappcontroller
16:19:26.0 (17244653)|SYSTEM_MODE_ENTER|true
16:19:26.0 (19406017)|SYSTEM_MODE_ENTER|true
16:19:26.0 (19557528)|SYSTEM_MODE_ENTER|true
16:19:26.0 (19881661)|HEAP_ALLOCATE|[EXTERNAL]|Bytes:108
16:19:26.0 (19891274)|HEAP_ALLOCATE|[EXTERNAL]|Bytes:11
16:19:26.0 (22356539)|SYSTEM_MODE_ENTER|true
16:19:26.0 (22622513)|HEAP_ALLOCATE|[EXTERNAL]|Bytes:48
16:19:26.0 (22632876)|VARIABLE_SCOPE_BEGIN|[164]|this|docappcontroller|true|false
16:19:26.0 (22700054)|VARIABLE_ASSIGNMENT|[164]|this|{"aptdum":"0x7c6dc9ac","Docdum":"0x6f3b69d5","Docmap":"0x3825f741","Initialselected":6,"Selecteddoc":"a260H000001koYlQAI","SelectedtimeSlot":60,"timelist":"0x3cc10965","timeset":"0x473ddd34","timewraplist":"0x6c4a1f6b","timewraplistInitial":"0x6c4a1f6b"}|0x701ede82
16:19:26.0 (22713653)|STATEMENT_EXECUTE|[164]
16:19:26.0 (22715753)|STATEMENT_EXECUTE|[166]
16:19:26.0 (22743526)|HEAP_ALLOCATE|[166]|Bytes:4
16:19:26.0 (22774920)|VARIABLE_SCOPE_BEGIN|[166]|options|List<System.SelectOption>|true|false
16:19:26.0 (22798203)|HEAP_ALLOCATE|[EXTERNAL]|Bytes:4
16:19:26.0 (22809333)|VARIABLE_ASSIGNMENT|[166]|options|[]|0x558f5cd6
16:19:26.0 (22815041)|STATEMENT_EXECUTE|[167]
16:19:26.0 (22822142)|HEAP_ALLOCATE|[167]|Bytes:8
16:19:26.0 (22870251)|HEAP_ALLOCATE|[EXTERNAL]|Bytes:4
16:19:26.0 (22923813)|VARIABLE_ASSIGNMENT|[EXTERNAL]|this|{"aptdum":"0x7c6dc9ac","Docdum":"0x6f3b69d5","Docmap":"0x3825f741","Initialselected":6,"Selecteddoc":"a260H000001koYlQAI","SelectedtimeSlot":60,"timelist":"0x3cc10965","timeset":"0x473ddd34","timewraplist":"0x6c4a1f6b","timewraplistInitial":"0x6c4a1f6b"}|0x701ede82
16:19:26.0 (22939779)|STATEMENT_EXECUTE|[168]
16:19:26.0 (22971576)|VARIABLE_ASSIGNMENT|[EXTERNAL]|this|{"aptdum":"0x7c6dc9ac","Docdum":"0x6f3b69d5","Docmap":"0x3825f741","Initialselected":6,"Selecteddoc":"a260H000001koYlQAI","SelectedtimeSlot":60,"timelist":"0x3cc10965","timeset":"0x473ddd34","timewraplist":"0x6c4a1f6b","timewraplistInitial":"0x6c4a1f6b"}|0x701ede82
16:19:26.0 (23005903)|HEAP_ALLOCATE|[EXTERNAL]|Bytes:8
16:19:26.0 (23021703)|HEAP_ALLOCATE|[169]|Bytes:116
16:19:26.0 (23157718)|HEAP_ALLOCATE|[169]|Bytes:5
16:19:26.0 (23203483)|HEAP_ALLOCATE|[169]|Bytes:24
16:19:26.0 (23214410)|VARIABLE_SCOPE_BEGIN|[169]|doc|Doctor__c|true|false
16:19:26.0 (23310826)|VARIABLE_ASSIGNMENT|[169]|doc|{"Id":"a260H000001koYlQAI","Name":"doc4","End_Time__c":68400000,"Speciality__c":"Dermatology","Start_Time__c":32400000}|0x66360ebe
16:19:26.0 (23320587)|STATEMENT_EXECUTE|[169]
16:19:26.0 (23322826)|STATEMENT_EXECUTE|[170]
16:19:26.0 (23366925)|HEAP_ALLOCATE|[170]|Bytes:18
16:19:26.0 (23419492)|HEAP_ALLOCATE|[EXTERNAL]|Bytes:4
16:19:26.0 (23435403)|HEAP_ALLOCATE|[169]|Bytes:5
16:19:26.0 (23447747)|VARIABLE_ASSIGNMENT|[169]|doc|null|
16:19:26.0 (23453334)|STATEMENT_EXECUTE|[176]
16:19:26.0 (23534161)|SYSTEM_MODE_ENTER|true
16:19:26.0 (24330077)|SYSTEM_MODE_ENTER|true
16:19:26.0 (24371799)|HEAP_ALLOCATE|[EXTERNAL]|Bytes:48
16:19:26.0 (24380910)|VARIABLE_SCOPE_BEGIN|[181]|this|docappcontroller|true|false
16:19:26.0 (24420913)|VARIABLE_ASSIGNMENT|[181]|this|{"aptdum":"0x7c6dc9ac","Docdum":"0x6f3b69d5","Docmap":"0x3825f741","Initialselected":6,"Selecteddoc":"a260H000001koYlQAI","SelectedtimeSlot":60,"timelist":"0x3cc10965","timeset":"0x473ddd34","timewraplist":"0x6c4a1f6b","timewraplistInitial":"0x6c4a1f6b"}|0x701ede82
16:19:26.0 (24433479)|STATEMENT_EXECUTE|[181]
16:19:26.0 (24435503)|STATEMENT_EXECUTE|[183]
16:19:26.0 (24444923)|HEAP_ALLOCATE|[183]|Bytes:4
16:19:26.0 (24466661)|VARIABLE_SCOPE_BEGIN|[183]|options|List<System.SelectOption>|true|false
16:19:26.0 (24487660)|HEAP_ALLOCATE|[EXTERNAL]|Bytes:4
16:19:26.0 (24495641)|VARIABLE_ASSIGNMENT|[183]|options|[]|0x22b368ce
16:19:26.0 (24501158)|STATEMENT_EXECUTE|[184]
16:19:26.0 (24504684)|HEAP_ALLOCATE|[184]|Bytes:79
16:19:26.0 (24519026)|HEAP_ALLOCATE|[184]|Bytes:4
16:19:26.0 (25251526)|SOQL_EXECUTE_BEGIN|[184]|Aggregations:0|SELECT Interval__c FROM Time_Interval__mdt ORDER BY Interval__c ASC NULLS FIRST
16:19:26.0 (28449635)|SOQL_EXECUTE_END|[184]|Rows:2
16:19:26.0 (28475456)|HEAP_ALLOCATE|[184]|Bytes:12
16:19:26.0 (28491186)|HEAP_ALLOCATE|[184]|Bytes:92
16:19:26.0 (28541907)|HEAP_ALLOCATE|[184]|Bytes:12
16:19:26.0 (28553568)|VARIABLE_SCOPE_BEGIN|[184]|intervals|List<Time_Interval__mdt>|true|false
16:19:26.0 (28575378)|VARIABLE_ASSIGNMENT|[184]|intervals|[{"Interval__c":"30","Id":"m030H000000bmFqQAI"},{"Interval__c":"60","Id":"m030H000000bmFvQAI"}]|0x3865823f
16:19:26.0 (28675357)|HEAP_ALLOCATE|[187]|Bytes:5
16:19:26.0 (28690173)|HEAP_ALLOCATE|[187]|Bytes:12
16:19:26.0 (28697780)|VARIABLE_SCOPE_BEGIN|[187]|i|Time_Interval__mdt|true|false
16:19:26.0 (28713016)|VARIABLE_ASSIGNMENT|[187]|i|{"Interval__c":"30","Id":"m030H000000bmFqQAI"}|0x404a26de
16:19:26.0 (28719454)|STATEMENT_EXECUTE|[187]
16:19:26.0 (28721509)|STATEMENT_EXECUTE|[188]
16:19:26.0 (28782580)|HEAP_ALLOCATE|[EXTERNAL]|Bytes:4
16:19:26.0 (28798624)|HEAP_ALLOCATE|[187]|Bytes:5
16:19:26.0 (28808474)|HEAP_ALLOCATE|[187]|Bytes:12
16:19:26.0 (28814782)|VARIABLE_SCOPE_BEGIN|[187]|i|Time_Interval__mdt|true|false
16:19:26.0 (28828164)|VARIABLE_ASSIGNMENT|[187]|i|{"Interval__c":"60","Id":"m030H000000bmFvQAI"}|0x542a2092
16:19:26.0 (28834245)|STATEMENT_EXECUTE|[187]
16:19:26.0 (28836482)|STATEMENT_EXECUTE|[188]
16:19:26.0 (28849681)|HEAP_ALLOCATE|[EXTERNAL]|Bytes:4
16:19:26.0 (28860220)|HEAP_ALLOCATE|[187]|Bytes:5
16:19:26.0 (28869547)|VARIABLE_ASSIGNMENT|[187]|i|null|
16:19:26.0 (28874287)|STATEMENT_EXECUTE|[196]
16:19:26.0 (29282459)|SYSTEM_MODE_ENTER|true
16:19:26.29 (29856306)|SYSTEM_MODE_ENTER|true
16:19:26.29 (29907398)|HEAP_ALLOCATE|[EXTERNAL]|Bytes:8
16:19:26.29 (29915933)|VARIABLE_SCOPE_BEGIN|[88]|this|ApexPage.PageMessagesComponentController|true|false
16:19:26.29 (29938303)|VARIABLE_ASSIGNMENT|[88]|this|{}|0x7134ba27
16:19:26.29 (29944527)|VARIABLE_SCOPE_BEGIN|[88]|escape|Boolean|false|false
16:19:26.29 (29952234)|VARIABLE_ASSIGNMENT|[88]|escape|null
16:19:26.0 (30124345)|SYSTEM_MODE_ENTER|true
16:19:26.0 (30155375)|HEAP_ALLOCATE|[EXTERNAL]|Bytes:18
16:19:26.0 (30161230)|HEAP_ALLOCATE|[EXTERNAL]|Bytes:48
16:19:26.0 (30185318)|VARIABLE_ASSIGNMENT|[EXTERNAL]|this.Selecteddoc|"a260H000001koYlQAI"|0x701ede82
16:19:26.0 (30228257)|SYSTEM_MODE_ENTER|true
16:19:26.0 (30371005)|SYSTEM_MODE_ENTER|true
16:19:26.0 (30566524)|HEAP_ALLOCATE|[EXTERNAL]|Bytes:5
16:19:26.0 (30575255)|HEAP_ALLOCATE|[EXTERNAL]|Bytes:12
16:19:26.0 (30584738)|VARIABLE_ASSIGNMENT|[EXTERNAL]|this.selected|false|0x54f2902d
16:19:26.0 (30645027)|HEAP_ALLOCATE|[EXTERNAL]|Bytes:5
16:19:26.0 (30650283)|HEAP_ALLOCATE|[EXTERNAL]|Bytes:12
16:19:26.0 (30657261)|VARIABLE_ASSIGNMENT|[EXTERNAL]|this.selected|false|0x34dd9807
16:19:26.0 (30700225)|HEAP_ALLOCATE|[EXTERNAL]|Bytes:5
16:19:26.0 (30705230)|HEAP_ALLOCATE|[EXTERNAL]|Bytes:12
16:19:26.0 (30710941)|VARIABLE_ASSIGNMENT|[EXTERNAL]|this.selected|false|0xe325d8
16:19:26.0 (30751895)|HEAP_ALLOCATE|[EXTERNAL]|Bytes:5
16:19:26.0 (30756408)|HEAP_ALLOCATE|[EXTERNAL]|Bytes:12
16:19:26.0 (30762441)|VARIABLE_ASSIGNMENT|[EXTERNAL]|this.selected|false|0x3ceed3e8
16:19:26.0 (30803706)|HEAP_ALLOCATE|[EXTERNAL]|Bytes:5
16:19:26.0 (30808168)|HEAP_ALLOCATE|[EXTERNAL]|Bytes:12
16:19:26.0 (30814102)|VARIABLE_ASSIGNMENT|[EXTERNAL]|this.selected|false|0x7cdd4fa0
16:19:26.0 (30853672)|HEAP_ALLOCATE|[EXTERNAL]|Bytes:5
16:19:26.0 (30858038)|HEAP_ALLOCATE|[EXTERNAL]|Bytes:12
16:19:26.0 (30863640)|VARIABLE_ASSIGNMENT|[EXTERNAL]|this.selected|false|0x2498ed9c
16:19:26.0 (30903587)|HEAP_ALLOCATE|[EXTERNAL]|Bytes:5
16:19:26.0 (30908011)|HEAP_ALLOCATE|[EXTERNAL]|Bytes:12
16:19:26.0 (30913699)|VARIABLE_ASSIGNMENT|[EXTERNAL]|this.selected|false|0x3d4cd132
16:19:26.0 (30953188)|HEAP_ALLOCATE|[EXTERNAL]|Bytes:5
16:19:26.0 (30957827)|HEAP_ALLOCATE|[EXTERNAL]|Bytes:12
16:19:26.0 (30964140)|VARIABLE_ASSIGNMENT|[EXTERNAL]|this.selected|false|0x77f724e0
16:19:26.0 (31005147)|HEAP_ALLOCATE|[EXTERNAL]|Bytes:5
16:19:26.0 (31010327)|HEAP_ALLOCATE|[EXTERNAL]|Bytes:12
16:19:26.0 (31016379)|VARIABLE_ASSIGNMENT|[EXTERNAL]|this.selected|false|0x6141c5f1
16:19:26.0 (31056081)|HEAP_ALLOCATE|[EXTERNAL]|Bytes:5
16:19:26.0 (31060478)|HEAP_ALLOCATE|[EXTERNAL]|Bytes:12
16:19:26.0 (31066822)|VARIABLE_ASSIGNMENT|[EXTERNAL]|this.selected|false|0x2d63048
16:19:26.0 (31112984)|HEAP_ALLOCATE|[EXTERNAL]|Bytes:5
16:19:26.0 (31117578)|HEAP_ALLOCATE|[EXTERNAL]|Bytes:12
16:19:26.0 (31123629)|VARIABLE_ASSIGNMENT|[EXTERNAL]|this.selected|false|0x59c8b461
16:19:26.0 (31170607)|HEAP_ALLOCATE|[EXTERNAL]|Bytes:5
16:19:26.0 (31175492)|HEAP_ALLOCATE|[EXTERNAL]|Bytes:12
16:19:26.0 (31181329)|VARIABLE_ASSIGNMENT|[EXTERNAL]|this.selected|false|0x17d65b9c
16:19:26.0 (31230472)|HEAP_ALLOCATE|[EXTERNAL]|Bytes:5
16:19:26.0 (31235440)|HEAP_ALLOCATE|[EXTERNAL]|Bytes:12
16:19:26.0 (31240794)|VARIABLE_ASSIGNMENT|[EXTERNAL]|this.selected|false|0x57c79f43
16:19:26.0 (31280565)|HEAP_ALLOCATE|[EXTERNAL]|Bytes:5
16:19:26.0 (31285071)|HEAP_ALLOCATE|[EXTERNAL]|Bytes:12
16:19:26.0 (31291510)|VARIABLE_ASSIGNMENT|[EXTERNAL]|this.selected|false|0x7268249c
16:19:26.0 (31331918)|HEAP_ALLOCATE|[EXTERNAL]|Bytes:5
16:19:26.0 (31337042)|HEAP_ALLOCATE|[EXTERNAL]|Bytes:12
16:19:26.0 (31342894)|VARIABLE_ASSIGNMENT|[EXTERNAL]|this.selected|false|0x31aa91a1
16:19:26.0 (31383129)|HEAP_ALLOCATE|[EXTERNAL]|Bytes:5
16:19:26.0 (31387596)|HEAP_ALLOCATE|[EXTERNAL]|Bytes:12
16:19:26.0 (31394251)|VARIABLE_ASSIGNMENT|[EXTERNAL]|this.selected|false|0x785cb9fd
16:19:26.0 (31434264)|HEAP_ALLOCATE|[EXTERNAL]|Bytes:5
16:19:26.0 (31438975)|HEAP_ALLOCATE|[EXTERNAL]|Bytes:12
16:19:26.0 (31444733)|VARIABLE_ASSIGNMENT|[EXTERNAL]|this.selected|false|0x130a0c32
16:19:26.0 (31484201)|HEAP_ALLOCATE|[EXTERNAL]|Bytes:5
16:19:26.0 (31488650)|HEAP_ALLOCATE|[EXTERNAL]|Bytes:12
16:19:26.0 (31495021)|VARIABLE_ASSIGNMENT|[EXTERNAL]|this.selected|false|0x20f5860b
16:19:26.0 (31535666)|HEAP_ALLOCATE|[EXTERNAL]|Bytes:5
16:19:26.0 (31540405)|HEAP_ALLOCATE|[EXTERNAL]|Bytes:12
16:19:26.0 (31545924)|VARIABLE_ASSIGNMENT|[EXTERNAL]|this.selected|false|0x45b72c2d
16:19:26.0 (31594250)|SYSTEM_MODE_ENTER|true
16:19:26.0 (31609259)|HEAP_ALLOCATE|[EXTERNAL]|Bytes:8
16:19:26.0 (31613685)|HEAP_ALLOCATE|[EXTERNAL]|Bytes:48
16:19:26.0 (31620623)|VARIABLE_ASSIGNMENT|[EXTERNAL]|this.SelectedtimeSlot|60|0x701ede82
16:19:26.0 (31656218)|SYSTEM_MODE_ENTER|true
16:19:26.0 (31879121)|HEAP_ALLOCATE|[EXTERNAL]|Bytes:48
16:19:26.0 (31889151)|VARIABLE_SCOPE_BEGIN|[62]|this|docappcontroller|true|false
16:19:26.0 (31929418)|VARIABLE_ASSIGNMENT|[62]|this|{"aptdum":"0x7c6dc9ac","Docdum":"0x6f3b69d5","Docmap":"0x3825f741","Initialselected":6,"Selecteddoc":"a260H000001koYlQAI","SelectedtimeSlot":60,"timelist":"0x3cc10965","timeset":"0x473ddd34","timewraplist":"0x6c4a1f6b","timewraplistInitial":"0x6c4a1f6b"}|0x701ede82
16:19:26.0 (31941560)|STATEMENT_EXECUTE|[62]
16:19:26.0 (31943553)|STATEMENT_EXECUTE|[64]
16:19:26.0 (31988407)|VARIABLE_ASSIGNMENT|[EXTERNAL]|this|{"aptdum":"0x7c6dc9ac","Docdum":"0x6f3b69d5","Docmap":"0x3825f741","Initialselected":6,"Selecteddoc":"a260H000001koYlQAI","SelectedtimeSlot":60,"timelist":"0x3cc10965","timeset":"0x473ddd34","timewraplist":"0x6c4a1f6b","timewraplistInitial":"0x6c4a1f6b"}|0x701ede82
16:19:26.0 (32022096)|USER_DEBUG|[64]|DEBUG|a260H000001koYlQAI
16:19:26.0 (32062814)|VARIABLE_ASSIGNMENT|[EXTERNAL]|this|{"aptdum":"0x7c6dc9ac","Docdum":"0x6f3b69d5","Docmap":"0x3825f741","Initialselected":6,"Selecteddoc":"a260H000001koYlQAI","SelectedtimeSlot":60,"timelist":"0x3cc10965","timeset":"0x473ddd34","timewraplist":"0x6c4a1f6b","timewraplistInitial":"0x6c4a1f6b"}|0x701ede82
16:19:26.0 (32096581)|VARIABLE_ASSIGNMENT|[EXTERNAL]|this|{"aptdum":"0x7c6dc9ac","Docdum":"0x6f3b69d5","Docmap":"0x3825f741","Initialselected":6,"Selecteddoc":"a260H000001koYlQAI","SelectedtimeSlot":60,"timelist":"0x3cc10965","timeset":"0x473ddd34","timewraplist":"0x6c4a1f6b","timewraplistInitial":"0x6c4a1f6b"}|0x701ede82
16:19:26.0 (32129469)|STATEMENT_EXECUTE|[67]
16:19:26.0 (32131758)|STATEMENT_EXECUTE|[68]
16:19:26.0 (32168599)|VARIABLE_ASSIGNMENT|[EXTERNAL]|this|{"aptdum":"0x7c6dc9ac","Docdum":"0x6f3b69d5","Docmap":"0x3825f741","Initialselected":6,"Selecteddoc":"a260H000001koYlQAI","SelectedtimeSlot":60,"timelist":"0x3cc10965","timeset":"0x473ddd34","timewraplist":"0x6c4a1f6b","timewraplistInitial":"0x6c4a1f6b"}|0x701ede82
16:19:26.0 (32202334)|VARIABLE_ASSIGNMENT|[EXTERNAL]|this|{"aptdum":"0x7c6dc9ac","Docdum":"0x6f3b69d5","Docmap":"0x3825f741","Initialselected":6,"Selecteddoc":"a260H000001koYlQAI","SelectedtimeSlot":60,"timelist":"0x3cc10965","timeset":"0x473ddd34","timewraplist":"0x6c4a1f6b","timewraplistInitial":"0x6c4a1f6b"}|0x701ede82
16:19:26.0 (32229543)|VARIABLE_SCOPE_BEGIN|[68]|d|Doctor__c|true|false
16:19:26.0 (32249517)|VARIABLE_ASSIGNMENT|[68]|d|{"Id":"a260H000001koYlQAI","Name":"doc4","End_Time__c":68400000,"Speciality__c":"Dermatology","Start_Time__c":32400000}|0x66360ebe
16:19:26.0 (32259557)|STATEMENT_EXECUTE|[69]
16:19:26.0 (32293858)|HEAP_ALLOCATE|[69]|Bytes:4
16:19:26.0 (32336434)|HEAP_ALLOCATE|[69]|Bytes:150
16:19:26.0 (32349564)|HEAP_ALLOCATE|[69]|Bytes:4
16:19:26.0 (32356071)|HEAP_ALLOCATE|[69]|Bytes:7
16:19:26.0 (32390968)|VARIABLE_ASSIGNMENT|[EXTERNAL]|this|{"aptdum":"0x7c6dc9ac","Docdum":"0x6f3b69d5","Docmap":"0x3825f741","Initialselected":6,"Selecteddoc":"a260H000001koYlQAI","SelectedtimeSlot":60,"timelist":"0x3cc10965","timeset":"0x473ddd34","timewraplist":"0x6c4a1f6b","timewraplistInitial":"0x6c4a1f6b"}|0x701ede82
16:19:26.0 (32411957)|HEAP_ALLOCATE|[69]|Bytes:7
16:19:26.0 (32444428)|VARIABLE_ASSIGNMENT|[EXTERNAL]|this|{"aptdum":"0x7c6dc9ac","Docdum":"0x6f3b69d5","Docmap":"0x3825f741","Initialselected":6,"Selecteddoc":"a260H000001koYlQAI","SelectedtimeSlot":60,"timelist":"0x3cc10965","timeset":"0x473ddd34","timewraplist":"0x6c4a1f6b","timewraplistInitial":"0x6c4a1f6b"}|0x701ede82
16:19:26.0 (32749438)|SOQL_EXECUTE_BEGIN|[69]|Aggregations:0|SELECT Id, Name, Doctor__c, Patient__c, End_Time__c, Start_Time__c FROM Appointment__c WHERE (Doctor__c = :tmpVar1 AND Appointment_Date__c = :tmpVar2)
16:19:26.0 (44864812)|SOQL_EXECUTE_END|[69]|Rows:0
16:19:26.0 (44891720)|HEAP_ALLOCATE|[69]|Bytes:4
16:19:26.0 (44903694)|HEAP_ALLOCATE|[69]|Bytes:0
16:19:26.0 (44937555)|HEAP_ALLOCATE|[69]|Bytes:4
16:19:26.0 (44963625)|HEAP_ALLOCATE|[69]|Bytes:0
16:19:26.0 (44973323)|VARIABLE_SCOPE_BEGIN|[69]|aptlist|List<Appointment__c>|true|false
16:19:26.0 (44984096)|HEAP_ALLOCATE|[EXTERNAL]|Bytes:4
16:19:26.0 (44994569)|VARIABLE_ASSIGNMENT|[69]|aptlist|[]|0x51e5ac81
16:19:26.0 (45000737)|STATEMENT_EXECUTE|[70]
16:19:26.0 (45013446)|HEAP_ALLOCATE|[70]|Bytes:4
16:19:26.0 (45088176)|VARIABLE_ASSIGNMENT|[70]|this.timeset|[]|0x701ede82
16:19:26.0 (45195112)|HEAP_ALLOCATE|[71]|Bytes:5
16:19:26.0 (45211334)|VARIABLE_ASSIGNMENT|[71]|apt|null|
16:19:26.0 (45216799)|STATEMENT_EXECUTE|[71]
16:19:26.0 (45218764)|STATEMENT_EXECUTE|[93]
16:19:26.0 (45227437)|HEAP_ALLOCATE|[93]|Bytes:4
16:19:26.0 (45314077)|VARIABLE_ASSIGNMENT|[EXTERNAL]|this|{"aptdum":"0x7c6dc9ac","Docdum":"0x6f3b69d5","Docmap":"0x3825f741","Initialselected":6,"Selecteddoc":"a260H000001koYlQAI","SelectedtimeSlot":60,"timelist":"0x3cc10965","timeset":"0x7bf61237","timewraplist":"0x6c4a1f6b","timewraplistInitial":"0x6c4a1f6b"}|0x701ede82
16:19:26.0 (45334705)|HEAP_ALLOCATE|[EXTERNAL]|Bytes:4
16:19:26.0 (45342234)|VARIABLE_ASSIGNMENT|[EXTERNAL]|value|[]|0x78b286c
16:19:26.0 (45354937)|VARIABLE_ASSIGNMENT|[4]|this.timewraplist|[]|0x701ede82
16:19:26.0 (45364427)|STATEMENT_EXECUTE|[94]
16:19:26.0 (45372206)|HEAP_ALLOCATE|[94]|Bytes:4
16:19:26.0 (45437240)|VARIABLE_ASSIGNMENT|[EXTERNAL]|this|{"aptdum":"0x7c6dc9ac","Docdum":"0x6f3b69d5","Docmap":"0x3825f741","Initialselected":6,"Selecteddoc":"a260H000001koYlQAI","SelectedtimeSlot":60,"timelist":"0x3cc10965","timeset":"0x7bf61237","timewraplist":"0x78b286c","timewraplistInitial":"0x6c4a1f6b"}|0x701ede82
16:19:26.0 (45457115)|HEAP_ALLOCATE|[EXTERNAL]|Bytes:4
16:19:26.0 (45463270)|VARIABLE_ASSIGNMENT|[EXTERNAL]|value|[]|0x3aadfded
16:19:26.0 (45473619)|VARIABLE_ASSIGNMENT|[3]|this.timelist|[]|0x701ede82
16:19:26.0 (45481993)|STATEMENT_EXECUTE|[95]
16:19:26.0 (45515833)|VARIABLE_SCOPE_BEGIN|[95]|t|Time|false|false
16:19:26.0 (45532578)|VARIABLE_ASSIGNMENT|[95]|t|32400000
16:19:26.0 (45537099)|STATEMENT_EXECUTE|[96]
16:19:26.0 (45595714)|VARIABLE_SCOPE_BEGIN|[96]|i|Integer|false|false
16:19:26.0 (45603884)|HEAP_ALLOCATE|[96]|Bytes:4
16:19:26.0 (45611620)|VARIABLE_ASSIGNMENT|[96]|i|10
16:19:26.0 (45616085)|STATEMENT_EXECUTE|[97]
16:19:26.0 (45646790)|HEAP_ALLOCATE|[97]|Bytes:28
16:19:26.0 (45652118)|HEAP_ALLOCATE|[97]|Bytes:28
16:19:26.0 (45657207)|VARIABLE_SCOPE_BEGIN|[97]|i1|Decimal|false|false
16:19:26.0 (45669100)|VARIABLE_ASSIGNMENT|[97]|i1|0
16:19:26.0 (45704060)|STATEMENT_EXECUTE|[98]
16:19:26.0 (45705988)|STATEMENT_EXECUTE|[99]
16:19:26.0 (45750914)|VARIABLE_ASSIGNMENT|[EXTERNAL]|this|{"aptdum":"0x7c6dc9ac","Docdum":"0x6f3b69d5","Docmap":"0x3825f741","Initialselected":6,"Selecteddoc":"a260H000001koYlQAI","SelectedtimeSlot":60,"timelist":"0x3aadfded","timeset":"0x7bf61237","timewraplist":"0x78b286c","timewraplistInitial":"0x6c4a1f6b"}|0x701ede82
16:19:26.0 (45769832)|HEAP_ALLOCATE|[99]|Bytes:12
16:19:26.0 (45790245)|CONSTRUCTOR_ENTRY|[99]|01p0H000007gCe8|<init>(Boolean,Time)
16:19:26.0 (45804168)|VARIABLE_SCOPE_BEGIN|[212]|this|docappcontroller.Wrapertimeslot|true|false
16:19:26.0 (45824868)|VARIABLE_ASSIGNMENT|[212]|this|{}|0x79b8d286
16:19:26.0 (45833772)|VARIABLE_SCOPE_BEGIN|[212]|selection|Boolean|false|false
16:19:26.0 (45842168)|VARIABLE_ASSIGNMENT|[212]|selection|false
16:19:26.0 (45849565)|VARIABLE_SCOPE_BEGIN|[212]|tm|Time|false|false
16:19:26.0 (45859832)|VARIABLE_ASSIGNMENT|[212]|tm|32400000
16:19:26.0 (45864720)|STATEMENT_EXECUTE|[208]
16:19:26.0 (45866641)|STATEMENT_EXECUTE|[209]
16:19:26.0 (45868202)|STATEMENT_EXECUTE|[210]
16:19:26.0 (45877942)|HEAP_ALLOCATE|[213]|Bytes:6
16:19:26.0 (45906165)|STATEMENT_EXECUTE|[212]
16:19:26.0 (45908023)|STATEMENT_EXECUTE|[213]
16:19:26.0 (45957520)|VARIABLE_ASSIGNMENT|[EXTERNAL]|this|{}|0x79b8d286
16:19:26.0 (45967939)|VARIABLE_ASSIGNMENT|[EXTERNAL]|value|false
16:19:26.0 (45974210)|HEAP_ALLOCATE|[209]|Bytes:5
16:19:26.0 (45981286)|VARIABLE_ASSIGNMENT|[209]|this.selected|false|0x79b8d286
16:19:26.0 (45990640)|STATEMENT_EXECUTE|[214]
16:19:26.0 (46019511)|VARIABLE_ASSIGNMENT|[EXTERNAL]|this|{"selected":false}|0x79b8d286
16:19:26.0 (46034796)|VARIABLE_ASSIGNMENT|[EXTERNAL]|value|32400000
16:19:26.0 (46044243)|VARIABLE_ASSIGNMENT|[210]|this.t|32400000|0x79b8d286
16:19:26.0 (46058517)|CONSTRUCTOR_EXIT|[99]|01p0H000007gCe8|<init>(Boolean,Time)
16:19:26.0 (46073079)|HEAP_ALLOCATE|[EXTERNAL]|Bytes:4
16:19:26.0 (46079933)|STATEMENT_EXECUTE|[104]
16:19:26.0 (46119437)|VARIABLE_ASSIGNMENT|[EXTERNAL]|this|{"aptdum":"0x7c6dc9ac","Docdum":"0x6f3b69d5","Docmap":"0x3825f741","Initialselected":6,"Selecteddoc":"a260H000001koYlQAI","SelectedtimeSlot":60,"timelist":"0x3aadfded","timeset":"0x7bf61237","timewraplist":"0x78b286c","timewraplistInitial":"0x6c4a1f6b"}|0x701ede82
16:19:26.0 (46138034)|HEAP_ALLOCATE|[EXTERNAL]|Bytes:4
16:19:26.0 (46158763)|HEAP_ALLOCATE|[107]|Bytes:28
16:19:26.0 (46163255)|HEAP_ALLOCATE|[107]|Bytes:28
16:19:26.0 (46206942)|STATEMENT_EXECUTE|[107]
16:19:26.0 (46209156)|STATEMENT_EXECUTE|[108]
16:19:26.0 (46335984)|USER_DEBUG|[108]|DEBUG|09:00:00.000Z
16:19:26.0 (46345844)|STATEMENT_EXECUTE|[109]
16:19:26.0 (46384157)|HEAP_ALLOCATE|[109]|Bytes:4
16:19:26.0 (46401586)|VARIABLE_ASSIGNMENT|[109]|t|34200000
16:19:26.0 (46406830)|STATEMENT_EXECUTE|[110]
16:19:26.0 (46410920)|HEAP_ALLOCATE|[110]|Bytes:3
16:19:26.0 (46422921)|HEAP_ALLOCATE|[110]|Bytes:28
16:19:26.0 (46452228)|HEAP_ALLOCATE|[110]|Bytes:28
16:19:26.0 (46467395)|VARIABLE_ASSIGNMENT|[110]|i1|0.5
16:19:26.0 (46471996)|STATEMENT_EXECUTE|[111]
16:19:26.0 (46510815)|VARIABLE_ASSIGNMENT|[EXTERNAL]|this|{"aptdum":"0x7c6dc9ac","Docdum":"0x6f3b69d5","Docmap":"0x3825f741","Initialselected":6,"Selecteddoc":"a260H000001koYlQAI","SelectedtimeSlot":60,"timelist":"0x3aadfded","timeset":"0x7bf61237","timewraplist":"0x78b286c","timewraplistInitial":"0x6c4a1f6b"}|0x701ede82
16:19:26.0 (46529353)|HEAP_ALLOCATE|[EXTERNAL]|Bytes:4
16:19:26.0 (46554860)|STATEMENT_EXECUTE|[113]
16:19:26.0 (46556713)|STATEMENT_EXECUTE|[114]
16:19:26.0 (46587514)|VARIABLE_ASSIGNMENT|[EXTERNAL]|this|{"aptdum":"0x7c6dc9ac","Docdum":"0x6f3b69d5","Docmap":"0x3825f741","Initialselected":6,"Selecteddoc":"a260H000001koYlQAI","SelectedtimeSlot":60,"timelist":"0x3aadfded","timeset":"0x7bf61237","timewraplist":"0x78b286c","timewraplistInitial":"0x6c4a1f6b"}|0x701ede82
16:19:26.0 (46602393)|HEAP_ALLOCATE|[114]|Bytes:12
16:19:26.0 (46616180)|CONSTRUCTOR_ENTRY|[114]|01p0H000007gCe8|<init>(Boolean,Time)
16:19:26.0 (46622489)|VARIABLE_SCOPE_BEGIN|[212]|this|docappcontroller.Wrapertimeslot|true|false
16:19:26.0 (46636384)|VARIABLE_ASSIGNMENT|[212]|this|{}|0x37b77ce
16:19:26.0 (46643308)|VARIABLE_SCOPE_BEGIN|[212]|selection|Boolean|false|false
16:19:26.0 (46651329)|VARIABLE_ASSIGNMENT|[212]|selection|false
16:19:26.0 (46655229)|VARIABLE_SCOPE_BEGIN|[212]|tm|Time|false|false
16:19:26.0 (46663793)|VARIABLE_ASSIGNMENT|[212]|tm|34200000
16:19:26.0 (46668530)|STATEMENT_EXECUTE|[208]
16:19:26.0 (46670069)|STATEMENT_EXECUTE|[209]
16:19:26.0 (46671639)|STATEMENT_EXECUTE|[210]
16:19:26.0 (46682095)|STATEMENT_EXECUTE|[212]
16:19:26.0 (46683771)|STATEMENT_EXECUTE|[213]
16:19:26.0 (46695227)|VARIABLE_ASSIGNMENT|[EXTERNAL]|this|{}|0x37b77ce
16:19:26.0 (46704575)|VARIABLE_ASSIGNMENT|[EXTERNAL]|value|false
16:19:26.0 (46710163)|HEAP_ALLOCATE|[209]|Bytes:5
16:19:26.0 (46716738)|VARIABLE_ASSIGNMENT|[209]|this.selected|false|0x37b77ce
16:19:26.0 (46724498)|STATEMENT_EXECUTE|[214]
16:19:26.0 (46735812)|VARIABLE_ASSIGNMENT|[EXTERNAL]|this|{"selected":false}|0x37b77ce
16:19:26.0 (46744604)|VARIABLE_ASSIGNMENT|[EXTERNAL]|value|34200000
16:19:26.0 (46751792)|VARIABLE_ASSIGNMENT|[210]|this.t|34200000|0x37b77ce
16:19:26.0 (46764903)|CONSTRUCTOR_EXIT|[114]|01p0H000007gCe8|<init>(Boolean,Time)
16:19:26.0 (46776186)|HEAP_ALLOCATE|[EXTERNAL]|Bytes:4
16:19:26.0 (46788055)|HEAP_ALLOCATE|[107]|Bytes:28
16:19:26.0 (46792203)|HEAP_ALLOCATE|[107]|Bytes:28
16:19:26.0 (46813910)|STATEMENT_EXECUTE|[107]
16:19:26.0 (46815781)|STATEMENT_EXECUTE|[108]
16:19:26.0 (46825751)|USER_DEBUG|[108]|DEBUG|09:30:00.000Z
16:19:26.0 (46833629)|STATEMENT_EXECUTE|[109]
16:19:26.0 (46846706)|HEAP_ALLOCATE|[109]|Bytes:4
16:19:26.0 (46861899)|VARIABLE_ASSIGNMENT|[109]|t|36000000
16:19:26.0 (46866597)|STATEMENT_EXECUTE|[110]
16:19:26.0 (46871913)|HEAP_ALLOCATE|[110]|Bytes:28
16:19:26.0 (46884798)|HEAP_ALLOCATE|[110]|Bytes:28
16:19:26.0 (46896714)|VARIABLE_ASSIGNMENT|[110]|i1|1.0
16:19:26.0 (46901625)|STATEMENT_EXECUTE|[111]
16:19:26.0 (46932122)|VARIABLE_ASSIGNMENT|[EXTERNAL]|this|{"aptdum":"0x7c6dc9ac","Docdum":"0x6f3b69d5","Docmap":"0x3825f741","Initialselected":6,"Selecteddoc":"a260H000001koYlQAI","SelectedtimeSlot":60,"timelist":"0x3aadfded","timeset":"0x7bf61237","timewraplist":"0x78b286c","timewraplistInitial":"0x6c4a1f6b"}|0x701ede82
16:19:26.0 (46947812)|HEAP_ALLOCATE|[EXTERNAL]|Bytes:4
16:19:26.0 (46960462)|STATEMENT_EXECUTE|[113]
16:19:26.0 (46962151)|STATEMENT_EXECUTE|[114]
16:19:26.0 (46986136)|VARIABLE_ASSIGNMENT|[EXTERNAL]|this|{"aptdum":"0x7c6dc9ac","Docdum":"0x6f3b69d5","Docmap":"0x3825f741","Initialselected":6,"Selecteddoc":"a260H000001koYlQAI","SelectedtimeSlot":60,"timelist":"0x3aadfded","timeset":"0x7bf61237","timewraplist":"0x78b286c","timewraplistInitial":"0x6c4a1f6b"}|0x701ede82
16:19:26.0 (46998452)|HEAP_ALLOCATE|[114]|Bytes:12
16:19:26.0 (47010553)|CONSTRUCTOR_ENTRY|[114]|01p0H000007gCe8|<init>(Boolean,Time)
16:19:26.0 (47016782)|VARIABLE_SCOPE_BEGIN|[212]|this|docappcontroller.Wrapertimeslot|true|false
16:19:26.0 (47032568)|VARIABLE_ASSIGNMENT|[212]|this|{}|0x17114d26
16:19:26.0 (47039457)|VARIABLE_SCOPE_BEGIN|[212]|selection|Boolean|false|false
16:19:26.0 (47047186)|VARIABLE_ASSIGNMENT|[212]|selection|false
16:19:26.0 (47050991)|VARIABLE_SCOPE_BEGIN|[212]|tm|Time|false|false
16:19:26.0 (47059167)|VARIABLE_ASSIGNMENT|[212]|tm|36000000
16:19:26.0 (47064615)|STATEMENT_EXECUTE|[208]
16:19:26.0 (47066234)|STATEMENT_EXECUTE|[209]
16:19:26.0 (47067744)|STATEMENT_EXECUTE|[210]
16:19:26.0 (47077314)|STATEMENT_EXECUTE|[212]
16:19:26.0 (47078862)|STATEMENT_EXECUTE|[213]
16:19:26.0 (47089964)|VARIABLE_ASSIGNMENT|[EXTERNAL]|this|{}|0x17114d26
16:19:26.0 (47098798)|VARIABLE_ASSIGNMENT|[EXTERNAL]|value|false
16:19:26.0 (47104922)|HEAP_ALLOCATE|[209]|Bytes:5
16:19:26.0 (47110839)|VARIABLE_ASSIGNMENT|[209]|this.selected|false|0x17114d26
16:19:26.0 (47118617)|STATEMENT_EXECUTE|[214]
16:19:26.0 (47129108)|VARIABLE_ASSIGNMENT|[EXTERNAL]|this|{"selected":false}|0x17114d26
16:19:26.0 (47137513)|VARIABLE_ASSIGNMENT|[EXTERNAL]|value|36000000
16:19:26.0 (47145473)|VARIABLE_ASSIGNMENT|[210]|this.t|36000000|0x17114d26
16:19:26.0 (47165303)|CONSTRUCTOR_EXIT|[114]|01p0H000007gCe8|<init>(Boolean,Time)
16:19:26.0 (47175389)|HEAP_ALLOCATE|[EXTERNAL]|Bytes:4
16:19:26.0 (47186316)|HEAP_ALLOCATE|[107]|Bytes:28
16:19:26.0 (47190380)|HEAP_ALLOCATE|[107]|Bytes:28
16:19:26.0 (47209586)|STATEMENT_EXECUTE|[107]
16:19:26.0 (47211562)|STATEMENT_EXECUTE|[108]
16:19:26.0 (47220640)|USER_DEBUG|[108]|DEBUG|10:00:00.000Z
16:19:26.0 (47228293)|STATEMENT_EXECUTE|[109]
16:19:26.0 (47239753)|HEAP_ALLOCATE|[109]|Bytes:4
16:19:26.0 (47253800)|VARIABLE_ASSIGNMENT|[109]|t|37800000
16:19:26.0 (47259175)|STATEMENT_EXECUTE|[110]
16:19:26.0 (47264209)|HEAP_ALLOCATE|[110]|Bytes:28
16:19:26.0 (47276102)|HEAP_ALLOCATE|[110]|Bytes:28
16:19:26.0 (47287760)|VARIABLE_ASSIGNMENT|[110]|i1|1.5
16:19:26.0 (47292178)|STATEMENT_EXECUTE|[111]
16:19:26.0 (47322068)|VARIABLE_ASSIGNMENT|[EXTERNAL]|this|{"aptdum":"0x7c6dc9ac","Docdum":"0x6f3b69d5","Docmap":"0x3825f741","Initialselected":6,"Selecteddoc":"a260H000001koYlQAI","SelectedtimeSlot":60,"timelist":"0x3aadfded","timeset":"0x7bf61237","timewraplist":"0x78b286c","timewraplistInitial":"0x6c4a1f6b"}|0x701ede82
16:19:26.0 (47337925)|HEAP_ALLOCATE|[EXTERNAL]|Bytes:4
16:19:26.0 (47349918)|STATEMENT_EXECUTE|[113]
16:19:26.0 (47351781)|STATEMENT_EXECUTE|[114]
16:19:26.0 (47376258)|VARIABLE_ASSIGNMENT|[EXTERNAL]|this|{"aptdum":"0x7c6dc9ac","Docdum":"0x6f3b69d5","Docmap":"0x3825f741","Initialselected":6,"Selecteddoc":"a260H000001koYlQAI","SelectedtimeSlot":60,"timelist":"0x3aadfded","timeset":"0x7bf61237","timewraplist":"0x78b286c","timewraplistInitial":"0x6c4a1f6b"}|0x701ede82
16:19:26.0 (47388924)|HEAP_ALLOCATE|[114]|Bytes:12
16:19:26.0 (47400639)|CONSTRUCTOR_ENTRY|[114]|01p0H000007gCe8|<init>(Boolean,Time)
16:19:26.0 (47405933)|VARIABLE_SCOPE_BEGIN|[212]|this|docappcontroller.Wrapertimeslot|true|false
16:19:26.0 (47418635)|VARIABLE_ASSIGNMENT|[212]|this|{}|0x3940b1fd
16:19:26.0 (47425628)|VARIABLE_SCOPE_BEGIN|[212]|selection|Boolean|false|false
16:19:26.0 (47433074)|VARIABLE_ASSIGNMENT|[212]|selection|false
16:19:26.0 (47437047)|VARIABLE_SCOPE_BEGIN|[212]|tm|Time|false|false
16:19:26.0 (47444936)|VARIABLE_ASSIGNMENT|[212]|tm|37800000
16:19:26.0 (47449177)|STATEMENT_EXECUTE|[208]
16:19:26.0 (47450963)|STATEMENT_EXECUTE|[209]
16:19:26.0 (47452675)|STATEMENT_EXECUTE|[210]
16:19:26.0 (47461584)|STATEMENT_EXECUTE|[212]
16:19:26.0 (47463120)|STATEMENT_EXECUTE|[213]
16:19:26.0 (47473518)|VARIABLE_ASSIGNMENT|[EXTERNAL]|this|{}|0x3940b1fd
16:19:26.0 (47482894)|VARIABLE_ASSIGNMENT|[EXTERNAL]|value|false
16:19:26.0 (47488234)|HEAP_ALLOCATE|[209]|Bytes:5
16:19:26.0 (47493661)|VARIABLE_ASSIGNMENT|[209]|this.selected|false|0x3940b1fd
16:19:26.0 (47500434)|STATEMENT_EXECUTE|[214]
16:19:26.0 (47510969)|VARIABLE_ASSIGNMENT|[EXTERNAL]|this|{"selected":false}|0x3940b1fd
16:19:26.0 (47519815)|VARIABLE_ASSIGNMENT|[EXTERNAL]|value|37800000
16:19:26.0 (47527792)|VARIABLE_ASSIGNMENT|[210]|this.t|37800000|0x3940b1fd
16:19:26.0 (47540934)|CONSTRUCTOR_EXIT|[114]|01p0H000007gCe8|<init>(Boolean,Time)
16:19:26.0 (47550198)|HEAP_ALLOCATE|[EXTERNAL]|Bytes:4
16:19:26.0 (47560424)|HEAP_ALLOCATE|[107]|Bytes:28
16:19:26.0 (47564853)|HEAP_ALLOCATE|[107]|Bytes:28
16:19:26.0 (47582694)|STATEMENT_EXECUTE|[107]
16:19:26.0 (47584486)|STATEMENT_EXECUTE|[108]
16:19:26.0 (47593021)|USER_DEBUG|[108]|DEBUG|10:30:00.000Z
16:19:26.0 (47600125)|STATEMENT_EXECUTE|[109]
16:19:26.0 (47611084)|HEAP_ALLOCATE|[109]|Bytes:4
16:19:26.0 (47624710)|VARIABLE_ASSIGNMENT|[109]|t|39600000
16:19:26.0 (47629192)|STATEMENT_EXECUTE|[110]
16:19:26.0 (47634216)|HEAP_ALLOCATE|[110]|Bytes:28
16:19:26.0 (47646559)|HEAP_ALLOCATE|[110]|Bytes:28
16:19:26.0 (47657240)|VARIABLE_ASSIGNMENT|[110]|i1|2.0
16:19:26.0 (47661341)|STATEMENT_EXECUTE|[111]
16:19:26.0 (47690807)|VARIABLE_ASSIGNMENT|[EXTERNAL]|this|{"aptdum":"0x7c6dc9ac","Docdum":"0x6f3b69d5","Docmap":"0x3825f741","Initialselected":6,"Selecteddoc":"a260H000001koYlQAI","SelectedtimeSlot":60,"timelist":"0x3aadfded","timeset":"0x7bf61237","timewraplist":"0x78b286c","timewraplistInitial":"0x6c4a1f6b"}|0x701ede82
16:19:26.0 (47705248)|HEAP_ALLOCATE|[EXTERNAL]|Bytes:4
16:19:26.0 (47717269)|STATEMENT_EXECUTE|[113]
16:19:26.0 (47718855)|STATEMENT_EXECUTE|[114]
16:19:26.0 (47742249)|VARIABLE_ASSIGNMENT|[EXTERNAL]|this|{"aptdum":"0x7c6dc9ac","Docdum":"0x6f3b69d5","Docmap":"0x3825f741","Initialselected":6,"Selecteddoc":"a260H000001koYlQAI","SelectedtimeSlot":60,"timelist":"0x3aadfded","timeset":"0x7bf61237","timewraplist":"0x78b286c","timewraplistInitial":"0x6c4a1f6b"}|0x701ede82
16:19:26.0 (47754965)|HEAP_ALLOCATE|[114]|Bytes:12
16:19:26.0 (47766391)|CONSTRUCTOR_ENTRY|[114]|01p0H000007gCe8|<init>(Boolean,Time)
16:19:26.0 (47771639)|VARIABLE_SCOPE_BEGIN|[212]|this|docappcontroller.Wrapertimeslot|true|false
16:19:26.0 (47784303)|VARIABLE_ASSIGNMENT|[212]|this|{}|0x6d13850
16:19:26.0 (47790428)|VARIABLE_SCOPE_BEGIN|[212]|selection|Boolean|false|false
16:19:26.0 (47798375)|VARIABLE_ASSIGNMENT|[212]|selection|false
16:19:26.0 (47802420)|VARIABLE_SCOPE_BEGIN|[212]|tm|Time|false|false
16:19:26.0 (47811011)|VARIABLE_ASSIGNMENT|[212]|tm|39600000
16:19:26.0 (47815751)|STATEMENT_EXECUTE|[208]
16:19:26.0 (47817254)|STATEMENT_EXECUTE|[209]
16:19:26.0 (47818754)|STATEMENT_EXECUTE|[210]
16:19:26.0 (47827673)|STATEMENT_EXECUTE|[212]
16:19:26.0 (47829329)|STATEMENT_EXECUTE|[213]
16:19:26.0 (47839509)|VARIABLE_ASSIGNMENT|[EXTERNAL]|this|{}|0x6d13850
16:19:26.0 (47848248)|VARIABLE_ASSIGNMENT|[EXTERNAL]|value|false
16:19:26.0 (47853615)|HEAP_ALLOCATE|[209]|Bytes:5
16:19:26.0 (47859215)|VARIABLE_ASSIGNMENT|[209]|this.selected|false|0x6d13850
16:19:26.0 (47866557)|STATEMENT_EXECUTE|[214]
16:19:26.0 (47877236)|VARIABLE_ASSIGNMENT|[EXTERNAL]|this|{"selected":false}|0x6d13850
16:19:26.0 (47885892)|VARIABLE_ASSIGNMENT|[EXTERNAL]|value|39600000
16:19:26.0 (47892585)|VARIABLE_ASSIGNMENT|[210]|this.t|39600000|0x6d13850
16:19:26.0 (47904774)|CONSTRUCTOR_EXIT|[114]|01p0H000007gCe8|<init>(Boolean,Time)
16:19:26.0 (47913933)|HEAP_ALLOCATE|[EXTERNAL]|Bytes:4
16:19:26.0 (47923571)|HEAP_ALLOCATE|[107]|Bytes:28
16:19:26.0 (47927479)|HEAP_ALLOCATE|[107]|Bytes:28
16:19:26.0 (47945665)|STATEMENT_EXECUTE|[107]
16:19:26.0 (47947479)|STATEMENT_EXECUTE|[108]
16:19:26.0 (47955653)|USER_DEBUG|[108]|DEBUG|11:00:00.000Z
16:19:26.0 (47963388)|STATEMENT_EXECUTE|[109]
16:19:26.0 (47973966)|HEAP_ALLOCATE|[109]|Bytes:4
16:19:26.0 (47988149)|VARIABLE_ASSIGNMENT|[109]|t|41400000
16:19:26.0 (47993016)|STATEMENT_EXECUTE|[110]
16:19:26.0 (47997746)|HEAP_ALLOCATE|[110]|Bytes:28
16:19:26.0 (48010342)|HEAP_ALLOCATE|[110]|Bytes:28
16:19:26.0 (48022391)|VARIABLE_ASSIGNMENT|[110]|i1|2.5
16:19:26.0 (48026573)|STATEMENT_EXECUTE|[111]
16:19:26.0 (48055682)|VARIABLE_ASSIGNMENT|[EXTERNAL]|this|{"aptdum":"0x7c6dc9ac","Docdum":"0x6f3b69d5","Docmap":"0x3825f741","Initialselected":6,"Selecteddoc":"a260H000001koYlQAI","SelectedtimeSlot":60,"timelist":"0x3aadfded","timeset":"0x7bf61237","timewraplist":"0x78b286c","timewraplistInitial":"0x6c4a1f6b"}|0x701ede82
16:19:26.0 (48070634)|HEAP_ALLOCATE|[EXTERNAL]|Bytes:4
16:19:26.0 (48082784)|STATEMENT_EXECUTE|[113]
16:19:26.0 (48084528)|STATEMENT_EXECUTE|[114]
16:19:26.0 (48108310)|VARIABLE_ASSIGNMENT|[EXTERNAL]|this|{"aptdum":"0x7c6dc9ac","Docdum":"0x6f3b69d5","Docmap":"0x3825f741","Initialselected":6,"Selecteddoc":"a260H000001koYlQAI","SelectedtimeSlot":60,"timelist":"0x3aadfded","timeset":"0x7bf61237","timewraplist":"0x78b286c","timewraplistInitial":"0x6c4a1f6b"}|0x701ede82
16:19:26.0 (48120261)|HEAP_ALLOCATE|[114]|Bytes:12
16:19:26.0 (48131561)|CONSTRUCTOR_ENTRY|[114]|01p0H000007gCe8|<init>(Boolean,Time)
16:19:26.0 (48136697)|VARIABLE_SCOPE_BEGIN|[212]|this|docappcontroller.Wrapertimeslot|true|false
16:19:26.0 (48153352)|VARIABLE_ASSIGNMENT|[212]|this|{}|0x6915be81
16:19:26.0 (48160498)|VARIABLE_SCOPE_BEGIN|[212]|selection|Boolean|false|false
16:19:26.0 (48168423)|VARIABLE_ASSIGNMENT|[212]|selection|false
16:19:26.0 (48172955)|VARIABLE_SCOPE_BEGIN|[212]|tm|Time|false|false
16:19:26.0 (48181036)|VARIABLE_ASSIGNMENT|[212]|tm|41400000
16:19:26.0 (48185593)|STATEMENT_EXECUTE|[208]
16:19:26.0 (48187082)|STATEMENT_EXECUTE|[209]
16:19:26.0 (48188586)|STATEMENT_EXECUTE|[210]
16:19:26.0 (48197298)|STATEMENT_EXECUTE|[212]
16:19:26.0 (48198980)|STATEMENT_EXECUTE|[213]
16:19:26.0 (48209611)|VARIABLE_ASSIGNMENT|[EXTERNAL]|this|{}|0x6915be81
16:19:26.0 (48217909)|VARIABLE_ASSIGNMENT|[EXTERNAL]|value|false
16:19:26.0 (48223324)|HEAP_ALLOCATE|[209]|Bytes:5
16:19:26.0 (48229375)|VARIABLE_ASSIGNMENT|[209]|this.selected|false|0x6915be81
16:19:26.0 (48236748)|STATEMENT_EXECUTE|[214]
16:19:26.0 (48247118)|VARIABLE_ASSIGNMENT|[EXTERNAL]|this|{"selected":false}|0x6915be81
16:19:26.0 (48256032)|VARIABLE_ASSIGNMENT|[EXTERNAL]|value|41400000
16:19:26.0 (48262961)|VARIABLE_ASSIGNMENT|[210]|this.t|41400000|0x6915be81
16:19:26.0 (48275789)|CONSTRUCTOR_EXIT|[114]|01p0H000007gCe8|<init>(Boolean,Time)
16:19:26.0 (48284753)|HEAP_ALLOCATE|[EXTERNAL]|Bytes:4
16:19:26.0 (48294990)|HEAP_ALLOCATE|[107]|Bytes:28
16:19:26.0 (48298924)|HEAP_ALLOCATE|[107]|Bytes:28
16:19:26.0 (48316254)|STATEMENT_EXECUTE|[107]
16:19:26.0 (48318108)|STATEMENT_EXECUTE|[108]
16:19:26.0 (48326547)|USER_DEBUG|[108]|DEBUG|11:30:00.000Z
16:19:26.0 (48333989)|STATEMENT_EXECUTE|[109]
16:19:26.0 (48345182)|HEAP_ALLOCATE|[109]|Bytes:4
16:19:26.0 (48361053)|VARIABLE_ASSIGNMENT|[109]|t|43200000
16:19:26.0 (48365417)|STATEMENT_EXECUTE|[110]
16:19:26.0 (48370373)|HEAP_ALLOCATE|[110]|Bytes:28
16:19:26.0 (48383414)|HEAP_ALLOCATE|[110]|Bytes:28
16:19:26.0 (48394385)|VARIABLE_ASSIGNMENT|[110]|i1|3.0
16:19:26.0 (48398928)|STATEMENT_EXECUTE|[111]
16:19:26.0 (48428191)|VARIABLE_ASSIGNMENT|[EXTERNAL]|this|{"aptdum":"0x7c6dc9ac","Docdum":"0x6f3b69d5","Docmap":"0x3825f741","Initialselected":6,"Selecteddoc":"a260H000001koYlQAI","SelectedtimeSlot":60,"timelist":"0x3aadfded","timeset":"0x7bf61237","timewraplist":"0x78b286c","timewraplistInitial":"0x6c4a1f6b"}|0x701ede82
16:19:26.0 (48443408)|HEAP_ALLOCATE|[EXTERNAL]|Bytes:4
16:19:26.0 (48455403)|STATEMENT_EXECUTE|[113]
16:19:26.0 (48457000)|STATEMENT_EXECUTE|[114]
16:19:26.0 (48481170)|VARIABLE_ASSIGNMENT|[EXTERNAL]|this|{"aptdum":"0x7c6dc9ac","Docdum":"0x6f3b69d5","Docmap":"0x3825f741","Initialselected":6,"Selecteddoc":"a260H000001koYlQAI","SelectedtimeSlot":60,"timelist":"0x3aadfded","timeset":"0x7bf61237","timewraplist":"0x78b286c","timewraplistInitial":"0x6c4a1f6b"}|0x701ede82
16:19:26.0 (48493195)|HEAP_ALLOCATE|[114]|Bytes:12
16:19:26.0 (48504628)|CONSTRUCTOR_ENTRY|[114]|01p0H000007gCe8|<init>(Boolean,Time)
16:19:26.0 (48510240)|VARIABLE_SCOPE_BEGIN|[212]|this|docappcontroller.Wrapertimeslot|true|false
16:19:26.0 (48522775)|VARIABLE_ASSIGNMENT|[212]|this|{}|0x68dff018
16:19:26.0 (48529274)|VARIABLE_SCOPE_BEGIN|[212]|selection|Boolean|false|false
16:19:26.0 (48536989)|VARIABLE_ASSIGNMENT|[212]|selection|false
16:19:26.0 (48540973)|VARIABLE_SCOPE_BEGIN|[212]|tm|Time|false|false
16:19:26.0 (48549361)|VARIABLE_ASSIGNMENT|[212]|tm|43200000
16:19:26.0 (48553890)|STATEMENT_EXECUTE|[208]
16:19:26.0 (48555429)|STATEMENT_EXECUTE|[209]
16:19:26.0 (48556894)|STATEMENT_EXECUTE|[210]
16:19:26.0 (48565194)|STATEMENT_EXECUTE|[212]
16:19:26.0 (48566810)|STATEMENT_EXECUTE|[213]
16:19:26.0 (48577089)|VARIABLE_ASSIGNMENT|[EXTERNAL]|this|{}|0x68dff018
16:19:26.0 (48585520)|VARIABLE_ASSIGNMENT|[EXTERNAL]|value|false
16:19:26.0 (48590985)|HEAP_ALLOCATE|[209]|Bytes:5
16:19:26.0 (48596532)|VARIABLE_ASSIGNMENT|[209]|this.selected|false|0x68dff018
16:19:26.0 (48603250)|STATEMENT_EXECUTE|[214]
16:19:26.0 (48613593)|VARIABLE_ASSIGNMENT|[EXTERNAL]|this|{"selected":false}|0x68dff018
16:19:26.0 (48622571)|VARIABLE_ASSIGNMENT|[EXTERNAL]|value|43200000
16:19:26.0 (48629358)|VARIABLE_ASSIGNMENT|[210]|this.t|43200000|0x68dff018
16:19:26.0 (48641840)|CONSTRUCTOR_EXIT|[114]|01p0H000007gCe8|<init>(Boolean,Time)
16:19:26.0 (48651419)|HEAP_ALLOCATE|[EXTERNAL]|Bytes:4
16:19:26.0 (48661472)|HEAP_ALLOCATE|[107]|Bytes:28
16:19:26.0 (48665053)|HEAP_ALLOCATE|[107]|Bytes:28
16:19:26.0 (48682053)|STATEMENT_EXECUTE|[107]
16:19:26.0 (48684010)|STATEMENT_EXECUTE|[108]
16:19:26.0 (48692491)|USER_DEBUG|[108]|DEBUG|12:00:00.000Z
16:19:26.0 (48699619)|STATEMENT_EXECUTE|[109]
16:19:26.0 (48710245)|HEAP_ALLOCATE|[109]|Bytes:4
16:19:26.0 (48723180)|VARIABLE_ASSIGNMENT|[109]|t|45000000
16:19:26.0 (48728383)|STATEMENT_EXECUTE|[110]
16:19:26.0 (48733256)|HEAP_ALLOCATE|[110]|Bytes:28
16:19:26.0 (48745290)|HEAP_ALLOCATE|[110]|Bytes:28
16:19:26.0 (48756407)|VARIABLE_ASSIGNMENT|[110]|i1|3.5
16:19:26.0 (48760423)|STATEMENT_EXECUTE|[111]
16:19:26.0 (48788625)|VARIABLE_ASSIGNMENT|[EXTERNAL]|this|{"aptdum":"0x7c6dc9ac","Docdum":"0x6f3b69d5","Docmap":"0x3825f741","Initialselected":6,"Selecteddoc":"a260H000001koYlQAI","SelectedtimeSlot":60,"timelist":"0x3aadfded","timeset":"0x7bf61237","timewraplist":"0x78b286c","timewraplistInitial":"0x6c4a1f6b"}|0x701ede82
16:19:26.0 (48803338)|HEAP_ALLOCATE|[EXTERNAL]|Bytes:4
16:19:26.0 (48815115)|STATEMENT_EXECUTE|[113]
16:19:26.0 (48816691)|STATEMENT_EXECUTE|[114]
16:19:26.0 (48840946)|VARIABLE_ASSIGNMENT|[EXTERNAL]|this|{"aptdum":"0x7c6dc9ac","Docdum":"0x6f3b69d5","Docmap":"0x3825f741","Initialselected":6,"Selecteddoc":"a260H000001koYlQAI","SelectedtimeSlot":60,"timelist":"0x3aadfded","timeset":"0x7bf61237","timewraplist":"0x78b286c","timewraplistInitial":"0x6c4a1f6b"}|0x701ede82
16:19:26.0 (48853800)|HEAP_ALLOCATE|[114]|Bytes:12
16:19:26.0 (48865001)|CONSTRUCTOR_ENTRY|[114]|01p0H000007gCe8|<init>(Boolean,Time)
16:19:26.0 (48870254)|VARIABLE_SCOPE_BEGIN|[212]|this|docappcontroller.Wrapertimeslot|true|false
16:19:26.0 (48882036)|VARIABLE_ASSIGNMENT|[212]|this|{}|0x6340d3c0
16:19:26.0 (48888861)|VARIABLE_SCOPE_BEGIN|[212]|selection|Boolean|false|false
16:19:26.0 (48896116)|VARIABLE_ASSIGNMENT|[212]|selection|false
16:19:26.0 (48899912)|VARIABLE_SCOPE_BEGIN|[212]|tm|Time|false|false
16:19:26.0 (48907666)|VARIABLE_ASSIGNMENT|[212]|tm|45000000
16:19:26.0 (48912123)|STATEMENT_EXECUTE|[208]
16:19:26.0 (48913816)|STATEMENT_EXECUTE|[209]
16:19:26.0 (48915391)|STATEMENT_EXECUTE|[210]
16:19:26.0 (48923416)|STATEMENT_EXECUTE|[212]
16:19:26.0 (48925003)|STATEMENT_EXECUTE|[213]
16:19:26.0 (48935090)|VARIABLE_ASSIGNMENT|[EXTERNAL]|this|{}|0x6340d3c0
16:19:26.0 (48944353)|VARIABLE_ASSIGNMENT|[EXTERNAL]|value|false
16:19:26.0 (48949276)|HEAP_ALLOCATE|[209]|Bytes:5
16:19:26.0 (48955666)|VARIABLE_ASSIGNMENT|[209]|this.selected|false|0x6340d3c0
16:19:26.0 (48962692)|STATEMENT_EXECUTE|[214]
16:19:26.0 (48973396)|VARIABLE_ASSIGNMENT|[EXTERNAL]|this|{"selected":false}|0x6340d3c0
16:19:26.0 (48982164)|VARIABLE_ASSIGNMENT|[EXTERNAL]|value|45000000
16:19:26.0 (48988953)|VARIABLE_ASSIGNMENT|[210]|this.t|45000000|0x6340d3c0
16:19:26.0 (49001777)|CONSTRUCTOR_EXIT|[114]|01p0H000007gCe8|<init>(Boolean,Time)
16:19:26.0 (49010457)|HEAP_ALLOCATE|[EXTERNAL]|Bytes:4
16:19:26.0 (49020386)|HEAP_ALLOCATE|[107]|Bytes:28
16:19:26.0 (49024731)|HEAP_ALLOCATE|[107]|Bytes:28
16:19:26.0 (49041870)|STATEMENT_EXECUTE|[107]
16:19:26.0 (49043655)|STATEMENT_EXECUTE|[108]
16:19:26.0 (49051569)|USER_DEBUG|[108]|DEBUG|12:30:00.000Z
16:19:26.0 (49058606)|STATEMENT_EXECUTE|[109]
16:19:26.0 (49069770)|HEAP_ALLOCATE|[109]|Bytes:4
16:19:26.0 (49082992)|VARIABLE_ASSIGNMENT|[109]|t|46800000
16:19:26.0 (49087404)|STATEMENT_EXECUTE|[110]
16:19:26.0 (49092338)|HEAP_ALLOCATE|[110]|Bytes:28
16:19:26.0 (49104363)|HEAP_ALLOCATE|[110]|Bytes:28
16:19:26.0 (49114744)|VARIABLE_ASSIGNMENT|[110]|i1|4.0
16:19:26.0 (49119329)|STATEMENT_EXECUTE|[111]
16:19:26.0 (49147508)|VARIABLE_ASSIGNMENT|[EXTERNAL]|this|{"aptdum":"0x7c6dc9ac","Docdum":"0x6f3b69d5","Docmap":"0x3825f741","Initialselected":6,"Selecteddoc":"a260H000001koYlQAI","SelectedtimeSlot":60,"timelist":"0x3aadfded","timeset":"0x7bf61237","timewraplist":"0x78b286c","timewraplistInitial":"0x6c4a1f6b"}|0x701ede82
16:19:26.0 (49167009)|HEAP_ALLOCATE|[EXTERNAL]|Bytes:4
16:19:26.0 (49178730)|STATEMENT_EXECUTE|[113]
16:19:26.0 (49180397)|STATEMENT_EXECUTE|[114]
16:19:26.0 (49204534)|VARIABLE_ASSIGNMENT|[EXTERNAL]|this|{"aptdum":"0x7c6dc9ac","Docdum":"0x6f3b69d5","Docmap":"0x3825f741","Initialselected":6,"Selecteddoc":"a260H000001koYlQAI","SelectedtimeSlot":60,"timelist":"0x3aadfded","timeset":"0x7bf61237","timewraplist":"0x78b286c","timewraplistInitial":"0x6c4a1f6b"}|0x701ede82
16:19:26.0 (49216600)|HEAP_ALLOCATE|[114]|Bytes:12
16:19:26.0 (49227752)|CONSTRUCTOR_ENTRY|[114]|01p0H000007gCe8|<init>(Boolean,Time)
16:19:26.0 (49233350)|VARIABLE_SCOPE_BEGIN|[212]|this|docappcontroller.Wrapertimeslot|true|false
16:19:26.0 (49245587)|VARIABLE_ASSIGNMENT|[212]|this|{}|0x769b8010
16:19:26.0 (49251882)|VARIABLE_SCOPE_BEGIN|[212]|selection|Boolean|false|false
16:19:26.0 (49259435)|VARIABLE_ASSIGNMENT|[212]|selection|false
16:19:26.0 (49262804)|VARIABLE_SCOPE_BEGIN|[212]|tm|Time|false|false
16:19:26.0 (49270421)|VARIABLE_ASSIGNMENT|[212]|tm|46800000
16:19:26.0 (49274696)|STATEMENT_EXECUTE|[208]
16:19:26.0 (49276324)|STATEMENT_EXECUTE|[209]
16:19:26.0 (49277820)|STATEMENT_EXECUTE|[210]
16:19:26.0 (49286090)|STATEMENT_EXECUTE|[212]
16:19:26.0 (49287742)|STATEMENT_EXECUTE|[213]
16:19:26.0 (49297932)|VARIABLE_ASSIGNMENT|[EXTERNAL]|this|{}|0x769b8010
16:19:26.0 (49306359)|VARIABLE_ASSIGNMENT|[EXTERNAL]|value|false
16:19:26.0 (49311428)|HEAP_ALLOCATE|[209]|Bytes:5
16:19:26.0 (49317289)|VARIABLE_ASSIGNMENT|[209]|this.selected|false|0x769b8010
16:19:26.0 (49324204)|STATEMENT_EXECUTE|[214]
16:19:26.0 (49334480)|VARIABLE_ASSIGNMENT|[EXTERNAL]|this|{"selected":false}|0x769b8010
16:19:26.0 (49343843)|VARIABLE_ASSIGNMENT|[EXTERNAL]|value|46800000
16:19:26.0 (49350297)|VARIABLE_ASSIGNMENT|[210]|this.t|46800000|0x769b8010
16:19:26.0 (49362818)|CONSTRUCTOR_EXIT|[114]|01p0H000007gCe8|<init>(Boolean,Time)
16:19:26.0 (49371789)|HEAP_ALLOCATE|[EXTERNAL]|Bytes:4
16:19:26.0 (49382673)|HEAP_ALLOCATE|[107]|Bytes:28
16:19:26.0 (49386685)|HEAP_ALLOCATE|[107]|Bytes:28
16:19:26.0 (49404616)|STATEMENT_EXECUTE|[107]
16:19:26.0 (49406486)|STATEMENT_EXECUTE|[108]
16:19:26.0 (49414942)|USER_DEBUG|[108]|DEBUG|13:00:00.000Z
16:19:26.0 (49421608)|STATEMENT_EXECUTE|[109]
16:19:26.0 (49432340)|HEAP_ALLOCATE|[109]|Bytes:4
16:19:26.0 (49445637)|VARIABLE_ASSIGNMENT|[109]|t|48600000
16:19:26.0 (49449772)|STATEMENT_EXECUTE|[110]
16:19:26.0 (49454669)|HEAP_ALLOCATE|[110]|Bytes:28
16:19:26.0 (49466467)|HEAP_ALLOCATE|[110]|Bytes:28
16:19:26.0 (49477012)|VARIABLE_ASSIGNMENT|[110]|i1|4.5
16:19:26.0 (49481129)|STATEMENT_EXECUTE|[111]
16:19:26.0 (49509666)|VARIABLE_ASSIGNMENT|[EXTERNAL]|this|{"aptdum":"0x7c6dc9ac","Docdum":"0x6f3b69d5","Docmap":"0x3825f741","Initialselected":6,"Selecteddoc":"a260H000001koYlQAI","SelectedtimeSlot":60,"timelist":"0x3aadfded","timeset":"0x7bf61237","timewraplist":"0x78b286c","timewraplistInitial":"0x6c4a1f6b"}|0x701ede82
16:19:26.0 (49524423)|HEAP_ALLOCATE|[EXTERNAL]|Bytes:4
16:19:26.0 (49536218)|STATEMENT_EXECUTE|[113]
16:19:26.0 (49538048)|STATEMENT_EXECUTE|[114]
16:19:26.0 (49561954)|VARIABLE_ASSIGNMENT|[EXTERNAL]|this|{"aptdum":"0x7c6dc9ac","Docdum":"0x6f3b69d5","Docmap":"0x3825f741","Initialselected":6,"Selecteddoc":"a260H000001koYlQAI","SelectedtimeSlot":60,"timelist":"0x3aadfded","timeset":"0x7bf61237","timewraplist":"0x78b286c","timewraplistInitial":"0x6c4a1f6b"}|0x701ede82
16:19:26.0 (49574193)|HEAP_ALLOCATE|[114]|Bytes:12
16:19:26.0 (49585693)|CONSTRUCTOR_ENTRY|[114]|01p0H000007gCe8|<init>(Boolean,Time)
16:19:26.0 (49591133)|VARIABLE_SCOPE_BEGIN|[212]|this|docappcontroller.Wrapertimeslot|true|false
16:19:26.0 (49603373)|VARIABLE_ASSIGNMENT|[212]|this|{}|0x7b67ed0f
16:19:26.0 (49610483)|VARIABLE_SCOPE_BEGIN|[212]|selection|Boolean|false|false
16:19:26.0 (49617808)|VARIABLE_ASSIGNMENT|[212]|selection|false
16:19:26.0 (49621574)|VARIABLE_SCOPE_BEGIN|[212]|tm|Time|false|false
16:19:26.0 (49629868)|VARIABLE_ASSIGNMENT|[212]|tm|48600000
16:19:26.0 (49634273)|STATEMENT_EXECUTE|[208]
16:19:26.0 (49635870)|STATEMENT_EXECUTE|[209]
16:19:26.0 (49637358)|STATEMENT_EXECUTE|[210]
16:19:26.0 (49645815)|STATEMENT_EXECUTE|[212]
16:19:26.0 (49647629)|STATEMENT_EXECUTE|[213]
16:19:26.0 (49657984)|VARIABLE_ASSIGNMENT|[EXTERNAL]|this|{}|0x7b67ed0f
16:19:26.0 (49666876)|VARIABLE_ASSIGNMENT|[EXTERNAL]|value|false
16:19:26.0 (49671870)|HEAP_ALLOCATE|[209]|Bytes:5
16:19:26.0 (49677663)|VARIABLE_ASSIGNMENT|[209]|this.selected|false|0x7b67ed0f
16:19:26.0 (49684579)|STATEMENT_EXECUTE|[214]
16:19:26.0 (49694909)|VARIABLE_ASSIGNMENT|[EXTERNAL]|this|{"selected":false}|0x7b67ed0f
16:19:26.0 (49703384)|VARIABLE_ASSIGNMENT|[EXTERNAL]|value|48600000
16:19:26.0 (49710317)|VARIABLE_ASSIGNMENT|[210]|this.t|48600000|0x7b67ed0f
16:19:26.0 (49722658)|CONSTRUCTOR_EXIT|[114]|01p0H000007gCe8|<init>(Boolean,Time)
16:19:26.0 (49731842)|HEAP_ALLOCATE|[EXTERNAL]|Bytes:4
16:19:26.0 (49741944)|HEAP_ALLOCATE|[107]|Bytes:28
16:19:26.0 (49746244)|HEAP_ALLOCATE|[107]|Bytes:28
16:19:26.0 (49764497)|STATEMENT_EXECUTE|[107]
16:19:26.0 (49766364)|STATEMENT_EXECUTE|[108]
16:19:26.0 (49774390)|USER_DEBUG|[108]|DEBUG|13:30:00.000Z
16:19:26.0 (49780966)|STATEMENT_EXECUTE|[109]
16:19:26.0 (49791670)|HEAP_ALLOCATE|[109]|Bytes:4
16:19:26.0 (49805240)|VARIABLE_ASSIGNMENT|[109]|t|50400000
16:19:26.0 (49809713)|STATEMENT_EXECUTE|[110]
16:19:26.0 (49814577)|HEAP_ALLOCATE|[110]|Bytes:28
16:19:26.0 (49826580)|HEAP_ALLOCATE|[110]|Bytes:28
16:19:26.0 (49837152)|VARIABLE_ASSIGNMENT|[110]|i1|5.0
16:19:26.0 (49841690)|STATEMENT_EXECUTE|[111]
16:19:26.0 (49869864)|VARIABLE_ASSIGNMENT|[EXTERNAL]|this|{"aptdum":"0x7c6dc9ac","Docdum":"0x6f3b69d5","Docmap":"0x3825f741","Initialselected":6,"Selecteddoc":"a260H000001koYlQAI","SelectedtimeSlot":60,"timelist":"0x3aadfded","timeset":"0x7bf61237","timewraplist":"0x78b286c","timewraplistInitial":"0x6c4a1f6b"}|0x701ede82
16:19:26.0 (49884103)|HEAP_ALLOCATE|[EXTERNAL]|Bytes:4
16:19:26.0 (49895750)|STATEMENT_EXECUTE|[113]
16:19:26.0 (49897812)|STATEMENT_EXECUTE|[114]
16:19:26.0 (49921946)|VARIABLE_ASSIGNMENT|[EXTERNAL]|this|{"aptdum":"0x7c6dc9ac","Docdum":"0x6f3b69d5","Docmap":"0x3825f741","Initialselected":6,"Selecteddoc":"a260H000001koYlQAI","SelectedtimeSlot":60,"timelist":"0x3aadfded","timeset":"0x7bf61237","timewraplist":"0x78b286c","timewraplistInitial":"0x6c4a1f6b"}|0x701ede82
16:19:26.0 (49933978)|HEAP_ALLOCATE|[114]|Bytes:12
16:19:26.0 (49945318)|CONSTRUCTOR_ENTRY|[114]|01p0H000007gCe8|<init>(Boolean,Time)
16:19:26.0 (49950358)|VARIABLE_SCOPE_BEGIN|[212]|this|docappcontroller.Wrapertimeslot|true|false
16:19:26.0 (49962942)|VARIABLE_ASSIGNMENT|[212]|this|{}|0xd45bacc
16:19:26.0 (49969859)|VARIABLE_SCOPE_BEGIN|[212]|selection|Boolean|false|false
16:19:26.0 (49977469)|VARIABLE_ASSIGNMENT|[212]|selection|false
16:19:26.0 (49980878)|VARIABLE_SCOPE_BEGIN|[212]|tm|Time|false|false
16:19:26.0 (49988778)|VARIABLE_ASSIGNMENT|[212]|tm|50400000
16:19:26.0 (49993435)|STATEMENT_EXECUTE|[208]
16:19:26.0 (49994973)|STATEMENT_EXECUTE|[209]
16:19:26.0 (49996476)|STATEMENT_EXECUTE|[210]
16:19:26.0 (50004817)|STATEMENT_EXECUTE|[212]
16:19:26.0 (50006993)|STATEMENT_EXECUTE|[213]
16:19:26.0 (50017690)|VARIABLE_ASSIGNMENT|[EXTERNAL]|this|{}|0xd45bacc
16:19:26.0 (50026581)|VARIABLE_ASSIGNMENT|[EXTERNAL]|value|false
16:19:26.0 (50031843)|HEAP_ALLOCATE|[209]|Bytes:5
16:19:26.0 (50037697)|VARIABLE_ASSIGNMENT|[209]|this.selected|false|0xd45bacc
16:19:26.0 (50044793)|STATEMENT_EXECUTE|[214]
16:19:26.0 (50055030)|VARIABLE_ASSIGNMENT|[EXTERNAL]|this|{"selected":false}|0xd45bacc
16:19:26.0 (50063712)|VARIABLE_ASSIGNMENT|[EXTERNAL]|value|50400000
16:19:26.0 (50071009)|VARIABLE_ASSIGNMENT|[210]|this.t|50400000|0xd45bacc
16:19:26.0 (50084015)|CONSTRUCTOR_EXIT|[114]|01p0H000007gCe8|<init>(Boolean,Time)
16:19:26.0 (50093714)|HEAP_ALLOCATE|[EXTERNAL]|Bytes:4
16:19:26.0 (50108928)|HEAP_ALLOCATE|[107]|Bytes:28
16:19:26.0 (50114951)|HEAP_ALLOCATE|[107]|Bytes:28
16:19:26.0 (50134441)|STATEMENT_EXECUTE|[107]
16:19:26.0 (50136277)|STATEMENT_EXECUTE|[108]
16:19:26.0 (50145084)|USER_DEBUG|[108]|DEBUG|14:00:00.000Z
16:19:26.0 (50156847)|STATEMENT_EXECUTE|[109]
16:19:26.0 (50169201)|HEAP_ALLOCATE|[109]|Bytes:4
16:19:26.0 (50183549)|VARIABLE_ASSIGNMENT|[109]|t|52200000
16:19:26.0 (50188468)|STATEMENT_EXECUTE|[110]
16:19:26.0 (50193466)|HEAP_ALLOCATE|[110]|Bytes:28
16:19:26.0 (50205968)|HEAP_ALLOCATE|[110]|Bytes:28
16:19:26.0 (50217771)|VARIABLE_ASSIGNMENT|[110]|i1|5.5
16:19:26.0 (50222238)|STATEMENT_EXECUTE|[111]
16:19:26.0 (50251723)|VARIABLE_ASSIGNMENT|[EXTERNAL]|this|{"aptdum":"0x7c6dc9ac","Docdum":"0x6f3b69d5","Docmap":"0x3825f741","Initialselected":6,"Selecteddoc":"a260H000001koYlQAI","SelectedtimeSlot":60,"timelist":"0x3aadfded","timeset":"0x7bf61237","timewraplist":"0x78b286c","timewraplistInitial":"0x6c4a1f6b"}|0x701ede82
16:19:26.0 (50266259)|HEAP_ALLOCATE|[EXTERNAL]|Bytes:4
16:19:26.0 (50277861)|STATEMENT_EXECUTE|[113]
16:19:26.0 (50279817)|STATEMENT_EXECUTE|[114]
16:19:26.0 (50303114)|VARIABLE_ASSIGNMENT|[EXTERNAL]|this|{"aptdum":"0x7c6dc9ac","Docdum":"0x6f3b69d5","Docmap":"0x3825f741","Initialselected":6,"Selecteddoc":"a260H000001koYlQAI","SelectedtimeSlot":60,"timelist":"0x3aadfded","timeset":"0x7bf61237","timewraplist":"0x78b286c","timewraplistInitial":"0x6c4a1f6b"}|0x701ede82
16:19:26.0 (50315158)|HEAP_ALLOCATE|[114]|Bytes:12
16:19:26.0 (50326342)|CONSTRUCTOR_ENTRY|[114]|01p0H000007gCe8|<init>(Boolean,Time)
16:19:26.0 (50331663)|VARIABLE_SCOPE_BEGIN|[212]|this|docappcontroller.Wrapertimeslot|true|false
16:19:26.0 (50344846)|VARIABLE_ASSIGNMENT|[212]|this|{}|0x13c2d427
16:19:26.0 (50350944)|VARIABLE_SCOPE_BEGIN|[212]|selection|Boolean|false|false
16:19:26.0 (50358064)|VARIABLE_ASSIGNMENT|[212]|selection|false
16:19:26.0 (50361773)|VARIABLE_SCOPE_BEGIN|[212]|tm|Time|false|false
16:19:26.0 (50369606)|VARIABLE_ASSIGNMENT|[212]|tm|52200000
16:19:26.0 (50374106)|STATEMENT_EXECUTE|[208]
16:19:26.0 (50375646)|STATEMENT_EXECUTE|[209]
16:19:26.0 (50377216)|STATEMENT_EXECUTE|[210]
16:19:26.0 (50385742)|STATEMENT_EXECUTE|[212]
16:19:26.0 (50387321)|STATEMENT_EXECUTE|[213]
16:19:26.0 (50397697)|VARIABLE_ASSIGNMENT|[EXTERNAL]|this|{}|0x13c2d427
16:19:26.0 (50406621)|VARIABLE_ASSIGNMENT|[EXTERNAL]|value|false
16:19:26.0 (50411665)|HEAP_ALLOCATE|[209]|Bytes:5
16:19:26.0 (50417735)|VARIABLE_ASSIGNMENT|[209]|this.selected|false|0x13c2d427
16:19:26.0 (50428494)|STATEMENT_EXECUTE|[214]
16:19:26.0 (50439719)|VARIABLE_ASSIGNMENT|[EXTERNAL]|this|{"selected":false}|0x13c2d427
16:19:26.0 (50448890)|VARIABLE_ASSIGNMENT|[EXTERNAL]|value|52200000
16:19:26.0 (50456282)|VARIABLE_ASSIGNMENT|[210]|this.t|52200000|0x13c2d427
16:19:26.0 (50469560)|CONSTRUCTOR_EXIT|[114]|01p0H000007gCe8|<init>(Boolean,Time)
16:19:26.0 (50478242)|HEAP_ALLOCATE|[EXTERNAL]|Bytes:4
16:19:26.0 (50488897)|HEAP_ALLOCATE|[107]|Bytes:28
16:19:26.0 (50492745)|HEAP_ALLOCATE|[107]|Bytes:28
16:19:26.0 (50509824)|STATEMENT_EXECUTE|[107]
16:19:26.0 (50511586)|STATEMENT_EXECUTE|[108]
16:19:26.0 (50519810)|USER_DEBUG|[108]|DEBUG|14:30:00.000Z
16:19:26.0 (50526894)|STATEMENT_EXECUTE|[109]
16:19:26.0 (50538160)|HEAP_ALLOCATE|[109]|Bytes:4
16:19:26.0 (50551539)|VARIABLE_ASSIGNMENT|[109]|t|54000000
16:19:26.0 (50556273)|STATEMENT_EXECUTE|[110]
16:19:26.0 (50560990)|HEAP_ALLOCATE|[110]|Bytes:28
16:19:26.0 (50573215)|HEAP_ALLOCATE|[110]|Bytes:28
16:19:26.0 (50584272)|VARIABLE_ASSIGNMENT|[110]|i1|6.0
16:19:26.0 (50588798)|STATEMENT_EXECUTE|[111]
16:19:26.0 (50617444)|VARIABLE_ASSIGNMENT|[EXTERNAL]|this|{"aptdum":"0x7c6dc9ac","Docdum":"0x6f3b69d5","Docmap":"0x3825f741","Initialselected":6,"Selecteddoc":"a260H000001koYlQAI","SelectedtimeSlot":60,"timelist":"0x3aadfded","timeset":"0x7bf61237","timewraplist":"0x78b286c","timewraplistInitial":"0x6c4a1f6b"}|0x701ede82
16:19:26.0 (50632680)|HEAP_ALLOCATE|[EXTERNAL]|Bytes:4
16:19:26.0 (50644190)|STATEMENT_EXECUTE|[113]
16:19:26.0 (50645797)|STATEMENT_EXECUTE|[114]
16:19:26.0 (50670551)|VARIABLE_ASSIGNMENT|[EXTERNAL]|this|{"aptdum":"0x7c6dc9ac","Docdum":"0x6f3b69d5","Docmap":"0x3825f741","Initialselected":6,"Selecteddoc":"a260H000001koYlQAI","SelectedtimeSlot":60,"timelist":"0x3aadfded","timeset":"0x7bf61237","timewraplist":"0x78b286c","timewraplistInitial":"0x6c4a1f6b"}|0x701ede82
16:19:26.0 (50682116)|HEAP_ALLOCATE|[114]|Bytes:12
16:19:26.0 (50693568)|CONSTRUCTOR_ENTRY|[114]|01p0H000007gCe8|<init>(Boolean,Time)
16:19:26.0 (50699098)|VARIABLE_SCOPE_BEGIN|[212]|this|docappcontroller.Wrapertimeslot|true|false
16:19:26.0 (50711955)|VARIABLE_ASSIGNMENT|[212]|this|{}|0x2abaa700
16:19:26.0 (50718393)|VARIABLE_SCOPE_BEGIN|[212]|selection|Boolean|false|false
16:19:26.0 (50726710)|VARIABLE_ASSIGNMENT|[212]|selection|false
16:19:26.0 (50730771)|VARIABLE_SCOPE_BEGIN|[212]|tm|Time|false|false
16:19:26.0 (50738614)|VARIABLE_ASSIGNMENT|[212]|tm|54000000
16:19:26.0 (50743096)|STATEMENT_EXECUTE|[208]
16:19:26.0 (50744629)|STATEMENT_EXECUTE|[209]
16:19:26.0 (50746214)|STATEMENT_EXECUTE|[210]
16:19:26.0 (50754849)|STATEMENT_EXECUTE|[212]
16:19:26.0 (50756732)|STATEMENT_EXECUTE|[213]
16:19:26.0 (50766998)|VARIABLE_ASSIGNMENT|[EXTERNAL]|this|{}|0x2abaa700
16:19:26.0 (50775675)|VARIABLE_ASSIGNMENT|[EXTERNAL]|value|false
16:19:26.0 (50780750)|HEAP_ALLOCATE|[209]|Bytes:5
16:19:26.0 (50786760)|VARIABLE_ASSIGNMENT|[209]|this.selected|false|0x2abaa700
16:19:26.0 (50793250)|STATEMENT_EXECUTE|[214]
16:19:26.0 (50803909)|VARIABLE_ASSIGNMENT|[EXTERNAL]|this|{"selected":false}|0x2abaa700
16:19:26.0 (50812638)|VARIABLE_ASSIGNMENT|[EXTERNAL]|value|54000000
16:19:26.0 (50819258)|VARIABLE_ASSIGNMENT|[210]|this.t|54000000|0x2abaa700
16:19:26.0 (50832380)|CONSTRUCTOR_EXIT|[114]|01p0H000007gCe8|<init>(Boolean,Time)
16:19:26.0 (50841749)|HEAP_ALLOCATE|[EXTERNAL]|Bytes:4
16:19:26.0 (50852159)|HEAP_ALLOCATE|[107]|Bytes:28
16:19:26.0 (50856051)|HEAP_ALLOCATE|[107]|Bytes:28
16:19:26.0 (50873381)|STATEMENT_EXECUTE|[107]
16:19:26.0 (50875211)|STATEMENT_EXECUTE|[108]
16:19:26.0 (50883340)|USER_DEBUG|[108]|DEBUG|15:00:00.000Z
16:19:26.0 (50890401)|STATEMENT_EXECUTE|[109]
16:19:26.0 (50901351)|HEAP_ALLOCATE|[109]|Bytes:4
16:19:26.0 (50915406)|VARIABLE_ASSIGNMENT|[109]|t|55800000
16:19:26.0 (50920189)|STATEMENT_EXECUTE|[110]
16:19:26.0 (50924826)|HEAP_ALLOCATE|[110]|Bytes:28
16:19:26.0 (50937086)|HEAP_ALLOCATE|[110]|Bytes:28
16:19:26.0 (50948074)|VARIABLE_ASSIGNMENT|[110]|i1|6.5
16:19:26.0 (50953141)|STATEMENT_EXECUTE|[111]
16:19:26.0 (50981436)|VARIABLE_ASSIGNMENT|[EXTERNAL]|this|{"aptdum":"0x7c6dc9ac","Docdum":"0x6f3b69d5","Docmap":"0x3825f741","Initialselected":6,"Selecteddoc":"a260H000001koYlQAI","SelectedtimeSlot":60,"timelist":"0x3aadfded","timeset":"0x7bf61237","timewraplist":"0x78b286c","timewraplistInitial":"0x6c4a1f6b"}|0x701ede82
16:19:26.0 (50995470)|HEAP_ALLOCATE|[EXTERNAL]|Bytes:4
16:19:26.0 (51007924)|STATEMENT_EXECUTE|[113]
16:19:26.0 (51009881)|STATEMENT_EXECUTE|[114]
16:19:26.0 (51033776)|VARIABLE_ASSIGNMENT|[EXTERNAL]|this|{"aptdum":"0x7c6dc9ac","Docdum":"0x6f3b69d5","Docmap":"0x3825f741","Initialselected":6,"Selecteddoc":"a260H000001koYlQAI","SelectedtimeSlot":60,"timelist":"0x3aadfded","timeset":"0x7bf61237","timewraplist":"0x78b286c","timewraplistInitial":"0x6c4a1f6b"}|0x701ede82
16:19:26.0 (51045521)|HEAP_ALLOCATE|[114]|Bytes:12
16:19:26.0 (51055821)|CONSTRUCTOR_ENTRY|[114]|01p0H000007gCe8|<init>(Boolean,Time)
16:19:26.0 (51061323)|VARIABLE_SCOPE_BEGIN|[212]|this|docappcontroller.Wrapertimeslot|true|false
16:19:26.0 (51073889)|VARIABLE_ASSIGNMENT|[212]|this|{}|0x59a1eff5
16:19:26.0 (51080849)|VARIABLE_SCOPE_BEGIN|[212]|selection|Boolean|false|false
16:19:26.0 (51088434)|VARIABLE_ASSIGNMENT|[212]|selection|false
16:19:26.0 (51092374)|VARIABLE_SCOPE_BEGIN|[212]|tm|Time|false|false
16:19:26.0 (51100384)|VARIABLE_ASSIGNMENT|[212]|tm|55800000
16:19:26.0 (51105031)|STATEMENT_EXECUTE|[208]
16:19:26.0 (51106604)|STATEMENT_EXECUTE|[209]
16:19:26.0 (51108329)|STATEMENT_EXECUTE|[210]
16:19:26.0 (51116688)|STATEMENT_EXECUTE|[212]
16:19:26.0 (51118331)|STATEMENT_EXECUTE|[213]
16:19:26.0 (51128537)|VARIABLE_ASSIGNMENT|[EXTERNAL]|this|{}|0x59a1eff5
16:19:26.0 (51137753)|VARIABLE_ASSIGNMENT|[EXTERNAL]|value|false
16:19:26.0 (51143414)|HEAP_ALLOCATE|[209]|Bytes:5
16:19:26.0 (51152560)|VARIABLE_ASSIGNMENT|[209]|this.selected|false|0x59a1eff5
16:19:26.0 (51159673)|STATEMENT_EXECUTE|[214]
16:19:26.0 (51170523)|VARIABLE_ASSIGNMENT|[EXTERNAL]|this|{"selected":false}|0x59a1eff5
16:19:26.0 (51179264)|VARIABLE_ASSIGNMENT|[EXTERNAL]|value|55800000
16:19:26.0 (51186203)|VARIABLE_ASSIGNMENT|[210]|this.t|55800000|0x59a1eff5
16:19:26.0 (51198381)|CONSTRUCTOR_EXIT|[114]|01p0H000007gCe8|<init>(Boolean,Time)
16:19:26.0 (51207671)|HEAP_ALLOCATE|[EXTERNAL]|Bytes:4
16:19:26.0 (51217670)|HEAP_ALLOCATE|[107]|Bytes:28
16:19:26.0 (51221498)|HEAP_ALLOCATE|[107]|Bytes:28
16:19:26.0 (51238711)|STATEMENT_EXECUTE|[107]
16:19:26.0 (51240695)|STATEMENT_EXECUTE|[108]
16:19:26.0 (51248603)|USER_DEBUG|[108]|DEBUG|15:30:00.000Z
16:19:26.0 (51255731)|STATEMENT_EXECUTE|[109]
16:19:26.0 (51266665)|HEAP_ALLOCATE|[109]|Bytes:4
16:19:26.0 (51280115)|VARIABLE_ASSIGNMENT|[109]|t|57600000
16:19:26.0 (51284300)|STATEMENT_EXECUTE|[110]
16:19:26.0 (51289160)|HEAP_ALLOCATE|[110]|Bytes:28
16:19:26.0 (51300959)|HEAP_ALLOCATE|[110]|Bytes:28
16:19:26.0 (51312167)|VARIABLE_ASSIGNMENT|[110]|i1|7.0
16:19:26.0 (51316247)|STATEMENT_EXECUTE|[111]
16:19:26.0 (51344983)|VARIABLE_ASSIGNMENT|[EXTERNAL]|this|{"aptdum":"0x7c6dc9ac","Docdum":"0x6f3b69d5","Docmap":"0x3825f741","Initialselected":6,"Selecteddoc":"a260H000001koYlQAI","SelectedtimeSlot":60,"timelist":"0x3aadfded","timeset":"0x7bf61237","timewraplist":"0x78b286c","timewraplistInitial":"0x6c4a1f6b"}|0x701ede82
16:19:26.0 (51359856)|HEAP_ALLOCATE|[EXTERNAL]|Bytes:4
16:19:26.0 (51371607)|STATEMENT_EXECUTE|[113]
16:19:26.0 (51373220)|STATEMENT_EXECUTE|[114]
16:19:26.0 (51396809)|VARIABLE_ASSIGNMENT|[EXTERNAL]|this|{"aptdum":"0x7c6dc9ac","Docdum":"0x6f3b69d5","Docmap":"0x3825f741","Initialselected":6,"Selecteddoc":"a260H000001koYlQAI","SelectedtimeSlot":60,"timelist":"0x3aadfded","timeset":"0x7bf61237","timewraplist":"0x78b286c","timewraplistInitial":"0x6c4a1f6b"}|0x701ede82
16:19:26.0 (51408909)|HEAP_ALLOCATE|[114]|Bytes:12
16:19:26.0 (51419999)|CONSTRUCTOR_ENTRY|[114]|01p0H000007gCe8|<init>(Boolean,Time)
16:19:26.0 (51425322)|VARIABLE_SCOPE_BEGIN|[212]|this|docappcontroller.Wrapertimeslot|true|false
16:19:26.0 (51437722)|VARIABLE_ASSIGNMENT|[212]|this|{}|0x3b3ed6ad
16:19:26.0 (51444006)|VARIABLE_SCOPE_BEGIN|[212]|selection|Boolean|false|false
16:19:26.0 (51451442)|VARIABLE_ASSIGNMENT|[212]|selection|false
16:19:26.0 (51455370)|VARIABLE_SCOPE_BEGIN|[212]|tm|Time|false|false
16:19:26.0 (51463708)|VARIABLE_ASSIGNMENT|[212]|tm|57600000
16:19:26.0 (51468453)|STATEMENT_EXECUTE|[208]
16:19:26.0 (51470014)|STATEMENT_EXECUTE|[209]
16:19:26.0 (51471517)|STATEMENT_EXECUTE|[210]
16:19:26.0 (51480022)|STATEMENT_EXECUTE|[212]
16:19:26.0 (51481853)|STATEMENT_EXECUTE|[213]
16:19:26.0 (51492099)|VARIABLE_ASSIGNMENT|[EXTERNAL]|this|{}|0x3b3ed6ad
16:19:26.0 (51501131)|VARIABLE_ASSIGNMENT|[EXTERNAL]|value|false
16:19:26.0 (51506891)|HEAP_ALLOCATE|[209]|Bytes:5
16:19:26.0 (51512249)|VARIABLE_ASSIGNMENT|[209]|this.selected|false|0x3b3ed6ad
16:19:26.0 (51518868)|STATEMENT_EXECUTE|[214]
16:19:26.0 (51529354)|VARIABLE_ASSIGNMENT|[EXTERNAL]|this|{"selected":false}|0x3b3ed6ad
16:19:26.0 (51538329)|VARIABLE_ASSIGNMENT|[EXTERNAL]|value|57600000
16:19:26.0 (51545539)|VARIABLE_ASSIGNMENT|[210]|this.t|57600000|0x3b3ed6ad
16:19:26.0 (51557107)|CONSTRUCTOR_EXIT|[114]|01p0H000007gCe8|<init>(Boolean,Time)
16:19:26.0 (51565861)|HEAP_ALLOCATE|[EXTERNAL]|Bytes:4
16:19:26.0 (51576139)|HEAP_ALLOCATE|[107]|Bytes:28
16:19:26.0 (51580260)|HEAP_ALLOCATE|[107]|Bytes:28
16:19:26.0 (51597097)|STATEMENT_EXECUTE|[107]
16:19:26.0 (51598944)|STATEMENT_EXECUTE|[108]
16:19:26.0 (51606676)|USER_DEBUG|[108]|DEBUG|16:00:00.000Z
16:19:26.0 (51613506)|STATEMENT_EXECUTE|[109]
16:19:26.0 (51624226)|HEAP_ALLOCATE|[109]|Bytes:4
16:19:26.0 (51637170)|VARIABLE_ASSIGNMENT|[109]|t|59400000
16:19:26.0 (51641592)|STATEMENT_EXECUTE|[110]
16:19:26.0 (51646384)|HEAP_ALLOCATE|[110]|Bytes:28
16:19:26.0 (51658305)|HEAP_ALLOCATE|[110]|Bytes:28
16:19:26.0 (51669054)|VARIABLE_ASSIGNMENT|[110]|i1|7.5
16:19:26.0 (51673370)|STATEMENT_EXECUTE|[111]
16:19:26.0 (51702521)|VARIABLE_ASSIGNMENT|[EXTERNAL]|this|{"aptdum":"0x7c6dc9ac","Docdum":"0x6f3b69d5","Docmap":"0x3825f741","Initialselected":6,"Selecteddoc":"a260H000001koYlQAI","SelectedtimeSlot":60,"timelist":"0x3aadfded","timeset":"0x7bf61237","timewraplist":"0x78b286c","timewraplistInitial":"0x6c4a1f6b"}|0x701ede82
16:19:26.0 (51717237)|HEAP_ALLOCATE|[EXTERNAL]|Bytes:4
16:19:26.0 (51729526)|STATEMENT_EXECUTE|[113]
16:19:26.0 (51731097)|STATEMENT_EXECUTE|[114]
16:19:26.0 (51755783)|VARIABLE_ASSIGNMENT|[EXTERNAL]|this|{"aptdum":"0x7c6dc9ac","Docdum":"0x6f3b69d5","Docmap":"0x3825f741","Initialselected":6,"Selecteddoc":"a260H000001koYlQAI","SelectedtimeSlot":60,"timelist":"0x3aadfded","timeset":"0x7bf61237","timewraplist":"0x78b286c","timewraplistInitial":"0x6c4a1f6b"}|0x701ede82
16:19:26.0 (51768757)|HEAP_ALLOCATE|[114]|Bytes:12
16:19:26.0 (51780222)|CONSTRUCTOR_ENTRY|[114]|01p0H000007gCe8|<init>(Boolean,Time)
16:19:26.0 (51785573)|VARIABLE_SCOPE_BEGIN|[212]|this|docappcontroller.Wrapertimeslot|true|false
16:19:26.0 (51798979)|VARIABLE_ASSIGNMENT|[212]|this|{}|0x50b9cbc9
16:19:26.0 (51806077)|VARIABLE_SCOPE_BEGIN|[212]|selection|Boolean|false|false
16:19:26.0 (51813588)|VARIABLE_ASSIGNMENT|[212]|selection|false
16:19:26.0 (51817342)|VARIABLE_SCOPE_BEGIN|[212]|tm|Time|false|false
16:19:26.0 (51825184)|VARIABLE_ASSIGNMENT|[212]|tm|59400000
16:19:26.0 (51829415)|STATEMENT_EXECUTE|[208]
16:19:26.0 (51831006)|STATEMENT_EXECUTE|[209]
16:19:26.0 (51832551)|STATEMENT_EXECUTE|[210]
16:19:26.0 (51841017)|STATEMENT_EXECUTE|[212]
16:19:26.0 (51842578)|STATEMENT_EXECUTE|[213]
16:19:26.0 (51852978)|VARIABLE_ASSIGNMENT|[EXTERNAL]|this|{}|0x50b9cbc9
16:19:26.0 (51861549)|VARIABLE_ASSIGNMENT|[EXTERNAL]|value|false
16:19:26.0 (51867664)|HEAP_ALLOCATE|[209]|Bytes:5
16:19:26.0 (51872956)|VARIABLE_ASSIGNMENT|[209]|this.selected|false|0x50b9cbc9
16:19:26.0 (51879415)|STATEMENT_EXECUTE|[214]
16:19:26.0 (51889712)|VARIABLE_ASSIGNMENT|[EXTERNAL]|this|{"selected":false}|0x50b9cbc9
16:19:26.0 (51898478)|VARIABLE_ASSIGNMENT|[EXTERNAL]|value|59400000
16:19:26.0 (51906053)|VARIABLE_ASSIGNMENT|[210]|this.t|59400000|0x50b9cbc9
16:19:26.0 (51917793)|CONSTRUCTOR_EXIT|[114]|01p0H000007gCe8|<init>(Boolean,Time)
16:19:26.0 (51926592)|HEAP_ALLOCATE|[EXTERNAL]|Bytes:4
16:19:26.0 (51937139)|HEAP_ALLOCATE|[107]|Bytes:28
16:19:26.0 (51940938)|HEAP_ALLOCATE|[107]|Bytes:28
16:19:26.0 (51957907)|STATEMENT_EXECUTE|[107]
16:19:26.0 (51959701)|STATEMENT_EXECUTE|[108]
16:19:26.0 (51967666)|USER_DEBUG|[108]|DEBUG|16:30:00.000Z
16:19:26.0 (51974289)|STATEMENT_EXECUTE|[109]
16:19:26.0 (51985371)|HEAP_ALLOCATE|[109]|Bytes:4
16:19:26.0 (51998386)|VARIABLE_ASSIGNMENT|[109]|t|61200000
16:19:26.0 (52002690)|STATEMENT_EXECUTE|[110]
16:19:26.0 (52007689)|HEAP_ALLOCATE|[110]|Bytes:28
16:19:26.0 (52019587)|HEAP_ALLOCATE|[110]|Bytes:28
16:19:26.0 (52030108)|VARIABLE_ASSIGNMENT|[110]|i1|8.0
16:19:26.0 (52034086)|STATEMENT_EXECUTE|[111]
16:19:26.0 (52062315)|VARIABLE_ASSIGNMENT|[EXTERNAL]|this|{"aptdum":"0x7c6dc9ac","Docdum":"0x6f3b69d5","Docmap":"0x3825f741","Initialselected":6,"Selecteddoc":"a260H000001koYlQAI","SelectedtimeSlot":60,"timelist":"0x3aadfded","timeset":"0x7bf61237","timewraplist":"0x78b286c","timewraplistInitial":"0x6c4a1f6b"}|0x701ede82
16:19:26.0 (52077125)|HEAP_ALLOCATE|[EXTERNAL]|Bytes:4
16:19:26.0 (52088791)|STATEMENT_EXECUTE|[113]
16:19:26.0 (52090621)|STATEMENT_EXECUTE|[114]
16:19:26.0 (52115201)|VARIABLE_ASSIGNMENT|[EXTERNAL]|this|{"aptdum":"0x7c6dc9ac","Docdum":"0x6f3b69d5","Docmap":"0x3825f741","Initialselected":6,"Selecteddoc":"a260H000001koYlQAI","SelectedtimeSlot":60,"timelist":"0x3aadfded","timeset":"0x7bf61237","timewraplist":"0x78b286c","timewraplistInitial":"0x6c4a1f6b"}|0x701ede82
16:19:26.0 (52127425)|HEAP_ALLOCATE|[114]|Bytes:12
16:19:26.0 (52138560)|CONSTRUCTOR_ENTRY|[114]|01p0H000007gCe8|<init>(Boolean,Time)
16:19:26.0 (52144168)|VARIABLE_SCOPE_BEGIN|[212]|this|docappcontroller.Wrapertimeslot|true|false
16:19:26.0 (52160324)|VARIABLE_ASSIGNMENT|[212]|this|{}|0x64c8923a
16:19:26.0 (52166938)|VARIABLE_SCOPE_BEGIN|[212]|selection|Boolean|false|false
16:19:26.0 (52175289)|VARIABLE_ASSIGNMENT|[212]|selection|false
16:19:26.0 (52179443)|VARIABLE_SCOPE_BEGIN|[212]|tm|Time|false|false
16:19:26.0 (52187999)|VARIABLE_ASSIGNMENT|[212]|tm|61200000
16:19:26.0 (52192319)|STATEMENT_EXECUTE|[208]
16:19:26.0 (52193949)|STATEMENT_EXECUTE|[209]
16:19:26.0 (52195524)|STATEMENT_EXECUTE|[210]
16:19:26.0 (52204122)|STATEMENT_EXECUTE|[212]
16:19:26.0 (52205660)|STATEMENT_EXECUTE|[213]
16:19:26.0 (52216129)|VARIABLE_ASSIGNMENT|[EXTERNAL]|this|{}|0x64c8923a
16:19:26.0 (52224622)|VARIABLE_ASSIGNMENT|[EXTERNAL]|value|false
16:19:26.0 (52229781)|HEAP_ALLOCATE|[209]|Bytes:5
16:19:26.0 (52235715)|VARIABLE_ASSIGNMENT|[209]|this.selected|false|0x64c8923a
16:19:26.0 (52242436)|STATEMENT_EXECUTE|[214]
16:19:26.0 (52252513)|VARIABLE_ASSIGNMENT|[EXTERNAL]|this|{"selected":false}|0x64c8923a
16:19:26.0 (52261431)|VARIABLE_ASSIGNMENT|[EXTERNAL]|value|61200000
16:19:26.0 (52268690)|VARIABLE_ASSIGNMENT|[210]|this.t|61200000|0x64c8923a
16:19:26.0 (52280846)|CONSTRUCTOR_EXIT|[114]|01p0H000007gCe8|<init>(Boolean,Time)
16:19:26.0 (52289552)|HEAP_ALLOCATE|[EXTERNAL]|Bytes:4
16:19:26.0 (52299651)|HEAP_ALLOCATE|[107]|Bytes:28
16:19:26.0 (52303792)|HEAP_ALLOCATE|[107]|Bytes:28
16:19:26.0 (52325923)|STATEMENT_EXECUTE|[107]
16:19:26.0 (52328169)|STATEMENT_EXECUTE|[108]
16:19:26.0 (52336754)|USER_DEBUG|[108]|DEBUG|17:00:00.000Z
16:19:26.0 (52343358)|STATEMENT_EXECUTE|[109]
16:19:26.0 (52354573)|HEAP_ALLOCATE|[109]|Bytes:4
16:19:26.0 (52367483)|VARIABLE_ASSIGNMENT|[109]|t|63000000
16:19:26.0 (52371469)|STATEMENT_EXECUTE|[110]
16:19:26.0 (52376534)|HEAP_ALLOCATE|[110]|Bytes:28
16:19:26.0 (52389132)|HEAP_ALLOCATE|[110]|Bytes:28
16:19:26.0 (52399938)|VARIABLE_ASSIGNMENT|[110]|i1|8.5
16:19:26.0 (52403925)|STATEMENT_EXECUTE|[111]
16:19:26.0 (52432380)|VARIABLE_ASSIGNMENT|[EXTERNAL]|this|{"aptdum":"0x7c6dc9ac","Docdum":"0x6f3b69d5","Docmap":"0x3825f741","Initialselected":6,"Selecteddoc":"a260H000001koYlQAI","SelectedtimeSlot":60,"timelist":"0x3aadfded","timeset":"0x7bf61237","timewraplist":"0x78b286c","timewraplistInitial":"0x6c4a1f6b"}|0x701ede82
16:19:26.0 (52447273)|HEAP_ALLOCATE|[EXTERNAL]|Bytes:4
16:19:26.0 (52458607)|STATEMENT_EXECUTE|[113]
16:19:26.0 (52460187)|STATEMENT_EXECUTE|[114]
16:19:26.0 (52484189)|VARIABLE_ASSIGNMENT|[EXTERNAL]|this|{"aptdum":"0x7c6dc9ac","Docdum":"0x6f3b69d5","Docmap":"0x3825f741","Initialselected":6,"Selecteddoc":"a260H000001koYlQAI","SelectedtimeSlot":60,"timelist":"0x3aadfded","timeset":"0x7bf61237","timewraplist":"0x78b286c","timewraplistInitial":"0x6c4a1f6b"}|0x701ede82
16:19:26.0 (52496783)|HEAP_ALLOCATE|[114]|Bytes:12
16:19:26.0 (52507613)|CONSTRUCTOR_ENTRY|[114]|01p0H000007gCe8|<init>(Boolean,Time)
16:19:26.0 (52513399)|VARIABLE_SCOPE_BEGIN|[212]|this|docappcontroller.Wrapertimeslot|true|false
16:19:26.0 (52525488)|VARIABLE_ASSIGNMENT|[212]|this|{}|0x7665b8f7
16:19:26.0 (52532033)|VARIABLE_SCOPE_BEGIN|[212]|selection|Boolean|false|false
16:19:26.0 (52539536)|VARIABLE_ASSIGNMENT|[212]|selection|false
16:19:26.0 (52543188)|VARIABLE_SCOPE_BEGIN|[212]|tm|Time|false|false
16:19:26.0 (52551033)|VARIABLE_ASSIGNMENT|[212]|tm|63000000
16:19:26.0 (52554999)|STATEMENT_EXECUTE|[208]
16:19:26.0 (52556596)|STATEMENT_EXECUTE|[209]
16:19:26.0 (52558093)|STATEMENT_EXECUTE|[210]
16:19:26.0 (52566805)|STATEMENT_EXECUTE|[212]
16:19:26.0 (52568332)|STATEMENT_EXECUTE|[213]
16:19:26.0 (52578813)|VARIABLE_ASSIGNMENT|[EXTERNAL]|this|{}|0x7665b8f7
16:19:26.0 (52588394)|VARIABLE_ASSIGNMENT|[EXTERNAL]|value|false
16:19:26.0 (52593594)|HEAP_ALLOCATE|[209]|Bytes:5
16:19:26.0 (52599647)|VARIABLE_ASSIGNMENT|[209]|this.selected|false|0x7665b8f7
16:19:26.0 (52606419)|STATEMENT_EXECUTE|[214]
16:19:26.0 (52616479)|VARIABLE_ASSIGNMENT|[EXTERNAL]|this|{"selected":false}|0x7665b8f7
16:19:26.0 (52625427)|VARIABLE_ASSIGNMENT|[EXTERNAL]|value|63000000
16:19:26.0 (52632230)|VARIABLE_ASSIGNMENT|[210]|this.t|63000000|0x7665b8f7
16:19:26.0 (52644606)|CONSTRUCTOR_EXIT|[114]|01p0H000007gCe8|<init>(Boolean,Time)
16:19:26.0 (52653664)|HEAP_ALLOCATE|[EXTERNAL]|Bytes:4
16:19:26.0 (52663723)|HEAP_ALLOCATE|[107]|Bytes:28
16:19:26.0 (52667232)|HEAP_ALLOCATE|[107]|Bytes:28
16:19:26.0 (52684237)|STATEMENT_EXECUTE|[107]
16:19:26.0 (52686079)|STATEMENT_EXECUTE|[108]
16:19:26.0 (52694052)|USER_DEBUG|[108]|DEBUG|17:30:00.000Z
16:19:26.0 (52700988)|STATEMENT_EXECUTE|[109]
16:19:26.0 (52711945)|HEAP_ALLOCATE|[109]|Bytes:4
16:19:26.0 (52724632)|VARIABLE_ASSIGNMENT|[109]|t|64800000
16:19:26.0 (52728665)|STATEMENT_EXECUTE|[110]
16:19:26.0 (52733643)|HEAP_ALLOCATE|[110]|Bytes:28
16:19:26.0 (52745650)|HEAP_ALLOCATE|[110]|Bytes:28
16:19:26.0 (52756696)|VARIABLE_ASSIGNMENT|[110]|i1|9.0
16:19:26.0 (52760584)|STATEMENT_EXECUTE|[111]
16:19:26.0 (52788092)|VARIABLE_ASSIGNMENT|[EXTERNAL]|this|{"aptdum":"0x7c6dc9ac","Docdum":"0x6f3b69d5","Docmap":"0x3825f741","Initialselected":6,"Selecteddoc":"a260H000001koYlQAI","SelectedtimeSlot":60,"timelist":"0x3aadfded","timeset":"0x7bf61237","timewraplist":"0x78b286c","timewraplistInitial":"0x6c4a1f6b"}|0x701ede82
16:19:26.0 (52802115)|HEAP_ALLOCATE|[EXTERNAL]|Bytes:4
16:19:26.0 (52813860)|STATEMENT_EXECUTE|[113]
16:19:26.0 (52815397)|STATEMENT_EXECUTE|[114]
16:19:26.0 (52839131)|VARIABLE_ASSIGNMENT|[EXTERNAL]|this|{"aptdum":"0x7c6dc9ac","Docdum":"0x6f3b69d5","Docmap":"0x3825f741","Initialselected":6,"Selecteddoc":"a260H000001koYlQAI","SelectedtimeSlot":60,"timelist":"0x3aadfded","timeset":"0x7bf61237","timewraplist":"0x78b286c","timewraplistInitial":"0x6c4a1f6b"}|0x701ede82
16:19:26.0 (52851325)|HEAP_ALLOCATE|[114]|Bytes:12
16:19:26.0 (52862112)|CONSTRUCTOR_ENTRY|[114]|01p0H000007gCe8|<init>(Boolean,Time)
16:19:26.0 (52867846)|VARIABLE_SCOPE_BEGIN|[212]|this|docappcontroller.Wrapertimeslot|true|false
16:19:26.0 (52879941)|VARIABLE_ASSIGNMENT|[212]|this|{}|0x6ecfba94
16:19:26.0 (52886101)|VARIABLE_SCOPE_BEGIN|[212]|selection|Boolean|false|false
16:19:26.0 (52893756)|VARIABLE_ASSIGNMENT|[212]|selection|false
16:19:26.0 (52897558)|VARIABLE_SCOPE_BEGIN|[212]|tm|Time|false|false
16:19:26.0 (52904580)|VARIABLE_ASSIGNMENT|[212]|tm|64800000
16:19:26.0 (52908987)|STATEMENT_EXECUTE|[208]
16:19:26.0 (52910678)|STATEMENT_EXECUTE|[209]
16:19:26.0 (52912169)|STATEMENT_EXECUTE|[210]
16:19:26.0 (52920381)|STATEMENT_EXECUTE|[212]
16:19:26.0 (52921942)|STATEMENT_EXECUTE|[213]
16:19:26.0 (52932205)|VARIABLE_ASSIGNMENT|[EXTERNAL]|this|{}|0x6ecfba94
16:19:26.0 (52940956)|VARIABLE_ASSIGNMENT|[EXTERNAL]|value|false
16:19:26.0 (52946308)|HEAP_ALLOCATE|[209]|Bytes:5
16:19:26.0 (52951777)|VARIABLE_ASSIGNMENT|[209]|this.selected|false|0x6ecfba94
16:19:26.0 (52958472)|STATEMENT_EXECUTE|[214]
16:19:26.0 (52968977)|VARIABLE_ASSIGNMENT|[EXTERNAL]|this|{"selected":false}|0x6ecfba94
16:19:26.0 (52978041)|VARIABLE_ASSIGNMENT|[EXTERNAL]|value|64800000
16:19:26.0 (52984777)|VARIABLE_ASSIGNMENT|[210]|this.t|64800000|0x6ecfba94
16:19:26.0 (52996268)|CONSTRUCTOR_EXIT|[114]|01p0H000007gCe8|<init>(Boolean,Time)
16:19:26.0 (53004909)|HEAP_ALLOCATE|[EXTERNAL]|Bytes:4
16:19:26.0 (53015821)|HEAP_ALLOCATE|[107]|Bytes:28
16:19:26.0 (53019905)|HEAP_ALLOCATE|[107]|Bytes:28
16:19:26.0 (53037058)|STATEMENT_EXECUTE|[107]
16:19:26.0 (53038867)|STATEMENT_EXECUTE|[108]
16:19:26.0 (53046612)|USER_DEBUG|[108]|DEBUG|18:00:00.000Z
16:19:26.0 (53053097)|STATEMENT_EXECUTE|[109]
16:19:26.0 (53063770)|HEAP_ALLOCATE|[109]|Bytes:4
16:19:26.0 (53077421)|VARIABLE_ASSIGNMENT|[109]|t|66600000
16:19:26.0 (53081525)|STATEMENT_EXECUTE|[110]
16:19:26.0 (53086242)|HEAP_ALLOCATE|[110]|Bytes:28
16:19:26.0 (53097828)|HEAP_ALLOCATE|[110]|Bytes:28
16:19:26.0 (53108757)|VARIABLE_ASSIGNMENT|[110]|i1|9.5
16:19:26.0 (53112726)|STATEMENT_EXECUTE|[111]
16:19:26.0 (53141179)|VARIABLE_ASSIGNMENT|[EXTERNAL]|this|{"aptdum":"0x7c6dc9ac","Docdum":"0x6f3b69d5","Docmap":"0x3825f741","Initialselected":6,"Selecteddoc":"a260H000001koYlQAI","SelectedtimeSlot":60,"timelist":"0x3aadfded","timeset":"0x7bf61237","timewraplist":"0x78b286c","timewraplistInitial":"0x6c4a1f6b"}|0x701ede82
16:19:26.0 (53160197)|HEAP_ALLOCATE|[EXTERNAL]|Bytes:4
16:19:26.0 (53171749)|STATEMENT_EXECUTE|[113]
16:19:26.0 (53173351)|STATEMENT_EXECUTE|[114]
16:19:26.0 (53197459)|VARIABLE_ASSIGNMENT|[EXTERNAL]|this|{"aptdum":"0x7c6dc9ac","Docdum":"0x6f3b69d5","Docmap":"0x3825f741","Initialselected":6,"Selecteddoc":"a260H000001koYlQAI","SelectedtimeSlot":60,"timelist":"0x3aadfded","timeset":"0x7bf61237","timewraplist":"0x78b286c","timewraplistInitial":"0x6c4a1f6b"}|0x701ede82
16:19:26.0 (53210668)|HEAP_ALLOCATE|[114]|Bytes:12
16:19:26.0 (53221669)|CONSTRUCTOR_ENTRY|[114]|01p0H000007gCe8|<init>(Boolean,Time)
16:19:26.0 (53228173)|VARIABLE_SCOPE_BEGIN|[212]|this|docappcontroller.Wrapertimeslot|true|false
16:19:26.0 (53240657)|VARIABLE_ASSIGNMENT|[212]|this|{}|0x5abeead4
16:19:26.0 (53246713)|VARIABLE_SCOPE_BEGIN|[212]|selection|Boolean|false|false
16:19:26.0 (53254082)|VARIABLE_ASSIGNMENT|[212]|selection|false
16:19:26.0 (53257708)|VARIABLE_SCOPE_BEGIN|[212]|tm|Time|false|false
16:19:26.0 (53265857)|VARIABLE_ASSIGNMENT|[212]|tm|66600000
16:19:26.0 (53270149)|STATEMENT_EXECUTE|[208]
16:19:26.0 (53271785)|STATEMENT_EXECUTE|[209]
16:19:26.0 (53273303)|STATEMENT_EXECUTE|[210]
16:19:26.0 (53281348)|STATEMENT_EXECUTE|[212]
16:19:26.0 (53282960)|STATEMENT_EXECUTE|[213]
16:19:26.0 (53293408)|VARIABLE_ASSIGNMENT|[EXTERNAL]|this|{}|0x5abeead4
16:19:26.0 (53301419)|VARIABLE_ASSIGNMENT|[EXTERNAL]|value|false
16:19:26.0 (53306466)|HEAP_ALLOCATE|[209]|Bytes:5
16:19:26.0 (53312652)|VARIABLE_ASSIGNMENT|[209]|this.selected|false|0x5abeead4
16:19:26.0 (53319585)|STATEMENT_EXECUTE|[214]
16:19:26.0 (53330158)|VARIABLE_ASSIGNMENT|[EXTERNAL]|this|{"selected":false}|0x5abeead4
16:19:26.0 (53339095)|VARIABLE_ASSIGNMENT|[EXTERNAL]|value|66600000
16:19:26.0 (53346119)|VARIABLE_ASSIGNMENT|[210]|this.t|66600000|0x5abeead4
16:19:26.0 (53357950)|CONSTRUCTOR_EXIT|[114]|01p0H000007gCe8|<init>(Boolean,Time)
16:19:26.0 (53366508)|HEAP_ALLOCATE|[EXTERNAL]|Bytes:4
16:19:26.0 (53376862)|HEAP_ALLOCATE|[107]|Bytes:28
16:19:26.0 (53381864)|HEAP_ALLOCATE|[107]|Bytes:28
16:19:26.0 (53399635)|STATEMENT_EXECUTE|[107]
16:19:26.0 (53401534)|STATEMENT_EXECUTE|[108]
16:19:26.0 (53409226)|USER_DEBUG|[108]|DEBUG|18:30:00.000Z
16:19:26.0 (53416177)|STATEMENT_EXECUTE|[109]
16:19:26.0 (53426816)|HEAP_ALLOCATE|[109]|Bytes:4
16:19:26.0 (53439865)|VARIABLE_ASSIGNMENT|[109]|t|68400000
16:19:26.0 (53444223)|STATEMENT_EXECUTE|[110]
16:19:26.0 (53449088)|HEAP_ALLOCATE|[110]|Bytes:28
16:19:26.0 (53461064)|HEAP_ALLOCATE|[110]|Bytes:28
16:19:26.0 (53471893)|VARIABLE_ASSIGNMENT|[110]|i1|10.0
16:19:26.0 (53476772)|STATEMENT_EXECUTE|[111]
16:19:26.0 (53504567)|VARIABLE_ASSIGNMENT|[EXTERNAL]|this|{"aptdum":"0x7c6dc9ac","Docdum":"0x6f3b69d5","Docmap":"0x3825f741","Initialselected":6,"Selecteddoc":"a260H000001koYlQAI","SelectedtimeSlot":60,"timelist":"0x3aadfded","timeset":"0x7bf61237","timewraplist":"0x78b286c","timewraplistInitial":"0x6c4a1f6b"}|0x701ede82
16:19:26.0 (53518230)|HEAP_ALLOCATE|[EXTERNAL]|Bytes:4
16:19:26.0 (53529508)|STATEMENT_EXECUTE|[113]
16:19:26.0 (53531383)|STATEMENT_EXECUTE|[114]
16:19:26.0 (53554213)|VARIABLE_ASSIGNMENT|[EXTERNAL]|this|{"aptdum":"0x7c6dc9ac","Docdum":"0x6f3b69d5","Docmap":"0x3825f741","Initialselected":6,"Selecteddoc":"a260H000001koYlQAI","SelectedtimeSlot":60,"timelist":"0x3aadfded","timeset":"0x7bf61237","timewraplist":"0x78b286c","timewraplistInitial":"0x6c4a1f6b"}|0x701ede82
16:19:26.0 (53565361)|HEAP_ALLOCATE|[114]|Bytes:12
16:19:26.0 (53575720)|CONSTRUCTOR_ENTRY|[114]|01p0H000007gCe8|<init>(Boolean,Time)
16:19:26.0 (53580751)|VARIABLE_SCOPE_BEGIN|[212]|this|docappcontroller.Wrapertimeslot|true|false
16:19:26.0 (53592503)|VARIABLE_ASSIGNMENT|[212]|this|{}|0x54c45abb
16:19:26.0 (53598291)|VARIABLE_SCOPE_BEGIN|[212]|selection|Boolean|false|false
16:19:26.0 (53605543)|VARIABLE_ASSIGNMENT|[212]|selection|false
16:19:26.0 (53608971)|VARIABLE_SCOPE_BEGIN|[212]|tm|Time|false|false
16:19:26.0 (53616334)|VARIABLE_ASSIGNMENT|[212]|tm|68400000
16:19:26.0 (53620325)|STATEMENT_EXECUTE|[208]
16:19:26.0 (53622017)|STATEMENT_EXECUTE|[209]
16:19:26.0 (53623504)|STATEMENT_EXECUTE|[210]
16:19:26.0 (53631501)|STATEMENT_EXECUTE|[212]
16:19:26.0 (53633313)|STATEMENT_EXECUTE|[213]
16:19:26.0 (53643484)|VARIABLE_ASSIGNMENT|[EXTERNAL]|this|{}|0x54c45abb
16:19:26.0 (53651651)|VARIABLE_ASSIGNMENT|[EXTERNAL]|value|false
16:19:26.0 (53656582)|HEAP_ALLOCATE|[209]|Bytes:5
16:19:26.0 (53661983)|VARIABLE_ASSIGNMENT|[209]|this.selected|false|0x54c45abb
16:19:26.0 (53668611)|STATEMENT_EXECUTE|[214]
16:19:26.0 (53678874)|VARIABLE_ASSIGNMENT|[EXTERNAL]|this|{"selected":false}|0x54c45abb
16:19:26.0 (53686666)|VARIABLE_ASSIGNMENT|[EXTERNAL]|value|68400000
16:19:26.0 (53692989)|VARIABLE_ASSIGNMENT|[210]|this.t|68400000|0x54c45abb
16:19:26.0 (53704703)|CONSTRUCTOR_EXIT|[114]|01p0H000007gCe8|<init>(Boolean,Time)
16:19:26.0 (53713072)|HEAP_ALLOCATE|[EXTERNAL]|Bytes:4
16:19:26.0 (53723509)|HEAP_ALLOCATE|[107]|Bytes:28
16:19:26.0 (53727226)|HEAP_ALLOCATE|[107]|Bytes:28
16:19:26.0 (53749646)|HEAP_ALLOCATE|[123]|Bytes:28
16:19:26.0 (53753665)|HEAP_ALLOCATE|[123]|Bytes:28
16:19:26.0 (53759259)|HEAP_ALLOCATE|[123]|Bytes:28
16:19:26.0 (53790109)|HEAP_ALLOCATE|[123]|Bytes:28
16:19:26.0 (53815693)|STATEMENT_EXECUTE|[123]
16:19:26.0 (53818290)|STATEMENT_EXECUTE|[129]
16:19:26.0 (53854226)|VARIABLE_ASSIGNMENT|[EXTERNAL]|this|{"aptdum":"0x7c6dc9ac","Docdum":"0x6f3b69d5","Docmap":"0x3825f741","Initialselected":6,"Selecteddoc":"a260H000001koYlQAI","SelectedtimeSlot":60,"timelist":"0x3aadfded","timeset":"0x7bf61237","timewraplist":"0x78b286c","timewraplistInitial":"0x6c4a1f6b"}|0x701ede82
16:19:26.0 (53874302)|VARIABLE_ASSIGNMENT|[129]|this.timewraplistInitial|"List of size 21 too large to display"|0x701ede82
16:19:26.0 (53879559)|STATEMENT_EXECUTE|[131]
16:19:26.57 (57419812)|SYSTEM_MODE_ENTER|true
16:19:26.57 (57490077)|HEAP_ALLOCATE|[EXTERNAL]|Bytes:8
16:19:26.57 (57500084)|VARIABLE_SCOPE_BEGIN|[88]|this|ApexPage.PageMessagesComponentController|true|false
16:19:26.57 (57525208)|VARIABLE_ASSIGNMENT|[88]|this|{}|0x7134ba27
16:19:26.57 (57531866)|VARIABLE_SCOPE_BEGIN|[88]|escape|Boolean|false|false
16:19:26.57 (57539355)|VARIABLE_ASSIGNMENT|[88]|escape|null
16:19:26.57 (57633167)|SYSTEM_MODE_ENTER|true
16:19:26.57 (57666196)|HEAP_ALLOCATE|[EXTERNAL]|Bytes:8
16:19:26.57 (57673481)|VARIABLE_SCOPE_BEGIN|[2]|this|ApexPage.PageMessagesComponentController|true|false
16:19:26.57 (57691215)|VARIABLE_ASSIGNMENT|[2]|this|{}|0x7134ba27
16:19:26.0 (58046574)|SYSTEM_MODE_ENTER|true
16:19:26.0 (58492858)|SYSTEM_MODE_ENTER|true
16:19:26.0 (58812534)|SYSTEM_MODE_ENTER|true
16:19:26.0 (58870894)|SYSTEM_MODE_ENTER|true
16:19:26.78 (78463919)|SYSTEM_MODE_ENTER|true
16:19:26.78 (78537523)|HEAP_ALLOCATE|[EXTERNAL]|Bytes:8
16:19:26.78 (78551164)|VARIABLE_SCOPE_BEGIN|[88]|this|ApexPage.PageMessagesComponentController|true|false
16:19:26.78 (78582909)|VARIABLE_ASSIGNMENT|[88]|this|{}|0x7134ba27
16:19:26.78 (78590655)|VARIABLE_SCOPE_BEGIN|[88]|escape|Boolean|false|false
16:19:26.78 (78598476)|VARIABLE_ASSIGNMENT|[88]|escape|null
16:19:26.78 (78725981)|SYSTEM_MODE_ENTER|true
16:19:26.78 (78759117)|HEAP_ALLOCATE|[EXTERNAL]|Bytes:8
16:19:26.78 (78766273)|VARIABLE_SCOPE_BEGIN|[2]|this|ApexPage.PageMessagesComponentController|true|false
16:19:26.78 (78783795)|VARIABLE_ASSIGNMENT|[2]|this|{}|0x7134ba27
16:19:26.0 (80250909)|SYSTEM_MODE_ENTER|true
16:19:26.0 (80293343)|HEAP_ALLOCATE|[EXTERNAL]|Bytes:48
16:19:26.0 (80301721)|VARIABLE_SCOPE_BEGIN|[164]|this|docappcontroller|true|false
16:19:26.0 (80354696)|VARIABLE_ASSIGNMENT|[164]|this|{"aptdum":"0x7c6dc9ac","Docdum":"0x6f3b69d5","Docmap":"0x3825f741","Initialselected":6,"Selecteddoc":"a260H000001koYlQAI","SelectedtimeSlot":60,"timelist":"0x3aadfded","timeset":"0x7bf61237","timewraplist":"0x78b286c","timewraplistInitial":"0x78b286c"}|0x701ede82
16:19:26.0 (80368119)|STATEMENT_EXECUTE|[164]
16:19:26.0 (80370545)|STATEMENT_EXECUTE|[166]
16:19:26.0 (80386387)|HEAP_ALLOCATE|[166]|Bytes:4
16:19:26.0 (80403317)|VARIABLE_SCOPE_BEGIN|[166]|options|List<System.SelectOption>|true|false
16:19:26.0 (80427103)|HEAP_ALLOCATE|[EXTERNAL]|Bytes:4
16:19:26.0 (80437092)|VARIABLE_ASSIGNMENT|[166]|options|[]|0x5dcffc6b
16:19:26.0 (80442626)|STATEMENT_EXECUTE|[167]
16:19:26.0 (80466171)|HEAP_ALLOCATE|[EXTERNAL]|Bytes:4
16:19:26.0 (80505470)|VARIABLE_ASSIGNMENT|[EXTERNAL]|this|{"aptdum":"0x7c6dc9ac","Docdum":"0x6f3b69d5","Docmap":"0x3825f741","Initialselected":6,"Selecteddoc":"a260H000001koYlQAI","SelectedtimeSlot":60,"timelist":"0x3aadfded","timeset":"0x7bf61237","timewraplist":"0x78b286c","timewraplistInitial":"0x78b286c"}|0x701ede82
16:19:26.0 (80518335)|STATEMENT_EXECUTE|[168]
16:19:26.0 (80543012)|VARIABLE_ASSIGNMENT|[EXTERNAL]|this|{"aptdum":"0x7c6dc9ac","Docdum":"0x6f3b69d5","Docmap":"0x3825f741","Initialselected":6,"Selecteddoc":"a260H000001koYlQAI","SelectedtimeSlot":60,"timelist":"0x3aadfded","timeset":"0x7bf61237","timewraplist":"0x78b286c","timewraplistInitial":"0x78b286c"}|0x701ede82
16:19:26.0 (80564308)|HEAP_ALLOCATE|[EXTERNAL]|Bytes:8
16:19:26.0 (80580034)|HEAP_ALLOCATE|[169]|Bytes:116
16:19:26.0 (80601682)|HEAP_ALLOCATE|[169]|Bytes:5
16:19:26.0 (80618576)|HEAP_ALLOCATE|[169]|Bytes:24
16:19:26.0 (80628409)|VARIABLE_SCOPE_BEGIN|[169]|doc|Doctor__c|true|false
16:19:26.0 (80651368)|VARIABLE_ASSIGNMENT|[169]|doc|{"Id":"a260H000001koYlQAI","Name":"doc4","End_Time__c":68400000,"Speciality__c":"Dermatology","Start_Time__c":32400000}|0x66360ebe
16:19:26.0 (80658106)|STATEMENT_EXECUTE|[169]
16:19:26.0 (80659890)|STATEMENT_EXECUTE|[170]
16:19:26.0 (80681707)|HEAP_ALLOCATE|[170]|Bytes:18
16:19:26.0 (80697709)|HEAP_ALLOCATE|[EXTERNAL]|Bytes:4
16:19:26.0 (80709481)|HEAP_ALLOCATE|[169]|Bytes:5
16:19:26.0 (80719237)|VARIABLE_ASSIGNMENT|[169]|doc|null|
16:19:26.0 (80724169)|STATEMENT_EXECUTE|[176]
16:19:26.0 (80886544)|SYSTEM_MODE_ENTER|true
16:19:26.0 (84897786)|SYSTEM_MODE_ENTER|true
16:19:26.0 (84937896)|HEAP_ALLOCATE|[EXTERNAL]|Bytes:48
16:19:26.0 (84946598)|VARIABLE_SCOPE_BEGIN|[181]|this|docappcontroller|true|false
16:19:26.0 (84988587)|VARIABLE_ASSIGNMENT|[181]|this|{"aptdum":"0x7c6dc9ac","Docdum":"0x6f3b69d5","Docmap":"0x3825f741","Initialselected":6,"Selecteddoc":"a260H000001koYlQAI","SelectedtimeSlot":60,"timelist":"0x3aadfded","timeset":"0x7bf61237","timewraplist":"0x78b286c","timewraplistInitial":"0x78b286c"}|0x701ede82
16:19:26.0 (85000591)|STATEMENT_EXECUTE|[181]
16:19:26.0 (85003293)|STATEMENT_EXECUTE|[183]
16:19:26.0 (85013202)|HEAP_ALLOCATE|[183]|Bytes:4
16:19:26.0 (85028945)|VARIABLE_SCOPE_BEGIN|[183]|options|List<System.SelectOption>|true|false
16:19:26.0 (85050291)|HEAP_ALLOCATE|[EXTERNAL]|Bytes:4
16:19:26.0 (85059076)|VARIABLE_ASSIGNMENT|[183]|options|[]|0xa2355b4
16:19:26.0 (85064814)|STATEMENT_EXECUTE|[184]
16:19:26.0 (85077950)|HEAP_ALLOCATE|[184]|Bytes:4
16:19:26.0 (85273061)|SOQL_EXECUTE_BEGIN|[184]|Aggregations:0|SELECT Interval__c FROM Time_Interval__mdt ORDER BY Interval__c ASC NULLS FIRST
16:19:26.0 (87801740)|SOQL_EXECUTE_END|[184]|Rows:2
16:19:26.0 (87829441)|HEAP_ALLOCATE|[184]|Bytes:12
16:19:26.0 (87846426)|HEAP_ALLOCATE|[184]|Bytes:92
16:19:26.0 (87874656)|HEAP_ALLOCATE|[184]|Bytes:12
16:19:26.0 (87884667)|VARIABLE_SCOPE_BEGIN|[184]|intervals|List<Time_Interval__mdt>|true|false
16:19:26.0 (87905739)|VARIABLE_ASSIGNMENT|[184]|intervals|[{"Interval__c":"30","Id":"m030H000000bmFqQAI"},{"Interval__c":"60","Id":"m030H000000bmFvQAI"}]|0x832d0af
16:19:26.0 (87933029)|HEAP_ALLOCATE|[187]|Bytes:5
16:19:26.0 (87945553)|HEAP_ALLOCATE|[187]|Bytes:12
16:19:26.0 (87952875)|VARIABLE_SCOPE_BEGIN|[187]|i|Time_Interval__mdt|true|false
16:19:26.0 (87965336)|VARIABLE_ASSIGNMENT|[187]|i|{"Interval__c":"30","Id":"m030H000000bmFqQAI"}|0x53c1ac9b
16:19:26.0 (87972085)|STATEMENT_EXECUTE|[187]
16:19:26.0 (87974065)|STATEMENT_EXECUTE|[188]
16:19:26.0 (87995228)|HEAP_ALLOCATE|[EXTERNAL]|Bytes:4
16:19:26.0 (88008102)|HEAP_ALLOCATE|[187]|Bytes:5
16:19:26.0 (88017469)|HEAP_ALLOCATE|[187]|Bytes:12
16:19:26.0 (88023429)|VARIABLE_SCOPE_BEGIN|[187]|i|Time_Interval__mdt|true|false
16:19:26.0 (88034478)|VARIABLE_ASSIGNMENT|[187]|i|{"Interval__c":"60","Id":"m030H000000bmFvQAI"}|0x44552b50
16:19:26.0 (88040028)|STATEMENT_EXECUTE|[187]
16:19:26.0 (88041750)|STATEMENT_EXECUTE|[188]
16:19:26.0 (88052629)|HEAP_ALLOCATE|[EXTERNAL]|Bytes:4
16:19:26.0 (88062536)|HEAP_ALLOCATE|[187]|Bytes:5
16:19:26.0 (88071312)|VARIABLE_ASSIGNMENT|[187]|i|null|
16:19:26.0 (88075798)|STATEMENT_EXECUTE|[196]
16:19:26.0 (88527382)|SYSTEM_MODE_ENTER|true
16:19:26.0 (90566154)|VF_SERIALIZE_VIEWSTATE_BEGIN|0660H000004OdRk
16:19:26.0 (108175245)|VF_SERIALIZE_VIEWSTATE_END
16:19:26.0 (130944343)|CODE_UNIT_STARTED|[EXTERNAL]|Generate Metadata
16:19:26.0 (133673729)|CODE_UNIT_FINISHED|Generate Metadata
16:19:26.136 (136665228)|CUMULATIVE_LIMIT_USAGE
16:19:26.136 (136665228)|LIMIT_USAGE_FOR_NS|(default)|
  Number of SOQL queries: 1 out of 100
  Number of query rows: 4 out of 50000
  Number of SOSL queries: 0 out of 20
  Number of DML statements: 0 out of 150
  Number of DML rows: 0 out of 10000
  Maximum CPU time: 0 out of 10000
  Maximum heap size: 0 out of 6000000
  Number of callouts: 0 out of 100
  Number of Email Invocations: 0 out of 10
  Number of future calls: 0 out of 50
  Number of queueable jobs added to the queue: 0 out of 50
  Number of Mobile Apex push calls: 0 out of 10

16:19:26.136 (136665228)|CUMULATIVE_LIMIT_USAGE_END

16:19:26.0 (136725305)|CODE_UNIT_FINISHED|VF: /apex/docapp
16:19:26.0 (137570767)|EXECUTION_FINISHED
