42.0 APEX_CODE,FINEST;APEX_PROFILING,INFO;CALLOUT,INFO;DB,INFO;SYSTEM,DEBUG;VALIDATION,INFO;VISUALFORCE,INFO;WAVE,INFO;WORKFLOW,INFO
12:44:14.0 (61894)|USER_INFO|[EXTERNAL]|005i0000002qYvT|anton@igate.com|India Standard Time|GMT+05:30
12:44:14.0 (233938)|EXECUTION_STARTED
12:44:14.0 (239892)|CODE_UNIT_STARTED|[EXTERNAL]|0660H000004OdRk|VF: /apex/docapp
12:44:14.0 (1831832)|VF_DESERIALIZE_VIEWSTATE_BEGIN|0660H000004OdRk
12:44:14.0 (8505129)|HEAP_ALLOCATE|[72]|Bytes:3
12:44:14.0 (8584705)|HEAP_ALLOCATE|[77]|Bytes:152
12:44:14.0 (8604630)|HEAP_ALLOCATE|[342]|Bytes:408
12:44:14.0 (8625084)|HEAP_ALLOCATE|[355]|Bytes:408
12:44:14.0 (8644258)|HEAP_ALLOCATE|[467]|Bytes:48
12:44:14.0 (8721798)|HEAP_ALLOCATE|[139]|Bytes:6
12:44:14.0 (11560035)|VF_DESERIALIZE_VIEWSTATE_END
12:44:14.12 (12198742)|SYSTEM_MODE_ENTER|true
12:44:14.12 (12373377)|HEAP_ALLOCATE|[EXTERNAL]|Bytes:38
12:44:14.12 (12401245)|HEAP_ALLOCATE|[EXTERNAL]|Bytes:7
12:44:14.12 (12421440)|SYSTEM_METHOD_ENTRY|[1]|PageMessagesComponentController.PageMessagesComponentController()
12:44:14.12 (12428139)|STATEMENT_EXECUTE|[1]
12:44:14.13 (13314458)|SYSTEM_MODE_ENTER|true
12:44:14.13 (13366385)|HEAP_ALLOCATE|[EXTERNAL]|Bytes:8
12:44:14.13 (13374831)|VARIABLE_SCOPE_BEGIN|[88]|this|ApexPage.PageMessagesComponentController|true|false
12:44:14.13 (13412241)|VARIABLE_ASSIGNMENT|[88]|this|{}|0x3f556311
12:44:14.13 (13419506)|VARIABLE_SCOPE_BEGIN|[88]|escape|Boolean|false|false
12:44:14.13 (13429670)|VARIABLE_ASSIGNMENT|[88]|escape|null
12:44:14.0 (13593992)|SYSTEM_MODE_ENTER|true
12:44:14.0 (13616643)|HEAP_ALLOCATE|[EXTERNAL]|Bytes:14
12:44:14.0 (13624186)|HEAP_ALLOCATE|[EXTERNAL]|Bytes:228
12:44:14.0 (13628282)|HEAP_ALLOCATE|[EXTERNAL]|Bytes:34
12:44:14.0 (13631749)|HEAP_ALLOCATE|[EXTERNAL]|Bytes:7
12:44:14.0 (13638781)|METHOD_ENTRY|[1]|01p0H000007gCe8|docappcontroller.docappcontroller()
12:44:14.0 (13648026)|STATEMENT_EXECUTE|[1]
12:44:14.0 (13651595)|STATEMENT_EXECUTE|[1]
12:44:14.0 (13653193)|STATEMENT_EXECUTE|[125]
12:44:14.0 (13657286)|METHOD_EXIT|[1]|docappcontroller
12:44:14.0 (16147049)|SYSTEM_MODE_ENTER|true
12:44:14.0 (16819244)|SYSTEM_MODE_ENTER|true
12:44:14.0 (17288856)|HEAP_ALLOCATE|[EXTERNAL]|Bytes:36
12:44:14.0 (17300286)|VARIABLE_SCOPE_BEGIN|[89]|this|docappcontroller|true|false
12:44:14.0 (17358302)|VARIABLE_ASSIGNMENT|[89]|this|{"aptdum":"0x7956a10d","Docdum":"0x52118e2a","timewraplistInitial":"0x4c34951"}|0x2e5cae47
12:44:14.0 (17369215)|STATEMENT_EXECUTE|[89]
12:44:14.0 (17371335)|STATEMENT_EXECUTE|[90]
12:44:14.0 (17389737)|HEAP_ALLOCATE|[90]|Bytes:9
12:44:14.0 (17435678)|VARIABLE_ASSIGNMENT|[EXTERNAL]|this|{"aptdum":"0x7956a10d","Docdum":"0x52118e2a","timewraplistInitial":"0x4c34951"}|0x2e5cae47
12:44:14.0 (17495915)|HEAP_ALLOCATE|[90]|Bytes:41
12:44:14.0 (17516809)|HEAP_ALLOCATE|[90]|Bytes:50
12:44:14.0 (17536964)|USER_DEBUG|[90]|DEBUG|hello--->Doctor__c:{Speciality__c=General Surgery}
12:44:14.0 (17573354)|VARIABLE_ASSIGNMENT|[EXTERNAL]|this|{"aptdum":"0x7956a10d","Docdum":"0x52118e2a","timewraplistInitial":"0x4c34951"}|0x2e5cae47
12:44:14.0 (17601284)|STATEMENT_EXECUTE|[91]
12:44:14.0 (17603306)|STATEMENT_EXECUTE|[92]
12:44:14.0 (17629168)|HEAP_ALLOCATE|[92]|Bytes:4
12:44:14.0 (17636062)|HEAP_ALLOCATE|[92]|Bytes:104
12:44:14.0 (17646539)|HEAP_ALLOCATE|[92]|Bytes:4
12:44:14.0 (17656357)|HEAP_ALLOCATE|[92]|Bytes:7
12:44:14.0 (17685822)|VARIABLE_ASSIGNMENT|[EXTERNAL]|this|{"aptdum":"0x7956a10d","Docdum":"0x52118e2a","timewraplistInitial":"0x4c34951"}|0x2e5cae47
12:44:14.0 (17894497)|SOQL_EXECUTE_BEGIN|[92]|Aggregations:0|SELECT Id, Name, End_Time__c, Speciality__c, Start_Time__c FROM Doctor__c WHERE Speciality__c = :tmpVar1
12:44:14.0 (34743164)|SOQL_EXECUTE_END|[92]|Rows:2
12:44:14.0 (34777887)|HEAP_ALLOCATE|[92]|Bytes:12
12:44:14.0 (34802416)|HEAP_ALLOCATE|[92]|Bytes:227
12:44:14.0 (34843337)|HEAP_ALLOCATE|[92]|Bytes:12
12:44:14.0 (34909474)|HEAP_ALLOCATE|[92]|Bytes:24
12:44:14.0 (34921716)|HEAP_ALLOCATE|[92]|Bytes:4
12:44:14.0 (34929275)|HEAP_ALLOCATE|[92]|Bytes:24
12:44:14.0 (34934074)|HEAP_ALLOCATE|[92]|Bytes:4
12:44:14.0 (35019110)|VARIABLE_ASSIGNMENT|[EXTERNAL]|this|{"aptdum":"0x7956a10d","Docdum":"0x52118e2a","timewraplistInitial":"0x4c34951"}|0x2e5cae47
12:44:14.0 (35401376)|VARIABLE_ASSIGNMENT|[EXTERNAL]|value|{"a260H000001koYjQAI":{"Id":"a260H000001koYjQAI","Name":"doc 2","End_Time__c":68400000,"Speciality__c":"General Surgery","Start_Time__c":25200000},"a260H000001koYeQAI":{"Id":"a260H000001koYeQAI","Name":"Doc1","End_Time__c":64800000,"Speciality__c":"General Surgery","Start_Time__c":32400000}}|0x5d0168d3
12:44:14.0 (35433702)|VARIABLE_ASSIGNMENT|[80]|this.Docmap|{"a260H000001koYjQAI":{"Id":"a260H000001koYjQAI","Name":"doc 2","End_Time__c":68400000,"Speciality__c":"General Surgery","Start_Time__c":25200000},"a260H000001koYeQAI":{"Id":"a260H000001koYeQAI","Name":"Doc1","End_Time__c":64800000,"Speciality__c":"General Surgery","Start_Time__c":32400000}}|0x2e5cae47
12:44:14.0 (35449805)|STATEMENT_EXECUTE|[95]
12:44:14.0 (35505708)|VARIABLE_ASSIGNMENT|[EXTERNAL]|this|{"aptdum":"0x7956a10d","Docdum":"0x52118e2a","Docmap":"0x5d0168d3","timewraplistInitial":"0x4c34951"}|0x2e5cae47
12:44:14.0 (35599194)|USER_DEBUG|[95]|DEBUG|{a260H000001koYeQAI=Doctor__c:{Id=a260H000001koYeQAI, Name=Doc1, End_Time__c=18:00:00.000Z, Speciality__c=General Surgery, Start_Time__c=09:00:00.000Z}, a260H000001koYjQAI=Doctor__c:{Id=a260H000001koYjQAI, Name=doc 2, End_Time__c=19:00:00.000Z, Speciality__c=General Surgery, Start_Time__c=07:00:00.000Z}}
12:44:14.0 (35612836)|STATEMENT_EXECUTE|[98]
12:44:14.40 (40041508)|SYSTEM_MODE_ENTER|true
12:44:14.40 (40158260)|HEAP_ALLOCATE|[EXTERNAL]|Bytes:8
12:44:14.40 (40173487)|VARIABLE_SCOPE_BEGIN|[88]|this|ApexPage.PageMessagesComponentController|true|false
12:44:14.40 (40210577)|VARIABLE_ASSIGNMENT|[88]|this|{}|0x3f556311
12:44:14.40 (40221179)|VARIABLE_SCOPE_BEGIN|[88]|escape|Boolean|false|false
12:44:14.40 (40233596)|VARIABLE_ASSIGNMENT|[88]|escape|null
12:44:14.40 (40379410)|SYSTEM_MODE_ENTER|true
12:44:14.40 (40429501)|HEAP_ALLOCATE|[EXTERNAL]|Bytes:8
12:44:14.40 (40439462)|VARIABLE_SCOPE_BEGIN|[2]|this|ApexPage.PageMessagesComponentController|true|false
12:44:14.40 (40466513)|VARIABLE_ASSIGNMENT|[2]|this|{}|0x3f556311
12:44:14.0 (41126892)|SYSTEM_MODE_ENTER|true
12:44:14.41 (41731151)|SYSTEM_MODE_ENTER|true
12:44:14.41 (41798022)|HEAP_ALLOCATE|[EXTERNAL]|Bytes:8
12:44:14.41 (41808642)|VARIABLE_SCOPE_BEGIN|[88]|this|ApexPage.PageMessagesComponentController|true|false
12:44:14.41 (41837523)|VARIABLE_ASSIGNMENT|[88]|this|{}|0x3f556311
12:44:14.41 (41846788)|VARIABLE_SCOPE_BEGIN|[88]|escape|Boolean|false|false
12:44:14.41 (41864169)|VARIABLE_ASSIGNMENT|[88]|escape|null
12:44:14.42 (42027012)|SYSTEM_MODE_ENTER|true
12:44:14.42 (42074834)|HEAP_ALLOCATE|[EXTERNAL]|Bytes:8
12:44:14.42 (42084540)|VARIABLE_SCOPE_BEGIN|[2]|this|ApexPage.PageMessagesComponentController|true|false
12:44:14.42 (42111403)|VARIABLE_ASSIGNMENT|[2]|this|{}|0x3f556311
12:44:14.0 (43308050)|SYSTEM_MODE_ENTER|true
12:44:14.0 (47662318)|SYSTEM_MODE_ENTER|true
12:44:14.0 (47708053)|HEAP_ALLOCATE|[EXTERNAL]|Bytes:36
12:44:14.0 (47717976)|VARIABLE_SCOPE_BEGIN|[103]|this|docappcontroller|true|false
12:44:14.0 (47754474)|VARIABLE_ASSIGNMENT|[103]|this|{"aptdum":"0x7956a10d","Docdum":"0x52118e2a","Docmap":"0x5d0168d3","timewraplistInitial":"0x4c34951"}|0x2e5cae47
12:44:14.0 (47765283)|STATEMENT_EXECUTE|[103]
12:44:14.0 (47767538)|STATEMENT_EXECUTE|[105]
12:44:14.0 (47781758)|HEAP_ALLOCATE|[105]|Bytes:4
12:44:14.0 (47815605)|VARIABLE_SCOPE_BEGIN|[105]|options|List<System.SelectOption>|true|false
12:44:14.0 (47837589)|HEAP_ALLOCATE|[EXTERNAL]|Bytes:4
12:44:14.0 (47853720)|VARIABLE_ASSIGNMENT|[105]|options|[]|0x41fbc8bf
12:44:14.0 (47859614)|STATEMENT_EXECUTE|[106]
12:44:14.0 (47868468)|HEAP_ALLOCATE|[106]|Bytes:8
12:44:14.0 (47930282)|HEAP_ALLOCATE|[EXTERNAL]|Bytes:4
12:44:14.0 (47972264)|VARIABLE_ASSIGNMENT|[EXTERNAL]|this|{"aptdum":"0x7956a10d","Docdum":"0x52118e2a","Docmap":"0x5d0168d3","timewraplistInitial":"0x4c34951"}|0x2e5cae47
12:44:14.0 (47984810)|STATEMENT_EXECUTE|[107]
12:44:14.0 (48008250)|VARIABLE_ASSIGNMENT|[EXTERNAL]|this|{"aptdum":"0x7956a10d","Docdum":"0x52118e2a","Docmap":"0x5d0168d3","timewraplistInitial":"0x4c34951"}|0x2e5cae47
12:44:14.0 (48034422)|HEAP_ALLOCATE|[EXTERNAL]|Bytes:12
12:44:14.0 (48050248)|HEAP_ALLOCATE|[108]|Bytes:237
12:44:14.0 (48208846)|HEAP_ALLOCATE|[108]|Bytes:5
12:44:14.0 (48239719)|HEAP_ALLOCATE|[108]|Bytes:24
12:44:14.0 (48250013)|VARIABLE_SCOPE_BEGIN|[108]|doc|Doctor__c|true|false
12:44:14.0 (48273462)|VARIABLE_ASSIGNMENT|[108]|doc|{"Id":"a260H000001koYjQAI","Name":"doc 2","End_Time__c":68400000,"Speciality__c":"General Surgery","Start_Time__c":25200000}|0x4aa77015
12:44:14.0 (48283731)|STATEMENT_EXECUTE|[108]
12:44:14.0 (48285522)|STATEMENT_EXECUTE|[109]
12:44:14.0 (48329745)|HEAP_ALLOCATE|[109]|Bytes:18
12:44:14.0 (48379637)|HEAP_ALLOCATE|[EXTERNAL]|Bytes:4
12:44:14.0 (48395673)|HEAP_ALLOCATE|[108]|Bytes:5
12:44:14.0 (48406375)|HEAP_ALLOCATE|[108]|Bytes:24
12:44:14.0 (48412816)|VARIABLE_SCOPE_BEGIN|[108]|doc|Doctor__c|true|false
12:44:14.0 (48429257)|VARIABLE_ASSIGNMENT|[108]|doc|{"Id":"a260H000001koYeQAI","Name":"Doc1","End_Time__c":64800000,"Speciality__c":"General Surgery","Start_Time__c":32400000}|0x7604230a
12:44:14.0 (48435682)|STATEMENT_EXECUTE|[108]
12:44:14.0 (48437482)|STATEMENT_EXECUTE|[109]
12:44:14.0 (48446720)|HEAP_ALLOCATE|[109]|Bytes:18
12:44:14.0 (48458986)|HEAP_ALLOCATE|[EXTERNAL]|Bytes:4
12:44:14.0 (48469533)|HEAP_ALLOCATE|[108]|Bytes:5
12:44:14.0 (48478543)|VARIABLE_ASSIGNMENT|[108]|doc|null|
12:44:14.0 (48483246)|STATEMENT_EXECUTE|[115]
12:44:14.0 (48668815)|SYSTEM_MODE_ENTER|true
12:44:14.0 (48797277)|SYSTEM_MODE_ENTER|true
12:44:14.0 (50358756)|VF_SERIALIZE_VIEWSTATE_BEGIN|0660H000004OdRk
12:44:14.0 (65373024)|VF_SERIALIZE_VIEWSTATE_END
12:44:14.0 (72191705)|CODE_UNIT_STARTED|[EXTERNAL]|Generate Metadata
12:44:14.0 (73182660)|CODE_UNIT_FINISHED|Generate Metadata
12:44:14.75 (75337999)|CUMULATIVE_LIMIT_USAGE
12:44:14.75 (75337999)|LIMIT_USAGE_FOR_NS|(default)|
  Number of SOQL queries: 1 out of 100
  Number of query rows: 2 out of 50000
  Number of SOSL queries: 0 out of 20
  Number of DML statements: 0 out of 150
  Number of DML rows: 0 out of 10000
  Maximum CPU time: 0 out of 10000
  Maximum heap size: 0 out of 6000000
  Number of callouts: 0 out of 100
  Number of Email Invocations: 0 out of 10
  Number of future calls: 0 out of 50
  Number of queueable jobs added to the queue: 0 out of 50
  Number of Mobile Apex push calls: 0 out of 10

12:44:14.75 (75337999)|CUMULATIVE_LIMIT_USAGE_END

12:44:14.0 (75390920)|CODE_UNIT_FINISHED|VF: /apex/docapp
12:44:14.0 (76130161)|EXECUTION_FINISHED
