42.0 APEX_CODE,FINEST;APEX_PROFILING,INFO;CALLOUT,INFO;DB,INFO;SYSTEM,DEBUG;VALIDATION,INFO;VISUALFORCE,INFO;WAVE,INFO;WORKFLOW,INFO
13:58:18.0 (74854)|USER_INFO|[EXTERNAL]|005i0000002qYvT|anton@igate.com|India Standard Time|GMT+05:30
13:58:18.0 (113631)|EXECUTION_STARTED
13:58:18.0 (119631)|CODE_UNIT_STARTED|[EXTERNAL]|0660H000004OdRk|VF: /apex/docapp
13:58:18.0 (1084917)|VF_DESERIALIZE_VIEWSTATE_BEGIN|0660H000004OdRk
13:58:18.0 (4066667)|HEAP_ALLOCATE|[72]|Bytes:3
13:58:18.0 (4114526)|HEAP_ALLOCATE|[77]|Bytes:152
13:58:18.0 (4131578)|HEAP_ALLOCATE|[342]|Bytes:408
13:58:18.0 (4145121)|HEAP_ALLOCATE|[355]|Bytes:408
13:58:18.0 (4176112)|HEAP_ALLOCATE|[467]|Bytes:48
13:58:18.0 (4205751)|HEAP_ALLOCATE|[139]|Bytes:6
13:58:18.0 (6847175)|VF_DESERIALIZE_VIEWSTATE_END
13:58:18.7 (7458995)|SYSTEM_MODE_ENTER|true
13:58:18.7 (7536871)|HEAP_ALLOCATE|[EXTERNAL]|Bytes:38
13:58:18.7 (7550282)|HEAP_ALLOCATE|[EXTERNAL]|Bytes:7
13:58:18.7 (7562479)|SYSTEM_METHOD_ENTRY|[1]|PageMessagesComponentController.PageMessagesComponentController()
13:58:18.7 (7568104)|STATEMENT_EXECUTE|[1]
13:58:18.8 (8346939)|SYSTEM_MODE_ENTER|true
13:58:18.8 (8398206)|HEAP_ALLOCATE|[EXTERNAL]|Bytes:8
13:58:18.8 (8406379)|VARIABLE_SCOPE_BEGIN|[88]|this|ApexPage.PageMessagesComponentController|true|false
13:58:18.8 (8453405)|VARIABLE_ASSIGNMENT|[88]|this|{}|0x44f13c71
13:58:18.8 (8461353)|VARIABLE_SCOPE_BEGIN|[88]|escape|Boolean|false|false
13:58:18.8 (8471310)|VARIABLE_ASSIGNMENT|[88]|escape|null
13:58:18.0 (8616336)|SYSTEM_MODE_ENTER|true
13:58:18.0 (8637864)|HEAP_ALLOCATE|[EXTERNAL]|Bytes:14
13:58:18.0 (8645051)|HEAP_ALLOCATE|[EXTERNAL]|Bytes:248
13:58:18.0 (8649488)|HEAP_ALLOCATE|[EXTERNAL]|Bytes:53
13:58:18.0 (8652643)|HEAP_ALLOCATE|[EXTERNAL]|Bytes:13
13:58:18.0 (8660435)|METHOD_ENTRY|[1]|01p0H000007gCe8|docappcontroller.docappcontroller()
13:58:18.0 (8666270)|STATEMENT_EXECUTE|[1]
13:58:18.0 (8670377)|STATEMENT_EXECUTE|[1]
13:58:18.0 (8671999)|STATEMENT_EXECUTE|[174]
13:58:18.0 (8677039)|METHOD_EXIT|[1]|docappcontroller
13:58:18.0 (9950212)|SYSTEM_MODE_ENTER|true
13:58:18.0 (10588881)|SYSTEM_MODE_ENTER|true
13:58:18.0 (11569655)|HEAP_ALLOCATE|[EXTERNAL]|Bytes:44
13:58:18.0 (11580464)|VARIABLE_SCOPE_BEGIN|[119]|this|docappcontroller|true|false
13:58:18.0 (11631249)|VARIABLE_ASSIGNMENT|[119]|this|{"aptdum":"0x196049df","Docdum":"0x1623fc1d","Initialselected":0,"timewraplistInitial":"0x26ac749a"}|0x105bf084
13:58:18.0 (11642956)|STATEMENT_EXECUTE|[119]
13:58:18.0 (11645490)|STATEMENT_EXECUTE|[120]
13:58:18.0 (11649936)|HEAP_ALLOCATE|[120]|Bytes:9
13:58:18.0 (11698052)|VARIABLE_ASSIGNMENT|[EXTERNAL]|this|{"aptdum":"0x196049df","Docdum":"0x1623fc1d","Initialselected":0,"timewraplistInitial":"0x26ac749a"}|0x105bf084
13:58:18.0 (11762732)|HEAP_ALLOCATE|[120]|Bytes:41
13:58:18.0 (11784349)|HEAP_ALLOCATE|[120]|Bytes:50
13:58:18.0 (11803978)|USER_DEBUG|[120]|DEBUG|hello--->Doctor__c:{Speciality__c=General Surgery}
13:58:18.0 (11845384)|VARIABLE_ASSIGNMENT|[EXTERNAL]|this|{"aptdum":"0x196049df","Docdum":"0x1623fc1d","Initialselected":0,"timewraplistInitial":"0x26ac749a"}|0x105bf084
13:58:18.0 (11877406)|STATEMENT_EXECUTE|[121]
13:58:18.0 (11879450)|STATEMENT_EXECUTE|[122]
13:58:18.0 (11936339)|HEAP_ALLOCATE|[122]|Bytes:4
13:58:18.0 (11942955)|HEAP_ALLOCATE|[122]|Bytes:104
13:58:18.0 (11952156)|HEAP_ALLOCATE|[122]|Bytes:4
13:58:18.0 (11964524)|HEAP_ALLOCATE|[122]|Bytes:7
13:58:18.0 (12002212)|VARIABLE_ASSIGNMENT|[EXTERNAL]|this|{"aptdum":"0x196049df","Docdum":"0x1623fc1d","Initialselected":0,"timewraplistInitial":"0x26ac749a"}|0x105bf084
13:58:18.0 (12270836)|SOQL_EXECUTE_BEGIN|[122]|Aggregations:0|SELECT Id, Name, End_Time__c, Speciality__c, Start_Time__c FROM Doctor__c WHERE Speciality__c = :tmpVar1
13:58:18.0 (21970636)|SOQL_EXECUTE_END|[122]|Rows:2
13:58:18.0 (21991988)|HEAP_ALLOCATE|[122]|Bytes:12
13:58:18.0 (22013304)|HEAP_ALLOCATE|[122]|Bytes:227
13:58:18.0 (22056614)|HEAP_ALLOCATE|[122]|Bytes:12
13:58:18.0 (22084909)|HEAP_ALLOCATE|[122]|Bytes:24
13:58:18.0 (22096781)|HEAP_ALLOCATE|[122]|Bytes:4
13:58:18.0 (22102315)|HEAP_ALLOCATE|[122]|Bytes:24
13:58:18.0 (22106975)|HEAP_ALLOCATE|[122]|Bytes:4
13:58:18.0 (22153403)|VARIABLE_ASSIGNMENT|[EXTERNAL]|this|{"aptdum":"0x196049df","Docdum":"0x1623fc1d","Initialselected":0,"timewraplistInitial":"0x26ac749a"}|0x105bf084
13:58:18.0 (22188474)|VARIABLE_ASSIGNMENT|[EXTERNAL]|value|{"a260H000001koYjQAI":{"Id":"a260H000001koYjQAI","Name":"doc 2","End_Time__c":68400000,"Speciality__c":"General Surgery","Start_Time__c":43200000},"a260H000001koYeQAI":{"Id":"a260H000001koYeQAI","Name":"Doc1","End_Time__c":64800000,"Speciality__c":"General Surgery","Start_Time__c":32400000}}|0xa9a7fa
13:58:18.0 (22213112)|VARIABLE_ASSIGNMENT|[109]|this.Docmap|{"a260H000001koYjQAI":{"Id":"a260H000001koYjQAI","Name":"doc 2","End_Time__c":68400000,"Speciality__c":"General Surgery","Start_Time__c":43200000},"a260H000001koYeQAI":{"Id":"a260H000001koYeQAI","Name":"Doc1","End_Time__c":64800000,"Speciality__c":"General Surgery","Start_Time__c":32400000}}|0x105bf084
13:58:18.0 (22228300)|STATEMENT_EXECUTE|[125]
13:58:18.0 (22268238)|VARIABLE_ASSIGNMENT|[EXTERNAL]|this|{"aptdum":"0x196049df","Docdum":"0x1623fc1d","Docmap":"0xa9a7fa","Initialselected":0,"timewraplistInitial":"0x26ac749a"}|0x105bf084
13:58:18.0 (22343233)|USER_DEBUG|[125]|DEBUG|{a260H000001koYeQAI=Doctor__c:{Id=a260H000001koYeQAI, Name=Doc1, End_Time__c=18:00:00.000Z, Speciality__c=General Surgery, Start_Time__c=09:00:00.000Z}, a260H000001koYjQAI=Doctor__c:{Id=a260H000001koYjQAI, Name=doc 2, End_Time__c=19:00:00.000Z, Speciality__c=General Surgery, Start_Time__c=12:00:00.000Z}}
13:58:18.0 (22357003)|STATEMENT_EXECUTE|[128]
13:58:18.25 (25568003)|SYSTEM_MODE_ENTER|true
13:58:18.25 (25620448)|HEAP_ALLOCATE|[EXTERNAL]|Bytes:8
13:58:18.25 (25628416)|VARIABLE_SCOPE_BEGIN|[88]|this|ApexPage.PageMessagesComponentController|true|false
13:58:18.25 (25654916)|VARIABLE_ASSIGNMENT|[88]|this|{}|0x44f13c71
13:58:18.25 (25661688)|VARIABLE_SCOPE_BEGIN|[88]|escape|Boolean|false|false
13:58:18.25 (25669532)|VARIABLE_ASSIGNMENT|[88]|escape|null
13:58:18.25 (25751123)|SYSTEM_MODE_ENTER|true
13:58:18.25 (25782973)|HEAP_ALLOCATE|[EXTERNAL]|Bytes:8
13:58:18.25 (25789290)|VARIABLE_SCOPE_BEGIN|[2]|this|ApexPage.PageMessagesComponentController|true|false
13:58:18.25 (25810010)|VARIABLE_ASSIGNMENT|[2]|this|{}|0x44f13c71
13:58:18.0 (26147891)|SYSTEM_MODE_ENTER|true
13:58:18.26 (26554663)|SYSTEM_MODE_ENTER|true
13:58:18.26 (26601879)|HEAP_ALLOCATE|[EXTERNAL]|Bytes:8
13:58:18.26 (26609790)|VARIABLE_SCOPE_BEGIN|[88]|this|ApexPage.PageMessagesComponentController|true|false
13:58:18.26 (26634327)|VARIABLE_ASSIGNMENT|[88]|this|{}|0x44f13c71
13:58:18.26 (26641056)|VARIABLE_SCOPE_BEGIN|[88]|escape|Boolean|false|false
13:58:18.26 (26649280)|VARIABLE_ASSIGNMENT|[88]|escape|null
13:58:18.26 (26775463)|SYSTEM_MODE_ENTER|true
13:58:18.26 (26816760)|HEAP_ALLOCATE|[EXTERNAL]|Bytes:8
13:58:18.26 (26825285)|VARIABLE_SCOPE_BEGIN|[2]|this|ApexPage.PageMessagesComponentController|true|false
13:58:18.26 (26853361)|VARIABLE_ASSIGNMENT|[2]|this|{}|0x44f13c71
13:58:18.0 (27769948)|SYSTEM_MODE_ENTER|true
13:58:18.0 (29669899)|SYSTEM_MODE_ENTER|true
13:58:18.0 (29709839)|HEAP_ALLOCATE|[EXTERNAL]|Bytes:44
13:58:18.0 (29718135)|VARIABLE_SCOPE_BEGIN|[133]|this|docappcontroller|true|false
13:58:18.0 (29759577)|VARIABLE_ASSIGNMENT|[133]|this|{"aptdum":"0x196049df","Docdum":"0x1623fc1d","Docmap":"0xa9a7fa","Initialselected":0,"timewraplistInitial":"0x26ac749a"}|0x105bf084
13:58:18.0 (29771166)|STATEMENT_EXECUTE|[133]
13:58:18.0 (29773378)|STATEMENT_EXECUTE|[135]
13:58:18.0 (29787329)|HEAP_ALLOCATE|[135]|Bytes:4
13:58:18.0 (29814496)|VARIABLE_SCOPE_BEGIN|[135]|options|List<System.SelectOption>|true|false
13:58:18.0 (29836842)|HEAP_ALLOCATE|[EXTERNAL]|Bytes:4
13:58:18.0 (29847339)|VARIABLE_ASSIGNMENT|[135]|options|[]|0x798dc9
13:58:18.0 (29853266)|STATEMENT_EXECUTE|[136]
13:58:18.0 (29861345)|HEAP_ALLOCATE|[136]|Bytes:8
13:58:18.0 (29911163)|HEAP_ALLOCATE|[EXTERNAL]|Bytes:4
13:58:18.0 (29956398)|VARIABLE_ASSIGNMENT|[EXTERNAL]|this|{"aptdum":"0x196049df","Docdum":"0x1623fc1d","Docmap":"0xa9a7fa","Initialselected":0,"timewraplistInitial":"0x26ac749a"}|0x105bf084
13:58:18.0 (29969232)|STATEMENT_EXECUTE|[137]
13:58:18.0 (30004268)|VARIABLE_ASSIGNMENT|[EXTERNAL]|this|{"aptdum":"0x196049df","Docdum":"0x1623fc1d","Docmap":"0xa9a7fa","Initialselected":0,"timewraplistInitial":"0x26ac749a"}|0x105bf084
13:58:18.0 (30026888)|HEAP_ALLOCATE|[EXTERNAL]|Bytes:12
13:58:18.0 (30039242)|HEAP_ALLOCATE|[138]|Bytes:237
13:58:18.0 (30167461)|HEAP_ALLOCATE|[138]|Bytes:5
13:58:18.0 (30181577)|HEAP_ALLOCATE|[138]|Bytes:24
13:58:18.0 (30190359)|VARIABLE_SCOPE_BEGIN|[138]|doc|Doctor__c|true|false
13:58:18.0 (30210277)|VARIABLE_ASSIGNMENT|[138]|doc|{"Id":"a260H000001koYjQAI","Name":"doc 2","End_Time__c":68400000,"Speciality__c":"General Surgery","Start_Time__c":43200000}|0x27da7483
13:58:18.0 (30218022)|STATEMENT_EXECUTE|[138]
13:58:18.0 (30220273)|STATEMENT_EXECUTE|[139]
13:58:18.0 (30253025)|HEAP_ALLOCATE|[139]|Bytes:18
13:58:18.0 (30299506)|HEAP_ALLOCATE|[EXTERNAL]|Bytes:4
13:58:18.0 (30314239)|HEAP_ALLOCATE|[138]|Bytes:5
13:58:18.0 (30324317)|HEAP_ALLOCATE|[138]|Bytes:24
13:58:18.0 (30330780)|VARIABLE_SCOPE_BEGIN|[138]|doc|Doctor__c|true|false
13:58:18.0 (30348627)|VARIABLE_ASSIGNMENT|[138]|doc|{"Id":"a260H000001koYeQAI","Name":"Doc1","End_Time__c":64800000,"Speciality__c":"General Surgery","Start_Time__c":32400000}|0x5b4cd34f
13:58:18.0 (30355999)|STATEMENT_EXECUTE|[138]
13:58:18.0 (30357727)|STATEMENT_EXECUTE|[139]
13:58:18.0 (30366895)|HEAP_ALLOCATE|[139]|Bytes:18
13:58:18.0 (30378942)|HEAP_ALLOCATE|[EXTERNAL]|Bytes:4
13:58:18.0 (30389590)|HEAP_ALLOCATE|[138]|Bytes:5
13:58:18.0 (30398976)|VARIABLE_ASSIGNMENT|[138]|doc|null|
13:58:18.0 (30404890)|STATEMENT_EXECUTE|[145]
13:58:18.0 (30580295)|SYSTEM_MODE_ENTER|true
13:58:18.0 (30707110)|SYSTEM_MODE_ENTER|true
13:58:18.0 (31437843)|SYSTEM_MODE_ENTER|true
13:58:18.0 (31477175)|HEAP_ALLOCATE|[EXTERNAL]|Bytes:44
13:58:18.0 (31485494)|VARIABLE_SCOPE_BEGIN|[150]|this|docappcontroller|true|false
13:58:18.0 (31525398)|VARIABLE_ASSIGNMENT|[150]|this|{"aptdum":"0x196049df","Docdum":"0x1623fc1d","Docmap":"0xa9a7fa","Initialselected":0,"timewraplistInitial":"0x26ac749a"}|0x105bf084
13:58:18.0 (31536910)|STATEMENT_EXECUTE|[150]
13:58:18.0 (31539179)|STATEMENT_EXECUTE|[152]
13:58:18.0 (31554331)|HEAP_ALLOCATE|[152]|Bytes:4
13:58:18.0 (31576642)|VARIABLE_SCOPE_BEGIN|[152]|options|List<System.SelectOption>|true|false
13:58:18.0 (31598609)|HEAP_ALLOCATE|[EXTERNAL]|Bytes:4
13:58:18.0 (31607355)|VARIABLE_ASSIGNMENT|[152]|options|[]|0x51a89cfe
13:58:18.0 (31613251)|STATEMENT_EXECUTE|[153]
13:58:18.0 (31652758)|HEAP_ALLOCATE|[EXTERNAL]|Bytes:4
13:58:18.0 (31660961)|STATEMENT_EXECUTE|[156]
13:58:18.0 (31665732)|HEAP_ALLOCATE|[156]|Bytes:2
13:58:18.0 (31687810)|HEAP_ALLOCATE|[EXTERNAL]|Bytes:4
13:58:18.0 (31694936)|STATEMENT_EXECUTE|[157]
13:58:18.0 (31698375)|HEAP_ALLOCATE|[157]|Bytes:2
13:58:18.0 (31718129)|HEAP_ALLOCATE|[EXTERNAL]|Bytes:4
13:58:18.0 (31724375)|STATEMENT_EXECUTE|[162]
13:58:18.0 (31854173)|SYSTEM_MODE_ENTER|true
13:58:18.0 (33172376)|VF_SERIALIZE_VIEWSTATE_BEGIN|0660H000004OdRk
13:58:18.0 (48559077)|VF_SERIALIZE_VIEWSTATE_END
13:58:18.0 (53995286)|CODE_UNIT_STARTED|[EXTERNAL]|Generate Metadata
13:58:18.0 (54794678)|CODE_UNIT_FINISHED|Generate Metadata
13:58:18.56 (56697881)|CUMULATIVE_LIMIT_USAGE
13:58:18.56 (56697881)|LIMIT_USAGE_FOR_NS|(default)|
  Number of SOQL queries: 1 out of 100
  Number of query rows: 2 out of 50000
  Number of SOSL queries: 0 out of 20
  Number of DML statements: 0 out of 150
  Number of DML rows: 0 out of 10000
  Maximum CPU time: 0 out of 10000
  Maximum heap size: 0 out of 6000000
  Number of callouts: 0 out of 100
  Number of Email Invocations: 0 out of 10
  Number of future calls: 0 out of 50
  Number of queueable jobs added to the queue: 0 out of 50
  Number of Mobile Apex push calls: 0 out of 10

13:58:18.56 (56697881)|CUMULATIVE_LIMIT_USAGE_END

13:58:18.0 (56736719)|CODE_UNIT_FINISHED|VF: /apex/docapp
13:58:18.0 (57623430)|EXECUTION_FINISHED
