42.0 APEX_CODE,FINEST;APEX_PROFILING,INFO;CALLOUT,INFO;DB,INFO;SYSTEM,DEBUG;VALIDATION,INFO;VISUALFORCE,INFO;WAVE,INFO;WORKFLOW,INFO
13:37:35.0 (65166)|USER_INFO|[EXTERNAL]|005i0000002qYvT|anton@igate.com|India Standard Time|GMT+05:30
13:37:35.0 (116305)|EXECUTION_STARTED
13:37:35.0 (123327)|CODE_UNIT_STARTED|[EXTERNAL]|0660H000004OdRk|VF: /apex/docapp
13:37:35.0 (1485971)|VF_DESERIALIZE_VIEWSTATE_BEGIN|0660H000004OdRk
13:37:35.0 (6966594)|HEAP_ALLOCATE|[72]|Bytes:3
13:37:35.0 (7036781)|HEAP_ALLOCATE|[77]|Bytes:152
13:37:35.0 (7050044)|HEAP_ALLOCATE|[342]|Bytes:408
13:37:35.0 (7061381)|HEAP_ALLOCATE|[355]|Bytes:408
13:37:35.0 (7071614)|HEAP_ALLOCATE|[467]|Bytes:48
13:37:35.0 (7131521)|HEAP_ALLOCATE|[139]|Bytes:6
13:37:35.0 (10444397)|VF_DESERIALIZE_VIEWSTATE_END
13:37:35.11 (11074971)|SYSTEM_MODE_ENTER|true
13:37:35.11 (11257222)|HEAP_ALLOCATE|[EXTERNAL]|Bytes:38
13:37:35.11 (11285827)|HEAP_ALLOCATE|[EXTERNAL]|Bytes:7
13:37:35.11 (11307000)|SYSTEM_METHOD_ENTRY|[1]|PageMessagesComponentController.PageMessagesComponentController()
13:37:35.11 (11313151)|STATEMENT_EXECUTE|[1]
13:37:35.12 (12207933)|SYSTEM_MODE_ENTER|true
13:37:35.12 (12258812)|HEAP_ALLOCATE|[EXTERNAL]|Bytes:8
13:37:35.12 (12266705)|VARIABLE_SCOPE_BEGIN|[88]|this|ApexPage.PageMessagesComponentController|true|false
13:37:35.12 (13018254)|VARIABLE_ASSIGNMENT|[88]|this|{}|0x4cbfebab
13:37:35.12 (13027974)|VARIABLE_SCOPE_BEGIN|[88]|escape|Boolean|false|false
13:37:35.12 (13038436)|VARIABLE_ASSIGNMENT|[88]|escape|null
13:37:35.0 (13209750)|SYSTEM_MODE_ENTER|true
13:37:35.0 (13232591)|HEAP_ALLOCATE|[EXTERNAL]|Bytes:14
13:37:35.0 (13243931)|HEAP_ALLOCATE|[EXTERNAL]|Bytes:248
13:37:35.0 (13247994)|HEAP_ALLOCATE|[EXTERNAL]|Bytes:53
13:37:35.0 (13251247)|HEAP_ALLOCATE|[EXTERNAL]|Bytes:13
13:37:35.0 (13257967)|METHOD_ENTRY|[1]|01p0H000007gCe8|docappcontroller.docappcontroller()
13:37:35.0 (13263000)|STATEMENT_EXECUTE|[1]
13:37:35.0 (13266605)|STATEMENT_EXECUTE|[1]
13:37:35.0 (13268119)|STATEMENT_EXECUTE|[174]
13:37:35.0 (13272165)|METHOD_EXIT|[1]|docappcontroller
13:37:35.0 (16964632)|SYSTEM_MODE_ENTER|true
13:37:35.0 (18844491)|SYSTEM_MODE_ENTER|true
13:37:35.0 (19865659)|SYSTEM_MODE_ENTER|true
13:37:35.0 (20143177)|HEAP_ALLOCATE|[EXTERNAL]|Bytes:44
13:37:35.0 (20154277)|VARIABLE_SCOPE_BEGIN|[133]|this|docappcontroller|true|false
13:37:35.0 (20261171)|VARIABLE_ASSIGNMENT|[133]|this|{"aptdum":"0x3da523de","Docdum":"0x104c8761","Docmap":"0x1f1a41de","Initialselected":0,"timewraplistInitial":"0x8668ac7"}|0x4d1b7613
13:37:35.0 (20272933)|STATEMENT_EXECUTE|[133]
13:37:35.0 (20275247)|STATEMENT_EXECUTE|[135]
13:37:35.0 (20302030)|HEAP_ALLOCATE|[135]|Bytes:4
13:37:35.0 (20335605)|VARIABLE_SCOPE_BEGIN|[135]|options|List<System.SelectOption>|true|false
13:37:35.0 (20359102)|HEAP_ALLOCATE|[EXTERNAL]|Bytes:4
13:37:35.0 (20371789)|VARIABLE_ASSIGNMENT|[135]|options|[]|0x1c49e3c6
13:37:35.0 (20377397)|STATEMENT_EXECUTE|[136]
13:37:35.0 (20384912)|HEAP_ALLOCATE|[136]|Bytes:8
13:37:35.0 (20441075)|HEAP_ALLOCATE|[EXTERNAL]|Bytes:4
13:37:35.0 (20493367)|VARIABLE_ASSIGNMENT|[EXTERNAL]|this|{"aptdum":"0x3da523de","Docdum":"0x104c8761","Docmap":"0x1f1a41de","Initialselected":0,"timewraplistInitial":"0x8668ac7"}|0x4d1b7613
13:37:35.0 (20509447)|STATEMENT_EXECUTE|[137]
13:37:35.0 (20538653)|VARIABLE_ASSIGNMENT|[EXTERNAL]|this|{"aptdum":"0x3da523de","Docdum":"0x104c8761","Docmap":"0x1f1a41de","Initialselected":0,"timewraplistInitial":"0x8668ac7"}|0x4d1b7613
13:37:35.0 (20577966)|HEAP_ALLOCATE|[EXTERNAL]|Bytes:12
13:37:35.0 (20594688)|HEAP_ALLOCATE|[138]|Bytes:237
13:37:35.0 (20737431)|HEAP_ALLOCATE|[138]|Bytes:5
13:37:35.0 (20784129)|HEAP_ALLOCATE|[138]|Bytes:24
13:37:35.0 (20797084)|VARIABLE_SCOPE_BEGIN|[138]|doc|Doctor__c|true|false
13:37:35.0 (20905486)|VARIABLE_ASSIGNMENT|[138]|doc|{"Id":"a260H000001koYjQAI","Name":"doc 2","End_Time__c":68400000,"Speciality__c":"General Surgery","Start_Time__c":43200000}|0x72ac37d4
13:37:35.0 (20914487)|STATEMENT_EXECUTE|[138]
13:37:35.0 (20916259)|STATEMENT_EXECUTE|[139]
13:37:35.0 (20959896)|HEAP_ALLOCATE|[139]|Bytes:18
13:37:35.0 (21009806)|HEAP_ALLOCATE|[EXTERNAL]|Bytes:4
13:37:35.0 (21026384)|HEAP_ALLOCATE|[138]|Bytes:5
13:37:35.0 (21044729)|HEAP_ALLOCATE|[138]|Bytes:24
13:37:35.0 (21051881)|VARIABLE_SCOPE_BEGIN|[138]|doc|Doctor__c|true|false
13:37:35.0 (21069116)|VARIABLE_ASSIGNMENT|[138]|doc|{"Id":"a260H000001koYeQAI","Name":"Doc1","End_Time__c":64800000,"Speciality__c":"General Surgery","Start_Time__c":32400000}|0x4a81a44e
13:37:35.0 (21075388)|STATEMENT_EXECUTE|[138]
13:37:35.0 (21077087)|STATEMENT_EXECUTE|[139]
13:37:35.0 (21085377)|HEAP_ALLOCATE|[139]|Bytes:18
13:37:35.0 (21097604)|HEAP_ALLOCATE|[EXTERNAL]|Bytes:4
13:37:35.0 (21107897)|HEAP_ALLOCATE|[138]|Bytes:5
13:37:35.0 (21117512)|VARIABLE_ASSIGNMENT|[138]|doc|null|
13:37:35.0 (21122893)|STATEMENT_EXECUTE|[145]
13:37:35.0 (21202210)|SYSTEM_MODE_ENTER|true
13:37:35.0 (21502378)|SYSTEM_MODE_ENTER|true
13:37:35.0 (21541683)|HEAP_ALLOCATE|[EXTERNAL]|Bytes:44
13:37:35.0 (21549990)|VARIABLE_SCOPE_BEGIN|[150]|this|docappcontroller|true|false
13:37:35.0 (21583176)|VARIABLE_ASSIGNMENT|[150]|this|{"aptdum":"0x3da523de","Docdum":"0x104c8761","Docmap":"0x1f1a41de","Initialselected":0,"timewraplistInitial":"0x8668ac7"}|0x4d1b7613
13:37:35.0 (21592911)|STATEMENT_EXECUTE|[150]
13:37:35.0 (21594805)|STATEMENT_EXECUTE|[152]
13:37:35.0 (21604477)|HEAP_ALLOCATE|[152]|Bytes:4
13:37:35.0 (21625331)|VARIABLE_SCOPE_BEGIN|[152]|options|List<System.SelectOption>|true|false
13:37:35.0 (21645789)|HEAP_ALLOCATE|[EXTERNAL]|Bytes:4
13:37:35.0 (21654363)|VARIABLE_ASSIGNMENT|[152]|options|[]|0x3dcbb2d6
13:37:35.0 (21659508)|STATEMENT_EXECUTE|[153]
13:37:35.0 (21696266)|HEAP_ALLOCATE|[EXTERNAL]|Bytes:4
13:37:35.0 (21704573)|STATEMENT_EXECUTE|[156]
13:37:35.0 (21709485)|HEAP_ALLOCATE|[156]|Bytes:2
13:37:35.0 (21730403)|HEAP_ALLOCATE|[EXTERNAL]|Bytes:4
13:37:35.0 (21736660)|STATEMENT_EXECUTE|[157]
13:37:35.0 (21739596)|HEAP_ALLOCATE|[157]|Bytes:2
13:37:35.0 (21757404)|HEAP_ALLOCATE|[EXTERNAL]|Bytes:4
13:37:35.0 (21763062)|STATEMENT_EXECUTE|[162]
13:37:35.0 (21829040)|SYSTEM_MODE_ENTER|true
13:37:35.22 (22407673)|SYSTEM_MODE_ENTER|true
13:37:35.22 (22461242)|HEAP_ALLOCATE|[EXTERNAL]|Bytes:8
13:37:35.22 (22468851)|VARIABLE_SCOPE_BEGIN|[88]|this|ApexPage.PageMessagesComponentController|true|false
13:37:35.22 (22493045)|VARIABLE_ASSIGNMENT|[88]|this|{}|0x4cbfebab
13:37:35.22 (22499171)|VARIABLE_SCOPE_BEGIN|[88]|escape|Boolean|false|false
13:37:35.22 (22507200)|VARIABLE_ASSIGNMENT|[88]|escape|null
13:37:35.0 (22674073)|SYSTEM_MODE_ENTER|true
13:37:35.0 (22700088)|HEAP_ALLOCATE|[EXTERNAL]|Bytes:18
13:37:35.0 (22705396)|HEAP_ALLOCATE|[EXTERNAL]|Bytes:44
13:37:35.0 (22729693)|VARIABLE_ASSIGNMENT|[EXTERNAL]|this.Selecteddoc|"a260H000001koYjQAI"|0x4d1b7613
13:37:35.0 (22770739)|SYSTEM_MODE_ENTER|true
13:37:35.0 (22908827)|SYSTEM_MODE_ENTER|true
13:37:35.0 (22946210)|SYSTEM_MODE_ENTER|true
13:37:35.0 (22962421)|HEAP_ALLOCATE|[EXTERNAL]|Bytes:8
13:37:35.0 (22967066)|HEAP_ALLOCATE|[EXTERNAL]|Bytes:44
13:37:35.0 (22975418)|VARIABLE_ASSIGNMENT|[EXTERNAL]|this.SelectedtimeSlot|30|0x4d1b7613
13:37:35.0 (23008126)|SYSTEM_MODE_ENTER|true
13:37:35.0 (23218008)|HEAP_ALLOCATE|[EXTERNAL]|Bytes:44
13:37:35.0 (23227181)|VARIABLE_SCOPE_BEGIN|[31]|this|docappcontroller|true|false
13:37:35.0 (23262152)|VARIABLE_ASSIGNMENT|[31]|this|{"aptdum":"0x3da523de","Docdum":"0x104c8761","Docmap":"0x1f1a41de","Initialselected":0,"Selecteddoc":"a260H000001koYjQAI","SelectedtimeSlot":30,"timewraplistInitial":"0x8668ac7"}|0x4d1b7613
13:37:35.0 (23272651)|STATEMENT_EXECUTE|[31]
13:37:35.0 (23274625)|STATEMENT_EXECUTE|[32]
13:37:35.0 (23298795)|VARIABLE_SCOPE_BEGIN|[32]|timeset|Set<Time>|true|false
13:37:35.0 (23309242)|VARIABLE_ASSIGNMENT|[32]|timeset|null|
13:37:35.0 (23313481)|STATEMENT_EXECUTE|[33]
13:37:35.0 (23356761)|VARIABLE_ASSIGNMENT|[EXTERNAL]|this|{"aptdum":"0x3da523de","Docdum":"0x104c8761","Docmap":"0x1f1a41de","Initialselected":0,"Selecteddoc":"a260H000001koYjQAI","SelectedtimeSlot":30,"timewraplistInitial":"0x8668ac7"}|0x4d1b7613
13:37:35.0 (23387436)|USER_DEBUG|[33]|DEBUG|a260H000001koYjQAI
13:37:35.0 (23423908)|VARIABLE_ASSIGNMENT|[EXTERNAL]|this|{"aptdum":"0x3da523de","Docdum":"0x104c8761","Docmap":"0x1f1a41de","Initialselected":0,"Selecteddoc":"a260H000001koYjQAI","SelectedtimeSlot":30,"timewraplistInitial":"0x8668ac7"}|0x4d1b7613
13:37:35.0 (23459561)|VARIABLE_ASSIGNMENT|[EXTERNAL]|this|{"aptdum":"0x3da523de","Docdum":"0x104c8761","Docmap":"0x1f1a41de","Initialselected":0,"Selecteddoc":"a260H000001koYjQAI","SelectedtimeSlot":30,"timewraplistInitial":"0x8668ac7"}|0x4d1b7613
13:37:35.0 (23491463)|STATEMENT_EXECUTE|[36]
13:37:35.0 (23493568)|STATEMENT_EXECUTE|[37]
13:37:35.0 (23523144)|VARIABLE_ASSIGNMENT|[EXTERNAL]|this|{"aptdum":"0x3da523de","Docdum":"0x104c8761","Docmap":"0x1f1a41de","Initialselected":0,"Selecteddoc":"a260H000001koYjQAI","SelectedtimeSlot":30,"timewraplistInitial":"0x8668ac7"}|0x4d1b7613
13:37:35.0 (23551532)|VARIABLE_ASSIGNMENT|[EXTERNAL]|this|{"aptdum":"0x3da523de","Docdum":"0x104c8761","Docmap":"0x1f1a41de","Initialselected":0,"Selecteddoc":"a260H000001koYjQAI","SelectedtimeSlot":30,"timewraplistInitial":"0x8668ac7"}|0x4d1b7613
13:37:35.0 (23575763)|VARIABLE_SCOPE_BEGIN|[37]|d|Doctor__c|true|false
13:37:35.0 (23593135)|VARIABLE_ASSIGNMENT|[37]|d|{"Id":"a260H000001koYjQAI","Name":"doc 2","End_Time__c":68400000,"Speciality__c":"General Surgery","Start_Time__c":43200000}|0x72ac37d4
13:37:35.0 (23599810)|STATEMENT_EXECUTE|[38]
13:37:35.0 (23632197)|HEAP_ALLOCATE|[38]|Bytes:4
13:37:35.0 (23671745)|HEAP_ALLOCATE|[38]|Bytes:150
13:37:35.0 (23687754)|HEAP_ALLOCATE|[38]|Bytes:4
13:37:35.0 (23697241)|HEAP_ALLOCATE|[38]|Bytes:7
13:37:35.0 (23727561)|VARIABLE_ASSIGNMENT|[EXTERNAL]|this|{"aptdum":"0x3da523de","Docdum":"0x104c8761","Docmap":"0x1f1a41de","Initialselected":0,"Selecteddoc":"a260H000001koYjQAI","SelectedtimeSlot":30,"timewraplistInitial":"0x8668ac7"}|0x4d1b7613
13:37:35.0 (23746076)|HEAP_ALLOCATE|[38]|Bytes:7
13:37:35.0 (23772501)|VARIABLE_ASSIGNMENT|[EXTERNAL]|this|{"aptdum":"0x3da523de","Docdum":"0x104c8761","Docmap":"0x1f1a41de","Initialselected":0,"Selecteddoc":"a260H000001koYjQAI","SelectedtimeSlot":30,"timewraplistInitial":"0x8668ac7"}|0x4d1b7613
13:37:35.0 (24121063)|SOQL_EXECUTE_BEGIN|[38]|Aggregations:0|SELECT Id, Name, Doctor__c, Patient__c, End_Time__c, Start_Time__c FROM Appointment__c WHERE (Doctor__c = :tmpVar1 AND Appointment_Date__c = :tmpVar2)
13:37:35.0 (27378649)|SOQL_EXECUTE_END|[38]|Rows:1
13:37:35.0 (27400483)|HEAP_ALLOCATE|[38]|Bytes:8
13:37:35.0 (27415389)|HEAP_ALLOCATE|[38]|Bytes:147
13:37:35.0 (27448506)|HEAP_ALLOCATE|[38]|Bytes:8
13:37:35.0 (27473359)|HEAP_ALLOCATE|[38]|Bytes:28
13:37:35.0 (27478625)|HEAP_ALLOCATE|[38]|Bytes:28
13:37:35.0 (27481977)|HEAP_ALLOCATE|[38]|Bytes:4
13:37:35.0 (27490086)|VARIABLE_SCOPE_BEGIN|[38]|aptlist|List<Appointment__c>|true|false
13:37:35.0 (27499093)|HEAP_ALLOCATE|[EXTERNAL]|Bytes:8
13:37:35.0 (27521068)|VARIABLE_ASSIGNMENT|[38]|aptlist|[{"Id":"a250H00000HaxnFQAR","Name":"A-00000","Doctor__c":"a260H000001koYjQAI","Patient__c":"a270H000006vXivQAE","End_Time__c":61200000,"Start_Time__c":54000000}]|0x55823b1f
13:37:35.0 (27529550)|STATEMENT_EXECUTE|[39]
13:37:35.0 (27553670)|HEAP_ALLOCATE|[39]|Bytes:4
13:37:35.0 (27612311)|VARIABLE_ASSIGNMENT|[39]|timeset|[]|0x29d92619
13:37:35.0 (27709548)|HEAP_ALLOCATE|[40]|Bytes:5
13:37:35.0 (27723399)|HEAP_ALLOCATE|[40]|Bytes:28
13:37:35.0 (27731023)|VARIABLE_SCOPE_BEGIN|[40]|apt|Appointment__c|true|false
13:37:35.0 (27753005)|VARIABLE_ASSIGNMENT|[40]|apt|{"Id":"a250H00000HaxnFQAR","Name":"A-00000","Doctor__c":"a260H000001koYjQAI","Patient__c":"a270H000006vXivQAE","End_Time__c":61200000,"Start_Time__c":54000000}|0x61188f12
13:37:35.0 (27760614)|STATEMENT_EXECUTE|[40]
13:37:35.0 (27762572)|STATEMENT_EXECUTE|[42]
13:37:35.0 (27792474)|VARIABLE_SCOPE_BEGIN|[42]|t|Time|false|false
13:37:35.0 (27805434)|VARIABLE_ASSIGNMENT|[42]|t|54000000
13:37:35.0 (27809725)|STATEMENT_EXECUTE|[43]
13:37:35.0 (27862957)|VARIABLE_SCOPE_BEGIN|[43]|i|Integer|false|false
13:37:35.0 (27871601)|HEAP_ALLOCATE|[43]|Bytes:4
13:37:35.0 (27878406)|VARIABLE_ASSIGNMENT|[43]|i|2
13:37:35.0 (27882580)|STATEMENT_EXECUTE|[44]
13:37:35.0 (27910055)|HEAP_ALLOCATE|[44]|Bytes:28
13:37:35.0 (27914386)|HEAP_ALLOCATE|[44]|Bytes:28
13:37:35.0 (27918661)|VARIABLE_SCOPE_BEGIN|[44]|i1|Decimal|false|false
13:37:35.0 (27929669)|VARIABLE_ASSIGNMENT|[44]|i1|0
13:37:35.0 (27934158)|STATEMENT_EXECUTE|[45]
13:37:35.0 (27956051)|HEAP_ALLOCATE|[EXTERNAL]|Bytes:4
13:37:35.0 (27977733)|STATEMENT_EXECUTE|[46]
13:37:35.0 (27979696)|STATEMENT_EXECUTE|[47]
13:37:35.0 (28004818)|USER_DEBUG|[47]|DEBUG|15:00:00.000Z
13:37:35.0 (28012960)|STATEMENT_EXECUTE|[48]
13:37:35.0 (28038256)|HEAP_ALLOCATE|[48]|Bytes:4
13:37:35.0 (28052820)|VARIABLE_ASSIGNMENT|[48]|t|55800000
13:37:35.0 (28057443)|STATEMENT_EXECUTE|[49]
13:37:35.0 (28060475)|HEAP_ALLOCATE|[49]|Bytes:3
13:37:35.0 (28073978)|HEAP_ALLOCATE|[49]|Bytes:28
13:37:35.0 (28108540)|HEAP_ALLOCATE|[49]|Bytes:28
13:37:35.0 (28123389)|VARIABLE_ASSIGNMENT|[49]|i1|0.5
13:37:35.0 (28128037)|STATEMENT_EXECUTE|[50]
13:37:35.0 (28142671)|HEAP_ALLOCATE|[EXTERNAL]|Bytes:4
13:37:35.0 (28155240)|HEAP_ALLOCATE|[51]|Bytes:28
13:37:35.0 (28159083)|HEAP_ALLOCATE|[51]|Bytes:28
13:37:35.0 (28164544)|HEAP_ALLOCATE|[51]|Bytes:28
13:37:35.0 (28186221)|HEAP_ALLOCATE|[51]|Bytes:28
13:37:35.0 (28211540)|STATEMENT_EXECUTE|[46]
13:37:35.0 (28213303)|STATEMENT_EXECUTE|[47]
13:37:35.0 (28221478)|USER_DEBUG|[47]|DEBUG|15:30:00.000Z
13:37:35.0 (28228318)|STATEMENT_EXECUTE|[48]
13:37:35.0 (28237172)|HEAP_ALLOCATE|[48]|Bytes:4
13:37:35.0 (28250489)|VARIABLE_ASSIGNMENT|[48]|t|57600000
13:37:35.0 (28254834)|STATEMENT_EXECUTE|[49]
13:37:35.0 (28259338)|HEAP_ALLOCATE|[49]|Bytes:28
13:37:35.0 (28270895)|HEAP_ALLOCATE|[49]|Bytes:28
13:37:35.0 (28281381)|VARIABLE_ASSIGNMENT|[49]|i1|1.0
13:37:35.0 (28285520)|STATEMENT_EXECUTE|[50]
13:37:35.0 (28290674)|HEAP_ALLOCATE|[EXTERNAL]|Bytes:4
13:37:35.0 (28299453)|HEAP_ALLOCATE|[51]|Bytes:28
13:37:35.0 (28302681)|HEAP_ALLOCATE|[51]|Bytes:28
13:37:35.0 (28307366)|HEAP_ALLOCATE|[51]|Bytes:28
13:37:35.0 (28318624)|HEAP_ALLOCATE|[51]|Bytes:28
13:37:35.0 (28336866)|STATEMENT_EXECUTE|[46]
13:37:35.0 (28338475)|STATEMENT_EXECUTE|[47]
13:37:35.0 (28344692)|USER_DEBUG|[47]|DEBUG|16:00:00.000Z
13:37:35.0 (28350731)|STATEMENT_EXECUTE|[48]
13:37:35.0 (28357672)|HEAP_ALLOCATE|[48]|Bytes:4
13:37:35.0 (28369286)|VARIABLE_ASSIGNMENT|[48]|t|59400000
13:37:35.0 (28373551)|STATEMENT_EXECUTE|[49]
13:37:35.0 (28377580)|HEAP_ALLOCATE|[49]|Bytes:28
13:37:35.0 (28388742)|HEAP_ALLOCATE|[49]|Bytes:28
13:37:35.0 (28398870)|VARIABLE_ASSIGNMENT|[49]|i1|1.5
13:37:35.0 (28402999)|STATEMENT_EXECUTE|[50]
13:37:35.0 (28408022)|HEAP_ALLOCATE|[EXTERNAL]|Bytes:4
13:37:35.0 (28416191)|HEAP_ALLOCATE|[51]|Bytes:28
13:37:35.0 (28419358)|HEAP_ALLOCATE|[51]|Bytes:28
13:37:35.0 (28423883)|HEAP_ALLOCATE|[51]|Bytes:28
13:37:35.0 (28441221)|HEAP_ALLOCATE|[51]|Bytes:28
13:37:35.0 (28466107)|HEAP_ALLOCATE|[40]|Bytes:5
13:37:35.0 (28478513)|VARIABLE_ASSIGNMENT|[40]|apt|null|
13:37:35.0 (28485667)|STATEMENT_EXECUTE|[62]
13:37:35.0 (28558235)|HEAP_ALLOCATE|[62]|Bytes:4
13:37:35.0 (28641269)|VARIABLE_ASSIGNMENT|[EXTERNAL]|this|{"aptdum":"0x3da523de","Docdum":"0x104c8761","Docmap":"0x1f1a41de","Initialselected":0,"Selecteddoc":"a260H000001koYjQAI","SelectedtimeSlot":30,"timewraplistInitial":"0x8668ac7"}|0x4d1b7613
13:37:35.0 (28659516)|HEAP_ALLOCATE|[EXTERNAL]|Bytes:4
13:37:35.0 (28667346)|VARIABLE_ASSIGNMENT|[EXTERNAL]|value|[]|0x3efc14bd
13:37:35.0 (28679577)|VARIABLE_ASSIGNMENT|[4]|this.timewraplist|[]|0x4d1b7613
13:37:35.0 (28688816)|STATEMENT_EXECUTE|[63]
13:37:35.0 (28697152)|HEAP_ALLOCATE|[63]|Bytes:4
13:37:35.0 (28759950)|VARIABLE_ASSIGNMENT|[EXTERNAL]|this|{"aptdum":"0x3da523de","Docdum":"0x104c8761","Docmap":"0x1f1a41de","Initialselected":0,"Selecteddoc":"a260H000001koYjQAI","SelectedtimeSlot":30,"timewraplist":"0x3efc14bd","timewraplistInitial":"0x8668ac7"}|0x4d1b7613
13:37:35.0 (28777511)|HEAP_ALLOCATE|[EXTERNAL]|Bytes:4
13:37:35.0 (28783981)|VARIABLE_ASSIGNMENT|[EXTERNAL]|value|[]|0x7b47a228
13:37:35.0 (28793764)|VARIABLE_ASSIGNMENT|[3]|this.timelist|[]|0x4d1b7613
13:37:35.0 (28802069)|STATEMENT_EXECUTE|[64]
13:37:35.0 (28828662)|VARIABLE_SCOPE_BEGIN|[64]|t|Time|false|false
13:37:35.0 (28842486)|VARIABLE_ASSIGNMENT|[64]|t|43200000
13:37:35.0 (28847200)|STATEMENT_EXECUTE|[65]
13:37:35.0 (28887801)|VARIABLE_SCOPE_BEGIN|[65]|i|Integer|false|false
13:37:35.0 (28895562)|HEAP_ALLOCATE|[65]|Bytes:4
13:37:35.0 (28902454)|VARIABLE_ASSIGNMENT|[65]|i|7
13:37:35.0 (28906746)|STATEMENT_EXECUTE|[66]
13:37:35.0 (28914972)|HEAP_ALLOCATE|[66]|Bytes:28
13:37:35.0 (28918748)|HEAP_ALLOCATE|[66]|Bytes:28
13:37:35.0 (28922363)|VARIABLE_SCOPE_BEGIN|[66]|i1|Decimal|false|false
13:37:35.0 (28930703)|VARIABLE_ASSIGNMENT|[66]|i1|0
13:37:35.0 (28962349)|STATEMENT_EXECUTE|[67]
13:37:35.0 (28964337)|STATEMENT_EXECUTE|[68]
13:37:35.0 (29005086)|VARIABLE_ASSIGNMENT|[EXTERNAL]|this|{"aptdum":"0x3da523de","Docdum":"0x104c8761","Docmap":"0x1f1a41de","Initialselected":0,"Selecteddoc":"a260H000001koYjQAI","SelectedtimeSlot":30,"timelist":"0x7b47a228","timewraplist":"0x3efc14bd","timewraplistInitial":"0x8668ac7"}|0x4d1b7613
13:37:35.0 (29024933)|HEAP_ALLOCATE|[68]|Bytes:108
13:37:35.0 (29031733)|HEAP_ALLOCATE|[68]|Bytes:11
13:37:35.0 (29045821)|HEAP_ALLOCATE|[68]|Bytes:12
13:37:35.0 (29092751)|CONSTRUCTOR_ENTRY|[68]|01p0H000007gCe8|<init>(Boolean,Time)
13:37:35.0 (29105913)|VARIABLE_SCOPE_BEGIN|[178]|this|docappcontroller.Wrapertimeslot|true|false
13:37:35.0 (29128526)|VARIABLE_ASSIGNMENT|[178]|this|{}|0x50a6363c
13:37:35.0 (29136832)|VARIABLE_SCOPE_BEGIN|[178]|selection|Boolean|false|false
13:37:35.0 (29145242)|VARIABLE_ASSIGNMENT|[178]|selection|false
13:37:35.0 (29151826)|VARIABLE_SCOPE_BEGIN|[178]|tm|Time|false|false
13:37:35.0 (29161796)|VARIABLE_ASSIGNMENT|[178]|tm|43200000
13:37:35.0 (29166926)|STATEMENT_EXECUTE|[174]
13:37:35.0 (29168746)|STATEMENT_EXECUTE|[175]
13:37:35.0 (29170426)|STATEMENT_EXECUTE|[176]
13:37:35.0 (29176188)|HEAP_ALLOCATE|[179]|Bytes:6
13:37:35.0 (29199596)|STATEMENT_EXECUTE|[178]
13:37:35.0 (29201598)|STATEMENT_EXECUTE|[179]
13:37:35.0 (29251764)|VARIABLE_ASSIGNMENT|[EXTERNAL]|this|{}|0x50a6363c
13:37:35.0 (29262431)|VARIABLE_ASSIGNMENT|[EXTERNAL]|value|false
13:37:35.0 (29268393)|HEAP_ALLOCATE|[175]|Bytes:5
13:37:35.0 (29275208)|VARIABLE_ASSIGNMENT|[175]|this.selected|false|0x50a6363c
13:37:35.0 (29283639)|STATEMENT_EXECUTE|[180]
13:37:35.0 (29311982)|VARIABLE_ASSIGNMENT|[EXTERNAL]|this|{"selected":false}|0x50a6363c
13:37:35.0 (29324821)|VARIABLE_ASSIGNMENT|[EXTERNAL]|value|43200000
13:37:35.0 (29333243)|VARIABLE_ASSIGNMENT|[176]|this.t|43200000|0x50a6363c
13:37:35.0 (29346996)|CONSTRUCTOR_EXIT|[68]|01p0H000007gCe8|<init>(Boolean,Time)
13:37:35.0 (29359183)|HEAP_ALLOCATE|[EXTERNAL]|Bytes:4
13:37:35.0 (29366246)|STATEMENT_EXECUTE|[73]
13:37:35.0 (29403767)|VARIABLE_ASSIGNMENT|[EXTERNAL]|this|{"aptdum":"0x3da523de","Docdum":"0x104c8761","Docmap":"0x1f1a41de","Initialselected":0,"Selecteddoc":"a260H000001koYjQAI","SelectedtimeSlot":30,"timelist":"0x7b47a228","timewraplist":"0x3efc14bd","timewraplistInitial":"0x8668ac7"}|0x4d1b7613
13:37:35.0 (29422491)|HEAP_ALLOCATE|[EXTERNAL]|Bytes:4
13:37:35.0 (29441681)|HEAP_ALLOCATE|[76]|Bytes:28
13:37:35.0 (29446135)|HEAP_ALLOCATE|[76]|Bytes:28
13:37:35.0 (29474655)|STATEMENT_EXECUTE|[76]
13:37:35.0 (29476722)|STATEMENT_EXECUTE|[77]
13:37:35.0 (29494214)|USER_DEBUG|[77]|DEBUG|12:00:00.000Z
13:37:35.0 (29501420)|STATEMENT_EXECUTE|[78]
13:37:35.0 (29523116)|HEAP_ALLOCATE|[78]|Bytes:4
13:37:35.0 (29537976)|VARIABLE_ASSIGNMENT|[78]|t|45000000
13:37:35.0 (29542797)|STATEMENT_EXECUTE|[79]
13:37:35.0 (29549235)|HEAP_ALLOCATE|[79]|Bytes:28
13:37:35.0 (29567525)|HEAP_ALLOCATE|[79]|Bytes:28
13:37:35.0 (29579398)|VARIABLE_ASSIGNMENT|[79]|i1|0.5
13:37:35.0 (29583294)|STATEMENT_EXECUTE|[80]
13:37:35.0 (29616733)|VARIABLE_ASSIGNMENT|[EXTERNAL]|this|{"aptdum":"0x3da523de","Docdum":"0x104c8761","Docmap":"0x1f1a41de","Initialselected":0,"Selecteddoc":"a260H000001koYjQAI","SelectedtimeSlot":30,"timelist":"0x7b47a228","timewraplist":"0x3efc14bd","timewraplistInitial":"0x8668ac7"}|0x4d1b7613
13:37:35.0 (29633500)|HEAP_ALLOCATE|[EXTERNAL]|Bytes:4
13:37:35.0 (29657867)|STATEMENT_EXECUTE|[82]
13:37:35.0 (29659838)|STATEMENT_EXECUTE|[83]
13:37:35.0 (29689008)|VARIABLE_ASSIGNMENT|[EXTERNAL]|this|{"aptdum":"0x3da523de","Docdum":"0x104c8761","Docmap":"0x1f1a41de","Initialselected":0,"Selecteddoc":"a260H000001koYjQAI","SelectedtimeSlot":30,"timelist":"0x7b47a228","timewraplist":"0x3efc14bd","timewraplistInitial":"0x8668ac7"}|0x4d1b7613
13:37:35.0 (29703153)|HEAP_ALLOCATE|[83]|Bytes:12
13:37:35.0 (29715170)|CONSTRUCTOR_ENTRY|[83]|01p0H000007gCe8|<init>(Boolean,Time)
13:37:35.0 (29720819)|VARIABLE_SCOPE_BEGIN|[178]|this|docappcontroller.Wrapertimeslot|true|false
13:37:35.0 (29733507)|VARIABLE_ASSIGNMENT|[178]|this|{}|0x571f0645
13:37:35.0 (29740077)|VARIABLE_SCOPE_BEGIN|[178]|selection|Boolean|false|false
13:37:35.0 (29747914)|VARIABLE_ASSIGNMENT|[178]|selection|false
13:37:35.0 (29751728)|VARIABLE_SCOPE_BEGIN|[178]|tm|Time|false|false
13:37:35.0 (29759821)|VARIABLE_ASSIGNMENT|[178]|tm|45000000
13:37:35.0 (29764359)|STATEMENT_EXECUTE|[174]
13:37:35.0 (29765983)|STATEMENT_EXECUTE|[175]
13:37:35.0 (29767592)|STATEMENT_EXECUTE|[176]
13:37:35.0 (29777692)|STATEMENT_EXECUTE|[178]
13:37:35.0 (29779356)|STATEMENT_EXECUTE|[179]
13:37:35.0 (29790733)|VARIABLE_ASSIGNMENT|[EXTERNAL]|this|{}|0x571f0645
13:37:35.0 (29799705)|VARIABLE_ASSIGNMENT|[EXTERNAL]|value|false
13:37:35.0 (29804791)|HEAP_ALLOCATE|[175]|Bytes:5
13:37:35.0 (29811208)|VARIABLE_ASSIGNMENT|[175]|this.selected|false|0x571f0645
13:37:35.0 (29818542)|STATEMENT_EXECUTE|[180]
13:37:35.0 (29829188)|VARIABLE_ASSIGNMENT|[EXTERNAL]|this|{"selected":false}|0x571f0645
13:37:35.0 (29837630)|VARIABLE_ASSIGNMENT|[EXTERNAL]|value|45000000
13:37:35.0 (29844699)|VARIABLE_ASSIGNMENT|[176]|this.t|45000000|0x571f0645
13:37:35.0 (29857361)|CONSTRUCTOR_EXIT|[83]|01p0H000007gCe8|<init>(Boolean,Time)
13:37:35.0 (29868199)|HEAP_ALLOCATE|[EXTERNAL]|Bytes:4
13:37:35.0 (29879445)|HEAP_ALLOCATE|[76]|Bytes:28
13:37:35.0 (29883210)|HEAP_ALLOCATE|[76]|Bytes:28
13:37:35.0 (29901941)|STATEMENT_EXECUTE|[76]
13:37:35.0 (29903694)|STATEMENT_EXECUTE|[77]
13:37:35.0 (29913555)|USER_DEBUG|[77]|DEBUG|12:30:00.000Z
13:37:35.0 (29920482)|STATEMENT_EXECUTE|[78]
13:37:35.0 (29929719)|HEAP_ALLOCATE|[78]|Bytes:4
13:37:35.0 (29944717)|VARIABLE_ASSIGNMENT|[78]|t|46800000
13:37:35.0 (29952473)|STATEMENT_EXECUTE|[79]
13:37:35.0 (29957806)|HEAP_ALLOCATE|[79]|Bytes:28
13:37:35.0 (29970108)|HEAP_ALLOCATE|[79]|Bytes:28
13:37:35.0 (29980911)|VARIABLE_ASSIGNMENT|[79]|i1|1.0
13:37:35.0 (29984712)|STATEMENT_EXECUTE|[80]
13:37:35.0 (30012397)|VARIABLE_ASSIGNMENT|[EXTERNAL]|this|{"aptdum":"0x3da523de","Docdum":"0x104c8761","Docmap":"0x1f1a41de","Initialselected":0,"Selecteddoc":"a260H000001koYjQAI","SelectedtimeSlot":30,"timelist":"0x7b47a228","timewraplist":"0x3efc14bd","timewraplistInitial":"0x8668ac7"}|0x4d1b7613
13:37:35.0 (30027299)|HEAP_ALLOCATE|[EXTERNAL]|Bytes:4
13:37:35.0 (30039414)|STATEMENT_EXECUTE|[82]
13:37:35.0 (30040972)|STATEMENT_EXECUTE|[83]
13:37:35.0 (30063301)|VARIABLE_ASSIGNMENT|[EXTERNAL]|this|{"aptdum":"0x3da523de","Docdum":"0x104c8761","Docmap":"0x1f1a41de","Initialselected":0,"Selecteddoc":"a260H000001koYjQAI","SelectedtimeSlot":30,"timelist":"0x7b47a228","timewraplist":"0x3efc14bd","timewraplistInitial":"0x8668ac7"}|0x4d1b7613
13:37:35.0 (30074889)|HEAP_ALLOCATE|[83]|Bytes:12
13:37:35.0 (30085702)|CONSTRUCTOR_ENTRY|[83]|01p0H000007gCe8|<init>(Boolean,Time)
13:37:35.0 (30091279)|VARIABLE_SCOPE_BEGIN|[178]|this|docappcontroller.Wrapertimeslot|true|false
13:37:35.0 (30103577)|VARIABLE_ASSIGNMENT|[178]|this|{}|0x562c5898
13:37:35.0 (30109396)|VARIABLE_SCOPE_BEGIN|[178]|selection|Boolean|false|false
13:37:35.0 (30116224)|VARIABLE_ASSIGNMENT|[178]|selection|false
13:37:35.0 (30119821)|VARIABLE_SCOPE_BEGIN|[178]|tm|Time|false|false
13:37:35.0 (30127773)|VARIABLE_ASSIGNMENT|[178]|tm|46800000
13:37:35.0 (30132099)|STATEMENT_EXECUTE|[174]
13:37:35.0 (30133690)|STATEMENT_EXECUTE|[175]
13:37:35.0 (30135286)|STATEMENT_EXECUTE|[176]
13:37:35.0 (30144381)|STATEMENT_EXECUTE|[178]
13:37:35.0 (30145944)|STATEMENT_EXECUTE|[179]
13:37:35.0 (30156787)|VARIABLE_ASSIGNMENT|[EXTERNAL]|this|{}|0x562c5898
13:37:35.0 (30164819)|VARIABLE_ASSIGNMENT|[EXTERNAL]|value|false
13:37:35.0 (30169675)|HEAP_ALLOCATE|[175]|Bytes:5
13:37:35.0 (30175981)|VARIABLE_ASSIGNMENT|[175]|this.selected|false|0x562c5898
13:37:35.0 (30183311)|STATEMENT_EXECUTE|[180]
13:37:35.0 (30193862)|VARIABLE_ASSIGNMENT|[EXTERNAL]|this|{"selected":false}|0x562c5898
13:37:35.0 (30202557)|VARIABLE_ASSIGNMENT|[EXTERNAL]|value|46800000
13:37:35.0 (30209729)|VARIABLE_ASSIGNMENT|[176]|this.t|46800000|0x562c5898
13:37:35.0 (30222672)|CONSTRUCTOR_EXIT|[83]|01p0H000007gCe8|<init>(Boolean,Time)
13:37:35.0 (30231966)|HEAP_ALLOCATE|[EXTERNAL]|Bytes:4
13:37:35.0 (30242453)|HEAP_ALLOCATE|[76]|Bytes:28
13:37:35.0 (30245967)|HEAP_ALLOCATE|[76]|Bytes:28
13:37:35.0 (30262463)|STATEMENT_EXECUTE|[76]
13:37:35.0 (30264084)|STATEMENT_EXECUTE|[77]
13:37:35.0 (30272793)|USER_DEBUG|[77]|DEBUG|13:00:00.000Z
13:37:35.0 (30279373)|STATEMENT_EXECUTE|[78]
13:37:35.0 (30287665)|HEAP_ALLOCATE|[78]|Bytes:4
13:37:35.0 (30299362)|VARIABLE_ASSIGNMENT|[78]|t|48600000
13:37:35.0 (30303647)|STATEMENT_EXECUTE|[79]
13:37:35.0 (30308640)|HEAP_ALLOCATE|[79]|Bytes:28
13:37:35.0 (30319982)|HEAP_ALLOCATE|[79]|Bytes:28
13:37:35.0 (30330332)|VARIABLE_ASSIGNMENT|[79]|i1|1.5
13:37:35.0 (30334388)|STATEMENT_EXECUTE|[80]
13:37:35.0 (30360457)|VARIABLE_ASSIGNMENT|[EXTERNAL]|this|{"aptdum":"0x3da523de","Docdum":"0x104c8761","Docmap":"0x1f1a41de","Initialselected":0,"Selecteddoc":"a260H000001koYjQAI","SelectedtimeSlot":30,"timelist":"0x7b47a228","timewraplist":"0x3efc14bd","timewraplistInitial":"0x8668ac7"}|0x4d1b7613
13:37:35.0 (30374517)|HEAP_ALLOCATE|[EXTERNAL]|Bytes:4
13:37:35.0 (30386146)|STATEMENT_EXECUTE|[82]
13:37:35.0 (30387679)|STATEMENT_EXECUTE|[83]
13:37:35.0 (30409484)|VARIABLE_ASSIGNMENT|[EXTERNAL]|this|{"aptdum":"0x3da523de","Docdum":"0x104c8761","Docmap":"0x1f1a41de","Initialselected":0,"Selecteddoc":"a260H000001koYjQAI","SelectedtimeSlot":30,"timelist":"0x7b47a228","timewraplist":"0x3efc14bd","timewraplistInitial":"0x8668ac7"}|0x4d1b7613
13:37:35.0 (30421570)|HEAP_ALLOCATE|[83]|Bytes:12
13:37:35.0 (30436014)|CONSTRUCTOR_ENTRY|[83]|01p0H000007gCe8|<init>(Boolean,Time)
13:37:35.0 (30442018)|VARIABLE_SCOPE_BEGIN|[178]|this|docappcontroller.Wrapertimeslot|true|false
13:37:35.0 (30454263)|VARIABLE_ASSIGNMENT|[178]|this|{}|0x5fea7617
13:37:35.0 (30460719)|VARIABLE_SCOPE_BEGIN|[178]|selection|Boolean|false|false
13:37:35.0 (30467961)|VARIABLE_ASSIGNMENT|[178]|selection|false
13:37:35.0 (30471613)|VARIABLE_SCOPE_BEGIN|[178]|tm|Time|false|false
13:37:35.0 (30479370)|VARIABLE_ASSIGNMENT|[178]|tm|48600000
13:37:35.0 (30483776)|STATEMENT_EXECUTE|[174]
13:37:35.0 (30485369)|STATEMENT_EXECUTE|[175]
13:37:35.0 (30486960)|STATEMENT_EXECUTE|[176]
13:37:35.0 (30496070)|STATEMENT_EXECUTE|[178]
13:37:35.0 (30497712)|STATEMENT_EXECUTE|[179]
13:37:35.0 (30510337)|VARIABLE_ASSIGNMENT|[EXTERNAL]|this|{}|0x5fea7617
13:37:35.0 (30521381)|VARIABLE_ASSIGNMENT|[EXTERNAL]|value|false
13:37:35.0 (30526801)|HEAP_ALLOCATE|[175]|Bytes:5
13:37:35.0 (30532759)|VARIABLE_ASSIGNMENT|[175]|this.selected|false|0x5fea7617
13:37:35.0 (30540197)|STATEMENT_EXECUTE|[180]
13:37:35.0 (30551121)|VARIABLE_ASSIGNMENT|[EXTERNAL]|this|{"selected":false}|0x5fea7617
13:37:35.0 (30559742)|VARIABLE_ASSIGNMENT|[EXTERNAL]|value|48600000
13:37:35.0 (30566720)|VARIABLE_ASSIGNMENT|[176]|this.t|48600000|0x5fea7617
13:37:35.0 (30579726)|CONSTRUCTOR_EXIT|[83]|01p0H000007gCe8|<init>(Boolean,Time)
13:37:35.0 (30588238)|HEAP_ALLOCATE|[EXTERNAL]|Bytes:4
13:37:35.0 (30598273)|HEAP_ALLOCATE|[76]|Bytes:28
13:37:35.0 (30602293)|HEAP_ALLOCATE|[76]|Bytes:28
13:37:35.0 (30618431)|STATEMENT_EXECUTE|[76]
13:37:35.0 (30620065)|STATEMENT_EXECUTE|[77]
13:37:35.0 (30628931)|USER_DEBUG|[77]|DEBUG|13:30:00.000Z
13:37:35.0 (30635924)|STATEMENT_EXECUTE|[78]
13:37:35.0 (30644117)|HEAP_ALLOCATE|[78]|Bytes:4
13:37:35.0 (30655856)|VARIABLE_ASSIGNMENT|[78]|t|50400000
13:37:35.0 (30659911)|STATEMENT_EXECUTE|[79]
13:37:35.0 (30664617)|HEAP_ALLOCATE|[79]|Bytes:28
13:37:35.0 (30675990)|HEAP_ALLOCATE|[79]|Bytes:28
13:37:35.0 (30686332)|VARIABLE_ASSIGNMENT|[79]|i1|2.0
13:37:35.0 (30690102)|STATEMENT_EXECUTE|[80]
13:37:35.0 (30715471)|VARIABLE_ASSIGNMENT|[EXTERNAL]|this|{"aptdum":"0x3da523de","Docdum":"0x104c8761","Docmap":"0x1f1a41de","Initialselected":0,"Selecteddoc":"a260H000001koYjQAI","SelectedtimeSlot":30,"timelist":"0x7b47a228","timewraplist":"0x3efc14bd","timewraplistInitial":"0x8668ac7"}|0x4d1b7613
13:37:35.0 (30729138)|HEAP_ALLOCATE|[EXTERNAL]|Bytes:4
13:37:35.0 (30741263)|STATEMENT_EXECUTE|[82]
13:37:35.0 (30742880)|STATEMENT_EXECUTE|[83]
13:37:35.0 (30764321)|VARIABLE_ASSIGNMENT|[EXTERNAL]|this|{"aptdum":"0x3da523de","Docdum":"0x104c8761","Docmap":"0x1f1a41de","Initialselected":0,"Selecteddoc":"a260H000001koYjQAI","SelectedtimeSlot":30,"timelist":"0x7b47a228","timewraplist":"0x3efc14bd","timewraplistInitial":"0x8668ac7"}|0x4d1b7613
13:37:35.0 (30779851)|HEAP_ALLOCATE|[83]|Bytes:12
13:37:35.0 (30790519)|CONSTRUCTOR_ENTRY|[83]|01p0H000007gCe8|<init>(Boolean,Time)
13:37:35.0 (30795591)|VARIABLE_SCOPE_BEGIN|[178]|this|docappcontroller.Wrapertimeslot|true|false
13:37:35.0 (30807268)|VARIABLE_ASSIGNMENT|[178]|this|{}|0x59a249bc
13:37:35.0 (30813499)|VARIABLE_SCOPE_BEGIN|[178]|selection|Boolean|false|false
13:37:35.0 (30820734)|VARIABLE_ASSIGNMENT|[178]|selection|false
13:37:35.0 (30824465)|VARIABLE_SCOPE_BEGIN|[178]|tm|Time|false|false
13:37:35.0 (30832341)|VARIABLE_ASSIGNMENT|[178]|tm|50400000
13:37:35.0 (30837060)|STATEMENT_EXECUTE|[174]
13:37:35.0 (30838560)|STATEMENT_EXECUTE|[175]
13:37:35.0 (30840255)|STATEMENT_EXECUTE|[176]
13:37:35.0 (30848877)|STATEMENT_EXECUTE|[178]
13:37:35.0 (30850731)|STATEMENT_EXECUTE|[179]
13:37:35.0 (30861205)|VARIABLE_ASSIGNMENT|[EXTERNAL]|this|{}|0x59a249bc
13:37:35.0 (30869433)|VARIABLE_ASSIGNMENT|[EXTERNAL]|value|false
13:37:35.0 (30874522)|HEAP_ALLOCATE|[175]|Bytes:5
13:37:35.0 (30880288)|VARIABLE_ASSIGNMENT|[175]|this.selected|false|0x59a249bc
13:37:35.0 (30887302)|STATEMENT_EXECUTE|[180]
13:37:35.0 (30898012)|VARIABLE_ASSIGNMENT|[EXTERNAL]|this|{"selected":false}|0x59a249bc
13:37:35.0 (30906740)|VARIABLE_ASSIGNMENT|[EXTERNAL]|value|50400000
13:37:35.0 (30913464)|VARIABLE_ASSIGNMENT|[176]|this.t|50400000|0x59a249bc
13:37:35.0 (30925639)|CONSTRUCTOR_EXIT|[83]|01p0H000007gCe8|<init>(Boolean,Time)
13:37:35.0 (30934479)|HEAP_ALLOCATE|[EXTERNAL]|Bytes:4
13:37:35.0 (30944784)|HEAP_ALLOCATE|[76]|Bytes:28
13:37:35.0 (30948484)|HEAP_ALLOCATE|[76]|Bytes:28
13:37:35.0 (30964931)|STATEMENT_EXECUTE|[76]
13:37:35.0 (30966538)|STATEMENT_EXECUTE|[77]
13:37:35.0 (30975074)|USER_DEBUG|[77]|DEBUG|14:00:00.000Z
13:37:35.0 (30981499)|STATEMENT_EXECUTE|[78]
13:37:35.0 (30989920)|HEAP_ALLOCATE|[78]|Bytes:4
13:37:35.0 (31001781)|VARIABLE_ASSIGNMENT|[78]|t|52200000
13:37:35.0 (31006499)|STATEMENT_EXECUTE|[79]
13:37:35.0 (31011173)|HEAP_ALLOCATE|[79]|Bytes:28
13:37:35.0 (31022667)|HEAP_ALLOCATE|[79]|Bytes:28
13:37:35.0 (31033426)|VARIABLE_ASSIGNMENT|[79]|i1|2.5
13:37:35.0 (31037496)|STATEMENT_EXECUTE|[80]
13:37:35.0 (31063020)|VARIABLE_ASSIGNMENT|[EXTERNAL]|this|{"aptdum":"0x3da523de","Docdum":"0x104c8761","Docmap":"0x1f1a41de","Initialselected":0,"Selecteddoc":"a260H000001koYjQAI","SelectedtimeSlot":30,"timelist":"0x7b47a228","timewraplist":"0x3efc14bd","timewraplistInitial":"0x8668ac7"}|0x4d1b7613
13:37:35.0 (31076282)|HEAP_ALLOCATE|[EXTERNAL]|Bytes:4
13:37:35.0 (31087904)|STATEMENT_EXECUTE|[82]
13:37:35.0 (31089470)|STATEMENT_EXECUTE|[83]
13:37:35.0 (31110690)|VARIABLE_ASSIGNMENT|[EXTERNAL]|this|{"aptdum":"0x3da523de","Docdum":"0x104c8761","Docmap":"0x1f1a41de","Initialselected":0,"Selecteddoc":"a260H000001koYjQAI","SelectedtimeSlot":30,"timelist":"0x7b47a228","timewraplist":"0x3efc14bd","timewraplistInitial":"0x8668ac7"}|0x4d1b7613
13:37:35.0 (31122738)|HEAP_ALLOCATE|[83]|Bytes:12
13:37:35.0 (31133310)|CONSTRUCTOR_ENTRY|[83]|01p0H000007gCe8|<init>(Boolean,Time)
13:37:35.0 (31138337)|VARIABLE_SCOPE_BEGIN|[178]|this|docappcontroller.Wrapertimeslot|true|false
13:37:35.0 (31150566)|VARIABLE_ASSIGNMENT|[178]|this|{}|0x3c6c6f43
13:37:35.0 (31156573)|VARIABLE_SCOPE_BEGIN|[178]|selection|Boolean|false|false
13:37:35.0 (31163640)|VARIABLE_ASSIGNMENT|[178]|selection|false
13:37:35.0 (31167239)|VARIABLE_SCOPE_BEGIN|[178]|tm|Time|false|false
13:37:35.0 (31175042)|VARIABLE_ASSIGNMENT|[178]|tm|52200000
13:37:35.0 (31179215)|STATEMENT_EXECUTE|[174]
13:37:35.0 (31180681)|STATEMENT_EXECUTE|[175]
13:37:35.0 (31182287)|STATEMENT_EXECUTE|[176]
13:37:35.0 (31190991)|STATEMENT_EXECUTE|[178]
13:37:35.0 (31192546)|STATEMENT_EXECUTE|[179]
13:37:35.0 (31203036)|VARIABLE_ASSIGNMENT|[EXTERNAL]|this|{}|0x3c6c6f43
13:37:35.0 (31210907)|VARIABLE_ASSIGNMENT|[EXTERNAL]|value|false
13:37:35.0 (31215504)|HEAP_ALLOCATE|[175]|Bytes:5
13:37:35.0 (31221811)|VARIABLE_ASSIGNMENT|[175]|this.selected|false|0x3c6c6f43
13:37:35.0 (31228476)|STATEMENT_EXECUTE|[180]
13:37:35.0 (31238533)|VARIABLE_ASSIGNMENT|[EXTERNAL]|this|{"selected":false}|0x3c6c6f43
13:37:35.0 (31247443)|VARIABLE_ASSIGNMENT|[EXTERNAL]|value|52200000
13:37:35.0 (31254520)|VARIABLE_ASSIGNMENT|[176]|this.t|52200000|0x3c6c6f43
13:37:35.0 (31267394)|CONSTRUCTOR_EXIT|[83]|01p0H000007gCe8|<init>(Boolean,Time)
13:37:35.0 (31275249)|HEAP_ALLOCATE|[EXTERNAL]|Bytes:4
13:37:35.0 (31285368)|HEAP_ALLOCATE|[76]|Bytes:28
13:37:35.0 (31288686)|HEAP_ALLOCATE|[76]|Bytes:28
13:37:35.0 (31305097)|STATEMENT_EXECUTE|[76]
13:37:35.0 (31306758)|STATEMENT_EXECUTE|[77]
13:37:35.0 (31314617)|USER_DEBUG|[77]|DEBUG|14:30:00.000Z
13:37:35.0 (31320542)|STATEMENT_EXECUTE|[78]
13:37:35.0 (31328551)|HEAP_ALLOCATE|[78]|Bytes:4
13:37:35.0 (31340129)|VARIABLE_ASSIGNMENT|[78]|t|54000000
13:37:35.0 (31344835)|STATEMENT_EXECUTE|[79]
13:37:35.0 (31350162)|HEAP_ALLOCATE|[79]|Bytes:28
13:37:35.0 (31362998)|HEAP_ALLOCATE|[79]|Bytes:28
13:37:35.0 (31374811)|VARIABLE_ASSIGNMENT|[79]|i1|3.0
13:37:35.0 (31378927)|STATEMENT_EXECUTE|[80]
13:37:35.0 (31404184)|VARIABLE_ASSIGNMENT|[EXTERNAL]|this|{"aptdum":"0x3da523de","Docdum":"0x104c8761","Docmap":"0x1f1a41de","Initialselected":0,"Selecteddoc":"a260H000001koYjQAI","SelectedtimeSlot":30,"timelist":"0x7b47a228","timewraplist":"0x3efc14bd","timewraplistInitial":"0x8668ac7"}|0x4d1b7613
13:37:35.0 (31417562)|HEAP_ALLOCATE|[EXTERNAL]|Bytes:4
13:37:35.0 (31429236)|STATEMENT_EXECUTE|[84]
13:37:35.0 (31430840)|STATEMENT_EXECUTE|[85]
13:37:35.0 (31466705)|VARIABLE_ASSIGNMENT|[EXTERNAL]|this|{"aptdum":"0x3da523de","Docdum":"0x104c8761","Docmap":"0x1f1a41de","Initialselected":0,"Selecteddoc":"a260H000001koYjQAI","SelectedtimeSlot":30,"timelist":"0x7b47a228","timewraplist":"0x3efc14bd","timewraplistInitial":"0x8668ac7"}|0x4d1b7613
13:37:35.0 (31479929)|HEAP_ALLOCATE|[85]|Bytes:12
13:37:35.0 (31491346)|CONSTRUCTOR_ENTRY|[85]|01p0H000007gCe8|<init>(Boolean,Time)
13:37:35.0 (31496475)|VARIABLE_SCOPE_BEGIN|[178]|this|docappcontroller.Wrapertimeslot|true|false
13:37:35.0 (31510228)|VARIABLE_ASSIGNMENT|[178]|this|{}|0x3cf184e2
13:37:35.0 (31517433)|VARIABLE_SCOPE_BEGIN|[178]|selection|Boolean|false|false
13:37:35.0 (31524443)|VARIABLE_ASSIGNMENT|[178]|selection|true
13:37:35.0 (31530227)|VARIABLE_SCOPE_BEGIN|[178]|tm|Time|false|false
13:37:35.0 (31538309)|VARIABLE_ASSIGNMENT|[178]|tm|54000000
13:37:35.0 (31542668)|STATEMENT_EXECUTE|[174]
13:37:35.0 (31544199)|STATEMENT_EXECUTE|[175]
13:37:35.0 (31546056)|STATEMENT_EXECUTE|[176]
13:37:35.0 (31555076)|STATEMENT_EXECUTE|[178]
13:37:35.0 (31556760)|STATEMENT_EXECUTE|[179]
13:37:35.0 (31567504)|VARIABLE_ASSIGNMENT|[EXTERNAL]|this|{}|0x3cf184e2
13:37:35.0 (31575992)|VARIABLE_ASSIGNMENT|[EXTERNAL]|value|true
13:37:35.0 (31581340)|HEAP_ALLOCATE|[175]|Bytes:5
13:37:35.0 (31586738)|VARIABLE_ASSIGNMENT|[175]|this.selected|true|0x3cf184e2
13:37:35.0 (31593992)|STATEMENT_EXECUTE|[180]
13:37:35.0 (31604705)|VARIABLE_ASSIGNMENT|[EXTERNAL]|this|{"selected":true}|0x3cf184e2
13:37:35.0 (31613528)|VARIABLE_ASSIGNMENT|[EXTERNAL]|value|54000000
13:37:35.0 (31620208)|VARIABLE_ASSIGNMENT|[176]|this.t|54000000|0x3cf184e2
13:37:35.0 (31632743)|CONSTRUCTOR_EXIT|[85]|01p0H000007gCe8|<init>(Boolean,Time)
13:37:35.0 (31642823)|HEAP_ALLOCATE|[EXTERNAL]|Bytes:4
13:37:35.0 (31648247)|STATEMENT_EXECUTE|[86]
13:37:35.0 (31653975)|HEAP_ALLOCATE|[86]|Bytes:4
13:37:35.0 (31660820)|VARIABLE_ASSIGNMENT|[86]|this.Initialselected|1|0x4d1b7613
13:37:35.0 (31671439)|HEAP_ALLOCATE|[76]|Bytes:28
13:37:35.0 (31675083)|HEAP_ALLOCATE|[76]|Bytes:28
13:37:35.0 (31693005)|STATEMENT_EXECUTE|[76]
13:37:35.0 (31694842)|STATEMENT_EXECUTE|[77]
13:37:35.0 (31703741)|USER_DEBUG|[77]|DEBUG|15:00:00.000Z
13:37:35.0 (31710102)|STATEMENT_EXECUTE|[78]
13:37:35.0 (31718727)|HEAP_ALLOCATE|[78]|Bytes:4
13:37:35.0 (31730662)|VARIABLE_ASSIGNMENT|[78]|t|55800000
13:37:35.0 (31735256)|STATEMENT_EXECUTE|[79]
13:37:35.0 (31740091)|HEAP_ALLOCATE|[79]|Bytes:28
13:37:35.0 (31751623)|HEAP_ALLOCATE|[79]|Bytes:28
13:37:35.0 (31761654)|VARIABLE_ASSIGNMENT|[79]|i1|3.5
13:37:35.0 (31766135)|STATEMENT_EXECUTE|[80]
13:37:35.0 (31792150)|VARIABLE_ASSIGNMENT|[EXTERNAL]|this|{"aptdum":"0x3da523de","Docdum":"0x104c8761","Docmap":"0x1f1a41de","Initialselected":1,"Selecteddoc":"a260H000001koYjQAI","SelectedtimeSlot":30,"timelist":"0x7b47a228","timewraplist":"0x3efc14bd","timewraplistInitial":"0x8668ac7"}|0x4d1b7613
13:37:35.0 (31805347)|HEAP_ALLOCATE|[EXTERNAL]|Bytes:4
13:37:35.0 (31816562)|STATEMENT_EXECUTE|[84]
13:37:35.0 (31818120)|STATEMENT_EXECUTE|[85]
13:37:35.0 (31839905)|VARIABLE_ASSIGNMENT|[EXTERNAL]|this|{"aptdum":"0x3da523de","Docdum":"0x104c8761","Docmap":"0x1f1a41de","Initialselected":1,"Selecteddoc":"a260H000001koYjQAI","SelectedtimeSlot":30,"timelist":"0x7b47a228","timewraplist":"0x3efc14bd","timewraplistInitial":"0x8668ac7"}|0x4d1b7613
13:37:35.0 (31852115)|HEAP_ALLOCATE|[85]|Bytes:12
13:37:35.0 (31862311)|CONSTRUCTOR_ENTRY|[85]|01p0H000007gCe8|<init>(Boolean,Time)
13:37:35.0 (31867768)|VARIABLE_SCOPE_BEGIN|[178]|this|docappcontroller.Wrapertimeslot|true|false
13:37:35.0 (31879233)|VARIABLE_ASSIGNMENT|[178]|this|{}|0x3c654059
13:37:35.0 (31885391)|VARIABLE_SCOPE_BEGIN|[178]|selection|Boolean|false|false
13:37:35.0 (31892534)|VARIABLE_ASSIGNMENT|[178]|selection|true
13:37:35.0 (31896222)|VARIABLE_SCOPE_BEGIN|[178]|tm|Time|false|false
13:37:35.0 (31904230)|VARIABLE_ASSIGNMENT|[178]|tm|55800000
13:37:35.0 (31908503)|STATEMENT_EXECUTE|[174]
13:37:35.0 (31910031)|STATEMENT_EXECUTE|[175]
13:37:35.0 (31911646)|STATEMENT_EXECUTE|[176]
13:37:35.0 (31919931)|STATEMENT_EXECUTE|[178]
13:37:35.0 (31921488)|STATEMENT_EXECUTE|[179]
13:37:35.0 (31931959)|VARIABLE_ASSIGNMENT|[EXTERNAL]|this|{}|0x3c654059
13:37:35.0 (31940231)|VARIABLE_ASSIGNMENT|[EXTERNAL]|value|true
13:37:35.0 (31945118)|HEAP_ALLOCATE|[175]|Bytes:5
13:37:35.0 (31951102)|VARIABLE_ASSIGNMENT|[175]|this.selected|true|0x3c654059
13:37:35.0 (31958220)|STATEMENT_EXECUTE|[180]
13:37:35.0 (31968547)|VARIABLE_ASSIGNMENT|[EXTERNAL]|this|{"selected":true}|0x3c654059
13:37:35.0 (31976722)|VARIABLE_ASSIGNMENT|[EXTERNAL]|value|55800000
13:37:35.0 (31983382)|VARIABLE_ASSIGNMENT|[176]|this.t|55800000|0x3c654059
13:37:35.0 (31995705)|CONSTRUCTOR_EXIT|[85]|01p0H000007gCe8|<init>(Boolean,Time)
13:37:35.0 (32004486)|HEAP_ALLOCATE|[EXTERNAL]|Bytes:4
13:37:35.0 (32010056)|STATEMENT_EXECUTE|[86]
13:37:35.0 (32013823)|HEAP_ALLOCATE|[86]|Bytes:4
13:37:35.0 (32020118)|VARIABLE_ASSIGNMENT|[86]|this.Initialselected|2|0x4d1b7613
13:37:35.0 (32030065)|HEAP_ALLOCATE|[76]|Bytes:28
13:37:35.0 (32033407)|HEAP_ALLOCATE|[76]|Bytes:28
13:37:35.0 (32050471)|STATEMENT_EXECUTE|[76]
13:37:35.0 (32052191)|STATEMENT_EXECUTE|[77]
13:37:35.0 (32060161)|USER_DEBUG|[77]|DEBUG|15:30:00.000Z
13:37:35.0 (32066835)|STATEMENT_EXECUTE|[78]
13:37:35.0 (32075642)|HEAP_ALLOCATE|[78]|Bytes:4
13:37:35.0 (32087583)|VARIABLE_ASSIGNMENT|[78]|t|57600000
13:37:35.0 (32091793)|STATEMENT_EXECUTE|[79]
13:37:35.0 (32096356)|HEAP_ALLOCATE|[79]|Bytes:28
13:37:35.0 (32107936)|HEAP_ALLOCATE|[79]|Bytes:28
13:37:35.0 (32117855)|VARIABLE_ASSIGNMENT|[79]|i1|4.0
13:37:35.0 (32121649)|STATEMENT_EXECUTE|[80]
13:37:35.0 (32146861)|VARIABLE_ASSIGNMENT|[EXTERNAL]|this|{"aptdum":"0x3da523de","Docdum":"0x104c8761","Docmap":"0x1f1a41de","Initialselected":2,"Selecteddoc":"a260H000001koYjQAI","SelectedtimeSlot":30,"timelist":"0x7b47a228","timewraplist":"0x3efc14bd","timewraplistInitial":"0x8668ac7"}|0x4d1b7613
13:37:35.0 (32159928)|HEAP_ALLOCATE|[EXTERNAL]|Bytes:4
13:37:35.0 (32171468)|STATEMENT_EXECUTE|[84]
13:37:35.0 (32173089)|STATEMENT_EXECUTE|[85]
13:37:35.0 (32195348)|VARIABLE_ASSIGNMENT|[EXTERNAL]|this|{"aptdum":"0x3da523de","Docdum":"0x104c8761","Docmap":"0x1f1a41de","Initialselected":2,"Selecteddoc":"a260H000001koYjQAI","SelectedtimeSlot":30,"timelist":"0x7b47a228","timewraplist":"0x3efc14bd","timewraplistInitial":"0x8668ac7"}|0x4d1b7613
13:37:35.0 (32206895)|HEAP_ALLOCATE|[85]|Bytes:12
13:37:35.0 (32217424)|CONSTRUCTOR_ENTRY|[85]|01p0H000007gCe8|<init>(Boolean,Time)
13:37:35.0 (32222693)|VARIABLE_SCOPE_BEGIN|[178]|this|docappcontroller.Wrapertimeslot|true|false
13:37:35.0 (32234069)|VARIABLE_ASSIGNMENT|[178]|this|{}|0x7c59bf6c
13:37:35.0 (32239832)|VARIABLE_SCOPE_BEGIN|[178]|selection|Boolean|false|false
13:37:35.0 (32246898)|VARIABLE_ASSIGNMENT|[178]|selection|true
13:37:35.0 (32250497)|VARIABLE_SCOPE_BEGIN|[178]|tm|Time|false|false
13:37:35.0 (32257839)|VARIABLE_ASSIGNMENT|[178]|tm|57600000
13:37:35.0 (32261701)|STATEMENT_EXECUTE|[174]
13:37:35.0 (32263282)|STATEMENT_EXECUTE|[175]
13:37:35.0 (32264977)|STATEMENT_EXECUTE|[176]
13:37:35.0 (32272765)|STATEMENT_EXECUTE|[178]
13:37:35.0 (32274338)|STATEMENT_EXECUTE|[179]
13:37:35.0 (32284884)|VARIABLE_ASSIGNMENT|[EXTERNAL]|this|{}|0x7c59bf6c
13:37:35.0 (32295471)|VARIABLE_ASSIGNMENT|[EXTERNAL]|value|true
13:37:35.0 (32300428)|HEAP_ALLOCATE|[175]|Bytes:5
13:37:35.0 (32306478)|VARIABLE_ASSIGNMENT|[175]|this.selected|true|0x7c59bf6c
13:37:35.0 (32313930)|STATEMENT_EXECUTE|[180]
13:37:35.0 (32324572)|VARIABLE_ASSIGNMENT|[EXTERNAL]|this|{"selected":true}|0x7c59bf6c
13:37:35.0 (32333231)|VARIABLE_ASSIGNMENT|[EXTERNAL]|value|57600000
13:37:35.0 (32340227)|VARIABLE_ASSIGNMENT|[176]|this.t|57600000|0x7c59bf6c
13:37:35.0 (32352940)|CONSTRUCTOR_EXIT|[85]|01p0H000007gCe8|<init>(Boolean,Time)
13:37:35.0 (32361488)|HEAP_ALLOCATE|[EXTERNAL]|Bytes:4
13:37:35.0 (32366685)|STATEMENT_EXECUTE|[86]
13:37:35.0 (32370408)|HEAP_ALLOCATE|[86]|Bytes:4
13:37:35.0 (32376658)|VARIABLE_ASSIGNMENT|[86]|this.Initialselected|3|0x4d1b7613
13:37:35.0 (32386363)|HEAP_ALLOCATE|[76]|Bytes:28
13:37:35.0 (32389623)|HEAP_ALLOCATE|[76]|Bytes:28
13:37:35.0 (32406387)|STATEMENT_EXECUTE|[76]
13:37:35.0 (32408094)|STATEMENT_EXECUTE|[77]
13:37:35.0 (32415912)|USER_DEBUG|[77]|DEBUG|16:00:00.000Z
13:37:35.0 (32422134)|STATEMENT_EXECUTE|[78]
13:37:35.0 (32430777)|HEAP_ALLOCATE|[78]|Bytes:4
13:37:35.0 (32447295)|VARIABLE_ASSIGNMENT|[78]|t|59400000
13:37:35.0 (32451328)|STATEMENT_EXECUTE|[79]
13:37:35.0 (32455957)|HEAP_ALLOCATE|[79]|Bytes:28
13:37:35.0 (32467898)|HEAP_ALLOCATE|[79]|Bytes:28
13:37:35.0 (32477774)|VARIABLE_ASSIGNMENT|[79]|i1|4.5
13:37:35.0 (32481477)|STATEMENT_EXECUTE|[80]
13:37:35.0 (32508682)|VARIABLE_ASSIGNMENT|[EXTERNAL]|this|{"aptdum":"0x3da523de","Docdum":"0x104c8761","Docmap":"0x1f1a41de","Initialselected":3,"Selecteddoc":"a260H000001koYjQAI","SelectedtimeSlot":30,"timelist":"0x7b47a228","timewraplist":"0x3efc14bd","timewraplistInitial":"0x8668ac7"}|0x4d1b7613
13:37:35.0 (32523010)|HEAP_ALLOCATE|[EXTERNAL]|Bytes:4
13:37:35.0 (32534785)|STATEMENT_EXECUTE|[84]
13:37:35.0 (32536336)|STATEMENT_EXECUTE|[85]
13:37:35.0 (32558886)|VARIABLE_ASSIGNMENT|[EXTERNAL]|this|{"aptdum":"0x3da523de","Docdum":"0x104c8761","Docmap":"0x1f1a41de","Initialselected":3,"Selecteddoc":"a260H000001koYjQAI","SelectedtimeSlot":30,"timelist":"0x7b47a228","timewraplist":"0x3efc14bd","timewraplistInitial":"0x8668ac7"}|0x4d1b7613
13:37:35.0 (32570209)|HEAP_ALLOCATE|[85]|Bytes:12
13:37:35.0 (32580387)|CONSTRUCTOR_ENTRY|[85]|01p0H000007gCe8|<init>(Boolean,Time)
13:37:35.0 (32585299)|VARIABLE_SCOPE_BEGIN|[178]|this|docappcontroller.Wrapertimeslot|true|false
13:37:35.0 (32597210)|VARIABLE_ASSIGNMENT|[178]|this|{}|0x3abd4102
13:37:35.0 (32603642)|VARIABLE_SCOPE_BEGIN|[178]|selection|Boolean|false|false
13:37:35.0 (32611288)|VARIABLE_ASSIGNMENT|[178]|selection|true
13:37:35.0 (32614827)|VARIABLE_SCOPE_BEGIN|[178]|tm|Time|false|false
13:37:35.0 (32622415)|VARIABLE_ASSIGNMENT|[178]|tm|59400000
13:37:35.0 (32626544)|STATEMENT_EXECUTE|[174]
13:37:35.0 (32628140)|STATEMENT_EXECUTE|[175]
13:37:35.0 (32629709)|STATEMENT_EXECUTE|[176]
13:37:35.0 (32637909)|STATEMENT_EXECUTE|[178]
13:37:35.0 (32639741)|STATEMENT_EXECUTE|[179]
13:37:35.0 (32650054)|VARIABLE_ASSIGNMENT|[EXTERNAL]|this|{}|0x3abd4102
13:37:35.0 (32658142)|VARIABLE_ASSIGNMENT|[EXTERNAL]|value|true
13:37:35.0 (32662825)|HEAP_ALLOCATE|[175]|Bytes:5
13:37:35.0 (32668345)|VARIABLE_ASSIGNMENT|[175]|this.selected|true|0x3abd4102
13:37:35.0 (32675533)|STATEMENT_EXECUTE|[180]
13:37:35.0 (32685655)|VARIABLE_ASSIGNMENT|[EXTERNAL]|this|{"selected":true}|0x3abd4102
13:37:35.0 (32693915)|VARIABLE_ASSIGNMENT|[EXTERNAL]|value|59400000
13:37:35.0 (32701187)|VARIABLE_ASSIGNMENT|[176]|this.t|59400000|0x3abd4102
13:37:35.0 (32713308)|CONSTRUCTOR_EXIT|[85]|01p0H000007gCe8|<init>(Boolean,Time)
13:37:35.0 (32722063)|HEAP_ALLOCATE|[EXTERNAL]|Bytes:4
13:37:35.0 (32727244)|STATEMENT_EXECUTE|[86]
13:37:35.0 (32730603)|HEAP_ALLOCATE|[86]|Bytes:4
13:37:35.0 (32737095)|VARIABLE_ASSIGNMENT|[86]|this.Initialselected|4|0x4d1b7613
13:37:35.0 (32747179)|HEAP_ALLOCATE|[76]|Bytes:28
13:37:35.0 (32750798)|HEAP_ALLOCATE|[76]|Bytes:28
13:37:35.0 (32767351)|STATEMENT_EXECUTE|[76]
13:37:35.0 (32768999)|STATEMENT_EXECUTE|[77]
13:37:35.0 (32776822)|USER_DEBUG|[77]|DEBUG|16:30:00.000Z
13:37:35.0 (32783000)|STATEMENT_EXECUTE|[78]
13:37:35.0 (32791604)|HEAP_ALLOCATE|[78]|Bytes:4
13:37:35.0 (32803286)|VARIABLE_ASSIGNMENT|[78]|t|61200000
13:37:35.0 (32807202)|STATEMENT_EXECUTE|[79]
13:37:35.0 (32811664)|HEAP_ALLOCATE|[79]|Bytes:28
13:37:35.0 (32822730)|HEAP_ALLOCATE|[79]|Bytes:28
13:37:35.0 (32832435)|VARIABLE_ASSIGNMENT|[79]|i1|5.0
13:37:35.0 (32836484)|STATEMENT_EXECUTE|[80]
13:37:35.0 (32862566)|VARIABLE_ASSIGNMENT|[EXTERNAL]|this|{"aptdum":"0x3da523de","Docdum":"0x104c8761","Docmap":"0x1f1a41de","Initialselected":4,"Selecteddoc":"a260H000001koYjQAI","SelectedtimeSlot":30,"timelist":"0x7b47a228","timewraplist":"0x3efc14bd","timewraplistInitial":"0x8668ac7"}|0x4d1b7613
13:37:35.0 (32876809)|HEAP_ALLOCATE|[EXTERNAL]|Bytes:4
13:37:35.0 (32889033)|STATEMENT_EXECUTE|[82]
13:37:35.0 (32890686)|STATEMENT_EXECUTE|[83]
13:37:35.0 (32912559)|VARIABLE_ASSIGNMENT|[EXTERNAL]|this|{"aptdum":"0x3da523de","Docdum":"0x104c8761","Docmap":"0x1f1a41de","Initialselected":4,"Selecteddoc":"a260H000001koYjQAI","SelectedtimeSlot":30,"timelist":"0x7b47a228","timewraplist":"0x3efc14bd","timewraplistInitial":"0x8668ac7"}|0x4d1b7613
13:37:35.0 (32923635)|HEAP_ALLOCATE|[83]|Bytes:12
13:37:35.0 (32933858)|CONSTRUCTOR_ENTRY|[83]|01p0H000007gCe8|<init>(Boolean,Time)
13:37:35.0 (32939013)|VARIABLE_SCOPE_BEGIN|[178]|this|docappcontroller.Wrapertimeslot|true|false
13:37:35.0 (32950452)|VARIABLE_ASSIGNMENT|[178]|this|{}|0x4ea695e4
13:37:35.0 (32956841)|VARIABLE_SCOPE_BEGIN|[178]|selection|Boolean|false|false
13:37:35.0 (32964131)|VARIABLE_ASSIGNMENT|[178]|selection|false
13:37:35.0 (32967837)|VARIABLE_SCOPE_BEGIN|[178]|tm|Time|false|false
13:37:35.0 (32975384)|VARIABLE_ASSIGNMENT|[178]|tm|61200000
13:37:35.0 (32979621)|STATEMENT_EXECUTE|[174]
13:37:35.0 (32981168)|STATEMENT_EXECUTE|[175]
13:37:35.0 (32982695)|STATEMENT_EXECUTE|[176]
13:37:35.0 (32990584)|STATEMENT_EXECUTE|[178]
13:37:35.0 (32992106)|STATEMENT_EXECUTE|[179]
13:37:35.0 (33002319)|VARIABLE_ASSIGNMENT|[EXTERNAL]|this|{}|0x4ea695e4
13:37:35.0 (33010747)|VARIABLE_ASSIGNMENT|[EXTERNAL]|value|false
13:37:35.0 (33015788)|HEAP_ALLOCATE|[175]|Bytes:5
13:37:35.0 (33021362)|VARIABLE_ASSIGNMENT|[175]|this.selected|false|0x4ea695e4
13:37:35.0 (33028057)|STATEMENT_EXECUTE|[180]
13:37:35.0 (33038599)|VARIABLE_ASSIGNMENT|[EXTERNAL]|this|{"selected":false}|0x4ea695e4
13:37:35.0 (33050885)|VARIABLE_ASSIGNMENT|[EXTERNAL]|value|61200000
13:37:35.0 (33058830)|VARIABLE_ASSIGNMENT|[176]|this.t|61200000|0x4ea695e4
13:37:35.0 (33071723)|CONSTRUCTOR_EXIT|[83]|01p0H000007gCe8|<init>(Boolean,Time)
13:37:35.0 (33080214)|HEAP_ALLOCATE|[EXTERNAL]|Bytes:4
13:37:35.0 (33090463)|HEAP_ALLOCATE|[76]|Bytes:28
13:37:35.0 (33094605)|HEAP_ALLOCATE|[76]|Bytes:28
13:37:35.0 (33110962)|STATEMENT_EXECUTE|[76]
13:37:35.0 (33112659)|STATEMENT_EXECUTE|[77]
13:37:35.0 (33120849)|USER_DEBUG|[77]|DEBUG|17:00:00.000Z
13:37:35.0 (33127741)|STATEMENT_EXECUTE|[78]
13:37:35.0 (33135837)|HEAP_ALLOCATE|[78]|Bytes:4
13:37:35.0 (33147608)|VARIABLE_ASSIGNMENT|[78]|t|63000000
13:37:35.0 (33151793)|STATEMENT_EXECUTE|[79]
13:37:35.0 (33156276)|HEAP_ALLOCATE|[79]|Bytes:28
13:37:35.0 (33167491)|HEAP_ALLOCATE|[79]|Bytes:28
13:37:35.0 (33178043)|VARIABLE_ASSIGNMENT|[79]|i1|5.5
13:37:35.0 (33181979)|STATEMENT_EXECUTE|[80]
13:37:35.0 (33207224)|VARIABLE_ASSIGNMENT|[EXTERNAL]|this|{"aptdum":"0x3da523de","Docdum":"0x104c8761","Docmap":"0x1f1a41de","Initialselected":4,"Selecteddoc":"a260H000001koYjQAI","SelectedtimeSlot":30,"timelist":"0x7b47a228","timewraplist":"0x3efc14bd","timewraplistInitial":"0x8668ac7"}|0x4d1b7613
13:37:35.0 (33220362)|HEAP_ALLOCATE|[EXTERNAL]|Bytes:4
13:37:35.0 (33231988)|STATEMENT_EXECUTE|[82]
13:37:35.0 (33233902)|STATEMENT_EXECUTE|[83]
13:37:35.0 (33255585)|VARIABLE_ASSIGNMENT|[EXTERNAL]|this|{"aptdum":"0x3da523de","Docdum":"0x104c8761","Docmap":"0x1f1a41de","Initialselected":4,"Selecteddoc":"a260H000001koYjQAI","SelectedtimeSlot":30,"timelist":"0x7b47a228","timewraplist":"0x3efc14bd","timewraplistInitial":"0x8668ac7"}|0x4d1b7613
13:37:35.0 (33266927)|HEAP_ALLOCATE|[83]|Bytes:12
13:37:35.0 (33276957)|CONSTRUCTOR_ENTRY|[83]|01p0H000007gCe8|<init>(Boolean,Time)
13:37:35.0 (33282520)|VARIABLE_SCOPE_BEGIN|[178]|this|docappcontroller.Wrapertimeslot|true|false
13:37:35.0 (33294472)|VARIABLE_ASSIGNMENT|[178]|this|{}|0x7fa6bcd1
13:37:35.0 (33300317)|VARIABLE_SCOPE_BEGIN|[178]|selection|Boolean|false|false
13:37:35.0 (33307568)|VARIABLE_ASSIGNMENT|[178]|selection|false
13:37:35.0 (33310811)|VARIABLE_SCOPE_BEGIN|[178]|tm|Time|false|false
13:37:35.0 (33318159)|VARIABLE_ASSIGNMENT|[178]|tm|63000000
13:37:35.0 (33322375)|STATEMENT_EXECUTE|[174]
13:37:35.0 (33323908)|STATEMENT_EXECUTE|[175]
13:37:35.0 (33325468)|STATEMENT_EXECUTE|[176]
13:37:35.0 (33333354)|STATEMENT_EXECUTE|[178]
13:37:35.0 (33334907)|STATEMENT_EXECUTE|[179]
13:37:35.0 (33345618)|VARIABLE_ASSIGNMENT|[EXTERNAL]|this|{}|0x7fa6bcd1
13:37:35.0 (33353716)|VARIABLE_ASSIGNMENT|[EXTERNAL]|value|false
13:37:35.0 (33358493)|HEAP_ALLOCATE|[175]|Bytes:5
13:37:35.0 (33364038)|VARIABLE_ASSIGNMENT|[175]|this.selected|false|0x7fa6bcd1
13:37:35.0 (33371020)|STATEMENT_EXECUTE|[180]
13:37:35.0 (33381465)|VARIABLE_ASSIGNMENT|[EXTERNAL]|this|{"selected":false}|0x7fa6bcd1
13:37:35.0 (33389810)|VARIABLE_ASSIGNMENT|[EXTERNAL]|value|63000000
13:37:35.0 (33396346)|VARIABLE_ASSIGNMENT|[176]|this.t|63000000|0x7fa6bcd1
13:37:35.0 (33408596)|CONSTRUCTOR_EXIT|[83]|01p0H000007gCe8|<init>(Boolean,Time)
13:37:35.0 (33417247)|HEAP_ALLOCATE|[EXTERNAL]|Bytes:4
13:37:35.0 (33427102)|HEAP_ALLOCATE|[76]|Bytes:28
13:37:35.0 (33430769)|HEAP_ALLOCATE|[76]|Bytes:28
13:37:35.0 (33451511)|STATEMENT_EXECUTE|[76]
13:37:35.0 (33453259)|STATEMENT_EXECUTE|[77]
13:37:35.0 (33460939)|USER_DEBUG|[77]|DEBUG|17:30:00.000Z
13:37:35.0 (33467045)|STATEMENT_EXECUTE|[78]
13:37:35.0 (33474901)|HEAP_ALLOCATE|[78]|Bytes:4
13:37:35.0 (33486286)|VARIABLE_ASSIGNMENT|[78]|t|64800000
13:37:35.0 (33490544)|STATEMENT_EXECUTE|[79]
13:37:35.0 (33495022)|HEAP_ALLOCATE|[79]|Bytes:28
13:37:35.0 (33506522)|HEAP_ALLOCATE|[79]|Bytes:28
13:37:35.0 (33518521)|VARIABLE_ASSIGNMENT|[79]|i1|6.0
13:37:35.0 (33522694)|STATEMENT_EXECUTE|[80]
13:37:35.0 (33547818)|VARIABLE_ASSIGNMENT|[EXTERNAL]|this|{"aptdum":"0x3da523de","Docdum":"0x104c8761","Docmap":"0x1f1a41de","Initialselected":4,"Selecteddoc":"a260H000001koYjQAI","SelectedtimeSlot":30,"timelist":"0x7b47a228","timewraplist":"0x3efc14bd","timewraplistInitial":"0x8668ac7"}|0x4d1b7613
13:37:35.0 (33560995)|HEAP_ALLOCATE|[EXTERNAL]|Bytes:4
13:37:35.0 (33572649)|STATEMENT_EXECUTE|[82]
13:37:35.0 (33574311)|STATEMENT_EXECUTE|[83]
13:37:35.0 (33595915)|VARIABLE_ASSIGNMENT|[EXTERNAL]|this|{"aptdum":"0x3da523de","Docdum":"0x104c8761","Docmap":"0x1f1a41de","Initialselected":4,"Selecteddoc":"a260H000001koYjQAI","SelectedtimeSlot":30,"timelist":"0x7b47a228","timewraplist":"0x3efc14bd","timewraplistInitial":"0x8668ac7"}|0x4d1b7613
13:37:35.0 (33607135)|HEAP_ALLOCATE|[83]|Bytes:12
13:37:35.0 (33617520)|CONSTRUCTOR_ENTRY|[83]|01p0H000007gCe8|<init>(Boolean,Time)
13:37:35.0 (33623209)|VARIABLE_SCOPE_BEGIN|[178]|this|docappcontroller.Wrapertimeslot|true|false
13:37:35.0 (33634592)|VARIABLE_ASSIGNMENT|[178]|this|{}|0x24b68c20
13:37:35.0 (33640826)|VARIABLE_SCOPE_BEGIN|[178]|selection|Boolean|false|false
13:37:35.0 (33647420)|VARIABLE_ASSIGNMENT|[178]|selection|false
13:37:35.0 (33650818)|VARIABLE_SCOPE_BEGIN|[178]|tm|Time|false|false
13:37:35.0 (33658396)|VARIABLE_ASSIGNMENT|[178]|tm|64800000
13:37:35.0 (33662774)|STATEMENT_EXECUTE|[174]
13:37:35.0 (33664322)|STATEMENT_EXECUTE|[175]
13:37:35.0 (33665876)|STATEMENT_EXECUTE|[176]
13:37:35.0 (33673780)|STATEMENT_EXECUTE|[178]
13:37:35.0 (33675406)|STATEMENT_EXECUTE|[179]
13:37:35.0 (33685681)|VARIABLE_ASSIGNMENT|[EXTERNAL]|this|{}|0x24b68c20
13:37:35.0 (33694216)|VARIABLE_ASSIGNMENT|[EXTERNAL]|value|false
13:37:35.0 (33699233)|HEAP_ALLOCATE|[175]|Bytes:5
13:37:35.0 (33704987)|VARIABLE_ASSIGNMENT|[175]|this.selected|false|0x24b68c20
13:37:35.0 (33711905)|STATEMENT_EXECUTE|[180]
13:37:35.0 (33722063)|VARIABLE_ASSIGNMENT|[EXTERNAL]|this|{"selected":false}|0x24b68c20
13:37:35.0 (33730514)|VARIABLE_ASSIGNMENT|[EXTERNAL]|value|64800000
13:37:35.0 (33737290)|VARIABLE_ASSIGNMENT|[176]|this.t|64800000|0x24b68c20
13:37:35.0 (33749593)|CONSTRUCTOR_EXIT|[83]|01p0H000007gCe8|<init>(Boolean,Time)
13:37:35.0 (33757721)|HEAP_ALLOCATE|[EXTERNAL]|Bytes:4
13:37:35.0 (33767780)|HEAP_ALLOCATE|[76]|Bytes:28
13:37:35.0 (33771183)|HEAP_ALLOCATE|[76]|Bytes:28
13:37:35.0 (33787125)|STATEMENT_EXECUTE|[76]
13:37:35.0 (33788827)|STATEMENT_EXECUTE|[77]
13:37:35.0 (33796415)|USER_DEBUG|[77]|DEBUG|18:00:00.000Z
13:37:35.0 (33802500)|STATEMENT_EXECUTE|[78]
13:37:35.0 (33810339)|HEAP_ALLOCATE|[78]|Bytes:4
13:37:35.0 (33821499)|VARIABLE_ASSIGNMENT|[78]|t|66600000
13:37:35.0 (33827454)|STATEMENT_EXECUTE|[79]
13:37:35.0 (33832059)|HEAP_ALLOCATE|[79]|Bytes:28
13:37:35.0 (33843768)|HEAP_ALLOCATE|[79]|Bytes:28
13:37:35.0 (33853693)|VARIABLE_ASSIGNMENT|[79]|i1|6.5
13:37:35.0 (33857347)|STATEMENT_EXECUTE|[80]
13:37:35.0 (33882725)|VARIABLE_ASSIGNMENT|[EXTERNAL]|this|{"aptdum":"0x3da523de","Docdum":"0x104c8761","Docmap":"0x1f1a41de","Initialselected":4,"Selecteddoc":"a260H000001koYjQAI","SelectedtimeSlot":30,"timelist":"0x7b47a228","timewraplist":"0x3efc14bd","timewraplistInitial":"0x8668ac7"}|0x4d1b7613
13:37:35.0 (33897043)|HEAP_ALLOCATE|[EXTERNAL]|Bytes:4
13:37:35.0 (33908665)|STATEMENT_EXECUTE|[82]
13:37:35.0 (33910239)|STATEMENT_EXECUTE|[83]
13:37:35.0 (33931668)|VARIABLE_ASSIGNMENT|[EXTERNAL]|this|{"aptdum":"0x3da523de","Docdum":"0x104c8761","Docmap":"0x1f1a41de","Initialselected":4,"Selecteddoc":"a260H000001koYjQAI","SelectedtimeSlot":30,"timelist":"0x7b47a228","timewraplist":"0x3efc14bd","timewraplistInitial":"0x8668ac7"}|0x4d1b7613
13:37:35.0 (33942965)|HEAP_ALLOCATE|[83]|Bytes:12
13:37:35.0 (33953015)|CONSTRUCTOR_ENTRY|[83]|01p0H000007gCe8|<init>(Boolean,Time)
13:37:35.0 (33957824)|VARIABLE_SCOPE_BEGIN|[178]|this|docappcontroller.Wrapertimeslot|true|false
13:37:35.0 (33969289)|VARIABLE_ASSIGNMENT|[178]|this|{}|0x4416c172
13:37:35.0 (33975415)|VARIABLE_SCOPE_BEGIN|[178]|selection|Boolean|false|false
13:37:35.0 (33982161)|VARIABLE_ASSIGNMENT|[178]|selection|false
13:37:35.0 (33985579)|VARIABLE_SCOPE_BEGIN|[178]|tm|Time|false|false
13:37:35.0 (33993929)|VARIABLE_ASSIGNMENT|[178]|tm|66600000
13:37:35.0 (33998320)|STATEMENT_EXECUTE|[174]
13:37:35.0 (33999846)|STATEMENT_EXECUTE|[175]
13:37:35.0 (34001406)|STATEMENT_EXECUTE|[176]
13:37:35.0 (34009921)|STATEMENT_EXECUTE|[178]
13:37:35.0 (34011485)|STATEMENT_EXECUTE|[179]
13:37:35.0 (34021895)|VARIABLE_ASSIGNMENT|[EXTERNAL]|this|{}|0x4416c172
13:37:35.0 (34029909)|VARIABLE_ASSIGNMENT|[EXTERNAL]|value|false
13:37:35.0 (34034705)|HEAP_ALLOCATE|[175]|Bytes:5
13:37:35.0 (34040004)|VARIABLE_ASSIGNMENT|[175]|this.selected|false|0x4416c172
13:37:35.0 (34046841)|STATEMENT_EXECUTE|[180]
13:37:35.0 (34057053)|VARIABLE_ASSIGNMENT|[EXTERNAL]|this|{"selected":false}|0x4416c172
13:37:35.0 (34065605)|VARIABLE_ASSIGNMENT|[EXTERNAL]|value|66600000
13:37:35.0 (34072573)|VARIABLE_ASSIGNMENT|[176]|this.t|66600000|0x4416c172
13:37:35.0 (34084828)|CONSTRUCTOR_EXIT|[83]|01p0H000007gCe8|<init>(Boolean,Time)
13:37:35.0 (34093023)|HEAP_ALLOCATE|[EXTERNAL]|Bytes:4
13:37:35.0 (34102957)|HEAP_ALLOCATE|[76]|Bytes:28
13:37:35.0 (34106533)|HEAP_ALLOCATE|[76]|Bytes:28
13:37:35.0 (34122500)|STATEMENT_EXECUTE|[76]
13:37:35.0 (34124571)|STATEMENT_EXECUTE|[77]
13:37:35.0 (34132484)|USER_DEBUG|[77]|DEBUG|18:30:00.000Z
13:37:35.0 (34138875)|STATEMENT_EXECUTE|[78]
13:37:35.0 (34146959)|HEAP_ALLOCATE|[78]|Bytes:4
13:37:35.0 (34158618)|VARIABLE_ASSIGNMENT|[78]|t|68400000
13:37:35.0 (34162804)|STATEMENT_EXECUTE|[79]
13:37:35.0 (34167353)|HEAP_ALLOCATE|[79]|Bytes:28
13:37:35.0 (34178374)|HEAP_ALLOCATE|[79]|Bytes:28
13:37:35.0 (34188771)|VARIABLE_ASSIGNMENT|[79]|i1|7.0
13:37:35.0 (34192886)|STATEMENT_EXECUTE|[80]
13:37:35.0 (34218122)|VARIABLE_ASSIGNMENT|[EXTERNAL]|this|{"aptdum":"0x3da523de","Docdum":"0x104c8761","Docmap":"0x1f1a41de","Initialselected":4,"Selecteddoc":"a260H000001koYjQAI","SelectedtimeSlot":30,"timelist":"0x7b47a228","timewraplist":"0x3efc14bd","timewraplistInitial":"0x8668ac7"}|0x4d1b7613
13:37:35.0 (34231561)|HEAP_ALLOCATE|[EXTERNAL]|Bytes:4
13:37:35.0 (34242676)|STATEMENT_EXECUTE|[82]
13:37:35.0 (34244289)|STATEMENT_EXECUTE|[83]
13:37:35.0 (34265653)|VARIABLE_ASSIGNMENT|[EXTERNAL]|this|{"aptdum":"0x3da523de","Docdum":"0x104c8761","Docmap":"0x1f1a41de","Initialselected":4,"Selecteddoc":"a260H000001koYjQAI","SelectedtimeSlot":30,"timelist":"0x7b47a228","timewraplist":"0x3efc14bd","timewraplistInitial":"0x8668ac7"}|0x4d1b7613
13:37:35.0 (34277677)|HEAP_ALLOCATE|[83]|Bytes:12
13:37:35.0 (34287964)|CONSTRUCTOR_ENTRY|[83]|01p0H000007gCe8|<init>(Boolean,Time)
13:37:35.0 (34293173)|VARIABLE_SCOPE_BEGIN|[178]|this|docappcontroller.Wrapertimeslot|true|false
13:37:35.0 (34304735)|VARIABLE_ASSIGNMENT|[178]|this|{}|0x61871c16
13:37:35.0 (34310631)|VARIABLE_SCOPE_BEGIN|[178]|selection|Boolean|false|false
13:37:35.0 (34317340)|VARIABLE_ASSIGNMENT|[178]|selection|false
13:37:35.0 (34320953)|VARIABLE_SCOPE_BEGIN|[178]|tm|Time|false|false
13:37:35.0 (34328510)|VARIABLE_ASSIGNMENT|[178]|tm|68400000
13:37:35.0 (34332534)|STATEMENT_EXECUTE|[174]
13:37:35.0 (34334038)|STATEMENT_EXECUTE|[175]
13:37:35.0 (34335564)|STATEMENT_EXECUTE|[176]
13:37:35.0 (34343544)|STATEMENT_EXECUTE|[178]
13:37:35.0 (34345095)|STATEMENT_EXECUTE|[179]
13:37:35.0 (34355240)|VARIABLE_ASSIGNMENT|[EXTERNAL]|this|{}|0x61871c16
13:37:35.0 (34363712)|VARIABLE_ASSIGNMENT|[EXTERNAL]|value|false
13:37:35.0 (34369011)|HEAP_ALLOCATE|[175]|Bytes:5
13:37:35.0 (34374377)|VARIABLE_ASSIGNMENT|[175]|this.selected|false|0x61871c16
13:37:35.0 (34380886)|STATEMENT_EXECUTE|[180]
13:37:35.0 (34390985)|VARIABLE_ASSIGNMENT|[EXTERNAL]|this|{"selected":false}|0x61871c16
13:37:35.0 (34399043)|VARIABLE_ASSIGNMENT|[EXTERNAL]|value|68400000
13:37:35.0 (34405828)|VARIABLE_ASSIGNMENT|[176]|this.t|68400000|0x61871c16
13:37:35.0 (34417671)|CONSTRUCTOR_EXIT|[83]|01p0H000007gCe8|<init>(Boolean,Time)
13:37:35.0 (34426354)|HEAP_ALLOCATE|[EXTERNAL]|Bytes:4
13:37:35.0 (34439843)|HEAP_ALLOCATE|[76]|Bytes:28
13:37:35.0 (34443540)|HEAP_ALLOCATE|[76]|Bytes:28
13:37:35.0 (34464213)|HEAP_ALLOCATE|[92]|Bytes:28
13:37:35.0 (34468250)|HEAP_ALLOCATE|[92]|Bytes:28
13:37:35.0 (34473706)|HEAP_ALLOCATE|[92]|Bytes:28
13:37:35.0 (34497122)|HEAP_ALLOCATE|[92]|Bytes:28
13:37:35.0 (34520928)|STATEMENT_EXECUTE|[92]
13:37:35.0 (34524086)|STATEMENT_EXECUTE|[98]
13:37:35.0 (34557995)|VARIABLE_ASSIGNMENT|[EXTERNAL]|this|{"aptdum":"0x3da523de","Docdum":"0x104c8761","Docmap":"0x1f1a41de","Initialselected":4,"Selecteddoc":"a260H000001koYjQAI","SelectedtimeSlot":30,"timelist":"0x7b47a228","timewraplist":"0x3efc14bd","timewraplistInitial":"0x8668ac7"}|0x4d1b7613
13:37:35.0 (34578913)|VARIABLE_ASSIGNMENT|[98]|this.timewraplistInitial|"List of size 15 too large to display"|0x4d1b7613
13:37:35.0 (34585085)|STATEMENT_EXECUTE|[100]
13:37:35.37 (37928608)|SYSTEM_MODE_ENTER|true
13:37:35.37 (37986960)|HEAP_ALLOCATE|[EXTERNAL]|Bytes:8
13:37:35.37 (37994735)|VARIABLE_SCOPE_BEGIN|[88]|this|ApexPage.PageMessagesComponentController|true|false
13:37:35.37 (38021367)|VARIABLE_ASSIGNMENT|[88]|this|{}|0x4cbfebab
13:37:35.37 (38027932)|VARIABLE_SCOPE_BEGIN|[88]|escape|Boolean|false|false
13:37:35.37 (38035340)|VARIABLE_ASSIGNMENT|[88]|escape|null
13:37:35.38 (38118149)|SYSTEM_MODE_ENTER|true
13:37:35.38 (38148499)|HEAP_ALLOCATE|[EXTERNAL]|Bytes:8
13:37:35.38 (38154133)|VARIABLE_SCOPE_BEGIN|[2]|this|ApexPage.PageMessagesComponentController|true|false
13:37:35.38 (38172580)|VARIABLE_ASSIGNMENT|[2]|this|{}|0x4cbfebab
13:37:35.0 (38489504)|SYSTEM_MODE_ENTER|true
13:37:35.0 (38854917)|SYSTEM_MODE_ENTER|true
13:37:35.0 (39137421)|SYSTEM_MODE_ENTER|true
13:37:35.0 (39206419)|SYSTEM_MODE_ENTER|true
13:37:35.60 (60526233)|SYSTEM_MODE_ENTER|true
13:37:35.60 (60593740)|HEAP_ALLOCATE|[EXTERNAL]|Bytes:8
13:37:35.60 (60604406)|VARIABLE_SCOPE_BEGIN|[88]|this|ApexPage.PageMessagesComponentController|true|false
13:37:35.60 (60636026)|VARIABLE_ASSIGNMENT|[88]|this|{}|0x4cbfebab
13:37:35.60 (60642493)|VARIABLE_SCOPE_BEGIN|[88]|escape|Boolean|false|false
13:37:35.60 (60650339)|VARIABLE_ASSIGNMENT|[88]|escape|null
13:37:35.60 (60772237)|SYSTEM_MODE_ENTER|true
13:37:35.60 (60803662)|HEAP_ALLOCATE|[EXTERNAL]|Bytes:8
13:37:35.60 (60810246)|VARIABLE_SCOPE_BEGIN|[2]|this|ApexPage.PageMessagesComponentController|true|false
13:37:35.60 (60828931)|VARIABLE_ASSIGNMENT|[2]|this|{}|0x4cbfebab
13:37:35.0 (62248267)|SYSTEM_MODE_ENTER|true
13:37:35.0 (62309701)|HEAP_ALLOCATE|[EXTERNAL]|Bytes:44
13:37:35.0 (62317830)|VARIABLE_SCOPE_BEGIN|[133]|this|docappcontroller|true|false
13:37:35.0 (62363683)|VARIABLE_ASSIGNMENT|[133]|this|{"aptdum":"0x3da523de","Docdum":"0x104c8761","Docmap":"0x1f1a41de","Initialselected":4,"Selecteddoc":"a260H000001koYjQAI","SelectedtimeSlot":30,"timelist":"0x7b47a228","timewraplist":"0x3efc14bd","timewraplistInitial":"0x3efc14bd"}|0x4d1b7613
13:37:35.0 (62376942)|STATEMENT_EXECUTE|[133]
13:37:35.0 (62379421)|STATEMENT_EXECUTE|[135]
13:37:35.0 (62393921)|HEAP_ALLOCATE|[135]|Bytes:4
13:37:35.0 (62410392)|VARIABLE_SCOPE_BEGIN|[135]|options|List<System.SelectOption>|true|false
13:37:35.0 (62438492)|HEAP_ALLOCATE|[EXTERNAL]|Bytes:4
13:37:35.0 (62449289)|VARIABLE_ASSIGNMENT|[135]|options|[]|0x666b4eeb
13:37:35.0 (62454840)|STATEMENT_EXECUTE|[136]
13:37:35.0 (62478500)|HEAP_ALLOCATE|[EXTERNAL]|Bytes:4
13:37:35.0 (62516857)|VARIABLE_ASSIGNMENT|[EXTERNAL]|this|{"aptdum":"0x3da523de","Docdum":"0x104c8761","Docmap":"0x1f1a41de","Initialselected":4,"Selecteddoc":"a260H000001koYjQAI","SelectedtimeSlot":30,"timelist":"0x7b47a228","timewraplist":"0x3efc14bd","timewraplistInitial":"0x3efc14bd"}|0x4d1b7613
13:37:35.0 (62530331)|STATEMENT_EXECUTE|[137]
13:37:35.0 (62554582)|VARIABLE_ASSIGNMENT|[EXTERNAL]|this|{"aptdum":"0x3da523de","Docdum":"0x104c8761","Docmap":"0x1f1a41de","Initialselected":4,"Selecteddoc":"a260H000001koYjQAI","SelectedtimeSlot":30,"timelist":"0x7b47a228","timewraplist":"0x3efc14bd","timewraplistInitial":"0x3efc14bd"}|0x4d1b7613
13:37:35.0 (62575317)|HEAP_ALLOCATE|[EXTERNAL]|Bytes:12
13:37:35.0 (62595349)|HEAP_ALLOCATE|[138]|Bytes:237
13:37:35.0 (62616453)|HEAP_ALLOCATE|[138]|Bytes:5
13:37:35.0 (62631250)|HEAP_ALLOCATE|[138]|Bytes:24
13:37:35.0 (62640040)|VARIABLE_SCOPE_BEGIN|[138]|doc|Doctor__c|true|false
13:37:35.0 (62662702)|VARIABLE_ASSIGNMENT|[138]|doc|{"Id":"a260H000001koYjQAI","Name":"doc 2","End_Time__c":68400000,"Speciality__c":"General Surgery","Start_Time__c":43200000}|0x72ac37d4
13:37:35.0 (62670547)|STATEMENT_EXECUTE|[138]
13:37:35.0 (62672211)|STATEMENT_EXECUTE|[139]
13:37:35.0 (62691042)|HEAP_ALLOCATE|[139]|Bytes:18
13:37:35.0 (62705138)|HEAP_ALLOCATE|[EXTERNAL]|Bytes:4
13:37:35.0 (62716327)|HEAP_ALLOCATE|[138]|Bytes:5
13:37:35.0 (62724726)|HEAP_ALLOCATE|[138]|Bytes:24
13:37:35.0 (62729601)|VARIABLE_SCOPE_BEGIN|[138]|doc|Doctor__c|true|false
13:37:35.0 (62742282)|VARIABLE_ASSIGNMENT|[138]|doc|{"Id":"a260H000001koYeQAI","Name":"Doc1","End_Time__c":64800000,"Speciality__c":"General Surgery","Start_Time__c":32400000}|0x4a81a44e
13:37:35.0 (62747995)|STATEMENT_EXECUTE|[138]
13:37:35.0 (62749508)|STATEMENT_EXECUTE|[139]
13:37:35.0 (62755230)|HEAP_ALLOCATE|[139]|Bytes:18
13:37:35.0 (62765251)|HEAP_ALLOCATE|[EXTERNAL]|Bytes:4
13:37:35.0 (62774477)|HEAP_ALLOCATE|[138]|Bytes:5
13:37:35.0 (62783502)|VARIABLE_ASSIGNMENT|[138]|doc|null|
13:37:35.0 (62788516)|STATEMENT_EXECUTE|[145]
13:37:35.0 (62959075)|SYSTEM_MODE_ENTER|true
13:37:35.0 (66168537)|SYSTEM_MODE_ENTER|true
13:37:35.0 (66208716)|HEAP_ALLOCATE|[EXTERNAL]|Bytes:44
13:37:35.0 (66216534)|VARIABLE_SCOPE_BEGIN|[150]|this|docappcontroller|true|false
13:37:35.0 (66254730)|VARIABLE_ASSIGNMENT|[150]|this|{"aptdum":"0x3da523de","Docdum":"0x104c8761","Docmap":"0x1f1a41de","Initialselected":4,"Selecteddoc":"a260H000001koYjQAI","SelectedtimeSlot":30,"timelist":"0x7b47a228","timewraplist":"0x3efc14bd","timewraplistInitial":"0x3efc14bd"}|0x4d1b7613
13:37:35.0 (66266071)|STATEMENT_EXECUTE|[150]
13:37:35.0 (66268274)|STATEMENT_EXECUTE|[152]
13:37:35.0 (66277781)|HEAP_ALLOCATE|[152]|Bytes:4
13:37:35.0 (66292749)|VARIABLE_SCOPE_BEGIN|[152]|options|List<System.SelectOption>|true|false
13:37:35.0 (66313190)|HEAP_ALLOCATE|[EXTERNAL]|Bytes:4
13:37:35.0 (66321659)|VARIABLE_ASSIGNMENT|[152]|options|[]|0x24eee9ae
13:37:35.0 (66326958)|STATEMENT_EXECUTE|[153]
13:37:35.0 (66340794)|HEAP_ALLOCATE|[EXTERNAL]|Bytes:4
13:37:35.0 (66347592)|STATEMENT_EXECUTE|[156]
13:37:35.0 (66354446)|HEAP_ALLOCATE|[EXTERNAL]|Bytes:4
13:37:35.0 (66359365)|STATEMENT_EXECUTE|[157]
13:37:35.0 (66365066)|HEAP_ALLOCATE|[EXTERNAL]|Bytes:4
13:37:35.0 (66369645)|STATEMENT_EXECUTE|[162]
13:37:35.0 (66492230)|SYSTEM_MODE_ENTER|true
13:37:35.0 (68577761)|VF_SERIALIZE_VIEWSTATE_BEGIN|0660H000004OdRk
13:37:35.0 (85018814)|VF_SERIALIZE_VIEWSTATE_END
13:37:35.0 (104013975)|CODE_UNIT_STARTED|[EXTERNAL]|Generate Metadata
13:37:35.0 (106546553)|CODE_UNIT_FINISHED|Generate Metadata
13:37:35.109 (109207322)|CUMULATIVE_LIMIT_USAGE
13:37:35.109 (109207322)|LIMIT_USAGE_FOR_NS|(default)|
  Number of SOQL queries: 1 out of 100
  Number of query rows: 1 out of 50000
  Number of SOSL queries: 0 out of 20
  Number of DML statements: 0 out of 150
  Number of DML rows: 0 out of 10000
  Maximum CPU time: 0 out of 10000
  Maximum heap size: 0 out of 6000000
  Number of callouts: 0 out of 100
  Number of Email Invocations: 0 out of 10
  Number of future calls: 0 out of 50
  Number of queueable jobs added to the queue: 0 out of 50
  Number of Mobile Apex push calls: 0 out of 10

13:37:35.109 (109207322)|CUMULATIVE_LIMIT_USAGE_END

13:37:35.0 (109254607)|CODE_UNIT_FINISHED|VF: /apex/docapp
13:37:35.0 (110034594)|EXECUTION_FINISHED
