42.0 APEX_CODE,FINEST;APEX_PROFILING,INFO;CALLOUT,INFO;DB,INFO;SYSTEM,DEBUG;VALIDATION,INFO;VISUALFORCE,INFO;WAVE,INFO;WORKFLOW,INFO
15:03:21.0 (262155)|USER_INFO|[EXTERNAL]|005i0000002qYvT|anton@igate.com|India Standard Time|GMT+05:30
15:03:21.0 (414972)|EXECUTION_STARTED
15:03:21.0 (419961)|CODE_UNIT_STARTED|[EXTERNAL]|0660H000004OdRk|VF: /apex/docapp
15:03:21.0 (8177981)|SYSTEM_MODE_ENTER|true
15:03:21.0 (8673171)|HEAP_ALLOCATE|[72]|Bytes:3
15:03:21.0 (8722428)|HEAP_ALLOCATE|[77]|Bytes:152
15:03:21.0 (8734866)|HEAP_ALLOCATE|[342]|Bytes:408
15:03:21.0 (8746417)|HEAP_ALLOCATE|[355]|Bytes:408
15:03:21.0 (8757313)|HEAP_ALLOCATE|[467]|Bytes:48
15:03:21.0 (8785140)|HEAP_ALLOCATE|[139]|Bytes:6
15:03:21.0 (8799404)|HEAP_ALLOCATE|[EXTERNAL]|Bytes:14
15:03:21.0 (8822319)|HEAP_ALLOCATE|[EXTERNAL]|Bytes:248
15:03:21.0 (8826933)|HEAP_ALLOCATE|[EXTERNAL]|Bytes:53
15:03:21.0 (8830560)|HEAP_ALLOCATE|[EXTERNAL]|Bytes:17
15:03:21.0 (8852491)|METHOD_ENTRY|[1]|01p0H000007gCe8|docappcontroller.docappcontroller()
15:03:21.0 (8860091)|STATEMENT_EXECUTE|[1]
15:03:21.0 (8865437)|STATEMENT_EXECUTE|[1]
15:03:21.0 (8867100)|STATEMENT_EXECUTE|[199]
15:03:21.0 (8879395)|METHOD_EXIT|[1]|docappcontroller
15:03:21.0 (9358367)|HEAP_ALLOCATE|[EXTERNAL]|Bytes:48
15:03:21.0 (9371160)|VARIABLE_SCOPE_BEGIN|[139]|this|docappcontroller|true|false
15:03:21.0 (9442998)|VARIABLE_ASSIGNMENT|[139]|this|{}|0x233d6125
15:03:21.0 (9453414)|STATEMENT_EXECUTE|[1]
15:03:21.0 (9455295)|STATEMENT_EXECUTE|[3]
15:03:21.0 (9457117)|STATEMENT_EXECUTE|[4]
15:03:21.0 (9459044)|STATEMENT_EXECUTE|[5]
15:03:21.0 (9509659)|HEAP_ALLOCATE|[5]|Bytes:4
15:03:21.0 (9677912)|HEAP_ALLOCATE|[EXTERNAL]|Bytes:4
15:03:21.0 (9692289)|VARIABLE_ASSIGNMENT|[5]|this.timewraplistInitial|[]|0x233d6125
15:03:21.0 (9698575)|STATEMENT_EXECUTE|[6]
15:03:21.0 (9703298)|HEAP_ALLOCATE|[6]|Bytes:4
15:03:21.0 (9713198)|VARIABLE_ASSIGNMENT|[6]|this.Initialselected|0|0x233d6125
15:03:21.0 (9719078)|STATEMENT_EXECUTE|[7]
15:03:21.0 (9720578)|STATEMENT_EXECUTE|[132]
15:03:21.0 (9722202)|STATEMENT_EXECUTE|[133]
15:03:21.0 (9723565)|STATEMENT_EXECUTE|[134]
15:03:21.0 (9724930)|STATEMENT_EXECUTE|[135]
15:03:21.0 (9726294)|STATEMENT_EXECUTE|[136]
15:03:21.0 (9727700)|STATEMENT_EXECUTE|[137]
15:03:21.0 (9735295)|HEAP_ALLOCATE|[6]|Bytes:6
15:03:21.0 (9791532)|STATEMENT_EXECUTE|[139]
15:03:21.0 (9793589)|STATEMENT_EXECUTE|[140]
15:03:21.0 (9819126)|HEAP_ALLOCATE|[140]|Bytes:4
15:03:21.0 (9984895)|VARIABLE_ASSIGNMENT|[EXTERNAL]|this|{"Initialselected":0,"timewraplistInitial":"0x18ce5f17"}|0x233d6125
15:03:21.0 (10000838)|VARIABLE_ASSIGNMENT|[EXTERNAL]|value|{}|0x5e7697de
15:03:21.0 (10012247)|VARIABLE_ASSIGNMENT|[132]|this.Docdum|{}|0x233d6125
15:03:21.0 (10042516)|STATEMENT_EXECUTE|[141]
15:03:21.0 (10059669)|HEAP_ALLOCATE|[141]|Bytes:4
15:03:21.0 (10149012)|VARIABLE_ASSIGNMENT|[EXTERNAL]|this|{"Docdum":"0x5e7697de","Initialselected":0,"timewraplistInitial":"0x18ce5f17"}|0x233d6125
15:03:21.0 (10161394)|VARIABLE_ASSIGNMENT|[EXTERNAL]|value|{}|0x39da5414
15:03:21.0 (10170771)|VARIABLE_ASSIGNMENT|[133]|this.aptdum|{}|0x233d6125
15:03:21.11 (11293603)|SYSTEM_MODE_ENTER|true
15:03:21.11 (11321980)|HEAP_ALLOCATE|[EXTERNAL]|Bytes:38
15:03:21.11 (11329057)|HEAP_ALLOCATE|[EXTERNAL]|Bytes:7
15:03:21.11 (11336593)|SYSTEM_METHOD_ENTRY|[1]|PageMessagesComponentController.PageMessagesComponentController()
15:03:21.11 (11341427)|STATEMENT_EXECUTE|[1]
15:03:21.11 (11460217)|SYSTEM_MODE_ENTER|true
15:03:21.11 (11516487)|HEAP_ALLOCATE|[EXTERNAL]|Bytes:8
15:03:21.11 (11524094)|VARIABLE_SCOPE_BEGIN|[88]|this|ApexPage.PageMessagesComponentController|true|false
15:03:21.11 (11548393)|VARIABLE_ASSIGNMENT|[88]|this|{}|0x35b9ff7e
15:03:21.11 (11555252)|VARIABLE_SCOPE_BEGIN|[88]|escape|Boolean|false|false
15:03:21.11 (11563626)|VARIABLE_ASSIGNMENT|[88]|escape|null
15:03:21.11 (11716397)|SYSTEM_MODE_ENTER|true
15:03:21.11 (11749131)|HEAP_ALLOCATE|[EXTERNAL]|Bytes:8
15:03:21.11 (11755482)|VARIABLE_SCOPE_BEGIN|[2]|this|ApexPage.PageMessagesComponentController|true|false
15:03:21.11 (11773424)|VARIABLE_ASSIGNMENT|[2]|this|{}|0x35b9ff7e
15:03:21.0 (12539452)|SYSTEM_MODE_ENTER|true
15:03:21.0 (15623599)|SYSTEM_MODE_ENTER|true
15:03:21.0 (17647766)|SYSTEM_MODE_ENTER|true
15:03:21.41 (41290681)|SYSTEM_MODE_ENTER|true
15:03:21.41 (41356211)|HEAP_ALLOCATE|[EXTERNAL]|Bytes:8
15:03:21.41 (41366957)|VARIABLE_SCOPE_BEGIN|[88]|this|ApexPage.PageMessagesComponentController|true|false
15:03:21.41 (41395225)|VARIABLE_ASSIGNMENT|[88]|this|{}|0x35b9ff7e
15:03:21.41 (41402946)|VARIABLE_SCOPE_BEGIN|[88]|escape|Boolean|false|false
15:03:21.41 (41411376)|VARIABLE_ASSIGNMENT|[88]|escape|null
15:03:21.41 (41527761)|SYSTEM_MODE_ENTER|true
15:03:21.41 (41560768)|HEAP_ALLOCATE|[EXTERNAL]|Bytes:8
15:03:21.41 (41568083)|VARIABLE_SCOPE_BEGIN|[2]|this|ApexPage.PageMessagesComponentController|true|false
15:03:21.41 (41585607)|VARIABLE_ASSIGNMENT|[2]|this|{}|0x35b9ff7e
15:03:21.0 (43018084)|SYSTEM_MODE_ENTER|true
15:03:21.0 (43064166)|HEAP_ALLOCATE|[EXTERNAL]|Bytes:48
15:03:21.0 (43073851)|VARIABLE_SCOPE_BEGIN|[158]|this|docappcontroller|true|false
15:03:21.0 (43112623)|VARIABLE_ASSIGNMENT|[158]|this|{"aptdum":"0x39da5414","Docdum":"0x5e7697de","Initialselected":0,"timewraplistInitial":"0x18ce5f17"}|0x233d6125
15:03:21.0 (43123613)|STATEMENT_EXECUTE|[158]
15:03:21.0 (43125784)|STATEMENT_EXECUTE|[160]
15:03:21.0 (43141055)|HEAP_ALLOCATE|[160]|Bytes:4
15:03:21.0 (43172282)|VARIABLE_SCOPE_BEGIN|[160]|options|List<System.SelectOption>|true|false
15:03:21.0 (43194231)|HEAP_ALLOCATE|[EXTERNAL]|Bytes:4
15:03:21.0 (43203856)|VARIABLE_ASSIGNMENT|[160]|options|[]|0xda9daea
15:03:21.0 (43210061)|STATEMENT_EXECUTE|[161]
15:03:21.0 (43218634)|HEAP_ALLOCATE|[161]|Bytes:8
15:03:21.0 (43271351)|HEAP_ALLOCATE|[EXTERNAL]|Bytes:4
15:03:21.0 (43321869)|VARIABLE_ASSIGNMENT|[EXTERNAL]|this|{"aptdum":"0x39da5414","Docdum":"0x5e7697de","Initialselected":0,"timewraplistInitial":"0x18ce5f17"}|0x233d6125
15:03:21.0 (43336385)|STATEMENT_EXECUTE|[166]
15:03:21.0 (43338383)|STATEMENT_EXECUTE|[167]
15:03:21.0 (43341139)|HEAP_ALLOCATE|[167]|Bytes:23
15:03:21.0 (43364443)|METHOD_ENTRY|[167]|01p0H000007gCe8|docappcontroller.ShowError(String)
15:03:21.0 (43381787)|VARIABLE_SCOPE_BEGIN|[193]|this|docappcontroller|true|false
15:03:21.0 (43406758)|VARIABLE_ASSIGNMENT|[193]|this|{"aptdum":"0x39da5414","Docdum":"0x5e7697de","Initialselected":0,"timewraplistInitial":"0x18ce5f17"}|0x233d6125
15:03:21.0 (43413495)|VARIABLE_SCOPE_BEGIN|[193]|ErrorMsg|String|false|false
15:03:21.0 (43424669)|VARIABLE_ASSIGNMENT|[193]|ErrorMsg|"No Continents Data y (3 more) ..."
15:03:21.0 (43430717)|STATEMENT_EXECUTE|[193]
15:03:21.0 (43432620)|STATEMENT_EXECUTE|[195]
15:03:21.0 (43465244)|VARIABLE_SCOPE_BEGIN|[195]|m|ApexPages.Message|true|false
15:03:21.0 (43668811)|VARIABLE_ASSIGNMENT|[195]|m|"core.apexpages.framework.ApexPagesMessage@f1483bec"|0x680e1444
15:03:21.0 (43682183)|STATEMENT_EXECUTE|[196]
15:03:21.0 (43719068)|VF_PAGE_MESSAGE|No Continents Data yet.
15:03:21.0 (43730436)|METHOD_EXIT|[167]|01p0H000007gCe8|docappcontroller.ShowError(String)
15:03:21.0 (43736354)|STATEMENT_EXECUTE|[170]
15:03:21.0 (43904451)|SYSTEM_MODE_ENTER|true
15:03:21.0 (44770490)|SYSTEM_MODE_ENTER|true
15:03:21.0 (44813892)|HEAP_ALLOCATE|[EXTERNAL]|Bytes:48
15:03:21.0 (44825354)|VARIABLE_SCOPE_BEGIN|[175]|this|docappcontroller|true|false
15:03:21.0 (44859992)|VARIABLE_ASSIGNMENT|[175]|this|{"aptdum":"0x39da5414","Docdum":"0x5e7697de","Initialselected":0,"timewraplistInitial":"0x18ce5f17"}|0x233d6125
15:03:21.0 (44870631)|STATEMENT_EXECUTE|[175]
15:03:21.0 (44872671)|STATEMENT_EXECUTE|[177]
15:03:21.0 (44882980)|HEAP_ALLOCATE|[177]|Bytes:4
15:03:21.0 (44904431)|VARIABLE_SCOPE_BEGIN|[177]|options|List<System.SelectOption>|true|false
15:03:21.0 (44925130)|HEAP_ALLOCATE|[EXTERNAL]|Bytes:4
15:03:21.0 (44933876)|VARIABLE_ASSIGNMENT|[177]|options|[]|0x2f274908
15:03:21.0 (44939972)|STATEMENT_EXECUTE|[178]
15:03:21.0 (44978545)|HEAP_ALLOCATE|[EXTERNAL]|Bytes:4
15:03:21.0 (44987590)|STATEMENT_EXECUTE|[181]
15:03:21.0 (44992238)|HEAP_ALLOCATE|[181]|Bytes:2
15:03:21.0 (45014449)|HEAP_ALLOCATE|[EXTERNAL]|Bytes:4
15:03:21.0 (45021643)|STATEMENT_EXECUTE|[182]
15:03:21.0 (45025138)|HEAP_ALLOCATE|[182]|Bytes:2
15:03:21.0 (45044865)|HEAP_ALLOCATE|[EXTERNAL]|Bytes:4
15:03:21.0 (45051397)|STATEMENT_EXECUTE|[187]
15:03:21.0 (45174848)|SYSTEM_MODE_ENTER|true
15:03:21.0 (47556725)|VF_SERIALIZE_VIEWSTATE_BEGIN|0660H000004OdRk
15:03:21.0 (74474715)|VF_SERIALIZE_VIEWSTATE_END
15:03:21.0 (78293774)|CODE_UNIT_STARTED|[EXTERNAL]|Generate Metadata
15:03:21.0 (78864233)|CODE_UNIT_FINISHED|Generate Metadata
15:03:21.80 (80786353)|CUMULATIVE_LIMIT_USAGE
15:03:21.80 (80786353)|LIMIT_USAGE_FOR_NS|(default)|
  Number of SOQL queries: 0 out of 100
  Number of query rows: 0 out of 50000
  Number of SOSL queries: 0 out of 20
  Number of DML statements: 0 out of 150
  Number of DML rows: 0 out of 10000
  Maximum CPU time: 0 out of 10000
  Maximum heap size: 0 out of 6000000
  Number of callouts: 0 out of 100
  Number of Email Invocations: 0 out of 10
  Number of future calls: 0 out of 50
  Number of queueable jobs added to the queue: 0 out of 50
  Number of Mobile Apex push calls: 0 out of 10

15:03:21.80 (80786353)|CUMULATIVE_LIMIT_USAGE_END

15:03:21.0 (80826603)|CODE_UNIT_FINISHED|VF: /apex/docapp
15:03:21.0 (81615129)|EXECUTION_FINISHED
