42.0 APEX_CODE,FINEST;APEX_PROFILING,INFO;CALLOUT,INFO;DB,INFO;SYSTEM,DEBUG;VALIDATION,INFO;VISUALFORCE,INFO;WAVE,INFO;WORKFLOW,INFO
12:44:25.0 (282812)|USER_INFO|[EXTERNAL]|005i0000002qYvT|anton@igate.com|India Standard Time|GMT+05:30
12:44:25.0 (311276)|EXECUTION_STARTED
12:44:25.0 (316041)|CODE_UNIT_STARTED|[EXTERNAL]|0660H000004OdRk|VF: /apex/docapp
12:44:25.0 (1681424)|VF_DESERIALIZE_VIEWSTATE_BEGIN|0660H000004OdRk
12:44:25.0 (6866923)|HEAP_ALLOCATE|[72]|Bytes:3
12:44:25.0 (6927286)|HEAP_ALLOCATE|[77]|Bytes:152
12:44:25.0 (6941779)|HEAP_ALLOCATE|[342]|Bytes:408
12:44:25.0 (6952831)|HEAP_ALLOCATE|[355]|Bytes:408
12:44:25.0 (6962579)|HEAP_ALLOCATE|[467]|Bytes:48
12:44:25.0 (7022548)|HEAP_ALLOCATE|[139]|Bytes:6
12:44:25.0 (10022541)|VF_DESERIALIZE_VIEWSTATE_END
12:44:25.10 (10613139)|SYSTEM_MODE_ENTER|true
12:44:25.10 (10786991)|HEAP_ALLOCATE|[EXTERNAL]|Bytes:38
12:44:25.10 (10812891)|HEAP_ALLOCATE|[EXTERNAL]|Bytes:7
12:44:25.10 (10833625)|SYSTEM_METHOD_ENTRY|[1]|PageMessagesComponentController.PageMessagesComponentController()
12:44:25.10 (10839745)|STATEMENT_EXECUTE|[1]
12:44:25.11 (11741541)|SYSTEM_MODE_ENTER|true
12:44:25.11 (11793343)|HEAP_ALLOCATE|[EXTERNAL]|Bytes:8
12:44:25.11 (11801376)|VARIABLE_SCOPE_BEGIN|[88]|this|ApexPage.PageMessagesComponentController|true|false
12:44:25.11 (11856968)|VARIABLE_ASSIGNMENT|[88]|this|{}|0x3f8118d5
12:44:25.11 (11864797)|VARIABLE_SCOPE_BEGIN|[88]|escape|Boolean|false|false
12:44:25.11 (11874118)|VARIABLE_ASSIGNMENT|[88]|escape|null
12:44:25.0 (12041636)|SYSTEM_MODE_ENTER|true
12:44:25.0 (12065170)|HEAP_ALLOCATE|[EXTERNAL]|Bytes:14
12:44:25.0 (12072755)|HEAP_ALLOCATE|[EXTERNAL]|Bytes:228
12:44:25.0 (12076684)|HEAP_ALLOCATE|[EXTERNAL]|Bytes:34
12:44:25.0 (12079898)|HEAP_ALLOCATE|[EXTERNAL]|Bytes:7
12:44:25.0 (12087536)|METHOD_ENTRY|[1]|01p0H000007gCe8|docappcontroller.docappcontroller()
12:44:25.0 (12093507)|STATEMENT_EXECUTE|[1]
12:44:25.0 (12097227)|STATEMENT_EXECUTE|[1]
12:44:25.0 (12098743)|STATEMENT_EXECUTE|[125]
12:44:25.0 (12102799)|METHOD_EXIT|[1]|docappcontroller
12:44:25.0 (16676581)|SYSTEM_MODE_ENTER|true
12:44:25.0 (19027469)|SYSTEM_MODE_ENTER|true
12:44:25.0 (19452011)|SYSTEM_MODE_ENTER|true
12:44:25.0 (19679991)|HEAP_ALLOCATE|[EXTERNAL]|Bytes:36
12:44:25.0 (19690314)|VARIABLE_SCOPE_BEGIN|[103]|this|docappcontroller|true|false
12:44:25.0 (19745352)|VARIABLE_ASSIGNMENT|[103]|this|{"aptdum":"0x4454114f","Docdum":"0x664a16ff","Docmap":"0x5b5b5049","timewraplistInitial":"0x11fc18cf"}|0x60efa06a
12:44:25.0 (19757156)|STATEMENT_EXECUTE|[103]
12:44:25.0 (19759090)|STATEMENT_EXECUTE|[105]
12:44:25.0 (19773779)|HEAP_ALLOCATE|[105]|Bytes:4
12:44:25.0 (19802097)|VARIABLE_SCOPE_BEGIN|[105]|options|List<System.SelectOption>|true|false
12:44:25.0 (19824228)|HEAP_ALLOCATE|[EXTERNAL]|Bytes:4
12:44:25.0 (19834801)|VARIABLE_ASSIGNMENT|[105]|options|[]|0x7546add6
12:44:25.0 (19840993)|STATEMENT_EXECUTE|[106]
12:44:25.0 (19848463)|HEAP_ALLOCATE|[106]|Bytes:8
12:44:25.0 (19911622)|HEAP_ALLOCATE|[EXTERNAL]|Bytes:4
12:44:25.0 (19962811)|VARIABLE_ASSIGNMENT|[EXTERNAL]|this|{"aptdum":"0x4454114f","Docdum":"0x664a16ff","Docmap":"0x5b5b5049","timewraplistInitial":"0x11fc18cf"}|0x60efa06a
12:44:25.0 (19977816)|STATEMENT_EXECUTE|[107]
12:44:25.0 (20006167)|VARIABLE_ASSIGNMENT|[EXTERNAL]|this|{"aptdum":"0x4454114f","Docdum":"0x664a16ff","Docmap":"0x5b5b5049","timewraplistInitial":"0x11fc18cf"}|0x60efa06a
12:44:25.0 (20037029)|HEAP_ALLOCATE|[EXTERNAL]|Bytes:12
12:44:25.0 (20056032)|HEAP_ALLOCATE|[108]|Bytes:237
12:44:25.0 (20184335)|HEAP_ALLOCATE|[108]|Bytes:5
12:44:25.0 (20239575)|HEAP_ALLOCATE|[108]|Bytes:24
12:44:25.0 (20250087)|VARIABLE_SCOPE_BEGIN|[108]|doc|Doctor__c|true|false
12:44:25.0 (20342894)|VARIABLE_ASSIGNMENT|[108]|doc|{"Id":"a260H000001koYjQAI","Name":"doc 2","End_Time__c":68400000,"Speciality__c":"General Surgery","Start_Time__c":25200000}|0x5dd640db
12:44:25.0 (20351834)|STATEMENT_EXECUTE|[108]
12:44:25.0 (20353584)|STATEMENT_EXECUTE|[109]
12:44:25.0 (20395973)|HEAP_ALLOCATE|[109]|Bytes:18
12:44:25.0 (20446269)|HEAP_ALLOCATE|[EXTERNAL]|Bytes:4
12:44:25.0 (20461847)|HEAP_ALLOCATE|[108]|Bytes:5
12:44:25.0 (20481104)|HEAP_ALLOCATE|[108]|Bytes:24
12:44:25.0 (20488353)|VARIABLE_SCOPE_BEGIN|[108]|doc|Doctor__c|true|false
12:44:25.0 (20505965)|VARIABLE_ASSIGNMENT|[108]|doc|{"Id":"a260H000001koYeQAI","Name":"Doc1","End_Time__c":64800000,"Speciality__c":"General Surgery","Start_Time__c":32400000}|0x3420c5af
12:44:25.0 (20513731)|STATEMENT_EXECUTE|[108]
12:44:25.0 (20515358)|STATEMENT_EXECUTE|[109]
12:44:25.0 (20524117)|HEAP_ALLOCATE|[109]|Bytes:18
12:44:25.0 (20537133)|HEAP_ALLOCATE|[EXTERNAL]|Bytes:4
12:44:25.0 (20548865)|HEAP_ALLOCATE|[108]|Bytes:5
12:44:25.0 (20559105)|VARIABLE_ASSIGNMENT|[108]|doc|null|
12:44:25.0 (20564506)|STATEMENT_EXECUTE|[115]
12:44:25.0 (20643163)|SYSTEM_MODE_ENTER|true
12:44:25.21 (21077722)|SYSTEM_MODE_ENTER|true
12:44:25.21 (21126463)|HEAP_ALLOCATE|[EXTERNAL]|Bytes:8
12:44:25.21 (21133584)|VARIABLE_SCOPE_BEGIN|[88]|this|ApexPage.PageMessagesComponentController|true|false
12:44:25.21 (21158633)|VARIABLE_ASSIGNMENT|[88]|this|{}|0x3f8118d5
12:44:25.21 (21165262)|VARIABLE_SCOPE_BEGIN|[88]|escape|Boolean|false|false
12:44:25.21 (21172665)|VARIABLE_ASSIGNMENT|[88]|escape|null
12:44:25.0 (21370167)|SYSTEM_MODE_ENTER|true
12:44:25.0 (21398452)|HEAP_ALLOCATE|[EXTERNAL]|Bytes:18
12:44:25.0 (21404059)|HEAP_ALLOCATE|[EXTERNAL]|Bytes:36
12:44:25.0 (21426294)|VARIABLE_ASSIGNMENT|[EXTERNAL]|this.Selecteddoc|"a260H000001koYjQAI"|0x60efa06a
12:44:25.0 (21470247)|SYSTEM_MODE_ENTER|true
12:44:25.0 (21620491)|SYSTEM_MODE_ENTER|true
12:44:25.0 (21747434)|HEAP_ALLOCATE|[EXTERNAL]|Bytes:36
12:44:25.0 (21756995)|VARIABLE_SCOPE_BEGIN|[7]|this|docappcontroller|true|false
12:44:25.0 (21792368)|VARIABLE_ASSIGNMENT|[7]|this|{"aptdum":"0x4454114f","Docdum":"0x664a16ff","Docmap":"0x5b5b5049","Selecteddoc":"a260H000001koYjQAI","timewraplistInitial":"0x11fc18cf"}|0x60efa06a
12:44:25.0 (21803201)|STATEMENT_EXECUTE|[7]
12:44:25.0 (21805144)|STATEMENT_EXECUTE|[8]
12:44:25.0 (21828113)|VARIABLE_SCOPE_BEGIN|[8]|timeset|Set<Time>|true|false
12:44:25.0 (21838924)|VARIABLE_ASSIGNMENT|[8]|timeset|null|
12:44:25.0 (21843696)|STATEMENT_EXECUTE|[9]
12:44:25.0 (21885262)|VARIABLE_ASSIGNMENT|[EXTERNAL]|this|{"aptdum":"0x4454114f","Docdum":"0x664a16ff","Docmap":"0x5b5b5049","Selecteddoc":"a260H000001koYjQAI","timewraplistInitial":"0x11fc18cf"}|0x60efa06a
12:44:25.0 (21915237)|USER_DEBUG|[9]|DEBUG|a260H000001koYjQAI
12:44:25.0 (21951048)|VARIABLE_ASSIGNMENT|[EXTERNAL]|this|{"aptdum":"0x4454114f","Docdum":"0x664a16ff","Docmap":"0x5b5b5049","Selecteddoc":"a260H000001koYjQAI","timewraplistInitial":"0x11fc18cf"}|0x60efa06a
12:44:25.0 (21981068)|VARIABLE_ASSIGNMENT|[EXTERNAL]|this|{"aptdum":"0x4454114f","Docdum":"0x664a16ff","Docmap":"0x5b5b5049","Selecteddoc":"a260H000001koYjQAI","timewraplistInitial":"0x11fc18cf"}|0x60efa06a
12:44:25.0 (22009018)|STATEMENT_EXECUTE|[12]
12:44:25.0 (22011741)|STATEMENT_EXECUTE|[13]
12:44:25.0 (22038456)|VARIABLE_ASSIGNMENT|[EXTERNAL]|this|{"aptdum":"0x4454114f","Docdum":"0x664a16ff","Docmap":"0x5b5b5049","Selecteddoc":"a260H000001koYjQAI","timewraplistInitial":"0x11fc18cf"}|0x60efa06a
12:44:25.0 (22065246)|VARIABLE_ASSIGNMENT|[EXTERNAL]|this|{"aptdum":"0x4454114f","Docdum":"0x664a16ff","Docmap":"0x5b5b5049","Selecteddoc":"a260H000001koYjQAI","timewraplistInitial":"0x11fc18cf"}|0x60efa06a
12:44:25.0 (22089364)|VARIABLE_SCOPE_BEGIN|[13]|d|Doctor__c|true|false
12:44:25.0 (22107274)|VARIABLE_ASSIGNMENT|[13]|d|{"Id":"a260H000001koYjQAI","Name":"doc 2","End_Time__c":68400000,"Speciality__c":"General Surgery","Start_Time__c":25200000}|0x5dd640db
12:44:25.0 (22113846)|STATEMENT_EXECUTE|[14]
12:44:25.0 (22146187)|HEAP_ALLOCATE|[14]|Bytes:4
12:44:25.0 (22184392)|HEAP_ALLOCATE|[14]|Bytes:150
12:44:25.0 (22204686)|HEAP_ALLOCATE|[14]|Bytes:4
12:44:25.0 (22214274)|HEAP_ALLOCATE|[14]|Bytes:7
12:44:25.0 (22245333)|VARIABLE_ASSIGNMENT|[EXTERNAL]|this|{"aptdum":"0x4454114f","Docdum":"0x664a16ff","Docmap":"0x5b5b5049","Selecteddoc":"a260H000001koYjQAI","timewraplistInitial":"0x11fc18cf"}|0x60efa06a
12:44:25.0 (22263902)|HEAP_ALLOCATE|[14]|Bytes:7
12:44:25.0 (22290867)|VARIABLE_ASSIGNMENT|[EXTERNAL]|this|{"aptdum":"0x4454114f","Docdum":"0x664a16ff","Docmap":"0x5b5b5049","Selecteddoc":"a260H000001koYjQAI","timewraplistInitial":"0x11fc18cf"}|0x60efa06a
12:44:25.0 (22610008)|SOQL_EXECUTE_BEGIN|[14]|Aggregations:0|SELECT Id, Name, Doctor__c, Patient__c, End_Time__c, Start_Time__c FROM Appointment__c WHERE (Doctor__c = :tmpVar1 AND Appointment_Date__c = :tmpVar2)
12:44:25.0 (33479684)|SOQL_EXECUTE_END|[14]|Rows:1
12:44:25.0 (33501390)|HEAP_ALLOCATE|[14]|Bytes:8
12:44:25.0 (33518850)|HEAP_ALLOCATE|[14]|Bytes:147
12:44:25.0 (33548610)|HEAP_ALLOCATE|[14]|Bytes:8
12:44:25.0 (33574043)|HEAP_ALLOCATE|[14]|Bytes:28
12:44:25.0 (33579122)|HEAP_ALLOCATE|[14]|Bytes:28
12:44:25.0 (33582270)|HEAP_ALLOCATE|[14]|Bytes:4
12:44:25.0 (33591613)|VARIABLE_SCOPE_BEGIN|[14]|aptlist|List<Appointment__c>|true|false
12:44:25.0 (33601495)|HEAP_ALLOCATE|[EXTERNAL]|Bytes:8
12:44:25.0 (33623336)|VARIABLE_ASSIGNMENT|[14]|aptlist|[{"Id":"a250H00000HaxnFQAR","Name":"A-00000","Doctor__c":"a260H000001koYjQAI","Patient__c":"a270H000006vXivQAE","End_Time__c":61200000,"Start_Time__c":54000000}]|0x3db28b9c
12:44:25.0 (33632166)|STATEMENT_EXECUTE|[15]
12:44:25.0 (33654404)|HEAP_ALLOCATE|[15]|Bytes:4
12:44:25.0 (33712985)|VARIABLE_ASSIGNMENT|[15]|timeset|[]|0x6fbbf0e1
12:44:25.0 (33790982)|HEAP_ALLOCATE|[16]|Bytes:5
12:44:25.0 (33804889)|HEAP_ALLOCATE|[16]|Bytes:28
12:44:25.0 (33813040)|VARIABLE_SCOPE_BEGIN|[16]|apt|Appointment__c|true|false
12:44:25.0 (33831589)|VARIABLE_ASSIGNMENT|[16]|apt|{"Id":"a250H00000HaxnFQAR","Name":"A-00000","Doctor__c":"a260H000001koYjQAI","Patient__c":"a270H000006vXivQAE","End_Time__c":61200000,"Start_Time__c":54000000}|0xbb8eeb4
12:44:25.0 (33839613)|STATEMENT_EXECUTE|[16]
12:44:25.0 (33841320)|STATEMENT_EXECUTE|[18]
12:44:25.0 (33870189)|VARIABLE_SCOPE_BEGIN|[18]|t|Time|false|false
12:44:25.0 (33883274)|VARIABLE_ASSIGNMENT|[18]|t|54000000
12:44:25.0 (33888383)|STATEMENT_EXECUTE|[19]
12:44:25.0 (33938459)|VARIABLE_SCOPE_BEGIN|[19]|i|Integer|false|false
12:44:25.0 (33946903)|HEAP_ALLOCATE|[19]|Bytes:4
12:44:25.0 (33954675)|VARIABLE_ASSIGNMENT|[19]|i|2
12:44:25.0 (33959415)|STATEMENT_EXECUTE|[20]
12:44:25.0 (33984230)|HEAP_ALLOCATE|[20]|Bytes:28
12:44:25.0 (33989087)|HEAP_ALLOCATE|[20]|Bytes:28
12:44:25.0 (33993989)|VARIABLE_SCOPE_BEGIN|[20]|i1|Decimal|false|false
12:44:25.0 (34003967)|VARIABLE_ASSIGNMENT|[20]|i1|0
12:44:25.0 (34008894)|STATEMENT_EXECUTE|[21]
12:44:25.0 (34031094)|HEAP_ALLOCATE|[EXTERNAL]|Bytes:4
12:44:25.0 (34054347)|STATEMENT_EXECUTE|[22]
12:44:25.0 (34056107)|STATEMENT_EXECUTE|[23]
12:44:25.0 (34077731)|USER_DEBUG|[23]|DEBUG|15:00:00.000Z
12:44:25.0 (34086637)|STATEMENT_EXECUTE|[24]
12:44:25.0 (34111488)|HEAP_ALLOCATE|[24]|Bytes:4
12:44:25.0 (34126642)|VARIABLE_ASSIGNMENT|[24]|t|55800000
12:44:25.0 (34132313)|STATEMENT_EXECUTE|[25]
12:44:25.0 (34135736)|HEAP_ALLOCATE|[25]|Bytes:3
12:44:25.0 (34147469)|HEAP_ALLOCATE|[25]|Bytes:28
12:44:25.0 (34184907)|HEAP_ALLOCATE|[25]|Bytes:28
12:44:25.0 (34208457)|VARIABLE_ASSIGNMENT|[25]|i1|0.5
12:44:25.0 (34215896)|STATEMENT_EXECUTE|[26]
12:44:25.0 (34235545)|HEAP_ALLOCATE|[EXTERNAL]|Bytes:4
12:44:25.0 (34250810)|HEAP_ALLOCATE|[27]|Bytes:28
12:44:25.0 (34255240)|HEAP_ALLOCATE|[27]|Bytes:28
12:44:25.0 (34284472)|STATEMENT_EXECUTE|[22]
12:44:25.0 (34286347)|STATEMENT_EXECUTE|[23]
12:44:25.0 (34295704)|USER_DEBUG|[23]|DEBUG|15:30:00.000Z
12:44:25.0 (34302334)|STATEMENT_EXECUTE|[24]
12:44:25.0 (34311295)|HEAP_ALLOCATE|[24]|Bytes:4
12:44:25.0 (34324943)|VARIABLE_ASSIGNMENT|[24]|t|57600000
12:44:25.0 (34329946)|STATEMENT_EXECUTE|[25]
12:44:25.0 (34335493)|HEAP_ALLOCATE|[25]|Bytes:28
12:44:25.0 (34348246)|HEAP_ALLOCATE|[25]|Bytes:28
12:44:25.0 (34359166)|VARIABLE_ASSIGNMENT|[25]|i1|1.0
12:44:25.0 (34363918)|STATEMENT_EXECUTE|[26]
12:44:25.0 (34369284)|HEAP_ALLOCATE|[EXTERNAL]|Bytes:4
12:44:25.0 (34378935)|HEAP_ALLOCATE|[27]|Bytes:28
12:44:25.0 (34382905)|HEAP_ALLOCATE|[27]|Bytes:28
12:44:25.0 (34401176)|STATEMENT_EXECUTE|[22]
12:44:25.0 (34402790)|STATEMENT_EXECUTE|[23]
12:44:25.0 (34409458)|USER_DEBUG|[23]|DEBUG|16:00:00.000Z
12:44:25.0 (34416058)|STATEMENT_EXECUTE|[24]
12:44:25.0 (34423689)|HEAP_ALLOCATE|[24]|Bytes:4
12:44:25.0 (34435957)|VARIABLE_ASSIGNMENT|[24]|t|59400000
12:44:25.0 (34440362)|STATEMENT_EXECUTE|[25]
12:44:25.0 (34444959)|HEAP_ALLOCATE|[25]|Bytes:28
12:44:25.0 (34456779)|HEAP_ALLOCATE|[25]|Bytes:28
12:44:25.0 (34467537)|VARIABLE_ASSIGNMENT|[25]|i1|1.5
12:44:25.0 (34471648)|STATEMENT_EXECUTE|[26]
12:44:25.0 (34476514)|HEAP_ALLOCATE|[EXTERNAL]|Bytes:4
12:44:25.0 (34485744)|HEAP_ALLOCATE|[27]|Bytes:28
12:44:25.0 (34489145)|HEAP_ALLOCATE|[27]|Bytes:28
12:44:25.0 (34504285)|STATEMENT_EXECUTE|[22]
12:44:25.0 (34505982)|STATEMENT_EXECUTE|[23]
12:44:25.0 (34512085)|USER_DEBUG|[23]|DEBUG|16:30:00.000Z
12:44:25.0 (34518440)|STATEMENT_EXECUTE|[24]
12:44:25.0 (34525786)|HEAP_ALLOCATE|[24]|Bytes:4
12:44:25.0 (34537361)|VARIABLE_ASSIGNMENT|[24]|t|61200000
12:44:25.0 (34541881)|STATEMENT_EXECUTE|[25]
12:44:25.0 (34546686)|HEAP_ALLOCATE|[25]|Bytes:28
12:44:25.0 (34559018)|HEAP_ALLOCATE|[25]|Bytes:28
12:44:25.0 (34569461)|VARIABLE_ASSIGNMENT|[25]|i1|2.0
12:44:25.0 (34573455)|STATEMENT_EXECUTE|[26]
12:44:25.0 (34578345)|HEAP_ALLOCATE|[EXTERNAL]|Bytes:4
12:44:25.0 (34587471)|HEAP_ALLOCATE|[27]|Bytes:28
12:44:25.0 (34591141)|HEAP_ALLOCATE|[27]|Bytes:28
12:44:25.0 (34613303)|HEAP_ALLOCATE|[16]|Bytes:5
12:44:25.0 (34625220)|VARIABLE_ASSIGNMENT|[16]|apt|null|
12:44:25.0 (34631380)|STATEMENT_EXECUTE|[37]
12:44:25.0 (34685689)|HEAP_ALLOCATE|[37]|Bytes:4
12:44:25.0 (34766848)|VARIABLE_ASSIGNMENT|[EXTERNAL]|this|{"aptdum":"0x4454114f","Docdum":"0x664a16ff","Docmap":"0x5b5b5049","Selecteddoc":"a260H000001koYjQAI","timewraplistInitial":"0x11fc18cf"}|0x60efa06a
12:44:25.0 (34785129)|HEAP_ALLOCATE|[EXTERNAL]|Bytes:4
12:44:25.0 (34792689)|VARIABLE_ASSIGNMENT|[EXTERNAL]|value|[]|0x2aa81686
12:44:25.0 (34803951)|VARIABLE_ASSIGNMENT|[4]|this.timewraplist|[]|0x60efa06a
12:44:25.0 (34813944)|STATEMENT_EXECUTE|[38]
12:44:25.0 (34821749)|HEAP_ALLOCATE|[38]|Bytes:4
12:44:25.0 (34884473)|VARIABLE_ASSIGNMENT|[EXTERNAL]|this|{"aptdum":"0x4454114f","Docdum":"0x664a16ff","Docmap":"0x5b5b5049","Selecteddoc":"a260H000001koYjQAI","timewraplist":"0x2aa81686","timewraplistInitial":"0x11fc18cf"}|0x60efa06a
12:44:25.0 (34902458)|HEAP_ALLOCATE|[EXTERNAL]|Bytes:4
12:44:25.0 (34908649)|VARIABLE_ASSIGNMENT|[EXTERNAL]|value|[]|0x6aa0e3fb
12:44:25.0 (34918900)|VARIABLE_ASSIGNMENT|[3]|this.timelist|[]|0x60efa06a
12:44:25.0 (34928307)|STATEMENT_EXECUTE|[39]
12:44:25.0 (34953614)|VARIABLE_SCOPE_BEGIN|[39]|t|Time|false|false
12:44:25.0 (34967549)|VARIABLE_ASSIGNMENT|[39]|t|25200000
12:44:25.0 (34971939)|STATEMENT_EXECUTE|[40]
12:44:25.0 (35009164)|VARIABLE_SCOPE_BEGIN|[40]|i|Integer|false|false
12:44:25.0 (35017463)|HEAP_ALLOCATE|[40]|Bytes:4
12:44:25.0 (35024829)|VARIABLE_ASSIGNMENT|[40]|i|12
12:44:25.0 (35029465)|STATEMENT_EXECUTE|[41]
12:44:25.0 (35037720)|HEAP_ALLOCATE|[41]|Bytes:28
12:44:25.0 (35042003)|HEAP_ALLOCATE|[41]|Bytes:28
12:44:25.0 (35046099)|VARIABLE_SCOPE_BEGIN|[41]|i1|Decimal|false|false
12:44:25.0 (35055341)|VARIABLE_ASSIGNMENT|[41]|i1|0
12:44:25.0 (35084185)|STATEMENT_EXECUTE|[42]
12:44:25.0 (35086244)|STATEMENT_EXECUTE|[43]
12:44:25.0 (35126749)|VARIABLE_ASSIGNMENT|[EXTERNAL]|this|{"aptdum":"0x4454114f","Docdum":"0x664a16ff","Docmap":"0x5b5b5049","Selecteddoc":"a260H000001koYjQAI","timelist":"0x6aa0e3fb","timewraplist":"0x2aa81686","timewraplistInitial":"0x11fc18cf"}|0x60efa06a
12:44:25.0 (35144941)|HEAP_ALLOCATE|[43]|Bytes:108
12:44:25.0 (35151227)|HEAP_ALLOCATE|[43]|Bytes:11
12:44:25.0 (35163699)|HEAP_ALLOCATE|[43]|Bytes:12
12:44:25.0 (35182327)|CONSTRUCTOR_ENTRY|[43]|01p0H000007gCe8|<init>(Boolean,Time)
12:44:25.0 (35199279)|VARIABLE_SCOPE_BEGIN|[129]|this|docappcontroller.Wrapertimeslot|true|false
12:44:25.0 (35233297)|VARIABLE_ASSIGNMENT|[129]|this|{}|0x464d554e
12:44:25.0 (35245490)|VARIABLE_SCOPE_BEGIN|[129]|selection|Boolean|false|false
12:44:25.0 (35254616)|VARIABLE_ASSIGNMENT|[129]|selection|false
12:44:25.0 (35261855)|VARIABLE_SCOPE_BEGIN|[129]|tm|Time|false|false
12:44:25.0 (35272561)|VARIABLE_ASSIGNMENT|[129]|tm|25200000
12:44:25.0 (35279071)|STATEMENT_EXECUTE|[125]
12:44:25.0 (35280922)|STATEMENT_EXECUTE|[126]
12:44:25.0 (35282406)|STATEMENT_EXECUTE|[127]
12:44:25.0 (35288204)|HEAP_ALLOCATE|[130]|Bytes:6
12:44:25.0 (35310250)|STATEMENT_EXECUTE|[129]
12:44:25.0 (35312043)|STATEMENT_EXECUTE|[130]
12:44:25.0 (35361288)|VARIABLE_ASSIGNMENT|[EXTERNAL]|this|{}|0x464d554e
12:44:25.0 (35372701)|VARIABLE_ASSIGNMENT|[EXTERNAL]|value|false
12:44:25.0 (35379036)|HEAP_ALLOCATE|[126]|Bytes:5
12:44:25.0 (35386463)|VARIABLE_ASSIGNMENT|[126]|this.selected|false|0x464d554e
12:44:25.0 (35395870)|STATEMENT_EXECUTE|[131]
12:44:25.0 (35425668)|VARIABLE_ASSIGNMENT|[EXTERNAL]|this|{"selected":false}|0x464d554e
12:44:25.0 (35439606)|VARIABLE_ASSIGNMENT|[EXTERNAL]|value|25200000
12:44:25.0 (35448839)|VARIABLE_ASSIGNMENT|[127]|this.t|25200000|0x464d554e
12:44:25.0 (35463000)|CONSTRUCTOR_EXIT|[43]|01p0H000007gCe8|<init>(Boolean,Time)
12:44:25.0 (35476602)|HEAP_ALLOCATE|[EXTERNAL]|Bytes:4
12:44:25.0 (35484537)|STATEMENT_EXECUTE|[47]
12:44:25.0 (35520449)|VARIABLE_ASSIGNMENT|[EXTERNAL]|this|{"aptdum":"0x4454114f","Docdum":"0x664a16ff","Docmap":"0x5b5b5049","Selecteddoc":"a260H000001koYjQAI","timelist":"0x6aa0e3fb","timewraplist":"0x2aa81686","timewraplistInitial":"0x11fc18cf"}|0x60efa06a
12:44:25.0 (35539267)|HEAP_ALLOCATE|[EXTERNAL]|Bytes:4
12:44:25.0 (35545866)|STATEMENT_EXECUTE|[48]
12:44:25.0 (35547521)|STATEMENT_EXECUTE|[49]
12:44:25.0 (35565540)|USER_DEBUG|[49]|DEBUG|07:00:00.000Z
12:44:25.0 (35572957)|STATEMENT_EXECUTE|[50]
12:44:25.0 (35594222)|HEAP_ALLOCATE|[50]|Bytes:4
12:44:25.0 (35611294)|VARIABLE_ASSIGNMENT|[50]|t|27000000
12:44:25.0 (35615968)|STATEMENT_EXECUTE|[51]
12:44:25.0 (35623731)|HEAP_ALLOCATE|[51]|Bytes:28
12:44:25.0 (35646476)|HEAP_ALLOCATE|[51]|Bytes:28
12:44:25.0 (35660313)|VARIABLE_ASSIGNMENT|[51]|i1|0.5
12:44:25.0 (35665754)|STATEMENT_EXECUTE|[52]
12:44:25.0 (35702886)|VARIABLE_ASSIGNMENT|[EXTERNAL]|this|{"aptdum":"0x4454114f","Docdum":"0x664a16ff","Docmap":"0x5b5b5049","Selecteddoc":"a260H000001koYjQAI","timelist":"0x6aa0e3fb","timewraplist":"0x2aa81686","timewraplistInitial":"0x11fc18cf"}|0x60efa06a
12:44:25.0 (35720071)|HEAP_ALLOCATE|[EXTERNAL]|Bytes:4
12:44:25.0 (35745346)|STATEMENT_EXECUTE|[54]
12:44:25.0 (35747261)|STATEMENT_EXECUTE|[55]
12:44:25.0 (35776073)|VARIABLE_ASSIGNMENT|[EXTERNAL]|this|{"aptdum":"0x4454114f","Docdum":"0x664a16ff","Docmap":"0x5b5b5049","Selecteddoc":"a260H000001koYjQAI","timelist":"0x6aa0e3fb","timewraplist":"0x2aa81686","timewraplistInitial":"0x11fc18cf"}|0x60efa06a
12:44:25.0 (35789581)|HEAP_ALLOCATE|[55]|Bytes:12
12:44:25.0 (35800877)|CONSTRUCTOR_ENTRY|[55]|01p0H000007gCe8|<init>(Boolean,Time)
12:44:25.0 (35806701)|VARIABLE_SCOPE_BEGIN|[129]|this|docappcontroller.Wrapertimeslot|true|false
12:44:25.0 (35820741)|VARIABLE_ASSIGNMENT|[129]|this|{}|0x7e11b2c1
12:44:25.0 (35828760)|VARIABLE_SCOPE_BEGIN|[129]|selection|Boolean|false|false
12:44:25.0 (35837346)|VARIABLE_ASSIGNMENT|[129]|selection|false
12:44:25.0 (35841585)|VARIABLE_SCOPE_BEGIN|[129]|tm|Time|false|false
12:44:25.0 (35850553)|VARIABLE_ASSIGNMENT|[129]|tm|27000000
12:44:25.0 (35855552)|STATEMENT_EXECUTE|[125]
12:44:25.0 (35857300)|STATEMENT_EXECUTE|[126]
12:44:25.0 (35859141)|STATEMENT_EXECUTE|[127]
12:44:25.0 (35870237)|STATEMENT_EXECUTE|[129]
12:44:25.0 (35871921)|STATEMENT_EXECUTE|[130]
12:44:25.0 (35884790)|VARIABLE_ASSIGNMENT|[EXTERNAL]|this|{}|0x7e11b2c1
12:44:25.0 (35894248)|VARIABLE_ASSIGNMENT|[EXTERNAL]|value|false
12:44:25.0 (35900001)|HEAP_ALLOCATE|[126]|Bytes:5
12:44:25.0 (35906556)|VARIABLE_ASSIGNMENT|[126]|this.selected|false|0x7e11b2c1
12:44:25.0 (35914524)|STATEMENT_EXECUTE|[131]
12:44:25.0 (35927047)|VARIABLE_ASSIGNMENT|[EXTERNAL]|this|{"selected":false}|0x7e11b2c1
12:44:25.0 (35936107)|VARIABLE_ASSIGNMENT|[EXTERNAL]|value|27000000
12:44:25.0 (35943626)|VARIABLE_ASSIGNMENT|[127]|this.t|27000000|0x7e11b2c1
12:44:25.0 (35957918)|CONSTRUCTOR_EXIT|[55]|01p0H000007gCe8|<init>(Boolean,Time)
12:44:25.0 (35969008)|HEAP_ALLOCATE|[EXTERNAL]|Bytes:4
12:44:25.0 (35980817)|HEAP_ALLOCATE|[63]|Bytes:28
12:44:25.0 (36008297)|STATEMENT_EXECUTE|[48]
12:44:25.0 (36010769)|STATEMENT_EXECUTE|[49]
12:44:25.0 (36020020)|USER_DEBUG|[49]|DEBUG|07:30:00.000Z
12:44:25.0 (36026866)|STATEMENT_EXECUTE|[50]
12:44:25.0 (36036743)|HEAP_ALLOCATE|[50]|Bytes:4
12:44:25.0 (36050649)|VARIABLE_ASSIGNMENT|[50]|t|28800000
12:44:25.0 (36055531)|STATEMENT_EXECUTE|[51]
12:44:25.0 (36061339)|HEAP_ALLOCATE|[51]|Bytes:28
12:44:25.0 (36074115)|HEAP_ALLOCATE|[51]|Bytes:28
12:44:25.0 (36085907)|VARIABLE_ASSIGNMENT|[51]|i1|1.0
12:44:25.0 (36090666)|STATEMENT_EXECUTE|[52]
12:44:25.0 (36117163)|VARIABLE_ASSIGNMENT|[EXTERNAL]|this|{"aptdum":"0x4454114f","Docdum":"0x664a16ff","Docmap":"0x5b5b5049","Selecteddoc":"a260H000001koYjQAI","timelist":"0x6aa0e3fb","timewraplist":"0x2aa81686","timewraplistInitial":"0x11fc18cf"}|0x60efa06a
12:44:25.0 (36131876)|HEAP_ALLOCATE|[EXTERNAL]|Bytes:4
12:44:25.0 (36145016)|STATEMENT_EXECUTE|[54]
12:44:25.0 (36146795)|STATEMENT_EXECUTE|[55]
12:44:25.0 (36169660)|VARIABLE_ASSIGNMENT|[EXTERNAL]|this|{"aptdum":"0x4454114f","Docdum":"0x664a16ff","Docmap":"0x5b5b5049","Selecteddoc":"a260H000001koYjQAI","timelist":"0x6aa0e3fb","timewraplist":"0x2aa81686","timewraplistInitial":"0x11fc18cf"}|0x60efa06a
12:44:25.0 (36181680)|HEAP_ALLOCATE|[55]|Bytes:12
12:44:25.0 (36197987)|CONSTRUCTOR_ENTRY|[55]|01p0H000007gCe8|<init>(Boolean,Time)
12:44:25.0 (36204270)|VARIABLE_SCOPE_BEGIN|[129]|this|docappcontroller.Wrapertimeslot|true|false
12:44:25.0 (36218345)|VARIABLE_ASSIGNMENT|[129]|this|{}|0x27b5f0af
12:44:25.0 (36226034)|VARIABLE_SCOPE_BEGIN|[129]|selection|Boolean|false|false
12:44:25.0 (36234311)|VARIABLE_ASSIGNMENT|[129]|selection|false
12:44:25.0 (36238403)|VARIABLE_SCOPE_BEGIN|[129]|tm|Time|false|false
12:44:25.0 (36246936)|VARIABLE_ASSIGNMENT|[129]|tm|28800000
12:44:25.0 (36251925)|STATEMENT_EXECUTE|[125]
12:44:25.0 (36253597)|STATEMENT_EXECUTE|[126]
12:44:25.0 (36255082)|STATEMENT_EXECUTE|[127]
12:44:25.0 (36264841)|STATEMENT_EXECUTE|[129]
12:44:25.0 (36266425)|STATEMENT_EXECUTE|[130]
12:44:25.0 (36278485)|VARIABLE_ASSIGNMENT|[EXTERNAL]|this|{}|0x27b5f0af
12:44:25.0 (36288122)|VARIABLE_ASSIGNMENT|[EXTERNAL]|value|false
12:44:25.0 (36293748)|HEAP_ALLOCATE|[126]|Bytes:5
12:44:25.0 (36300557)|VARIABLE_ASSIGNMENT|[126]|this.selected|false|0x27b5f0af
12:44:25.0 (36308264)|STATEMENT_EXECUTE|[131]
12:44:25.0 (36320408)|VARIABLE_ASSIGNMENT|[EXTERNAL]|this|{"selected":false}|0x27b5f0af
12:44:25.0 (36329797)|VARIABLE_ASSIGNMENT|[EXTERNAL]|value|28800000
12:44:25.0 (36337267)|VARIABLE_ASSIGNMENT|[127]|this.t|28800000|0x27b5f0af
12:44:25.0 (36350566)|CONSTRUCTOR_EXIT|[55]|01p0H000007gCe8|<init>(Boolean,Time)
12:44:25.0 (36360983)|HEAP_ALLOCATE|[EXTERNAL]|Bytes:4
12:44:25.0 (36370631)|HEAP_ALLOCATE|[63]|Bytes:28
12:44:25.0 (36389620)|STATEMENT_EXECUTE|[48]
12:44:25.0 (36391576)|STATEMENT_EXECUTE|[49]
12:44:25.0 (36399747)|USER_DEBUG|[49]|DEBUG|08:00:00.000Z
12:44:25.0 (36406563)|STATEMENT_EXECUTE|[50]
12:44:25.0 (36415760)|HEAP_ALLOCATE|[50]|Bytes:4
12:44:25.0 (36429192)|VARIABLE_ASSIGNMENT|[50]|t|30600000
12:44:25.0 (36434053)|STATEMENT_EXECUTE|[51]
12:44:25.0 (36439347)|HEAP_ALLOCATE|[51]|Bytes:28
12:44:25.0 (36451807)|HEAP_ALLOCATE|[51]|Bytes:28
12:44:25.0 (36462853)|VARIABLE_ASSIGNMENT|[51]|i1|1.5
12:44:25.0 (36467076)|STATEMENT_EXECUTE|[52]
12:44:25.0 (36492812)|VARIABLE_ASSIGNMENT|[EXTERNAL]|this|{"aptdum":"0x4454114f","Docdum":"0x664a16ff","Docmap":"0x5b5b5049","Selecteddoc":"a260H000001koYjQAI","timelist":"0x6aa0e3fb","timewraplist":"0x2aa81686","timewraplistInitial":"0x11fc18cf"}|0x60efa06a
12:44:25.0 (36507016)|HEAP_ALLOCATE|[EXTERNAL]|Bytes:4
12:44:25.0 (36520026)|STATEMENT_EXECUTE|[54]
12:44:25.0 (36521744)|STATEMENT_EXECUTE|[55]
12:44:25.0 (36543436)|VARIABLE_ASSIGNMENT|[EXTERNAL]|this|{"aptdum":"0x4454114f","Docdum":"0x664a16ff","Docmap":"0x5b5b5049","Selecteddoc":"a260H000001koYjQAI","timelist":"0x6aa0e3fb","timewraplist":"0x2aa81686","timewraplistInitial":"0x11fc18cf"}|0x60efa06a
12:44:25.0 (36555345)|HEAP_ALLOCATE|[55]|Bytes:12
12:44:25.0 (36565983)|CONSTRUCTOR_ENTRY|[55]|01p0H000007gCe8|<init>(Boolean,Time)
12:44:25.0 (36571619)|VARIABLE_SCOPE_BEGIN|[129]|this|docappcontroller.Wrapertimeslot|true|false
12:44:25.0 (36584431)|VARIABLE_ASSIGNMENT|[129]|this|{}|0x6879fa51
12:44:25.0 (36591437)|VARIABLE_SCOPE_BEGIN|[129]|selection|Boolean|false|false
12:44:25.0 (36599173)|VARIABLE_ASSIGNMENT|[129]|selection|false
12:44:25.0 (36602964)|VARIABLE_SCOPE_BEGIN|[129]|tm|Time|false|false
12:44:25.0 (36611240)|VARIABLE_ASSIGNMENT|[129]|tm|30600000
12:44:25.0 (36615925)|STATEMENT_EXECUTE|[125]
12:44:25.0 (36618034)|STATEMENT_EXECUTE|[126]
12:44:25.0 (36619635)|STATEMENT_EXECUTE|[127]
12:44:25.0 (36628749)|STATEMENT_EXECUTE|[129]
12:44:25.0 (36630292)|STATEMENT_EXECUTE|[130]
12:44:25.0 (36641749)|VARIABLE_ASSIGNMENT|[EXTERNAL]|this|{}|0x6879fa51
12:44:25.0 (36650789)|VARIABLE_ASSIGNMENT|[EXTERNAL]|value|false
12:44:25.0 (36656113)|HEAP_ALLOCATE|[126]|Bytes:5
12:44:25.0 (36662612)|VARIABLE_ASSIGNMENT|[126]|this.selected|false|0x6879fa51
12:44:25.0 (36670706)|STATEMENT_EXECUTE|[131]
12:44:25.0 (36682521)|VARIABLE_ASSIGNMENT|[EXTERNAL]|this|{"selected":false}|0x6879fa51
12:44:25.0 (36691655)|VARIABLE_ASSIGNMENT|[EXTERNAL]|value|30600000
12:44:25.0 (36698803)|VARIABLE_ASSIGNMENT|[127]|this.t|30600000|0x6879fa51
12:44:25.0 (36711284)|CONSTRUCTOR_EXIT|[55]|01p0H000007gCe8|<init>(Boolean,Time)
12:44:25.0 (36721281)|HEAP_ALLOCATE|[EXTERNAL]|Bytes:4
12:44:25.0 (36730675)|HEAP_ALLOCATE|[63]|Bytes:28
12:44:25.0 (36748451)|STATEMENT_EXECUTE|[48]
12:44:25.0 (36750289)|STATEMENT_EXECUTE|[49]
12:44:25.0 (36758670)|USER_DEBUG|[49]|DEBUG|08:30:00.000Z
12:44:25.0 (36765537)|STATEMENT_EXECUTE|[50]
12:44:25.0 (36774426)|HEAP_ALLOCATE|[50]|Bytes:4
12:44:25.0 (36787507)|VARIABLE_ASSIGNMENT|[50]|t|32400000
12:44:25.0 (36792951)|STATEMENT_EXECUTE|[51]
12:44:25.0 (36798271)|HEAP_ALLOCATE|[51]|Bytes:28
12:44:25.0 (36810738)|HEAP_ALLOCATE|[51]|Bytes:28
12:44:25.0 (36821471)|VARIABLE_ASSIGNMENT|[51]|i1|2.0
12:44:25.0 (36826503)|STATEMENT_EXECUTE|[52]
12:44:25.0 (36851539)|VARIABLE_ASSIGNMENT|[EXTERNAL]|this|{"aptdum":"0x4454114f","Docdum":"0x664a16ff","Docmap":"0x5b5b5049","Selecteddoc":"a260H000001koYjQAI","timelist":"0x6aa0e3fb","timewraplist":"0x2aa81686","timewraplistInitial":"0x11fc18cf"}|0x60efa06a
12:44:25.0 (36865169)|HEAP_ALLOCATE|[EXTERNAL]|Bytes:4
12:44:25.0 (36877340)|STATEMENT_EXECUTE|[54]
12:44:25.0 (36879211)|STATEMENT_EXECUTE|[55]
12:44:25.0 (36900710)|VARIABLE_ASSIGNMENT|[EXTERNAL]|this|{"aptdum":"0x4454114f","Docdum":"0x664a16ff","Docmap":"0x5b5b5049","Selecteddoc":"a260H000001koYjQAI","timelist":"0x6aa0e3fb","timewraplist":"0x2aa81686","timewraplistInitial":"0x11fc18cf"}|0x60efa06a
12:44:25.0 (36913429)|HEAP_ALLOCATE|[55]|Bytes:12
12:44:25.0 (36924323)|CONSTRUCTOR_ENTRY|[55]|01p0H000007gCe8|<init>(Boolean,Time)
12:44:25.0 (36929800)|VARIABLE_SCOPE_BEGIN|[129]|this|docappcontroller.Wrapertimeslot|true|false
12:44:25.0 (36943823)|VARIABLE_ASSIGNMENT|[129]|this|{}|0x44e0702
12:44:25.0 (36950734)|VARIABLE_SCOPE_BEGIN|[129]|selection|Boolean|false|false
12:44:25.0 (36958639)|VARIABLE_ASSIGNMENT|[129]|selection|false
12:44:25.0 (36962518)|VARIABLE_SCOPE_BEGIN|[129]|tm|Time|false|false
12:44:25.0 (36970268)|VARIABLE_ASSIGNMENT|[129]|tm|32400000
12:44:25.0 (36975233)|STATEMENT_EXECUTE|[125]
12:44:25.0 (36976980)|STATEMENT_EXECUTE|[126]
12:44:25.0 (36978898)|STATEMENT_EXECUTE|[127]
12:44:25.0 (36987912)|STATEMENT_EXECUTE|[129]
12:44:25.0 (36989457)|STATEMENT_EXECUTE|[130]
12:44:25.0 (37000757)|VARIABLE_ASSIGNMENT|[EXTERNAL]|this|{}|0x44e0702
12:44:25.0 (37010605)|VARIABLE_ASSIGNMENT|[EXTERNAL]|value|false
12:44:25.0 (37015932)|HEAP_ALLOCATE|[126]|Bytes:5
12:44:25.0 (37022422)|VARIABLE_ASSIGNMENT|[126]|this.selected|false|0x44e0702
12:44:25.0 (37030435)|STATEMENT_EXECUTE|[131]
12:44:25.0 (37042236)|VARIABLE_ASSIGNMENT|[EXTERNAL]|this|{"selected":false}|0x44e0702
12:44:25.0 (37051159)|VARIABLE_ASSIGNMENT|[EXTERNAL]|value|32400000
12:44:25.0 (37058300)|VARIABLE_ASSIGNMENT|[127]|this.t|32400000|0x44e0702
12:44:25.0 (37070738)|CONSTRUCTOR_EXIT|[55]|01p0H000007gCe8|<init>(Boolean,Time)
12:44:25.0 (37080382)|HEAP_ALLOCATE|[EXTERNAL]|Bytes:4
12:44:25.0 (37089728)|HEAP_ALLOCATE|[63]|Bytes:28
12:44:25.0 (37107861)|STATEMENT_EXECUTE|[48]
12:44:25.0 (37109644)|STATEMENT_EXECUTE|[49]
12:44:25.0 (37117417)|USER_DEBUG|[49]|DEBUG|09:00:00.000Z
12:44:25.0 (37124240)|STATEMENT_EXECUTE|[50]
12:44:25.0 (37132685)|HEAP_ALLOCATE|[50]|Bytes:4
12:44:25.0 (37145478)|VARIABLE_ASSIGNMENT|[50]|t|34200000
12:44:25.0 (37149983)|STATEMENT_EXECUTE|[51]
12:44:25.0 (37155040)|HEAP_ALLOCATE|[51]|Bytes:28
12:44:25.0 (37167592)|HEAP_ALLOCATE|[51]|Bytes:28
12:44:25.0 (37178610)|VARIABLE_ASSIGNMENT|[51]|i1|2.5
12:44:25.0 (37183166)|STATEMENT_EXECUTE|[52]
12:44:25.0 (37220539)|VARIABLE_ASSIGNMENT|[EXTERNAL]|this|{"aptdum":"0x4454114f","Docdum":"0x664a16ff","Docmap":"0x5b5b5049","Selecteddoc":"a260H000001koYjQAI","timelist":"0x6aa0e3fb","timewraplist":"0x2aa81686","timewraplistInitial":"0x11fc18cf"}|0x60efa06a
12:44:25.0 (37240784)|HEAP_ALLOCATE|[EXTERNAL]|Bytes:4
12:44:25.0 (37257531)|STATEMENT_EXECUTE|[54]
12:44:25.0 (37260129)|STATEMENT_EXECUTE|[55]
12:44:25.0 (37286156)|VARIABLE_ASSIGNMENT|[EXTERNAL]|this|{"aptdum":"0x4454114f","Docdum":"0x664a16ff","Docmap":"0x5b5b5049","Selecteddoc":"a260H000001koYjQAI","timelist":"0x6aa0e3fb","timewraplist":"0x2aa81686","timewraplistInitial":"0x11fc18cf"}|0x60efa06a
12:44:25.0 (37298614)|HEAP_ALLOCATE|[55]|Bytes:12
12:44:25.0 (37309065)|CONSTRUCTOR_ENTRY|[55]|01p0H000007gCe8|<init>(Boolean,Time)
12:44:25.0 (37314615)|VARIABLE_SCOPE_BEGIN|[129]|this|docappcontroller.Wrapertimeslot|true|false
12:44:25.0 (37327693)|VARIABLE_ASSIGNMENT|[129]|this|{}|0x6fb33bd4
12:44:25.0 (37335059)|VARIABLE_SCOPE_BEGIN|[129]|selection|Boolean|false|false
12:44:25.0 (37343135)|VARIABLE_ASSIGNMENT|[129]|selection|false
12:44:25.0 (37347199)|VARIABLE_SCOPE_BEGIN|[129]|tm|Time|false|false
12:44:25.0 (37356014)|VARIABLE_ASSIGNMENT|[129]|tm|34200000
12:44:25.0 (37360546)|STATEMENT_EXECUTE|[125]
12:44:25.0 (37362600)|STATEMENT_EXECUTE|[126]
12:44:25.0 (37364245)|STATEMENT_EXECUTE|[127]
12:44:25.0 (37373322)|STATEMENT_EXECUTE|[129]
12:44:25.0 (37374871)|STATEMENT_EXECUTE|[130]
12:44:25.0 (37386692)|VARIABLE_ASSIGNMENT|[EXTERNAL]|this|{}|0x6fb33bd4
12:44:25.0 (37395677)|VARIABLE_ASSIGNMENT|[EXTERNAL]|value|false
12:44:25.0 (37401135)|HEAP_ALLOCATE|[126]|Bytes:5
12:44:25.0 (37407640)|VARIABLE_ASSIGNMENT|[126]|this.selected|false|0x6fb33bd4
12:44:25.0 (37415200)|STATEMENT_EXECUTE|[131]
12:44:25.0 (37427169)|VARIABLE_ASSIGNMENT|[EXTERNAL]|this|{"selected":false}|0x6fb33bd4
12:44:25.0 (37436501)|VARIABLE_ASSIGNMENT|[EXTERNAL]|value|34200000
12:44:25.0 (37443822)|VARIABLE_ASSIGNMENT|[127]|this.t|34200000|0x6fb33bd4
12:44:25.0 (37457004)|CONSTRUCTOR_EXIT|[55]|01p0H000007gCe8|<init>(Boolean,Time)
12:44:25.0 (37466692)|HEAP_ALLOCATE|[EXTERNAL]|Bytes:4
12:44:25.0 (37476411)|HEAP_ALLOCATE|[63]|Bytes:28
12:44:25.0 (37494039)|STATEMENT_EXECUTE|[48]
12:44:25.0 (37495762)|STATEMENT_EXECUTE|[49]
12:44:25.0 (37503815)|USER_DEBUG|[49]|DEBUG|09:30:00.000Z
12:44:25.0 (37510778)|STATEMENT_EXECUTE|[50]
12:44:25.0 (37519605)|HEAP_ALLOCATE|[50]|Bytes:4
12:44:25.0 (37533001)|VARIABLE_ASSIGNMENT|[50]|t|36000000
12:44:25.0 (37538047)|STATEMENT_EXECUTE|[51]
12:44:25.0 (37543398)|HEAP_ALLOCATE|[51]|Bytes:28
12:44:25.0 (37555803)|HEAP_ALLOCATE|[51]|Bytes:28
12:44:25.0 (37567080)|VARIABLE_ASSIGNMENT|[51]|i1|3.0
12:44:25.0 (37571943)|STATEMENT_EXECUTE|[52]
12:44:25.0 (37596798)|VARIABLE_ASSIGNMENT|[EXTERNAL]|this|{"aptdum":"0x4454114f","Docdum":"0x664a16ff","Docmap":"0x5b5b5049","Selecteddoc":"a260H000001koYjQAI","timelist":"0x6aa0e3fb","timewraplist":"0x2aa81686","timewraplistInitial":"0x11fc18cf"}|0x60efa06a
12:44:25.0 (37611152)|HEAP_ALLOCATE|[EXTERNAL]|Bytes:4
12:44:25.0 (37623900)|STATEMENT_EXECUTE|[54]
12:44:25.0 (37625603)|STATEMENT_EXECUTE|[55]
12:44:25.0 (37646631)|VARIABLE_ASSIGNMENT|[EXTERNAL]|this|{"aptdum":"0x4454114f","Docdum":"0x664a16ff","Docmap":"0x5b5b5049","Selecteddoc":"a260H000001koYjQAI","timelist":"0x6aa0e3fb","timewraplist":"0x2aa81686","timewraplistInitial":"0x11fc18cf"}|0x60efa06a
12:44:25.0 (37659113)|HEAP_ALLOCATE|[55]|Bytes:12
12:44:25.0 (37669206)|CONSTRUCTOR_ENTRY|[55]|01p0H000007gCe8|<init>(Boolean,Time)
12:44:25.0 (37674516)|VARIABLE_SCOPE_BEGIN|[129]|this|docappcontroller.Wrapertimeslot|true|false
12:44:25.0 (37690475)|VARIABLE_ASSIGNMENT|[129]|this|{}|0x70c65488
12:44:25.0 (37697441)|VARIABLE_SCOPE_BEGIN|[129]|selection|Boolean|false|false
12:44:25.0 (37704969)|VARIABLE_ASSIGNMENT|[129]|selection|false
12:44:25.0 (37708883)|VARIABLE_SCOPE_BEGIN|[129]|tm|Time|false|false
12:44:25.0 (37716600)|VARIABLE_ASSIGNMENT|[129]|tm|36000000
12:44:25.0 (37722069)|STATEMENT_EXECUTE|[125]
12:44:25.0 (37723775)|STATEMENT_EXECUTE|[126]
12:44:25.0 (37725340)|STATEMENT_EXECUTE|[127]
12:44:25.0 (37734349)|STATEMENT_EXECUTE|[129]
12:44:25.0 (37735897)|STATEMENT_EXECUTE|[130]
12:44:25.0 (37747300)|VARIABLE_ASSIGNMENT|[EXTERNAL]|this|{}|0x70c65488
12:44:25.0 (37756787)|VARIABLE_ASSIGNMENT|[EXTERNAL]|value|false
12:44:25.0 (37762439)|HEAP_ALLOCATE|[126]|Bytes:5
12:44:25.0 (37767993)|VARIABLE_ASSIGNMENT|[126]|this.selected|false|0x70c65488
12:44:25.0 (37775398)|STATEMENT_EXECUTE|[131]
12:44:25.0 (37787990)|VARIABLE_ASSIGNMENT|[EXTERNAL]|this|{"selected":false}|0x70c65488
12:44:25.0 (37797130)|VARIABLE_ASSIGNMENT|[EXTERNAL]|value|36000000
12:44:25.0 (37804167)|VARIABLE_ASSIGNMENT|[127]|this.t|36000000|0x70c65488
12:44:25.0 (37817220)|CONSTRUCTOR_EXIT|[55]|01p0H000007gCe8|<init>(Boolean,Time)
12:44:25.0 (37826988)|HEAP_ALLOCATE|[EXTERNAL]|Bytes:4
12:44:25.0 (37836712)|HEAP_ALLOCATE|[63]|Bytes:28
12:44:25.0 (37854239)|STATEMENT_EXECUTE|[48]
12:44:25.0 (37856092)|STATEMENT_EXECUTE|[49]
12:44:25.0 (37863906)|USER_DEBUG|[49]|DEBUG|10:00:00.000Z
12:44:25.0 (37870317)|STATEMENT_EXECUTE|[50]
12:44:25.0 (37878320)|HEAP_ALLOCATE|[50]|Bytes:4
12:44:25.0 (37890756)|VARIABLE_ASSIGNMENT|[50]|t|37800000
12:44:25.0 (37895415)|STATEMENT_EXECUTE|[51]
12:44:25.0 (37900399)|HEAP_ALLOCATE|[51]|Bytes:28
12:44:25.0 (37912864)|HEAP_ALLOCATE|[51]|Bytes:28
12:44:25.0 (37924317)|VARIABLE_ASSIGNMENT|[51]|i1|3.5
12:44:25.0 (37928542)|STATEMENT_EXECUTE|[52]
12:44:25.0 (37954215)|VARIABLE_ASSIGNMENT|[EXTERNAL]|this|{"aptdum":"0x4454114f","Docdum":"0x664a16ff","Docmap":"0x5b5b5049","Selecteddoc":"a260H000001koYjQAI","timelist":"0x6aa0e3fb","timewraplist":"0x2aa81686","timewraplistInitial":"0x11fc18cf"}|0x60efa06a
12:44:25.0 (37968238)|HEAP_ALLOCATE|[EXTERNAL]|Bytes:4
12:44:25.0 (37981038)|STATEMENT_EXECUTE|[54]
12:44:25.0 (37982768)|STATEMENT_EXECUTE|[55]
12:44:25.0 (38004569)|VARIABLE_ASSIGNMENT|[EXTERNAL]|this|{"aptdum":"0x4454114f","Docdum":"0x664a16ff","Docmap":"0x5b5b5049","Selecteddoc":"a260H000001koYjQAI","timelist":"0x6aa0e3fb","timewraplist":"0x2aa81686","timewraplistInitial":"0x11fc18cf"}|0x60efa06a
12:44:25.0 (38016721)|HEAP_ALLOCATE|[55]|Bytes:12
12:44:25.0 (38026887)|CONSTRUCTOR_ENTRY|[55]|01p0H000007gCe8|<init>(Boolean,Time)
12:44:25.0 (38032251)|VARIABLE_SCOPE_BEGIN|[129]|this|docappcontroller.Wrapertimeslot|true|false
12:44:25.0 (38044964)|VARIABLE_ASSIGNMENT|[129]|this|{}|0x262dd416
12:44:25.0 (38052013)|VARIABLE_SCOPE_BEGIN|[129]|selection|Boolean|false|false
12:44:25.0 (38060194)|VARIABLE_ASSIGNMENT|[129]|selection|false
12:44:25.0 (38064259)|VARIABLE_SCOPE_BEGIN|[129]|tm|Time|false|false
12:44:25.0 (38072671)|VARIABLE_ASSIGNMENT|[129]|tm|37800000
12:44:25.0 (38076915)|STATEMENT_EXECUTE|[125]
12:44:25.0 (38078881)|STATEMENT_EXECUTE|[126]
12:44:25.0 (38080481)|STATEMENT_EXECUTE|[127]
12:44:25.0 (38089281)|STATEMENT_EXECUTE|[129]
12:44:25.0 (38090789)|STATEMENT_EXECUTE|[130]
12:44:25.0 (38102554)|VARIABLE_ASSIGNMENT|[EXTERNAL]|this|{}|0x262dd416
12:44:25.0 (38111965)|VARIABLE_ASSIGNMENT|[EXTERNAL]|value|false
12:44:25.0 (38117190)|HEAP_ALLOCATE|[126]|Bytes:5
12:44:25.0 (38123287)|VARIABLE_ASSIGNMENT|[126]|this.selected|false|0x262dd416
12:44:25.0 (38130854)|STATEMENT_EXECUTE|[131]
12:44:25.0 (38143149)|VARIABLE_ASSIGNMENT|[EXTERNAL]|this|{"selected":false}|0x262dd416
12:44:25.0 (38152244)|VARIABLE_ASSIGNMENT|[EXTERNAL]|value|37800000
12:44:25.0 (38165799)|VARIABLE_ASSIGNMENT|[127]|this.t|37800000|0x262dd416
12:44:25.0 (38179161)|CONSTRUCTOR_EXIT|[55]|01p0H000007gCe8|<init>(Boolean,Time)
12:44:25.0 (38189582)|HEAP_ALLOCATE|[EXTERNAL]|Bytes:4
12:44:25.0 (38206316)|HEAP_ALLOCATE|[63]|Bytes:28
12:44:25.0 (38231360)|STATEMENT_EXECUTE|[48]
12:44:25.0 (38233710)|STATEMENT_EXECUTE|[49]
12:44:25.0 (38242965)|USER_DEBUG|[49]|DEBUG|10:30:00.000Z
12:44:25.0 (38249903)|STATEMENT_EXECUTE|[50]
12:44:25.0 (38258933)|HEAP_ALLOCATE|[50]|Bytes:4
12:44:25.0 (38272023)|VARIABLE_ASSIGNMENT|[50]|t|39600000
12:44:25.0 (38277070)|STATEMENT_EXECUTE|[51]
12:44:25.0 (38282384)|HEAP_ALLOCATE|[51]|Bytes:28
12:44:25.0 (38294943)|HEAP_ALLOCATE|[51]|Bytes:28
12:44:25.0 (38306619)|VARIABLE_ASSIGNMENT|[51]|i1|4.0
12:44:25.0 (38311436)|STATEMENT_EXECUTE|[52]
12:44:25.0 (38337758)|VARIABLE_ASSIGNMENT|[EXTERNAL]|this|{"aptdum":"0x4454114f","Docdum":"0x664a16ff","Docmap":"0x5b5b5049","Selecteddoc":"a260H000001koYjQAI","timelist":"0x6aa0e3fb","timewraplist":"0x2aa81686","timewraplistInitial":"0x11fc18cf"}|0x60efa06a
12:44:25.0 (38351534)|HEAP_ALLOCATE|[EXTERNAL]|Bytes:4
12:44:25.0 (38363897)|STATEMENT_EXECUTE|[54]
12:44:25.0 (38365540)|STATEMENT_EXECUTE|[55]
12:44:25.0 (38387201)|VARIABLE_ASSIGNMENT|[EXTERNAL]|this|{"aptdum":"0x4454114f","Docdum":"0x664a16ff","Docmap":"0x5b5b5049","Selecteddoc":"a260H000001koYjQAI","timelist":"0x6aa0e3fb","timewraplist":"0x2aa81686","timewraplistInitial":"0x11fc18cf"}|0x60efa06a
12:44:25.0 (38399737)|HEAP_ALLOCATE|[55]|Bytes:12
12:44:25.0 (38410273)|CONSTRUCTOR_ENTRY|[55]|01p0H000007gCe8|<init>(Boolean,Time)
12:44:25.0 (38416908)|VARIABLE_SCOPE_BEGIN|[129]|this|docappcontroller.Wrapertimeslot|true|false
12:44:25.0 (38430451)|VARIABLE_ASSIGNMENT|[129]|this|{}|0x3a72f559
12:44:25.0 (38436751)|VARIABLE_SCOPE_BEGIN|[129]|selection|Boolean|false|false
12:44:25.0 (38444786)|VARIABLE_ASSIGNMENT|[129]|selection|false
12:44:25.0 (38449096)|VARIABLE_SCOPE_BEGIN|[129]|tm|Time|false|false
12:44:25.0 (38457788)|VARIABLE_ASSIGNMENT|[129]|tm|39600000
12:44:25.0 (38462461)|STATEMENT_EXECUTE|[125]
12:44:25.0 (38464277)|STATEMENT_EXECUTE|[126]
12:44:25.0 (38465778)|STATEMENT_EXECUTE|[127]
12:44:25.0 (38474779)|STATEMENT_EXECUTE|[129]
12:44:25.0 (38476283)|STATEMENT_EXECUTE|[130]
12:44:25.0 (38488148)|VARIABLE_ASSIGNMENT|[EXTERNAL]|this|{}|0x3a72f559
12:44:25.0 (38496924)|VARIABLE_ASSIGNMENT|[EXTERNAL]|value|false
12:44:25.0 (38502094)|HEAP_ALLOCATE|[126]|Bytes:5
12:44:25.0 (38508217)|VARIABLE_ASSIGNMENT|[126]|this.selected|false|0x3a72f559
12:44:25.0 (38515393)|STATEMENT_EXECUTE|[131]
12:44:25.0 (38528068)|VARIABLE_ASSIGNMENT|[EXTERNAL]|this|{"selected":false}|0x3a72f559
12:44:25.0 (38537447)|VARIABLE_ASSIGNMENT|[EXTERNAL]|value|39600000
12:44:25.0 (38544324)|VARIABLE_ASSIGNMENT|[127]|this.t|39600000|0x3a72f559
12:44:25.0 (38557543)|CONSTRUCTOR_EXIT|[55]|01p0H000007gCe8|<init>(Boolean,Time)
12:44:25.0 (38567016)|HEAP_ALLOCATE|[EXTERNAL]|Bytes:4
12:44:25.0 (38576754)|HEAP_ALLOCATE|[63]|Bytes:28
12:44:25.0 (38594596)|STATEMENT_EXECUTE|[48]
12:44:25.0 (38596342)|STATEMENT_EXECUTE|[49]
12:44:25.0 (38604139)|USER_DEBUG|[49]|DEBUG|11:00:00.000Z
12:44:25.0 (38610460)|STATEMENT_EXECUTE|[50]
12:44:25.0 (38618402)|HEAP_ALLOCATE|[50]|Bytes:4
12:44:25.0 (38630572)|VARIABLE_ASSIGNMENT|[50]|t|41400000
12:44:25.0 (38634826)|STATEMENT_EXECUTE|[51]
12:44:25.0 (38640128)|HEAP_ALLOCATE|[51]|Bytes:28
12:44:25.0 (38652379)|HEAP_ALLOCATE|[51]|Bytes:28
12:44:25.0 (38662753)|VARIABLE_ASSIGNMENT|[51]|i1|4.5
12:44:25.0 (38667323)|STATEMENT_EXECUTE|[52]
12:44:25.0 (38692020)|VARIABLE_ASSIGNMENT|[EXTERNAL]|this|{"aptdum":"0x4454114f","Docdum":"0x664a16ff","Docmap":"0x5b5b5049","Selecteddoc":"a260H000001koYjQAI","timelist":"0x6aa0e3fb","timewraplist":"0x2aa81686","timewraplistInitial":"0x11fc18cf"}|0x60efa06a
12:44:25.0 (38706043)|HEAP_ALLOCATE|[EXTERNAL]|Bytes:4
12:44:25.0 (38718454)|STATEMENT_EXECUTE|[54]
12:44:25.0 (38720142)|STATEMENT_EXECUTE|[55]
12:44:25.0 (38741449)|VARIABLE_ASSIGNMENT|[EXTERNAL]|this|{"aptdum":"0x4454114f","Docdum":"0x664a16ff","Docmap":"0x5b5b5049","Selecteddoc":"a260H000001koYjQAI","timelist":"0x6aa0e3fb","timewraplist":"0x2aa81686","timewraplistInitial":"0x11fc18cf"}|0x60efa06a
12:44:25.0 (38752786)|HEAP_ALLOCATE|[55]|Bytes:12
12:44:25.0 (38762889)|CONSTRUCTOR_ENTRY|[55]|01p0H000007gCe8|<init>(Boolean,Time)
12:44:25.0 (38768749)|VARIABLE_SCOPE_BEGIN|[129]|this|docappcontroller.Wrapertimeslot|true|false
12:44:25.0 (38782092)|VARIABLE_ASSIGNMENT|[129]|this|{}|0x1e93e1fa
12:44:25.0 (38788553)|VARIABLE_SCOPE_BEGIN|[129]|selection|Boolean|false|false
12:44:25.0 (38796276)|VARIABLE_ASSIGNMENT|[129]|selection|false
12:44:25.0 (38799958)|VARIABLE_SCOPE_BEGIN|[129]|tm|Time|false|false
12:44:25.0 (38807866)|VARIABLE_ASSIGNMENT|[129]|tm|41400000
12:44:25.0 (38812675)|STATEMENT_EXECUTE|[125]
12:44:25.0 (38814413)|STATEMENT_EXECUTE|[126]
12:44:25.0 (38815919)|STATEMENT_EXECUTE|[127]
12:44:25.0 (38824674)|STATEMENT_EXECUTE|[129]
12:44:25.0 (38826172)|STATEMENT_EXECUTE|[130]
12:44:25.0 (38838205)|VARIABLE_ASSIGNMENT|[EXTERNAL]|this|{}|0x1e93e1fa
12:44:25.0 (38846992)|VARIABLE_ASSIGNMENT|[EXTERNAL]|value|false
12:44:25.0 (38852089)|HEAP_ALLOCATE|[126]|Bytes:5
12:44:25.0 (38857864)|VARIABLE_ASSIGNMENT|[126]|this.selected|false|0x1e93e1fa
12:44:25.0 (38865549)|STATEMENT_EXECUTE|[131]
12:44:25.0 (38877202)|VARIABLE_ASSIGNMENT|[EXTERNAL]|this|{"selected":false}|0x1e93e1fa
12:44:25.0 (38886607)|VARIABLE_ASSIGNMENT|[EXTERNAL]|value|41400000
12:44:25.0 (38893607)|VARIABLE_ASSIGNMENT|[127]|this.t|41400000|0x1e93e1fa
12:44:25.0 (38906294)|CONSTRUCTOR_EXIT|[55]|01p0H000007gCe8|<init>(Boolean,Time)
12:44:25.0 (38915011)|HEAP_ALLOCATE|[EXTERNAL]|Bytes:4
12:44:25.0 (38924312)|HEAP_ALLOCATE|[63]|Bytes:28
12:44:25.0 (38942277)|STATEMENT_EXECUTE|[48]
12:44:25.0 (38943964)|STATEMENT_EXECUTE|[49]
12:44:25.0 (38951532)|USER_DEBUG|[49]|DEBUG|11:30:00.000Z
12:44:25.0 (38958453)|STATEMENT_EXECUTE|[50]
12:44:25.0 (38966491)|HEAP_ALLOCATE|[50]|Bytes:4
12:44:25.0 (38979796)|VARIABLE_ASSIGNMENT|[50]|t|43200000
12:44:25.0 (38984296)|STATEMENT_EXECUTE|[51]
12:44:25.0 (38989730)|HEAP_ALLOCATE|[51]|Bytes:28
12:44:25.0 (39001894)|HEAP_ALLOCATE|[51]|Bytes:28
12:44:25.0 (39013184)|VARIABLE_ASSIGNMENT|[51]|i1|5.0
12:44:25.0 (39018204)|STATEMENT_EXECUTE|[52]
12:44:25.0 (39042937)|VARIABLE_ASSIGNMENT|[EXTERNAL]|this|{"aptdum":"0x4454114f","Docdum":"0x664a16ff","Docmap":"0x5b5b5049","Selecteddoc":"a260H000001koYjQAI","timelist":"0x6aa0e3fb","timewraplist":"0x2aa81686","timewraplistInitial":"0x11fc18cf"}|0x60efa06a
12:44:25.0 (39056833)|HEAP_ALLOCATE|[EXTERNAL]|Bytes:4
12:44:25.0 (39069249)|STATEMENT_EXECUTE|[54]
12:44:25.0 (39070970)|STATEMENT_EXECUTE|[55]
12:44:25.0 (39092837)|VARIABLE_ASSIGNMENT|[EXTERNAL]|this|{"aptdum":"0x4454114f","Docdum":"0x664a16ff","Docmap":"0x5b5b5049","Selecteddoc":"a260H000001koYjQAI","timelist":"0x6aa0e3fb","timewraplist":"0x2aa81686","timewraplistInitial":"0x11fc18cf"}|0x60efa06a
12:44:25.0 (39104528)|HEAP_ALLOCATE|[55]|Bytes:12
12:44:25.0 (39114845)|CONSTRUCTOR_ENTRY|[55]|01p0H000007gCe8|<init>(Boolean,Time)
12:44:25.0 (39120517)|VARIABLE_SCOPE_BEGIN|[129]|this|docappcontroller.Wrapertimeslot|true|false
12:44:25.0 (39134126)|VARIABLE_ASSIGNMENT|[129]|this|{}|0xd108108
12:44:25.0 (39141084)|VARIABLE_SCOPE_BEGIN|[129]|selection|Boolean|false|false
12:44:25.0 (39149102)|VARIABLE_ASSIGNMENT|[129]|selection|false
12:44:25.0 (39152857)|VARIABLE_SCOPE_BEGIN|[129]|tm|Time|false|false
12:44:25.0 (39161585)|VARIABLE_ASSIGNMENT|[129]|tm|43200000
12:44:25.0 (39166234)|STATEMENT_EXECUTE|[125]
12:44:25.0 (39167876)|STATEMENT_EXECUTE|[126]
12:44:25.0 (39169343)|STATEMENT_EXECUTE|[127]
12:44:25.0 (39178462)|STATEMENT_EXECUTE|[129]
12:44:25.0 (39180273)|STATEMENT_EXECUTE|[130]
12:44:25.0 (39197711)|VARIABLE_ASSIGNMENT|[EXTERNAL]|this|{}|0xd108108
12:44:25.0 (39211461)|VARIABLE_ASSIGNMENT|[EXTERNAL]|value|false
12:44:25.0 (39219011)|HEAP_ALLOCATE|[126]|Bytes:5
12:44:25.0 (39227768)|VARIABLE_ASSIGNMENT|[126]|this.selected|false|0xd108108
12:44:25.0 (39238749)|STATEMENT_EXECUTE|[131]
12:44:25.0 (39252146)|VARIABLE_ASSIGNMENT|[EXTERNAL]|this|{"selected":false}|0xd108108
12:44:25.0 (39261557)|VARIABLE_ASSIGNMENT|[EXTERNAL]|value|43200000
12:44:25.0 (39268525)|VARIABLE_ASSIGNMENT|[127]|this.t|43200000|0xd108108
12:44:25.0 (39281431)|CONSTRUCTOR_EXIT|[55]|01p0H000007gCe8|<init>(Boolean,Time)
12:44:25.0 (39290762)|HEAP_ALLOCATE|[EXTERNAL]|Bytes:4
12:44:25.0 (39300359)|HEAP_ALLOCATE|[63]|Bytes:28
12:44:25.0 (39318748)|STATEMENT_EXECUTE|[48]
12:44:25.0 (39320651)|STATEMENT_EXECUTE|[49]
12:44:25.0 (39329365)|USER_DEBUG|[49]|DEBUG|12:00:00.000Z
12:44:25.0 (39335990)|STATEMENT_EXECUTE|[50]
12:44:25.0 (39343828)|HEAP_ALLOCATE|[50]|Bytes:4
12:44:25.0 (39356478)|VARIABLE_ASSIGNMENT|[50]|t|45000000
12:44:25.0 (39361098)|STATEMENT_EXECUTE|[51]
12:44:25.0 (39366380)|HEAP_ALLOCATE|[51]|Bytes:28
12:44:25.0 (39378807)|HEAP_ALLOCATE|[51]|Bytes:28
12:44:25.0 (39389183)|VARIABLE_ASSIGNMENT|[51]|i1|5.5
12:44:25.0 (39393753)|STATEMENT_EXECUTE|[52]
12:44:25.0 (39419046)|VARIABLE_ASSIGNMENT|[EXTERNAL]|this|{"aptdum":"0x4454114f","Docdum":"0x664a16ff","Docmap":"0x5b5b5049","Selecteddoc":"a260H000001koYjQAI","timelist":"0x6aa0e3fb","timewraplist":"0x2aa81686","timewraplistInitial":"0x11fc18cf"}|0x60efa06a
12:44:25.0 (39433080)|HEAP_ALLOCATE|[EXTERNAL]|Bytes:4
12:44:25.0 (39445616)|STATEMENT_EXECUTE|[54]
12:44:25.0 (39447300)|STATEMENT_EXECUTE|[55]
12:44:25.0 (39469050)|VARIABLE_ASSIGNMENT|[EXTERNAL]|this|{"aptdum":"0x4454114f","Docdum":"0x664a16ff","Docmap":"0x5b5b5049","Selecteddoc":"a260H000001koYjQAI","timelist":"0x6aa0e3fb","timewraplist":"0x2aa81686","timewraplistInitial":"0x11fc18cf"}|0x60efa06a
12:44:25.0 (39480690)|HEAP_ALLOCATE|[55]|Bytes:12
12:44:25.0 (39490759)|CONSTRUCTOR_ENTRY|[55]|01p0H000007gCe8|<init>(Boolean,Time)
12:44:25.0 (39496757)|VARIABLE_SCOPE_BEGIN|[129]|this|docappcontroller.Wrapertimeslot|true|false
12:44:25.0 (39509298)|VARIABLE_ASSIGNMENT|[129]|this|{}|0x741acb39
12:44:25.0 (39515954)|VARIABLE_SCOPE_BEGIN|[129]|selection|Boolean|false|false
12:44:25.0 (39523843)|VARIABLE_ASSIGNMENT|[129]|selection|false
12:44:25.0 (39527578)|VARIABLE_SCOPE_BEGIN|[129]|tm|Time|false|false
12:44:25.0 (39535320)|VARIABLE_ASSIGNMENT|[129]|tm|45000000
12:44:25.0 (39541218)|STATEMENT_EXECUTE|[125]
12:44:25.0 (39543023)|STATEMENT_EXECUTE|[126]
12:44:25.0 (39544491)|STATEMENT_EXECUTE|[127]
12:44:25.0 (39553355)|STATEMENT_EXECUTE|[129]
12:44:25.0 (39555227)|STATEMENT_EXECUTE|[130]
12:44:25.0 (39567273)|VARIABLE_ASSIGNMENT|[EXTERNAL]|this|{}|0x741acb39
12:44:25.0 (39577086)|VARIABLE_ASSIGNMENT|[EXTERNAL]|value|false
12:44:25.0 (39582649)|HEAP_ALLOCATE|[126]|Bytes:5
12:44:25.0 (39588679)|VARIABLE_ASSIGNMENT|[126]|this.selected|false|0x741acb39
12:44:25.0 (39595708)|STATEMENT_EXECUTE|[131]
12:44:25.0 (39607325)|VARIABLE_ASSIGNMENT|[EXTERNAL]|this|{"selected":false}|0x741acb39
12:44:25.0 (39616533)|VARIABLE_ASSIGNMENT|[EXTERNAL]|value|45000000
12:44:25.0 (39623695)|VARIABLE_ASSIGNMENT|[127]|this.t|45000000|0x741acb39
12:44:25.0 (39636463)|CONSTRUCTOR_EXIT|[55]|01p0H000007gCe8|<init>(Boolean,Time)
12:44:25.0 (39645155)|HEAP_ALLOCATE|[EXTERNAL]|Bytes:4
12:44:25.0 (39654432)|HEAP_ALLOCATE|[63]|Bytes:28
12:44:25.0 (39672534)|STATEMENT_EXECUTE|[48]
12:44:25.0 (39674368)|STATEMENT_EXECUTE|[49]
12:44:25.0 (39682423)|USER_DEBUG|[49]|DEBUG|12:30:00.000Z
12:44:25.0 (39689098)|STATEMENT_EXECUTE|[50]
12:44:25.0 (39697045)|HEAP_ALLOCATE|[50]|Bytes:4
12:44:25.0 (39709319)|VARIABLE_ASSIGNMENT|[50]|t|46800000
12:44:25.0 (39714443)|STATEMENT_EXECUTE|[51]
12:44:25.0 (39719612)|HEAP_ALLOCATE|[51]|Bytes:28
12:44:25.0 (39731722)|HEAP_ALLOCATE|[51]|Bytes:28
12:44:25.0 (39743214)|VARIABLE_ASSIGNMENT|[51]|i1|6.0
12:44:25.0 (39747942)|STATEMENT_EXECUTE|[52]
12:44:25.0 (39773593)|VARIABLE_ASSIGNMENT|[EXTERNAL]|this|{"aptdum":"0x4454114f","Docdum":"0x664a16ff","Docmap":"0x5b5b5049","Selecteddoc":"a260H000001koYjQAI","timelist":"0x6aa0e3fb","timewraplist":"0x2aa81686","timewraplistInitial":"0x11fc18cf"}|0x60efa06a
12:44:25.0 (39787247)|HEAP_ALLOCATE|[EXTERNAL]|Bytes:4
12:44:25.0 (39800194)|STATEMENT_EXECUTE|[54]
12:44:25.0 (39801947)|STATEMENT_EXECUTE|[55]
12:44:25.0 (39823262)|VARIABLE_ASSIGNMENT|[EXTERNAL]|this|{"aptdum":"0x4454114f","Docdum":"0x664a16ff","Docmap":"0x5b5b5049","Selecteddoc":"a260H000001koYjQAI","timelist":"0x6aa0e3fb","timewraplist":"0x2aa81686","timewraplistInitial":"0x11fc18cf"}|0x60efa06a
12:44:25.0 (39835640)|HEAP_ALLOCATE|[55]|Bytes:12
12:44:25.0 (39845761)|CONSTRUCTOR_ENTRY|[55]|01p0H000007gCe8|<init>(Boolean,Time)
12:44:25.0 (39851483)|VARIABLE_SCOPE_BEGIN|[129]|this|docappcontroller.Wrapertimeslot|true|false
12:44:25.0 (39864958)|VARIABLE_ASSIGNMENT|[129]|this|{}|0x3fff093
12:44:25.0 (39871799)|VARIABLE_SCOPE_BEGIN|[129]|selection|Boolean|false|false
12:44:25.0 (39879391)|VARIABLE_ASSIGNMENT|[129]|selection|false
12:44:25.0 (39887401)|VARIABLE_SCOPE_BEGIN|[129]|tm|Time|false|false
12:44:25.0 (39896267)|VARIABLE_ASSIGNMENT|[129]|tm|46800000
12:44:25.0 (39901651)|STATEMENT_EXECUTE|[125]
12:44:25.0 (39903315)|STATEMENT_EXECUTE|[126]
12:44:25.0 (39904801)|STATEMENT_EXECUTE|[127]
12:44:25.0 (39914373)|STATEMENT_EXECUTE|[129]
12:44:25.0 (39915969)|STATEMENT_EXECUTE|[130]
12:44:25.0 (39927697)|VARIABLE_ASSIGNMENT|[EXTERNAL]|this|{}|0x3fff093
12:44:25.0 (39937058)|VARIABLE_ASSIGNMENT|[EXTERNAL]|value|false
12:44:25.0 (39942691)|HEAP_ALLOCATE|[126]|Bytes:5
12:44:25.0 (39948879)|VARIABLE_ASSIGNMENT|[126]|this.selected|false|0x3fff093
12:44:25.0 (39956702)|STATEMENT_EXECUTE|[131]
12:44:25.0 (39968748)|VARIABLE_ASSIGNMENT|[EXTERNAL]|this|{"selected":false}|0x3fff093
12:44:25.0 (39977920)|VARIABLE_ASSIGNMENT|[EXTERNAL]|value|46800000
12:44:25.0 (39984967)|VARIABLE_ASSIGNMENT|[127]|this.t|46800000|0x3fff093
12:44:25.0 (39997802)|CONSTRUCTOR_EXIT|[55]|01p0H000007gCe8|<init>(Boolean,Time)
12:44:25.0 (40007195)|HEAP_ALLOCATE|[EXTERNAL]|Bytes:4
12:44:25.0 (40017047)|HEAP_ALLOCATE|[63]|Bytes:28
12:44:25.0 (40034888)|STATEMENT_EXECUTE|[48]
12:44:25.0 (40036662)|STATEMENT_EXECUTE|[49]
12:44:25.0 (40044477)|USER_DEBUG|[49]|DEBUG|13:00:00.000Z
12:44:25.0 (40051442)|STATEMENT_EXECUTE|[50]
12:44:25.0 (40059543)|HEAP_ALLOCATE|[50]|Bytes:4
12:44:25.0 (40071994)|VARIABLE_ASSIGNMENT|[50]|t|48600000
12:44:25.0 (40077121)|STATEMENT_EXECUTE|[51]
12:44:25.0 (40082583)|HEAP_ALLOCATE|[51]|Bytes:28
12:44:25.0 (40094727)|HEAP_ALLOCATE|[51]|Bytes:28
12:44:25.0 (40105512)|VARIABLE_ASSIGNMENT|[51]|i1|6.5
12:44:25.0 (40109641)|STATEMENT_EXECUTE|[52]
12:44:25.0 (40134879)|VARIABLE_ASSIGNMENT|[EXTERNAL]|this|{"aptdum":"0x4454114f","Docdum":"0x664a16ff","Docmap":"0x5b5b5049","Selecteddoc":"a260H000001koYjQAI","timelist":"0x6aa0e3fb","timewraplist":"0x2aa81686","timewraplistInitial":"0x11fc18cf"}|0x60efa06a
12:44:25.0 (40149402)|HEAP_ALLOCATE|[EXTERNAL]|Bytes:4
12:44:25.0 (40161904)|STATEMENT_EXECUTE|[54]
12:44:25.0 (40163632)|STATEMENT_EXECUTE|[55]
12:44:25.0 (40185397)|VARIABLE_ASSIGNMENT|[EXTERNAL]|this|{"aptdum":"0x4454114f","Docdum":"0x664a16ff","Docmap":"0x5b5b5049","Selecteddoc":"a260H000001koYjQAI","timelist":"0x6aa0e3fb","timewraplist":"0x2aa81686","timewraplistInitial":"0x11fc18cf"}|0x60efa06a
12:44:25.0 (40201843)|HEAP_ALLOCATE|[55]|Bytes:12
12:44:25.0 (40212441)|CONSTRUCTOR_ENTRY|[55]|01p0H000007gCe8|<init>(Boolean,Time)
12:44:25.0 (40218043)|VARIABLE_SCOPE_BEGIN|[129]|this|docappcontroller.Wrapertimeslot|true|false
12:44:25.0 (40231454)|VARIABLE_ASSIGNMENT|[129]|this|{}|0x5e85246e
12:44:25.0 (40238484)|VARIABLE_SCOPE_BEGIN|[129]|selection|Boolean|false|false
12:44:25.0 (40246360)|VARIABLE_ASSIGNMENT|[129]|selection|false
12:44:25.0 (40250350)|VARIABLE_SCOPE_BEGIN|[129]|tm|Time|false|false
12:44:25.0 (40258332)|VARIABLE_ASSIGNMENT|[129]|tm|48600000
12:44:25.0 (40263071)|STATEMENT_EXECUTE|[125]
12:44:25.0 (40264808)|STATEMENT_EXECUTE|[126]
12:44:25.0 (40266581)|STATEMENT_EXECUTE|[127]
12:44:25.0 (40275607)|STATEMENT_EXECUTE|[129]
12:44:25.0 (40277125)|STATEMENT_EXECUTE|[130]
12:44:25.0 (40288724)|VARIABLE_ASSIGNMENT|[EXTERNAL]|this|{}|0x5e85246e
12:44:25.0 (40298091)|VARIABLE_ASSIGNMENT|[EXTERNAL]|value|false
12:44:25.0 (40303436)|HEAP_ALLOCATE|[126]|Bytes:5
12:44:25.0 (40309909)|VARIABLE_ASSIGNMENT|[126]|this.selected|false|0x5e85246e
12:44:25.0 (40317713)|STATEMENT_EXECUTE|[131]
12:44:25.0 (40329638)|VARIABLE_ASSIGNMENT|[EXTERNAL]|this|{"selected":false}|0x5e85246e
12:44:25.0 (40338678)|VARIABLE_ASSIGNMENT|[EXTERNAL]|value|48600000
12:44:25.0 (40345363)|VARIABLE_ASSIGNMENT|[127]|this.t|48600000|0x5e85246e
12:44:25.0 (40357873)|CONSTRUCTOR_EXIT|[55]|01p0H000007gCe8|<init>(Boolean,Time)
12:44:25.0 (40366804)|HEAP_ALLOCATE|[EXTERNAL]|Bytes:4
12:44:25.0 (40375852)|HEAP_ALLOCATE|[63]|Bytes:28
12:44:25.0 (40393355)|STATEMENT_EXECUTE|[48]
12:44:25.0 (40395068)|STATEMENT_EXECUTE|[49]
12:44:25.0 (40402576)|USER_DEBUG|[49]|DEBUG|13:30:00.000Z
12:44:25.0 (40409426)|STATEMENT_EXECUTE|[50]
12:44:25.0 (40417590)|HEAP_ALLOCATE|[50]|Bytes:4
12:44:25.0 (40430443)|VARIABLE_ASSIGNMENT|[50]|t|50400000
12:44:25.0 (40435181)|STATEMENT_EXECUTE|[51]
12:44:25.0 (40440399)|HEAP_ALLOCATE|[51]|Bytes:28
12:44:25.0 (40452657)|HEAP_ALLOCATE|[51]|Bytes:28
12:44:25.0 (40463062)|VARIABLE_ASSIGNMENT|[51]|i1|7.0
12:44:25.0 (40467526)|STATEMENT_EXECUTE|[52]
12:44:25.0 (40492655)|VARIABLE_ASSIGNMENT|[EXTERNAL]|this|{"aptdum":"0x4454114f","Docdum":"0x664a16ff","Docmap":"0x5b5b5049","Selecteddoc":"a260H000001koYjQAI","timelist":"0x6aa0e3fb","timewraplist":"0x2aa81686","timewraplistInitial":"0x11fc18cf"}|0x60efa06a
12:44:25.0 (40506513)|HEAP_ALLOCATE|[EXTERNAL]|Bytes:4
12:44:25.0 (40518603)|STATEMENT_EXECUTE|[54]
12:44:25.0 (40520342)|STATEMENT_EXECUTE|[55]
12:44:25.0 (40542069)|VARIABLE_ASSIGNMENT|[EXTERNAL]|this|{"aptdum":"0x4454114f","Docdum":"0x664a16ff","Docmap":"0x5b5b5049","Selecteddoc":"a260H000001koYjQAI","timelist":"0x6aa0e3fb","timewraplist":"0x2aa81686","timewraplistInitial":"0x11fc18cf"}|0x60efa06a
12:44:25.0 (40554474)|HEAP_ALLOCATE|[55]|Bytes:12
12:44:25.0 (40564767)|CONSTRUCTOR_ENTRY|[55]|01p0H000007gCe8|<init>(Boolean,Time)
12:44:25.0 (40570137)|VARIABLE_SCOPE_BEGIN|[129]|this|docappcontroller.Wrapertimeslot|true|false
12:44:25.0 (40583517)|VARIABLE_ASSIGNMENT|[129]|this|{}|0x68c3f540
12:44:25.0 (40590580)|VARIABLE_SCOPE_BEGIN|[129]|selection|Boolean|false|false
12:44:25.0 (40598028)|VARIABLE_ASSIGNMENT|[129]|selection|false
12:44:25.0 (40602194)|VARIABLE_SCOPE_BEGIN|[129]|tm|Time|false|false
12:44:25.0 (40610678)|VARIABLE_ASSIGNMENT|[129]|tm|50400000
12:44:25.0 (40615330)|STATEMENT_EXECUTE|[125]
12:44:25.0 (40616926)|STATEMENT_EXECUTE|[126]
12:44:25.0 (40618390)|STATEMENT_EXECUTE|[127]
12:44:25.0 (40627470)|STATEMENT_EXECUTE|[129]
12:44:25.0 (40629055)|STATEMENT_EXECUTE|[130]
12:44:25.0 (40640374)|VARIABLE_ASSIGNMENT|[EXTERNAL]|this|{}|0x68c3f540
12:44:25.0 (40649667)|VARIABLE_ASSIGNMENT|[EXTERNAL]|value|false
12:44:25.0 (40655700)|HEAP_ALLOCATE|[126]|Bytes:5
12:44:25.0 (40661421)|VARIABLE_ASSIGNMENT|[126]|this.selected|false|0x68c3f540
12:44:25.0 (40669511)|STATEMENT_EXECUTE|[131]
12:44:25.0 (40681670)|VARIABLE_ASSIGNMENT|[EXTERNAL]|this|{"selected":false}|0x68c3f540
12:44:25.0 (40690634)|VARIABLE_ASSIGNMENT|[EXTERNAL]|value|50400000
12:44:25.0 (40697582)|VARIABLE_ASSIGNMENT|[127]|this.t|50400000|0x68c3f540
12:44:25.0 (40709823)|CONSTRUCTOR_EXIT|[55]|01p0H000007gCe8|<init>(Boolean,Time)
12:44:25.0 (40718784)|HEAP_ALLOCATE|[EXTERNAL]|Bytes:4
12:44:25.0 (40728212)|HEAP_ALLOCATE|[63]|Bytes:28
12:44:25.0 (40745877)|STATEMENT_EXECUTE|[48]
12:44:25.0 (40747698)|STATEMENT_EXECUTE|[49]
12:44:25.0 (40755697)|USER_DEBUG|[49]|DEBUG|14:00:00.000Z
12:44:25.0 (40762394)|STATEMENT_EXECUTE|[50]
12:44:25.0 (40770027)|HEAP_ALLOCATE|[50]|Bytes:4
12:44:25.0 (40782422)|VARIABLE_ASSIGNMENT|[50]|t|52200000
12:44:25.0 (40787185)|STATEMENT_EXECUTE|[51]
12:44:25.0 (40792203)|HEAP_ALLOCATE|[51]|Bytes:28
12:44:25.0 (40804661)|HEAP_ALLOCATE|[51]|Bytes:28
12:44:25.0 (40814762)|VARIABLE_ASSIGNMENT|[51]|i1|7.5
12:44:25.0 (40819071)|STATEMENT_EXECUTE|[52]
12:44:25.0 (40843283)|VARIABLE_ASSIGNMENT|[EXTERNAL]|this|{"aptdum":"0x4454114f","Docdum":"0x664a16ff","Docmap":"0x5b5b5049","Selecteddoc":"a260H000001koYjQAI","timelist":"0x6aa0e3fb","timewraplist":"0x2aa81686","timewraplistInitial":"0x11fc18cf"}|0x60efa06a
12:44:25.0 (40857613)|HEAP_ALLOCATE|[EXTERNAL]|Bytes:4
12:44:25.0 (40870498)|STATEMENT_EXECUTE|[54]
12:44:25.0 (40872148)|STATEMENT_EXECUTE|[55]
12:44:25.0 (40893261)|VARIABLE_ASSIGNMENT|[EXTERNAL]|this|{"aptdum":"0x4454114f","Docdum":"0x664a16ff","Docmap":"0x5b5b5049","Selecteddoc":"a260H000001koYjQAI","timelist":"0x6aa0e3fb","timewraplist":"0x2aa81686","timewraplistInitial":"0x11fc18cf"}|0x60efa06a
12:44:25.0 (40905322)|HEAP_ALLOCATE|[55]|Bytes:12
12:44:25.0 (40915514)|CONSTRUCTOR_ENTRY|[55]|01p0H000007gCe8|<init>(Boolean,Time)
12:44:25.0 (40920878)|VARIABLE_SCOPE_BEGIN|[129]|this|docappcontroller.Wrapertimeslot|true|false
12:44:25.0 (40933843)|VARIABLE_ASSIGNMENT|[129]|this|{}|0x2b0e9832
12:44:25.0 (40940214)|VARIABLE_SCOPE_BEGIN|[129]|selection|Boolean|false|false
12:44:25.0 (40948045)|VARIABLE_ASSIGNMENT|[129]|selection|false
12:44:25.0 (40951522)|VARIABLE_SCOPE_BEGIN|[129]|tm|Time|false|false
12:44:25.0 (40959960)|VARIABLE_ASSIGNMENT|[129]|tm|52200000
12:44:25.0 (40964579)|STATEMENT_EXECUTE|[125]
12:44:25.0 (40966203)|STATEMENT_EXECUTE|[126]
12:44:25.0 (40967656)|STATEMENT_EXECUTE|[127]
12:44:25.0 (40976628)|STATEMENT_EXECUTE|[129]
12:44:25.0 (40978163)|STATEMENT_EXECUTE|[130]
12:44:25.0 (40989592)|VARIABLE_ASSIGNMENT|[EXTERNAL]|this|{}|0x2b0e9832
12:44:25.0 (40999258)|VARIABLE_ASSIGNMENT|[EXTERNAL]|value|false
12:44:25.0 (41004186)|HEAP_ALLOCATE|[126]|Bytes:5
12:44:25.0 (41011763)|VARIABLE_ASSIGNMENT|[126]|this.selected|false|0x2b0e9832
12:44:25.0 (41019668)|STATEMENT_EXECUTE|[131]
12:44:25.0 (41031709)|VARIABLE_ASSIGNMENT|[EXTERNAL]|this|{"selected":false}|0x2b0e9832
12:44:25.0 (41040367)|VARIABLE_ASSIGNMENT|[EXTERNAL]|value|52200000
12:44:25.0 (41047272)|VARIABLE_ASSIGNMENT|[127]|this.t|52200000|0x2b0e9832
12:44:25.0 (41059988)|CONSTRUCTOR_EXIT|[55]|01p0H000007gCe8|<init>(Boolean,Time)
12:44:25.0 (41069191)|HEAP_ALLOCATE|[EXTERNAL]|Bytes:4
12:44:25.0 (41078760)|HEAP_ALLOCATE|[63]|Bytes:28
12:44:25.0 (41096664)|STATEMENT_EXECUTE|[48]
12:44:25.0 (41098401)|STATEMENT_EXECUTE|[49]
12:44:25.0 (41106296)|USER_DEBUG|[49]|DEBUG|14:30:00.000Z
12:44:25.0 (41113341)|STATEMENT_EXECUTE|[50]
12:44:25.0 (41121347)|HEAP_ALLOCATE|[50]|Bytes:4
12:44:25.0 (41133525)|VARIABLE_ASSIGNMENT|[50]|t|54000000
12:44:25.0 (41138109)|STATEMENT_EXECUTE|[51]
12:44:25.0 (41143328)|HEAP_ALLOCATE|[51]|Bytes:28
12:44:25.0 (41155965)|HEAP_ALLOCATE|[51]|Bytes:28
12:44:25.0 (41166517)|VARIABLE_ASSIGNMENT|[51]|i1|8.0
12:44:25.0 (41170848)|STATEMENT_EXECUTE|[52]
12:44:25.0 (41202979)|VARIABLE_ASSIGNMENT|[EXTERNAL]|this|{"aptdum":"0x4454114f","Docdum":"0x664a16ff","Docmap":"0x5b5b5049","Selecteddoc":"a260H000001koYjQAI","timelist":"0x6aa0e3fb","timewraplist":"0x2aa81686","timewraplistInitial":"0x11fc18cf"}|0x60efa06a
12:44:25.0 (41223046)|HEAP_ALLOCATE|[EXTERNAL]|Bytes:4
12:44:25.0 (41240462)|STATEMENT_EXECUTE|[56]
12:44:25.0 (41243025)|STATEMENT_EXECUTE|[57]
12:44:25.0 (41285223)|VARIABLE_ASSIGNMENT|[EXTERNAL]|this|{"aptdum":"0x4454114f","Docdum":"0x664a16ff","Docmap":"0x5b5b5049","Selecteddoc":"a260H000001koYjQAI","timelist":"0x6aa0e3fb","timewraplist":"0x2aa81686","timewraplistInitial":"0x11fc18cf"}|0x60efa06a
12:44:25.0 (41299562)|HEAP_ALLOCATE|[57]|Bytes:12
12:44:25.0 (41310886)|CONSTRUCTOR_ENTRY|[57]|01p0H000007gCe8|<init>(Boolean,Time)
12:44:25.0 (41316516)|VARIABLE_SCOPE_BEGIN|[129]|this|docappcontroller.Wrapertimeslot|true|false
12:44:25.0 (41330394)|VARIABLE_ASSIGNMENT|[129]|this|{}|0x70d281c3
12:44:25.0 (41337288)|VARIABLE_SCOPE_BEGIN|[129]|selection|Boolean|false|false
12:44:25.0 (41344958)|VARIABLE_ASSIGNMENT|[129]|selection|true
12:44:25.0 (41348934)|VARIABLE_SCOPE_BEGIN|[129]|tm|Time|false|false
12:44:25.0 (41357226)|VARIABLE_ASSIGNMENT|[129]|tm|54000000
12:44:25.0 (41362267)|STATEMENT_EXECUTE|[125]
12:44:25.0 (41364071)|STATEMENT_EXECUTE|[126]
12:44:25.0 (41365589)|STATEMENT_EXECUTE|[127]
12:44:25.0 (41375329)|STATEMENT_EXECUTE|[129]
12:44:25.0 (41376902)|STATEMENT_EXECUTE|[130]
12:44:25.0 (41389110)|VARIABLE_ASSIGNMENT|[EXTERNAL]|this|{}|0x70d281c3
12:44:25.0 (41397954)|VARIABLE_ASSIGNMENT|[EXTERNAL]|value|true
12:44:25.0 (41403355)|HEAP_ALLOCATE|[126]|Bytes:5
12:44:25.0 (41410102)|VARIABLE_ASSIGNMENT|[126]|this.selected|true|0x70d281c3
12:44:25.0 (41417847)|STATEMENT_EXECUTE|[131]
12:44:25.0 (41430323)|VARIABLE_ASSIGNMENT|[EXTERNAL]|this|{"selected":true}|0x70d281c3
12:44:25.0 (41439536)|VARIABLE_ASSIGNMENT|[EXTERNAL]|value|54000000
12:44:25.0 (41446643)|VARIABLE_ASSIGNMENT|[127]|this.t|54000000|0x70d281c3
12:44:25.0 (41459384)|CONSTRUCTOR_EXIT|[57]|01p0H000007gCe8|<init>(Boolean,Time)
12:44:25.0 (41470718)|HEAP_ALLOCATE|[EXTERNAL]|Bytes:4
12:44:25.0 (41480361)|HEAP_ALLOCATE|[63]|Bytes:28
12:44:25.0 (41498836)|STATEMENT_EXECUTE|[48]
12:44:25.0 (41500668)|STATEMENT_EXECUTE|[49]
12:44:25.0 (41508850)|USER_DEBUG|[49]|DEBUG|15:00:00.000Z
12:44:25.0 (41515613)|STATEMENT_EXECUTE|[50]
12:44:25.0 (41523912)|HEAP_ALLOCATE|[50]|Bytes:4
12:44:25.0 (41537116)|VARIABLE_ASSIGNMENT|[50]|t|55800000
12:44:25.0 (41541673)|STATEMENT_EXECUTE|[51]
12:44:25.0 (41546950)|HEAP_ALLOCATE|[51]|Bytes:28
12:44:25.0 (41559147)|HEAP_ALLOCATE|[51]|Bytes:28
12:44:25.0 (41570261)|VARIABLE_ASSIGNMENT|[51]|i1|8.5
12:44:25.0 (41574506)|STATEMENT_EXECUTE|[52]
12:44:25.0 (41599790)|VARIABLE_ASSIGNMENT|[EXTERNAL]|this|{"aptdum":"0x4454114f","Docdum":"0x664a16ff","Docmap":"0x5b5b5049","Selecteddoc":"a260H000001koYjQAI","timelist":"0x6aa0e3fb","timewraplist":"0x2aa81686","timewraplistInitial":"0x11fc18cf"}|0x60efa06a
12:44:25.0 (41614325)|HEAP_ALLOCATE|[EXTERNAL]|Bytes:4
12:44:25.0 (41626810)|STATEMENT_EXECUTE|[56]
12:44:25.0 (41628519)|STATEMENT_EXECUTE|[57]
12:44:25.0 (41650019)|VARIABLE_ASSIGNMENT|[EXTERNAL]|this|{"aptdum":"0x4454114f","Docdum":"0x664a16ff","Docmap":"0x5b5b5049","Selecteddoc":"a260H000001koYjQAI","timelist":"0x6aa0e3fb","timewraplist":"0x2aa81686","timewraplistInitial":"0x11fc18cf"}|0x60efa06a
12:44:25.0 (41661856)|HEAP_ALLOCATE|[57]|Bytes:12
12:44:25.0 (41672375)|CONSTRUCTOR_ENTRY|[57]|01p0H000007gCe8|<init>(Boolean,Time)
12:44:25.0 (41677851)|VARIABLE_SCOPE_BEGIN|[129]|this|docappcontroller.Wrapertimeslot|true|false
12:44:25.0 (41691039)|VARIABLE_ASSIGNMENT|[129]|this|{}|0x56721a81
12:44:25.0 (41698063)|VARIABLE_SCOPE_BEGIN|[129]|selection|Boolean|false|false
12:44:25.0 (41705900)|VARIABLE_ASSIGNMENT|[129]|selection|true
12:44:25.0 (41709765)|VARIABLE_SCOPE_BEGIN|[129]|tm|Time|false|false
12:44:25.0 (41718113)|VARIABLE_ASSIGNMENT|[129]|tm|55800000
12:44:25.0 (41722697)|STATEMENT_EXECUTE|[125]
12:44:25.0 (41724290)|STATEMENT_EXECUTE|[126]
12:44:25.0 (41725770)|STATEMENT_EXECUTE|[127]
12:44:25.0 (41734754)|STATEMENT_EXECUTE|[129]
12:44:25.0 (41736331)|STATEMENT_EXECUTE|[130]
12:44:25.0 (41747897)|VARIABLE_ASSIGNMENT|[EXTERNAL]|this|{}|0x56721a81
12:44:25.0 (41757649)|VARIABLE_ASSIGNMENT|[EXTERNAL]|value|true
12:44:25.0 (41763371)|HEAP_ALLOCATE|[126]|Bytes:5
12:44:25.0 (41768969)|VARIABLE_ASSIGNMENT|[126]|this.selected|true|0x56721a81
12:44:25.0 (41776803)|STATEMENT_EXECUTE|[131]
12:44:25.0 (41788993)|VARIABLE_ASSIGNMENT|[EXTERNAL]|this|{"selected":true}|0x56721a81
12:44:25.0 (41797604)|VARIABLE_ASSIGNMENT|[EXTERNAL]|value|55800000
12:44:25.0 (41804461)|VARIABLE_ASSIGNMENT|[127]|this.t|55800000|0x56721a81
12:44:25.0 (41816927)|CONSTRUCTOR_EXIT|[57]|01p0H000007gCe8|<init>(Boolean,Time)
12:44:25.0 (41826359)|HEAP_ALLOCATE|[EXTERNAL]|Bytes:4
12:44:25.0 (41835537)|HEAP_ALLOCATE|[63]|Bytes:28
12:44:25.0 (41853316)|STATEMENT_EXECUTE|[48]
12:44:25.0 (41855097)|STATEMENT_EXECUTE|[49]
12:44:25.0 (41863310)|USER_DEBUG|[49]|DEBUG|15:30:00.000Z
12:44:25.0 (41870566)|STATEMENT_EXECUTE|[50]
12:44:25.0 (41878363)|HEAP_ALLOCATE|[50]|Bytes:4
12:44:25.0 (41890911)|VARIABLE_ASSIGNMENT|[50]|t|57600000
12:44:25.0 (41895726)|STATEMENT_EXECUTE|[51]
12:44:25.0 (41900613)|HEAP_ALLOCATE|[51]|Bytes:28
12:44:25.0 (41912715)|HEAP_ALLOCATE|[51]|Bytes:28
12:44:25.0 (41923293)|VARIABLE_ASSIGNMENT|[51]|i1|9.0
12:44:25.0 (41927785)|STATEMENT_EXECUTE|[52]
12:44:25.0 (41952307)|VARIABLE_ASSIGNMENT|[EXTERNAL]|this|{"aptdum":"0x4454114f","Docdum":"0x664a16ff","Docmap":"0x5b5b5049","Selecteddoc":"a260H000001koYjQAI","timelist":"0x6aa0e3fb","timewraplist":"0x2aa81686","timewraplistInitial":"0x11fc18cf"}|0x60efa06a
12:44:25.0 (41965780)|HEAP_ALLOCATE|[EXTERNAL]|Bytes:4
12:44:25.0 (41977697)|STATEMENT_EXECUTE|[56]
12:44:25.0 (41979380)|STATEMENT_EXECUTE|[57]
12:44:25.0 (42000605)|VARIABLE_ASSIGNMENT|[EXTERNAL]|this|{"aptdum":"0x4454114f","Docdum":"0x664a16ff","Docmap":"0x5b5b5049","Selecteddoc":"a260H000001koYjQAI","timelist":"0x6aa0e3fb","timewraplist":"0x2aa81686","timewraplistInitial":"0x11fc18cf"}|0x60efa06a
12:44:25.0 (42013570)|HEAP_ALLOCATE|[57]|Bytes:12
12:44:25.0 (42023774)|CONSTRUCTOR_ENTRY|[57]|01p0H000007gCe8|<init>(Boolean,Time)
12:44:25.0 (42029099)|VARIABLE_SCOPE_BEGIN|[129]|this|docappcontroller.Wrapertimeslot|true|false
12:44:25.0 (42042731)|VARIABLE_ASSIGNMENT|[129]|this|{}|0x77151b5e
12:44:25.0 (42049614)|VARIABLE_SCOPE_BEGIN|[129]|selection|Boolean|false|false
12:44:25.0 (42057024)|VARIABLE_ASSIGNMENT|[129]|selection|true
12:44:25.0 (42060727)|VARIABLE_SCOPE_BEGIN|[129]|tm|Time|false|false
12:44:25.0 (42068558)|VARIABLE_ASSIGNMENT|[129]|tm|57600000
12:44:25.0 (42073281)|STATEMENT_EXECUTE|[125]
12:44:25.0 (42074895)|STATEMENT_EXECUTE|[126]
12:44:25.0 (42076377)|STATEMENT_EXECUTE|[127]
12:44:25.0 (42085334)|STATEMENT_EXECUTE|[129]
12:44:25.0 (42086896)|STATEMENT_EXECUTE|[130]
12:44:25.0 (42098528)|VARIABLE_ASSIGNMENT|[EXTERNAL]|this|{}|0x77151b5e
12:44:25.0 (42108139)|VARIABLE_ASSIGNMENT|[EXTERNAL]|value|true
12:44:25.0 (42112992)|HEAP_ALLOCATE|[126]|Bytes:5
12:44:25.0 (42119320)|VARIABLE_ASSIGNMENT|[126]|this.selected|true|0x77151b5e
12:44:25.0 (42126950)|STATEMENT_EXECUTE|[131]
12:44:25.0 (42138678)|VARIABLE_ASSIGNMENT|[EXTERNAL]|this|{"selected":true}|0x77151b5e
12:44:25.0 (42147262)|VARIABLE_ASSIGNMENT|[EXTERNAL]|value|57600000
12:44:25.0 (42154822)|VARIABLE_ASSIGNMENT|[127]|this.t|57600000|0x77151b5e
12:44:25.0 (42167919)|CONSTRUCTOR_EXIT|[57]|01p0H000007gCe8|<init>(Boolean,Time)
12:44:25.0 (42177176)|HEAP_ALLOCATE|[EXTERNAL]|Bytes:4
12:44:25.0 (42186708)|HEAP_ALLOCATE|[63]|Bytes:28
12:44:25.0 (42215136)|STATEMENT_EXECUTE|[48]
12:44:25.0 (42217597)|STATEMENT_EXECUTE|[49]
12:44:25.0 (42227545)|USER_DEBUG|[49]|DEBUG|16:00:00.000Z
12:44:25.0 (42236724)|STATEMENT_EXECUTE|[50]
12:44:25.0 (42263344)|HEAP_ALLOCATE|[50]|Bytes:4
12:44:25.0 (42278947)|VARIABLE_ASSIGNMENT|[50]|t|59400000
12:44:25.0 (42284188)|STATEMENT_EXECUTE|[51]
12:44:25.0 (42289998)|HEAP_ALLOCATE|[51]|Bytes:28
12:44:25.0 (42302318)|HEAP_ALLOCATE|[51]|Bytes:28
12:44:25.0 (42313506)|VARIABLE_ASSIGNMENT|[51]|i1|9.5
12:44:25.0 (42318307)|STATEMENT_EXECUTE|[52]
12:44:25.0 (42356290)|VARIABLE_ASSIGNMENT|[EXTERNAL]|this|{"aptdum":"0x4454114f","Docdum":"0x664a16ff","Docmap":"0x5b5b5049","Selecteddoc":"a260H000001koYjQAI","timelist":"0x6aa0e3fb","timewraplist":"0x2aa81686","timewraplistInitial":"0x11fc18cf"}|0x60efa06a
12:44:25.0 (42372770)|HEAP_ALLOCATE|[EXTERNAL]|Bytes:4
12:44:25.0 (42385256)|STATEMENT_EXECUTE|[56]
12:44:25.0 (42386970)|STATEMENT_EXECUTE|[57]
12:44:25.0 (42410187)|VARIABLE_ASSIGNMENT|[EXTERNAL]|this|{"aptdum":"0x4454114f","Docdum":"0x664a16ff","Docmap":"0x5b5b5049","Selecteddoc":"a260H000001koYjQAI","timelist":"0x6aa0e3fb","timewraplist":"0x2aa81686","timewraplistInitial":"0x11fc18cf"}|0x60efa06a
12:44:25.0 (42423028)|HEAP_ALLOCATE|[57]|Bytes:12
12:44:25.0 (42433826)|CONSTRUCTOR_ENTRY|[57]|01p0H000007gCe8|<init>(Boolean,Time)
12:44:25.0 (42439794)|VARIABLE_SCOPE_BEGIN|[129]|this|docappcontroller.Wrapertimeslot|true|false
12:44:25.0 (42453368)|VARIABLE_ASSIGNMENT|[129]|this|{}|0x4ead0946
12:44:25.0 (42460265)|VARIABLE_SCOPE_BEGIN|[129]|selection|Boolean|false|false
12:44:25.0 (42467712)|VARIABLE_ASSIGNMENT|[129]|selection|true
12:44:25.0 (42471965)|VARIABLE_SCOPE_BEGIN|[129]|tm|Time|false|false
12:44:25.0 (42481301)|VARIABLE_ASSIGNMENT|[129]|tm|59400000
12:44:25.0 (42486449)|STATEMENT_EXECUTE|[125]
12:44:25.0 (42488085)|STATEMENT_EXECUTE|[126]
12:44:25.0 (42489563)|STATEMENT_EXECUTE|[127]
12:44:25.0 (42498960)|STATEMENT_EXECUTE|[129]
12:44:25.0 (42500499)|STATEMENT_EXECUTE|[130]
12:44:25.0 (42512129)|VARIABLE_ASSIGNMENT|[EXTERNAL]|this|{}|0x4ead0946
12:44:25.0 (42521676)|VARIABLE_ASSIGNMENT|[EXTERNAL]|value|true
12:44:25.0 (42527443)|HEAP_ALLOCATE|[126]|Bytes:5
12:44:25.0 (42534313)|VARIABLE_ASSIGNMENT|[126]|this.selected|true|0x4ead0946
12:44:25.0 (42542093)|STATEMENT_EXECUTE|[131]
12:44:25.0 (42554086)|VARIABLE_ASSIGNMENT|[EXTERNAL]|this|{"selected":true}|0x4ead0946
12:44:25.0 (42562886)|VARIABLE_ASSIGNMENT|[EXTERNAL]|value|59400000
12:44:25.0 (42569565)|VARIABLE_ASSIGNMENT|[127]|this.t|59400000|0x4ead0946
12:44:25.0 (42582371)|CONSTRUCTOR_EXIT|[57]|01p0H000007gCe8|<init>(Boolean,Time)
12:44:25.0 (42592025)|HEAP_ALLOCATE|[EXTERNAL]|Bytes:4
12:44:25.0 (42601162)|HEAP_ALLOCATE|[63]|Bytes:28
12:44:25.0 (42619336)|STATEMENT_EXECUTE|[48]
12:44:25.0 (42621435)|STATEMENT_EXECUTE|[49]
12:44:25.0 (42629626)|USER_DEBUG|[49]|DEBUG|16:30:00.000Z
12:44:25.0 (42636714)|STATEMENT_EXECUTE|[50]
12:44:25.0 (42644958)|HEAP_ALLOCATE|[50]|Bytes:4
12:44:25.0 (42657877)|VARIABLE_ASSIGNMENT|[50]|t|61200000
12:44:25.0 (42662501)|STATEMENT_EXECUTE|[51]
12:44:25.0 (42667767)|HEAP_ALLOCATE|[51]|Bytes:28
12:44:25.0 (42680446)|HEAP_ALLOCATE|[51]|Bytes:28
12:44:25.0 (42691376)|VARIABLE_ASSIGNMENT|[51]|i1|10.0
12:44:25.0 (42695982)|STATEMENT_EXECUTE|[52]
12:44:25.0 (42721582)|VARIABLE_ASSIGNMENT|[EXTERNAL]|this|{"aptdum":"0x4454114f","Docdum":"0x664a16ff","Docmap":"0x5b5b5049","Selecteddoc":"a260H000001koYjQAI","timelist":"0x6aa0e3fb","timewraplist":"0x2aa81686","timewraplistInitial":"0x11fc18cf"}|0x60efa06a
12:44:25.0 (42736039)|HEAP_ALLOCATE|[EXTERNAL]|Bytes:4
12:44:25.0 (42747859)|STATEMENT_EXECUTE|[56]
12:44:25.0 (42749540)|STATEMENT_EXECUTE|[57]
12:44:25.0 (42770485)|VARIABLE_ASSIGNMENT|[EXTERNAL]|this|{"aptdum":"0x4454114f","Docdum":"0x664a16ff","Docmap":"0x5b5b5049","Selecteddoc":"a260H000001koYjQAI","timelist":"0x6aa0e3fb","timewraplist":"0x2aa81686","timewraplistInitial":"0x11fc18cf"}|0x60efa06a
12:44:25.0 (42782667)|HEAP_ALLOCATE|[57]|Bytes:12
12:44:25.0 (42792653)|CONSTRUCTOR_ENTRY|[57]|01p0H000007gCe8|<init>(Boolean,Time)
12:44:25.0 (42798598)|VARIABLE_SCOPE_BEGIN|[129]|this|docappcontroller.Wrapertimeslot|true|false
12:44:25.0 (42811817)|VARIABLE_ASSIGNMENT|[129]|this|{}|0x61015255
12:44:25.0 (42818558)|VARIABLE_SCOPE_BEGIN|[129]|selection|Boolean|false|false
12:44:25.0 (42825967)|VARIABLE_ASSIGNMENT|[129]|selection|true
12:44:25.0 (42829817)|VARIABLE_SCOPE_BEGIN|[129]|tm|Time|false|false
12:44:25.0 (42838260)|VARIABLE_ASSIGNMENT|[129]|tm|61200000
12:44:25.0 (42842783)|STATEMENT_EXECUTE|[125]
12:44:25.0 (42844418)|STATEMENT_EXECUTE|[126]
12:44:25.0 (42845912)|STATEMENT_EXECUTE|[127]
12:44:25.0 (42855071)|STATEMENT_EXECUTE|[129]
12:44:25.0 (42856595)|STATEMENT_EXECUTE|[130]
12:44:25.0 (42867827)|VARIABLE_ASSIGNMENT|[EXTERNAL]|this|{}|0x61015255
12:44:25.0 (42876861)|VARIABLE_ASSIGNMENT|[EXTERNAL]|value|true
12:44:25.0 (42881913)|HEAP_ALLOCATE|[126]|Bytes:5
12:44:25.0 (42888569)|VARIABLE_ASSIGNMENT|[126]|this.selected|true|0x61015255
12:44:25.0 (42896114)|STATEMENT_EXECUTE|[131]
12:44:25.0 (42908187)|VARIABLE_ASSIGNMENT|[EXTERNAL]|this|{"selected":true}|0x61015255
12:44:25.0 (42917359)|VARIABLE_ASSIGNMENT|[EXTERNAL]|value|61200000
12:44:25.0 (42924351)|VARIABLE_ASSIGNMENT|[127]|this.t|61200000|0x61015255
12:44:25.0 (42937344)|CONSTRUCTOR_EXIT|[57]|01p0H000007gCe8|<init>(Boolean,Time)
12:44:25.0 (42946678)|HEAP_ALLOCATE|[EXTERNAL]|Bytes:4
12:44:25.0 (42955618)|HEAP_ALLOCATE|[63]|Bytes:28
12:44:25.0 (42973423)|STATEMENT_EXECUTE|[48]
12:44:25.0 (42975274)|STATEMENT_EXECUTE|[49]
12:44:25.0 (42983180)|USER_DEBUG|[49]|DEBUG|17:00:00.000Z
12:44:25.0 (42989551)|STATEMENT_EXECUTE|[50]
12:44:25.0 (42997587)|HEAP_ALLOCATE|[50]|Bytes:4
12:44:25.0 (43009812)|VARIABLE_ASSIGNMENT|[50]|t|63000000
12:44:25.0 (43014609)|STATEMENT_EXECUTE|[51]
12:44:25.0 (43019612)|HEAP_ALLOCATE|[51]|Bytes:28
12:44:25.0 (43032298)|HEAP_ALLOCATE|[51]|Bytes:28
12:44:25.0 (43042405)|VARIABLE_ASSIGNMENT|[51]|i1|10.5
12:44:25.0 (43047015)|STATEMENT_EXECUTE|[52]
12:44:25.0 (43072500)|VARIABLE_ASSIGNMENT|[EXTERNAL]|this|{"aptdum":"0x4454114f","Docdum":"0x664a16ff","Docmap":"0x5b5b5049","Selecteddoc":"a260H000001koYjQAI","timelist":"0x6aa0e3fb","timewraplist":"0x2aa81686","timewraplistInitial":"0x11fc18cf"}|0x60efa06a
12:44:25.0 (43087215)|HEAP_ALLOCATE|[EXTERNAL]|Bytes:4
12:44:25.0 (43099481)|STATEMENT_EXECUTE|[54]
12:44:25.0 (43101210)|STATEMENT_EXECUTE|[55]
12:44:25.0 (43122635)|VARIABLE_ASSIGNMENT|[EXTERNAL]|this|{"aptdum":"0x4454114f","Docdum":"0x664a16ff","Docmap":"0x5b5b5049","Selecteddoc":"a260H000001koYjQAI","timelist":"0x6aa0e3fb","timewraplist":"0x2aa81686","timewraplistInitial":"0x11fc18cf"}|0x60efa06a
12:44:25.0 (43134055)|HEAP_ALLOCATE|[55]|Bytes:12
12:44:25.0 (43144245)|CONSTRUCTOR_ENTRY|[55]|01p0H000007gCe8|<init>(Boolean,Time)
12:44:25.0 (43149997)|VARIABLE_SCOPE_BEGIN|[129]|this|docappcontroller.Wrapertimeslot|true|false
12:44:25.0 (43163539)|VARIABLE_ASSIGNMENT|[129]|this|{}|0x5e07ee68
12:44:25.0 (43170295)|VARIABLE_SCOPE_BEGIN|[129]|selection|Boolean|false|false
12:44:25.0 (43177726)|VARIABLE_ASSIGNMENT|[129]|selection|false
12:44:25.0 (43181787)|VARIABLE_SCOPE_BEGIN|[129]|tm|Time|false|false
12:44:25.0 (43191024)|VARIABLE_ASSIGNMENT|[129]|tm|63000000
12:44:25.0 (43213196)|STATEMENT_EXECUTE|[125]
12:44:25.0 (43215495)|STATEMENT_EXECUTE|[126]
12:44:25.0 (43217551)|STATEMENT_EXECUTE|[127]
12:44:25.0 (43229964)|STATEMENT_EXECUTE|[129]
12:44:25.0 (43232042)|STATEMENT_EXECUTE|[130]
12:44:25.0 (43246438)|VARIABLE_ASSIGNMENT|[EXTERNAL]|this|{}|0x5e07ee68
12:44:25.0 (43255589)|VARIABLE_ASSIGNMENT|[EXTERNAL]|value|false
12:44:25.0 (43260706)|HEAP_ALLOCATE|[126]|Bytes:5
12:44:25.0 (43266968)|VARIABLE_ASSIGNMENT|[126]|this.selected|false|0x5e07ee68
12:44:25.0 (43275081)|STATEMENT_EXECUTE|[131]
12:44:25.0 (43287166)|VARIABLE_ASSIGNMENT|[EXTERNAL]|this|{"selected":false}|0x5e07ee68
12:44:25.0 (43296358)|VARIABLE_ASSIGNMENT|[EXTERNAL]|value|63000000
12:44:25.0 (43303185)|VARIABLE_ASSIGNMENT|[127]|this.t|63000000|0x5e07ee68
12:44:25.0 (43315694)|CONSTRUCTOR_EXIT|[55]|01p0H000007gCe8|<init>(Boolean,Time)
12:44:25.0 (43324908)|HEAP_ALLOCATE|[EXTERNAL]|Bytes:4
12:44:25.0 (43335030)|HEAP_ALLOCATE|[63]|Bytes:28
12:44:25.0 (43353025)|STATEMENT_EXECUTE|[48]
12:44:25.0 (43355214)|STATEMENT_EXECUTE|[49]
12:44:25.0 (43362736)|USER_DEBUG|[49]|DEBUG|17:30:00.000Z
12:44:25.0 (43370264)|STATEMENT_EXECUTE|[50]
12:44:25.0 (43378215)|HEAP_ALLOCATE|[50]|Bytes:4
12:44:25.0 (43391010)|VARIABLE_ASSIGNMENT|[50]|t|64800000
12:44:25.0 (43395900)|STATEMENT_EXECUTE|[51]
12:44:25.0 (43400977)|HEAP_ALLOCATE|[51]|Bytes:28
12:44:25.0 (43413238)|HEAP_ALLOCATE|[51]|Bytes:28
12:44:25.0 (43424130)|VARIABLE_ASSIGNMENT|[51]|i1|11.0
12:44:25.0 (43429017)|STATEMENT_EXECUTE|[52]
12:44:25.0 (43453934)|VARIABLE_ASSIGNMENT|[EXTERNAL]|this|{"aptdum":"0x4454114f","Docdum":"0x664a16ff","Docmap":"0x5b5b5049","Selecteddoc":"a260H000001koYjQAI","timelist":"0x6aa0e3fb","timewraplist":"0x2aa81686","timewraplistInitial":"0x11fc18cf"}|0x60efa06a
12:44:25.0 (43467960)|HEAP_ALLOCATE|[EXTERNAL]|Bytes:4
12:44:25.0 (43480569)|STATEMENT_EXECUTE|[54]
12:44:25.0 (43482636)|STATEMENT_EXECUTE|[55]
12:44:25.0 (43503936)|VARIABLE_ASSIGNMENT|[EXTERNAL]|this|{"aptdum":"0x4454114f","Docdum":"0x664a16ff","Docmap":"0x5b5b5049","Selecteddoc":"a260H000001koYjQAI","timelist":"0x6aa0e3fb","timewraplist":"0x2aa81686","timewraplistInitial":"0x11fc18cf"}|0x60efa06a
12:44:25.0 (43516310)|HEAP_ALLOCATE|[55]|Bytes:12
12:44:25.0 (43526663)|CONSTRUCTOR_ENTRY|[55]|01p0H000007gCe8|<init>(Boolean,Time)
12:44:25.0 (43532123)|VARIABLE_SCOPE_BEGIN|[129]|this|docappcontroller.Wrapertimeslot|true|false
12:44:25.0 (43545680)|VARIABLE_ASSIGNMENT|[129]|this|{}|0x6941b66d
12:44:25.0 (43552079)|VARIABLE_SCOPE_BEGIN|[129]|selection|Boolean|false|false
12:44:25.0 (43559625)|VARIABLE_ASSIGNMENT|[129]|selection|false
12:44:25.0 (43564040)|VARIABLE_SCOPE_BEGIN|[129]|tm|Time|false|false
12:44:25.0 (43572316)|VARIABLE_ASSIGNMENT|[129]|tm|64800000
12:44:25.0 (43577039)|STATEMENT_EXECUTE|[125]
12:44:25.0 (43578858)|STATEMENT_EXECUTE|[126]
12:44:25.0 (43580339)|STATEMENT_EXECUTE|[127]
12:44:25.0 (43589593)|STATEMENT_EXECUTE|[129]
12:44:25.0 (43591139)|STATEMENT_EXECUTE|[130]
12:44:25.0 (43602864)|VARIABLE_ASSIGNMENT|[EXTERNAL]|this|{}|0x6941b66d
12:44:25.0 (43612206)|VARIABLE_ASSIGNMENT|[EXTERNAL]|value|false
12:44:25.0 (43618213)|HEAP_ALLOCATE|[126]|Bytes:5
12:44:25.0 (43624562)|VARIABLE_ASSIGNMENT|[126]|this.selected|false|0x6941b66d
12:44:25.0 (43632270)|STATEMENT_EXECUTE|[131]
12:44:25.0 (43644161)|VARIABLE_ASSIGNMENT|[EXTERNAL]|this|{"selected":false}|0x6941b66d
12:44:25.0 (43653318)|VARIABLE_ASSIGNMENT|[EXTERNAL]|value|64800000
12:44:25.0 (43660291)|VARIABLE_ASSIGNMENT|[127]|this.t|64800000|0x6941b66d
12:44:25.0 (43673862)|CONSTRUCTOR_EXIT|[55]|01p0H000007gCe8|<init>(Boolean,Time)
12:44:25.0 (43682914)|HEAP_ALLOCATE|[EXTERNAL]|Bytes:4
12:44:25.0 (43692098)|HEAP_ALLOCATE|[63]|Bytes:28
12:44:25.0 (43710067)|STATEMENT_EXECUTE|[48]
12:44:25.0 (43711787)|STATEMENT_EXECUTE|[49]
12:44:25.0 (43719284)|USER_DEBUG|[49]|DEBUG|18:00:00.000Z
12:44:25.0 (43725844)|STATEMENT_EXECUTE|[50]
12:44:25.0 (43733662)|HEAP_ALLOCATE|[50]|Bytes:4
12:44:25.0 (43746158)|VARIABLE_ASSIGNMENT|[50]|t|66600000
12:44:25.0 (43750686)|STATEMENT_EXECUTE|[51]
12:44:25.0 (43755903)|HEAP_ALLOCATE|[51]|Bytes:28
12:44:25.0 (43767813)|HEAP_ALLOCATE|[51]|Bytes:28
12:44:25.0 (43778471)|VARIABLE_ASSIGNMENT|[51]|i1|11.5
12:44:25.0 (43782589)|STATEMENT_EXECUTE|[52]
12:44:25.0 (43808475)|VARIABLE_ASSIGNMENT|[EXTERNAL]|this|{"aptdum":"0x4454114f","Docdum":"0x664a16ff","Docmap":"0x5b5b5049","Selecteddoc":"a260H000001koYjQAI","timelist":"0x6aa0e3fb","timewraplist":"0x2aa81686","timewraplistInitial":"0x11fc18cf"}|0x60efa06a
12:44:25.0 (43823187)|HEAP_ALLOCATE|[EXTERNAL]|Bytes:4
12:44:25.0 (43835012)|STATEMENT_EXECUTE|[54]
12:44:25.0 (43836690)|STATEMENT_EXECUTE|[55]
12:44:25.0 (43858103)|VARIABLE_ASSIGNMENT|[EXTERNAL]|this|{"aptdum":"0x4454114f","Docdum":"0x664a16ff","Docmap":"0x5b5b5049","Selecteddoc":"a260H000001koYjQAI","timelist":"0x6aa0e3fb","timewraplist":"0x2aa81686","timewraplistInitial":"0x11fc18cf"}|0x60efa06a
12:44:25.0 (43869375)|HEAP_ALLOCATE|[55]|Bytes:12
12:44:25.0 (43879257)|CONSTRUCTOR_ENTRY|[55]|01p0H000007gCe8|<init>(Boolean,Time)
12:44:25.0 (43885252)|VARIABLE_SCOPE_BEGIN|[129]|this|docappcontroller.Wrapertimeslot|true|false
12:44:25.0 (43898444)|VARIABLE_ASSIGNMENT|[129]|this|{}|0x533f76f2
12:44:25.0 (43905085)|VARIABLE_SCOPE_BEGIN|[129]|selection|Boolean|false|false
12:44:25.0 (43912230)|VARIABLE_ASSIGNMENT|[129]|selection|false
12:44:25.0 (43916374)|VARIABLE_SCOPE_BEGIN|[129]|tm|Time|false|false
12:44:25.0 (43924790)|VARIABLE_ASSIGNMENT|[129]|tm|66600000
12:44:25.0 (43929491)|STATEMENT_EXECUTE|[125]
12:44:25.0 (43931215)|STATEMENT_EXECUTE|[126]
12:44:25.0 (43932687)|STATEMENT_EXECUTE|[127]
12:44:25.0 (43941318)|STATEMENT_EXECUTE|[129]
12:44:25.0 (43942845)|STATEMENT_EXECUTE|[130]
12:44:25.0 (43954496)|VARIABLE_ASSIGNMENT|[EXTERNAL]|this|{}|0x533f76f2
12:44:25.0 (43964128)|VARIABLE_ASSIGNMENT|[EXTERNAL]|value|false
12:44:25.0 (43969606)|HEAP_ALLOCATE|[126]|Bytes:5
12:44:25.0 (43975456)|VARIABLE_ASSIGNMENT|[126]|this.selected|false|0x533f76f2
12:44:25.0 (43983059)|STATEMENT_EXECUTE|[131]
12:44:25.0 (43994789)|VARIABLE_ASSIGNMENT|[EXTERNAL]|this|{"selected":false}|0x533f76f2
12:44:25.0 (44003874)|VARIABLE_ASSIGNMENT|[EXTERNAL]|value|66600000
12:44:25.0 (44011682)|VARIABLE_ASSIGNMENT|[127]|this.t|66600000|0x533f76f2
12:44:25.0 (44024353)|CONSTRUCTOR_EXIT|[55]|01p0H000007gCe8|<init>(Boolean,Time)
12:44:25.0 (44033104)|HEAP_ALLOCATE|[EXTERNAL]|Bytes:4
12:44:25.0 (44042646)|HEAP_ALLOCATE|[63]|Bytes:28
12:44:25.0 (44061019)|STATEMENT_EXECUTE|[48]
12:44:25.0 (44062850)|STATEMENT_EXECUTE|[49]
12:44:25.0 (44070427)|USER_DEBUG|[49]|DEBUG|18:30:00.000Z
12:44:25.0 (44077385)|STATEMENT_EXECUTE|[50]
12:44:25.0 (44085192)|HEAP_ALLOCATE|[50]|Bytes:4
12:44:25.0 (44097128)|VARIABLE_ASSIGNMENT|[50]|t|68400000
12:44:25.0 (44102161)|STATEMENT_EXECUTE|[51]
12:44:25.0 (44107439)|HEAP_ALLOCATE|[51]|Bytes:28
12:44:25.0 (44119299)|HEAP_ALLOCATE|[51]|Bytes:28
12:44:25.0 (44129728)|VARIABLE_ASSIGNMENT|[51]|i1|12.0
12:44:25.0 (44134887)|STATEMENT_EXECUTE|[52]
12:44:25.0 (44160461)|VARIABLE_ASSIGNMENT|[EXTERNAL]|this|{"aptdum":"0x4454114f","Docdum":"0x664a16ff","Docmap":"0x5b5b5049","Selecteddoc":"a260H000001koYjQAI","timelist":"0x6aa0e3fb","timewraplist":"0x2aa81686","timewraplistInitial":"0x11fc18cf"}|0x60efa06a
12:44:25.0 (44174711)|HEAP_ALLOCATE|[EXTERNAL]|Bytes:4
12:44:25.0 (44186868)|STATEMENT_EXECUTE|[54]
12:44:25.0 (44188669)|STATEMENT_EXECUTE|[55]
12:44:25.0 (44216139)|VARIABLE_ASSIGNMENT|[EXTERNAL]|this|{"aptdum":"0x4454114f","Docdum":"0x664a16ff","Docmap":"0x5b5b5049","Selecteddoc":"a260H000001koYjQAI","timelist":"0x6aa0e3fb","timewraplist":"0x2aa81686","timewraplistInitial":"0x11fc18cf"}|0x60efa06a
12:44:25.0 (44228029)|HEAP_ALLOCATE|[55]|Bytes:12
12:44:25.0 (44238233)|CONSTRUCTOR_ENTRY|[55]|01p0H000007gCe8|<init>(Boolean,Time)
12:44:25.0 (44244099)|VARIABLE_SCOPE_BEGIN|[129]|this|docappcontroller.Wrapertimeslot|true|false
12:44:25.0 (44257567)|VARIABLE_ASSIGNMENT|[129]|this|{}|0x4fd2a403
12:44:25.0 (44264255)|VARIABLE_SCOPE_BEGIN|[129]|selection|Boolean|false|false
12:44:25.0 (44271919)|VARIABLE_ASSIGNMENT|[129]|selection|false
12:44:25.0 (44275698)|VARIABLE_SCOPE_BEGIN|[129]|tm|Time|false|false
12:44:25.0 (44283612)|VARIABLE_ASSIGNMENT|[129]|tm|68400000
12:44:25.0 (44288622)|STATEMENT_EXECUTE|[125]
12:44:25.0 (44290182)|STATEMENT_EXECUTE|[126]
12:44:25.0 (44291681)|STATEMENT_EXECUTE|[127]
12:44:25.0 (44300758)|STATEMENT_EXECUTE|[129]
12:44:25.0 (44302511)|STATEMENT_EXECUTE|[130]
12:44:25.0 (44313913)|VARIABLE_ASSIGNMENT|[EXTERNAL]|this|{}|0x4fd2a403
12:44:25.0 (44323537)|VARIABLE_ASSIGNMENT|[EXTERNAL]|value|false
12:44:25.0 (44329411)|HEAP_ALLOCATE|[126]|Bytes:5
12:44:25.0 (44335462)|VARIABLE_ASSIGNMENT|[126]|this.selected|false|0x4fd2a403
12:44:25.0 (44343232)|STATEMENT_EXECUTE|[131]
12:44:25.0 (44355380)|VARIABLE_ASSIGNMENT|[EXTERNAL]|this|{"selected":false}|0x4fd2a403
12:44:25.0 (44364903)|VARIABLE_ASSIGNMENT|[EXTERNAL]|value|68400000
12:44:25.0 (44372007)|VARIABLE_ASSIGNMENT|[127]|this.t|68400000|0x4fd2a403
12:44:25.0 (44385013)|CONSTRUCTOR_EXIT|[55]|01p0H000007gCe8|<init>(Boolean,Time)
12:44:25.0 (44394205)|HEAP_ALLOCATE|[EXTERNAL]|Bytes:4
12:44:25.0 (44403598)|HEAP_ALLOCATE|[63]|Bytes:28
12:44:25.0 (44421445)|STATEMENT_EXECUTE|[69]
12:44:25.0 (44454303)|VARIABLE_ASSIGNMENT|[EXTERNAL]|this|{"aptdum":"0x4454114f","Docdum":"0x664a16ff","Docmap":"0x5b5b5049","Selecteddoc":"a260H000001koYjQAI","timelist":"0x6aa0e3fb","timewraplist":"0x2aa81686","timewraplistInitial":"0x11fc18cf"}|0x60efa06a
12:44:25.0 (44473359)|VARIABLE_ASSIGNMENT|[69]|this.timewraplistInitial|"List of size 25 too large to display"|0x60efa06a
12:44:25.0 (44479154)|STATEMENT_EXECUTE|[71]
12:44:25.47 (47561571)|SYSTEM_MODE_ENTER|true
12:44:25.47 (47615692)|HEAP_ALLOCATE|[EXTERNAL]|Bytes:8
12:44:25.47 (47623322)|VARIABLE_SCOPE_BEGIN|[88]|this|ApexPage.PageMessagesComponentController|true|false
12:44:25.47 (47649716)|VARIABLE_ASSIGNMENT|[88]|this|{}|0x3f8118d5
12:44:25.47 (47656420)|VARIABLE_SCOPE_BEGIN|[88]|escape|Boolean|false|false
12:44:25.47 (47664169)|VARIABLE_ASSIGNMENT|[88]|escape|null
12:44:25.47 (47750846)|SYSTEM_MODE_ENTER|true
12:44:25.47 (47782578)|HEAP_ALLOCATE|[EXTERNAL]|Bytes:8
12:44:25.47 (47790148)|VARIABLE_SCOPE_BEGIN|[2]|this|ApexPage.PageMessagesComponentController|true|false
12:44:25.47 (47811420)|VARIABLE_ASSIGNMENT|[2]|this|{}|0x3f8118d5
12:44:25.0 (48107108)|SYSTEM_MODE_ENTER|true
12:44:25.0 (48470713)|SYSTEM_MODE_ENTER|true
12:44:25.0 (48756222)|SYSTEM_MODE_ENTER|true
12:44:25.0 (48824552)|SYSTEM_MODE_ENTER|true
12:44:25.71 (71054626)|SYSTEM_MODE_ENTER|true
12:44:25.71 (71114377)|HEAP_ALLOCATE|[EXTERNAL]|Bytes:8
12:44:25.71 (71123814)|VARIABLE_SCOPE_BEGIN|[88]|this|ApexPage.PageMessagesComponentController|true|false
12:44:25.71 (71153620)|VARIABLE_ASSIGNMENT|[88]|this|{}|0x3f8118d5
12:44:25.71 (71160634)|VARIABLE_SCOPE_BEGIN|[88]|escape|Boolean|false|false
12:44:25.71 (71169448)|VARIABLE_ASSIGNMENT|[88]|escape|null
12:44:25.71 (71292387)|SYSTEM_MODE_ENTER|true
12:44:25.71 (71324950)|HEAP_ALLOCATE|[EXTERNAL]|Bytes:8
12:44:25.71 (71331910)|VARIABLE_SCOPE_BEGIN|[2]|this|ApexPage.PageMessagesComponentController|true|false
12:44:25.71 (71353090)|VARIABLE_ASSIGNMENT|[2]|this|{}|0x3f8118d5
12:44:25.0 (72768895)|SYSTEM_MODE_ENTER|true
12:44:25.0 (72810026)|HEAP_ALLOCATE|[EXTERNAL]|Bytes:36
12:44:25.0 (72818343)|VARIABLE_SCOPE_BEGIN|[103]|this|docappcontroller|true|false
12:44:25.0 (72862056)|VARIABLE_ASSIGNMENT|[103]|this|{"aptdum":"0x4454114f","Docdum":"0x664a16ff","Docmap":"0x5b5b5049","Selecteddoc":"a260H000001koYjQAI","timelist":"0x6aa0e3fb","timewraplist":"0x2aa81686","timewraplistInitial":"0x2aa81686"}|0x60efa06a
12:44:25.0 (72874881)|STATEMENT_EXECUTE|[103]
12:44:25.0 (72877251)|STATEMENT_EXECUTE|[105]
12:44:25.0 (72890062)|HEAP_ALLOCATE|[105]|Bytes:4
12:44:25.0 (72906398)|VARIABLE_SCOPE_BEGIN|[105]|options|List<System.SelectOption>|true|false
12:44:25.0 (72929000)|HEAP_ALLOCATE|[EXTERNAL]|Bytes:4
12:44:25.0 (72938521)|VARIABLE_ASSIGNMENT|[105]|options|[]|0x5c1cc1a2
12:44:25.0 (72944603)|STATEMENT_EXECUTE|[106]
12:44:25.0 (72966055)|HEAP_ALLOCATE|[EXTERNAL]|Bytes:4
12:44:25.0 (73002582)|VARIABLE_ASSIGNMENT|[EXTERNAL]|this|{"aptdum":"0x4454114f","Docdum":"0x664a16ff","Docmap":"0x5b5b5049","Selecteddoc":"a260H000001koYjQAI","timelist":"0x6aa0e3fb","timewraplist":"0x2aa81686","timewraplistInitial":"0x2aa81686"}|0x60efa06a
12:44:25.0 (73016356)|STATEMENT_EXECUTE|[107]
12:44:25.0 (73039580)|VARIABLE_ASSIGNMENT|[EXTERNAL]|this|{"aptdum":"0x4454114f","Docdum":"0x664a16ff","Docmap":"0x5b5b5049","Selecteddoc":"a260H000001koYjQAI","timelist":"0x6aa0e3fb","timewraplist":"0x2aa81686","timewraplistInitial":"0x2aa81686"}|0x60efa06a
12:44:25.0 (73060725)|HEAP_ALLOCATE|[EXTERNAL]|Bytes:12
12:44:25.0 (73078843)|HEAP_ALLOCATE|[108]|Bytes:237
12:44:25.0 (73102260)|HEAP_ALLOCATE|[108]|Bytes:5
12:44:25.0 (73116558)|HEAP_ALLOCATE|[108]|Bytes:24
12:44:25.0 (73125030)|VARIABLE_SCOPE_BEGIN|[108]|doc|Doctor__c|true|false
12:44:25.0 (73145006)|VARIABLE_ASSIGNMENT|[108]|doc|{"Id":"a260H000001koYjQAI","Name":"doc 2","End_Time__c":68400000,"Speciality__c":"General Surgery","Start_Time__c":25200000}|0x5dd640db
12:44:25.0 (73152134)|STATEMENT_EXECUTE|[108]
12:44:25.0 (73153884)|STATEMENT_EXECUTE|[109]
12:44:25.0 (73169990)|HEAP_ALLOCATE|[109]|Bytes:18
12:44:25.0 (73185434)|HEAP_ALLOCATE|[EXTERNAL]|Bytes:4
12:44:25.0 (73203491)|HEAP_ALLOCATE|[108]|Bytes:5
12:44:25.0 (73212927)|HEAP_ALLOCATE|[108]|Bytes:24
12:44:25.0 (73218632)|VARIABLE_SCOPE_BEGIN|[108]|doc|Doctor__c|true|false
12:44:25.0 (73232413)|VARIABLE_ASSIGNMENT|[108]|doc|{"Id":"a260H000001koYeQAI","Name":"Doc1","End_Time__c":64800000,"Speciality__c":"General Surgery","Start_Time__c":32400000}|0x3420c5af
12:44:25.0 (73238996)|STATEMENT_EXECUTE|[108]
12:44:25.0 (73240538)|STATEMENT_EXECUTE|[109]
12:44:25.0 (73247144)|HEAP_ALLOCATE|[109]|Bytes:18
12:44:25.0 (73257738)|HEAP_ALLOCATE|[EXTERNAL]|Bytes:4
12:44:25.0 (73267969)|HEAP_ALLOCATE|[108]|Bytes:5
12:44:25.0 (73277681)|VARIABLE_ASSIGNMENT|[108]|doc|null|
12:44:25.0 (73282733)|STATEMENT_EXECUTE|[115]
12:44:25.0 (73432855)|SYSTEM_MODE_ENTER|true
12:44:25.0 (79074872)|VF_SERIALIZE_VIEWSTATE_BEGIN|0660H000004OdRk
12:44:25.0 (94420164)|VF_SERIALIZE_VIEWSTATE_END
12:44:25.0 (115977206)|CODE_UNIT_STARTED|[EXTERNAL]|Generate Metadata
12:44:25.0 (119102145)|CODE_UNIT_FINISHED|Generate Metadata
12:44:25.121 (121927076)|CUMULATIVE_LIMIT_USAGE
12:44:25.121 (121927076)|LIMIT_USAGE_FOR_NS|(default)|
  Number of SOQL queries: 1 out of 100
  Number of query rows: 1 out of 50000
  Number of SOSL queries: 0 out of 20
  Number of DML statements: 0 out of 150
  Number of DML rows: 0 out of 10000
  Maximum CPU time: 0 out of 10000
  Maximum heap size: 0 out of 6000000
  Number of callouts: 0 out of 100
  Number of Email Invocations: 0 out of 10
  Number of future calls: 0 out of 50
  Number of queueable jobs added to the queue: 0 out of 50
  Number of Mobile Apex push calls: 0 out of 10

12:44:25.121 (121927076)|CUMULATIVE_LIMIT_USAGE_END

12:44:25.0 (121973268)|CODE_UNIT_FINISHED|VF: /apex/docapp
12:44:25.0 (122773643)|EXECUTION_FINISHED
