42.0 APEX_CODE,FINEST;APEX_PROFILING,INFO;CALLOUT,INFO;DB,INFO;SYSTEM,DEBUG;VALIDATION,INFO;VISUALFORCE,INFO;WAVE,INFO;WORKFLOW,INFO
15:02:14.0 (51718)|USER_INFO|[EXTERNAL]|005i0000002qYvT|anton@igate.com|India Standard Time|GMT+05:30
15:02:14.0 (81666)|EXECUTION_STARTED
15:02:14.0 (87177)|CODE_UNIT_STARTED|[EXTERNAL]|0660H000004OdRk|VF: /apex/docapp
15:02:14.0 (4616549)|SYSTEM_MODE_ENTER|true
15:02:14.0 (4997705)|HEAP_ALLOCATE|[72]|Bytes:3
15:02:14.0 (5041500)|HEAP_ALLOCATE|[77]|Bytes:152
15:02:14.0 (5058517)|HEAP_ALLOCATE|[342]|Bytes:408
15:02:14.0 (5071826)|HEAP_ALLOCATE|[355]|Bytes:408
15:02:14.0 (5082951)|HEAP_ALLOCATE|[467]|Bytes:48
15:02:14.0 (5112808)|HEAP_ALLOCATE|[139]|Bytes:6
15:02:14.0 (5127810)|HEAP_ALLOCATE|[EXTERNAL]|Bytes:14
15:02:14.0 (5133733)|HEAP_ALLOCATE|[EXTERNAL]|Bytes:248
15:02:14.0 (5137499)|HEAP_ALLOCATE|[EXTERNAL]|Bytes:53
15:02:14.0 (5141172)|HEAP_ALLOCATE|[EXTERNAL]|Bytes:14
15:02:14.0 (5149230)|METHOD_ENTRY|[1]|01p0H000007gCe8|docappcontroller.docappcontroller()
15:02:14.0 (5155765)|STATEMENT_EXECUTE|[1]
15:02:14.0 (5161400)|STATEMENT_EXECUTE|[1]
15:02:14.0 (5163142)|STATEMENT_EXECUTE|[197]
15:02:14.0 (5167404)|METHOD_EXIT|[1]|docappcontroller
15:02:14.0 (5175769)|HEAP_ALLOCATE|[EXTERNAL]|Bytes:48
15:02:14.0 (5183238)|VARIABLE_SCOPE_BEGIN|[137]|this|docappcontroller|true|false
15:02:14.0 (5242302)|VARIABLE_ASSIGNMENT|[137]|this|{}|0x32bdbf08
15:02:14.0 (5257521)|STATEMENT_EXECUTE|[1]
15:02:14.0 (5259358)|STATEMENT_EXECUTE|[3]
15:02:14.0 (5261472)|STATEMENT_EXECUTE|[4]
15:02:14.0 (5263649)|STATEMENT_EXECUTE|[5]
15:02:14.0 (5342507)|HEAP_ALLOCATE|[5]|Bytes:4
15:02:14.0 (5442664)|HEAP_ALLOCATE|[EXTERNAL]|Bytes:4
15:02:14.0 (5457435)|VARIABLE_ASSIGNMENT|[5]|this.timewraplistInitial|[]|0x32bdbf08
15:02:14.0 (5463461)|STATEMENT_EXECUTE|[6]
15:02:14.0 (5468724)|HEAP_ALLOCATE|[6]|Bytes:4
15:02:14.0 (5478080)|VARIABLE_ASSIGNMENT|[6]|this.Initialselected|0|0x32bdbf08
15:02:14.0 (5482669)|STATEMENT_EXECUTE|[7]
15:02:14.0 (5484656)|STATEMENT_EXECUTE|[130]
15:02:14.0 (5486245)|STATEMENT_EXECUTE|[131]
15:02:14.0 (5487666)|STATEMENT_EXECUTE|[132]
15:02:14.0 (5489279)|STATEMENT_EXECUTE|[133]
15:02:14.0 (5490689)|STATEMENT_EXECUTE|[134]
15:02:14.0 (5492125)|STATEMENT_EXECUTE|[135]
15:02:14.0 (5499228)|HEAP_ALLOCATE|[6]|Bytes:6
15:02:14.0 (5549727)|STATEMENT_EXECUTE|[137]
15:02:14.0 (5551628)|STATEMENT_EXECUTE|[138]
15:02:14.0 (5820521)|HEAP_ALLOCATE|[138]|Bytes:4
15:02:14.0 (5983708)|VARIABLE_ASSIGNMENT|[EXTERNAL]|this|{"Initialselected":0,"timewraplistInitial":"0x55eb8ee0"}|0x32bdbf08
15:02:14.0 (6000280)|VARIABLE_ASSIGNMENT|[EXTERNAL]|value|{}|0x7568c6b0
15:02:14.0 (6012349)|VARIABLE_ASSIGNMENT|[130]|this.Docdum|{}|0x32bdbf08
15:02:14.0 (6023564)|STATEMENT_EXECUTE|[139]
15:02:14.0 (6101133)|HEAP_ALLOCATE|[139]|Bytes:4
15:02:14.0 (6199933)|VARIABLE_ASSIGNMENT|[EXTERNAL]|this|{"Docdum":"0x7568c6b0","Initialselected":0,"timewraplistInitial":"0x55eb8ee0"}|0x32bdbf08
15:02:14.0 (6212246)|VARIABLE_ASSIGNMENT|[EXTERNAL]|value|{}|0x3708c5d2
15:02:14.0 (6222238)|VARIABLE_ASSIGNMENT|[131]|this.aptdum|{}|0x32bdbf08
15:02:14.7 (7373417)|SYSTEM_MODE_ENTER|true
15:02:14.7 (7402139)|HEAP_ALLOCATE|[EXTERNAL]|Bytes:38
15:02:14.7 (7409087)|HEAP_ALLOCATE|[EXTERNAL]|Bytes:7
15:02:14.7 (7416394)|SYSTEM_METHOD_ENTRY|[1]|PageMessagesComponentController.PageMessagesComponentController()
15:02:14.7 (7420764)|STATEMENT_EXECUTE|[1]
15:02:14.7 (7547408)|SYSTEM_MODE_ENTER|true
15:02:14.7 (7607095)|HEAP_ALLOCATE|[EXTERNAL]|Bytes:8
15:02:14.7 (7615288)|VARIABLE_SCOPE_BEGIN|[88]|this|ApexPage.PageMessagesComponentController|true|false
15:02:14.7 (7639376)|VARIABLE_ASSIGNMENT|[88]|this|{}|0x4a0f43a6
15:02:14.7 (7645575)|VARIABLE_SCOPE_BEGIN|[88]|escape|Boolean|false|false
15:02:14.7 (7653608)|VARIABLE_ASSIGNMENT|[88]|escape|null
15:02:14.7 (7802460)|SYSTEM_MODE_ENTER|true
15:02:14.7 (7836668)|HEAP_ALLOCATE|[EXTERNAL]|Bytes:8
15:02:14.7 (7843432)|VARIABLE_SCOPE_BEGIN|[2]|this|ApexPage.PageMessagesComponentController|true|false
15:02:14.7 (7861651)|VARIABLE_ASSIGNMENT|[2]|this|{}|0x4a0f43a6
15:02:14.0 (8595701)|SYSTEM_MODE_ENTER|true
15:02:14.0 (9703361)|SYSTEM_MODE_ENTER|true
15:02:14.0 (10306978)|SYSTEM_MODE_ENTER|true
15:02:14.22 (22593148)|SYSTEM_MODE_ENTER|true
15:02:14.22 (22658590)|HEAP_ALLOCATE|[EXTERNAL]|Bytes:8
15:02:14.22 (22669546)|VARIABLE_SCOPE_BEGIN|[88]|this|ApexPage.PageMessagesComponentController|true|false
15:02:14.22 (22697078)|VARIABLE_ASSIGNMENT|[88]|this|{}|0x4a0f43a6
15:02:14.22 (22703348)|VARIABLE_SCOPE_BEGIN|[88]|escape|Boolean|false|false
15:02:14.22 (22711788)|VARIABLE_ASSIGNMENT|[88]|escape|null
15:02:14.22 (22829027)|SYSTEM_MODE_ENTER|true
15:02:14.22 (22861160)|HEAP_ALLOCATE|[EXTERNAL]|Bytes:8
15:02:14.22 (22867806)|VARIABLE_SCOPE_BEGIN|[2]|this|ApexPage.PageMessagesComponentController|true|false
15:02:14.22 (22885806)|VARIABLE_ASSIGNMENT|[2]|this|{}|0x4a0f43a6
15:02:14.0 (24351694)|SYSTEM_MODE_ENTER|true
15:02:14.0 (24396285)|HEAP_ALLOCATE|[EXTERNAL]|Bytes:48
15:02:14.0 (24404375)|VARIABLE_SCOPE_BEGIN|[156]|this|docappcontroller|true|false
15:02:14.0 (24446386)|VARIABLE_ASSIGNMENT|[156]|this|{"aptdum":"0x3708c5d2","Docdum":"0x7568c6b0","Initialselected":0,"timewraplistInitial":"0x55eb8ee0"}|0x32bdbf08
15:02:14.0 (24458139)|STATEMENT_EXECUTE|[156]
15:02:14.0 (24460525)|STATEMENT_EXECUTE|[158]
15:02:14.0 (24477046)|HEAP_ALLOCATE|[158]|Bytes:4
15:02:14.0 (24512226)|VARIABLE_SCOPE_BEGIN|[158]|options|List<System.SelectOption>|true|false
15:02:14.0 (24534081)|HEAP_ALLOCATE|[EXTERNAL]|Bytes:4
15:02:14.0 (24545671)|VARIABLE_ASSIGNMENT|[158]|options|[]|0x58cec5e1
15:02:14.0 (24550983)|STATEMENT_EXECUTE|[159]
15:02:14.0 (24559435)|HEAP_ALLOCATE|[159]|Bytes:8
15:02:14.0 (24615227)|HEAP_ALLOCATE|[EXTERNAL]|Bytes:4
15:02:14.0 (24661018)|VARIABLE_ASSIGNMENT|[EXTERNAL]|this|{"aptdum":"0x3708c5d2","Docdum":"0x7568c6b0","Initialselected":0,"timewraplistInitial":"0x55eb8ee0"}|0x32bdbf08
15:02:14.0 (24674535)|STATEMENT_EXECUTE|[164]
15:02:14.0 (24676571)|STATEMENT_EXECUTE|[165]
15:02:14.0 (24679639)|HEAP_ALLOCATE|[165]|Bytes:23
15:02:14.0 (24704418)|METHOD_ENTRY|[165]|01p0H000007gCe8|docappcontroller.ShowError(String)
15:02:14.0 (24722679)|VARIABLE_SCOPE_BEGIN|[191]|this|docappcontroller|true|false
15:02:14.0 (24749340)|VARIABLE_ASSIGNMENT|[191]|this|{"aptdum":"0x3708c5d2","Docdum":"0x7568c6b0","Initialselected":0,"timewraplistInitial":"0x55eb8ee0"}|0x32bdbf08
15:02:14.0 (24756255)|VARIABLE_SCOPE_BEGIN|[191]|ErrorMsg|String|false|false
15:02:14.0 (24765679)|VARIABLE_ASSIGNMENT|[191]|ErrorMsg|"No Continents Data y (3 more) ..."
15:02:14.0 (24771612)|STATEMENT_EXECUTE|[191]
15:02:14.0 (24773162)|STATEMENT_EXECUTE|[193]
15:02:14.0 (24806978)|VARIABLE_SCOPE_BEGIN|[193]|m|ApexPages.Message|true|false
15:02:14.0 (24988960)|VARIABLE_ASSIGNMENT|[193]|m|"core.apexpages.framework.ApexPagesMessage@298a24ec"|0x10037c90
15:02:14.0 (24997298)|STATEMENT_EXECUTE|[194]
15:02:14.0 (25031649)|VF_PAGE_MESSAGE|No Continents Data yet.
15:02:14.0 (25043141)|METHOD_EXIT|[165]|01p0H000007gCe8|docappcontroller.ShowError(String)
15:02:14.0 (25049066)|STATEMENT_EXECUTE|[168]
15:02:14.0 (25219112)|SYSTEM_MODE_ENTER|true
15:02:14.0 (26084918)|SYSTEM_MODE_ENTER|true
15:02:14.0 (26123733)|HEAP_ALLOCATE|[EXTERNAL]|Bytes:48
15:02:14.0 (26133251)|VARIABLE_SCOPE_BEGIN|[173]|this|docappcontroller|true|false
15:02:14.0 (26167825)|VARIABLE_ASSIGNMENT|[173]|this|{"aptdum":"0x3708c5d2","Docdum":"0x7568c6b0","Initialselected":0,"timewraplistInitial":"0x55eb8ee0"}|0x32bdbf08
15:02:14.0 (26178375)|STATEMENT_EXECUTE|[173]
15:02:14.0 (26180460)|STATEMENT_EXECUTE|[175]
15:02:14.0 (26190103)|HEAP_ALLOCATE|[175]|Bytes:4
15:02:14.0 (26212785)|VARIABLE_SCOPE_BEGIN|[175]|options|List<System.SelectOption>|true|false
15:02:14.0 (26233483)|HEAP_ALLOCATE|[EXTERNAL]|Bytes:4
15:02:14.0 (26242408)|VARIABLE_ASSIGNMENT|[175]|options|[]|0x3e4c52bc
15:02:14.0 (26269350)|STATEMENT_EXECUTE|[176]
15:02:14.0 (26315164)|HEAP_ALLOCATE|[EXTERNAL]|Bytes:4
15:02:14.0 (26325975)|STATEMENT_EXECUTE|[179]
15:02:14.0 (26330918)|HEAP_ALLOCATE|[179]|Bytes:2
15:02:14.0 (26352881)|HEAP_ALLOCATE|[EXTERNAL]|Bytes:4
15:02:14.0 (26359337)|STATEMENT_EXECUTE|[180]
15:02:14.0 (26362663)|HEAP_ALLOCATE|[180]|Bytes:2
15:02:14.0 (26380916)|HEAP_ALLOCATE|[EXTERNAL]|Bytes:4
15:02:14.0 (26387248)|STATEMENT_EXECUTE|[185]
15:02:14.0 (26519377)|SYSTEM_MODE_ENTER|true
15:02:14.0 (28552696)|VF_SERIALIZE_VIEWSTATE_BEGIN|0660H000004OdRk
15:02:14.0 (43935206)|VF_SERIALIZE_VIEWSTATE_END
15:02:14.0 (46386447)|CODE_UNIT_STARTED|[EXTERNAL]|Generate Metadata
15:02:14.0 (46796395)|CODE_UNIT_FINISHED|Generate Metadata
15:02:14.48 (48570906)|CUMULATIVE_LIMIT_USAGE
15:02:14.48 (48570906)|LIMIT_USAGE_FOR_NS|(default)|
  Number of SOQL queries: 0 out of 100
  Number of query rows: 0 out of 50000
  Number of SOSL queries: 0 out of 20
  Number of DML statements: 0 out of 150
  Number of DML rows: 0 out of 10000
  Maximum CPU time: 0 out of 10000
  Maximum heap size: 0 out of 6000000
  Number of callouts: 0 out of 100
  Number of Email Invocations: 0 out of 10
  Number of future calls: 0 out of 50
  Number of queueable jobs added to the queue: 0 out of 50
  Number of Mobile Apex push calls: 0 out of 10

15:02:14.48 (48570906)|CUMULATIVE_LIMIT_USAGE_END

15:02:14.0 (48609718)|CODE_UNIT_FINISHED|VF: /apex/docapp
15:02:14.0 (49354801)|EXECUTION_FINISHED
