42.0 APEX_CODE,FINEST;APEX_PROFILING,INFO;CALLOUT,INFO;DB,INFO;SYSTEM,DEBUG;VALIDATION,INFO;VISUALFORCE,INFO;WAVE,INFO;WORKFLOW,INFO
15:10:58.0 (291781)|USER_INFO|[EXTERNAL]|005i0000002qYvT|anton@igate.com|India Standard Time|GMT+05:30
15:10:58.0 (325799)|EXECUTION_STARTED
15:10:58.0 (332185)|CODE_UNIT_STARTED|[EXTERNAL]|0660H000004OdRk|VF: /apex/docapp
15:10:58.0 (1304185)|VF_DESERIALIZE_VIEWSTATE_BEGIN|0660H000004OdRk
15:10:58.0 (13074885)|HEAP_ALLOCATE|[72]|Bytes:3
15:10:58.0 (13141219)|HEAP_ALLOCATE|[77]|Bytes:152
15:10:58.0 (13154637)|HEAP_ALLOCATE|[342]|Bytes:408
15:10:58.0 (13166370)|HEAP_ALLOCATE|[355]|Bytes:408
15:10:58.0 (13178221)|HEAP_ALLOCATE|[467]|Bytes:48
15:10:58.0 (13204365)|HEAP_ALLOCATE|[139]|Bytes:6
15:10:58.0 (15209110)|HEAP_ALLOCATE|[50]|Bytes:5
15:10:58.0 (15255376)|HEAP_ALLOCATE|[56]|Bytes:5
15:10:58.0 (15265767)|HEAP_ALLOCATE|[64]|Bytes:7
15:10:58.0 (16523392)|VF_DESERIALIZE_VIEWSTATE_END
15:10:58.17 (17142084)|SYSTEM_MODE_ENTER|true
15:10:58.17 (17214175)|HEAP_ALLOCATE|[EXTERNAL]|Bytes:38
15:10:58.17 (17245385)|HEAP_ALLOCATE|[EXTERNAL]|Bytes:7
15:10:58.17 (17267335)|SYSTEM_METHOD_ENTRY|[1]|PageMessagesComponentController.PageMessagesComponentController()
15:10:58.17 (17274478)|STATEMENT_EXECUTE|[1]
15:10:58.18 (18065687)|SYSTEM_MODE_ENTER|true
15:10:58.18 (18121420)|HEAP_ALLOCATE|[EXTERNAL]|Bytes:8
15:10:58.18 (18129424)|VARIABLE_SCOPE_BEGIN|[88]|this|ApexPage.PageMessagesComponentController|true|false
15:10:58.18 (18165779)|VARIABLE_ASSIGNMENT|[88]|this|{}|0x2139b9ca
15:10:58.18 (18175781)|VARIABLE_SCOPE_BEGIN|[88]|escape|Boolean|false|false
15:10:58.18 (18184161)|VARIABLE_ASSIGNMENT|[88]|escape|null
15:10:58.0 (18374788)|SYSTEM_MODE_ENTER|true
15:10:58.0 (18398677)|HEAP_ALLOCATE|[EXTERNAL]|Bytes:14
15:10:58.0 (18406305)|HEAP_ALLOCATE|[EXTERNAL]|Bytes:248
15:10:58.0 (18410285)|HEAP_ALLOCATE|[EXTERNAL]|Bytes:53
15:10:58.0 (18413598)|HEAP_ALLOCATE|[EXTERNAL]|Bytes:20
15:10:58.0 (18420473)|METHOD_ENTRY|[1]|01p0H000007gCe8|docappcontroller.docappcontroller()
15:10:58.0 (18426205)|STATEMENT_EXECUTE|[1]
15:10:58.0 (18429636)|STATEMENT_EXECUTE|[1]
15:10:58.0 (18431231)|STATEMENT_EXECUTE|[201]
15:10:58.0 (18435295)|METHOD_EXIT|[1]|docappcontroller
15:10:58.0 (22582221)|SYSTEM_MODE_ENTER|true
15:10:58.0 (24754872)|SYSTEM_MODE_ENTER|true
15:10:58.0 (25653453)|SYSTEM_MODE_ENTER|true
15:10:58.0 (25856107)|HEAP_ALLOCATE|[EXTERNAL]|Bytes:48
15:10:58.0 (25867027)|VARIABLE_SCOPE_BEGIN|[160]|this|docappcontroller|true|false
15:10:58.0 (25930995)|VARIABLE_ASSIGNMENT|[160]|this|{"aptdum":"0x229983be","Docdum":"0x134a9c30","Docmap":"0x3052fbdf","Initialselected":0,"timewraplistInitial":"0x166cb27d"}|0x6ba18cd
15:10:58.0 (25942946)|STATEMENT_EXECUTE|[160]
15:10:58.0 (25945046)|STATEMENT_EXECUTE|[162]
15:10:58.0 (25957704)|HEAP_ALLOCATE|[162]|Bytes:4
15:10:58.0 (25986695)|VARIABLE_SCOPE_BEGIN|[162]|options|List<System.SelectOption>|true|false
15:10:58.0 (26010360)|HEAP_ALLOCATE|[EXTERNAL]|Bytes:4
15:10:58.0 (26021802)|VARIABLE_ASSIGNMENT|[162]|options|[]|0x7886477d
15:10:58.0 (26028084)|STATEMENT_EXECUTE|[163]
15:10:58.0 (26034846)|HEAP_ALLOCATE|[163]|Bytes:8
15:10:58.0 (26084384)|HEAP_ALLOCATE|[EXTERNAL]|Bytes:4
15:10:58.0 (26139441)|VARIABLE_ASSIGNMENT|[EXTERNAL]|this|{"aptdum":"0x229983be","Docdum":"0x134a9c30","Docmap":"0x3052fbdf","Initialselected":0,"timewraplistInitial":"0x166cb27d"}|0x6ba18cd
15:10:58.0 (26153986)|STATEMENT_EXECUTE|[164]
15:10:58.0 (26185829)|VARIABLE_ASSIGNMENT|[EXTERNAL]|this|{"aptdum":"0x229983be","Docdum":"0x134a9c30","Docmap":"0x3052fbdf","Initialselected":0,"timewraplistInitial":"0x166cb27d"}|0x6ba18cd
15:10:58.0 (26218195)|HEAP_ALLOCATE|[EXTERNAL]|Bytes:12
15:10:58.0 (26234621)|HEAP_ALLOCATE|[165]|Bytes:237
15:10:58.0 (26341635)|HEAP_ALLOCATE|[165]|Bytes:5
15:10:58.0 (26390828)|HEAP_ALLOCATE|[165]|Bytes:24
15:10:58.0 (26400938)|VARIABLE_SCOPE_BEGIN|[165]|doc|Doctor__c|true|false
15:10:58.0 (26533891)|VARIABLE_ASSIGNMENT|[165]|doc|{"Id":"a260H000001koYjQAI","Name":"doc 2","End_Time__c":68400000,"Speciality__c":"General Surgery","Start_Time__c":43200000}|0x4942ad75
15:10:58.0 (26542626)|STATEMENT_EXECUTE|[165]
15:10:58.0 (26544330)|STATEMENT_EXECUTE|[166]
15:10:58.0 (26585822)|HEAP_ALLOCATE|[166]|Bytes:18
15:10:58.0 (26640414)|HEAP_ALLOCATE|[EXTERNAL]|Bytes:4
15:10:58.0 (26656768)|HEAP_ALLOCATE|[165]|Bytes:5
15:10:58.0 (26677285)|HEAP_ALLOCATE|[165]|Bytes:24
15:10:58.0 (26685845)|VARIABLE_SCOPE_BEGIN|[165]|doc|Doctor__c|true|false
15:10:58.0 (26703958)|VARIABLE_ASSIGNMENT|[165]|doc|{"Id":"a260H000001koYeQAI","Name":"Doc1","End_Time__c":64800000,"Speciality__c":"General Surgery","Start_Time__c":32400000}|0x5a2b29da
15:10:58.0 (26710914)|STATEMENT_EXECUTE|[165]
15:10:58.0 (26712482)|STATEMENT_EXECUTE|[166]
15:10:58.0 (26720870)|HEAP_ALLOCATE|[166]|Bytes:18
15:10:58.0 (26733799)|HEAP_ALLOCATE|[EXTERNAL]|Bytes:4
15:10:58.0 (26745031)|HEAP_ALLOCATE|[165]|Bytes:5
15:10:58.0 (26755431)|VARIABLE_ASSIGNMENT|[165]|doc|null|
15:10:58.0 (26760895)|STATEMENT_EXECUTE|[172]
15:10:58.0 (26997408)|SYSTEM_MODE_ENTER|true
15:10:58.0 (27037990)|HEAP_ALLOCATE|[EXTERNAL]|Bytes:48
15:10:58.0 (27047361)|VARIABLE_SCOPE_BEGIN|[177]|this|docappcontroller|true|false
15:10:58.0 (27083430)|VARIABLE_ASSIGNMENT|[177]|this|{"aptdum":"0x229983be","Docdum":"0x134a9c30","Docmap":"0x3052fbdf","Initialselected":0,"timewraplistInitial":"0x166cb27d"}|0x6ba18cd
15:10:58.0 (27094327)|STATEMENT_EXECUTE|[177]
15:10:58.0 (27096258)|STATEMENT_EXECUTE|[179]
15:10:58.0 (27105452)|HEAP_ALLOCATE|[179]|Bytes:4
15:10:58.0 (27127175)|VARIABLE_SCOPE_BEGIN|[179]|options|List<System.SelectOption>|true|false
15:10:58.0 (27149352)|HEAP_ALLOCATE|[EXTERNAL]|Bytes:4
15:10:58.0 (27158353)|VARIABLE_ASSIGNMENT|[179]|options|[]|0x28d3e41e
15:10:58.0 (27164024)|STATEMENT_EXECUTE|[180]
15:10:58.0 (27202890)|HEAP_ALLOCATE|[EXTERNAL]|Bytes:4
15:10:58.0 (27211211)|STATEMENT_EXECUTE|[183]
15:10:58.0 (27215376)|HEAP_ALLOCATE|[183]|Bytes:2
15:10:58.0 (27238926)|HEAP_ALLOCATE|[EXTERNAL]|Bytes:4
15:10:58.0 (27245767)|STATEMENT_EXECUTE|[184]
15:10:58.0 (27248891)|HEAP_ALLOCATE|[184]|Bytes:2
15:10:58.0 (27268385)|HEAP_ALLOCATE|[EXTERNAL]|Bytes:4
15:10:58.0 (27274530)|STATEMENT_EXECUTE|[189]
15:10:58.0 (27355590)|SYSTEM_MODE_ENTER|true
15:10:58.27 (27937308)|SYSTEM_MODE_ENTER|true
15:10:58.27 (27989824)|HEAP_ALLOCATE|[EXTERNAL]|Bytes:8
15:10:58.27 (27997737)|VARIABLE_SCOPE_BEGIN|[88]|this|ApexPage.PageMessagesComponentController|true|false
15:10:58.27 (28020347)|VARIABLE_ASSIGNMENT|[88]|this|{}|0x2139b9ca
15:10:58.27 (28027377)|VARIABLE_SCOPE_BEGIN|[88]|escape|Boolean|false|false
15:10:58.27 (28036012)|VARIABLE_ASSIGNMENT|[88]|escape|null
15:10:58.0 (28234315)|SYSTEM_MODE_ENTER|true
15:10:58.0 (28262108)|HEAP_ALLOCATE|[EXTERNAL]|Bytes:18
15:10:58.0 (28267328)|HEAP_ALLOCATE|[EXTERNAL]|Bytes:48
15:10:58.0 (28291115)|VARIABLE_ASSIGNMENT|[EXTERNAL]|this.Selecteddoc|"a260H000001koYjQAI"|0x6ba18cd
15:10:58.0 (28342660)|SYSTEM_MODE_ENTER|true
15:10:58.0 (28518416)|SYSTEM_MODE_ENTER|true
15:10:58.0 (28563226)|SYSTEM_MODE_ENTER|true
15:10:58.0 (28579746)|HEAP_ALLOCATE|[EXTERNAL]|Bytes:8
15:10:58.0 (28584658)|HEAP_ALLOCATE|[EXTERNAL]|Bytes:48
15:10:58.0 (28595348)|VARIABLE_ASSIGNMENT|[EXTERNAL]|this.SelectedtimeSlot|30|0x6ba18cd
15:10:58.0 (28637496)|SYSTEM_MODE_ENTER|true
15:10:58.0 (28864726)|HEAP_ALLOCATE|[EXTERNAL]|Bytes:48
15:10:58.0 (28875469)|VARIABLE_SCOPE_BEGIN|[58]|this|docappcontroller|true|false
15:10:58.0 (28914693)|VARIABLE_ASSIGNMENT|[58]|this|{"aptdum":"0x229983be","Docdum":"0x134a9c30","Docmap":"0x3052fbdf","Initialselected":0,"Selecteddoc":"a260H000001koYjQAI","SelectedtimeSlot":30,"timewraplistInitial":"0x166cb27d"}|0x6ba18cd
15:10:58.0 (28926399)|STATEMENT_EXECUTE|[58]
15:10:58.0 (28928775)|STATEMENT_EXECUTE|[60]
15:10:58.0 (28975634)|VARIABLE_ASSIGNMENT|[EXTERNAL]|this|{"aptdum":"0x229983be","Docdum":"0x134a9c30","Docmap":"0x3052fbdf","Initialselected":0,"Selecteddoc":"a260H000001koYjQAI","SelectedtimeSlot":30,"timewraplistInitial":"0x166cb27d"}|0x6ba18cd
15:10:58.0 (29005782)|USER_DEBUG|[60]|DEBUG|a260H000001koYjQAI
15:10:58.0 (29046287)|VARIABLE_ASSIGNMENT|[EXTERNAL]|this|{"aptdum":"0x229983be","Docdum":"0x134a9c30","Docmap":"0x3052fbdf","Initialselected":0,"Selecteddoc":"a260H000001koYjQAI","SelectedtimeSlot":30,"timewraplistInitial":"0x166cb27d"}|0x6ba18cd
15:10:58.0 (29079624)|VARIABLE_ASSIGNMENT|[EXTERNAL]|this|{"aptdum":"0x229983be","Docdum":"0x134a9c30","Docmap":"0x3052fbdf","Initialselected":0,"Selecteddoc":"a260H000001koYjQAI","SelectedtimeSlot":30,"timewraplistInitial":"0x166cb27d"}|0x6ba18cd
15:10:58.0 (29108682)|STATEMENT_EXECUTE|[63]
15:10:58.0 (29110576)|STATEMENT_EXECUTE|[64]
15:10:58.0 (29142329)|VARIABLE_ASSIGNMENT|[EXTERNAL]|this|{"aptdum":"0x229983be","Docdum":"0x134a9c30","Docmap":"0x3052fbdf","Initialselected":0,"Selecteddoc":"a260H000001koYjQAI","SelectedtimeSlot":30,"timewraplistInitial":"0x166cb27d"}|0x6ba18cd
15:10:58.0 (29175282)|VARIABLE_ASSIGNMENT|[EXTERNAL]|this|{"aptdum":"0x229983be","Docdum":"0x134a9c30","Docmap":"0x3052fbdf","Initialselected":0,"Selecteddoc":"a260H000001koYjQAI","SelectedtimeSlot":30,"timewraplistInitial":"0x166cb27d"}|0x6ba18cd
15:10:58.0 (29200638)|VARIABLE_SCOPE_BEGIN|[64]|d|Doctor__c|true|false
15:10:58.0 (29219446)|VARIABLE_ASSIGNMENT|[64]|d|{"Id":"a260H000001koYjQAI","Name":"doc 2","End_Time__c":68400000,"Speciality__c":"General Surgery","Start_Time__c":43200000}|0x4942ad75
15:10:58.0 (29225667)|STATEMENT_EXECUTE|[65]
15:10:58.0 (29258895)|HEAP_ALLOCATE|[65]|Bytes:4
15:10:58.0 (29298362)|HEAP_ALLOCATE|[65]|Bytes:150
15:10:58.0 (29313194)|HEAP_ALLOCATE|[65]|Bytes:4
15:10:58.0 (29322271)|HEAP_ALLOCATE|[65]|Bytes:7
15:10:58.0 (29360766)|VARIABLE_ASSIGNMENT|[EXTERNAL]|this|{"aptdum":"0x229983be","Docdum":"0x134a9c30","Docmap":"0x3052fbdf","Initialselected":0,"Selecteddoc":"a260H000001koYjQAI","SelectedtimeSlot":30,"timewraplistInitial":"0x166cb27d"}|0x6ba18cd
15:10:58.0 (29380249)|HEAP_ALLOCATE|[65]|Bytes:7
15:10:58.0 (29413333)|VARIABLE_ASSIGNMENT|[EXTERNAL]|this|{"aptdum":"0x229983be","Docdum":"0x134a9c30","Docmap":"0x3052fbdf","Initialselected":0,"Selecteddoc":"a260H000001koYjQAI","SelectedtimeSlot":30,"timewraplistInitial":"0x166cb27d"}|0x6ba18cd
15:10:58.0 (29780880)|SOQL_EXECUTE_BEGIN|[65]|Aggregations:0|SELECT Id, Name, Doctor__c, Patient__c, End_Time__c, Start_Time__c FROM Appointment__c WHERE (Doctor__c = :tmpVar1 AND Appointment_Date__c = :tmpVar2)
15:10:58.0 (32969351)|SOQL_EXECUTE_END|[65]|Rows:3
15:10:58.0 (32991263)|HEAP_ALLOCATE|[65]|Bytes:16
15:10:58.0 (33010544)|HEAP_ALLOCATE|[65]|Bytes:441
15:10:58.0 (33045564)|HEAP_ALLOCATE|[65]|Bytes:16
15:10:58.0 (33073191)|HEAP_ALLOCATE|[65]|Bytes:28
15:10:58.0 (33079125)|HEAP_ALLOCATE|[65]|Bytes:28
15:10:58.0 (33083230)|HEAP_ALLOCATE|[65]|Bytes:28
15:10:58.0 (33086451)|HEAP_ALLOCATE|[65]|Bytes:28
15:10:58.0 (33089077)|HEAP_ALLOCATE|[65]|Bytes:12
15:10:58.0 (33098882)|VARIABLE_SCOPE_BEGIN|[65]|aptlist|List<Appointment__c>|true|false
15:10:58.0 (33108957)|HEAP_ALLOCATE|[EXTERNAL]|Bytes:16
15:10:58.0 (33137025)|VARIABLE_ASSIGNMENT|[65]|aptlist|[{"Id":"a250H00000HaxnFQAR","Name":"A-00000","Doctor__c":"a260H000001koYjQAI","Patient__c":"a270H000006vXivQAE","End_Time__c":61200000,"Start_Time__c":54000000},{"Id":"a250H00000HayO3QAJ","Name":"A-00001","Doctor__c":"a260H000001koYjQAI","Patient__c":"a270H000006vXivQAE","End_Time__c":70200000,"Start_Time__c":68400000},{"Id":"a250H00000HayTLQAZ","Name":"A-00002","Doctor__c":"a260H000001koYjQAI","Patient__c":"a270H000006vXizQAE","End_Time__c":46800000,"Start_Time__c":43200000}]|0x52eff640
15:10:58.0 (33151107)|STATEMENT_EXECUTE|[66]
15:10:58.0 (33171354)|HEAP_ALLOCATE|[66]|Bytes:4
15:10:58.0 (33223329)|VARIABLE_ASSIGNMENT|[66]|this.timeset|[]|0x6ba18cd
15:10:58.0 (33299970)|HEAP_ALLOCATE|[67]|Bytes:5
15:10:58.0 (33314382)|HEAP_ALLOCATE|[67]|Bytes:28
15:10:58.0 (33323571)|VARIABLE_SCOPE_BEGIN|[67]|apt|Appointment__c|true|false
15:10:58.0 (33342248)|VARIABLE_ASSIGNMENT|[67]|apt|{"Id":"a250H00000HaxnFQAR","Name":"A-00000","Doctor__c":"a260H000001koYjQAI","Patient__c":"a270H000006vXivQAE","End_Time__c":61200000,"Start_Time__c":54000000}|0x643abb8a
15:10:58.0 (33349980)|STATEMENT_EXECUTE|[67]
15:10:58.0 (33351865)|STATEMENT_EXECUTE|[69]
15:10:58.0 (33382147)|VARIABLE_SCOPE_BEGIN|[69]|t|Time|false|false
15:10:58.0 (33396091)|VARIABLE_ASSIGNMENT|[69]|t|54000000
15:10:58.0 (33401189)|STATEMENT_EXECUTE|[70]
15:10:58.0 (33454460)|VARIABLE_SCOPE_BEGIN|[70]|i|Integer|false|false
15:10:58.0 (33463185)|HEAP_ALLOCATE|[70]|Bytes:4
15:10:58.0 (33471110)|VARIABLE_ASSIGNMENT|[70]|i|2
15:10:58.0 (33475408)|STATEMENT_EXECUTE|[71]
15:10:58.0 (33503854)|HEAP_ALLOCATE|[71]|Bytes:28
15:10:58.0 (33509274)|HEAP_ALLOCATE|[71]|Bytes:28
15:10:58.0 (33514213)|VARIABLE_SCOPE_BEGIN|[71]|i1|Decimal|false|false
15:10:58.0 (33525457)|VARIABLE_ASSIGNMENT|[71]|i1|0
15:10:58.0 (33530339)|STATEMENT_EXECUTE|[72]
15:10:58.0 (33557633)|HEAP_ALLOCATE|[EXTERNAL]|Bytes:4
15:10:58.0 (33580409)|STATEMENT_EXECUTE|[73]
15:10:58.0 (33582141)|STATEMENT_EXECUTE|[74]
15:10:58.0 (33603250)|USER_DEBUG|[74]|DEBUG|15:00:00.000Z
15:10:58.0 (33612025)|STATEMENT_EXECUTE|[75]
15:10:58.0 (33641258)|HEAP_ALLOCATE|[75]|Bytes:4
15:10:58.0 (33658422)|VARIABLE_ASSIGNMENT|[75]|t|55800000
15:10:58.0 (33663286)|STATEMENT_EXECUTE|[76]
15:10:58.0 (33666480)|HEAP_ALLOCATE|[76]|Bytes:3
15:10:58.0 (33680199)|HEAP_ALLOCATE|[76]|Bytes:28
15:10:58.0 (33717278)|HEAP_ALLOCATE|[76]|Bytes:28
15:10:58.0 (33733901)|VARIABLE_ASSIGNMENT|[76]|i1|0.5
15:10:58.0 (33738279)|STATEMENT_EXECUTE|[77]
15:10:58.0 (33756421)|HEAP_ALLOCATE|[EXTERNAL]|Bytes:4
15:10:58.0 (33769226)|HEAP_ALLOCATE|[78]|Bytes:28
15:10:58.0 (33773402)|HEAP_ALLOCATE|[78]|Bytes:28
15:10:58.0 (33778812)|HEAP_ALLOCATE|[78]|Bytes:28
15:10:58.0 (33802814)|HEAP_ALLOCATE|[78]|Bytes:28
15:10:58.0 (33830931)|STATEMENT_EXECUTE|[73]
15:10:58.0 (33832735)|STATEMENT_EXECUTE|[74]
15:10:58.0 (33841639)|USER_DEBUG|[74]|DEBUG|15:30:00.000Z
15:10:58.0 (33848492)|STATEMENT_EXECUTE|[75]
15:10:58.0 (33857162)|HEAP_ALLOCATE|[75]|Bytes:4
15:10:58.0 (33872002)|VARIABLE_ASSIGNMENT|[75]|t|57600000
15:10:58.0 (33876422)|STATEMENT_EXECUTE|[76]
15:10:58.0 (33881709)|HEAP_ALLOCATE|[76]|Bytes:28
15:10:58.0 (33893837)|HEAP_ALLOCATE|[76]|Bytes:28
15:10:58.0 (33905439)|VARIABLE_ASSIGNMENT|[76]|i1|1.0
15:10:58.0 (33909490)|STATEMENT_EXECUTE|[77]
15:10:58.0 (33915628)|HEAP_ALLOCATE|[EXTERNAL]|Bytes:4
15:10:58.0 (33924764)|HEAP_ALLOCATE|[78]|Bytes:28
15:10:58.0 (33928368)|HEAP_ALLOCATE|[78]|Bytes:28
15:10:58.0 (33932584)|HEAP_ALLOCATE|[78]|Bytes:28
15:10:58.0 (33945838)|HEAP_ALLOCATE|[78]|Bytes:28
15:10:58.0 (33966183)|STATEMENT_EXECUTE|[73]
15:10:58.0 (33967726)|STATEMENT_EXECUTE|[74]
15:10:58.0 (33974700)|USER_DEBUG|[74]|DEBUG|16:00:00.000Z
15:10:58.0 (33981548)|STATEMENT_EXECUTE|[75]
15:10:58.0 (33988969)|HEAP_ALLOCATE|[75]|Bytes:4
15:10:58.0 (34002289)|VARIABLE_ASSIGNMENT|[75]|t|59400000
15:10:58.0 (34007464)|STATEMENT_EXECUTE|[76]
15:10:58.0 (34011352)|HEAP_ALLOCATE|[76]|Bytes:28
15:10:58.0 (34023180)|HEAP_ALLOCATE|[76]|Bytes:28
15:10:58.0 (34034273)|VARIABLE_ASSIGNMENT|[76]|i1|1.5
15:10:58.0 (34038884)|STATEMENT_EXECUTE|[77]
15:10:58.0 (34044581)|HEAP_ALLOCATE|[EXTERNAL]|Bytes:4
15:10:58.0 (34053303)|HEAP_ALLOCATE|[78]|Bytes:28
15:10:58.0 (34057081)|HEAP_ALLOCATE|[78]|Bytes:28
15:10:58.0 (34061254)|HEAP_ALLOCATE|[78]|Bytes:28
15:10:58.0 (34073306)|HEAP_ALLOCATE|[78]|Bytes:28
15:10:58.0 (34099321)|HEAP_ALLOCATE|[67]|Bytes:5
15:10:58.0 (34110506)|HEAP_ALLOCATE|[67]|Bytes:28
15:10:58.0 (34117770)|VARIABLE_SCOPE_BEGIN|[67]|apt|Appointment__c|true|false
15:10:58.0 (34136508)|VARIABLE_ASSIGNMENT|[67]|apt|{"Id":"a250H00000HayO3QAJ","Name":"A-00001","Doctor__c":"a260H000001koYjQAI","Patient__c":"a270H000006vXivQAE","End_Time__c":70200000,"Start_Time__c":68400000}|0x4f97e31f
15:10:58.0 (34143455)|STATEMENT_EXECUTE|[67]
15:10:58.0 (34145013)|STATEMENT_EXECUTE|[69]
15:10:58.0 (34155958)|VARIABLE_SCOPE_BEGIN|[69]|t|Time|false|false
15:10:58.0 (34167409)|VARIABLE_ASSIGNMENT|[69]|t|68400000
15:10:58.0 (34171831)|STATEMENT_EXECUTE|[70]
15:10:58.0 (34191655)|VARIABLE_SCOPE_BEGIN|[70]|i|Integer|false|false
15:10:58.0 (34198832)|HEAP_ALLOCATE|[70]|Bytes:4
15:10:58.0 (34204904)|VARIABLE_ASSIGNMENT|[70]|i|0
15:10:58.0 (34209330)|STATEMENT_EXECUTE|[71]
15:10:58.0 (34214499)|HEAP_ALLOCATE|[71]|Bytes:28
15:10:58.0 (34218055)|HEAP_ALLOCATE|[71]|Bytes:28
15:10:58.0 (34221725)|VARIABLE_SCOPE_BEGIN|[71]|i1|Decimal|false|false
15:10:58.0 (34230356)|VARIABLE_ASSIGNMENT|[71]|i1|0
15:10:58.0 (34234201)|STATEMENT_EXECUTE|[72]
15:10:58.0 (34240221)|HEAP_ALLOCATE|[EXTERNAL]|Bytes:4
15:10:58.0 (34246859)|STATEMENT_EXECUTE|[73]
15:10:58.0 (34248376)|STATEMENT_EXECUTE|[74]
15:10:58.0 (34256023)|USER_DEBUG|[74]|DEBUG|19:00:00.000Z
15:10:58.0 (34262153)|STATEMENT_EXECUTE|[75]
15:10:58.0 (34269644)|HEAP_ALLOCATE|[75]|Bytes:4
15:10:58.0 (34283576)|VARIABLE_ASSIGNMENT|[75]|t|70200000
15:10:58.0 (34287868)|STATEMENT_EXECUTE|[76]
15:10:58.0 (34292280)|HEAP_ALLOCATE|[76]|Bytes:28
15:10:58.0 (34306176)|HEAP_ALLOCATE|[76]|Bytes:28
15:10:58.0 (34317397)|VARIABLE_ASSIGNMENT|[76]|i1|0.5
15:10:58.0 (34321244)|STATEMENT_EXECUTE|[77]
15:10:58.0 (34326635)|HEAP_ALLOCATE|[EXTERNAL]|Bytes:4
15:10:58.0 (34335107)|HEAP_ALLOCATE|[78]|Bytes:28
15:10:58.0 (34339019)|HEAP_ALLOCATE|[78]|Bytes:28
15:10:58.0 (34344457)|HEAP_ALLOCATE|[78]|Bytes:28
15:10:58.0 (34356491)|HEAP_ALLOCATE|[78]|Bytes:28
15:10:58.0 (34381056)|HEAP_ALLOCATE|[67]|Bytes:5
15:10:58.0 (34391000)|HEAP_ALLOCATE|[67]|Bytes:28
15:10:58.0 (34397225)|VARIABLE_SCOPE_BEGIN|[67]|apt|Appointment__c|true|false
15:10:58.0 (34413739)|VARIABLE_ASSIGNMENT|[67]|apt|{"Id":"a250H00000HayTLQAZ","Name":"A-00002","Doctor__c":"a260H000001koYjQAI","Patient__c":"a270H000006vXizQAE","End_Time__c":46800000,"Start_Time__c":43200000}|0x10fa92b7
15:10:58.0 (34420893)|STATEMENT_EXECUTE|[67]
15:10:58.0 (34422443)|STATEMENT_EXECUTE|[69]
15:10:58.0 (34431190)|VARIABLE_SCOPE_BEGIN|[69]|t|Time|false|false
15:10:58.0 (34442369)|VARIABLE_ASSIGNMENT|[69]|t|43200000
15:10:58.0 (34446239)|STATEMENT_EXECUTE|[70]
15:10:58.0 (34464310)|VARIABLE_SCOPE_BEGIN|[70]|i|Integer|false|false
15:10:58.0 (34470668)|HEAP_ALLOCATE|[70]|Bytes:4
15:10:58.0 (34479483)|VARIABLE_ASSIGNMENT|[70]|i|1
15:10:58.0 (34489261)|STATEMENT_EXECUTE|[71]
15:10:58.0 (34495058)|HEAP_ALLOCATE|[71]|Bytes:28
15:10:58.0 (34499605)|HEAP_ALLOCATE|[71]|Bytes:28
15:10:58.0 (34503521)|VARIABLE_SCOPE_BEGIN|[71]|i1|Decimal|false|false
15:10:58.0 (34511381)|VARIABLE_ASSIGNMENT|[71]|i1|0
15:10:58.0 (34515429)|STATEMENT_EXECUTE|[72]
15:10:58.0 (34521667)|HEAP_ALLOCATE|[EXTERNAL]|Bytes:4
15:10:58.0 (34527977)|STATEMENT_EXECUTE|[73]
15:10:58.0 (34529380)|STATEMENT_EXECUTE|[74]
15:10:58.0 (34536928)|USER_DEBUG|[74]|DEBUG|12:00:00.000Z
15:10:58.0 (34543868)|STATEMENT_EXECUTE|[75]
15:10:58.0 (34553233)|HEAP_ALLOCATE|[75]|Bytes:4
15:10:58.0 (34567399)|VARIABLE_ASSIGNMENT|[75]|t|45000000
15:10:58.0 (34571975)|STATEMENT_EXECUTE|[76]
15:10:58.0 (34576140)|HEAP_ALLOCATE|[76]|Bytes:28
15:10:58.0 (34589893)|HEAP_ALLOCATE|[76]|Bytes:28
15:10:58.0 (34601298)|VARIABLE_ASSIGNMENT|[76]|i1|0.5
15:10:58.0 (34605346)|STATEMENT_EXECUTE|[77]
15:10:58.0 (34610615)|HEAP_ALLOCATE|[EXTERNAL]|Bytes:4
15:10:58.0 (34619599)|HEAP_ALLOCATE|[78]|Bytes:28
15:10:58.0 (34624056)|HEAP_ALLOCATE|[78]|Bytes:28
15:10:58.0 (34628629)|HEAP_ALLOCATE|[78]|Bytes:28
15:10:58.0 (34641269)|HEAP_ALLOCATE|[78]|Bytes:28
15:10:58.0 (34664977)|HEAP_ALLOCATE|[67]|Bytes:5
15:10:58.0 (34676735)|VARIABLE_ASSIGNMENT|[67]|apt|null|
15:10:58.0 (34681778)|STATEMENT_EXECUTE|[89]
15:10:58.0 (34745811)|HEAP_ALLOCATE|[89]|Bytes:4
15:10:58.0 (34833911)|VARIABLE_ASSIGNMENT|[EXTERNAL]|this|{"aptdum":"0x229983be","Docdum":"0x134a9c30","Docmap":"0x3052fbdf","Initialselected":0,"Selecteddoc":"a260H000001koYjQAI","SelectedtimeSlot":30,"timeset":"0x7b869565","timewraplistInitial":"0x166cb27d"}|0x6ba18cd
15:10:58.0 (34854550)|HEAP_ALLOCATE|[EXTERNAL]|Bytes:4
15:10:58.0 (34862340)|VARIABLE_ASSIGNMENT|[EXTERNAL]|value|[]|0x595124dd
15:10:58.0 (34875310)|VARIABLE_ASSIGNMENT|[4]|this.timewraplist|[]|0x6ba18cd
15:10:58.0 (34885217)|STATEMENT_EXECUTE|[90]
15:10:58.0 (34893602)|HEAP_ALLOCATE|[90]|Bytes:4
15:10:58.0 (34948995)|VARIABLE_ASSIGNMENT|[EXTERNAL]|this|{"aptdum":"0x229983be","Docdum":"0x134a9c30","Docmap":"0x3052fbdf","Initialselected":0,"Selecteddoc":"a260H000001koYjQAI","SelectedtimeSlot":30,"timeset":"0x7b869565","timewraplist":"0x595124dd","timewraplistInitial":"0x166cb27d"}|0x6ba18cd
15:10:58.0 (34969216)|HEAP_ALLOCATE|[EXTERNAL]|Bytes:4
15:10:58.0 (34975917)|VARIABLE_ASSIGNMENT|[EXTERNAL]|value|[]|0x5fa2667d
15:10:58.0 (34986603)|VARIABLE_ASSIGNMENT|[3]|this.timelist|[]|0x6ba18cd
15:10:58.0 (34996292)|STATEMENT_EXECUTE|[91]
15:10:58.0 (35024472)|VARIABLE_SCOPE_BEGIN|[91]|t|Time|false|false
15:10:58.0 (35040974)|VARIABLE_ASSIGNMENT|[91]|t|43200000
15:10:58.0 (35046250)|STATEMENT_EXECUTE|[92]
15:10:58.0 (35087900)|VARIABLE_SCOPE_BEGIN|[92]|i|Integer|false|false
15:10:58.0 (35096520)|HEAP_ALLOCATE|[92]|Bytes:4
15:10:58.0 (35103339)|VARIABLE_ASSIGNMENT|[92]|i|7
15:10:58.0 (35107203)|STATEMENT_EXECUTE|[93]
15:10:58.0 (35115347)|HEAP_ALLOCATE|[93]|Bytes:28
15:10:58.0 (35119544)|HEAP_ALLOCATE|[93]|Bytes:28
15:10:58.0 (35124138)|VARIABLE_SCOPE_BEGIN|[93]|i1|Decimal|false|false
15:10:58.0 (35133178)|VARIABLE_ASSIGNMENT|[93]|i1|0
15:10:58.0 (35179511)|STATEMENT_EXECUTE|[96]
15:10:58.0 (35181605)|STATEMENT_EXECUTE|[97]
15:10:58.0 (35229238)|VARIABLE_ASSIGNMENT|[EXTERNAL]|this|{"aptdum":"0x229983be","Docdum":"0x134a9c30","Docmap":"0x3052fbdf","Initialselected":0,"Selecteddoc":"a260H000001koYjQAI","SelectedtimeSlot":30,"timelist":"0x5fa2667d","timeset":"0x7b869565","timewraplist":"0x595124dd","timewraplistInitial":"0x166cb27d"}|0x6ba18cd
15:10:58.0 (35248416)|HEAP_ALLOCATE|[97]|Bytes:108
15:10:58.0 (35255018)|HEAP_ALLOCATE|[97]|Bytes:11
15:10:58.0 (35267410)|HEAP_ALLOCATE|[97]|Bytes:12
15:10:58.0 (35290135)|CONSTRUCTOR_ENTRY|[97]|01p0H000007gCe8|<init>(Boolean,Time)
15:10:58.0 (35303162)|VARIABLE_SCOPE_BEGIN|[205]|this|docappcontroller.Wrapertimeslot|true|false
15:10:58.0 (35327836)|VARIABLE_ASSIGNMENT|[205]|this|{}|0x23dcd29a
15:10:58.0 (35336601)|VARIABLE_SCOPE_BEGIN|[205]|selection|Boolean|false|false
15:10:58.0 (35345878)|VARIABLE_ASSIGNMENT|[205]|selection|true
15:10:58.0 (35353593)|VARIABLE_SCOPE_BEGIN|[205]|tm|Time|false|false
15:10:58.0 (35364135)|VARIABLE_ASSIGNMENT|[205]|tm|43200000
15:10:58.0 (35369326)|STATEMENT_EXECUTE|[201]
15:10:58.0 (35371725)|STATEMENT_EXECUTE|[202]
15:10:58.0 (35373461)|STATEMENT_EXECUTE|[203]
15:10:58.0 (35379867)|HEAP_ALLOCATE|[206]|Bytes:6
15:10:58.0 (35402822)|STATEMENT_EXECUTE|[205]
15:10:58.0 (35404518)|STATEMENT_EXECUTE|[206]
15:10:58.0 (35458038)|VARIABLE_ASSIGNMENT|[EXTERNAL]|this|{}|0x23dcd29a
15:10:58.0 (35469369)|VARIABLE_ASSIGNMENT|[EXTERNAL]|value|true
15:10:58.0 (35476130)|HEAP_ALLOCATE|[202]|Bytes:5
15:10:58.0 (35489274)|VARIABLE_ASSIGNMENT|[202]|this.selected|true|0x23dcd29a
15:10:58.0 (35499272)|STATEMENT_EXECUTE|[207]
15:10:58.0 (35532370)|VARIABLE_ASSIGNMENT|[EXTERNAL]|this|{"selected":true}|0x23dcd29a
15:10:58.0 (35546606)|VARIABLE_ASSIGNMENT|[EXTERNAL]|value|43200000
15:10:58.0 (35556780)|VARIABLE_ASSIGNMENT|[203]|this.t|43200000|0x23dcd29a
15:10:58.0 (35572535)|CONSTRUCTOR_EXIT|[97]|01p0H000007gCe8|<init>(Boolean,Time)
15:10:58.0 (35586610)|HEAP_ALLOCATE|[EXTERNAL]|Bytes:4
15:10:58.0 (35593443)|STATEMENT_EXECUTE|[98]
15:10:58.0 (35599738)|HEAP_ALLOCATE|[98]|Bytes:4
15:10:58.0 (35607746)|VARIABLE_ASSIGNMENT|[98]|this.Initialselected|1|0x6ba18cd
15:10:58.0 (35612936)|STATEMENT_EXECUTE|[100]
15:10:58.0 (35656017)|VARIABLE_ASSIGNMENT|[EXTERNAL]|this|{"aptdum":"0x229983be","Docdum":"0x134a9c30","Docmap":"0x3052fbdf","Initialselected":1,"Selecteddoc":"a260H000001koYjQAI","SelectedtimeSlot":30,"timelist":"0x5fa2667d","timeset":"0x7b869565","timewraplist":"0x595124dd","timewraplistInitial":"0x166cb27d"}|0x6ba18cd
15:10:58.0 (35674965)|HEAP_ALLOCATE|[EXTERNAL]|Bytes:4
15:10:58.0 (35689489)|HEAP_ALLOCATE|[103]|Bytes:28
15:10:58.0 (35694380)|HEAP_ALLOCATE|[103]|Bytes:28
15:10:58.0 (35725656)|STATEMENT_EXECUTE|[103]
15:10:58.0 (35727492)|STATEMENT_EXECUTE|[104]
15:10:58.0 (35745019)|USER_DEBUG|[104]|DEBUG|12:00:00.000Z
15:10:58.0 (35752628)|STATEMENT_EXECUTE|[105]
15:10:58.0 (35774931)|HEAP_ALLOCATE|[105]|Bytes:4
15:10:58.0 (35791383)|VARIABLE_ASSIGNMENT|[105]|t|45000000
15:10:58.0 (35796541)|STATEMENT_EXECUTE|[106]
15:10:58.0 (35802954)|HEAP_ALLOCATE|[106]|Bytes:28
15:10:58.0 (35823108)|HEAP_ALLOCATE|[106]|Bytes:28
15:10:58.0 (35836864)|VARIABLE_ASSIGNMENT|[106]|i1|0.5
15:10:58.0 (35841710)|STATEMENT_EXECUTE|[107]
15:10:58.0 (35880424)|VARIABLE_ASSIGNMENT|[EXTERNAL]|this|{"aptdum":"0x229983be","Docdum":"0x134a9c30","Docmap":"0x3052fbdf","Initialselected":1,"Selecteddoc":"a260H000001koYjQAI","SelectedtimeSlot":30,"timelist":"0x5fa2667d","timeset":"0x7b869565","timewraplist":"0x595124dd","timewraplistInitial":"0x166cb27d"}|0x6ba18cd
15:10:58.0 (35898300)|HEAP_ALLOCATE|[EXTERNAL]|Bytes:4
15:10:58.0 (35926576)|STATEMENT_EXECUTE|[111]
15:10:58.0 (35928470)|STATEMENT_EXECUTE|[112]
15:10:58.0 (35965733)|VARIABLE_ASSIGNMENT|[EXTERNAL]|this|{"aptdum":"0x229983be","Docdum":"0x134a9c30","Docmap":"0x3052fbdf","Initialselected":1,"Selecteddoc":"a260H000001koYjQAI","SelectedtimeSlot":30,"timelist":"0x5fa2667d","timeset":"0x7b869565","timewraplist":"0x595124dd","timewraplistInitial":"0x166cb27d"}|0x6ba18cd
15:10:58.0 (35981187)|HEAP_ALLOCATE|[112]|Bytes:12
15:10:58.0 (35995396)|CONSTRUCTOR_ENTRY|[112]|01p0H000007gCe8|<init>(Boolean,Time)
15:10:58.0 (36001732)|VARIABLE_SCOPE_BEGIN|[205]|this|docappcontroller.Wrapertimeslot|true|false
15:10:58.0 (36016941)|VARIABLE_ASSIGNMENT|[205]|this|{}|0x3453d0a2
15:10:58.0 (36024651)|VARIABLE_SCOPE_BEGIN|[205]|selection|Boolean|false|false
15:10:58.0 (36032834)|VARIABLE_ASSIGNMENT|[205]|selection|true
15:10:58.0 (36036685)|VARIABLE_SCOPE_BEGIN|[205]|tm|Time|false|false
15:10:58.0 (36045705)|VARIABLE_ASSIGNMENT|[205]|tm|45000000
15:10:58.0 (36049993)|STATEMENT_EXECUTE|[201]
15:10:58.0 (36051980)|STATEMENT_EXECUTE|[202]
15:10:58.0 (36053497)|STATEMENT_EXECUTE|[203]
15:10:58.0 (36064404)|STATEMENT_EXECUTE|[205]
15:10:58.0 (36066049)|STATEMENT_EXECUTE|[206]
15:10:58.0 (36078445)|VARIABLE_ASSIGNMENT|[EXTERNAL]|this|{}|0x3453d0a2
15:10:58.0 (36087577)|VARIABLE_ASSIGNMENT|[EXTERNAL]|value|true
15:10:58.0 (36093563)|HEAP_ALLOCATE|[202]|Bytes:5
15:10:58.0 (36100966)|VARIABLE_ASSIGNMENT|[202]|this.selected|true|0x3453d0a2
15:10:58.0 (36108737)|STATEMENT_EXECUTE|[207]
15:10:58.0 (36121153)|VARIABLE_ASSIGNMENT|[EXTERNAL]|this|{"selected":true}|0x3453d0a2
15:10:58.0 (36130010)|VARIABLE_ASSIGNMENT|[EXTERNAL]|value|45000000
15:10:58.0 (36137592)|VARIABLE_ASSIGNMENT|[203]|this.t|45000000|0x3453d0a2
15:10:58.0 (36153093)|CONSTRUCTOR_EXIT|[112]|01p0H000007gCe8|<init>(Boolean,Time)
15:10:58.0 (36164716)|HEAP_ALLOCATE|[EXTERNAL]|Bytes:4
15:10:58.0 (36171278)|STATEMENT_EXECUTE|[113]
15:10:58.0 (36175899)|HEAP_ALLOCATE|[113]|Bytes:4
15:10:58.0 (36183306)|VARIABLE_ASSIGNMENT|[113]|this.Initialselected|2|0x6ba18cd
15:10:58.0 (36194217)|HEAP_ALLOCATE|[103]|Bytes:28
15:10:58.0 (36198599)|HEAP_ALLOCATE|[103]|Bytes:28
15:10:58.0 (36220335)|STATEMENT_EXECUTE|[103]
15:10:58.0 (36222091)|STATEMENT_EXECUTE|[104]
15:10:58.0 (36232304)|USER_DEBUG|[104]|DEBUG|12:30:00.000Z
15:10:58.0 (36239466)|STATEMENT_EXECUTE|[105]
15:10:58.0 (36249589)|HEAP_ALLOCATE|[105]|Bytes:4
15:10:58.0 (36264035)|VARIABLE_ASSIGNMENT|[105]|t|46800000
15:10:58.0 (36268552)|STATEMENT_EXECUTE|[106]
15:10:58.0 (36274110)|HEAP_ALLOCATE|[106]|Bytes:28
15:10:58.0 (36287270)|HEAP_ALLOCATE|[106]|Bytes:28
15:10:58.0 (36299335)|VARIABLE_ASSIGNMENT|[106]|i1|1.0
15:10:58.0 (36303785)|STATEMENT_EXECUTE|[107]
15:10:58.0 (36336528)|VARIABLE_ASSIGNMENT|[EXTERNAL]|this|{"aptdum":"0x229983be","Docdum":"0x134a9c30","Docmap":"0x3052fbdf","Initialselected":2,"Selecteddoc":"a260H000001koYjQAI","SelectedtimeSlot":30,"timelist":"0x5fa2667d","timeset":"0x7b869565","timewraplist":"0x595124dd","timewraplistInitial":"0x166cb27d"}|0x6ba18cd
15:10:58.0 (36353310)|HEAP_ALLOCATE|[EXTERNAL]|Bytes:4
15:10:58.0 (36367678)|STATEMENT_EXECUTE|[109]
15:10:58.0 (36369366)|STATEMENT_EXECUTE|[110]
15:10:58.0 (36405622)|VARIABLE_ASSIGNMENT|[EXTERNAL]|this|{"aptdum":"0x229983be","Docdum":"0x134a9c30","Docmap":"0x3052fbdf","Initialselected":2,"Selecteddoc":"a260H000001koYjQAI","SelectedtimeSlot":30,"timelist":"0x5fa2667d","timeset":"0x7b869565","timewraplist":"0x595124dd","timewraplistInitial":"0x166cb27d"}|0x6ba18cd
15:10:58.0 (36419227)|HEAP_ALLOCATE|[110]|Bytes:12
15:10:58.0 (36432378)|CONSTRUCTOR_ENTRY|[110]|01p0H000007gCe8|<init>(Boolean,Time)
15:10:58.0 (36438230)|VARIABLE_SCOPE_BEGIN|[205]|this|docappcontroller.Wrapertimeslot|true|false
15:10:58.0 (36452266)|VARIABLE_ASSIGNMENT|[205]|this|{}|0x4b499a3c
15:10:58.0 (36458700)|VARIABLE_SCOPE_BEGIN|[205]|selection|Boolean|false|false
15:10:58.0 (36466908)|VARIABLE_ASSIGNMENT|[205]|selection|false
15:10:58.0 (36470740)|VARIABLE_SCOPE_BEGIN|[205]|tm|Time|false|false
15:10:58.0 (36479783)|VARIABLE_ASSIGNMENT|[205]|tm|46800000
15:10:58.0 (36489021)|STATEMENT_EXECUTE|[201]
15:10:58.0 (36490580)|STATEMENT_EXECUTE|[202]
15:10:58.0 (36492072)|STATEMENT_EXECUTE|[203]
15:10:58.0 (36501827)|STATEMENT_EXECUTE|[205]
15:10:58.0 (36503346)|STATEMENT_EXECUTE|[206]
15:10:58.0 (36515918)|VARIABLE_ASSIGNMENT|[EXTERNAL]|this|{}|0x4b499a3c
15:10:58.0 (36525211)|VARIABLE_ASSIGNMENT|[EXTERNAL]|value|false
15:10:58.0 (36530321)|HEAP_ALLOCATE|[202]|Bytes:5
15:10:58.0 (36537238)|VARIABLE_ASSIGNMENT|[202]|this.selected|false|0x4b499a3c
15:10:58.0 (36544720)|STATEMENT_EXECUTE|[207]
15:10:58.0 (36556979)|VARIABLE_ASSIGNMENT|[EXTERNAL]|this|{"selected":false}|0x4b499a3c
15:10:58.0 (36565943)|VARIABLE_ASSIGNMENT|[EXTERNAL]|value|46800000
15:10:58.0 (36573343)|VARIABLE_ASSIGNMENT|[203]|this.t|46800000|0x4b499a3c
15:10:58.0 (36587840)|CONSTRUCTOR_EXIT|[110]|01p0H000007gCe8|<init>(Boolean,Time)
15:10:58.0 (36599206)|HEAP_ALLOCATE|[EXTERNAL]|Bytes:4
15:10:58.0 (36610696)|HEAP_ALLOCATE|[103]|Bytes:28
15:10:58.0 (36615280)|HEAP_ALLOCATE|[103]|Bytes:28
15:10:58.0 (36634739)|STATEMENT_EXECUTE|[103]
15:10:58.0 (36636798)|STATEMENT_EXECUTE|[104]
15:10:58.0 (36645991)|USER_DEBUG|[104]|DEBUG|13:00:00.000Z
15:10:58.0 (36652782)|STATEMENT_EXECUTE|[105]
15:10:58.0 (36661723)|HEAP_ALLOCATE|[105]|Bytes:4
15:10:58.0 (36675835)|VARIABLE_ASSIGNMENT|[105]|t|48600000
15:10:58.0 (36680406)|STATEMENT_EXECUTE|[106]
15:10:58.0 (36685530)|HEAP_ALLOCATE|[106]|Bytes:28
15:10:58.0 (36697786)|HEAP_ALLOCATE|[106]|Bytes:28
15:10:58.0 (36709385)|VARIABLE_ASSIGNMENT|[106]|i1|1.5
15:10:58.0 (36713873)|STATEMENT_EXECUTE|[107]
15:10:58.0 (36745713)|VARIABLE_ASSIGNMENT|[EXTERNAL]|this|{"aptdum":"0x229983be","Docdum":"0x134a9c30","Docmap":"0x3052fbdf","Initialselected":2,"Selecteddoc":"a260H000001koYjQAI","SelectedtimeSlot":30,"timelist":"0x5fa2667d","timeset":"0x7b869565","timewraplist":"0x595124dd","timewraplistInitial":"0x166cb27d"}|0x6ba18cd
15:10:58.0 (36760875)|HEAP_ALLOCATE|[EXTERNAL]|Bytes:4
15:10:58.0 (36773474)|STATEMENT_EXECUTE|[109]
15:10:58.0 (36775572)|STATEMENT_EXECUTE|[110]
15:10:58.0 (36802346)|VARIABLE_ASSIGNMENT|[EXTERNAL]|this|{"aptdum":"0x229983be","Docdum":"0x134a9c30","Docmap":"0x3052fbdf","Initialselected":2,"Selecteddoc":"a260H000001koYjQAI","SelectedtimeSlot":30,"timelist":"0x5fa2667d","timeset":"0x7b869565","timewraplist":"0x595124dd","timewraplistInitial":"0x166cb27d"}|0x6ba18cd
15:10:58.0 (36815370)|HEAP_ALLOCATE|[110]|Bytes:12
15:10:58.0 (36827041)|CONSTRUCTOR_ENTRY|[110]|01p0H000007gCe8|<init>(Boolean,Time)
15:10:58.0 (36832400)|VARIABLE_SCOPE_BEGIN|[205]|this|docappcontroller.Wrapertimeslot|true|false
15:10:58.0 (36846234)|VARIABLE_ASSIGNMENT|[205]|this|{}|0x57dc6e0a
15:10:58.0 (36852642)|VARIABLE_SCOPE_BEGIN|[205]|selection|Boolean|false|false
15:10:58.0 (36860787)|VARIABLE_ASSIGNMENT|[205]|selection|false
15:10:58.0 (36864414)|VARIABLE_SCOPE_BEGIN|[205]|tm|Time|false|false
15:10:58.0 (36872400)|VARIABLE_ASSIGNMENT|[205]|tm|48600000
15:10:58.0 (36876753)|STATEMENT_EXECUTE|[201]
15:10:58.0 (36878671)|STATEMENT_EXECUTE|[202]
15:10:58.0 (36880159)|STATEMENT_EXECUTE|[203]
15:10:58.0 (36889858)|STATEMENT_EXECUTE|[205]
15:10:58.0 (36891487)|STATEMENT_EXECUTE|[206]
15:10:58.0 (36903020)|VARIABLE_ASSIGNMENT|[EXTERNAL]|this|{}|0x57dc6e0a
15:10:58.0 (36911801)|VARIABLE_ASSIGNMENT|[EXTERNAL]|value|false
15:10:58.0 (36916464)|HEAP_ALLOCATE|[202]|Bytes:5
15:10:58.0 (36923395)|VARIABLE_ASSIGNMENT|[202]|this.selected|false|0x57dc6e0a
15:10:58.0 (36931089)|STATEMENT_EXECUTE|[207]
15:10:58.0 (36943120)|VARIABLE_ASSIGNMENT|[EXTERNAL]|this|{"selected":false}|0x57dc6e0a
15:10:58.0 (36951752)|VARIABLE_ASSIGNMENT|[EXTERNAL]|value|48600000
15:10:58.0 (36959331)|VARIABLE_ASSIGNMENT|[203]|this.t|48600000|0x57dc6e0a
15:10:58.0 (36972682)|CONSTRUCTOR_EXIT|[110]|01p0H000007gCe8|<init>(Boolean,Time)
15:10:58.0 (36982225)|HEAP_ALLOCATE|[EXTERNAL]|Bytes:4
15:10:58.0 (36993176)|HEAP_ALLOCATE|[103]|Bytes:28
15:10:58.0 (36997663)|HEAP_ALLOCATE|[103]|Bytes:28
15:10:58.0 (37015660)|STATEMENT_EXECUTE|[103]
15:10:58.0 (37018039)|STATEMENT_EXECUTE|[104]
15:10:58.0 (37027296)|USER_DEBUG|[104]|DEBUG|13:30:00.000Z
15:10:58.0 (37038238)|STATEMENT_EXECUTE|[105]
15:10:58.0 (37047280)|HEAP_ALLOCATE|[105]|Bytes:4
15:10:58.0 (37061368)|VARIABLE_ASSIGNMENT|[105]|t|50400000
15:10:58.0 (37065429)|STATEMENT_EXECUTE|[106]
15:10:58.0 (37070577)|HEAP_ALLOCATE|[106]|Bytes:28
15:10:58.0 (37083091)|HEAP_ALLOCATE|[106]|Bytes:28
15:10:58.0 (37094436)|VARIABLE_ASSIGNMENT|[106]|i1|2.0
15:10:58.0 (37098474)|STATEMENT_EXECUTE|[107]
15:10:58.0 (37129968)|VARIABLE_ASSIGNMENT|[EXTERNAL]|this|{"aptdum":"0x229983be","Docdum":"0x134a9c30","Docmap":"0x3052fbdf","Initialselected":2,"Selecteddoc":"a260H000001koYjQAI","SelectedtimeSlot":30,"timelist":"0x5fa2667d","timeset":"0x7b869565","timewraplist":"0x595124dd","timewraplistInitial":"0x166cb27d"}|0x6ba18cd
15:10:58.0 (37145420)|HEAP_ALLOCATE|[EXTERNAL]|Bytes:4
15:10:58.0 (37158472)|STATEMENT_EXECUTE|[109]
15:10:58.0 (37160130)|STATEMENT_EXECUTE|[110]
15:10:58.0 (37185662)|VARIABLE_ASSIGNMENT|[EXTERNAL]|this|{"aptdum":"0x229983be","Docdum":"0x134a9c30","Docmap":"0x3052fbdf","Initialselected":2,"Selecteddoc":"a260H000001koYjQAI","SelectedtimeSlot":30,"timelist":"0x5fa2667d","timeset":"0x7b869565","timewraplist":"0x595124dd","timewraplistInitial":"0x166cb27d"}|0x6ba18cd
15:10:58.0 (37203726)|HEAP_ALLOCATE|[110]|Bytes:12
15:10:58.0 (37216867)|CONSTRUCTOR_ENTRY|[110]|01p0H000007gCe8|<init>(Boolean,Time)
15:10:58.0 (37222853)|VARIABLE_SCOPE_BEGIN|[205]|this|docappcontroller.Wrapertimeslot|true|false
15:10:58.0 (37236506)|VARIABLE_ASSIGNMENT|[205]|this|{}|0x68cf60a4
15:10:58.0 (37243520)|VARIABLE_SCOPE_BEGIN|[205]|selection|Boolean|false|false
15:10:58.0 (37251892)|VARIABLE_ASSIGNMENT|[205]|selection|false
15:10:58.0 (37256184)|VARIABLE_SCOPE_BEGIN|[205]|tm|Time|false|false
15:10:58.0 (37265364)|VARIABLE_ASSIGNMENT|[205]|tm|50400000
15:10:58.0 (37269683)|STATEMENT_EXECUTE|[201]
15:10:58.0 (37271230)|STATEMENT_EXECUTE|[202]
15:10:58.0 (37272685)|STATEMENT_EXECUTE|[203]
15:10:58.0 (37281578)|STATEMENT_EXECUTE|[205]
15:10:58.0 (37283121)|STATEMENT_EXECUTE|[206]
15:10:58.0 (37294484)|VARIABLE_ASSIGNMENT|[EXTERNAL]|this|{}|0x68cf60a4
15:10:58.0 (37302865)|VARIABLE_ASSIGNMENT|[EXTERNAL]|value|false
15:10:58.0 (37308822)|HEAP_ALLOCATE|[202]|Bytes:5
15:10:58.0 (37315603)|VARIABLE_ASSIGNMENT|[202]|this.selected|false|0x68cf60a4
15:10:58.0 (37324027)|STATEMENT_EXECUTE|[207]
15:10:58.0 (37335873)|VARIABLE_ASSIGNMENT|[EXTERNAL]|this|{"selected":false}|0x68cf60a4
15:10:58.0 (37344568)|VARIABLE_ASSIGNMENT|[EXTERNAL]|value|50400000
15:10:58.0 (37352044)|VARIABLE_ASSIGNMENT|[203]|this.t|50400000|0x68cf60a4
15:10:58.0 (37366206)|CONSTRUCTOR_EXIT|[110]|01p0H000007gCe8|<init>(Boolean,Time)
15:10:58.0 (37375929)|HEAP_ALLOCATE|[EXTERNAL]|Bytes:4
15:10:58.0 (37386732)|HEAP_ALLOCATE|[103]|Bytes:28
15:10:58.0 (37390244)|HEAP_ALLOCATE|[103]|Bytes:28
15:10:58.0 (37409704)|STATEMENT_EXECUTE|[103]
15:10:58.0 (37411480)|STATEMENT_EXECUTE|[104]
15:10:58.0 (37420488)|USER_DEBUG|[104]|DEBUG|14:00:00.000Z
15:10:58.0 (37427466)|STATEMENT_EXECUTE|[105]
15:10:58.0 (37436218)|HEAP_ALLOCATE|[105]|Bytes:4
15:10:58.0 (37449841)|VARIABLE_ASSIGNMENT|[105]|t|52200000
15:10:58.0 (37454200)|STATEMENT_EXECUTE|[106]
15:10:58.0 (37458928)|HEAP_ALLOCATE|[106]|Bytes:28
15:10:58.0 (37471619)|HEAP_ALLOCATE|[106]|Bytes:28
15:10:58.0 (37487411)|VARIABLE_ASSIGNMENT|[106]|i1|2.5
15:10:58.0 (37491795)|STATEMENT_EXECUTE|[107]
15:10:58.0 (37524259)|VARIABLE_ASSIGNMENT|[EXTERNAL]|this|{"aptdum":"0x229983be","Docdum":"0x134a9c30","Docmap":"0x3052fbdf","Initialselected":2,"Selecteddoc":"a260H000001koYjQAI","SelectedtimeSlot":30,"timelist":"0x5fa2667d","timeset":"0x7b869565","timewraplist":"0x595124dd","timewraplistInitial":"0x166cb27d"}|0x6ba18cd
15:10:58.0 (37539785)|HEAP_ALLOCATE|[EXTERNAL]|Bytes:4
15:10:58.0 (37552475)|STATEMENT_EXECUTE|[109]
15:10:58.0 (37554158)|STATEMENT_EXECUTE|[110]
15:10:58.0 (37580421)|VARIABLE_ASSIGNMENT|[EXTERNAL]|this|{"aptdum":"0x229983be","Docdum":"0x134a9c30","Docmap":"0x3052fbdf","Initialselected":2,"Selecteddoc":"a260H000001koYjQAI","SelectedtimeSlot":30,"timelist":"0x5fa2667d","timeset":"0x7b869565","timewraplist":"0x595124dd","timewraplistInitial":"0x166cb27d"}|0x6ba18cd
15:10:58.0 (37592132)|HEAP_ALLOCATE|[110]|Bytes:12
15:10:58.0 (37604114)|CONSTRUCTOR_ENTRY|[110]|01p0H000007gCe8|<init>(Boolean,Time)
15:10:58.0 (37609587)|VARIABLE_SCOPE_BEGIN|[205]|this|docappcontroller.Wrapertimeslot|true|false
15:10:58.0 (37623076)|VARIABLE_ASSIGNMENT|[205]|this|{}|0x181ac437
15:10:58.0 (37629600)|VARIABLE_SCOPE_BEGIN|[205]|selection|Boolean|false|false
15:10:58.0 (37637191)|VARIABLE_ASSIGNMENT|[205]|selection|false
15:10:58.0 (37640783)|VARIABLE_SCOPE_BEGIN|[205]|tm|Time|false|false
15:10:58.0 (37649414)|VARIABLE_ASSIGNMENT|[205]|tm|52200000
15:10:58.0 (37653899)|STATEMENT_EXECUTE|[201]
15:10:58.0 (37655564)|STATEMENT_EXECUTE|[202]
15:10:58.0 (37657062)|STATEMENT_EXECUTE|[203]
15:10:58.0 (37666036)|STATEMENT_EXECUTE|[205]
15:10:58.0 (37667680)|STATEMENT_EXECUTE|[206]
15:10:58.0 (37679234)|VARIABLE_ASSIGNMENT|[EXTERNAL]|this|{}|0x181ac437
15:10:58.0 (37688139)|VARIABLE_ASSIGNMENT|[EXTERNAL]|value|false
15:10:58.0 (37694032)|HEAP_ALLOCATE|[202]|Bytes:5
15:10:58.0 (37700569)|VARIABLE_ASSIGNMENT|[202]|this.selected|false|0x181ac437
15:10:58.0 (37708092)|STATEMENT_EXECUTE|[207]
15:10:58.0 (37719753)|VARIABLE_ASSIGNMENT|[EXTERNAL]|this|{"selected":false}|0x181ac437
15:10:58.0 (37728554)|VARIABLE_ASSIGNMENT|[EXTERNAL]|value|52200000
15:10:58.0 (37736103)|VARIABLE_ASSIGNMENT|[203]|this.t|52200000|0x181ac437
15:10:58.0 (37749592)|CONSTRUCTOR_EXIT|[110]|01p0H000007gCe8|<init>(Boolean,Time)
15:10:58.0 (37758835)|HEAP_ALLOCATE|[EXTERNAL]|Bytes:4
15:10:58.0 (37769539)|HEAP_ALLOCATE|[103]|Bytes:28
15:10:58.0 (37773331)|HEAP_ALLOCATE|[103]|Bytes:28
15:10:58.0 (37791832)|STATEMENT_EXECUTE|[103]
15:10:58.0 (37793633)|STATEMENT_EXECUTE|[104]
15:10:58.0 (37802396)|USER_DEBUG|[104]|DEBUG|14:30:00.000Z
15:10:58.0 (37808842)|STATEMENT_EXECUTE|[105]
15:10:58.0 (37817303)|HEAP_ALLOCATE|[105]|Bytes:4
15:10:58.0 (37830468)|VARIABLE_ASSIGNMENT|[105]|t|54000000
15:10:58.0 (37834508)|STATEMENT_EXECUTE|[106]
15:10:58.0 (37839371)|HEAP_ALLOCATE|[106]|Bytes:28
15:10:58.0 (37851743)|HEAP_ALLOCATE|[106]|Bytes:28
15:10:58.0 (37863133)|VARIABLE_ASSIGNMENT|[106]|i1|3.0
15:10:58.0 (37866976)|STATEMENT_EXECUTE|[107]
15:10:58.0 (37897551)|VARIABLE_ASSIGNMENT|[EXTERNAL]|this|{"aptdum":"0x229983be","Docdum":"0x134a9c30","Docmap":"0x3052fbdf","Initialselected":2,"Selecteddoc":"a260H000001koYjQAI","SelectedtimeSlot":30,"timelist":"0x5fa2667d","timeset":"0x7b869565","timewraplist":"0x595124dd","timewraplistInitial":"0x166cb27d"}|0x6ba18cd
15:10:58.0 (37912771)|HEAP_ALLOCATE|[EXTERNAL]|Bytes:4
15:10:58.0 (37925150)|STATEMENT_EXECUTE|[111]
15:10:58.0 (37926697)|STATEMENT_EXECUTE|[112]
15:10:58.0 (37952058)|VARIABLE_ASSIGNMENT|[EXTERNAL]|this|{"aptdum":"0x229983be","Docdum":"0x134a9c30","Docmap":"0x3052fbdf","Initialselected":2,"Selecteddoc":"a260H000001koYjQAI","SelectedtimeSlot":30,"timelist":"0x5fa2667d","timeset":"0x7b869565","timewraplist":"0x595124dd","timewraplistInitial":"0x166cb27d"}|0x6ba18cd
15:10:58.0 (37964549)|HEAP_ALLOCATE|[112]|Bytes:12
15:10:58.0 (37975766)|CONSTRUCTOR_ENTRY|[112]|01p0H000007gCe8|<init>(Boolean,Time)
15:10:58.0 (37981437)|VARIABLE_SCOPE_BEGIN|[205]|this|docappcontroller.Wrapertimeslot|true|false
15:10:58.0 (37994541)|VARIABLE_ASSIGNMENT|[205]|this|{}|0x117b38f1
15:10:58.0 (38001074)|VARIABLE_SCOPE_BEGIN|[205]|selection|Boolean|false|false
15:10:58.0 (38009662)|VARIABLE_ASSIGNMENT|[205]|selection|true
15:10:58.0 (38013566)|VARIABLE_SCOPE_BEGIN|[205]|tm|Time|false|false
15:10:58.0 (38021820)|VARIABLE_ASSIGNMENT|[205]|tm|54000000
15:10:58.0 (38026098)|STATEMENT_EXECUTE|[201]
15:10:58.0 (38027902)|STATEMENT_EXECUTE|[202]
15:10:58.0 (38029544)|STATEMENT_EXECUTE|[203]
15:10:58.0 (38038242)|STATEMENT_EXECUTE|[205]
15:10:58.0 (38039766)|STATEMENT_EXECUTE|[206]
15:10:58.0 (38051768)|VARIABLE_ASSIGNMENT|[EXTERNAL]|this|{}|0x117b38f1
15:10:58.0 (38060162)|VARIABLE_ASSIGNMENT|[EXTERNAL]|value|true
15:10:58.0 (38064941)|HEAP_ALLOCATE|[202]|Bytes:5
15:10:58.0 (38071566)|VARIABLE_ASSIGNMENT|[202]|this.selected|true|0x117b38f1
15:10:58.0 (38079286)|STATEMENT_EXECUTE|[207]
15:10:58.0 (38091219)|VARIABLE_ASSIGNMENT|[EXTERNAL]|this|{"selected":true}|0x117b38f1
15:10:58.0 (38103069)|VARIABLE_ASSIGNMENT|[EXTERNAL]|value|54000000
15:10:58.0 (38110975)|VARIABLE_ASSIGNMENT|[203]|this.t|54000000|0x117b38f1
15:10:58.0 (38124974)|CONSTRUCTOR_EXIT|[112]|01p0H000007gCe8|<init>(Boolean,Time)
15:10:58.0 (38135121)|HEAP_ALLOCATE|[EXTERNAL]|Bytes:4
15:10:58.0 (38140662)|STATEMENT_EXECUTE|[113]
15:10:58.0 (38144204)|HEAP_ALLOCATE|[113]|Bytes:4
15:10:58.0 (38151982)|VARIABLE_ASSIGNMENT|[113]|this.Initialselected|3|0x6ba18cd
15:10:58.0 (38162741)|HEAP_ALLOCATE|[103]|Bytes:28
15:10:58.0 (38166787)|HEAP_ALLOCATE|[103]|Bytes:28
15:10:58.0 (38186241)|STATEMENT_EXECUTE|[103]
15:10:58.0 (38187984)|STATEMENT_EXECUTE|[104]
15:10:58.0 (38196667)|USER_DEBUG|[104]|DEBUG|15:00:00.000Z
15:10:58.0 (38204222)|STATEMENT_EXECUTE|[105]
15:10:58.0 (38213223)|HEAP_ALLOCATE|[105]|Bytes:4
15:10:58.0 (38226421)|VARIABLE_ASSIGNMENT|[105]|t|55800000
15:10:58.0 (38230501)|STATEMENT_EXECUTE|[106]
15:10:58.0 (38235061)|HEAP_ALLOCATE|[106]|Bytes:28
15:10:58.0 (38247503)|HEAP_ALLOCATE|[106]|Bytes:28
15:10:58.0 (38259466)|VARIABLE_ASSIGNMENT|[106]|i1|3.5
15:10:58.0 (38264005)|STATEMENT_EXECUTE|[107]
15:10:58.0 (38294400)|VARIABLE_ASSIGNMENT|[EXTERNAL]|this|{"aptdum":"0x229983be","Docdum":"0x134a9c30","Docmap":"0x3052fbdf","Initialselected":3,"Selecteddoc":"a260H000001koYjQAI","SelectedtimeSlot":30,"timelist":"0x5fa2667d","timeset":"0x7b869565","timewraplist":"0x595124dd","timewraplistInitial":"0x166cb27d"}|0x6ba18cd
15:10:58.0 (38308939)|HEAP_ALLOCATE|[EXTERNAL]|Bytes:4
15:10:58.0 (38321412)|STATEMENT_EXECUTE|[111]
15:10:58.0 (38323215)|STATEMENT_EXECUTE|[112]
15:10:58.0 (38349144)|VARIABLE_ASSIGNMENT|[EXTERNAL]|this|{"aptdum":"0x229983be","Docdum":"0x134a9c30","Docmap":"0x3052fbdf","Initialselected":3,"Selecteddoc":"a260H000001koYjQAI","SelectedtimeSlot":30,"timelist":"0x5fa2667d","timeset":"0x7b869565","timewraplist":"0x595124dd","timewraplistInitial":"0x166cb27d"}|0x6ba18cd
15:10:58.0 (38361448)|HEAP_ALLOCATE|[112]|Bytes:12
15:10:58.0 (38373009)|CONSTRUCTOR_ENTRY|[112]|01p0H000007gCe8|<init>(Boolean,Time)
15:10:58.0 (38378833)|VARIABLE_SCOPE_BEGIN|[205]|this|docappcontroller.Wrapertimeslot|true|false
15:10:58.0 (38392034)|VARIABLE_ASSIGNMENT|[205]|this|{}|0x7c8f60d9
15:10:58.0 (38398578)|VARIABLE_SCOPE_BEGIN|[205]|selection|Boolean|false|false
15:10:58.0 (38406336)|VARIABLE_ASSIGNMENT|[205]|selection|true
15:10:58.0 (38409946)|VARIABLE_SCOPE_BEGIN|[205]|tm|Time|false|false
15:10:58.0 (38418381)|VARIABLE_ASSIGNMENT|[205]|tm|55800000
15:10:58.0 (38422710)|STATEMENT_EXECUTE|[201]
15:10:58.0 (38424259)|STATEMENT_EXECUTE|[202]
15:10:58.0 (38426102)|STATEMENT_EXECUTE|[203]
15:10:58.0 (38434774)|STATEMENT_EXECUTE|[205]
15:10:58.0 (38436568)|STATEMENT_EXECUTE|[206]
15:10:58.0 (38447963)|VARIABLE_ASSIGNMENT|[EXTERNAL]|this|{}|0x7c8f60d9
15:10:58.0 (38456442)|VARIABLE_ASSIGNMENT|[EXTERNAL]|value|true
15:10:58.0 (38461257)|HEAP_ALLOCATE|[202]|Bytes:5
15:10:58.0 (38468365)|VARIABLE_ASSIGNMENT|[202]|this.selected|true|0x7c8f60d9
15:10:58.0 (38476060)|STATEMENT_EXECUTE|[207]
15:10:58.0 (38492110)|VARIABLE_ASSIGNMENT|[EXTERNAL]|this|{"selected":true}|0x7c8f60d9
15:10:58.0 (38501284)|VARIABLE_ASSIGNMENT|[EXTERNAL]|value|55800000
15:10:58.0 (38509108)|VARIABLE_ASSIGNMENT|[203]|this.t|55800000|0x7c8f60d9
15:10:58.0 (38523591)|CONSTRUCTOR_EXIT|[112]|01p0H000007gCe8|<init>(Boolean,Time)
15:10:58.0 (38533497)|HEAP_ALLOCATE|[EXTERNAL]|Bytes:4
15:10:58.0 (38539213)|STATEMENT_EXECUTE|[113]
15:10:58.0 (38542627)|HEAP_ALLOCATE|[113]|Bytes:4
15:10:58.0 (38549362)|VARIABLE_ASSIGNMENT|[113]|this.Initialselected|4|0x6ba18cd
15:10:58.0 (38559436)|HEAP_ALLOCATE|[103]|Bytes:28
15:10:58.0 (38563393)|HEAP_ALLOCATE|[103]|Bytes:28
15:10:58.0 (38582797)|STATEMENT_EXECUTE|[103]
15:10:58.0 (38584591)|STATEMENT_EXECUTE|[104]
15:10:58.0 (38593673)|USER_DEBUG|[104]|DEBUG|15:30:00.000Z
15:10:58.0 (38600906)|STATEMENT_EXECUTE|[105]
15:10:58.0 (38609524)|HEAP_ALLOCATE|[105]|Bytes:4
15:10:58.0 (38623407)|VARIABLE_ASSIGNMENT|[105]|t|57600000
15:10:58.0 (38627591)|STATEMENT_EXECUTE|[106]
15:10:58.0 (38632437)|HEAP_ALLOCATE|[106]|Bytes:28
15:10:58.0 (38645060)|HEAP_ALLOCATE|[106]|Bytes:28
15:10:58.0 (38656696)|VARIABLE_ASSIGNMENT|[106]|i1|4.0
15:10:58.0 (38660923)|STATEMENT_EXECUTE|[107]
15:10:58.0 (38692492)|VARIABLE_ASSIGNMENT|[EXTERNAL]|this|{"aptdum":"0x229983be","Docdum":"0x134a9c30","Docmap":"0x3052fbdf","Initialselected":4,"Selecteddoc":"a260H000001koYjQAI","SelectedtimeSlot":30,"timelist":"0x5fa2667d","timeset":"0x7b869565","timewraplist":"0x595124dd","timewraplistInitial":"0x166cb27d"}|0x6ba18cd
15:10:58.0 (38707875)|HEAP_ALLOCATE|[EXTERNAL]|Bytes:4
15:10:58.0 (38720227)|STATEMENT_EXECUTE|[111]
15:10:58.0 (38721747)|STATEMENT_EXECUTE|[112]
15:10:58.0 (38747348)|VARIABLE_ASSIGNMENT|[EXTERNAL]|this|{"aptdum":"0x229983be","Docdum":"0x134a9c30","Docmap":"0x3052fbdf","Initialselected":4,"Selecteddoc":"a260H000001koYjQAI","SelectedtimeSlot":30,"timelist":"0x5fa2667d","timeset":"0x7b869565","timewraplist":"0x595124dd","timewraplistInitial":"0x166cb27d"}|0x6ba18cd
15:10:58.0 (38760228)|HEAP_ALLOCATE|[112]|Bytes:12
15:10:58.0 (38772085)|CONSTRUCTOR_ENTRY|[112]|01p0H000007gCe8|<init>(Boolean,Time)
15:10:58.0 (38777680)|VARIABLE_SCOPE_BEGIN|[205]|this|docappcontroller.Wrapertimeslot|true|false
15:10:58.0 (38791186)|VARIABLE_ASSIGNMENT|[205]|this|{}|0x466a0e67
15:10:58.0 (38797682)|VARIABLE_SCOPE_BEGIN|[205]|selection|Boolean|false|false
15:10:58.0 (38805621)|VARIABLE_ASSIGNMENT|[205]|selection|true
15:10:58.0 (38809994)|VARIABLE_SCOPE_BEGIN|[205]|tm|Time|false|false
15:10:58.0 (38818487)|VARIABLE_ASSIGNMENT|[205]|tm|57600000
15:10:58.0 (38822432)|STATEMENT_EXECUTE|[201]
15:10:58.0 (38824069)|STATEMENT_EXECUTE|[202]
15:10:58.0 (38825518)|STATEMENT_EXECUTE|[203]
15:10:58.0 (38834301)|STATEMENT_EXECUTE|[205]
15:10:58.0 (38835771)|STATEMENT_EXECUTE|[206]
15:10:58.0 (38847536)|VARIABLE_ASSIGNMENT|[EXTERNAL]|this|{}|0x466a0e67
15:10:58.0 (38856201)|VARIABLE_ASSIGNMENT|[EXTERNAL]|value|true
15:10:58.0 (38861047)|HEAP_ALLOCATE|[202]|Bytes:5
15:10:58.0 (38867922)|VARIABLE_ASSIGNMENT|[202]|this.selected|true|0x466a0e67
15:10:58.0 (38875653)|STATEMENT_EXECUTE|[207]
15:10:58.0 (38887855)|VARIABLE_ASSIGNMENT|[EXTERNAL]|this|{"selected":true}|0x466a0e67
15:10:58.0 (38896920)|VARIABLE_ASSIGNMENT|[EXTERNAL]|value|57600000
15:10:58.0 (38903803)|VARIABLE_ASSIGNMENT|[203]|this.t|57600000|0x466a0e67
15:10:58.0 (38917200)|CONSTRUCTOR_EXIT|[112]|01p0H000007gCe8|<init>(Boolean,Time)
15:10:58.0 (38926742)|HEAP_ALLOCATE|[EXTERNAL]|Bytes:4
15:10:58.0 (38932783)|STATEMENT_EXECUTE|[113]
15:10:58.0 (38936087)|HEAP_ALLOCATE|[113]|Bytes:4
15:10:58.0 (38943121)|VARIABLE_ASSIGNMENT|[113]|this.Initialselected|5|0x6ba18cd
15:10:58.0 (38953296)|HEAP_ALLOCATE|[103]|Bytes:28
15:10:58.0 (38957676)|HEAP_ALLOCATE|[103]|Bytes:28
15:10:58.0 (38976491)|STATEMENT_EXECUTE|[103]
15:10:58.0 (38978200)|STATEMENT_EXECUTE|[104]
15:10:58.0 (38987132)|USER_DEBUG|[104]|DEBUG|16:00:00.000Z
15:10:58.0 (38994289)|STATEMENT_EXECUTE|[105]
15:10:58.0 (39003346)|HEAP_ALLOCATE|[105]|Bytes:4
15:10:58.0 (39017393)|VARIABLE_ASSIGNMENT|[105]|t|59400000
15:10:58.0 (39022208)|STATEMENT_EXECUTE|[106]
15:10:58.0 (39026790)|HEAP_ALLOCATE|[106]|Bytes:28
15:10:58.0 (39038832)|HEAP_ALLOCATE|[106]|Bytes:28
15:10:58.0 (39050584)|VARIABLE_ASSIGNMENT|[106]|i1|4.5
15:10:58.0 (39054980)|STATEMENT_EXECUTE|[107]
15:10:58.0 (39085632)|VARIABLE_ASSIGNMENT|[EXTERNAL]|this|{"aptdum":"0x229983be","Docdum":"0x134a9c30","Docmap":"0x3052fbdf","Initialselected":5,"Selecteddoc":"a260H000001koYjQAI","SelectedtimeSlot":30,"timelist":"0x5fa2667d","timeset":"0x7b869565","timewraplist":"0x595124dd","timewraplistInitial":"0x166cb27d"}|0x6ba18cd
15:10:58.0 (39099866)|HEAP_ALLOCATE|[EXTERNAL]|Bytes:4
15:10:58.0 (39112561)|STATEMENT_EXECUTE|[111]
15:10:58.0 (39114097)|STATEMENT_EXECUTE|[112]
15:10:58.0 (39140016)|VARIABLE_ASSIGNMENT|[EXTERNAL]|this|{"aptdum":"0x229983be","Docdum":"0x134a9c30","Docmap":"0x3052fbdf","Initialselected":5,"Selecteddoc":"a260H000001koYjQAI","SelectedtimeSlot":30,"timelist":"0x5fa2667d","timeset":"0x7b869565","timewraplist":"0x595124dd","timewraplistInitial":"0x166cb27d"}|0x6ba18cd
15:10:58.0 (39152378)|HEAP_ALLOCATE|[112]|Bytes:12
15:10:58.0 (39164374)|CONSTRUCTOR_ENTRY|[112]|01p0H000007gCe8|<init>(Boolean,Time)
15:10:58.0 (39169748)|VARIABLE_SCOPE_BEGIN|[205]|this|docappcontroller.Wrapertimeslot|true|false
15:10:58.0 (39183481)|VARIABLE_ASSIGNMENT|[205]|this|{}|0x1c79a33c
15:10:58.0 (39192843)|VARIABLE_SCOPE_BEGIN|[205]|selection|Boolean|false|false
15:10:58.0 (39201033)|VARIABLE_ASSIGNMENT|[205]|selection|true
15:10:58.0 (39204734)|VARIABLE_SCOPE_BEGIN|[205]|tm|Time|false|false
15:10:58.0 (39213258)|VARIABLE_ASSIGNMENT|[205]|tm|59400000
15:10:58.0 (39217898)|STATEMENT_EXECUTE|[201]
15:10:58.0 (39219391)|STATEMENT_EXECUTE|[202]
15:10:58.0 (39220913)|STATEMENT_EXECUTE|[203]
15:10:58.0 (39229906)|STATEMENT_EXECUTE|[205]
15:10:58.0 (39231496)|STATEMENT_EXECUTE|[206]
15:10:58.0 (39242965)|VARIABLE_ASSIGNMENT|[EXTERNAL]|this|{}|0x1c79a33c
15:10:58.0 (39251771)|VARIABLE_ASSIGNMENT|[EXTERNAL]|value|true
15:10:58.0 (39256724)|HEAP_ALLOCATE|[202]|Bytes:5
15:10:58.0 (39263263)|VARIABLE_ASSIGNMENT|[202]|this.selected|true|0x1c79a33c
15:10:58.0 (39271061)|STATEMENT_EXECUTE|[207]
15:10:58.0 (39282513)|VARIABLE_ASSIGNMENT|[EXTERNAL]|this|{"selected":true}|0x1c79a33c
15:10:58.0 (39291697)|VARIABLE_ASSIGNMENT|[EXTERNAL]|value|59400000
15:10:58.0 (39298840)|VARIABLE_ASSIGNMENT|[203]|this.t|59400000|0x1c79a33c
15:10:58.0 (39312580)|CONSTRUCTOR_EXIT|[112]|01p0H000007gCe8|<init>(Boolean,Time)
15:10:58.0 (39322590)|HEAP_ALLOCATE|[EXTERNAL]|Bytes:4
15:10:58.0 (39327972)|STATEMENT_EXECUTE|[113]
15:10:58.0 (39331364)|HEAP_ALLOCATE|[113]|Bytes:4
15:10:58.0 (39337807)|VARIABLE_ASSIGNMENT|[113]|this.Initialselected|6|0x6ba18cd
15:10:58.0 (39347986)|HEAP_ALLOCATE|[103]|Bytes:28
15:10:58.0 (39351749)|HEAP_ALLOCATE|[103]|Bytes:28
15:10:58.0 (39370730)|STATEMENT_EXECUTE|[103]
15:10:58.0 (39372501)|STATEMENT_EXECUTE|[104]
15:10:58.0 (39381350)|USER_DEBUG|[104]|DEBUG|16:30:00.000Z
15:10:58.0 (39388013)|STATEMENT_EXECUTE|[105]
15:10:58.0 (39396519)|HEAP_ALLOCATE|[105]|Bytes:4
15:10:58.0 (39409949)|VARIABLE_ASSIGNMENT|[105]|t|61200000
15:10:58.0 (39413799)|STATEMENT_EXECUTE|[106]
15:10:58.0 (39418956)|HEAP_ALLOCATE|[106]|Bytes:28
15:10:58.0 (39431512)|HEAP_ALLOCATE|[106]|Bytes:28
15:10:58.0 (39442626)|VARIABLE_ASSIGNMENT|[106]|i1|5.0
15:10:58.0 (39446628)|STATEMENT_EXECUTE|[107]
15:10:58.0 (39476824)|VARIABLE_ASSIGNMENT|[EXTERNAL]|this|{"aptdum":"0x229983be","Docdum":"0x134a9c30","Docmap":"0x3052fbdf","Initialselected":6,"Selecteddoc":"a260H000001koYjQAI","SelectedtimeSlot":30,"timelist":"0x5fa2667d","timeset":"0x7b869565","timewraplist":"0x595124dd","timewraplistInitial":"0x166cb27d"}|0x6ba18cd
15:10:58.0 (39496553)|HEAP_ALLOCATE|[EXTERNAL]|Bytes:4
15:10:58.0 (39509178)|STATEMENT_EXECUTE|[109]
15:10:58.0 (39511012)|STATEMENT_EXECUTE|[110]
15:10:58.0 (39537788)|VARIABLE_ASSIGNMENT|[EXTERNAL]|this|{"aptdum":"0x229983be","Docdum":"0x134a9c30","Docmap":"0x3052fbdf","Initialselected":6,"Selecteddoc":"a260H000001koYjQAI","SelectedtimeSlot":30,"timelist":"0x5fa2667d","timeset":"0x7b869565","timewraplist":"0x595124dd","timewraplistInitial":"0x166cb27d"}|0x6ba18cd
15:10:58.0 (39550549)|HEAP_ALLOCATE|[110]|Bytes:12
15:10:58.0 (39562762)|CONSTRUCTOR_ENTRY|[110]|01p0H000007gCe8|<init>(Boolean,Time)
15:10:58.0 (39568689)|VARIABLE_SCOPE_BEGIN|[205]|this|docappcontroller.Wrapertimeslot|true|false
15:10:58.0 (39583015)|VARIABLE_ASSIGNMENT|[205]|this|{}|0x7772f4b
15:10:58.0 (39588946)|VARIABLE_SCOPE_BEGIN|[205]|selection|Boolean|false|false
15:10:58.0 (39596686)|VARIABLE_ASSIGNMENT|[205]|selection|false
15:10:58.0 (39600060)|VARIABLE_SCOPE_BEGIN|[205]|tm|Time|false|false
15:10:58.0 (39608323)|VARIABLE_ASSIGNMENT|[205]|tm|61200000
15:10:58.0 (39612526)|STATEMENT_EXECUTE|[201]
15:10:58.0 (39614100)|STATEMENT_EXECUTE|[202]
15:10:58.0 (39615585)|STATEMENT_EXECUTE|[203]
15:10:58.0 (39624075)|STATEMENT_EXECUTE|[205]
15:10:58.0 (39625558)|STATEMENT_EXECUTE|[206]
15:10:58.0 (39638085)|VARIABLE_ASSIGNMENT|[EXTERNAL]|this|{}|0x7772f4b
15:10:58.0 (39646387)|VARIABLE_ASSIGNMENT|[EXTERNAL]|value|false
15:10:58.0 (39651657)|HEAP_ALLOCATE|[202]|Bytes:5
15:10:58.0 (39658236)|VARIABLE_ASSIGNMENT|[202]|this.selected|false|0x7772f4b
15:10:58.0 (39665917)|STATEMENT_EXECUTE|[207]
15:10:58.0 (39677855)|VARIABLE_ASSIGNMENT|[EXTERNAL]|this|{"selected":false}|0x7772f4b
15:10:58.0 (39687573)|VARIABLE_ASSIGNMENT|[EXTERNAL]|value|61200000
15:10:58.0 (39695280)|VARIABLE_ASSIGNMENT|[203]|this.t|61200000|0x7772f4b
15:10:58.0 (39709593)|CONSTRUCTOR_EXIT|[110]|01p0H000007gCe8|<init>(Boolean,Time)
15:10:58.0 (39719007)|HEAP_ALLOCATE|[EXTERNAL]|Bytes:4
15:10:58.0 (39730026)|HEAP_ALLOCATE|[103]|Bytes:28
15:10:58.0 (39733923)|HEAP_ALLOCATE|[103]|Bytes:28
15:10:58.0 (39752338)|STATEMENT_EXECUTE|[103]
15:10:58.0 (39754069)|STATEMENT_EXECUTE|[104]
15:10:58.0 (39762965)|USER_DEBUG|[104]|DEBUG|17:00:00.000Z
15:10:58.0 (39769280)|STATEMENT_EXECUTE|[105]
15:10:58.0 (39777810)|HEAP_ALLOCATE|[105]|Bytes:4
15:10:58.0 (39791152)|VARIABLE_ASSIGNMENT|[105]|t|63000000
15:10:58.0 (39795405)|STATEMENT_EXECUTE|[106]
15:10:58.0 (39800049)|HEAP_ALLOCATE|[106]|Bytes:28
15:10:58.0 (39812140)|HEAP_ALLOCATE|[106]|Bytes:28
15:10:58.0 (39823854)|VARIABLE_ASSIGNMENT|[106]|i1|5.5
15:10:58.0 (39827798)|STATEMENT_EXECUTE|[107]
15:10:58.0 (39858706)|VARIABLE_ASSIGNMENT|[EXTERNAL]|this|{"aptdum":"0x229983be","Docdum":"0x134a9c30","Docmap":"0x3052fbdf","Initialselected":6,"Selecteddoc":"a260H000001koYjQAI","SelectedtimeSlot":30,"timelist":"0x5fa2667d","timeset":"0x7b869565","timewraplist":"0x595124dd","timewraplistInitial":"0x166cb27d"}|0x6ba18cd
15:10:58.0 (39873708)|HEAP_ALLOCATE|[EXTERNAL]|Bytes:4
15:10:58.0 (39885887)|STATEMENT_EXECUTE|[109]
15:10:58.0 (39887504)|STATEMENT_EXECUTE|[110]
15:10:58.0 (39913763)|VARIABLE_ASSIGNMENT|[EXTERNAL]|this|{"aptdum":"0x229983be","Docdum":"0x134a9c30","Docmap":"0x3052fbdf","Initialselected":6,"Selecteddoc":"a260H000001koYjQAI","SelectedtimeSlot":30,"timelist":"0x5fa2667d","timeset":"0x7b869565","timewraplist":"0x595124dd","timewraplistInitial":"0x166cb27d"}|0x6ba18cd
15:10:58.0 (39926301)|HEAP_ALLOCATE|[110]|Bytes:12
15:10:58.0 (39937885)|CONSTRUCTOR_ENTRY|[110]|01p0H000007gCe8|<init>(Boolean,Time)
15:10:58.0 (39943490)|VARIABLE_SCOPE_BEGIN|[205]|this|docappcontroller.Wrapertimeslot|true|false
15:10:58.0 (39957040)|VARIABLE_ASSIGNMENT|[205]|this|{}|0x67eee612
15:10:58.0 (39963129)|VARIABLE_SCOPE_BEGIN|[205]|selection|Boolean|false|false
15:10:58.0 (39970791)|VARIABLE_ASSIGNMENT|[205]|selection|false
15:10:58.0 (39974665)|VARIABLE_SCOPE_BEGIN|[205]|tm|Time|false|false
15:10:58.0 (39983256)|VARIABLE_ASSIGNMENT|[205]|tm|63000000
15:10:58.0 (39987680)|STATEMENT_EXECUTE|[201]
15:10:58.0 (39989245)|STATEMENT_EXECUTE|[202]
15:10:58.0 (39990743)|STATEMENT_EXECUTE|[203]
15:10:58.0 (39999501)|STATEMENT_EXECUTE|[205]
15:10:58.0 (40001088)|STATEMENT_EXECUTE|[206]
15:10:58.0 (40013670)|VARIABLE_ASSIGNMENT|[EXTERNAL]|this|{}|0x67eee612
15:10:58.0 (40023124)|VARIABLE_ASSIGNMENT|[EXTERNAL]|value|false
15:10:58.0 (40028151)|HEAP_ALLOCATE|[202]|Bytes:5
15:10:58.0 (40034860)|VARIABLE_ASSIGNMENT|[202]|this.selected|false|0x67eee612
15:10:58.0 (40042261)|STATEMENT_EXECUTE|[207]
15:10:58.0 (40053898)|VARIABLE_ASSIGNMENT|[EXTERNAL]|this|{"selected":false}|0x67eee612
15:10:58.0 (40062790)|VARIABLE_ASSIGNMENT|[EXTERNAL]|value|63000000
15:10:58.0 (40070449)|VARIABLE_ASSIGNMENT|[203]|this.t|63000000|0x67eee612
15:10:58.0 (40084436)|CONSTRUCTOR_EXIT|[110]|01p0H000007gCe8|<init>(Boolean,Time)
15:10:58.0 (40093657)|HEAP_ALLOCATE|[EXTERNAL]|Bytes:4
15:10:58.0 (40103887)|HEAP_ALLOCATE|[103]|Bytes:28
15:10:58.0 (40108077)|HEAP_ALLOCATE|[103]|Bytes:28
15:10:58.0 (40126411)|STATEMENT_EXECUTE|[103]
15:10:58.0 (40128254)|STATEMENT_EXECUTE|[104]
15:10:58.0 (40136312)|USER_DEBUG|[104]|DEBUG|17:30:00.000Z
15:10:58.0 (40142695)|STATEMENT_EXECUTE|[105]
15:10:58.0 (40151261)|HEAP_ALLOCATE|[105]|Bytes:4
15:10:58.0 (40164866)|VARIABLE_ASSIGNMENT|[105]|t|64800000
15:10:58.0 (40169858)|STATEMENT_EXECUTE|[106]
15:10:58.0 (40174688)|HEAP_ALLOCATE|[106]|Bytes:28
15:10:58.0 (40186866)|HEAP_ALLOCATE|[106]|Bytes:28
15:10:58.0 (40198246)|VARIABLE_ASSIGNMENT|[106]|i1|6.0
15:10:58.0 (40202409)|STATEMENT_EXECUTE|[107]
15:10:58.0 (40232557)|VARIABLE_ASSIGNMENT|[EXTERNAL]|this|{"aptdum":"0x229983be","Docdum":"0x134a9c30","Docmap":"0x3052fbdf","Initialselected":6,"Selecteddoc":"a260H000001koYjQAI","SelectedtimeSlot":30,"timelist":"0x5fa2667d","timeset":"0x7b869565","timewraplist":"0x595124dd","timewraplistInitial":"0x166cb27d"}|0x6ba18cd
15:10:58.0 (40251262)|HEAP_ALLOCATE|[EXTERNAL]|Bytes:4
15:10:58.0 (40263913)|STATEMENT_EXECUTE|[109]
15:10:58.0 (40265948)|STATEMENT_EXECUTE|[110]
15:10:58.0 (40293113)|VARIABLE_ASSIGNMENT|[EXTERNAL]|this|{"aptdum":"0x229983be","Docdum":"0x134a9c30","Docmap":"0x3052fbdf","Initialselected":6,"Selecteddoc":"a260H000001koYjQAI","SelectedtimeSlot":30,"timelist":"0x5fa2667d","timeset":"0x7b869565","timewraplist":"0x595124dd","timewraplistInitial":"0x166cb27d"}|0x6ba18cd
15:10:58.0 (40305899)|HEAP_ALLOCATE|[110]|Bytes:12
15:10:58.0 (40317380)|CONSTRUCTOR_ENTRY|[110]|01p0H000007gCe8|<init>(Boolean,Time)
15:10:58.0 (40322645)|VARIABLE_SCOPE_BEGIN|[205]|this|docappcontroller.Wrapertimeslot|true|false
15:10:58.0 (40336372)|VARIABLE_ASSIGNMENT|[205]|this|{}|0x5f097a9a
15:10:58.0 (40343110)|VARIABLE_SCOPE_BEGIN|[205]|selection|Boolean|false|false
15:10:58.0 (40350981)|VARIABLE_ASSIGNMENT|[205]|selection|false
15:10:58.0 (40354876)|VARIABLE_SCOPE_BEGIN|[205]|tm|Time|false|false
15:10:58.0 (40363053)|VARIABLE_ASSIGNMENT|[205]|tm|64800000
15:10:58.0 (40367960)|STATEMENT_EXECUTE|[201]
15:10:58.0 (40369587)|STATEMENT_EXECUTE|[202]
15:10:58.0 (40371118)|STATEMENT_EXECUTE|[203]
15:10:58.0 (40380408)|STATEMENT_EXECUTE|[205]
15:10:58.0 (40382234)|STATEMENT_EXECUTE|[206]
15:10:58.0 (40393918)|VARIABLE_ASSIGNMENT|[EXTERNAL]|this|{}|0x5f097a9a
15:10:58.0 (40402334)|VARIABLE_ASSIGNMENT|[EXTERNAL]|value|false
15:10:58.0 (40407581)|HEAP_ALLOCATE|[202]|Bytes:5
15:10:58.0 (40413898)|VARIABLE_ASSIGNMENT|[202]|this.selected|false|0x5f097a9a
15:10:58.0 (40420906)|STATEMENT_EXECUTE|[207]
15:10:58.0 (40432681)|VARIABLE_ASSIGNMENT|[EXTERNAL]|this|{"selected":false}|0x5f097a9a
15:10:58.0 (40441499)|VARIABLE_ASSIGNMENT|[EXTERNAL]|value|64800000
15:10:58.0 (40448794)|VARIABLE_ASSIGNMENT|[203]|this.t|64800000|0x5f097a9a
15:10:58.0 (40462288)|CONSTRUCTOR_EXIT|[110]|01p0H000007gCe8|<init>(Boolean,Time)
15:10:58.0 (40472342)|HEAP_ALLOCATE|[EXTERNAL]|Bytes:4
15:10:58.0 (40486920)|HEAP_ALLOCATE|[103]|Bytes:28
15:10:58.0 (40491066)|HEAP_ALLOCATE|[103]|Bytes:28
15:10:58.0 (40510520)|STATEMENT_EXECUTE|[103]
15:10:58.0 (40512286)|STATEMENT_EXECUTE|[104]
15:10:58.0 (40521156)|USER_DEBUG|[104]|DEBUG|18:00:00.000Z
15:10:58.0 (40528440)|STATEMENT_EXECUTE|[105]
15:10:58.0 (40536924)|HEAP_ALLOCATE|[105]|Bytes:4
15:10:58.0 (40550585)|VARIABLE_ASSIGNMENT|[105]|t|66600000
15:10:58.0 (40555199)|STATEMENT_EXECUTE|[106]
15:10:58.0 (40559941)|HEAP_ALLOCATE|[106]|Bytes:28
15:10:58.0 (40572316)|HEAP_ALLOCATE|[106]|Bytes:28
15:10:58.0 (40584152)|VARIABLE_ASSIGNMENT|[106]|i1|6.5
15:10:58.0 (40588350)|STATEMENT_EXECUTE|[107]
15:10:58.0 (40619602)|VARIABLE_ASSIGNMENT|[EXTERNAL]|this|{"aptdum":"0x229983be","Docdum":"0x134a9c30","Docmap":"0x3052fbdf","Initialselected":6,"Selecteddoc":"a260H000001koYjQAI","SelectedtimeSlot":30,"timelist":"0x5fa2667d","timeset":"0x7b869565","timewraplist":"0x595124dd","timewraplistInitial":"0x166cb27d"}|0x6ba18cd
15:10:58.0 (40635199)|HEAP_ALLOCATE|[EXTERNAL]|Bytes:4
15:10:58.0 (40648052)|STATEMENT_EXECUTE|[109]
15:10:58.0 (40649743)|STATEMENT_EXECUTE|[110]
15:10:58.0 (40675839)|VARIABLE_ASSIGNMENT|[EXTERNAL]|this|{"aptdum":"0x229983be","Docdum":"0x134a9c30","Docmap":"0x3052fbdf","Initialselected":6,"Selecteddoc":"a260H000001koYjQAI","SelectedtimeSlot":30,"timelist":"0x5fa2667d","timeset":"0x7b869565","timewraplist":"0x595124dd","timewraplistInitial":"0x166cb27d"}|0x6ba18cd
15:10:58.0 (40688454)|HEAP_ALLOCATE|[110]|Bytes:12
15:10:58.0 (40700272)|CONSTRUCTOR_ENTRY|[110]|01p0H000007gCe8|<init>(Boolean,Time)
15:10:58.0 (40705834)|VARIABLE_SCOPE_BEGIN|[205]|this|docappcontroller.Wrapertimeslot|true|false
15:10:58.0 (40719094)|VARIABLE_ASSIGNMENT|[205]|this|{}|0x1a6daf80
15:10:58.0 (40725582)|VARIABLE_SCOPE_BEGIN|[205]|selection|Boolean|false|false
15:10:58.0 (40734056)|VARIABLE_ASSIGNMENT|[205]|selection|false
15:10:58.0 (40738326)|VARIABLE_SCOPE_BEGIN|[205]|tm|Time|false|false
15:10:58.0 (40753165)|VARIABLE_ASSIGNMENT|[205]|tm|66600000
15:10:58.0 (40758165)|STATEMENT_EXECUTE|[201]
15:10:58.0 (40759824)|STATEMENT_EXECUTE|[202]
15:10:58.0 (40761355)|STATEMENT_EXECUTE|[203]
15:10:58.0 (40770118)|STATEMENT_EXECUTE|[205]
15:10:58.0 (40771641)|STATEMENT_EXECUTE|[206]
15:10:58.0 (40783465)|VARIABLE_ASSIGNMENT|[EXTERNAL]|this|{}|0x1a6daf80
15:10:58.0 (40792493)|VARIABLE_ASSIGNMENT|[EXTERNAL]|value|false
15:10:58.0 (40797490)|HEAP_ALLOCATE|[202]|Bytes:5
15:10:58.0 (40804130)|VARIABLE_ASSIGNMENT|[202]|this.selected|false|0x1a6daf80
15:10:58.0 (40812086)|STATEMENT_EXECUTE|[207]
15:10:58.0 (40823518)|VARIABLE_ASSIGNMENT|[EXTERNAL]|this|{"selected":false}|0x1a6daf80
15:10:58.0 (40832223)|VARIABLE_ASSIGNMENT|[EXTERNAL]|value|66600000
15:10:58.0 (40839547)|VARIABLE_ASSIGNMENT|[203]|this.t|66600000|0x1a6daf80
15:10:58.0 (40853380)|CONSTRUCTOR_EXIT|[110]|01p0H000007gCe8|<init>(Boolean,Time)
15:10:58.0 (40863650)|HEAP_ALLOCATE|[EXTERNAL]|Bytes:4
15:10:58.0 (40874312)|HEAP_ALLOCATE|[103]|Bytes:28
15:10:58.0 (40878674)|HEAP_ALLOCATE|[103]|Bytes:28
15:10:58.0 (40897037)|STATEMENT_EXECUTE|[103]
15:10:58.0 (40898895)|STATEMENT_EXECUTE|[104]
15:10:58.0 (40907868)|USER_DEBUG|[104]|DEBUG|18:30:00.000Z
15:10:58.0 (40914714)|STATEMENT_EXECUTE|[105]
15:10:58.0 (40923545)|HEAP_ALLOCATE|[105]|Bytes:4
15:10:58.0 (40937092)|VARIABLE_ASSIGNMENT|[105]|t|68400000
15:10:58.0 (40941557)|STATEMENT_EXECUTE|[106]
15:10:58.0 (40946306)|HEAP_ALLOCATE|[106]|Bytes:28
15:10:58.0 (40959100)|HEAP_ALLOCATE|[106]|Bytes:28
15:10:58.0 (40971089)|VARIABLE_ASSIGNMENT|[106]|i1|7.0
15:10:58.0 (40975258)|STATEMENT_EXECUTE|[107]
15:10:58.0 (41005897)|VARIABLE_ASSIGNMENT|[EXTERNAL]|this|{"aptdum":"0x229983be","Docdum":"0x134a9c30","Docmap":"0x3052fbdf","Initialselected":6,"Selecteddoc":"a260H000001koYjQAI","SelectedtimeSlot":30,"timelist":"0x5fa2667d","timeset":"0x7b869565","timewraplist":"0x595124dd","timewraplistInitial":"0x166cb27d"}|0x6ba18cd
15:10:58.0 (41022324)|HEAP_ALLOCATE|[EXTERNAL]|Bytes:4
15:10:58.0 (41035484)|STATEMENT_EXECUTE|[111]
15:10:58.0 (41037076)|STATEMENT_EXECUTE|[112]
15:10:58.0 (41063642)|VARIABLE_ASSIGNMENT|[EXTERNAL]|this|{"aptdum":"0x229983be","Docdum":"0x134a9c30","Docmap":"0x3052fbdf","Initialselected":6,"Selecteddoc":"a260H000001koYjQAI","SelectedtimeSlot":30,"timelist":"0x5fa2667d","timeset":"0x7b869565","timewraplist":"0x595124dd","timewraplistInitial":"0x166cb27d"}|0x6ba18cd
15:10:58.0 (41075675)|HEAP_ALLOCATE|[112]|Bytes:12
15:10:58.0 (41087193)|CONSTRUCTOR_ENTRY|[112]|01p0H000007gCe8|<init>(Boolean,Time)
15:10:58.0 (41092382)|VARIABLE_SCOPE_BEGIN|[205]|this|docappcontroller.Wrapertimeslot|true|false
15:10:58.0 (41112278)|VARIABLE_ASSIGNMENT|[205]|this|{}|0x4dd83833
15:10:58.0 (41120052)|VARIABLE_SCOPE_BEGIN|[205]|selection|Boolean|false|false
15:10:58.0 (41129191)|VARIABLE_ASSIGNMENT|[205]|selection|true
15:10:58.0 (41133062)|VARIABLE_SCOPE_BEGIN|[205]|tm|Time|false|false
15:10:58.0 (41141748)|VARIABLE_ASSIGNMENT|[205]|tm|68400000
15:10:58.0 (41146541)|STATEMENT_EXECUTE|[201]
15:10:58.0 (41148115)|STATEMENT_EXECUTE|[202]
15:10:58.0 (41149670)|STATEMENT_EXECUTE|[203]
15:10:58.0 (41163209)|STATEMENT_EXECUTE|[205]
15:10:58.0 (41165137)|STATEMENT_EXECUTE|[206]
15:10:58.0 (41179664)|VARIABLE_ASSIGNMENT|[EXTERNAL]|this|{}|0x4dd83833
15:10:58.0 (41189333)|VARIABLE_ASSIGNMENT|[EXTERNAL]|value|true
15:10:58.0 (41194949)|HEAP_ALLOCATE|[202]|Bytes:5
15:10:58.0 (41202145)|VARIABLE_ASSIGNMENT|[202]|this.selected|true|0x4dd83833
15:10:58.0 (41209980)|STATEMENT_EXECUTE|[207]
15:10:58.0 (41221711)|VARIABLE_ASSIGNMENT|[EXTERNAL]|this|{"selected":true}|0x4dd83833
15:10:58.0 (41230951)|VARIABLE_ASSIGNMENT|[EXTERNAL]|value|68400000
15:10:58.0 (41237976)|VARIABLE_ASSIGNMENT|[203]|this.t|68400000|0x4dd83833
15:10:58.0 (41252577)|CONSTRUCTOR_EXIT|[112]|01p0H000007gCe8|<init>(Boolean,Time)
15:10:58.0 (41262826)|HEAP_ALLOCATE|[EXTERNAL]|Bytes:4
15:10:58.0 (41268733)|STATEMENT_EXECUTE|[113]
15:10:58.0 (41272546)|HEAP_ALLOCATE|[113]|Bytes:4
15:10:58.0 (41280405)|VARIABLE_ASSIGNMENT|[113]|this.Initialselected|7|0x6ba18cd
15:10:58.0 (41292033)|HEAP_ALLOCATE|[103]|Bytes:28
15:10:58.0 (41295895)|HEAP_ALLOCATE|[103]|Bytes:28
15:10:58.0 (41326108)|HEAP_ALLOCATE|[119]|Bytes:28
15:10:58.0 (41330711)|HEAP_ALLOCATE|[119]|Bytes:28
15:10:58.0 (41336277)|HEAP_ALLOCATE|[119]|Bytes:28
15:10:58.0 (41361279)|HEAP_ALLOCATE|[119]|Bytes:28
15:10:58.0 (41384534)|STATEMENT_EXECUTE|[119]
15:10:58.0 (41386578)|STATEMENT_EXECUTE|[125]
15:10:58.0 (41425401)|VARIABLE_ASSIGNMENT|[EXTERNAL]|this|{"aptdum":"0x229983be","Docdum":"0x134a9c30","Docmap":"0x3052fbdf","Initialselected":7,"Selecteddoc":"a260H000001koYjQAI","SelectedtimeSlot":30,"timelist":"0x5fa2667d","timeset":"0x7b869565","timewraplist":"0x595124dd","timewraplistInitial":"0x166cb27d"}|0x6ba18cd
15:10:58.0 (41446385)|VARIABLE_ASSIGNMENT|[125]|this.timewraplistInitial|"List of size 15 too large to display"|0x6ba18cd
15:10:58.0 (41452750)|STATEMENT_EXECUTE|[127]
15:10:58.44 (44983294)|SYSTEM_MODE_ENTER|true
15:10:58.44 (45051619)|HEAP_ALLOCATE|[EXTERNAL]|Bytes:8
15:10:58.44 (45063172)|VARIABLE_SCOPE_BEGIN|[88]|this|ApexPage.PageMessagesComponentController|true|false
15:10:58.44 (45089280)|VARIABLE_ASSIGNMENT|[88]|this|{}|0x2139b9ca
15:10:58.44 (45098917)|VARIABLE_SCOPE_BEGIN|[88]|escape|Boolean|false|false
15:10:58.44 (45107341)|VARIABLE_ASSIGNMENT|[88]|escape|null
15:10:58.45 (45215288)|SYSTEM_MODE_ENTER|true
15:10:58.45 (45251352)|HEAP_ALLOCATE|[EXTERNAL]|Bytes:8
15:10:58.45 (45257852)|VARIABLE_SCOPE_BEGIN|[2]|this|ApexPage.PageMessagesComponentController|true|false
15:10:58.45 (45276864)|VARIABLE_ASSIGNMENT|[2]|this|{}|0x2139b9ca
15:10:58.0 (45646339)|SYSTEM_MODE_ENTER|true
15:10:58.0 (46086832)|SYSTEM_MODE_ENTER|true
15:10:58.0 (46438022)|SYSTEM_MODE_ENTER|true
15:10:58.0 (46528570)|SYSTEM_MODE_ENTER|true
15:10:58.67 (67453436)|SYSTEM_MODE_ENTER|true
15:10:58.67 (67547267)|HEAP_ALLOCATE|[EXTERNAL]|Bytes:8
15:10:58.67 (67562745)|VARIABLE_SCOPE_BEGIN|[88]|this|ApexPage.PageMessagesComponentController|true|false
15:10:58.67 (67602380)|VARIABLE_ASSIGNMENT|[88]|this|{}|0x2139b9ca
15:10:58.67 (67610169)|VARIABLE_SCOPE_BEGIN|[88]|escape|Boolean|false|false
15:10:58.67 (67619207)|VARIABLE_ASSIGNMENT|[88]|escape|null
15:10:58.67 (67777894)|SYSTEM_MODE_ENTER|true
15:10:58.67 (67815158)|HEAP_ALLOCATE|[EXTERNAL]|Bytes:8
15:10:58.67 (67822577)|VARIABLE_SCOPE_BEGIN|[2]|this|ApexPage.PageMessagesComponentController|true|false
15:10:58.67 (67843532)|VARIABLE_ASSIGNMENT|[2]|this|{}|0x2139b9ca
15:10:58.0 (69400351)|SYSTEM_MODE_ENTER|true
15:10:58.0 (69445735)|HEAP_ALLOCATE|[EXTERNAL]|Bytes:48
15:10:58.0 (69454063)|VARIABLE_SCOPE_BEGIN|[160]|this|docappcontroller|true|false
15:10:58.0 (69521937)|VARIABLE_ASSIGNMENT|[160]|this|{"aptdum":"0x229983be","Docdum":"0x134a9c30","Docmap":"0x3052fbdf","Initialselected":7,"Selecteddoc":"a260H000001koYjQAI","SelectedtimeSlot":30,"timelist":"0x5fa2667d","timeset":"0x7b869565","timewraplist":"0x595124dd","timewraplistInitial":"0x595124dd"}|0x6ba18cd
15:10:58.0 (69537082)|STATEMENT_EXECUTE|[160]
15:10:58.0 (69539481)|STATEMENT_EXECUTE|[162]
15:10:58.0 (69553850)|HEAP_ALLOCATE|[162]|Bytes:4
15:10:58.0 (69573104)|VARIABLE_SCOPE_BEGIN|[162]|options|List<System.SelectOption>|true|false
15:10:58.0 (69597942)|HEAP_ALLOCATE|[EXTERNAL]|Bytes:4
15:10:58.0 (69609077)|VARIABLE_ASSIGNMENT|[162]|options|[]|0x2c1aa208
15:10:58.0 (69615356)|STATEMENT_EXECUTE|[163]
15:10:58.0 (69640452)|HEAP_ALLOCATE|[EXTERNAL]|Bytes:4
15:10:58.0 (69685633)|VARIABLE_ASSIGNMENT|[EXTERNAL]|this|{"aptdum":"0x229983be","Docdum":"0x134a9c30","Docmap":"0x3052fbdf","Initialselected":7,"Selecteddoc":"a260H000001koYjQAI","SelectedtimeSlot":30,"timelist":"0x5fa2667d","timeset":"0x7b869565","timewraplist":"0x595124dd","timewraplistInitial":"0x595124dd"}|0x6ba18cd
15:10:58.0 (69700023)|STATEMENT_EXECUTE|[164]
15:10:58.0 (69728728)|VARIABLE_ASSIGNMENT|[EXTERNAL]|this|{"aptdum":"0x229983be","Docdum":"0x134a9c30","Docmap":"0x3052fbdf","Initialselected":7,"Selecteddoc":"a260H000001koYjQAI","SelectedtimeSlot":30,"timelist":"0x5fa2667d","timeset":"0x7b869565","timewraplist":"0x595124dd","timewraplistInitial":"0x595124dd"}|0x6ba18cd
15:10:58.0 (69752154)|HEAP_ALLOCATE|[EXTERNAL]|Bytes:12
15:10:58.0 (69769682)|HEAP_ALLOCATE|[165]|Bytes:237
15:10:58.0 (69793817)|HEAP_ALLOCATE|[165]|Bytes:5
15:10:58.0 (69809118)|HEAP_ALLOCATE|[165]|Bytes:24
15:10:58.0 (69819420)|VARIABLE_SCOPE_BEGIN|[165]|doc|Doctor__c|true|false
15:10:58.0 (69841967)|VARIABLE_ASSIGNMENT|[165]|doc|{"Id":"a260H000001koYjQAI","Name":"doc 2","End_Time__c":68400000,"Speciality__c":"General Surgery","Start_Time__c":43200000}|0x4942ad75
15:10:58.0 (69849630)|STATEMENT_EXECUTE|[165]
15:10:58.0 (69851360)|STATEMENT_EXECUTE|[166]
15:10:58.0 (69870186)|HEAP_ALLOCATE|[166]|Bytes:18
15:10:58.0 (69886164)|HEAP_ALLOCATE|[EXTERNAL]|Bytes:4
15:10:58.0 (69898177)|HEAP_ALLOCATE|[165]|Bytes:5
15:10:58.0 (69907330)|HEAP_ALLOCATE|[165]|Bytes:24
15:10:58.0 (69913828)|VARIABLE_SCOPE_BEGIN|[165]|doc|Doctor__c|true|false
15:10:58.0 (69927984)|VARIABLE_ASSIGNMENT|[165]|doc|{"Id":"a260H000001koYeQAI","Name":"Doc1","End_Time__c":64800000,"Speciality__c":"General Surgery","Start_Time__c":32400000}|0x5a2b29da
15:10:58.0 (69934027)|STATEMENT_EXECUTE|[165]
15:10:58.0 (69935563)|STATEMENT_EXECUTE|[166]
15:10:58.0 (69941713)|HEAP_ALLOCATE|[166]|Bytes:18
15:10:58.0 (69952029)|HEAP_ALLOCATE|[EXTERNAL]|Bytes:4
15:10:58.0 (69962205)|HEAP_ALLOCATE|[165]|Bytes:5
15:10:58.0 (69971634)|VARIABLE_ASSIGNMENT|[165]|doc|null|
15:10:58.0 (69976734)|STATEMENT_EXECUTE|[172]
15:10:58.0 (70171059)|SYSTEM_MODE_ENTER|true
15:10:58.0 (73934418)|SYSTEM_MODE_ENTER|true
15:10:58.0 (73978133)|HEAP_ALLOCATE|[EXTERNAL]|Bytes:48
15:10:58.0 (73987002)|VARIABLE_SCOPE_BEGIN|[177]|this|docappcontroller|true|false
15:10:58.0 (74029591)|VARIABLE_ASSIGNMENT|[177]|this|{"aptdum":"0x229983be","Docdum":"0x134a9c30","Docmap":"0x3052fbdf","Initialselected":7,"Selecteddoc":"a260H000001koYjQAI","SelectedtimeSlot":30,"timelist":"0x5fa2667d","timeset":"0x7b869565","timewraplist":"0x595124dd","timewraplistInitial":"0x595124dd"}|0x6ba18cd
15:10:58.0 (74045695)|STATEMENT_EXECUTE|[177]
15:10:58.0 (74047967)|STATEMENT_EXECUTE|[179]
15:10:58.0 (74058222)|HEAP_ALLOCATE|[179]|Bytes:4
15:10:58.0 (74074746)|VARIABLE_SCOPE_BEGIN|[179]|options|List<System.SelectOption>|true|false
15:10:58.0 (74097841)|HEAP_ALLOCATE|[EXTERNAL]|Bytes:4
15:10:58.0 (74107187)|VARIABLE_ASSIGNMENT|[179]|options|[]|0x67ea4493
15:10:58.0 (74113129)|STATEMENT_EXECUTE|[180]
15:10:58.0 (74128713)|HEAP_ALLOCATE|[EXTERNAL]|Bytes:4
15:10:58.0 (74136068)|STATEMENT_EXECUTE|[183]
15:10:58.0 (74143424)|HEAP_ALLOCATE|[EXTERNAL]|Bytes:4
15:10:58.0 (74148841)|STATEMENT_EXECUTE|[184]
15:10:58.0 (74155574)|HEAP_ALLOCATE|[EXTERNAL]|Bytes:4
15:10:58.0 (74160376)|STATEMENT_EXECUTE|[189]
15:10:58.0 (74296822)|SYSTEM_MODE_ENTER|true
15:10:58.0 (76313805)|VF_SERIALIZE_VIEWSTATE_BEGIN|0660H000004OdRk
15:10:58.0 (93453484)|VF_SERIALIZE_VIEWSTATE_END
15:10:58.0 (111241721)|CODE_UNIT_STARTED|[EXTERNAL]|Generate Metadata
15:10:58.0 (113683164)|CODE_UNIT_FINISHED|Generate Metadata
15:10:58.116 (116378044)|CUMULATIVE_LIMIT_USAGE
15:10:58.116 (116378044)|LIMIT_USAGE_FOR_NS|(default)|
  Number of SOQL queries: 1 out of 100
  Number of query rows: 3 out of 50000
  Number of SOSL queries: 0 out of 20
  Number of DML statements: 0 out of 150
  Number of DML rows: 0 out of 10000
  Maximum CPU time: 0 out of 10000
  Maximum heap size: 0 out of 6000000
  Number of callouts: 0 out of 100
  Number of Email Invocations: 0 out of 10
  Number of future calls: 0 out of 50
  Number of queueable jobs added to the queue: 0 out of 50
  Number of Mobile Apex push calls: 0 out of 10

15:10:58.116 (116378044)|CUMULATIVE_LIMIT_USAGE_END

15:10:58.0 (116419718)|CODE_UNIT_FINISHED|VF: /apex/docapp
15:10:58.0 (117200785)|EXECUTION_FINISHED
