42.0 APEX_CODE,FINEST;APEX_PROFILING,INFO;CALLOUT,INFO;DB,INFO;SYSTEM,DEBUG;VALIDATION,INFO;VISUALFORCE,INFO;WAVE,INFO;WORKFLOW,INFO
15:02:40.0 (289083)|USER_INFO|[EXTERNAL]|005i0000002qYvT|anton@igate.com|India Standard Time|GMT+05:30
15:02:40.0 (417217)|EXECUTION_STARTED
15:02:40.0 (421701)|CODE_UNIT_STARTED|[EXTERNAL]|0660H000004OdRk|VF: /apex/docapp
15:02:40.0 (338095156)|SYSTEM_MODE_ENTER|true
15:02:40.0 (338950460)|HEAP_ALLOCATE|[72]|Bytes:3
15:02:40.0 (339049566)|HEAP_ALLOCATE|[77]|Bytes:152
15:02:40.0 (339066862)|HEAP_ALLOCATE|[342]|Bytes:408
15:02:40.0 (339078968)|HEAP_ALLOCATE|[355]|Bytes:408
15:02:40.0 (339090385)|HEAP_ALLOCATE|[467]|Bytes:48
15:02:40.0 (339154519)|HEAP_ALLOCATE|[139]|Bytes:6
15:02:40.0 (339177554)|HEAP_ALLOCATE|[EXTERNAL]|Bytes:14
15:02:40.0 (339198121)|HEAP_ALLOCATE|[EXTERNAL]|Bytes:248
15:02:40.0 (339202600)|HEAP_ALLOCATE|[EXTERNAL]|Bytes:53
15:02:40.0 (339206879)|HEAP_ALLOCATE|[EXTERNAL]|Bytes:17
15:02:40.0 (339233371)|METHOD_ENTRY|[1]|01p0H000007gCe8|docappcontroller.docappcontroller()
15:02:40.0 (339241511)|STATEMENT_EXECUTE|[1]
15:02:40.0 (339246898)|STATEMENT_EXECUTE|[1]
15:02:40.0 (339248426)|STATEMENT_EXECUTE|[199]
15:02:40.0 (339264463)|METHOD_EXIT|[1]|docappcontroller
15:02:40.0 (339577168)|HEAP_ALLOCATE|[EXTERNAL]|Bytes:48
15:02:40.0 (339612074)|VARIABLE_SCOPE_BEGIN|[139]|this|docappcontroller|true|false
15:02:40.0 (339688390)|VARIABLE_ASSIGNMENT|[139]|this|{}|0x5cc35546
15:02:40.0 (339698896)|STATEMENT_EXECUTE|[1]
15:02:40.0 (339700742)|STATEMENT_EXECUTE|[3]
15:02:40.0 (339702761)|STATEMENT_EXECUTE|[4]
15:02:40.0 (339704946)|STATEMENT_EXECUTE|[5]
15:02:40.0 (339774868)|HEAP_ALLOCATE|[5]|Bytes:4
15:02:40.0 (339962222)|HEAP_ALLOCATE|[EXTERNAL]|Bytes:4
15:02:40.0 (339978467)|VARIABLE_ASSIGNMENT|[5]|this.timewraplistInitial|[]|0x5cc35546
15:02:40.0 (339984883)|STATEMENT_EXECUTE|[6]
15:02:40.0 (339990503)|HEAP_ALLOCATE|[6]|Bytes:4
15:02:40.0 (340001245)|VARIABLE_ASSIGNMENT|[6]|this.Initialselected|0|0x5cc35546
15:02:40.0 (340007121)|STATEMENT_EXECUTE|[7]
15:02:40.0 (340008668)|STATEMENT_EXECUTE|[132]
15:02:40.0 (340010456)|STATEMENT_EXECUTE|[133]
15:02:40.0 (340011854)|STATEMENT_EXECUTE|[134]
15:02:40.0 (340013301)|STATEMENT_EXECUTE|[135]
15:02:40.0 (340014690)|STATEMENT_EXECUTE|[136]
15:02:40.0 (340016110)|STATEMENT_EXECUTE|[137]
15:02:40.0 (340024852)|HEAP_ALLOCATE|[6]|Bytes:6
15:02:40.0 (340081432)|STATEMENT_EXECUTE|[139]
15:02:40.0 (340083628)|STATEMENT_EXECUTE|[140]
15:02:40.0 (340112827)|HEAP_ALLOCATE|[140]|Bytes:4
15:02:40.0 (340282903)|VARIABLE_ASSIGNMENT|[EXTERNAL]|this|{"Initialselected":0,"timewraplistInitial":"0x27f2e7b7"}|0x5cc35546
15:02:40.0 (340299448)|VARIABLE_ASSIGNMENT|[EXTERNAL]|value|{}|0xb26b795
15:02:40.0 (340310346)|VARIABLE_ASSIGNMENT|[132]|this.Docdum|{}|0x5cc35546
15:02:40.0 (340338719)|STATEMENT_EXECUTE|[141]
15:02:40.0 (340356243)|HEAP_ALLOCATE|[141]|Bytes:4
15:02:40.0 (340452258)|VARIABLE_ASSIGNMENT|[EXTERNAL]|this|{"Docdum":"0xb26b795","Initialselected":0,"timewraplistInitial":"0x27f2e7b7"}|0x5cc35546
15:02:40.0 (340465118)|VARIABLE_ASSIGNMENT|[EXTERNAL]|value|{}|0x575f7eaa
15:02:40.0 (340475411)|VARIABLE_ASSIGNMENT|[133]|this.aptdum|{}|0x5cc35546
15:02:40.341 (341836541)|SYSTEM_MODE_ENTER|true
15:02:40.341 (341872907)|HEAP_ALLOCATE|[EXTERNAL]|Bytes:38
15:02:40.341 (341880411)|HEAP_ALLOCATE|[EXTERNAL]|Bytes:7
15:02:40.341 (341887597)|SYSTEM_METHOD_ENTRY|[1]|PageMessagesComponentController.PageMessagesComponentController()
15:02:40.341 (341892058)|STATEMENT_EXECUTE|[1]
15:02:40.342 (342020815)|SYSTEM_MODE_ENTER|true
15:02:40.342 (342083252)|HEAP_ALLOCATE|[EXTERNAL]|Bytes:8
15:02:40.342 (342092267)|VARIABLE_SCOPE_BEGIN|[88]|this|ApexPage.PageMessagesComponentController|true|false
15:02:40.342 (342113682)|VARIABLE_ASSIGNMENT|[88]|this|{}|0x6a6ea33a
15:02:40.342 (342120510)|VARIABLE_SCOPE_BEGIN|[88]|escape|Boolean|false|false
15:02:40.342 (342128163)|VARIABLE_ASSIGNMENT|[88]|escape|null
15:02:40.342 (342278110)|SYSTEM_MODE_ENTER|true
15:02:40.342 (342314338)|HEAP_ALLOCATE|[EXTERNAL]|Bytes:8
15:02:40.342 (342321205)|VARIABLE_SCOPE_BEGIN|[2]|this|ApexPage.PageMessagesComponentController|true|false
15:02:40.342 (342339535)|VARIABLE_ASSIGNMENT|[2]|this|{}|0x6a6ea33a
15:02:40.0 (343116209)|SYSTEM_MODE_ENTER|true
15:02:40.0 (345966806)|SYSTEM_MODE_ENTER|true
15:02:40.0 (347768057)|SYSTEM_MODE_ENTER|true
15:02:40.371 (371388307)|SYSTEM_MODE_ENTER|true
15:02:40.371 (371457841)|HEAP_ALLOCATE|[EXTERNAL]|Bytes:8
15:02:40.371 (371468647)|VARIABLE_SCOPE_BEGIN|[88]|this|ApexPage.PageMessagesComponentController|true|false
15:02:40.371 (371497559)|VARIABLE_ASSIGNMENT|[88]|this|{}|0x6a6ea33a
15:02:40.371 (371505317)|VARIABLE_SCOPE_BEGIN|[88]|escape|Boolean|false|false
15:02:40.371 (371513185)|VARIABLE_ASSIGNMENT|[88]|escape|null
15:02:40.371 (371626988)|SYSTEM_MODE_ENTER|true
15:02:40.371 (371660615)|HEAP_ALLOCATE|[EXTERNAL]|Bytes:8
15:02:40.371 (371667418)|VARIABLE_SCOPE_BEGIN|[2]|this|ApexPage.PageMessagesComponentController|true|false
15:02:40.371 (371685590)|VARIABLE_ASSIGNMENT|[2]|this|{}|0x6a6ea33a
15:02:40.0 (373328903)|SYSTEM_MODE_ENTER|true
15:02:40.0 (373373304)|HEAP_ALLOCATE|[EXTERNAL]|Bytes:48
15:02:40.0 (373461064)|VARIABLE_SCOPE_BEGIN|[158]|this|docappcontroller|true|false
15:02:40.0 (373501886)|VARIABLE_ASSIGNMENT|[158]|this|{"aptdum":"0x575f7eaa","Docdum":"0xb26b795","Initialselected":0,"timewraplistInitial":"0x27f2e7b7"}|0x5cc35546
15:02:40.0 (373513060)|STATEMENT_EXECUTE|[158]
15:02:40.0 (373515153)|STATEMENT_EXECUTE|[160]
15:02:40.0 (373529502)|HEAP_ALLOCATE|[160]|Bytes:4
15:02:40.0 (373562942)|VARIABLE_SCOPE_BEGIN|[160]|options|List<System.SelectOption>|true|false
15:02:40.0 (373585467)|HEAP_ALLOCATE|[EXTERNAL]|Bytes:4
15:02:40.0 (373596926)|VARIABLE_ASSIGNMENT|[160]|options|[]|0x2fa0f42c
15:02:40.0 (373602897)|STATEMENT_EXECUTE|[161]
15:02:40.0 (373611152)|HEAP_ALLOCATE|[161]|Bytes:8
15:02:40.0 (373664969)|HEAP_ALLOCATE|[EXTERNAL]|Bytes:4
15:02:40.0 (373718430)|VARIABLE_ASSIGNMENT|[EXTERNAL]|this|{"aptdum":"0x575f7eaa","Docdum":"0xb26b795","Initialselected":0,"timewraplistInitial":"0x27f2e7b7"}|0x5cc35546
15:02:40.0 (373733075)|STATEMENT_EXECUTE|[166]
15:02:40.0 (373734908)|STATEMENT_EXECUTE|[167]
15:02:40.0 (373738085)|HEAP_ALLOCATE|[167]|Bytes:23
15:02:40.0 (373762048)|METHOD_ENTRY|[167]|01p0H000007gCe8|docappcontroller.ShowError(String)
15:02:40.0 (373794991)|VARIABLE_SCOPE_BEGIN|[193]|this|docappcontroller|true|false
15:02:40.0 (373821013)|VARIABLE_ASSIGNMENT|[193]|this|{"aptdum":"0x575f7eaa","Docdum":"0xb26b795","Initialselected":0,"timewraplistInitial":"0x27f2e7b7"}|0x5cc35546
15:02:40.0 (373828379)|VARIABLE_SCOPE_BEGIN|[193]|ErrorMsg|String|false|false
15:02:40.0 (373838857)|VARIABLE_ASSIGNMENT|[193]|ErrorMsg|"No Continents Data y (3 more) ..."
15:02:40.0 (373845215)|STATEMENT_EXECUTE|[193]
15:02:40.0 (373847250)|STATEMENT_EXECUTE|[195]
15:02:40.0 (373882643)|VARIABLE_SCOPE_BEGIN|[195]|m|ApexPages.Message|true|false
15:02:40.0 (374187598)|VARIABLE_ASSIGNMENT|[195]|m|"core.apexpages.framework.ApexPagesMessage@67c6b634"|0x38b7fe3
15:02:40.0 (374197982)|STATEMENT_EXECUTE|[196]
15:02:40.0 (374306290)|VF_PAGE_MESSAGE|No Continents Data yet.
15:02:40.0 (374319510)|METHOD_EXIT|[167]|01p0H000007gCe8|docappcontroller.ShowError(String)
15:02:40.0 (374325553)|STATEMENT_EXECUTE|[170]
15:02:40.0 (374528841)|SYSTEM_MODE_ENTER|true
15:02:40.0 (375432947)|SYSTEM_MODE_ENTER|true
15:02:40.0 (375475157)|HEAP_ALLOCATE|[EXTERNAL]|Bytes:48
15:02:40.0 (375507059)|VARIABLE_SCOPE_BEGIN|[175]|this|docappcontroller|true|false
15:02:40.0 (375542201)|VARIABLE_ASSIGNMENT|[175]|this|{"aptdum":"0x575f7eaa","Docdum":"0xb26b795","Initialselected":0,"timewraplistInitial":"0x27f2e7b7"}|0x5cc35546
15:02:40.0 (375552165)|STATEMENT_EXECUTE|[175]
15:02:40.0 (375554067)|STATEMENT_EXECUTE|[177]
15:02:40.0 (375563115)|HEAP_ALLOCATE|[177]|Bytes:4
15:02:40.0 (375584686)|VARIABLE_SCOPE_BEGIN|[177]|options|List<System.SelectOption>|true|false
15:02:40.0 (375605132)|HEAP_ALLOCATE|[EXTERNAL]|Bytes:4
15:02:40.0 (375613644)|VARIABLE_ASSIGNMENT|[177]|options|[]|0x25659eab
15:02:40.0 (375619217)|STATEMENT_EXECUTE|[178]
15:02:40.0 (375658084)|HEAP_ALLOCATE|[EXTERNAL]|Bytes:4
15:02:40.0 (375666754)|STATEMENT_EXECUTE|[181]
15:02:40.0 (375671586)|HEAP_ALLOCATE|[181]|Bytes:2
15:02:40.0 (375694519)|HEAP_ALLOCATE|[EXTERNAL]|Bytes:4
15:02:40.0 (375701229)|STATEMENT_EXECUTE|[182]
15:02:40.0 (375705013)|HEAP_ALLOCATE|[182]|Bytes:2
15:02:40.0 (375725747)|HEAP_ALLOCATE|[EXTERNAL]|Bytes:4
15:02:40.0 (375731912)|STATEMENT_EXECUTE|[187]
15:02:40.0 (375859441)|SYSTEM_MODE_ENTER|true
15:02:40.0 (377840075)|VF_SERIALIZE_VIEWSTATE_BEGIN|0660H000004OdRk
15:02:40.0 (393986522)|VF_SERIALIZE_VIEWSTATE_END
15:02:40.0 (396499128)|CODE_UNIT_STARTED|[EXTERNAL]|Generate Metadata
15:02:40.0 (397020107)|CODE_UNIT_FINISHED|Generate Metadata
15:02:40.398 (398829774)|CUMULATIVE_LIMIT_USAGE
15:02:40.398 (398829774)|LIMIT_USAGE_FOR_NS|(default)|
  Number of SOQL queries: 0 out of 100
  Number of query rows: 0 out of 50000
  Number of SOSL queries: 0 out of 20
  Number of DML statements: 0 out of 150
  Number of DML rows: 0 out of 10000
  Maximum CPU time: 0 out of 10000
  Maximum heap size: 0 out of 6000000
  Number of callouts: 0 out of 100
  Number of Email Invocations: 0 out of 10
  Number of future calls: 0 out of 50
  Number of queueable jobs added to the queue: 0 out of 50
  Number of Mobile Apex push calls: 0 out of 10

15:02:40.398 (398829774)|CUMULATIVE_LIMIT_USAGE_END

15:02:40.0 (398872911)|CODE_UNIT_FINISHED|VF: /apex/docapp
15:02:40.0 (399646392)|EXECUTION_FINISHED
