42.0 APEX_CODE,FINEST;APEX_PROFILING,INFO;CALLOUT,INFO;DB,INFO;SYSTEM,DEBUG;VALIDATION,INFO;VISUALFORCE,INFO;WAVE,INFO;WORKFLOW,INFO
13:58:31.0 (55372)|USER_INFO|[EXTERNAL]|005i0000002qYvT|anton@igate.com|India Standard Time|GMT+05:30
13:58:31.0 (84304)|EXECUTION_STARTED
13:58:31.0 (88077)|CODE_UNIT_STARTED|[EXTERNAL]|0660H000004OdRk|VF: /apex/docapp
13:58:31.0 (1047508)|VF_DESERIALIZE_VIEWSTATE_BEGIN|0660H000004OdRk
13:58:31.0 (4221740)|HEAP_ALLOCATE|[72]|Bytes:3
13:58:31.0 (4264003)|HEAP_ALLOCATE|[77]|Bytes:152
13:58:31.0 (4279079)|HEAP_ALLOCATE|[342]|Bytes:408
13:58:31.0 (4290700)|HEAP_ALLOCATE|[355]|Bytes:408
13:58:31.0 (4301635)|HEAP_ALLOCATE|[467]|Bytes:48
13:58:31.0 (4332563)|HEAP_ALLOCATE|[139]|Bytes:6
13:58:31.0 (7365580)|VF_DESERIALIZE_VIEWSTATE_END
13:58:31.7 (7950070)|SYSTEM_MODE_ENTER|true
13:58:31.7 (8018097)|HEAP_ALLOCATE|[EXTERNAL]|Bytes:38
13:58:31.7 (8026404)|HEAP_ALLOCATE|[EXTERNAL]|Bytes:7
13:58:31.7 (8039354)|SYSTEM_METHOD_ENTRY|[1]|PageMessagesComponentController.PageMessagesComponentController()
13:58:31.7 (8045865)|STATEMENT_EXECUTE|[1]
13:58:31.8 (8833250)|SYSTEM_MODE_ENTER|true
13:58:31.8 (8884739)|HEAP_ALLOCATE|[EXTERNAL]|Bytes:8
13:58:31.8 (8892959)|VARIABLE_SCOPE_BEGIN|[88]|this|ApexPage.PageMessagesComponentController|true|false
13:58:31.8 (8931614)|VARIABLE_ASSIGNMENT|[88]|this|{}|0x3c525875
13:58:31.8 (8939049)|VARIABLE_SCOPE_BEGIN|[88]|escape|Boolean|false|false
13:58:31.8 (8949031)|VARIABLE_ASSIGNMENT|[88]|escape|null
13:58:31.0 (9084744)|SYSTEM_MODE_ENTER|true
13:58:31.0 (9106004)|HEAP_ALLOCATE|[EXTERNAL]|Bytes:14
13:58:31.0 (9114012)|HEAP_ALLOCATE|[EXTERNAL]|Bytes:248
13:58:31.0 (9118295)|HEAP_ALLOCATE|[EXTERNAL]|Bytes:53
13:58:31.0 (9122623)|HEAP_ALLOCATE|[EXTERNAL]|Bytes:13
13:58:31.0 (9130294)|METHOD_ENTRY|[1]|01p0H000007gCe8|docappcontroller.docappcontroller()
13:58:31.0 (9135707)|STATEMENT_EXECUTE|[1]
13:58:31.0 (9139501)|STATEMENT_EXECUTE|[1]
13:58:31.0 (9141049)|STATEMENT_EXECUTE|[174]
13:58:31.0 (9145760)|METHOD_EXIT|[1]|docappcontroller
13:58:31.0 (11409104)|SYSTEM_MODE_ENTER|true
13:58:31.0 (12139873)|SYSTEM_MODE_ENTER|true
13:58:31.0 (13037107)|SYSTEM_MODE_ENTER|true
13:58:31.0 (13263008)|HEAP_ALLOCATE|[EXTERNAL]|Bytes:44
13:58:31.0 (13272888)|VARIABLE_SCOPE_BEGIN|[133]|this|docappcontroller|true|false
13:58:31.0 (13322480)|VARIABLE_ASSIGNMENT|[133]|this|{"aptdum":"0x1407d47d","Docdum":"0x5fe5b7fb","Docmap":"0x358dd279","Initialselected":0,"timewraplistInitial":"0x13309b41"}|0x7fe88bf6
13:58:31.0 (13334038)|STATEMENT_EXECUTE|[133]
13:58:31.0 (13336177)|STATEMENT_EXECUTE|[135]
13:58:31.0 (13350918)|HEAP_ALLOCATE|[135]|Bytes:4
13:58:31.0 (13381295)|VARIABLE_SCOPE_BEGIN|[135]|options|List<System.SelectOption>|true|false
13:58:31.0 (13404213)|HEAP_ALLOCATE|[EXTERNAL]|Bytes:4
13:58:31.0 (13414057)|VARIABLE_ASSIGNMENT|[135]|options|[]|0x393e1166
13:58:31.0 (13419865)|STATEMENT_EXECUTE|[136]
13:58:31.0 (13427777)|HEAP_ALLOCATE|[136]|Bytes:8
13:58:31.0 (13476528)|HEAP_ALLOCATE|[EXTERNAL]|Bytes:4
13:58:31.0 (13523671)|VARIABLE_ASSIGNMENT|[EXTERNAL]|this|{"aptdum":"0x1407d47d","Docdum":"0x5fe5b7fb","Docmap":"0x358dd279","Initialselected":0,"timewraplistInitial":"0x13309b41"}|0x7fe88bf6
13:58:31.0 (13537967)|STATEMENT_EXECUTE|[137]
13:58:31.0 (13565178)|VARIABLE_ASSIGNMENT|[EXTERNAL]|this|{"aptdum":"0x1407d47d","Docdum":"0x5fe5b7fb","Docmap":"0x358dd279","Initialselected":0,"timewraplistInitial":"0x13309b41"}|0x7fe88bf6
13:58:31.0 (13607923)|HEAP_ALLOCATE|[EXTERNAL]|Bytes:12
13:58:31.0 (13625065)|HEAP_ALLOCATE|[138]|Bytes:237
13:58:31.0 (13751293)|HEAP_ALLOCATE|[138]|Bytes:5
13:58:31.0 (13806183)|HEAP_ALLOCATE|[138]|Bytes:24
13:58:31.0 (13816914)|VARIABLE_SCOPE_BEGIN|[138]|doc|Doctor__c|true|false
13:58:31.0 (13944974)|VARIABLE_ASSIGNMENT|[138]|doc|{"Id":"a260H000001koYjQAI","Name":"doc 2","End_Time__c":68400000,"Speciality__c":"General Surgery","Start_Time__c":43200000}|0x4ed2d1ae
13:58:31.0 (13955015)|STATEMENT_EXECUTE|[138]
13:58:31.0 (13956787)|STATEMENT_EXECUTE|[139]
13:58:31.0 (13999152)|HEAP_ALLOCATE|[139]|Bytes:18
13:58:31.0 (14050555)|HEAP_ALLOCATE|[EXTERNAL]|Bytes:4
13:58:31.0 (14068607)|HEAP_ALLOCATE|[138]|Bytes:5
13:58:31.0 (14090247)|HEAP_ALLOCATE|[138]|Bytes:24
13:58:31.0 (14098181)|VARIABLE_SCOPE_BEGIN|[138]|doc|Doctor__c|true|false
13:58:31.0 (14117346)|VARIABLE_ASSIGNMENT|[138]|doc|{"Id":"a260H000001koYeQAI","Name":"Doc1","End_Time__c":64800000,"Speciality__c":"General Surgery","Start_Time__c":32400000}|0x3420cb2a
13:58:31.0 (14124078)|STATEMENT_EXECUTE|[138]
13:58:31.0 (14125976)|STATEMENT_EXECUTE|[139]
13:58:31.0 (14134972)|HEAP_ALLOCATE|[139]|Bytes:18
13:58:31.0 (14148619)|HEAP_ALLOCATE|[EXTERNAL]|Bytes:4
13:58:31.0 (14160530)|HEAP_ALLOCATE|[138]|Bytes:5
13:58:31.0 (14170447)|VARIABLE_ASSIGNMENT|[138]|doc|null|
13:58:31.0 (14176321)|STATEMENT_EXECUTE|[145]
13:58:31.0 (14261619)|SYSTEM_MODE_ENTER|true
13:58:31.0 (14566612)|SYSTEM_MODE_ENTER|true
13:58:31.0 (14603805)|HEAP_ALLOCATE|[EXTERNAL]|Bytes:44
13:58:31.0 (14611472)|VARIABLE_SCOPE_BEGIN|[150]|this|docappcontroller|true|false
13:58:31.0 (14645857)|VARIABLE_ASSIGNMENT|[150]|this|{"aptdum":"0x1407d47d","Docdum":"0x5fe5b7fb","Docmap":"0x358dd279","Initialselected":0,"timewraplistInitial":"0x13309b41"}|0x7fe88bf6
13:58:31.0 (14656317)|STATEMENT_EXECUTE|[150]
13:58:31.0 (14658308)|STATEMENT_EXECUTE|[152]
13:58:31.0 (14667520)|HEAP_ALLOCATE|[152]|Bytes:4
13:58:31.0 (14689790)|VARIABLE_SCOPE_BEGIN|[152]|options|List<System.SelectOption>|true|false
13:58:31.0 (14711106)|HEAP_ALLOCATE|[EXTERNAL]|Bytes:4
13:58:31.0 (14719724)|VARIABLE_ASSIGNMENT|[152]|options|[]|0x3d0c6674
13:58:31.0 (14725826)|STATEMENT_EXECUTE|[153]
13:58:31.0 (14763420)|HEAP_ALLOCATE|[EXTERNAL]|Bytes:4
13:58:31.0 (14772701)|STATEMENT_EXECUTE|[156]
13:58:31.0 (14777530)|HEAP_ALLOCATE|[156]|Bytes:2
13:58:31.0 (14799558)|HEAP_ALLOCATE|[EXTERNAL]|Bytes:4
13:58:31.0 (14806631)|STATEMENT_EXECUTE|[157]
13:58:31.0 (14809993)|HEAP_ALLOCATE|[157]|Bytes:2
13:58:31.0 (14828726)|HEAP_ALLOCATE|[EXTERNAL]|Bytes:4
13:58:31.0 (14835018)|STATEMENT_EXECUTE|[162]
13:58:31.0 (14901646)|SYSTEM_MODE_ENTER|true
13:58:31.15 (15424815)|SYSTEM_MODE_ENTER|true
13:58:31.15 (15473295)|HEAP_ALLOCATE|[EXTERNAL]|Bytes:8
13:58:31.15 (15481582)|VARIABLE_SCOPE_BEGIN|[88]|this|ApexPage.PageMessagesComponentController|true|false
13:58:31.15 (15504367)|VARIABLE_ASSIGNMENT|[88]|this|{}|0x3c525875
13:58:31.15 (15511954)|VARIABLE_SCOPE_BEGIN|[88]|escape|Boolean|false|false
13:58:31.15 (15520141)|VARIABLE_ASSIGNMENT|[88]|escape|null
13:58:31.0 (15691202)|SYSTEM_MODE_ENTER|true
13:58:31.0 (15718416)|HEAP_ALLOCATE|[EXTERNAL]|Bytes:18
13:58:31.0 (15723901)|HEAP_ALLOCATE|[EXTERNAL]|Bytes:44
13:58:31.0 (15747145)|VARIABLE_ASSIGNMENT|[EXTERNAL]|this.Selecteddoc|"a260H000001koYjQAI"|0x7fe88bf6
13:58:31.0 (15796191)|SYSTEM_MODE_ENTER|true
13:58:31.0 (15941426)|SYSTEM_MODE_ENTER|true
13:58:31.0 (15982747)|SYSTEM_MODE_ENTER|true
13:58:31.0 (15998983)|HEAP_ALLOCATE|[EXTERNAL]|Bytes:8
13:58:31.0 (16003900)|HEAP_ALLOCATE|[EXTERNAL]|Bytes:44
13:58:31.0 (16013355)|VARIABLE_ASSIGNMENT|[EXTERNAL]|this.SelectedtimeSlot|30|0x7fe88bf6
13:58:31.0 (16048795)|SYSTEM_MODE_ENTER|true
13:58:31.0 (16250766)|HEAP_ALLOCATE|[EXTERNAL]|Bytes:44
13:58:31.0 (16260152)|VARIABLE_SCOPE_BEGIN|[31]|this|docappcontroller|true|false
13:58:31.0 (16296041)|VARIABLE_ASSIGNMENT|[31]|this|{"aptdum":"0x1407d47d","Docdum":"0x5fe5b7fb","Docmap":"0x358dd279","Initialselected":0,"Selecteddoc":"a260H000001koYjQAI","SelectedtimeSlot":30,"timewraplistInitial":"0x13309b41"}|0x7fe88bf6
13:58:31.0 (16307674)|STATEMENT_EXECUTE|[31]
13:58:31.0 (16309611)|STATEMENT_EXECUTE|[32]
13:58:31.0 (16334854)|VARIABLE_SCOPE_BEGIN|[32]|timeset|Set<Time>|true|false
13:58:31.0 (16346754)|VARIABLE_ASSIGNMENT|[32]|timeset|null|
13:58:31.0 (16351538)|STATEMENT_EXECUTE|[33]
13:58:31.0 (16395759)|VARIABLE_ASSIGNMENT|[EXTERNAL]|this|{"aptdum":"0x1407d47d","Docdum":"0x5fe5b7fb","Docmap":"0x358dd279","Initialselected":0,"Selecteddoc":"a260H000001koYjQAI","SelectedtimeSlot":30,"timewraplistInitial":"0x13309b41"}|0x7fe88bf6
13:58:31.0 (16427535)|USER_DEBUG|[33]|DEBUG|a260H000001koYjQAI
13:58:31.0 (16465291)|VARIABLE_ASSIGNMENT|[EXTERNAL]|this|{"aptdum":"0x1407d47d","Docdum":"0x5fe5b7fb","Docmap":"0x358dd279","Initialselected":0,"Selecteddoc":"a260H000001koYjQAI","SelectedtimeSlot":30,"timewraplistInitial":"0x13309b41"}|0x7fe88bf6
13:58:31.0 (16497268)|VARIABLE_ASSIGNMENT|[EXTERNAL]|this|{"aptdum":"0x1407d47d","Docdum":"0x5fe5b7fb","Docmap":"0x358dd279","Initialselected":0,"Selecteddoc":"a260H000001koYjQAI","SelectedtimeSlot":30,"timewraplistInitial":"0x13309b41"}|0x7fe88bf6
13:58:31.0 (16527342)|STATEMENT_EXECUTE|[36]
13:58:31.0 (16529391)|STATEMENT_EXECUTE|[37]
13:58:31.0 (16557069)|VARIABLE_ASSIGNMENT|[EXTERNAL]|this|{"aptdum":"0x1407d47d","Docdum":"0x5fe5b7fb","Docmap":"0x358dd279","Initialselected":0,"Selecteddoc":"a260H000001koYjQAI","SelectedtimeSlot":30,"timewraplistInitial":"0x13309b41"}|0x7fe88bf6
13:58:31.0 (16586955)|VARIABLE_ASSIGNMENT|[EXTERNAL]|this|{"aptdum":"0x1407d47d","Docdum":"0x5fe5b7fb","Docmap":"0x358dd279","Initialselected":0,"Selecteddoc":"a260H000001koYjQAI","SelectedtimeSlot":30,"timewraplistInitial":"0x13309b41"}|0x7fe88bf6
13:58:31.0 (16614456)|VARIABLE_SCOPE_BEGIN|[37]|d|Doctor__c|true|false
13:58:31.0 (16633616)|VARIABLE_ASSIGNMENT|[37]|d|{"Id":"a260H000001koYjQAI","Name":"doc 2","End_Time__c":68400000,"Speciality__c":"General Surgery","Start_Time__c":43200000}|0x4ed2d1ae
13:58:31.0 (16640285)|STATEMENT_EXECUTE|[38]
13:58:31.0 (16683031)|HEAP_ALLOCATE|[38]|Bytes:4
13:58:31.0 (16726090)|HEAP_ALLOCATE|[38]|Bytes:150
13:58:31.0 (16741866)|HEAP_ALLOCATE|[38]|Bytes:4
13:58:31.0 (16750811)|HEAP_ALLOCATE|[38]|Bytes:7
13:58:31.0 (16784676)|VARIABLE_ASSIGNMENT|[EXTERNAL]|this|{"aptdum":"0x1407d47d","Docdum":"0x5fe5b7fb","Docmap":"0x358dd279","Initialselected":0,"Selecteddoc":"a260H000001koYjQAI","SelectedtimeSlot":30,"timewraplistInitial":"0x13309b41"}|0x7fe88bf6
13:58:31.0 (16804552)|HEAP_ALLOCATE|[38]|Bytes:7
13:58:31.0 (16833067)|VARIABLE_ASSIGNMENT|[EXTERNAL]|this|{"aptdum":"0x1407d47d","Docdum":"0x5fe5b7fb","Docmap":"0x358dd279","Initialselected":0,"Selecteddoc":"a260H000001koYjQAI","SelectedtimeSlot":30,"timewraplistInitial":"0x13309b41"}|0x7fe88bf6
13:58:31.0 (17210456)|SOQL_EXECUTE_BEGIN|[38]|Aggregations:0|SELECT Id, Name, Doctor__c, Patient__c, End_Time__c, Start_Time__c FROM Appointment__c WHERE (Doctor__c = :tmpVar1 AND Appointment_Date__c = :tmpVar2)
13:58:31.0 (20311657)|SOQL_EXECUTE_END|[38]|Rows:1
13:58:31.0 (20337772)|HEAP_ALLOCATE|[38]|Bytes:8
13:58:31.0 (20354237)|HEAP_ALLOCATE|[38]|Bytes:147
13:58:31.0 (20384132)|HEAP_ALLOCATE|[38]|Bytes:8
13:58:31.0 (20408602)|HEAP_ALLOCATE|[38]|Bytes:28
13:58:31.0 (20414401)|HEAP_ALLOCATE|[38]|Bytes:28
13:58:31.0 (20417922)|HEAP_ALLOCATE|[38]|Bytes:4
13:58:31.0 (20427707)|VARIABLE_SCOPE_BEGIN|[38]|aptlist|List<Appointment__c>|true|false
13:58:31.0 (20438514)|HEAP_ALLOCATE|[EXTERNAL]|Bytes:8
13:58:31.0 (20459984)|VARIABLE_ASSIGNMENT|[38]|aptlist|[{"Id":"a250H00000HaxnFQAR","Name":"A-00000","Doctor__c":"a260H000001koYjQAI","Patient__c":"a270H000006vXivQAE","End_Time__c":61200000,"Start_Time__c":54000000}]|0x5aaafa49
13:58:31.0 (20468909)|STATEMENT_EXECUTE|[39]
13:58:31.0 (20490353)|HEAP_ALLOCATE|[39]|Bytes:4
13:58:31.0 (20553432)|VARIABLE_ASSIGNMENT|[39]|timeset|[]|0x4478decf
13:58:31.0 (20635197)|HEAP_ALLOCATE|[40]|Bytes:5
13:58:31.0 (20650854)|HEAP_ALLOCATE|[40]|Bytes:28
13:58:31.0 (20659318)|VARIABLE_SCOPE_BEGIN|[40]|apt|Appointment__c|true|false
13:58:31.0 (20679572)|VARIABLE_ASSIGNMENT|[40]|apt|{"Id":"a250H00000HaxnFQAR","Name":"A-00000","Doctor__c":"a260H000001koYjQAI","Patient__c":"a270H000006vXivQAE","End_Time__c":61200000,"Start_Time__c":54000000}|0x94db818
13:58:31.0 (20687516)|STATEMENT_EXECUTE|[40]
13:58:31.0 (20689504)|STATEMENT_EXECUTE|[42]
13:58:31.0 (20718979)|VARIABLE_SCOPE_BEGIN|[42]|t|Time|false|false
13:58:31.0 (20733004)|VARIABLE_ASSIGNMENT|[42]|t|54000000
13:58:31.0 (20737911)|STATEMENT_EXECUTE|[43]
13:58:31.0 (20788520)|VARIABLE_SCOPE_BEGIN|[43]|i|Integer|false|false
13:58:31.0 (20798738)|HEAP_ALLOCATE|[43]|Bytes:4
13:58:31.0 (20805784)|VARIABLE_ASSIGNMENT|[43]|i|2
13:58:31.0 (20810527)|STATEMENT_EXECUTE|[44]
13:58:31.0 (20835276)|HEAP_ALLOCATE|[44]|Bytes:28
13:58:31.0 (20840243)|HEAP_ALLOCATE|[44]|Bytes:28
13:58:31.0 (20844698)|VARIABLE_SCOPE_BEGIN|[44]|i1|Decimal|false|false
13:58:31.0 (20856677)|VARIABLE_ASSIGNMENT|[44]|i1|0
13:58:31.0 (20861194)|STATEMENT_EXECUTE|[45]
13:58:31.0 (20883735)|HEAP_ALLOCATE|[EXTERNAL]|Bytes:4
13:58:31.0 (20909689)|STATEMENT_EXECUTE|[46]
13:58:31.0 (20911569)|STATEMENT_EXECUTE|[47]
13:58:31.0 (20933315)|USER_DEBUG|[47]|DEBUG|15:00:00.000Z
13:58:31.0 (20942609)|STATEMENT_EXECUTE|[48]
13:58:31.0 (20974939)|HEAP_ALLOCATE|[48]|Bytes:4
13:58:31.0 (20991946)|VARIABLE_ASSIGNMENT|[48]|t|55800000
13:58:31.0 (20996378)|STATEMENT_EXECUTE|[49]
13:58:31.0 (20999531)|HEAP_ALLOCATE|[49]|Bytes:3
13:58:31.0 (21012266)|HEAP_ALLOCATE|[49]|Bytes:28
13:58:31.0 (21050434)|HEAP_ALLOCATE|[49]|Bytes:28
13:58:31.0 (21067044)|VARIABLE_ASSIGNMENT|[49]|i1|0.5
13:58:31.0 (21072144)|STATEMENT_EXECUTE|[50]
13:58:31.0 (21086967)|HEAP_ALLOCATE|[EXTERNAL]|Bytes:4
13:58:31.0 (21098743)|HEAP_ALLOCATE|[51]|Bytes:28
13:58:31.0 (21102687)|HEAP_ALLOCATE|[51]|Bytes:28
13:58:31.0 (21108317)|HEAP_ALLOCATE|[51]|Bytes:28
13:58:31.0 (21130193)|HEAP_ALLOCATE|[51]|Bytes:28
13:58:31.0 (21157550)|STATEMENT_EXECUTE|[46]
13:58:31.0 (21159520)|STATEMENT_EXECUTE|[47]
13:58:31.0 (21168217)|USER_DEBUG|[47]|DEBUG|15:30:00.000Z
13:58:31.0 (21175845)|STATEMENT_EXECUTE|[48]
13:58:31.0 (21184600)|HEAP_ALLOCATE|[48]|Bytes:4
13:58:31.0 (21197985)|VARIABLE_ASSIGNMENT|[48]|t|57600000
13:58:31.0 (21202418)|STATEMENT_EXECUTE|[49]
13:58:31.0 (21207086)|HEAP_ALLOCATE|[49]|Bytes:28
13:58:31.0 (21219794)|HEAP_ALLOCATE|[49]|Bytes:28
13:58:31.0 (21231555)|VARIABLE_ASSIGNMENT|[49]|i1|1.0
13:58:31.0 (21235835)|STATEMENT_EXECUTE|[50]
13:58:31.0 (21242236)|HEAP_ALLOCATE|[EXTERNAL]|Bytes:4
13:58:31.0 (21254043)|HEAP_ALLOCATE|[51]|Bytes:28
13:58:31.0 (21258007)|HEAP_ALLOCATE|[51]|Bytes:28
13:58:31.0 (21262881)|HEAP_ALLOCATE|[51]|Bytes:28
13:58:31.0 (21275778)|HEAP_ALLOCATE|[51]|Bytes:28
13:58:31.0 (21295447)|STATEMENT_EXECUTE|[46]
13:58:31.0 (21297284)|STATEMENT_EXECUTE|[47]
13:58:31.0 (21304016)|USER_DEBUG|[47]|DEBUG|16:00:00.000Z
13:58:31.0 (21310859)|STATEMENT_EXECUTE|[48]
13:58:31.0 (21323550)|HEAP_ALLOCATE|[48]|Bytes:4
13:58:31.0 (21336923)|VARIABLE_ASSIGNMENT|[48]|t|59400000
13:58:31.0 (21341430)|STATEMENT_EXECUTE|[49]
13:58:31.0 (21345721)|HEAP_ALLOCATE|[49]|Bytes:28
13:58:31.0 (21357489)|HEAP_ALLOCATE|[49]|Bytes:28
13:58:31.0 (21368000)|VARIABLE_ASSIGNMENT|[49]|i1|1.5
13:58:31.0 (21372147)|STATEMENT_EXECUTE|[50]
13:58:31.0 (21377360)|HEAP_ALLOCATE|[EXTERNAL]|Bytes:4
13:58:31.0 (21386350)|HEAP_ALLOCATE|[51]|Bytes:28
13:58:31.0 (21390414)|HEAP_ALLOCATE|[51]|Bytes:28
13:58:31.0 (21394650)|HEAP_ALLOCATE|[51]|Bytes:28
13:58:31.0 (21406796)|HEAP_ALLOCATE|[51]|Bytes:28
13:58:31.0 (21432144)|HEAP_ALLOCATE|[40]|Bytes:5
13:58:31.0 (21444733)|VARIABLE_ASSIGNMENT|[40]|apt|null|
13:58:31.0 (21449873)|STATEMENT_EXECUTE|[62]
13:58:31.0 (21464706)|HEAP_ALLOCATE|[62]|Bytes:4
13:58:31.0 (21548047)|VARIABLE_ASSIGNMENT|[EXTERNAL]|this|{"aptdum":"0x1407d47d","Docdum":"0x5fe5b7fb","Docmap":"0x358dd279","Initialselected":0,"Selecteddoc":"a260H000001koYjQAI","SelectedtimeSlot":30,"timewraplistInitial":"0x13309b41"}|0x7fe88bf6
13:58:31.0 (21567276)|HEAP_ALLOCATE|[EXTERNAL]|Bytes:4
13:58:31.0 (21574838)|VARIABLE_ASSIGNMENT|[EXTERNAL]|value|[]|0x354398b5
13:58:31.0 (21586994)|VARIABLE_ASSIGNMENT|[4]|this.timewraplist|[]|0x7fe88bf6
13:58:31.0 (21596961)|STATEMENT_EXECUTE|[63]
13:58:31.0 (21606864)|HEAP_ALLOCATE|[63]|Bytes:4
13:58:31.0 (21673194)|VARIABLE_ASSIGNMENT|[EXTERNAL]|this|{"aptdum":"0x1407d47d","Docdum":"0x5fe5b7fb","Docmap":"0x358dd279","Initialselected":0,"Selecteddoc":"a260H000001koYjQAI","SelectedtimeSlot":30,"timewraplist":"0x354398b5","timewraplistInitial":"0x13309b41"}|0x7fe88bf6
13:58:31.0 (21691389)|HEAP_ALLOCATE|[EXTERNAL]|Bytes:4
13:58:31.0 (21698043)|VARIABLE_ASSIGNMENT|[EXTERNAL]|value|[]|0x12e2bfd8
13:58:31.0 (21708860)|VARIABLE_ASSIGNMENT|[3]|this.timelist|[]|0x7fe88bf6
13:58:31.0 (21718103)|STATEMENT_EXECUTE|[64]
13:58:31.0 (21743453)|VARIABLE_SCOPE_BEGIN|[64]|t|Time|false|false
13:58:31.0 (21758589)|VARIABLE_ASSIGNMENT|[64]|t|43200000
13:58:31.0 (21763780)|STATEMENT_EXECUTE|[65]
13:58:31.0 (21803387)|VARIABLE_SCOPE_BEGIN|[65]|i|Integer|false|false
13:58:31.0 (21811808)|HEAP_ALLOCATE|[65]|Bytes:4
13:58:31.0 (21819112)|VARIABLE_ASSIGNMENT|[65]|i|7
13:58:31.0 (21823450)|STATEMENT_EXECUTE|[66]
13:58:31.0 (21831624)|HEAP_ALLOCATE|[66]|Bytes:28
13:58:31.0 (21835852)|HEAP_ALLOCATE|[66]|Bytes:28
13:58:31.0 (21840094)|VARIABLE_SCOPE_BEGIN|[66]|i1|Decimal|false|false
13:58:31.0 (21849529)|VARIABLE_ASSIGNMENT|[66]|i1|0
13:58:31.0 (21883552)|STATEMENT_EXECUTE|[67]
13:58:31.0 (21885625)|STATEMENT_EXECUTE|[68]
13:58:31.0 (21932088)|VARIABLE_ASSIGNMENT|[EXTERNAL]|this|{"aptdum":"0x1407d47d","Docdum":"0x5fe5b7fb","Docmap":"0x358dd279","Initialselected":0,"Selecteddoc":"a260H000001koYjQAI","SelectedtimeSlot":30,"timelist":"0x12e2bfd8","timewraplist":"0x354398b5","timewraplistInitial":"0x13309b41"}|0x7fe88bf6
13:58:31.0 (21956108)|HEAP_ALLOCATE|[68]|Bytes:108
13:58:31.0 (21963399)|HEAP_ALLOCATE|[68]|Bytes:11
13:58:31.0 (21978459)|HEAP_ALLOCATE|[68]|Bytes:12
13:58:31.0 (22000020)|CONSTRUCTOR_ENTRY|[68]|01p0H000007gCe8|<init>(Boolean,Time)
13:58:31.0 (22013673)|VARIABLE_SCOPE_BEGIN|[178]|this|docappcontroller.Wrapertimeslot|true|false
13:58:31.0 (22031127)|VARIABLE_ASSIGNMENT|[178]|this|{}|0x7187d37c
13:58:31.0 (22038303)|VARIABLE_SCOPE_BEGIN|[178]|selection|Boolean|false|false
13:58:31.0 (22047794)|VARIABLE_ASSIGNMENT|[178]|selection|false
13:58:31.0 (22064493)|VARIABLE_SCOPE_BEGIN|[178]|tm|Time|false|false
13:58:31.0 (22081031)|VARIABLE_ASSIGNMENT|[178]|tm|43200000
13:58:31.0 (22089563)|STATEMENT_EXECUTE|[174]
13:58:31.0 (22092236)|STATEMENT_EXECUTE|[175]
13:58:31.0 (22094305)|STATEMENT_EXECUTE|[176]
13:58:31.0 (22103435)|HEAP_ALLOCATE|[179]|Bytes:6
13:58:31.0 (22127167)|STATEMENT_EXECUTE|[178]
13:58:31.0 (22129105)|STATEMENT_EXECUTE|[179]
13:58:31.0 (22186384)|VARIABLE_ASSIGNMENT|[EXTERNAL]|this|{}|0x7187d37c
13:58:31.0 (22204050)|VARIABLE_ASSIGNMENT|[EXTERNAL]|value|false
13:58:31.0 (22215381)|HEAP_ALLOCATE|[175]|Bytes:5
13:58:31.0 (22225751)|VARIABLE_ASSIGNMENT|[175]|this.selected|false|0x7187d37c
13:58:31.0 (22236120)|STATEMENT_EXECUTE|[180]
13:58:31.0 (22271425)|VARIABLE_ASSIGNMENT|[EXTERNAL]|this|{"selected":false}|0x7187d37c
13:58:31.0 (22285611)|VARIABLE_ASSIGNMENT|[EXTERNAL]|value|43200000
13:58:31.0 (22295621)|VARIABLE_ASSIGNMENT|[176]|this.t|43200000|0x7187d37c
13:58:31.0 (22310451)|CONSTRUCTOR_EXIT|[68]|01p0H000007gCe8|<init>(Boolean,Time)
13:58:31.0 (22330513)|HEAP_ALLOCATE|[EXTERNAL]|Bytes:4
13:58:31.0 (22339351)|STATEMENT_EXECUTE|[73]
13:58:31.0 (22379536)|VARIABLE_ASSIGNMENT|[EXTERNAL]|this|{"aptdum":"0x1407d47d","Docdum":"0x5fe5b7fb","Docmap":"0x358dd279","Initialselected":0,"Selecteddoc":"a260H000001koYjQAI","SelectedtimeSlot":30,"timelist":"0x12e2bfd8","timewraplist":"0x354398b5","timewraplistInitial":"0x13309b41"}|0x7fe88bf6
13:58:31.0 (22400427)|HEAP_ALLOCATE|[EXTERNAL]|Bytes:4
13:58:31.0 (22415886)|HEAP_ALLOCATE|[76]|Bytes:28
13:58:31.0 (22420883)|HEAP_ALLOCATE|[76]|Bytes:28
13:58:31.0 (22451984)|STATEMENT_EXECUTE|[76]
13:58:31.0 (22454114)|STATEMENT_EXECUTE|[77]
13:58:31.0 (22471755)|USER_DEBUG|[77]|DEBUG|12:00:00.000Z
13:58:31.0 (22480918)|STATEMENT_EXECUTE|[78]
13:58:31.0 (22505689)|HEAP_ALLOCATE|[78]|Bytes:4
13:58:31.0 (22528391)|VARIABLE_ASSIGNMENT|[78]|t|45000000
13:58:31.0 (22536185)|STATEMENT_EXECUTE|[79]
13:58:31.0 (22545365)|HEAP_ALLOCATE|[79]|Bytes:28
13:58:31.0 (22577353)|HEAP_ALLOCATE|[79]|Bytes:28
13:58:31.0 (22600050)|VARIABLE_ASSIGNMENT|[79]|i1|0.5
13:58:31.0 (22607520)|STATEMENT_EXECUTE|[80]
13:58:31.0 (22660278)|VARIABLE_ASSIGNMENT|[EXTERNAL]|this|{"aptdum":"0x1407d47d","Docdum":"0x5fe5b7fb","Docmap":"0x358dd279","Initialselected":0,"Selecteddoc":"a260H000001koYjQAI","SelectedtimeSlot":30,"timelist":"0x12e2bfd8","timewraplist":"0x354398b5","timewraplistInitial":"0x13309b41"}|0x7fe88bf6
13:58:31.0 (22690807)|HEAP_ALLOCATE|[EXTERNAL]|Bytes:4
13:58:31.0 (22730826)|STATEMENT_EXECUTE|[82]
13:58:31.0 (22733971)|STATEMENT_EXECUTE|[83]
13:58:31.0 (22783581)|VARIABLE_ASSIGNMENT|[EXTERNAL]|this|{"aptdum":"0x1407d47d","Docdum":"0x5fe5b7fb","Docmap":"0x358dd279","Initialselected":0,"Selecteddoc":"a260H000001koYjQAI","SelectedtimeSlot":30,"timelist":"0x12e2bfd8","timewraplist":"0x354398b5","timewraplistInitial":"0x13309b41"}|0x7fe88bf6
13:58:31.0 (22807634)|HEAP_ALLOCATE|[83]|Bytes:12
13:58:31.0 (22823724)|CONSTRUCTOR_ENTRY|[83]|01p0H000007gCe8|<init>(Boolean,Time)
13:58:31.0 (22830839)|VARIABLE_SCOPE_BEGIN|[178]|this|docappcontroller.Wrapertimeslot|true|false
13:58:31.0 (22846447)|VARIABLE_ASSIGNMENT|[178]|this|{}|0x663765d1
13:58:31.0 (22854560)|VARIABLE_SCOPE_BEGIN|[178]|selection|Boolean|false|false
13:58:31.0 (22863901)|VARIABLE_ASSIGNMENT|[178]|selection|false
13:58:31.0 (22868003)|VARIABLE_SCOPE_BEGIN|[178]|tm|Time|false|false
13:58:31.0 (22878083)|VARIABLE_ASSIGNMENT|[178]|tm|45000000
13:58:31.0 (22883228)|STATEMENT_EXECUTE|[174]
13:58:31.0 (22884919)|STATEMENT_EXECUTE|[175]
13:58:31.0 (22886485)|STATEMENT_EXECUTE|[176]
13:58:31.0 (22897478)|STATEMENT_EXECUTE|[178]
13:58:31.0 (22899115)|STATEMENT_EXECUTE|[179]
13:58:31.0 (22910482)|VARIABLE_ASSIGNMENT|[EXTERNAL]|this|{}|0x663765d1
13:58:31.0 (22919959)|VARIABLE_ASSIGNMENT|[EXTERNAL]|value|false
13:58:31.0 (22925890)|HEAP_ALLOCATE|[175]|Bytes:5
13:58:31.0 (22932859)|VARIABLE_ASSIGNMENT|[175]|this.selected|false|0x663765d1
13:58:31.0 (22941083)|STATEMENT_EXECUTE|[180]
13:58:31.0 (22953073)|VARIABLE_ASSIGNMENT|[EXTERNAL]|this|{"selected":false}|0x663765d1
13:58:31.0 (22962775)|VARIABLE_ASSIGNMENT|[EXTERNAL]|value|45000000
13:58:31.0 (22971057)|VARIABLE_ASSIGNMENT|[176]|this.t|45000000|0x663765d1
13:58:31.0 (22984791)|CONSTRUCTOR_EXIT|[83]|01p0H000007gCe8|<init>(Boolean,Time)
13:58:31.0 (22997481)|HEAP_ALLOCATE|[EXTERNAL]|Bytes:4
13:58:31.0 (23011446)|HEAP_ALLOCATE|[76]|Bytes:28
13:58:31.0 (23016390)|HEAP_ALLOCATE|[76]|Bytes:28
13:58:31.0 (23039536)|STATEMENT_EXECUTE|[76]
13:58:31.0 (23041500)|STATEMENT_EXECUTE|[77]
13:58:31.0 (23052471)|USER_DEBUG|[77]|DEBUG|12:30:00.000Z
13:58:31.0 (23060775)|STATEMENT_EXECUTE|[78]
13:58:31.0 (23073651)|HEAP_ALLOCATE|[78]|Bytes:4
13:58:31.0 (23089117)|VARIABLE_ASSIGNMENT|[78]|t|46800000
13:58:31.0 (23094928)|STATEMENT_EXECUTE|[79]
13:58:31.0 (23100635)|HEAP_ALLOCATE|[79]|Bytes:28
13:58:31.0 (23114476)|HEAP_ALLOCATE|[79]|Bytes:28
13:58:31.0 (23127645)|VARIABLE_ASSIGNMENT|[79]|i1|1.0
13:58:31.0 (23133324)|STATEMENT_EXECUTE|[80]
13:58:31.0 (23163077)|VARIABLE_ASSIGNMENT|[EXTERNAL]|this|{"aptdum":"0x1407d47d","Docdum":"0x5fe5b7fb","Docmap":"0x358dd279","Initialselected":0,"Selecteddoc":"a260H000001koYjQAI","SelectedtimeSlot":30,"timelist":"0x12e2bfd8","timewraplist":"0x354398b5","timewraplistInitial":"0x13309b41"}|0x7fe88bf6
13:58:31.0 (23180391)|HEAP_ALLOCATE|[EXTERNAL]|Bytes:4
13:58:31.0 (23193528)|STATEMENT_EXECUTE|[82]
13:58:31.0 (23195259)|STATEMENT_EXECUTE|[83]
13:58:31.0 (23219366)|VARIABLE_ASSIGNMENT|[EXTERNAL]|this|{"aptdum":"0x1407d47d","Docdum":"0x5fe5b7fb","Docmap":"0x358dd279","Initialselected":0,"Selecteddoc":"a260H000001koYjQAI","SelectedtimeSlot":30,"timelist":"0x12e2bfd8","timewraplist":"0x354398b5","timewraplistInitial":"0x13309b41"}|0x7fe88bf6
13:58:31.0 (23233094)|HEAP_ALLOCATE|[83]|Bytes:12
13:58:31.0 (23246728)|CONSTRUCTOR_ENTRY|[83]|01p0H000007gCe8|<init>(Boolean,Time)
13:58:31.0 (23255356)|VARIABLE_SCOPE_BEGIN|[178]|this|docappcontroller.Wrapertimeslot|true|false
13:58:31.0 (23272827)|VARIABLE_ASSIGNMENT|[178]|this|{}|0xb166a51
13:58:31.0 (23279859)|VARIABLE_SCOPE_BEGIN|[178]|selection|Boolean|false|false
13:58:31.0 (23288933)|VARIABLE_ASSIGNMENT|[178]|selection|false
13:58:31.0 (23292994)|VARIABLE_SCOPE_BEGIN|[178]|tm|Time|false|false
13:58:31.0 (23301265)|VARIABLE_ASSIGNMENT|[178]|tm|46800000
13:58:31.0 (23305811)|STATEMENT_EXECUTE|[174]
13:58:31.0 (23307438)|STATEMENT_EXECUTE|[175]
13:58:31.0 (23309234)|STATEMENT_EXECUTE|[176]
13:58:31.0 (23323594)|STATEMENT_EXECUTE|[178]
13:58:31.0 (23325416)|STATEMENT_EXECUTE|[179]
13:58:31.0 (23336894)|VARIABLE_ASSIGNMENT|[EXTERNAL]|this|{}|0xb166a51
13:58:31.0 (23346803)|VARIABLE_ASSIGNMENT|[EXTERNAL]|value|false
13:58:31.0 (23352695)|HEAP_ALLOCATE|[175]|Bytes:5
13:58:31.0 (23358929)|VARIABLE_ASSIGNMENT|[175]|this.selected|false|0xb166a51
13:58:31.0 (23366901)|STATEMENT_EXECUTE|[180]
13:58:31.0 (23377857)|VARIABLE_ASSIGNMENT|[EXTERNAL]|this|{"selected":false}|0xb166a51
13:58:31.0 (23387451)|VARIABLE_ASSIGNMENT|[EXTERNAL]|value|46800000
13:58:31.0 (23395369)|VARIABLE_ASSIGNMENT|[176]|this.t|46800000|0xb166a51
13:58:31.0 (23409603)|CONSTRUCTOR_EXIT|[83]|01p0H000007gCe8|<init>(Boolean,Time)
13:58:31.0 (23419118)|HEAP_ALLOCATE|[EXTERNAL]|Bytes:4
13:58:31.0 (23431161)|HEAP_ALLOCATE|[76]|Bytes:28
13:58:31.0 (23435800)|HEAP_ALLOCATE|[76]|Bytes:28
13:58:31.0 (23454961)|STATEMENT_EXECUTE|[76]
13:58:31.0 (23456819)|STATEMENT_EXECUTE|[77]
13:58:31.0 (23466311)|USER_DEBUG|[77]|DEBUG|13:00:00.000Z
13:58:31.0 (23473482)|STATEMENT_EXECUTE|[78]
13:58:31.0 (23483248)|HEAP_ALLOCATE|[78]|Bytes:4
13:58:31.0 (23496911)|VARIABLE_ASSIGNMENT|[78]|t|48600000
13:58:31.0 (23501751)|STATEMENT_EXECUTE|[79]
13:58:31.0 (23507099)|HEAP_ALLOCATE|[79]|Bytes:28
13:58:31.0 (23531173)|HEAP_ALLOCATE|[79]|Bytes:28
13:58:31.0 (23555385)|VARIABLE_ASSIGNMENT|[79]|i1|1.5
13:58:31.0 (23563611)|STATEMENT_EXECUTE|[80]
13:58:31.0 (23599131)|VARIABLE_ASSIGNMENT|[EXTERNAL]|this|{"aptdum":"0x1407d47d","Docdum":"0x5fe5b7fb","Docmap":"0x358dd279","Initialselected":0,"Selecteddoc":"a260H000001koYjQAI","SelectedtimeSlot":30,"timelist":"0x12e2bfd8","timewraplist":"0x354398b5","timewraplistInitial":"0x13309b41"}|0x7fe88bf6
13:58:31.0 (23618432)|HEAP_ALLOCATE|[EXTERNAL]|Bytes:4
13:58:31.0 (23632514)|STATEMENT_EXECUTE|[82]
13:58:31.0 (23634222)|STATEMENT_EXECUTE|[83]
13:58:31.0 (23667523)|VARIABLE_ASSIGNMENT|[EXTERNAL]|this|{"aptdum":"0x1407d47d","Docdum":"0x5fe5b7fb","Docmap":"0x358dd279","Initialselected":0,"Selecteddoc":"a260H000001koYjQAI","SelectedtimeSlot":30,"timelist":"0x12e2bfd8","timewraplist":"0x354398b5","timewraplistInitial":"0x13309b41"}|0x7fe88bf6
13:58:31.0 (23686733)|HEAP_ALLOCATE|[83]|Bytes:12
13:58:31.0 (23700411)|CONSTRUCTOR_ENTRY|[83]|01p0H000007gCe8|<init>(Boolean,Time)
13:58:31.0 (23706623)|VARIABLE_SCOPE_BEGIN|[178]|this|docappcontroller.Wrapertimeslot|true|false
13:58:31.0 (23723952)|VARIABLE_ASSIGNMENT|[178]|this|{}|0x5624ce31
13:58:31.0 (23731212)|VARIABLE_SCOPE_BEGIN|[178]|selection|Boolean|false|false
13:58:31.0 (23739735)|VARIABLE_ASSIGNMENT|[178]|selection|false
13:58:31.0 (23743988)|VARIABLE_SCOPE_BEGIN|[178]|tm|Time|false|false
13:58:31.0 (23753754)|VARIABLE_ASSIGNMENT|[178]|tm|48600000
13:58:31.0 (23758980)|STATEMENT_EXECUTE|[174]
13:58:31.0 (23761044)|STATEMENT_EXECUTE|[175]
13:58:31.0 (23762841)|STATEMENT_EXECUTE|[176]
13:58:31.0 (23773191)|STATEMENT_EXECUTE|[178]
13:58:31.0 (23774807)|STATEMENT_EXECUTE|[179]
13:58:31.0 (23786195)|VARIABLE_ASSIGNMENT|[EXTERNAL]|this|{}|0x5624ce31
13:58:31.0 (23795597)|VARIABLE_ASSIGNMENT|[EXTERNAL]|value|false
13:58:31.0 (23801461)|HEAP_ALLOCATE|[175]|Bytes:5
13:58:31.0 (23807696)|VARIABLE_ASSIGNMENT|[175]|this.selected|false|0x5624ce31
13:58:31.0 (23815573)|STATEMENT_EXECUTE|[180]
13:58:31.0 (23826952)|VARIABLE_ASSIGNMENT|[EXTERNAL]|this|{"selected":false}|0x5624ce31
13:58:31.0 (23835775)|VARIABLE_ASSIGNMENT|[EXTERNAL]|value|48600000
13:58:31.0 (23843271)|VARIABLE_ASSIGNMENT|[176]|this.t|48600000|0x5624ce31
13:58:31.0 (23857191)|CONSTRUCTOR_EXIT|[83]|01p0H000007gCe8|<init>(Boolean,Time)
13:58:31.0 (23867173)|HEAP_ALLOCATE|[EXTERNAL]|Bytes:4
13:58:31.0 (23879475)|HEAP_ALLOCATE|[76]|Bytes:28
13:58:31.0 (23883901)|HEAP_ALLOCATE|[76]|Bytes:28
13:58:31.0 (23903323)|STATEMENT_EXECUTE|[76]
13:58:31.0 (23905170)|STATEMENT_EXECUTE|[77]
13:58:31.0 (23915420)|USER_DEBUG|[77]|DEBUG|13:30:00.000Z
13:58:31.0 (23923311)|STATEMENT_EXECUTE|[78]
13:58:31.0 (23933835)|HEAP_ALLOCATE|[78]|Bytes:4
13:58:31.0 (23947959)|VARIABLE_ASSIGNMENT|[78]|t|50400000
13:58:31.0 (23952947)|STATEMENT_EXECUTE|[79]
13:58:31.0 (23957963)|HEAP_ALLOCATE|[79]|Bytes:28
13:58:31.0 (23972770)|HEAP_ALLOCATE|[79]|Bytes:28
13:58:31.0 (23985706)|VARIABLE_ASSIGNMENT|[79]|i1|2.0
13:58:31.0 (23990658)|STATEMENT_EXECUTE|[80]
13:58:31.0 (24019025)|VARIABLE_ASSIGNMENT|[EXTERNAL]|this|{"aptdum":"0x1407d47d","Docdum":"0x5fe5b7fb","Docmap":"0x358dd279","Initialselected":0,"Selecteddoc":"a260H000001koYjQAI","SelectedtimeSlot":30,"timelist":"0x12e2bfd8","timewraplist":"0x354398b5","timewraplistInitial":"0x13309b41"}|0x7fe88bf6
13:58:31.0 (24036212)|HEAP_ALLOCATE|[EXTERNAL]|Bytes:4
13:58:31.0 (24049447)|STATEMENT_EXECUTE|[82]
13:58:31.0 (24051133)|STATEMENT_EXECUTE|[83]
13:58:31.0 (24074973)|VARIABLE_ASSIGNMENT|[EXTERNAL]|this|{"aptdum":"0x1407d47d","Docdum":"0x5fe5b7fb","Docmap":"0x358dd279","Initialselected":0,"Selecteddoc":"a260H000001koYjQAI","SelectedtimeSlot":30,"timelist":"0x12e2bfd8","timewraplist":"0x354398b5","timewraplistInitial":"0x13309b41"}|0x7fe88bf6
13:58:31.0 (24088374)|HEAP_ALLOCATE|[83]|Bytes:12
13:58:31.0 (24099319)|CONSTRUCTOR_ENTRY|[83]|01p0H000007gCe8|<init>(Boolean,Time)
13:58:31.0 (24105324)|VARIABLE_SCOPE_BEGIN|[178]|this|docappcontroller.Wrapertimeslot|true|false
13:58:31.0 (24118421)|VARIABLE_ASSIGNMENT|[178]|this|{}|0x5f58e8eb
13:58:31.0 (24125459)|VARIABLE_SCOPE_BEGIN|[178]|selection|Boolean|false|false
13:58:31.0 (24133606)|VARIABLE_ASSIGNMENT|[178]|selection|false
13:58:31.0 (24137874)|VARIABLE_SCOPE_BEGIN|[178]|tm|Time|false|false
13:58:31.0 (24146427)|VARIABLE_ASSIGNMENT|[178]|tm|50400000
13:58:31.0 (24150735)|STATEMENT_EXECUTE|[174]
13:58:31.0 (24152301)|STATEMENT_EXECUTE|[175]
13:58:31.0 (24153824)|STATEMENT_EXECUTE|[176]
13:58:31.0 (24163032)|STATEMENT_EXECUTE|[178]
13:58:31.0 (24164669)|STATEMENT_EXECUTE|[179]
13:58:31.0 (24175162)|VARIABLE_ASSIGNMENT|[EXTERNAL]|this|{}|0x5f58e8eb
13:58:31.0 (24183951)|VARIABLE_ASSIGNMENT|[EXTERNAL]|value|false
13:58:31.0 (24189956)|HEAP_ALLOCATE|[175]|Bytes:5
13:58:31.0 (24196811)|VARIABLE_ASSIGNMENT|[175]|this.selected|false|0x5f58e8eb
13:58:31.0 (24204143)|STATEMENT_EXECUTE|[180]
13:58:31.0 (24215036)|VARIABLE_ASSIGNMENT|[EXTERNAL]|this|{"selected":false}|0x5f58e8eb
13:58:31.0 (24224084)|VARIABLE_ASSIGNMENT|[EXTERNAL]|value|50400000
13:58:31.0 (24231232)|VARIABLE_ASSIGNMENT|[176]|this.t|50400000|0x5f58e8eb
13:58:31.0 (24246437)|CONSTRUCTOR_EXIT|[83]|01p0H000007gCe8|<init>(Boolean,Time)
13:58:31.0 (24259543)|HEAP_ALLOCATE|[EXTERNAL]|Bytes:4
13:58:31.0 (24272530)|HEAP_ALLOCATE|[76]|Bytes:28
13:58:31.0 (24276317)|HEAP_ALLOCATE|[76]|Bytes:28
13:58:31.0 (24295874)|STATEMENT_EXECUTE|[76]
13:58:31.0 (24297712)|STATEMENT_EXECUTE|[77]
13:58:31.0 (24306807)|USER_DEBUG|[77]|DEBUG|14:00:00.000Z
13:58:31.0 (24319337)|STATEMENT_EXECUTE|[78]
13:58:31.0 (24329118)|HEAP_ALLOCATE|[78]|Bytes:4
13:58:31.0 (24342923)|VARIABLE_ASSIGNMENT|[78]|t|52200000
13:58:31.0 (24347592)|STATEMENT_EXECUTE|[79]
13:58:31.0 (24352814)|HEAP_ALLOCATE|[79]|Bytes:28
13:58:31.0 (24365600)|HEAP_ALLOCATE|[79]|Bytes:28
13:58:31.0 (24377108)|VARIABLE_ASSIGNMENT|[79]|i1|2.5
13:58:31.0 (24382461)|STATEMENT_EXECUTE|[80]
13:58:31.0 (24410389)|VARIABLE_ASSIGNMENT|[EXTERNAL]|this|{"aptdum":"0x1407d47d","Docdum":"0x5fe5b7fb","Docmap":"0x358dd279","Initialselected":0,"Selecteddoc":"a260H000001koYjQAI","SelectedtimeSlot":30,"timelist":"0x12e2bfd8","timewraplist":"0x354398b5","timewraplistInitial":"0x13309b41"}|0x7fe88bf6
13:58:31.0 (24426702)|HEAP_ALLOCATE|[EXTERNAL]|Bytes:4
13:58:31.0 (24439643)|STATEMENT_EXECUTE|[82]
13:58:31.0 (24441557)|STATEMENT_EXECUTE|[83]
13:58:31.0 (24463788)|VARIABLE_ASSIGNMENT|[EXTERNAL]|this|{"aptdum":"0x1407d47d","Docdum":"0x5fe5b7fb","Docmap":"0x358dd279","Initialselected":0,"Selecteddoc":"a260H000001koYjQAI","SelectedtimeSlot":30,"timelist":"0x12e2bfd8","timewraplist":"0x354398b5","timewraplistInitial":"0x13309b41"}|0x7fe88bf6
13:58:31.0 (24476317)|HEAP_ALLOCATE|[83]|Bytes:12
13:58:31.0 (24487317)|CONSTRUCTOR_ENTRY|[83]|01p0H000007gCe8|<init>(Boolean,Time)
13:58:31.0 (24493210)|VARIABLE_SCOPE_BEGIN|[178]|this|docappcontroller.Wrapertimeslot|true|false
13:58:31.0 (24505679)|VARIABLE_ASSIGNMENT|[178]|this|{}|0x2f14c430
13:58:31.0 (24512528)|VARIABLE_SCOPE_BEGIN|[178]|selection|Boolean|false|false
13:58:31.0 (24520365)|VARIABLE_ASSIGNMENT|[178]|selection|false
13:58:31.0 (24524221)|VARIABLE_SCOPE_BEGIN|[178]|tm|Time|false|false
13:58:31.0 (24532296)|VARIABLE_ASSIGNMENT|[178]|tm|52200000
13:58:31.0 (24537438)|STATEMENT_EXECUTE|[174]
13:58:31.0 (24538948)|STATEMENT_EXECUTE|[175]
13:58:31.0 (24540437)|STATEMENT_EXECUTE|[176]
13:58:31.0 (24548759)|STATEMENT_EXECUTE|[178]
13:58:31.0 (24550341)|STATEMENT_EXECUTE|[179]
13:58:31.0 (24560419)|VARIABLE_ASSIGNMENT|[EXTERNAL]|this|{}|0x2f14c430
13:58:31.0 (24569694)|VARIABLE_ASSIGNMENT|[EXTERNAL]|value|false
13:58:31.0 (24575271)|HEAP_ALLOCATE|[175]|Bytes:5
13:58:31.0 (24581046)|VARIABLE_ASSIGNMENT|[175]|this.selected|false|0x2f14c430
13:58:31.0 (24588715)|STATEMENT_EXECUTE|[180]
13:58:31.0 (24648181)|VARIABLE_ASSIGNMENT|[EXTERNAL]|this|{"selected":false}|0x2f14c430
13:58:31.0 (24664018)|VARIABLE_ASSIGNMENT|[EXTERNAL]|value|52200000
13:58:31.0 (24674785)|VARIABLE_ASSIGNMENT|[176]|this.t|52200000|0x2f14c430
13:58:31.0 (24695080)|CONSTRUCTOR_EXIT|[83]|01p0H000007gCe8|<init>(Boolean,Time)
13:58:31.0 (24707681)|HEAP_ALLOCATE|[EXTERNAL]|Bytes:4
13:58:31.0 (24736447)|HEAP_ALLOCATE|[76]|Bytes:28
13:58:31.0 (24743227)|HEAP_ALLOCATE|[76]|Bytes:28
13:58:31.0 (24773229)|STATEMENT_EXECUTE|[76]
13:58:31.0 (24775512)|STATEMENT_EXECUTE|[77]
13:58:31.0 (24786587)|USER_DEBUG|[77]|DEBUG|14:30:00.000Z
13:58:31.0 (24794830)|STATEMENT_EXECUTE|[78]
13:58:31.0 (24805485)|HEAP_ALLOCATE|[78]|Bytes:4
13:58:31.0 (24821272)|VARIABLE_ASSIGNMENT|[78]|t|54000000
13:58:31.0 (24826813)|STATEMENT_EXECUTE|[79]
13:58:31.0 (24832112)|HEAP_ALLOCATE|[79]|Bytes:28
13:58:31.0 (24845542)|HEAP_ALLOCATE|[79]|Bytes:28
13:58:31.0 (24858138)|VARIABLE_ASSIGNMENT|[79]|i1|3.0
13:58:31.0 (24863088)|STATEMENT_EXECUTE|[80]
13:58:31.0 (24894635)|VARIABLE_ASSIGNMENT|[EXTERNAL]|this|{"aptdum":"0x1407d47d","Docdum":"0x5fe5b7fb","Docmap":"0x358dd279","Initialselected":0,"Selecteddoc":"a260H000001koYjQAI","SelectedtimeSlot":30,"timelist":"0x12e2bfd8","timewraplist":"0x354398b5","timewraplistInitial":"0x13309b41"}|0x7fe88bf6
13:58:31.0 (24911661)|HEAP_ALLOCATE|[EXTERNAL]|Bytes:4
13:58:31.0 (24925019)|STATEMENT_EXECUTE|[84]
13:58:31.0 (24926993)|STATEMENT_EXECUTE|[85]
13:58:31.0 (24962561)|VARIABLE_ASSIGNMENT|[EXTERNAL]|this|{"aptdum":"0x1407d47d","Docdum":"0x5fe5b7fb","Docmap":"0x358dd279","Initialselected":0,"Selecteddoc":"a260H000001koYjQAI","SelectedtimeSlot":30,"timelist":"0x12e2bfd8","timewraplist":"0x354398b5","timewraplistInitial":"0x13309b41"}|0x7fe88bf6
13:58:31.0 (24977256)|HEAP_ALLOCATE|[85]|Bytes:12
13:58:31.0 (24990762)|CONSTRUCTOR_ENTRY|[85]|01p0H000007gCe8|<init>(Boolean,Time)
13:58:31.0 (24996954)|VARIABLE_SCOPE_BEGIN|[178]|this|docappcontroller.Wrapertimeslot|true|false
13:58:31.0 (25010648)|VARIABLE_ASSIGNMENT|[178]|this|{}|0x220eabb0
13:58:31.0 (25018010)|VARIABLE_SCOPE_BEGIN|[178]|selection|Boolean|false|false
13:58:31.0 (25026177)|VARIABLE_ASSIGNMENT|[178]|selection|true
13:58:31.0 (25030298)|VARIABLE_SCOPE_BEGIN|[178]|tm|Time|false|false
13:58:31.0 (25038630)|VARIABLE_ASSIGNMENT|[178]|tm|54000000
13:58:31.0 (25043494)|STATEMENT_EXECUTE|[174]
13:58:31.0 (25045123)|STATEMENT_EXECUTE|[175]
13:58:31.0 (25046985)|STATEMENT_EXECUTE|[176]
13:58:31.0 (25056557)|STATEMENT_EXECUTE|[178]
13:58:31.0 (25058133)|STATEMENT_EXECUTE|[179]
13:58:31.0 (25071831)|VARIABLE_ASSIGNMENT|[EXTERNAL]|this|{}|0x220eabb0
13:58:31.0 (25085502)|VARIABLE_ASSIGNMENT|[EXTERNAL]|value|true
13:58:31.0 (25094368)|HEAP_ALLOCATE|[175]|Bytes:5
13:58:31.0 (25105068)|VARIABLE_ASSIGNMENT|[175]|this.selected|true|0x220eabb0
13:58:31.0 (25114893)|STATEMENT_EXECUTE|[180]
13:58:31.0 (25127817)|VARIABLE_ASSIGNMENT|[EXTERNAL]|this|{"selected":true}|0x220eabb0
13:58:31.0 (25137231)|VARIABLE_ASSIGNMENT|[EXTERNAL]|value|54000000
13:58:31.0 (25143958)|VARIABLE_ASSIGNMENT|[176]|this.t|54000000|0x220eabb0
13:58:31.0 (25158505)|CONSTRUCTOR_EXIT|[85]|01p0H000007gCe8|<init>(Boolean,Time)
13:58:31.0 (25173043)|HEAP_ALLOCATE|[EXTERNAL]|Bytes:4
13:58:31.0 (25183356)|STATEMENT_EXECUTE|[86]
13:58:31.0 (25190992)|HEAP_ALLOCATE|[86]|Bytes:4
13:58:31.0 (25200996)|VARIABLE_ASSIGNMENT|[86]|this.Initialselected|1|0x7fe88bf6
13:58:31.0 (25213704)|HEAP_ALLOCATE|[76]|Bytes:28
13:58:31.0 (25217639)|HEAP_ALLOCATE|[76]|Bytes:28
13:58:31.0 (25239868)|STATEMENT_EXECUTE|[76]
13:58:31.0 (25242418)|STATEMENT_EXECUTE|[77]
13:58:31.0 (25253343)|USER_DEBUG|[77]|DEBUG|15:00:00.000Z
13:58:31.0 (25261434)|STATEMENT_EXECUTE|[78]
13:58:31.0 (25271602)|HEAP_ALLOCATE|[78]|Bytes:4
13:58:31.0 (25286089)|VARIABLE_ASSIGNMENT|[78]|t|55800000
13:58:31.0 (25290926)|STATEMENT_EXECUTE|[79]
13:58:31.0 (25296083)|HEAP_ALLOCATE|[79]|Bytes:28
13:58:31.0 (25309417)|HEAP_ALLOCATE|[79]|Bytes:28
13:58:31.0 (25325986)|VARIABLE_ASSIGNMENT|[79]|i1|3.5
13:58:31.0 (25330655)|STATEMENT_EXECUTE|[80]
13:58:31.0 (25361063)|VARIABLE_ASSIGNMENT|[EXTERNAL]|this|{"aptdum":"0x1407d47d","Docdum":"0x5fe5b7fb","Docmap":"0x358dd279","Initialselected":1,"Selecteddoc":"a260H000001koYjQAI","SelectedtimeSlot":30,"timelist":"0x12e2bfd8","timewraplist":"0x354398b5","timewraplistInitial":"0x13309b41"}|0x7fe88bf6
13:58:31.0 (25378624)|HEAP_ALLOCATE|[EXTERNAL]|Bytes:4
13:58:31.0 (25391993)|STATEMENT_EXECUTE|[84]
13:58:31.0 (25393812)|STATEMENT_EXECUTE|[85]
13:58:31.0 (25418036)|VARIABLE_ASSIGNMENT|[EXTERNAL]|this|{"aptdum":"0x1407d47d","Docdum":"0x5fe5b7fb","Docmap":"0x358dd279","Initialselected":1,"Selecteddoc":"a260H000001koYjQAI","SelectedtimeSlot":30,"timelist":"0x12e2bfd8","timewraplist":"0x354398b5","timewraplistInitial":"0x13309b41"}|0x7fe88bf6
13:58:31.0 (25431219)|HEAP_ALLOCATE|[85]|Bytes:12
13:58:31.0 (25443777)|CONSTRUCTOR_ENTRY|[85]|01p0H000007gCe8|<init>(Boolean,Time)
13:58:31.0 (25449710)|VARIABLE_SCOPE_BEGIN|[178]|this|docappcontroller.Wrapertimeslot|true|false
13:58:31.0 (25463129)|VARIABLE_ASSIGNMENT|[178]|this|{}|0x1ebfbb09
13:58:31.0 (25469916)|VARIABLE_SCOPE_BEGIN|[178]|selection|Boolean|false|false
13:58:31.0 (25478519)|VARIABLE_ASSIGNMENT|[178]|selection|true
13:58:31.0 (25482424)|VARIABLE_SCOPE_BEGIN|[178]|tm|Time|false|false
13:58:31.0 (25491670)|VARIABLE_ASSIGNMENT|[178]|tm|55800000
13:58:31.0 (25496179)|STATEMENT_EXECUTE|[174]
13:58:31.0 (25497727)|STATEMENT_EXECUTE|[175]
13:58:31.0 (25499220)|STATEMENT_EXECUTE|[176]
13:58:31.0 (25508565)|STATEMENT_EXECUTE|[178]
13:58:31.0 (25510346)|STATEMENT_EXECUTE|[179]
13:58:31.0 (25521000)|VARIABLE_ASSIGNMENT|[EXTERNAL]|this|{}|0x1ebfbb09
13:58:31.0 (25529924)|VARIABLE_ASSIGNMENT|[EXTERNAL]|value|true
13:58:31.0 (25535528)|HEAP_ALLOCATE|[175]|Bytes:5
13:58:31.0 (25541165)|VARIABLE_ASSIGNMENT|[175]|this.selected|true|0x1ebfbb09
13:58:31.0 (25548514)|STATEMENT_EXECUTE|[180]
13:58:31.0 (25559398)|VARIABLE_ASSIGNMENT|[EXTERNAL]|this|{"selected":true}|0x1ebfbb09
13:58:31.0 (25567802)|VARIABLE_ASSIGNMENT|[EXTERNAL]|value|55800000
13:58:31.0 (25574755)|VARIABLE_ASSIGNMENT|[176]|this.t|55800000|0x1ebfbb09
13:58:31.0 (25588207)|CONSTRUCTOR_EXIT|[85]|01p0H000007gCe8|<init>(Boolean,Time)
13:58:31.0 (25597856)|HEAP_ALLOCATE|[EXTERNAL]|Bytes:4
13:58:31.0 (25604943)|STATEMENT_EXECUTE|[86]
13:58:31.0 (25610323)|HEAP_ALLOCATE|[86]|Bytes:4
13:58:31.0 (25621569)|VARIABLE_ASSIGNMENT|[86]|this.Initialselected|2|0x7fe88bf6
13:58:31.0 (25638918)|HEAP_ALLOCATE|[76]|Bytes:28
13:58:31.0 (25644687)|HEAP_ALLOCATE|[76]|Bytes:28
13:58:31.0 (25676980)|STATEMENT_EXECUTE|[76]
13:58:31.0 (25679803)|STATEMENT_EXECUTE|[77]
13:58:31.0 (25692744)|USER_DEBUG|[77]|DEBUG|15:30:00.000Z
13:58:31.0 (25704672)|STATEMENT_EXECUTE|[78]
13:58:31.0 (25719720)|HEAP_ALLOCATE|[78]|Bytes:4
13:58:31.0 (25742981)|VARIABLE_ASSIGNMENT|[78]|t|57600000
13:58:31.0 (25751000)|STATEMENT_EXECUTE|[79]
13:58:31.0 (25758878)|HEAP_ALLOCATE|[79]|Bytes:28
13:58:31.0 (25780932)|HEAP_ALLOCATE|[79]|Bytes:28
13:58:31.0 (25802259)|VARIABLE_ASSIGNMENT|[79]|i1|4.0
13:58:31.0 (25810092)|STATEMENT_EXECUTE|[80]
13:58:31.0 (25857503)|VARIABLE_ASSIGNMENT|[EXTERNAL]|this|{"aptdum":"0x1407d47d","Docdum":"0x5fe5b7fb","Docmap":"0x358dd279","Initialselected":2,"Selecteddoc":"a260H000001koYjQAI","SelectedtimeSlot":30,"timelist":"0x12e2bfd8","timewraplist":"0x354398b5","timewraplistInitial":"0x13309b41"}|0x7fe88bf6
13:58:31.0 (25886394)|HEAP_ALLOCATE|[EXTERNAL]|Bytes:4
13:58:31.0 (25901579)|STATEMENT_EXECUTE|[84]
13:58:31.0 (25903479)|STATEMENT_EXECUTE|[85]
13:58:31.0 (25931272)|VARIABLE_ASSIGNMENT|[EXTERNAL]|this|{"aptdum":"0x1407d47d","Docdum":"0x5fe5b7fb","Docmap":"0x358dd279","Initialselected":2,"Selecteddoc":"a260H000001koYjQAI","SelectedtimeSlot":30,"timelist":"0x12e2bfd8","timewraplist":"0x354398b5","timewraplistInitial":"0x13309b41"}|0x7fe88bf6
13:58:31.0 (25945977)|HEAP_ALLOCATE|[85]|Bytes:12
13:58:31.0 (25960748)|CONSTRUCTOR_ENTRY|[85]|01p0H000007gCe8|<init>(Boolean,Time)
13:58:31.0 (25967695)|VARIABLE_SCOPE_BEGIN|[178]|this|docappcontroller.Wrapertimeslot|true|false
13:58:31.0 (25981954)|VARIABLE_ASSIGNMENT|[178]|this|{}|0x3f20b6bf
13:58:31.0 (25988730)|VARIABLE_SCOPE_BEGIN|[178]|selection|Boolean|false|false
13:58:31.0 (25997573)|VARIABLE_ASSIGNMENT|[178]|selection|true
13:58:31.0 (26001534)|VARIABLE_SCOPE_BEGIN|[178]|tm|Time|false|false
13:58:31.0 (26011529)|VARIABLE_ASSIGNMENT|[178]|tm|57600000
13:58:31.0 (26016131)|STATEMENT_EXECUTE|[174]
13:58:31.0 (26017794)|STATEMENT_EXECUTE|[175]
13:58:31.0 (26019225)|STATEMENT_EXECUTE|[176]
13:58:31.0 (26033997)|STATEMENT_EXECUTE|[178]
13:58:31.0 (26035761)|STATEMENT_EXECUTE|[179]
13:58:31.0 (26047517)|VARIABLE_ASSIGNMENT|[EXTERNAL]|this|{}|0x3f20b6bf
13:58:31.0 (26057284)|VARIABLE_ASSIGNMENT|[EXTERNAL]|value|true
13:58:31.0 (26065468)|HEAP_ALLOCATE|[175]|Bytes:5
13:58:31.0 (26075823)|VARIABLE_ASSIGNMENT|[175]|this.selected|true|0x3f20b6bf
13:58:31.0 (26090737)|STATEMENT_EXECUTE|[180]
13:58:31.0 (26110551)|VARIABLE_ASSIGNMENT|[EXTERNAL]|this|{"selected":true}|0x3f20b6bf
13:58:31.0 (26125783)|VARIABLE_ASSIGNMENT|[EXTERNAL]|value|57600000
13:58:31.0 (26138219)|VARIABLE_ASSIGNMENT|[176]|this.t|57600000|0x3f20b6bf
13:58:31.0 (26162025)|CONSTRUCTOR_EXIT|[85]|01p0H000007gCe8|<init>(Boolean,Time)
13:58:31.0 (26176803)|HEAP_ALLOCATE|[EXTERNAL]|Bytes:4
13:58:31.0 (26186139)|STATEMENT_EXECUTE|[86]
13:58:31.0 (26192060)|HEAP_ALLOCATE|[86]|Bytes:4
13:58:31.0 (26203790)|VARIABLE_ASSIGNMENT|[86]|this.Initialselected|3|0x7fe88bf6
13:58:31.0 (26222260)|HEAP_ALLOCATE|[76]|Bytes:28
13:58:31.0 (26228479)|HEAP_ALLOCATE|[76]|Bytes:28
13:58:31.0 (26264124)|STATEMENT_EXECUTE|[76]
13:58:31.0 (26267031)|STATEMENT_EXECUTE|[77]
13:58:31.0 (26281245)|USER_DEBUG|[77]|DEBUG|16:00:00.000Z
13:58:31.0 (26294978)|STATEMENT_EXECUTE|[78]
13:58:31.0 (26310476)|HEAP_ALLOCATE|[78]|Bytes:4
13:58:31.0 (26341557)|VARIABLE_ASSIGNMENT|[78]|t|59400000
13:58:31.0 (26350097)|STATEMENT_EXECUTE|[79]
13:58:31.0 (26359128)|HEAP_ALLOCATE|[79]|Bytes:28
13:58:31.0 (26383674)|HEAP_ALLOCATE|[79]|Bytes:28
13:58:31.0 (26405093)|VARIABLE_ASSIGNMENT|[79]|i1|4.5
13:58:31.0 (26412985)|STATEMENT_EXECUTE|[80]
13:58:31.0 (26459196)|VARIABLE_ASSIGNMENT|[EXTERNAL]|this|{"aptdum":"0x1407d47d","Docdum":"0x5fe5b7fb","Docmap":"0x358dd279","Initialselected":3,"Selecteddoc":"a260H000001koYjQAI","SelectedtimeSlot":30,"timelist":"0x12e2bfd8","timewraplist":"0x354398b5","timewraplistInitial":"0x13309b41"}|0x7fe88bf6
13:58:31.0 (26484623)|HEAP_ALLOCATE|[EXTERNAL]|Bytes:4
13:58:31.0 (26505984)|STATEMENT_EXECUTE|[84]
13:58:31.0 (26508818)|STATEMENT_EXECUTE|[85]
13:58:31.0 (26550899)|VARIABLE_ASSIGNMENT|[EXTERNAL]|this|{"aptdum":"0x1407d47d","Docdum":"0x5fe5b7fb","Docmap":"0x358dd279","Initialselected":3,"Selecteddoc":"a260H000001koYjQAI","SelectedtimeSlot":30,"timelist":"0x12e2bfd8","timewraplist":"0x354398b5","timewraplistInitial":"0x13309b41"}|0x7fe88bf6
13:58:31.0 (26573068)|HEAP_ALLOCATE|[85]|Bytes:12
13:58:31.0 (26594585)|CONSTRUCTOR_ENTRY|[85]|01p0H000007gCe8|<init>(Boolean,Time)
13:58:31.0 (26605399)|VARIABLE_SCOPE_BEGIN|[178]|this|docappcontroller.Wrapertimeslot|true|false
13:58:31.0 (26629148)|VARIABLE_ASSIGNMENT|[178]|this|{}|0x3cf59f89
13:58:31.0 (26640610)|VARIABLE_SCOPE_BEGIN|[178]|selection|Boolean|false|false
13:58:31.0 (26652117)|VARIABLE_ASSIGNMENT|[178]|selection|true
13:58:31.0 (26658322)|VARIABLE_SCOPE_BEGIN|[178]|tm|Time|false|false
13:58:31.0 (26671804)|VARIABLE_ASSIGNMENT|[178]|tm|59400000
13:58:31.0 (26679733)|STATEMENT_EXECUTE|[174]
13:58:31.0 (26682290)|STATEMENT_EXECUTE|[175]
13:58:31.0 (26684718)|STATEMENT_EXECUTE|[176]
13:58:31.0 (26699561)|STATEMENT_EXECUTE|[178]
13:58:31.0 (26702126)|STATEMENT_EXECUTE|[179]
13:58:31.0 (26719715)|VARIABLE_ASSIGNMENT|[EXTERNAL]|this|{}|0x3cf59f89
13:58:31.0 (26734332)|VARIABLE_ASSIGNMENT|[EXTERNAL]|value|true
13:58:31.0 (26744058)|HEAP_ALLOCATE|[175]|Bytes:5
13:58:31.0 (26754173)|VARIABLE_ASSIGNMENT|[175]|this.selected|true|0x3cf59f89
13:58:31.0 (26767445)|STATEMENT_EXECUTE|[180]
13:58:31.0 (26785967)|VARIABLE_ASSIGNMENT|[EXTERNAL]|this|{"selected":true}|0x3cf59f89
13:58:31.0 (26801950)|VARIABLE_ASSIGNMENT|[EXTERNAL]|value|59400000
13:58:31.0 (26815348)|VARIABLE_ASSIGNMENT|[176]|this.t|59400000|0x3cf59f89
13:58:31.0 (26834351)|CONSTRUCTOR_EXIT|[85]|01p0H000007gCe8|<init>(Boolean,Time)
13:58:31.0 (26846052)|HEAP_ALLOCATE|[EXTERNAL]|Bytes:4
13:58:31.0 (26853246)|STATEMENT_EXECUTE|[86]
13:58:31.0 (26857916)|HEAP_ALLOCATE|[86]|Bytes:4
13:58:31.0 (26866030)|VARIABLE_ASSIGNMENT|[86]|this.Initialselected|4|0x7fe88bf6
13:58:31.0 (26878770)|HEAP_ALLOCATE|[76]|Bytes:28
13:58:31.0 (26882647)|HEAP_ALLOCATE|[76]|Bytes:28
13:58:31.0 (26907636)|STATEMENT_EXECUTE|[76]
13:58:31.0 (26909616)|STATEMENT_EXECUTE|[77]
13:58:31.0 (26920666)|USER_DEBUG|[77]|DEBUG|16:30:00.000Z
13:58:31.0 (26929064)|STATEMENT_EXECUTE|[78]
13:58:31.0 (26939792)|HEAP_ALLOCATE|[78]|Bytes:4
13:58:31.0 (26954683)|VARIABLE_ASSIGNMENT|[78]|t|61200000
13:58:31.0 (26959763)|STATEMENT_EXECUTE|[79]
13:58:31.0 (26965499)|HEAP_ALLOCATE|[79]|Bytes:28
13:58:31.0 (26979230)|HEAP_ALLOCATE|[79]|Bytes:28
13:58:31.0 (26991535)|VARIABLE_ASSIGNMENT|[79]|i1|5.0
13:58:31.0 (26996351)|STATEMENT_EXECUTE|[80]
13:58:31.0 (27028354)|VARIABLE_ASSIGNMENT|[EXTERNAL]|this|{"aptdum":"0x1407d47d","Docdum":"0x5fe5b7fb","Docmap":"0x358dd279","Initialselected":4,"Selecteddoc":"a260H000001koYjQAI","SelectedtimeSlot":30,"timelist":"0x12e2bfd8","timewraplist":"0x354398b5","timewraplistInitial":"0x13309b41"}|0x7fe88bf6
13:58:31.0 (27046722)|HEAP_ALLOCATE|[EXTERNAL]|Bytes:4
13:58:31.0 (27061055)|STATEMENT_EXECUTE|[82]
13:58:31.0 (27062768)|STATEMENT_EXECUTE|[83]
13:58:31.0 (27087782)|VARIABLE_ASSIGNMENT|[EXTERNAL]|this|{"aptdum":"0x1407d47d","Docdum":"0x5fe5b7fb","Docmap":"0x358dd279","Initialselected":4,"Selecteddoc":"a260H000001koYjQAI","SelectedtimeSlot":30,"timelist":"0x12e2bfd8","timewraplist":"0x354398b5","timewraplistInitial":"0x13309b41"}|0x7fe88bf6
13:58:31.0 (27101382)|HEAP_ALLOCATE|[83]|Bytes:12
13:58:31.0 (27114242)|CONSTRUCTOR_ENTRY|[83]|01p0H000007gCe8|<init>(Boolean,Time)
13:58:31.0 (27120175)|VARIABLE_SCOPE_BEGIN|[178]|this|docappcontroller.Wrapertimeslot|true|false
13:58:31.0 (27133618)|VARIABLE_ASSIGNMENT|[178]|this|{}|0x63c031e3
13:58:31.0 (27141036)|VARIABLE_SCOPE_BEGIN|[178]|selection|Boolean|false|false
13:58:31.0 (27149281)|VARIABLE_ASSIGNMENT|[178]|selection|false
13:58:31.0 (27153767)|VARIABLE_SCOPE_BEGIN|[178]|tm|Time|false|false
13:58:31.0 (27162273)|VARIABLE_ASSIGNMENT|[178]|tm|61200000
13:58:31.0 (27167056)|STATEMENT_EXECUTE|[174]
13:58:31.0 (27168644)|STATEMENT_EXECUTE|[175]
13:58:31.0 (27170128)|STATEMENT_EXECUTE|[176]
13:58:31.0 (27179465)|STATEMENT_EXECUTE|[178]
13:58:31.0 (27181045)|STATEMENT_EXECUTE|[179]
13:58:31.0 (27191942)|VARIABLE_ASSIGNMENT|[EXTERNAL]|this|{}|0x63c031e3
13:58:31.0 (27200831)|VARIABLE_ASSIGNMENT|[EXTERNAL]|value|false
13:58:31.0 (27206350)|HEAP_ALLOCATE|[175]|Bytes:5
13:58:31.0 (27212693)|VARIABLE_ASSIGNMENT|[175]|this.selected|false|0x63c031e3
13:58:31.0 (27220345)|STATEMENT_EXECUTE|[180]
13:58:31.0 (27231478)|VARIABLE_ASSIGNMENT|[EXTERNAL]|this|{"selected":false}|0x63c031e3
13:58:31.0 (27241528)|VARIABLE_ASSIGNMENT|[EXTERNAL]|value|61200000
13:58:31.0 (27251905)|VARIABLE_ASSIGNMENT|[176]|this.t|61200000|0x63c031e3
13:58:31.0 (27267134)|CONSTRUCTOR_EXIT|[83]|01p0H000007gCe8|<init>(Boolean,Time)
13:58:31.0 (27277621)|HEAP_ALLOCATE|[EXTERNAL]|Bytes:4
13:58:31.0 (27294317)|HEAP_ALLOCATE|[76]|Bytes:28
13:58:31.0 (27301246)|HEAP_ALLOCATE|[76]|Bytes:28
13:58:31.0 (27336305)|STATEMENT_EXECUTE|[76]
13:58:31.0 (27339305)|STATEMENT_EXECUTE|[77]
13:58:31.0 (27352513)|USER_DEBUG|[77]|DEBUG|17:00:00.000Z
13:58:31.0 (27363705)|STATEMENT_EXECUTE|[78]
13:58:31.0 (27378017)|HEAP_ALLOCATE|[78]|Bytes:4
13:58:31.0 (27399684)|VARIABLE_ASSIGNMENT|[78]|t|63000000
13:58:31.0 (27407045)|STATEMENT_EXECUTE|[79]
13:58:31.0 (27415655)|HEAP_ALLOCATE|[79]|Bytes:28
13:58:31.0 (27436872)|HEAP_ALLOCATE|[79]|Bytes:28
13:58:31.0 (27456552)|VARIABLE_ASSIGNMENT|[79]|i1|5.5
13:58:31.0 (27463676)|STATEMENT_EXECUTE|[80]
13:58:31.0 (27507322)|VARIABLE_ASSIGNMENT|[EXTERNAL]|this|{"aptdum":"0x1407d47d","Docdum":"0x5fe5b7fb","Docmap":"0x358dd279","Initialselected":4,"Selecteddoc":"a260H000001koYjQAI","SelectedtimeSlot":30,"timelist":"0x12e2bfd8","timewraplist":"0x354398b5","timewraplistInitial":"0x13309b41"}|0x7fe88bf6
13:58:31.0 (27532675)|HEAP_ALLOCATE|[EXTERNAL]|Bytes:4
13:58:31.0 (27550303)|STATEMENT_EXECUTE|[82]
13:58:31.0 (27552945)|STATEMENT_EXECUTE|[83]
13:58:31.0 (27591717)|VARIABLE_ASSIGNMENT|[EXTERNAL]|this|{"aptdum":"0x1407d47d","Docdum":"0x5fe5b7fb","Docmap":"0x358dd279","Initialselected":4,"Selecteddoc":"a260H000001koYjQAI","SelectedtimeSlot":30,"timelist":"0x12e2bfd8","timewraplist":"0x354398b5","timewraplistInitial":"0x13309b41"}|0x7fe88bf6
13:58:31.0 (27611783)|HEAP_ALLOCATE|[83]|Bytes:12
13:58:31.0 (27629722)|CONSTRUCTOR_ENTRY|[83]|01p0H000007gCe8|<init>(Boolean,Time)
13:58:31.0 (27638549)|VARIABLE_SCOPE_BEGIN|[178]|this|docappcontroller.Wrapertimeslot|true|false
13:58:31.0 (27658787)|VARIABLE_ASSIGNMENT|[178]|this|{}|0x2b57238c
13:58:31.0 (27668427)|VARIABLE_SCOPE_BEGIN|[178]|selection|Boolean|false|false
13:58:31.0 (27680031)|VARIABLE_ASSIGNMENT|[178]|selection|false
13:58:31.0 (27686367)|VARIABLE_SCOPE_BEGIN|[178]|tm|Time|false|false
13:58:31.0 (27698281)|VARIABLE_ASSIGNMENT|[178]|tm|63000000
13:58:31.0 (27705408)|STATEMENT_EXECUTE|[174]
13:58:31.0 (27707488)|STATEMENT_EXECUTE|[175]
13:58:31.0 (27709386)|STATEMENT_EXECUTE|[176]
13:58:31.0 (27723841)|STATEMENT_EXECUTE|[178]
13:58:31.0 (27726278)|STATEMENT_EXECUTE|[179]
13:58:31.0 (27765852)|VARIABLE_ASSIGNMENT|[EXTERNAL]|this|{}|0x2b57238c
13:58:31.0 (27780972)|VARIABLE_ASSIGNMENT|[EXTERNAL]|value|false
13:58:31.0 (27789456)|HEAP_ALLOCATE|[175]|Bytes:5
13:58:31.0 (27798647)|VARIABLE_ASSIGNMENT|[175]|this.selected|false|0x2b57238c
13:58:31.0 (27811275)|STATEMENT_EXECUTE|[180]
13:58:31.0 (27829107)|VARIABLE_ASSIGNMENT|[EXTERNAL]|this|{"selected":false}|0x2b57238c
13:58:31.0 (27842753)|VARIABLE_ASSIGNMENT|[EXTERNAL]|value|63000000
13:58:31.0 (27853520)|VARIABLE_ASSIGNMENT|[176]|this.t|63000000|0x2b57238c
13:58:31.0 (27875184)|CONSTRUCTOR_EXIT|[83]|01p0H000007gCe8|<init>(Boolean,Time)
13:58:31.0 (27889691)|HEAP_ALLOCATE|[EXTERNAL]|Bytes:4
13:58:31.0 (27906862)|HEAP_ALLOCATE|[76]|Bytes:28
13:58:31.0 (27912123)|HEAP_ALLOCATE|[76]|Bytes:28
13:58:31.0 (27939539)|STATEMENT_EXECUTE|[76]
13:58:31.0 (27942037)|STATEMENT_EXECUTE|[77]
13:58:31.0 (27958165)|USER_DEBUG|[77]|DEBUG|17:30:00.000Z
13:58:31.0 (27969778)|STATEMENT_EXECUTE|[78]
13:58:31.0 (27982951)|HEAP_ALLOCATE|[78]|Bytes:4
13:58:31.0 (28003021)|VARIABLE_ASSIGNMENT|[78]|t|64800000
13:58:31.0 (28010258)|STATEMENT_EXECUTE|[79]
13:58:31.0 (28017344)|HEAP_ALLOCATE|[79]|Bytes:28
13:58:31.0 (28094616)|HEAP_ALLOCATE|[79]|Bytes:28
13:58:31.0 (28113704)|VARIABLE_ASSIGNMENT|[79]|i1|6.0
13:58:31.0 (28119986)|STATEMENT_EXECUTE|[80]
13:58:31.0 (28160963)|VARIABLE_ASSIGNMENT|[EXTERNAL]|this|{"aptdum":"0x1407d47d","Docdum":"0x5fe5b7fb","Docmap":"0x358dd279","Initialselected":4,"Selecteddoc":"a260H000001koYjQAI","SelectedtimeSlot":30,"timelist":"0x12e2bfd8","timewraplist":"0x354398b5","timewraplistInitial":"0x13309b41"}|0x7fe88bf6
13:58:31.0 (28183775)|HEAP_ALLOCATE|[EXTERNAL]|Bytes:4
13:58:31.0 (28201384)|STATEMENT_EXECUTE|[82]
13:58:31.0 (28203516)|STATEMENT_EXECUTE|[83]
13:58:31.0 (28237982)|VARIABLE_ASSIGNMENT|[EXTERNAL]|this|{"aptdum":"0x1407d47d","Docdum":"0x5fe5b7fb","Docmap":"0x358dd279","Initialselected":4,"Selecteddoc":"a260H000001koYjQAI","SelectedtimeSlot":30,"timelist":"0x12e2bfd8","timewraplist":"0x354398b5","timewraplistInitial":"0x13309b41"}|0x7fe88bf6
13:58:31.0 (28256897)|HEAP_ALLOCATE|[83]|Bytes:12
13:58:31.0 (28275442)|CONSTRUCTOR_ENTRY|[83]|01p0H000007gCe8|<init>(Boolean,Time)
13:58:31.0 (28283190)|VARIABLE_SCOPE_BEGIN|[178]|this|docappcontroller.Wrapertimeslot|true|false
13:58:31.0 (28300715)|VARIABLE_ASSIGNMENT|[178]|this|{}|0x1075d905
13:58:31.0 (28309988)|VARIABLE_SCOPE_BEGIN|[178]|selection|Boolean|false|false
13:58:31.0 (28328367)|VARIABLE_ASSIGNMENT|[178]|selection|false
13:58:31.0 (28334330)|VARIABLE_SCOPE_BEGIN|[178]|tm|Time|false|false
13:58:31.0 (28345622)|VARIABLE_ASSIGNMENT|[178]|tm|64800000
13:58:31.0 (28351353)|STATEMENT_EXECUTE|[174]
13:58:31.0 (28353504)|STATEMENT_EXECUTE|[175]
13:58:31.0 (28355234)|STATEMENT_EXECUTE|[176]
13:58:31.0 (28367681)|STATEMENT_EXECUTE|[178]
13:58:31.0 (28369679)|STATEMENT_EXECUTE|[179]
13:58:31.0 (28385168)|VARIABLE_ASSIGNMENT|[EXTERNAL]|this|{}|0x1075d905
13:58:31.0 (28399151)|VARIABLE_ASSIGNMENT|[EXTERNAL]|value|false
13:58:31.0 (28408090)|HEAP_ALLOCATE|[175]|Bytes:5
13:58:31.0 (28418412)|VARIABLE_ASSIGNMENT|[175]|this.selected|false|0x1075d905
13:58:31.0 (28431324)|STATEMENT_EXECUTE|[180]
13:58:31.0 (28449918)|VARIABLE_ASSIGNMENT|[EXTERNAL]|this|{"selected":false}|0x1075d905
13:58:31.0 (28474416)|VARIABLE_ASSIGNMENT|[EXTERNAL]|value|64800000
13:58:31.0 (28485472)|VARIABLE_ASSIGNMENT|[176]|this.t|64800000|0x1075d905
13:58:31.0 (28502689)|CONSTRUCTOR_EXIT|[83]|01p0H000007gCe8|<init>(Boolean,Time)
13:58:31.0 (28513843)|HEAP_ALLOCATE|[EXTERNAL]|Bytes:4
13:58:31.0 (28527601)|HEAP_ALLOCATE|[76]|Bytes:28
13:58:31.0 (28531671)|HEAP_ALLOCATE|[76]|Bytes:28
13:58:31.0 (28552399)|STATEMENT_EXECUTE|[76]
13:58:31.0 (28554293)|STATEMENT_EXECUTE|[77]
13:58:31.0 (28564684)|USER_DEBUG|[77]|DEBUG|18:00:00.000Z
13:58:31.0 (28572413)|STATEMENT_EXECUTE|[78]
13:58:31.0 (28582999)|HEAP_ALLOCATE|[78]|Bytes:4
13:58:31.0 (28597659)|VARIABLE_ASSIGNMENT|[78]|t|66600000
13:58:31.0 (28602741)|STATEMENT_EXECUTE|[79]
13:58:31.0 (28608044)|HEAP_ALLOCATE|[79]|Bytes:28
13:58:31.0 (28621222)|HEAP_ALLOCATE|[79]|Bytes:28
13:58:31.0 (28633082)|VARIABLE_ASSIGNMENT|[79]|i1|6.5
13:58:31.0 (28638239)|STATEMENT_EXECUTE|[80]
13:58:31.0 (28668772)|VARIABLE_ASSIGNMENT|[EXTERNAL]|this|{"aptdum":"0x1407d47d","Docdum":"0x5fe5b7fb","Docmap":"0x358dd279","Initialselected":4,"Selecteddoc":"a260H000001koYjQAI","SelectedtimeSlot":30,"timelist":"0x12e2bfd8","timewraplist":"0x354398b5","timewraplistInitial":"0x13309b41"}|0x7fe88bf6
13:58:31.0 (28685755)|HEAP_ALLOCATE|[EXTERNAL]|Bytes:4
13:58:31.0 (28698864)|STATEMENT_EXECUTE|[82]
13:58:31.0 (28700536)|STATEMENT_EXECUTE|[83]
13:58:31.0 (28724385)|VARIABLE_ASSIGNMENT|[EXTERNAL]|this|{"aptdum":"0x1407d47d","Docdum":"0x5fe5b7fb","Docmap":"0x358dd279","Initialselected":4,"Selecteddoc":"a260H000001koYjQAI","SelectedtimeSlot":30,"timelist":"0x12e2bfd8","timewraplist":"0x354398b5","timewraplistInitial":"0x13309b41"}|0x7fe88bf6
13:58:31.0 (28737626)|HEAP_ALLOCATE|[83]|Bytes:12
13:58:31.0 (28749355)|CONSTRUCTOR_ENTRY|[83]|01p0H000007gCe8|<init>(Boolean,Time)
13:58:31.0 (28755061)|VARIABLE_SCOPE_BEGIN|[178]|this|docappcontroller.Wrapertimeslot|true|false
13:58:31.0 (28768772)|VARIABLE_ASSIGNMENT|[178]|this|{}|0x621e9f04
13:58:31.0 (28774918)|VARIABLE_SCOPE_BEGIN|[178]|selection|Boolean|false|false
13:58:31.0 (28783035)|VARIABLE_ASSIGNMENT|[178]|selection|false
13:58:31.0 (28787021)|VARIABLE_SCOPE_BEGIN|[178]|tm|Time|false|false
13:58:31.0 (28796698)|VARIABLE_ASSIGNMENT|[178]|tm|66600000
13:58:31.0 (28801273)|STATEMENT_EXECUTE|[174]
13:58:31.0 (28802839)|STATEMENT_EXECUTE|[175]
13:58:31.0 (28804314)|STATEMENT_EXECUTE|[176]
13:58:31.0 (28813927)|STATEMENT_EXECUTE|[178]
13:58:31.0 (28815472)|STATEMENT_EXECUTE|[179]
13:58:31.0 (28826411)|VARIABLE_ASSIGNMENT|[EXTERNAL]|this|{}|0x621e9f04
13:58:31.0 (28835774)|VARIABLE_ASSIGNMENT|[EXTERNAL]|value|false
13:58:31.0 (28841684)|HEAP_ALLOCATE|[175]|Bytes:5
13:58:31.0 (28847444)|VARIABLE_ASSIGNMENT|[175]|this.selected|false|0x621e9f04
13:58:31.0 (28856782)|STATEMENT_EXECUTE|[180]
13:58:31.0 (28871494)|VARIABLE_ASSIGNMENT|[EXTERNAL]|this|{"selected":false}|0x621e9f04
13:58:31.0 (28881647)|VARIABLE_ASSIGNMENT|[EXTERNAL]|value|66600000
13:58:31.0 (28889195)|VARIABLE_ASSIGNMENT|[176]|this.t|66600000|0x621e9f04
13:58:31.0 (28911800)|CONSTRUCTOR_EXIT|[83]|01p0H000007gCe8|<init>(Boolean,Time)
13:58:31.0 (28925602)|HEAP_ALLOCATE|[EXTERNAL]|Bytes:4
13:58:31.0 (28939187)|HEAP_ALLOCATE|[76]|Bytes:28
13:58:31.0 (28943277)|HEAP_ALLOCATE|[76]|Bytes:28
13:58:31.0 (28963593)|STATEMENT_EXECUTE|[76]
13:58:31.0 (28969166)|STATEMENT_EXECUTE|[77]
13:58:31.0 (28984752)|USER_DEBUG|[77]|DEBUG|18:30:00.000Z
13:58:31.0 (28998098)|STATEMENT_EXECUTE|[78]
13:58:31.0 (29013063)|HEAP_ALLOCATE|[78]|Bytes:4
13:58:31.0 (29037581)|VARIABLE_ASSIGNMENT|[78]|t|68400000
13:58:31.0 (29043369)|STATEMENT_EXECUTE|[79]
13:58:31.0 (29049976)|HEAP_ALLOCATE|[79]|Bytes:28
13:58:31.0 (29064616)|HEAP_ALLOCATE|[79]|Bytes:28
13:58:31.0 (29100909)|VARIABLE_ASSIGNMENT|[79]|i1|7.0
13:58:31.0 (29109823)|STATEMENT_EXECUTE|[80]
13:58:31.0 (29151612)|VARIABLE_ASSIGNMENT|[EXTERNAL]|this|{"aptdum":"0x1407d47d","Docdum":"0x5fe5b7fb","Docmap":"0x358dd279","Initialselected":4,"Selecteddoc":"a260H000001koYjQAI","SelectedtimeSlot":30,"timelist":"0x12e2bfd8","timewraplist":"0x354398b5","timewraplistInitial":"0x13309b41"}|0x7fe88bf6
13:58:31.0 (29171448)|HEAP_ALLOCATE|[EXTERNAL]|Bytes:4
13:58:31.0 (29185599)|STATEMENT_EXECUTE|[82]
13:58:31.0 (29187277)|STATEMENT_EXECUTE|[83]
13:58:31.0 (29212238)|VARIABLE_ASSIGNMENT|[EXTERNAL]|this|{"aptdum":"0x1407d47d","Docdum":"0x5fe5b7fb","Docmap":"0x358dd279","Initialselected":4,"Selecteddoc":"a260H000001koYjQAI","SelectedtimeSlot":30,"timelist":"0x12e2bfd8","timewraplist":"0x354398b5","timewraplistInitial":"0x13309b41"}|0x7fe88bf6
13:58:31.0 (29226230)|HEAP_ALLOCATE|[83]|Bytes:12
13:58:31.0 (29239693)|CONSTRUCTOR_ENTRY|[83]|01p0H000007gCe8|<init>(Boolean,Time)
13:58:31.0 (29248130)|VARIABLE_SCOPE_BEGIN|[178]|this|docappcontroller.Wrapertimeslot|true|false
13:58:31.0 (29262138)|VARIABLE_ASSIGNMENT|[178]|this|{}|0x41ba7a73
13:58:31.0 (29269529)|VARIABLE_SCOPE_BEGIN|[178]|selection|Boolean|false|false
13:58:31.0 (29278090)|VARIABLE_ASSIGNMENT|[178]|selection|false
13:58:31.0 (29282199)|VARIABLE_SCOPE_BEGIN|[178]|tm|Time|false|false
13:58:31.0 (29291209)|VARIABLE_ASSIGNMENT|[178]|tm|68400000
13:58:31.0 (29296301)|STATEMENT_EXECUTE|[174]
13:58:31.0 (29297941)|STATEMENT_EXECUTE|[175]
13:58:31.0 (29299464)|STATEMENT_EXECUTE|[176]
13:58:31.0 (29309523)|STATEMENT_EXECUTE|[178]
13:58:31.0 (29311083)|STATEMENT_EXECUTE|[179]
13:58:31.0 (29327119)|VARIABLE_ASSIGNMENT|[EXTERNAL]|this|{}|0x41ba7a73
13:58:31.0 (29337599)|VARIABLE_ASSIGNMENT|[EXTERNAL]|value|false
13:58:31.0 (29343512)|HEAP_ALLOCATE|[175]|Bytes:5
13:58:31.0 (29350444)|VARIABLE_ASSIGNMENT|[175]|this.selected|false|0x41ba7a73
13:58:31.0 (29358561)|STATEMENT_EXECUTE|[180]
13:58:31.0 (29369705)|VARIABLE_ASSIGNMENT|[EXTERNAL]|this|{"selected":false}|0x41ba7a73
13:58:31.0 (29378837)|VARIABLE_ASSIGNMENT|[EXTERNAL]|value|68400000
13:58:31.0 (29386308)|VARIABLE_ASSIGNMENT|[176]|this.t|68400000|0x41ba7a73
13:58:31.0 (29399843)|CONSTRUCTOR_EXIT|[83]|01p0H000007gCe8|<init>(Boolean,Time)
13:58:31.0 (29409836)|HEAP_ALLOCATE|[EXTERNAL]|Bytes:4
13:58:31.0 (29422255)|HEAP_ALLOCATE|[76]|Bytes:28
13:58:31.0 (29426508)|HEAP_ALLOCATE|[76]|Bytes:28
13:58:31.0 (29457322)|HEAP_ALLOCATE|[92]|Bytes:28
13:58:31.0 (29463522)|HEAP_ALLOCATE|[92]|Bytes:28
13:58:31.0 (29473601)|HEAP_ALLOCATE|[92]|Bytes:28
13:58:31.0 (29505923)|HEAP_ALLOCATE|[92]|Bytes:28
13:58:31.0 (29529928)|STATEMENT_EXECUTE|[92]
13:58:31.0 (29532382)|STATEMENT_EXECUTE|[98]
13:58:31.0 (29576839)|VARIABLE_ASSIGNMENT|[EXTERNAL]|this|{"aptdum":"0x1407d47d","Docdum":"0x5fe5b7fb","Docmap":"0x358dd279","Initialselected":4,"Selecteddoc":"a260H000001koYjQAI","SelectedtimeSlot":30,"timelist":"0x12e2bfd8","timewraplist":"0x354398b5","timewraplistInitial":"0x13309b41"}|0x7fe88bf6
13:58:31.0 (29600586)|VARIABLE_ASSIGNMENT|[98]|this.timewraplistInitial|"List of size 15 too large to display"|0x7fe88bf6
13:58:31.0 (29607142)|STATEMENT_EXECUTE|[100]
13:58:31.33 (33667801)|SYSTEM_MODE_ENTER|true
13:58:31.33 (33734188)|HEAP_ALLOCATE|[EXTERNAL]|Bytes:8
13:58:31.33 (33743237)|VARIABLE_SCOPE_BEGIN|[88]|this|ApexPage.PageMessagesComponentController|true|false
13:58:31.33 (33771548)|VARIABLE_ASSIGNMENT|[88]|this|{}|0x3c525875
13:58:31.33 (33778979)|VARIABLE_SCOPE_BEGIN|[88]|escape|Boolean|false|false
13:58:31.33 (33787792)|VARIABLE_ASSIGNMENT|[88]|escape|null
13:58:31.33 (33876632)|SYSTEM_MODE_ENTER|true
13:58:31.33 (33908879)|HEAP_ALLOCATE|[EXTERNAL]|Bytes:8
13:58:31.33 (33915562)|VARIABLE_SCOPE_BEGIN|[2]|this|ApexPage.PageMessagesComponentController|true|false
13:58:31.33 (33934634)|VARIABLE_ASSIGNMENT|[2]|this|{}|0x3c525875
13:58:31.0 (34321562)|SYSTEM_MODE_ENTER|true
13:58:31.0 (34734024)|SYSTEM_MODE_ENTER|true
13:58:31.0 (35036982)|SYSTEM_MODE_ENTER|true
13:58:31.0 (35112291)|SYSTEM_MODE_ENTER|true
13:58:31.50 (50867230)|SYSTEM_MODE_ENTER|true
13:58:31.50 (50934315)|HEAP_ALLOCATE|[EXTERNAL]|Bytes:8
13:58:31.50 (50946160)|VARIABLE_SCOPE_BEGIN|[88]|this|ApexPage.PageMessagesComponentController|true|false
13:58:31.50 (50998129)|VARIABLE_ASSIGNMENT|[88]|this|{}|0x3c525875
13:58:31.50 (51005448)|VARIABLE_SCOPE_BEGIN|[88]|escape|Boolean|false|false
13:58:31.50 (51014862)|VARIABLE_ASSIGNMENT|[88]|escape|null
13:58:31.51 (51133865)|SYSTEM_MODE_ENTER|true
13:58:31.51 (51167230)|HEAP_ALLOCATE|[EXTERNAL]|Bytes:8
13:58:31.51 (51174622)|VARIABLE_SCOPE_BEGIN|[2]|this|ApexPage.PageMessagesComponentController|true|false
13:58:31.51 (51194185)|VARIABLE_ASSIGNMENT|[2]|this|{}|0x3c525875
13:58:31.0 (52609959)|SYSTEM_MODE_ENTER|true
13:58:31.0 (52655439)|HEAP_ALLOCATE|[EXTERNAL]|Bytes:44
13:58:31.0 (52663844)|VARIABLE_SCOPE_BEGIN|[133]|this|docappcontroller|true|false
13:58:31.0 (52709494)|VARIABLE_ASSIGNMENT|[133]|this|{"aptdum":"0x1407d47d","Docdum":"0x5fe5b7fb","Docmap":"0x358dd279","Initialselected":4,"Selecteddoc":"a260H000001koYjQAI","SelectedtimeSlot":30,"timelist":"0x12e2bfd8","timewraplist":"0x354398b5","timewraplistInitial":"0x354398b5"}|0x7fe88bf6
13:58:31.0 (52722625)|STATEMENT_EXECUTE|[133]
13:58:31.0 (52724880)|STATEMENT_EXECUTE|[135]
13:58:31.0 (52738218)|HEAP_ALLOCATE|[135]|Bytes:4
13:58:31.0 (52756184)|VARIABLE_SCOPE_BEGIN|[135]|options|List<System.SelectOption>|true|false
13:58:31.0 (52780535)|HEAP_ALLOCATE|[EXTERNAL]|Bytes:4
13:58:31.0 (52791050)|VARIABLE_ASSIGNMENT|[135]|options|[]|0x3579b9e6
13:58:31.0 (52796841)|STATEMENT_EXECUTE|[136]
13:58:31.0 (52819158)|HEAP_ALLOCATE|[EXTERNAL]|Bytes:4
13:58:31.0 (52857180)|VARIABLE_ASSIGNMENT|[EXTERNAL]|this|{"aptdum":"0x1407d47d","Docdum":"0x5fe5b7fb","Docmap":"0x358dd279","Initialselected":4,"Selecteddoc":"a260H000001koYjQAI","SelectedtimeSlot":30,"timelist":"0x12e2bfd8","timewraplist":"0x354398b5","timewraplistInitial":"0x354398b5"}|0x7fe88bf6
13:58:31.0 (52871347)|STATEMENT_EXECUTE|[137]
13:58:31.0 (52895620)|VARIABLE_ASSIGNMENT|[EXTERNAL]|this|{"aptdum":"0x1407d47d","Docdum":"0x5fe5b7fb","Docmap":"0x358dd279","Initialselected":4,"Selecteddoc":"a260H000001koYjQAI","SelectedtimeSlot":30,"timelist":"0x12e2bfd8","timewraplist":"0x354398b5","timewraplistInitial":"0x354398b5"}|0x7fe88bf6
13:58:31.0 (52918405)|HEAP_ALLOCATE|[EXTERNAL]|Bytes:12
13:58:31.0 (52936521)|HEAP_ALLOCATE|[138]|Bytes:237
13:58:31.0 (52959581)|HEAP_ALLOCATE|[138]|Bytes:5
13:58:31.0 (52975741)|HEAP_ALLOCATE|[138]|Bytes:24
13:58:31.0 (52985273)|VARIABLE_SCOPE_BEGIN|[138]|doc|Doctor__c|true|false
13:58:31.0 (53006319)|VARIABLE_ASSIGNMENT|[138]|doc|{"Id":"a260H000001koYjQAI","Name":"doc 2","End_Time__c":68400000,"Speciality__c":"General Surgery","Start_Time__c":43200000}|0x4ed2d1ae
13:58:31.0 (53014320)|STATEMENT_EXECUTE|[138]
13:58:31.0 (53015997)|STATEMENT_EXECUTE|[139]
13:58:31.0 (53035169)|HEAP_ALLOCATE|[139]|Bytes:18
13:58:31.0 (53050775)|HEAP_ALLOCATE|[EXTERNAL]|Bytes:4
13:58:31.0 (53063170)|HEAP_ALLOCATE|[138]|Bytes:5
13:58:31.0 (53072631)|HEAP_ALLOCATE|[138]|Bytes:24
13:58:31.0 (53078045)|VARIABLE_SCOPE_BEGIN|[138]|doc|Doctor__c|true|false
13:58:31.0 (53091984)|VARIABLE_ASSIGNMENT|[138]|doc|{"Id":"a260H000001koYeQAI","Name":"Doc1","End_Time__c":64800000,"Speciality__c":"General Surgery","Start_Time__c":32400000}|0x3420cb2a
13:58:31.0 (53099144)|STATEMENT_EXECUTE|[138]
13:58:31.0 (53100769)|STATEMENT_EXECUTE|[139]
13:58:31.0 (53107273)|HEAP_ALLOCATE|[139]|Bytes:18
13:58:31.0 (53118184)|HEAP_ALLOCATE|[EXTERNAL]|Bytes:4
13:58:31.0 (53128527)|HEAP_ALLOCATE|[138]|Bytes:5
13:58:31.0 (53138718)|VARIABLE_ASSIGNMENT|[138]|doc|null|
13:58:31.0 (53149854)|STATEMENT_EXECUTE|[145]
13:58:31.0 (53364181)|SYSTEM_MODE_ENTER|true
13:58:31.0 (56579980)|SYSTEM_MODE_ENTER|true
13:58:31.0 (56621426)|HEAP_ALLOCATE|[EXTERNAL]|Bytes:44
13:58:31.0 (56630002)|VARIABLE_SCOPE_BEGIN|[150]|this|docappcontroller|true|false
13:58:31.0 (56668696)|VARIABLE_ASSIGNMENT|[150]|this|{"aptdum":"0x1407d47d","Docdum":"0x5fe5b7fb","Docmap":"0x358dd279","Initialselected":4,"Selecteddoc":"a260H000001koYjQAI","SelectedtimeSlot":30,"timelist":"0x12e2bfd8","timewraplist":"0x354398b5","timewraplistInitial":"0x354398b5"}|0x7fe88bf6
13:58:31.0 (56681764)|STATEMENT_EXECUTE|[150]
13:58:31.0 (56683985)|STATEMENT_EXECUTE|[152]
13:58:31.0 (56693790)|HEAP_ALLOCATE|[152]|Bytes:4
13:58:31.0 (56709054)|VARIABLE_SCOPE_BEGIN|[152]|options|List<System.SelectOption>|true|false
13:58:31.0 (56731178)|HEAP_ALLOCATE|[EXTERNAL]|Bytes:4
13:58:31.0 (56740032)|VARIABLE_ASSIGNMENT|[152]|options|[]|0x1d4e0147
13:58:31.0 (56746358)|STATEMENT_EXECUTE|[153]
13:58:31.0 (56761616)|HEAP_ALLOCATE|[EXTERNAL]|Bytes:4
13:58:31.0 (56769469)|STATEMENT_EXECUTE|[156]
13:58:31.0 (56776995)|HEAP_ALLOCATE|[EXTERNAL]|Bytes:4
13:58:31.0 (56782659)|STATEMENT_EXECUTE|[157]
13:58:31.0 (56788802)|HEAP_ALLOCATE|[EXTERNAL]|Bytes:4
13:58:31.0 (56793878)|STATEMENT_EXECUTE|[162]
13:58:31.0 (56911733)|SYSTEM_MODE_ENTER|true
13:58:31.0 (58928930)|VF_SERIALIZE_VIEWSTATE_BEGIN|0660H000004OdRk
13:58:31.0 (75533744)|VF_SERIALIZE_VIEWSTATE_END
13:58:31.0 (93058980)|CODE_UNIT_STARTED|[EXTERNAL]|Generate Metadata
13:58:31.0 (95355879)|CODE_UNIT_FINISHED|Generate Metadata
13:58:31.97 (97839431)|CUMULATIVE_LIMIT_USAGE
13:58:31.97 (97839431)|LIMIT_USAGE_FOR_NS|(default)|
  Number of SOQL queries: 1 out of 100
  Number of query rows: 1 out of 50000
  Number of SOSL queries: 0 out of 20
  Number of DML statements: 0 out of 150
  Number of DML rows: 0 out of 10000
  Maximum CPU time: 0 out of 10000
  Maximum heap size: 0 out of 6000000
  Number of callouts: 0 out of 100
  Number of Email Invocations: 0 out of 10
  Number of future calls: 0 out of 50
  Number of queueable jobs added to the queue: 0 out of 50
  Number of Mobile Apex push calls: 0 out of 10

13:58:31.97 (97839431)|CUMULATIVE_LIMIT_USAGE_END

13:58:31.0 (97878287)|CODE_UNIT_FINISHED|VF: /apex/docapp
13:58:31.0 (98634497)|EXECUTION_FINISHED
