42.0 APEX_CODE,FINEST;APEX_PROFILING,INFO;CALLOUT,INFO;DB,INFO;SYSTEM,DEBUG;VALIDATION,INFO;VISUALFORCE,INFO;WAVE,INFO;WORKFLOW,INFO
14:00:08.0 (307440)|USER_INFO|[EXTERNAL]|005i0000002qYvT|anton@igate.com|India Standard Time|GMT+05:30
14:00:08.0 (348512)|EXECUTION_STARTED
14:00:08.0 (354257)|CODE_UNIT_STARTED|[EXTERNAL]|0660H000004OdRk|VF: /apex/docapp
14:00:08.0 (2444988)|SYSTEM_MODE_ENTER|true
14:00:08.0 (2842188)|HEAP_ALLOCATE|[72]|Bytes:3
14:00:08.0 (3166849)|HEAP_ALLOCATE|[77]|Bytes:152
14:00:08.0 (3182955)|HEAP_ALLOCATE|[342]|Bytes:408
14:00:08.0 (3195286)|HEAP_ALLOCATE|[355]|Bytes:408
14:00:08.0 (3206258)|HEAP_ALLOCATE|[467]|Bytes:48
14:00:08.0 (3258063)|HEAP_ALLOCATE|[139]|Bytes:6
14:00:08.0 (3275675)|HEAP_ALLOCATE|[EXTERNAL]|Bytes:14
14:00:08.0 (3293385)|HEAP_ALLOCATE|[EXTERNAL]|Bytes:248
14:00:08.0 (3297674)|HEAP_ALLOCATE|[EXTERNAL]|Bytes:53
14:00:08.0 (3301484)|HEAP_ALLOCATE|[EXTERNAL]|Bytes:13
14:00:08.0 (3327171)|METHOD_ENTRY|[1]|01p0H000007gCe8|docappcontroller.docappcontroller()
14:00:08.0 (3334822)|STATEMENT_EXECUTE|[1]
14:00:08.0 (3339610)|STATEMENT_EXECUTE|[1]
14:00:08.0 (3341225)|STATEMENT_EXECUTE|[174]
14:00:08.0 (3358052)|METHOD_EXIT|[1]|docappcontroller
14:00:08.0 (3417535)|HEAP_ALLOCATE|[EXTERNAL]|Bytes:44
14:00:08.0 (3426132)|VARIABLE_SCOPE_BEGIN|[114]|this|docappcontroller|true|false
14:00:08.0 (3652866)|VARIABLE_ASSIGNMENT|[114]|this|{}|0x3ff30e6a
14:00:08.0 (3664669)|STATEMENT_EXECUTE|[1]
14:00:08.0 (3666459)|STATEMENT_EXECUTE|[3]
14:00:08.0 (3668353)|STATEMENT_EXECUTE|[4]
14:00:08.0 (3670271)|STATEMENT_EXECUTE|[5]
14:00:08.0 (3687131)|HEAP_ALLOCATE|[5]|Bytes:4
14:00:08.0 (3822054)|HEAP_ALLOCATE|[EXTERNAL]|Bytes:4
14:00:08.0 (3837328)|VARIABLE_ASSIGNMENT|[5]|this.timewraplistInitial|[]|0x3ff30e6a
14:00:08.0 (3843555)|STATEMENT_EXECUTE|[6]
14:00:08.0 (3849073)|HEAP_ALLOCATE|[6]|Bytes:4
14:00:08.0 (3859098)|VARIABLE_ASSIGNMENT|[6]|this.Initialselected|0|0x3ff30e6a
14:00:08.0 (3864355)|STATEMENT_EXECUTE|[107]
14:00:08.0 (3866050)|STATEMENT_EXECUTE|[108]
14:00:08.0 (3867437)|STATEMENT_EXECUTE|[109]
14:00:08.0 (3868809)|STATEMENT_EXECUTE|[110]
14:00:08.0 (3870168)|STATEMENT_EXECUTE|[111]
14:00:08.0 (3871510)|STATEMENT_EXECUTE|[112]
14:00:08.0 (3878354)|HEAP_ALLOCATE|[6]|Bytes:6
14:00:08.0 (3929119)|STATEMENT_EXECUTE|[114]
14:00:08.0 (3931152)|STATEMENT_EXECUTE|[115]
14:00:08.0 (3962965)|HEAP_ALLOCATE|[115]|Bytes:4
14:00:08.0 (4133611)|VARIABLE_ASSIGNMENT|[EXTERNAL]|this|{"Initialselected":0,"timewraplistInitial":"0x695aa2f"}|0x3ff30e6a
14:00:08.0 (4149586)|VARIABLE_ASSIGNMENT|[EXTERNAL]|value|{}|0x2b461e54
14:00:08.0 (4161202)|VARIABLE_ASSIGNMENT|[107]|this.Docdum|{}|0x3ff30e6a
14:00:08.0 (4187585)|STATEMENT_EXECUTE|[116]
14:00:08.0 (4206965)|HEAP_ALLOCATE|[116]|Bytes:4
14:00:08.0 (4292255)|VARIABLE_ASSIGNMENT|[EXTERNAL]|this|{"Docdum":"0x2b461e54","Initialselected":0,"timewraplistInitial":"0x695aa2f"}|0x3ff30e6a
14:00:08.0 (4304321)|VARIABLE_ASSIGNMENT|[EXTERNAL]|value|{}|0x6c1c527d
14:00:08.0 (4314652)|VARIABLE_ASSIGNMENT|[108]|this.aptdum|{}|0x3ff30e6a
14:00:08.5 (5134889)|SYSTEM_MODE_ENTER|true
14:00:08.5 (5162918)|HEAP_ALLOCATE|[EXTERNAL]|Bytes:38
14:00:08.5 (5169987)|HEAP_ALLOCATE|[EXTERNAL]|Bytes:7
14:00:08.5 (5178865)|SYSTEM_METHOD_ENTRY|[1]|PageMessagesComponentController.PageMessagesComponentController()
14:00:08.5 (5183569)|STATEMENT_EXECUTE|[1]
14:00:08.5 (5292656)|SYSTEM_MODE_ENTER|true
14:00:08.5 (5352561)|HEAP_ALLOCATE|[EXTERNAL]|Bytes:8
14:00:08.5 (5361111)|VARIABLE_SCOPE_BEGIN|[88]|this|ApexPage.PageMessagesComponentController|true|false
14:00:08.5 (5398467)|VARIABLE_ASSIGNMENT|[88]|this|{}|0x555bd172
14:00:08.5 (5406145)|VARIABLE_SCOPE_BEGIN|[88]|escape|Boolean|false|false
14:00:08.5 (5414954)|VARIABLE_ASSIGNMENT|[88]|escape|null
14:00:08.5 (5533115)|SYSTEM_MODE_ENTER|true
14:00:08.5 (5578319)|HEAP_ALLOCATE|[EXTERNAL]|Bytes:8
14:00:08.5 (5585227)|VARIABLE_SCOPE_BEGIN|[2]|this|ApexPage.PageMessagesComponentController|true|false
14:00:08.5 (5604640)|VARIABLE_ASSIGNMENT|[2]|this|{}|0x555bd172
14:00:08.0 (6326818)|SYSTEM_MODE_ENTER|true
14:00:08.0 (8681587)|SYSTEM_MODE_ENTER|true
14:00:08.0 (10319482)|SYSTEM_MODE_ENTER|true
14:00:08.32 (32023902)|SYSTEM_MODE_ENTER|true
14:00:08.32 (32089941)|HEAP_ALLOCATE|[EXTERNAL]|Bytes:8
14:00:08.32 (32100478)|VARIABLE_SCOPE_BEGIN|[88]|this|ApexPage.PageMessagesComponentController|true|false
14:00:08.32 (32126636)|VARIABLE_ASSIGNMENT|[88]|this|{}|0x555bd172
14:00:08.32 (32133427)|VARIABLE_SCOPE_BEGIN|[88]|escape|Boolean|false|false
14:00:08.32 (32142249)|VARIABLE_ASSIGNMENT|[88]|escape|null
14:00:08.32 (32256531)|SYSTEM_MODE_ENTER|true
14:00:08.32 (32289571)|HEAP_ALLOCATE|[EXTERNAL]|Bytes:8
14:00:08.32 (32297192)|VARIABLE_SCOPE_BEGIN|[2]|this|ApexPage.PageMessagesComponentController|true|false
14:00:08.32 (32315871)|VARIABLE_ASSIGNMENT|[2]|this|{}|0x555bd172
14:00:08.0 (33705807)|SYSTEM_MODE_ENTER|true
14:00:08.0 (33750674)|HEAP_ALLOCATE|[EXTERNAL]|Bytes:44
14:00:08.0 (33760120)|VARIABLE_SCOPE_BEGIN|[133]|this|docappcontroller|true|false
14:00:08.0 (33796957)|VARIABLE_ASSIGNMENT|[133]|this|{"aptdum":"0x6c1c527d","Docdum":"0x2b461e54","Initialselected":0,"timewraplistInitial":"0x695aa2f"}|0x3ff30e6a
14:00:08.0 (33808053)|STATEMENT_EXECUTE|[133]
14:00:08.0 (33810290)|STATEMENT_EXECUTE|[135]
14:00:08.0 (33824806)|HEAP_ALLOCATE|[135]|Bytes:4
14:00:08.0 (33854912)|VARIABLE_SCOPE_BEGIN|[135]|options|List<System.SelectOption>|true|false
14:00:08.0 (33876408)|HEAP_ALLOCATE|[EXTERNAL]|Bytes:4
14:00:08.0 (33885869)|VARIABLE_ASSIGNMENT|[135]|options|[]|0x49f2f40f
14:00:08.0 (33891775)|STATEMENT_EXECUTE|[136]
14:00:08.0 (33900197)|HEAP_ALLOCATE|[136]|Bytes:8
14:00:08.0 (33953689)|HEAP_ALLOCATE|[EXTERNAL]|Bytes:4
14:00:08.0 (33999231)|VARIABLE_ASSIGNMENT|[EXTERNAL]|this|{"aptdum":"0x6c1c527d","Docdum":"0x2b461e54","Initialselected":0,"timewraplistInitial":"0x695aa2f"}|0x3ff30e6a
14:00:08.0 (34018937)|STATEMENT_EXECUTE|[141]
14:00:08.0 (34021399)|STATEMENT_EXECUTE|[142]
14:00:08.0 (34024875)|HEAP_ALLOCATE|[142]|Bytes:23
14:00:08.0 (34048594)|METHOD_ENTRY|[142]|01p0H000007gCe8|docappcontroller.ShowError(String)
14:00:08.0 (34064346)|VARIABLE_SCOPE_BEGIN|[168]|this|docappcontroller|true|false
14:00:08.0 (34087903)|VARIABLE_ASSIGNMENT|[168]|this|{"aptdum":"0x6c1c527d","Docdum":"0x2b461e54","Initialselected":0,"timewraplistInitial":"0x695aa2f"}|0x3ff30e6a
14:00:08.0 (34095506)|VARIABLE_SCOPE_BEGIN|[168]|ErrorMsg|String|false|false
14:00:08.0 (34104992)|VARIABLE_ASSIGNMENT|[168]|ErrorMsg|"No Continents Data y (3 more) ..."
14:00:08.0 (34110983)|STATEMENT_EXECUTE|[168]
14:00:08.0 (34112911)|STATEMENT_EXECUTE|[170]
14:00:08.0 (34145252)|VARIABLE_SCOPE_BEGIN|[170]|m|ApexPages.Message|true|false
14:00:08.0 (34318200)|VARIABLE_ASSIGNMENT|[170]|m|"core.apexpages.framework.ApexPagesMessage@d15443bb"|0x6479371c
14:00:08.0 (34326573)|STATEMENT_EXECUTE|[171]
14:00:08.0 (34443224)|VF_PAGE_MESSAGE|No Continents Data yet.
14:00:08.0 (34455488)|METHOD_EXIT|[142]|01p0H000007gCe8|docappcontroller.ShowError(String)
14:00:08.0 (34460942)|STATEMENT_EXECUTE|[145]
14:00:08.0 (34630304)|SYSTEM_MODE_ENTER|true
14:00:08.0 (35456263)|SYSTEM_MODE_ENTER|true
14:00:08.0 (35498784)|HEAP_ALLOCATE|[EXTERNAL]|Bytes:44
14:00:08.0 (35509715)|VARIABLE_SCOPE_BEGIN|[150]|this|docappcontroller|true|false
14:00:08.0 (35541450)|VARIABLE_ASSIGNMENT|[150]|this|{"aptdum":"0x6c1c527d","Docdum":"0x2b461e54","Initialselected":0,"timewraplistInitial":"0x695aa2f"}|0x3ff30e6a
14:00:08.0 (35552014)|STATEMENT_EXECUTE|[150]
14:00:08.0 (35554094)|STATEMENT_EXECUTE|[152]
14:00:08.0 (35563634)|HEAP_ALLOCATE|[152]|Bytes:4
14:00:08.0 (35585878)|VARIABLE_SCOPE_BEGIN|[152]|options|List<System.SelectOption>|true|false
14:00:08.0 (35606920)|HEAP_ALLOCATE|[EXTERNAL]|Bytes:4
14:00:08.0 (35614954)|VARIABLE_ASSIGNMENT|[152]|options|[]|0x6df39f17
14:00:08.0 (35621115)|STATEMENT_EXECUTE|[153]
14:00:08.0 (35658004)|HEAP_ALLOCATE|[EXTERNAL]|Bytes:4
14:00:08.0 (35666714)|STATEMENT_EXECUTE|[156]
14:00:08.0 (35671309)|HEAP_ALLOCATE|[156]|Bytes:2
14:00:08.0 (35692719)|HEAP_ALLOCATE|[EXTERNAL]|Bytes:4
14:00:08.0 (35699354)|STATEMENT_EXECUTE|[157]
14:00:08.0 (35702740)|HEAP_ALLOCATE|[157]|Bytes:2
14:00:08.0 (35720549)|HEAP_ALLOCATE|[EXTERNAL]|Bytes:4
14:00:08.0 (35726909)|STATEMENT_EXECUTE|[162]
14:00:08.0 (35853454)|SYSTEM_MODE_ENTER|true
14:00:08.0 (37781456)|VF_SERIALIZE_VIEWSTATE_BEGIN|0660H000004OdRk
14:00:08.0 (60471839)|VF_SERIALIZE_VIEWSTATE_END
14:00:08.0 (63282831)|CODE_UNIT_STARTED|[EXTERNAL]|Generate Metadata
14:00:08.0 (64403758)|CODE_UNIT_FINISHED|Generate Metadata
14:00:08.66 (66323382)|CUMULATIVE_LIMIT_USAGE
14:00:08.66 (66323382)|LIMIT_USAGE_FOR_NS|(default)|
  Number of SOQL queries: 0 out of 100
  Number of query rows: 0 out of 50000
  Number of SOSL queries: 0 out of 20
  Number of DML statements: 0 out of 150
  Number of DML rows: 0 out of 10000
  Maximum CPU time: 0 out of 10000
  Maximum heap size: 0 out of 6000000
  Number of callouts: 0 out of 100
  Number of Email Invocations: 0 out of 10
  Number of future calls: 0 out of 50
  Number of queueable jobs added to the queue: 0 out of 50
  Number of Mobile Apex push calls: 0 out of 10

14:00:08.66 (66323382)|CUMULATIVE_LIMIT_USAGE_END

14:00:08.0 (66365701)|CODE_UNIT_FINISHED|VF: /apex/docapp
14:00:08.0 (67115572)|EXECUTION_FINISHED
