42.0 APEX_CODE,FINEST;APEX_PROFILING,INFO;CALLOUT,INFO;DB,INFO;SYSTEM,DEBUG;VALIDATION,INFO;VISUALFORCE,INFO;WAVE,INFO;WORKFLOW,INFO
16:23:55.0 (290865)|USER_INFO|[EXTERNAL]|005i0000002qYvT|anton@igate.com|India Standard Time|GMT+05:30
16:23:55.0 (437378)|EXECUTION_STARTED
16:23:55.0 (442108)|CODE_UNIT_STARTED|[EXTERNAL]|0660H000004OdRk|VF: /apex/docapp
16:23:55.0 (2073824)|VF_DESERIALIZE_VIEWSTATE_BEGIN|0660H000004OdRk
16:23:55.0 (7885546)|HEAP_ALLOCATE|[72]|Bytes:3
16:23:55.0 (7945617)|HEAP_ALLOCATE|[77]|Bytes:152
16:23:55.0 (7958520)|HEAP_ALLOCATE|[342]|Bytes:408
16:23:55.0 (7970161)|HEAP_ALLOCATE|[355]|Bytes:408
16:23:55.0 (7980982)|HEAP_ALLOCATE|[467]|Bytes:48
16:23:55.0 (8039644)|HEAP_ALLOCATE|[139]|Bytes:6
16:23:55.0 (11321591)|VF_DESERIALIZE_VIEWSTATE_END
16:23:55.11 (11929834)|SYSTEM_MODE_ENTER|true
16:23:55.11 (12074457)|HEAP_ALLOCATE|[EXTERNAL]|Bytes:38
16:23:55.11 (12100370)|HEAP_ALLOCATE|[EXTERNAL]|Bytes:7
16:23:55.11 (12122578)|SYSTEM_METHOD_ENTRY|[1]|PageMessagesComponentController.PageMessagesComponentController()
16:23:55.11 (12128805)|STATEMENT_EXECUTE|[1]
16:23:55.13 (13021980)|SYSTEM_MODE_ENTER|true
16:23:55.13 (13074565)|HEAP_ALLOCATE|[EXTERNAL]|Bytes:8
16:23:55.13 (13083239)|VARIABLE_SCOPE_BEGIN|[88]|this|ApexPage.PageMessagesComponentController|true|false
16:23:55.13 (13119379)|VARIABLE_ASSIGNMENT|[88]|this|{}|0x63233150
16:23:55.13 (13125776)|VARIABLE_SCOPE_BEGIN|[88]|escape|Boolean|false|false
16:23:55.13 (13135470)|VARIABLE_ASSIGNMENT|[88]|escape|null
16:23:55.0 (13309558)|SYSTEM_MODE_ENTER|true
16:23:55.0 (13334539)|HEAP_ALLOCATE|[EXTERNAL]|Bytes:14
16:23:55.0 (13342151)|HEAP_ALLOCATE|[EXTERNAL]|Bytes:248
16:23:55.0 (13346479)|HEAP_ALLOCATE|[EXTERNAL]|Bytes:53
16:23:55.0 (13349826)|HEAP_ALLOCATE|[EXTERNAL]|Bytes:20
16:23:55.0 (13356732)|METHOD_ENTRY|[1]|01p0H000007gCe8|docappcontroller.docappcontroller()
16:23:55.0 (13361989)|STATEMENT_EXECUTE|[1]
16:23:55.0 (13365349)|STATEMENT_EXECUTE|[1]
16:23:55.0 (13366981)|STATEMENT_EXECUTE|[208]
16:23:55.0 (13370902)|METHOD_EXIT|[1]|docappcontroller
16:23:55.0 (17003026)|SYSTEM_MODE_ENTER|true
16:23:55.0 (18903667)|SYSTEM_MODE_ENTER|true
16:23:55.0 (19850886)|SYSTEM_MODE_ENTER|true
16:23:55.0 (20074300)|HEAP_ALLOCATE|[EXTERNAL]|Bytes:48
16:23:55.0 (20085162)|VARIABLE_SCOPE_BEGIN|[164]|this|docappcontroller|true|false
16:23:55.0 (20144666)|VARIABLE_ASSIGNMENT|[164]|this|{"aptdum":"0x4f088f23","Docdum":"0x6c874139","Docmap":"0x79b96793","Initialselected":0,"timewraplistInitial":"0x2d7f1c1d"}|0x17862058
16:23:55.0 (20155721)|STATEMENT_EXECUTE|[164]
16:23:55.0 (20158046)|STATEMENT_EXECUTE|[166]
16:23:55.0 (20172768)|HEAP_ALLOCATE|[166]|Bytes:4
16:23:55.0 (20201582)|VARIABLE_SCOPE_BEGIN|[166]|options|List<System.SelectOption>|true|false
16:23:55.0 (20224070)|HEAP_ALLOCATE|[EXTERNAL]|Bytes:4
16:23:55.0 (20234982)|VARIABLE_ASSIGNMENT|[166]|options|[]|0x2685ff06
16:23:55.0 (20240824)|STATEMENT_EXECUTE|[167]
16:23:55.0 (20247779)|HEAP_ALLOCATE|[167]|Bytes:8
16:23:55.0 (20297376)|HEAP_ALLOCATE|[EXTERNAL]|Bytes:4
16:23:55.0 (20348255)|VARIABLE_ASSIGNMENT|[EXTERNAL]|this|{"aptdum":"0x4f088f23","Docdum":"0x6c874139","Docmap":"0x79b96793","Initialselected":0,"timewraplistInitial":"0x2d7f1c1d"}|0x17862058
16:23:55.0 (20361924)|STATEMENT_EXECUTE|[168]
16:23:55.0 (20390232)|VARIABLE_ASSIGNMENT|[EXTERNAL]|this|{"aptdum":"0x4f088f23","Docdum":"0x6c874139","Docmap":"0x79b96793","Initialselected":0,"timewraplistInitial":"0x2d7f1c1d"}|0x17862058
16:23:55.0 (20421454)|HEAP_ALLOCATE|[EXTERNAL]|Bytes:8
16:23:55.0 (20436730)|HEAP_ALLOCATE|[169]|Bytes:116
16:23:55.0 (20559299)|HEAP_ALLOCATE|[169]|Bytes:5
16:23:55.0 (20606527)|HEAP_ALLOCATE|[169]|Bytes:24
16:23:55.0 (20617223)|VARIABLE_SCOPE_BEGIN|[169]|doc|Doctor__c|true|false
16:23:55.0 (20641439)|VARIABLE_ASSIGNMENT|[169]|doc|{"Id":"a260H000001koYlQAI","Name":"doc4","End_Time__c":68400000,"Speciality__c":"Dermatology","Start_Time__c":32400000}|0x1f53af8
16:23:55.0 (20648893)|STATEMENT_EXECUTE|[169]
16:23:55.0 (20650563)|STATEMENT_EXECUTE|[170]
16:23:55.0 (20692497)|HEAP_ALLOCATE|[170]|Bytes:18
16:23:55.0 (20743855)|HEAP_ALLOCATE|[EXTERNAL]|Bytes:4
16:23:55.0 (20764474)|HEAP_ALLOCATE|[169]|Bytes:5
16:23:55.0 (20776389)|VARIABLE_ASSIGNMENT|[169]|doc|null|
16:23:55.0 (20781943)|STATEMENT_EXECUTE|[176]
16:23:55.0 (20866009)|SYSTEM_MODE_ENTER|true
16:23:55.0 (21203338)|SYSTEM_MODE_ENTER|true
16:23:55.0 (21244390)|HEAP_ALLOCATE|[EXTERNAL]|Bytes:48
16:23:55.0 (21253749)|VARIABLE_SCOPE_BEGIN|[181]|this|docappcontroller|true|false
16:23:55.0 (21288744)|VARIABLE_ASSIGNMENT|[181]|this|{"aptdum":"0x4f088f23","Docdum":"0x6c874139","Docmap":"0x79b96793","Initialselected":0,"timewraplistInitial":"0x2d7f1c1d"}|0x17862058
16:23:55.0 (21299235)|STATEMENT_EXECUTE|[181]
16:23:55.0 (21301186)|STATEMENT_EXECUTE|[183]
16:23:55.0 (21310594)|HEAP_ALLOCATE|[183]|Bytes:4
16:23:55.0 (21331501)|VARIABLE_SCOPE_BEGIN|[183]|options|List<System.SelectOption>|true|false
16:23:55.0 (21352132)|HEAP_ALLOCATE|[EXTERNAL]|Bytes:4
16:23:55.0 (21360456)|VARIABLE_ASSIGNMENT|[183]|options|[]|0x7242cc8
16:23:55.0 (21366153)|STATEMENT_EXECUTE|[184]
16:23:55.0 (21369592)|HEAP_ALLOCATE|[184]|Bytes:79
16:23:55.0 (21383896)|HEAP_ALLOCATE|[184]|Bytes:4
16:23:55.0 (22202830)|SOQL_EXECUTE_BEGIN|[184]|Aggregations:0|SELECT Interval__c FROM Time_Interval__mdt ORDER BY Interval__c ASC NULLS FIRST
16:23:55.0 (25581197)|SOQL_EXECUTE_END|[184]|Rows:2
16:23:55.0 (25606617)|HEAP_ALLOCATE|[184]|Bytes:12
16:23:55.0 (25621786)|HEAP_ALLOCATE|[184]|Bytes:92
16:23:55.0 (25680933)|HEAP_ALLOCATE|[184]|Bytes:12
16:23:55.0 (25694413)|VARIABLE_SCOPE_BEGIN|[184]|intervals|List<Time_Interval__mdt>|true|false
16:23:55.0 (25717230)|VARIABLE_ASSIGNMENT|[184]|intervals|[{"Interval__c":"30","Id":"m030H000000bmFqQAI"},{"Interval__c":"60","Id":"m030H000000bmFvQAI"}]|0x5f772a81
16:23:55.0 (25822448)|HEAP_ALLOCATE|[187]|Bytes:5
16:23:55.0 (25837157)|HEAP_ALLOCATE|[187]|Bytes:12
16:23:55.0 (25844999)|VARIABLE_SCOPE_BEGIN|[187]|i|Time_Interval__mdt|true|false
16:23:55.0 (25859118)|VARIABLE_ASSIGNMENT|[187]|i|{"Interval__c":"30","Id":"m030H000000bmFqQAI"}|0x3f8816ec
16:23:55.0 (25865479)|STATEMENT_EXECUTE|[187]
16:23:55.0 (25867350)|STATEMENT_EXECUTE|[188]
16:23:55.0 (25926703)|HEAP_ALLOCATE|[EXTERNAL]|Bytes:4
16:23:55.0 (25943050)|HEAP_ALLOCATE|[187]|Bytes:5
16:23:55.0 (25953346)|HEAP_ALLOCATE|[187]|Bytes:12
16:23:55.0 (25960100)|VARIABLE_SCOPE_BEGIN|[187]|i|Time_Interval__mdt|true|false
16:23:55.0 (25973034)|VARIABLE_ASSIGNMENT|[187]|i|{"Interval__c":"60","Id":"m030H000000bmFvQAI"}|0x594d10be
16:23:55.0 (25979206)|STATEMENT_EXECUTE|[187]
16:23:55.0 (25980841)|STATEMENT_EXECUTE|[188]
16:23:55.0 (25994944)|HEAP_ALLOCATE|[EXTERNAL]|Bytes:4
16:23:55.0 (26005616)|HEAP_ALLOCATE|[187]|Bytes:5
16:23:55.0 (26015815)|VARIABLE_ASSIGNMENT|[187]|i|null|
16:23:55.0 (26020542)|STATEMENT_EXECUTE|[196]
16:23:55.0 (26426428)|SYSTEM_MODE_ENTER|true
16:23:55.26 (26959313)|SYSTEM_MODE_ENTER|true
16:23:55.26 (27007958)|HEAP_ALLOCATE|[EXTERNAL]|Bytes:8
16:23:55.26 (27016430)|VARIABLE_SCOPE_BEGIN|[88]|this|ApexPage.PageMessagesComponentController|true|false
16:23:55.26 (27041832)|VARIABLE_ASSIGNMENT|[88]|this|{}|0x63233150
16:23:55.26 (27048402)|VARIABLE_SCOPE_BEGIN|[88]|escape|Boolean|false|false
16:23:55.26 (27055995)|VARIABLE_ASSIGNMENT|[88]|escape|null
16:23:55.0 (27224069)|SYSTEM_MODE_ENTER|true
16:23:55.0 (27252669)|HEAP_ALLOCATE|[EXTERNAL]|Bytes:18
16:23:55.0 (27258084)|HEAP_ALLOCATE|[EXTERNAL]|Bytes:48
16:23:55.0 (27280781)|VARIABLE_ASSIGNMENT|[EXTERNAL]|this.Selecteddoc|"a260H000001koYlQAI"|0x17862058
16:23:55.0 (27323707)|SYSTEM_MODE_ENTER|true
16:23:55.0 (27464147)|SYSTEM_MODE_ENTER|true
16:23:55.0 (27503830)|SYSTEM_MODE_ENTER|true
16:23:55.0 (27519895)|HEAP_ALLOCATE|[EXTERNAL]|Bytes:8
16:23:55.0 (27524855)|HEAP_ALLOCATE|[EXTERNAL]|Bytes:48
16:23:55.0 (27533631)|VARIABLE_ASSIGNMENT|[EXTERNAL]|this.SelectedtimeSlot|30|0x17862058
16:23:55.0 (27567089)|SYSTEM_MODE_ENTER|true
16:23:55.0 (27773917)|HEAP_ALLOCATE|[EXTERNAL]|Bytes:48
16:23:55.0 (27783087)|VARIABLE_SCOPE_BEGIN|[62]|this|docappcontroller|true|false
16:23:55.0 (27820985)|VARIABLE_ASSIGNMENT|[62]|this|{"aptdum":"0x4f088f23","Docdum":"0x6c874139","Docmap":"0x79b96793","Initialselected":0,"Selecteddoc":"a260H000001koYlQAI","SelectedtimeSlot":30,"timewraplistInitial":"0x2d7f1c1d"}|0x17862058
16:23:55.0 (27832343)|STATEMENT_EXECUTE|[62]
16:23:55.0 (27834304)|STATEMENT_EXECUTE|[64]
16:23:55.0 (27877560)|VARIABLE_ASSIGNMENT|[EXTERNAL]|this|{"aptdum":"0x4f088f23","Docdum":"0x6c874139","Docmap":"0x79b96793","Initialselected":0,"Selecteddoc":"a260H000001koYlQAI","SelectedtimeSlot":30,"timewraplistInitial":"0x2d7f1c1d"}|0x17862058
16:23:55.0 (27908222)|USER_DEBUG|[64]|DEBUG|a260H000001koYlQAI
16:23:55.0 (27945889)|VARIABLE_ASSIGNMENT|[EXTERNAL]|this|{"aptdum":"0x4f088f23","Docdum":"0x6c874139","Docmap":"0x79b96793","Initialselected":0,"Selecteddoc":"a260H000001koYlQAI","SelectedtimeSlot":30,"timewraplistInitial":"0x2d7f1c1d"}|0x17862058
16:23:55.0 (27978903)|VARIABLE_ASSIGNMENT|[EXTERNAL]|this|{"aptdum":"0x4f088f23","Docdum":"0x6c874139","Docmap":"0x79b96793","Initialselected":0,"Selecteddoc":"a260H000001koYlQAI","SelectedtimeSlot":30,"timewraplistInitial":"0x2d7f1c1d"}|0x17862058
16:23:55.0 (28007435)|STATEMENT_EXECUTE|[67]
16:23:55.0 (28009909)|STATEMENT_EXECUTE|[68]
16:23:55.0 (28040193)|VARIABLE_ASSIGNMENT|[EXTERNAL]|this|{"aptdum":"0x4f088f23","Docdum":"0x6c874139","Docmap":"0x79b96793","Initialselected":0,"Selecteddoc":"a260H000001koYlQAI","SelectedtimeSlot":30,"timewraplistInitial":"0x2d7f1c1d"}|0x17862058
16:23:55.0 (28072543)|VARIABLE_ASSIGNMENT|[EXTERNAL]|this|{"aptdum":"0x4f088f23","Docdum":"0x6c874139","Docmap":"0x79b96793","Initialselected":0,"Selecteddoc":"a260H000001koYlQAI","SelectedtimeSlot":30,"timewraplistInitial":"0x2d7f1c1d"}|0x17862058
16:23:55.0 (28097273)|VARIABLE_SCOPE_BEGIN|[68]|d|Doctor__c|true|false
16:23:55.0 (28116026)|VARIABLE_ASSIGNMENT|[68]|d|{"Id":"a260H000001koYlQAI","Name":"doc4","End_Time__c":68400000,"Speciality__c":"Dermatology","Start_Time__c":32400000}|0x1f53af8
16:23:55.0 (28126712)|STATEMENT_EXECUTE|[69]
16:23:55.0 (28159692)|HEAP_ALLOCATE|[69]|Bytes:4
16:23:55.0 (28199121)|HEAP_ALLOCATE|[69]|Bytes:150
16:23:55.0 (28210783)|HEAP_ALLOCATE|[69]|Bytes:4
16:23:55.0 (28217158)|HEAP_ALLOCATE|[69]|Bytes:7
16:23:55.0 (28250501)|VARIABLE_ASSIGNMENT|[EXTERNAL]|this|{"aptdum":"0x4f088f23","Docdum":"0x6c874139","Docmap":"0x79b96793","Initialselected":0,"Selecteddoc":"a260H000001koYlQAI","SelectedtimeSlot":30,"timewraplistInitial":"0x2d7f1c1d"}|0x17862058
16:23:55.0 (28268986)|HEAP_ALLOCATE|[69]|Bytes:7
16:23:55.0 (28298789)|VARIABLE_ASSIGNMENT|[EXTERNAL]|this|{"aptdum":"0x4f088f23","Docdum":"0x6c874139","Docmap":"0x79b96793","Initialselected":0,"Selecteddoc":"a260H000001koYlQAI","SelectedtimeSlot":30,"timewraplistInitial":"0x2d7f1c1d"}|0x17862058
16:23:55.0 (28592240)|SOQL_EXECUTE_BEGIN|[69]|Aggregations:0|SELECT Id, Name, Doctor__c, Patient__c, End_Time__c, Start_Time__c FROM Appointment__c WHERE (Doctor__c = :tmpVar1 AND Appointment_Date__c = :tmpVar2)
16:23:55.0 (31432473)|SOQL_EXECUTE_END|[69]|Rows:0
16:23:55.0 (31454150)|HEAP_ALLOCATE|[69]|Bytes:4
16:23:55.0 (31463681)|HEAP_ALLOCATE|[69]|Bytes:0
16:23:55.0 (31491595)|HEAP_ALLOCATE|[69]|Bytes:4
16:23:55.0 (31514157)|HEAP_ALLOCATE|[69]|Bytes:0
16:23:55.0 (31523556)|VARIABLE_SCOPE_BEGIN|[69]|aptlist|List<Appointment__c>|true|false
16:23:55.0 (31532435)|HEAP_ALLOCATE|[EXTERNAL]|Bytes:4
16:23:55.0 (31540841)|VARIABLE_ASSIGNMENT|[69]|aptlist|[]|0x541763a5
16:23:55.0 (31546854)|STATEMENT_EXECUTE|[70]
16:23:55.0 (31567327)|HEAP_ALLOCATE|[70]|Bytes:4
16:23:55.0 (31616451)|VARIABLE_ASSIGNMENT|[70]|this.timeset|[]|0x17862058
16:23:55.0 (31693170)|HEAP_ALLOCATE|[71]|Bytes:5
16:23:55.0 (31708108)|VARIABLE_ASSIGNMENT|[71]|apt|null|
16:23:55.0 (31714291)|STATEMENT_EXECUTE|[71]
16:23:55.0 (31716149)|STATEMENT_EXECUTE|[93]
16:23:55.0 (31773376)|HEAP_ALLOCATE|[93]|Bytes:4
16:23:55.0 (31857240)|VARIABLE_ASSIGNMENT|[EXTERNAL]|this|{"aptdum":"0x4f088f23","Docdum":"0x6c874139","Docmap":"0x79b96793","Initialselected":0,"Selecteddoc":"a260H000001koYlQAI","SelectedtimeSlot":30,"timeset":"0x1b04149e","timewraplistInitial":"0x2d7f1c1d"}|0x17862058
16:23:55.0 (31876445)|HEAP_ALLOCATE|[EXTERNAL]|Bytes:4
16:23:55.0 (31884364)|VARIABLE_ASSIGNMENT|[EXTERNAL]|value|[]|0x74614610
16:23:55.0 (31895917)|VARIABLE_ASSIGNMENT|[4]|this.timewraplist|[]|0x17862058
16:23:55.0 (31905911)|STATEMENT_EXECUTE|[94]
16:23:55.0 (31913743)|HEAP_ALLOCATE|[94]|Bytes:4
16:23:55.0 (31964679)|VARIABLE_ASSIGNMENT|[EXTERNAL]|this|{"aptdum":"0x4f088f23","Docdum":"0x6c874139","Docmap":"0x79b96793","Initialselected":0,"Selecteddoc":"a260H000001koYlQAI","SelectedtimeSlot":30,"timeset":"0x1b04149e","timewraplist":"0x74614610","timewraplistInitial":"0x2d7f1c1d"}|0x17862058
16:23:55.0 (31983433)|HEAP_ALLOCATE|[EXTERNAL]|Bytes:4
16:23:55.0 (31989995)|VARIABLE_ASSIGNMENT|[EXTERNAL]|value|[]|0x1c893048
16:23:55.0 (32000323)|VARIABLE_ASSIGNMENT|[3]|this.timelist|[]|0x17862058
16:23:55.0 (32009620)|STATEMENT_EXECUTE|[95]
16:23:55.0 (32038249)|VARIABLE_SCOPE_BEGIN|[95]|t|Time|false|false
16:23:55.0 (32053302)|VARIABLE_ASSIGNMENT|[95]|t|32400000
16:23:55.0 (32058555)|STATEMENT_EXECUTE|[96]
16:23:55.0 (32111094)|VARIABLE_SCOPE_BEGIN|[96]|i|Integer|false|false
16:23:55.0 (32120154)|HEAP_ALLOCATE|[96]|Bytes:4
16:23:55.0 (32127122)|VARIABLE_ASSIGNMENT|[96]|i|10
16:23:55.0 (32131417)|STATEMENT_EXECUTE|[97]
16:23:55.0 (32163213)|HEAP_ALLOCATE|[97]|Bytes:28
16:23:55.0 (32168573)|HEAP_ALLOCATE|[97]|Bytes:28
16:23:55.0 (32173270)|VARIABLE_SCOPE_BEGIN|[97]|i1|Decimal|false|false
16:23:55.0 (32185511)|VARIABLE_ASSIGNMENT|[97]|i1|0
16:23:55.0 (32220997)|STATEMENT_EXECUTE|[98]
16:23:55.0 (32222947)|STATEMENT_EXECUTE|[99]
16:23:55.0 (32266848)|VARIABLE_ASSIGNMENT|[EXTERNAL]|this|{"aptdum":"0x4f088f23","Docdum":"0x6c874139","Docmap":"0x79b96793","Initialselected":0,"Selecteddoc":"a260H000001koYlQAI","SelectedtimeSlot":30,"timelist":"0x1c893048","timeset":"0x1b04149e","timewraplist":"0x74614610","timewraplistInitial":"0x2d7f1c1d"}|0x17862058
16:23:55.0 (32285968)|HEAP_ALLOCATE|[99]|Bytes:108
16:23:55.0 (32292517)|HEAP_ALLOCATE|[99]|Bytes:11
16:23:55.0 (32303672)|HEAP_ALLOCATE|[99]|Bytes:12
16:23:55.0 (32322589)|CONSTRUCTOR_ENTRY|[99]|01p0H000007gCe8|<init>(Boolean,Time)
16:23:55.0 (32335061)|VARIABLE_SCOPE_BEGIN|[212]|this|docappcontroller.Wrapertimeslot|true|false
16:23:55.0 (32356867)|VARIABLE_ASSIGNMENT|[212]|this|{}|0x3acd8967
16:23:55.0 (32365576)|VARIABLE_SCOPE_BEGIN|[212]|selection|Boolean|false|false
16:23:55.0 (32374208)|VARIABLE_ASSIGNMENT|[212]|selection|false
16:23:55.0 (32381088)|VARIABLE_SCOPE_BEGIN|[212]|tm|Time|false|false
16:23:55.0 (32391539)|VARIABLE_ASSIGNMENT|[212]|tm|32400000
16:23:55.0 (32396335)|STATEMENT_EXECUTE|[208]
16:23:55.0 (32398146)|STATEMENT_EXECUTE|[209]
16:23:55.0 (32399657)|STATEMENT_EXECUTE|[210]
16:23:55.0 (32406560)|HEAP_ALLOCATE|[213]|Bytes:6
16:23:55.0 (32425708)|STATEMENT_EXECUTE|[212]
16:23:55.0 (32427539)|STATEMENT_EXECUTE|[213]
16:23:55.0 (32475090)|VARIABLE_ASSIGNMENT|[EXTERNAL]|this|{}|0x3acd8967
16:23:55.0 (32486037)|VARIABLE_ASSIGNMENT|[EXTERNAL]|value|false
16:23:55.0 (32492912)|HEAP_ALLOCATE|[209]|Bytes:5
16:23:55.0 (32499764)|VARIABLE_ASSIGNMENT|[209]|this.selected|false|0x3acd8967
16:23:55.0 (32508845)|STATEMENT_EXECUTE|[214]
16:23:55.0 (32538108)|VARIABLE_ASSIGNMENT|[EXTERNAL]|this|{"selected":false}|0x3acd8967
16:23:55.0 (32552062)|VARIABLE_ASSIGNMENT|[EXTERNAL]|value|32400000
16:23:55.0 (32561255)|VARIABLE_ASSIGNMENT|[210]|this.t|32400000|0x3acd8967
16:23:55.0 (32575781)|CONSTRUCTOR_EXIT|[99]|01p0H000007gCe8|<init>(Boolean,Time)
16:23:55.0 (32589504)|HEAP_ALLOCATE|[EXTERNAL]|Bytes:4
16:23:55.0 (32596529)|STATEMENT_EXECUTE|[104]
16:23:55.0 (32635545)|VARIABLE_ASSIGNMENT|[EXTERNAL]|this|{"aptdum":"0x4f088f23","Docdum":"0x6c874139","Docmap":"0x79b96793","Initialselected":0,"Selecteddoc":"a260H000001koYlQAI","SelectedtimeSlot":30,"timelist":"0x1c893048","timeset":"0x1b04149e","timewraplist":"0x74614610","timewraplistInitial":"0x2d7f1c1d"}|0x17862058
16:23:55.0 (32654688)|HEAP_ALLOCATE|[EXTERNAL]|Bytes:4
16:23:55.0 (32669231)|HEAP_ALLOCATE|[107]|Bytes:28
16:23:55.0 (32673471)|HEAP_ALLOCATE|[107]|Bytes:28
16:23:55.0 (32716491)|STATEMENT_EXECUTE|[107]
16:23:55.0 (32718623)|STATEMENT_EXECUTE|[108]
16:23:55.0 (32738220)|USER_DEBUG|[108]|DEBUG|09:00:00.000Z
16:23:55.0 (32746032)|STATEMENT_EXECUTE|[109]
16:23:55.0 (32776397)|HEAP_ALLOCATE|[109]|Bytes:4
16:23:55.0 (32792619)|VARIABLE_ASSIGNMENT|[109]|t|34200000
16:23:55.0 (32797592)|STATEMENT_EXECUTE|[110]
16:23:55.0 (32800638)|HEAP_ALLOCATE|[110]|Bytes:3
16:23:55.0 (32810442)|HEAP_ALLOCATE|[110]|Bytes:28
16:23:55.0 (32837991)|HEAP_ALLOCATE|[110]|Bytes:28
16:23:55.0 (32852878)|VARIABLE_ASSIGNMENT|[110]|i1|0.5
16:23:55.0 (32857805)|STATEMENT_EXECUTE|[111]
16:23:55.0 (32895527)|VARIABLE_ASSIGNMENT|[EXTERNAL]|this|{"aptdum":"0x4f088f23","Docdum":"0x6c874139","Docmap":"0x79b96793","Initialselected":0,"Selecteddoc":"a260H000001koYlQAI","SelectedtimeSlot":30,"timelist":"0x1c893048","timeset":"0x1b04149e","timewraplist":"0x74614610","timewraplistInitial":"0x2d7f1c1d"}|0x17862058
16:23:55.0 (32918565)|HEAP_ALLOCATE|[EXTERNAL]|Bytes:4
16:23:55.0 (32945371)|STATEMENT_EXECUTE|[113]
16:23:55.0 (32947238)|STATEMENT_EXECUTE|[114]
16:23:55.0 (32979531)|VARIABLE_ASSIGNMENT|[EXTERNAL]|this|{"aptdum":"0x4f088f23","Docdum":"0x6c874139","Docmap":"0x79b96793","Initialselected":0,"Selecteddoc":"a260H000001koYlQAI","SelectedtimeSlot":30,"timelist":"0x1c893048","timeset":"0x1b04149e","timewraplist":"0x74614610","timewraplistInitial":"0x2d7f1c1d"}|0x17862058
16:23:55.0 (32994077)|HEAP_ALLOCATE|[114]|Bytes:12
16:23:55.0 (33006211)|CONSTRUCTOR_ENTRY|[114]|01p0H000007gCe8|<init>(Boolean,Time)
16:23:55.0 (33013225)|VARIABLE_SCOPE_BEGIN|[212]|this|docappcontroller.Wrapertimeslot|true|false
16:23:55.0 (33027027)|VARIABLE_ASSIGNMENT|[212]|this|{}|0x4512941e
16:23:55.0 (33033452)|VARIABLE_SCOPE_BEGIN|[212]|selection|Boolean|false|false
16:23:55.0 (33041460)|VARIABLE_ASSIGNMENT|[212]|selection|false
16:23:55.0 (33044888)|VARIABLE_SCOPE_BEGIN|[212]|tm|Time|false|false
16:23:55.0 (33053382)|VARIABLE_ASSIGNMENT|[212]|tm|34200000
16:23:55.0 (33058363)|STATEMENT_EXECUTE|[208]
16:23:55.0 (33060007)|STATEMENT_EXECUTE|[209]
16:23:55.0 (33061558)|STATEMENT_EXECUTE|[210]
16:23:55.0 (33072084)|STATEMENT_EXECUTE|[212]
16:23:55.0 (33073770)|STATEMENT_EXECUTE|[213]
16:23:55.0 (33085398)|VARIABLE_ASSIGNMENT|[EXTERNAL]|this|{}|0x4512941e
16:23:55.0 (33094022)|VARIABLE_ASSIGNMENT|[EXTERNAL]|value|false
16:23:55.0 (33099265)|HEAP_ALLOCATE|[209]|Bytes:5
16:23:55.0 (33106373)|VARIABLE_ASSIGNMENT|[209]|this.selected|false|0x4512941e
16:23:55.0 (33115102)|STATEMENT_EXECUTE|[214]
16:23:55.0 (33126523)|VARIABLE_ASSIGNMENT|[EXTERNAL]|this|{"selected":false}|0x4512941e
16:23:55.0 (33135372)|VARIABLE_ASSIGNMENT|[EXTERNAL]|value|34200000
16:23:55.0 (33142566)|VARIABLE_ASSIGNMENT|[210]|this.t|34200000|0x4512941e
16:23:55.0 (33156790)|CONSTRUCTOR_EXIT|[114]|01p0H000007gCe8|<init>(Boolean,Time)
16:23:55.0 (33167680)|HEAP_ALLOCATE|[EXTERNAL]|Bytes:4
16:23:55.0 (33179965)|HEAP_ALLOCATE|[107]|Bytes:28
16:23:55.0 (33183807)|HEAP_ALLOCATE|[107]|Bytes:28
16:23:55.0 (33205365)|STATEMENT_EXECUTE|[107]
16:23:55.0 (33207327)|STATEMENT_EXECUTE|[108]
16:23:55.0 (33216517)|USER_DEBUG|[108]|DEBUG|09:30:00.000Z
16:23:55.0 (33223651)|STATEMENT_EXECUTE|[109]
16:23:55.0 (33233456)|HEAP_ALLOCATE|[109]|Bytes:4
16:23:55.0 (33246756)|VARIABLE_ASSIGNMENT|[109]|t|36000000
16:23:55.0 (33251794)|STATEMENT_EXECUTE|[110]
16:23:55.0 (33257305)|HEAP_ALLOCATE|[110]|Bytes:28
16:23:55.0 (33270025)|HEAP_ALLOCATE|[110]|Bytes:28
16:23:55.0 (33282111)|VARIABLE_ASSIGNMENT|[110]|i1|1.0
16:23:55.0 (33286156)|STATEMENT_EXECUTE|[111]
16:23:55.0 (33316795)|VARIABLE_ASSIGNMENT|[EXTERNAL]|this|{"aptdum":"0x4f088f23","Docdum":"0x6c874139","Docmap":"0x79b96793","Initialselected":0,"Selecteddoc":"a260H000001koYlQAI","SelectedtimeSlot":30,"timelist":"0x1c893048","timeset":"0x1b04149e","timewraplist":"0x74614610","timewraplistInitial":"0x2d7f1c1d"}|0x17862058
16:23:55.0 (33332070)|HEAP_ALLOCATE|[EXTERNAL]|Bytes:4
16:23:55.0 (33344487)|STATEMENT_EXECUTE|[113]
16:23:55.0 (33346288)|STATEMENT_EXECUTE|[114]
16:23:55.0 (33370910)|VARIABLE_ASSIGNMENT|[EXTERNAL]|this|{"aptdum":"0x4f088f23","Docdum":"0x6c874139","Docmap":"0x79b96793","Initialselected":0,"Selecteddoc":"a260H000001koYlQAI","SelectedtimeSlot":30,"timelist":"0x1c893048","timeset":"0x1b04149e","timewraplist":"0x74614610","timewraplistInitial":"0x2d7f1c1d"}|0x17862058
16:23:55.0 (33383216)|HEAP_ALLOCATE|[114]|Bytes:12
16:23:55.0 (33393802)|CONSTRUCTOR_ENTRY|[114]|01p0H000007gCe8|<init>(Boolean,Time)
16:23:55.0 (33399628)|VARIABLE_SCOPE_BEGIN|[212]|this|docappcontroller.Wrapertimeslot|true|false
16:23:55.0 (33411997)|VARIABLE_ASSIGNMENT|[212]|this|{}|0x481f8452
16:23:55.0 (33418948)|VARIABLE_SCOPE_BEGIN|[212]|selection|Boolean|false|false
16:23:55.0 (33427079)|VARIABLE_ASSIGNMENT|[212]|selection|false
16:23:55.0 (33431183)|VARIABLE_SCOPE_BEGIN|[212]|tm|Time|false|false
16:23:55.0 (33438803)|VARIABLE_ASSIGNMENT|[212]|tm|36000000
16:23:55.0 (33443308)|STATEMENT_EXECUTE|[208]
16:23:55.0 (33445256)|STATEMENT_EXECUTE|[209]
16:23:55.0 (33446756)|STATEMENT_EXECUTE|[210]
16:23:55.0 (33460829)|STATEMENT_EXECUTE|[212]
16:23:55.0 (33462626)|STATEMENT_EXECUTE|[213]
16:23:55.0 (33474106)|VARIABLE_ASSIGNMENT|[EXTERNAL]|this|{}|0x481f8452
16:23:55.0 (33483072)|VARIABLE_ASSIGNMENT|[EXTERNAL]|value|false
16:23:55.0 (33488709)|HEAP_ALLOCATE|[209]|Bytes:5
16:23:55.0 (33494655)|VARIABLE_ASSIGNMENT|[209]|this.selected|false|0x481f8452
16:23:55.0 (33501848)|STATEMENT_EXECUTE|[214]
16:23:55.0 (33512908)|VARIABLE_ASSIGNMENT|[EXTERNAL]|this|{"selected":false}|0x481f8452
16:23:55.0 (33521659)|VARIABLE_ASSIGNMENT|[EXTERNAL]|value|36000000
16:23:55.0 (33529140)|VARIABLE_ASSIGNMENT|[210]|this.t|36000000|0x481f8452
16:23:55.0 (33542996)|CONSTRUCTOR_EXIT|[114]|01p0H000007gCe8|<init>(Boolean,Time)
16:23:55.0 (33552381)|HEAP_ALLOCATE|[EXTERNAL]|Bytes:4
16:23:55.0 (33564301)|HEAP_ALLOCATE|[107]|Bytes:28
16:23:55.0 (33568163)|HEAP_ALLOCATE|[107]|Bytes:28
16:23:55.0 (33587670)|STATEMENT_EXECUTE|[107]
16:23:55.0 (33589417)|STATEMENT_EXECUTE|[108]
16:23:55.0 (33597525)|USER_DEBUG|[108]|DEBUG|10:00:00.000Z
16:23:55.0 (33604721)|STATEMENT_EXECUTE|[109]
16:23:55.0 (33613537)|HEAP_ALLOCATE|[109]|Bytes:4
16:23:55.0 (33626925)|VARIABLE_ASSIGNMENT|[109]|t|37800000
16:23:55.0 (33631730)|STATEMENT_EXECUTE|[110]
16:23:55.0 (33636649)|HEAP_ALLOCATE|[110]|Bytes:28
16:23:55.0 (33648790)|HEAP_ALLOCATE|[110]|Bytes:28
16:23:55.0 (33660048)|VARIABLE_ASSIGNMENT|[110]|i1|1.5
16:23:55.0 (33664651)|STATEMENT_EXECUTE|[111]
16:23:55.0 (33693789)|VARIABLE_ASSIGNMENT|[EXTERNAL]|this|{"aptdum":"0x4f088f23","Docdum":"0x6c874139","Docmap":"0x79b96793","Initialselected":0,"Selecteddoc":"a260H000001koYlQAI","SelectedtimeSlot":30,"timelist":"0x1c893048","timeset":"0x1b04149e","timewraplist":"0x74614610","timewraplistInitial":"0x2d7f1c1d"}|0x17862058
16:23:55.0 (33708909)|HEAP_ALLOCATE|[EXTERNAL]|Bytes:4
16:23:55.0 (33721720)|STATEMENT_EXECUTE|[113]
16:23:55.0 (33723352)|STATEMENT_EXECUTE|[114]
16:23:55.0 (33747736)|VARIABLE_ASSIGNMENT|[EXTERNAL]|this|{"aptdum":"0x4f088f23","Docdum":"0x6c874139","Docmap":"0x79b96793","Initialselected":0,"Selecteddoc":"a260H000001koYlQAI","SelectedtimeSlot":30,"timelist":"0x1c893048","timeset":"0x1b04149e","timewraplist":"0x74614610","timewraplistInitial":"0x2d7f1c1d"}|0x17862058
16:23:55.0 (33764678)|HEAP_ALLOCATE|[114]|Bytes:12
16:23:55.0 (33775751)|CONSTRUCTOR_ENTRY|[114]|01p0H000007gCe8|<init>(Boolean,Time)
16:23:55.0 (33781176)|VARIABLE_SCOPE_BEGIN|[212]|this|docappcontroller.Wrapertimeslot|true|false
16:23:55.0 (33793898)|VARIABLE_ASSIGNMENT|[212]|this|{}|0x3edf4582
16:23:55.0 (33800471)|VARIABLE_SCOPE_BEGIN|[212]|selection|Boolean|false|false
16:23:55.0 (33808915)|VARIABLE_ASSIGNMENT|[212]|selection|false
16:23:55.0 (33813168)|VARIABLE_SCOPE_BEGIN|[212]|tm|Time|false|false
16:23:55.0 (33820590)|VARIABLE_ASSIGNMENT|[212]|tm|37800000
16:23:55.0 (33824934)|STATEMENT_EXECUTE|[208]
16:23:55.0 (33826845)|STATEMENT_EXECUTE|[209]
16:23:55.0 (33828532)|STATEMENT_EXECUTE|[210]
16:23:55.0 (33837447)|STATEMENT_EXECUTE|[212]
16:23:55.0 (33839009)|STATEMENT_EXECUTE|[213]
16:23:55.0 (33849755)|VARIABLE_ASSIGNMENT|[EXTERNAL]|this|{}|0x3edf4582
16:23:55.0 (33858446)|VARIABLE_ASSIGNMENT|[EXTERNAL]|value|false
16:23:55.0 (33863370)|HEAP_ALLOCATE|[209]|Bytes:5
16:23:55.0 (33869165)|VARIABLE_ASSIGNMENT|[209]|this.selected|false|0x3edf4582
16:23:55.0 (33876536)|STATEMENT_EXECUTE|[214]
16:23:55.0 (33887361)|VARIABLE_ASSIGNMENT|[EXTERNAL]|this|{"selected":false}|0x3edf4582
16:23:55.0 (33896985)|VARIABLE_ASSIGNMENT|[EXTERNAL]|value|37800000
16:23:55.0 (33904605)|VARIABLE_ASSIGNMENT|[210]|this.t|37800000|0x3edf4582
16:23:55.0 (33917853)|CONSTRUCTOR_EXIT|[114]|01p0H000007gCe8|<init>(Boolean,Time)
16:23:55.0 (33926591)|HEAP_ALLOCATE|[EXTERNAL]|Bytes:4
16:23:55.0 (33937244)|HEAP_ALLOCATE|[107]|Bytes:28
16:23:55.0 (33941126)|HEAP_ALLOCATE|[107]|Bytes:28
16:23:55.0 (33959072)|STATEMENT_EXECUTE|[107]
16:23:55.0 (33960994)|STATEMENT_EXECUTE|[108]
16:23:55.0 (33968429)|USER_DEBUG|[108]|DEBUG|10:30:00.000Z
16:23:55.0 (33974906)|STATEMENT_EXECUTE|[109]
16:23:55.0 (33983539)|HEAP_ALLOCATE|[109]|Bytes:4
16:23:55.0 (33996027)|VARIABLE_ASSIGNMENT|[109]|t|39600000
16:23:55.0 (34000931)|STATEMENT_EXECUTE|[110]
16:23:55.0 (34006253)|HEAP_ALLOCATE|[110]|Bytes:28
16:23:55.0 (34018706)|HEAP_ALLOCATE|[110]|Bytes:28
16:23:55.0 (34035429)|VARIABLE_ASSIGNMENT|[110]|i1|2.0
16:23:55.0 (34040469)|STATEMENT_EXECUTE|[111]
16:23:55.0 (34069903)|VARIABLE_ASSIGNMENT|[EXTERNAL]|this|{"aptdum":"0x4f088f23","Docdum":"0x6c874139","Docmap":"0x79b96793","Initialselected":0,"Selecteddoc":"a260H000001koYlQAI","SelectedtimeSlot":30,"timelist":"0x1c893048","timeset":"0x1b04149e","timewraplist":"0x74614610","timewraplistInitial":"0x2d7f1c1d"}|0x17862058
16:23:55.0 (34084685)|HEAP_ALLOCATE|[EXTERNAL]|Bytes:4
16:23:55.0 (34096948)|STATEMENT_EXECUTE|[113]
16:23:55.0 (34098592)|STATEMENT_EXECUTE|[114]
16:23:55.0 (34123213)|VARIABLE_ASSIGNMENT|[EXTERNAL]|this|{"aptdum":"0x4f088f23","Docdum":"0x6c874139","Docmap":"0x79b96793","Initialselected":0,"Selecteddoc":"a260H000001koYlQAI","SelectedtimeSlot":30,"timelist":"0x1c893048","timeset":"0x1b04149e","timewraplist":"0x74614610","timewraplistInitial":"0x2d7f1c1d"}|0x17862058
16:23:55.0 (34135866)|HEAP_ALLOCATE|[114]|Bytes:12
16:23:55.0 (34146251)|CONSTRUCTOR_ENTRY|[114]|01p0H000007gCe8|<init>(Boolean,Time)
16:23:55.0 (34151480)|VARIABLE_SCOPE_BEGIN|[212]|this|docappcontroller.Wrapertimeslot|true|false
16:23:55.0 (34164189)|VARIABLE_ASSIGNMENT|[212]|this|{}|0x64899fd
16:23:55.0 (34170214)|VARIABLE_SCOPE_BEGIN|[212]|selection|Boolean|false|false
16:23:55.0 (34178121)|VARIABLE_ASSIGNMENT|[212]|selection|false
16:23:55.0 (34181439)|VARIABLE_SCOPE_BEGIN|[212]|tm|Time|false|false
16:23:55.0 (34189011)|VARIABLE_ASSIGNMENT|[212]|tm|39600000
16:23:55.0 (34193412)|STATEMENT_EXECUTE|[208]
16:23:55.0 (34195002)|STATEMENT_EXECUTE|[209]
16:23:55.0 (34196483)|STATEMENT_EXECUTE|[210]
16:23:55.0 (34204734)|STATEMENT_EXECUTE|[212]
16:23:55.0 (34206286)|STATEMENT_EXECUTE|[213]
16:23:55.0 (34217111)|VARIABLE_ASSIGNMENT|[EXTERNAL]|this|{}|0x64899fd
16:23:55.0 (34225498)|VARIABLE_ASSIGNMENT|[EXTERNAL]|value|false
16:23:55.0 (34230912)|HEAP_ALLOCATE|[209]|Bytes:5
16:23:55.0 (34236869)|VARIABLE_ASSIGNMENT|[209]|this.selected|false|0x64899fd
16:23:55.0 (34244472)|STATEMENT_EXECUTE|[214]
16:23:55.0 (34255298)|VARIABLE_ASSIGNMENT|[EXTERNAL]|this|{"selected":false}|0x64899fd
16:23:55.0 (34264652)|VARIABLE_ASSIGNMENT|[EXTERNAL]|value|39600000
16:23:55.0 (34272208)|VARIABLE_ASSIGNMENT|[210]|this.t|39600000|0x64899fd
16:23:55.0 (34285612)|CONSTRUCTOR_EXIT|[114]|01p0H000007gCe8|<init>(Boolean,Time)
16:23:55.0 (34294667)|HEAP_ALLOCATE|[EXTERNAL]|Bytes:4
16:23:55.0 (34305231)|HEAP_ALLOCATE|[107]|Bytes:28
16:23:55.0 (34308904)|HEAP_ALLOCATE|[107]|Bytes:28
16:23:55.0 (34327326)|STATEMENT_EXECUTE|[107]
16:23:55.0 (34329049)|STATEMENT_EXECUTE|[108]
16:23:55.0 (34336945)|USER_DEBUG|[108]|DEBUG|11:00:00.000Z
16:23:55.0 (34343073)|STATEMENT_EXECUTE|[109]
16:23:55.0 (34351271)|HEAP_ALLOCATE|[109]|Bytes:4
16:23:55.0 (34364376)|VARIABLE_ASSIGNMENT|[109]|t|41400000
16:23:55.0 (34369441)|STATEMENT_EXECUTE|[110]
16:23:55.0 (34374006)|HEAP_ALLOCATE|[110]|Bytes:28
16:23:55.0 (34385916)|HEAP_ALLOCATE|[110]|Bytes:28
16:23:55.0 (34397513)|VARIABLE_ASSIGNMENT|[110]|i1|2.5
16:23:55.0 (34402244)|STATEMENT_EXECUTE|[111]
16:23:55.0 (34431219)|VARIABLE_ASSIGNMENT|[EXTERNAL]|this|{"aptdum":"0x4f088f23","Docdum":"0x6c874139","Docmap":"0x79b96793","Initialselected":0,"Selecteddoc":"a260H000001koYlQAI","SelectedtimeSlot":30,"timelist":"0x1c893048","timeset":"0x1b04149e","timewraplist":"0x74614610","timewraplistInitial":"0x2d7f1c1d"}|0x17862058
16:23:55.0 (34446665)|HEAP_ALLOCATE|[EXTERNAL]|Bytes:4
16:23:55.0 (34458617)|STATEMENT_EXECUTE|[113]
16:23:55.0 (34460297)|STATEMENT_EXECUTE|[114]
16:23:55.0 (34484865)|VARIABLE_ASSIGNMENT|[EXTERNAL]|this|{"aptdum":"0x4f088f23","Docdum":"0x6c874139","Docmap":"0x79b96793","Initialselected":0,"Selecteddoc":"a260H000001koYlQAI","SelectedtimeSlot":30,"timelist":"0x1c893048","timeset":"0x1b04149e","timewraplist":"0x74614610","timewraplistInitial":"0x2d7f1c1d"}|0x17862058
16:23:55.0 (34497269)|HEAP_ALLOCATE|[114]|Bytes:12
16:23:55.0 (34507894)|CONSTRUCTOR_ENTRY|[114]|01p0H000007gCe8|<init>(Boolean,Time)
16:23:55.0 (34513234)|VARIABLE_SCOPE_BEGIN|[212]|this|docappcontroller.Wrapertimeslot|true|false
16:23:55.0 (34525982)|VARIABLE_ASSIGNMENT|[212]|this|{}|0x4c947a10
16:23:55.0 (34531950)|VARIABLE_SCOPE_BEGIN|[212]|selection|Boolean|false|false
16:23:55.0 (34539265)|VARIABLE_ASSIGNMENT|[212]|selection|false
16:23:55.0 (34542935)|VARIABLE_SCOPE_BEGIN|[212]|tm|Time|false|false
16:23:55.0 (34554754)|VARIABLE_ASSIGNMENT|[212]|tm|41400000
16:23:55.0 (34559091)|STATEMENT_EXECUTE|[208]
16:23:55.0 (34560692)|STATEMENT_EXECUTE|[209]
16:23:55.0 (34562268)|STATEMENT_EXECUTE|[210]
16:23:55.0 (34570512)|STATEMENT_EXECUTE|[212]
16:23:55.0 (34572061)|STATEMENT_EXECUTE|[213]
16:23:55.0 (34582809)|VARIABLE_ASSIGNMENT|[EXTERNAL]|this|{}|0x4c947a10
16:23:55.0 (34592149)|VARIABLE_ASSIGNMENT|[EXTERNAL]|value|false
16:23:55.0 (34597073)|HEAP_ALLOCATE|[209]|Bytes:5
16:23:55.0 (34602644)|VARIABLE_ASSIGNMENT|[209]|this.selected|false|0x4c947a10
16:23:55.0 (34609937)|STATEMENT_EXECUTE|[214]
16:23:55.0 (34620712)|VARIABLE_ASSIGNMENT|[EXTERNAL]|this|{"selected":false}|0x4c947a10
16:23:55.0 (34629187)|VARIABLE_ASSIGNMENT|[EXTERNAL]|value|41400000
16:23:55.0 (34636779)|VARIABLE_ASSIGNMENT|[210]|this.t|41400000|0x4c947a10
16:23:55.0 (34650575)|CONSTRUCTOR_EXIT|[114]|01p0H000007gCe8|<init>(Boolean,Time)
16:23:55.0 (34659794)|HEAP_ALLOCATE|[EXTERNAL]|Bytes:4
16:23:55.0 (34670394)|HEAP_ALLOCATE|[107]|Bytes:28
16:23:55.0 (34674047)|HEAP_ALLOCATE|[107]|Bytes:28
16:23:55.0 (34692718)|STATEMENT_EXECUTE|[107]
16:23:55.0 (34694684)|STATEMENT_EXECUTE|[108]
16:23:55.0 (34702004)|USER_DEBUG|[108]|DEBUG|11:30:00.000Z
16:23:55.0 (34708435)|STATEMENT_EXECUTE|[109]
16:23:55.0 (34716394)|HEAP_ALLOCATE|[109]|Bytes:4
16:23:55.0 (34730401)|VARIABLE_ASSIGNMENT|[109]|t|43200000
16:23:55.0 (34735252)|STATEMENT_EXECUTE|[110]
16:23:55.0 (34739795)|HEAP_ALLOCATE|[110]|Bytes:28
16:23:55.0 (34752702)|HEAP_ALLOCATE|[110]|Bytes:28
16:23:55.0 (34768675)|VARIABLE_ASSIGNMENT|[110]|i1|3.0
16:23:55.0 (34773348)|STATEMENT_EXECUTE|[111]
16:23:55.0 (34803026)|VARIABLE_ASSIGNMENT|[EXTERNAL]|this|{"aptdum":"0x4f088f23","Docdum":"0x6c874139","Docmap":"0x79b96793","Initialselected":0,"Selecteddoc":"a260H000001koYlQAI","SelectedtimeSlot":30,"timelist":"0x1c893048","timeset":"0x1b04149e","timewraplist":"0x74614610","timewraplistInitial":"0x2d7f1c1d"}|0x17862058
16:23:55.0 (34819042)|HEAP_ALLOCATE|[EXTERNAL]|Bytes:4
16:23:55.0 (34831494)|STATEMENT_EXECUTE|[113]
16:23:55.0 (34833166)|STATEMENT_EXECUTE|[114]
16:23:55.0 (34857021)|VARIABLE_ASSIGNMENT|[EXTERNAL]|this|{"aptdum":"0x4f088f23","Docdum":"0x6c874139","Docmap":"0x79b96793","Initialselected":0,"Selecteddoc":"a260H000001koYlQAI","SelectedtimeSlot":30,"timelist":"0x1c893048","timeset":"0x1b04149e","timewraplist":"0x74614610","timewraplistInitial":"0x2d7f1c1d"}|0x17862058
16:23:55.0 (34870363)|HEAP_ALLOCATE|[114]|Bytes:12
16:23:55.0 (34880876)|CONSTRUCTOR_ENTRY|[114]|01p0H000007gCe8|<init>(Boolean,Time)
16:23:55.0 (34886225)|VARIABLE_SCOPE_BEGIN|[212]|this|docappcontroller.Wrapertimeslot|true|false
16:23:55.0 (34898963)|VARIABLE_ASSIGNMENT|[212]|this|{}|0xf4986a7
16:23:55.0 (34905073)|VARIABLE_SCOPE_BEGIN|[212]|selection|Boolean|false|false
16:23:55.0 (34912203)|VARIABLE_ASSIGNMENT|[212]|selection|false
16:23:55.0 (34916170)|VARIABLE_SCOPE_BEGIN|[212]|tm|Time|false|false
16:23:55.0 (34924259)|VARIABLE_ASSIGNMENT|[212]|tm|43200000
16:23:55.0 (34928787)|STATEMENT_EXECUTE|[208]
16:23:55.0 (34930399)|STATEMENT_EXECUTE|[209]
16:23:55.0 (34931879)|STATEMENT_EXECUTE|[210]
16:23:55.0 (34940441)|STATEMENT_EXECUTE|[212]
16:23:55.0 (34942036)|STATEMENT_EXECUTE|[213]
16:23:55.0 (34952396)|VARIABLE_ASSIGNMENT|[EXTERNAL]|this|{}|0xf4986a7
16:23:55.0 (34960617)|VARIABLE_ASSIGNMENT|[EXTERNAL]|value|false
16:23:55.0 (34965574)|HEAP_ALLOCATE|[209]|Bytes:5
16:23:55.0 (34971515)|VARIABLE_ASSIGNMENT|[209]|this.selected|false|0xf4986a7
16:23:55.0 (34978787)|STATEMENT_EXECUTE|[214]
16:23:55.0 (34989169)|VARIABLE_ASSIGNMENT|[EXTERNAL]|this|{"selected":false}|0xf4986a7
16:23:55.0 (34997901)|VARIABLE_ASSIGNMENT|[EXTERNAL]|value|43200000
16:23:55.0 (35004611)|VARIABLE_ASSIGNMENT|[210]|this.t|43200000|0xf4986a7
16:23:55.0 (35018359)|CONSTRUCTOR_EXIT|[114]|01p0H000007gCe8|<init>(Boolean,Time)
16:23:55.0 (35027972)|HEAP_ALLOCATE|[EXTERNAL]|Bytes:4
16:23:55.0 (35039255)|HEAP_ALLOCATE|[107]|Bytes:28
16:23:55.0 (35042951)|HEAP_ALLOCATE|[107]|Bytes:28
16:23:55.0 (35060815)|STATEMENT_EXECUTE|[107]
16:23:55.0 (35063149)|STATEMENT_EXECUTE|[108]
16:23:55.0 (35070607)|USER_DEBUG|[108]|DEBUG|12:00:00.000Z
16:23:55.0 (35076836)|STATEMENT_EXECUTE|[109]
16:23:55.0 (35085018)|HEAP_ALLOCATE|[109]|Bytes:4
16:23:55.0 (35101189)|VARIABLE_ASSIGNMENT|[109]|t|45000000
16:23:55.0 (35105686)|STATEMENT_EXECUTE|[110]
16:23:55.0 (35110194)|HEAP_ALLOCATE|[110]|Bytes:28
16:23:55.0 (35122955)|HEAP_ALLOCATE|[110]|Bytes:28
16:23:55.0 (35134495)|VARIABLE_ASSIGNMENT|[110]|i1|3.5
16:23:55.0 (35138488)|STATEMENT_EXECUTE|[111]
16:23:55.0 (35168043)|VARIABLE_ASSIGNMENT|[EXTERNAL]|this|{"aptdum":"0x4f088f23","Docdum":"0x6c874139","Docmap":"0x79b96793","Initialselected":0,"Selecteddoc":"a260H000001koYlQAI","SelectedtimeSlot":30,"timelist":"0x1c893048","timeset":"0x1b04149e","timewraplist":"0x74614610","timewraplistInitial":"0x2d7f1c1d"}|0x17862058
16:23:55.0 (35183154)|HEAP_ALLOCATE|[EXTERNAL]|Bytes:4
16:23:55.0 (35195292)|STATEMENT_EXECUTE|[113]
16:23:55.0 (35196866)|STATEMENT_EXECUTE|[114]
16:23:55.0 (35222060)|VARIABLE_ASSIGNMENT|[EXTERNAL]|this|{"aptdum":"0x4f088f23","Docdum":"0x6c874139","Docmap":"0x79b96793","Initialselected":0,"Selecteddoc":"a260H000001koYlQAI","SelectedtimeSlot":30,"timelist":"0x1c893048","timeset":"0x1b04149e","timewraplist":"0x74614610","timewraplistInitial":"0x2d7f1c1d"}|0x17862058
16:23:55.0 (35234623)|HEAP_ALLOCATE|[114]|Bytes:12
16:23:55.0 (35245226)|CONSTRUCTOR_ENTRY|[114]|01p0H000007gCe8|<init>(Boolean,Time)
16:23:55.0 (35251389)|VARIABLE_SCOPE_BEGIN|[212]|this|docappcontroller.Wrapertimeslot|true|false
16:23:55.0 (35263433)|VARIABLE_ASSIGNMENT|[212]|this|{}|0x20b64b3
16:23:55.0 (35269558)|VARIABLE_SCOPE_BEGIN|[212]|selection|Boolean|false|false
16:23:55.0 (35276886)|VARIABLE_ASSIGNMENT|[212]|selection|false
16:23:55.0 (35280656)|VARIABLE_SCOPE_BEGIN|[212]|tm|Time|false|false
16:23:55.0 (35288746)|VARIABLE_ASSIGNMENT|[212]|tm|45000000
16:23:55.0 (35292649)|STATEMENT_EXECUTE|[208]
16:23:55.0 (35294334)|STATEMENT_EXECUTE|[209]
16:23:55.0 (35296164)|STATEMENT_EXECUTE|[210]
16:23:55.0 (35304521)|STATEMENT_EXECUTE|[212]
16:23:55.0 (35306089)|STATEMENT_EXECUTE|[213]
16:23:55.0 (35316972)|VARIABLE_ASSIGNMENT|[EXTERNAL]|this|{}|0x20b64b3
16:23:55.0 (35325826)|VARIABLE_ASSIGNMENT|[EXTERNAL]|value|false
16:23:55.0 (35331312)|HEAP_ALLOCATE|[209]|Bytes:5
16:23:55.0 (35337254)|VARIABLE_ASSIGNMENT|[209]|this.selected|false|0x20b64b3
16:23:55.0 (35344455)|STATEMENT_EXECUTE|[214]
16:23:55.0 (35355116)|VARIABLE_ASSIGNMENT|[EXTERNAL]|this|{"selected":false}|0x20b64b3
16:23:55.0 (35363852)|VARIABLE_ASSIGNMENT|[EXTERNAL]|value|45000000
16:23:55.0 (35370945)|VARIABLE_ASSIGNMENT|[210]|this.t|45000000|0x20b64b3
16:23:55.0 (35384431)|CONSTRUCTOR_EXIT|[114]|01p0H000007gCe8|<init>(Boolean,Time)
16:23:55.0 (35392992)|HEAP_ALLOCATE|[EXTERNAL]|Bytes:4
16:23:55.0 (35403619)|HEAP_ALLOCATE|[107]|Bytes:28
16:23:55.0 (35407252)|HEAP_ALLOCATE|[107]|Bytes:28
16:23:55.0 (35424802)|STATEMENT_EXECUTE|[107]
16:23:55.0 (35426478)|STATEMENT_EXECUTE|[108]
16:23:55.0 (35434018)|USER_DEBUG|[108]|DEBUG|12:30:00.000Z
16:23:55.0 (35441597)|STATEMENT_EXECUTE|[109]
16:23:55.0 (35449803)|HEAP_ALLOCATE|[109]|Bytes:4
16:23:55.0 (35462778)|VARIABLE_ASSIGNMENT|[109]|t|46800000
16:23:55.0 (35466990)|STATEMENT_EXECUTE|[110]
16:23:55.0 (35472019)|HEAP_ALLOCATE|[110]|Bytes:28
16:23:55.0 (35484965)|HEAP_ALLOCATE|[110]|Bytes:28
16:23:55.0 (35496036)|VARIABLE_ASSIGNMENT|[110]|i1|4.0
16:23:55.0 (35500360)|STATEMENT_EXECUTE|[111]
16:23:55.0 (35529042)|VARIABLE_ASSIGNMENT|[EXTERNAL]|this|{"aptdum":"0x4f088f23","Docdum":"0x6c874139","Docmap":"0x79b96793","Initialselected":0,"Selecteddoc":"a260H000001koYlQAI","SelectedtimeSlot":30,"timelist":"0x1c893048","timeset":"0x1b04149e","timewraplist":"0x74614610","timewraplistInitial":"0x2d7f1c1d"}|0x17862058
16:23:55.0 (35543557)|HEAP_ALLOCATE|[EXTERNAL]|Bytes:4
16:23:55.0 (35556334)|STATEMENT_EXECUTE|[113]
16:23:55.0 (35558035)|STATEMENT_EXECUTE|[114]
16:23:55.0 (35582936)|VARIABLE_ASSIGNMENT|[EXTERNAL]|this|{"aptdum":"0x4f088f23","Docdum":"0x6c874139","Docmap":"0x79b96793","Initialselected":0,"Selecteddoc":"a260H000001koYlQAI","SelectedtimeSlot":30,"timelist":"0x1c893048","timeset":"0x1b04149e","timewraplist":"0x74614610","timewraplistInitial":"0x2d7f1c1d"}|0x17862058
16:23:55.0 (35595469)|HEAP_ALLOCATE|[114]|Bytes:12
16:23:55.0 (35605870)|CONSTRUCTOR_ENTRY|[114]|01p0H000007gCe8|<init>(Boolean,Time)
16:23:55.0 (35611948)|VARIABLE_SCOPE_BEGIN|[212]|this|docappcontroller.Wrapertimeslot|true|false
16:23:55.0 (35624043)|VARIABLE_ASSIGNMENT|[212]|this|{}|0x1b926c0f
16:23:55.0 (35630301)|VARIABLE_SCOPE_BEGIN|[212]|selection|Boolean|false|false
16:23:55.0 (35641836)|VARIABLE_ASSIGNMENT|[212]|selection|false
16:23:55.0 (35645997)|VARIABLE_SCOPE_BEGIN|[212]|tm|Time|false|false
16:23:55.0 (35657128)|VARIABLE_ASSIGNMENT|[212]|tm|46800000
16:23:55.0 (35661868)|STATEMENT_EXECUTE|[208]
16:23:55.0 (35663417)|STATEMENT_EXECUTE|[209]
16:23:55.0 (35664939)|STATEMENT_EXECUTE|[210]
16:23:55.0 (35673801)|STATEMENT_EXECUTE|[212]
16:23:55.0 (35675401)|STATEMENT_EXECUTE|[213]
16:23:55.0 (35686617)|VARIABLE_ASSIGNMENT|[EXTERNAL]|this|{}|0x1b926c0f
16:23:55.0 (35695440)|VARIABLE_ASSIGNMENT|[EXTERNAL]|value|false
16:23:55.0 (35700754)|HEAP_ALLOCATE|[209]|Bytes:5
16:23:55.0 (35706366)|VARIABLE_ASSIGNMENT|[209]|this.selected|false|0x1b926c0f
16:23:55.0 (35714596)|STATEMENT_EXECUTE|[214]
16:23:55.0 (35725650)|VARIABLE_ASSIGNMENT|[EXTERNAL]|this|{"selected":false}|0x1b926c0f
16:23:55.0 (35734191)|VARIABLE_ASSIGNMENT|[EXTERNAL]|value|46800000
16:23:55.0 (35741520)|VARIABLE_ASSIGNMENT|[210]|this.t|46800000|0x1b926c0f
16:23:55.0 (35759041)|CONSTRUCTOR_EXIT|[114]|01p0H000007gCe8|<init>(Boolean,Time)
16:23:55.0 (35768564)|HEAP_ALLOCATE|[EXTERNAL]|Bytes:4
16:23:55.0 (35779231)|HEAP_ALLOCATE|[107]|Bytes:28
16:23:55.0 (35783028)|HEAP_ALLOCATE|[107]|Bytes:28
16:23:55.0 (35801115)|STATEMENT_EXECUTE|[107]
16:23:55.0 (35802840)|STATEMENT_EXECUTE|[108]
16:23:55.0 (35810641)|USER_DEBUG|[108]|DEBUG|13:00:00.000Z
16:23:55.0 (35816729)|STATEMENT_EXECUTE|[109]
16:23:55.0 (35824908)|HEAP_ALLOCATE|[109]|Bytes:4
16:23:55.0 (35838468)|VARIABLE_ASSIGNMENT|[109]|t|48600000
16:23:55.0 (35842864)|STATEMENT_EXECUTE|[110]
16:23:55.0 (35847345)|HEAP_ALLOCATE|[110]|Bytes:28
16:23:55.0 (35859865)|HEAP_ALLOCATE|[110]|Bytes:28
16:23:55.0 (35871028)|VARIABLE_ASSIGNMENT|[110]|i1|4.5
16:23:55.0 (35874961)|STATEMENT_EXECUTE|[111]
16:23:55.0 (35904269)|VARIABLE_ASSIGNMENT|[EXTERNAL]|this|{"aptdum":"0x4f088f23","Docdum":"0x6c874139","Docmap":"0x79b96793","Initialselected":0,"Selecteddoc":"a260H000001koYlQAI","SelectedtimeSlot":30,"timelist":"0x1c893048","timeset":"0x1b04149e","timewraplist":"0x74614610","timewraplistInitial":"0x2d7f1c1d"}|0x17862058
16:23:55.0 (35919053)|HEAP_ALLOCATE|[EXTERNAL]|Bytes:4
16:23:55.0 (35931253)|STATEMENT_EXECUTE|[113]
16:23:55.0 (35932938)|STATEMENT_EXECUTE|[114]
16:23:55.0 (35956885)|VARIABLE_ASSIGNMENT|[EXTERNAL]|this|{"aptdum":"0x4f088f23","Docdum":"0x6c874139","Docmap":"0x79b96793","Initialselected":0,"Selecteddoc":"a260H000001koYlQAI","SelectedtimeSlot":30,"timelist":"0x1c893048","timeset":"0x1b04149e","timewraplist":"0x74614610","timewraplistInitial":"0x2d7f1c1d"}|0x17862058
16:23:55.0 (35969547)|HEAP_ALLOCATE|[114]|Bytes:12
16:23:55.0 (35980315)|CONSTRUCTOR_ENTRY|[114]|01p0H000007gCe8|<init>(Boolean,Time)
16:23:55.0 (35985891)|VARIABLE_SCOPE_BEGIN|[212]|this|docappcontroller.Wrapertimeslot|true|false
16:23:55.0 (35997883)|VARIABLE_ASSIGNMENT|[212]|this|{}|0x42cfedc3
16:23:55.0 (36004539)|VARIABLE_SCOPE_BEGIN|[212]|selection|Boolean|false|false
16:23:55.0 (36012355)|VARIABLE_ASSIGNMENT|[212]|selection|false
16:23:55.0 (36016909)|VARIABLE_SCOPE_BEGIN|[212]|tm|Time|false|false
16:23:55.0 (36024526)|VARIABLE_ASSIGNMENT|[212]|tm|48600000
16:23:55.0 (36028652)|STATEMENT_EXECUTE|[208]
16:23:55.0 (36030260)|STATEMENT_EXECUTE|[209]
16:23:55.0 (36031779)|STATEMENT_EXECUTE|[210]
16:23:55.0 (36040031)|STATEMENT_EXECUTE|[212]
16:23:55.0 (36041609)|STATEMENT_EXECUTE|[213]
16:23:55.0 (36052116)|VARIABLE_ASSIGNMENT|[EXTERNAL]|this|{}|0x42cfedc3
16:23:55.0 (36060346)|VARIABLE_ASSIGNMENT|[EXTERNAL]|value|false
16:23:55.0 (36065328)|HEAP_ALLOCATE|[209]|Bytes:5
16:23:55.0 (36071147)|VARIABLE_ASSIGNMENT|[209]|this.selected|false|0x42cfedc3
16:23:55.0 (36078574)|STATEMENT_EXECUTE|[214]
16:23:55.0 (36089462)|VARIABLE_ASSIGNMENT|[EXTERNAL]|this|{"selected":false}|0x42cfedc3
16:23:55.0 (36098009)|VARIABLE_ASSIGNMENT|[EXTERNAL]|value|48600000
16:23:55.0 (36105240)|VARIABLE_ASSIGNMENT|[210]|this.t|48600000|0x42cfedc3
16:23:55.0 (36118739)|CONSTRUCTOR_EXIT|[114]|01p0H000007gCe8|<init>(Boolean,Time)
16:23:55.0 (36126841)|HEAP_ALLOCATE|[EXTERNAL]|Bytes:4
16:23:55.0 (36137289)|HEAP_ALLOCATE|[107]|Bytes:28
16:23:55.0 (36141422)|HEAP_ALLOCATE|[107]|Bytes:28
16:23:55.0 (36158720)|STATEMENT_EXECUTE|[107]
16:23:55.0 (36163575)|STATEMENT_EXECUTE|[108]
16:23:55.0 (36504741)|USER_DEBUG|[108]|DEBUG|13:30:00.000Z
16:23:55.0 (36513615)|STATEMENT_EXECUTE|[109]
16:23:55.0 (36523886)|HEAP_ALLOCATE|[109]|Bytes:4
16:23:55.0 (36539196)|VARIABLE_ASSIGNMENT|[109]|t|50400000
16:23:55.0 (36543573)|STATEMENT_EXECUTE|[110]
16:23:55.0 (36548689)|HEAP_ALLOCATE|[110]|Bytes:28
16:23:55.0 (36561550)|HEAP_ALLOCATE|[110]|Bytes:28
16:23:55.0 (36573105)|VARIABLE_ASSIGNMENT|[110]|i1|5.0
16:23:55.0 (36577386)|STATEMENT_EXECUTE|[111]
16:23:55.0 (36608166)|VARIABLE_ASSIGNMENT|[EXTERNAL]|this|{"aptdum":"0x4f088f23","Docdum":"0x6c874139","Docmap":"0x79b96793","Initialselected":0,"Selecteddoc":"a260H000001koYlQAI","SelectedtimeSlot":30,"timelist":"0x1c893048","timeset":"0x1b04149e","timewraplist":"0x74614610","timewraplistInitial":"0x2d7f1c1d"}|0x17862058
16:23:55.0 (36624140)|HEAP_ALLOCATE|[EXTERNAL]|Bytes:4
16:23:55.0 (36637117)|STATEMENT_EXECUTE|[113]
16:23:55.0 (36639136)|STATEMENT_EXECUTE|[114]
16:23:55.0 (36663762)|VARIABLE_ASSIGNMENT|[EXTERNAL]|this|{"aptdum":"0x4f088f23","Docdum":"0x6c874139","Docmap":"0x79b96793","Initialselected":0,"Selecteddoc":"a260H000001koYlQAI","SelectedtimeSlot":30,"timelist":"0x1c893048","timeset":"0x1b04149e","timewraplist":"0x74614610","timewraplistInitial":"0x2d7f1c1d"}|0x17862058
16:23:55.0 (36676573)|HEAP_ALLOCATE|[114]|Bytes:12
16:23:55.0 (36687655)|CONSTRUCTOR_ENTRY|[114]|01p0H000007gCe8|<init>(Boolean,Time)
16:23:55.0 (36693196)|VARIABLE_SCOPE_BEGIN|[212]|this|docappcontroller.Wrapertimeslot|true|false
16:23:55.0 (36705142)|VARIABLE_ASSIGNMENT|[212]|this|{}|0x11236e89
16:23:55.0 (36711458)|VARIABLE_SCOPE_BEGIN|[212]|selection|Boolean|false|false
16:23:55.0 (36719040)|VARIABLE_ASSIGNMENT|[212]|selection|false
16:23:55.0 (36722928)|VARIABLE_SCOPE_BEGIN|[212]|tm|Time|false|false
16:23:55.0 (36730756)|VARIABLE_ASSIGNMENT|[212]|tm|50400000
16:23:55.0 (36735674)|STATEMENT_EXECUTE|[208]
16:23:55.0 (36737316)|STATEMENT_EXECUTE|[209]
16:23:55.0 (36738871)|STATEMENT_EXECUTE|[210]
16:23:55.0 (36747841)|STATEMENT_EXECUTE|[212]
16:23:55.0 (36749422)|STATEMENT_EXECUTE|[213]
16:23:55.0 (36765256)|VARIABLE_ASSIGNMENT|[EXTERNAL]|this|{}|0x11236e89
16:23:55.0 (36774158)|VARIABLE_ASSIGNMENT|[EXTERNAL]|value|false
16:23:55.0 (36779555)|HEAP_ALLOCATE|[209]|Bytes:5
16:23:55.0 (36785473)|VARIABLE_ASSIGNMENT|[209]|this.selected|false|0x11236e89
16:23:55.0 (36792869)|STATEMENT_EXECUTE|[214]
16:23:55.0 (36803529)|VARIABLE_ASSIGNMENT|[EXTERNAL]|this|{"selected":false}|0x11236e89
16:23:55.0 (36812550)|VARIABLE_ASSIGNMENT|[EXTERNAL]|value|50400000
16:23:55.0 (36819489)|VARIABLE_ASSIGNMENT|[210]|this.t|50400000|0x11236e89
16:23:55.0 (36832729)|CONSTRUCTOR_EXIT|[114]|01p0H000007gCe8|<init>(Boolean,Time)
16:23:55.0 (36841660)|HEAP_ALLOCATE|[EXTERNAL]|Bytes:4
16:23:55.0 (36852701)|HEAP_ALLOCATE|[107]|Bytes:28
16:23:55.0 (36856407)|HEAP_ALLOCATE|[107]|Bytes:28
16:23:55.0 (36875233)|STATEMENT_EXECUTE|[107]
16:23:55.0 (36876913)|STATEMENT_EXECUTE|[108]
16:23:55.0 (36884682)|USER_DEBUG|[108]|DEBUG|14:00:00.000Z
16:23:55.0 (36891006)|STATEMENT_EXECUTE|[109]
16:23:55.0 (36899139)|HEAP_ALLOCATE|[109]|Bytes:4
16:23:55.0 (36912125)|VARIABLE_ASSIGNMENT|[109]|t|52200000
16:23:55.0 (36916683)|STATEMENT_EXECUTE|[110]
16:23:55.0 (36921158)|HEAP_ALLOCATE|[110]|Bytes:28
16:23:55.0 (36933315)|HEAP_ALLOCATE|[110]|Bytes:28
16:23:55.0 (36944723)|VARIABLE_ASSIGNMENT|[110]|i1|5.5
16:23:55.0 (36949308)|STATEMENT_EXECUTE|[111]
16:23:55.0 (36978033)|VARIABLE_ASSIGNMENT|[EXTERNAL]|this|{"aptdum":"0x4f088f23","Docdum":"0x6c874139","Docmap":"0x79b96793","Initialselected":0,"Selecteddoc":"a260H000001koYlQAI","SelectedtimeSlot":30,"timelist":"0x1c893048","timeset":"0x1b04149e","timewraplist":"0x74614610","timewraplistInitial":"0x2d7f1c1d"}|0x17862058
16:23:55.0 (36992200)|HEAP_ALLOCATE|[EXTERNAL]|Bytes:4
16:23:55.0 (37004526)|STATEMENT_EXECUTE|[113]
16:23:55.0 (37006735)|STATEMENT_EXECUTE|[114]
16:23:55.0 (37031477)|VARIABLE_ASSIGNMENT|[EXTERNAL]|this|{"aptdum":"0x4f088f23","Docdum":"0x6c874139","Docmap":"0x79b96793","Initialselected":0,"Selecteddoc":"a260H000001koYlQAI","SelectedtimeSlot":30,"timelist":"0x1c893048","timeset":"0x1b04149e","timewraplist":"0x74614610","timewraplistInitial":"0x2d7f1c1d"}|0x17862058
16:23:55.0 (37044174)|HEAP_ALLOCATE|[114]|Bytes:12
16:23:55.0 (37054311)|CONSTRUCTOR_ENTRY|[114]|01p0H000007gCe8|<init>(Boolean,Time)
16:23:55.0 (37059697)|VARIABLE_SCOPE_BEGIN|[212]|this|docappcontroller.Wrapertimeslot|true|false
16:23:55.0 (37072362)|VARIABLE_ASSIGNMENT|[212]|this|{}|0x5a68e5fb
16:23:55.0 (37082247)|VARIABLE_SCOPE_BEGIN|[212]|selection|Boolean|false|false
16:23:55.0 (37089892)|VARIABLE_ASSIGNMENT|[212]|selection|false
16:23:55.0 (37094058)|VARIABLE_SCOPE_BEGIN|[212]|tm|Time|false|false
16:23:55.0 (37101649)|VARIABLE_ASSIGNMENT|[212]|tm|52200000
16:23:55.0 (37105894)|STATEMENT_EXECUTE|[208]
16:23:55.0 (37107815)|STATEMENT_EXECUTE|[209]
16:23:55.0 (37109362)|STATEMENT_EXECUTE|[210]
16:23:55.0 (37117720)|STATEMENT_EXECUTE|[212]
16:23:55.0 (37119252)|STATEMENT_EXECUTE|[213]
16:23:55.0 (37130404)|VARIABLE_ASSIGNMENT|[EXTERNAL]|this|{}|0x5a68e5fb
16:23:55.0 (37138638)|VARIABLE_ASSIGNMENT|[EXTERNAL]|value|false
16:23:55.0 (37143714)|HEAP_ALLOCATE|[209]|Bytes:5
16:23:55.0 (37150015)|VARIABLE_ASSIGNMENT|[209]|this.selected|false|0x5a68e5fb
16:23:55.0 (37157794)|STATEMENT_EXECUTE|[214]
16:23:55.0 (37168680)|VARIABLE_ASSIGNMENT|[EXTERNAL]|this|{"selected":false}|0x5a68e5fb
16:23:55.0 (37177443)|VARIABLE_ASSIGNMENT|[EXTERNAL]|value|52200000
16:23:55.0 (37184590)|VARIABLE_ASSIGNMENT|[210]|this.t|52200000|0x5a68e5fb
16:23:55.0 (37198164)|CONSTRUCTOR_EXIT|[114]|01p0H000007gCe8|<init>(Boolean,Time)
16:23:55.0 (37206846)|HEAP_ALLOCATE|[EXTERNAL]|Bytes:4
16:23:55.0 (37218306)|HEAP_ALLOCATE|[107]|Bytes:28
16:23:55.0 (37222249)|HEAP_ALLOCATE|[107]|Bytes:28
16:23:55.0 (37240130)|STATEMENT_EXECUTE|[107]
16:23:55.0 (37241867)|STATEMENT_EXECUTE|[108]
16:23:55.0 (37249638)|USER_DEBUG|[108]|DEBUG|14:30:00.000Z
16:23:55.0 (37255978)|STATEMENT_EXECUTE|[109]
16:23:55.0 (37263943)|HEAP_ALLOCATE|[109]|Bytes:4
16:23:55.0 (37276772)|VARIABLE_ASSIGNMENT|[109]|t|54000000
16:23:55.0 (37281502)|STATEMENT_EXECUTE|[110]
16:23:55.0 (37285896)|HEAP_ALLOCATE|[110]|Bytes:28
16:23:55.0 (37298230)|HEAP_ALLOCATE|[110]|Bytes:28
16:23:55.0 (37309335)|VARIABLE_ASSIGNMENT|[110]|i1|6.0
16:23:55.0 (37313712)|STATEMENT_EXECUTE|[111]
16:23:55.0 (37342502)|VARIABLE_ASSIGNMENT|[EXTERNAL]|this|{"aptdum":"0x4f088f23","Docdum":"0x6c874139","Docmap":"0x79b96793","Initialselected":0,"Selecteddoc":"a260H000001koYlQAI","SelectedtimeSlot":30,"timelist":"0x1c893048","timeset":"0x1b04149e","timewraplist":"0x74614610","timewraplistInitial":"0x2d7f1c1d"}|0x17862058
16:23:55.0 (37356849)|HEAP_ALLOCATE|[EXTERNAL]|Bytes:4
16:23:55.0 (37369194)|STATEMENT_EXECUTE|[113]
16:23:55.0 (37370907)|STATEMENT_EXECUTE|[114]
16:23:55.0 (37395174)|VARIABLE_ASSIGNMENT|[EXTERNAL]|this|{"aptdum":"0x4f088f23","Docdum":"0x6c874139","Docmap":"0x79b96793","Initialselected":0,"Selecteddoc":"a260H000001koYlQAI","SelectedtimeSlot":30,"timelist":"0x1c893048","timeset":"0x1b04149e","timewraplist":"0x74614610","timewraplistInitial":"0x2d7f1c1d"}|0x17862058
16:23:55.0 (37407202)|HEAP_ALLOCATE|[114]|Bytes:12
16:23:55.0 (37417416)|CONSTRUCTOR_ENTRY|[114]|01p0H000007gCe8|<init>(Boolean,Time)
16:23:55.0 (37423283)|VARIABLE_SCOPE_BEGIN|[212]|this|docappcontroller.Wrapertimeslot|true|false
16:23:55.0 (37435906)|VARIABLE_ASSIGNMENT|[212]|this|{}|0x6b7d296e
16:23:55.0 (37442326)|VARIABLE_SCOPE_BEGIN|[212]|selection|Boolean|false|false
16:23:55.0 (37450093)|VARIABLE_ASSIGNMENT|[212]|selection|false
16:23:55.0 (37453652)|VARIABLE_SCOPE_BEGIN|[212]|tm|Time|false|false
16:23:55.0 (37462013)|VARIABLE_ASSIGNMENT|[212]|tm|54000000
16:23:55.0 (37466070)|STATEMENT_EXECUTE|[208]
16:23:55.0 (37467596)|STATEMENT_EXECUTE|[209]
16:23:55.0 (37469096)|STATEMENT_EXECUTE|[210]
16:23:55.0 (37477255)|STATEMENT_EXECUTE|[212]
16:23:55.0 (37478821)|STATEMENT_EXECUTE|[213]
16:23:55.0 (37489212)|VARIABLE_ASSIGNMENT|[EXTERNAL]|this|{}|0x6b7d296e
16:23:55.0 (37498021)|VARIABLE_ASSIGNMENT|[EXTERNAL]|value|false
16:23:55.0 (37502834)|HEAP_ALLOCATE|[209]|Bytes:5
16:23:55.0 (37509638)|VARIABLE_ASSIGNMENT|[209]|this.selected|false|0x6b7d296e
16:23:55.0 (37517001)|STATEMENT_EXECUTE|[214]
16:23:55.0 (37527516)|VARIABLE_ASSIGNMENT|[EXTERNAL]|this|{"selected":false}|0x6b7d296e
16:23:55.0 (37536174)|VARIABLE_ASSIGNMENT|[EXTERNAL]|value|54000000
16:23:55.0 (37551001)|VARIABLE_ASSIGNMENT|[210]|this.t|54000000|0x6b7d296e
16:23:55.0 (37564806)|CONSTRUCTOR_EXIT|[114]|01p0H000007gCe8|<init>(Boolean,Time)
16:23:55.0 (37576694)|HEAP_ALLOCATE|[EXTERNAL]|Bytes:4
16:23:55.0 (37588320)|HEAP_ALLOCATE|[107]|Bytes:28
16:23:55.0 (37592487)|HEAP_ALLOCATE|[107]|Bytes:28
16:23:55.0 (37610653)|STATEMENT_EXECUTE|[107]
16:23:55.0 (37612382)|STATEMENT_EXECUTE|[108]
16:23:55.0 (37619991)|USER_DEBUG|[108]|DEBUG|15:00:00.000Z
16:23:55.0 (37627027)|STATEMENT_EXECUTE|[109]
16:23:55.0 (37635087)|HEAP_ALLOCATE|[109]|Bytes:4
16:23:55.0 (37647974)|VARIABLE_ASSIGNMENT|[109]|t|55800000
16:23:55.0 (37652449)|STATEMENT_EXECUTE|[110]
16:23:55.0 (37657275)|HEAP_ALLOCATE|[110]|Bytes:28
16:23:55.0 (37669730)|HEAP_ALLOCATE|[110]|Bytes:28
16:23:55.0 (37680843)|VARIABLE_ASSIGNMENT|[110]|i1|6.5
16:23:55.0 (37685268)|STATEMENT_EXECUTE|[111]
16:23:55.0 (37714741)|VARIABLE_ASSIGNMENT|[EXTERNAL]|this|{"aptdum":"0x4f088f23","Docdum":"0x6c874139","Docmap":"0x79b96793","Initialselected":0,"Selecteddoc":"a260H000001koYlQAI","SelectedtimeSlot":30,"timelist":"0x1c893048","timeset":"0x1b04149e","timewraplist":"0x74614610","timewraplistInitial":"0x2d7f1c1d"}|0x17862058
16:23:55.0 (37730254)|HEAP_ALLOCATE|[EXTERNAL]|Bytes:4
16:23:55.0 (37743240)|STATEMENT_EXECUTE|[113]
16:23:55.0 (37744949)|STATEMENT_EXECUTE|[114]
16:23:55.0 (37773821)|VARIABLE_ASSIGNMENT|[EXTERNAL]|this|{"aptdum":"0x4f088f23","Docdum":"0x6c874139","Docmap":"0x79b96793","Initialselected":0,"Selecteddoc":"a260H000001koYlQAI","SelectedtimeSlot":30,"timelist":"0x1c893048","timeset":"0x1b04149e","timewraplist":"0x74614610","timewraplistInitial":"0x2d7f1c1d"}|0x17862058
16:23:55.0 (37787481)|HEAP_ALLOCATE|[114]|Bytes:12
16:23:55.0 (37798218)|CONSTRUCTOR_ENTRY|[114]|01p0H000007gCe8|<init>(Boolean,Time)
16:23:55.0 (37803532)|VARIABLE_SCOPE_BEGIN|[212]|this|docappcontroller.Wrapertimeslot|true|false
16:23:55.0 (37815963)|VARIABLE_ASSIGNMENT|[212]|this|{}|0x53271dd5
16:23:55.0 (37822377)|VARIABLE_SCOPE_BEGIN|[212]|selection|Boolean|false|false
16:23:55.0 (37829981)|VARIABLE_ASSIGNMENT|[212]|selection|false
16:23:55.0 (37833897)|VARIABLE_SCOPE_BEGIN|[212]|tm|Time|false|false
16:23:55.0 (37841839)|VARIABLE_ASSIGNMENT|[212]|tm|55800000
16:23:55.0 (37846611)|STATEMENT_EXECUTE|[208]
16:23:55.0 (37848304)|STATEMENT_EXECUTE|[209]
16:23:55.0 (37849934)|STATEMENT_EXECUTE|[210]
16:23:55.0 (37857919)|STATEMENT_EXECUTE|[212]
16:23:55.0 (37859513)|STATEMENT_EXECUTE|[213]
16:23:55.0 (37870164)|VARIABLE_ASSIGNMENT|[EXTERNAL]|this|{}|0x53271dd5
16:23:55.0 (37878256)|VARIABLE_ASSIGNMENT|[EXTERNAL]|value|false
16:23:55.0 (37884517)|HEAP_ALLOCATE|[209]|Bytes:5
16:23:55.0 (37890159)|VARIABLE_ASSIGNMENT|[209]|this.selected|false|0x53271dd5
16:23:55.0 (37897307)|STATEMENT_EXECUTE|[214]
16:23:55.0 (37907795)|VARIABLE_ASSIGNMENT|[EXTERNAL]|this|{"selected":false}|0x53271dd5
16:23:55.0 (37916150)|VARIABLE_ASSIGNMENT|[EXTERNAL]|value|55800000
16:23:55.0 (37923175)|VARIABLE_ASSIGNMENT|[210]|this.t|55800000|0x53271dd5
16:23:55.0 (37936313)|CONSTRUCTOR_EXIT|[114]|01p0H000007gCe8|<init>(Boolean,Time)
16:23:55.0 (37944983)|HEAP_ALLOCATE|[EXTERNAL]|Bytes:4
16:23:55.0 (37955385)|HEAP_ALLOCATE|[107]|Bytes:28
16:23:55.0 (37959221)|HEAP_ALLOCATE|[107]|Bytes:28
16:23:55.0 (37977623)|STATEMENT_EXECUTE|[107]
16:23:55.0 (37979342)|STATEMENT_EXECUTE|[108]
16:23:55.0 (37986576)|USER_DEBUG|[108]|DEBUG|15:30:00.000Z
16:23:55.0 (37993786)|STATEMENT_EXECUTE|[109]
16:23:55.0 (38002031)|HEAP_ALLOCATE|[109]|Bytes:4
16:23:55.0 (38015026)|VARIABLE_ASSIGNMENT|[109]|t|57600000
16:23:55.0 (38019084)|STATEMENT_EXECUTE|[110]
16:23:55.0 (38023607)|HEAP_ALLOCATE|[110]|Bytes:28
16:23:55.0 (38035690)|HEAP_ALLOCATE|[110]|Bytes:28
16:23:55.0 (38046495)|VARIABLE_ASSIGNMENT|[110]|i1|7.0
16:23:55.0 (38050887)|STATEMENT_EXECUTE|[111]
16:23:55.0 (38080136)|VARIABLE_ASSIGNMENT|[EXTERNAL]|this|{"aptdum":"0x4f088f23","Docdum":"0x6c874139","Docmap":"0x79b96793","Initialselected":0,"Selecteddoc":"a260H000001koYlQAI","SelectedtimeSlot":30,"timelist":"0x1c893048","timeset":"0x1b04149e","timewraplist":"0x74614610","timewraplistInitial":"0x2d7f1c1d"}|0x17862058
16:23:55.0 (38095012)|HEAP_ALLOCATE|[EXTERNAL]|Bytes:4
16:23:55.0 (38107047)|STATEMENT_EXECUTE|[113]
16:23:55.0 (38108709)|STATEMENT_EXECUTE|[114]
16:23:55.0 (38132518)|VARIABLE_ASSIGNMENT|[EXTERNAL]|this|{"aptdum":"0x4f088f23","Docdum":"0x6c874139","Docmap":"0x79b96793","Initialselected":0,"Selecteddoc":"a260H000001koYlQAI","SelectedtimeSlot":30,"timelist":"0x1c893048","timeset":"0x1b04149e","timewraplist":"0x74614610","timewraplistInitial":"0x2d7f1c1d"}|0x17862058
16:23:55.0 (38146148)|HEAP_ALLOCATE|[114]|Bytes:12
16:23:55.0 (38156141)|CONSTRUCTOR_ENTRY|[114]|01p0H000007gCe8|<init>(Boolean,Time)
16:23:55.0 (38164219)|VARIABLE_SCOPE_BEGIN|[212]|this|docappcontroller.Wrapertimeslot|true|false
16:23:55.0 (38177162)|VARIABLE_ASSIGNMENT|[212]|this|{}|0x2176b04b
16:23:55.0 (38183326)|VARIABLE_SCOPE_BEGIN|[212]|selection|Boolean|false|false
16:23:55.0 (38191077)|VARIABLE_ASSIGNMENT|[212]|selection|false
16:23:55.0 (38195048)|VARIABLE_SCOPE_BEGIN|[212]|tm|Time|false|false
16:23:55.0 (38203333)|VARIABLE_ASSIGNMENT|[212]|tm|57600000
16:23:55.0 (38207397)|STATEMENT_EXECUTE|[208]
16:23:55.0 (38208952)|STATEMENT_EXECUTE|[209]
16:23:55.0 (38210581)|STATEMENT_EXECUTE|[210]
16:23:55.0 (38218697)|STATEMENT_EXECUTE|[212]
16:23:55.0 (38220220)|STATEMENT_EXECUTE|[213]
16:23:55.0 (38230780)|VARIABLE_ASSIGNMENT|[EXTERNAL]|this|{}|0x2176b04b
16:23:55.0 (38239019)|VARIABLE_ASSIGNMENT|[EXTERNAL]|value|false
16:23:55.0 (38244483)|HEAP_ALLOCATE|[209]|Bytes:5
16:23:55.0 (38250202)|VARIABLE_ASSIGNMENT|[209]|this.selected|false|0x2176b04b
16:23:55.0 (38257129)|STATEMENT_EXECUTE|[214]
16:23:55.0 (38267596)|VARIABLE_ASSIGNMENT|[EXTERNAL]|this|{"selected":false}|0x2176b04b
16:23:55.0 (38276161)|VARIABLE_ASSIGNMENT|[EXTERNAL]|value|57600000
16:23:55.0 (38283333)|VARIABLE_ASSIGNMENT|[210]|this.t|57600000|0x2176b04b
16:23:55.0 (38296710)|CONSTRUCTOR_EXIT|[114]|01p0H000007gCe8|<init>(Boolean,Time)
16:23:55.0 (38305518)|HEAP_ALLOCATE|[EXTERNAL]|Bytes:4
16:23:55.0 (38316530)|HEAP_ALLOCATE|[107]|Bytes:28
16:23:55.0 (38320407)|HEAP_ALLOCATE|[107]|Bytes:28
16:23:55.0 (38338227)|STATEMENT_EXECUTE|[107]
16:23:55.0 (38339929)|STATEMENT_EXECUTE|[108]
16:23:55.0 (38347857)|USER_DEBUG|[108]|DEBUG|16:00:00.000Z
16:23:55.0 (38354674)|STATEMENT_EXECUTE|[109]
16:23:55.0 (38362455)|HEAP_ALLOCATE|[109]|Bytes:4
16:23:55.0 (38375330)|VARIABLE_ASSIGNMENT|[109]|t|59400000
16:23:55.0 (38379557)|STATEMENT_EXECUTE|[110]
16:23:55.0 (38384019)|HEAP_ALLOCATE|[110]|Bytes:28
16:23:55.0 (38396231)|HEAP_ALLOCATE|[110]|Bytes:28
16:23:55.0 (38407564)|VARIABLE_ASSIGNMENT|[110]|i1|7.5
16:23:55.0 (38411520)|STATEMENT_EXECUTE|[111]
16:23:55.0 (38439445)|VARIABLE_ASSIGNMENT|[EXTERNAL]|this|{"aptdum":"0x4f088f23","Docdum":"0x6c874139","Docmap":"0x79b96793","Initialselected":0,"Selecteddoc":"a260H000001koYlQAI","SelectedtimeSlot":30,"timelist":"0x1c893048","timeset":"0x1b04149e","timewraplist":"0x74614610","timewraplistInitial":"0x2d7f1c1d"}|0x17862058
16:23:55.0 (38454043)|HEAP_ALLOCATE|[EXTERNAL]|Bytes:4
16:23:55.0 (38466358)|STATEMENT_EXECUTE|[113]
16:23:55.0 (38467993)|STATEMENT_EXECUTE|[114]
16:23:55.0 (38493074)|VARIABLE_ASSIGNMENT|[EXTERNAL]|this|{"aptdum":"0x4f088f23","Docdum":"0x6c874139","Docmap":"0x79b96793","Initialselected":0,"Selecteddoc":"a260H000001koYlQAI","SelectedtimeSlot":30,"timelist":"0x1c893048","timeset":"0x1b04149e","timewraplist":"0x74614610","timewraplistInitial":"0x2d7f1c1d"}|0x17862058
16:23:55.0 (38505300)|HEAP_ALLOCATE|[114]|Bytes:12
16:23:55.0 (38515392)|CONSTRUCTOR_ENTRY|[114]|01p0H000007gCe8|<init>(Boolean,Time)
16:23:55.0 (38520574)|VARIABLE_SCOPE_BEGIN|[212]|this|docappcontroller.Wrapertimeslot|true|false
16:23:55.0 (38533210)|VARIABLE_ASSIGNMENT|[212]|this|{}|0x6b8415e0
16:23:55.0 (38539463)|VARIABLE_SCOPE_BEGIN|[212]|selection|Boolean|false|false
16:23:55.0 (38546899)|VARIABLE_ASSIGNMENT|[212]|selection|false
16:23:55.0 (38550342)|VARIABLE_SCOPE_BEGIN|[212]|tm|Time|false|false
16:23:55.0 (38558560)|VARIABLE_ASSIGNMENT|[212]|tm|59400000
16:23:55.0 (38562999)|STATEMENT_EXECUTE|[208]
16:23:55.0 (38564522)|STATEMENT_EXECUTE|[209]
16:23:55.0 (38566048)|STATEMENT_EXECUTE|[210]
16:23:55.0 (38574004)|STATEMENT_EXECUTE|[212]
16:23:55.0 (38575511)|STATEMENT_EXECUTE|[213]
16:23:55.0 (38586173)|VARIABLE_ASSIGNMENT|[EXTERNAL]|this|{}|0x6b8415e0
16:23:55.0 (38595648)|VARIABLE_ASSIGNMENT|[EXTERNAL]|value|false
16:23:55.0 (38601455)|HEAP_ALLOCATE|[209]|Bytes:5
16:23:55.0 (38606935)|VARIABLE_ASSIGNMENT|[209]|this.selected|false|0x6b8415e0
16:23:55.0 (38616919)|STATEMENT_EXECUTE|[214]
16:23:55.0 (38627994)|VARIABLE_ASSIGNMENT|[EXTERNAL]|this|{"selected":false}|0x6b8415e0
16:23:55.0 (38636848)|VARIABLE_ASSIGNMENT|[EXTERNAL]|value|59400000
16:23:55.0 (38645821)|VARIABLE_ASSIGNMENT|[210]|this.t|59400000|0x6b8415e0
16:23:55.0 (38665032)|CONSTRUCTOR_EXIT|[114]|01p0H000007gCe8|<init>(Boolean,Time)
16:23:55.0 (38673650)|HEAP_ALLOCATE|[EXTERNAL]|Bytes:4
16:23:55.0 (38699357)|HEAP_ALLOCATE|[107]|Bytes:28
16:23:55.0 (38703744)|HEAP_ALLOCATE|[107]|Bytes:28
16:23:55.0 (38723419)|STATEMENT_EXECUTE|[107]
16:23:55.0 (38725136)|STATEMENT_EXECUTE|[108]
16:23:55.0 (38733030)|USER_DEBUG|[108]|DEBUG|16:30:00.000Z
16:23:55.0 (38739443)|STATEMENT_EXECUTE|[109]
16:23:55.0 (38748439)|HEAP_ALLOCATE|[109]|Bytes:4
16:23:55.0 (38765799)|VARIABLE_ASSIGNMENT|[109]|t|61200000
16:23:55.0 (38770494)|STATEMENT_EXECUTE|[110]
16:23:55.0 (38775293)|HEAP_ALLOCATE|[110]|Bytes:28
16:23:55.0 (38788218)|HEAP_ALLOCATE|[110]|Bytes:28
16:23:55.0 (38799326)|VARIABLE_ASSIGNMENT|[110]|i1|8.0
16:23:55.0 (38803258)|STATEMENT_EXECUTE|[111]
16:23:55.0 (38833653)|VARIABLE_ASSIGNMENT|[EXTERNAL]|this|{"aptdum":"0x4f088f23","Docdum":"0x6c874139","Docmap":"0x79b96793","Initialselected":0,"Selecteddoc":"a260H000001koYlQAI","SelectedtimeSlot":30,"timelist":"0x1c893048","timeset":"0x1b04149e","timewraplist":"0x74614610","timewraplistInitial":"0x2d7f1c1d"}|0x17862058
16:23:55.0 (38849157)|HEAP_ALLOCATE|[EXTERNAL]|Bytes:4
16:23:55.0 (38861251)|STATEMENT_EXECUTE|[113]
16:23:55.0 (38862853)|STATEMENT_EXECUTE|[114]
16:23:55.0 (38886948)|VARIABLE_ASSIGNMENT|[EXTERNAL]|this|{"aptdum":"0x4f088f23","Docdum":"0x6c874139","Docmap":"0x79b96793","Initialselected":0,"Selecteddoc":"a260H000001koYlQAI","SelectedtimeSlot":30,"timelist":"0x1c893048","timeset":"0x1b04149e","timewraplist":"0x74614610","timewraplistInitial":"0x2d7f1c1d"}|0x17862058
16:23:55.0 (38899283)|HEAP_ALLOCATE|[114]|Bytes:12
16:23:55.0 (38909908)|CONSTRUCTOR_ENTRY|[114]|01p0H000007gCe8|<init>(Boolean,Time)
16:23:55.0 (38915628)|VARIABLE_SCOPE_BEGIN|[212]|this|docappcontroller.Wrapertimeslot|true|false
16:23:55.0 (38928453)|VARIABLE_ASSIGNMENT|[212]|this|{}|0x596b961e
16:23:55.0 (38934635)|VARIABLE_SCOPE_BEGIN|[212]|selection|Boolean|false|false
16:23:55.0 (38941664)|VARIABLE_ASSIGNMENT|[212]|selection|false
16:23:55.0 (38945679)|VARIABLE_SCOPE_BEGIN|[212]|tm|Time|false|false
16:23:55.0 (38954463)|VARIABLE_ASSIGNMENT|[212]|tm|61200000
16:23:55.0 (38958589)|STATEMENT_EXECUTE|[208]
16:23:55.0 (38960164)|STATEMENT_EXECUTE|[209]
16:23:55.0 (38961649)|STATEMENT_EXECUTE|[210]
16:23:55.0 (38969934)|STATEMENT_EXECUTE|[212]
16:23:55.0 (38971506)|STATEMENT_EXECUTE|[213]
16:23:55.0 (38982506)|VARIABLE_ASSIGNMENT|[EXTERNAL]|this|{}|0x596b961e
16:23:55.0 (38990946)|VARIABLE_ASSIGNMENT|[EXTERNAL]|value|false
16:23:55.0 (38995930)|HEAP_ALLOCATE|[209]|Bytes:5
16:23:55.0 (39002007)|VARIABLE_ASSIGNMENT|[209]|this.selected|false|0x596b961e
16:23:55.0 (39010445)|STATEMENT_EXECUTE|[214]
16:23:55.0 (39020909)|VARIABLE_ASSIGNMENT|[EXTERNAL]|this|{"selected":false}|0x596b961e
16:23:55.0 (39029226)|VARIABLE_ASSIGNMENT|[EXTERNAL]|value|61200000
16:23:55.0 (39036382)|VARIABLE_ASSIGNMENT|[210]|this.t|61200000|0x596b961e
16:23:55.0 (39049623)|CONSTRUCTOR_EXIT|[114]|01p0H000007gCe8|<init>(Boolean,Time)
16:23:55.0 (39058521)|HEAP_ALLOCATE|[EXTERNAL]|Bytes:4
16:23:55.0 (39069895)|HEAP_ALLOCATE|[107]|Bytes:28
16:23:55.0 (39073546)|HEAP_ALLOCATE|[107]|Bytes:28
16:23:55.0 (39091949)|STATEMENT_EXECUTE|[107]
16:23:55.0 (39093674)|STATEMENT_EXECUTE|[108]
16:23:55.0 (39101188)|USER_DEBUG|[108]|DEBUG|17:00:00.000Z
16:23:55.0 (39107856)|STATEMENT_EXECUTE|[109]
16:23:55.0 (39115670)|HEAP_ALLOCATE|[109]|Bytes:4
16:23:55.0 (39128325)|VARIABLE_ASSIGNMENT|[109]|t|63000000
16:23:55.0 (39134078)|STATEMENT_EXECUTE|[110]
16:23:55.0 (39139598)|HEAP_ALLOCATE|[110]|Bytes:28
16:23:55.0 (39154153)|HEAP_ALLOCATE|[110]|Bytes:28
16:23:55.0 (39165634)|VARIABLE_ASSIGNMENT|[110]|i1|8.5
16:23:55.0 (39169721)|STATEMENT_EXECUTE|[111]
16:23:55.0 (39198615)|VARIABLE_ASSIGNMENT|[EXTERNAL]|this|{"aptdum":"0x4f088f23","Docdum":"0x6c874139","Docmap":"0x79b96793","Initialselected":0,"Selecteddoc":"a260H000001koYlQAI","SelectedtimeSlot":30,"timelist":"0x1c893048","timeset":"0x1b04149e","timewraplist":"0x74614610","timewraplistInitial":"0x2d7f1c1d"}|0x17862058
16:23:55.0 (39213057)|HEAP_ALLOCATE|[EXTERNAL]|Bytes:4
16:23:55.0 (39225935)|STATEMENT_EXECUTE|[113]
16:23:55.0 (39227545)|STATEMENT_EXECUTE|[114]
16:23:55.0 (39284564)|VARIABLE_ASSIGNMENT|[EXTERNAL]|this|{"aptdum":"0x4f088f23","Docdum":"0x6c874139","Docmap":"0x79b96793","Initialselected":0,"Selecteddoc":"a260H000001koYlQAI","SelectedtimeSlot":30,"timelist":"0x1c893048","timeset":"0x1b04149e","timewraplist":"0x74614610","timewraplistInitial":"0x2d7f1c1d"}|0x17862058
16:23:55.0 (39303416)|HEAP_ALLOCATE|[114]|Bytes:12
16:23:55.0 (39315556)|CONSTRUCTOR_ENTRY|[114]|01p0H000007gCe8|<init>(Boolean,Time)
16:23:55.0 (39321239)|VARIABLE_SCOPE_BEGIN|[212]|this|docappcontroller.Wrapertimeslot|true|false
16:23:55.0 (39334176)|VARIABLE_ASSIGNMENT|[212]|this|{}|0x3d04bb8f
16:23:55.0 (39340282)|VARIABLE_SCOPE_BEGIN|[212]|selection|Boolean|false|false
16:23:55.0 (39347738)|VARIABLE_ASSIGNMENT|[212]|selection|false
16:23:55.0 (39351225)|VARIABLE_SCOPE_BEGIN|[212]|tm|Time|false|false
16:23:55.0 (39358797)|VARIABLE_ASSIGNMENT|[212]|tm|63000000
16:23:55.0 (39362915)|STATEMENT_EXECUTE|[208]
16:23:55.0 (39364470)|STATEMENT_EXECUTE|[209]
16:23:55.0 (39366111)|STATEMENT_EXECUTE|[210]
16:23:55.0 (39374716)|STATEMENT_EXECUTE|[212]
16:23:55.0 (39376270)|STATEMENT_EXECUTE|[213]
16:23:55.0 (39388003)|VARIABLE_ASSIGNMENT|[EXTERNAL]|this|{}|0x3d04bb8f
16:23:55.0 (39396420)|VARIABLE_ASSIGNMENT|[EXTERNAL]|value|false
16:23:55.0 (39401279)|HEAP_ALLOCATE|[209]|Bytes:5
16:23:55.0 (39407964)|VARIABLE_ASSIGNMENT|[209]|this.selected|false|0x3d04bb8f
16:23:55.0 (39415321)|STATEMENT_EXECUTE|[214]
16:23:55.0 (39426061)|VARIABLE_ASSIGNMENT|[EXTERNAL]|this|{"selected":false}|0x3d04bb8f
16:23:55.0 (39435344)|VARIABLE_ASSIGNMENT|[EXTERNAL]|value|63000000
16:23:55.0 (39442158)|VARIABLE_ASSIGNMENT|[210]|this.t|63000000|0x3d04bb8f
16:23:55.0 (39455677)|CONSTRUCTOR_EXIT|[114]|01p0H000007gCe8|<init>(Boolean,Time)
16:23:55.0 (39464731)|HEAP_ALLOCATE|[EXTERNAL]|Bytes:4
16:23:55.0 (39475889)|HEAP_ALLOCATE|[107]|Bytes:28
16:23:55.0 (39479689)|HEAP_ALLOCATE|[107]|Bytes:28
16:23:55.0 (39498395)|STATEMENT_EXECUTE|[107]
16:23:55.0 (39500140)|STATEMENT_EXECUTE|[108]
16:23:55.0 (39507847)|USER_DEBUG|[108]|DEBUG|17:30:00.000Z
16:23:55.0 (39514854)|STATEMENT_EXECUTE|[109]
16:23:55.0 (39523011)|HEAP_ALLOCATE|[109]|Bytes:4
16:23:55.0 (39535828)|VARIABLE_ASSIGNMENT|[109]|t|64800000
16:23:55.0 (39540365)|STATEMENT_EXECUTE|[110]
16:23:55.0 (39545064)|HEAP_ALLOCATE|[110]|Bytes:28
16:23:55.0 (39557526)|HEAP_ALLOCATE|[110]|Bytes:28
16:23:55.0 (39569484)|VARIABLE_ASSIGNMENT|[110]|i1|9.0
16:23:55.0 (39574165)|STATEMENT_EXECUTE|[111]
16:23:55.0 (39602524)|VARIABLE_ASSIGNMENT|[EXTERNAL]|this|{"aptdum":"0x4f088f23","Docdum":"0x6c874139","Docmap":"0x79b96793","Initialselected":0,"Selecteddoc":"a260H000001koYlQAI","SelectedtimeSlot":30,"timelist":"0x1c893048","timeset":"0x1b04149e","timewraplist":"0x74614610","timewraplistInitial":"0x2d7f1c1d"}|0x17862058
16:23:55.0 (39617305)|HEAP_ALLOCATE|[EXTERNAL]|Bytes:4
16:23:55.0 (39629557)|STATEMENT_EXECUTE|[113]
16:23:55.0 (39631198)|STATEMENT_EXECUTE|[114]
16:23:55.0 (39655672)|VARIABLE_ASSIGNMENT|[EXTERNAL]|this|{"aptdum":"0x4f088f23","Docdum":"0x6c874139","Docmap":"0x79b96793","Initialselected":0,"Selecteddoc":"a260H000001koYlQAI","SelectedtimeSlot":30,"timelist":"0x1c893048","timeset":"0x1b04149e","timewraplist":"0x74614610","timewraplistInitial":"0x2d7f1c1d"}|0x17862058
16:23:55.0 (39668680)|HEAP_ALLOCATE|[114]|Bytes:12
16:23:55.0 (39679371)|CONSTRUCTOR_ENTRY|[114]|01p0H000007gCe8|<init>(Boolean,Time)
16:23:55.0 (39684532)|VARIABLE_SCOPE_BEGIN|[212]|this|docappcontroller.Wrapertimeslot|true|false
16:23:55.0 (39696592)|VARIABLE_ASSIGNMENT|[212]|this|{}|0x319666f9
16:23:55.0 (39702898)|VARIABLE_SCOPE_BEGIN|[212]|selection|Boolean|false|false
16:23:55.0 (39710946)|VARIABLE_ASSIGNMENT|[212]|selection|false
16:23:55.0 (39714196)|VARIABLE_SCOPE_BEGIN|[212]|tm|Time|false|false
16:23:55.0 (39721665)|VARIABLE_ASSIGNMENT|[212]|tm|64800000
16:23:55.0 (39726301)|STATEMENT_EXECUTE|[208]
16:23:55.0 (39727853)|STATEMENT_EXECUTE|[209]
16:23:55.0 (39729353)|STATEMENT_EXECUTE|[210]
16:23:55.0 (39737425)|STATEMENT_EXECUTE|[212]
16:23:55.0 (39738941)|STATEMENT_EXECUTE|[213]
16:23:55.0 (39749807)|VARIABLE_ASSIGNMENT|[EXTERNAL]|this|{}|0x319666f9
16:23:55.0 (39762788)|VARIABLE_ASSIGNMENT|[EXTERNAL]|value|false
16:23:55.0 (39768103)|HEAP_ALLOCATE|[209]|Bytes:5
16:23:55.0 (39774569)|VARIABLE_ASSIGNMENT|[209]|this.selected|false|0x319666f9
16:23:55.0 (39782494)|STATEMENT_EXECUTE|[214]
16:23:55.0 (39793821)|VARIABLE_ASSIGNMENT|[EXTERNAL]|this|{"selected":false}|0x319666f9
16:23:55.0 (39806419)|VARIABLE_ASSIGNMENT|[EXTERNAL]|value|64800000
16:23:55.0 (39814430)|VARIABLE_ASSIGNMENT|[210]|this.t|64800000|0x319666f9
16:23:55.0 (39828614)|CONSTRUCTOR_EXIT|[114]|01p0H000007gCe8|<init>(Boolean,Time)
16:23:55.0 (39837787)|HEAP_ALLOCATE|[EXTERNAL]|Bytes:4
16:23:55.0 (39849531)|HEAP_ALLOCATE|[107]|Bytes:28
16:23:55.0 (39853033)|HEAP_ALLOCATE|[107]|Bytes:28
16:23:55.0 (39871295)|STATEMENT_EXECUTE|[107]
16:23:55.0 (39873057)|STATEMENT_EXECUTE|[108]
16:23:55.0 (39880800)|USER_DEBUG|[108]|DEBUG|18:00:00.000Z
16:23:55.0 (39886924)|STATEMENT_EXECUTE|[109]
16:23:55.0 (39894857)|HEAP_ALLOCATE|[109]|Bytes:4
16:23:55.0 (39907519)|VARIABLE_ASSIGNMENT|[109]|t|66600000
16:23:55.0 (39912618)|STATEMENT_EXECUTE|[110]
16:23:55.0 (39917261)|HEAP_ALLOCATE|[110]|Bytes:28
16:23:55.0 (39929595)|HEAP_ALLOCATE|[110]|Bytes:28
16:23:55.0 (39940816)|VARIABLE_ASSIGNMENT|[110]|i1|9.5
16:23:55.0 (39945316)|STATEMENT_EXECUTE|[111]
16:23:55.0 (39974052)|VARIABLE_ASSIGNMENT|[EXTERNAL]|this|{"aptdum":"0x4f088f23","Docdum":"0x6c874139","Docmap":"0x79b96793","Initialselected":0,"Selecteddoc":"a260H000001koYlQAI","SelectedtimeSlot":30,"timelist":"0x1c893048","timeset":"0x1b04149e","timewraplist":"0x74614610","timewraplistInitial":"0x2d7f1c1d"}|0x17862058
16:23:55.0 (39989152)|HEAP_ALLOCATE|[EXTERNAL]|Bytes:4
16:23:55.0 (40001129)|STATEMENT_EXECUTE|[113]
16:23:55.0 (40003224)|STATEMENT_EXECUTE|[114]
16:23:55.0 (40027400)|VARIABLE_ASSIGNMENT|[EXTERNAL]|this|{"aptdum":"0x4f088f23","Docdum":"0x6c874139","Docmap":"0x79b96793","Initialselected":0,"Selecteddoc":"a260H000001koYlQAI","SelectedtimeSlot":30,"timelist":"0x1c893048","timeset":"0x1b04149e","timewraplist":"0x74614610","timewraplistInitial":"0x2d7f1c1d"}|0x17862058
16:23:55.0 (40039625)|HEAP_ALLOCATE|[114]|Bytes:12
16:23:55.0 (40050136)|CONSTRUCTOR_ENTRY|[114]|01p0H000007gCe8|<init>(Boolean,Time)
16:23:55.0 (40055822)|VARIABLE_SCOPE_BEGIN|[212]|this|docappcontroller.Wrapertimeslot|true|false
16:23:55.0 (40068210)|VARIABLE_ASSIGNMENT|[212]|this|{}|0x3619c7af
16:23:55.0 (40074318)|VARIABLE_SCOPE_BEGIN|[212]|selection|Boolean|false|false
16:23:55.0 (40082199)|VARIABLE_ASSIGNMENT|[212]|selection|false
16:23:55.0 (40085924)|VARIABLE_SCOPE_BEGIN|[212]|tm|Time|false|false
16:23:55.0 (40094488)|VARIABLE_ASSIGNMENT|[212]|tm|66600000
16:23:55.0 (40098933)|STATEMENT_EXECUTE|[208]
16:23:55.0 (40100497)|STATEMENT_EXECUTE|[209]
16:23:55.0 (40102023)|STATEMENT_EXECUTE|[210]
16:23:55.0 (40109976)|STATEMENT_EXECUTE|[212]
16:23:55.0 (40111532)|STATEMENT_EXECUTE|[213]
16:23:55.0 (40122670)|VARIABLE_ASSIGNMENT|[EXTERNAL]|this|{}|0x3619c7af
16:23:55.0 (40130872)|VARIABLE_ASSIGNMENT|[EXTERNAL]|value|false
16:23:55.0 (40136134)|HEAP_ALLOCATE|[209]|Bytes:5
16:23:55.0 (40141815)|VARIABLE_ASSIGNMENT|[209]|this.selected|false|0x3619c7af
16:23:55.0 (40149346)|STATEMENT_EXECUTE|[214]
16:23:55.0 (40164118)|VARIABLE_ASSIGNMENT|[EXTERNAL]|this|{"selected":false}|0x3619c7af
16:23:55.0 (40176865)|VARIABLE_ASSIGNMENT|[EXTERNAL]|value|66600000
16:23:55.0 (40188267)|VARIABLE_ASSIGNMENT|[210]|this.t|66600000|0x3619c7af
16:23:55.0 (40209509)|CONSTRUCTOR_EXIT|[114]|01p0H000007gCe8|<init>(Boolean,Time)
16:23:55.0 (40223963)|HEAP_ALLOCATE|[EXTERNAL]|Bytes:4
16:23:55.0 (40240492)|HEAP_ALLOCATE|[107]|Bytes:28
16:23:55.0 (40244985)|HEAP_ALLOCATE|[107]|Bytes:28
16:23:55.0 (40265551)|STATEMENT_EXECUTE|[107]
16:23:55.0 (40267318)|STATEMENT_EXECUTE|[108]
16:23:55.0 (40275679)|USER_DEBUG|[108]|DEBUG|18:30:00.000Z
16:23:55.0 (40282892)|STATEMENT_EXECUTE|[109]
16:23:55.0 (40291497)|HEAP_ALLOCATE|[109]|Bytes:4
16:23:55.0 (40305554)|VARIABLE_ASSIGNMENT|[109]|t|68400000
16:23:55.0 (40309953)|STATEMENT_EXECUTE|[110]
16:23:55.0 (40314870)|HEAP_ALLOCATE|[110]|Bytes:28
16:23:55.0 (40327810)|HEAP_ALLOCATE|[110]|Bytes:28
16:23:55.0 (40339255)|VARIABLE_ASSIGNMENT|[110]|i1|10.0
16:23:55.0 (40343975)|STATEMENT_EXECUTE|[111]
16:23:55.0 (40375416)|VARIABLE_ASSIGNMENT|[EXTERNAL]|this|{"aptdum":"0x4f088f23","Docdum":"0x6c874139","Docmap":"0x79b96793","Initialselected":0,"Selecteddoc":"a260H000001koYlQAI","SelectedtimeSlot":30,"timelist":"0x1c893048","timeset":"0x1b04149e","timewraplist":"0x74614610","timewraplistInitial":"0x2d7f1c1d"}|0x17862058
16:23:55.0 (40391110)|HEAP_ALLOCATE|[EXTERNAL]|Bytes:4
16:23:55.0 (40404368)|STATEMENT_EXECUTE|[113]
16:23:55.0 (40406035)|STATEMENT_EXECUTE|[114]
16:23:55.0 (40436150)|VARIABLE_ASSIGNMENT|[EXTERNAL]|this|{"aptdum":"0x4f088f23","Docdum":"0x6c874139","Docmap":"0x79b96793","Initialselected":0,"Selecteddoc":"a260H000001koYlQAI","SelectedtimeSlot":30,"timelist":"0x1c893048","timeset":"0x1b04149e","timewraplist":"0x74614610","timewraplistInitial":"0x2d7f1c1d"}|0x17862058
16:23:55.0 (40450937)|HEAP_ALLOCATE|[114]|Bytes:12
16:23:55.0 (40461943)|CONSTRUCTOR_ENTRY|[114]|01p0H000007gCe8|<init>(Boolean,Time)
16:23:55.0 (40467753)|VARIABLE_SCOPE_BEGIN|[212]|this|docappcontroller.Wrapertimeslot|true|false
16:23:55.0 (40480449)|VARIABLE_ASSIGNMENT|[212]|this|{}|0x1bcb4f71
16:23:55.0 (40486943)|VARIABLE_SCOPE_BEGIN|[212]|selection|Boolean|false|false
16:23:55.0 (40495491)|VARIABLE_ASSIGNMENT|[212]|selection|false
16:23:55.0 (40499737)|VARIABLE_SCOPE_BEGIN|[212]|tm|Time|false|false
16:23:55.0 (40507431)|VARIABLE_ASSIGNMENT|[212]|tm|68400000
16:23:55.0 (40512273)|STATEMENT_EXECUTE|[208]
16:23:55.0 (40513801)|STATEMENT_EXECUTE|[209]
16:23:55.0 (40515335)|STATEMENT_EXECUTE|[210]
16:23:55.0 (40524767)|STATEMENT_EXECUTE|[212]
16:23:55.0 (40526335)|STATEMENT_EXECUTE|[213]
16:23:55.0 (40537219)|VARIABLE_ASSIGNMENT|[EXTERNAL]|this|{}|0x1bcb4f71
16:23:55.0 (40545293)|VARIABLE_ASSIGNMENT|[EXTERNAL]|value|false
16:23:55.0 (40551249)|HEAP_ALLOCATE|[209]|Bytes:5
16:23:55.0 (40556970)|VARIABLE_ASSIGNMENT|[209]|this.selected|false|0x1bcb4f71
16:23:55.0 (40564588)|STATEMENT_EXECUTE|[214]
16:23:55.0 (40575203)|VARIABLE_ASSIGNMENT|[EXTERNAL]|this|{"selected":false}|0x1bcb4f71
16:23:55.0 (40584002)|VARIABLE_ASSIGNMENT|[EXTERNAL]|value|68400000
16:23:55.0 (40590578)|VARIABLE_ASSIGNMENT|[210]|this.t|68400000|0x1bcb4f71
16:23:55.0 (40603933)|CONSTRUCTOR_EXIT|[114]|01p0H000007gCe8|<init>(Boolean,Time)
16:23:55.0 (40613353)|HEAP_ALLOCATE|[EXTERNAL]|Bytes:4
16:23:55.0 (40624238)|HEAP_ALLOCATE|[107]|Bytes:28
16:23:55.0 (40627935)|HEAP_ALLOCATE|[107]|Bytes:28
16:23:55.0 (40651307)|HEAP_ALLOCATE|[123]|Bytes:28
16:23:55.0 (40655351)|HEAP_ALLOCATE|[123]|Bytes:28
16:23:55.0 (40661664)|HEAP_ALLOCATE|[123]|Bytes:28
16:23:55.0 (40694678)|HEAP_ALLOCATE|[123]|Bytes:28
16:23:55.0 (40717818)|STATEMENT_EXECUTE|[123]
16:23:55.0 (40720202)|STATEMENT_EXECUTE|[129]
16:23:55.0 (40762159)|VARIABLE_ASSIGNMENT|[EXTERNAL]|this|{"aptdum":"0x4f088f23","Docdum":"0x6c874139","Docmap":"0x79b96793","Initialselected":0,"Selecteddoc":"a260H000001koYlQAI","SelectedtimeSlot":30,"timelist":"0x1c893048","timeset":"0x1b04149e","timewraplist":"0x74614610","timewraplistInitial":"0x2d7f1c1d"}|0x17862058
16:23:55.0 (40783293)|VARIABLE_ASSIGNMENT|[129]|this.timewraplistInitial|"List of size 21 too large to display"|0x17862058
16:23:55.0 (40788526)|STATEMENT_EXECUTE|[131]
16:23:55.44 (44131485)|SYSTEM_MODE_ENTER|true
16:23:55.44 (44184901)|HEAP_ALLOCATE|[EXTERNAL]|Bytes:8
16:23:55.44 (44193019)|VARIABLE_SCOPE_BEGIN|[88]|this|ApexPage.PageMessagesComponentController|true|false
16:23:55.44 (44214824)|VARIABLE_ASSIGNMENT|[88]|this|{}|0x63233150
16:23:55.44 (44221120)|VARIABLE_SCOPE_BEGIN|[88]|escape|Boolean|false|false
16:23:55.44 (44228455)|VARIABLE_ASSIGNMENT|[88]|escape|null
16:23:55.44 (44309835)|SYSTEM_MODE_ENTER|true
16:23:55.44 (44341730)|HEAP_ALLOCATE|[EXTERNAL]|Bytes:8
16:23:55.44 (44348732)|VARIABLE_SCOPE_BEGIN|[2]|this|ApexPage.PageMessagesComponentController|true|false
16:23:55.44 (44366193)|VARIABLE_ASSIGNMENT|[2]|this|{}|0x63233150
16:23:55.0 (44663686)|SYSTEM_MODE_ENTER|true
16:23:55.0 (45020998)|SYSTEM_MODE_ENTER|true
16:23:55.0 (45311653)|SYSTEM_MODE_ENTER|true
16:23:55.0 (45381485)|SYSTEM_MODE_ENTER|true
16:23:55.66 (66605210)|SYSTEM_MODE_ENTER|true
16:23:55.66 (66660054)|HEAP_ALLOCATE|[EXTERNAL]|Bytes:8
16:23:55.66 (66668681)|VARIABLE_SCOPE_BEGIN|[88]|this|ApexPage.PageMessagesComponentController|true|false
16:23:55.66 (66691540)|VARIABLE_ASSIGNMENT|[88]|this|{}|0x63233150
16:23:55.66 (66698135)|VARIABLE_SCOPE_BEGIN|[88]|escape|Boolean|false|false
16:23:55.66 (66709999)|VARIABLE_ASSIGNMENT|[88]|escape|null
16:23:55.66 (66824383)|SYSTEM_MODE_ENTER|true
16:23:55.66 (66856172)|HEAP_ALLOCATE|[EXTERNAL]|Bytes:8
16:23:55.66 (66862340)|VARIABLE_SCOPE_BEGIN|[2]|this|ApexPage.PageMessagesComponentController|true|false
16:23:55.66 (66880048)|VARIABLE_ASSIGNMENT|[2]|this|{}|0x63233150
16:23:55.0 (68223431)|SYSTEM_MODE_ENTER|true
16:23:55.0 (68265377)|HEAP_ALLOCATE|[EXTERNAL]|Bytes:48
16:23:55.0 (68273664)|VARIABLE_SCOPE_BEGIN|[164]|this|docappcontroller|true|false
16:23:55.0 (68316374)|VARIABLE_ASSIGNMENT|[164]|this|{"aptdum":"0x4f088f23","Docdum":"0x6c874139","Docmap":"0x79b96793","Initialselected":0,"Selecteddoc":"a260H000001koYlQAI","SelectedtimeSlot":30,"timelist":"0x1c893048","timeset":"0x1b04149e","timewraplist":"0x74614610","timewraplistInitial":"0x74614610"}|0x17862058
16:23:55.0 (68328184)|STATEMENT_EXECUTE|[164]
16:23:55.0 (68330289)|STATEMENT_EXECUTE|[166]
16:23:55.0 (68342687)|HEAP_ALLOCATE|[166]|Bytes:4
16:23:55.0 (68358332)|VARIABLE_SCOPE_BEGIN|[166]|options|List<System.SelectOption>|true|false
16:23:55.0 (68382733)|HEAP_ALLOCATE|[EXTERNAL]|Bytes:4
16:23:55.0 (68392468)|VARIABLE_ASSIGNMENT|[166]|options|[]|0x340f3941
16:23:55.0 (68398072)|STATEMENT_EXECUTE|[167]
16:23:55.0 (68417866)|HEAP_ALLOCATE|[EXTERNAL]|Bytes:4
16:23:55.0 (68457618)|VARIABLE_ASSIGNMENT|[EXTERNAL]|this|{"aptdum":"0x4f088f23","Docdum":"0x6c874139","Docmap":"0x79b96793","Initialselected":0,"Selecteddoc":"a260H000001koYlQAI","SelectedtimeSlot":30,"timelist":"0x1c893048","timeset":"0x1b04149e","timewraplist":"0x74614610","timewraplistInitial":"0x74614610"}|0x17862058
16:23:55.0 (68471426)|STATEMENT_EXECUTE|[168]
16:23:55.0 (68496805)|VARIABLE_ASSIGNMENT|[EXTERNAL]|this|{"aptdum":"0x4f088f23","Docdum":"0x6c874139","Docmap":"0x79b96793","Initialselected":0,"Selecteddoc":"a260H000001koYlQAI","SelectedtimeSlot":30,"timelist":"0x1c893048","timeset":"0x1b04149e","timewraplist":"0x74614610","timewraplistInitial":"0x74614610"}|0x17862058
16:23:55.0 (68518341)|HEAP_ALLOCATE|[EXTERNAL]|Bytes:8
16:23:55.0 (68532860)|HEAP_ALLOCATE|[169]|Bytes:116
16:23:55.0 (68554265)|HEAP_ALLOCATE|[169]|Bytes:5
16:23:55.0 (68567806)|HEAP_ALLOCATE|[169]|Bytes:24
16:23:55.0 (68576255)|VARIABLE_SCOPE_BEGIN|[169]|doc|Doctor__c|true|false
16:23:55.0 (68594395)|VARIABLE_ASSIGNMENT|[169]|doc|{"Id":"a260H000001koYlQAI","Name":"doc4","End_Time__c":68400000,"Speciality__c":"Dermatology","Start_Time__c":32400000}|0x1f53af8
16:23:55.0 (68601011)|STATEMENT_EXECUTE|[169]
16:23:55.0 (68602525)|STATEMENT_EXECUTE|[170]
16:23:55.0 (68617794)|HEAP_ALLOCATE|[170]|Bytes:18
16:23:55.0 (68632004)|HEAP_ALLOCATE|[EXTERNAL]|Bytes:4
16:23:55.0 (68643569)|HEAP_ALLOCATE|[169]|Bytes:5
16:23:55.0 (68652648)|VARIABLE_ASSIGNMENT|[169]|doc|null|
16:23:55.0 (68658709)|STATEMENT_EXECUTE|[176]
16:23:55.0 (68821220)|SYSTEM_MODE_ENTER|true
16:23:55.0 (72882019)|SYSTEM_MODE_ENTER|true
16:23:55.0 (72924431)|HEAP_ALLOCATE|[EXTERNAL]|Bytes:48
16:23:55.0 (72932816)|VARIABLE_SCOPE_BEGIN|[181]|this|docappcontroller|true|false
16:23:55.0 (72972414)|VARIABLE_ASSIGNMENT|[181]|this|{"aptdum":"0x4f088f23","Docdum":"0x6c874139","Docmap":"0x79b96793","Initialselected":0,"Selecteddoc":"a260H000001koYlQAI","SelectedtimeSlot":30,"timelist":"0x1c893048","timeset":"0x1b04149e","timewraplist":"0x74614610","timewraplistInitial":"0x74614610"}|0x17862058
16:23:55.0 (72984530)|STATEMENT_EXECUTE|[181]
16:23:55.0 (72986741)|STATEMENT_EXECUTE|[183]
16:23:55.0 (72996342)|HEAP_ALLOCATE|[183]|Bytes:4
16:23:55.0 (73010923)|VARIABLE_SCOPE_BEGIN|[183]|options|List<System.SelectOption>|true|false
16:23:55.0 (73032915)|HEAP_ALLOCATE|[EXTERNAL]|Bytes:4
16:23:55.0 (73041591)|VARIABLE_ASSIGNMENT|[183]|options|[]|0xed5aa5a
16:23:55.0 (73047170)|STATEMENT_EXECUTE|[184]
16:23:55.0 (73058698)|HEAP_ALLOCATE|[184]|Bytes:4
16:23:55.0 (73227522)|SOQL_EXECUTE_BEGIN|[184]|Aggregations:0|SELECT Interval__c FROM Time_Interval__mdt ORDER BY Interval__c ASC NULLS FIRST
16:23:55.0 (75642155)|SOQL_EXECUTE_END|[184]|Rows:2
16:23:55.0 (75667617)|HEAP_ALLOCATE|[184]|Bytes:12
16:23:55.0 (75683271)|HEAP_ALLOCATE|[184]|Bytes:92
16:23:55.0 (75714199)|HEAP_ALLOCATE|[184]|Bytes:12
16:23:55.0 (75724694)|VARIABLE_SCOPE_BEGIN|[184]|intervals|List<Time_Interval__mdt>|true|false
16:23:55.0 (75746734)|VARIABLE_ASSIGNMENT|[184]|intervals|[{"Interval__c":"30","Id":"m030H000000bmFqQAI"},{"Interval__c":"60","Id":"m030H000000bmFvQAI"}]|0x37a57cf1
16:23:55.0 (75779064)|HEAP_ALLOCATE|[187]|Bytes:5
16:23:55.0 (75792786)|HEAP_ALLOCATE|[187]|Bytes:12
16:23:55.0 (75799853)|VARIABLE_SCOPE_BEGIN|[187]|i|Time_Interval__mdt|true|false
16:23:55.0 (75811650)|VARIABLE_ASSIGNMENT|[187]|i|{"Interval__c":"30","Id":"m030H000000bmFqQAI"}|0x26ed2927
16:23:55.0 (75818263)|STATEMENT_EXECUTE|[187]
16:23:55.0 (75820145)|STATEMENT_EXECUTE|[188]
16:23:55.0 (75841457)|HEAP_ALLOCATE|[EXTERNAL]|Bytes:4
16:23:55.0 (75853637)|HEAP_ALLOCATE|[187]|Bytes:5
16:23:55.0 (75862144)|HEAP_ALLOCATE|[187]|Bytes:12
16:23:55.0 (75867646)|VARIABLE_SCOPE_BEGIN|[187]|i|Time_Interval__mdt|true|false
16:23:55.0 (75878508)|VARIABLE_ASSIGNMENT|[187]|i|{"Interval__c":"60","Id":"m030H000000bmFvQAI"}|0x265d91e7
16:23:55.0 (75884097)|STATEMENT_EXECUTE|[187]
16:23:55.0 (75885708)|STATEMENT_EXECUTE|[188]
16:23:55.0 (75896832)|HEAP_ALLOCATE|[EXTERNAL]|Bytes:4
16:23:55.0 (75906756)|HEAP_ALLOCATE|[187]|Bytes:5
16:23:55.0 (75915646)|VARIABLE_ASSIGNMENT|[187]|i|null|
16:23:55.0 (75921445)|STATEMENT_EXECUTE|[196]
16:23:55.0 (76368591)|SYSTEM_MODE_ENTER|true
16:23:55.0 (78357348)|VF_SERIALIZE_VIEWSTATE_BEGIN|0660H000004OdRk
16:23:55.0 (96387851)|VF_SERIALIZE_VIEWSTATE_END
16:23:55.0 (128601791)|CODE_UNIT_STARTED|[EXTERNAL]|Generate Metadata
16:23:55.0 (131311076)|CODE_UNIT_FINISHED|Generate Metadata
16:23:55.134 (134038682)|CUMULATIVE_LIMIT_USAGE
16:23:55.134 (134038682)|LIMIT_USAGE_FOR_NS|(default)|
  Number of SOQL queries: 1 out of 100
  Number of query rows: 4 out of 50000
  Number of SOSL queries: 0 out of 20
  Number of DML statements: 0 out of 150
  Number of DML rows: 0 out of 10000
  Maximum CPU time: 0 out of 10000
  Maximum heap size: 0 out of 6000000
  Number of callouts: 0 out of 100
  Number of Email Invocations: 0 out of 10
  Number of future calls: 0 out of 50
  Number of queueable jobs added to the queue: 0 out of 50
  Number of Mobile Apex push calls: 0 out of 10

16:23:55.134 (134038682)|CUMULATIVE_LIMIT_USAGE_END

16:23:55.0 (134081997)|CODE_UNIT_FINISHED|VF: /apex/docapp
16:23:55.0 (134878397)|EXECUTION_FINISHED
