42.0 APEX_CODE,FINEST;APEX_PROFILING,INFO;CALLOUT,INFO;DB,INFO;SYSTEM,DEBUG;VALIDATION,INFO;VISUALFORCE,INFO;WAVE,INFO;WORKFLOW,INFO
13:53:10.0 (65080)|USER_INFO|[EXTERNAL]|005i0000002qYvT|anton@igate.com|India Standard Time|GMT+05:30
13:53:10.0 (96605)|EXECUTION_STARTED
13:53:10.0 (100335)|CODE_UNIT_STARTED|[EXTERNAL]|0660H000004OdRk|VF: /apex/docapp
13:53:10.0 (2916093)|SYSTEM_MODE_ENTER|true
13:53:10.0 (3291294)|HEAP_ALLOCATE|[72]|Bytes:3
13:53:10.0 (3336472)|HEAP_ALLOCATE|[77]|Bytes:152
13:53:10.0 (3353869)|HEAP_ALLOCATE|[342]|Bytes:408
13:53:10.0 (3366349)|HEAP_ALLOCATE|[355]|Bytes:408
13:53:10.0 (3376778)|HEAP_ALLOCATE|[467]|Bytes:48
13:53:10.0 (3409933)|HEAP_ALLOCATE|[139]|Bytes:6
13:53:10.0 (3428682)|HEAP_ALLOCATE|[EXTERNAL]|Bytes:14
13:53:10.0 (3435127)|HEAP_ALLOCATE|[EXTERNAL]|Bytes:248
13:53:10.0 (3439470)|HEAP_ALLOCATE|[EXTERNAL]|Bytes:53
13:53:10.0 (3443975)|HEAP_ALLOCATE|[EXTERNAL]|Bytes:13
13:53:10.0 (3457486)|METHOD_ENTRY|[1]|01p0H000007gCe8|docappcontroller.docappcontroller()
13:53:10.0 (3467071)|STATEMENT_EXECUTE|[1]
13:53:10.0 (3474306)|STATEMENT_EXECUTE|[1]
13:53:10.0 (3476627)|STATEMENT_EXECUTE|[174]
13:53:10.0 (3482580)|METHOD_EXIT|[1]|docappcontroller
13:53:10.0 (3494575)|HEAP_ALLOCATE|[EXTERNAL]|Bytes:44
13:53:10.0 (3503252)|VARIABLE_SCOPE_BEGIN|[114]|this|docappcontroller|true|false
13:53:10.0 (3571379)|VARIABLE_ASSIGNMENT|[114]|this|{}|0x5c5cfeda
13:53:10.0 (3581916)|STATEMENT_EXECUTE|[1]
13:53:10.0 (3583690)|STATEMENT_EXECUTE|[3]
13:53:10.0 (3585147)|STATEMENT_EXECUTE|[4]
13:53:10.0 (3587498)|STATEMENT_EXECUTE|[5]
13:53:10.0 (3704934)|HEAP_ALLOCATE|[5]|Bytes:4
13:53:10.0 (3801407)|HEAP_ALLOCATE|[EXTERNAL]|Bytes:4
13:53:10.0 (3816152)|VARIABLE_ASSIGNMENT|[5]|this.timewraplistInitial|[]|0x5c5cfeda
13:53:10.0 (3822341)|STATEMENT_EXECUTE|[6]
13:53:10.0 (3827471)|HEAP_ALLOCATE|[6]|Bytes:4
13:53:10.0 (3836350)|VARIABLE_ASSIGNMENT|[6]|this.Initialselected|0|0x5c5cfeda
13:53:10.0 (3841430)|STATEMENT_EXECUTE|[107]
13:53:10.0 (3843182)|STATEMENT_EXECUTE|[108]
13:53:10.0 (3844625)|STATEMENT_EXECUTE|[109]
13:53:10.0 (3848985)|STATEMENT_EXECUTE|[110]
13:53:10.0 (3850466)|STATEMENT_EXECUTE|[111]
13:53:10.0 (3851834)|STATEMENT_EXECUTE|[112]
13:53:10.0 (3858747)|HEAP_ALLOCATE|[6]|Bytes:6
13:53:10.0 (3910194)|STATEMENT_EXECUTE|[114]
13:53:10.0 (3912257)|STATEMENT_EXECUTE|[115]
13:53:10.0 (3965018)|HEAP_ALLOCATE|[115]|Bytes:4
13:53:10.0 (4124709)|VARIABLE_ASSIGNMENT|[EXTERNAL]|this|{"Initialselected":0,"timewraplistInitial":"0x3789a23e"}|0x5c5cfeda
13:53:10.0 (4140088)|VARIABLE_ASSIGNMENT|[EXTERNAL]|value|{}|0x42e2c97f
13:53:10.0 (4151594)|VARIABLE_ASSIGNMENT|[107]|this.Docdum|{}|0x5c5cfeda
13:53:10.0 (4161740)|STATEMENT_EXECUTE|[116]
13:53:10.0 (4192940)|HEAP_ALLOCATE|[116]|Bytes:4
13:53:10.0 (4286950)|VARIABLE_ASSIGNMENT|[EXTERNAL]|this|{"Docdum":"0x42e2c97f","Initialselected":0,"timewraplistInitial":"0x3789a23e"}|0x5c5cfeda
13:53:10.0 (4299792)|VARIABLE_ASSIGNMENT|[EXTERNAL]|value|{}|0x39ea5cf1
13:53:10.0 (4309999)|VARIABLE_ASSIGNMENT|[108]|this.aptdum|{}|0x5c5cfeda
13:53:10.5 (5305160)|SYSTEM_MODE_ENTER|true
13:53:10.5 (5334738)|HEAP_ALLOCATE|[EXTERNAL]|Bytes:38
13:53:10.5 (5343593)|HEAP_ALLOCATE|[EXTERNAL]|Bytes:7
13:53:10.5 (5352487)|SYSTEM_METHOD_ENTRY|[1]|PageMessagesComponentController.PageMessagesComponentController()
13:53:10.5 (5359046)|STATEMENT_EXECUTE|[1]
13:53:10.5 (5538085)|SYSTEM_MODE_ENTER|true
13:53:10.5 (5638110)|HEAP_ALLOCATE|[EXTERNAL]|Bytes:8
13:53:10.5 (5650262)|VARIABLE_SCOPE_BEGIN|[88]|this|ApexPage.PageMessagesComponentController|true|false
13:53:10.5 (5688152)|VARIABLE_ASSIGNMENT|[88]|this|{}|0xa15ce9d
13:53:10.5 (5699061)|VARIABLE_SCOPE_BEGIN|[88]|escape|Boolean|false|false
13:53:10.5 (5711670)|VARIABLE_ASSIGNMENT|[88]|escape|null
13:53:10.5 (5926494)|SYSTEM_MODE_ENTER|true
13:53:10.5 (5971133)|HEAP_ALLOCATE|[EXTERNAL]|Bytes:8
13:53:10.5 (5979385)|VARIABLE_SCOPE_BEGIN|[2]|this|ApexPage.PageMessagesComponentController|true|false
13:53:10.5 (6003041)|VARIABLE_ASSIGNMENT|[2]|this|{}|0xa15ce9d
13:53:10.0 (6807714)|SYSTEM_MODE_ENTER|true
13:53:10.0 (7900280)|SYSTEM_MODE_ENTER|true
13:53:10.0 (8449020)|SYSTEM_MODE_ENTER|true
13:53:10.34 (34712175)|SYSTEM_MODE_ENTER|true
13:53:10.34 (34835893)|HEAP_ALLOCATE|[EXTERNAL]|Bytes:8
13:53:10.34 (34861050)|VARIABLE_SCOPE_BEGIN|[88]|this|ApexPage.PageMessagesComponentController|true|false
13:53:10.34 (34926315)|VARIABLE_ASSIGNMENT|[88]|this|{}|0xa15ce9d
13:53:10.34 (34936605)|VARIABLE_SCOPE_BEGIN|[88]|escape|Boolean|false|false
13:53:10.34 (34948902)|VARIABLE_ASSIGNMENT|[88]|escape|null
13:53:10.35 (35153457)|SYSTEM_MODE_ENTER|true
13:53:10.35 (35199198)|HEAP_ALLOCATE|[EXTERNAL]|Bytes:8
13:53:10.35 (35209710)|VARIABLE_SCOPE_BEGIN|[2]|this|ApexPage.PageMessagesComponentController|true|false
13:53:10.35 (35239313)|VARIABLE_ASSIGNMENT|[2]|this|{}|0xa15ce9d
13:53:10.0 (37311799)|SYSTEM_MODE_ENTER|true
13:53:10.0 (37374141)|HEAP_ALLOCATE|[EXTERNAL]|Bytes:44
13:53:10.0 (37385186)|VARIABLE_SCOPE_BEGIN|[133]|this|docappcontroller|true|false
13:53:10.0 (37454150)|VARIABLE_ASSIGNMENT|[133]|this|{"aptdum":"0x39ea5cf1","Docdum":"0x42e2c97f","Initialselected":0,"timewraplistInitial":"0x3789a23e"}|0x5c5cfeda
13:53:10.0 (37472790)|STATEMENT_EXECUTE|[133]
13:53:10.0 (37475868)|STATEMENT_EXECUTE|[135]
13:53:10.0 (37502669)|HEAP_ALLOCATE|[135]|Bytes:4
13:53:10.0 (37553872)|VARIABLE_SCOPE_BEGIN|[135]|options|List<System.SelectOption>|true|false
13:53:10.0 (37584818)|HEAP_ALLOCATE|[EXTERNAL]|Bytes:4
13:53:10.0 (37600958)|VARIABLE_ASSIGNMENT|[135]|options|[]|0x427db41e
13:53:10.0 (37610285)|STATEMENT_EXECUTE|[136]
13:53:10.0 (37622249)|HEAP_ALLOCATE|[136]|Bytes:8
13:53:10.0 (37708433)|HEAP_ALLOCATE|[EXTERNAL]|Bytes:4
13:53:10.0 (37783067)|VARIABLE_ASSIGNMENT|[EXTERNAL]|this|{"aptdum":"0x39ea5cf1","Docdum":"0x42e2c97f","Initialselected":0,"timewraplistInitial":"0x3789a23e"}|0x5c5cfeda
13:53:10.0 (37804843)|STATEMENT_EXECUTE|[141]
13:53:10.0 (37807668)|STATEMENT_EXECUTE|[142]
13:53:10.0 (37813547)|HEAP_ALLOCATE|[142]|Bytes:23
13:53:10.0 (37832147)|METHOD_ENTRY|[142]|01p0H000007gCe8|docappcontroller.ShowError(String)
13:53:10.0 (37850498)|VARIABLE_SCOPE_BEGIN|[168]|this|docappcontroller|true|false
13:53:10.0 (37893813)|VARIABLE_ASSIGNMENT|[168]|this|{"aptdum":"0x39ea5cf1","Docdum":"0x42e2c97f","Initialselected":0,"timewraplistInitial":"0x3789a23e"}|0x5c5cfeda
13:53:10.0 (37905789)|VARIABLE_SCOPE_BEGIN|[168]|ErrorMsg|String|false|false
13:53:10.0 (37922813)|VARIABLE_ASSIGNMENT|[168]|ErrorMsg|"No Continents Data y (3 more) ..."
13:53:10.0 (37933761)|STATEMENT_EXECUTE|[168]
13:53:10.0 (37936251)|STATEMENT_EXECUTE|[170]
13:53:10.0 (37985358)|VARIABLE_SCOPE_BEGIN|[170]|m|ApexPages.Message|true|false
13:53:10.0 (38239336)|VARIABLE_ASSIGNMENT|[170]|m|"core.apexpages.framework.ApexPagesMessage@9131ec9"|0x24319a2e
13:53:10.0 (38253349)|STATEMENT_EXECUTE|[171]
13:53:10.0 (38300168)|VF_PAGE_MESSAGE|No Continents Data yet.
13:53:10.0 (38317760)|METHOD_EXIT|[142]|01p0H000007gCe8|docappcontroller.ShowError(String)
13:53:10.0 (38326417)|STATEMENT_EXECUTE|[145]
13:53:10.0 (38570090)|SYSTEM_MODE_ENTER|true
13:53:10.0 (39577531)|SYSTEM_MODE_ENTER|true
13:53:10.0 (39618343)|HEAP_ALLOCATE|[EXTERNAL]|Bytes:44
13:53:10.0 (39629083)|VARIABLE_SCOPE_BEGIN|[150]|this|docappcontroller|true|false
13:53:10.0 (39686857)|VARIABLE_ASSIGNMENT|[150]|this|{"aptdum":"0x39ea5cf1","Docdum":"0x42e2c97f","Initialselected":0,"timewraplistInitial":"0x3789a23e"}|0x5c5cfeda
13:53:10.0 (39698679)|STATEMENT_EXECUTE|[150]
13:53:10.0 (39700817)|STATEMENT_EXECUTE|[152]
13:53:10.0 (39710278)|HEAP_ALLOCATE|[152]|Bytes:4
13:53:10.0 (39733393)|VARIABLE_SCOPE_BEGIN|[152]|options|List<System.SelectOption>|true|false
13:53:10.0 (39755933)|HEAP_ALLOCATE|[EXTERNAL]|Bytes:4
13:53:10.0 (39765484)|VARIABLE_ASSIGNMENT|[152]|options|[]|0x19177639
13:53:10.0 (39771363)|STATEMENT_EXECUTE|[153]
13:53:10.0 (39813009)|HEAP_ALLOCATE|[EXTERNAL]|Bytes:4
13:53:10.0 (39821973)|STATEMENT_EXECUTE|[156]
13:53:10.0 (39826841)|HEAP_ALLOCATE|[156]|Bytes:2
13:53:10.0 (39850222)|HEAP_ALLOCATE|[EXTERNAL]|Bytes:4
13:53:10.0 (39857185)|STATEMENT_EXECUTE|[157]
13:53:10.0 (39860485)|HEAP_ALLOCATE|[157]|Bytes:2
13:53:10.0 (39880519)|HEAP_ALLOCATE|[EXTERNAL]|Bytes:4
13:53:10.0 (39889834)|STATEMENT_EXECUTE|[162]
13:53:10.0 (40066138)|SYSTEM_MODE_ENTER|true
13:53:10.0 (42601225)|VF_SERIALIZE_VIEWSTATE_BEGIN|0660H000004OdRk
13:53:10.0 (60980743)|VF_SERIALIZE_VIEWSTATE_END
13:53:10.0 (63452315)|CODE_UNIT_STARTED|[EXTERNAL]|Generate Metadata
13:53:10.0 (63850236)|CODE_UNIT_FINISHED|Generate Metadata
13:53:10.65 (65680753)|CUMULATIVE_LIMIT_USAGE
13:53:10.65 (65680753)|LIMIT_USAGE_FOR_NS|(default)|
  Number of SOQL queries: 0 out of 100
  Number of query rows: 0 out of 50000
  Number of SOSL queries: 0 out of 20
  Number of DML statements: 0 out of 150
  Number of DML rows: 0 out of 10000
  Maximum CPU time: 0 out of 10000
  Maximum heap size: 0 out of 6000000
  Number of callouts: 0 out of 100
  Number of Email Invocations: 0 out of 10
  Number of future calls: 0 out of 50
  Number of queueable jobs added to the queue: 0 out of 50
  Number of Mobile Apex push calls: 0 out of 10

13:53:10.65 (65680753)|CUMULATIVE_LIMIT_USAGE_END

13:53:10.0 (65722222)|CODE_UNIT_FINISHED|VF: /apex/docapp
13:53:10.0 (66476996)|EXECUTION_FINISHED
