42.0 APEX_CODE,FINEST;APEX_PROFILING,INFO;CALLOUT,INFO;DB,INFO;SYSTEM,DEBUG;VALIDATION,INFO;VISUALFORCE,INFO;WAVE,INFO;WORKFLOW,INFO
14:26:05.0 (66976)|USER_INFO|[EXTERNAL]|005i0000002qYvT|anton@igate.com|India Standard Time|GMT+05:30
14:26:05.0 (192260)|EXECUTION_STARTED
14:26:05.0 (197639)|CODE_UNIT_STARTED|[EXTERNAL]|0660H000004OdRk|VF: /apex/docapp
14:26:05.0 (2836814)|SYSTEM_MODE_ENTER|true
14:26:05.0 (3284028)|HEAP_ALLOCATE|[72]|Bytes:3
14:26:05.0 (3349075)|HEAP_ALLOCATE|[77]|Bytes:152
14:26:05.0 (3365251)|HEAP_ALLOCATE|[342]|Bytes:408
14:26:05.0 (3377237)|HEAP_ALLOCATE|[355]|Bytes:408
14:26:05.0 (3387885)|HEAP_ALLOCATE|[467]|Bytes:48
14:26:05.0 (3417038)|HEAP_ALLOCATE|[139]|Bytes:6
14:26:05.0 (3436459)|HEAP_ALLOCATE|[EXTERNAL]|Bytes:14
14:26:05.0 (3458577)|HEAP_ALLOCATE|[EXTERNAL]|Bytes:248
14:26:05.0 (3462532)|HEAP_ALLOCATE|[EXTERNAL]|Bytes:53
14:26:05.0 (3466658)|HEAP_ALLOCATE|[EXTERNAL]|Bytes:13
14:26:05.0 (3487159)|METHOD_ENTRY|[1]|01p0H000007gCe8|docappcontroller.docappcontroller()
14:26:05.0 (3495066)|STATEMENT_EXECUTE|[1]
14:26:05.0 (3500232)|STATEMENT_EXECUTE|[1]
14:26:05.0 (3502198)|STATEMENT_EXECUTE|[175]
14:26:05.0 (3514222)|METHOD_EXIT|[1]|docappcontroller
14:26:05.0 (3579665)|HEAP_ALLOCATE|[EXTERNAL]|Bytes:44
14:26:05.0 (3589400)|VARIABLE_SCOPE_BEGIN|[115]|this|docappcontroller|true|false
14:26:05.0 (3662658)|VARIABLE_ASSIGNMENT|[115]|this|{}|0x108e7e5
14:26:05.0 (3673567)|STATEMENT_EXECUTE|[1]
14:26:05.0 (3675548)|STATEMENT_EXECUTE|[3]
14:26:05.0 (3677020)|STATEMENT_EXECUTE|[4]
14:26:05.0 (3679070)|STATEMENT_EXECUTE|[5]
14:26:05.0 (3695680)|HEAP_ALLOCATE|[5]|Bytes:4
14:26:05.0 (3845090)|HEAP_ALLOCATE|[EXTERNAL]|Bytes:4
14:26:05.0 (3860825)|VARIABLE_ASSIGNMENT|[5]|this.timewraplistInitial|[]|0x108e7e5
14:26:05.0 (3867177)|STATEMENT_EXECUTE|[6]
14:26:05.0 (3873268)|HEAP_ALLOCATE|[6]|Bytes:4
14:26:05.0 (3883838)|VARIABLE_ASSIGNMENT|[6]|this.Initialselected|0|0x108e7e5
14:26:05.0 (3889364)|STATEMENT_EXECUTE|[108]
14:26:05.0 (3890997)|STATEMENT_EXECUTE|[109]
14:26:05.0 (3892737)|STATEMENT_EXECUTE|[110]
14:26:05.0 (3894109)|STATEMENT_EXECUTE|[111]
14:26:05.0 (3895510)|STATEMENT_EXECUTE|[112]
14:26:05.0 (3897157)|STATEMENT_EXECUTE|[113]
14:26:05.0 (3904161)|HEAP_ALLOCATE|[6]|Bytes:6
14:26:05.0 (3960231)|STATEMENT_EXECUTE|[115]
14:26:05.0 (3962809)|STATEMENT_EXECUTE|[116]
14:26:05.0 (3999785)|HEAP_ALLOCATE|[116]|Bytes:4
14:26:05.0 (4190591)|VARIABLE_ASSIGNMENT|[EXTERNAL]|this|{"Initialselected":0,"timewraplistInitial":"0x7d364dc5"}|0x108e7e5
14:26:05.0 (4206493)|VARIABLE_ASSIGNMENT|[EXTERNAL]|value|{}|0x4b83133c
14:26:05.0 (4218519)|VARIABLE_ASSIGNMENT|[108]|this.Docdum|{}|0x108e7e5
14:26:05.0 (4245661)|STATEMENT_EXECUTE|[117]
14:26:05.0 (4266864)|HEAP_ALLOCATE|[117]|Bytes:4
14:26:05.0 (4364284)|VARIABLE_ASSIGNMENT|[EXTERNAL]|this|{"Docdum":"0x4b83133c","Initialselected":0,"timewraplistInitial":"0x7d364dc5"}|0x108e7e5
14:26:05.0 (4377517)|VARIABLE_ASSIGNMENT|[EXTERNAL]|value|{}|0x231cb19c
14:26:05.0 (4387764)|VARIABLE_ASSIGNMENT|[109]|this.aptdum|{}|0x108e7e5
14:26:05.5 (5444245)|SYSTEM_MODE_ENTER|true
14:26:05.5 (5473762)|HEAP_ALLOCATE|[EXTERNAL]|Bytes:38
14:26:05.5 (5480897)|HEAP_ALLOCATE|[EXTERNAL]|Bytes:7
14:26:05.5 (5488191)|SYSTEM_METHOD_ENTRY|[1]|PageMessagesComponentController.PageMessagesComponentController()
14:26:05.5 (5492424)|STATEMENT_EXECUTE|[1]
14:26:05.5 (5618322)|SYSTEM_MODE_ENTER|true
14:26:05.5 (5679484)|HEAP_ALLOCATE|[EXTERNAL]|Bytes:8
14:26:05.5 (5687258)|VARIABLE_SCOPE_BEGIN|[88]|this|ApexPage.PageMessagesComponentController|true|false
14:26:05.5 (5714945)|VARIABLE_ASSIGNMENT|[88]|this|{}|0x108ca06c
14:26:05.5 (5722360)|VARIABLE_SCOPE_BEGIN|[88]|escape|Boolean|false|false
14:26:05.5 (5730332)|VARIABLE_ASSIGNMENT|[88]|escape|null
14:26:05.5 (5881454)|SYSTEM_MODE_ENTER|true
14:26:05.5 (5920858)|HEAP_ALLOCATE|[EXTERNAL]|Bytes:8
14:26:05.5 (5928047)|VARIABLE_SCOPE_BEGIN|[2]|this|ApexPage.PageMessagesComponentController|true|false
14:26:05.5 (5950790)|VARIABLE_ASSIGNMENT|[2]|this|{}|0x108ca06c
14:26:05.0 (6742344)|SYSTEM_MODE_ENTER|true
14:26:05.0 (7968254)|SYSTEM_MODE_ENTER|true
14:26:05.0 (8587292)|SYSTEM_MODE_ENTER|true
14:26:05.26 (26197069)|SYSTEM_MODE_ENTER|true
14:26:05.26 (26301424)|HEAP_ALLOCATE|[EXTERNAL]|Bytes:8
14:26:05.26 (26317535)|VARIABLE_SCOPE_BEGIN|[88]|this|ApexPage.PageMessagesComponentController|true|false
14:26:05.26 (26364996)|VARIABLE_ASSIGNMENT|[88]|this|{}|0x108ca06c
14:26:05.26 (26373163)|VARIABLE_SCOPE_BEGIN|[88]|escape|Boolean|false|false
14:26:05.26 (26382902)|VARIABLE_ASSIGNMENT|[88]|escape|null
14:26:05.26 (26552539)|SYSTEM_MODE_ENTER|true
14:26:05.26 (26590430)|HEAP_ALLOCATE|[EXTERNAL]|Bytes:8
14:26:05.26 (26598581)|VARIABLE_SCOPE_BEGIN|[2]|this|ApexPage.PageMessagesComponentController|true|false
14:26:05.26 (26621361)|VARIABLE_ASSIGNMENT|[2]|this|{}|0x108ca06c
14:26:05.0 (28278252)|SYSTEM_MODE_ENTER|true
14:26:05.0 (28328144)|HEAP_ALLOCATE|[EXTERNAL]|Bytes:44
14:26:05.0 (28337957)|VARIABLE_SCOPE_BEGIN|[134]|this|docappcontroller|true|false
14:26:05.0 (28401434)|VARIABLE_ASSIGNMENT|[134]|this|{"aptdum":"0x231cb19c","Docdum":"0x4b83133c","Initialselected":0,"timewraplistInitial":"0x7d364dc5"}|0x108e7e5
14:26:05.0 (28414869)|STATEMENT_EXECUTE|[134]
14:26:05.0 (28417173)|STATEMENT_EXECUTE|[136]
14:26:05.0 (28438059)|HEAP_ALLOCATE|[136]|Bytes:4
14:26:05.0 (28477960)|VARIABLE_SCOPE_BEGIN|[136]|options|List<System.SelectOption>|true|false
14:26:05.0 (28501018)|HEAP_ALLOCATE|[EXTERNAL]|Bytes:4
14:26:05.0 (28512204)|VARIABLE_ASSIGNMENT|[136]|options|[]|0x5c3d0280
14:26:05.0 (28518833)|STATEMENT_EXECUTE|[137]
14:26:05.0 (28530403)|HEAP_ALLOCATE|[137]|Bytes:8
14:26:05.0 (28600649)|HEAP_ALLOCATE|[EXTERNAL]|Bytes:4
14:26:05.0 (28657904)|VARIABLE_ASSIGNMENT|[EXTERNAL]|this|{"aptdum":"0x231cb19c","Docdum":"0x4b83133c","Initialselected":0,"timewraplistInitial":"0x7d364dc5"}|0x108e7e5
14:26:05.0 (28674126)|STATEMENT_EXECUTE|[142]
14:26:05.0 (28675992)|STATEMENT_EXECUTE|[143]
14:26:05.0 (28679509)|HEAP_ALLOCATE|[143]|Bytes:23
14:26:05.0 (28707938)|METHOD_ENTRY|[143]|01p0H000007gCe8|docappcontroller.ShowError(String)
14:26:05.0 (28726778)|VARIABLE_SCOPE_BEGIN|[169]|this|docappcontroller|true|false
14:26:05.0 (28754597)|VARIABLE_ASSIGNMENT|[169]|this|{"aptdum":"0x231cb19c","Docdum":"0x4b83133c","Initialselected":0,"timewraplistInitial":"0x7d364dc5"}|0x108e7e5
14:26:05.0 (28762223)|VARIABLE_SCOPE_BEGIN|[169]|ErrorMsg|String|false|false
14:26:05.0 (28773106)|VARIABLE_ASSIGNMENT|[169]|ErrorMsg|"No Continents Data y (3 more) ..."
14:26:05.0 (28779694)|STATEMENT_EXECUTE|[169]
14:26:05.0 (28781401)|STATEMENT_EXECUTE|[171]
14:26:05.0 (28816774)|VARIABLE_SCOPE_BEGIN|[171]|m|ApexPages.Message|true|false
14:26:05.0 (29015730)|VARIABLE_ASSIGNMENT|[171]|m|"core.apexpages.framework.ApexPagesMessage@9131ec9"|0x3546de79
14:26:05.0 (29024972)|STATEMENT_EXECUTE|[172]
14:26:05.0 (29209409)|VF_PAGE_MESSAGE|No Continents Data yet.
14:26:05.0 (29221633)|METHOD_EXIT|[143]|01p0H000007gCe8|docappcontroller.ShowError(String)
14:26:05.0 (29227121)|STATEMENT_EXECUTE|[146]
14:26:05.0 (29412013)|SYSTEM_MODE_ENTER|true
14:26:05.0 (30386002)|SYSTEM_MODE_ENTER|true
14:26:05.0 (30431943)|HEAP_ALLOCATE|[EXTERNAL]|Bytes:44
14:26:05.0 (30444222)|VARIABLE_SCOPE_BEGIN|[151]|this|docappcontroller|true|false
14:26:05.0 (30484669)|VARIABLE_ASSIGNMENT|[151]|this|{"aptdum":"0x231cb19c","Docdum":"0x4b83133c","Initialselected":0,"timewraplistInitial":"0x7d364dc5"}|0x108e7e5
14:26:05.0 (30502021)|STATEMENT_EXECUTE|[151]
14:26:05.0 (30504135)|STATEMENT_EXECUTE|[153]
14:26:05.0 (30514646)|HEAP_ALLOCATE|[153]|Bytes:4
14:26:05.0 (30537756)|VARIABLE_SCOPE_BEGIN|[153]|options|List<System.SelectOption>|true|false
14:26:05.0 (30559480)|HEAP_ALLOCATE|[EXTERNAL]|Bytes:4
14:26:05.0 (30568113)|VARIABLE_ASSIGNMENT|[153]|options|[]|0x45d87ed6
14:26:05.0 (30574058)|STATEMENT_EXECUTE|[154]
14:26:05.0 (30617472)|HEAP_ALLOCATE|[EXTERNAL]|Bytes:4
14:26:05.0 (30627266)|STATEMENT_EXECUTE|[157]
14:26:05.0 (30633048)|HEAP_ALLOCATE|[157]|Bytes:2
14:26:05.0 (30656949)|HEAP_ALLOCATE|[EXTERNAL]|Bytes:4
14:26:05.0 (30664137)|STATEMENT_EXECUTE|[158]
14:26:05.0 (30667352)|HEAP_ALLOCATE|[158]|Bytes:2
14:26:05.0 (30686797)|HEAP_ALLOCATE|[EXTERNAL]|Bytes:4
14:26:05.0 (30693390)|STATEMENT_EXECUTE|[163]
14:26:05.0 (30834379)|SYSTEM_MODE_ENTER|true
14:26:05.0 (33143171)|VF_SERIALIZE_VIEWSTATE_BEGIN|0660H000004OdRk
14:26:05.0 (48479263)|VF_SERIALIZE_VIEWSTATE_END
14:26:05.0 (51366242)|CODE_UNIT_STARTED|[EXTERNAL]|Generate Metadata
14:26:05.0 (51923938)|CODE_UNIT_FINISHED|Generate Metadata
14:26:05.53 (53937859)|CUMULATIVE_LIMIT_USAGE
14:26:05.53 (53937859)|LIMIT_USAGE_FOR_NS|(default)|
  Number of SOQL queries: 0 out of 100
  Number of query rows: 0 out of 50000
  Number of SOSL queries: 0 out of 20
  Number of DML statements: 0 out of 150
  Number of DML rows: 0 out of 10000
  Maximum CPU time: 0 out of 10000
  Maximum heap size: 0 out of 6000000
  Number of callouts: 0 out of 100
  Number of Email Invocations: 0 out of 10
  Number of future calls: 0 out of 50
  Number of queueable jobs added to the queue: 0 out of 50
  Number of Mobile Apex push calls: 0 out of 10

14:26:05.53 (53937859)|CUMULATIVE_LIMIT_USAGE_END

14:26:05.0 (53984049)|CODE_UNIT_FINISHED|VF: /apex/docapp
14:26:05.0 (54748486)|EXECUTION_FINISHED
