42.0 APEX_CODE,FINEST;APEX_PROFILING,INFO;CALLOUT,INFO;DB,INFO;SYSTEM,DEBUG;VALIDATION,INFO;VISUALFORCE,INFO;WAVE,INFO;WORKFLOW,INFO
12:50:41.0 (259678)|USER_INFO|[EXTERNAL]|005i0000002qYvT|anton@igate.com|India Standard Time|GMT+05:30
12:50:41.0 (391448)|EXECUTION_STARTED
12:50:41.0 (397535)|CODE_UNIT_STARTED|[EXTERNAL]|0660H000004OdRk|VF: /apex/docapp
12:50:41.0 (1697917)|VF_DESERIALIZE_VIEWSTATE_BEGIN|0660H000004OdRk
12:50:41.0 (6459091)|HEAP_ALLOCATE|[72]|Bytes:3
12:50:41.0 (6522362)|HEAP_ALLOCATE|[77]|Bytes:152
12:50:41.0 (6536166)|HEAP_ALLOCATE|[342]|Bytes:408
12:50:41.0 (6553047)|HEAP_ALLOCATE|[355]|Bytes:408
12:50:41.0 (6564534)|HEAP_ALLOCATE|[467]|Bytes:48
12:50:41.0 (6615836)|HEAP_ALLOCATE|[139]|Bytes:6
12:50:41.0 (9411056)|VF_DESERIALIZE_VIEWSTATE_END
12:50:41.9 (9951646)|SYSTEM_MODE_ENTER|true
12:50:41.9 (10091124)|HEAP_ALLOCATE|[EXTERNAL]|Bytes:38
12:50:41.9 (10118000)|HEAP_ALLOCATE|[EXTERNAL]|Bytes:7
12:50:41.9 (10139742)|SYSTEM_METHOD_ENTRY|[1]|PageMessagesComponentController.PageMessagesComponentController()
12:50:41.9 (10145631)|STATEMENT_EXECUTE|[1]
12:50:41.10 (10990281)|SYSTEM_MODE_ENTER|true
12:50:41.10 (11042924)|HEAP_ALLOCATE|[EXTERNAL]|Bytes:8
12:50:41.10 (11051363)|VARIABLE_SCOPE_BEGIN|[88]|this|ApexPage.PageMessagesComponentController|true|false
12:50:41.10 (11086507)|VARIABLE_ASSIGNMENT|[88]|this|{}|0x67e0e3d9
12:50:41.10 (11093080)|VARIABLE_SCOPE_BEGIN|[88]|escape|Boolean|false|false
12:50:41.10 (11101787)|VARIABLE_ASSIGNMENT|[88]|escape|null
12:50:41.0 (11263304)|SYSTEM_MODE_ENTER|true
12:50:41.0 (11285724)|HEAP_ALLOCATE|[EXTERNAL]|Bytes:14
12:50:41.0 (11293095)|HEAP_ALLOCATE|[EXTERNAL]|Bytes:228
12:50:41.0 (11297007)|HEAP_ALLOCATE|[EXTERNAL]|Bytes:34
12:50:41.0 (11300268)|HEAP_ALLOCATE|[EXTERNAL]|Bytes:10
12:50:41.0 (11306562)|METHOD_ENTRY|[1]|01p0H000007gCe8|docappcontroller.docappcontroller()
12:50:41.0 (11311928)|STATEMENT_EXECUTE|[1]
12:50:41.0 (11315254)|STATEMENT_EXECUTE|[1]
12:50:41.0 (11316757)|STATEMENT_EXECUTE|[127]
12:50:41.0 (11320890)|METHOD_EXIT|[1]|docappcontroller
12:50:41.0 (15050067)|SYSTEM_MODE_ENTER|true
12:50:41.0 (17436637)|SYSTEM_MODE_ENTER|true
12:50:41.0 (17827719)|SYSTEM_MODE_ENTER|true
12:50:41.0 (18022789)|HEAP_ALLOCATE|[EXTERNAL]|Bytes:36
12:50:41.0 (18033521)|VARIABLE_SCOPE_BEGIN|[105]|this|docappcontroller|true|false
12:50:41.0 (18081270)|VARIABLE_ASSIGNMENT|[105]|this|{"aptdum":"0x1ca02140","Docdum":"0x64b48642","Docmap":"0x6209dac5","timewraplistInitial":"0x2ce06b09"}|0x64f7ab31
12:50:41.0 (18091518)|STATEMENT_EXECUTE|[105]
12:50:41.0 (18093500)|STATEMENT_EXECUTE|[107]
12:50:41.0 (18108082)|HEAP_ALLOCATE|[107]|Bytes:4
12:50:41.0 (18149011)|VARIABLE_SCOPE_BEGIN|[107]|options|List<System.SelectOption>|true|false
12:50:41.0 (18170891)|HEAP_ALLOCATE|[EXTERNAL]|Bytes:4
12:50:41.0 (18181483)|VARIABLE_ASSIGNMENT|[107]|options|[]|0x31d7f5f4
12:50:41.0 (18187361)|STATEMENT_EXECUTE|[108]
12:50:41.0 (18193802)|HEAP_ALLOCATE|[108]|Bytes:8
12:50:41.0 (18240789)|HEAP_ALLOCATE|[EXTERNAL]|Bytes:4
12:50:41.0 (18289033)|VARIABLE_ASSIGNMENT|[EXTERNAL]|this|{"aptdum":"0x1ca02140","Docdum":"0x64b48642","Docmap":"0x6209dac5","timewraplistInitial":"0x2ce06b09"}|0x64f7ab31
12:50:41.0 (18302294)|STATEMENT_EXECUTE|[109]
12:50:41.0 (18327145)|VARIABLE_ASSIGNMENT|[EXTERNAL]|this|{"aptdum":"0x1ca02140","Docdum":"0x64b48642","Docmap":"0x6209dac5","timewraplistInitial":"0x2ce06b09"}|0x64f7ab31
12:50:41.0 (18357166)|HEAP_ALLOCATE|[EXTERNAL]|Bytes:12
12:50:41.0 (18372736)|HEAP_ALLOCATE|[110]|Bytes:237
12:50:41.0 (18478075)|HEAP_ALLOCATE|[110]|Bytes:5
12:50:41.0 (18524014)|HEAP_ALLOCATE|[110]|Bytes:24
12:50:41.0 (18533992)|VARIABLE_SCOPE_BEGIN|[110]|doc|Doctor__c|true|false
12:50:41.0 (18629660)|VARIABLE_ASSIGNMENT|[110]|doc|{"Id":"a260H000001koYjQAI","Name":"doc 2","End_Time__c":68400000,"Speciality__c":"General Surgery","Start_Time__c":25200000}|0x27446df
12:50:41.0 (18638048)|STATEMENT_EXECUTE|[110]
12:50:41.0 (18639781)|STATEMENT_EXECUTE|[111]
12:50:41.0 (18678192)|HEAP_ALLOCATE|[111]|Bytes:18
12:50:41.0 (18728267)|HEAP_ALLOCATE|[EXTERNAL]|Bytes:4
12:50:41.0 (18743875)|HEAP_ALLOCATE|[110]|Bytes:5
12:50:41.0 (18762578)|HEAP_ALLOCATE|[110]|Bytes:24
12:50:41.0 (18769891)|VARIABLE_SCOPE_BEGIN|[110]|doc|Doctor__c|true|false
12:50:41.0 (18787723)|VARIABLE_ASSIGNMENT|[110]|doc|{"Id":"a260H000001koYeQAI","Name":"Doc1","End_Time__c":64800000,"Speciality__c":"General Surgery","Start_Time__c":32400000}|0x49dd9c26
12:50:41.0 (18794527)|STATEMENT_EXECUTE|[110]
12:50:41.0 (18796190)|STATEMENT_EXECUTE|[111]
12:50:41.0 (18804899)|HEAP_ALLOCATE|[111]|Bytes:18
12:50:41.0 (18817314)|HEAP_ALLOCATE|[EXTERNAL]|Bytes:4
12:50:41.0 (18827394)|HEAP_ALLOCATE|[110]|Bytes:5
12:50:41.0 (18837355)|VARIABLE_ASSIGNMENT|[110]|doc|null|
12:50:41.0 (18841849)|STATEMENT_EXECUTE|[117]
12:50:41.0 (18919736)|SYSTEM_MODE_ENTER|true
12:50:41.19 (19318212)|SYSTEM_MODE_ENTER|true
12:50:41.19 (19382832)|HEAP_ALLOCATE|[EXTERNAL]|Bytes:8
12:50:41.19 (19390165)|VARIABLE_SCOPE_BEGIN|[88]|this|ApexPage.PageMessagesComponentController|true|false
12:50:41.19 (19411569)|VARIABLE_ASSIGNMENT|[88]|this|{}|0x67e0e3d9
12:50:41.19 (19418455)|VARIABLE_SCOPE_BEGIN|[88]|escape|Boolean|false|false
12:50:41.19 (19426263)|VARIABLE_ASSIGNMENT|[88]|escape|null
12:50:41.0 (19611303)|SYSTEM_MODE_ENTER|true
12:50:41.0 (19636642)|HEAP_ALLOCATE|[EXTERNAL]|Bytes:18
12:50:41.0 (19641553)|HEAP_ALLOCATE|[EXTERNAL]|Bytes:36
12:50:41.0 (19664482)|VARIABLE_ASSIGNMENT|[EXTERNAL]|this.Selecteddoc|"a260H000001koYjQAI"|0x64f7ab31
12:50:41.0 (19708068)|SYSTEM_MODE_ENTER|true
12:50:41.0 (19852979)|SYSTEM_MODE_ENTER|true
12:50:41.0 (19980027)|HEAP_ALLOCATE|[EXTERNAL]|Bytes:36
12:50:41.0 (19989685)|VARIABLE_SCOPE_BEGIN|[7]|this|docappcontroller|true|false
12:50:41.0 (20020672)|VARIABLE_ASSIGNMENT|[7]|this|{"aptdum":"0x1ca02140","Docdum":"0x64b48642","Docmap":"0x6209dac5","Selecteddoc":"a260H000001koYjQAI","timewraplistInitial":"0x2ce06b09"}|0x64f7ab31
12:50:41.0 (20031261)|STATEMENT_EXECUTE|[7]
12:50:41.0 (20033195)|STATEMENT_EXECUTE|[8]
12:50:41.0 (20056045)|VARIABLE_SCOPE_BEGIN|[8]|timeset|Set<Time>|true|false
12:50:41.0 (20066095)|VARIABLE_ASSIGNMENT|[8]|timeset|null|
12:50:41.0 (20070313)|STATEMENT_EXECUTE|[9]
12:50:41.0 (20110338)|VARIABLE_ASSIGNMENT|[EXTERNAL]|this|{"aptdum":"0x1ca02140","Docdum":"0x64b48642","Docmap":"0x6209dac5","Selecteddoc":"a260H000001koYjQAI","timewraplistInitial":"0x2ce06b09"}|0x64f7ab31
12:50:41.0 (20137583)|USER_DEBUG|[9]|DEBUG|a260H000001koYjQAI
12:50:41.0 (20170504)|VARIABLE_ASSIGNMENT|[EXTERNAL]|this|{"aptdum":"0x1ca02140","Docdum":"0x64b48642","Docmap":"0x6209dac5","Selecteddoc":"a260H000001koYjQAI","timewraplistInitial":"0x2ce06b09"}|0x64f7ab31
12:50:41.0 (20196966)|VARIABLE_ASSIGNMENT|[EXTERNAL]|this|{"aptdum":"0x1ca02140","Docdum":"0x64b48642","Docmap":"0x6209dac5","Selecteddoc":"a260H000001koYjQAI","timewraplistInitial":"0x2ce06b09"}|0x64f7ab31
12:50:41.0 (20222841)|STATEMENT_EXECUTE|[12]
12:50:41.0 (20224741)|STATEMENT_EXECUTE|[13]
12:50:41.0 (20248006)|VARIABLE_ASSIGNMENT|[EXTERNAL]|this|{"aptdum":"0x1ca02140","Docdum":"0x64b48642","Docmap":"0x6209dac5","Selecteddoc":"a260H000001koYjQAI","timewraplistInitial":"0x2ce06b09"}|0x64f7ab31
12:50:41.0 (20272313)|VARIABLE_ASSIGNMENT|[EXTERNAL]|this|{"aptdum":"0x1ca02140","Docdum":"0x64b48642","Docmap":"0x6209dac5","Selecteddoc":"a260H000001koYjQAI","timewraplistInitial":"0x2ce06b09"}|0x64f7ab31
12:50:41.0 (20295235)|VARIABLE_SCOPE_BEGIN|[13]|d|Doctor__c|true|false
12:50:41.0 (20313518)|VARIABLE_ASSIGNMENT|[13]|d|{"Id":"a260H000001koYjQAI","Name":"doc 2","End_Time__c":68400000,"Speciality__c":"General Surgery","Start_Time__c":25200000}|0x27446df
12:50:41.0 (20319571)|STATEMENT_EXECUTE|[14]
12:50:41.0 (20350035)|HEAP_ALLOCATE|[14]|Bytes:4
12:50:41.0 (20388256)|HEAP_ALLOCATE|[14]|Bytes:150
12:50:41.0 (20402983)|HEAP_ALLOCATE|[14]|Bytes:4
12:50:41.0 (20411898)|HEAP_ALLOCATE|[14]|Bytes:7
12:50:41.0 (20440276)|VARIABLE_ASSIGNMENT|[EXTERNAL]|this|{"aptdum":"0x1ca02140","Docdum":"0x64b48642","Docmap":"0x6209dac5","Selecteddoc":"a260H000001koYjQAI","timewraplistInitial":"0x2ce06b09"}|0x64f7ab31
12:50:41.0 (20457613)|HEAP_ALLOCATE|[14]|Bytes:7
12:50:41.0 (20486533)|VARIABLE_ASSIGNMENT|[EXTERNAL]|this|{"aptdum":"0x1ca02140","Docdum":"0x64b48642","Docmap":"0x6209dac5","Selecteddoc":"a260H000001koYjQAI","timewraplistInitial":"0x2ce06b09"}|0x64f7ab31
12:50:41.0 (20795355)|SOQL_EXECUTE_BEGIN|[14]|Aggregations:0|SELECT Id, Name, Doctor__c, Patient__c, End_Time__c, Start_Time__c FROM Appointment__c WHERE (Doctor__c = :tmpVar1 AND Appointment_Date__c = :tmpVar2)
12:50:41.0 (33740584)|SOQL_EXECUTE_END|[14]|Rows:1
12:50:41.0 (33762205)|HEAP_ALLOCATE|[14]|Bytes:8
12:50:41.0 (33778080)|HEAP_ALLOCATE|[14]|Bytes:147
12:50:41.0 (33805738)|HEAP_ALLOCATE|[14]|Bytes:8
12:50:41.0 (33831706)|HEAP_ALLOCATE|[14]|Bytes:28
12:50:41.0 (33836782)|HEAP_ALLOCATE|[14]|Bytes:28
12:50:41.0 (33839607)|HEAP_ALLOCATE|[14]|Bytes:4
12:50:41.0 (33848550)|VARIABLE_SCOPE_BEGIN|[14]|aptlist|List<Appointment__c>|true|false
12:50:41.0 (33858325)|HEAP_ALLOCATE|[EXTERNAL]|Bytes:8
12:50:41.0 (33879127)|VARIABLE_ASSIGNMENT|[14]|aptlist|[{"Id":"a250H00000HaxnFQAR","Name":"A-00000","Doctor__c":"a260H000001koYjQAI","Patient__c":"a270H000006vXivQAE","End_Time__c":61200000,"Start_Time__c":54000000}]|0x6d94e71b
12:50:41.0 (33887279)|STATEMENT_EXECUTE|[15]
12:50:41.0 (33907262)|HEAP_ALLOCATE|[15]|Bytes:4
12:50:41.0 (33964570)|VARIABLE_ASSIGNMENT|[15]|timeset|[]|0x656c64bd
12:50:41.0 (34037901)|HEAP_ALLOCATE|[16]|Bytes:5
12:50:41.0 (34052868)|HEAP_ALLOCATE|[16]|Bytes:28
12:50:41.0 (34061075)|VARIABLE_SCOPE_BEGIN|[16]|apt|Appointment__c|true|false
12:50:41.0 (34079704)|VARIABLE_ASSIGNMENT|[16]|apt|{"Id":"a250H00000HaxnFQAR","Name":"A-00000","Doctor__c":"a260H000001koYjQAI","Patient__c":"a270H000006vXivQAE","End_Time__c":61200000,"Start_Time__c":54000000}|0x2edb7e09
12:50:41.0 (34086892)|STATEMENT_EXECUTE|[16]
12:50:41.0 (34088968)|STATEMENT_EXECUTE|[18]
12:50:41.0 (34118841)|VARIABLE_SCOPE_BEGIN|[18]|t|Time|false|false
12:50:41.0 (34131769)|VARIABLE_ASSIGNMENT|[18]|t|54000000
12:50:41.0 (34136189)|STATEMENT_EXECUTE|[19]
12:50:41.0 (34186995)|VARIABLE_SCOPE_BEGIN|[19]|i|Integer|false|false
12:50:41.0 (34200295)|HEAP_ALLOCATE|[19]|Bytes:4
12:50:41.0 (34207939)|VARIABLE_ASSIGNMENT|[19]|i|2
12:50:41.0 (34212616)|STATEMENT_EXECUTE|[20]
12:50:41.0 (34233235)|HEAP_ALLOCATE|[20]|Bytes:28
12:50:41.0 (34237859)|HEAP_ALLOCATE|[20]|Bytes:28
12:50:41.0 (34241855)|VARIABLE_SCOPE_BEGIN|[20]|i1|Decimal|false|false
12:50:41.0 (34253629)|VARIABLE_ASSIGNMENT|[20]|i1|0
12:50:41.0 (34257299)|STATEMENT_EXECUTE|[21]
12:50:41.0 (34281039)|HEAP_ALLOCATE|[EXTERNAL]|Bytes:4
12:50:41.0 (34303939)|STATEMENT_EXECUTE|[22]
12:50:41.0 (34305686)|STATEMENT_EXECUTE|[23]
12:50:41.0 (34327069)|USER_DEBUG|[23]|DEBUG|15:00:00.000Z
12:50:41.0 (34335139)|STATEMENT_EXECUTE|[24]
12:50:41.0 (34360629)|HEAP_ALLOCATE|[24]|Bytes:4
12:50:41.0 (34375916)|VARIABLE_ASSIGNMENT|[24]|t|55800000
12:50:41.0 (34380686)|STATEMENT_EXECUTE|[25]
12:50:41.0 (34383501)|HEAP_ALLOCATE|[25]|Bytes:3
12:50:41.0 (34394266)|HEAP_ALLOCATE|[25]|Bytes:28
12:50:41.0 (34429598)|HEAP_ALLOCATE|[25]|Bytes:28
12:50:41.0 (34445304)|VARIABLE_ASSIGNMENT|[25]|i1|0.5
12:50:41.0 (34449793)|STATEMENT_EXECUTE|[26]
12:50:41.0 (34465048)|HEAP_ALLOCATE|[EXTERNAL]|Bytes:4
12:50:41.0 (34477164)|HEAP_ALLOCATE|[27]|Bytes:28
12:50:41.0 (34480882)|HEAP_ALLOCATE|[27]|Bytes:28
12:50:41.0 (34486297)|HEAP_ALLOCATE|[27]|Bytes:28
12:50:41.0 (34508050)|HEAP_ALLOCATE|[27]|Bytes:28
12:50:41.0 (34533138)|STATEMENT_EXECUTE|[22]
12:50:41.0 (34534866)|STATEMENT_EXECUTE|[23]
12:50:41.0 (34547928)|USER_DEBUG|[23]|DEBUG|15:30:00.000Z
12:50:41.0 (34554965)|STATEMENT_EXECUTE|[24]
12:50:41.0 (34563620)|HEAP_ALLOCATE|[24]|Bytes:4
12:50:41.0 (34577479)|VARIABLE_ASSIGNMENT|[24]|t|57600000
12:50:41.0 (34581697)|STATEMENT_EXECUTE|[25]
12:50:41.0 (34586105)|HEAP_ALLOCATE|[25]|Bytes:28
12:50:41.0 (34597457)|HEAP_ALLOCATE|[25]|Bytes:28
12:50:41.0 (34608188)|VARIABLE_ASSIGNMENT|[25]|i1|1.0
12:50:41.0 (34612121)|STATEMENT_EXECUTE|[26]
12:50:41.0 (34617646)|HEAP_ALLOCATE|[EXTERNAL]|Bytes:4
12:50:41.0 (34626769)|HEAP_ALLOCATE|[27]|Bytes:28
12:50:41.0 (34630146)|HEAP_ALLOCATE|[27]|Bytes:28
12:50:41.0 (34634388)|HEAP_ALLOCATE|[27]|Bytes:28
12:50:41.0 (34646010)|HEAP_ALLOCATE|[27]|Bytes:28
12:50:41.0 (34663977)|STATEMENT_EXECUTE|[22]
12:50:41.0 (34665569)|STATEMENT_EXECUTE|[23]
12:50:41.0 (34671997)|USER_DEBUG|[23]|DEBUG|16:00:00.000Z
12:50:41.0 (34678694)|STATEMENT_EXECUTE|[24]
12:50:41.0 (34686143)|HEAP_ALLOCATE|[24]|Bytes:4
12:50:41.0 (34697663)|VARIABLE_ASSIGNMENT|[24]|t|59400000
12:50:41.0 (34701476)|STATEMENT_EXECUTE|[25]
12:50:41.0 (34705884)|HEAP_ALLOCATE|[25]|Bytes:28
12:50:41.0 (34716947)|HEAP_ALLOCATE|[25]|Bytes:28
12:50:41.0 (34726767)|VARIABLE_ASSIGNMENT|[25]|i1|1.5
12:50:41.0 (34731052)|STATEMENT_EXECUTE|[26]
12:50:41.0 (34735839)|HEAP_ALLOCATE|[EXTERNAL]|Bytes:4
12:50:41.0 (34743942)|HEAP_ALLOCATE|[27]|Bytes:28
12:50:41.0 (34747051)|HEAP_ALLOCATE|[27]|Bytes:28
12:50:41.0 (34751191)|HEAP_ALLOCATE|[27]|Bytes:28
12:50:41.0 (34762403)|HEAP_ALLOCATE|[27]|Bytes:28
12:50:41.0 (34786910)|HEAP_ALLOCATE|[16]|Bytes:5
12:50:41.0 (34798405)|VARIABLE_ASSIGNMENT|[16]|apt|null|
12:50:41.0 (34802746)|STATEMENT_EXECUTE|[37]
12:50:41.0 (34856244)|HEAP_ALLOCATE|[37]|Bytes:4
12:50:41.0 (34933298)|VARIABLE_ASSIGNMENT|[EXTERNAL]|this|{"aptdum":"0x1ca02140","Docdum":"0x64b48642","Docmap":"0x6209dac5","Selecteddoc":"a260H000001koYjQAI","timewraplistInitial":"0x2ce06b09"}|0x64f7ab31
12:50:41.0 (34950821)|HEAP_ALLOCATE|[EXTERNAL]|Bytes:4
12:50:41.0 (34957925)|VARIABLE_ASSIGNMENT|[EXTERNAL]|value|[]|0xfc620c5
12:50:41.0 (34969834)|VARIABLE_ASSIGNMENT|[4]|this.timewraplist|[]|0x64f7ab31
12:50:41.0 (34979071)|STATEMENT_EXECUTE|[38]
12:50:41.0 (34987050)|HEAP_ALLOCATE|[38]|Bytes:4
12:50:41.0 (35045730)|VARIABLE_ASSIGNMENT|[EXTERNAL]|this|{"aptdum":"0x1ca02140","Docdum":"0x64b48642","Docmap":"0x6209dac5","Selecteddoc":"a260H000001koYjQAI","timewraplist":"0xfc620c5","timewraplistInitial":"0x2ce06b09"}|0x64f7ab31
12:50:41.0 (35063612)|HEAP_ALLOCATE|[EXTERNAL]|Bytes:4
12:50:41.0 (35069906)|VARIABLE_ASSIGNMENT|[EXTERNAL]|value|[]|0x99792e9
12:50:41.0 (35080385)|VARIABLE_ASSIGNMENT|[3]|this.timelist|[]|0x64f7ab31
12:50:41.0 (35088556)|STATEMENT_EXECUTE|[39]
12:50:41.0 (35115452)|VARIABLE_SCOPE_BEGIN|[39]|t|Time|false|false
12:50:41.0 (35129789)|VARIABLE_ASSIGNMENT|[39]|t|25200000
12:50:41.0 (35133932)|STATEMENT_EXECUTE|[40]
12:50:41.0 (35173439)|VARIABLE_SCOPE_BEGIN|[40]|i|Integer|false|false
12:50:41.0 (35180900)|HEAP_ALLOCATE|[40]|Bytes:4
12:50:41.0 (35187813)|VARIABLE_ASSIGNMENT|[40]|i|12
12:50:41.0 (35192137)|STATEMENT_EXECUTE|[41]
12:50:41.0 (35200334)|HEAP_ALLOCATE|[41]|Bytes:28
12:50:41.0 (35204398)|HEAP_ALLOCATE|[41]|Bytes:28
12:50:41.0 (35208454)|VARIABLE_SCOPE_BEGIN|[41]|i1|Decimal|false|false
12:50:41.0 (35217052)|VARIABLE_ASSIGNMENT|[41]|i1|0
12:50:41.0 (35246331)|STATEMENT_EXECUTE|[42]
12:50:41.0 (35248098)|STATEMENT_EXECUTE|[43]
12:50:41.0 (35285428)|VARIABLE_ASSIGNMENT|[EXTERNAL]|this|{"aptdum":"0x1ca02140","Docdum":"0x64b48642","Docmap":"0x6209dac5","Selecteddoc":"a260H000001koYjQAI","timelist":"0x99792e9","timewraplist":"0xfc620c5","timewraplistInitial":"0x2ce06b09"}|0x64f7ab31
12:50:41.0 (35302229)|HEAP_ALLOCATE|[43]|Bytes:108
12:50:41.0 (35308062)|HEAP_ALLOCATE|[43]|Bytes:11
12:50:41.0 (35319002)|HEAP_ALLOCATE|[43]|Bytes:12
12:50:41.0 (35337866)|CONSTRUCTOR_ENTRY|[43]|01p0H000007gCe8|<init>(Boolean,Time)
12:50:41.0 (35347962)|VARIABLE_SCOPE_BEGIN|[131]|this|docappcontroller.Wrapertimeslot|true|false
12:50:41.0 (35369040)|VARIABLE_ASSIGNMENT|[131]|this|{}|0x6254edda
12:50:41.0 (35376902)|VARIABLE_SCOPE_BEGIN|[131]|selection|Boolean|false|false
12:50:41.0 (35385063)|VARIABLE_ASSIGNMENT|[131]|selection|false
12:50:41.0 (35391141)|VARIABLE_SCOPE_BEGIN|[131]|tm|Time|false|false
12:50:41.0 (35400889)|VARIABLE_ASSIGNMENT|[131]|tm|25200000
12:50:41.0 (35405627)|STATEMENT_EXECUTE|[127]
12:50:41.0 (35407296)|STATEMENT_EXECUTE|[128]
12:50:41.0 (35408789)|STATEMENT_EXECUTE|[129]
12:50:41.0 (35414644)|HEAP_ALLOCATE|[132]|Bytes:6
12:50:41.0 (35436402)|STATEMENT_EXECUTE|[131]
12:50:41.0 (35438079)|STATEMENT_EXECUTE|[132]
12:50:41.0 (35485690)|VARIABLE_ASSIGNMENT|[EXTERNAL]|this|{}|0x6254edda
12:50:41.0 (35496297)|VARIABLE_ASSIGNMENT|[EXTERNAL]|value|false
12:50:41.0 (35502566)|HEAP_ALLOCATE|[128]|Bytes:5
12:50:41.0 (35509561)|VARIABLE_ASSIGNMENT|[128]|this.selected|false|0x6254edda
12:50:41.0 (35518419)|STATEMENT_EXECUTE|[133]
12:50:41.0 (35552051)|VARIABLE_ASSIGNMENT|[EXTERNAL]|this|{"selected":false}|0x6254edda
12:50:41.0 (35565984)|VARIABLE_ASSIGNMENT|[EXTERNAL]|value|25200000
12:50:41.0 (35574591)|VARIABLE_ASSIGNMENT|[129]|this.t|25200000|0x6254edda
12:50:41.0 (35588527)|CONSTRUCTOR_EXIT|[43]|01p0H000007gCe8|<init>(Boolean,Time)
12:50:41.0 (35601874)|HEAP_ALLOCATE|[EXTERNAL]|Bytes:4
12:50:41.0 (35608677)|STATEMENT_EXECUTE|[47]
12:50:41.0 (35643481)|VARIABLE_ASSIGNMENT|[EXTERNAL]|this|{"aptdum":"0x1ca02140","Docdum":"0x64b48642","Docmap":"0x6209dac5","Selecteddoc":"a260H000001koYjQAI","timelist":"0x99792e9","timewraplist":"0xfc620c5","timewraplistInitial":"0x2ce06b09"}|0x64f7ab31
12:50:41.0 (35660517)|HEAP_ALLOCATE|[EXTERNAL]|Bytes:4
12:50:41.0 (35672061)|HEAP_ALLOCATE|[50]|Bytes:28
12:50:41.0 (35701812)|STATEMENT_EXECUTE|[50]
12:50:41.0 (35703518)|STATEMENT_EXECUTE|[51]
12:50:41.0 (35721249)|USER_DEBUG|[51]|DEBUG|07:00:00.000Z
12:50:41.0 (35728828)|STATEMENT_EXECUTE|[52]
12:50:41.0 (35749160)|HEAP_ALLOCATE|[52]|Bytes:4
12:50:41.0 (35764101)|VARIABLE_ASSIGNMENT|[52]|t|27000000
12:50:41.0 (35768550)|STATEMENT_EXECUTE|[53]
12:50:41.0 (35774919)|HEAP_ALLOCATE|[53]|Bytes:28
12:50:41.0 (35793511)|HEAP_ALLOCATE|[53]|Bytes:28
12:50:41.0 (35805702)|VARIABLE_ASSIGNMENT|[53]|i1|0.5
12:50:41.0 (35810038)|STATEMENT_EXECUTE|[54]
12:50:41.0 (35840049)|VARIABLE_ASSIGNMENT|[EXTERNAL]|this|{"aptdum":"0x1ca02140","Docdum":"0x64b48642","Docmap":"0x6209dac5","Selecteddoc":"a260H000001koYjQAI","timelist":"0x99792e9","timewraplist":"0xfc620c5","timewraplistInitial":"0x2ce06b09"}|0x64f7ab31
12:50:41.0 (35855525)|HEAP_ALLOCATE|[EXTERNAL]|Bytes:4
12:50:41.0 (35879613)|STATEMENT_EXECUTE|[56]
12:50:41.0 (35881374)|STATEMENT_EXECUTE|[57]
12:50:41.0 (35907268)|VARIABLE_ASSIGNMENT|[EXTERNAL]|this|{"aptdum":"0x1ca02140","Docdum":"0x64b48642","Docmap":"0x6209dac5","Selecteddoc":"a260H000001koYjQAI","timelist":"0x99792e9","timewraplist":"0xfc620c5","timewraplistInitial":"0x2ce06b09"}|0x64f7ab31
12:50:41.0 (35920188)|HEAP_ALLOCATE|[57]|Bytes:12
12:50:41.0 (35932174)|CONSTRUCTOR_ENTRY|[57]|01p0H000007gCe8|<init>(Boolean,Time)
12:50:41.0 (35938044)|VARIABLE_SCOPE_BEGIN|[131]|this|docappcontroller.Wrapertimeslot|true|false
12:50:41.0 (35951475)|VARIABLE_ASSIGNMENT|[131]|this|{}|0x5ad87c0e
12:50:41.0 (35957747)|VARIABLE_SCOPE_BEGIN|[131]|selection|Boolean|false|false
12:50:41.0 (35969145)|VARIABLE_ASSIGNMENT|[131]|selection|false
12:50:41.0 (35973366)|VARIABLE_SCOPE_BEGIN|[131]|tm|Time|false|false
12:50:41.0 (35981740)|VARIABLE_ASSIGNMENT|[131]|tm|27000000
12:50:41.0 (35985897)|STATEMENT_EXECUTE|[127]
12:50:41.0 (35987549)|STATEMENT_EXECUTE|[128]
12:50:41.0 (35988971)|STATEMENT_EXECUTE|[129]
12:50:41.0 (35999209)|STATEMENT_EXECUTE|[131]
12:50:41.0 (36000768)|STATEMENT_EXECUTE|[132]
12:50:41.0 (36013146)|VARIABLE_ASSIGNMENT|[EXTERNAL]|this|{}|0x5ad87c0e
12:50:41.0 (36022148)|VARIABLE_ASSIGNMENT|[EXTERNAL]|value|false
12:50:41.0 (36027788)|HEAP_ALLOCATE|[128]|Bytes:5
12:50:41.0 (36034653)|VARIABLE_ASSIGNMENT|[128]|this.selected|false|0x5ad87c0e
12:50:41.0 (36042809)|STATEMENT_EXECUTE|[133]
12:50:41.0 (36054470)|VARIABLE_ASSIGNMENT|[EXTERNAL]|this|{"selected":false}|0x5ad87c0e
12:50:41.0 (36063328)|VARIABLE_ASSIGNMENT|[EXTERNAL]|value|27000000
12:50:41.0 (36070445)|VARIABLE_ASSIGNMENT|[129]|this.t|27000000|0x5ad87c0e
12:50:41.0 (36083543)|CONSTRUCTOR_EXIT|[57]|01p0H000007gCe8|<init>(Boolean,Time)
12:50:41.0 (36094277)|HEAP_ALLOCATE|[EXTERNAL]|Bytes:4
12:50:41.0 (36104205)|HEAP_ALLOCATE|[50]|Bytes:28
12:50:41.0 (36124422)|STATEMENT_EXECUTE|[50]
12:50:41.0 (36126409)|STATEMENT_EXECUTE|[51]
12:50:41.0 (36135312)|USER_DEBUG|[51]|DEBUG|07:30:00.000Z
12:50:41.0 (36141926)|STATEMENT_EXECUTE|[52]
12:50:41.0 (36151136)|HEAP_ALLOCATE|[52]|Bytes:4
12:50:41.0 (36166420)|VARIABLE_ASSIGNMENT|[52]|t|28800000
12:50:41.0 (36170936)|STATEMENT_EXECUTE|[53]
12:50:41.0 (36175890)|HEAP_ALLOCATE|[53]|Bytes:28
12:50:41.0 (36187956)|HEAP_ALLOCATE|[53]|Bytes:28
12:50:41.0 (36199400)|VARIABLE_ASSIGNMENT|[53]|i1|1.0
12:50:41.0 (36203389)|STATEMENT_EXECUTE|[54]
12:50:41.0 (36228550)|VARIABLE_ASSIGNMENT|[EXTERNAL]|this|{"aptdum":"0x1ca02140","Docdum":"0x64b48642","Docmap":"0x6209dac5","Selecteddoc":"a260H000001koYjQAI","timelist":"0x99792e9","timewraplist":"0xfc620c5","timewraplistInitial":"0x2ce06b09"}|0x64f7ab31
12:50:41.0 (36243033)|HEAP_ALLOCATE|[EXTERNAL]|Bytes:4
12:50:41.0 (36255111)|STATEMENT_EXECUTE|[56]
12:50:41.0 (36256818)|STATEMENT_EXECUTE|[57]
12:50:41.0 (36276312)|VARIABLE_ASSIGNMENT|[EXTERNAL]|this|{"aptdum":"0x1ca02140","Docdum":"0x64b48642","Docmap":"0x6209dac5","Selecteddoc":"a260H000001koYjQAI","timelist":"0x99792e9","timewraplist":"0xfc620c5","timewraplistInitial":"0x2ce06b09"}|0x64f7ab31
12:50:41.0 (36287249)|HEAP_ALLOCATE|[57]|Bytes:12
12:50:41.0 (36298335)|CONSTRUCTOR_ENTRY|[57]|01p0H000007gCe8|<init>(Boolean,Time)
12:50:41.0 (36303972)|VARIABLE_SCOPE_BEGIN|[131]|this|docappcontroller.Wrapertimeslot|true|false
12:50:41.0 (36317318)|VARIABLE_ASSIGNMENT|[131]|this|{}|0x5b156ee9
12:50:41.0 (36323414)|VARIABLE_SCOPE_BEGIN|[131]|selection|Boolean|false|false
12:50:41.0 (36330705)|VARIABLE_ASSIGNMENT|[131]|selection|false
12:50:41.0 (36334390)|VARIABLE_SCOPE_BEGIN|[131]|tm|Time|false|false
12:50:41.0 (36342888)|VARIABLE_ASSIGNMENT|[131]|tm|28800000
12:50:41.0 (36347422)|STATEMENT_EXECUTE|[127]
12:50:41.0 (36348935)|STATEMENT_EXECUTE|[128]
12:50:41.0 (36350355)|STATEMENT_EXECUTE|[129]
12:50:41.0 (36359534)|STATEMENT_EXECUTE|[131]
12:50:41.0 (36361329)|STATEMENT_EXECUTE|[132]
12:50:41.0 (36371944)|VARIABLE_ASSIGNMENT|[EXTERNAL]|this|{}|0x5b156ee9
12:50:41.0 (36380238)|VARIABLE_ASSIGNMENT|[EXTERNAL]|value|false
12:50:41.0 (36385260)|HEAP_ALLOCATE|[128]|Bytes:5
12:50:41.0 (36391471)|VARIABLE_ASSIGNMENT|[128]|this.selected|false|0x5b156ee9
12:50:41.0 (36398879)|STATEMENT_EXECUTE|[133]
12:50:41.0 (36409864)|VARIABLE_ASSIGNMENT|[EXTERNAL]|this|{"selected":false}|0x5b156ee9
12:50:41.0 (36418574)|VARIABLE_ASSIGNMENT|[EXTERNAL]|value|28800000
12:50:41.0 (36425295)|VARIABLE_ASSIGNMENT|[129]|this.t|28800000|0x5b156ee9
12:50:41.0 (36437604)|CONSTRUCTOR_EXIT|[57]|01p0H000007gCe8|<init>(Boolean,Time)
12:50:41.0 (36446689)|HEAP_ALLOCATE|[EXTERNAL]|Bytes:4
12:50:41.0 (36455636)|HEAP_ALLOCATE|[50]|Bytes:28
12:50:41.0 (36473624)|STATEMENT_EXECUTE|[50]
12:50:41.0 (36475346)|STATEMENT_EXECUTE|[51]
12:50:41.0 (36483969)|USER_DEBUG|[51]|DEBUG|08:00:00.000Z
12:50:41.0 (36490586)|STATEMENT_EXECUTE|[52]
12:50:41.0 (36498873)|HEAP_ALLOCATE|[52]|Bytes:4
12:50:41.0 (36511727)|VARIABLE_ASSIGNMENT|[52]|t|30600000
12:50:41.0 (36516155)|STATEMENT_EXECUTE|[53]
12:50:41.0 (36520966)|HEAP_ALLOCATE|[53]|Bytes:28
12:50:41.0 (36532971)|HEAP_ALLOCATE|[53]|Bytes:28
12:50:41.0 (36548692)|VARIABLE_ASSIGNMENT|[53]|i1|1.5
12:50:41.0 (36553259)|STATEMENT_EXECUTE|[54]
12:50:41.0 (36577276)|VARIABLE_ASSIGNMENT|[EXTERNAL]|this|{"aptdum":"0x1ca02140","Docdum":"0x64b48642","Docmap":"0x6209dac5","Selecteddoc":"a260H000001koYjQAI","timelist":"0x99792e9","timewraplist":"0xfc620c5","timewraplistInitial":"0x2ce06b09"}|0x64f7ab31
12:50:41.0 (36591055)|HEAP_ALLOCATE|[EXTERNAL]|Bytes:4
12:50:41.0 (36602679)|STATEMENT_EXECUTE|[56]
12:50:41.0 (36604160)|STATEMENT_EXECUTE|[57]
12:50:41.0 (36623433)|VARIABLE_ASSIGNMENT|[EXTERNAL]|this|{"aptdum":"0x1ca02140","Docdum":"0x64b48642","Docmap":"0x6209dac5","Selecteddoc":"a260H000001koYjQAI","timelist":"0x99792e9","timewraplist":"0xfc620c5","timewraplistInitial":"0x2ce06b09"}|0x64f7ab31
12:50:41.0 (36635148)|HEAP_ALLOCATE|[57]|Bytes:12
12:50:41.0 (36645943)|CONSTRUCTOR_ENTRY|[57]|01p0H000007gCe8|<init>(Boolean,Time)
12:50:41.0 (36651478)|VARIABLE_SCOPE_BEGIN|[131]|this|docappcontroller.Wrapertimeslot|true|false
12:50:41.0 (36663789)|VARIABLE_ASSIGNMENT|[131]|this|{}|0x1a283506
12:50:41.0 (36670018)|VARIABLE_SCOPE_BEGIN|[131]|selection|Boolean|false|false
12:50:41.0 (36677712)|VARIABLE_ASSIGNMENT|[131]|selection|false
12:50:41.0 (36681432)|VARIABLE_SCOPE_BEGIN|[131]|tm|Time|false|false
12:50:41.0 (36689289)|VARIABLE_ASSIGNMENT|[131]|tm|30600000
12:50:41.0 (36693614)|STATEMENT_EXECUTE|[127]
12:50:41.0 (36695106)|STATEMENT_EXECUTE|[128]
12:50:41.0 (36696851)|STATEMENT_EXECUTE|[129]
12:50:41.0 (36705048)|STATEMENT_EXECUTE|[131]
12:50:41.0 (36706581)|STATEMENT_EXECUTE|[132]
12:50:41.0 (36716660)|VARIABLE_ASSIGNMENT|[EXTERNAL]|this|{}|0x1a283506
12:50:41.0 (36725461)|VARIABLE_ASSIGNMENT|[EXTERNAL]|value|false
12:50:41.0 (36730666)|HEAP_ALLOCATE|[128]|Bytes:5
12:50:41.0 (36736887)|VARIABLE_ASSIGNMENT|[128]|this.selected|false|0x1a283506
12:50:41.0 (36743658)|STATEMENT_EXECUTE|[133]
12:50:41.0 (36754070)|VARIABLE_ASSIGNMENT|[EXTERNAL]|this|{"selected":false}|0x1a283506
12:50:41.0 (36762193)|VARIABLE_ASSIGNMENT|[EXTERNAL]|value|30600000
12:50:41.0 (36768998)|VARIABLE_ASSIGNMENT|[129]|this.t|30600000|0x1a283506
12:50:41.0 (36781254)|CONSTRUCTOR_EXIT|[57]|01p0H000007gCe8|<init>(Boolean,Time)
12:50:41.0 (36790942)|HEAP_ALLOCATE|[EXTERNAL]|Bytes:4
12:50:41.0 (36799375)|HEAP_ALLOCATE|[50]|Bytes:28
12:50:41.0 (36816594)|STATEMENT_EXECUTE|[50]
12:50:41.0 (36818358)|STATEMENT_EXECUTE|[51]
12:50:41.0 (36826331)|USER_DEBUG|[51]|DEBUG|08:30:00.000Z
12:50:41.0 (36832511)|STATEMENT_EXECUTE|[52]
12:50:41.0 (36840899)|HEAP_ALLOCATE|[52]|Bytes:4
12:50:41.0 (36853297)|VARIABLE_ASSIGNMENT|[52]|t|32400000
12:50:41.0 (36857317)|STATEMENT_EXECUTE|[53]
12:50:41.0 (36862091)|HEAP_ALLOCATE|[53]|Bytes:28
12:50:41.0 (36873383)|HEAP_ALLOCATE|[53]|Bytes:28
12:50:41.0 (36884342)|VARIABLE_ASSIGNMENT|[53]|i1|2.0
12:50:41.0 (36892479)|STATEMENT_EXECUTE|[54]
12:50:41.0 (36916986)|VARIABLE_ASSIGNMENT|[EXTERNAL]|this|{"aptdum":"0x1ca02140","Docdum":"0x64b48642","Docmap":"0x6209dac5","Selecteddoc":"a260H000001koYjQAI","timelist":"0x99792e9","timewraplist":"0xfc620c5","timewraplistInitial":"0x2ce06b09"}|0x64f7ab31
12:50:41.0 (36930728)|HEAP_ALLOCATE|[EXTERNAL]|Bytes:4
12:50:41.0 (36942186)|STATEMENT_EXECUTE|[56]
12:50:41.0 (36943704)|STATEMENT_EXECUTE|[57]
12:50:41.0 (36963174)|VARIABLE_ASSIGNMENT|[EXTERNAL]|this|{"aptdum":"0x1ca02140","Docdum":"0x64b48642","Docmap":"0x6209dac5","Selecteddoc":"a260H000001koYjQAI","timelist":"0x99792e9","timewraplist":"0xfc620c5","timewraplistInitial":"0x2ce06b09"}|0x64f7ab31
12:50:41.0 (36974561)|HEAP_ALLOCATE|[57]|Bytes:12
12:50:41.0 (36984902)|CONSTRUCTOR_ENTRY|[57]|01p0H000007gCe8|<init>(Boolean,Time)
12:50:41.0 (36990085)|VARIABLE_SCOPE_BEGIN|[131]|this|docappcontroller.Wrapertimeslot|true|false
12:50:41.0 (37003178)|VARIABLE_ASSIGNMENT|[131]|this|{}|0x12f9afef
12:50:41.0 (37009664)|VARIABLE_SCOPE_BEGIN|[131]|selection|Boolean|false|false
12:50:41.0 (37016662)|VARIABLE_ASSIGNMENT|[131]|selection|false
12:50:41.0 (37020510)|VARIABLE_SCOPE_BEGIN|[131]|tm|Time|false|false
12:50:41.0 (37029209)|VARIABLE_ASSIGNMENT|[131]|tm|32400000
12:50:41.0 (37033276)|STATEMENT_EXECUTE|[127]
12:50:41.0 (37034833)|STATEMENT_EXECUTE|[128]
12:50:41.0 (37036285)|STATEMENT_EXECUTE|[129]
12:50:41.0 (37044354)|STATEMENT_EXECUTE|[131]
12:50:41.0 (37046090)|STATEMENT_EXECUTE|[132]
12:50:41.0 (37056800)|VARIABLE_ASSIGNMENT|[EXTERNAL]|this|{}|0x12f9afef
12:50:41.0 (37064505)|VARIABLE_ASSIGNMENT|[EXTERNAL]|value|false
12:50:41.0 (37069270)|HEAP_ALLOCATE|[128]|Bytes:5
12:50:41.0 (37075456)|VARIABLE_ASSIGNMENT|[128]|this.selected|false|0x12f9afef
12:50:41.0 (37082718)|STATEMENT_EXECUTE|[133]
12:50:41.0 (37093392)|VARIABLE_ASSIGNMENT|[EXTERNAL]|this|{"selected":false}|0x12f9afef
12:50:41.0 (37102331)|VARIABLE_ASSIGNMENT|[EXTERNAL]|value|32400000
12:50:41.0 (37109320)|VARIABLE_ASSIGNMENT|[129]|this.t|32400000|0x12f9afef
12:50:41.0 (37121269)|CONSTRUCTOR_EXIT|[57]|01p0H000007gCe8|<init>(Boolean,Time)
12:50:41.0 (37130134)|HEAP_ALLOCATE|[EXTERNAL]|Bytes:4
12:50:41.0 (37139123)|HEAP_ALLOCATE|[50]|Bytes:28
12:50:41.0 (37157038)|STATEMENT_EXECUTE|[50]
12:50:41.0 (37159038)|STATEMENT_EXECUTE|[51]
12:50:41.0 (37167182)|USER_DEBUG|[51]|DEBUG|09:00:00.000Z
12:50:41.0 (37173244)|STATEMENT_EXECUTE|[52]
12:50:41.0 (37181519)|HEAP_ALLOCATE|[52]|Bytes:4
12:50:41.0 (37193739)|VARIABLE_ASSIGNMENT|[52]|t|34200000
12:50:41.0 (37198493)|STATEMENT_EXECUTE|[53]
12:50:41.0 (37203076)|HEAP_ALLOCATE|[53]|Bytes:28
12:50:41.0 (37215062)|HEAP_ALLOCATE|[53]|Bytes:28
12:50:41.0 (37225528)|VARIABLE_ASSIGNMENT|[53]|i1|2.5
12:50:41.0 (37229987)|STATEMENT_EXECUTE|[54]
12:50:41.0 (37253361)|VARIABLE_ASSIGNMENT|[EXTERNAL]|this|{"aptdum":"0x1ca02140","Docdum":"0x64b48642","Docmap":"0x6209dac5","Selecteddoc":"a260H000001koYjQAI","timelist":"0x99792e9","timewraplist":"0xfc620c5","timewraplistInitial":"0x2ce06b09"}|0x64f7ab31
12:50:41.0 (37266172)|HEAP_ALLOCATE|[EXTERNAL]|Bytes:4
12:50:41.0 (37277484)|STATEMENT_EXECUTE|[56]
12:50:41.0 (37279002)|STATEMENT_EXECUTE|[57]
12:50:41.0 (37301792)|VARIABLE_ASSIGNMENT|[EXTERNAL]|this|{"aptdum":"0x1ca02140","Docdum":"0x64b48642","Docmap":"0x6209dac5","Selecteddoc":"a260H000001koYjQAI","timelist":"0x99792e9","timewraplist":"0xfc620c5","timewraplistInitial":"0x2ce06b09"}|0x64f7ab31
12:50:41.0 (37313323)|HEAP_ALLOCATE|[57]|Bytes:12
12:50:41.0 (37323796)|CONSTRUCTOR_ENTRY|[57]|01p0H000007gCe8|<init>(Boolean,Time)
12:50:41.0 (37329284)|VARIABLE_SCOPE_BEGIN|[131]|this|docappcontroller.Wrapertimeslot|true|false
12:50:41.0 (37341703)|VARIABLE_ASSIGNMENT|[131]|this|{}|0x683d8552
12:50:41.0 (37347417)|VARIABLE_SCOPE_BEGIN|[131]|selection|Boolean|false|false
12:50:41.0 (37354900)|VARIABLE_ASSIGNMENT|[131]|selection|false
12:50:41.0 (37358289)|VARIABLE_SCOPE_BEGIN|[131]|tm|Time|false|false
12:50:41.0 (37366467)|VARIABLE_ASSIGNMENT|[131]|tm|34200000
12:50:41.0 (37370817)|STATEMENT_EXECUTE|[127]
12:50:41.0 (37372461)|STATEMENT_EXECUTE|[128]
12:50:41.0 (37373911)|STATEMENT_EXECUTE|[129]
12:50:41.0 (37381992)|STATEMENT_EXECUTE|[131]
12:50:41.0 (37383488)|STATEMENT_EXECUTE|[132]
12:50:41.0 (37393787)|VARIABLE_ASSIGNMENT|[EXTERNAL]|this|{}|0x683d8552
12:50:41.0 (37401790)|VARIABLE_ASSIGNMENT|[EXTERNAL]|value|false
12:50:41.0 (37406681)|HEAP_ALLOCATE|[128]|Bytes:5
12:50:41.0 (37412807)|VARIABLE_ASSIGNMENT|[128]|this.selected|false|0x683d8552
12:50:41.0 (37419949)|STATEMENT_EXECUTE|[133]
12:50:41.0 (37430924)|VARIABLE_ASSIGNMENT|[EXTERNAL]|this|{"selected":false}|0x683d8552
12:50:41.0 (37438950)|VARIABLE_ASSIGNMENT|[EXTERNAL]|value|34200000
12:50:41.0 (37445636)|VARIABLE_ASSIGNMENT|[129]|this.t|34200000|0x683d8552
12:50:41.0 (37457852)|CONSTRUCTOR_EXIT|[57]|01p0H000007gCe8|<init>(Boolean,Time)
12:50:41.0 (37466218)|HEAP_ALLOCATE|[EXTERNAL]|Bytes:4
12:50:41.0 (37475217)|HEAP_ALLOCATE|[50]|Bytes:28
12:50:41.0 (37492823)|STATEMENT_EXECUTE|[50]
12:50:41.0 (37494542)|STATEMENT_EXECUTE|[51]
12:50:41.0 (37502508)|USER_DEBUG|[51]|DEBUG|09:30:00.000Z
12:50:41.0 (37509035)|STATEMENT_EXECUTE|[52]
12:50:41.0 (37516774)|HEAP_ALLOCATE|[52]|Bytes:4
12:50:41.0 (37528701)|VARIABLE_ASSIGNMENT|[52]|t|36000000
12:50:41.0 (37533453)|STATEMENT_EXECUTE|[53]
12:50:41.0 (37538017)|HEAP_ALLOCATE|[53]|Bytes:28
12:50:41.0 (37554747)|HEAP_ALLOCATE|[53]|Bytes:28
12:50:41.0 (37566015)|VARIABLE_ASSIGNMENT|[53]|i1|3.0
12:50:41.0 (37570272)|STATEMENT_EXECUTE|[54]
12:50:41.0 (37593481)|VARIABLE_ASSIGNMENT|[EXTERNAL]|this|{"aptdum":"0x1ca02140","Docdum":"0x64b48642","Docmap":"0x6209dac5","Selecteddoc":"a260H000001koYjQAI","timelist":"0x99792e9","timewraplist":"0xfc620c5","timewraplistInitial":"0x2ce06b09"}|0x64f7ab31
12:50:41.0 (37606836)|HEAP_ALLOCATE|[EXTERNAL]|Bytes:4
12:50:41.0 (37618418)|STATEMENT_EXECUTE|[56]
12:50:41.0 (37619941)|STATEMENT_EXECUTE|[57]
12:50:41.0 (37639220)|VARIABLE_ASSIGNMENT|[EXTERNAL]|this|{"aptdum":"0x1ca02140","Docdum":"0x64b48642","Docmap":"0x6209dac5","Selecteddoc":"a260H000001koYjQAI","timelist":"0x99792e9","timewraplist":"0xfc620c5","timewraplistInitial":"0x2ce06b09"}|0x64f7ab31
12:50:41.0 (37650032)|HEAP_ALLOCATE|[57]|Bytes:12
12:50:41.0 (37660401)|CONSTRUCTOR_ENTRY|[57]|01p0H000007gCe8|<init>(Boolean,Time)
12:50:41.0 (37665367)|VARIABLE_SCOPE_BEGIN|[131]|this|docappcontroller.Wrapertimeslot|true|false
12:50:41.0 (37677914)|VARIABLE_ASSIGNMENT|[131]|this|{}|0x33da1db5
12:50:41.0 (37684119)|VARIABLE_SCOPE_BEGIN|[131]|selection|Boolean|false|false
12:50:41.0 (37691878)|VARIABLE_ASSIGNMENT|[131]|selection|false
12:50:41.0 (37695617)|VARIABLE_SCOPE_BEGIN|[131]|tm|Time|false|false
12:50:41.0 (37703847)|VARIABLE_ASSIGNMENT|[131]|tm|36000000
12:50:41.0 (37707980)|STATEMENT_EXECUTE|[127]
12:50:41.0 (37709468)|STATEMENT_EXECUTE|[128]
12:50:41.0 (37710919)|STATEMENT_EXECUTE|[129]
12:50:41.0 (37718901)|STATEMENT_EXECUTE|[131]
12:50:41.0 (37720415)|STATEMENT_EXECUTE|[132]
12:50:41.0 (37730762)|VARIABLE_ASSIGNMENT|[EXTERNAL]|this|{}|0x33da1db5
12:50:41.0 (37739278)|VARIABLE_ASSIGNMENT|[EXTERNAL]|value|false
12:50:41.0 (37744788)|HEAP_ALLOCATE|[128]|Bytes:5
12:50:41.0 (37750678)|VARIABLE_ASSIGNMENT|[128]|this.selected|false|0x33da1db5
12:50:41.0 (37757584)|STATEMENT_EXECUTE|[133]
12:50:41.0 (37768192)|VARIABLE_ASSIGNMENT|[EXTERNAL]|this|{"selected":false}|0x33da1db5
12:50:41.0 (37776312)|VARIABLE_ASSIGNMENT|[EXTERNAL]|value|36000000
12:50:41.0 (37783001)|VARIABLE_ASSIGNMENT|[129]|this.t|36000000|0x33da1db5
12:50:41.0 (37794953)|CONSTRUCTOR_EXIT|[57]|01p0H000007gCe8|<init>(Boolean,Time)
12:50:41.0 (37803879)|HEAP_ALLOCATE|[EXTERNAL]|Bytes:4
12:50:41.0 (37812458)|HEAP_ALLOCATE|[50]|Bytes:28
12:50:41.0 (37829760)|STATEMENT_EXECUTE|[50]
12:50:41.0 (37831788)|STATEMENT_EXECUTE|[51]
12:50:41.0 (37839318)|USER_DEBUG|[51]|DEBUG|10:00:00.000Z
12:50:41.0 (37845308)|STATEMENT_EXECUTE|[52]
12:50:41.0 (37853542)|HEAP_ALLOCATE|[52]|Bytes:4
12:50:41.0 (37865438)|VARIABLE_ASSIGNMENT|[52]|t|37800000
12:50:41.0 (37869489)|STATEMENT_EXECUTE|[53]
12:50:41.0 (37874193)|HEAP_ALLOCATE|[53]|Bytes:28
12:50:41.0 (37885557)|HEAP_ALLOCATE|[53]|Bytes:28
12:50:41.0 (37895803)|VARIABLE_ASSIGNMENT|[53]|i1|3.5
12:50:41.0 (37899725)|STATEMENT_EXECUTE|[54]
12:50:41.0 (37922488)|VARIABLE_ASSIGNMENT|[EXTERNAL]|this|{"aptdum":"0x1ca02140","Docdum":"0x64b48642","Docmap":"0x6209dac5","Selecteddoc":"a260H000001koYjQAI","timelist":"0x99792e9","timewraplist":"0xfc620c5","timewraplistInitial":"0x2ce06b09"}|0x64f7ab31
12:50:41.0 (37935529)|HEAP_ALLOCATE|[EXTERNAL]|Bytes:4
12:50:41.0 (37947164)|STATEMENT_EXECUTE|[56]
12:50:41.0 (37948681)|STATEMENT_EXECUTE|[57]
12:50:41.0 (37968402)|VARIABLE_ASSIGNMENT|[EXTERNAL]|this|{"aptdum":"0x1ca02140","Docdum":"0x64b48642","Docmap":"0x6209dac5","Selecteddoc":"a260H000001koYjQAI","timelist":"0x99792e9","timewraplist":"0xfc620c5","timewraplistInitial":"0x2ce06b09"}|0x64f7ab31
12:50:41.0 (37979043)|HEAP_ALLOCATE|[57]|Bytes:12
12:50:41.0 (37989068)|CONSTRUCTOR_ENTRY|[57]|01p0H000007gCe8|<init>(Boolean,Time)
12:50:41.0 (37994305)|VARIABLE_SCOPE_BEGIN|[131]|this|docappcontroller.Wrapertimeslot|true|false
12:50:41.0 (38007179)|VARIABLE_ASSIGNMENT|[131]|this|{}|0x11df02e8
12:50:41.0 (38013361)|VARIABLE_SCOPE_BEGIN|[131]|selection|Boolean|false|false
12:50:41.0 (38021117)|VARIABLE_ASSIGNMENT|[131]|selection|false
12:50:41.0 (38024577)|VARIABLE_SCOPE_BEGIN|[131]|tm|Time|false|false
12:50:41.0 (38032194)|VARIABLE_ASSIGNMENT|[131]|tm|37800000
12:50:41.0 (38036035)|STATEMENT_EXECUTE|[127]
12:50:41.0 (38037496)|STATEMENT_EXECUTE|[128]
12:50:41.0 (38038932)|STATEMENT_EXECUTE|[129]
12:50:41.0 (38046853)|STATEMENT_EXECUTE|[131]
12:50:41.0 (38048341)|STATEMENT_EXECUTE|[132]
12:50:41.0 (38058736)|VARIABLE_ASSIGNMENT|[EXTERNAL]|this|{}|0x11df02e8
12:50:41.0 (38066777)|VARIABLE_ASSIGNMENT|[EXTERNAL]|value|false
12:50:41.0 (38071541)|HEAP_ALLOCATE|[128]|Bytes:5
12:50:41.0 (38077735)|VARIABLE_ASSIGNMENT|[128]|this.selected|false|0x11df02e8
12:50:41.0 (38084521)|STATEMENT_EXECUTE|[133]
12:50:41.0 (38095208)|VARIABLE_ASSIGNMENT|[EXTERNAL]|this|{"selected":false}|0x11df02e8
12:50:41.0 (38103358)|VARIABLE_ASSIGNMENT|[EXTERNAL]|value|37800000
12:50:41.0 (38110201)|VARIABLE_ASSIGNMENT|[129]|this.t|37800000|0x11df02e8
12:50:41.0 (38122573)|CONSTRUCTOR_EXIT|[57]|01p0H000007gCe8|<init>(Boolean,Time)
12:50:41.0 (38131145)|HEAP_ALLOCATE|[EXTERNAL]|Bytes:4
12:50:41.0 (38139767)|HEAP_ALLOCATE|[50]|Bytes:28
12:50:41.0 (38157185)|STATEMENT_EXECUTE|[50]
12:50:41.0 (38158933)|STATEMENT_EXECUTE|[51]
12:50:41.0 (38166118)|USER_DEBUG|[51]|DEBUG|10:30:00.000Z
12:50:41.0 (38172310)|STATEMENT_EXECUTE|[52]
12:50:41.0 (38180125)|HEAP_ALLOCATE|[52]|Bytes:4
12:50:41.0 (38192193)|VARIABLE_ASSIGNMENT|[52]|t|39600000
12:50:41.0 (38196857)|STATEMENT_EXECUTE|[53]
12:50:41.0 (38201519)|HEAP_ALLOCATE|[53]|Bytes:28
12:50:41.0 (38213313)|HEAP_ALLOCATE|[53]|Bytes:28
12:50:41.0 (38223896)|VARIABLE_ASSIGNMENT|[53]|i1|4.0
12:50:41.0 (38227816)|STATEMENT_EXECUTE|[54]
12:50:41.0 (38251281)|VARIABLE_ASSIGNMENT|[EXTERNAL]|this|{"aptdum":"0x1ca02140","Docdum":"0x64b48642","Docmap":"0x6209dac5","Selecteddoc":"a260H000001koYjQAI","timelist":"0x99792e9","timewraplist":"0xfc620c5","timewraplistInitial":"0x2ce06b09"}|0x64f7ab31
12:50:41.0 (38264082)|HEAP_ALLOCATE|[EXTERNAL]|Bytes:4
12:50:41.0 (38275742)|STATEMENT_EXECUTE|[56]
12:50:41.0 (38277240)|STATEMENT_EXECUTE|[57]
12:50:41.0 (38296881)|VARIABLE_ASSIGNMENT|[EXTERNAL]|this|{"aptdum":"0x1ca02140","Docdum":"0x64b48642","Docmap":"0x6209dac5","Selecteddoc":"a260H000001koYjQAI","timelist":"0x99792e9","timewraplist":"0xfc620c5","timewraplistInitial":"0x2ce06b09"}|0x64f7ab31
12:50:41.0 (38307334)|HEAP_ALLOCATE|[57]|Bytes:12
12:50:41.0 (38317283)|CONSTRUCTOR_ENTRY|[57]|01p0H000007gCe8|<init>(Boolean,Time)
12:50:41.0 (38322544)|VARIABLE_SCOPE_BEGIN|[131]|this|docappcontroller.Wrapertimeslot|true|false
12:50:41.0 (38335174)|VARIABLE_ASSIGNMENT|[131]|this|{}|0x1791c229
12:50:41.0 (38341339)|VARIABLE_SCOPE_BEGIN|[131]|selection|Boolean|false|false
12:50:41.0 (38348601)|VARIABLE_ASSIGNMENT|[131]|selection|false
12:50:41.0 (38352567)|VARIABLE_SCOPE_BEGIN|[131]|tm|Time|false|false
12:50:41.0 (38360477)|VARIABLE_ASSIGNMENT|[131]|tm|39600000
12:50:41.0 (38364659)|STATEMENT_EXECUTE|[127]
12:50:41.0 (38366140)|STATEMENT_EXECUTE|[128]
12:50:41.0 (38367594)|STATEMENT_EXECUTE|[129]
12:50:41.0 (38375805)|STATEMENT_EXECUTE|[131]
12:50:41.0 (38377351)|STATEMENT_EXECUTE|[132]
12:50:41.0 (38387801)|VARIABLE_ASSIGNMENT|[EXTERNAL]|this|{}|0x1791c229
12:50:41.0 (38395949)|VARIABLE_ASSIGNMENT|[EXTERNAL]|value|false
12:50:41.0 (38401596)|HEAP_ALLOCATE|[128]|Bytes:5
12:50:41.0 (38407272)|VARIABLE_ASSIGNMENT|[128]|this.selected|false|0x1791c229
12:50:41.0 (38414141)|STATEMENT_EXECUTE|[133]
12:50:41.0 (38424728)|VARIABLE_ASSIGNMENT|[EXTERNAL]|this|{"selected":false}|0x1791c229
12:50:41.0 (38432985)|VARIABLE_ASSIGNMENT|[EXTERNAL]|value|39600000
12:50:41.0 (38439658)|VARIABLE_ASSIGNMENT|[129]|this.t|39600000|0x1791c229
12:50:41.0 (38451612)|CONSTRUCTOR_EXIT|[57]|01p0H000007gCe8|<init>(Boolean,Time)
12:50:41.0 (38460252)|HEAP_ALLOCATE|[EXTERNAL]|Bytes:4
12:50:41.0 (38468944)|HEAP_ALLOCATE|[50]|Bytes:28
12:50:41.0 (38485840)|STATEMENT_EXECUTE|[50]
12:50:41.0 (38487678)|STATEMENT_EXECUTE|[51]
12:50:41.0 (38495438)|USER_DEBUG|[51]|DEBUG|11:00:00.000Z
12:50:41.0 (38501373)|STATEMENT_EXECUTE|[52]
12:50:41.0 (38509550)|HEAP_ALLOCATE|[52]|Bytes:4
12:50:41.0 (38524657)|VARIABLE_ASSIGNMENT|[52]|t|41400000
12:50:41.0 (38528920)|STATEMENT_EXECUTE|[53]
12:50:41.0 (38533731)|HEAP_ALLOCATE|[53]|Bytes:28
12:50:41.0 (38549710)|HEAP_ALLOCATE|[53]|Bytes:28
12:50:41.0 (38560883)|VARIABLE_ASSIGNMENT|[53]|i1|4.5
12:50:41.0 (38565075)|STATEMENT_EXECUTE|[54]
12:50:41.0 (38588904)|VARIABLE_ASSIGNMENT|[EXTERNAL]|this|{"aptdum":"0x1ca02140","Docdum":"0x64b48642","Docmap":"0x6209dac5","Selecteddoc":"a260H000001koYjQAI","timelist":"0x99792e9","timewraplist":"0xfc620c5","timewraplistInitial":"0x2ce06b09"}|0x64f7ab31
12:50:41.0 (38602244)|HEAP_ALLOCATE|[EXTERNAL]|Bytes:4
12:50:41.0 (38613730)|STATEMENT_EXECUTE|[56]
12:50:41.0 (38615304)|STATEMENT_EXECUTE|[57]
12:50:41.0 (38634565)|VARIABLE_ASSIGNMENT|[EXTERNAL]|this|{"aptdum":"0x1ca02140","Docdum":"0x64b48642","Docmap":"0x6209dac5","Selecteddoc":"a260H000001koYjQAI","timelist":"0x99792e9","timewraplist":"0xfc620c5","timewraplistInitial":"0x2ce06b09"}|0x64f7ab31
12:50:41.0 (38645179)|HEAP_ALLOCATE|[57]|Bytes:12
12:50:41.0 (38655325)|CONSTRUCTOR_ENTRY|[57]|01p0H000007gCe8|<init>(Boolean,Time)
12:50:41.0 (38660528)|VARIABLE_SCOPE_BEGIN|[131]|this|docappcontroller.Wrapertimeslot|true|false
12:50:41.0 (38673421)|VARIABLE_ASSIGNMENT|[131]|this|{}|0x533363ac
12:50:41.0 (38679114)|VARIABLE_SCOPE_BEGIN|[131]|selection|Boolean|false|false
12:50:41.0 (38686336)|VARIABLE_ASSIGNMENT|[131]|selection|false
12:50:41.0 (38689988)|VARIABLE_SCOPE_BEGIN|[131]|tm|Time|false|false
12:50:41.0 (38697431)|VARIABLE_ASSIGNMENT|[131]|tm|41400000
12:50:41.0 (38701402)|STATEMENT_EXECUTE|[127]
12:50:41.0 (38703117)|STATEMENT_EXECUTE|[128]
12:50:41.0 (38704767)|STATEMENT_EXECUTE|[129]
12:50:41.0 (38712466)|STATEMENT_EXECUTE|[131]
12:50:41.0 (38714028)|STATEMENT_EXECUTE|[132]
12:50:41.0 (38724464)|VARIABLE_ASSIGNMENT|[EXTERNAL]|this|{}|0x533363ac
12:50:41.0 (38732819)|VARIABLE_ASSIGNMENT|[EXTERNAL]|value|false
12:50:41.0 (38738152)|HEAP_ALLOCATE|[128]|Bytes:5
12:50:41.0 (38744311)|VARIABLE_ASSIGNMENT|[128]|this.selected|false|0x533363ac
12:50:41.0 (38751102)|STATEMENT_EXECUTE|[133]
12:50:41.0 (38761398)|VARIABLE_ASSIGNMENT|[EXTERNAL]|this|{"selected":false}|0x533363ac
12:50:41.0 (38769329)|VARIABLE_ASSIGNMENT|[EXTERNAL]|value|41400000
12:50:41.0 (38775972)|VARIABLE_ASSIGNMENT|[129]|this.t|41400000|0x533363ac
12:50:41.0 (38787970)|CONSTRUCTOR_EXIT|[57]|01p0H000007gCe8|<init>(Boolean,Time)
12:50:41.0 (38796704)|HEAP_ALLOCATE|[EXTERNAL]|Bytes:4
12:50:41.0 (38805847)|HEAP_ALLOCATE|[50]|Bytes:28
12:50:41.0 (38822740)|STATEMENT_EXECUTE|[50]
12:50:41.0 (38824474)|STATEMENT_EXECUTE|[51]
12:50:41.0 (38831753)|USER_DEBUG|[51]|DEBUG|11:30:00.000Z
12:50:41.0 (38838019)|STATEMENT_EXECUTE|[52]
12:50:41.0 (38845834)|HEAP_ALLOCATE|[52]|Bytes:4
12:50:41.0 (38858268)|VARIABLE_ASSIGNMENT|[52]|t|43200000
12:50:41.0 (38862920)|STATEMENT_EXECUTE|[53]
12:50:41.0 (38867514)|HEAP_ALLOCATE|[53]|Bytes:28
12:50:41.0 (38878856)|HEAP_ALLOCATE|[53]|Bytes:28
12:50:41.0 (38889457)|VARIABLE_ASSIGNMENT|[53]|i1|5.0
12:50:41.0 (38894040)|STATEMENT_EXECUTE|[54]
12:50:41.0 (38917341)|VARIABLE_ASSIGNMENT|[EXTERNAL]|this|{"aptdum":"0x1ca02140","Docdum":"0x64b48642","Docmap":"0x6209dac5","Selecteddoc":"a260H000001koYjQAI","timelist":"0x99792e9","timewraplist":"0xfc620c5","timewraplistInitial":"0x2ce06b09"}|0x64f7ab31
12:50:41.0 (38930840)|HEAP_ALLOCATE|[EXTERNAL]|Bytes:4
12:50:41.0 (38942158)|STATEMENT_EXECUTE|[56]
12:50:41.0 (38943651)|STATEMENT_EXECUTE|[57]
12:50:41.0 (38962574)|VARIABLE_ASSIGNMENT|[EXTERNAL]|this|{"aptdum":"0x1ca02140","Docdum":"0x64b48642","Docmap":"0x6209dac5","Selecteddoc":"a260H000001koYjQAI","timelist":"0x99792e9","timewraplist":"0xfc620c5","timewraplistInitial":"0x2ce06b09"}|0x64f7ab31
12:50:41.0 (38972968)|HEAP_ALLOCATE|[57]|Bytes:12
12:50:41.0 (38982807)|CONSTRUCTOR_ENTRY|[57]|01p0H000007gCe8|<init>(Boolean,Time)
12:50:41.0 (38987990)|VARIABLE_SCOPE_BEGIN|[131]|this|docappcontroller.Wrapertimeslot|true|false
12:50:41.0 (39000624)|VARIABLE_ASSIGNMENT|[131]|this|{}|0x78ebef95
12:50:41.0 (39006949)|VARIABLE_SCOPE_BEGIN|[131]|selection|Boolean|false|false
12:50:41.0 (39014350)|VARIABLE_ASSIGNMENT|[131]|selection|false
12:50:41.0 (39018454)|VARIABLE_SCOPE_BEGIN|[131]|tm|Time|false|false
12:50:41.0 (39026397)|VARIABLE_ASSIGNMENT|[131]|tm|43200000
12:50:41.0 (39030516)|STATEMENT_EXECUTE|[127]
12:50:41.0 (39032065)|STATEMENT_EXECUTE|[128]
12:50:41.0 (39033534)|STATEMENT_EXECUTE|[129]
12:50:41.0 (39042102)|STATEMENT_EXECUTE|[131]
12:50:41.0 (39043586)|STATEMENT_EXECUTE|[132]
12:50:41.0 (39053726)|VARIABLE_ASSIGNMENT|[EXTERNAL]|this|{}|0x78ebef95
12:50:41.0 (39062164)|VARIABLE_ASSIGNMENT|[EXTERNAL]|value|false
12:50:41.0 (39067028)|HEAP_ALLOCATE|[128]|Bytes:5
12:50:41.0 (39072714)|VARIABLE_ASSIGNMENT|[128]|this.selected|false|0x78ebef95
12:50:41.0 (39079119)|STATEMENT_EXECUTE|[133]
12:50:41.0 (39089270)|VARIABLE_ASSIGNMENT|[EXTERNAL]|this|{"selected":false}|0x78ebef95
12:50:41.0 (39097458)|VARIABLE_ASSIGNMENT|[EXTERNAL]|value|43200000
12:50:41.0 (39104164)|VARIABLE_ASSIGNMENT|[129]|this.t|43200000|0x78ebef95
12:50:41.0 (39116052)|CONSTRUCTOR_EXIT|[57]|01p0H000007gCe8|<init>(Boolean,Time)
12:50:41.0 (39124721)|HEAP_ALLOCATE|[EXTERNAL]|Bytes:4
12:50:41.0 (39133344)|HEAP_ALLOCATE|[50]|Bytes:28
12:50:41.0 (39150009)|STATEMENT_EXECUTE|[50]
12:50:41.0 (39151892)|STATEMENT_EXECUTE|[51]
12:50:41.0 (39159282)|USER_DEBUG|[51]|DEBUG|12:00:00.000Z
12:50:41.0 (39165260)|STATEMENT_EXECUTE|[52]
12:50:41.0 (39173285)|HEAP_ALLOCATE|[52]|Bytes:4
12:50:41.0 (39185950)|VARIABLE_ASSIGNMENT|[52]|t|45000000
12:50:41.0 (39190283)|STATEMENT_EXECUTE|[53]
12:50:41.0 (39194792)|HEAP_ALLOCATE|[53]|Bytes:28
12:50:41.0 (39205869)|HEAP_ALLOCATE|[53]|Bytes:28
12:50:41.0 (39216150)|VARIABLE_ASSIGNMENT|[53]|i1|5.5
12:50:41.0 (39219952)|STATEMENT_EXECUTE|[54]
12:50:41.0 (39242937)|VARIABLE_ASSIGNMENT|[EXTERNAL]|this|{"aptdum":"0x1ca02140","Docdum":"0x64b48642","Docmap":"0x6209dac5","Selecteddoc":"a260H000001koYjQAI","timelist":"0x99792e9","timewraplist":"0xfc620c5","timewraplistInitial":"0x2ce06b09"}|0x64f7ab31
12:50:41.0 (39255469)|HEAP_ALLOCATE|[EXTERNAL]|Bytes:4
12:50:41.0 (39267493)|STATEMENT_EXECUTE|[56]
12:50:41.0 (39268980)|STATEMENT_EXECUTE|[57]
12:50:41.0 (39288147)|VARIABLE_ASSIGNMENT|[EXTERNAL]|this|{"aptdum":"0x1ca02140","Docdum":"0x64b48642","Docmap":"0x6209dac5","Selecteddoc":"a260H000001koYjQAI","timelist":"0x99792e9","timewraplist":"0xfc620c5","timewraplistInitial":"0x2ce06b09"}|0x64f7ab31
12:50:41.0 (39299024)|HEAP_ALLOCATE|[57]|Bytes:12
12:50:41.0 (39308649)|CONSTRUCTOR_ENTRY|[57]|01p0H000007gCe8|<init>(Boolean,Time)
12:50:41.0 (39313582)|VARIABLE_SCOPE_BEGIN|[131]|this|docappcontroller.Wrapertimeslot|true|false
12:50:41.0 (39326126)|VARIABLE_ASSIGNMENT|[131]|this|{}|0x35d00e6c
12:50:41.0 (39332148)|VARIABLE_SCOPE_BEGIN|[131]|selection|Boolean|false|false
12:50:41.0 (39340067)|VARIABLE_ASSIGNMENT|[131]|selection|false
12:50:41.0 (39343424)|VARIABLE_SCOPE_BEGIN|[131]|tm|Time|false|false
12:50:41.0 (39350917)|VARIABLE_ASSIGNMENT|[131]|tm|45000000
12:50:41.0 (39355254)|STATEMENT_EXECUTE|[127]
12:50:41.0 (39356735)|STATEMENT_EXECUTE|[128]
12:50:41.0 (39358154)|STATEMENT_EXECUTE|[129]
12:50:41.0 (39365997)|STATEMENT_EXECUTE|[131]
12:50:41.0 (39367461)|STATEMENT_EXECUTE|[132]
12:50:41.0 (39377957)|VARIABLE_ASSIGNMENT|[EXTERNAL]|this|{}|0x35d00e6c
12:50:41.0 (39385876)|VARIABLE_ASSIGNMENT|[EXTERNAL]|value|false
12:50:41.0 (39391076)|HEAP_ALLOCATE|[128]|Bytes:5
12:50:41.0 (39397034)|VARIABLE_ASSIGNMENT|[128]|this.selected|false|0x35d00e6c
12:50:41.0 (39404104)|STATEMENT_EXECUTE|[133]
12:50:41.0 (39414544)|VARIABLE_ASSIGNMENT|[EXTERNAL]|this|{"selected":false}|0x35d00e6c
12:50:41.0 (39422510)|VARIABLE_ASSIGNMENT|[EXTERNAL]|value|45000000
12:50:41.0 (39429691)|VARIABLE_ASSIGNMENT|[129]|this.t|45000000|0x35d00e6c
12:50:41.0 (39441834)|CONSTRUCTOR_EXIT|[57]|01p0H000007gCe8|<init>(Boolean,Time)
12:50:41.0 (39450397)|HEAP_ALLOCATE|[EXTERNAL]|Bytes:4
12:50:41.0 (39458973)|HEAP_ALLOCATE|[50]|Bytes:28
12:50:41.0 (39475877)|STATEMENT_EXECUTE|[50]
12:50:41.0 (39477572)|STATEMENT_EXECUTE|[51]
12:50:41.0 (39484957)|USER_DEBUG|[51]|DEBUG|12:30:00.000Z
12:50:41.0 (39491312)|STATEMENT_EXECUTE|[52]
12:50:41.0 (39499076)|HEAP_ALLOCATE|[52]|Bytes:4
12:50:41.0 (39511326)|VARIABLE_ASSIGNMENT|[52]|t|46800000
12:50:41.0 (39515660)|STATEMENT_EXECUTE|[53]
12:50:41.0 (39520348)|HEAP_ALLOCATE|[53]|Bytes:28
12:50:41.0 (39531651)|HEAP_ALLOCATE|[53]|Bytes:28
12:50:41.0 (39546385)|VARIABLE_ASSIGNMENT|[53]|i1|6.0
12:50:41.0 (39550713)|STATEMENT_EXECUTE|[54]
12:50:41.0 (39574116)|VARIABLE_ASSIGNMENT|[EXTERNAL]|this|{"aptdum":"0x1ca02140","Docdum":"0x64b48642","Docmap":"0x6209dac5","Selecteddoc":"a260H000001koYjQAI","timelist":"0x99792e9","timewraplist":"0xfc620c5","timewraplistInitial":"0x2ce06b09"}|0x64f7ab31
12:50:41.0 (39586876)|HEAP_ALLOCATE|[EXTERNAL]|Bytes:4
12:50:41.0 (39598418)|STATEMENT_EXECUTE|[56]
12:50:41.0 (39599895)|STATEMENT_EXECUTE|[57]
12:50:41.0 (39619209)|VARIABLE_ASSIGNMENT|[EXTERNAL]|this|{"aptdum":"0x1ca02140","Docdum":"0x64b48642","Docmap":"0x6209dac5","Selecteddoc":"a260H000001koYjQAI","timelist":"0x99792e9","timewraplist":"0xfc620c5","timewraplistInitial":"0x2ce06b09"}|0x64f7ab31
12:50:41.0 (39630101)|HEAP_ALLOCATE|[57]|Bytes:12
12:50:41.0 (39640100)|CONSTRUCTOR_ENTRY|[57]|01p0H000007gCe8|<init>(Boolean,Time)
12:50:41.0 (39645054)|VARIABLE_SCOPE_BEGIN|[131]|this|docappcontroller.Wrapertimeslot|true|false
12:50:41.0 (39657837)|VARIABLE_ASSIGNMENT|[131]|this|{}|0x4ff70d14
12:50:41.0 (39663946)|VARIABLE_SCOPE_BEGIN|[131]|selection|Boolean|false|false
12:50:41.0 (39671253)|VARIABLE_ASSIGNMENT|[131]|selection|false
12:50:41.0 (39675056)|VARIABLE_SCOPE_BEGIN|[131]|tm|Time|false|false
12:50:41.0 (39683323)|VARIABLE_ASSIGNMENT|[131]|tm|46800000
12:50:41.0 (39687517)|STATEMENT_EXECUTE|[127]
12:50:41.0 (39688977)|STATEMENT_EXECUTE|[128]
12:50:41.0 (39690403)|STATEMENT_EXECUTE|[129]
12:50:41.0 (39698446)|STATEMENT_EXECUTE|[131]
12:50:41.0 (39699911)|STATEMENT_EXECUTE|[132]
12:50:41.0 (39710198)|VARIABLE_ASSIGNMENT|[EXTERNAL]|this|{}|0x4ff70d14
12:50:41.0 (39718509)|VARIABLE_ASSIGNMENT|[EXTERNAL]|value|false
12:50:41.0 (39723649)|HEAP_ALLOCATE|[128]|Bytes:5
12:50:41.0 (39729403)|VARIABLE_ASSIGNMENT|[128]|this.selected|false|0x4ff70d14
12:50:41.0 (39736134)|STATEMENT_EXECUTE|[133]
12:50:41.0 (39746401)|VARIABLE_ASSIGNMENT|[EXTERNAL]|this|{"selected":false}|0x4ff70d14
12:50:41.0 (39758176)|VARIABLE_ASSIGNMENT|[EXTERNAL]|value|46800000
12:50:41.0 (39765044)|VARIABLE_ASSIGNMENT|[129]|this.t|46800000|0x4ff70d14
12:50:41.0 (39778033)|CONSTRUCTOR_EXIT|[57]|01p0H000007gCe8|<init>(Boolean,Time)
12:50:41.0 (39787168)|HEAP_ALLOCATE|[EXTERNAL]|Bytes:4
12:50:41.0 (39796270)|HEAP_ALLOCATE|[50]|Bytes:28
12:50:41.0 (39813778)|STATEMENT_EXECUTE|[50]
12:50:41.0 (39815455)|STATEMENT_EXECUTE|[51]
12:50:41.0 (39823137)|USER_DEBUG|[51]|DEBUG|13:00:00.000Z
12:50:41.0 (39828913)|STATEMENT_EXECUTE|[52]
12:50:41.0 (39836908)|HEAP_ALLOCATE|[52]|Bytes:4
12:50:41.0 (39849066)|VARIABLE_ASSIGNMENT|[52]|t|48600000
12:50:41.0 (39853536)|STATEMENT_EXECUTE|[53]
12:50:41.0 (39858273)|HEAP_ALLOCATE|[53]|Bytes:28
12:50:41.0 (39869635)|HEAP_ALLOCATE|[53]|Bytes:28
12:50:41.0 (39880040)|VARIABLE_ASSIGNMENT|[53]|i1|6.5
12:50:41.0 (39883937)|STATEMENT_EXECUTE|[54]
12:50:41.0 (39907079)|VARIABLE_ASSIGNMENT|[EXTERNAL]|this|{"aptdum":"0x1ca02140","Docdum":"0x64b48642","Docmap":"0x6209dac5","Selecteddoc":"a260H000001koYjQAI","timelist":"0x99792e9","timewraplist":"0xfc620c5","timewraplistInitial":"0x2ce06b09"}|0x64f7ab31
12:50:41.0 (39919986)|HEAP_ALLOCATE|[EXTERNAL]|Bytes:4
12:50:41.0 (39931337)|STATEMENT_EXECUTE|[56]
12:50:41.0 (39932814)|STATEMENT_EXECUTE|[57]
12:50:41.0 (39952812)|VARIABLE_ASSIGNMENT|[EXTERNAL]|this|{"aptdum":"0x1ca02140","Docdum":"0x64b48642","Docmap":"0x6209dac5","Selecteddoc":"a260H000001koYjQAI","timelist":"0x99792e9","timewraplist":"0xfc620c5","timewraplistInitial":"0x2ce06b09"}|0x64f7ab31
12:50:41.0 (39963783)|HEAP_ALLOCATE|[57]|Bytes:12
12:50:41.0 (39973486)|CONSTRUCTOR_ENTRY|[57]|01p0H000007gCe8|<init>(Boolean,Time)
12:50:41.0 (39978662)|VARIABLE_SCOPE_BEGIN|[131]|this|docappcontroller.Wrapertimeslot|true|false
12:50:41.0 (39991622)|VARIABLE_ASSIGNMENT|[131]|this|{}|0x74499e13
12:50:41.0 (39997594)|VARIABLE_SCOPE_BEGIN|[131]|selection|Boolean|false|false
12:50:41.0 (40005351)|VARIABLE_ASSIGNMENT|[131]|selection|false
12:50:41.0 (40010074)|VARIABLE_SCOPE_BEGIN|[131]|tm|Time|false|false
12:50:41.0 (40017846)|VARIABLE_ASSIGNMENT|[131]|tm|48600000
12:50:41.0 (40021857)|STATEMENT_EXECUTE|[127]
12:50:41.0 (40023650)|STATEMENT_EXECUTE|[128]
12:50:41.0 (40025139)|STATEMENT_EXECUTE|[129]
12:50:41.0 (40032864)|STATEMENT_EXECUTE|[131]
12:50:41.0 (40034410)|STATEMENT_EXECUTE|[132]
12:50:41.0 (40044958)|VARIABLE_ASSIGNMENT|[EXTERNAL]|this|{}|0x74499e13
12:50:41.0 (40053318)|VARIABLE_ASSIGNMENT|[EXTERNAL]|value|false
12:50:41.0 (40058708)|HEAP_ALLOCATE|[128]|Bytes:5
12:50:41.0 (40064708)|VARIABLE_ASSIGNMENT|[128]|this.selected|false|0x74499e13
12:50:41.0 (40071304)|STATEMENT_EXECUTE|[133]
12:50:41.0 (40081955)|VARIABLE_ASSIGNMENT|[EXTERNAL]|this|{"selected":false}|0x74499e13
12:50:41.0 (40089940)|VARIABLE_ASSIGNMENT|[EXTERNAL]|value|48600000
12:50:41.0 (40102470)|VARIABLE_ASSIGNMENT|[129]|this.t|48600000|0x74499e13
12:50:41.0 (40115441)|CONSTRUCTOR_EXIT|[57]|01p0H000007gCe8|<init>(Boolean,Time)
12:50:41.0 (40124726)|HEAP_ALLOCATE|[EXTERNAL]|Bytes:4
12:50:41.0 (40133644)|HEAP_ALLOCATE|[50]|Bytes:28
12:50:41.0 (40150989)|STATEMENT_EXECUTE|[50]
12:50:41.0 (40152647)|STATEMENT_EXECUTE|[51]
12:50:41.0 (40160170)|USER_DEBUG|[51]|DEBUG|13:30:00.000Z
12:50:41.0 (40166482)|STATEMENT_EXECUTE|[52]
12:50:41.0 (40174650)|HEAP_ALLOCATE|[52]|Bytes:4
12:50:41.0 (40187224)|VARIABLE_ASSIGNMENT|[52]|t|50400000
12:50:41.0 (40191547)|STATEMENT_EXECUTE|[53]
12:50:41.0 (40196225)|HEAP_ALLOCATE|[53]|Bytes:28
12:50:41.0 (40208214)|HEAP_ALLOCATE|[53]|Bytes:28
12:50:41.0 (40218781)|VARIABLE_ASSIGNMENT|[53]|i1|7.0
12:50:41.0 (40223171)|STATEMENT_EXECUTE|[54]
12:50:41.0 (40246190)|VARIABLE_ASSIGNMENT|[EXTERNAL]|this|{"aptdum":"0x1ca02140","Docdum":"0x64b48642","Docmap":"0x6209dac5","Selecteddoc":"a260H000001koYjQAI","timelist":"0x99792e9","timewraplist":"0xfc620c5","timewraplistInitial":"0x2ce06b09"}|0x64f7ab31
12:50:41.0 (40258945)|HEAP_ALLOCATE|[EXTERNAL]|Bytes:4
12:50:41.0 (40270070)|STATEMENT_EXECUTE|[56]
12:50:41.0 (40271641)|STATEMENT_EXECUTE|[57]
12:50:41.0 (40291349)|VARIABLE_ASSIGNMENT|[EXTERNAL]|this|{"aptdum":"0x1ca02140","Docdum":"0x64b48642","Docmap":"0x6209dac5","Selecteddoc":"a260H000001koYjQAI","timelist":"0x99792e9","timewraplist":"0xfc620c5","timewraplistInitial":"0x2ce06b09"}|0x64f7ab31
12:50:41.0 (40301485)|HEAP_ALLOCATE|[57]|Bytes:12
12:50:41.0 (40311493)|CONSTRUCTOR_ENTRY|[57]|01p0H000007gCe8|<init>(Boolean,Time)
12:50:41.0 (40316665)|VARIABLE_SCOPE_BEGIN|[131]|this|docappcontroller.Wrapertimeslot|true|false
12:50:41.0 (40329162)|VARIABLE_ASSIGNMENT|[131]|this|{}|0x351e724f
12:50:41.0 (40334843)|VARIABLE_SCOPE_BEGIN|[131]|selection|Boolean|false|false
12:50:41.0 (40342224)|VARIABLE_ASSIGNMENT|[131]|selection|false
12:50:41.0 (40346336)|VARIABLE_SCOPE_BEGIN|[131]|tm|Time|false|false
12:50:41.0 (40354757)|VARIABLE_ASSIGNMENT|[131]|tm|50400000
12:50:41.0 (40358940)|STATEMENT_EXECUTE|[127]
12:50:41.0 (40360423)|STATEMENT_EXECUTE|[128]
12:50:41.0 (40361859)|STATEMENT_EXECUTE|[129]
12:50:41.0 (40369848)|STATEMENT_EXECUTE|[131]
12:50:41.0 (40371326)|STATEMENT_EXECUTE|[132]
12:50:41.0 (40381678)|VARIABLE_ASSIGNMENT|[EXTERNAL]|this|{}|0x351e724f
12:50:41.0 (40389561)|VARIABLE_ASSIGNMENT|[EXTERNAL]|value|false
12:50:41.0 (40394364)|HEAP_ALLOCATE|[128]|Bytes:5
12:50:41.0 (40400560)|VARIABLE_ASSIGNMENT|[128]|this.selected|false|0x351e724f
12:50:41.0 (40407390)|STATEMENT_EXECUTE|[133]
12:50:41.0 (40417632)|VARIABLE_ASSIGNMENT|[EXTERNAL]|this|{"selected":false}|0x351e724f
12:50:41.0 (40426084)|VARIABLE_ASSIGNMENT|[EXTERNAL]|value|50400000
12:50:41.0 (40432746)|VARIABLE_ASSIGNMENT|[129]|this.t|50400000|0x351e724f
12:50:41.0 (40444933)|CONSTRUCTOR_EXIT|[57]|01p0H000007gCe8|<init>(Boolean,Time)
12:50:41.0 (40453542)|HEAP_ALLOCATE|[EXTERNAL]|Bytes:4
12:50:41.0 (40462050)|HEAP_ALLOCATE|[50]|Bytes:28
12:50:41.0 (40479092)|STATEMENT_EXECUTE|[50]
12:50:41.0 (40480744)|STATEMENT_EXECUTE|[51]
12:50:41.0 (40488499)|USER_DEBUG|[51]|DEBUG|14:00:00.000Z
12:50:41.0 (40494708)|STATEMENT_EXECUTE|[52]
12:50:41.0 (40503079)|HEAP_ALLOCATE|[52]|Bytes:4
12:50:41.0 (40515906)|VARIABLE_ASSIGNMENT|[52]|t|52200000
12:50:41.0 (40520695)|STATEMENT_EXECUTE|[53]
12:50:41.0 (40525326)|HEAP_ALLOCATE|[53]|Bytes:28
12:50:41.0 (40537178)|HEAP_ALLOCATE|[53]|Bytes:28
12:50:41.0 (40553690)|VARIABLE_ASSIGNMENT|[53]|i1|7.5
12:50:41.0 (40558116)|STATEMENT_EXECUTE|[54]
12:50:41.0 (40581483)|VARIABLE_ASSIGNMENT|[EXTERNAL]|this|{"aptdum":"0x1ca02140","Docdum":"0x64b48642","Docmap":"0x6209dac5","Selecteddoc":"a260H000001koYjQAI","timelist":"0x99792e9","timewraplist":"0xfc620c5","timewraplistInitial":"0x2ce06b09"}|0x64f7ab31
12:50:41.0 (40594353)|HEAP_ALLOCATE|[EXTERNAL]|Bytes:4
12:50:41.0 (40606053)|STATEMENT_EXECUTE|[56]
12:50:41.0 (40607571)|STATEMENT_EXECUTE|[57]
12:50:41.0 (40627068)|VARIABLE_ASSIGNMENT|[EXTERNAL]|this|{"aptdum":"0x1ca02140","Docdum":"0x64b48642","Docmap":"0x6209dac5","Selecteddoc":"a260H000001koYjQAI","timelist":"0x99792e9","timewraplist":"0xfc620c5","timewraplistInitial":"0x2ce06b09"}|0x64f7ab31
12:50:41.0 (40638168)|HEAP_ALLOCATE|[57]|Bytes:12
12:50:41.0 (40648690)|CONSTRUCTOR_ENTRY|[57]|01p0H000007gCe8|<init>(Boolean,Time)
12:50:41.0 (40653706)|VARIABLE_SCOPE_BEGIN|[131]|this|docappcontroller.Wrapertimeslot|true|false
12:50:41.0 (40666969)|VARIABLE_ASSIGNMENT|[131]|this|{}|0x2cdc37a4
12:50:41.0 (40672763)|VARIABLE_SCOPE_BEGIN|[131]|selection|Boolean|false|false
12:50:41.0 (40679959)|VARIABLE_ASSIGNMENT|[131]|selection|false
12:50:41.0 (40683469)|VARIABLE_SCOPE_BEGIN|[131]|tm|Time|false|false
12:50:41.0 (40691278)|VARIABLE_ASSIGNMENT|[131]|tm|52200000
12:50:41.0 (40695546)|STATEMENT_EXECUTE|[127]
12:50:41.0 (40697183)|STATEMENT_EXECUTE|[128]
12:50:41.0 (40698671)|STATEMENT_EXECUTE|[129]
12:50:41.0 (40706642)|STATEMENT_EXECUTE|[131]
12:50:41.0 (40708110)|STATEMENT_EXECUTE|[132]
12:50:41.0 (40718540)|VARIABLE_ASSIGNMENT|[EXTERNAL]|this|{}|0x2cdc37a4
12:50:41.0 (40726700)|VARIABLE_ASSIGNMENT|[EXTERNAL]|value|false
12:50:41.0 (40731804)|HEAP_ALLOCATE|[128]|Bytes:5
12:50:41.0 (40737871)|VARIABLE_ASSIGNMENT|[128]|this.selected|false|0x2cdc37a4
12:50:41.0 (40744909)|STATEMENT_EXECUTE|[133]
12:50:41.0 (40755231)|VARIABLE_ASSIGNMENT|[EXTERNAL]|this|{"selected":false}|0x2cdc37a4
12:50:41.0 (40764150)|VARIABLE_ASSIGNMENT|[EXTERNAL]|value|52200000
12:50:41.0 (40770849)|VARIABLE_ASSIGNMENT|[129]|this.t|52200000|0x2cdc37a4
12:50:41.0 (40783624)|CONSTRUCTOR_EXIT|[57]|01p0H000007gCe8|<init>(Boolean,Time)
12:50:41.0 (40791652)|HEAP_ALLOCATE|[EXTERNAL]|Bytes:4
12:50:41.0 (40800467)|HEAP_ALLOCATE|[50]|Bytes:28
12:50:41.0 (40817622)|STATEMENT_EXECUTE|[50]
12:50:41.0 (40819357)|STATEMENT_EXECUTE|[51]
12:50:41.0 (40827253)|USER_DEBUG|[51]|DEBUG|14:30:00.000Z
12:50:41.0 (40833290)|STATEMENT_EXECUTE|[52]
12:50:41.0 (40841051)|HEAP_ALLOCATE|[52]|Bytes:4
12:50:41.0 (40853400)|VARIABLE_ASSIGNMENT|[52]|t|54000000
12:50:41.0 (40857465)|STATEMENT_EXECUTE|[53]
12:50:41.0 (40862249)|HEAP_ALLOCATE|[53]|Bytes:28
12:50:41.0 (40873616)|HEAP_ALLOCATE|[53]|Bytes:28
12:50:41.0 (40884002)|VARIABLE_ASSIGNMENT|[53]|i1|8.0
12:50:41.0 (40888009)|STATEMENT_EXECUTE|[54]
12:50:41.0 (40911091)|VARIABLE_ASSIGNMENT|[EXTERNAL]|this|{"aptdum":"0x1ca02140","Docdum":"0x64b48642","Docmap":"0x6209dac5","Selecteddoc":"a260H000001koYjQAI","timelist":"0x99792e9","timewraplist":"0xfc620c5","timewraplistInitial":"0x2ce06b09"}|0x64f7ab31
12:50:41.0 (40924217)|HEAP_ALLOCATE|[EXTERNAL]|Bytes:4
12:50:41.0 (40935842)|STATEMENT_EXECUTE|[58]
12:50:41.0 (40937351)|STATEMENT_EXECUTE|[59]
12:50:41.0 (40966163)|VARIABLE_ASSIGNMENT|[EXTERNAL]|this|{"aptdum":"0x1ca02140","Docdum":"0x64b48642","Docmap":"0x6209dac5","Selecteddoc":"a260H000001koYjQAI","timelist":"0x99792e9","timewraplist":"0xfc620c5","timewraplistInitial":"0x2ce06b09"}|0x64f7ab31
12:50:41.0 (40978203)|HEAP_ALLOCATE|[59]|Bytes:12
12:50:41.0 (40989608)|CONSTRUCTOR_ENTRY|[59]|01p0H000007gCe8|<init>(Boolean,Time)
12:50:41.0 (40994884)|VARIABLE_SCOPE_BEGIN|[131]|this|docappcontroller.Wrapertimeslot|true|false
12:50:41.0 (41007397)|VARIABLE_ASSIGNMENT|[131]|this|{}|0x148f967d
12:50:41.0 (41014161)|VARIABLE_SCOPE_BEGIN|[131]|selection|Boolean|false|false
12:50:41.0 (41021854)|VARIABLE_ASSIGNMENT|[131]|selection|true
12:50:41.0 (41026275)|VARIABLE_SCOPE_BEGIN|[131]|tm|Time|false|false
12:50:41.0 (41037370)|VARIABLE_ASSIGNMENT|[131]|tm|54000000
12:50:41.0 (41042059)|STATEMENT_EXECUTE|[127]
12:50:41.0 (41043566)|STATEMENT_EXECUTE|[128]
12:50:41.0 (41045072)|STATEMENT_EXECUTE|[129]
12:50:41.0 (41054364)|STATEMENT_EXECUTE|[131]
12:50:41.0 (41055873)|STATEMENT_EXECUTE|[132]
12:50:41.0 (41066581)|VARIABLE_ASSIGNMENT|[EXTERNAL]|this|{}|0x148f967d
12:50:41.0 (41075105)|VARIABLE_ASSIGNMENT|[EXTERNAL]|value|true
12:50:41.0 (41080108)|HEAP_ALLOCATE|[128]|Bytes:5
12:50:41.0 (41086084)|VARIABLE_ASSIGNMENT|[128]|this.selected|true|0x148f967d
12:50:41.0 (41093231)|STATEMENT_EXECUTE|[133]
12:50:41.0 (41103962)|VARIABLE_ASSIGNMENT|[EXTERNAL]|this|{"selected":true}|0x148f967d
12:50:41.0 (41112093)|VARIABLE_ASSIGNMENT|[EXTERNAL]|value|54000000
12:50:41.0 (41118885)|VARIABLE_ASSIGNMENT|[129]|this.t|54000000|0x148f967d
12:50:41.0 (41131203)|CONSTRUCTOR_EXIT|[59]|01p0H000007gCe8|<init>(Boolean,Time)
12:50:41.0 (41141758)|HEAP_ALLOCATE|[EXTERNAL]|Bytes:4
12:50:41.0 (41151058)|HEAP_ALLOCATE|[50]|Bytes:28
12:50:41.0 (41168938)|STATEMENT_EXECUTE|[50]
12:50:41.0 (41170616)|STATEMENT_EXECUTE|[51]
12:50:41.0 (41178658)|USER_DEBUG|[51]|DEBUG|15:00:00.000Z
12:50:41.0 (41184842)|STATEMENT_EXECUTE|[52]
12:50:41.0 (41193298)|HEAP_ALLOCATE|[52]|Bytes:4
12:50:41.0 (41205978)|VARIABLE_ASSIGNMENT|[52]|t|55800000
12:50:41.0 (41209952)|STATEMENT_EXECUTE|[53]
12:50:41.0 (41214670)|HEAP_ALLOCATE|[53]|Bytes:28
12:50:41.0 (41226297)|HEAP_ALLOCATE|[53]|Bytes:28
12:50:41.0 (41236860)|VARIABLE_ASSIGNMENT|[53]|i1|8.5
12:50:41.0 (41240612)|STATEMENT_EXECUTE|[54]
12:50:41.0 (41263642)|VARIABLE_ASSIGNMENT|[EXTERNAL]|this|{"aptdum":"0x1ca02140","Docdum":"0x64b48642","Docmap":"0x6209dac5","Selecteddoc":"a260H000001koYjQAI","timelist":"0x99792e9","timewraplist":"0xfc620c5","timewraplistInitial":"0x2ce06b09"}|0x64f7ab31
12:50:41.0 (41276071)|HEAP_ALLOCATE|[EXTERNAL]|Bytes:4
12:50:41.0 (41287367)|STATEMENT_EXECUTE|[58]
12:50:41.0 (41288987)|STATEMENT_EXECUTE|[59]
12:50:41.0 (41308109)|VARIABLE_ASSIGNMENT|[EXTERNAL]|this|{"aptdum":"0x1ca02140","Docdum":"0x64b48642","Docmap":"0x6209dac5","Selecteddoc":"a260H000001koYjQAI","timelist":"0x99792e9","timewraplist":"0xfc620c5","timewraplistInitial":"0x2ce06b09"}|0x64f7ab31
12:50:41.0 (41319373)|HEAP_ALLOCATE|[59]|Bytes:12
12:50:41.0 (41329552)|CONSTRUCTOR_ENTRY|[59]|01p0H000007gCe8|<init>(Boolean,Time)
12:50:41.0 (41335049)|VARIABLE_SCOPE_BEGIN|[131]|this|docappcontroller.Wrapertimeslot|true|false
12:50:41.0 (41347488)|VARIABLE_ASSIGNMENT|[131]|this|{}|0x34882194
12:50:41.0 (41353590)|VARIABLE_SCOPE_BEGIN|[131]|selection|Boolean|false|false
12:50:41.0 (41361091)|VARIABLE_ASSIGNMENT|[131]|selection|true
12:50:41.0 (41364584)|VARIABLE_SCOPE_BEGIN|[131]|tm|Time|false|false
12:50:41.0 (41372655)|VARIABLE_ASSIGNMENT|[131]|tm|55800000
12:50:41.0 (41377161)|STATEMENT_EXECUTE|[127]
12:50:41.0 (41378638)|STATEMENT_EXECUTE|[128]
12:50:41.0 (41380091)|STATEMENT_EXECUTE|[129]
12:50:41.0 (41388026)|STATEMENT_EXECUTE|[131]
12:50:41.0 (41389541)|STATEMENT_EXECUTE|[132]
12:50:41.0 (41400085)|VARIABLE_ASSIGNMENT|[EXTERNAL]|this|{}|0x34882194
12:50:41.0 (41408054)|VARIABLE_ASSIGNMENT|[EXTERNAL]|value|true
12:50:41.0 (41413310)|HEAP_ALLOCATE|[128]|Bytes:5
12:50:41.0 (41419821)|VARIABLE_ASSIGNMENT|[128]|this.selected|true|0x34882194
12:50:41.0 (41426869)|STATEMENT_EXECUTE|[133]
12:50:41.0 (41437232)|VARIABLE_ASSIGNMENT|[EXTERNAL]|this|{"selected":true}|0x34882194
12:50:41.0 (41445428)|VARIABLE_ASSIGNMENT|[EXTERNAL]|value|55800000
12:50:41.0 (41452236)|VARIABLE_ASSIGNMENT|[129]|this.t|55800000|0x34882194
12:50:41.0 (41464120)|CONSTRUCTOR_EXIT|[59]|01p0H000007gCe8|<init>(Boolean,Time)
12:50:41.0 (41472495)|HEAP_ALLOCATE|[EXTERNAL]|Bytes:4
12:50:41.0 (41480948)|HEAP_ALLOCATE|[50]|Bytes:28
12:50:41.0 (41498188)|STATEMENT_EXECUTE|[50]
12:50:41.0 (41499983)|STATEMENT_EXECUTE|[51]
12:50:41.0 (41507480)|USER_DEBUG|[51]|DEBUG|15:30:00.000Z
12:50:41.0 (41513522)|STATEMENT_EXECUTE|[52]
12:50:41.0 (41521595)|HEAP_ALLOCATE|[52]|Bytes:4
12:50:41.0 (41533661)|VARIABLE_ASSIGNMENT|[52]|t|57600000
12:50:41.0 (41537569)|STATEMENT_EXECUTE|[53]
12:50:41.0 (41546684)|HEAP_ALLOCATE|[53]|Bytes:28
12:50:41.0 (41558893)|HEAP_ALLOCATE|[53]|Bytes:28
12:50:41.0 (41569907)|VARIABLE_ASSIGNMENT|[53]|i1|9.0
12:50:41.0 (41573998)|STATEMENT_EXECUTE|[54]
12:50:41.0 (41597004)|VARIABLE_ASSIGNMENT|[EXTERNAL]|this|{"aptdum":"0x1ca02140","Docdum":"0x64b48642","Docmap":"0x6209dac5","Selecteddoc":"a260H000001koYjQAI","timelist":"0x99792e9","timewraplist":"0xfc620c5","timewraplistInitial":"0x2ce06b09"}|0x64f7ab31
12:50:41.0 (41609615)|HEAP_ALLOCATE|[EXTERNAL]|Bytes:4
12:50:41.0 (41621098)|STATEMENT_EXECUTE|[58]
12:50:41.0 (41622601)|STATEMENT_EXECUTE|[59]
12:50:41.0 (41641842)|VARIABLE_ASSIGNMENT|[EXTERNAL]|this|{"aptdum":"0x1ca02140","Docdum":"0x64b48642","Docmap":"0x6209dac5","Selecteddoc":"a260H000001koYjQAI","timelist":"0x99792e9","timewraplist":"0xfc620c5","timewraplistInitial":"0x2ce06b09"}|0x64f7ab31
12:50:41.0 (41652615)|HEAP_ALLOCATE|[59]|Bytes:12
12:50:41.0 (41662919)|CONSTRUCTOR_ENTRY|[59]|01p0H000007gCe8|<init>(Boolean,Time)
12:50:41.0 (41668092)|VARIABLE_SCOPE_BEGIN|[131]|this|docappcontroller.Wrapertimeslot|true|false
12:50:41.0 (41680395)|VARIABLE_ASSIGNMENT|[131]|this|{}|0x51eacc78
12:50:41.0 (41685977)|VARIABLE_SCOPE_BEGIN|[131]|selection|Boolean|false|false
12:50:41.0 (41693225)|VARIABLE_ASSIGNMENT|[131]|selection|true
12:50:41.0 (41696826)|VARIABLE_SCOPE_BEGIN|[131]|tm|Time|false|false
12:50:41.0 (41704717)|VARIABLE_ASSIGNMENT|[131]|tm|57600000
12:50:41.0 (41708957)|STATEMENT_EXECUTE|[127]
12:50:41.0 (41710510)|STATEMENT_EXECUTE|[128]
12:50:41.0 (41711997)|STATEMENT_EXECUTE|[129]
12:50:41.0 (41719912)|STATEMENT_EXECUTE|[131]
12:50:41.0 (41721450)|STATEMENT_EXECUTE|[132]
12:50:41.0 (41731823)|VARIABLE_ASSIGNMENT|[EXTERNAL]|this|{}|0x51eacc78
12:50:41.0 (41740123)|VARIABLE_ASSIGNMENT|[EXTERNAL]|value|true
12:50:41.0 (41745030)|HEAP_ALLOCATE|[128]|Bytes:5
12:50:41.0 (41751009)|VARIABLE_ASSIGNMENT|[128]|this.selected|true|0x51eacc78
12:50:41.0 (41757882)|STATEMENT_EXECUTE|[133]
12:50:41.0 (41768424)|VARIABLE_ASSIGNMENT|[EXTERNAL]|this|{"selected":true}|0x51eacc78
12:50:41.0 (41776788)|VARIABLE_ASSIGNMENT|[EXTERNAL]|value|57600000
12:50:41.0 (41784200)|VARIABLE_ASSIGNMENT|[129]|this.t|57600000|0x51eacc78
12:50:41.0 (41796443)|CONSTRUCTOR_EXIT|[59]|01p0H000007gCe8|<init>(Boolean,Time)
12:50:41.0 (41804381)|HEAP_ALLOCATE|[EXTERNAL]|Bytes:4
12:50:41.0 (41813128)|HEAP_ALLOCATE|[50]|Bytes:28
12:50:41.0 (41830361)|STATEMENT_EXECUTE|[50]
12:50:41.0 (41832068)|STATEMENT_EXECUTE|[51]
12:50:41.0 (41839538)|USER_DEBUG|[51]|DEBUG|16:00:00.000Z
12:50:41.0 (41845586)|STATEMENT_EXECUTE|[52]
12:50:41.0 (41853787)|HEAP_ALLOCATE|[52]|Bytes:4
12:50:41.0 (41865690)|VARIABLE_ASSIGNMENT|[52]|t|59400000
12:50:41.0 (41869783)|STATEMENT_EXECUTE|[53]
12:50:41.0 (41874656)|HEAP_ALLOCATE|[53]|Bytes:28
12:50:41.0 (41885969)|HEAP_ALLOCATE|[53]|Bytes:28
12:50:41.0 (41896221)|VARIABLE_ASSIGNMENT|[53]|i1|9.5
12:50:41.0 (41900214)|STATEMENT_EXECUTE|[54]
12:50:41.0 (41923087)|VARIABLE_ASSIGNMENT|[EXTERNAL]|this|{"aptdum":"0x1ca02140","Docdum":"0x64b48642","Docmap":"0x6209dac5","Selecteddoc":"a260H000001koYjQAI","timelist":"0x99792e9","timewraplist":"0xfc620c5","timewraplistInitial":"0x2ce06b09"}|0x64f7ab31
12:50:41.0 (41936083)|HEAP_ALLOCATE|[EXTERNAL]|Bytes:4
12:50:41.0 (41947257)|STATEMENT_EXECUTE|[58]
12:50:41.0 (41948782)|STATEMENT_EXECUTE|[59]
12:50:41.0 (41967459)|VARIABLE_ASSIGNMENT|[EXTERNAL]|this|{"aptdum":"0x1ca02140","Docdum":"0x64b48642","Docmap":"0x6209dac5","Selecteddoc":"a260H000001koYjQAI","timelist":"0x99792e9","timewraplist":"0xfc620c5","timewraplistInitial":"0x2ce06b09"}|0x64f7ab31
12:50:41.0 (41977915)|HEAP_ALLOCATE|[59]|Bytes:12
12:50:41.0 (41987830)|CONSTRUCTOR_ENTRY|[59]|01p0H000007gCe8|<init>(Boolean,Time)
12:50:41.0 (41993244)|VARIABLE_SCOPE_BEGIN|[131]|this|docappcontroller.Wrapertimeslot|true|false
12:50:41.0 (42009715)|VARIABLE_ASSIGNMENT|[131]|this|{}|0x5f117537
12:50:41.0 (42016516)|VARIABLE_SCOPE_BEGIN|[131]|selection|Boolean|false|false
12:50:41.0 (42023994)|VARIABLE_ASSIGNMENT|[131]|selection|true
12:50:41.0 (42027845)|VARIABLE_SCOPE_BEGIN|[131]|tm|Time|false|false
12:50:41.0 (42036101)|VARIABLE_ASSIGNMENT|[131]|tm|59400000
12:50:41.0 (42040515)|STATEMENT_EXECUTE|[127]
12:50:41.0 (42042019)|STATEMENT_EXECUTE|[128]
12:50:41.0 (42043464)|STATEMENT_EXECUTE|[129]
12:50:41.0 (42051550)|STATEMENT_EXECUTE|[131]
12:50:41.0 (42053282)|STATEMENT_EXECUTE|[132]
12:50:41.0 (42063910)|VARIABLE_ASSIGNMENT|[EXTERNAL]|this|{}|0x5f117537
12:50:41.0 (42071922)|VARIABLE_ASSIGNMENT|[EXTERNAL]|value|true
12:50:41.0 (42077173)|HEAP_ALLOCATE|[128]|Bytes:5
12:50:41.0 (42083319)|VARIABLE_ASSIGNMENT|[128]|this.selected|true|0x5f117537
12:50:41.0 (42090753)|STATEMENT_EXECUTE|[133]
12:50:41.0 (42101555)|VARIABLE_ASSIGNMENT|[EXTERNAL]|this|{"selected":true}|0x5f117537
12:50:41.0 (42109767)|VARIABLE_ASSIGNMENT|[EXTERNAL]|value|59400000
12:50:41.0 (42116330)|VARIABLE_ASSIGNMENT|[129]|this.t|59400000|0x5f117537
12:50:41.0 (42128376)|CONSTRUCTOR_EXIT|[59]|01p0H000007gCe8|<init>(Boolean,Time)
12:50:41.0 (42136698)|HEAP_ALLOCATE|[EXTERNAL]|Bytes:4
12:50:41.0 (42146139)|HEAP_ALLOCATE|[50]|Bytes:28
12:50:41.0 (42162923)|STATEMENT_EXECUTE|[50]
12:50:41.0 (42164575)|STATEMENT_EXECUTE|[51]
12:50:41.0 (42172183)|USER_DEBUG|[51]|DEBUG|16:30:00.000Z
12:50:41.0 (42178152)|STATEMENT_EXECUTE|[52]
12:50:41.0 (42186422)|HEAP_ALLOCATE|[52]|Bytes:4
12:50:41.0 (42198536)|VARIABLE_ASSIGNMENT|[52]|t|61200000
12:50:41.0 (42202762)|STATEMENT_EXECUTE|[53]
12:50:41.0 (42207345)|HEAP_ALLOCATE|[53]|Bytes:28
12:50:41.0 (42218873)|HEAP_ALLOCATE|[53]|Bytes:28
12:50:41.0 (42229521)|VARIABLE_ASSIGNMENT|[53]|i1|10.0
12:50:41.0 (42233734)|STATEMENT_EXECUTE|[54]
12:50:41.0 (42256719)|VARIABLE_ASSIGNMENT|[EXTERNAL]|this|{"aptdum":"0x1ca02140","Docdum":"0x64b48642","Docmap":"0x6209dac5","Selecteddoc":"a260H000001koYjQAI","timelist":"0x99792e9","timewraplist":"0xfc620c5","timewraplistInitial":"0x2ce06b09"}|0x64f7ab31
12:50:41.0 (42269355)|HEAP_ALLOCATE|[EXTERNAL]|Bytes:4
12:50:41.0 (42281407)|STATEMENT_EXECUTE|[56]
12:50:41.0 (42282907)|STATEMENT_EXECUTE|[57]
12:50:41.0 (42302053)|VARIABLE_ASSIGNMENT|[EXTERNAL]|this|{"aptdum":"0x1ca02140","Docdum":"0x64b48642","Docmap":"0x6209dac5","Selecteddoc":"a260H000001koYjQAI","timelist":"0x99792e9","timewraplist":"0xfc620c5","timewraplistInitial":"0x2ce06b09"}|0x64f7ab31
12:50:41.0 (42312608)|HEAP_ALLOCATE|[57]|Bytes:12
12:50:41.0 (42327264)|CONSTRUCTOR_ENTRY|[57]|01p0H000007gCe8|<init>(Boolean,Time)
12:50:41.0 (42333062)|VARIABLE_SCOPE_BEGIN|[131]|this|docappcontroller.Wrapertimeslot|true|false
12:50:41.0 (42346315)|VARIABLE_ASSIGNMENT|[131]|this|{}|0x3a18b40b
12:50:41.0 (42352533)|VARIABLE_SCOPE_BEGIN|[131]|selection|Boolean|false|false
12:50:41.0 (42360306)|VARIABLE_ASSIGNMENT|[131]|selection|false
12:50:41.0 (42364029)|VARIABLE_SCOPE_BEGIN|[131]|tm|Time|false|false
12:50:41.0 (42372321)|VARIABLE_ASSIGNMENT|[131]|tm|61200000
12:50:41.0 (42376781)|STATEMENT_EXECUTE|[127]
12:50:41.0 (42378319)|STATEMENT_EXECUTE|[128]
12:50:41.0 (42379821)|STATEMENT_EXECUTE|[129]
12:50:41.0 (42388186)|STATEMENT_EXECUTE|[131]
12:50:41.0 (42389944)|STATEMENT_EXECUTE|[132]
12:50:41.0 (42400312)|VARIABLE_ASSIGNMENT|[EXTERNAL]|this|{}|0x3a18b40b
12:50:41.0 (42408643)|VARIABLE_ASSIGNMENT|[EXTERNAL]|value|false
12:50:41.0 (42413175)|HEAP_ALLOCATE|[128]|Bytes:5
12:50:41.0 (42419082)|VARIABLE_ASSIGNMENT|[128]|this.selected|false|0x3a18b40b
12:50:41.0 (42426456)|STATEMENT_EXECUTE|[133]
12:50:41.0 (42437023)|VARIABLE_ASSIGNMENT|[EXTERNAL]|this|{"selected":false}|0x3a18b40b
12:50:41.0 (42445172)|VARIABLE_ASSIGNMENT|[EXTERNAL]|value|61200000
12:50:41.0 (42452050)|VARIABLE_ASSIGNMENT|[129]|this.t|61200000|0x3a18b40b
12:50:41.0 (42464228)|CONSTRUCTOR_EXIT|[57]|01p0H000007gCe8|<init>(Boolean,Time)
12:50:41.0 (42472997)|HEAP_ALLOCATE|[EXTERNAL]|Bytes:4
12:50:41.0 (42482887)|HEAP_ALLOCATE|[50]|Bytes:28
12:50:41.0 (42500158)|STATEMENT_EXECUTE|[50]
12:50:41.0 (42501875)|STATEMENT_EXECUTE|[51]
12:50:41.0 (42509931)|USER_DEBUG|[51]|DEBUG|17:00:00.000Z
12:50:41.0 (42516200)|STATEMENT_EXECUTE|[52]
12:50:41.0 (42524449)|HEAP_ALLOCATE|[52]|Bytes:4
12:50:41.0 (42541033)|VARIABLE_ASSIGNMENT|[52]|t|63000000
12:50:41.0 (42549339)|STATEMENT_EXECUTE|[53]
12:50:41.0 (42554607)|HEAP_ALLOCATE|[53]|Bytes:28
12:50:41.0 (42566712)|HEAP_ALLOCATE|[53]|Bytes:28
12:50:41.0 (42577577)|VARIABLE_ASSIGNMENT|[53]|i1|10.5
12:50:41.0 (42581409)|STATEMENT_EXECUTE|[54]
12:50:41.0 (42604878)|VARIABLE_ASSIGNMENT|[EXTERNAL]|this|{"aptdum":"0x1ca02140","Docdum":"0x64b48642","Docmap":"0x6209dac5","Selecteddoc":"a260H000001koYjQAI","timelist":"0x99792e9","timewraplist":"0xfc620c5","timewraplistInitial":"0x2ce06b09"}|0x64f7ab31
12:50:41.0 (42617500)|HEAP_ALLOCATE|[EXTERNAL]|Bytes:4
12:50:41.0 (42629385)|STATEMENT_EXECUTE|[56]
12:50:41.0 (42630891)|STATEMENT_EXECUTE|[57]
12:50:41.0 (42650206)|VARIABLE_ASSIGNMENT|[EXTERNAL]|this|{"aptdum":"0x1ca02140","Docdum":"0x64b48642","Docmap":"0x6209dac5","Selecteddoc":"a260H000001koYjQAI","timelist":"0x99792e9","timewraplist":"0xfc620c5","timewraplistInitial":"0x2ce06b09"}|0x64f7ab31
12:50:41.0 (42660946)|HEAP_ALLOCATE|[57]|Bytes:12
12:50:41.0 (42671223)|CONSTRUCTOR_ENTRY|[57]|01p0H000007gCe8|<init>(Boolean,Time)
12:50:41.0 (42676630)|VARIABLE_SCOPE_BEGIN|[131]|this|docappcontroller.Wrapertimeslot|true|false
12:50:41.0 (42689474)|VARIABLE_ASSIGNMENT|[131]|this|{}|0x4ee7a817
12:50:41.0 (42695451)|VARIABLE_SCOPE_BEGIN|[131]|selection|Boolean|false|false
12:50:41.0 (42702704)|VARIABLE_ASSIGNMENT|[131]|selection|false
12:50:41.0 (42706346)|VARIABLE_SCOPE_BEGIN|[131]|tm|Time|false|false
12:50:41.0 (42714344)|VARIABLE_ASSIGNMENT|[131]|tm|63000000
12:50:41.0 (42718735)|STATEMENT_EXECUTE|[127]
12:50:41.0 (42720171)|STATEMENT_EXECUTE|[128]
12:50:41.0 (42721620)|STATEMENT_EXECUTE|[129]
12:50:41.0 (42729806)|STATEMENT_EXECUTE|[131]
12:50:41.0 (42731305)|STATEMENT_EXECUTE|[132]
12:50:41.0 (42741643)|VARIABLE_ASSIGNMENT|[EXTERNAL]|this|{}|0x4ee7a817
12:50:41.0 (42749443)|VARIABLE_ASSIGNMENT|[EXTERNAL]|value|false
12:50:41.0 (42755038)|HEAP_ALLOCATE|[128]|Bytes:5
12:50:41.0 (42760980)|VARIABLE_ASSIGNMENT|[128]|this.selected|false|0x4ee7a817
12:50:41.0 (42768403)|STATEMENT_EXECUTE|[133]
12:50:41.0 (42778569)|VARIABLE_ASSIGNMENT|[EXTERNAL]|this|{"selected":false}|0x4ee7a817
12:50:41.0 (42786879)|VARIABLE_ASSIGNMENT|[EXTERNAL]|value|63000000
12:50:41.0 (42793525)|VARIABLE_ASSIGNMENT|[129]|this.t|63000000|0x4ee7a817
12:50:41.0 (42805408)|CONSTRUCTOR_EXIT|[57]|01p0H000007gCe8|<init>(Boolean,Time)
12:50:41.0 (42817751)|HEAP_ALLOCATE|[EXTERNAL]|Bytes:4
12:50:41.0 (42827018)|HEAP_ALLOCATE|[50]|Bytes:28
12:50:41.0 (42844707)|STATEMENT_EXECUTE|[50]
12:50:41.0 (42846420)|STATEMENT_EXECUTE|[51]
12:50:41.0 (42854533)|USER_DEBUG|[51]|DEBUG|17:30:00.000Z
12:50:41.0 (42860540)|STATEMENT_EXECUTE|[52]
12:50:41.0 (42868383)|HEAP_ALLOCATE|[52]|Bytes:4
12:50:41.0 (42881196)|VARIABLE_ASSIGNMENT|[52]|t|64800000
12:50:41.0 (42885083)|STATEMENT_EXECUTE|[53]
12:50:41.0 (42889994)|HEAP_ALLOCATE|[53]|Bytes:28
12:50:41.0 (42901452)|HEAP_ALLOCATE|[53]|Bytes:28
12:50:41.0 (42911635)|VARIABLE_ASSIGNMENT|[53]|i1|11.0
12:50:41.0 (42915893)|STATEMENT_EXECUTE|[54]
12:50:41.0 (42938869)|VARIABLE_ASSIGNMENT|[EXTERNAL]|this|{"aptdum":"0x1ca02140","Docdum":"0x64b48642","Docmap":"0x6209dac5","Selecteddoc":"a260H000001koYjQAI","timelist":"0x99792e9","timewraplist":"0xfc620c5","timewraplistInitial":"0x2ce06b09"}|0x64f7ab31
12:50:41.0 (42951799)|HEAP_ALLOCATE|[EXTERNAL]|Bytes:4
12:50:41.0 (43006031)|STATEMENT_EXECUTE|[56]
12:50:41.0 (43008669)|STATEMENT_EXECUTE|[57]
12:50:41.0 (43032131)|VARIABLE_ASSIGNMENT|[EXTERNAL]|this|{"aptdum":"0x1ca02140","Docdum":"0x64b48642","Docmap":"0x6209dac5","Selecteddoc":"a260H000001koYjQAI","timelist":"0x99792e9","timewraplist":"0xfc620c5","timewraplistInitial":"0x2ce06b09"}|0x64f7ab31
12:50:41.0 (43063763)|HEAP_ALLOCATE|[57]|Bytes:12
12:50:41.0 (43075944)|CONSTRUCTOR_ENTRY|[57]|01p0H000007gCe8|<init>(Boolean,Time)
12:50:41.0 (43081815)|VARIABLE_SCOPE_BEGIN|[131]|this|docappcontroller.Wrapertimeslot|true|false
12:50:41.0 (43095480)|VARIABLE_ASSIGNMENT|[131]|this|{}|0x3f2fa17d
12:50:41.0 (43101180)|VARIABLE_SCOPE_BEGIN|[131]|selection|Boolean|false|false
12:50:41.0 (43109011)|VARIABLE_ASSIGNMENT|[131]|selection|false
12:50:41.0 (43112761)|VARIABLE_SCOPE_BEGIN|[131]|tm|Time|false|false
12:50:41.0 (43121829)|VARIABLE_ASSIGNMENT|[131]|tm|64800000
12:50:41.0 (43126592)|STATEMENT_EXECUTE|[127]
12:50:41.0 (43128235)|STATEMENT_EXECUTE|[128]
12:50:41.0 (43129706)|STATEMENT_EXECUTE|[129]
12:50:41.0 (43138496)|STATEMENT_EXECUTE|[131]
12:50:41.0 (43140089)|STATEMENT_EXECUTE|[132]
12:50:41.0 (43150909)|VARIABLE_ASSIGNMENT|[EXTERNAL]|this|{}|0x3f2fa17d
12:50:41.0 (43159102)|VARIABLE_ASSIGNMENT|[EXTERNAL]|value|false
12:50:41.0 (43163831)|HEAP_ALLOCATE|[128]|Bytes:5
12:50:41.0 (43170210)|VARIABLE_ASSIGNMENT|[128]|this.selected|false|0x3f2fa17d
12:50:41.0 (43177137)|STATEMENT_EXECUTE|[133]
12:50:41.0 (43187700)|VARIABLE_ASSIGNMENT|[EXTERNAL]|this|{"selected":false}|0x3f2fa17d
12:50:41.0 (43196244)|VARIABLE_ASSIGNMENT|[EXTERNAL]|value|64800000
12:50:41.0 (43203175)|VARIABLE_ASSIGNMENT|[129]|this.t|64800000|0x3f2fa17d
12:50:41.0 (43215172)|CONSTRUCTOR_EXIT|[57]|01p0H000007gCe8|<init>(Boolean,Time)
12:50:41.0 (43224596)|HEAP_ALLOCATE|[EXTERNAL]|Bytes:4
12:50:41.0 (43233853)|HEAP_ALLOCATE|[50]|Bytes:28
12:50:41.0 (43251561)|STATEMENT_EXECUTE|[50]
12:50:41.0 (43253315)|STATEMENT_EXECUTE|[51]
12:50:41.0 (43261622)|USER_DEBUG|[51]|DEBUG|18:00:00.000Z
12:50:41.0 (43268452)|STATEMENT_EXECUTE|[52]
12:50:41.0 (43276882)|HEAP_ALLOCATE|[52]|Bytes:4
12:50:41.0 (43289267)|VARIABLE_ASSIGNMENT|[52]|t|66600000
12:50:41.0 (43293491)|STATEMENT_EXECUTE|[53]
12:50:41.0 (43298399)|HEAP_ALLOCATE|[53]|Bytes:28
12:50:41.0 (43310155)|HEAP_ALLOCATE|[53]|Bytes:28
12:50:41.0 (43320781)|VARIABLE_ASSIGNMENT|[53]|i1|11.5
12:50:41.0 (43324786)|STATEMENT_EXECUTE|[54]
12:50:41.0 (43348129)|VARIABLE_ASSIGNMENT|[EXTERNAL]|this|{"aptdum":"0x1ca02140","Docdum":"0x64b48642","Docmap":"0x6209dac5","Selecteddoc":"a260H000001koYjQAI","timelist":"0x99792e9","timewraplist":"0xfc620c5","timewraplistInitial":"0x2ce06b09"}|0x64f7ab31
12:50:41.0 (43361910)|HEAP_ALLOCATE|[EXTERNAL]|Bytes:4
12:50:41.0 (43373406)|STATEMENT_EXECUTE|[56]
12:50:41.0 (43374992)|STATEMENT_EXECUTE|[57]
12:50:41.0 (43394713)|VARIABLE_ASSIGNMENT|[EXTERNAL]|this|{"aptdum":"0x1ca02140","Docdum":"0x64b48642","Docmap":"0x6209dac5","Selecteddoc":"a260H000001koYjQAI","timelist":"0x99792e9","timewraplist":"0xfc620c5","timewraplistInitial":"0x2ce06b09"}|0x64f7ab31
12:50:41.0 (43405204)|HEAP_ALLOCATE|[57]|Bytes:12
12:50:41.0 (43415450)|CONSTRUCTOR_ENTRY|[57]|01p0H000007gCe8|<init>(Boolean,Time)
12:50:41.0 (43420788)|VARIABLE_SCOPE_BEGIN|[131]|this|docappcontroller.Wrapertimeslot|true|false
12:50:41.0 (43433401)|VARIABLE_ASSIGNMENT|[131]|this|{}|0x48781199
12:50:41.0 (43439886)|VARIABLE_SCOPE_BEGIN|[131]|selection|Boolean|false|false
12:50:41.0 (43447437)|VARIABLE_ASSIGNMENT|[131]|selection|false
12:50:41.0 (43451036)|VARIABLE_SCOPE_BEGIN|[131]|tm|Time|false|false
12:50:41.0 (43458684)|VARIABLE_ASSIGNMENT|[131]|tm|66600000
12:50:41.0 (43462931)|STATEMENT_EXECUTE|[127]
12:50:41.0 (43464488)|STATEMENT_EXECUTE|[128]
12:50:41.0 (43465906)|STATEMENT_EXECUTE|[129]
12:50:41.0 (43473830)|STATEMENT_EXECUTE|[131]
12:50:41.0 (43475354)|STATEMENT_EXECUTE|[132]
12:50:41.0 (43485705)|VARIABLE_ASSIGNMENT|[EXTERNAL]|this|{}|0x48781199
12:50:41.0 (43493521)|VARIABLE_ASSIGNMENT|[EXTERNAL]|value|false
12:50:41.0 (43498463)|HEAP_ALLOCATE|[128]|Bytes:5
12:50:41.0 (43504579)|VARIABLE_ASSIGNMENT|[128]|this.selected|false|0x48781199
12:50:41.0 (43511835)|STATEMENT_EXECUTE|[133]
12:50:41.0 (43522291)|VARIABLE_ASSIGNMENT|[EXTERNAL]|this|{"selected":false}|0x48781199
12:50:41.0 (43530330)|VARIABLE_ASSIGNMENT|[EXTERNAL]|value|66600000
12:50:41.0 (43537025)|VARIABLE_ASSIGNMENT|[129]|this.t|66600000|0x48781199
12:50:41.0 (43553841)|CONSTRUCTOR_EXIT|[57]|01p0H000007gCe8|<init>(Boolean,Time)
12:50:41.0 (43562742)|HEAP_ALLOCATE|[EXTERNAL]|Bytes:4
12:50:41.0 (43571835)|HEAP_ALLOCATE|[50]|Bytes:28
12:50:41.0 (43589060)|STATEMENT_EXECUTE|[50]
12:50:41.0 (43590800)|STATEMENT_EXECUTE|[51]
12:50:41.0 (43598806)|USER_DEBUG|[51]|DEBUG|18:30:00.000Z
12:50:41.0 (43604777)|STATEMENT_EXECUTE|[52]
12:50:41.0 (43612851)|HEAP_ALLOCATE|[52]|Bytes:4
12:50:41.0 (43625644)|VARIABLE_ASSIGNMENT|[52]|t|68400000
12:50:41.0 (43629700)|STATEMENT_EXECUTE|[53]
12:50:41.0 (43634450)|HEAP_ALLOCATE|[53]|Bytes:28
12:50:41.0 (43645744)|HEAP_ALLOCATE|[53]|Bytes:28
12:50:41.0 (43659922)|VARIABLE_ASSIGNMENT|[53]|i1|12.0
12:50:41.0 (43664549)|STATEMENT_EXECUTE|[54]
12:50:41.0 (43688257)|VARIABLE_ASSIGNMENT|[EXTERNAL]|this|{"aptdum":"0x1ca02140","Docdum":"0x64b48642","Docmap":"0x6209dac5","Selecteddoc":"a260H000001koYjQAI","timelist":"0x99792e9","timewraplist":"0xfc620c5","timewraplistInitial":"0x2ce06b09"}|0x64f7ab31
12:50:41.0 (43701424)|HEAP_ALLOCATE|[EXTERNAL]|Bytes:4
12:50:41.0 (43712933)|STATEMENT_EXECUTE|[56]
12:50:41.0 (43714395)|STATEMENT_EXECUTE|[57]
12:50:41.0 (43733990)|VARIABLE_ASSIGNMENT|[EXTERNAL]|this|{"aptdum":"0x1ca02140","Docdum":"0x64b48642","Docmap":"0x6209dac5","Selecteddoc":"a260H000001koYjQAI","timelist":"0x99792e9","timewraplist":"0xfc620c5","timewraplistInitial":"0x2ce06b09"}|0x64f7ab31
12:50:41.0 (43744595)|HEAP_ALLOCATE|[57]|Bytes:12
12:50:41.0 (43754728)|CONSTRUCTOR_ENTRY|[57]|01p0H000007gCe8|<init>(Boolean,Time)
12:50:41.0 (43760051)|VARIABLE_SCOPE_BEGIN|[131]|this|docappcontroller.Wrapertimeslot|true|false
12:50:41.0 (43772778)|VARIABLE_ASSIGNMENT|[131]|this|{}|0x404254ad
12:50:41.0 (43778658)|VARIABLE_SCOPE_BEGIN|[131]|selection|Boolean|false|false
12:50:41.0 (43786440)|VARIABLE_ASSIGNMENT|[131]|selection|false
12:50:41.0 (43789934)|VARIABLE_SCOPE_BEGIN|[131]|tm|Time|false|false
12:50:41.0 (43798084)|VARIABLE_ASSIGNMENT|[131]|tm|68400000
12:50:41.0 (43802170)|STATEMENT_EXECUTE|[127]
12:50:41.0 (43803630)|STATEMENT_EXECUTE|[128]
12:50:41.0 (43805016)|STATEMENT_EXECUTE|[129]
12:50:41.0 (43813050)|STATEMENT_EXECUTE|[131]
12:50:41.0 (43814565)|STATEMENT_EXECUTE|[132]
12:50:41.0 (43825032)|VARIABLE_ASSIGNMENT|[EXTERNAL]|this|{}|0x404254ad
12:50:41.0 (43833126)|VARIABLE_ASSIGNMENT|[EXTERNAL]|value|false
12:50:41.0 (43838024)|HEAP_ALLOCATE|[128]|Bytes:5
12:50:41.0 (43843853)|VARIABLE_ASSIGNMENT|[128]|this.selected|false|0x404254ad
12:50:41.0 (43850498)|STATEMENT_EXECUTE|[133]
12:50:41.0 (43860727)|VARIABLE_ASSIGNMENT|[EXTERNAL]|this|{"selected":false}|0x404254ad
12:50:41.0 (43869446)|VARIABLE_ASSIGNMENT|[EXTERNAL]|value|68400000
12:50:41.0 (43876253)|VARIABLE_ASSIGNMENT|[129]|this.t|68400000|0x404254ad
12:50:41.0 (43888608)|CONSTRUCTOR_EXIT|[57]|01p0H000007gCe8|<init>(Boolean,Time)
12:50:41.0 (43896854)|HEAP_ALLOCATE|[EXTERNAL]|Bytes:4
12:50:41.0 (43905700)|HEAP_ALLOCATE|[50]|Bytes:28
12:50:41.0 (43926213)|HEAP_ALLOCATE|[65]|Bytes:28
12:50:41.0 (43932737)|HEAP_ALLOCATE|[65]|Bytes:28
12:50:41.0 (43955125)|HEAP_ALLOCATE|[65]|Bytes:28
12:50:41.0 (43974970)|STATEMENT_EXECUTE|[65]
12:50:41.0 (43977145)|STATEMENT_EXECUTE|[71]
12:50:41.0 (44007156)|VARIABLE_ASSIGNMENT|[EXTERNAL]|this|{"aptdum":"0x1ca02140","Docdum":"0x64b48642","Docmap":"0x6209dac5","Selecteddoc":"a260H000001koYjQAI","timelist":"0x99792e9","timewraplist":"0xfc620c5","timewraplistInitial":"0x2ce06b09"}|0x64f7ab31
12:50:41.0 (44026699)|VARIABLE_ASSIGNMENT|[71]|this.timewraplistInitial|"List of size 25 too large to display"|0x64f7ab31
12:50:41.0 (44032211)|STATEMENT_EXECUTE|[73]
12:50:41.47 (47846057)|SYSTEM_MODE_ENTER|true
12:50:41.47 (47922862)|HEAP_ALLOCATE|[EXTERNAL]|Bytes:8
12:50:41.47 (47936346)|VARIABLE_SCOPE_BEGIN|[88]|this|ApexPage.PageMessagesComponentController|true|false
12:50:41.47 (47967920)|VARIABLE_ASSIGNMENT|[88]|this|{}|0x67e0e3d9
12:50:41.47 (47978479)|VARIABLE_SCOPE_BEGIN|[88]|escape|Boolean|false|false
12:50:41.47 (47991884)|VARIABLE_ASSIGNMENT|[88]|escape|null
12:50:41.48 (48111337)|SYSTEM_MODE_ENTER|true
12:50:41.48 (48148502)|HEAP_ALLOCATE|[EXTERNAL]|Bytes:8
12:50:41.48 (48155691)|VARIABLE_SCOPE_BEGIN|[2]|this|ApexPage.PageMessagesComponentController|true|false
12:50:41.48 (48175856)|VARIABLE_ASSIGNMENT|[2]|this|{}|0x67e0e3d9
12:50:41.0 (48585601)|SYSTEM_MODE_ENTER|true
12:50:41.0 (49114180)|SYSTEM_MODE_ENTER|true
12:50:41.0 (49443980)|SYSTEM_MODE_ENTER|true
12:50:41.0 (49516089)|SYSTEM_MODE_ENTER|true
12:50:41.74 (74953257)|SYSTEM_MODE_ENTER|true
12:50:41.74 (75048200)|HEAP_ALLOCATE|[EXTERNAL]|Bytes:8
12:50:41.74 (75065433)|VARIABLE_SCOPE_BEGIN|[88]|this|ApexPage.PageMessagesComponentController|true|false
12:50:41.74 (75107711)|VARIABLE_ASSIGNMENT|[88]|this|{}|0x67e0e3d9
12:50:41.74 (75117967)|VARIABLE_SCOPE_BEGIN|[88]|escape|Boolean|false|false
12:50:41.74 (75130002)|VARIABLE_ASSIGNMENT|[88]|escape|null
12:50:41.75 (75309640)|SYSTEM_MODE_ENTER|true
12:50:41.75 (75363095)|HEAP_ALLOCATE|[EXTERNAL]|Bytes:8
12:50:41.75 (75373713)|VARIABLE_SCOPE_BEGIN|[2]|this|ApexPage.PageMessagesComponentController|true|false
12:50:41.75 (75402848)|VARIABLE_ASSIGNMENT|[2]|this|{}|0x67e0e3d9
12:50:41.0 (77227138)|SYSTEM_MODE_ENTER|true
12:50:41.0 (77281151)|HEAP_ALLOCATE|[EXTERNAL]|Bytes:36
12:50:41.0 (77291954)|VARIABLE_SCOPE_BEGIN|[105]|this|docappcontroller|true|false
12:50:41.0 (77350352)|VARIABLE_ASSIGNMENT|[105]|this|{"aptdum":"0x1ca02140","Docdum":"0x64b48642","Docmap":"0x6209dac5","Selecteddoc":"a260H000001koYjQAI","timelist":"0x99792e9","timewraplist":"0xfc620c5","timewraplistInitial":"0xfc620c5"}|0x64f7ab31
12:50:41.0 (77367709)|STATEMENT_EXECUTE|[105]
12:50:41.0 (77370838)|STATEMENT_EXECUTE|[107]
12:50:41.0 (77387715)|HEAP_ALLOCATE|[107]|Bytes:4
12:50:41.0 (77409661)|VARIABLE_SCOPE_BEGIN|[107]|options|List<System.SelectOption>|true|false
12:50:41.0 (77438355)|HEAP_ALLOCATE|[EXTERNAL]|Bytes:4
12:50:41.0 (77451834)|VARIABLE_ASSIGNMENT|[107]|options|[]|0x3b3a3cd6
12:50:41.0 (77460083)|STATEMENT_EXECUTE|[108]
12:50:41.0 (77486652)|HEAP_ALLOCATE|[EXTERNAL]|Bytes:4
12:50:41.0 (77557969)|VARIABLE_ASSIGNMENT|[EXTERNAL]|this|{"aptdum":"0x1ca02140","Docdum":"0x64b48642","Docmap":"0x6209dac5","Selecteddoc":"a260H000001koYjQAI","timelist":"0x99792e9","timewraplist":"0xfc620c5","timewraplistInitial":"0xfc620c5"}|0x64f7ab31
12:50:41.0 (77584619)|STATEMENT_EXECUTE|[109]
12:50:41.0 (77623014)|VARIABLE_ASSIGNMENT|[EXTERNAL]|this|{"aptdum":"0x1ca02140","Docdum":"0x64b48642","Docmap":"0x6209dac5","Selecteddoc":"a260H000001koYjQAI","timelist":"0x99792e9","timewraplist":"0xfc620c5","timewraplistInitial":"0xfc620c5"}|0x64f7ab31
12:50:41.0 (77647973)|HEAP_ALLOCATE|[EXTERNAL]|Bytes:12
12:50:41.0 (77667016)|HEAP_ALLOCATE|[110]|Bytes:237
12:50:41.0 (77693142)|HEAP_ALLOCATE|[110]|Bytes:5
12:50:41.0 (77709066)|HEAP_ALLOCATE|[110]|Bytes:24
12:50:41.0 (77718850)|VARIABLE_SCOPE_BEGIN|[110]|doc|Doctor__c|true|false
12:50:41.0 (77740670)|VARIABLE_ASSIGNMENT|[110]|doc|{"Id":"a260H000001koYjQAI","Name":"doc 2","End_Time__c":68400000,"Speciality__c":"General Surgery","Start_Time__c":25200000}|0x27446df
12:50:41.0 (77747957)|STATEMENT_EXECUTE|[110]
12:50:41.0 (77749920)|STATEMENT_EXECUTE|[111]
12:50:41.0 (77769547)|HEAP_ALLOCATE|[111]|Bytes:18
12:50:41.0 (77787261)|HEAP_ALLOCATE|[EXTERNAL]|Bytes:4
12:50:41.0 (77798796)|HEAP_ALLOCATE|[110]|Bytes:5
12:50:41.0 (77807619)|HEAP_ALLOCATE|[110]|Bytes:24
12:50:41.0 (77813405)|VARIABLE_SCOPE_BEGIN|[110]|doc|Doctor__c|true|false
12:50:41.0 (77827291)|VARIABLE_ASSIGNMENT|[110]|doc|{"Id":"a260H000001koYeQAI","Name":"Doc1","End_Time__c":64800000,"Speciality__c":"General Surgery","Start_Time__c":32400000}|0x49dd9c26
12:50:41.0 (77833208)|STATEMENT_EXECUTE|[110]
12:50:41.0 (77834851)|STATEMENT_EXECUTE|[111]
12:50:41.0 (77840483)|HEAP_ALLOCATE|[111]|Bytes:18
12:50:41.0 (77850335)|HEAP_ALLOCATE|[EXTERNAL]|Bytes:4
12:50:41.0 (77859821)|HEAP_ALLOCATE|[110]|Bytes:5
12:50:41.0 (77869247)|VARIABLE_ASSIGNMENT|[110]|doc|null|
12:50:41.0 (77874110)|STATEMENT_EXECUTE|[117]
12:50:41.0 (78070267)|SYSTEM_MODE_ENTER|true
12:50:41.0 (83948787)|VF_SERIALIZE_VIEWSTATE_BEGIN|0660H000004OdRk
12:50:41.0 (99896309)|VF_SERIALIZE_VIEWSTATE_END
12:50:41.0 (121039274)|CODE_UNIT_STARTED|[EXTERNAL]|Generate Metadata
12:50:41.0 (124027216)|CODE_UNIT_FINISHED|Generate Metadata
12:50:41.126 (126721236)|CUMULATIVE_LIMIT_USAGE
12:50:41.126 (126721236)|LIMIT_USAGE_FOR_NS|(default)|
  Number of SOQL queries: 1 out of 100
  Number of query rows: 1 out of 50000
  Number of SOSL queries: 0 out of 20
  Number of DML statements: 0 out of 150
  Number of DML rows: 0 out of 10000
  Maximum CPU time: 0 out of 10000
  Maximum heap size: 0 out of 6000000
  Number of callouts: 0 out of 100
  Number of Email Invocations: 0 out of 10
  Number of future calls: 0 out of 50
  Number of queueable jobs added to the queue: 0 out of 50
  Number of Mobile Apex push calls: 0 out of 10

12:50:41.126 (126721236)|CUMULATIVE_LIMIT_USAGE_END

12:50:41.0 (126760560)|CODE_UNIT_FINISHED|VF: /apex/docapp
12:50:41.0 (127554870)|EXECUTION_FINISHED
