42.0 APEX_CODE,FINEST;APEX_PROFILING,INFO;CALLOUT,INFO;DB,INFO;SYSTEM,DEBUG;VALIDATION,INFO;VISUALFORCE,INFO;WAVE,INFO;WORKFLOW,INFO
15:09:39.0 (45973)|USER_INFO|[EXTERNAL]|005i0000002qYvT|anton@igate.com|India Standard Time|GMT+05:30
15:09:39.0 (77531)|EXECUTION_STARTED
15:09:39.0 (81233)|CODE_UNIT_STARTED|[EXTERNAL]|0660H000004OdRk|VF: /apex/docapp
15:09:39.0 (6822787)|SYSTEM_MODE_ENTER|true
15:09:39.0 (7242987)|HEAP_ALLOCATE|[72]|Bytes:3
15:09:39.0 (7295812)|HEAP_ALLOCATE|[77]|Bytes:152
15:09:39.0 (7308193)|HEAP_ALLOCATE|[342]|Bytes:408
15:09:39.0 (7324388)|HEAP_ALLOCATE|[355]|Bytes:408
15:09:39.0 (7335083)|HEAP_ALLOCATE|[467]|Bytes:48
15:09:39.0 (7396007)|HEAP_ALLOCATE|[139]|Bytes:6
15:09:39.0 (7413104)|HEAP_ALLOCATE|[EXTERNAL]|Bytes:14
15:09:39.0 (7431019)|HEAP_ALLOCATE|[EXTERNAL]|Bytes:248
15:09:39.0 (7434680)|HEAP_ALLOCATE|[EXTERNAL]|Bytes:53
15:09:39.0 (7438228)|HEAP_ALLOCATE|[EXTERNAL]|Bytes:20
15:09:39.0 (7458821)|METHOD_ENTRY|[1]|01p0H000007gCe8|docappcontroller.docappcontroller()
15:09:39.0 (7466527)|STATEMENT_EXECUTE|[1]
15:09:39.0 (7471231)|STATEMENT_EXECUTE|[1]
15:09:39.0 (7472757)|STATEMENT_EXECUTE|[201]
15:09:39.0 (7489341)|METHOD_EXIT|[1]|docappcontroller
15:09:39.0 (7944229)|HEAP_ALLOCATE|[EXTERNAL]|Bytes:48
15:09:39.0 (7956011)|VARIABLE_SCOPE_BEGIN|[141]|this|docappcontroller|true|false
15:09:39.0 (8028892)|VARIABLE_ASSIGNMENT|[141]|this|{}|0x74d531af
15:09:39.0 (8040218)|STATEMENT_EXECUTE|[1]
15:09:39.0 (8042074)|STATEMENT_EXECUTE|[3]
15:09:39.0 (8056935)|STATEMENT_EXECUTE|[4]
15:09:39.0 (8058912)|STATEMENT_EXECUTE|[5]
15:09:39.0 (8110419)|HEAP_ALLOCATE|[5]|Bytes:4
15:09:39.0 (8267588)|HEAP_ALLOCATE|[EXTERNAL]|Bytes:4
15:09:39.0 (8283803)|VARIABLE_ASSIGNMENT|[5]|this.timewraplistInitial|[]|0x74d531af
15:09:39.0 (8288922)|STATEMENT_EXECUTE|[6]
15:09:39.0 (8293860)|HEAP_ALLOCATE|[6]|Bytes:4
15:09:39.0 (8303596)|VARIABLE_ASSIGNMENT|[6]|this.Initialselected|0|0x74d531af
15:09:39.0 (8308918)|STATEMENT_EXECUTE|[7]
15:09:39.0 (8310507)|STATEMENT_EXECUTE|[134]
15:09:39.0 (8312104)|STATEMENT_EXECUTE|[135]
15:09:39.0 (8318908)|STATEMENT_EXECUTE|[136]
15:09:39.0 (8320404)|STATEMENT_EXECUTE|[137]
15:09:39.0 (8322146)|STATEMENT_EXECUTE|[138]
15:09:39.0 (8323495)|STATEMENT_EXECUTE|[139]
15:09:39.0 (8331221)|HEAP_ALLOCATE|[6]|Bytes:6
15:09:39.0 (8378224)|STATEMENT_EXECUTE|[141]
15:09:39.0 (8380237)|STATEMENT_EXECUTE|[142]
15:09:39.0 (8406137)|HEAP_ALLOCATE|[142]|Bytes:4
15:09:39.0 (8562210)|VARIABLE_ASSIGNMENT|[EXTERNAL]|this|{"Initialselected":0,"timewraplistInitial":"0x4f51747a"}|0x74d531af
15:09:39.0 (8577477)|VARIABLE_ASSIGNMENT|[EXTERNAL]|value|{}|0x9bd324d
15:09:39.0 (8588307)|VARIABLE_ASSIGNMENT|[134]|this.Docdum|{}|0x74d531af
15:09:39.0 (8615102)|STATEMENT_EXECUTE|[143]
15:09:39.0 (8631839)|HEAP_ALLOCATE|[143]|Bytes:4
15:09:39.0 (8720227)|VARIABLE_ASSIGNMENT|[EXTERNAL]|this|{"Docdum":"0x9bd324d","Initialselected":0,"timewraplistInitial":"0x4f51747a"}|0x74d531af
15:09:39.0 (8732271)|VARIABLE_ASSIGNMENT|[EXTERNAL]|value|{}|0x58079591
15:09:39.0 (8741910)|VARIABLE_ASSIGNMENT|[135]|this.aptdum|{}|0x74d531af
15:09:39.9 (9818515)|SYSTEM_MODE_ENTER|true
15:09:39.9 (9847889)|HEAP_ALLOCATE|[EXTERNAL]|Bytes:38
15:09:39.9 (9854905)|HEAP_ALLOCATE|[EXTERNAL]|Bytes:7
15:09:39.9 (9861259)|SYSTEM_METHOD_ENTRY|[1]|PageMessagesComponentController.PageMessagesComponentController()
15:09:39.9 (9865567)|STATEMENT_EXECUTE|[1]
15:09:39.9 (9985905)|SYSTEM_MODE_ENTER|true
15:09:39.9 (10037914)|HEAP_ALLOCATE|[EXTERNAL]|Bytes:8
15:09:39.9 (10044697)|VARIABLE_SCOPE_BEGIN|[88]|this|ApexPage.PageMessagesComponentController|true|false
15:09:39.9 (10068417)|VARIABLE_ASSIGNMENT|[88]|this|{}|0x4100e97d
15:09:39.9 (10075091)|VARIABLE_SCOPE_BEGIN|[88]|escape|Boolean|false|false
15:09:39.9 (10082557)|VARIABLE_ASSIGNMENT|[88]|escape|null
15:09:39.10 (10223237)|SYSTEM_MODE_ENTER|true
15:09:39.10 (10257090)|HEAP_ALLOCATE|[EXTERNAL]|Bytes:8
15:09:39.10 (10263258)|VARIABLE_SCOPE_BEGIN|[2]|this|ApexPage.PageMessagesComponentController|true|false
15:09:39.10 (10282558)|VARIABLE_ASSIGNMENT|[2]|this|{}|0x4100e97d
15:09:39.0 (11030236)|SYSTEM_MODE_ENTER|true
15:09:39.0 (12073706)|SYSTEM_MODE_ENTER|true
15:09:39.0 (12673158)|SYSTEM_MODE_ENTER|true
15:09:39.27 (27483511)|SYSTEM_MODE_ENTER|true
15:09:39.27 (27542160)|HEAP_ALLOCATE|[EXTERNAL]|Bytes:8
15:09:39.27 (27550887)|VARIABLE_SCOPE_BEGIN|[88]|this|ApexPage.PageMessagesComponentController|true|false
15:09:39.27 (27575590)|VARIABLE_ASSIGNMENT|[88]|this|{}|0x4100e97d
15:09:39.27 (27582317)|VARIABLE_SCOPE_BEGIN|[88]|escape|Boolean|false|false
15:09:39.27 (27589501)|VARIABLE_ASSIGNMENT|[88]|escape|null
15:09:39.27 (27699434)|SYSTEM_MODE_ENTER|true
15:09:39.27 (27732257)|HEAP_ALLOCATE|[EXTERNAL]|Bytes:8
15:09:39.27 (27738710)|VARIABLE_SCOPE_BEGIN|[2]|this|ApexPage.PageMessagesComponentController|true|false
15:09:39.27 (27757312)|VARIABLE_ASSIGNMENT|[2]|this|{}|0x4100e97d
15:09:39.0 (29147230)|SYSTEM_MODE_ENTER|true
15:09:39.0 (29191014)|HEAP_ALLOCATE|[EXTERNAL]|Bytes:48
15:09:39.0 (29200561)|VARIABLE_SCOPE_BEGIN|[160]|this|docappcontroller|true|false
15:09:39.0 (29238259)|VARIABLE_ASSIGNMENT|[160]|this|{"aptdum":"0x58079591","Docdum":"0x9bd324d","Initialselected":0,"timewraplistInitial":"0x4f51747a"}|0x74d531af
15:09:39.0 (29249367)|STATEMENT_EXECUTE|[160]
15:09:39.0 (29251525)|STATEMENT_EXECUTE|[162]
15:09:39.0 (29265070)|HEAP_ALLOCATE|[162]|Bytes:4
15:09:39.0 (29296325)|VARIABLE_SCOPE_BEGIN|[162]|options|List<System.SelectOption>|true|false
15:09:39.0 (29324503)|HEAP_ALLOCATE|[EXTERNAL]|Bytes:4
15:09:39.0 (29336611)|VARIABLE_ASSIGNMENT|[162]|options|[]|0x2a00b60f
15:09:39.0 (29342400)|STATEMENT_EXECUTE|[163]
15:09:39.0 (29352000)|HEAP_ALLOCATE|[163]|Bytes:8
15:09:39.0 (29402670)|HEAP_ALLOCATE|[EXTERNAL]|Bytes:4
15:09:39.0 (29451682)|VARIABLE_ASSIGNMENT|[EXTERNAL]|this|{"aptdum":"0x58079591","Docdum":"0x9bd324d","Initialselected":0,"timewraplistInitial":"0x4f51747a"}|0x74d531af
15:09:39.0 (29465451)|STATEMENT_EXECUTE|[168]
15:09:39.0 (29467389)|STATEMENT_EXECUTE|[169]
15:09:39.0 (29470384)|HEAP_ALLOCATE|[169]|Bytes:23
15:09:39.0 (29493097)|METHOD_ENTRY|[169]|01p0H000007gCe8|docappcontroller.ShowError(String)
15:09:39.0 (29510362)|VARIABLE_SCOPE_BEGIN|[195]|this|docappcontroller|true|false
15:09:39.0 (29534551)|VARIABLE_ASSIGNMENT|[195]|this|{"aptdum":"0x58079591","Docdum":"0x9bd324d","Initialselected":0,"timewraplistInitial":"0x4f51747a"}|0x74d531af
15:09:39.0 (29541133)|VARIABLE_SCOPE_BEGIN|[195]|ErrorMsg|String|false|false
15:09:39.0 (29551404)|VARIABLE_ASSIGNMENT|[195]|ErrorMsg|"No Continents Data y (3 more) ..."
15:09:39.0 (29557017)|STATEMENT_EXECUTE|[195]
15:09:39.0 (29558641)|STATEMENT_EXECUTE|[197]
15:09:39.0 (29592584)|VARIABLE_SCOPE_BEGIN|[197]|m|ApexPages.Message|true|false
15:09:39.0 (29776305)|VARIABLE_ASSIGNMENT|[197]|m|"core.apexpages.framework.ApexPagesMessage@bcc07bcc"|0x74c22a6b
15:09:39.0 (29784839)|STATEMENT_EXECUTE|[198]
15:09:39.0 (29822295)|VF_PAGE_MESSAGE|No Continents Data yet.
15:09:39.0 (29833011)|METHOD_EXIT|[169]|01p0H000007gCe8|docappcontroller.ShowError(String)
15:09:39.0 (29838676)|STATEMENT_EXECUTE|[172]
15:09:39.0 (30011756)|SYSTEM_MODE_ENTER|true
15:09:39.0 (30855619)|SYSTEM_MODE_ENTER|true
15:09:39.0 (30895184)|HEAP_ALLOCATE|[EXTERNAL]|Bytes:48
15:09:39.0 (30905707)|VARIABLE_SCOPE_BEGIN|[177]|this|docappcontroller|true|false
15:09:39.0 (30938868)|VARIABLE_ASSIGNMENT|[177]|this|{"aptdum":"0x58079591","Docdum":"0x9bd324d","Initialselected":0,"timewraplistInitial":"0x4f51747a"}|0x74d531af
15:09:39.0 (30948700)|STATEMENT_EXECUTE|[177]
15:09:39.0 (30950722)|STATEMENT_EXECUTE|[179]
15:09:39.0 (30959995)|HEAP_ALLOCATE|[179]|Bytes:4
15:09:39.0 (30980397)|VARIABLE_SCOPE_BEGIN|[179]|options|List<System.SelectOption>|true|false
15:09:39.0 (31001637)|HEAP_ALLOCATE|[EXTERNAL]|Bytes:4
15:09:39.0 (31010768)|VARIABLE_ASSIGNMENT|[179]|options|[]|0x40e1aa7f
15:09:39.0 (31016610)|STATEMENT_EXECUTE|[180]
15:09:39.0 (31054857)|HEAP_ALLOCATE|[EXTERNAL]|Bytes:4
15:09:39.0 (31063478)|STATEMENT_EXECUTE|[183]
15:09:39.0 (31068285)|HEAP_ALLOCATE|[183]|Bytes:2
15:09:39.0 (31090230)|HEAP_ALLOCATE|[EXTERNAL]|Bytes:4
15:09:39.0 (31097304)|STATEMENT_EXECUTE|[184]
15:09:39.0 (31100572)|HEAP_ALLOCATE|[184]|Bytes:2
15:09:39.0 (31120220)|HEAP_ALLOCATE|[EXTERNAL]|Bytes:4
15:09:39.0 (31126328)|STATEMENT_EXECUTE|[189]
15:09:39.0 (31251375)|SYSTEM_MODE_ENTER|true
15:09:39.0 (33226579)|VF_SERIALIZE_VIEWSTATE_BEGIN|0660H000004OdRk
15:09:39.0 (53327378)|VF_SERIALIZE_VIEWSTATE_END
15:09:39.0 (55705660)|CODE_UNIT_STARTED|[EXTERNAL]|Generate Metadata
15:09:39.0 (56294505)|CODE_UNIT_FINISHED|Generate Metadata
15:09:39.58 (58144709)|CUMULATIVE_LIMIT_USAGE
15:09:39.58 (58144709)|LIMIT_USAGE_FOR_NS|(default)|
  Number of SOQL queries: 0 out of 100
  Number of query rows: 0 out of 50000
  Number of SOSL queries: 0 out of 20
  Number of DML statements: 0 out of 150
  Number of DML rows: 0 out of 10000
  Maximum CPU time: 0 out of 10000
  Maximum heap size: 0 out of 6000000
  Number of callouts: 0 out of 100
  Number of Email Invocations: 0 out of 10
  Number of future calls: 0 out of 50
  Number of queueable jobs added to the queue: 0 out of 50
  Number of Mobile Apex push calls: 0 out of 10

15:09:39.58 (58144709)|CUMULATIVE_LIMIT_USAGE_END

15:09:39.0 (58185269)|CODE_UNIT_FINISHED|VF: /apex/docapp
15:09:39.0 (58958098)|EXECUTION_FINISHED
