42.0 APEX_CODE,FINEST;APEX_PROFILING,INFO;CALLOUT,INFO;DB,INFO;SYSTEM,DEBUG;VALIDATION,INFO;VISUALFORCE,INFO;WAVE,INFO;WORKFLOW,INFO
16:00:13.0 (317309)|USER_INFO|[EXTERNAL]|005i0000002qYvT|anton@igate.com|India Standard Time|GMT+05:30
16:00:13.0 (354100)|EXECUTION_STARTED
16:00:13.0 (358104)|CODE_UNIT_STARTED|[EXTERNAL]|0660H000004OdRk|VF: /apex/docapp
16:00:13.0 (66926018)|SYSTEM_MODE_ENTER|true
16:00:13.0 (67412401)|HEAP_ALLOCATE|[72]|Bytes:3
16:00:13.0 (67455466)|HEAP_ALLOCATE|[77]|Bytes:152
16:00:13.0 (67466061)|HEAP_ALLOCATE|[342]|Bytes:408
16:00:13.0 (67476803)|HEAP_ALLOCATE|[355]|Bytes:408
16:00:13.0 (67487125)|HEAP_ALLOCATE|[467]|Bytes:48
16:00:13.0 (67536712)|HEAP_ALLOCATE|[139]|Bytes:6
16:00:13.0 (67551390)|HEAP_ALLOCATE|[EXTERNAL]|Bytes:14
16:00:13.0 (67569394)|HEAP_ALLOCATE|[EXTERNAL]|Bytes:248
16:00:13.0 (67573323)|HEAP_ALLOCATE|[EXTERNAL]|Bytes:53
16:00:13.0 (67577323)|HEAP_ALLOCATE|[EXTERNAL]|Bytes:20
16:00:13.0 (67606688)|METHOD_ENTRY|[1]|01p0H000007gCe8|docappcontroller.docappcontroller()
16:00:13.0 (67614656)|STATEMENT_EXECUTE|[1]
16:00:13.0 (67618532)|STATEMENT_EXECUTE|[1]
16:00:13.0 (67620138)|STATEMENT_EXECUTE|[205]
16:00:13.0 (67637795)|METHOD_EXIT|[1]|docappcontroller
16:00:13.0 (67874915)|HEAP_ALLOCATE|[EXTERNAL]|Bytes:48
16:00:13.0 (67907911)|VARIABLE_SCOPE_BEGIN|[145]|this|docappcontroller|true|false
16:00:13.0 (67984212)|VARIABLE_ASSIGNMENT|[145]|this|{}|0x4913a9e6
16:00:13.0 (67994580)|STATEMENT_EXECUTE|[1]
16:00:13.0 (67996574)|STATEMENT_EXECUTE|[3]
16:00:13.0 (67998347)|STATEMENT_EXECUTE|[4]
16:00:13.0 (68000251)|STATEMENT_EXECUTE|[5]
16:00:13.0 (68047513)|HEAP_ALLOCATE|[5]|Bytes:4
16:00:13.0 (68196994)|HEAP_ALLOCATE|[EXTERNAL]|Bytes:4
16:00:13.0 (68212308)|VARIABLE_ASSIGNMENT|[5]|this.timewraplistInitial|[]|0x4913a9e6
16:00:13.0 (68218792)|STATEMENT_EXECUTE|[6]
16:00:13.0 (68224162)|HEAP_ALLOCATE|[6]|Bytes:4
16:00:13.0 (68233341)|VARIABLE_ASSIGNMENT|[6]|this.Initialselected|0|0x4913a9e6
16:00:13.0 (68238368)|STATEMENT_EXECUTE|[7]
16:00:13.0 (68239892)|STATEMENT_EXECUTE|[138]
16:00:13.0 (68241517)|STATEMENT_EXECUTE|[139]
16:00:13.0 (68242980)|STATEMENT_EXECUTE|[140]
16:00:13.0 (68244434)|STATEMENT_EXECUTE|[141]
16:00:13.0 (68246171)|STATEMENT_EXECUTE|[142]
16:00:13.0 (68247658)|STATEMENT_EXECUTE|[143]
16:00:13.0 (68254411)|HEAP_ALLOCATE|[6]|Bytes:6
16:00:13.0 (68311631)|STATEMENT_EXECUTE|[145]
16:00:13.0 (68313752)|STATEMENT_EXECUTE|[146]
16:00:13.0 (68335264)|HEAP_ALLOCATE|[146]|Bytes:4
16:00:13.0 (68505696)|VARIABLE_ASSIGNMENT|[EXTERNAL]|this|{"Initialselected":0,"timewraplistInitial":"0x6fd32e46"}|0x4913a9e6
16:00:13.0 (68526456)|VARIABLE_ASSIGNMENT|[EXTERNAL]|value|{}|0x7259512e
16:00:13.0 (68536888)|VARIABLE_ASSIGNMENT|[138]|this.Docdum|{}|0x4913a9e6
16:00:13.0 (68565233)|STATEMENT_EXECUTE|[147]
16:00:13.0 (68583298)|HEAP_ALLOCATE|[147]|Bytes:4
16:00:13.0 (68676646)|VARIABLE_ASSIGNMENT|[EXTERNAL]|this|{"Docdum":"0x7259512e","Initialselected":0,"timewraplistInitial":"0x6fd32e46"}|0x4913a9e6
16:00:13.0 (68689185)|VARIABLE_ASSIGNMENT|[EXTERNAL]|value|{}|0x4be25aa4
16:00:13.0 (68698926)|VARIABLE_ASSIGNMENT|[139]|this.aptdum|{}|0x4913a9e6
16:00:13.69 (69981016)|SYSTEM_MODE_ENTER|true
16:00:13.69 (70012499)|HEAP_ALLOCATE|[EXTERNAL]|Bytes:38
16:00:13.69 (70020051)|HEAP_ALLOCATE|[EXTERNAL]|Bytes:7
16:00:13.69 (70028920)|SYSTEM_METHOD_ENTRY|[1]|PageMessagesComponentController.PageMessagesComponentController()
16:00:13.69 (70033446)|STATEMENT_EXECUTE|[1]
16:00:13.70 (70160944)|SYSTEM_MODE_ENTER|true
16:00:13.70 (70213395)|HEAP_ALLOCATE|[EXTERNAL]|Bytes:8
16:00:13.70 (70220614)|VARIABLE_SCOPE_BEGIN|[88]|this|ApexPage.PageMessagesComponentController|true|false
16:00:13.70 (70258077)|VARIABLE_ASSIGNMENT|[88]|this|{}|0x14df4019
16:00:13.70 (70265036)|VARIABLE_SCOPE_BEGIN|[88]|escape|Boolean|false|false
16:00:13.70 (70272705)|VARIABLE_ASSIGNMENT|[88]|escape|null
16:00:13.70 (70438314)|SYSTEM_MODE_ENTER|true
16:00:13.70 (70472169)|HEAP_ALLOCATE|[EXTERNAL]|Bytes:8
16:00:13.70 (70478864)|VARIABLE_SCOPE_BEGIN|[2]|this|ApexPage.PageMessagesComponentController|true|false
16:00:13.70 (70497357)|VARIABLE_ASSIGNMENT|[2]|this|{}|0x14df4019
16:00:13.0 (71237601)|SYSTEM_MODE_ENTER|true
16:00:13.0 (73652850)|SYSTEM_MODE_ENTER|true
16:00:13.0 (75239066)|SYSTEM_MODE_ENTER|true
16:00:13.100 (100994402)|SYSTEM_MODE_ENTER|true
16:00:13.100 (101070602)|HEAP_ALLOCATE|[EXTERNAL]|Bytes:8
16:00:13.100 (101083702)|VARIABLE_SCOPE_BEGIN|[88]|this|ApexPage.PageMessagesComponentController|true|false
16:00:13.100 (101115434)|VARIABLE_ASSIGNMENT|[88]|this|{}|0x14df4019
16:00:13.100 (101121591)|VARIABLE_SCOPE_BEGIN|[88]|escape|Boolean|false|false
16:00:13.100 (101130294)|VARIABLE_ASSIGNMENT|[88]|escape|null
16:00:13.101 (101256521)|SYSTEM_MODE_ENTER|true
16:00:13.101 (101293378)|HEAP_ALLOCATE|[EXTERNAL]|Bytes:8
16:00:13.101 (101300571)|VARIABLE_SCOPE_BEGIN|[2]|this|ApexPage.PageMessagesComponentController|true|false
16:00:13.101 (101318352)|VARIABLE_ASSIGNMENT|[2]|this|{}|0x14df4019
16:00:13.0 (102771096)|SYSTEM_MODE_ENTER|true
16:00:13.0 (102815054)|HEAP_ALLOCATE|[EXTERNAL]|Bytes:48
16:00:13.0 (102906784)|VARIABLE_SCOPE_BEGIN|[164]|this|docappcontroller|true|false
16:00:13.0 (102949833)|VARIABLE_ASSIGNMENT|[164]|this|{"aptdum":"0x4be25aa4","Docdum":"0x7259512e","Initialselected":0,"timewraplistInitial":"0x6fd32e46"}|0x4913a9e6
16:00:13.0 (102960509)|STATEMENT_EXECUTE|[164]
16:00:13.0 (102962752)|STATEMENT_EXECUTE|[166]
16:00:13.0 (102975332)|HEAP_ALLOCATE|[166]|Bytes:4
16:00:13.0 (103004622)|VARIABLE_SCOPE_BEGIN|[166]|options|List<System.SelectOption>|true|false
16:00:13.0 (103025914)|HEAP_ALLOCATE|[EXTERNAL]|Bytes:4
16:00:13.0 (103036893)|VARIABLE_ASSIGNMENT|[166]|options|[]|0x48b6c744
16:00:13.0 (103042267)|STATEMENT_EXECUTE|[167]
16:00:13.0 (103049641)|HEAP_ALLOCATE|[167]|Bytes:8
16:00:13.0 (103105770)|HEAP_ALLOCATE|[EXTERNAL]|Bytes:4
16:00:13.0 (103158553)|VARIABLE_ASSIGNMENT|[EXTERNAL]|this|{"aptdum":"0x4be25aa4","Docdum":"0x7259512e","Initialselected":0,"timewraplistInitial":"0x6fd32e46"}|0x4913a9e6
16:00:13.0 (103171927)|STATEMENT_EXECUTE|[172]
16:00:13.0 (103173885)|STATEMENT_EXECUTE|[173]
16:00:13.0 (103176875)|HEAP_ALLOCATE|[173]|Bytes:23
16:00:13.0 (103199378)|METHOD_ENTRY|[173]|01p0H000007gCe8|docappcontroller.ShowError(String)
16:00:13.0 (103233541)|VARIABLE_SCOPE_BEGIN|[199]|this|docappcontroller|true|false
16:00:13.0 (103259384)|VARIABLE_ASSIGNMENT|[199]|this|{"aptdum":"0x4be25aa4","Docdum":"0x7259512e","Initialselected":0,"timewraplistInitial":"0x6fd32e46"}|0x4913a9e6
16:00:13.0 (103266513)|VARIABLE_SCOPE_BEGIN|[199]|ErrorMsg|String|false|false
16:00:13.0 (103276593)|VARIABLE_ASSIGNMENT|[199]|ErrorMsg|"No Continents Data y (3 more) ..."
16:00:13.0 (103282474)|STATEMENT_EXECUTE|[199]
16:00:13.0 (103284183)|STATEMENT_EXECUTE|[201]
16:00:13.0 (103318192)|VARIABLE_SCOPE_BEGIN|[201]|m|ApexPages.Message|true|false
16:00:13.0 (103572722)|VARIABLE_ASSIGNMENT|[201]|m|"core.apexpages.framework.ApexPagesMessage@cf1ebcf9"|0x41ef98e9
16:00:13.0 (103580306)|STATEMENT_EXECUTE|[202]
16:00:13.0 (103735075)|VF_PAGE_MESSAGE|No Continents Data yet.
16:00:13.0 (103747396)|METHOD_EXIT|[173]|01p0H000007gCe8|docappcontroller.ShowError(String)
16:00:13.0 (103752599)|STATEMENT_EXECUTE|[176]
16:00:13.0 (104346173)|SYSTEM_MODE_ENTER|true
16:00:13.0 (105218761)|SYSTEM_MODE_ENTER|true
16:00:13.0 (105261094)|HEAP_ALLOCATE|[EXTERNAL]|Bytes:48
16:00:13.0 (105293645)|VARIABLE_SCOPE_BEGIN|[181]|this|docappcontroller|true|false
16:00:13.0 (105327905)|VARIABLE_ASSIGNMENT|[181]|this|{"aptdum":"0x4be25aa4","Docdum":"0x7259512e","Initialselected":0,"timewraplistInitial":"0x6fd32e46"}|0x4913a9e6
16:00:13.0 (105337366)|STATEMENT_EXECUTE|[181]
16:00:13.0 (105339478)|STATEMENT_EXECUTE|[183]
16:00:13.0 (105348551)|HEAP_ALLOCATE|[183]|Bytes:4
16:00:13.0 (105374814)|VARIABLE_SCOPE_BEGIN|[183]|options|List<System.SelectOption>|true|false
16:00:13.0 (105395761)|HEAP_ALLOCATE|[EXTERNAL]|Bytes:4
16:00:13.0 (105404430)|VARIABLE_ASSIGNMENT|[183]|options|[]|0x4e8f1e4
16:00:13.0 (105409511)|STATEMENT_EXECUTE|[184]
16:00:13.0 (105449008)|HEAP_ALLOCATE|[EXTERNAL]|Bytes:4
16:00:13.0 (105457810)|STATEMENT_EXECUTE|[187]
16:00:13.0 (105462531)|HEAP_ALLOCATE|[187]|Bytes:2
16:00:13.0 (105487075)|HEAP_ALLOCATE|[EXTERNAL]|Bytes:4
16:00:13.0 (105494034)|STATEMENT_EXECUTE|[188]
16:00:13.0 (105497291)|HEAP_ALLOCATE|[188]|Bytes:2
16:00:13.0 (105517887)|HEAP_ALLOCATE|[EXTERNAL]|Bytes:4
16:00:13.0 (105523968)|STATEMENT_EXECUTE|[193]
16:00:13.0 (105656440)|SYSTEM_MODE_ENTER|true
16:00:13.0 (107666446)|VF_SERIALIZE_VIEWSTATE_BEGIN|0660H000004OdRk
16:00:13.0 (130985542)|VF_SERIALIZE_VIEWSTATE_END
16:00:13.0 (133703391)|CODE_UNIT_STARTED|[EXTERNAL]|Generate Metadata
16:00:13.0 (134718195)|CODE_UNIT_FINISHED|Generate Metadata
16:00:13.136 (136610868)|CUMULATIVE_LIMIT_USAGE
16:00:13.136 (136610868)|LIMIT_USAGE_FOR_NS|(default)|
  Number of SOQL queries: 0 out of 100
  Number of query rows: 0 out of 50000
  Number of SOSL queries: 0 out of 20
  Number of DML statements: 0 out of 150
  Number of DML rows: 0 out of 10000
  Maximum CPU time: 0 out of 10000
  Maximum heap size: 0 out of 6000000
  Number of callouts: 0 out of 100
  Number of Email Invocations: 0 out of 10
  Number of future calls: 0 out of 50
  Number of queueable jobs added to the queue: 0 out of 50
  Number of Mobile Apex push calls: 0 out of 10

16:00:13.136 (136610868)|CUMULATIVE_LIMIT_USAGE_END

16:00:13.0 (136654325)|CODE_UNIT_FINISHED|VF: /apex/docapp
16:00:13.0 (137391088)|EXECUTION_FINISHED
