42.0 APEX_CODE,FINEST;APEX_PROFILING,INFO;CALLOUT,INFO;DB,INFO;SYSTEM,DEBUG;VALIDATION,INFO;VISUALFORCE,INFO;WAVE,INFO;WORKFLOW,INFO
13:34:37.0 (68645)|USER_INFO|[EXTERNAL]|005i0000002qYvT|anton@igate.com|India Standard Time|GMT+05:30
13:34:37.0 (206548)|EXECUTION_STARTED
13:34:37.0 (211215)|CODE_UNIT_STARTED|[EXTERNAL]|0660H000004OdRk|VF: /apex/docapp
13:34:37.0 (1323017)|VF_DESERIALIZE_VIEWSTATE_BEGIN|0660H000004OdRk
13:34:37.0 (6409386)|HEAP_ALLOCATE|[72]|Bytes:3
13:34:37.0 (6470179)|HEAP_ALLOCATE|[77]|Bytes:152
13:34:37.0 (6482987)|HEAP_ALLOCATE|[342]|Bytes:408
13:34:37.0 (6494477)|HEAP_ALLOCATE|[355]|Bytes:408
13:34:37.0 (6504979)|HEAP_ALLOCATE|[467]|Bytes:48
13:34:37.0 (6558958)|HEAP_ALLOCATE|[139]|Bytes:6
13:34:37.0 (9810133)|VF_DESERIALIZE_VIEWSTATE_END
13:34:37.11 (11210843)|SYSTEM_MODE_ENTER|true
13:34:37.11 (11386509)|HEAP_ALLOCATE|[EXTERNAL]|Bytes:38
13:34:37.11 (11403896)|HEAP_ALLOCATE|[EXTERNAL]|Bytes:7
13:34:37.11 (11422921)|SYSTEM_METHOD_ENTRY|[1]|PageMessagesComponentController.PageMessagesComponentController()
13:34:37.11 (11428818)|STATEMENT_EXECUTE|[1]
13:34:37.12 (12364298)|SYSTEM_MODE_ENTER|true
13:34:37.12 (12418954)|HEAP_ALLOCATE|[EXTERNAL]|Bytes:8
13:34:37.12 (12427917)|VARIABLE_SCOPE_BEGIN|[88]|this|ApexPage.PageMessagesComponentController|true|false
13:34:37.12 (12478524)|VARIABLE_ASSIGNMENT|[88]|this|{}|0x36ab56ad
13:34:37.12 (12485800)|VARIABLE_SCOPE_BEGIN|[88]|escape|Boolean|false|false
13:34:37.12 (12495046)|VARIABLE_ASSIGNMENT|[88]|escape|null
13:34:37.0 (12724719)|SYSTEM_MODE_ENTER|true
13:34:37.0 (12755629)|HEAP_ALLOCATE|[EXTERNAL]|Bytes:14
13:34:37.0 (12764211)|HEAP_ALLOCATE|[EXTERNAL]|Bytes:248
13:34:37.0 (12768917)|HEAP_ALLOCATE|[EXTERNAL]|Bytes:53
13:34:37.0 (12772879)|HEAP_ALLOCATE|[EXTERNAL]|Bytes:13
13:34:37.0 (12779729)|METHOD_ENTRY|[1]|01p0H000007gCe8|docappcontroller.docappcontroller()
13:34:37.0 (12785262)|STATEMENT_EXECUTE|[1]
13:34:37.0 (12789576)|STATEMENT_EXECUTE|[1]
13:34:37.0 (12791935)|STATEMENT_EXECUTE|[174]
13:34:37.0 (12796238)|METHOD_EXIT|[1]|docappcontroller
13:34:37.0 (17392776)|SYSTEM_MODE_ENTER|true
13:34:37.0 (19768414)|SYSTEM_MODE_ENTER|true
13:34:37.0 (21119906)|SYSTEM_MODE_ENTER|true
13:34:37.0 (21364531)|HEAP_ALLOCATE|[EXTERNAL]|Bytes:44
13:34:37.0 (21375543)|VARIABLE_SCOPE_BEGIN|[133]|this|docappcontroller|true|false
13:34:37.0 (21438016)|VARIABLE_ASSIGNMENT|[133]|this|{"aptdum":"0x22ad1fa9","Docdum":"0x656cfcbc","Docmap":"0x387acdbe","Initialselected":0,"timewraplistInitial":"0x2a8046a7"}|0x426a0d82
13:34:37.0 (21449885)|STATEMENT_EXECUTE|[133]
13:34:37.0 (21452576)|STATEMENT_EXECUTE|[135]
13:34:37.0 (21469763)|HEAP_ALLOCATE|[135]|Bytes:4
13:34:37.0 (21502512)|VARIABLE_SCOPE_BEGIN|[135]|options|List<System.SelectOption>|true|false
13:34:37.0 (21525743)|HEAP_ALLOCATE|[EXTERNAL]|Bytes:4
13:34:37.0 (21537440)|VARIABLE_ASSIGNMENT|[135]|options|[]|0x601a4409
13:34:37.0 (21543310)|STATEMENT_EXECUTE|[136]
13:34:37.0 (21549992)|HEAP_ALLOCATE|[136]|Bytes:8
13:34:37.0 (21600815)|HEAP_ALLOCATE|[EXTERNAL]|Bytes:4
13:34:37.0 (21653450)|VARIABLE_ASSIGNMENT|[EXTERNAL]|this|{"aptdum":"0x22ad1fa9","Docdum":"0x656cfcbc","Docmap":"0x387acdbe","Initialselected":0,"timewraplistInitial":"0x2a8046a7"}|0x426a0d82
13:34:37.0 (21667562)|STATEMENT_EXECUTE|[137]
13:34:37.0 (21696905)|VARIABLE_ASSIGNMENT|[EXTERNAL]|this|{"aptdum":"0x22ad1fa9","Docdum":"0x656cfcbc","Docmap":"0x387acdbe","Initialselected":0,"timewraplistInitial":"0x2a8046a7"}|0x426a0d82
13:34:37.0 (21730586)|HEAP_ALLOCATE|[EXTERNAL]|Bytes:12
13:34:37.0 (21746434)|HEAP_ALLOCATE|[138]|Bytes:237
13:34:37.0 (21871895)|HEAP_ALLOCATE|[138]|Bytes:5
13:34:37.0 (21920236)|HEAP_ALLOCATE|[138]|Bytes:24
13:34:37.0 (21931032)|VARIABLE_SCOPE_BEGIN|[138]|doc|Doctor__c|true|false
13:34:37.0 (22022605)|VARIABLE_ASSIGNMENT|[138]|doc|{"Id":"a260H000001koYjQAI","Name":"doc 2","End_Time__c":68400000,"Speciality__c":"General Surgery","Start_Time__c":43200000}|0x7aede05c
13:34:37.0 (22030830)|STATEMENT_EXECUTE|[138]
13:34:37.0 (22032592)|STATEMENT_EXECUTE|[139]
13:34:37.0 (22075563)|HEAP_ALLOCATE|[139]|Bytes:18
13:34:37.0 (22129830)|HEAP_ALLOCATE|[EXTERNAL]|Bytes:4
13:34:37.0 (22150962)|HEAP_ALLOCATE|[138]|Bytes:5
13:34:37.0 (22171295)|HEAP_ALLOCATE|[138]|Bytes:24
13:34:37.0 (22179475)|VARIABLE_SCOPE_BEGIN|[138]|doc|Doctor__c|true|false
13:34:37.0 (22196816)|VARIABLE_ASSIGNMENT|[138]|doc|{"Id":"a260H000001koYeQAI","Name":"Doc1","End_Time__c":64800000,"Speciality__c":"General Surgery","Start_Time__c":32400000}|0x3195efd9
13:34:37.0 (22206605)|STATEMENT_EXECUTE|[138]
13:34:37.0 (22208539)|STATEMENT_EXECUTE|[139]
13:34:37.0 (22218691)|HEAP_ALLOCATE|[139]|Bytes:18
13:34:37.0 (22233921)|HEAP_ALLOCATE|[EXTERNAL]|Bytes:4
13:34:37.0 (22245609)|HEAP_ALLOCATE|[138]|Bytes:5
13:34:37.0 (22256335)|VARIABLE_ASSIGNMENT|[138]|doc|null|
13:34:37.0 (22261477)|STATEMENT_EXECUTE|[145]
13:34:37.0 (22356563)|SYSTEM_MODE_ENTER|true
13:34:37.0 (22722070)|SYSTEM_MODE_ENTER|true
13:34:37.0 (22764200)|HEAP_ALLOCATE|[EXTERNAL]|Bytes:44
13:34:37.0 (22773456)|VARIABLE_SCOPE_BEGIN|[150]|this|docappcontroller|true|false
13:34:37.0 (22809448)|VARIABLE_ASSIGNMENT|[150]|this|{"aptdum":"0x22ad1fa9","Docdum":"0x656cfcbc","Docmap":"0x387acdbe","Initialselected":0,"timewraplistInitial":"0x2a8046a7"}|0x426a0d82
13:34:37.0 (22819824)|STATEMENT_EXECUTE|[150]
13:34:37.0 (22821801)|STATEMENT_EXECUTE|[152]
13:34:37.0 (22832010)|HEAP_ALLOCATE|[152]|Bytes:4
13:34:37.0 (22855365)|VARIABLE_SCOPE_BEGIN|[152]|options|List<System.SelectOption>|true|false
13:34:37.0 (22876579)|HEAP_ALLOCATE|[EXTERNAL]|Bytes:4
13:34:37.0 (22884804)|VARIABLE_ASSIGNMENT|[152]|options|[]|0x42fa8896
13:34:37.0 (22891264)|STATEMENT_EXECUTE|[153]
13:34:37.0 (22931649)|HEAP_ALLOCATE|[EXTERNAL]|Bytes:4
13:34:37.0 (22940130)|STATEMENT_EXECUTE|[156]
13:34:37.0 (22945138)|HEAP_ALLOCATE|[156]|Bytes:2
13:34:37.0 (22970531)|HEAP_ALLOCATE|[EXTERNAL]|Bytes:4
13:34:37.0 (22977604)|STATEMENT_EXECUTE|[157]
13:34:37.0 (22981553)|HEAP_ALLOCATE|[157]|Bytes:2
13:34:37.0 (23002462)|HEAP_ALLOCATE|[EXTERNAL]|Bytes:4
13:34:37.0 (23009587)|STATEMENT_EXECUTE|[162]
13:34:37.0 (23081259)|SYSTEM_MODE_ENTER|true
13:34:37.23 (23680667)|SYSTEM_MODE_ENTER|true
13:34:37.23 (23732165)|HEAP_ALLOCATE|[EXTERNAL]|Bytes:8
13:34:37.23 (23740644)|VARIABLE_SCOPE_BEGIN|[88]|this|ApexPage.PageMessagesComponentController|true|false
13:34:37.23 (23763828)|VARIABLE_ASSIGNMENT|[88]|this|{}|0x36ab56ad
13:34:37.23 (23770522)|VARIABLE_SCOPE_BEGIN|[88]|escape|Boolean|false|false
13:34:37.23 (23778146)|VARIABLE_ASSIGNMENT|[88]|escape|null
13:34:37.0 (24109047)|SYSTEM_MODE_ENTER|true
13:34:37.0 (24142854)|HEAP_ALLOCATE|[EXTERNAL]|Bytes:18
13:34:37.0 (24148840)|HEAP_ALLOCATE|[EXTERNAL]|Bytes:44
13:34:37.0 (24167744)|VARIABLE_ASSIGNMENT|[EXTERNAL]|this.Selecteddoc|"a260H000001koYjQAI"|0x426a0d82
13:34:37.0 (24220379)|SYSTEM_MODE_ENTER|true
13:34:37.0 (24380092)|SYSTEM_MODE_ENTER|true
13:34:37.0 (24423287)|SYSTEM_MODE_ENTER|true
13:34:37.0 (24440301)|HEAP_ALLOCATE|[EXTERNAL]|Bytes:8
13:34:37.0 (24445653)|HEAP_ALLOCATE|[EXTERNAL]|Bytes:44
13:34:37.0 (24454167)|VARIABLE_ASSIGNMENT|[EXTERNAL]|this.SelectedtimeSlot|30|0x426a0d82
13:34:37.0 (24491386)|SYSTEM_MODE_ENTER|true
13:34:37.0 (24727406)|HEAP_ALLOCATE|[EXTERNAL]|Bytes:44
13:34:37.0 (24737761)|VARIABLE_SCOPE_BEGIN|[31]|this|docappcontroller|true|false
13:34:37.0 (24777355)|VARIABLE_ASSIGNMENT|[31]|this|{"aptdum":"0x22ad1fa9","Docdum":"0x656cfcbc","Docmap":"0x387acdbe","Initialselected":0,"Selecteddoc":"a260H000001koYjQAI","SelectedtimeSlot":30,"timewraplistInitial":"0x2a8046a7"}|0x426a0d82
13:34:37.0 (24788751)|STATEMENT_EXECUTE|[31]
13:34:37.0 (24790954)|STATEMENT_EXECUTE|[32]
13:34:37.0 (24814878)|VARIABLE_SCOPE_BEGIN|[32]|timeset|Set<Time>|true|false
13:34:37.0 (24825802)|VARIABLE_ASSIGNMENT|[32]|timeset|null|
13:34:37.0 (24830299)|STATEMENT_EXECUTE|[33]
13:34:37.0 (24875420)|VARIABLE_ASSIGNMENT|[EXTERNAL]|this|{"aptdum":"0x22ad1fa9","Docdum":"0x656cfcbc","Docmap":"0x387acdbe","Initialselected":0,"Selecteddoc":"a260H000001koYjQAI","SelectedtimeSlot":30,"timewraplistInitial":"0x2a8046a7"}|0x426a0d82
13:34:37.0 (24906170)|USER_DEBUG|[33]|DEBUG|a260H000001koYjQAI
13:34:37.0 (24944821)|VARIABLE_ASSIGNMENT|[EXTERNAL]|this|{"aptdum":"0x22ad1fa9","Docdum":"0x656cfcbc","Docmap":"0x387acdbe","Initialselected":0,"Selecteddoc":"a260H000001koYjQAI","SelectedtimeSlot":30,"timewraplistInitial":"0x2a8046a7"}|0x426a0d82
13:34:37.0 (24977637)|VARIABLE_ASSIGNMENT|[EXTERNAL]|this|{"aptdum":"0x22ad1fa9","Docdum":"0x656cfcbc","Docmap":"0x387acdbe","Initialselected":0,"Selecteddoc":"a260H000001koYjQAI","SelectedtimeSlot":30,"timewraplistInitial":"0x2a8046a7"}|0x426a0d82
13:34:37.0 (25009278)|STATEMENT_EXECUTE|[36]
13:34:37.0 (25012127)|STATEMENT_EXECUTE|[37]
13:34:37.0 (25042837)|VARIABLE_ASSIGNMENT|[EXTERNAL]|this|{"aptdum":"0x22ad1fa9","Docdum":"0x656cfcbc","Docmap":"0x387acdbe","Initialselected":0,"Selecteddoc":"a260H000001koYjQAI","SelectedtimeSlot":30,"timewraplistInitial":"0x2a8046a7"}|0x426a0d82
13:34:37.0 (25072614)|VARIABLE_ASSIGNMENT|[EXTERNAL]|this|{"aptdum":"0x22ad1fa9","Docdum":"0x656cfcbc","Docmap":"0x387acdbe","Initialselected":0,"Selecteddoc":"a260H000001koYjQAI","SelectedtimeSlot":30,"timewraplistInitial":"0x2a8046a7"}|0x426a0d82
13:34:37.0 (25096977)|VARIABLE_SCOPE_BEGIN|[37]|d|Doctor__c|true|false
13:34:37.0 (25114545)|VARIABLE_ASSIGNMENT|[37]|d|{"Id":"a260H000001koYjQAI","Name":"doc 2","End_Time__c":68400000,"Speciality__c":"General Surgery","Start_Time__c":43200000}|0x7aede05c
13:34:37.0 (25120361)|STATEMENT_EXECUTE|[38]
13:34:37.0 (25163161)|HEAP_ALLOCATE|[38]|Bytes:4
13:34:37.0 (25205027)|HEAP_ALLOCATE|[38]|Bytes:150
13:34:37.0 (25221523)|HEAP_ALLOCATE|[38]|Bytes:4
13:34:37.0 (25231422)|HEAP_ALLOCATE|[38]|Bytes:7
13:34:37.0 (25264941)|VARIABLE_ASSIGNMENT|[EXTERNAL]|this|{"aptdum":"0x22ad1fa9","Docdum":"0x656cfcbc","Docmap":"0x387acdbe","Initialselected":0,"Selecteddoc":"a260H000001koYjQAI","SelectedtimeSlot":30,"timewraplistInitial":"0x2a8046a7"}|0x426a0d82
13:34:37.0 (25283635)|HEAP_ALLOCATE|[38]|Bytes:7
13:34:37.0 (25312992)|VARIABLE_ASSIGNMENT|[EXTERNAL]|this|{"aptdum":"0x22ad1fa9","Docdum":"0x656cfcbc","Docmap":"0x387acdbe","Initialselected":0,"Selecteddoc":"a260H000001koYjQAI","SelectedtimeSlot":30,"timewraplistInitial":"0x2a8046a7"}|0x426a0d82
13:34:37.0 (25672512)|SOQL_EXECUTE_BEGIN|[38]|Aggregations:0|SELECT Id, Name, Doctor__c, Patient__c, End_Time__c, Start_Time__c FROM Appointment__c WHERE (Doctor__c = :tmpVar1 AND Appointment_Date__c = :tmpVar2)
13:34:37.0 (35446416)|SOQL_EXECUTE_END|[38]|Rows:1
13:34:37.0 (35469919)|HEAP_ALLOCATE|[38]|Bytes:8
13:34:37.0 (35485901)|HEAP_ALLOCATE|[38]|Bytes:147
13:34:37.0 (35519287)|HEAP_ALLOCATE|[38]|Bytes:8
13:34:37.0 (35548809)|HEAP_ALLOCATE|[38]|Bytes:28
13:34:37.0 (35554374)|HEAP_ALLOCATE|[38]|Bytes:28
13:34:37.0 (35557932)|HEAP_ALLOCATE|[38]|Bytes:4
13:34:37.0 (35566940)|VARIABLE_SCOPE_BEGIN|[38]|aptlist|List<Appointment__c>|true|false
13:34:37.0 (35577152)|HEAP_ALLOCATE|[EXTERNAL]|Bytes:8
13:34:37.0 (35598718)|VARIABLE_ASSIGNMENT|[38]|aptlist|[{"Id":"a250H00000HaxnFQAR","Name":"A-00000","Doctor__c":"a260H000001koYjQAI","Patient__c":"a270H000006vXivQAE","End_Time__c":61200000,"Start_Time__c":54000000}]|0x5d537793
13:34:37.0 (35607678)|STATEMENT_EXECUTE|[39]
13:34:37.0 (35631191)|HEAP_ALLOCATE|[39]|Bytes:4
13:34:37.0 (35694106)|VARIABLE_ASSIGNMENT|[39]|timeset|[]|0x26536849
13:34:37.0 (35784118)|HEAP_ALLOCATE|[40]|Bytes:5
13:34:37.0 (35798895)|HEAP_ALLOCATE|[40]|Bytes:28
13:34:37.0 (35807845)|VARIABLE_SCOPE_BEGIN|[40]|apt|Appointment__c|true|false
13:34:37.0 (35827494)|VARIABLE_ASSIGNMENT|[40]|apt|{"Id":"a250H00000HaxnFQAR","Name":"A-00000","Doctor__c":"a260H000001koYjQAI","Patient__c":"a270H000006vXivQAE","End_Time__c":61200000,"Start_Time__c":54000000}|0x5f76b152
13:34:37.0 (35835113)|STATEMENT_EXECUTE|[40]
13:34:37.0 (35837029)|STATEMENT_EXECUTE|[42]
13:34:37.0 (35870961)|VARIABLE_SCOPE_BEGIN|[42]|t|Time|false|false
13:34:37.0 (35885200)|VARIABLE_ASSIGNMENT|[42]|t|54000000
13:34:37.0 (35890239)|STATEMENT_EXECUTE|[43]
13:34:37.0 (35959472)|VARIABLE_SCOPE_BEGIN|[43]|i|Integer|false|false
13:34:37.0 (35968362)|HEAP_ALLOCATE|[43]|Bytes:4
13:34:37.0 (35977078)|VARIABLE_ASSIGNMENT|[43]|i|2
13:34:37.0 (35981472)|STATEMENT_EXECUTE|[44]
13:34:37.0 (36011684)|HEAP_ALLOCATE|[44]|Bytes:28
13:34:37.0 (36017655)|HEAP_ALLOCATE|[44]|Bytes:28
13:34:37.0 (36022355)|VARIABLE_SCOPE_BEGIN|[44]|i1|Decimal|false|false
13:34:37.0 (36034692)|VARIABLE_ASSIGNMENT|[44]|i1|0
13:34:37.0 (36039157)|STATEMENT_EXECUTE|[45]
13:34:37.0 (36065257)|HEAP_ALLOCATE|[EXTERNAL]|Bytes:4
13:34:37.0 (36084499)|STATEMENT_EXECUTE|[46]
13:34:37.0 (36086559)|STATEMENT_EXECUTE|[47]
13:34:37.0 (36113138)|USER_DEBUG|[47]|DEBUG|15:00:00.000Z
13:34:37.0 (36121423)|STATEMENT_EXECUTE|[48]
13:34:37.0 (36161363)|HEAP_ALLOCATE|[48]|Bytes:4
13:34:37.0 (36179859)|VARIABLE_ASSIGNMENT|[48]|t|55800000
13:34:37.0 (36184926)|STATEMENT_EXECUTE|[49]
13:34:37.0 (36187918)|HEAP_ALLOCATE|[49]|Bytes:3
13:34:37.0 (36202067)|HEAP_ALLOCATE|[49]|Bytes:28
13:34:37.0 (36239570)|HEAP_ALLOCATE|[49]|Bytes:28
13:34:37.0 (36256466)|VARIABLE_ASSIGNMENT|[49]|i1|0.5
13:34:37.0 (36261290)|STATEMENT_EXECUTE|[50]
13:34:37.0 (36278035)|HEAP_ALLOCATE|[EXTERNAL]|Bytes:4
13:34:37.0 (36291801)|HEAP_ALLOCATE|[51]|Bytes:28
13:34:37.0 (36295799)|HEAP_ALLOCATE|[51]|Bytes:28
13:34:37.0 (36301606)|HEAP_ALLOCATE|[51]|Bytes:28
13:34:37.0 (36325206)|HEAP_ALLOCATE|[51]|Bytes:28
13:34:37.0 (36354090)|STATEMENT_EXECUTE|[46]
13:34:37.0 (36355990)|STATEMENT_EXECUTE|[47]
13:34:37.0 (36364974)|USER_DEBUG|[47]|DEBUG|15:30:00.000Z
13:34:37.0 (36371753)|STATEMENT_EXECUTE|[48]
13:34:37.0 (36380881)|HEAP_ALLOCATE|[48]|Bytes:4
13:34:37.0 (36395391)|VARIABLE_ASSIGNMENT|[48]|t|57600000
13:34:37.0 (36399814)|STATEMENT_EXECUTE|[49]
13:34:37.0 (36404610)|HEAP_ALLOCATE|[49]|Bytes:28
13:34:37.0 (36417495)|HEAP_ALLOCATE|[49]|Bytes:28
13:34:37.0 (36429889)|VARIABLE_ASSIGNMENT|[49]|i1|1.0
13:34:37.0 (36434025)|STATEMENT_EXECUTE|[50]
13:34:37.0 (36439463)|HEAP_ALLOCATE|[EXTERNAL]|Bytes:4
13:34:37.0 (36448867)|HEAP_ALLOCATE|[51]|Bytes:28
13:34:37.0 (36453196)|HEAP_ALLOCATE|[51]|Bytes:28
13:34:37.0 (36458357)|HEAP_ALLOCATE|[51]|Bytes:28
13:34:37.0 (36471069)|HEAP_ALLOCATE|[51]|Bytes:28
13:34:37.0 (36491300)|STATEMENT_EXECUTE|[46]
13:34:37.0 (36493099)|STATEMENT_EXECUTE|[47]
13:34:37.0 (36500178)|USER_DEBUG|[47]|DEBUG|16:00:00.000Z
13:34:37.0 (36506256)|STATEMENT_EXECUTE|[48]
13:34:37.0 (36513626)|HEAP_ALLOCATE|[48]|Bytes:4
13:34:37.0 (36527077)|VARIABLE_ASSIGNMENT|[48]|t|59400000
13:34:37.0 (36531748)|STATEMENT_EXECUTE|[49]
13:34:37.0 (36535908)|HEAP_ALLOCATE|[49]|Bytes:28
13:34:37.0 (36547996)|HEAP_ALLOCATE|[49]|Bytes:28
13:34:37.0 (36559234)|VARIABLE_ASSIGNMENT|[49]|i1|1.5
13:34:37.0 (36563760)|STATEMENT_EXECUTE|[50]
13:34:37.0 (36568995)|HEAP_ALLOCATE|[EXTERNAL]|Bytes:4
13:34:37.0 (36577456)|HEAP_ALLOCATE|[51]|Bytes:28
13:34:37.0 (36581202)|HEAP_ALLOCATE|[51]|Bytes:28
13:34:37.0 (36586333)|HEAP_ALLOCATE|[51]|Bytes:28
13:34:37.0 (36598113)|HEAP_ALLOCATE|[51]|Bytes:28
13:34:37.0 (36624363)|HEAP_ALLOCATE|[40]|Bytes:5
13:34:37.0 (36636709)|VARIABLE_ASSIGNMENT|[40]|apt|null|
13:34:37.0 (36642283)|STATEMENT_EXECUTE|[62]
13:34:37.0 (36705195)|HEAP_ALLOCATE|[62]|Bytes:4
13:34:37.0 (36794429)|VARIABLE_ASSIGNMENT|[EXTERNAL]|this|{"aptdum":"0x22ad1fa9","Docdum":"0x656cfcbc","Docmap":"0x387acdbe","Initialselected":0,"Selecteddoc":"a260H000001koYjQAI","SelectedtimeSlot":30,"timewraplistInitial":"0x2a8046a7"}|0x426a0d82
13:34:37.0 (36813932)|HEAP_ALLOCATE|[EXTERNAL]|Bytes:4
13:34:37.0 (36821412)|VARIABLE_ASSIGNMENT|[EXTERNAL]|value|[]|0x2c0af20a
13:34:37.0 (36833589)|VARIABLE_ASSIGNMENT|[4]|this.timewraplist|[]|0x426a0d82
13:34:37.0 (36843126)|STATEMENT_EXECUTE|[63]
13:34:37.0 (36851934)|HEAP_ALLOCATE|[63]|Bytes:4
13:34:37.0 (36919309)|VARIABLE_ASSIGNMENT|[EXTERNAL]|this|{"aptdum":"0x22ad1fa9","Docdum":"0x656cfcbc","Docmap":"0x387acdbe","Initialselected":0,"Selecteddoc":"a260H000001koYjQAI","SelectedtimeSlot":30,"timewraplist":"0x2c0af20a","timewraplistInitial":"0x2a8046a7"}|0x426a0d82
13:34:37.0 (36938326)|HEAP_ALLOCATE|[EXTERNAL]|Bytes:4
13:34:37.0 (36944903)|VARIABLE_ASSIGNMENT|[EXTERNAL]|value|[]|0x7ea34b41
13:34:37.0 (36955931)|VARIABLE_ASSIGNMENT|[3]|this.timelist|[]|0x426a0d82
13:34:37.0 (36964244)|STATEMENT_EXECUTE|[64]
13:34:37.0 (36992248)|VARIABLE_SCOPE_BEGIN|[64]|t|Time|false|false
13:34:37.0 (37007064)|VARIABLE_ASSIGNMENT|[64]|t|43200000
13:34:37.0 (37012258)|STATEMENT_EXECUTE|[65]
13:34:37.0 (37055804)|VARIABLE_SCOPE_BEGIN|[65]|i|Integer|false|false
13:34:37.0 (37066263)|HEAP_ALLOCATE|[65]|Bytes:4
13:34:37.0 (37074387)|VARIABLE_ASSIGNMENT|[65]|i|7
13:34:37.0 (37079079)|STATEMENT_EXECUTE|[66]
13:34:37.0 (37087596)|HEAP_ALLOCATE|[66]|Bytes:28
13:34:37.0 (37091698)|HEAP_ALLOCATE|[66]|Bytes:28
13:34:37.0 (37095427)|VARIABLE_SCOPE_BEGIN|[66]|i1|Decimal|false|false
13:34:37.0 (37104772)|VARIABLE_ASSIGNMENT|[66]|i1|0
13:34:37.0 (37140049)|STATEMENT_EXECUTE|[67]
13:34:37.0 (37142168)|STATEMENT_EXECUTE|[68]
13:34:37.0 (37186125)|VARIABLE_ASSIGNMENT|[EXTERNAL]|this|{"aptdum":"0x22ad1fa9","Docdum":"0x656cfcbc","Docmap":"0x387acdbe","Initialselected":0,"Selecteddoc":"a260H000001koYjQAI","SelectedtimeSlot":30,"timelist":"0x7ea34b41","timewraplist":"0x2c0af20a","timewraplistInitial":"0x2a8046a7"}|0x426a0d82
13:34:37.0 (37205185)|HEAP_ALLOCATE|[68]|Bytes:108
13:34:37.0 (37212578)|HEAP_ALLOCATE|[68]|Bytes:11
13:34:37.0 (37226732)|HEAP_ALLOCATE|[68]|Bytes:12
13:34:37.0 (37248856)|CONSTRUCTOR_ENTRY|[68]|01p0H000007gCe8|<init>(Boolean,Time)
13:34:37.0 (37261379)|VARIABLE_SCOPE_BEGIN|[178]|this|docappcontroller.Wrapertimeslot|true|false
13:34:37.0 (37285000)|VARIABLE_ASSIGNMENT|[178]|this|{}|0xedf966d
13:34:37.0 (37293398)|VARIABLE_SCOPE_BEGIN|[178]|selection|Boolean|false|false
13:34:37.0 (37301906)|VARIABLE_ASSIGNMENT|[178]|selection|false
13:34:37.0 (37309104)|VARIABLE_SCOPE_BEGIN|[178]|tm|Time|false|false
13:34:37.0 (37321983)|VARIABLE_ASSIGNMENT|[178]|tm|43200000
13:34:37.0 (37327747)|STATEMENT_EXECUTE|[174]
13:34:37.0 (37329645)|STATEMENT_EXECUTE|[175]
13:34:37.0 (37331214)|STATEMENT_EXECUTE|[176]
13:34:37.0 (37337192)|HEAP_ALLOCATE|[179]|Bytes:6
13:34:37.0 (37361717)|STATEMENT_EXECUTE|[178]
13:34:37.0 (37363738)|STATEMENT_EXECUTE|[179]
13:34:37.0 (37415868)|VARIABLE_ASSIGNMENT|[EXTERNAL]|this|{}|0xedf966d
13:34:37.0 (37427734)|VARIABLE_ASSIGNMENT|[EXTERNAL]|value|false
13:34:37.0 (37434397)|HEAP_ALLOCATE|[175]|Bytes:5
13:34:37.0 (37442565)|VARIABLE_ASSIGNMENT|[175]|this.selected|false|0xedf966d
13:34:37.0 (37451016)|STATEMENT_EXECUTE|[180]
13:34:37.0 (37520347)|VARIABLE_ASSIGNMENT|[EXTERNAL]|this|{"selected":false}|0xedf966d
13:34:37.0 (37538484)|VARIABLE_ASSIGNMENT|[EXTERNAL]|value|43200000
13:34:37.0 (37549853)|VARIABLE_ASSIGNMENT|[176]|this.t|43200000|0xedf966d
13:34:37.0 (37567584)|CONSTRUCTOR_EXIT|[68]|01p0H000007gCe8|<init>(Boolean,Time)
13:34:37.0 (37583478)|HEAP_ALLOCATE|[EXTERNAL]|Bytes:4
13:34:37.0 (37590703)|STATEMENT_EXECUTE|[73]
13:34:37.0 (37633872)|VARIABLE_ASSIGNMENT|[EXTERNAL]|this|{"aptdum":"0x22ad1fa9","Docdum":"0x656cfcbc","Docmap":"0x387acdbe","Initialselected":0,"Selecteddoc":"a260H000001koYjQAI","SelectedtimeSlot":30,"timelist":"0x7ea34b41","timewraplist":"0x2c0af20a","timewraplistInitial":"0x2a8046a7"}|0x426a0d82
13:34:37.0 (37654414)|HEAP_ALLOCATE|[EXTERNAL]|Bytes:4
13:34:37.0 (37669467)|HEAP_ALLOCATE|[76]|Bytes:28
13:34:37.0 (37674852)|HEAP_ALLOCATE|[76]|Bytes:28
13:34:37.0 (37707408)|STATEMENT_EXECUTE|[76]
13:34:37.0 (37709626)|STATEMENT_EXECUTE|[77]
13:34:37.0 (37728053)|USER_DEBUG|[77]|DEBUG|12:00:00.000Z
13:34:37.0 (37736716)|STATEMENT_EXECUTE|[78]
13:34:37.0 (37759348)|HEAP_ALLOCATE|[78]|Bytes:4
13:34:37.0 (37776047)|VARIABLE_ASSIGNMENT|[78]|t|45000000
13:34:37.0 (37781857)|STATEMENT_EXECUTE|[79]
13:34:37.0 (37788796)|HEAP_ALLOCATE|[79]|Bytes:28
13:34:37.0 (37808913)|HEAP_ALLOCATE|[79]|Bytes:28
13:34:37.0 (37822663)|VARIABLE_ASSIGNMENT|[79]|i1|0.5
13:34:37.0 (37827307)|STATEMENT_EXECUTE|[80]
13:34:37.0 (37863790)|VARIABLE_ASSIGNMENT|[EXTERNAL]|this|{"aptdum":"0x22ad1fa9","Docdum":"0x656cfcbc","Docmap":"0x387acdbe","Initialselected":0,"Selecteddoc":"a260H000001koYjQAI","SelectedtimeSlot":30,"timelist":"0x7ea34b41","timewraplist":"0x2c0af20a","timewraplistInitial":"0x2a8046a7"}|0x426a0d82
13:34:37.0 (37881555)|HEAP_ALLOCATE|[EXTERNAL]|Bytes:4
13:34:37.0 (37907905)|STATEMENT_EXECUTE|[82]
13:34:37.0 (37909876)|STATEMENT_EXECUTE|[83]
13:34:37.0 (37941335)|VARIABLE_ASSIGNMENT|[EXTERNAL]|this|{"aptdum":"0x22ad1fa9","Docdum":"0x656cfcbc","Docmap":"0x387acdbe","Initialselected":0,"Selecteddoc":"a260H000001koYjQAI","SelectedtimeSlot":30,"timelist":"0x7ea34b41","timewraplist":"0x2c0af20a","timewraplistInitial":"0x2a8046a7"}|0x426a0d82
13:34:37.0 (37955824)|HEAP_ALLOCATE|[83]|Bytes:12
13:34:37.0 (37970132)|CONSTRUCTOR_ENTRY|[83]|01p0H000007gCe8|<init>(Boolean,Time)
13:34:37.0 (37976200)|VARIABLE_SCOPE_BEGIN|[178]|this|docappcontroller.Wrapertimeslot|true|false
13:34:37.0 (37990148)|VARIABLE_ASSIGNMENT|[178]|this|{}|0x6305694f
13:34:37.0 (37996770)|VARIABLE_SCOPE_BEGIN|[178]|selection|Boolean|false|false
13:34:37.0 (38004582)|VARIABLE_ASSIGNMENT|[178]|selection|false
13:34:37.0 (38009291)|VARIABLE_SCOPE_BEGIN|[178]|tm|Time|false|false
13:34:37.0 (38017517)|VARIABLE_ASSIGNMENT|[178]|tm|45000000
13:34:37.0 (38022249)|STATEMENT_EXECUTE|[174]
13:34:37.0 (38023934)|STATEMENT_EXECUTE|[175]
13:34:37.0 (38025455)|STATEMENT_EXECUTE|[176]
13:34:37.0 (38036688)|STATEMENT_EXECUTE|[178]
13:34:37.0 (38038466)|STATEMENT_EXECUTE|[179]
13:34:37.0 (38050674)|VARIABLE_ASSIGNMENT|[EXTERNAL]|this|{}|0x6305694f
13:34:37.0 (38061353)|VARIABLE_ASSIGNMENT|[EXTERNAL]|value|false
13:34:37.0 (38068322)|HEAP_ALLOCATE|[175]|Bytes:5
13:34:37.0 (38075873)|VARIABLE_ASSIGNMENT|[175]|this.selected|false|0x6305694f
13:34:37.0 (38083307)|STATEMENT_EXECUTE|[180]
13:34:37.0 (38095786)|VARIABLE_ASSIGNMENT|[EXTERNAL]|this|{"selected":false}|0x6305694f
13:34:37.0 (38104597)|VARIABLE_ASSIGNMENT|[EXTERNAL]|value|45000000
13:34:37.0 (38112591)|VARIABLE_ASSIGNMENT|[176]|this.t|45000000|0x6305694f
13:34:37.0 (38127516)|CONSTRUCTOR_EXIT|[83]|01p0H000007gCe8|<init>(Boolean,Time)
13:34:37.0 (38145370)|HEAP_ALLOCATE|[EXTERNAL]|Bytes:4
13:34:37.0 (38157878)|HEAP_ALLOCATE|[76]|Bytes:28
13:34:37.0 (38162531)|HEAP_ALLOCATE|[76]|Bytes:28
13:34:37.0 (38184672)|STATEMENT_EXECUTE|[76]
13:34:37.0 (38186555)|STATEMENT_EXECUTE|[77]
13:34:37.0 (38196375)|USER_DEBUG|[77]|DEBUG|12:30:00.000Z
13:34:37.0 (38203766)|STATEMENT_EXECUTE|[78]
13:34:37.0 (38213411)|HEAP_ALLOCATE|[78]|Bytes:4
13:34:37.0 (38230433)|VARIABLE_ASSIGNMENT|[78]|t|46800000
13:34:37.0 (38235393)|STATEMENT_EXECUTE|[79]
13:34:37.0 (38241021)|HEAP_ALLOCATE|[79]|Bytes:28
13:34:37.0 (38254802)|HEAP_ALLOCATE|[79]|Bytes:28
13:34:37.0 (38267035)|VARIABLE_ASSIGNMENT|[79]|i1|1.0
13:34:37.0 (38271365)|STATEMENT_EXECUTE|[80]
13:34:37.0 (38301966)|VARIABLE_ASSIGNMENT|[EXTERNAL]|this|{"aptdum":"0x22ad1fa9","Docdum":"0x656cfcbc","Docmap":"0x387acdbe","Initialselected":0,"Selecteddoc":"a260H000001koYjQAI","SelectedtimeSlot":30,"timelist":"0x7ea34b41","timewraplist":"0x2c0af20a","timewraplistInitial":"0x2a8046a7"}|0x426a0d82
13:34:37.0 (38317623)|HEAP_ALLOCATE|[EXTERNAL]|Bytes:4
13:34:37.0 (38330085)|STATEMENT_EXECUTE|[82]
13:34:37.0 (38331818)|STATEMENT_EXECUTE|[83]
13:34:37.0 (38356314)|VARIABLE_ASSIGNMENT|[EXTERNAL]|this|{"aptdum":"0x22ad1fa9","Docdum":"0x656cfcbc","Docmap":"0x387acdbe","Initialselected":0,"Selecteddoc":"a260H000001koYjQAI","SelectedtimeSlot":30,"timelist":"0x7ea34b41","timewraplist":"0x2c0af20a","timewraplistInitial":"0x2a8046a7"}|0x426a0d82
13:34:37.0 (38368244)|HEAP_ALLOCATE|[83]|Bytes:12
13:34:37.0 (38380745)|CONSTRUCTOR_ENTRY|[83]|01p0H000007gCe8|<init>(Boolean,Time)
13:34:37.0 (38386742)|VARIABLE_SCOPE_BEGIN|[178]|this|docappcontroller.Wrapertimeslot|true|false
13:34:37.0 (38399624)|VARIABLE_ASSIGNMENT|[178]|this|{}|0x476e9bd7
13:34:37.0 (38406418)|VARIABLE_SCOPE_BEGIN|[178]|selection|Boolean|false|false
13:34:37.0 (38414439)|VARIABLE_ASSIGNMENT|[178]|selection|false
13:34:37.0 (38418041)|VARIABLE_SCOPE_BEGIN|[178]|tm|Time|false|false
13:34:37.0 (38425733)|VARIABLE_ASSIGNMENT|[178]|tm|46800000
13:34:37.0 (38430514)|STATEMENT_EXECUTE|[174]
13:34:37.0 (38432141)|STATEMENT_EXECUTE|[175]
13:34:37.0 (38433601)|STATEMENT_EXECUTE|[176]
13:34:37.0 (38442908)|STATEMENT_EXECUTE|[178]
13:34:37.0 (38444606)|STATEMENT_EXECUTE|[179]
13:34:37.0 (38456101)|VARIABLE_ASSIGNMENT|[EXTERNAL]|this|{}|0x476e9bd7
13:34:37.0 (38465593)|VARIABLE_ASSIGNMENT|[EXTERNAL]|value|false
13:34:37.0 (38474348)|HEAP_ALLOCATE|[175]|Bytes:5
13:34:37.0 (38481627)|VARIABLE_ASSIGNMENT|[175]|this.selected|false|0x476e9bd7
13:34:37.0 (38489047)|STATEMENT_EXECUTE|[180]
13:34:37.0 (38501388)|VARIABLE_ASSIGNMENT|[EXTERNAL]|this|{"selected":false}|0x476e9bd7
13:34:37.0 (38511635)|VARIABLE_ASSIGNMENT|[EXTERNAL]|value|46800000
13:34:37.0 (38519543)|VARIABLE_ASSIGNMENT|[176]|this.t|46800000|0x476e9bd7
13:34:37.0 (38534382)|CONSTRUCTOR_EXIT|[83]|01p0H000007gCe8|<init>(Boolean,Time)
13:34:37.0 (38545059)|HEAP_ALLOCATE|[EXTERNAL]|Bytes:4
13:34:37.0 (38555898)|HEAP_ALLOCATE|[76]|Bytes:28
13:34:37.0 (38559802)|HEAP_ALLOCATE|[76]|Bytes:28
13:34:37.0 (38578969)|STATEMENT_EXECUTE|[76]
13:34:37.0 (38580795)|STATEMENT_EXECUTE|[77]
13:34:37.0 (38589637)|USER_DEBUG|[77]|DEBUG|13:00:00.000Z
13:34:37.0 (38596332)|STATEMENT_EXECUTE|[78]
13:34:37.0 (38605269)|HEAP_ALLOCATE|[78]|Bytes:4
13:34:37.0 (38619611)|VARIABLE_ASSIGNMENT|[78]|t|48600000
13:34:37.0 (38624786)|STATEMENT_EXECUTE|[79]
13:34:37.0 (38629893)|HEAP_ALLOCATE|[79]|Bytes:28
13:34:37.0 (38643107)|HEAP_ALLOCATE|[79]|Bytes:28
13:34:37.0 (38655032)|VARIABLE_ASSIGNMENT|[79]|i1|1.5
13:34:37.0 (38659240)|STATEMENT_EXECUTE|[80]
13:34:37.0 (38688494)|VARIABLE_ASSIGNMENT|[EXTERNAL]|this|{"aptdum":"0x22ad1fa9","Docdum":"0x656cfcbc","Docmap":"0x387acdbe","Initialselected":0,"Selecteddoc":"a260H000001koYjQAI","SelectedtimeSlot":30,"timelist":"0x7ea34b41","timewraplist":"0x2c0af20a","timewraplistInitial":"0x2a8046a7"}|0x426a0d82
13:34:37.0 (38703431)|HEAP_ALLOCATE|[EXTERNAL]|Bytes:4
13:34:37.0 (38715485)|STATEMENT_EXECUTE|[82]
13:34:37.0 (38717258)|STATEMENT_EXECUTE|[83]
13:34:37.0 (38741735)|VARIABLE_ASSIGNMENT|[EXTERNAL]|this|{"aptdum":"0x22ad1fa9","Docdum":"0x656cfcbc","Docmap":"0x387acdbe","Initialselected":0,"Selecteddoc":"a260H000001koYjQAI","SelectedtimeSlot":30,"timelist":"0x7ea34b41","timewraplist":"0x2c0af20a","timewraplistInitial":"0x2a8046a7"}|0x426a0d82
13:34:37.0 (38754419)|HEAP_ALLOCATE|[83]|Bytes:12
13:34:37.0 (38766504)|CONSTRUCTOR_ENTRY|[83]|01p0H000007gCe8|<init>(Boolean,Time)
13:34:37.0 (38772437)|VARIABLE_SCOPE_BEGIN|[178]|this|docappcontroller.Wrapertimeslot|true|false
13:34:37.0 (38785132)|VARIABLE_ASSIGNMENT|[178]|this|{}|0x608dfaee
13:34:37.0 (38791333)|VARIABLE_SCOPE_BEGIN|[178]|selection|Boolean|false|false
13:34:37.0 (38799132)|VARIABLE_ASSIGNMENT|[178]|selection|false
13:34:37.0 (38803227)|VARIABLE_SCOPE_BEGIN|[178]|tm|Time|false|false
13:34:37.0 (38811476)|VARIABLE_ASSIGNMENT|[178]|tm|48600000
13:34:37.0 (38815795)|STATEMENT_EXECUTE|[174]
13:34:37.0 (38817484)|STATEMENT_EXECUTE|[175]
13:34:37.0 (38819027)|STATEMENT_EXECUTE|[176]
13:34:37.0 (38828158)|STATEMENT_EXECUTE|[178]
13:34:37.0 (38829799)|STATEMENT_EXECUTE|[179]
13:34:37.0 (38840948)|VARIABLE_ASSIGNMENT|[EXTERNAL]|this|{}|0x608dfaee
13:34:37.0 (38850329)|VARIABLE_ASSIGNMENT|[EXTERNAL]|value|false
13:34:37.0 (38855525)|HEAP_ALLOCATE|[175]|Bytes:5
13:34:37.0 (38861809)|VARIABLE_ASSIGNMENT|[175]|this.selected|false|0x608dfaee
13:34:37.0 (38869292)|STATEMENT_EXECUTE|[180]
13:34:37.0 (38880768)|VARIABLE_ASSIGNMENT|[EXTERNAL]|this|{"selected":false}|0x608dfaee
13:34:37.0 (38889787)|VARIABLE_ASSIGNMENT|[EXTERNAL]|value|48600000
13:34:37.0 (38897159)|VARIABLE_ASSIGNMENT|[176]|this.t|48600000|0x608dfaee
13:34:37.0 (38910708)|CONSTRUCTOR_EXIT|[83]|01p0H000007gCe8|<init>(Boolean,Time)
13:34:37.0 (38920426)|HEAP_ALLOCATE|[EXTERNAL]|Bytes:4
13:34:37.0 (38931002)|HEAP_ALLOCATE|[76]|Bytes:28
13:34:37.0 (38935455)|HEAP_ALLOCATE|[76]|Bytes:28
13:34:37.0 (38953418)|STATEMENT_EXECUTE|[76]
13:34:37.0 (38955280)|STATEMENT_EXECUTE|[77]
13:34:37.0 (38963780)|USER_DEBUG|[77]|DEBUG|13:30:00.000Z
13:34:37.0 (38970712)|STATEMENT_EXECUTE|[78]
13:34:37.0 (38979156)|HEAP_ALLOCATE|[78]|Bytes:4
13:34:37.0 (38993631)|VARIABLE_ASSIGNMENT|[78]|t|50400000
13:34:37.0 (38998225)|STATEMENT_EXECUTE|[79]
13:34:37.0 (39003165)|HEAP_ALLOCATE|[79]|Bytes:28
13:34:37.0 (39016974)|HEAP_ALLOCATE|[79]|Bytes:28
13:34:37.0 (39028412)|VARIABLE_ASSIGNMENT|[79]|i1|2.0
13:34:37.0 (39032567)|STATEMENT_EXECUTE|[80]
13:34:37.0 (39075656)|VARIABLE_ASSIGNMENT|[EXTERNAL]|this|{"aptdum":"0x22ad1fa9","Docdum":"0x656cfcbc","Docmap":"0x387acdbe","Initialselected":0,"Selecteddoc":"a260H000001koYjQAI","SelectedtimeSlot":30,"timelist":"0x7ea34b41","timewraplist":"0x2c0af20a","timewraplistInitial":"0x2a8046a7"}|0x426a0d82
13:34:37.0 (39096397)|HEAP_ALLOCATE|[EXTERNAL]|Bytes:4
13:34:37.0 (39110058)|STATEMENT_EXECUTE|[82]
13:34:37.0 (39111890)|STATEMENT_EXECUTE|[83]
13:34:37.0 (39143845)|VARIABLE_ASSIGNMENT|[EXTERNAL]|this|{"aptdum":"0x22ad1fa9","Docdum":"0x656cfcbc","Docmap":"0x387acdbe","Initialselected":0,"Selecteddoc":"a260H000001koYjQAI","SelectedtimeSlot":30,"timelist":"0x7ea34b41","timewraplist":"0x2c0af20a","timewraplistInitial":"0x2a8046a7"}|0x426a0d82
13:34:37.0 (39157418)|HEAP_ALLOCATE|[83]|Bytes:12
13:34:37.0 (39173463)|CONSTRUCTOR_ENTRY|[83]|01p0H000007gCe8|<init>(Boolean,Time)
13:34:37.0 (39179670)|VARIABLE_SCOPE_BEGIN|[178]|this|docappcontroller.Wrapertimeslot|true|false
13:34:37.0 (39193266)|VARIABLE_ASSIGNMENT|[178]|this|{}|0x7f278bc4
13:34:37.0 (39200067)|VARIABLE_SCOPE_BEGIN|[178]|selection|Boolean|false|false
13:34:37.0 (39207337)|VARIABLE_ASSIGNMENT|[178]|selection|false
13:34:37.0 (39211145)|VARIABLE_SCOPE_BEGIN|[178]|tm|Time|false|false
13:34:37.0 (39219851)|VARIABLE_ASSIGNMENT|[178]|tm|50400000
13:34:37.0 (39225064)|STATEMENT_EXECUTE|[174]
13:34:37.0 (39226686)|STATEMENT_EXECUTE|[175]
13:34:37.0 (39228199)|STATEMENT_EXECUTE|[176]
13:34:37.0 (39238532)|STATEMENT_EXECUTE|[178]
13:34:37.0 (39240304)|STATEMENT_EXECUTE|[179]
13:34:37.0 (39252438)|VARIABLE_ASSIGNMENT|[EXTERNAL]|this|{}|0x7f278bc4
13:34:37.0 (39262422)|VARIABLE_ASSIGNMENT|[EXTERNAL]|value|false
13:34:37.0 (39268217)|HEAP_ALLOCATE|[175]|Bytes:5
13:34:37.0 (39275586)|VARIABLE_ASSIGNMENT|[175]|this.selected|false|0x7f278bc4
13:34:37.0 (39283092)|STATEMENT_EXECUTE|[180]
13:34:37.0 (39294996)|VARIABLE_ASSIGNMENT|[EXTERNAL]|this|{"selected":false}|0x7f278bc4
13:34:37.0 (39303960)|VARIABLE_ASSIGNMENT|[EXTERNAL]|value|50400000
13:34:37.0 (39311386)|VARIABLE_ASSIGNMENT|[176]|this.t|50400000|0x7f278bc4
13:34:37.0 (39325651)|CONSTRUCTOR_EXIT|[83]|01p0H000007gCe8|<init>(Boolean,Time)
13:34:37.0 (39336053)|HEAP_ALLOCATE|[EXTERNAL]|Bytes:4
13:34:37.0 (39346646)|HEAP_ALLOCATE|[76]|Bytes:28
13:34:37.0 (39351028)|HEAP_ALLOCATE|[76]|Bytes:28
13:34:37.0 (39371597)|STATEMENT_EXECUTE|[76]
13:34:37.0 (39373601)|STATEMENT_EXECUTE|[77]
13:34:37.0 (39382549)|USER_DEBUG|[77]|DEBUG|14:00:00.000Z
13:34:37.0 (39389737)|STATEMENT_EXECUTE|[78]
13:34:37.0 (39398538)|HEAP_ALLOCATE|[78]|Bytes:4
13:34:37.0 (39412809)|VARIABLE_ASSIGNMENT|[78]|t|52200000
13:34:37.0 (39418012)|STATEMENT_EXECUTE|[79]
13:34:37.0 (39423122)|HEAP_ALLOCATE|[79]|Bytes:28
13:34:37.0 (39436846)|HEAP_ALLOCATE|[79]|Bytes:28
13:34:37.0 (39452239)|VARIABLE_ASSIGNMENT|[79]|i1|2.5
13:34:37.0 (39456906)|STATEMENT_EXECUTE|[80]
13:34:37.0 (39486585)|VARIABLE_ASSIGNMENT|[EXTERNAL]|this|{"aptdum":"0x22ad1fa9","Docdum":"0x656cfcbc","Docmap":"0x387acdbe","Initialselected":0,"Selecteddoc":"a260H000001koYjQAI","SelectedtimeSlot":30,"timelist":"0x7ea34b41","timewraplist":"0x2c0af20a","timewraplistInitial":"0x2a8046a7"}|0x426a0d82
13:34:37.0 (39501987)|HEAP_ALLOCATE|[EXTERNAL]|Bytes:4
13:34:37.0 (39514193)|STATEMENT_EXECUTE|[82]
13:34:37.0 (39515953)|STATEMENT_EXECUTE|[83]
13:34:37.0 (39540003)|VARIABLE_ASSIGNMENT|[EXTERNAL]|this|{"aptdum":"0x22ad1fa9","Docdum":"0x656cfcbc","Docmap":"0x387acdbe","Initialselected":0,"Selecteddoc":"a260H000001koYjQAI","SelectedtimeSlot":30,"timelist":"0x7ea34b41","timewraplist":"0x2c0af20a","timewraplistInitial":"0x2a8046a7"}|0x426a0d82
13:34:37.0 (39552490)|HEAP_ALLOCATE|[83]|Bytes:12
13:34:37.0 (39565054)|CONSTRUCTOR_ENTRY|[83]|01p0H000007gCe8|<init>(Boolean,Time)
13:34:37.0 (39571606)|VARIABLE_SCOPE_BEGIN|[178]|this|docappcontroller.Wrapertimeslot|true|false
13:34:37.0 (39584791)|VARIABLE_ASSIGNMENT|[178]|this|{}|0x2e408909
13:34:37.0 (39591882)|VARIABLE_SCOPE_BEGIN|[178]|selection|Boolean|false|false
13:34:37.0 (39599117)|VARIABLE_ASSIGNMENT|[178]|selection|false
13:34:37.0 (39602456)|VARIABLE_SCOPE_BEGIN|[178]|tm|Time|false|false
13:34:37.0 (39611001)|VARIABLE_ASSIGNMENT|[178]|tm|52200000
13:34:37.0 (39615333)|STATEMENT_EXECUTE|[174]
13:34:37.0 (39616991)|STATEMENT_EXECUTE|[175]
13:34:37.0 (39618512)|STATEMENT_EXECUTE|[176]
13:34:37.0 (39627966)|STATEMENT_EXECUTE|[178]
13:34:37.0 (39629722)|STATEMENT_EXECUTE|[179]
13:34:37.0 (39641357)|VARIABLE_ASSIGNMENT|[EXTERNAL]|this|{}|0x2e408909
13:34:37.0 (39650411)|VARIABLE_ASSIGNMENT|[EXTERNAL]|value|false
13:34:37.0 (39655299)|HEAP_ALLOCATE|[175]|Bytes:5
13:34:37.0 (39662261)|VARIABLE_ASSIGNMENT|[175]|this.selected|false|0x2e408909
13:34:37.0 (39669327)|STATEMENT_EXECUTE|[180]
13:34:37.0 (39681065)|VARIABLE_ASSIGNMENT|[EXTERNAL]|this|{"selected":false}|0x2e408909
13:34:37.0 (39690724)|VARIABLE_ASSIGNMENT|[EXTERNAL]|value|52200000
13:34:37.0 (39698914)|VARIABLE_ASSIGNMENT|[176]|this.t|52200000|0x2e408909
13:34:37.0 (39712438)|CONSTRUCTOR_EXIT|[83]|01p0H000007gCe8|<init>(Boolean,Time)
13:34:37.0 (39722098)|HEAP_ALLOCATE|[EXTERNAL]|Bytes:4
13:34:37.0 (39732656)|HEAP_ALLOCATE|[76]|Bytes:28
13:34:37.0 (39736689)|HEAP_ALLOCATE|[76]|Bytes:28
13:34:37.0 (39755679)|STATEMENT_EXECUTE|[76]
13:34:37.0 (39757732)|STATEMENT_EXECUTE|[77]
13:34:37.0 (39766144)|USER_DEBUG|[77]|DEBUG|14:30:00.000Z
13:34:37.0 (39772678)|STATEMENT_EXECUTE|[78]
13:34:37.0 (39781403)|HEAP_ALLOCATE|[78]|Bytes:4
13:34:37.0 (39795004)|VARIABLE_ASSIGNMENT|[78]|t|54000000
13:34:37.0 (39799623)|STATEMENT_EXECUTE|[79]
13:34:37.0 (39804485)|HEAP_ALLOCATE|[79]|Bytes:28
13:34:37.0 (39817565)|HEAP_ALLOCATE|[79]|Bytes:28
13:34:37.0 (39829458)|VARIABLE_ASSIGNMENT|[79]|i1|3.0
13:34:37.0 (39834021)|STATEMENT_EXECUTE|[80]
13:34:37.0 (39862967)|VARIABLE_ASSIGNMENT|[EXTERNAL]|this|{"aptdum":"0x22ad1fa9","Docdum":"0x656cfcbc","Docmap":"0x387acdbe","Initialselected":0,"Selecteddoc":"a260H000001koYjQAI","SelectedtimeSlot":30,"timelist":"0x7ea34b41","timewraplist":"0x2c0af20a","timewraplistInitial":"0x2a8046a7"}|0x426a0d82
13:34:37.0 (39878089)|HEAP_ALLOCATE|[EXTERNAL]|Bytes:4
13:34:37.0 (39903139)|STATEMENT_EXECUTE|[84]
13:34:37.0 (39905221)|STATEMENT_EXECUTE|[85]
13:34:37.0 (39941940)|VARIABLE_ASSIGNMENT|[EXTERNAL]|this|{"aptdum":"0x22ad1fa9","Docdum":"0x656cfcbc","Docmap":"0x387acdbe","Initialselected":0,"Selecteddoc":"a260H000001koYjQAI","SelectedtimeSlot":30,"timelist":"0x7ea34b41","timewraplist":"0x2c0af20a","timewraplistInitial":"0x2a8046a7"}|0x426a0d82
13:34:37.0 (39956209)|HEAP_ALLOCATE|[85]|Bytes:12
13:34:37.0 (39970604)|CONSTRUCTOR_ENTRY|[85]|01p0H000007gCe8|<init>(Boolean,Time)
13:34:37.0 (39977261)|VARIABLE_SCOPE_BEGIN|[178]|this|docappcontroller.Wrapertimeslot|true|false
13:34:37.0 (39990370)|VARIABLE_ASSIGNMENT|[178]|this|{}|0x7dc5a815
13:34:37.0 (39996675)|VARIABLE_SCOPE_BEGIN|[178]|selection|Boolean|false|false
13:34:37.0 (40004458)|VARIABLE_ASSIGNMENT|[178]|selection|true
13:34:37.0 (40009008)|VARIABLE_SCOPE_BEGIN|[178]|tm|Time|false|false
13:34:37.0 (40017586)|VARIABLE_ASSIGNMENT|[178]|tm|54000000
13:34:37.0 (40021986)|STATEMENT_EXECUTE|[174]
13:34:37.0 (40023848)|STATEMENT_EXECUTE|[175]
13:34:37.0 (40025708)|STATEMENT_EXECUTE|[176]
13:34:37.0 (40035530)|STATEMENT_EXECUTE|[178]
13:34:37.0 (40037195)|STATEMENT_EXECUTE|[179]
13:34:37.0 (40048748)|VARIABLE_ASSIGNMENT|[EXTERNAL]|this|{}|0x7dc5a815
13:34:37.0 (40059050)|VARIABLE_ASSIGNMENT|[EXTERNAL]|value|true
13:34:37.0 (40066098)|HEAP_ALLOCATE|[175]|Bytes:5
13:34:37.0 (40073185)|VARIABLE_ASSIGNMENT|[175]|this.selected|true|0x7dc5a815
13:34:37.0 (40081012)|STATEMENT_EXECUTE|[180]
13:34:37.0 (40092968)|VARIABLE_ASSIGNMENT|[EXTERNAL]|this|{"selected":true}|0x7dc5a815
13:34:37.0 (40101860)|VARIABLE_ASSIGNMENT|[EXTERNAL]|value|54000000
13:34:37.0 (40109521)|VARIABLE_ASSIGNMENT|[176]|this.t|54000000|0x7dc5a815
13:34:37.0 (40123189)|CONSTRUCTOR_EXIT|[85]|01p0H000007gCe8|<init>(Boolean,Time)
13:34:37.0 (40139409)|HEAP_ALLOCATE|[EXTERNAL]|Bytes:4
13:34:37.0 (40145667)|STATEMENT_EXECUTE|[86]
13:34:37.0 (40151308)|HEAP_ALLOCATE|[86]|Bytes:4
13:34:37.0 (40159101)|VARIABLE_ASSIGNMENT|[86]|this.Initialselected|1|0x426a0d82
13:34:37.0 (40169249)|HEAP_ALLOCATE|[76]|Bytes:28
13:34:37.0 (40173160)|HEAP_ALLOCATE|[76]|Bytes:28
13:34:37.0 (40194162)|STATEMENT_EXECUTE|[76]
13:34:37.0 (40196060)|STATEMENT_EXECUTE|[77]
13:34:37.0 (40204796)|USER_DEBUG|[77]|DEBUG|15:00:00.000Z
13:34:37.0 (40212015)|STATEMENT_EXECUTE|[78]
13:34:37.0 (40221132)|HEAP_ALLOCATE|[78]|Bytes:4
13:34:37.0 (40235388)|VARIABLE_ASSIGNMENT|[78]|t|55800000
13:34:37.0 (40240211)|STATEMENT_EXECUTE|[79]
13:34:37.0 (40245281)|HEAP_ALLOCATE|[79]|Bytes:28
13:34:37.0 (40258375)|HEAP_ALLOCATE|[79]|Bytes:28
13:34:37.0 (40270093)|VARIABLE_ASSIGNMENT|[79]|i1|3.5
13:34:37.0 (40274447)|STATEMENT_EXECUTE|[80]
13:34:37.0 (40304930)|VARIABLE_ASSIGNMENT|[EXTERNAL]|this|{"aptdum":"0x22ad1fa9","Docdum":"0x656cfcbc","Docmap":"0x387acdbe","Initialselected":1,"Selecteddoc":"a260H000001koYjQAI","SelectedtimeSlot":30,"timelist":"0x7ea34b41","timewraplist":"0x2c0af20a","timewraplistInitial":"0x2a8046a7"}|0x426a0d82
13:34:37.0 (40320613)|HEAP_ALLOCATE|[EXTERNAL]|Bytes:4
13:34:37.0 (40332636)|STATEMENT_EXECUTE|[84]
13:34:37.0 (40334394)|STATEMENT_EXECUTE|[85]
13:34:37.0 (40358691)|VARIABLE_ASSIGNMENT|[EXTERNAL]|this|{"aptdum":"0x22ad1fa9","Docdum":"0x656cfcbc","Docmap":"0x387acdbe","Initialselected":1,"Selecteddoc":"a260H000001koYjQAI","SelectedtimeSlot":30,"timelist":"0x7ea34b41","timewraplist":"0x2c0af20a","timewraplistInitial":"0x2a8046a7"}|0x426a0d82
13:34:37.0 (40370807)|HEAP_ALLOCATE|[85]|Bytes:12
13:34:37.0 (40383225)|CONSTRUCTOR_ENTRY|[85]|01p0H000007gCe8|<init>(Boolean,Time)
13:34:37.0 (40388882)|VARIABLE_SCOPE_BEGIN|[178]|this|docappcontroller.Wrapertimeslot|true|false
13:34:37.0 (40401423)|VARIABLE_ASSIGNMENT|[178]|this|{}|0x246a46dd
13:34:37.0 (40410810)|VARIABLE_SCOPE_BEGIN|[178]|selection|Boolean|false|false
13:34:37.0 (40418327)|VARIABLE_ASSIGNMENT|[178]|selection|true
13:34:37.0 (40422332)|VARIABLE_SCOPE_BEGIN|[178]|tm|Time|false|false
13:34:37.0 (40430569)|VARIABLE_ASSIGNMENT|[178]|tm|55800000
13:34:37.0 (40435176)|STATEMENT_EXECUTE|[174]
13:34:37.0 (40436780)|STATEMENT_EXECUTE|[175]
13:34:37.0 (40438316)|STATEMENT_EXECUTE|[176]
13:34:37.0 (40448061)|STATEMENT_EXECUTE|[178]
13:34:37.0 (40449697)|STATEMENT_EXECUTE|[179]
13:34:37.0 (40461860)|VARIABLE_ASSIGNMENT|[EXTERNAL]|this|{}|0x246a46dd
13:34:37.0 (40470702)|VARIABLE_ASSIGNMENT|[EXTERNAL]|value|true
13:34:37.0 (40475937)|HEAP_ALLOCATE|[175]|Bytes:5
13:34:37.0 (40482758)|VARIABLE_ASSIGNMENT|[175]|this.selected|true|0x246a46dd
13:34:37.0 (40490134)|STATEMENT_EXECUTE|[180]
13:34:37.0 (40501885)|VARIABLE_ASSIGNMENT|[EXTERNAL]|this|{"selected":true}|0x246a46dd
13:34:37.0 (40511288)|VARIABLE_ASSIGNMENT|[EXTERNAL]|value|55800000
13:34:37.0 (40518809)|VARIABLE_ASSIGNMENT|[176]|this.t|55800000|0x246a46dd
13:34:37.0 (40532530)|CONSTRUCTOR_EXIT|[85]|01p0H000007gCe8|<init>(Boolean,Time)
13:34:37.0 (40542527)|HEAP_ALLOCATE|[EXTERNAL]|Bytes:4
13:34:37.0 (40548482)|STATEMENT_EXECUTE|[86]
13:34:37.0 (40552370)|HEAP_ALLOCATE|[86]|Bytes:4
13:34:37.0 (40559428)|VARIABLE_ASSIGNMENT|[86]|this.Initialselected|2|0x426a0d82
13:34:37.0 (40570027)|HEAP_ALLOCATE|[76]|Bytes:28
13:34:37.0 (40573682)|HEAP_ALLOCATE|[76]|Bytes:28
13:34:37.0 (40593002)|STATEMENT_EXECUTE|[76]
13:34:37.0 (40594889)|STATEMENT_EXECUTE|[77]
13:34:37.0 (40603905)|USER_DEBUG|[77]|DEBUG|15:30:00.000Z
13:34:37.0 (40610611)|STATEMENT_EXECUTE|[78]
13:34:37.0 (40620022)|HEAP_ALLOCATE|[78]|Bytes:4
13:34:37.0 (40634394)|VARIABLE_ASSIGNMENT|[78]|t|57600000
13:34:37.0 (40639348)|STATEMENT_EXECUTE|[79]
13:34:37.0 (40644190)|HEAP_ALLOCATE|[79]|Bytes:28
13:34:37.0 (40657126)|HEAP_ALLOCATE|[79]|Bytes:28
13:34:37.0 (40668388)|VARIABLE_ASSIGNMENT|[79]|i1|4.0
13:34:37.0 (40672418)|STATEMENT_EXECUTE|[80]
13:34:37.0 (40701891)|VARIABLE_ASSIGNMENT|[EXTERNAL]|this|{"aptdum":"0x22ad1fa9","Docdum":"0x656cfcbc","Docmap":"0x387acdbe","Initialselected":2,"Selecteddoc":"a260H000001koYjQAI","SelectedtimeSlot":30,"timelist":"0x7ea34b41","timewraplist":"0x2c0af20a","timewraplistInitial":"0x2a8046a7"}|0x426a0d82
13:34:37.0 (40716831)|HEAP_ALLOCATE|[EXTERNAL]|Bytes:4
13:34:37.0 (40729061)|STATEMENT_EXECUTE|[84]
13:34:37.0 (40730757)|STATEMENT_EXECUTE|[85]
13:34:37.0 (40755075)|VARIABLE_ASSIGNMENT|[EXTERNAL]|this|{"aptdum":"0x22ad1fa9","Docdum":"0x656cfcbc","Docmap":"0x387acdbe","Initialselected":2,"Selecteddoc":"a260H000001koYjQAI","SelectedtimeSlot":30,"timelist":"0x7ea34b41","timewraplist":"0x2c0af20a","timewraplistInitial":"0x2a8046a7"}|0x426a0d82
13:34:37.0 (40767623)|HEAP_ALLOCATE|[85]|Bytes:12
13:34:37.0 (40780078)|CONSTRUCTOR_ENTRY|[85]|01p0H000007gCe8|<init>(Boolean,Time)
13:34:37.0 (40785543)|VARIABLE_SCOPE_BEGIN|[178]|this|docappcontroller.Wrapertimeslot|true|false
13:34:37.0 (40798425)|VARIABLE_ASSIGNMENT|[178]|this|{}|0x4eeefaed
13:34:37.0 (40805145)|VARIABLE_SCOPE_BEGIN|[178]|selection|Boolean|false|false
13:34:37.0 (40812708)|VARIABLE_ASSIGNMENT|[178]|selection|true
13:34:37.0 (40816237)|VARIABLE_SCOPE_BEGIN|[178]|tm|Time|false|false
13:34:37.0 (40824054)|VARIABLE_ASSIGNMENT|[178]|tm|57600000
13:34:37.0 (40828680)|STATEMENT_EXECUTE|[174]
13:34:37.0 (40830283)|STATEMENT_EXECUTE|[175]
13:34:37.0 (40831813)|STATEMENT_EXECUTE|[176]
13:34:37.0 (40840758)|STATEMENT_EXECUTE|[178]
13:34:37.0 (40842389)|STATEMENT_EXECUTE|[179]
13:34:37.0 (40853493)|VARIABLE_ASSIGNMENT|[EXTERNAL]|this|{}|0x4eeefaed
13:34:37.0 (40862793)|VARIABLE_ASSIGNMENT|[EXTERNAL]|value|true
13:34:37.0 (40868446)|HEAP_ALLOCATE|[175]|Bytes:5
13:34:37.0 (40875448)|VARIABLE_ASSIGNMENT|[175]|this.selected|true|0x4eeefaed
13:34:37.0 (40883561)|STATEMENT_EXECUTE|[180]
13:34:37.0 (40895300)|VARIABLE_ASSIGNMENT|[EXTERNAL]|this|{"selected":true}|0x4eeefaed
13:34:37.0 (40904268)|VARIABLE_ASSIGNMENT|[EXTERNAL]|value|57600000
13:34:37.0 (40911640)|VARIABLE_ASSIGNMENT|[176]|this.t|57600000|0x4eeefaed
13:34:37.0 (40925147)|CONSTRUCTOR_EXIT|[85]|01p0H000007gCe8|<init>(Boolean,Time)
13:34:37.0 (40935061)|HEAP_ALLOCATE|[EXTERNAL]|Bytes:4
13:34:37.0 (40940669)|STATEMENT_EXECUTE|[86]
13:34:37.0 (40944533)|HEAP_ALLOCATE|[86]|Bytes:4
13:34:37.0 (40951501)|VARIABLE_ASSIGNMENT|[86]|this.Initialselected|3|0x426a0d82
13:34:37.0 (40961506)|HEAP_ALLOCATE|[76]|Bytes:28
13:34:37.0 (40965616)|HEAP_ALLOCATE|[76]|Bytes:28
13:34:37.0 (40984350)|STATEMENT_EXECUTE|[76]
13:34:37.0 (40986226)|STATEMENT_EXECUTE|[77]
13:34:37.0 (40994415)|USER_DEBUG|[77]|DEBUG|16:00:00.000Z
13:34:37.0 (41000973)|STATEMENT_EXECUTE|[78]
13:34:37.0 (41010106)|HEAP_ALLOCATE|[78]|Bytes:4
13:34:37.0 (41024139)|VARIABLE_ASSIGNMENT|[78]|t|59400000
13:34:37.0 (41028591)|STATEMENT_EXECUTE|[79]
13:34:37.0 (41033430)|HEAP_ALLOCATE|[79]|Bytes:28
13:34:37.0 (41047186)|HEAP_ALLOCATE|[79]|Bytes:28
13:34:37.0 (41059802)|VARIABLE_ASSIGNMENT|[79]|i1|4.5
13:34:37.0 (41065669)|STATEMENT_EXECUTE|[80]
13:34:37.0 (41096061)|VARIABLE_ASSIGNMENT|[EXTERNAL]|this|{"aptdum":"0x22ad1fa9","Docdum":"0x656cfcbc","Docmap":"0x387acdbe","Initialselected":3,"Selecteddoc":"a260H000001koYjQAI","SelectedtimeSlot":30,"timelist":"0x7ea34b41","timewraplist":"0x2c0af20a","timewraplistInitial":"0x2a8046a7"}|0x426a0d82
13:34:37.0 (41110812)|HEAP_ALLOCATE|[EXTERNAL]|Bytes:4
13:34:37.0 (41123158)|STATEMENT_EXECUTE|[84]
13:34:37.0 (41124896)|STATEMENT_EXECUTE|[85]
13:34:37.0 (41153799)|VARIABLE_ASSIGNMENT|[EXTERNAL]|this|{"aptdum":"0x22ad1fa9","Docdum":"0x656cfcbc","Docmap":"0x387acdbe","Initialselected":3,"Selecteddoc":"a260H000001koYjQAI","SelectedtimeSlot":30,"timelist":"0x7ea34b41","timewraplist":"0x2c0af20a","timewraplistInitial":"0x2a8046a7"}|0x426a0d82
13:34:37.0 (41167629)|HEAP_ALLOCATE|[85]|Bytes:12
13:34:37.0 (41180010)|CONSTRUCTOR_ENTRY|[85]|01p0H000007gCe8|<init>(Boolean,Time)
13:34:37.0 (41186106)|VARIABLE_SCOPE_BEGIN|[178]|this|docappcontroller.Wrapertimeslot|true|false
13:34:37.0 (41199912)|VARIABLE_ASSIGNMENT|[178]|this|{}|0x16f7f14a
13:34:37.0 (41206256)|VARIABLE_SCOPE_BEGIN|[178]|selection|Boolean|false|false
13:34:37.0 (41213605)|VARIABLE_ASSIGNMENT|[178]|selection|true
13:34:37.0 (41217035)|VARIABLE_SCOPE_BEGIN|[178]|tm|Time|false|false
13:34:37.0 (41225161)|VARIABLE_ASSIGNMENT|[178]|tm|59400000
13:34:37.0 (41229567)|STATEMENT_EXECUTE|[174]
13:34:37.0 (41231298)|STATEMENT_EXECUTE|[175]
13:34:37.0 (41232762)|STATEMENT_EXECUTE|[176]
13:34:37.0 (41241764)|STATEMENT_EXECUTE|[178]
13:34:37.0 (41243396)|STATEMENT_EXECUTE|[179]
13:34:37.0 (41254699)|VARIABLE_ASSIGNMENT|[EXTERNAL]|this|{}|0x16f7f14a
13:34:37.0 (41263423)|VARIABLE_ASSIGNMENT|[EXTERNAL]|value|true
13:34:37.0 (41268943)|HEAP_ALLOCATE|[175]|Bytes:5
13:34:37.0 (41275141)|VARIABLE_ASSIGNMENT|[175]|this.selected|true|0x16f7f14a
13:34:37.0 (41282244)|STATEMENT_EXECUTE|[180]
13:34:37.0 (41296790)|VARIABLE_ASSIGNMENT|[EXTERNAL]|this|{"selected":true}|0x16f7f14a
13:34:37.0 (41306525)|VARIABLE_ASSIGNMENT|[EXTERNAL]|value|59400000
13:34:37.0 (41314340)|VARIABLE_ASSIGNMENT|[176]|this.t|59400000|0x16f7f14a
13:34:37.0 (41327891)|CONSTRUCTOR_EXIT|[85]|01p0H000007gCe8|<init>(Boolean,Time)
13:34:37.0 (41337853)|HEAP_ALLOCATE|[EXTERNAL]|Bytes:4
13:34:37.0 (41343852)|STATEMENT_EXECUTE|[86]
13:34:37.0 (41347633)|HEAP_ALLOCATE|[86]|Bytes:4
13:34:37.0 (41354633)|VARIABLE_ASSIGNMENT|[86]|this.Initialselected|4|0x426a0d82
13:34:37.0 (41365147)|HEAP_ALLOCATE|[76]|Bytes:28
13:34:37.0 (41369285)|HEAP_ALLOCATE|[76]|Bytes:28
13:34:37.0 (41388119)|STATEMENT_EXECUTE|[76]
13:34:37.0 (41389970)|STATEMENT_EXECUTE|[77]
13:34:37.0 (41398201)|USER_DEBUG|[77]|DEBUG|16:30:00.000Z
13:34:37.0 (41404828)|STATEMENT_EXECUTE|[78]
13:34:37.0 (41413241)|HEAP_ALLOCATE|[78]|Bytes:4
13:34:37.0 (41427065)|VARIABLE_ASSIGNMENT|[78]|t|61200000
13:34:37.0 (41431161)|STATEMENT_EXECUTE|[79]
13:34:37.0 (41436080)|HEAP_ALLOCATE|[79]|Bytes:28
13:34:37.0 (41449079)|HEAP_ALLOCATE|[79]|Bytes:28
13:34:37.0 (41460802)|VARIABLE_ASSIGNMENT|[79]|i1|5.0
13:34:37.0 (41465064)|STATEMENT_EXECUTE|[80]
13:34:37.0 (41494224)|VARIABLE_ASSIGNMENT|[EXTERNAL]|this|{"aptdum":"0x22ad1fa9","Docdum":"0x656cfcbc","Docmap":"0x387acdbe","Initialselected":4,"Selecteddoc":"a260H000001koYjQAI","SelectedtimeSlot":30,"timelist":"0x7ea34b41","timewraplist":"0x2c0af20a","timewraplistInitial":"0x2a8046a7"}|0x426a0d82
13:34:37.0 (41509595)|HEAP_ALLOCATE|[EXTERNAL]|Bytes:4
13:34:37.0 (41522503)|STATEMENT_EXECUTE|[82]
13:34:37.0 (41524257)|STATEMENT_EXECUTE|[83]
13:34:37.0 (41548882)|VARIABLE_ASSIGNMENT|[EXTERNAL]|this|{"aptdum":"0x22ad1fa9","Docdum":"0x656cfcbc","Docmap":"0x387acdbe","Initialselected":4,"Selecteddoc":"a260H000001koYjQAI","SelectedtimeSlot":30,"timelist":"0x7ea34b41","timewraplist":"0x2c0af20a","timewraplistInitial":"0x2a8046a7"}|0x426a0d82
13:34:37.0 (41560569)|HEAP_ALLOCATE|[83]|Bytes:12
13:34:37.0 (41572383)|CONSTRUCTOR_ENTRY|[83]|01p0H000007gCe8|<init>(Boolean,Time)
13:34:37.0 (41578112)|VARIABLE_SCOPE_BEGIN|[178]|this|docappcontroller.Wrapertimeslot|true|false
13:34:37.0 (41591404)|VARIABLE_ASSIGNMENT|[178]|this|{}|0x5e64c4be
13:34:37.0 (41597891)|VARIABLE_SCOPE_BEGIN|[178]|selection|Boolean|false|false
13:34:37.0 (41605773)|VARIABLE_ASSIGNMENT|[178]|selection|false
13:34:37.0 (41609377)|VARIABLE_SCOPE_BEGIN|[178]|tm|Time|false|false
13:34:37.0 (41617797)|VARIABLE_ASSIGNMENT|[178]|tm|61200000
13:34:37.0 (41622353)|STATEMENT_EXECUTE|[174]
13:34:37.0 (41623964)|STATEMENT_EXECUTE|[175]
13:34:37.0 (41625487)|STATEMENT_EXECUTE|[176]
13:34:37.0 (41634443)|STATEMENT_EXECUTE|[178]
13:34:37.0 (41636063)|STATEMENT_EXECUTE|[179]
13:34:37.0 (41647282)|VARIABLE_ASSIGNMENT|[EXTERNAL]|this|{}|0x5e64c4be
13:34:37.0 (41656398)|VARIABLE_ASSIGNMENT|[EXTERNAL]|value|false
13:34:37.0 (41662508)|HEAP_ALLOCATE|[175]|Bytes:5
13:34:37.0 (41668754)|VARIABLE_ASSIGNMENT|[175]|this.selected|false|0x5e64c4be
13:34:37.0 (41676347)|STATEMENT_EXECUTE|[180]
13:34:37.0 (41687992)|VARIABLE_ASSIGNMENT|[EXTERNAL]|this|{"selected":false}|0x5e64c4be
13:34:37.0 (41697667)|VARIABLE_ASSIGNMENT|[EXTERNAL]|value|61200000
13:34:37.0 (41705119)|VARIABLE_ASSIGNMENT|[176]|this.t|61200000|0x5e64c4be
13:34:37.0 (41719148)|CONSTRUCTOR_EXIT|[83]|01p0H000007gCe8|<init>(Boolean,Time)
13:34:37.0 (41729421)|HEAP_ALLOCATE|[EXTERNAL]|Bytes:4
13:34:37.0 (41739872)|HEAP_ALLOCATE|[76]|Bytes:28
13:34:37.0 (41743944)|HEAP_ALLOCATE|[76]|Bytes:28
13:34:37.0 (41761832)|STATEMENT_EXECUTE|[76]
13:34:37.0 (41763694)|STATEMENT_EXECUTE|[77]
13:34:37.0 (41771781)|USER_DEBUG|[77]|DEBUG|17:00:00.000Z
13:34:37.0 (41778215)|STATEMENT_EXECUTE|[78]
13:34:37.0 (41786300)|HEAP_ALLOCATE|[78]|Bytes:4
13:34:37.0 (41800219)|VARIABLE_ASSIGNMENT|[78]|t|63000000
13:34:37.0 (41804483)|STATEMENT_EXECUTE|[79]
13:34:37.0 (41809286)|HEAP_ALLOCATE|[79]|Bytes:28
13:34:37.0 (41822109)|HEAP_ALLOCATE|[79]|Bytes:28
13:34:37.0 (41833742)|VARIABLE_ASSIGNMENT|[79]|i1|5.5
13:34:37.0 (41837870)|STATEMENT_EXECUTE|[80]
13:34:37.0 (41867019)|VARIABLE_ASSIGNMENT|[EXTERNAL]|this|{"aptdum":"0x22ad1fa9","Docdum":"0x656cfcbc","Docmap":"0x387acdbe","Initialselected":4,"Selecteddoc":"a260H000001koYjQAI","SelectedtimeSlot":30,"timelist":"0x7ea34b41","timewraplist":"0x2c0af20a","timewraplistInitial":"0x2a8046a7"}|0x426a0d82
13:34:37.0 (41882997)|HEAP_ALLOCATE|[EXTERNAL]|Bytes:4
13:34:37.0 (41894906)|STATEMENT_EXECUTE|[82]
13:34:37.0 (41896815)|STATEMENT_EXECUTE|[83]
13:34:37.0 (41920631)|VARIABLE_ASSIGNMENT|[EXTERNAL]|this|{"aptdum":"0x22ad1fa9","Docdum":"0x656cfcbc","Docmap":"0x387acdbe","Initialselected":4,"Selecteddoc":"a260H000001koYjQAI","SelectedtimeSlot":30,"timelist":"0x7ea34b41","timewraplist":"0x2c0af20a","timewraplistInitial":"0x2a8046a7"}|0x426a0d82
13:34:37.0 (41932441)|HEAP_ALLOCATE|[83]|Bytes:12
13:34:37.0 (41943933)|CONSTRUCTOR_ENTRY|[83]|01p0H000007gCe8|<init>(Boolean,Time)
13:34:37.0 (41949278)|VARIABLE_SCOPE_BEGIN|[178]|this|docappcontroller.Wrapertimeslot|true|false
13:34:37.0 (41961735)|VARIABLE_ASSIGNMENT|[178]|this|{}|0x595da07b
13:34:37.0 (41968345)|VARIABLE_SCOPE_BEGIN|[178]|selection|Boolean|false|false
13:34:37.0 (41975846)|VARIABLE_ASSIGNMENT|[178]|selection|false
13:34:37.0 (41979647)|VARIABLE_SCOPE_BEGIN|[178]|tm|Time|false|false
13:34:37.0 (41987259)|VARIABLE_ASSIGNMENT|[178]|tm|63000000
13:34:37.0 (41991604)|STATEMENT_EXECUTE|[174]
13:34:37.0 (41993251)|STATEMENT_EXECUTE|[175]
13:34:37.0 (41994809)|STATEMENT_EXECUTE|[176]
13:34:37.0 (42003464)|STATEMENT_EXECUTE|[178]
13:34:37.0 (42006107)|STATEMENT_EXECUTE|[179]
13:34:37.0 (42017310)|VARIABLE_ASSIGNMENT|[EXTERNAL]|this|{}|0x595da07b
13:34:37.0 (42026868)|VARIABLE_ASSIGNMENT|[EXTERNAL]|value|false
13:34:37.0 (42032565)|HEAP_ALLOCATE|[175]|Bytes:5
13:34:37.0 (42039174)|VARIABLE_ASSIGNMENT|[175]|this.selected|false|0x595da07b
13:34:37.0 (42046668)|STATEMENT_EXECUTE|[180]
13:34:37.0 (42059118)|VARIABLE_ASSIGNMENT|[EXTERNAL]|this|{"selected":false}|0x595da07b
13:34:37.0 (42069813)|VARIABLE_ASSIGNMENT|[EXTERNAL]|value|63000000
13:34:37.0 (42078153)|VARIABLE_ASSIGNMENT|[176]|this.t|63000000|0x595da07b
13:34:37.0 (42091386)|CONSTRUCTOR_EXIT|[83]|01p0H000007gCe8|<init>(Boolean,Time)
13:34:37.0 (42100749)|HEAP_ALLOCATE|[EXTERNAL]|Bytes:4
13:34:37.0 (42111342)|HEAP_ALLOCATE|[76]|Bytes:28
13:34:37.0 (42115448)|HEAP_ALLOCATE|[76]|Bytes:28
13:34:37.0 (42138454)|STATEMENT_EXECUTE|[76]
13:34:37.0 (42140496)|STATEMENT_EXECUTE|[77]
13:34:37.0 (42148383)|USER_DEBUG|[77]|DEBUG|17:30:00.000Z
13:34:37.0 (42155278)|STATEMENT_EXECUTE|[78]
13:34:37.0 (42163577)|HEAP_ALLOCATE|[78]|Bytes:4
13:34:37.0 (42178207)|VARIABLE_ASSIGNMENT|[78]|t|64800000
13:34:37.0 (42183501)|STATEMENT_EXECUTE|[79]
13:34:37.0 (42188478)|HEAP_ALLOCATE|[79]|Bytes:28
13:34:37.0 (42201926)|HEAP_ALLOCATE|[79]|Bytes:28
13:34:37.0 (42213720)|VARIABLE_ASSIGNMENT|[79]|i1|6.0
13:34:37.0 (42221029)|STATEMENT_EXECUTE|[80]
13:34:37.0 (42250764)|VARIABLE_ASSIGNMENT|[EXTERNAL]|this|{"aptdum":"0x22ad1fa9","Docdum":"0x656cfcbc","Docmap":"0x387acdbe","Initialselected":4,"Selecteddoc":"a260H000001koYjQAI","SelectedtimeSlot":30,"timelist":"0x7ea34b41","timewraplist":"0x2c0af20a","timewraplistInitial":"0x2a8046a7"}|0x426a0d82
13:34:37.0 (42266661)|HEAP_ALLOCATE|[EXTERNAL]|Bytes:4
13:34:37.0 (42278714)|STATEMENT_EXECUTE|[82]
13:34:37.0 (42280502)|STATEMENT_EXECUTE|[83]
13:34:37.0 (42304203)|VARIABLE_ASSIGNMENT|[EXTERNAL]|this|{"aptdum":"0x22ad1fa9","Docdum":"0x656cfcbc","Docmap":"0x387acdbe","Initialselected":4,"Selecteddoc":"a260H000001koYjQAI","SelectedtimeSlot":30,"timelist":"0x7ea34b41","timewraplist":"0x2c0af20a","timewraplistInitial":"0x2a8046a7"}|0x426a0d82
13:34:37.0 (42316691)|HEAP_ALLOCATE|[83]|Bytes:12
13:34:37.0 (42328896)|CONSTRUCTOR_ENTRY|[83]|01p0H000007gCe8|<init>(Boolean,Time)
13:34:37.0 (42335055)|VARIABLE_SCOPE_BEGIN|[178]|this|docappcontroller.Wrapertimeslot|true|false
13:34:37.0 (42348384)|VARIABLE_ASSIGNMENT|[178]|this|{}|0x1d0d53fa
13:34:37.0 (42354426)|VARIABLE_SCOPE_BEGIN|[178]|selection|Boolean|false|false
13:34:37.0 (42361496)|VARIABLE_ASSIGNMENT|[178]|selection|false
13:34:37.0 (42364815)|VARIABLE_SCOPE_BEGIN|[178]|tm|Time|false|false
13:34:37.0 (42372570)|VARIABLE_ASSIGNMENT|[178]|tm|64800000
13:34:37.0 (42376730)|STATEMENT_EXECUTE|[174]
13:34:37.0 (42378365)|STATEMENT_EXECUTE|[175]
13:34:37.0 (42379907)|STATEMENT_EXECUTE|[176]
13:34:37.0 (42388991)|STATEMENT_EXECUTE|[178]
13:34:37.0 (42390655)|STATEMENT_EXECUTE|[179]
13:34:37.0 (42402097)|VARIABLE_ASSIGNMENT|[EXTERNAL]|this|{}|0x1d0d53fa
13:34:37.0 (42410864)|VARIABLE_ASSIGNMENT|[EXTERNAL]|value|false
13:34:37.0 (42415824)|HEAP_ALLOCATE|[175]|Bytes:5
13:34:37.0 (42422620)|VARIABLE_ASSIGNMENT|[175]|this.selected|false|0x1d0d53fa
13:34:37.0 (42430368)|STATEMENT_EXECUTE|[180]
13:34:37.0 (42442222)|VARIABLE_ASSIGNMENT|[EXTERNAL]|this|{"selected":false}|0x1d0d53fa
13:34:37.0 (42451305)|VARIABLE_ASSIGNMENT|[EXTERNAL]|value|64800000
13:34:37.0 (42458652)|VARIABLE_ASSIGNMENT|[176]|this.t|64800000|0x1d0d53fa
13:34:37.0 (42471727)|CONSTRUCTOR_EXIT|[83]|01p0H000007gCe8|<init>(Boolean,Time)
13:34:37.0 (42480630)|HEAP_ALLOCATE|[EXTERNAL]|Bytes:4
13:34:37.0 (42490928)|HEAP_ALLOCATE|[76]|Bytes:28
13:34:37.0 (42494784)|HEAP_ALLOCATE|[76]|Bytes:28
13:34:37.0 (42512919)|STATEMENT_EXECUTE|[76]
13:34:37.0 (42514922)|STATEMENT_EXECUTE|[77]
13:34:37.0 (42522690)|USER_DEBUG|[77]|DEBUG|18:00:00.000Z
13:34:37.0 (42529241)|STATEMENT_EXECUTE|[78]
13:34:37.0 (42537202)|HEAP_ALLOCATE|[78]|Bytes:4
13:34:37.0 (42551060)|VARIABLE_ASSIGNMENT|[78]|t|66600000
13:34:37.0 (42555479)|STATEMENT_EXECUTE|[79]
13:34:37.0 (42560479)|HEAP_ALLOCATE|[79]|Bytes:28
13:34:37.0 (42573712)|HEAP_ALLOCATE|[79]|Bytes:28
13:34:37.0 (42585180)|VARIABLE_ASSIGNMENT|[79]|i1|6.5
13:34:37.0 (42589202)|STATEMENT_EXECUTE|[80]
13:34:37.0 (42617570)|VARIABLE_ASSIGNMENT|[EXTERNAL]|this|{"aptdum":"0x22ad1fa9","Docdum":"0x656cfcbc","Docmap":"0x387acdbe","Initialselected":4,"Selecteddoc":"a260H000001koYjQAI","SelectedtimeSlot":30,"timelist":"0x7ea34b41","timewraplist":"0x2c0af20a","timewraplistInitial":"0x2a8046a7"}|0x426a0d82
13:34:37.0 (42632505)|HEAP_ALLOCATE|[EXTERNAL]|Bytes:4
13:34:37.0 (42644426)|STATEMENT_EXECUTE|[82]
13:34:37.0 (42646187)|STATEMENT_EXECUTE|[83]
13:34:37.0 (42670054)|VARIABLE_ASSIGNMENT|[EXTERNAL]|this|{"aptdum":"0x22ad1fa9","Docdum":"0x656cfcbc","Docmap":"0x387acdbe","Initialselected":4,"Selecteddoc":"a260H000001koYjQAI","SelectedtimeSlot":30,"timelist":"0x7ea34b41","timewraplist":"0x2c0af20a","timewraplistInitial":"0x2a8046a7"}|0x426a0d82
13:34:37.0 (42682603)|HEAP_ALLOCATE|[83]|Bytes:12
13:34:37.0 (42694256)|CONSTRUCTOR_ENTRY|[83]|01p0H000007gCe8|<init>(Boolean,Time)
13:34:37.0 (42700204)|VARIABLE_SCOPE_BEGIN|[178]|this|docappcontroller.Wrapertimeslot|true|false
13:34:37.0 (42713979)|VARIABLE_ASSIGNMENT|[178]|this|{}|0x50b35d7
13:34:37.0 (42720640)|VARIABLE_SCOPE_BEGIN|[178]|selection|Boolean|false|false
13:34:37.0 (42728302)|VARIABLE_ASSIGNMENT|[178]|selection|false
13:34:37.0 (42732017)|VARIABLE_SCOPE_BEGIN|[178]|tm|Time|false|false
13:34:37.0 (42740168)|VARIABLE_ASSIGNMENT|[178]|tm|66600000
13:34:37.0 (42744529)|STATEMENT_EXECUTE|[174]
13:34:37.0 (42746125)|STATEMENT_EXECUTE|[175]
13:34:37.0 (42747667)|STATEMENT_EXECUTE|[176]
13:34:37.0 (42756287)|STATEMENT_EXECUTE|[178]
13:34:37.0 (42757911)|STATEMENT_EXECUTE|[179]
13:34:37.0 (42768971)|VARIABLE_ASSIGNMENT|[EXTERNAL]|this|{}|0x50b35d7
13:34:37.0 (42777785)|VARIABLE_ASSIGNMENT|[EXTERNAL]|value|false
13:34:37.0 (42783198)|HEAP_ALLOCATE|[175]|Bytes:5
13:34:37.0 (42789367)|VARIABLE_ASSIGNMENT|[175]|this.selected|false|0x50b35d7
13:34:37.0 (42796606)|STATEMENT_EXECUTE|[180]
13:34:37.0 (42808152)|VARIABLE_ASSIGNMENT|[EXTERNAL]|this|{"selected":false}|0x50b35d7
13:34:37.0 (42817384)|VARIABLE_ASSIGNMENT|[EXTERNAL]|value|66600000
13:34:37.0 (42824688)|VARIABLE_ASSIGNMENT|[176]|this.t|66600000|0x50b35d7
13:34:37.0 (42838200)|CONSTRUCTOR_EXIT|[83]|01p0H000007gCe8|<init>(Boolean,Time)
13:34:37.0 (42847612)|HEAP_ALLOCATE|[EXTERNAL]|Bytes:4
13:34:37.0 (42857882)|HEAP_ALLOCATE|[76]|Bytes:28
13:34:37.0 (42862328)|HEAP_ALLOCATE|[76]|Bytes:28
13:34:37.0 (42880921)|STATEMENT_EXECUTE|[76]
13:34:37.0 (42882782)|STATEMENT_EXECUTE|[77]
13:34:37.0 (42891010)|USER_DEBUG|[77]|DEBUG|18:30:00.000Z
13:34:37.0 (42898812)|STATEMENT_EXECUTE|[78]
13:34:37.0 (42906974)|HEAP_ALLOCATE|[78]|Bytes:4
13:34:37.0 (42921061)|VARIABLE_ASSIGNMENT|[78]|t|68400000
13:34:37.0 (42925613)|STATEMENT_EXECUTE|[79]
13:34:37.0 (42930540)|HEAP_ALLOCATE|[79]|Bytes:28
13:34:37.0 (42943699)|HEAP_ALLOCATE|[79]|Bytes:28
13:34:37.0 (42954979)|VARIABLE_ASSIGNMENT|[79]|i1|7.0
13:34:37.0 (42959756)|STATEMENT_EXECUTE|[80]
13:34:37.0 (42987947)|VARIABLE_ASSIGNMENT|[EXTERNAL]|this|{"aptdum":"0x22ad1fa9","Docdum":"0x656cfcbc","Docmap":"0x387acdbe","Initialselected":4,"Selecteddoc":"a260H000001koYjQAI","SelectedtimeSlot":30,"timelist":"0x7ea34b41","timewraplist":"0x2c0af20a","timewraplistInitial":"0x2a8046a7"}|0x426a0d82
13:34:37.0 (43002548)|HEAP_ALLOCATE|[EXTERNAL]|Bytes:4
13:34:37.0 (43015395)|STATEMENT_EXECUTE|[82]
13:34:37.0 (43017176)|STATEMENT_EXECUTE|[83]
13:34:37.0 (43040848)|VARIABLE_ASSIGNMENT|[EXTERNAL]|this|{"aptdum":"0x22ad1fa9","Docdum":"0x656cfcbc","Docmap":"0x387acdbe","Initialselected":4,"Selecteddoc":"a260H000001koYjQAI","SelectedtimeSlot":30,"timelist":"0x7ea34b41","timewraplist":"0x2c0af20a","timewraplistInitial":"0x2a8046a7"}|0x426a0d82
13:34:37.0 (43052420)|HEAP_ALLOCATE|[83]|Bytes:12
13:34:37.0 (43066751)|CONSTRUCTOR_ENTRY|[83]|01p0H000007gCe8|<init>(Boolean,Time)
13:34:37.0 (43073014)|VARIABLE_SCOPE_BEGIN|[178]|this|docappcontroller.Wrapertimeslot|true|false
13:34:37.0 (43086435)|VARIABLE_ASSIGNMENT|[178]|this|{}|0x599fa566
13:34:37.0 (43093237)|VARIABLE_SCOPE_BEGIN|[178]|selection|Boolean|false|false
13:34:37.0 (43101164)|VARIABLE_ASSIGNMENT|[178]|selection|false
13:34:37.0 (43104614)|VARIABLE_SCOPE_BEGIN|[178]|tm|Time|false|false
13:34:37.0 (43114651)|VARIABLE_ASSIGNMENT|[178]|tm|68400000
13:34:37.0 (43119464)|STATEMENT_EXECUTE|[174]
13:34:37.0 (43121073)|STATEMENT_EXECUTE|[175]
13:34:37.0 (43122559)|STATEMENT_EXECUTE|[176]
13:34:37.0 (43135724)|STATEMENT_EXECUTE|[178]
13:34:37.0 (43137435)|STATEMENT_EXECUTE|[179]
13:34:37.0 (43149988)|VARIABLE_ASSIGNMENT|[EXTERNAL]|this|{}|0x599fa566
13:34:37.0 (43159296)|VARIABLE_ASSIGNMENT|[EXTERNAL]|value|false
13:34:37.0 (43164863)|HEAP_ALLOCATE|[175]|Bytes:5
13:34:37.0 (43171133)|VARIABLE_ASSIGNMENT|[175]|this.selected|false|0x599fa566
13:34:37.0 (43178822)|STATEMENT_EXECUTE|[180]
13:34:37.0 (43190459)|VARIABLE_ASSIGNMENT|[EXTERNAL]|this|{"selected":false}|0x599fa566
13:34:37.0 (43199631)|VARIABLE_ASSIGNMENT|[EXTERNAL]|value|68400000
13:34:37.0 (43206870)|VARIABLE_ASSIGNMENT|[176]|this.t|68400000|0x599fa566
13:34:37.0 (43220083)|CONSTRUCTOR_EXIT|[83]|01p0H000007gCe8|<init>(Boolean,Time)
13:34:37.0 (43229572)|HEAP_ALLOCATE|[EXTERNAL]|Bytes:4
13:34:37.0 (43239916)|HEAP_ALLOCATE|[76]|Bytes:28
13:34:37.0 (43244180)|HEAP_ALLOCATE|[76]|Bytes:28
13:34:37.0 (43267795)|HEAP_ALLOCATE|[92]|Bytes:28
13:34:37.0 (43272193)|HEAP_ALLOCATE|[92]|Bytes:28
13:34:37.0 (43279030)|HEAP_ALLOCATE|[92]|Bytes:28
13:34:37.0 (43303884)|HEAP_ALLOCATE|[92]|Bytes:28
13:34:37.0 (43327078)|STATEMENT_EXECUTE|[92]
13:34:37.0 (43329223)|STATEMENT_EXECUTE|[98]
13:34:37.0 (43365219)|VARIABLE_ASSIGNMENT|[EXTERNAL]|this|{"aptdum":"0x22ad1fa9","Docdum":"0x656cfcbc","Docmap":"0x387acdbe","Initialselected":4,"Selecteddoc":"a260H000001koYjQAI","SelectedtimeSlot":30,"timelist":"0x7ea34b41","timewraplist":"0x2c0af20a","timewraplistInitial":"0x2a8046a7"}|0x426a0d82
13:34:37.0 (43384545)|VARIABLE_ASSIGNMENT|[98]|this.timewraplistInitial|"List of size 15 too large to display"|0x426a0d82
13:34:37.0 (43390472)|STATEMENT_EXECUTE|[100]
13:34:37.46 (46764794)|SYSTEM_MODE_ENTER|true
13:34:37.46 (46824368)|HEAP_ALLOCATE|[EXTERNAL]|Bytes:8
13:34:37.46 (46834018)|VARIABLE_SCOPE_BEGIN|[88]|this|ApexPage.PageMessagesComponentController|true|false
13:34:37.46 (46857873)|VARIABLE_ASSIGNMENT|[88]|this|{}|0x36ab56ad
13:34:37.46 (46864231)|VARIABLE_SCOPE_BEGIN|[88]|escape|Boolean|false|false
13:34:37.46 (46872259)|VARIABLE_ASSIGNMENT|[88]|escape|null
13:34:37.46 (46964456)|SYSTEM_MODE_ENTER|true
13:34:37.46 (47008523)|HEAP_ALLOCATE|[EXTERNAL]|Bytes:8
13:34:37.46 (47015775)|VARIABLE_SCOPE_BEGIN|[2]|this|ApexPage.PageMessagesComponentController|true|false
13:34:37.46 (47034715)|VARIABLE_ASSIGNMENT|[2]|this|{}|0x36ab56ad
13:34:37.0 (47362221)|SYSTEM_MODE_ENTER|true
13:34:37.0 (47788190)|SYSTEM_MODE_ENTER|true
13:34:37.0 (48138989)|SYSTEM_MODE_ENTER|true
13:34:37.0 (48235913)|SYSTEM_MODE_ENTER|true
13:34:37.86 (86573474)|SYSTEM_MODE_ENTER|true
13:34:37.86 (86660820)|HEAP_ALLOCATE|[EXTERNAL]|Bytes:8
13:34:37.86 (86675248)|VARIABLE_SCOPE_BEGIN|[88]|this|ApexPage.PageMessagesComponentController|true|false
13:34:37.86 (86710680)|VARIABLE_ASSIGNMENT|[88]|this|{}|0x36ab56ad
13:34:37.86 (86717698)|VARIABLE_SCOPE_BEGIN|[88]|escape|Boolean|false|false
13:34:37.86 (86726841)|VARIABLE_ASSIGNMENT|[88]|escape|null
13:34:37.86 (86867031)|SYSTEM_MODE_ENTER|true
13:34:37.86 (86902947)|HEAP_ALLOCATE|[EXTERNAL]|Bytes:8
13:34:37.86 (86910409)|VARIABLE_SCOPE_BEGIN|[2]|this|ApexPage.PageMessagesComponentController|true|false
13:34:37.86 (86929981)|VARIABLE_ASSIGNMENT|[2]|this|{}|0x36ab56ad
13:34:37.0 (88530046)|SYSTEM_MODE_ENTER|true
13:34:37.0 (88576633)|HEAP_ALLOCATE|[EXTERNAL]|Bytes:44
13:34:37.0 (88585797)|VARIABLE_SCOPE_BEGIN|[133]|this|docappcontroller|true|false
13:34:37.0 (88640804)|VARIABLE_ASSIGNMENT|[133]|this|{"aptdum":"0x22ad1fa9","Docdum":"0x656cfcbc","Docmap":"0x387acdbe","Initialselected":4,"Selecteddoc":"a260H000001koYjQAI","SelectedtimeSlot":30,"timelist":"0x7ea34b41","timewraplist":"0x2c0af20a","timewraplistInitial":"0x2c0af20a"}|0x426a0d82
13:34:37.0 (88654698)|STATEMENT_EXECUTE|[133]
13:34:37.0 (88657478)|STATEMENT_EXECUTE|[135]
13:34:37.0 (88673497)|HEAP_ALLOCATE|[135]|Bytes:4
13:34:37.0 (88694044)|VARIABLE_SCOPE_BEGIN|[135]|options|List<System.SelectOption>|true|false
13:34:37.0 (88719071)|HEAP_ALLOCATE|[EXTERNAL]|Bytes:4
13:34:37.0 (88729607)|VARIABLE_ASSIGNMENT|[135]|options|[]|0x5ee4df73
13:34:37.0 (88735607)|STATEMENT_EXECUTE|[136]
13:34:37.0 (88761286)|HEAP_ALLOCATE|[EXTERNAL]|Bytes:4
13:34:37.0 (88803079)|VARIABLE_ASSIGNMENT|[EXTERNAL]|this|{"aptdum":"0x22ad1fa9","Docdum":"0x656cfcbc","Docmap":"0x387acdbe","Initialselected":4,"Selecteddoc":"a260H000001koYjQAI","SelectedtimeSlot":30,"timelist":"0x7ea34b41","timewraplist":"0x2c0af20a","timewraplistInitial":"0x2c0af20a"}|0x426a0d82
13:34:37.0 (88817092)|STATEMENT_EXECUTE|[137]
13:34:37.0 (88842452)|VARIABLE_ASSIGNMENT|[EXTERNAL]|this|{"aptdum":"0x22ad1fa9","Docdum":"0x656cfcbc","Docmap":"0x387acdbe","Initialselected":4,"Selecteddoc":"a260H000001koYjQAI","SelectedtimeSlot":30,"timelist":"0x7ea34b41","timewraplist":"0x2c0af20a","timewraplistInitial":"0x2c0af20a"}|0x426a0d82
13:34:37.0 (88864722)|HEAP_ALLOCATE|[EXTERNAL]|Bytes:12
13:34:37.0 (88883873)|HEAP_ALLOCATE|[138]|Bytes:237
13:34:37.0 (88907238)|HEAP_ALLOCATE|[138]|Bytes:5
13:34:37.0 (88922791)|HEAP_ALLOCATE|[138]|Bytes:24
13:34:37.0 (88932692)|VARIABLE_SCOPE_BEGIN|[138]|doc|Doctor__c|true|false
13:34:37.0 (88954919)|VARIABLE_ASSIGNMENT|[138]|doc|{"Id":"a260H000001koYjQAI","Name":"doc 2","End_Time__c":68400000,"Speciality__c":"General Surgery","Start_Time__c":43200000}|0x7aede05c
13:34:37.0 (88961509)|STATEMENT_EXECUTE|[138]
13:34:37.0 (88963219)|STATEMENT_EXECUTE|[139]
13:34:37.0 (88984298)|HEAP_ALLOCATE|[139]|Bytes:18
13:34:37.0 (88999981)|HEAP_ALLOCATE|[EXTERNAL]|Bytes:4
13:34:37.0 (89012320)|HEAP_ALLOCATE|[138]|Bytes:5
13:34:37.0 (89022485)|HEAP_ALLOCATE|[138]|Bytes:24
13:34:37.0 (89028307)|VARIABLE_SCOPE_BEGIN|[138]|doc|Doctor__c|true|false
13:34:37.0 (89049949)|VARIABLE_ASSIGNMENT|[138]|doc|{"Id":"a260H000001koYeQAI","Name":"Doc1","End_Time__c":64800000,"Speciality__c":"General Surgery","Start_Time__c":32400000}|0x3195efd9
13:34:37.0 (89056434)|STATEMENT_EXECUTE|[138]
13:34:37.0 (89058382)|STATEMENT_EXECUTE|[139]
13:34:37.0 (89068249)|HEAP_ALLOCATE|[139]|Bytes:18
13:34:37.0 (89080310)|HEAP_ALLOCATE|[EXTERNAL]|Bytes:4
13:34:37.0 (89090932)|HEAP_ALLOCATE|[138]|Bytes:5
13:34:37.0 (89101197)|VARIABLE_ASSIGNMENT|[138]|doc|null|
13:34:37.0 (89106733)|STATEMENT_EXECUTE|[145]
13:34:37.0 (89275070)|SYSTEM_MODE_ENTER|true
13:34:37.0 (92984764)|SYSTEM_MODE_ENTER|true
13:34:37.0 (93026821)|HEAP_ALLOCATE|[EXTERNAL]|Bytes:44
13:34:37.0 (93036622)|VARIABLE_SCOPE_BEGIN|[150]|this|docappcontroller|true|false
13:34:37.0 (93077151)|VARIABLE_ASSIGNMENT|[150]|this|{"aptdum":"0x22ad1fa9","Docdum":"0x656cfcbc","Docmap":"0x387acdbe","Initialselected":4,"Selecteddoc":"a260H000001koYjQAI","SelectedtimeSlot":30,"timelist":"0x7ea34b41","timewraplist":"0x2c0af20a","timewraplistInitial":"0x2c0af20a"}|0x426a0d82
13:34:37.0 (93089328)|STATEMENT_EXECUTE|[150]
13:34:37.0 (93091635)|STATEMENT_EXECUTE|[152]
13:34:37.0 (93102340)|HEAP_ALLOCATE|[152]|Bytes:4
13:34:37.0 (93118913)|VARIABLE_SCOPE_BEGIN|[152]|options|List<System.SelectOption>|true|false
13:34:37.0 (93147089)|HEAP_ALLOCATE|[EXTERNAL]|Bytes:4
13:34:37.0 (93156171)|VARIABLE_ASSIGNMENT|[152]|options|[]|0x27cbcd9d
13:34:37.0 (93162091)|STATEMENT_EXECUTE|[153]
13:34:37.0 (93178280)|HEAP_ALLOCATE|[EXTERNAL]|Bytes:4
13:34:37.0 (93185520)|STATEMENT_EXECUTE|[156]
13:34:37.0 (93193088)|HEAP_ALLOCATE|[EXTERNAL]|Bytes:4
13:34:37.0 (93198266)|STATEMENT_EXECUTE|[157]
13:34:37.0 (93205006)|HEAP_ALLOCATE|[EXTERNAL]|Bytes:4
13:34:37.0 (93209511)|STATEMENT_EXECUTE|[162]
13:34:37.0 (93328563)|SYSTEM_MODE_ENTER|true
13:34:37.0 (95278518)|VF_SERIALIZE_VIEWSTATE_BEGIN|0660H000004OdRk
13:34:37.0 (112458697)|VF_SERIALIZE_VIEWSTATE_END
13:34:37.0 (129029227)|CODE_UNIT_STARTED|[EXTERNAL]|Generate Metadata
13:34:37.0 (131392663)|CODE_UNIT_FINISHED|Generate Metadata
13:34:37.133 (133911407)|CUMULATIVE_LIMIT_USAGE
13:34:37.133 (133911407)|LIMIT_USAGE_FOR_NS|(default)|
  Number of SOQL queries: 1 out of 100
  Number of query rows: 1 out of 50000
  Number of SOSL queries: 0 out of 20
  Number of DML statements: 0 out of 150
  Number of DML rows: 0 out of 10000
  Maximum CPU time: 0 out of 10000
  Maximum heap size: 0 out of 6000000
  Number of callouts: 0 out of 100
  Number of Email Invocations: 0 out of 10
  Number of future calls: 0 out of 50
  Number of queueable jobs added to the queue: 0 out of 50
  Number of Mobile Apex push calls: 0 out of 10

13:34:37.133 (133911407)|CUMULATIVE_LIMIT_USAGE_END

13:34:37.0 (133950264)|CODE_UNIT_FINISHED|VF: /apex/docapp
13:34:37.0 (134729509)|EXECUTION_FINISHED
