42.0 APEX_CODE,FINEST;APEX_PROFILING,INFO;CALLOUT,INFO;DB,INFO;SYSTEM,DEBUG;VALIDATION,INFO;VISUALFORCE,INFO;WAVE,INFO;WORKFLOW,INFO
13:38:25.0 (68860)|USER_INFO|[EXTERNAL]|005i0000002qYvT|anton@igate.com|India Standard Time|GMT+05:30
13:38:25.0 (103941)|EXECUTION_STARTED
13:38:25.0 (110808)|CODE_UNIT_STARTED|[EXTERNAL]|0660H000004OdRk|VF: /apex/docapp
13:38:25.0 (1283682)|VF_DESERIALIZE_VIEWSTATE_BEGIN|0660H000004OdRk
13:38:25.0 (6954200)|HEAP_ALLOCATE|[72]|Bytes:3
13:38:25.0 (6991149)|HEAP_ALLOCATE|[77]|Bytes:152
13:38:25.0 (7003329)|HEAP_ALLOCATE|[342]|Bytes:408
13:38:25.0 (7015388)|HEAP_ALLOCATE|[355]|Bytes:408
13:38:25.0 (7026332)|HEAP_ALLOCATE|[467]|Bytes:48
13:38:25.0 (7050721)|HEAP_ALLOCATE|[139]|Bytes:6
13:38:25.0 (9640858)|VF_DESERIALIZE_VIEWSTATE_END
13:38:25.10 (10265192)|SYSTEM_MODE_ENTER|true
13:38:25.10 (10337945)|HEAP_ALLOCATE|[EXTERNAL]|Bytes:38
13:38:25.10 (10346208)|HEAP_ALLOCATE|[EXTERNAL]|Bytes:7
13:38:25.10 (10356026)|SYSTEM_METHOD_ENTRY|[1]|PageMessagesComponentController.PageMessagesComponentController()
13:38:25.10 (10361727)|STATEMENT_EXECUTE|[1]
13:38:25.11 (11099760)|SYSTEM_MODE_ENTER|true
13:38:25.11 (11153367)|HEAP_ALLOCATE|[EXTERNAL]|Bytes:8
13:38:25.11 (11161540)|VARIABLE_SCOPE_BEGIN|[88]|this|ApexPage.PageMessagesComponentController|true|false
13:38:25.11 (11200471)|VARIABLE_ASSIGNMENT|[88]|this|{}|0x2d099e81
13:38:25.11 (11207254)|VARIABLE_SCOPE_BEGIN|[88]|escape|Boolean|false|false
13:38:25.11 (11216908)|VARIABLE_ASSIGNMENT|[88]|escape|null
13:38:25.0 (11370183)|SYSTEM_MODE_ENTER|true
13:38:25.0 (11392422)|HEAP_ALLOCATE|[EXTERNAL]|Bytes:14
13:38:25.0 (11399478)|HEAP_ALLOCATE|[EXTERNAL]|Bytes:248
13:38:25.0 (11403560)|HEAP_ALLOCATE|[EXTERNAL]|Bytes:53
13:38:25.0 (11407043)|HEAP_ALLOCATE|[EXTERNAL]|Bytes:13
13:38:25.0 (11413283)|METHOD_ENTRY|[1]|01p0H000007gCe8|docappcontroller.docappcontroller()
13:38:25.0 (11422817)|STATEMENT_EXECUTE|[1]
13:38:25.0 (11426772)|STATEMENT_EXECUTE|[1]
13:38:25.0 (11428463)|STATEMENT_EXECUTE|[174]
13:38:25.0 (11432675)|METHOD_EXIT|[1]|docappcontroller
13:38:25.0 (12597088)|SYSTEM_MODE_ENTER|true
13:38:25.0 (13310388)|SYSTEM_MODE_ENTER|true
13:38:25.0 (14357101)|HEAP_ALLOCATE|[EXTERNAL]|Bytes:44
13:38:25.0 (14368252)|VARIABLE_SCOPE_BEGIN|[119]|this|docappcontroller|true|false
13:38:25.0 (14422155)|VARIABLE_ASSIGNMENT|[119]|this|{"aptdum":"0x21f63f83","Docdum":"0x54f1036b","Initialselected":0,"timewraplistInitial":"0x1be677ac"}|0x4eac2132
13:38:25.0 (14433077)|STATEMENT_EXECUTE|[119]
13:38:25.0 (14435083)|STATEMENT_EXECUTE|[120]
13:38:25.0 (14439364)|HEAP_ALLOCATE|[120]|Bytes:9
13:38:25.0 (14486691)|VARIABLE_ASSIGNMENT|[EXTERNAL]|this|{"aptdum":"0x21f63f83","Docdum":"0x54f1036b","Initialselected":0,"timewraplistInitial":"0x1be677ac"}|0x4eac2132
13:38:25.0 (14550452)|HEAP_ALLOCATE|[120]|Bytes:42
13:38:25.0 (14569887)|HEAP_ALLOCATE|[120]|Bytes:51
13:38:25.0 (14589928)|USER_DEBUG|[120]|DEBUG|hello--->Doctor__c:{Speciality__c=General Medicine}
13:38:25.0 (14628765)|VARIABLE_ASSIGNMENT|[EXTERNAL]|this|{"aptdum":"0x21f63f83","Docdum":"0x54f1036b","Initialselected":0,"timewraplistInitial":"0x1be677ac"}|0x4eac2132
13:38:25.0 (14659943)|STATEMENT_EXECUTE|[121]
13:38:25.0 (14661945)|STATEMENT_EXECUTE|[122]
13:38:25.0 (14683665)|HEAP_ALLOCATE|[122]|Bytes:4
13:38:25.0 (14690502)|HEAP_ALLOCATE|[122]|Bytes:104
13:38:25.0 (14705169)|HEAP_ALLOCATE|[122]|Bytes:4
13:38:25.0 (14714991)|HEAP_ALLOCATE|[122]|Bytes:7
13:38:25.0 (14747805)|VARIABLE_ASSIGNMENT|[EXTERNAL]|this|{"aptdum":"0x21f63f83","Docdum":"0x54f1036b","Initialselected":0,"timewraplistInitial":"0x1be677ac"}|0x4eac2132
13:38:25.0 (15005264)|SOQL_EXECUTE_BEGIN|[122]|Aggregations:0|SELECT Id, Name, End_Time__c, Speciality__c, Start_Time__c FROM Doctor__c WHERE Speciality__c = :tmpVar1
13:38:25.0 (18538803)|SOQL_EXECUTE_END|[122]|Rows:0
13:38:25.0 (18563976)|HEAP_ALLOCATE|[122]|Bytes:4
13:38:25.0 (18574678)|HEAP_ALLOCATE|[122]|Bytes:0
13:38:25.0 (18605687)|HEAP_ALLOCATE|[122]|Bytes:4
13:38:25.0 (18677085)|VARIABLE_ASSIGNMENT|[EXTERNAL]|this|{"aptdum":"0x21f63f83","Docdum":"0x54f1036b","Initialselected":0,"timewraplistInitial":"0x1be677ac"}|0x4eac2132
13:38:25.0 (18697442)|VARIABLE_ASSIGNMENT|[EXTERNAL]|value|{}|0x4d8925c
13:38:25.0 (18714794)|VARIABLE_ASSIGNMENT|[109]|this.Docmap|{}|0x4eac2132
13:38:25.0 (18725534)|STATEMENT_EXECUTE|[125]
13:38:25.0 (18763783)|VARIABLE_ASSIGNMENT|[EXTERNAL]|this|{"aptdum":"0x21f63f83","Docdum":"0x54f1036b","Docmap":"0x4d8925c","Initialselected":0,"timewraplistInitial":"0x1be677ac"}|0x4eac2132
13:38:25.0 (18784920)|USER_DEBUG|[125]|DEBUG|{}
13:38:25.0 (18792262)|STATEMENT_EXECUTE|[128]
13:38:25.22 (22172302)|SYSTEM_MODE_ENTER|true
13:38:25.22 (22229085)|HEAP_ALLOCATE|[EXTERNAL]|Bytes:8
13:38:25.22 (22237475)|VARIABLE_SCOPE_BEGIN|[88]|this|ApexPage.PageMessagesComponentController|true|false
13:38:25.22 (22258586)|VARIABLE_ASSIGNMENT|[88]|this|{}|0x2d099e81
13:38:25.22 (22265306)|VARIABLE_SCOPE_BEGIN|[88]|escape|Boolean|false|false
13:38:25.22 (22273049)|VARIABLE_ASSIGNMENT|[88]|escape|null
13:38:25.22 (22354851)|SYSTEM_MODE_ENTER|true
13:38:25.22 (22385186)|HEAP_ALLOCATE|[EXTERNAL]|Bytes:8
13:38:25.22 (22391178)|VARIABLE_SCOPE_BEGIN|[2]|this|ApexPage.PageMessagesComponentController|true|false
13:38:25.22 (22408346)|VARIABLE_ASSIGNMENT|[2]|this|{}|0x2d099e81
13:38:25.0 (22790122)|SYSTEM_MODE_ENTER|true
13:38:25.23 (23217254)|SYSTEM_MODE_ENTER|true
13:38:25.23 (23265233)|HEAP_ALLOCATE|[EXTERNAL]|Bytes:8
13:38:25.23 (23272599)|VARIABLE_SCOPE_BEGIN|[88]|this|ApexPage.PageMessagesComponentController|true|false
13:38:25.23 (23293635)|VARIABLE_ASSIGNMENT|[88]|this|{}|0x2d099e81
13:38:25.23 (23299993)|VARIABLE_SCOPE_BEGIN|[88]|escape|Boolean|false|false
13:38:25.23 (23307522)|VARIABLE_ASSIGNMENT|[88]|escape|null
13:38:25.23 (23415561)|SYSTEM_MODE_ENTER|true
13:38:25.23 (23447770)|HEAP_ALLOCATE|[EXTERNAL]|Bytes:8
13:38:25.23 (23454935)|VARIABLE_SCOPE_BEGIN|[2]|this|ApexPage.PageMessagesComponentController|true|false
13:38:25.23 (23472367)|VARIABLE_ASSIGNMENT|[2]|this|{}|0x2d099e81
13:38:25.0 (24360086)|SYSTEM_MODE_ENTER|true
13:38:25.0 (26364532)|SYSTEM_MODE_ENTER|true
13:38:25.0 (26420403)|HEAP_ALLOCATE|[EXTERNAL]|Bytes:44
13:38:25.0 (26428949)|VARIABLE_SCOPE_BEGIN|[133]|this|docappcontroller|true|false
13:38:25.0 (26464599)|VARIABLE_ASSIGNMENT|[133]|this|{"aptdum":"0x21f63f83","Docdum":"0x54f1036b","Docmap":"0x4d8925c","Initialselected":0,"timewraplistInitial":"0x1be677ac"}|0x4eac2132
13:38:25.0 (26475940)|STATEMENT_EXECUTE|[133]
13:38:25.0 (26478100)|STATEMENT_EXECUTE|[135]
13:38:25.0 (26490252)|HEAP_ALLOCATE|[135]|Bytes:4
13:38:25.0 (26519563)|VARIABLE_SCOPE_BEGIN|[135]|options|List<System.SelectOption>|true|false
13:38:25.0 (26541397)|HEAP_ALLOCATE|[EXTERNAL]|Bytes:4
13:38:25.0 (26551529)|VARIABLE_ASSIGNMENT|[135]|options|[]|0x7f59e864
13:38:25.0 (26557184)|STATEMENT_EXECUTE|[136]
13:38:25.0 (26564741)|HEAP_ALLOCATE|[136]|Bytes:8
13:38:25.0 (26614681)|HEAP_ALLOCATE|[EXTERNAL]|Bytes:4
13:38:25.0 (26660090)|VARIABLE_ASSIGNMENT|[EXTERNAL]|this|{"aptdum":"0x21f63f83","Docdum":"0x54f1036b","Docmap":"0x4d8925c","Initialselected":0,"timewraplistInitial":"0x1be677ac"}|0x4eac2132
13:38:25.0 (26672518)|STATEMENT_EXECUTE|[137]
13:38:25.0 (26703898)|VARIABLE_ASSIGNMENT|[EXTERNAL]|this|{"aptdum":"0x21f63f83","Docdum":"0x54f1036b","Docmap":"0x4d8925c","Initialselected":0,"timewraplistInitial":"0x1be677ac"}|0x4eac2132
13:38:25.0 (26726045)|HEAP_ALLOCATE|[EXTERNAL]|Bytes:4
13:38:25.0 (26732771)|HEAP_ALLOCATE|[138]|Bytes:4
13:38:25.0 (26868289)|HEAP_ALLOCATE|[138]|Bytes:5
13:38:25.0 (26884249)|VARIABLE_ASSIGNMENT|[138]|doc|null|
13:38:25.0 (26890177)|STATEMENT_EXECUTE|[138]
13:38:25.0 (26892241)|STATEMENT_EXECUTE|[145]
13:38:25.0 (27055944)|SYSTEM_MODE_ENTER|true
13:38:25.0 (27146405)|SYSTEM_MODE_ENTER|true
13:38:25.0 (27922075)|SYSTEM_MODE_ENTER|true
13:38:25.0 (27963002)|HEAP_ALLOCATE|[EXTERNAL]|Bytes:44
13:38:25.0 (27971934)|VARIABLE_SCOPE_BEGIN|[150]|this|docappcontroller|true|false
13:38:25.0 (28007187)|VARIABLE_ASSIGNMENT|[150]|this|{"aptdum":"0x21f63f83","Docdum":"0x54f1036b","Docmap":"0x4d8925c","Initialselected":0,"timewraplistInitial":"0x1be677ac"}|0x4eac2132
13:38:25.0 (28019521)|STATEMENT_EXECUTE|[150]
13:38:25.0 (28021665)|STATEMENT_EXECUTE|[152]
13:38:25.0 (28031852)|HEAP_ALLOCATE|[152]|Bytes:4
13:38:25.0 (28053206)|VARIABLE_SCOPE_BEGIN|[152]|options|List<System.SelectOption>|true|false
13:38:25.0 (28075995)|HEAP_ALLOCATE|[EXTERNAL]|Bytes:4
13:38:25.0 (28084180)|VARIABLE_ASSIGNMENT|[152]|options|[]|0x22e0557b
13:38:25.0 (28089767)|STATEMENT_EXECUTE|[153]
13:38:25.0 (28128487)|HEAP_ALLOCATE|[EXTERNAL]|Bytes:4
13:38:25.0 (28137003)|STATEMENT_EXECUTE|[156]
13:38:25.0 (28142074)|HEAP_ALLOCATE|[156]|Bytes:2
13:38:25.0 (28166028)|HEAP_ALLOCATE|[EXTERNAL]|Bytes:4
13:38:25.0 (28173801)|STATEMENT_EXECUTE|[157]
13:38:25.0 (28177835)|HEAP_ALLOCATE|[157]|Bytes:2
13:38:25.0 (28198059)|HEAP_ALLOCATE|[EXTERNAL]|Bytes:4
13:38:25.0 (28204445)|STATEMENT_EXECUTE|[162]
13:38:25.0 (28332526)|SYSTEM_MODE_ENTER|true
13:38:25.0 (29718149)|VF_SERIALIZE_VIEWSTATE_BEGIN|0660H000004OdRk
13:38:25.0 (45970391)|VF_SERIALIZE_VIEWSTATE_END
13:38:25.0 (50225661)|CODE_UNIT_STARTED|[EXTERNAL]|Generate Metadata
13:38:25.0 (50693254)|CODE_UNIT_FINISHED|Generate Metadata
13:38:25.52 (52640919)|CUMULATIVE_LIMIT_USAGE
13:38:25.52 (52640919)|LIMIT_USAGE_FOR_NS|(default)|
  Number of SOQL queries: 1 out of 100
  Number of query rows: 0 out of 50000
  Number of SOSL queries: 0 out of 20
  Number of DML statements: 0 out of 150
  Number of DML rows: 0 out of 10000
  Maximum CPU time: 0 out of 10000
  Maximum heap size: 0 out of 6000000
  Number of callouts: 0 out of 100
  Number of Email Invocations: 0 out of 10
  Number of future calls: 0 out of 50
  Number of queueable jobs added to the queue: 0 out of 50
  Number of Mobile Apex push calls: 0 out of 10

13:38:25.52 (52640919)|CUMULATIVE_LIMIT_USAGE_END

13:38:25.0 (52680971)|CODE_UNIT_FINISHED|VF: /apex/docapp
13:38:25.0 (53549367)|EXECUTION_FINISHED
