42.0 APEX_CODE,FINEST;APEX_PROFILING,INFO;CALLOUT,INFO;DB,INFO;SYSTEM,DEBUG;VALIDATION,INFO;VISUALFORCE,INFO;WAVE,INFO;WORKFLOW,INFO
15:09:56.0 (60218)|USER_INFO|[EXTERNAL]|005i0000002qYvT|anton@igate.com|India Standard Time|GMT+05:30
15:09:56.0 (94284)|EXECUTION_STARTED
15:09:56.0 (100930)|CODE_UNIT_STARTED|[EXTERNAL]|0660H000004OdRk|VF: /apex/docapp
15:09:56.0 (1910664)|VF_DESERIALIZE_VIEWSTATE_BEGIN|0660H000004OdRk
15:09:56.0 (5104824)|HEAP_ALLOCATE|[72]|Bytes:3
15:09:56.0 (5146976)|HEAP_ALLOCATE|[77]|Bytes:152
15:09:56.0 (5163034)|HEAP_ALLOCATE|[342]|Bytes:408
15:09:56.0 (5176513)|HEAP_ALLOCATE|[355]|Bytes:408
15:09:56.0 (5187677)|HEAP_ALLOCATE|[467]|Bytes:48
15:09:56.0 (5214126)|HEAP_ALLOCATE|[139]|Bytes:6
15:09:56.0 (8480802)|VF_DESERIALIZE_VIEWSTATE_END
15:09:56.9 (9120864)|SYSTEM_MODE_ENTER|true
15:09:56.9 (9200069)|HEAP_ALLOCATE|[EXTERNAL]|Bytes:38
15:09:56.9 (9209065)|HEAP_ALLOCATE|[EXTERNAL]|Bytes:7
15:09:56.9 (9218755)|SYSTEM_METHOD_ENTRY|[1]|PageMessagesComponentController.PageMessagesComponentController()
15:09:56.9 (9224712)|STATEMENT_EXECUTE|[1]
15:09:56.10 (10010201)|SYSTEM_MODE_ENTER|true
15:09:56.10 (10062785)|HEAP_ALLOCATE|[EXTERNAL]|Bytes:8
15:09:56.10 (10070828)|VARIABLE_SCOPE_BEGIN|[88]|this|ApexPage.PageMessagesComponentController|true|false
15:09:56.10 (10107653)|VARIABLE_ASSIGNMENT|[88]|this|{}|0x33d71840
15:09:56.10 (10113792)|VARIABLE_SCOPE_BEGIN|[88]|escape|Boolean|false|false
15:09:56.10 (10123277)|VARIABLE_ASSIGNMENT|[88]|escape|null
15:09:56.0 (10266499)|SYSTEM_MODE_ENTER|true
15:09:56.0 (10288834)|HEAP_ALLOCATE|[EXTERNAL]|Bytes:14
15:09:56.0 (10296588)|HEAP_ALLOCATE|[EXTERNAL]|Bytes:248
15:09:56.0 (10300702)|HEAP_ALLOCATE|[EXTERNAL]|Bytes:53
15:09:56.0 (10303999)|HEAP_ALLOCATE|[EXTERNAL]|Bytes:20
15:09:56.0 (10309766)|METHOD_ENTRY|[1]|01p0H000007gCe8|docappcontroller.docappcontroller()
15:09:56.0 (10315234)|STATEMENT_EXECUTE|[1]
15:09:56.0 (10319751)|STATEMENT_EXECUTE|[1]
15:09:56.0 (10322846)|STATEMENT_EXECUTE|[201]
15:09:56.0 (10327225)|METHOD_EXIT|[1]|docappcontroller
15:09:56.0 (14592808)|SYSTEM_MODE_ENTER|true
15:09:56.0 (15363955)|SYSTEM_MODE_ENTER|true
15:09:56.0 (16293345)|SYSTEM_MODE_ENTER|true
15:09:56.0 (16568971)|HEAP_ALLOCATE|[EXTERNAL]|Bytes:48
15:09:56.0 (16579095)|VARIABLE_SCOPE_BEGIN|[160]|this|docappcontroller|true|false
15:09:56.0 (16631601)|VARIABLE_ASSIGNMENT|[160]|this|{"aptdum":"0x25cfe464","Docdum":"0x1f82ad1e","Docmap":"0x3e3f7018","Initialselected":0,"timewraplistInitial":"0x4aea180e"}|0x2ff89de1
15:09:56.0 (16642730)|STATEMENT_EXECUTE|[160]
15:09:56.0 (16644941)|STATEMENT_EXECUTE|[162]
15:09:56.0 (16661435)|HEAP_ALLOCATE|[162]|Bytes:4
15:09:56.0 (16694887)|VARIABLE_SCOPE_BEGIN|[162]|options|List<System.SelectOption>|true|false
15:09:56.0 (16719536)|HEAP_ALLOCATE|[EXTERNAL]|Bytes:4
15:09:56.0 (16730452)|VARIABLE_ASSIGNMENT|[162]|options|[]|0x105c39f3
15:09:56.0 (16735966)|STATEMENT_EXECUTE|[163]
15:09:56.0 (16743722)|HEAP_ALLOCATE|[163]|Bytes:8
15:09:56.0 (16795144)|HEAP_ALLOCATE|[EXTERNAL]|Bytes:4
15:09:56.0 (16843296)|VARIABLE_ASSIGNMENT|[EXTERNAL]|this|{"aptdum":"0x25cfe464","Docdum":"0x1f82ad1e","Docmap":"0x3e3f7018","Initialselected":0,"timewraplistInitial":"0x4aea180e"}|0x2ff89de1
15:09:56.0 (16856826)|STATEMENT_EXECUTE|[164]
15:09:56.0 (16885595)|VARIABLE_ASSIGNMENT|[EXTERNAL]|this|{"aptdum":"0x25cfe464","Docdum":"0x1f82ad1e","Docmap":"0x3e3f7018","Initialselected":0,"timewraplistInitial":"0x4aea180e"}|0x2ff89de1
15:09:56.0 (16941977)|HEAP_ALLOCATE|[EXTERNAL]|Bytes:12
15:09:56.0 (16959506)|HEAP_ALLOCATE|[165]|Bytes:237
15:09:56.0 (17091494)|HEAP_ALLOCATE|[165]|Bytes:5
15:09:56.0 (17126794)|HEAP_ALLOCATE|[165]|Bytes:24
15:09:56.0 (17137060)|VARIABLE_SCOPE_BEGIN|[165]|doc|Doctor__c|true|false
15:09:56.0 (17161067)|VARIABLE_ASSIGNMENT|[165]|doc|{"Id":"a260H000001koYjQAI","Name":"doc 2","End_Time__c":68400000,"Speciality__c":"General Surgery","Start_Time__c":43200000}|0x3494f336
15:09:56.0 (17168457)|STATEMENT_EXECUTE|[165]
15:09:56.0 (17170278)|STATEMENT_EXECUTE|[166]
15:09:56.0 (17208636)|HEAP_ALLOCATE|[166]|Bytes:18
15:09:56.0 (17258285)|HEAP_ALLOCATE|[EXTERNAL]|Bytes:4
15:09:56.0 (17273669)|HEAP_ALLOCATE|[165]|Bytes:5
15:09:56.0 (17292077)|HEAP_ALLOCATE|[165]|Bytes:24
15:09:56.0 (17298920)|VARIABLE_SCOPE_BEGIN|[165]|doc|Doctor__c|true|false
15:09:56.0 (17315157)|VARIABLE_ASSIGNMENT|[165]|doc|{"Id":"a260H000001koYeQAI","Name":"Doc1","End_Time__c":64800000,"Speciality__c":"General Surgery","Start_Time__c":32400000}|0x4ab3784b
15:09:56.0 (17321272)|STATEMENT_EXECUTE|[165]
15:09:56.0 (17322889)|STATEMENT_EXECUTE|[166]
15:09:56.0 (17331017)|HEAP_ALLOCATE|[166]|Bytes:18
15:09:56.0 (17343550)|HEAP_ALLOCATE|[EXTERNAL]|Bytes:4
15:09:56.0 (17354574)|HEAP_ALLOCATE|[165]|Bytes:5
15:09:56.0 (17364301)|VARIABLE_ASSIGNMENT|[165]|doc|null|
15:09:56.0 (17369465)|STATEMENT_EXECUTE|[172]
15:09:56.0 (17450376)|SYSTEM_MODE_ENTER|true
15:09:56.0 (17751503)|SYSTEM_MODE_ENTER|true
15:09:56.0 (17806291)|HEAP_ALLOCATE|[EXTERNAL]|Bytes:48
15:09:56.0 (17813713)|VARIABLE_SCOPE_BEGIN|[177]|this|docappcontroller|true|false
15:09:56.0 (17847524)|VARIABLE_ASSIGNMENT|[177]|this|{"aptdum":"0x25cfe464","Docdum":"0x1f82ad1e","Docmap":"0x3e3f7018","Initialselected":0,"timewraplistInitial":"0x4aea180e"}|0x2ff89de1
15:09:56.0 (17857523)|STATEMENT_EXECUTE|[177]
15:09:56.0 (17859622)|STATEMENT_EXECUTE|[179]
15:09:56.0 (17868861)|HEAP_ALLOCATE|[179]|Bytes:4
15:09:56.0 (17890265)|VARIABLE_SCOPE_BEGIN|[179]|options|List<System.SelectOption>|true|false
15:09:56.0 (17911598)|HEAP_ALLOCATE|[EXTERNAL]|Bytes:4
15:09:56.0 (17919616)|VARIABLE_ASSIGNMENT|[179]|options|[]|0x219c05f9
15:09:56.0 (17925173)|STATEMENT_EXECUTE|[180]
15:09:56.0 (17968580)|HEAP_ALLOCATE|[EXTERNAL]|Bytes:4
15:09:56.0 (17976951)|STATEMENT_EXECUTE|[183]
15:09:56.0 (17981405)|HEAP_ALLOCATE|[183]|Bytes:2
15:09:56.0 (18003971)|HEAP_ALLOCATE|[EXTERNAL]|Bytes:4
15:09:56.0 (18010932)|STATEMENT_EXECUTE|[184]
15:09:56.0 (18014481)|HEAP_ALLOCATE|[184]|Bytes:2
15:09:56.0 (18033929)|HEAP_ALLOCATE|[EXTERNAL]|Bytes:4
15:09:56.0 (18039978)|STATEMENT_EXECUTE|[189]
15:09:56.0 (18108674)|SYSTEM_MODE_ENTER|true
15:09:56.18 (18656292)|SYSTEM_MODE_ENTER|true
15:09:56.18 (18707248)|HEAP_ALLOCATE|[EXTERNAL]|Bytes:8
15:09:56.18 (18715071)|VARIABLE_SCOPE_BEGIN|[88]|this|ApexPage.PageMessagesComponentController|true|false
15:09:56.18 (18735783)|VARIABLE_ASSIGNMENT|[88]|this|{}|0x33d71840
15:09:56.18 (18742047)|VARIABLE_SCOPE_BEGIN|[88]|escape|Boolean|false|false
15:09:56.18 (18749554)|VARIABLE_ASSIGNMENT|[88]|escape|null
15:09:56.0 (18931962)|SYSTEM_MODE_ENTER|true
15:09:56.0 (18963766)|HEAP_ALLOCATE|[EXTERNAL]|Bytes:18
15:09:56.0 (18968728)|HEAP_ALLOCATE|[EXTERNAL]|Bytes:48
15:09:56.0 (18979085)|VARIABLE_ASSIGNMENT|[EXTERNAL]|this.Selecteddoc|"a260H000001koYjQAI"|0x2ff89de1
15:09:56.0 (19020086)|SYSTEM_MODE_ENTER|true
15:09:56.0 (19164095)|SYSTEM_MODE_ENTER|true
15:09:56.0 (19205780)|SYSTEM_MODE_ENTER|true
15:09:56.0 (19221546)|HEAP_ALLOCATE|[EXTERNAL]|Bytes:8
15:09:56.0 (19226160)|HEAP_ALLOCATE|[EXTERNAL]|Bytes:48
15:09:56.0 (19234979)|VARIABLE_ASSIGNMENT|[EXTERNAL]|this.SelectedtimeSlot|60|0x2ff89de1
15:09:56.0 (19270694)|SYSTEM_MODE_ENTER|true
15:09:56.0 (19473211)|HEAP_ALLOCATE|[EXTERNAL]|Bytes:48
15:09:56.0 (19482378)|VARIABLE_SCOPE_BEGIN|[58]|this|docappcontroller|true|false
15:09:56.0 (19517902)|VARIABLE_ASSIGNMENT|[58]|this|{"aptdum":"0x25cfe464","Docdum":"0x1f82ad1e","Docmap":"0x3e3f7018","Initialselected":0,"Selecteddoc":"a260H000001koYjQAI","SelectedtimeSlot":60,"timewraplistInitial":"0x4aea180e"}|0x2ff89de1
15:09:56.0 (19528197)|STATEMENT_EXECUTE|[58]
15:09:56.0 (19530315)|STATEMENT_EXECUTE|[60]
15:09:56.0 (19572730)|VARIABLE_ASSIGNMENT|[EXTERNAL]|this|{"aptdum":"0x25cfe464","Docdum":"0x1f82ad1e","Docmap":"0x3e3f7018","Initialselected":0,"Selecteddoc":"a260H000001koYjQAI","SelectedtimeSlot":60,"timewraplistInitial":"0x4aea180e"}|0x2ff89de1
15:09:56.0 (19603552)|USER_DEBUG|[60]|DEBUG|a260H000001koYjQAI
15:09:56.0 (19641405)|VARIABLE_ASSIGNMENT|[EXTERNAL]|this|{"aptdum":"0x25cfe464","Docdum":"0x1f82ad1e","Docmap":"0x3e3f7018","Initialselected":0,"Selecteddoc":"a260H000001koYjQAI","SelectedtimeSlot":60,"timewraplistInitial":"0x4aea180e"}|0x2ff89de1
15:09:56.0 (19672661)|VARIABLE_ASSIGNMENT|[EXTERNAL]|this|{"aptdum":"0x25cfe464","Docdum":"0x1f82ad1e","Docmap":"0x3e3f7018","Initialselected":0,"Selecteddoc":"a260H000001koYjQAI","SelectedtimeSlot":60,"timewraplistInitial":"0x4aea180e"}|0x2ff89de1
15:09:56.0 (19704001)|STATEMENT_EXECUTE|[63]
15:09:56.0 (19706119)|STATEMENT_EXECUTE|[64]
15:09:56.0 (19735657)|VARIABLE_ASSIGNMENT|[EXTERNAL]|this|{"aptdum":"0x25cfe464","Docdum":"0x1f82ad1e","Docmap":"0x3e3f7018","Initialselected":0,"Selecteddoc":"a260H000001koYjQAI","SelectedtimeSlot":60,"timewraplistInitial":"0x4aea180e"}|0x2ff89de1
15:09:56.0 (19765546)|VARIABLE_ASSIGNMENT|[EXTERNAL]|this|{"aptdum":"0x25cfe464","Docdum":"0x1f82ad1e","Docmap":"0x3e3f7018","Initialselected":0,"Selecteddoc":"a260H000001koYjQAI","SelectedtimeSlot":60,"timewraplistInitial":"0x4aea180e"}|0x2ff89de1
15:09:56.0 (19790973)|VARIABLE_SCOPE_BEGIN|[64]|d|Doctor__c|true|false
15:09:56.0 (19809243)|VARIABLE_ASSIGNMENT|[64]|d|{"Id":"a260H000001koYjQAI","Name":"doc 2","End_Time__c":68400000,"Speciality__c":"General Surgery","Start_Time__c":43200000}|0x3494f336
15:09:56.0 (19815485)|STATEMENT_EXECUTE|[65]
15:09:56.0 (19859898)|HEAP_ALLOCATE|[65]|Bytes:4
15:09:56.0 (19902093)|HEAP_ALLOCATE|[65]|Bytes:150
15:09:56.0 (19918166)|HEAP_ALLOCATE|[65]|Bytes:4
15:09:56.0 (19927565)|HEAP_ALLOCATE|[65]|Bytes:7
15:09:56.0 (19965801)|VARIABLE_ASSIGNMENT|[EXTERNAL]|this|{"aptdum":"0x25cfe464","Docdum":"0x1f82ad1e","Docmap":"0x3e3f7018","Initialselected":0,"Selecteddoc":"a260H000001koYjQAI","SelectedtimeSlot":60,"timewraplistInitial":"0x4aea180e"}|0x2ff89de1
15:09:56.0 (19984367)|HEAP_ALLOCATE|[65]|Bytes:7
15:09:56.0 (20013555)|VARIABLE_ASSIGNMENT|[EXTERNAL]|this|{"aptdum":"0x25cfe464","Docdum":"0x1f82ad1e","Docmap":"0x3e3f7018","Initialselected":0,"Selecteddoc":"a260H000001koYjQAI","SelectedtimeSlot":60,"timewraplistInitial":"0x4aea180e"}|0x2ff89de1
15:09:56.0 (20368023)|SOQL_EXECUTE_BEGIN|[65]|Aggregations:0|SELECT Id, Name, Doctor__c, Patient__c, End_Time__c, Start_Time__c FROM Appointment__c WHERE (Doctor__c = :tmpVar1 AND Appointment_Date__c = :tmpVar2)
15:09:56.0 (33729669)|SOQL_EXECUTE_END|[65]|Rows:2
15:09:56.0 (33760308)|HEAP_ALLOCATE|[65]|Bytes:12
15:09:56.0 (33783593)|HEAP_ALLOCATE|[65]|Bytes:294
15:09:56.0 (33828675)|HEAP_ALLOCATE|[65]|Bytes:12
15:09:56.0 (33865375)|HEAP_ALLOCATE|[65]|Bytes:28
15:09:56.0 (33870572)|HEAP_ALLOCATE|[65]|Bytes:28
15:09:56.0 (33874928)|HEAP_ALLOCATE|[65]|Bytes:28
15:09:56.0 (33877952)|HEAP_ALLOCATE|[65]|Bytes:8
15:09:56.0 (33888710)|VARIABLE_SCOPE_BEGIN|[65]|aptlist|List<Appointment__c>|true|false
15:09:56.0 (33900060)|HEAP_ALLOCATE|[EXTERNAL]|Bytes:12
15:09:56.0 (33932806)|VARIABLE_ASSIGNMENT|[65]|aptlist|[{"Id":"a250H00000HaxnFQAR","Name":"A-00000","Doctor__c":"a260H000001koYjQAI","Patient__c":"a270H000006vXivQAE","End_Time__c":61200000,"Start_Time__c":54000000},{"Id":"a250H00000HayO3QAJ","Name":"A-00001","Doctor__c":"a260H000001koYjQAI","Patient__c":"a270H000006vXivQAE","End_Time__c":70200000,"Start_Time__c":68400000}]|0x4a4fceac
15:09:56.0 (33949503)|STATEMENT_EXECUTE|[66]
15:09:56.0 (33986074)|HEAP_ALLOCATE|[66]|Bytes:4
15:09:56.0 (34053065)|VARIABLE_ASSIGNMENT|[66]|this.timeset|[]|0x2ff89de1
15:09:56.0 (34178570)|HEAP_ALLOCATE|[67]|Bytes:5
15:09:56.0 (34193501)|HEAP_ALLOCATE|[67]|Bytes:28
15:09:56.0 (34202585)|VARIABLE_SCOPE_BEGIN|[67]|apt|Appointment__c|true|false
15:09:56.0 (34220435)|VARIABLE_ASSIGNMENT|[67]|apt|{"Id":"a250H00000HaxnFQAR","Name":"A-00000","Doctor__c":"a260H000001koYjQAI","Patient__c":"a270H000006vXivQAE","End_Time__c":61200000,"Start_Time__c":54000000}|0x45ee2ac5
15:09:56.0 (34227776)|STATEMENT_EXECUTE|[67]
15:09:56.0 (34229560)|STATEMENT_EXECUTE|[69]
15:09:56.0 (34270009)|VARIABLE_SCOPE_BEGIN|[69]|t|Time|false|false
15:09:56.0 (34282167)|VARIABLE_ASSIGNMENT|[69]|t|54000000
15:09:56.0 (34286981)|STATEMENT_EXECUTE|[70]
15:09:56.0 (34341006)|VARIABLE_SCOPE_BEGIN|[70]|i|Integer|false|false
15:09:56.0 (34349259)|HEAP_ALLOCATE|[70]|Bytes:4
15:09:56.0 (34357733)|VARIABLE_ASSIGNMENT|[70]|i|2
15:09:56.0 (34361838)|STATEMENT_EXECUTE|[71]
15:09:56.0 (34385757)|HEAP_ALLOCATE|[71]|Bytes:28
15:09:56.0 (34389816)|HEAP_ALLOCATE|[71]|Bytes:28
15:09:56.0 (34394312)|VARIABLE_SCOPE_BEGIN|[71]|i1|Decimal|false|false
15:09:56.0 (34405280)|VARIABLE_ASSIGNMENT|[71]|i1|0
15:09:56.0 (34408983)|STATEMENT_EXECUTE|[72]
15:09:56.0 (34435018)|HEAP_ALLOCATE|[EXTERNAL]|Bytes:4
15:09:56.0 (34443624)|STATEMENT_EXECUTE|[73]
15:09:56.0 (34445347)|STATEMENT_EXECUTE|[74]
15:09:56.0 (34469959)|USER_DEBUG|[74]|DEBUG|15:00:00.000Z
15:09:56.0 (34478528)|STATEMENT_EXECUTE|[75]
15:09:56.0 (34509451)|HEAP_ALLOCATE|[75]|Bytes:4
15:09:56.0 (34525733)|VARIABLE_ASSIGNMENT|[75]|t|55800000
15:09:56.0 (34530412)|STATEMENT_EXECUTE|[76]
15:09:56.0 (34533659)|HEAP_ALLOCATE|[76]|Bytes:3
15:09:56.0 (34547182)|HEAP_ALLOCATE|[76]|Bytes:28
15:09:56.0 (34579401)|HEAP_ALLOCATE|[76]|Bytes:28
15:09:56.0 (34595483)|VARIABLE_ASSIGNMENT|[76]|i1|0.5
15:09:56.0 (34600036)|STATEMENT_EXECUTE|[77]
15:09:56.0 (34617721)|HEAP_ALLOCATE|[EXTERNAL]|Bytes:4
15:09:56.0 (34630386)|HEAP_ALLOCATE|[78]|Bytes:28
15:09:56.0 (34634268)|HEAP_ALLOCATE|[78]|Bytes:28
15:09:56.0 (34640200)|HEAP_ALLOCATE|[78]|Bytes:28
15:09:56.0 (34661369)|HEAP_ALLOCATE|[78]|Bytes:28
15:09:56.0 (34687007)|STATEMENT_EXECUTE|[73]
15:09:56.0 (34688791)|STATEMENT_EXECUTE|[74]
15:09:56.0 (34697275)|USER_DEBUG|[74]|DEBUG|15:30:00.000Z
15:09:56.0 (34704019)|STATEMENT_EXECUTE|[75]
15:09:56.0 (34712494)|HEAP_ALLOCATE|[75]|Bytes:4
15:09:56.0 (34726150)|VARIABLE_ASSIGNMENT|[75]|t|57600000
15:09:56.0 (34730775)|STATEMENT_EXECUTE|[76]
15:09:56.0 (34735558)|HEAP_ALLOCATE|[76]|Bytes:28
15:09:56.0 (34747560)|HEAP_ALLOCATE|[76]|Bytes:28
15:09:56.0 (34758710)|VARIABLE_ASSIGNMENT|[76]|i1|1.0
15:09:56.0 (34762967)|STATEMENT_EXECUTE|[77]
15:09:56.0 (34769469)|HEAP_ALLOCATE|[EXTERNAL]|Bytes:4
15:09:56.0 (34778991)|HEAP_ALLOCATE|[78]|Bytes:28
15:09:56.0 (34782402)|HEAP_ALLOCATE|[78]|Bytes:28
15:09:56.0 (34788030)|HEAP_ALLOCATE|[78]|Bytes:28
15:09:56.0 (34800404)|HEAP_ALLOCATE|[78]|Bytes:28
15:09:56.0 (34819821)|STATEMENT_EXECUTE|[73]
15:09:56.0 (34821470)|STATEMENT_EXECUTE|[74]
15:09:56.0 (34828234)|USER_DEBUG|[74]|DEBUG|16:00:00.000Z
15:09:56.0 (34834724)|STATEMENT_EXECUTE|[75]
15:09:56.0 (34841748)|HEAP_ALLOCATE|[75]|Bytes:4
15:09:56.0 (34856875)|VARIABLE_ASSIGNMENT|[75]|t|59400000
15:09:56.0 (34863164)|STATEMENT_EXECUTE|[76]
15:09:56.0 (34867833)|HEAP_ALLOCATE|[76]|Bytes:28
15:09:56.0 (34883715)|HEAP_ALLOCATE|[76]|Bytes:28
15:09:56.0 (34896206)|VARIABLE_ASSIGNMENT|[76]|i1|1.5
15:09:56.0 (34900374)|STATEMENT_EXECUTE|[77]
15:09:56.0 (34906246)|HEAP_ALLOCATE|[EXTERNAL]|Bytes:4
15:09:56.0 (34922054)|HEAP_ALLOCATE|[78]|Bytes:28
15:09:56.0 (34926528)|HEAP_ALLOCATE|[78]|Bytes:28
15:09:56.0 (34931763)|HEAP_ALLOCATE|[78]|Bytes:28
15:09:56.0 (34949357)|HEAP_ALLOCATE|[78]|Bytes:28
15:09:56.0 (34976601)|HEAP_ALLOCATE|[67]|Bytes:5
15:09:56.0 (34988219)|HEAP_ALLOCATE|[67]|Bytes:28
15:09:56.0 (34995170)|VARIABLE_SCOPE_BEGIN|[67]|apt|Appointment__c|true|false
15:09:56.0 (35013492)|VARIABLE_ASSIGNMENT|[67]|apt|{"Id":"a250H00000HayO3QAJ","Name":"A-00001","Doctor__c":"a260H000001koYjQAI","Patient__c":"a270H000006vXivQAE","End_Time__c":70200000,"Start_Time__c":68400000}|0x4464a504
15:09:56.0 (35020852)|STATEMENT_EXECUTE|[67]
15:09:56.0 (35022421)|STATEMENT_EXECUTE|[69]
15:09:56.0 (35032627)|VARIABLE_SCOPE_BEGIN|[69]|t|Time|false|false
15:09:56.0 (35043240)|VARIABLE_ASSIGNMENT|[69]|t|68400000
15:09:56.0 (35047241)|STATEMENT_EXECUTE|[70]
15:09:56.0 (35068760)|VARIABLE_SCOPE_BEGIN|[70]|i|Integer|false|false
15:09:56.0 (35075826)|HEAP_ALLOCATE|[70]|Bytes:4
15:09:56.0 (35081584)|VARIABLE_ASSIGNMENT|[70]|i|0
15:09:56.0 (35090604)|STATEMENT_EXECUTE|[71]
15:09:56.0 (35096678)|HEAP_ALLOCATE|[71]|Bytes:28
15:09:56.0 (35100171)|HEAP_ALLOCATE|[71]|Bytes:28
15:09:56.0 (35104314)|VARIABLE_SCOPE_BEGIN|[71]|i1|Decimal|false|false
15:09:56.0 (35112660)|VARIABLE_ASSIGNMENT|[71]|i1|0
15:09:56.0 (35116440)|STATEMENT_EXECUTE|[72]
15:09:56.0 (35123169)|HEAP_ALLOCATE|[EXTERNAL]|Bytes:4
15:09:56.0 (35129135)|STATEMENT_EXECUTE|[73]
15:09:56.0 (35130627)|STATEMENT_EXECUTE|[74]
15:09:56.0 (35138270)|USER_DEBUG|[74]|DEBUG|19:00:00.000Z
15:09:56.0 (35144675)|STATEMENT_EXECUTE|[75]
15:09:56.0 (35153622)|HEAP_ALLOCATE|[75]|Bytes:4
15:09:56.0 (35168557)|VARIABLE_ASSIGNMENT|[75]|t|70200000
15:09:56.0 (35172717)|STATEMENT_EXECUTE|[76]
15:09:56.0 (35177732)|HEAP_ALLOCATE|[76]|Bytes:28
15:09:56.0 (35200047)|HEAP_ALLOCATE|[76]|Bytes:28
15:09:56.0 (35212288)|VARIABLE_ASSIGNMENT|[76]|i1|0.5
15:09:56.0 (35216440)|STATEMENT_EXECUTE|[77]
15:09:56.0 (35222049)|HEAP_ALLOCATE|[EXTERNAL]|Bytes:4
15:09:56.0 (35230915)|HEAP_ALLOCATE|[78]|Bytes:28
15:09:56.0 (35234271)|HEAP_ALLOCATE|[78]|Bytes:28
15:09:56.0 (35238846)|HEAP_ALLOCATE|[78]|Bytes:28
15:09:56.0 (35250949)|HEAP_ALLOCATE|[78]|Bytes:28
15:09:56.0 (35280798)|HEAP_ALLOCATE|[67]|Bytes:5
15:09:56.0 (35301643)|VARIABLE_ASSIGNMENT|[67]|apt|null|
15:09:56.0 (35306827)|STATEMENT_EXECUTE|[89]
15:09:56.0 (35394433)|HEAP_ALLOCATE|[89]|Bytes:4
15:09:56.0 (35501508)|VARIABLE_ASSIGNMENT|[EXTERNAL]|this|{"aptdum":"0x25cfe464","Docdum":"0x1f82ad1e","Docmap":"0x3e3f7018","Initialselected":0,"Selecteddoc":"a260H000001koYjQAI","SelectedtimeSlot":60,"timeset":"0x58a9d157","timewraplistInitial":"0x4aea180e"}|0x2ff89de1
15:09:56.0 (35521964)|HEAP_ALLOCATE|[EXTERNAL]|Bytes:4
15:09:56.0 (35529629)|VARIABLE_ASSIGNMENT|[EXTERNAL]|value|[]|0x2882d8dd
15:09:56.0 (35541584)|VARIABLE_ASSIGNMENT|[4]|this.timewraplist|[]|0x2ff89de1
15:09:56.0 (35550751)|STATEMENT_EXECUTE|[90]
15:09:56.0 (35562045)|HEAP_ALLOCATE|[90]|Bytes:4
15:09:56.0 (35615839)|VARIABLE_ASSIGNMENT|[EXTERNAL]|this|{"aptdum":"0x25cfe464","Docdum":"0x1f82ad1e","Docmap":"0x3e3f7018","Initialselected":0,"Selecteddoc":"a260H000001koYjQAI","SelectedtimeSlot":60,"timeset":"0x58a9d157","timewraplist":"0x2882d8dd","timewraplistInitial":"0x4aea180e"}|0x2ff89de1
15:09:56.0 (35634427)|HEAP_ALLOCATE|[EXTERNAL]|Bytes:4
15:09:56.0 (35640764)|VARIABLE_ASSIGNMENT|[EXTERNAL]|value|[]|0x4d9f2d6d
15:09:56.0 (35652229)|VARIABLE_ASSIGNMENT|[3]|this.timelist|[]|0x2ff89de1
15:09:56.0 (35660114)|STATEMENT_EXECUTE|[91]
15:09:56.0 (35688481)|VARIABLE_SCOPE_BEGIN|[91]|t|Time|false|false
15:09:56.0 (35702287)|VARIABLE_ASSIGNMENT|[91]|t|43200000
15:09:56.0 (35706345)|STATEMENT_EXECUTE|[92]
15:09:56.0 (35747337)|VARIABLE_SCOPE_BEGIN|[92]|i|Integer|false|false
15:09:56.0 (35754591)|HEAP_ALLOCATE|[92]|Bytes:4
15:09:56.0 (35760932)|VARIABLE_ASSIGNMENT|[92]|i|7
15:09:56.0 (35764714)|STATEMENT_EXECUTE|[93]
15:09:56.0 (35772368)|HEAP_ALLOCATE|[93]|Bytes:28
15:09:56.0 (35775999)|HEAP_ALLOCATE|[93]|Bytes:28
15:09:56.0 (35779737)|VARIABLE_SCOPE_BEGIN|[93]|i1|Decimal|false|false
15:09:56.0 (35788419)|VARIABLE_ASSIGNMENT|[93]|i1|0
15:09:56.0 (35818730)|STATEMENT_EXECUTE|[94]
15:09:56.0 (35820676)|STATEMENT_EXECUTE|[95]
15:09:56.0 (35867941)|VARIABLE_ASSIGNMENT|[EXTERNAL]|this|{"aptdum":"0x25cfe464","Docdum":"0x1f82ad1e","Docmap":"0x3e3f7018","Initialselected":0,"Selecteddoc":"a260H000001koYjQAI","SelectedtimeSlot":60,"timelist":"0x4d9f2d6d","timeset":"0x58a9d157","timewraplist":"0x2882d8dd","timewraplistInitial":"0x4aea180e"}|0x2ff89de1
15:09:56.0 (35896748)|HEAP_ALLOCATE|[95]|Bytes:108
15:09:56.0 (35904125)|HEAP_ALLOCATE|[95]|Bytes:11
15:09:56.0 (35919100)|HEAP_ALLOCATE|[95]|Bytes:12
15:09:56.0 (35950415)|CONSTRUCTOR_ENTRY|[95]|01p0H000007gCe8|<init>(Boolean,Time)
15:09:56.0 (35969246)|VARIABLE_SCOPE_BEGIN|[205]|this|docappcontroller.Wrapertimeslot|true|false
15:09:56.0 (35994743)|VARIABLE_ASSIGNMENT|[205]|this|{}|0x4da29463
15:09:56.0 (36002307)|VARIABLE_SCOPE_BEGIN|[205]|selection|Boolean|false|false
15:09:56.0 (36011207)|VARIABLE_ASSIGNMENT|[205]|selection|false
15:09:56.0 (36017926)|VARIABLE_SCOPE_BEGIN|[205]|tm|Time|false|false
15:09:56.0 (36027902)|VARIABLE_ASSIGNMENT|[205]|tm|43200000
15:09:56.0 (36033246)|STATEMENT_EXECUTE|[201]
15:09:56.0 (36035263)|STATEMENT_EXECUTE|[202]
15:09:56.0 (36037351)|STATEMENT_EXECUTE|[203]
15:09:56.0 (36044956)|HEAP_ALLOCATE|[206]|Bytes:6
15:09:56.0 (36073530)|STATEMENT_EXECUTE|[205]
15:09:56.0 (36075391)|STATEMENT_EXECUTE|[206]
15:09:56.0 (36132426)|VARIABLE_ASSIGNMENT|[EXTERNAL]|this|{}|0x4da29463
15:09:56.0 (36144267)|VARIABLE_ASSIGNMENT|[EXTERNAL]|value|false
15:09:56.0 (36155369)|HEAP_ALLOCATE|[202]|Bytes:5
15:09:56.0 (36162508)|VARIABLE_ASSIGNMENT|[202]|this.selected|false|0x4da29463
15:09:56.0 (36170783)|STATEMENT_EXECUTE|[207]
15:09:56.0 (36201258)|VARIABLE_ASSIGNMENT|[EXTERNAL]|this|{"selected":false}|0x4da29463
15:09:56.0 (36216739)|VARIABLE_ASSIGNMENT|[EXTERNAL]|value|43200000
15:09:56.0 (36226014)|VARIABLE_ASSIGNMENT|[203]|this.t|43200000|0x4da29463
15:09:56.0 (36245346)|CONSTRUCTOR_EXIT|[95]|01p0H000007gCe8|<init>(Boolean,Time)
15:09:56.0 (36260373)|HEAP_ALLOCATE|[EXTERNAL]|Bytes:4
15:09:56.0 (36268020)|STATEMENT_EXECUTE|[100]
15:09:56.0 (36310125)|VARIABLE_ASSIGNMENT|[EXTERNAL]|this|{"aptdum":"0x25cfe464","Docdum":"0x1f82ad1e","Docmap":"0x3e3f7018","Initialselected":0,"Selecteddoc":"a260H000001koYjQAI","SelectedtimeSlot":60,"timelist":"0x4d9f2d6d","timeset":"0x58a9d157","timewraplist":"0x2882d8dd","timewraplistInitial":"0x4aea180e"}|0x2ff89de1
15:09:56.0 (36334285)|HEAP_ALLOCATE|[EXTERNAL]|Bytes:4
15:09:56.0 (36348454)|HEAP_ALLOCATE|[103]|Bytes:28
15:09:56.0 (36353037)|HEAP_ALLOCATE|[103]|Bytes:28
15:09:56.0 (36385677)|STATEMENT_EXECUTE|[103]
15:09:56.0 (36387932)|STATEMENT_EXECUTE|[104]
15:09:56.0 (36409723)|USER_DEBUG|[104]|DEBUG|12:00:00.000Z
15:09:56.0 (36417531)|STATEMENT_EXECUTE|[105]
15:09:56.0 (36438453)|HEAP_ALLOCATE|[105]|Bytes:4
15:09:56.0 (36453635)|VARIABLE_ASSIGNMENT|[105]|t|45000000
15:09:56.0 (36460553)|STATEMENT_EXECUTE|[106]
15:09:56.0 (36467539)|HEAP_ALLOCATE|[106]|Bytes:28
15:09:56.0 (36491596)|HEAP_ALLOCATE|[106]|Bytes:28
15:09:56.0 (36505281)|VARIABLE_ASSIGNMENT|[106]|i1|0.5
15:09:56.0 (36509874)|STATEMENT_EXECUTE|[107]
15:09:56.0 (36545651)|VARIABLE_ASSIGNMENT|[EXTERNAL]|this|{"aptdum":"0x25cfe464","Docdum":"0x1f82ad1e","Docmap":"0x3e3f7018","Initialselected":0,"Selecteddoc":"a260H000001koYjQAI","SelectedtimeSlot":60,"timelist":"0x4d9f2d6d","timeset":"0x58a9d157","timewraplist":"0x2882d8dd","timewraplistInitial":"0x4aea180e"}|0x2ff89de1
15:09:56.0 (36563050)|HEAP_ALLOCATE|[EXTERNAL]|Bytes:4
15:09:56.0 (36590788)|STATEMENT_EXECUTE|[109]
15:09:56.0 (36592832)|STATEMENT_EXECUTE|[110]
15:09:56.0 (36625007)|VARIABLE_ASSIGNMENT|[EXTERNAL]|this|{"aptdum":"0x25cfe464","Docdum":"0x1f82ad1e","Docmap":"0x3e3f7018","Initialselected":0,"Selecteddoc":"a260H000001koYjQAI","SelectedtimeSlot":60,"timelist":"0x4d9f2d6d","timeset":"0x58a9d157","timewraplist":"0x2882d8dd","timewraplistInitial":"0x4aea180e"}|0x2ff89de1
15:09:56.0 (36641817)|HEAP_ALLOCATE|[110]|Bytes:12
15:09:56.0 (36655591)|CONSTRUCTOR_ENTRY|[110]|01p0H000007gCe8|<init>(Boolean,Time)
15:09:56.0 (36666627)|VARIABLE_SCOPE_BEGIN|[205]|this|docappcontroller.Wrapertimeslot|true|false
15:09:56.0 (36680617)|VARIABLE_ASSIGNMENT|[205]|this|{}|0x63a8e675
15:09:56.0 (36687044)|VARIABLE_SCOPE_BEGIN|[205]|selection|Boolean|false|false
15:09:56.0 (36695549)|VARIABLE_ASSIGNMENT|[205]|selection|false
15:09:56.0 (36699535)|VARIABLE_SCOPE_BEGIN|[205]|tm|Time|false|false
15:09:56.0 (36707636)|VARIABLE_ASSIGNMENT|[205]|tm|45000000
15:09:56.0 (36713235)|STATEMENT_EXECUTE|[201]
15:09:56.0 (36715595)|STATEMENT_EXECUTE|[202]
15:09:56.0 (36717195)|STATEMENT_EXECUTE|[203]
15:09:56.0 (36728594)|STATEMENT_EXECUTE|[205]
15:09:56.0 (36730254)|STATEMENT_EXECUTE|[206]
15:09:56.0 (36746290)|VARIABLE_ASSIGNMENT|[EXTERNAL]|this|{}|0x63a8e675
15:09:56.0 (36755272)|VARIABLE_ASSIGNMENT|[EXTERNAL]|value|false
15:09:56.0 (36760543)|HEAP_ALLOCATE|[202]|Bytes:5
15:09:56.0 (36767776)|VARIABLE_ASSIGNMENT|[202]|this.selected|false|0x63a8e675
15:09:56.0 (36775224)|STATEMENT_EXECUTE|[207]
15:09:56.0 (36787111)|VARIABLE_ASSIGNMENT|[EXTERNAL]|this|{"selected":false}|0x63a8e675
15:09:56.0 (36795953)|VARIABLE_ASSIGNMENT|[EXTERNAL]|value|45000000
15:09:56.0 (36805197)|VARIABLE_ASSIGNMENT|[203]|this.t|45000000|0x63a8e675
15:09:56.0 (36820398)|CONSTRUCTOR_EXIT|[110]|01p0H000007gCe8|<init>(Boolean,Time)
15:09:56.0 (36837067)|HEAP_ALLOCATE|[EXTERNAL]|Bytes:4
15:09:56.0 (36850008)|HEAP_ALLOCATE|[103]|Bytes:28
15:09:56.0 (36853846)|HEAP_ALLOCATE|[103]|Bytes:28
15:09:56.0 (36874161)|STATEMENT_EXECUTE|[103]
15:09:56.0 (36875977)|STATEMENT_EXECUTE|[104]
15:09:56.0 (36887137)|USER_DEBUG|[104]|DEBUG|12:30:00.000Z
15:09:56.0 (36894251)|STATEMENT_EXECUTE|[105]
15:09:56.0 (36903845)|HEAP_ALLOCATE|[105]|Bytes:4
15:09:56.0 (36921452)|VARIABLE_ASSIGNMENT|[105]|t|46800000
15:09:56.0 (36926154)|STATEMENT_EXECUTE|[106]
15:09:56.0 (36931628)|HEAP_ALLOCATE|[106]|Bytes:28
15:09:56.0 (36948928)|HEAP_ALLOCATE|[106]|Bytes:28
15:09:56.0 (36961056)|VARIABLE_ASSIGNMENT|[106]|i1|1.0
15:09:56.0 (36965942)|STATEMENT_EXECUTE|[107]
15:09:56.0 (36998873)|VARIABLE_ASSIGNMENT|[EXTERNAL]|this|{"aptdum":"0x25cfe464","Docdum":"0x1f82ad1e","Docmap":"0x3e3f7018","Initialselected":0,"Selecteddoc":"a260H000001koYjQAI","SelectedtimeSlot":60,"timelist":"0x4d9f2d6d","timeset":"0x58a9d157","timewraplist":"0x2882d8dd","timewraplistInitial":"0x4aea180e"}|0x2ff89de1
15:09:56.0 (37019054)|HEAP_ALLOCATE|[EXTERNAL]|Bytes:4
15:09:56.0 (37033442)|STATEMENT_EXECUTE|[109]
15:09:56.0 (37035293)|STATEMENT_EXECUTE|[110]
15:09:56.0 (37062982)|VARIABLE_ASSIGNMENT|[EXTERNAL]|this|{"aptdum":"0x25cfe464","Docdum":"0x1f82ad1e","Docmap":"0x3e3f7018","Initialselected":0,"Selecteddoc":"a260H000001koYjQAI","SelectedtimeSlot":60,"timelist":"0x4d9f2d6d","timeset":"0x58a9d157","timewraplist":"0x2882d8dd","timewraplistInitial":"0x4aea180e"}|0x2ff89de1
15:09:56.0 (37080430)|HEAP_ALLOCATE|[110]|Bytes:12
15:09:56.0 (37092805)|CONSTRUCTOR_ENTRY|[110]|01p0H000007gCe8|<init>(Boolean,Time)
15:09:56.0 (37098053)|VARIABLE_SCOPE_BEGIN|[205]|this|docappcontroller.Wrapertimeslot|true|false
15:09:56.0 (37111043)|VARIABLE_ASSIGNMENT|[205]|this|{}|0x4a0cbe33
15:09:56.0 (37116947)|VARIABLE_SCOPE_BEGIN|[205]|selection|Boolean|false|false
15:09:56.0 (37123976)|VARIABLE_ASSIGNMENT|[205]|selection|false
15:09:56.0 (37128243)|VARIABLE_SCOPE_BEGIN|[205]|tm|Time|false|false
15:09:56.0 (37137190)|VARIABLE_ASSIGNMENT|[205]|tm|46800000
15:09:56.0 (37142042)|STATEMENT_EXECUTE|[201]
15:09:56.0 (37143609)|STATEMENT_EXECUTE|[202]
15:09:56.0 (37145077)|STATEMENT_EXECUTE|[203]
15:09:56.0 (37154917)|STATEMENT_EXECUTE|[205]
15:09:56.0 (37156475)|STATEMENT_EXECUTE|[206]
15:09:56.0 (37171723)|VARIABLE_ASSIGNMENT|[EXTERNAL]|this|{}|0x4a0cbe33
15:09:56.0 (37180550)|VARIABLE_ASSIGNMENT|[EXTERNAL]|value|false
15:09:56.0 (37186004)|HEAP_ALLOCATE|[202]|Bytes:5
15:09:56.0 (37192490)|VARIABLE_ASSIGNMENT|[202]|this.selected|false|0x4a0cbe33
15:09:56.0 (37199312)|STATEMENT_EXECUTE|[207]
15:09:56.0 (37212589)|VARIABLE_ASSIGNMENT|[EXTERNAL]|this|{"selected":false}|0x4a0cbe33
15:09:56.0 (37221630)|VARIABLE_ASSIGNMENT|[EXTERNAL]|value|46800000
15:09:56.0 (37235285)|VARIABLE_ASSIGNMENT|[203]|this.t|46800000|0x4a0cbe33
15:09:56.0 (37254167)|CONSTRUCTOR_EXIT|[110]|01p0H000007gCe8|<init>(Boolean,Time)
15:09:56.0 (37263490)|HEAP_ALLOCATE|[EXTERNAL]|Bytes:4
15:09:56.0 (37274561)|HEAP_ALLOCATE|[103]|Bytes:28
15:09:56.0 (37278601)|HEAP_ALLOCATE|[103]|Bytes:28
15:09:56.0 (37297213)|STATEMENT_EXECUTE|[103]
15:09:56.0 (37299026)|STATEMENT_EXECUTE|[104]
15:09:56.0 (37307911)|USER_DEBUG|[104]|DEBUG|13:00:00.000Z
15:09:56.0 (37314481)|STATEMENT_EXECUTE|[105]
15:09:56.0 (37323288)|HEAP_ALLOCATE|[105]|Bytes:4
15:09:56.0 (37336495)|VARIABLE_ASSIGNMENT|[105]|t|48600000
15:09:56.0 (37341248)|STATEMENT_EXECUTE|[106]
15:09:56.0 (37346045)|HEAP_ALLOCATE|[106]|Bytes:28
15:09:56.0 (37358172)|HEAP_ALLOCATE|[106]|Bytes:28
15:09:56.0 (37369920)|VARIABLE_ASSIGNMENT|[106]|i1|1.5
15:09:56.0 (37375559)|STATEMENT_EXECUTE|[107]
15:09:56.0 (37410517)|VARIABLE_ASSIGNMENT|[EXTERNAL]|this|{"aptdum":"0x25cfe464","Docdum":"0x1f82ad1e","Docmap":"0x3e3f7018","Initialselected":0,"Selecteddoc":"a260H000001koYjQAI","SelectedtimeSlot":60,"timelist":"0x4d9f2d6d","timeset":"0x58a9d157","timewraplist":"0x2882d8dd","timewraplistInitial":"0x4aea180e"}|0x2ff89de1
15:09:56.0 (37425320)|HEAP_ALLOCATE|[EXTERNAL]|Bytes:4
15:09:56.0 (37438445)|STATEMENT_EXECUTE|[109]
15:09:56.0 (37440230)|STATEMENT_EXECUTE|[110]
15:09:56.0 (37467516)|VARIABLE_ASSIGNMENT|[EXTERNAL]|this|{"aptdum":"0x25cfe464","Docdum":"0x1f82ad1e","Docmap":"0x3e3f7018","Initialselected":0,"Selecteddoc":"a260H000001koYjQAI","SelectedtimeSlot":60,"timelist":"0x4d9f2d6d","timeset":"0x58a9d157","timewraplist":"0x2882d8dd","timewraplistInitial":"0x4aea180e"}|0x2ff89de1
15:09:56.0 (37484942)|HEAP_ALLOCATE|[110]|Bytes:12
15:09:56.0 (37496927)|CONSTRUCTOR_ENTRY|[110]|01p0H000007gCe8|<init>(Boolean,Time)
15:09:56.0 (37501766)|VARIABLE_SCOPE_BEGIN|[205]|this|docappcontroller.Wrapertimeslot|true|false
15:09:56.0 (37514534)|VARIABLE_ASSIGNMENT|[205]|this|{}|0x34239eb5
15:09:56.0 (37521053)|VARIABLE_SCOPE_BEGIN|[205]|selection|Boolean|false|false
15:09:56.0 (37528673)|VARIABLE_ASSIGNMENT|[205]|selection|false
15:09:56.0 (37532394)|VARIABLE_SCOPE_BEGIN|[205]|tm|Time|false|false
15:09:56.0 (37541967)|VARIABLE_ASSIGNMENT|[205]|tm|48600000
15:09:56.0 (37546740)|STATEMENT_EXECUTE|[201]
15:09:56.0 (37548286)|STATEMENT_EXECUTE|[202]
15:09:56.0 (37549770)|STATEMENT_EXECUTE|[203]
15:09:56.0 (37558867)|STATEMENT_EXECUTE|[205]
15:09:56.0 (37560449)|STATEMENT_EXECUTE|[206]
15:09:56.0 (37575321)|VARIABLE_ASSIGNMENT|[EXTERNAL]|this|{}|0x34239eb5
15:09:56.0 (37584012)|VARIABLE_ASSIGNMENT|[EXTERNAL]|value|false
15:09:56.0 (37589184)|HEAP_ALLOCATE|[202]|Bytes:5
15:09:56.0 (37595530)|VARIABLE_ASSIGNMENT|[202]|this.selected|false|0x34239eb5
15:09:56.0 (37602324)|STATEMENT_EXECUTE|[207]
15:09:56.0 (37614168)|VARIABLE_ASSIGNMENT|[EXTERNAL]|this|{"selected":false}|0x34239eb5
15:09:56.0 (37624399)|VARIABLE_ASSIGNMENT|[EXTERNAL]|value|48600000
15:09:56.0 (37632229)|VARIABLE_ASSIGNMENT|[203]|this.t|48600000|0x34239eb5
15:09:56.0 (37649952)|CONSTRUCTOR_EXIT|[110]|01p0H000007gCe8|<init>(Boolean,Time)
15:09:56.0 (37659151)|HEAP_ALLOCATE|[EXTERNAL]|Bytes:4
15:09:56.0 (37669872)|HEAP_ALLOCATE|[103]|Bytes:28
15:09:56.0 (37673762)|HEAP_ALLOCATE|[103]|Bytes:28
15:09:56.0 (37691820)|STATEMENT_EXECUTE|[103]
15:09:56.0 (37693580)|STATEMENT_EXECUTE|[104]
15:09:56.0 (37703479)|USER_DEBUG|[104]|DEBUG|13:30:00.000Z
15:09:56.0 (37711335)|STATEMENT_EXECUTE|[105]
15:09:56.0 (37719863)|HEAP_ALLOCATE|[105]|Bytes:4
15:09:56.0 (37737173)|VARIABLE_ASSIGNMENT|[105]|t|50400000
15:09:56.0 (37741455)|STATEMENT_EXECUTE|[106]
15:09:56.0 (37746246)|HEAP_ALLOCATE|[106]|Bytes:28
15:09:56.0 (37758831)|HEAP_ALLOCATE|[106]|Bytes:28
15:09:56.0 (37770517)|VARIABLE_ASSIGNMENT|[106]|i1|2.0
15:09:56.0 (37774795)|STATEMENT_EXECUTE|[107]
15:09:56.0 (37805132)|VARIABLE_ASSIGNMENT|[EXTERNAL]|this|{"aptdum":"0x25cfe464","Docdum":"0x1f82ad1e","Docmap":"0x3e3f7018","Initialselected":0,"Selecteddoc":"a260H000001koYjQAI","SelectedtimeSlot":60,"timelist":"0x4d9f2d6d","timeset":"0x58a9d157","timewraplist":"0x2882d8dd","timewraplistInitial":"0x4aea180e"}|0x2ff89de1
15:09:56.0 (37825132)|HEAP_ALLOCATE|[EXTERNAL]|Bytes:4
15:09:56.0 (37837831)|STATEMENT_EXECUTE|[109]
15:09:56.0 (37839586)|STATEMENT_EXECUTE|[110]
15:09:56.0 (37864280)|VARIABLE_ASSIGNMENT|[EXTERNAL]|this|{"aptdum":"0x25cfe464","Docdum":"0x1f82ad1e","Docmap":"0x3e3f7018","Initialselected":0,"Selecteddoc":"a260H000001koYjQAI","SelectedtimeSlot":60,"timelist":"0x4d9f2d6d","timeset":"0x58a9d157","timewraplist":"0x2882d8dd","timewraplistInitial":"0x4aea180e"}|0x2ff89de1
15:09:56.0 (37876793)|HEAP_ALLOCATE|[110]|Bytes:12
15:09:56.0 (37890371)|CONSTRUCTOR_ENTRY|[110]|01p0H000007gCe8|<init>(Boolean,Time)
15:09:56.0 (37895865)|VARIABLE_SCOPE_BEGIN|[205]|this|docappcontroller.Wrapertimeslot|true|false
15:09:56.0 (37912371)|VARIABLE_ASSIGNMENT|[205]|this|{}|0x1fb55311
15:09:56.0 (37918816)|VARIABLE_SCOPE_BEGIN|[205]|selection|Boolean|false|false
15:09:56.0 (37925747)|VARIABLE_ASSIGNMENT|[205]|selection|false
15:09:56.0 (37929613)|VARIABLE_SCOPE_BEGIN|[205]|tm|Time|false|false
15:09:56.0 (37941555)|VARIABLE_ASSIGNMENT|[205]|tm|50400000
15:09:56.0 (37946024)|STATEMENT_EXECUTE|[201]
15:09:56.0 (37947934)|STATEMENT_EXECUTE|[202]
15:09:56.0 (37949735)|STATEMENT_EXECUTE|[203]
15:09:56.0 (37960402)|STATEMENT_EXECUTE|[205]
15:09:56.0 (37962419)|STATEMENT_EXECUTE|[206]
15:09:56.0 (37974118)|VARIABLE_ASSIGNMENT|[EXTERNAL]|this|{}|0x1fb55311
15:09:56.0 (37982356)|VARIABLE_ASSIGNMENT|[EXTERNAL]|value|false
15:09:56.0 (37991098)|HEAP_ALLOCATE|[202]|Bytes:5
15:09:56.0 (37997432)|VARIABLE_ASSIGNMENT|[202]|this.selected|false|0x1fb55311
15:09:56.0 (38004585)|STATEMENT_EXECUTE|[207]
15:09:56.0 (38016869)|VARIABLE_ASSIGNMENT|[EXTERNAL]|this|{"selected":false}|0x1fb55311
15:09:56.0 (38024906)|VARIABLE_ASSIGNMENT|[EXTERNAL]|value|50400000
15:09:56.0 (38032017)|VARIABLE_ASSIGNMENT|[203]|this.t|50400000|0x1fb55311
15:09:56.0 (38045603)|CONSTRUCTOR_EXIT|[110]|01p0H000007gCe8|<init>(Boolean,Time)
15:09:56.0 (38054248)|HEAP_ALLOCATE|[EXTERNAL]|Bytes:4
15:09:56.0 (38065145)|HEAP_ALLOCATE|[103]|Bytes:28
15:09:56.0 (38068774)|HEAP_ALLOCATE|[103]|Bytes:28
15:09:56.0 (38087376)|STATEMENT_EXECUTE|[103]
15:09:56.0 (38089244)|STATEMENT_EXECUTE|[104]
15:09:56.0 (38096976)|USER_DEBUG|[104]|DEBUG|14:00:00.000Z
15:09:56.0 (38103463)|STATEMENT_EXECUTE|[105]
15:09:56.0 (38112580)|HEAP_ALLOCATE|[105]|Bytes:4
15:09:56.0 (38125705)|VARIABLE_ASSIGNMENT|[105]|t|52200000
15:09:56.0 (38130148)|STATEMENT_EXECUTE|[106]
15:09:56.0 (38134973)|HEAP_ALLOCATE|[106]|Bytes:28
15:09:56.0 (38147097)|HEAP_ALLOCATE|[106]|Bytes:28
15:09:56.0 (38158423)|VARIABLE_ASSIGNMENT|[106]|i1|2.5
15:09:56.0 (38162321)|STATEMENT_EXECUTE|[107]
15:09:56.0 (38191191)|VARIABLE_ASSIGNMENT|[EXTERNAL]|this|{"aptdum":"0x25cfe464","Docdum":"0x1f82ad1e","Docmap":"0x3e3f7018","Initialselected":0,"Selecteddoc":"a260H000001koYjQAI","SelectedtimeSlot":60,"timelist":"0x4d9f2d6d","timeset":"0x58a9d157","timewraplist":"0x2882d8dd","timewraplistInitial":"0x4aea180e"}|0x2ff89de1
15:09:56.0 (38205781)|HEAP_ALLOCATE|[EXTERNAL]|Bytes:4
15:09:56.0 (38218448)|STATEMENT_EXECUTE|[109]
15:09:56.0 (38220196)|STATEMENT_EXECUTE|[110]
15:09:56.0 (38244640)|VARIABLE_ASSIGNMENT|[EXTERNAL]|this|{"aptdum":"0x25cfe464","Docdum":"0x1f82ad1e","Docmap":"0x3e3f7018","Initialselected":0,"Selecteddoc":"a260H000001koYjQAI","SelectedtimeSlot":60,"timelist":"0x4d9f2d6d","timeset":"0x58a9d157","timewraplist":"0x2882d8dd","timewraplistInitial":"0x4aea180e"}|0x2ff89de1
15:09:56.0 (38256650)|HEAP_ALLOCATE|[110]|Bytes:12
15:09:56.0 (38268229)|CONSTRUCTOR_ENTRY|[110]|01p0H000007gCe8|<init>(Boolean,Time)
15:09:56.0 (38273343)|VARIABLE_SCOPE_BEGIN|[205]|this|docappcontroller.Wrapertimeslot|true|false
15:09:56.0 (38285592)|VARIABLE_ASSIGNMENT|[205]|this|{}|0x628ac6a6
15:09:56.0 (38291346)|VARIABLE_SCOPE_BEGIN|[205]|selection|Boolean|false|false
15:09:56.0 (38298160)|VARIABLE_ASSIGNMENT|[205]|selection|false
15:09:56.0 (38301794)|VARIABLE_SCOPE_BEGIN|[205]|tm|Time|false|false
15:09:56.0 (38309517)|VARIABLE_ASSIGNMENT|[205]|tm|52200000
15:09:56.0 (38314260)|STATEMENT_EXECUTE|[201]
15:09:56.0 (38315854)|STATEMENT_EXECUTE|[202]
15:09:56.0 (38317305)|STATEMENT_EXECUTE|[203]
15:09:56.0 (38325785)|STATEMENT_EXECUTE|[205]
15:09:56.0 (38327414)|STATEMENT_EXECUTE|[206]
15:09:56.0 (38338067)|VARIABLE_ASSIGNMENT|[EXTERNAL]|this|{}|0x628ac6a6
15:09:56.0 (38346502)|VARIABLE_ASSIGNMENT|[EXTERNAL]|value|false
15:09:56.0 (38351564)|HEAP_ALLOCATE|[202]|Bytes:5
15:09:56.0 (38357734)|VARIABLE_ASSIGNMENT|[202]|this.selected|false|0x628ac6a6
15:09:56.0 (38364636)|STATEMENT_EXECUTE|[207]
15:09:56.0 (38375354)|VARIABLE_ASSIGNMENT|[EXTERNAL]|this|{"selected":false}|0x628ac6a6
15:09:56.0 (38391429)|VARIABLE_ASSIGNMENT|[EXTERNAL]|value|52200000
15:09:56.0 (38398810)|VARIABLE_ASSIGNMENT|[203]|this.t|52200000|0x628ac6a6
15:09:56.0 (38412676)|CONSTRUCTOR_EXIT|[110]|01p0H000007gCe8|<init>(Boolean,Time)
15:09:56.0 (38422104)|HEAP_ALLOCATE|[EXTERNAL]|Bytes:4
15:09:56.0 (38432679)|HEAP_ALLOCATE|[103]|Bytes:28
15:09:56.0 (38436340)|HEAP_ALLOCATE|[103]|Bytes:28
15:09:56.0 (38454492)|STATEMENT_EXECUTE|[103]
15:09:56.0 (38456294)|STATEMENT_EXECUTE|[104]
15:09:56.0 (38464537)|USER_DEBUG|[104]|DEBUG|14:30:00.000Z
15:09:56.0 (38470798)|STATEMENT_EXECUTE|[105]
15:09:56.0 (38479232)|HEAP_ALLOCATE|[105]|Bytes:4
15:09:56.0 (38491952)|VARIABLE_ASSIGNMENT|[105]|t|54000000
15:09:56.0 (38496605)|STATEMENT_EXECUTE|[106]
15:09:56.0 (38501498)|HEAP_ALLOCATE|[106]|Bytes:28
15:09:56.0 (38513403)|HEAP_ALLOCATE|[106]|Bytes:28
15:09:56.0 (38524315)|VARIABLE_ASSIGNMENT|[106]|i1|3.0
15:09:56.0 (38528421)|STATEMENT_EXECUTE|[107]
15:09:56.0 (38556656)|VARIABLE_ASSIGNMENT|[EXTERNAL]|this|{"aptdum":"0x25cfe464","Docdum":"0x1f82ad1e","Docmap":"0x3e3f7018","Initialselected":0,"Selecteddoc":"a260H000001koYjQAI","SelectedtimeSlot":60,"timelist":"0x4d9f2d6d","timeset":"0x58a9d157","timewraplist":"0x2882d8dd","timewraplistInitial":"0x4aea180e"}|0x2ff89de1
15:09:56.0 (38570879)|HEAP_ALLOCATE|[EXTERNAL]|Bytes:4
15:09:56.0 (38583890)|STATEMENT_EXECUTE|[111]
15:09:56.0 (38585752)|STATEMENT_EXECUTE|[112]
15:09:56.0 (38619934)|VARIABLE_ASSIGNMENT|[EXTERNAL]|this|{"aptdum":"0x25cfe464","Docdum":"0x1f82ad1e","Docmap":"0x3e3f7018","Initialselected":0,"Selecteddoc":"a260H000001koYjQAI","SelectedtimeSlot":60,"timelist":"0x4d9f2d6d","timeset":"0x58a9d157","timewraplist":"0x2882d8dd","timewraplistInitial":"0x4aea180e"}|0x2ff89de1
15:09:56.0 (38633205)|HEAP_ALLOCATE|[112]|Bytes:12
15:09:56.0 (38645854)|CONSTRUCTOR_ENTRY|[112]|01p0H000007gCe8|<init>(Boolean,Time)
15:09:56.0 (38651866)|VARIABLE_SCOPE_BEGIN|[205]|this|docappcontroller.Wrapertimeslot|true|false
15:09:56.0 (38667824)|VARIABLE_ASSIGNMENT|[205]|this|{}|0xa5bc83a
15:09:56.0 (38674059)|VARIABLE_SCOPE_BEGIN|[205]|selection|Boolean|false|false
15:09:56.0 (38686444)|VARIABLE_ASSIGNMENT|[205]|selection|true
15:09:56.0 (38691053)|VARIABLE_SCOPE_BEGIN|[205]|tm|Time|false|false
15:09:56.0 (38698877)|VARIABLE_ASSIGNMENT|[205]|tm|54000000
15:09:56.0 (38703114)|STATEMENT_EXECUTE|[201]
15:09:56.0 (38704992)|STATEMENT_EXECUTE|[202]
15:09:56.0 (38706454)|STATEMENT_EXECUTE|[203]
15:09:56.0 (38715445)|STATEMENT_EXECUTE|[205]
15:09:56.0 (38717018)|STATEMENT_EXECUTE|[206]
15:09:56.0 (38728640)|VARIABLE_ASSIGNMENT|[EXTERNAL]|this|{}|0xa5bc83a
15:09:56.0 (38739201)|VARIABLE_ASSIGNMENT|[EXTERNAL]|value|true
15:09:56.0 (38744389)|HEAP_ALLOCATE|[202]|Bytes:5
15:09:56.0 (38750463)|VARIABLE_ASSIGNMENT|[202]|this.selected|true|0xa5bc83a
15:09:56.0 (38762774)|STATEMENT_EXECUTE|[207]
15:09:56.0 (38774173)|VARIABLE_ASSIGNMENT|[EXTERNAL]|this|{"selected":true}|0xa5bc83a
15:09:56.0 (38783810)|VARIABLE_ASSIGNMENT|[EXTERNAL]|value|54000000
15:09:56.0 (38790981)|VARIABLE_ASSIGNMENT|[203]|this.t|54000000|0xa5bc83a
15:09:56.0 (38804935)|CONSTRUCTOR_EXIT|[112]|01p0H000007gCe8|<init>(Boolean,Time)
15:09:56.0 (38815835)|HEAP_ALLOCATE|[EXTERNAL]|Bytes:4
15:09:56.0 (38824142)|STATEMENT_EXECUTE|[113]
15:09:56.0 (38829583)|HEAP_ALLOCATE|[113]|Bytes:4
15:09:56.0 (38836584)|VARIABLE_ASSIGNMENT|[113]|this.Initialselected|1|0x2ff89de1
15:09:56.0 (38851151)|HEAP_ALLOCATE|[103]|Bytes:28
15:09:56.0 (38855322)|HEAP_ALLOCATE|[103]|Bytes:28
15:09:56.0 (38875161)|STATEMENT_EXECUTE|[103]
15:09:56.0 (38877021)|STATEMENT_EXECUTE|[104]
15:09:56.0 (38885562)|USER_DEBUG|[104]|DEBUG|15:00:00.000Z
15:09:56.0 (38892556)|STATEMENT_EXECUTE|[105]
15:09:56.0 (38903000)|HEAP_ALLOCATE|[105]|Bytes:4
15:09:56.0 (38917210)|VARIABLE_ASSIGNMENT|[105]|t|55800000
15:09:56.0 (38921385)|STATEMENT_EXECUTE|[106]
15:09:56.0 (38930152)|HEAP_ALLOCATE|[106]|Bytes:28
15:09:56.0 (38947232)|HEAP_ALLOCATE|[106]|Bytes:28
15:09:56.0 (38958899)|VARIABLE_ASSIGNMENT|[106]|i1|3.5
15:09:56.0 (38963147)|STATEMENT_EXECUTE|[107]
15:09:56.0 (38992241)|VARIABLE_ASSIGNMENT|[EXTERNAL]|this|{"aptdum":"0x25cfe464","Docdum":"0x1f82ad1e","Docmap":"0x3e3f7018","Initialselected":1,"Selecteddoc":"a260H000001koYjQAI","SelectedtimeSlot":60,"timelist":"0x4d9f2d6d","timeset":"0x58a9d157","timewraplist":"0x2882d8dd","timewraplistInitial":"0x4aea180e"}|0x2ff89de1
15:09:56.0 (39010435)|HEAP_ALLOCATE|[EXTERNAL]|Bytes:4
15:09:56.0 (39029367)|STATEMENT_EXECUTE|[111]
15:09:56.0 (39031200)|STATEMENT_EXECUTE|[112]
15:09:56.0 (39056856)|VARIABLE_ASSIGNMENT|[EXTERNAL]|this|{"aptdum":"0x25cfe464","Docdum":"0x1f82ad1e","Docmap":"0x3e3f7018","Initialselected":1,"Selecteddoc":"a260H000001koYjQAI","SelectedtimeSlot":60,"timelist":"0x4d9f2d6d","timeset":"0x58a9d157","timewraplist":"0x2882d8dd","timewraplistInitial":"0x4aea180e"}|0x2ff89de1
15:09:56.0 (39069524)|HEAP_ALLOCATE|[112]|Bytes:12
15:09:56.0 (39083941)|CONSTRUCTOR_ENTRY|[112]|01p0H000007gCe8|<init>(Boolean,Time)
15:09:56.0 (39090137)|VARIABLE_SCOPE_BEGIN|[205]|this|docappcontroller.Wrapertimeslot|true|false
15:09:56.0 (39102650)|VARIABLE_ASSIGNMENT|[205]|this|{}|0x429e5893
15:09:56.0 (39112749)|VARIABLE_SCOPE_BEGIN|[205]|selection|Boolean|false|false
15:09:56.0 (39119941)|VARIABLE_ASSIGNMENT|[205]|selection|true
15:09:56.0 (39123829)|VARIABLE_SCOPE_BEGIN|[205]|tm|Time|false|false
15:09:56.0 (39132095)|VARIABLE_ASSIGNMENT|[205]|tm|55800000
15:09:56.0 (39136767)|STATEMENT_EXECUTE|[201]
15:09:56.0 (39138301)|STATEMENT_EXECUTE|[202]
15:09:56.0 (39139744)|STATEMENT_EXECUTE|[203]
15:09:56.0 (39148588)|STATEMENT_EXECUTE|[205]
15:09:56.0 (39150255)|STATEMENT_EXECUTE|[206]
15:09:56.0 (39161522)|VARIABLE_ASSIGNMENT|[EXTERNAL]|this|{}|0x429e5893
15:09:56.0 (39172374)|VARIABLE_ASSIGNMENT|[EXTERNAL]|value|true
15:09:56.0 (39177758)|HEAP_ALLOCATE|[202]|Bytes:5
15:09:56.0 (39183973)|VARIABLE_ASSIGNMENT|[202]|this.selected|true|0x429e5893
15:09:56.0 (39191529)|STATEMENT_EXECUTE|[207]
15:09:56.0 (39206694)|VARIABLE_ASSIGNMENT|[EXTERNAL]|this|{"selected":true}|0x429e5893
15:09:56.0 (39215214)|VARIABLE_ASSIGNMENT|[EXTERNAL]|value|55800000
15:09:56.0 (39222566)|VARIABLE_ASSIGNMENT|[203]|this.t|55800000|0x429e5893
15:09:56.0 (39235961)|CONSTRUCTOR_EXIT|[112]|01p0H000007gCe8|<init>(Boolean,Time)
15:09:56.0 (39247636)|HEAP_ALLOCATE|[EXTERNAL]|Bytes:4
15:09:56.0 (39253786)|STATEMENT_EXECUTE|[113]
15:09:56.0 (39257527)|HEAP_ALLOCATE|[113]|Bytes:4
15:09:56.0 (39264597)|VARIABLE_ASSIGNMENT|[113]|this.Initialselected|2|0x2ff89de1
15:09:56.0 (39279328)|HEAP_ALLOCATE|[103]|Bytes:28
15:09:56.0 (39282974)|HEAP_ALLOCATE|[103]|Bytes:28
15:09:56.0 (39302343)|STATEMENT_EXECUTE|[103]
15:09:56.0 (39304074)|STATEMENT_EXECUTE|[104]
15:09:56.0 (39312115)|USER_DEBUG|[104]|DEBUG|15:30:00.000Z
15:09:56.0 (39318913)|STATEMENT_EXECUTE|[105]
15:09:56.0 (39327370)|HEAP_ALLOCATE|[105]|Bytes:4
15:09:56.0 (39340130)|VARIABLE_ASSIGNMENT|[105]|t|57600000
15:09:56.0 (39344588)|STATEMENT_EXECUTE|[106]
15:09:56.0 (39349376)|HEAP_ALLOCATE|[106]|Bytes:28
15:09:56.0 (39361644)|HEAP_ALLOCATE|[106]|Bytes:28
15:09:56.0 (39372218)|VARIABLE_ASSIGNMENT|[106]|i1|4.0
15:09:56.0 (39376406)|STATEMENT_EXECUTE|[107]
15:09:56.0 (39409848)|VARIABLE_ASSIGNMENT|[EXTERNAL]|this|{"aptdum":"0x25cfe464","Docdum":"0x1f82ad1e","Docmap":"0x3e3f7018","Initialselected":2,"Selecteddoc":"a260H000001koYjQAI","SelectedtimeSlot":60,"timelist":"0x4d9f2d6d","timeset":"0x58a9d157","timewraplist":"0x2882d8dd","timewraplistInitial":"0x4aea180e"}|0x2ff89de1
15:09:56.0 (39424879)|HEAP_ALLOCATE|[EXTERNAL]|Bytes:4
15:09:56.0 (39437125)|STATEMENT_EXECUTE|[111]
15:09:56.0 (39439032)|STATEMENT_EXECUTE|[112]
15:09:56.0 (39463127)|VARIABLE_ASSIGNMENT|[EXTERNAL]|this|{"aptdum":"0x25cfe464","Docdum":"0x1f82ad1e","Docmap":"0x3e3f7018","Initialselected":2,"Selecteddoc":"a260H000001koYjQAI","SelectedtimeSlot":60,"timelist":"0x4d9f2d6d","timeset":"0x58a9d157","timewraplist":"0x2882d8dd","timewraplistInitial":"0x4aea180e"}|0x2ff89de1
15:09:56.0 (39475207)|HEAP_ALLOCATE|[112]|Bytes:12
15:09:56.0 (39487713)|CONSTRUCTOR_ENTRY|[112]|01p0H000007gCe8|<init>(Boolean,Time)
15:09:56.0 (39492770)|VARIABLE_SCOPE_BEGIN|[205]|this|docappcontroller.Wrapertimeslot|true|false
15:09:56.0 (39505368)|VARIABLE_ASSIGNMENT|[205]|this|{}|0x790bc934
15:09:56.0 (39511404)|VARIABLE_SCOPE_BEGIN|[205]|selection|Boolean|false|false
15:09:56.0 (39518370)|VARIABLE_ASSIGNMENT|[205]|selection|true
15:09:56.0 (39522076)|VARIABLE_SCOPE_BEGIN|[205]|tm|Time|false|false
15:09:56.0 (39530247)|VARIABLE_ASSIGNMENT|[205]|tm|57600000
15:09:56.0 (39535220)|STATEMENT_EXECUTE|[201]
15:09:56.0 (39536753)|STATEMENT_EXECUTE|[202]
15:09:56.0 (39538239)|STATEMENT_EXECUTE|[203]
15:09:56.0 (39546885)|STATEMENT_EXECUTE|[205]
15:09:56.0 (39548532)|STATEMENT_EXECUTE|[206]
15:09:56.0 (39559249)|VARIABLE_ASSIGNMENT|[EXTERNAL]|this|{}|0x790bc934
15:09:56.0 (39567288)|VARIABLE_ASSIGNMENT|[EXTERNAL]|value|true
15:09:56.0 (39572105)|HEAP_ALLOCATE|[202]|Bytes:5
15:09:56.0 (39577828)|VARIABLE_ASSIGNMENT|[202]|this.selected|true|0x790bc934
15:09:56.0 (39585016)|STATEMENT_EXECUTE|[207]
15:09:56.0 (39595803)|VARIABLE_ASSIGNMENT|[EXTERNAL]|this|{"selected":true}|0x790bc934
15:09:56.0 (39604121)|VARIABLE_ASSIGNMENT|[EXTERNAL]|value|57600000
15:09:56.0 (39611016)|VARIABLE_ASSIGNMENT|[203]|this.t|57600000|0x790bc934
15:09:56.0 (39623861)|CONSTRUCTOR_EXIT|[112]|01p0H000007gCe8|<init>(Boolean,Time)
15:09:56.0 (39632477)|HEAP_ALLOCATE|[EXTERNAL]|Bytes:4
15:09:56.0 (39638441)|STATEMENT_EXECUTE|[113]
15:09:56.0 (39641864)|HEAP_ALLOCATE|[113]|Bytes:4
15:09:56.0 (39647878)|VARIABLE_ASSIGNMENT|[113]|this.Initialselected|3|0x2ff89de1
15:09:56.0 (39657402)|HEAP_ALLOCATE|[103]|Bytes:28
15:09:56.0 (39660596)|HEAP_ALLOCATE|[103]|Bytes:28
15:09:56.0 (39679291)|STATEMENT_EXECUTE|[103]
15:09:56.0 (39681161)|STATEMENT_EXECUTE|[104]
15:09:56.0 (39689259)|USER_DEBUG|[104]|DEBUG|16:00:00.000Z
15:09:56.0 (39695349)|STATEMENT_EXECUTE|[105]
15:09:56.0 (39703664)|HEAP_ALLOCATE|[105]|Bytes:4
15:09:56.0 (39716522)|VARIABLE_ASSIGNMENT|[105]|t|59400000
15:09:56.0 (39720563)|STATEMENT_EXECUTE|[106]
15:09:56.0 (39725561)|HEAP_ALLOCATE|[106]|Bytes:28
15:09:56.0 (39738040)|HEAP_ALLOCATE|[106]|Bytes:28
15:09:56.0 (39748464)|VARIABLE_ASSIGNMENT|[106]|i1|4.5
15:09:56.0 (39752456)|STATEMENT_EXECUTE|[107]
15:09:56.0 (39780263)|VARIABLE_ASSIGNMENT|[EXTERNAL]|this|{"aptdum":"0x25cfe464","Docdum":"0x1f82ad1e","Docmap":"0x3e3f7018","Initialselected":3,"Selecteddoc":"a260H000001koYjQAI","SelectedtimeSlot":60,"timelist":"0x4d9f2d6d","timeset":"0x58a9d157","timewraplist":"0x2882d8dd","timewraplistInitial":"0x4aea180e"}|0x2ff89de1
15:09:56.0 (39794846)|HEAP_ALLOCATE|[EXTERNAL]|Bytes:4
15:09:56.0 (39807229)|STATEMENT_EXECUTE|[111]
15:09:56.0 (39808885)|STATEMENT_EXECUTE|[112]
15:09:56.0 (39832967)|VARIABLE_ASSIGNMENT|[EXTERNAL]|this|{"aptdum":"0x25cfe464","Docdum":"0x1f82ad1e","Docmap":"0x3e3f7018","Initialselected":3,"Selecteddoc":"a260H000001koYjQAI","SelectedtimeSlot":60,"timelist":"0x4d9f2d6d","timeset":"0x58a9d157","timewraplist":"0x2882d8dd","timewraplistInitial":"0x4aea180e"}|0x2ff89de1
15:09:56.0 (39844446)|HEAP_ALLOCATE|[112]|Bytes:12
15:09:56.0 (39855397)|CONSTRUCTOR_ENTRY|[112]|01p0H000007gCe8|<init>(Boolean,Time)
15:09:56.0 (39860446)|VARIABLE_SCOPE_BEGIN|[205]|this|docappcontroller.Wrapertimeslot|true|false
15:09:56.0 (39872430)|VARIABLE_ASSIGNMENT|[205]|this|{}|0x2db5bd6c
15:09:56.0 (39878103)|VARIABLE_SCOPE_BEGIN|[205]|selection|Boolean|false|false
15:09:56.0 (39885016)|VARIABLE_ASSIGNMENT|[205]|selection|true
15:09:56.0 (39888826)|VARIABLE_SCOPE_BEGIN|[205]|tm|Time|false|false
15:09:56.0 (39896973)|VARIABLE_ASSIGNMENT|[205]|tm|59400000
15:09:56.0 (39901884)|STATEMENT_EXECUTE|[201]
15:09:56.0 (39903491)|STATEMENT_EXECUTE|[202]
15:09:56.0 (39904995)|STATEMENT_EXECUTE|[203]
15:09:56.0 (39913562)|STATEMENT_EXECUTE|[205]
15:09:56.0 (39915059)|STATEMENT_EXECUTE|[206]
15:09:56.0 (39925619)|VARIABLE_ASSIGNMENT|[EXTERNAL]|this|{}|0x2db5bd6c
15:09:56.0 (39933908)|VARIABLE_ASSIGNMENT|[EXTERNAL]|value|true
15:09:56.0 (39943591)|HEAP_ALLOCATE|[202]|Bytes:5
15:09:56.0 (39949610)|VARIABLE_ASSIGNMENT|[202]|this.selected|true|0x2db5bd6c
15:09:56.0 (39956567)|STATEMENT_EXECUTE|[207]
15:09:56.0 (39967732)|VARIABLE_ASSIGNMENT|[EXTERNAL]|this|{"selected":true}|0x2db5bd6c
15:09:56.0 (39976178)|VARIABLE_ASSIGNMENT|[EXTERNAL]|value|59400000
15:09:56.0 (39983442)|VARIABLE_ASSIGNMENT|[203]|this.t|59400000|0x2db5bd6c
15:09:56.0 (39996274)|CONSTRUCTOR_EXIT|[112]|01p0H000007gCe8|<init>(Boolean,Time)
15:09:56.0 (40004642)|HEAP_ALLOCATE|[EXTERNAL]|Bytes:4
15:09:56.0 (40010847)|STATEMENT_EXECUTE|[113]
15:09:56.0 (40014138)|HEAP_ALLOCATE|[113]|Bytes:4
15:09:56.0 (40020428)|VARIABLE_ASSIGNMENT|[113]|this.Initialselected|4|0x2ff89de1
15:09:56.0 (40029961)|HEAP_ALLOCATE|[103]|Bytes:28
15:09:56.0 (40033957)|HEAP_ALLOCATE|[103]|Bytes:28
15:09:56.0 (40052787)|STATEMENT_EXECUTE|[103]
15:09:56.0 (40054470)|STATEMENT_EXECUTE|[104]
15:09:56.0 (40062657)|USER_DEBUG|[104]|DEBUG|16:30:00.000Z
15:09:56.0 (40069015)|STATEMENT_EXECUTE|[105]
15:09:56.0 (40077658)|HEAP_ALLOCATE|[105]|Bytes:4
15:09:56.0 (40090329)|VARIABLE_ASSIGNMENT|[105]|t|61200000
15:09:56.0 (40094480)|STATEMENT_EXECUTE|[106]
15:09:56.0 (40099329)|HEAP_ALLOCATE|[106]|Bytes:28
15:09:56.0 (40111549)|HEAP_ALLOCATE|[106]|Bytes:28
15:09:56.0 (40122317)|VARIABLE_ASSIGNMENT|[106]|i1|5.0
15:09:56.0 (40126806)|STATEMENT_EXECUTE|[107]
15:09:56.0 (40154267)|VARIABLE_ASSIGNMENT|[EXTERNAL]|this|{"aptdum":"0x25cfe464","Docdum":"0x1f82ad1e","Docmap":"0x3e3f7018","Initialselected":4,"Selecteddoc":"a260H000001koYjQAI","SelectedtimeSlot":60,"timelist":"0x4d9f2d6d","timeset":"0x58a9d157","timewraplist":"0x2882d8dd","timewraplistInitial":"0x4aea180e"}|0x2ff89de1
15:09:56.0 (40168375)|HEAP_ALLOCATE|[EXTERNAL]|Bytes:4
15:09:56.0 (40181613)|STATEMENT_EXECUTE|[109]
15:09:56.0 (40183271)|STATEMENT_EXECUTE|[110]
15:09:56.0 (40207211)|VARIABLE_ASSIGNMENT|[EXTERNAL]|this|{"aptdum":"0x25cfe464","Docdum":"0x1f82ad1e","Docmap":"0x3e3f7018","Initialselected":4,"Selecteddoc":"a260H000001koYjQAI","SelectedtimeSlot":60,"timelist":"0x4d9f2d6d","timeset":"0x58a9d157","timewraplist":"0x2882d8dd","timewraplistInitial":"0x4aea180e"}|0x2ff89de1
15:09:56.0 (40219545)|HEAP_ALLOCATE|[110]|Bytes:12
15:09:56.0 (40230398)|CONSTRUCTOR_ENTRY|[110]|01p0H000007gCe8|<init>(Boolean,Time)
15:09:56.0 (40235412)|VARIABLE_SCOPE_BEGIN|[205]|this|docappcontroller.Wrapertimeslot|true|false
15:09:56.0 (40247550)|VARIABLE_ASSIGNMENT|[205]|this|{}|0x6ebc08f
15:09:56.0 (40253761)|VARIABLE_SCOPE_BEGIN|[205]|selection|Boolean|false|false
15:09:56.0 (40260711)|VARIABLE_ASSIGNMENT|[205]|selection|false
15:09:56.0 (40264209)|VARIABLE_SCOPE_BEGIN|[205]|tm|Time|false|false
15:09:56.0 (40271695)|VARIABLE_ASSIGNMENT|[205]|tm|61200000
15:09:56.0 (40276210)|STATEMENT_EXECUTE|[201]
15:09:56.0 (40277750)|STATEMENT_EXECUTE|[202]
15:09:56.0 (40279252)|STATEMENT_EXECUTE|[203]
15:09:56.0 (40287979)|STATEMENT_EXECUTE|[205]
15:09:56.0 (40289735)|STATEMENT_EXECUTE|[206]
15:09:56.0 (40300023)|VARIABLE_ASSIGNMENT|[EXTERNAL]|this|{}|0x6ebc08f
15:09:56.0 (40308244)|VARIABLE_ASSIGNMENT|[EXTERNAL]|value|false
15:09:56.0 (40312649)|HEAP_ALLOCATE|[202]|Bytes:5
15:09:56.0 (40318155)|VARIABLE_ASSIGNMENT|[202]|this.selected|false|0x6ebc08f
15:09:56.0 (40324955)|STATEMENT_EXECUTE|[207]
15:09:56.0 (40335568)|VARIABLE_ASSIGNMENT|[EXTERNAL]|this|{"selected":false}|0x6ebc08f
15:09:56.0 (40343899)|VARIABLE_ASSIGNMENT|[EXTERNAL]|value|61200000
15:09:56.0 (40350853)|VARIABLE_ASSIGNMENT|[203]|this.t|61200000|0x6ebc08f
15:09:56.0 (40364191)|CONSTRUCTOR_EXIT|[110]|01p0H000007gCe8|<init>(Boolean,Time)
15:09:56.0 (40372121)|HEAP_ALLOCATE|[EXTERNAL]|Bytes:4
15:09:56.0 (40382660)|HEAP_ALLOCATE|[103]|Bytes:28
15:09:56.0 (40386542)|HEAP_ALLOCATE|[103]|Bytes:28
15:09:56.0 (40404675)|STATEMENT_EXECUTE|[103]
15:09:56.0 (40406391)|STATEMENT_EXECUTE|[104]
15:09:56.0 (40414361)|USER_DEBUG|[104]|DEBUG|17:00:00.000Z
15:09:56.0 (40420600)|STATEMENT_EXECUTE|[105]
15:09:56.0 (40428844)|HEAP_ALLOCATE|[105]|Bytes:4
15:09:56.0 (40441601)|VARIABLE_ASSIGNMENT|[105]|t|63000000
15:09:56.0 (40445914)|STATEMENT_EXECUTE|[106]
15:09:56.0 (40450709)|HEAP_ALLOCATE|[106]|Bytes:28
15:09:56.0 (40462935)|HEAP_ALLOCATE|[106]|Bytes:28
15:09:56.0 (40473835)|VARIABLE_ASSIGNMENT|[106]|i1|5.5
15:09:56.0 (40477837)|STATEMENT_EXECUTE|[107]
15:09:56.0 (40505271)|VARIABLE_ASSIGNMENT|[EXTERNAL]|this|{"aptdum":"0x25cfe464","Docdum":"0x1f82ad1e","Docmap":"0x3e3f7018","Initialselected":4,"Selecteddoc":"a260H000001koYjQAI","SelectedtimeSlot":60,"timelist":"0x4d9f2d6d","timeset":"0x58a9d157","timewraplist":"0x2882d8dd","timewraplistInitial":"0x4aea180e"}|0x2ff89de1
15:09:56.0 (40518875)|HEAP_ALLOCATE|[EXTERNAL]|Bytes:4
15:09:56.0 (40531336)|STATEMENT_EXECUTE|[109]
15:09:56.0 (40532988)|STATEMENT_EXECUTE|[110]
15:09:56.0 (40557569)|VARIABLE_ASSIGNMENT|[EXTERNAL]|this|{"aptdum":"0x25cfe464","Docdum":"0x1f82ad1e","Docmap":"0x3e3f7018","Initialselected":4,"Selecteddoc":"a260H000001koYjQAI","SelectedtimeSlot":60,"timelist":"0x4d9f2d6d","timeset":"0x58a9d157","timewraplist":"0x2882d8dd","timewraplistInitial":"0x4aea180e"}|0x2ff89de1
15:09:56.0 (40569804)|HEAP_ALLOCATE|[110]|Bytes:12
15:09:56.0 (40580738)|CONSTRUCTOR_ENTRY|[110]|01p0H000007gCe8|<init>(Boolean,Time)
15:09:56.0 (40585656)|VARIABLE_SCOPE_BEGIN|[205]|this|docappcontroller.Wrapertimeslot|true|false
15:09:56.0 (40598035)|VARIABLE_ASSIGNMENT|[205]|this|{}|0x42c28f25
15:09:56.0 (40603856)|VARIABLE_SCOPE_BEGIN|[205]|selection|Boolean|false|false
15:09:56.0 (40610641)|VARIABLE_ASSIGNMENT|[205]|selection|false
15:09:56.0 (40614158)|VARIABLE_SCOPE_BEGIN|[205]|tm|Time|false|false
15:09:56.0 (40621688)|VARIABLE_ASSIGNMENT|[205]|tm|63000000
15:09:56.0 (40625926)|STATEMENT_EXECUTE|[201]
15:09:56.0 (40627468)|STATEMENT_EXECUTE|[202]
15:09:56.0 (40628947)|STATEMENT_EXECUTE|[203]
15:09:56.0 (40637467)|STATEMENT_EXECUTE|[205]
15:09:56.0 (40639019)|STATEMENT_EXECUTE|[206]
15:09:56.0 (40649435)|VARIABLE_ASSIGNMENT|[EXTERNAL]|this|{}|0x42c28f25
15:09:56.0 (40657508)|VARIABLE_ASSIGNMENT|[EXTERNAL]|value|false
15:09:56.0 (40662287)|HEAP_ALLOCATE|[202]|Bytes:5
15:09:56.0 (40667905)|VARIABLE_ASSIGNMENT|[202]|this.selected|false|0x42c28f25
15:09:56.0 (40675069)|STATEMENT_EXECUTE|[207]
15:09:56.0 (40685670)|VARIABLE_ASSIGNMENT|[EXTERNAL]|this|{"selected":false}|0x42c28f25
15:09:56.0 (40693810)|VARIABLE_ASSIGNMENT|[EXTERNAL]|value|63000000
15:09:56.0 (40701061)|VARIABLE_ASSIGNMENT|[203]|this.t|63000000|0x42c28f25
15:09:56.0 (40714330)|CONSTRUCTOR_EXIT|[110]|01p0H000007gCe8|<init>(Boolean,Time)
15:09:56.0 (40722552)|HEAP_ALLOCATE|[EXTERNAL]|Bytes:4
15:09:56.0 (40732481)|HEAP_ALLOCATE|[103]|Bytes:28
15:09:56.0 (40736217)|HEAP_ALLOCATE|[103]|Bytes:28
15:09:56.0 (40753994)|STATEMENT_EXECUTE|[103]
15:09:56.0 (40755690)|STATEMENT_EXECUTE|[104]
15:09:56.0 (40763516)|USER_DEBUG|[104]|DEBUG|17:30:00.000Z
15:09:56.0 (40770033)|STATEMENT_EXECUTE|[105]
15:09:56.0 (40778509)|HEAP_ALLOCATE|[105]|Bytes:4
15:09:56.0 (40790878)|VARIABLE_ASSIGNMENT|[105]|t|64800000
15:09:56.0 (40795204)|STATEMENT_EXECUTE|[106]
15:09:56.0 (40800042)|HEAP_ALLOCATE|[106]|Bytes:28
15:09:56.0 (40812216)|HEAP_ALLOCATE|[106]|Bytes:28
15:09:56.0 (40822971)|VARIABLE_ASSIGNMENT|[106]|i1|6.0
15:09:56.0 (40827152)|STATEMENT_EXECUTE|[107]
15:09:56.0 (40854713)|VARIABLE_ASSIGNMENT|[EXTERNAL]|this|{"aptdum":"0x25cfe464","Docdum":"0x1f82ad1e","Docmap":"0x3e3f7018","Initialselected":4,"Selecteddoc":"a260H000001koYjQAI","SelectedtimeSlot":60,"timelist":"0x4d9f2d6d","timeset":"0x58a9d157","timewraplist":"0x2882d8dd","timewraplistInitial":"0x4aea180e"}|0x2ff89de1
15:09:56.0 (40869113)|HEAP_ALLOCATE|[EXTERNAL]|Bytes:4
15:09:56.0 (40881055)|STATEMENT_EXECUTE|[109]
15:09:56.0 (40882831)|STATEMENT_EXECUTE|[110]
15:09:56.0 (40905909)|VARIABLE_ASSIGNMENT|[EXTERNAL]|this|{"aptdum":"0x25cfe464","Docdum":"0x1f82ad1e","Docmap":"0x3e3f7018","Initialselected":4,"Selecteddoc":"a260H000001koYjQAI","SelectedtimeSlot":60,"timelist":"0x4d9f2d6d","timeset":"0x58a9d157","timewraplist":"0x2882d8dd","timewraplistInitial":"0x4aea180e"}|0x2ff89de1
15:09:56.0 (40917157)|HEAP_ALLOCATE|[110]|Bytes:12
15:09:56.0 (40928167)|CONSTRUCTOR_ENTRY|[110]|01p0H000007gCe8|<init>(Boolean,Time)
15:09:56.0 (40933175)|VARIABLE_SCOPE_BEGIN|[205]|this|docappcontroller.Wrapertimeslot|true|false
15:09:56.0 (40949734)|VARIABLE_ASSIGNMENT|[205]|this|{}|0x7150f17
15:09:56.0 (40956099)|VARIABLE_SCOPE_BEGIN|[205]|selection|Boolean|false|false
15:09:56.0 (40963031)|VARIABLE_ASSIGNMENT|[205]|selection|false
15:09:56.0 (40966806)|VARIABLE_SCOPE_BEGIN|[205]|tm|Time|false|false
15:09:56.0 (40974604)|VARIABLE_ASSIGNMENT|[205]|tm|64800000
15:09:56.0 (40979634)|STATEMENT_EXECUTE|[201]
15:09:56.0 (40981199)|STATEMENT_EXECUTE|[202]
15:09:56.0 (40982730)|STATEMENT_EXECUTE|[203]
15:09:56.0 (40991076)|STATEMENT_EXECUTE|[205]
15:09:56.0 (40992601)|STATEMENT_EXECUTE|[206]
15:09:56.0 (41003263)|VARIABLE_ASSIGNMENT|[EXTERNAL]|this|{}|0x7150f17
15:09:56.0 (41011962)|VARIABLE_ASSIGNMENT|[EXTERNAL]|value|false
15:09:56.0 (41016630)|HEAP_ALLOCATE|[202]|Bytes:5
15:09:56.0 (41022366)|VARIABLE_ASSIGNMENT|[202]|this.selected|false|0x7150f17
15:09:56.0 (41029584)|STATEMENT_EXECUTE|[207]
15:09:56.0 (41040489)|VARIABLE_ASSIGNMENT|[EXTERNAL]|this|{"selected":false}|0x7150f17
15:09:56.0 (41048752)|VARIABLE_ASSIGNMENT|[EXTERNAL]|value|64800000
15:09:56.0 (41055550)|VARIABLE_ASSIGNMENT|[203]|this.t|64800000|0x7150f17
15:09:56.0 (41069103)|CONSTRUCTOR_EXIT|[110]|01p0H000007gCe8|<init>(Boolean,Time)
15:09:56.0 (41077938)|HEAP_ALLOCATE|[EXTERNAL]|Bytes:4
15:09:56.0 (41088158)|HEAP_ALLOCATE|[103]|Bytes:28
15:09:56.0 (41091703)|HEAP_ALLOCATE|[103]|Bytes:28
15:09:56.0 (41110058)|STATEMENT_EXECUTE|[103]
15:09:56.0 (41111817)|STATEMENT_EXECUTE|[104]
15:09:56.0 (41119432)|USER_DEBUG|[104]|DEBUG|18:00:00.000Z
15:09:56.0 (41126178)|STATEMENT_EXECUTE|[105]
15:09:56.0 (41134233)|HEAP_ALLOCATE|[105]|Bytes:4
15:09:56.0 (41146372)|VARIABLE_ASSIGNMENT|[105]|t|66600000
15:09:56.0 (41150996)|STATEMENT_EXECUTE|[106]
15:09:56.0 (41155817)|HEAP_ALLOCATE|[106]|Bytes:28
15:09:56.0 (41168000)|HEAP_ALLOCATE|[106]|Bytes:28
15:09:56.0 (41179131)|VARIABLE_ASSIGNMENT|[106]|i1|6.5
15:09:56.0 (41183584)|STATEMENT_EXECUTE|[107]
15:09:56.0 (41210884)|VARIABLE_ASSIGNMENT|[EXTERNAL]|this|{"aptdum":"0x25cfe464","Docdum":"0x1f82ad1e","Docmap":"0x3e3f7018","Initialselected":4,"Selecteddoc":"a260H000001koYjQAI","SelectedtimeSlot":60,"timelist":"0x4d9f2d6d","timeset":"0x58a9d157","timewraplist":"0x2882d8dd","timewraplistInitial":"0x4aea180e"}|0x2ff89de1
15:09:56.0 (41225489)|HEAP_ALLOCATE|[EXTERNAL]|Bytes:4
15:09:56.0 (41238078)|STATEMENT_EXECUTE|[109]
15:09:56.0 (41239814)|STATEMENT_EXECUTE|[110]
15:09:56.0 (41263201)|VARIABLE_ASSIGNMENT|[EXTERNAL]|this|{"aptdum":"0x25cfe464","Docdum":"0x1f82ad1e","Docmap":"0x3e3f7018","Initialselected":4,"Selecteddoc":"a260H000001koYjQAI","SelectedtimeSlot":60,"timelist":"0x4d9f2d6d","timeset":"0x58a9d157","timewraplist":"0x2882d8dd","timewraplistInitial":"0x4aea180e"}|0x2ff89de1
15:09:56.0 (41274495)|HEAP_ALLOCATE|[110]|Bytes:12
15:09:56.0 (41285250)|CONSTRUCTOR_ENTRY|[110]|01p0H000007gCe8|<init>(Boolean,Time)
15:09:56.0 (41290398)|VARIABLE_SCOPE_BEGIN|[205]|this|docappcontroller.Wrapertimeslot|true|false
15:09:56.0 (41302589)|VARIABLE_ASSIGNMENT|[205]|this|{}|0x4af2d64b
15:09:56.0 (41308648)|VARIABLE_SCOPE_BEGIN|[205]|selection|Boolean|false|false
15:09:56.0 (41319497)|VARIABLE_ASSIGNMENT|[205]|selection|false
15:09:56.0 (41323333)|VARIABLE_SCOPE_BEGIN|[205]|tm|Time|false|false
15:09:56.0 (41331373)|VARIABLE_ASSIGNMENT|[205]|tm|66600000
15:09:56.0 (41335805)|STATEMENT_EXECUTE|[201]
15:09:56.0 (41337723)|STATEMENT_EXECUTE|[202]
15:09:56.0 (41339324)|STATEMENT_EXECUTE|[203]
15:09:56.0 (41348303)|STATEMENT_EXECUTE|[205]
15:09:56.0 (41349927)|STATEMENT_EXECUTE|[206]
15:09:56.0 (41360771)|VARIABLE_ASSIGNMENT|[EXTERNAL]|this|{}|0x4af2d64b
15:09:56.0 (41368895)|VARIABLE_ASSIGNMENT|[EXTERNAL]|value|false
15:09:56.0 (41373603)|HEAP_ALLOCATE|[202]|Bytes:5
15:09:56.0 (41379226)|VARIABLE_ASSIGNMENT|[202]|this.selected|false|0x4af2d64b
15:09:56.0 (41386728)|STATEMENT_EXECUTE|[207]
15:09:56.0 (41397621)|VARIABLE_ASSIGNMENT|[EXTERNAL]|this|{"selected":false}|0x4af2d64b
15:09:56.0 (41406191)|VARIABLE_ASSIGNMENT|[EXTERNAL]|value|66600000
15:09:56.0 (41413045)|VARIABLE_ASSIGNMENT|[203]|this.t|66600000|0x4af2d64b
15:09:56.0 (41425930)|CONSTRUCTOR_EXIT|[110]|01p0H000007gCe8|<init>(Boolean,Time)
15:09:56.0 (41434198)|HEAP_ALLOCATE|[EXTERNAL]|Bytes:4
15:09:56.0 (41444375)|HEAP_ALLOCATE|[103]|Bytes:28
15:09:56.0 (41448486)|HEAP_ALLOCATE|[103]|Bytes:28
15:09:56.0 (41466896)|STATEMENT_EXECUTE|[103]
15:09:56.0 (41468659)|STATEMENT_EXECUTE|[104]
15:09:56.0 (41477511)|USER_DEBUG|[104]|DEBUG|18:30:00.000Z
15:09:56.0 (41483735)|STATEMENT_EXECUTE|[105]
15:09:56.0 (41492380)|HEAP_ALLOCATE|[105]|Bytes:4
15:09:56.0 (41505181)|VARIABLE_ASSIGNMENT|[105]|t|68400000
15:09:56.0 (41509355)|STATEMENT_EXECUTE|[106]
15:09:56.0 (41514352)|HEAP_ALLOCATE|[106]|Bytes:28
15:09:56.0 (41527134)|HEAP_ALLOCATE|[106]|Bytes:28
15:09:56.0 (41537924)|VARIABLE_ASSIGNMENT|[106]|i1|7.0
15:09:56.0 (41542100)|STATEMENT_EXECUTE|[107]
15:09:56.0 (41570349)|VARIABLE_ASSIGNMENT|[EXTERNAL]|this|{"aptdum":"0x25cfe464","Docdum":"0x1f82ad1e","Docmap":"0x3e3f7018","Initialselected":4,"Selecteddoc":"a260H000001koYjQAI","SelectedtimeSlot":60,"timelist":"0x4d9f2d6d","timeset":"0x58a9d157","timewraplist":"0x2882d8dd","timewraplistInitial":"0x4aea180e"}|0x2ff89de1
15:09:56.0 (41584404)|HEAP_ALLOCATE|[EXTERNAL]|Bytes:4
15:09:56.0 (41597300)|STATEMENT_EXECUTE|[111]
15:09:56.0 (41599022)|STATEMENT_EXECUTE|[112]
15:09:56.0 (41622330)|VARIABLE_ASSIGNMENT|[EXTERNAL]|this|{"aptdum":"0x25cfe464","Docdum":"0x1f82ad1e","Docmap":"0x3e3f7018","Initialselected":4,"Selecteddoc":"a260H000001koYjQAI","SelectedtimeSlot":60,"timelist":"0x4d9f2d6d","timeset":"0x58a9d157","timewraplist":"0x2882d8dd","timewraplistInitial":"0x4aea180e"}|0x2ff89de1
15:09:56.0 (41634164)|HEAP_ALLOCATE|[112]|Bytes:12
15:09:56.0 (41645388)|CONSTRUCTOR_ENTRY|[112]|01p0H000007gCe8|<init>(Boolean,Time)
15:09:56.0 (41650784)|VARIABLE_SCOPE_BEGIN|[205]|this|docappcontroller.Wrapertimeslot|true|false
15:09:56.0 (41662779)|VARIABLE_ASSIGNMENT|[205]|this|{}|0x4eb76e3b
15:09:56.0 (41668791)|VARIABLE_SCOPE_BEGIN|[205]|selection|Boolean|false|false
15:09:56.0 (41675834)|VARIABLE_ASSIGNMENT|[205]|selection|true
15:09:56.0 (41679343)|VARIABLE_SCOPE_BEGIN|[205]|tm|Time|false|false
15:09:56.0 (41687115)|VARIABLE_ASSIGNMENT|[205]|tm|68400000
15:09:56.0 (41691301)|STATEMENT_EXECUTE|[201]
15:09:56.0 (41692919)|STATEMENT_EXECUTE|[202]
15:09:56.0 (41694418)|STATEMENT_EXECUTE|[203]
15:09:56.0 (41702664)|STATEMENT_EXECUTE|[205]
15:09:56.0 (41704211)|STATEMENT_EXECUTE|[206]
15:09:56.0 (41714893)|VARIABLE_ASSIGNMENT|[EXTERNAL]|this|{}|0x4eb76e3b
15:09:56.0 (41723402)|VARIABLE_ASSIGNMENT|[EXTERNAL]|value|true
15:09:56.0 (41728422)|HEAP_ALLOCATE|[202]|Bytes:5
15:09:56.0 (41733695)|VARIABLE_ASSIGNMENT|[202]|this.selected|true|0x4eb76e3b
15:09:56.0 (41740556)|STATEMENT_EXECUTE|[207]
15:09:56.0 (41751220)|VARIABLE_ASSIGNMENT|[EXTERNAL]|this|{"selected":true}|0x4eb76e3b
15:09:56.0 (41759468)|VARIABLE_ASSIGNMENT|[EXTERNAL]|value|68400000
15:09:56.0 (41766214)|VARIABLE_ASSIGNMENT|[203]|this.t|68400000|0x4eb76e3b
15:09:56.0 (41778660)|CONSTRUCTOR_EXIT|[112]|01p0H000007gCe8|<init>(Boolean,Time)
15:09:56.0 (41787707)|HEAP_ALLOCATE|[EXTERNAL]|Bytes:4
15:09:56.0 (41793232)|STATEMENT_EXECUTE|[113]
15:09:56.0 (41796574)|HEAP_ALLOCATE|[113]|Bytes:4
15:09:56.0 (41802813)|VARIABLE_ASSIGNMENT|[113]|this.Initialselected|5|0x2ff89de1
15:09:56.0 (41813031)|HEAP_ALLOCATE|[103]|Bytes:28
15:09:56.0 (41816550)|HEAP_ALLOCATE|[103]|Bytes:28
15:09:56.0 (41839392)|HEAP_ALLOCATE|[119]|Bytes:28
15:09:56.0 (41843408)|HEAP_ALLOCATE|[119]|Bytes:28
15:09:56.0 (41849597)|HEAP_ALLOCATE|[119]|Bytes:28
15:09:56.0 (41875292)|HEAP_ALLOCATE|[119]|Bytes:28
15:09:56.0 (41897487)|STATEMENT_EXECUTE|[119]
15:09:56.0 (41899912)|STATEMENT_EXECUTE|[125]
15:09:56.0 (41935175)|VARIABLE_ASSIGNMENT|[EXTERNAL]|this|{"aptdum":"0x25cfe464","Docdum":"0x1f82ad1e","Docmap":"0x3e3f7018","Initialselected":5,"Selecteddoc":"a260H000001koYjQAI","SelectedtimeSlot":60,"timelist":"0x4d9f2d6d","timeset":"0x58a9d157","timewraplist":"0x2882d8dd","timewraplistInitial":"0x4aea180e"}|0x2ff89de1
15:09:56.0 (41958831)|VARIABLE_ASSIGNMENT|[125]|this.timewraplistInitial|"List of size 15 too large to display"|0x2ff89de1
15:09:56.0 (41964912)|STATEMENT_EXECUTE|[127]
15:09:56.45 (45637479)|SYSTEM_MODE_ENTER|true
15:09:56.45 (45713819)|HEAP_ALLOCATE|[EXTERNAL]|Bytes:8
15:09:56.45 (45723479)|VARIABLE_SCOPE_BEGIN|[88]|this|ApexPage.PageMessagesComponentController|true|false
15:09:56.45 (45750335)|VARIABLE_ASSIGNMENT|[88]|this|{}|0x33d71840
15:09:56.45 (45757309)|VARIABLE_SCOPE_BEGIN|[88]|escape|Boolean|false|false
15:09:56.45 (45764568)|VARIABLE_ASSIGNMENT|[88]|escape|null
15:09:56.45 (45862836)|SYSTEM_MODE_ENTER|true
15:09:56.45 (45896736)|HEAP_ALLOCATE|[EXTERNAL]|Bytes:8
15:09:56.45 (45903265)|VARIABLE_SCOPE_BEGIN|[2]|this|ApexPage.PageMessagesComponentController|true|false
15:09:56.45 (45921929)|VARIABLE_ASSIGNMENT|[2]|this|{}|0x33d71840
15:09:56.0 (46281228)|SYSTEM_MODE_ENTER|true
15:09:56.0 (46751449)|SYSTEM_MODE_ENTER|true
15:09:56.0 (47082848)|SYSTEM_MODE_ENTER|true
15:09:56.0 (47170178)|SYSTEM_MODE_ENTER|true
15:09:56.65 (65821200)|SYSTEM_MODE_ENTER|true
15:09:56.65 (65915555)|HEAP_ALLOCATE|[EXTERNAL]|Bytes:8
15:09:56.65 (65928848)|VARIABLE_SCOPE_BEGIN|[88]|this|ApexPage.PageMessagesComponentController|true|false
15:09:56.65 (65967788)|VARIABLE_ASSIGNMENT|[88]|this|{}|0x33d71840
15:09:56.65 (65974676)|VARIABLE_SCOPE_BEGIN|[88]|escape|Boolean|false|false
15:09:56.65 (65982946)|VARIABLE_ASSIGNMENT|[88]|escape|null
15:09:56.66 (66118026)|SYSTEM_MODE_ENTER|true
15:09:56.66 (66153656)|HEAP_ALLOCATE|[EXTERNAL]|Bytes:8
15:09:56.66 (66160281)|VARIABLE_SCOPE_BEGIN|[2]|this|ApexPage.PageMessagesComponentController|true|false
15:09:56.66 (66179219)|VARIABLE_ASSIGNMENT|[2]|this|{}|0x33d71840
15:09:56.0 (67668893)|SYSTEM_MODE_ENTER|true
15:09:56.0 (67711258)|HEAP_ALLOCATE|[EXTERNAL]|Bytes:48
15:09:56.0 (67719152)|VARIABLE_SCOPE_BEGIN|[160]|this|docappcontroller|true|false
15:09:56.0 (67771571)|VARIABLE_ASSIGNMENT|[160]|this|{"aptdum":"0x25cfe464","Docdum":"0x1f82ad1e","Docmap":"0x3e3f7018","Initialselected":5,"Selecteddoc":"a260H000001koYjQAI","SelectedtimeSlot":60,"timelist":"0x4d9f2d6d","timeset":"0x58a9d157","timewraplist":"0x2882d8dd","timewraplistInitial":"0x2882d8dd"}|0x2ff89de1
15:09:56.0 (67784778)|STATEMENT_EXECUTE|[160]
15:09:56.0 (67787447)|STATEMENT_EXECUTE|[162]
15:09:56.0 (67799965)|HEAP_ALLOCATE|[162]|Bytes:4
15:09:56.0 (67816663)|VARIABLE_SCOPE_BEGIN|[162]|options|List<System.SelectOption>|true|false
15:09:56.0 (67841208)|HEAP_ALLOCATE|[EXTERNAL]|Bytes:4
15:09:56.0 (67851983)|VARIABLE_ASSIGNMENT|[162]|options|[]|0x140dbbc6
15:09:56.0 (67857358)|STATEMENT_EXECUTE|[163]
15:09:56.0 (67884917)|HEAP_ALLOCATE|[EXTERNAL]|Bytes:4
15:09:56.0 (67924476)|VARIABLE_ASSIGNMENT|[EXTERNAL]|this|{"aptdum":"0x25cfe464","Docdum":"0x1f82ad1e","Docmap":"0x3e3f7018","Initialselected":5,"Selecteddoc":"a260H000001koYjQAI","SelectedtimeSlot":60,"timelist":"0x4d9f2d6d","timeset":"0x58a9d157","timewraplist":"0x2882d8dd","timewraplistInitial":"0x2882d8dd"}|0x2ff89de1
15:09:56.0 (67939468)|STATEMENT_EXECUTE|[164]
15:09:56.0 (67966324)|VARIABLE_ASSIGNMENT|[EXTERNAL]|this|{"aptdum":"0x25cfe464","Docdum":"0x1f82ad1e","Docmap":"0x3e3f7018","Initialselected":5,"Selecteddoc":"a260H000001koYjQAI","SelectedtimeSlot":60,"timelist":"0x4d9f2d6d","timeset":"0x58a9d157","timewraplist":"0x2882d8dd","timewraplistInitial":"0x2882d8dd"}|0x2ff89de1
15:09:56.0 (67988417)|HEAP_ALLOCATE|[EXTERNAL]|Bytes:12
15:09:56.0 (68006383)|HEAP_ALLOCATE|[165]|Bytes:237
15:09:56.0 (68029128)|HEAP_ALLOCATE|[165]|Bytes:5
15:09:56.0 (68041617)|HEAP_ALLOCATE|[165]|Bytes:24
15:09:56.0 (68050757)|VARIABLE_SCOPE_BEGIN|[165]|doc|Doctor__c|true|false
15:09:56.0 (68073064)|VARIABLE_ASSIGNMENT|[165]|doc|{"Id":"a260H000001koYjQAI","Name":"doc 2","End_Time__c":68400000,"Speciality__c":"General Surgery","Start_Time__c":43200000}|0x3494f336
15:09:56.0 (68080163)|STATEMENT_EXECUTE|[165]
15:09:56.0 (68081847)|STATEMENT_EXECUTE|[166]
15:09:56.0 (68097123)|HEAP_ALLOCATE|[166]|Bytes:18
15:09:56.0 (68111275)|HEAP_ALLOCATE|[EXTERNAL]|Bytes:4
15:09:56.0 (68122795)|HEAP_ALLOCATE|[165]|Bytes:5
15:09:56.0 (68131188)|HEAP_ALLOCATE|[165]|Bytes:24
15:09:56.0 (68136468)|VARIABLE_SCOPE_BEGIN|[165]|doc|Doctor__c|true|false
15:09:56.0 (68149392)|VARIABLE_ASSIGNMENT|[165]|doc|{"Id":"a260H000001koYeQAI","Name":"Doc1","End_Time__c":64800000,"Speciality__c":"General Surgery","Start_Time__c":32400000}|0x4ab3784b
15:09:56.0 (68155143)|STATEMENT_EXECUTE|[165]
15:09:56.0 (68156674)|STATEMENT_EXECUTE|[166]
15:09:56.0 (68163442)|HEAP_ALLOCATE|[166]|Bytes:18
15:09:56.0 (68173434)|HEAP_ALLOCATE|[EXTERNAL]|Bytes:4
15:09:56.0 (68183473)|HEAP_ALLOCATE|[165]|Bytes:5
15:09:56.0 (68192561)|VARIABLE_ASSIGNMENT|[165]|doc|null|
15:09:56.0 (68197608)|STATEMENT_EXECUTE|[172]
15:09:56.0 (68359262)|SYSTEM_MODE_ENTER|true
15:09:56.0 (71645485)|SYSTEM_MODE_ENTER|true
15:09:56.0 (71687252)|HEAP_ALLOCATE|[EXTERNAL]|Bytes:48
15:09:56.0 (71695600)|VARIABLE_SCOPE_BEGIN|[177]|this|docappcontroller|true|false
15:09:56.0 (71736194)|VARIABLE_ASSIGNMENT|[177]|this|{"aptdum":"0x25cfe464","Docdum":"0x1f82ad1e","Docmap":"0x3e3f7018","Initialselected":5,"Selecteddoc":"a260H000001koYjQAI","SelectedtimeSlot":60,"timelist":"0x4d9f2d6d","timeset":"0x58a9d157","timewraplist":"0x2882d8dd","timewraplistInitial":"0x2882d8dd"}|0x2ff89de1
15:09:56.0 (71747938)|STATEMENT_EXECUTE|[177]
15:09:56.0 (71749971)|STATEMENT_EXECUTE|[179]
15:09:56.0 (71760144)|HEAP_ALLOCATE|[179]|Bytes:4
15:09:56.0 (71775836)|VARIABLE_SCOPE_BEGIN|[179]|options|List<System.SelectOption>|true|false
15:09:56.0 (71797598)|HEAP_ALLOCATE|[EXTERNAL]|Bytes:4
15:09:56.0 (71806589)|VARIABLE_ASSIGNMENT|[179]|options|[]|0x2ccd5bdf
15:09:56.0 (71811873)|STATEMENT_EXECUTE|[180]
15:09:56.0 (71826835)|HEAP_ALLOCATE|[EXTERNAL]|Bytes:4
15:09:56.0 (71833682)|STATEMENT_EXECUTE|[183]
15:09:56.0 (71841308)|HEAP_ALLOCATE|[EXTERNAL]|Bytes:4
15:09:56.0 (71846810)|STATEMENT_EXECUTE|[184]
15:09:56.0 (71853065)|HEAP_ALLOCATE|[EXTERNAL]|Bytes:4
15:09:56.0 (71857943)|STATEMENT_EXECUTE|[189]
15:09:56.0 (71981668)|SYSTEM_MODE_ENTER|true
15:09:56.0 (74170311)|VF_SERIALIZE_VIEWSTATE_BEGIN|0660H000004OdRk
15:09:56.0 (91605074)|VF_SERIALIZE_VIEWSTATE_END
15:09:56.0 (121068085)|CODE_UNIT_STARTED|[EXTERNAL]|Generate Metadata
15:09:56.0 (123398771)|CODE_UNIT_FINISHED|Generate Metadata
15:09:56.126 (126189714)|CUMULATIVE_LIMIT_USAGE
15:09:56.126 (126189714)|LIMIT_USAGE_FOR_NS|(default)|
  Number of SOQL queries: 1 out of 100
  Number of query rows: 2 out of 50000
  Number of SOSL queries: 0 out of 20
  Number of DML statements: 0 out of 150
  Number of DML rows: 0 out of 10000
  Maximum CPU time: 0 out of 10000
  Maximum heap size: 0 out of 6000000
  Number of callouts: 0 out of 100
  Number of Email Invocations: 0 out of 10
  Number of future calls: 0 out of 50
  Number of queueable jobs added to the queue: 0 out of 50
  Number of Mobile Apex push calls: 0 out of 10

15:09:56.126 (126189714)|CUMULATIVE_LIMIT_USAGE_END

15:09:56.0 (126235727)|CODE_UNIT_FINISHED|VF: /apex/docapp
15:09:56.0 (127074592)|EXECUTION_FINISHED
