42.0 APEX_CODE,FINEST;APEX_PROFILING,INFO;CALLOUT,INFO;DB,INFO;SYSTEM,DEBUG;VALIDATION,INFO;VISUALFORCE,INFO;WAVE,INFO;WORKFLOW,INFO
14:24:19.0 (50224)|USER_INFO|[EXTERNAL]|005i0000002qYvT|anton@igate.com|India Standard Time|GMT+05:30
14:24:19.0 (83474)|EXECUTION_STARTED
14:24:19.0 (88182)|CODE_UNIT_STARTED|[EXTERNAL]|0660H000004OdRk|VF: /apex/docapp
14:24:19.0 (47680433)|SYSTEM_MODE_ENTER|true
14:24:19.0 (48090945)|HEAP_ALLOCATE|[72]|Bytes:3
14:24:19.0 (48148096)|HEAP_ALLOCATE|[77]|Bytes:152
14:24:19.0 (48161379)|HEAP_ALLOCATE|[342]|Bytes:408
14:24:19.0 (48172397)|HEAP_ALLOCATE|[355]|Bytes:408
14:24:19.0 (48182865)|HEAP_ALLOCATE|[467]|Bytes:48
14:24:19.0 (48236216)|HEAP_ALLOCATE|[139]|Bytes:6
14:24:19.0 (48252991)|HEAP_ALLOCATE|[EXTERNAL]|Bytes:14
14:24:19.0 (48270824)|HEAP_ALLOCATE|[EXTERNAL]|Bytes:248
14:24:19.0 (48274872)|HEAP_ALLOCATE|[EXTERNAL]|Bytes:53
14:24:19.0 (48278538)|HEAP_ALLOCATE|[EXTERNAL]|Bytes:13
14:24:19.0 (48302370)|METHOD_ENTRY|[1]|01p0H000007gCe8|docappcontroller.docappcontroller()
14:24:19.0 (48310126)|STATEMENT_EXECUTE|[1]
14:24:19.0 (48315221)|STATEMENT_EXECUTE|[1]
14:24:19.0 (48316711)|STATEMENT_EXECUTE|[175]
14:24:19.0 (48333738)|METHOD_EXIT|[1]|docappcontroller
14:24:19.0 (48575488)|HEAP_ALLOCATE|[EXTERNAL]|Bytes:44
14:24:19.0 (48612790)|VARIABLE_SCOPE_BEGIN|[115]|this|docappcontroller|true|false
14:24:19.0 (48686962)|VARIABLE_ASSIGNMENT|[115]|this|{}|0x2e32c8a2
14:24:19.0 (48697325)|STATEMENT_EXECUTE|[1]
14:24:19.0 (48699072)|STATEMENT_EXECUTE|[3]
14:24:19.0 (48712987)|STATEMENT_EXECUTE|[4]
14:24:19.0 (48715161)|STATEMENT_EXECUTE|[5]
14:24:19.0 (48768061)|HEAP_ALLOCATE|[5]|Bytes:4
14:24:19.0 (48927495)|HEAP_ALLOCATE|[EXTERNAL]|Bytes:4
14:24:19.0 (48943202)|VARIABLE_ASSIGNMENT|[5]|this.timewraplistInitial|[]|0x2e32c8a2
14:24:19.0 (48949451)|STATEMENT_EXECUTE|[6]
14:24:19.0 (48954327)|HEAP_ALLOCATE|[6]|Bytes:4
14:24:19.0 (48964018)|VARIABLE_ASSIGNMENT|[6]|this.Initialselected|0|0x2e32c8a2
14:24:19.0 (48969078)|STATEMENT_EXECUTE|[108]
14:24:19.0 (48970744)|STATEMENT_EXECUTE|[109]
14:24:19.0 (48972202)|STATEMENT_EXECUTE|[110]
14:24:19.0 (48973561)|STATEMENT_EXECUTE|[111]
14:24:19.0 (48974947)|STATEMENT_EXECUTE|[112]
14:24:19.0 (48976493)|STATEMENT_EXECUTE|[113]
14:24:19.0 (48984369)|HEAP_ALLOCATE|[6]|Bytes:6
14:24:19.0 (49034758)|STATEMENT_EXECUTE|[115]
14:24:19.0 (49037530)|STATEMENT_EXECUTE|[116]
14:24:19.0 (49063247)|HEAP_ALLOCATE|[116]|Bytes:4
14:24:19.0 (49227960)|VARIABLE_ASSIGNMENT|[EXTERNAL]|this|{"Initialselected":0,"timewraplistInitial":"0x4fdcfc6d"}|0x2e32c8a2
14:24:19.0 (49243110)|VARIABLE_ASSIGNMENT|[EXTERNAL]|value|{}|0x6e2bbdd6
14:24:19.0 (49253792)|VARIABLE_ASSIGNMENT|[108]|this.Docdum|{}|0x2e32c8a2
14:24:19.0 (49281172)|STATEMENT_EXECUTE|[117]
14:24:19.0 (49297484)|HEAP_ALLOCATE|[117]|Bytes:4
14:24:19.0 (49388578)|VARIABLE_ASSIGNMENT|[EXTERNAL]|this|{"Docdum":"0x6e2bbdd6","Initialselected":0,"timewraplistInitial":"0x4fdcfc6d"}|0x2e32c8a2
14:24:19.0 (49400664)|VARIABLE_ASSIGNMENT|[EXTERNAL]|value|{}|0x59ed2505
14:24:19.0 (49410802)|VARIABLE_ASSIGNMENT|[109]|this.aptdum|{}|0x2e32c8a2
14:24:19.50 (50554305)|SYSTEM_MODE_ENTER|true
14:24:19.50 (50583355)|HEAP_ALLOCATE|[EXTERNAL]|Bytes:38
14:24:19.50 (50595442)|HEAP_ALLOCATE|[EXTERNAL]|Bytes:7
14:24:19.50 (50602262)|SYSTEM_METHOD_ENTRY|[1]|PageMessagesComponentController.PageMessagesComponentController()
14:24:19.50 (50606870)|STATEMENT_EXECUTE|[1]
14:24:19.50 (50728576)|SYSTEM_MODE_ENTER|true
14:24:19.50 (50781219)|HEAP_ALLOCATE|[EXTERNAL]|Bytes:8
14:24:19.50 (50788265)|VARIABLE_SCOPE_BEGIN|[88]|this|ApexPage.PageMessagesComponentController|true|false
14:24:19.50 (50812216)|VARIABLE_ASSIGNMENT|[88]|this|{}|0x1db7d2c1
14:24:19.50 (50818615)|VARIABLE_SCOPE_BEGIN|[88]|escape|Boolean|false|false
14:24:19.50 (50827061)|VARIABLE_ASSIGNMENT|[88]|escape|null
14:24:19.50 (50970947)|SYSTEM_MODE_ENTER|true
14:24:19.50 (51003655)|HEAP_ALLOCATE|[EXTERNAL]|Bytes:8
14:24:19.50 (51010409)|VARIABLE_SCOPE_BEGIN|[2]|this|ApexPage.PageMessagesComponentController|true|false
14:24:19.50 (51033547)|VARIABLE_ASSIGNMENT|[2]|this|{}|0x1db7d2c1
14:24:19.0 (51788803)|SYSTEM_MODE_ENTER|true
14:24:19.0 (52833604)|SYSTEM_MODE_ENTER|true
14:24:19.0 (53335346)|SYSTEM_MODE_ENTER|true
14:24:19.71 (71251506)|SYSTEM_MODE_ENTER|true
14:24:19.71 (71320246)|HEAP_ALLOCATE|[EXTERNAL]|Bytes:8
14:24:19.71 (71331875)|VARIABLE_SCOPE_BEGIN|[88]|this|ApexPage.PageMessagesComponentController|true|false
14:24:19.71 (71364489)|VARIABLE_ASSIGNMENT|[88]|this|{}|0x1db7d2c1
14:24:19.71 (71373812)|VARIABLE_SCOPE_BEGIN|[88]|escape|Boolean|false|false
14:24:19.71 (71385373)|VARIABLE_ASSIGNMENT|[88]|escape|null
14:24:19.71 (71531857)|SYSTEM_MODE_ENTER|true
14:24:19.71 (71574489)|HEAP_ALLOCATE|[EXTERNAL]|Bytes:8
14:24:19.71 (71582821)|VARIABLE_SCOPE_BEGIN|[2]|this|ApexPage.PageMessagesComponentController|true|false
14:24:19.71 (71615809)|VARIABLE_ASSIGNMENT|[2]|this|{}|0x1db7d2c1
14:24:19.0 (73316574)|SYSTEM_MODE_ENTER|true
14:24:19.0 (73373268)|HEAP_ALLOCATE|[EXTERNAL]|Bytes:44
14:24:19.0 (73444172)|VARIABLE_SCOPE_BEGIN|[134]|this|docappcontroller|true|false
14:24:19.0 (73480724)|VARIABLE_ASSIGNMENT|[134]|this|{"aptdum":"0x59ed2505","Docdum":"0x6e2bbdd6","Initialselected":0,"timewraplistInitial":"0x4fdcfc6d"}|0x2e32c8a2
14:24:19.0 (73491193)|STATEMENT_EXECUTE|[134]
14:24:19.0 (73493204)|STATEMENT_EXECUTE|[136]
14:24:19.0 (73505589)|HEAP_ALLOCATE|[136]|Bytes:4
14:24:19.0 (73535413)|VARIABLE_SCOPE_BEGIN|[136]|options|List<System.SelectOption>|true|false
14:24:19.0 (73556713)|HEAP_ALLOCATE|[EXTERNAL]|Bytes:4
14:24:19.0 (73566422)|VARIABLE_ASSIGNMENT|[136]|options|[]|0x192b48e4
14:24:19.0 (73571965)|STATEMENT_EXECUTE|[137]
14:24:19.0 (73579273)|HEAP_ALLOCATE|[137]|Bytes:8
14:24:19.0 (73636104)|HEAP_ALLOCATE|[EXTERNAL]|Bytes:4
14:24:19.0 (73686885)|VARIABLE_ASSIGNMENT|[EXTERNAL]|this|{"aptdum":"0x59ed2505","Docdum":"0x6e2bbdd6","Initialselected":0,"timewraplistInitial":"0x4fdcfc6d"}|0x2e32c8a2
14:24:19.0 (73700983)|STATEMENT_EXECUTE|[142]
14:24:19.0 (73702792)|STATEMENT_EXECUTE|[143]
14:24:19.0 (73705726)|HEAP_ALLOCATE|[143]|Bytes:23
14:24:19.0 (73727326)|METHOD_ENTRY|[143]|01p0H000007gCe8|docappcontroller.ShowError(String)
14:24:19.0 (73757568)|VARIABLE_SCOPE_BEGIN|[169]|this|docappcontroller|true|false
14:24:19.0 (73782862)|VARIABLE_ASSIGNMENT|[169]|this|{"aptdum":"0x59ed2505","Docdum":"0x6e2bbdd6","Initialselected":0,"timewraplistInitial":"0x4fdcfc6d"}|0x2e32c8a2
14:24:19.0 (73790905)|VARIABLE_SCOPE_BEGIN|[169]|ErrorMsg|String|false|false
14:24:19.0 (73801157)|VARIABLE_ASSIGNMENT|[169]|ErrorMsg|"No Continents Data y (3 more) ..."
14:24:19.0 (73806413)|STATEMENT_EXECUTE|[169]
14:24:19.0 (73807961)|STATEMENT_EXECUTE|[171]
14:24:19.0 (73839614)|VARIABLE_SCOPE_BEGIN|[171]|m|ApexPages.Message|true|false
14:24:19.0 (73995443)|VARIABLE_ASSIGNMENT|[171]|m|"core.apexpages.framework.ApexPagesMessage@bcc07bcc"|0x5aa5099a
14:24:19.0 (74003247)|STATEMENT_EXECUTE|[172]
14:24:19.0 (74148714)|VF_PAGE_MESSAGE|No Continents Data yet.
14:24:19.0 (74161456)|METHOD_EXIT|[143]|01p0H000007gCe8|docappcontroller.ShowError(String)
14:24:19.0 (74166275)|STATEMENT_EXECUTE|[146]
14:24:19.0 (74342172)|SYSTEM_MODE_ENTER|true
14:24:19.0 (75208096)|SYSTEM_MODE_ENTER|true
14:24:19.0 (75248640)|HEAP_ALLOCATE|[EXTERNAL]|Bytes:44
14:24:19.0 (75280508)|VARIABLE_SCOPE_BEGIN|[151]|this|docappcontroller|true|false
14:24:19.0 (75313916)|VARIABLE_ASSIGNMENT|[151]|this|{"aptdum":"0x59ed2505","Docdum":"0x6e2bbdd6","Initialselected":0,"timewraplistInitial":"0x4fdcfc6d"}|0x2e32c8a2
14:24:19.0 (75324081)|STATEMENT_EXECUTE|[151]
14:24:19.0 (75325957)|STATEMENT_EXECUTE|[153]
14:24:19.0 (75335456)|HEAP_ALLOCATE|[153]|Bytes:4
14:24:19.0 (75356404)|VARIABLE_SCOPE_BEGIN|[153]|options|List<System.SelectOption>|true|false
14:24:19.0 (75378840)|HEAP_ALLOCATE|[EXTERNAL]|Bytes:4
14:24:19.0 (75387769)|VARIABLE_ASSIGNMENT|[153]|options|[]|0x7a372656
14:24:19.0 (75393672)|STATEMENT_EXECUTE|[154]
14:24:19.0 (75437644)|HEAP_ALLOCATE|[EXTERNAL]|Bytes:4
14:24:19.0 (75450187)|STATEMENT_EXECUTE|[157]
14:24:19.0 (75456611)|HEAP_ALLOCATE|[157]|Bytes:2
14:24:19.0 (75493165)|HEAP_ALLOCATE|[EXTERNAL]|Bytes:4
14:24:19.0 (75502634)|STATEMENT_EXECUTE|[158]
14:24:19.0 (75507626)|HEAP_ALLOCATE|[158]|Bytes:2
14:24:19.0 (75540388)|HEAP_ALLOCATE|[EXTERNAL]|Bytes:4
14:24:19.0 (75549765)|STATEMENT_EXECUTE|[163]
14:24:19.0 (75737478)|SYSTEM_MODE_ENTER|true
14:24:19.0 (77821255)|VF_SERIALIZE_VIEWSTATE_BEGIN|0660H000004OdRk
14:24:19.0 (94992250)|VF_SERIALIZE_VIEWSTATE_END
14:24:19.0 (97821290)|CODE_UNIT_STARTED|[EXTERNAL]|Generate Metadata
14:24:19.0 (98358710)|CODE_UNIT_FINISHED|Generate Metadata
14:24:19.100 (100180005)|CUMULATIVE_LIMIT_USAGE
14:24:19.100 (100180005)|LIMIT_USAGE_FOR_NS|(default)|
  Number of SOQL queries: 0 out of 100
  Number of query rows: 0 out of 50000
  Number of SOSL queries: 0 out of 20
  Number of DML statements: 0 out of 150
  Number of DML rows: 0 out of 10000
  Maximum CPU time: 0 out of 10000
  Maximum heap size: 0 out of 6000000
  Number of callouts: 0 out of 100
  Number of Email Invocations: 0 out of 10
  Number of future calls: 0 out of 50
  Number of queueable jobs added to the queue: 0 out of 50
  Number of Mobile Apex push calls: 0 out of 10

14:24:19.100 (100180005)|CUMULATIVE_LIMIT_USAGE_END

14:24:19.0 (100223013)|CODE_UNIT_FINISHED|VF: /apex/docapp
14:24:19.0 (101050682)|EXECUTION_FINISHED
