42.0 APEX_CODE,FINEST;APEX_PROFILING,INFO;CALLOUT,INFO;DB,INFO;SYSTEM,DEBUG;VALIDATION,INFO;VISUALFORCE,INFO;WAVE,INFO;WORKFLOW,INFO
14:56:42.0 (340000)|USER_INFO|[EXTERNAL]|005i0000002qYvT|anton@igate.com|India Standard Time|GMT+05:30
14:56:42.0 (380915)|EXECUTION_STARTED
14:56:42.0 (385332)|CODE_UNIT_STARTED|[EXTERNAL]|0660H000004OdRk|VF: /apex/docapp
14:56:42.0 (2404095)|VF_DESERIALIZE_VIEWSTATE_BEGIN|0660H000004OdRk
14:56:42.0 (8644016)|HEAP_ALLOCATE|[72]|Bytes:3
14:56:42.0 (8697240)|HEAP_ALLOCATE|[77]|Bytes:152
14:56:42.0 (8710233)|HEAP_ALLOCATE|[342]|Bytes:408
14:56:42.0 (8722541)|HEAP_ALLOCATE|[355]|Bytes:408
14:56:42.0 (8733048)|HEAP_ALLOCATE|[467]|Bytes:48
14:56:42.0 (8756926)|HEAP_ALLOCATE|[139]|Bytes:6
14:56:42.0 (12039669)|VF_DESERIALIZE_VIEWSTATE_END
14:56:42.12 (12649078)|SYSTEM_MODE_ENTER|true
14:56:42.12 (12824614)|HEAP_ALLOCATE|[EXTERNAL]|Bytes:38
14:56:42.12 (12851605)|HEAP_ALLOCATE|[EXTERNAL]|Bytes:7
14:56:42.12 (12874675)|SYSTEM_METHOD_ENTRY|[1]|PageMessagesComponentController.PageMessagesComponentController()
14:56:42.12 (12881763)|STATEMENT_EXECUTE|[1]
14:56:42.13 (13693582)|SYSTEM_MODE_ENTER|true
14:56:42.13 (13746703)|HEAP_ALLOCATE|[EXTERNAL]|Bytes:8
14:56:42.13 (13754691)|VARIABLE_SCOPE_BEGIN|[88]|this|ApexPage.PageMessagesComponentController|true|false
14:56:42.13 (13883450)|VARIABLE_ASSIGNMENT|[88]|this|{}|0x779a4222
14:56:42.13 (13891059)|VARIABLE_SCOPE_BEGIN|[88]|escape|Boolean|false|false
14:56:42.13 (13900650)|VARIABLE_ASSIGNMENT|[88]|escape|null
14:56:42.0 (14070293)|SYSTEM_MODE_ENTER|true
14:56:42.0 (14095136)|HEAP_ALLOCATE|[EXTERNAL]|Bytes:14
14:56:42.0 (14102171)|HEAP_ALLOCATE|[EXTERNAL]|Bytes:248
14:56:42.0 (14106444)|HEAP_ALLOCATE|[EXTERNAL]|Bytes:53
14:56:42.0 (14109961)|HEAP_ALLOCATE|[EXTERNAL]|Bytes:14
14:56:42.0 (14118740)|METHOD_ENTRY|[1]|01p0H000007gCe8|docappcontroller.docappcontroller()
14:56:42.0 (14124367)|STATEMENT_EXECUTE|[1]
14:56:42.0 (14128107)|STATEMENT_EXECUTE|[1]
14:56:42.0 (14129669)|STATEMENT_EXECUTE|[197]
14:56:42.0 (14134117)|METHOD_EXIT|[1]|docappcontroller
14:56:42.0 (19968942)|SYSTEM_MODE_ENTER|true
14:56:42.0 (22283666)|SYSTEM_MODE_ENTER|true
14:56:42.0 (23239823)|SYSTEM_MODE_ENTER|true
14:56:42.0 (23522840)|HEAP_ALLOCATE|[EXTERNAL]|Bytes:48
14:56:42.0 (23534872)|VARIABLE_SCOPE_BEGIN|[156]|this|docappcontroller|true|false
14:56:42.0 (23596546)|VARIABLE_ASSIGNMENT|[156]|this|{"aptdum":"0x17b419cc","Docdum":"0x1099395a","Docmap":"0x59d6f4e1","Initialselected":0,"timewraplistInitial":"0xb89a42d"}|0x4bc1191d
14:56:42.0 (23608413)|STATEMENT_EXECUTE|[156]
14:56:42.0 (23610674)|STATEMENT_EXECUTE|[158]
14:56:42.0 (23638484)|HEAP_ALLOCATE|[158]|Bytes:4
14:56:42.0 (23667733)|VARIABLE_SCOPE_BEGIN|[158]|options|List<System.SelectOption>|true|false
14:56:42.0 (23688531)|HEAP_ALLOCATE|[EXTERNAL]|Bytes:4
14:56:42.0 (23698814)|VARIABLE_ASSIGNMENT|[158]|options|[]|0x3c44a6e9
14:56:42.0 (23704463)|STATEMENT_EXECUTE|[159]
14:56:42.0 (23711277)|HEAP_ALLOCATE|[159]|Bytes:8
14:56:42.0 (23758125)|HEAP_ALLOCATE|[EXTERNAL]|Bytes:4
14:56:42.0 (23808810)|VARIABLE_ASSIGNMENT|[EXTERNAL]|this|{"aptdum":"0x17b419cc","Docdum":"0x1099395a","Docmap":"0x59d6f4e1","Initialselected":0,"timewraplistInitial":"0xb89a42d"}|0x4bc1191d
14:56:42.0 (23821947)|STATEMENT_EXECUTE|[160]
14:56:42.0 (23851817)|VARIABLE_ASSIGNMENT|[EXTERNAL]|this|{"aptdum":"0x17b419cc","Docdum":"0x1099395a","Docmap":"0x59d6f4e1","Initialselected":0,"timewraplistInitial":"0xb89a42d"}|0x4bc1191d
14:56:42.0 (23881661)|HEAP_ALLOCATE|[EXTERNAL]|Bytes:12
14:56:42.0 (23895221)|HEAP_ALLOCATE|[161]|Bytes:237
14:56:42.0 (24015622)|HEAP_ALLOCATE|[161]|Bytes:5
14:56:42.0 (24059348)|HEAP_ALLOCATE|[161]|Bytes:24
14:56:42.0 (24068661)|VARIABLE_SCOPE_BEGIN|[161]|doc|Doctor__c|true|false
14:56:42.0 (24159313)|VARIABLE_ASSIGNMENT|[161]|doc|{"Id":"a260H000001koYjQAI","Name":"doc 2","End_Time__c":68400000,"Speciality__c":"General Surgery","Start_Time__c":43200000}|0x41d07a8e
14:56:42.0 (24167900)|STATEMENT_EXECUTE|[161]
14:56:42.0 (24169711)|STATEMENT_EXECUTE|[162]
14:56:42.0 (24204484)|HEAP_ALLOCATE|[162]|Bytes:18
14:56:42.0 (24254341)|HEAP_ALLOCATE|[EXTERNAL]|Bytes:4
14:56:42.0 (24270411)|HEAP_ALLOCATE|[161]|Bytes:5
14:56:42.0 (24289573)|HEAP_ALLOCATE|[161]|Bytes:24
14:56:42.0 (24297094)|VARIABLE_SCOPE_BEGIN|[161]|doc|Doctor__c|true|false
14:56:42.0 (24314112)|VARIABLE_ASSIGNMENT|[161]|doc|{"Id":"a260H000001koYeQAI","Name":"Doc1","End_Time__c":64800000,"Speciality__c":"General Surgery","Start_Time__c":32400000}|0x46d54af8
14:56:42.0 (24320809)|STATEMENT_EXECUTE|[161]
14:56:42.0 (24322381)|STATEMENT_EXECUTE|[162]
14:56:42.0 (24330480)|HEAP_ALLOCATE|[162]|Bytes:18
14:56:42.0 (24344520)|HEAP_ALLOCATE|[EXTERNAL]|Bytes:4
14:56:42.0 (24355309)|HEAP_ALLOCATE|[161]|Bytes:5
14:56:42.0 (24365432)|VARIABLE_ASSIGNMENT|[161]|doc|null|
14:56:42.0 (24370518)|STATEMENT_EXECUTE|[168]
14:56:42.0 (24449511)|SYSTEM_MODE_ENTER|true
14:56:42.0 (24766411)|SYSTEM_MODE_ENTER|true
14:56:42.0 (24805710)|HEAP_ALLOCATE|[EXTERNAL]|Bytes:48
14:56:42.0 (24813566)|VARIABLE_SCOPE_BEGIN|[173]|this|docappcontroller|true|false
14:56:42.0 (24847544)|VARIABLE_ASSIGNMENT|[173]|this|{"aptdum":"0x17b419cc","Docdum":"0x1099395a","Docmap":"0x59d6f4e1","Initialselected":0,"timewraplistInitial":"0xb89a42d"}|0x4bc1191d
14:56:42.0 (24857212)|STATEMENT_EXECUTE|[173]
14:56:42.0 (24859133)|STATEMENT_EXECUTE|[175]
14:56:42.0 (24868834)|HEAP_ALLOCATE|[175]|Bytes:4
14:56:42.0 (24889786)|VARIABLE_SCOPE_BEGIN|[175]|options|List<System.SelectOption>|true|false
14:56:42.0 (24914403)|HEAP_ALLOCATE|[EXTERNAL]|Bytes:4
14:56:42.0 (24922432)|VARIABLE_ASSIGNMENT|[175]|options|[]|0xbd78702
14:56:42.0 (24927676)|STATEMENT_EXECUTE|[176]
14:56:42.0 (24966644)|HEAP_ALLOCATE|[EXTERNAL]|Bytes:4
14:56:42.0 (24975207)|STATEMENT_EXECUTE|[179]
14:56:42.0 (24979603)|HEAP_ALLOCATE|[179]|Bytes:2
14:56:42.0 (25002439)|HEAP_ALLOCATE|[EXTERNAL]|Bytes:4
14:56:42.0 (25009714)|STATEMENT_EXECUTE|[180]
14:56:42.0 (25013383)|HEAP_ALLOCATE|[180]|Bytes:2
14:56:42.0 (25032545)|HEAP_ALLOCATE|[EXTERNAL]|Bytes:4
14:56:42.0 (25038659)|STATEMENT_EXECUTE|[185]
14:56:42.0 (25106720)|SYSTEM_MODE_ENTER|true
14:56:42.25 (25673138)|SYSTEM_MODE_ENTER|true
14:56:42.25 (25724141)|HEAP_ALLOCATE|[EXTERNAL]|Bytes:8
14:56:42.25 (25731654)|VARIABLE_SCOPE_BEGIN|[88]|this|ApexPage.PageMessagesComponentController|true|false
14:56:42.25 (25752373)|VARIABLE_ASSIGNMENT|[88]|this|{}|0x779a4222
14:56:42.25 (25758355)|VARIABLE_SCOPE_BEGIN|[88]|escape|Boolean|false|false
14:56:42.25 (25765863)|VARIABLE_ASSIGNMENT|[88]|escape|null
14:56:42.0 (25937899)|SYSTEM_MODE_ENTER|true
14:56:42.0 (25961908)|HEAP_ALLOCATE|[EXTERNAL]|Bytes:18
14:56:42.0 (25967355)|HEAP_ALLOCATE|[EXTERNAL]|Bytes:48
14:56:42.0 (25990362)|VARIABLE_ASSIGNMENT|[EXTERNAL]|this.Selecteddoc|"a260H000001koYjQAI"|0x4bc1191d
14:56:42.0 (26034415)|SYSTEM_MODE_ENTER|true
14:56:42.0 (26179505)|SYSTEM_MODE_ENTER|true
14:56:42.0 (26220103)|SYSTEM_MODE_ENTER|true
14:56:42.0 (26236418)|HEAP_ALLOCATE|[EXTERNAL]|Bytes:8
14:56:42.0 (26241469)|HEAP_ALLOCATE|[EXTERNAL]|Bytes:48
14:56:42.0 (26250053)|VARIABLE_ASSIGNMENT|[EXTERNAL]|this.SelectedtimeSlot|30|0x4bc1191d
14:56:42.0 (26284078)|SYSTEM_MODE_ENTER|true
14:56:42.0 (26494285)|HEAP_ALLOCATE|[EXTERNAL]|Bytes:48
14:56:42.0 (26503296)|VARIABLE_SCOPE_BEGIN|[54]|this|docappcontroller|true|false
14:56:42.0 (26540307)|VARIABLE_ASSIGNMENT|[54]|this|{"aptdum":"0x17b419cc","Docdum":"0x1099395a","Docmap":"0x59d6f4e1","Initialselected":0,"Selecteddoc":"a260H000001koYjQAI","SelectedtimeSlot":30,"timewraplistInitial":"0xb89a42d"}|0x4bc1191d
14:56:42.0 (26550689)|STATEMENT_EXECUTE|[54]
14:56:42.0 (26552803)|STATEMENT_EXECUTE|[56]
14:56:42.0 (26595466)|VARIABLE_ASSIGNMENT|[EXTERNAL]|this|{"aptdum":"0x17b419cc","Docdum":"0x1099395a","Docmap":"0x59d6f4e1","Initialselected":0,"Selecteddoc":"a260H000001koYjQAI","SelectedtimeSlot":30,"timewraplistInitial":"0xb89a42d"}|0x4bc1191d
14:56:42.0 (26625823)|USER_DEBUG|[56]|DEBUG|a260H000001koYjQAI
14:56:42.0 (26663502)|VARIABLE_ASSIGNMENT|[EXTERNAL]|this|{"aptdum":"0x17b419cc","Docdum":"0x1099395a","Docmap":"0x59d6f4e1","Initialselected":0,"Selecteddoc":"a260H000001koYjQAI","SelectedtimeSlot":30,"timewraplistInitial":"0xb89a42d"}|0x4bc1191d
14:56:42.0 (26694853)|VARIABLE_ASSIGNMENT|[EXTERNAL]|this|{"aptdum":"0x17b419cc","Docdum":"0x1099395a","Docmap":"0x59d6f4e1","Initialselected":0,"Selecteddoc":"a260H000001koYjQAI","SelectedtimeSlot":30,"timewraplistInitial":"0xb89a42d"}|0x4bc1191d
14:56:42.0 (26723009)|STATEMENT_EXECUTE|[59]
14:56:42.0 (26725187)|STATEMENT_EXECUTE|[60]
14:56:42.0 (26754215)|VARIABLE_ASSIGNMENT|[EXTERNAL]|this|{"aptdum":"0x17b419cc","Docdum":"0x1099395a","Docmap":"0x59d6f4e1","Initialselected":0,"Selecteddoc":"a260H000001koYjQAI","SelectedtimeSlot":30,"timewraplistInitial":"0xb89a42d"}|0x4bc1191d
14:56:42.0 (26784585)|VARIABLE_ASSIGNMENT|[EXTERNAL]|this|{"aptdum":"0x17b419cc","Docdum":"0x1099395a","Docmap":"0x59d6f4e1","Initialselected":0,"Selecteddoc":"a260H000001koYjQAI","SelectedtimeSlot":30,"timewraplistInitial":"0xb89a42d"}|0x4bc1191d
14:56:42.0 (26808881)|VARIABLE_SCOPE_BEGIN|[60]|d|Doctor__c|true|false
14:56:42.0 (26827107)|VARIABLE_ASSIGNMENT|[60]|d|{"Id":"a260H000001koYjQAI","Name":"doc 2","End_Time__c":68400000,"Speciality__c":"General Surgery","Start_Time__c":43200000}|0x41d07a8e
14:56:42.0 (26833146)|STATEMENT_EXECUTE|[61]
14:56:42.0 (26865803)|HEAP_ALLOCATE|[61]|Bytes:4
14:56:42.0 (26905703)|HEAP_ALLOCATE|[61]|Bytes:150
14:56:42.0 (26919903)|HEAP_ALLOCATE|[61]|Bytes:4
14:56:42.0 (26928604)|HEAP_ALLOCATE|[61]|Bytes:7
14:56:42.0 (26961008)|VARIABLE_ASSIGNMENT|[EXTERNAL]|this|{"aptdum":"0x17b419cc","Docdum":"0x1099395a","Docmap":"0x59d6f4e1","Initialselected":0,"Selecteddoc":"a260H000001koYjQAI","SelectedtimeSlot":30,"timewraplistInitial":"0xb89a42d"}|0x4bc1191d
14:56:42.0 (26978081)|HEAP_ALLOCATE|[61]|Bytes:7
14:56:42.0 (27007082)|VARIABLE_ASSIGNMENT|[EXTERNAL]|this|{"aptdum":"0x17b419cc","Docdum":"0x1099395a","Docmap":"0x59d6f4e1","Initialselected":0,"Selecteddoc":"a260H000001koYjQAI","SelectedtimeSlot":30,"timewraplistInitial":"0xb89a42d"}|0x4bc1191d
14:56:42.0 (27345951)|SOQL_EXECUTE_BEGIN|[61]|Aggregations:0|SELECT Id, Name, Doctor__c, Patient__c, End_Time__c, Start_Time__c FROM Appointment__c WHERE (Doctor__c = :tmpVar1 AND Appointment_Date__c = :tmpVar2)
14:56:42.0 (41201705)|SOQL_EXECUTE_END|[61]|Rows:1
14:56:42.0 (41223902)|HEAP_ALLOCATE|[61]|Bytes:8
14:56:42.0 (41240448)|HEAP_ALLOCATE|[61]|Bytes:147
14:56:42.0 (41268666)|HEAP_ALLOCATE|[61]|Bytes:8
14:56:42.0 (41294077)|HEAP_ALLOCATE|[61]|Bytes:28
14:56:42.0 (41299522)|HEAP_ALLOCATE|[61]|Bytes:28
14:56:42.0 (41302713)|HEAP_ALLOCATE|[61]|Bytes:4
14:56:42.0 (41311444)|VARIABLE_SCOPE_BEGIN|[61]|aptlist|List<Appointment__c>|true|false
14:56:42.0 (41321492)|HEAP_ALLOCATE|[EXTERNAL]|Bytes:8
14:56:42.0 (41342778)|VARIABLE_ASSIGNMENT|[61]|aptlist|[{"Id":"a250H00000HaxnFQAR","Name":"A-00000","Doctor__c":"a260H000001koYjQAI","Patient__c":"a270H000006vXivQAE","End_Time__c":61200000,"Start_Time__c":54000000}]|0x27bcbd2b
14:56:42.0 (41350183)|STATEMENT_EXECUTE|[62]
14:56:42.0 (41369843)|HEAP_ALLOCATE|[62]|Bytes:4
14:56:42.0 (41431528)|VARIABLE_ASSIGNMENT|[62]|this.timeset|[]|0x4bc1191d
14:56:42.0 (41538093)|HEAP_ALLOCATE|[63]|Bytes:5
14:56:42.0 (41552253)|HEAP_ALLOCATE|[63]|Bytes:28
14:56:42.0 (41559863)|VARIABLE_SCOPE_BEGIN|[63]|apt|Appointment__c|true|false
14:56:42.0 (41578571)|VARIABLE_ASSIGNMENT|[63]|apt|{"Id":"a250H00000HaxnFQAR","Name":"A-00000","Doctor__c":"a260H000001koYjQAI","Patient__c":"a270H000006vXivQAE","End_Time__c":61200000,"Start_Time__c":54000000}|0x4c45831f
14:56:42.0 (41586269)|STATEMENT_EXECUTE|[63]
14:56:42.0 (41588223)|STATEMENT_EXECUTE|[65]
14:56:42.0 (41617646)|VARIABLE_SCOPE_BEGIN|[65]|t|Time|false|false
14:56:42.0 (41630781)|VARIABLE_ASSIGNMENT|[65]|t|54000000
14:56:42.0 (41635113)|STATEMENT_EXECUTE|[66]
14:56:42.0 (41686618)|VARIABLE_SCOPE_BEGIN|[66]|i|Integer|false|false
14:56:42.0 (41695471)|HEAP_ALLOCATE|[66]|Bytes:4
14:56:42.0 (41701755)|VARIABLE_ASSIGNMENT|[66]|i|2
14:56:42.0 (41705598)|STATEMENT_EXECUTE|[67]
14:56:42.0 (41730078)|HEAP_ALLOCATE|[67]|Bytes:28
14:56:42.0 (41734551)|HEAP_ALLOCATE|[67]|Bytes:28
14:56:42.0 (41738595)|VARIABLE_SCOPE_BEGIN|[67]|i1|Decimal|false|false
14:56:42.0 (41750191)|VARIABLE_ASSIGNMENT|[67]|i1|0
14:56:42.0 (41754019)|STATEMENT_EXECUTE|[68]
14:56:42.0 (41777618)|HEAP_ALLOCATE|[EXTERNAL]|Bytes:4
14:56:42.0 (41800302)|STATEMENT_EXECUTE|[69]
14:56:42.0 (41802383)|STATEMENT_EXECUTE|[70]
14:56:42.0 (41826593)|USER_DEBUG|[70]|DEBUG|15:00:00.000Z
14:56:42.0 (41835152)|STATEMENT_EXECUTE|[71]
14:56:42.0 (41870928)|HEAP_ALLOCATE|[71]|Bytes:4
14:56:42.0 (41887080)|VARIABLE_ASSIGNMENT|[71]|t|55800000
14:56:42.0 (41891857)|STATEMENT_EXECUTE|[72]
14:56:42.0 (41895182)|HEAP_ALLOCATE|[72]|Bytes:3
14:56:42.0 (41907340)|HEAP_ALLOCATE|[72]|Bytes:28
14:56:42.0 (41945245)|HEAP_ALLOCATE|[72]|Bytes:28
14:56:42.0 (41961429)|VARIABLE_ASSIGNMENT|[72]|i1|0.5
14:56:42.0 (41965711)|STATEMENT_EXECUTE|[73]
14:56:42.0 (41981722)|HEAP_ALLOCATE|[EXTERNAL]|Bytes:4
14:56:42.0 (41994511)|HEAP_ALLOCATE|[74]|Bytes:28
14:56:42.0 (41998209)|HEAP_ALLOCATE|[74]|Bytes:28
14:56:42.0 (42004065)|HEAP_ALLOCATE|[74]|Bytes:28
14:56:42.0 (42027263)|HEAP_ALLOCATE|[74]|Bytes:28
14:56:42.0 (42053629)|STATEMENT_EXECUTE|[69]
14:56:42.0 (42055451)|STATEMENT_EXECUTE|[70]
14:56:42.0 (42063804)|USER_DEBUG|[70]|DEBUG|15:30:00.000Z
14:56:42.0 (42070970)|STATEMENT_EXECUTE|[71]
14:56:42.0 (42083631)|HEAP_ALLOCATE|[71]|Bytes:4
14:56:42.0 (42096860)|VARIABLE_ASSIGNMENT|[71]|t|57600000
14:56:42.0 (42100851)|STATEMENT_EXECUTE|[72]
14:56:42.0 (42105331)|HEAP_ALLOCATE|[72]|Bytes:28
14:56:42.0 (42117889)|HEAP_ALLOCATE|[72]|Bytes:28
14:56:42.0 (42128623)|VARIABLE_ASSIGNMENT|[72]|i1|1.0
14:56:42.0 (42132669)|STATEMENT_EXECUTE|[73]
14:56:42.0 (42138693)|HEAP_ALLOCATE|[EXTERNAL]|Bytes:4
14:56:42.0 (42153025)|HEAP_ALLOCATE|[74]|Bytes:28
14:56:42.0 (42156629)|HEAP_ALLOCATE|[74]|Bytes:28
14:56:42.0 (42161376)|HEAP_ALLOCATE|[74]|Bytes:28
14:56:42.0 (42174575)|HEAP_ALLOCATE|[74]|Bytes:28
14:56:42.0 (42193957)|STATEMENT_EXECUTE|[69]
14:56:42.0 (42195682)|STATEMENT_EXECUTE|[70]
14:56:42.0 (42202849)|USER_DEBUG|[70]|DEBUG|16:00:00.000Z
14:56:42.0 (42209491)|STATEMENT_EXECUTE|[71]
14:56:42.0 (42220504)|HEAP_ALLOCATE|[71]|Bytes:4
14:56:42.0 (42233376)|VARIABLE_ASSIGNMENT|[71]|t|59400000
14:56:42.0 (42237386)|STATEMENT_EXECUTE|[72]
14:56:42.0 (42241819)|HEAP_ALLOCATE|[72]|Bytes:28
14:56:42.0 (42253346)|HEAP_ALLOCATE|[72]|Bytes:28
14:56:42.0 (42263883)|VARIABLE_ASSIGNMENT|[72]|i1|1.5
14:56:42.0 (42267882)|STATEMENT_EXECUTE|[73]
14:56:42.0 (42273653)|HEAP_ALLOCATE|[EXTERNAL]|Bytes:4
14:56:42.0 (42282314)|HEAP_ALLOCATE|[74]|Bytes:28
14:56:42.0 (42285498)|HEAP_ALLOCATE|[74]|Bytes:28
14:56:42.0 (42289847)|HEAP_ALLOCATE|[74]|Bytes:28
14:56:42.0 (42301570)|HEAP_ALLOCATE|[74]|Bytes:28
14:56:42.0 (42327158)|HEAP_ALLOCATE|[63]|Bytes:5
14:56:42.0 (42338222)|VARIABLE_ASSIGNMENT|[63]|apt|null|
14:56:42.0 (42342825)|STATEMENT_EXECUTE|[85]
14:56:42.0 (42403275)|HEAP_ALLOCATE|[85]|Bytes:4
14:56:42.0 (42492385)|VARIABLE_ASSIGNMENT|[EXTERNAL]|this|{"aptdum":"0x17b419cc","Docdum":"0x1099395a","Docmap":"0x59d6f4e1","Initialselected":0,"Selecteddoc":"a260H000001koYjQAI","SelectedtimeSlot":30,"timeset":"0x120745e6","timewraplistInitial":"0xb89a42d"}|0x4bc1191d
14:56:42.0 (42511573)|HEAP_ALLOCATE|[EXTERNAL]|Bytes:4
14:56:42.0 (42519141)|VARIABLE_ASSIGNMENT|[EXTERNAL]|value|[]|0x6cc2e806
14:56:42.0 (42531755)|VARIABLE_ASSIGNMENT|[4]|this.timewraplist|[]|0x4bc1191d
14:56:42.0 (42541022)|STATEMENT_EXECUTE|[86]
14:56:42.0 (42549020)|HEAP_ALLOCATE|[86]|Bytes:4
14:56:42.0 (42612890)|VARIABLE_ASSIGNMENT|[EXTERNAL]|this|{"aptdum":"0x17b419cc","Docdum":"0x1099395a","Docmap":"0x59d6f4e1","Initialselected":0,"Selecteddoc":"a260H000001koYjQAI","SelectedtimeSlot":30,"timeset":"0x120745e6","timewraplist":"0x6cc2e806","timewraplistInitial":"0xb89a42d"}|0x4bc1191d
14:56:42.0 (42630663)|HEAP_ALLOCATE|[EXTERNAL]|Bytes:4
14:56:42.0 (42636910)|VARIABLE_ASSIGNMENT|[EXTERNAL]|value|[]|0x70a5cd1a
14:56:42.0 (42647162)|VARIABLE_ASSIGNMENT|[3]|this.timelist|[]|0x4bc1191d
14:56:42.0 (42655138)|STATEMENT_EXECUTE|[87]
14:56:42.0 (42681587)|VARIABLE_SCOPE_BEGIN|[87]|t|Time|false|false
14:56:42.0 (42696160)|VARIABLE_ASSIGNMENT|[87]|t|43200000
14:56:42.0 (42700578)|STATEMENT_EXECUTE|[88]
14:56:42.0 (42740447)|VARIABLE_SCOPE_BEGIN|[88]|i|Integer|false|false
14:56:42.0 (42748482)|HEAP_ALLOCATE|[88]|Bytes:4
14:56:42.0 (42754888)|VARIABLE_ASSIGNMENT|[88]|i|7
14:56:42.0 (42759090)|STATEMENT_EXECUTE|[89]
14:56:42.0 (42767560)|HEAP_ALLOCATE|[89]|Bytes:28
14:56:42.0 (42771794)|HEAP_ALLOCATE|[89]|Bytes:28
14:56:42.0 (42775411)|VARIABLE_SCOPE_BEGIN|[89]|i1|Decimal|false|false
14:56:42.0 (42784553)|VARIABLE_ASSIGNMENT|[89]|i1|0
14:56:42.0 (42815518)|STATEMENT_EXECUTE|[90]
14:56:42.0 (42817409)|STATEMENT_EXECUTE|[91]
14:56:42.0 (42859753)|VARIABLE_ASSIGNMENT|[EXTERNAL]|this|{"aptdum":"0x17b419cc","Docdum":"0x1099395a","Docmap":"0x59d6f4e1","Initialselected":0,"Selecteddoc":"a260H000001koYjQAI","SelectedtimeSlot":30,"timelist":"0x70a5cd1a","timeset":"0x120745e6","timewraplist":"0x6cc2e806","timewraplistInitial":"0xb89a42d"}|0x4bc1191d
14:56:42.0 (42877621)|HEAP_ALLOCATE|[91]|Bytes:108
14:56:42.0 (42884118)|HEAP_ALLOCATE|[91]|Bytes:11
14:56:42.0 (42897151)|HEAP_ALLOCATE|[91]|Bytes:12
14:56:42.0 (42915746)|CONSTRUCTOR_ENTRY|[91]|01p0H000007gCe8|<init>(Boolean,Time)
14:56:42.0 (42927774)|VARIABLE_SCOPE_BEGIN|[201]|this|docappcontroller.Wrapertimeslot|true|false
14:56:42.0 (42949361)|VARIABLE_ASSIGNMENT|[201]|this|{}|0x6167188f
14:56:42.0 (42956846)|VARIABLE_SCOPE_BEGIN|[201]|selection|Boolean|false|false
14:56:42.0 (42965339)|VARIABLE_ASSIGNMENT|[201]|selection|false
14:56:42.0 (42971934)|VARIABLE_SCOPE_BEGIN|[201]|tm|Time|false|false
14:56:42.0 (42981323)|VARIABLE_ASSIGNMENT|[201]|tm|43200000
14:56:42.0 (42986377)|STATEMENT_EXECUTE|[197]
14:56:42.0 (42988126)|STATEMENT_EXECUTE|[198]
14:56:42.0 (42989823)|STATEMENT_EXECUTE|[199]
14:56:42.0 (42996409)|HEAP_ALLOCATE|[202]|Bytes:6
14:56:42.0 (43017868)|STATEMENT_EXECUTE|[201]
14:56:42.0 (43020330)|STATEMENT_EXECUTE|[202]
14:56:42.0 (43069935)|VARIABLE_ASSIGNMENT|[EXTERNAL]|this|{}|0x6167188f
14:56:42.0 (43080465)|VARIABLE_ASSIGNMENT|[EXTERNAL]|value|false
14:56:42.0 (43086526)|HEAP_ALLOCATE|[198]|Bytes:5
14:56:42.0 (43093476)|VARIABLE_ASSIGNMENT|[198]|this.selected|false|0x6167188f
14:56:42.0 (43102329)|STATEMENT_EXECUTE|[203]
14:56:42.0 (43131162)|VARIABLE_ASSIGNMENT|[EXTERNAL]|this|{"selected":false}|0x6167188f
14:56:42.0 (43143686)|VARIABLE_ASSIGNMENT|[EXTERNAL]|value|43200000
14:56:42.0 (43152155)|VARIABLE_ASSIGNMENT|[199]|this.t|43200000|0x6167188f
14:56:42.0 (43165901)|CONSTRUCTOR_EXIT|[91]|01p0H000007gCe8|<init>(Boolean,Time)
14:56:42.0 (43179199)|HEAP_ALLOCATE|[EXTERNAL]|Bytes:4
14:56:42.0 (43186179)|STATEMENT_EXECUTE|[96]
14:56:42.0 (43225332)|VARIABLE_ASSIGNMENT|[EXTERNAL]|this|{"aptdum":"0x17b419cc","Docdum":"0x1099395a","Docmap":"0x59d6f4e1","Initialselected":0,"Selecteddoc":"a260H000001koYjQAI","SelectedtimeSlot":30,"timelist":"0x70a5cd1a","timeset":"0x120745e6","timewraplist":"0x6cc2e806","timewraplistInitial":"0xb89a42d"}|0x4bc1191d
14:56:42.0 (43244529)|HEAP_ALLOCATE|[EXTERNAL]|Bytes:4
14:56:42.0 (43258180)|HEAP_ALLOCATE|[99]|Bytes:28
14:56:42.0 (43262584)|HEAP_ALLOCATE|[99]|Bytes:28
14:56:42.0 (43292553)|STATEMENT_EXECUTE|[99]
14:56:42.0 (43294591)|STATEMENT_EXECUTE|[100]
14:56:42.0 (43312206)|USER_DEBUG|[100]|DEBUG|12:00:00.000Z
14:56:42.0 (43320095)|STATEMENT_EXECUTE|[101]
14:56:42.0 (43345468)|HEAP_ALLOCATE|[101]|Bytes:4
14:56:42.0 (43360617)|VARIABLE_ASSIGNMENT|[101]|t|45000000
14:56:42.0 (43364923)|STATEMENT_EXECUTE|[102]
14:56:42.0 (43371200)|HEAP_ALLOCATE|[102]|Bytes:28
14:56:42.0 (43391019)|HEAP_ALLOCATE|[102]|Bytes:28
14:56:42.0 (43404487)|VARIABLE_ASSIGNMENT|[102]|i1|0.5
14:56:42.0 (43408885)|STATEMENT_EXECUTE|[103]
14:56:42.0 (43445773)|VARIABLE_ASSIGNMENT|[EXTERNAL]|this|{"aptdum":"0x17b419cc","Docdum":"0x1099395a","Docmap":"0x59d6f4e1","Initialselected":0,"Selecteddoc":"a260H000001koYjQAI","SelectedtimeSlot":30,"timelist":"0x70a5cd1a","timeset":"0x120745e6","timewraplist":"0x6cc2e806","timewraplistInitial":"0xb89a42d"}|0x4bc1191d
14:56:42.0 (43469224)|HEAP_ALLOCATE|[EXTERNAL]|Bytes:4
14:56:42.0 (43496687)|STATEMENT_EXECUTE|[105]
14:56:42.0 (43498674)|STATEMENT_EXECUTE|[106]
14:56:42.0 (43530182)|VARIABLE_ASSIGNMENT|[EXTERNAL]|this|{"aptdum":"0x17b419cc","Docdum":"0x1099395a","Docmap":"0x59d6f4e1","Initialselected":0,"Selecteddoc":"a260H000001koYjQAI","SelectedtimeSlot":30,"timelist":"0x70a5cd1a","timeset":"0x120745e6","timewraplist":"0x6cc2e806","timewraplistInitial":"0xb89a42d"}|0x4bc1191d
14:56:42.0 (43544959)|HEAP_ALLOCATE|[106]|Bytes:12
14:56:42.0 (43557728)|CONSTRUCTOR_ENTRY|[106]|01p0H000007gCe8|<init>(Boolean,Time)
14:56:42.0 (43564014)|VARIABLE_SCOPE_BEGIN|[201]|this|docappcontroller.Wrapertimeslot|true|false
14:56:42.0 (43577096)|VARIABLE_ASSIGNMENT|[201]|this|{}|0x3b9fb077
14:56:42.0 (43583639)|VARIABLE_SCOPE_BEGIN|[201]|selection|Boolean|false|false
14:56:42.0 (43590966)|VARIABLE_ASSIGNMENT|[201]|selection|false
14:56:42.0 (43594670)|VARIABLE_SCOPE_BEGIN|[201]|tm|Time|false|false
14:56:42.0 (43603591)|VARIABLE_ASSIGNMENT|[201]|tm|45000000
14:56:42.0 (43607987)|STATEMENT_EXECUTE|[197]
14:56:42.0 (43609514)|STATEMENT_EXECUTE|[198]
14:56:42.0 (43610992)|STATEMENT_EXECUTE|[199]
14:56:42.0 (43621564)|STATEMENT_EXECUTE|[201]
14:56:42.0 (43623395)|STATEMENT_EXECUTE|[202]
14:56:42.0 (43634565)|VARIABLE_ASSIGNMENT|[EXTERNAL]|this|{}|0x3b9fb077
14:56:42.0 (43643280)|VARIABLE_ASSIGNMENT|[EXTERNAL]|value|false
14:56:42.0 (43649153)|HEAP_ALLOCATE|[198]|Bytes:5
14:56:42.0 (43655306)|VARIABLE_ASSIGNMENT|[198]|this.selected|false|0x3b9fb077
14:56:42.0 (43662945)|STATEMENT_EXECUTE|[203]
14:56:42.0 (43674109)|VARIABLE_ASSIGNMENT|[EXTERNAL]|this|{"selected":false}|0x3b9fb077
14:56:42.0 (43683060)|VARIABLE_ASSIGNMENT|[EXTERNAL]|value|45000000
14:56:42.0 (43690193)|VARIABLE_ASSIGNMENT|[199]|this.t|45000000|0x3b9fb077
14:56:42.0 (43704099)|CONSTRUCTOR_EXIT|[106]|01p0H000007gCe8|<init>(Boolean,Time)
14:56:42.0 (43714886)|HEAP_ALLOCATE|[EXTERNAL]|Bytes:4
14:56:42.0 (43726723)|HEAP_ALLOCATE|[99]|Bytes:28
14:56:42.0 (43730458)|HEAP_ALLOCATE|[99]|Bytes:28
14:56:42.0 (43750902)|STATEMENT_EXECUTE|[99]
14:56:42.0 (43752769)|STATEMENT_EXECUTE|[100]
14:56:42.0 (43762669)|USER_DEBUG|[100]|DEBUG|12:30:00.000Z
14:56:42.0 (43769900)|STATEMENT_EXECUTE|[101]
14:56:42.0 (43784260)|HEAP_ALLOCATE|[101]|Bytes:4
14:56:42.0 (43800293)|VARIABLE_ASSIGNMENT|[101]|t|46800000
14:56:42.0 (43805148)|STATEMENT_EXECUTE|[102]
14:56:42.0 (43810818)|HEAP_ALLOCATE|[102]|Bytes:28
14:56:42.0 (43824215)|HEAP_ALLOCATE|[102]|Bytes:28
14:56:42.0 (43835690)|VARIABLE_ASSIGNMENT|[102]|i1|1.0
14:56:42.0 (43844276)|STATEMENT_EXECUTE|[103]
14:56:42.0 (43875821)|VARIABLE_ASSIGNMENT|[EXTERNAL]|this|{"aptdum":"0x17b419cc","Docdum":"0x1099395a","Docmap":"0x59d6f4e1","Initialselected":0,"Selecteddoc":"a260H000001koYjQAI","SelectedtimeSlot":30,"timelist":"0x70a5cd1a","timeset":"0x120745e6","timewraplist":"0x6cc2e806","timewraplistInitial":"0xb89a42d"}|0x4bc1191d
14:56:42.0 (43891184)|HEAP_ALLOCATE|[EXTERNAL]|Bytes:4
14:56:42.0 (43903798)|STATEMENT_EXECUTE|[105]
14:56:42.0 (43905486)|STATEMENT_EXECUTE|[106]
14:56:42.0 (43930390)|VARIABLE_ASSIGNMENT|[EXTERNAL]|this|{"aptdum":"0x17b419cc","Docdum":"0x1099395a","Docmap":"0x59d6f4e1","Initialselected":0,"Selecteddoc":"a260H000001koYjQAI","SelectedtimeSlot":30,"timelist":"0x70a5cd1a","timeset":"0x120745e6","timewraplist":"0x6cc2e806","timewraplistInitial":"0xb89a42d"}|0x4bc1191d
14:56:42.0 (43943061)|HEAP_ALLOCATE|[106]|Bytes:12
14:56:42.0 (43954628)|CONSTRUCTOR_ENTRY|[106]|01p0H000007gCe8|<init>(Boolean,Time)
14:56:42.0 (43960166)|VARIABLE_SCOPE_BEGIN|[201]|this|docappcontroller.Wrapertimeslot|true|false
14:56:42.0 (43973755)|VARIABLE_ASSIGNMENT|[201]|this|{}|0x4fbdb91f
14:56:42.0 (43979962)|VARIABLE_SCOPE_BEGIN|[201]|selection|Boolean|false|false
14:56:42.0 (43987047)|VARIABLE_ASSIGNMENT|[201]|selection|false
14:56:42.0 (43990750)|VARIABLE_SCOPE_BEGIN|[201]|tm|Time|false|false
14:56:42.0 (43998141)|VARIABLE_ASSIGNMENT|[201]|tm|46800000
14:56:42.0 (44002581)|STATEMENT_EXECUTE|[197]
14:56:42.0 (44004561)|STATEMENT_EXECUTE|[198]
14:56:42.0 (44006065)|STATEMENT_EXECUTE|[199]
14:56:42.0 (44015324)|STATEMENT_EXECUTE|[201]
14:56:42.0 (44016988)|STATEMENT_EXECUTE|[202]
14:56:42.0 (44027930)|VARIABLE_ASSIGNMENT|[EXTERNAL]|this|{}|0x4fbdb91f
14:56:42.0 (44035977)|VARIABLE_ASSIGNMENT|[EXTERNAL]|value|false
14:56:42.0 (44040993)|HEAP_ALLOCATE|[198]|Bytes:5
14:56:42.0 (44046757)|VARIABLE_ASSIGNMENT|[198]|this.selected|false|0x4fbdb91f
14:56:42.0 (44053957)|STATEMENT_EXECUTE|[203]
14:56:42.0 (44064730)|VARIABLE_ASSIGNMENT|[EXTERNAL]|this|{"selected":false}|0x4fbdb91f
14:56:42.0 (44073522)|VARIABLE_ASSIGNMENT|[EXTERNAL]|value|46800000
14:56:42.0 (44080349)|VARIABLE_ASSIGNMENT|[199]|this.t|46800000|0x4fbdb91f
14:56:42.0 (44093591)|CONSTRUCTOR_EXIT|[106]|01p0H000007gCe8|<init>(Boolean,Time)
14:56:42.0 (44102863)|HEAP_ALLOCATE|[EXTERNAL]|Bytes:4
14:56:42.0 (44113858)|HEAP_ALLOCATE|[99]|Bytes:28
14:56:42.0 (44117484)|HEAP_ALLOCATE|[99]|Bytes:28
14:56:42.0 (44134955)|STATEMENT_EXECUTE|[99]
14:56:42.0 (44136828)|STATEMENT_EXECUTE|[100]
14:56:42.0 (44145371)|USER_DEBUG|[100]|DEBUG|13:00:00.000Z
14:56:42.0 (44152406)|STATEMENT_EXECUTE|[101]
14:56:42.0 (44165289)|HEAP_ALLOCATE|[101]|Bytes:4
14:56:42.0 (44179383)|VARIABLE_ASSIGNMENT|[101]|t|48600000
14:56:42.0 (44183529)|STATEMENT_EXECUTE|[102]
14:56:42.0 (44188720)|HEAP_ALLOCATE|[102]|Bytes:28
14:56:42.0 (44200693)|HEAP_ALLOCATE|[102]|Bytes:28
14:56:42.0 (44211423)|VARIABLE_ASSIGNMENT|[102]|i1|1.5
14:56:42.0 (44215315)|STATEMENT_EXECUTE|[103]
14:56:42.0 (44244416)|VARIABLE_ASSIGNMENT|[EXTERNAL]|this|{"aptdum":"0x17b419cc","Docdum":"0x1099395a","Docmap":"0x59d6f4e1","Initialselected":0,"Selecteddoc":"a260H000001koYjQAI","SelectedtimeSlot":30,"timelist":"0x70a5cd1a","timeset":"0x120745e6","timewraplist":"0x6cc2e806","timewraplistInitial":"0xb89a42d"}|0x4bc1191d
14:56:42.0 (44260143)|HEAP_ALLOCATE|[EXTERNAL]|Bytes:4
14:56:42.0 (44272237)|STATEMENT_EXECUTE|[105]
14:56:42.0 (44273923)|STATEMENT_EXECUTE|[106]
14:56:42.0 (44297623)|VARIABLE_ASSIGNMENT|[EXTERNAL]|this|{"aptdum":"0x17b419cc","Docdum":"0x1099395a","Docmap":"0x59d6f4e1","Initialselected":0,"Selecteddoc":"a260H000001koYjQAI","SelectedtimeSlot":30,"timelist":"0x70a5cd1a","timeset":"0x120745e6","timewraplist":"0x6cc2e806","timewraplistInitial":"0xb89a42d"}|0x4bc1191d
14:56:42.0 (44310924)|HEAP_ALLOCATE|[106]|Bytes:12
14:56:42.0 (44322026)|CONSTRUCTOR_ENTRY|[106]|01p0H000007gCe8|<init>(Boolean,Time)
14:56:42.0 (44327425)|VARIABLE_SCOPE_BEGIN|[201]|this|docappcontroller.Wrapertimeslot|true|false
14:56:42.0 (44339993)|VARIABLE_ASSIGNMENT|[201]|this|{}|0x1bc563af
14:56:42.0 (44346254)|VARIABLE_SCOPE_BEGIN|[201]|selection|Boolean|false|false
14:56:42.0 (44353550)|VARIABLE_ASSIGNMENT|[201]|selection|false
14:56:42.0 (44357419)|VARIABLE_SCOPE_BEGIN|[201]|tm|Time|false|false
14:56:42.0 (44365021)|VARIABLE_ASSIGNMENT|[201]|tm|48600000
14:56:42.0 (44368924)|STATEMENT_EXECUTE|[197]
14:56:42.0 (44370374)|STATEMENT_EXECUTE|[198]
14:56:42.0 (44371848)|STATEMENT_EXECUTE|[199]
14:56:42.0 (44380676)|STATEMENT_EXECUTE|[201]
14:56:42.0 (44382399)|STATEMENT_EXECUTE|[202]
14:56:42.0 (44393173)|VARIABLE_ASSIGNMENT|[EXTERNAL]|this|{}|0x1bc563af
14:56:42.0 (44401105)|VARIABLE_ASSIGNMENT|[EXTERNAL]|value|false
14:56:42.0 (44406359)|HEAP_ALLOCATE|[198]|Bytes:5
14:56:42.0 (44411807)|VARIABLE_ASSIGNMENT|[198]|this.selected|false|0x1bc563af
14:56:42.0 (44418581)|STATEMENT_EXECUTE|[203]
14:56:42.0 (44429615)|VARIABLE_ASSIGNMENT|[EXTERNAL]|this|{"selected":false}|0x1bc563af
14:56:42.0 (44438003)|VARIABLE_ASSIGNMENT|[EXTERNAL]|value|48600000
14:56:42.0 (44444393)|VARIABLE_ASSIGNMENT|[199]|this.t|48600000|0x1bc563af
14:56:42.0 (44462032)|CONSTRUCTOR_EXIT|[106]|01p0H000007gCe8|<init>(Boolean,Time)
14:56:42.0 (44472181)|HEAP_ALLOCATE|[EXTERNAL]|Bytes:4
14:56:42.0 (44482979)|HEAP_ALLOCATE|[99]|Bytes:28
14:56:42.0 (44486418)|HEAP_ALLOCATE|[99]|Bytes:28
14:56:42.0 (44504113)|STATEMENT_EXECUTE|[99]
14:56:42.0 (44506015)|STATEMENT_EXECUTE|[100]
14:56:42.0 (44514105)|USER_DEBUG|[100]|DEBUG|13:30:00.000Z
14:56:42.0 (44520737)|STATEMENT_EXECUTE|[101]
14:56:42.0 (44533004)|HEAP_ALLOCATE|[101]|Bytes:4
14:56:42.0 (44546080)|VARIABLE_ASSIGNMENT|[101]|t|50400000
14:56:42.0 (44550218)|STATEMENT_EXECUTE|[102]
14:56:42.0 (44555351)|HEAP_ALLOCATE|[102]|Bytes:28
14:56:42.0 (44567619)|HEAP_ALLOCATE|[102]|Bytes:28
14:56:42.0 (44578787)|VARIABLE_ASSIGNMENT|[102]|i1|2.0
14:56:42.0 (44582650)|STATEMENT_EXECUTE|[103]
14:56:42.0 (44611078)|VARIABLE_ASSIGNMENT|[EXTERNAL]|this|{"aptdum":"0x17b419cc","Docdum":"0x1099395a","Docmap":"0x59d6f4e1","Initialselected":0,"Selecteddoc":"a260H000001koYjQAI","SelectedtimeSlot":30,"timelist":"0x70a5cd1a","timeset":"0x120745e6","timewraplist":"0x6cc2e806","timewraplistInitial":"0xb89a42d"}|0x4bc1191d
14:56:42.0 (44625927)|HEAP_ALLOCATE|[EXTERNAL]|Bytes:4
14:56:42.0 (44638335)|STATEMENT_EXECUTE|[105]
14:56:42.0 (44640425)|STATEMENT_EXECUTE|[106]
14:56:42.0 (44664030)|VARIABLE_ASSIGNMENT|[EXTERNAL]|this|{"aptdum":"0x17b419cc","Docdum":"0x1099395a","Docmap":"0x59d6f4e1","Initialselected":0,"Selecteddoc":"a260H000001koYjQAI","SelectedtimeSlot":30,"timelist":"0x70a5cd1a","timeset":"0x120745e6","timewraplist":"0x6cc2e806","timewraplistInitial":"0xb89a42d"}|0x4bc1191d
14:56:42.0 (44676205)|HEAP_ALLOCATE|[106]|Bytes:12
14:56:42.0 (44687005)|CONSTRUCTOR_ENTRY|[106]|01p0H000007gCe8|<init>(Boolean,Time)
14:56:42.0 (44692294)|VARIABLE_SCOPE_BEGIN|[201]|this|docappcontroller.Wrapertimeslot|true|false
14:56:42.0 (44704533)|VARIABLE_ASSIGNMENT|[201]|this|{}|0x70ee72b3
14:56:42.0 (44710648)|VARIABLE_SCOPE_BEGIN|[201]|selection|Boolean|false|false
14:56:42.0 (44717113)|VARIABLE_ASSIGNMENT|[201]|selection|false
14:56:42.0 (44720717)|VARIABLE_SCOPE_BEGIN|[201]|tm|Time|false|false
14:56:42.0 (44728448)|VARIABLE_ASSIGNMENT|[201]|tm|50400000
14:56:42.0 (44732623)|STATEMENT_EXECUTE|[197]
14:56:42.0 (44734175)|STATEMENT_EXECUTE|[198]
14:56:42.0 (44735627)|STATEMENT_EXECUTE|[199]
14:56:42.0 (44744442)|STATEMENT_EXECUTE|[201]
14:56:42.0 (44746012)|STATEMENT_EXECUTE|[202]
14:56:42.0 (44757158)|VARIABLE_ASSIGNMENT|[EXTERNAL]|this|{}|0x70ee72b3
14:56:42.0 (44765463)|VARIABLE_ASSIGNMENT|[EXTERNAL]|value|false
14:56:42.0 (44770263)|HEAP_ALLOCATE|[198]|Bytes:5
14:56:42.0 (44775838)|VARIABLE_ASSIGNMENT|[198]|this.selected|false|0x70ee72b3
14:56:42.0 (44783160)|STATEMENT_EXECUTE|[203]
14:56:42.0 (44793660)|VARIABLE_ASSIGNMENT|[EXTERNAL]|this|{"selected":false}|0x70ee72b3
14:56:42.0 (44801858)|VARIABLE_ASSIGNMENT|[EXTERNAL]|value|50400000
14:56:42.0 (44808444)|VARIABLE_ASSIGNMENT|[199]|this.t|50400000|0x70ee72b3
14:56:42.0 (44821018)|CONSTRUCTOR_EXIT|[106]|01p0H000007gCe8|<init>(Boolean,Time)
14:56:42.0 (44830087)|HEAP_ALLOCATE|[EXTERNAL]|Bytes:4
14:56:42.0 (44840748)|HEAP_ALLOCATE|[99]|Bytes:28
14:56:42.0 (44844364)|HEAP_ALLOCATE|[99]|Bytes:28
14:56:42.0 (44861986)|STATEMENT_EXECUTE|[99]
14:56:42.0 (44863784)|STATEMENT_EXECUTE|[100]
14:56:42.0 (44871904)|USER_DEBUG|[100]|DEBUG|14:00:00.000Z
14:56:42.0 (44878510)|STATEMENT_EXECUTE|[101]
14:56:42.0 (44890078)|HEAP_ALLOCATE|[101]|Bytes:4
14:56:42.0 (44903110)|VARIABLE_ASSIGNMENT|[101]|t|52200000
14:56:42.0 (44907318)|STATEMENT_EXECUTE|[102]
14:56:42.0 (44912423)|HEAP_ALLOCATE|[102]|Bytes:28
14:56:42.0 (44924530)|HEAP_ALLOCATE|[102]|Bytes:28
14:56:42.0 (44935482)|VARIABLE_ASSIGNMENT|[102]|i1|2.5
14:56:42.0 (44939344)|STATEMENT_EXECUTE|[103]
14:56:42.0 (44967528)|VARIABLE_ASSIGNMENT|[EXTERNAL]|this|{"aptdum":"0x17b419cc","Docdum":"0x1099395a","Docmap":"0x59d6f4e1","Initialselected":0,"Selecteddoc":"a260H000001koYjQAI","SelectedtimeSlot":30,"timelist":"0x70a5cd1a","timeset":"0x120745e6","timewraplist":"0x6cc2e806","timewraplistInitial":"0xb89a42d"}|0x4bc1191d
14:56:42.0 (44982411)|HEAP_ALLOCATE|[EXTERNAL]|Bytes:4
14:56:42.0 (44994534)|STATEMENT_EXECUTE|[105]
14:56:42.0 (44996178)|STATEMENT_EXECUTE|[106]
14:56:42.0 (45019733)|VARIABLE_ASSIGNMENT|[EXTERNAL]|this|{"aptdum":"0x17b419cc","Docdum":"0x1099395a","Docmap":"0x59d6f4e1","Initialselected":0,"Selecteddoc":"a260H000001koYjQAI","SelectedtimeSlot":30,"timelist":"0x70a5cd1a","timeset":"0x120745e6","timewraplist":"0x6cc2e806","timewraplistInitial":"0xb89a42d"}|0x4bc1191d
14:56:42.0 (45033020)|HEAP_ALLOCATE|[106]|Bytes:12
14:56:42.0 (45043524)|CONSTRUCTOR_ENTRY|[106]|01p0H000007gCe8|<init>(Boolean,Time)
14:56:42.0 (45048748)|VARIABLE_SCOPE_BEGIN|[201]|this|docappcontroller.Wrapertimeslot|true|false
14:56:42.0 (45061435)|VARIABLE_ASSIGNMENT|[201]|this|{}|0x4eba18c0
14:56:42.0 (45067085)|VARIABLE_SCOPE_BEGIN|[201]|selection|Boolean|false|false
14:56:42.0 (45074036)|VARIABLE_ASSIGNMENT|[201]|selection|false
14:56:42.0 (45078169)|VARIABLE_SCOPE_BEGIN|[201]|tm|Time|false|false
14:56:42.0 (45085724)|VARIABLE_ASSIGNMENT|[201]|tm|52200000
14:56:42.0 (45089847)|STATEMENT_EXECUTE|[197]
14:56:42.0 (45091357)|STATEMENT_EXECUTE|[198]
14:56:42.0 (45092805)|STATEMENT_EXECUTE|[199]
14:56:42.0 (45100896)|STATEMENT_EXECUTE|[201]
14:56:42.0 (45102449)|STATEMENT_EXECUTE|[202]
14:56:42.0 (45112670)|VARIABLE_ASSIGNMENT|[EXTERNAL]|this|{}|0x4eba18c0
14:56:42.0 (45121242)|VARIABLE_ASSIGNMENT|[EXTERNAL]|value|false
14:56:42.0 (45126702)|HEAP_ALLOCATE|[198]|Bytes:5
14:56:42.0 (45132197)|VARIABLE_ASSIGNMENT|[198]|this.selected|false|0x4eba18c0
14:56:42.0 (45143970)|STATEMENT_EXECUTE|[203]
14:56:42.0 (45155912)|VARIABLE_ASSIGNMENT|[EXTERNAL]|this|{"selected":false}|0x4eba18c0
14:56:42.0 (45164430)|VARIABLE_ASSIGNMENT|[EXTERNAL]|value|52200000
14:56:42.0 (45171072)|VARIABLE_ASSIGNMENT|[199]|this.t|52200000|0x4eba18c0
14:56:42.0 (45183457)|CONSTRUCTOR_EXIT|[106]|01p0H000007gCe8|<init>(Boolean,Time)
14:56:42.0 (45192598)|HEAP_ALLOCATE|[EXTERNAL]|Bytes:4
14:56:42.0 (45203396)|HEAP_ALLOCATE|[99]|Bytes:28
14:56:42.0 (45206845)|HEAP_ALLOCATE|[99]|Bytes:28
14:56:42.0 (45224159)|STATEMENT_EXECUTE|[99]
14:56:42.0 (45226035)|STATEMENT_EXECUTE|[100]
14:56:42.0 (45234187)|USER_DEBUG|[100]|DEBUG|14:30:00.000Z
14:56:42.0 (45240861)|STATEMENT_EXECUTE|[101]
14:56:42.0 (45253261)|HEAP_ALLOCATE|[101]|Bytes:4
14:56:42.0 (45266569)|VARIABLE_ASSIGNMENT|[101]|t|54000000
14:56:42.0 (45270450)|STATEMENT_EXECUTE|[102]
14:56:42.0 (45275528)|HEAP_ALLOCATE|[102]|Bytes:28
14:56:42.0 (45287834)|HEAP_ALLOCATE|[102]|Bytes:28
14:56:42.0 (45298499)|VARIABLE_ASSIGNMENT|[102]|i1|3.0
14:56:42.0 (45302260)|STATEMENT_EXECUTE|[103]
14:56:42.0 (45330717)|VARIABLE_ASSIGNMENT|[EXTERNAL]|this|{"aptdum":"0x17b419cc","Docdum":"0x1099395a","Docmap":"0x59d6f4e1","Initialselected":0,"Selecteddoc":"a260H000001koYjQAI","SelectedtimeSlot":30,"timelist":"0x70a5cd1a","timeset":"0x120745e6","timewraplist":"0x6cc2e806","timewraplistInitial":"0xb89a42d"}|0x4bc1191d
14:56:42.0 (45345393)|HEAP_ALLOCATE|[EXTERNAL]|Bytes:4
14:56:42.0 (45357568)|STATEMENT_EXECUTE|[107]
14:56:42.0 (45359274)|STATEMENT_EXECUTE|[108]
14:56:42.0 (45393074)|VARIABLE_ASSIGNMENT|[EXTERNAL]|this|{"aptdum":"0x17b419cc","Docdum":"0x1099395a","Docmap":"0x59d6f4e1","Initialselected":0,"Selecteddoc":"a260H000001koYjQAI","SelectedtimeSlot":30,"timelist":"0x70a5cd1a","timeset":"0x120745e6","timewraplist":"0x6cc2e806","timewraplistInitial":"0xb89a42d"}|0x4bc1191d
14:56:42.0 (45407412)|HEAP_ALLOCATE|[108]|Bytes:12
14:56:42.0 (45419376)|CONSTRUCTOR_ENTRY|[108]|01p0H000007gCe8|<init>(Boolean,Time)
14:56:42.0 (45426627)|VARIABLE_SCOPE_BEGIN|[201]|this|docappcontroller.Wrapertimeslot|true|false
14:56:42.0 (45444214)|VARIABLE_ASSIGNMENT|[201]|this|{}|0xb8d9d70
14:56:42.0 (45453450)|VARIABLE_SCOPE_BEGIN|[201]|selection|Boolean|false|false
14:56:42.0 (45466279)|VARIABLE_ASSIGNMENT|[201]|selection|true
14:56:42.0 (45470064)|VARIABLE_SCOPE_BEGIN|[201]|tm|Time|false|false
14:56:42.0 (45477932)|VARIABLE_ASSIGNMENT|[201]|tm|54000000
14:56:42.0 (45483070)|STATEMENT_EXECUTE|[197]
14:56:42.0 (45484688)|STATEMENT_EXECUTE|[198]
14:56:42.0 (45486297)|STATEMENT_EXECUTE|[199]
14:56:42.0 (45495773)|STATEMENT_EXECUTE|[201]
14:56:42.0 (45497618)|STATEMENT_EXECUTE|[202]
14:56:42.0 (45509303)|VARIABLE_ASSIGNMENT|[EXTERNAL]|this|{}|0xb8d9d70
14:56:42.0 (45517624)|VARIABLE_ASSIGNMENT|[EXTERNAL]|value|true
14:56:42.0 (45522679)|HEAP_ALLOCATE|[198]|Bytes:5
14:56:42.0 (45528431)|VARIABLE_ASSIGNMENT|[198]|this.selected|true|0xb8d9d70
14:56:42.0 (45535604)|STATEMENT_EXECUTE|[203]
14:56:42.0 (45546506)|VARIABLE_ASSIGNMENT|[EXTERNAL]|this|{"selected":true}|0xb8d9d70
14:56:42.0 (45554536)|VARIABLE_ASSIGNMENT|[EXTERNAL]|value|54000000
14:56:42.0 (45561081)|VARIABLE_ASSIGNMENT|[199]|this.t|54000000|0xb8d9d70
14:56:42.0 (45574556)|CONSTRUCTOR_EXIT|[108]|01p0H000007gCe8|<init>(Boolean,Time)
14:56:42.0 (45585469)|HEAP_ALLOCATE|[EXTERNAL]|Bytes:4
14:56:42.0 (45591474)|STATEMENT_EXECUTE|[109]
14:56:42.0 (45597180)|HEAP_ALLOCATE|[109]|Bytes:4
14:56:42.0 (45603743)|VARIABLE_ASSIGNMENT|[109]|this.Initialselected|1|0x4bc1191d
14:56:42.0 (45614702)|HEAP_ALLOCATE|[99]|Bytes:28
14:56:42.0 (45617993)|HEAP_ALLOCATE|[99]|Bytes:28
14:56:42.0 (45636693)|STATEMENT_EXECUTE|[99]
14:56:42.0 (45638623)|STATEMENT_EXECUTE|[100]
14:56:42.0 (45647761)|USER_DEBUG|[100]|DEBUG|15:00:00.000Z
14:56:42.0 (45654886)|STATEMENT_EXECUTE|[101]
14:56:42.0 (45668580)|HEAP_ALLOCATE|[101]|Bytes:4
14:56:42.0 (45682171)|VARIABLE_ASSIGNMENT|[101]|t|55800000
14:56:42.0 (45686365)|STATEMENT_EXECUTE|[102]
14:56:42.0 (45691525)|HEAP_ALLOCATE|[102]|Bytes:28
14:56:42.0 (45703845)|HEAP_ALLOCATE|[102]|Bytes:28
14:56:42.0 (45714906)|VARIABLE_ASSIGNMENT|[102]|i1|3.5
14:56:42.0 (45718983)|STATEMENT_EXECUTE|[103]
14:56:42.0 (45747889)|VARIABLE_ASSIGNMENT|[EXTERNAL]|this|{"aptdum":"0x17b419cc","Docdum":"0x1099395a","Docmap":"0x59d6f4e1","Initialselected":1,"Selecteddoc":"a260H000001koYjQAI","SelectedtimeSlot":30,"timelist":"0x70a5cd1a","timeset":"0x120745e6","timewraplist":"0x6cc2e806","timewraplistInitial":"0xb89a42d"}|0x4bc1191d
14:56:42.0 (45763073)|HEAP_ALLOCATE|[EXTERNAL]|Bytes:4
14:56:42.0 (45775345)|STATEMENT_EXECUTE|[107]
14:56:42.0 (45776988)|STATEMENT_EXECUTE|[108]
14:56:42.0 (45800718)|VARIABLE_ASSIGNMENT|[EXTERNAL]|this|{"aptdum":"0x17b419cc","Docdum":"0x1099395a","Docmap":"0x59d6f4e1","Initialselected":1,"Selecteddoc":"a260H000001koYjQAI","SelectedtimeSlot":30,"timelist":"0x70a5cd1a","timeset":"0x120745e6","timewraplist":"0x6cc2e806","timewraplistInitial":"0xb89a42d"}|0x4bc1191d
14:56:42.0 (45813297)|HEAP_ALLOCATE|[108]|Bytes:12
14:56:42.0 (45824927)|CONSTRUCTOR_ENTRY|[108]|01p0H000007gCe8|<init>(Boolean,Time)
14:56:42.0 (45830218)|VARIABLE_SCOPE_BEGIN|[201]|this|docappcontroller.Wrapertimeslot|true|false
14:56:42.0 (45842888)|VARIABLE_ASSIGNMENT|[201]|this|{}|0x388f4e47
14:56:42.0 (45848896)|VARIABLE_SCOPE_BEGIN|[201]|selection|Boolean|false|false
14:56:42.0 (45856032)|VARIABLE_ASSIGNMENT|[201]|selection|true
14:56:42.0 (45859751)|VARIABLE_SCOPE_BEGIN|[201]|tm|Time|false|false
14:56:42.0 (45868293)|VARIABLE_ASSIGNMENT|[201]|tm|55800000
14:56:42.0 (45872527)|STATEMENT_EXECUTE|[197]
14:56:42.0 (45874010)|STATEMENT_EXECUTE|[198]
14:56:42.0 (45875505)|STATEMENT_EXECUTE|[199]
14:56:42.0 (45883854)|STATEMENT_EXECUTE|[201]
14:56:42.0 (45885426)|STATEMENT_EXECUTE|[202]
14:56:42.0 (45896286)|VARIABLE_ASSIGNMENT|[EXTERNAL]|this|{}|0x388f4e47
14:56:42.0 (45904256)|VARIABLE_ASSIGNMENT|[EXTERNAL]|value|true
14:56:42.0 (45909178)|HEAP_ALLOCATE|[198]|Bytes:5
14:56:42.0 (45914594)|VARIABLE_ASSIGNMENT|[198]|this.selected|true|0x388f4e47
14:56:42.0 (45921848)|STATEMENT_EXECUTE|[203]
14:56:42.0 (45932392)|VARIABLE_ASSIGNMENT|[EXTERNAL]|this|{"selected":true}|0x388f4e47
14:56:42.0 (45940985)|VARIABLE_ASSIGNMENT|[EXTERNAL]|value|55800000
14:56:42.0 (45947626)|VARIABLE_ASSIGNMENT|[199]|this.t|55800000|0x388f4e47
14:56:42.0 (45960321)|CONSTRUCTOR_EXIT|[108]|01p0H000007gCe8|<init>(Boolean,Time)
14:56:42.0 (45969638)|HEAP_ALLOCATE|[EXTERNAL]|Bytes:4
14:56:42.0 (45975282)|STATEMENT_EXECUTE|[109]
14:56:42.0 (45979070)|HEAP_ALLOCATE|[109]|Bytes:4
14:56:42.0 (45985497)|VARIABLE_ASSIGNMENT|[109]|this.Initialselected|2|0x4bc1191d
14:56:42.0 (45996230)|HEAP_ALLOCATE|[99]|Bytes:28
14:56:42.0 (45999919)|HEAP_ALLOCATE|[99]|Bytes:28
14:56:42.0 (46017996)|STATEMENT_EXECUTE|[99]
14:56:42.0 (46020312)|STATEMENT_EXECUTE|[100]
14:56:42.0 (46028791)|USER_DEBUG|[100]|DEBUG|15:30:00.000Z
14:56:42.0 (46035683)|STATEMENT_EXECUTE|[101]
14:56:42.0 (46048384)|HEAP_ALLOCATE|[101]|Bytes:4
14:56:42.0 (46062240)|VARIABLE_ASSIGNMENT|[101]|t|57600000
14:56:42.0 (46066387)|STATEMENT_EXECUTE|[102]
14:56:42.0 (46071572)|HEAP_ALLOCATE|[102]|Bytes:28
14:56:42.0 (46084150)|HEAP_ALLOCATE|[102]|Bytes:28
14:56:42.0 (46095122)|VARIABLE_ASSIGNMENT|[102]|i1|4.0
14:56:42.0 (46099316)|STATEMENT_EXECUTE|[103]
14:56:42.0 (46127018)|VARIABLE_ASSIGNMENT|[EXTERNAL]|this|{"aptdum":"0x17b419cc","Docdum":"0x1099395a","Docmap":"0x59d6f4e1","Initialselected":2,"Selecteddoc":"a260H000001koYjQAI","SelectedtimeSlot":30,"timelist":"0x70a5cd1a","timeset":"0x120745e6","timewraplist":"0x6cc2e806","timewraplistInitial":"0xb89a42d"}|0x4bc1191d
14:56:42.0 (46141809)|HEAP_ALLOCATE|[EXTERNAL]|Bytes:4
14:56:42.0 (46153838)|STATEMENT_EXECUTE|[107]
14:56:42.0 (46155458)|STATEMENT_EXECUTE|[108]
14:56:42.0 (46178743)|VARIABLE_ASSIGNMENT|[EXTERNAL]|this|{"aptdum":"0x17b419cc","Docdum":"0x1099395a","Docmap":"0x59d6f4e1","Initialselected":2,"Selecteddoc":"a260H000001koYjQAI","SelectedtimeSlot":30,"timelist":"0x70a5cd1a","timeset":"0x120745e6","timewraplist":"0x6cc2e806","timewraplistInitial":"0xb89a42d"}|0x4bc1191d
14:56:42.0 (46191319)|HEAP_ALLOCATE|[108]|Bytes:12
14:56:42.0 (46202116)|CONSTRUCTOR_ENTRY|[108]|01p0H000007gCe8|<init>(Boolean,Time)
14:56:42.0 (46207227)|VARIABLE_SCOPE_BEGIN|[201]|this|docappcontroller.Wrapertimeslot|true|false
14:56:42.0 (46219183)|VARIABLE_ASSIGNMENT|[201]|this|{}|0x4f978cca
14:56:42.0 (46225126)|VARIABLE_SCOPE_BEGIN|[201]|selection|Boolean|false|false
14:56:42.0 (46231993)|VARIABLE_ASSIGNMENT|[201]|selection|true
14:56:42.0 (46235777)|VARIABLE_SCOPE_BEGIN|[201]|tm|Time|false|false
14:56:42.0 (46243638)|VARIABLE_ASSIGNMENT|[201]|tm|57600000
14:56:42.0 (46248125)|STATEMENT_EXECUTE|[197]
14:56:42.0 (46249685)|STATEMENT_EXECUTE|[198]
14:56:42.0 (46251417)|STATEMENT_EXECUTE|[199]
14:56:42.0 (46259833)|STATEMENT_EXECUTE|[201]
14:56:42.0 (46261438)|STATEMENT_EXECUTE|[202]
14:56:42.0 (46272426)|VARIABLE_ASSIGNMENT|[EXTERNAL]|this|{}|0x4f978cca
14:56:42.0 (46280262)|VARIABLE_ASSIGNMENT|[EXTERNAL]|value|true
14:56:42.0 (46285053)|HEAP_ALLOCATE|[198]|Bytes:5
14:56:42.0 (46290472)|VARIABLE_ASSIGNMENT|[198]|this.selected|true|0x4f978cca
14:56:42.0 (46297779)|STATEMENT_EXECUTE|[203]
14:56:42.0 (46308462)|VARIABLE_ASSIGNMENT|[EXTERNAL]|this|{"selected":true}|0x4f978cca
14:56:42.0 (46316524)|VARIABLE_ASSIGNMENT|[EXTERNAL]|value|57600000
14:56:42.0 (46322820)|VARIABLE_ASSIGNMENT|[199]|this.t|57600000|0x4f978cca
14:56:42.0 (46335242)|CONSTRUCTOR_EXIT|[108]|01p0H000007gCe8|<init>(Boolean,Time)
14:56:42.0 (46345033)|HEAP_ALLOCATE|[EXTERNAL]|Bytes:4
14:56:42.0 (46350652)|STATEMENT_EXECUTE|[109]
14:56:42.0 (46354038)|HEAP_ALLOCATE|[109]|Bytes:4
14:56:42.0 (46360001)|VARIABLE_ASSIGNMENT|[109]|this.Initialselected|3|0x4bc1191d
14:56:42.0 (46369916)|HEAP_ALLOCATE|[99]|Bytes:28
14:56:42.0 (46373479)|HEAP_ALLOCATE|[99]|Bytes:28
14:56:42.0 (46391001)|STATEMENT_EXECUTE|[99]
14:56:42.0 (46392871)|STATEMENT_EXECUTE|[100]
14:56:42.0 (46401253)|USER_DEBUG|[100]|DEBUG|16:00:00.000Z
14:56:42.0 (46408281)|STATEMENT_EXECUTE|[101]
14:56:42.0 (46420007)|HEAP_ALLOCATE|[101]|Bytes:4
14:56:42.0 (46433214)|VARIABLE_ASSIGNMENT|[101]|t|59400000
14:56:42.0 (46437441)|STATEMENT_EXECUTE|[102]
14:56:42.0 (46442753)|HEAP_ALLOCATE|[102]|Bytes:28
14:56:42.0 (46460391)|HEAP_ALLOCATE|[102]|Bytes:28
14:56:42.0 (46472424)|VARIABLE_ASSIGNMENT|[102]|i1|4.5
14:56:42.0 (46480367)|STATEMENT_EXECUTE|[103]
14:56:42.0 (46509987)|VARIABLE_ASSIGNMENT|[EXTERNAL]|this|{"aptdum":"0x17b419cc","Docdum":"0x1099395a","Docmap":"0x59d6f4e1","Initialselected":3,"Selecteddoc":"a260H000001koYjQAI","SelectedtimeSlot":30,"timelist":"0x70a5cd1a","timeset":"0x120745e6","timewraplist":"0x6cc2e806","timewraplistInitial":"0xb89a42d"}|0x4bc1191d
14:56:42.0 (46524873)|HEAP_ALLOCATE|[EXTERNAL]|Bytes:4
14:56:42.0 (46537548)|STATEMENT_EXECUTE|[107]
14:56:42.0 (46539211)|STATEMENT_EXECUTE|[108]
14:56:42.0 (46563022)|VARIABLE_ASSIGNMENT|[EXTERNAL]|this|{"aptdum":"0x17b419cc","Docdum":"0x1099395a","Docmap":"0x59d6f4e1","Initialselected":3,"Selecteddoc":"a260H000001koYjQAI","SelectedtimeSlot":30,"timelist":"0x70a5cd1a","timeset":"0x120745e6","timewraplist":"0x6cc2e806","timewraplistInitial":"0xb89a42d"}|0x4bc1191d
14:56:42.0 (46574837)|HEAP_ALLOCATE|[108]|Bytes:12
14:56:42.0 (46585292)|CONSTRUCTOR_ENTRY|[108]|01p0H000007gCe8|<init>(Boolean,Time)
14:56:42.0 (46590531)|VARIABLE_SCOPE_BEGIN|[201]|this|docappcontroller.Wrapertimeslot|true|false
14:56:42.0 (46602617)|VARIABLE_ASSIGNMENT|[201]|this|{}|0x7b0d9a85
14:56:42.0 (46608769)|VARIABLE_SCOPE_BEGIN|[201]|selection|Boolean|false|false
14:56:42.0 (46616569)|VARIABLE_ASSIGNMENT|[201]|selection|true
14:56:42.0 (46620268)|VARIABLE_SCOPE_BEGIN|[201]|tm|Time|false|false
14:56:42.0 (46628075)|VARIABLE_ASSIGNMENT|[201]|tm|59400000
14:56:42.0 (46632679)|STATEMENT_EXECUTE|[197]
14:56:42.0 (46634228)|STATEMENT_EXECUTE|[198]
14:56:42.0 (46635726)|STATEMENT_EXECUTE|[199]
14:56:42.0 (46644179)|STATEMENT_EXECUTE|[201]
14:56:42.0 (46645944)|STATEMENT_EXECUTE|[202]
14:56:42.0 (46656798)|VARIABLE_ASSIGNMENT|[EXTERNAL]|this|{}|0x7b0d9a85
14:56:42.0 (46665300)|VARIABLE_ASSIGNMENT|[EXTERNAL]|value|true
14:56:42.0 (46670403)|HEAP_ALLOCATE|[198]|Bytes:5
14:56:42.0 (46675984)|VARIABLE_ASSIGNMENT|[198]|this.selected|true|0x7b0d9a85
14:56:42.0 (46682845)|STATEMENT_EXECUTE|[203]
14:56:42.0 (46693444)|VARIABLE_ASSIGNMENT|[EXTERNAL]|this|{"selected":true}|0x7b0d9a85
14:56:42.0 (46701522)|VARIABLE_ASSIGNMENT|[EXTERNAL]|value|59400000
14:56:42.0 (46707814)|VARIABLE_ASSIGNMENT|[199]|this.t|59400000|0x7b0d9a85
14:56:42.0 (46720061)|CONSTRUCTOR_EXIT|[108]|01p0H000007gCe8|<init>(Boolean,Time)
14:56:42.0 (46729459)|HEAP_ALLOCATE|[EXTERNAL]|Bytes:4
14:56:42.0 (46734775)|STATEMENT_EXECUTE|[109]
14:56:42.0 (46738125)|HEAP_ALLOCATE|[109]|Bytes:4
14:56:42.0 (46743997)|VARIABLE_ASSIGNMENT|[109]|this.Initialselected|4|0x4bc1191d
14:56:42.0 (46754081)|HEAP_ALLOCATE|[99]|Bytes:28
14:56:42.0 (46757358)|HEAP_ALLOCATE|[99]|Bytes:28
14:56:42.0 (46774810)|STATEMENT_EXECUTE|[99]
14:56:42.0 (46776684)|STATEMENT_EXECUTE|[100]
14:56:42.0 (46789383)|USER_DEBUG|[100]|DEBUG|16:30:00.000Z
14:56:42.0 (46796650)|STATEMENT_EXECUTE|[101]
14:56:42.0 (46808951)|HEAP_ALLOCATE|[101]|Bytes:4
14:56:42.0 (46821922)|VARIABLE_ASSIGNMENT|[101]|t|61200000
14:56:42.0 (46825974)|STATEMENT_EXECUTE|[102]
14:56:42.0 (46847977)|HEAP_ALLOCATE|[102]|Bytes:28
14:56:42.0 (46862550)|HEAP_ALLOCATE|[102]|Bytes:28
14:56:42.0 (46874429)|VARIABLE_ASSIGNMENT|[102]|i1|5.0
14:56:42.0 (46878696)|STATEMENT_EXECUTE|[103]
14:56:42.0 (46907597)|VARIABLE_ASSIGNMENT|[EXTERNAL]|this|{"aptdum":"0x17b419cc","Docdum":"0x1099395a","Docmap":"0x59d6f4e1","Initialselected":4,"Selecteddoc":"a260H000001koYjQAI","SelectedtimeSlot":30,"timelist":"0x70a5cd1a","timeset":"0x120745e6","timewraplist":"0x6cc2e806","timewraplistInitial":"0xb89a42d"}|0x4bc1191d
14:56:42.0 (46921935)|HEAP_ALLOCATE|[EXTERNAL]|Bytes:4
14:56:42.0 (46934710)|STATEMENT_EXECUTE|[105]
14:56:42.0 (46936509)|STATEMENT_EXECUTE|[106]
14:56:42.0 (46960433)|VARIABLE_ASSIGNMENT|[EXTERNAL]|this|{"aptdum":"0x17b419cc","Docdum":"0x1099395a","Docmap":"0x59d6f4e1","Initialselected":4,"Selecteddoc":"a260H000001koYjQAI","SelectedtimeSlot":30,"timelist":"0x70a5cd1a","timeset":"0x120745e6","timewraplist":"0x6cc2e806","timewraplistInitial":"0xb89a42d"}|0x4bc1191d
14:56:42.0 (46973264)|HEAP_ALLOCATE|[106]|Bytes:12
14:56:42.0 (46984810)|CONSTRUCTOR_ENTRY|[106]|01p0H000007gCe8|<init>(Boolean,Time)
14:56:42.0 (46990164)|VARIABLE_SCOPE_BEGIN|[201]|this|docappcontroller.Wrapertimeslot|true|false
14:56:42.0 (47002423)|VARIABLE_ASSIGNMENT|[201]|this|{}|0x2db8e7f0
14:56:42.0 (47008859)|VARIABLE_SCOPE_BEGIN|[201]|selection|Boolean|false|false
14:56:42.0 (47016482)|VARIABLE_ASSIGNMENT|[201]|selection|false
14:56:42.0 (47020051)|VARIABLE_SCOPE_BEGIN|[201]|tm|Time|false|false
14:56:42.0 (47027427)|VARIABLE_ASSIGNMENT|[201]|tm|61200000
14:56:42.0 (47031663)|STATEMENT_EXECUTE|[197]
14:56:42.0 (47033242)|STATEMENT_EXECUTE|[198]
14:56:42.0 (47034753)|STATEMENT_EXECUTE|[199]
14:56:42.0 (47043866)|STATEMENT_EXECUTE|[201]
14:56:42.0 (47045422)|STATEMENT_EXECUTE|[202]
14:56:42.0 (47056195)|VARIABLE_ASSIGNMENT|[EXTERNAL]|this|{}|0x2db8e7f0
14:56:42.0 (47064576)|VARIABLE_ASSIGNMENT|[EXTERNAL]|value|false
14:56:42.0 (47070066)|HEAP_ALLOCATE|[198]|Bytes:5
14:56:42.0 (47076015)|VARIABLE_ASSIGNMENT|[198]|this.selected|false|0x2db8e7f0
14:56:42.0 (47083210)|STATEMENT_EXECUTE|[203]
14:56:42.0 (47094435)|VARIABLE_ASSIGNMENT|[EXTERNAL]|this|{"selected":false}|0x2db8e7f0
14:56:42.0 (47102633)|VARIABLE_ASSIGNMENT|[EXTERNAL]|value|61200000
14:56:42.0 (47109219)|VARIABLE_ASSIGNMENT|[199]|this.t|61200000|0x2db8e7f0
14:56:42.0 (47122421)|CONSTRUCTOR_EXIT|[106]|01p0H000007gCe8|<init>(Boolean,Time)
14:56:42.0 (47131780)|HEAP_ALLOCATE|[EXTERNAL]|Bytes:4
14:56:42.0 (47142810)|HEAP_ALLOCATE|[99]|Bytes:28
14:56:42.0 (47146582)|HEAP_ALLOCATE|[99]|Bytes:28
14:56:42.0 (47163834)|STATEMENT_EXECUTE|[99]
14:56:42.0 (47165674)|STATEMENT_EXECUTE|[100]
14:56:42.0 (47173902)|USER_DEBUG|[100]|DEBUG|17:00:00.000Z
14:56:42.0 (47180650)|STATEMENT_EXECUTE|[101]
14:56:42.0 (47193114)|HEAP_ALLOCATE|[101]|Bytes:4
14:56:42.0 (47207080)|VARIABLE_ASSIGNMENT|[101]|t|63000000
14:56:42.0 (47211082)|STATEMENT_EXECUTE|[102]
14:56:42.0 (47216480)|HEAP_ALLOCATE|[102]|Bytes:28
14:56:42.0 (47228512)|HEAP_ALLOCATE|[102]|Bytes:28
14:56:42.0 (47239831)|VARIABLE_ASSIGNMENT|[102]|i1|5.5
14:56:42.0 (47244063)|STATEMENT_EXECUTE|[103]
14:56:42.0 (47272313)|VARIABLE_ASSIGNMENT|[EXTERNAL]|this|{"aptdum":"0x17b419cc","Docdum":"0x1099395a","Docmap":"0x59d6f4e1","Initialselected":4,"Selecteddoc":"a260H000001koYjQAI","SelectedtimeSlot":30,"timelist":"0x70a5cd1a","timeset":"0x120745e6","timewraplist":"0x6cc2e806","timewraplistInitial":"0xb89a42d"}|0x4bc1191d
14:56:42.0 (47287452)|HEAP_ALLOCATE|[EXTERNAL]|Bytes:4
14:56:42.0 (47300025)|STATEMENT_EXECUTE|[105]
14:56:42.0 (47301737)|STATEMENT_EXECUTE|[106]
14:56:42.0 (47325325)|VARIABLE_ASSIGNMENT|[EXTERNAL]|this|{"aptdum":"0x17b419cc","Docdum":"0x1099395a","Docmap":"0x59d6f4e1","Initialselected":4,"Selecteddoc":"a260H000001koYjQAI","SelectedtimeSlot":30,"timelist":"0x70a5cd1a","timeset":"0x120745e6","timewraplist":"0x6cc2e806","timewraplistInitial":"0xb89a42d"}|0x4bc1191d
14:56:42.0 (47338297)|HEAP_ALLOCATE|[106]|Bytes:12
14:56:42.0 (47349226)|CONSTRUCTOR_ENTRY|[106]|01p0H000007gCe8|<init>(Boolean,Time)
14:56:42.0 (47354490)|VARIABLE_SCOPE_BEGIN|[201]|this|docappcontroller.Wrapertimeslot|true|false
14:56:42.0 (47366549)|VARIABLE_ASSIGNMENT|[201]|this|{}|0x5ffc07f6
14:56:42.0 (47372708)|VARIABLE_SCOPE_BEGIN|[201]|selection|Boolean|false|false
14:56:42.0 (47379510)|VARIABLE_ASSIGNMENT|[201]|selection|false
14:56:42.0 (47382968)|VARIABLE_SCOPE_BEGIN|[201]|tm|Time|false|false
14:56:42.0 (47390344)|VARIABLE_ASSIGNMENT|[201]|tm|63000000
14:56:42.0 (47394445)|STATEMENT_EXECUTE|[197]
14:56:42.0 (47395927)|STATEMENT_EXECUTE|[198]
14:56:42.0 (47397380)|STATEMENT_EXECUTE|[199]
14:56:42.0 (47406221)|STATEMENT_EXECUTE|[201]
14:56:42.0 (47407792)|STATEMENT_EXECUTE|[202]
14:56:42.0 (47418689)|VARIABLE_ASSIGNMENT|[EXTERNAL]|this|{}|0x5ffc07f6
14:56:42.0 (47426967)|VARIABLE_ASSIGNMENT|[EXTERNAL]|value|false
14:56:42.0 (47432055)|HEAP_ALLOCATE|[198]|Bytes:5
14:56:42.0 (47437974)|VARIABLE_ASSIGNMENT|[198]|this.selected|false|0x5ffc07f6
14:56:42.0 (47445195)|STATEMENT_EXECUTE|[203]
14:56:42.0 (47461203)|VARIABLE_ASSIGNMENT|[EXTERNAL]|this|{"selected":false}|0x5ffc07f6
14:56:42.0 (47470251)|VARIABLE_ASSIGNMENT|[EXTERNAL]|value|63000000
14:56:42.0 (47478199)|VARIABLE_ASSIGNMENT|[199]|this.t|63000000|0x5ffc07f6
14:56:42.0 (47491481)|CONSTRUCTOR_EXIT|[106]|01p0H000007gCe8|<init>(Boolean,Time)
14:56:42.0 (47500898)|HEAP_ALLOCATE|[EXTERNAL]|Bytes:4
14:56:42.0 (47511863)|HEAP_ALLOCATE|[99]|Bytes:28
14:56:42.0 (47515436)|HEAP_ALLOCATE|[99]|Bytes:28
14:56:42.0 (47532820)|STATEMENT_EXECUTE|[99]
14:56:42.0 (47534629)|STATEMENT_EXECUTE|[100]
14:56:42.0 (47542493)|USER_DEBUG|[100]|DEBUG|17:30:00.000Z
14:56:42.0 (47548882)|STATEMENT_EXECUTE|[101]
14:56:42.0 (47561160)|HEAP_ALLOCATE|[101]|Bytes:4
14:56:42.0 (47574518)|VARIABLE_ASSIGNMENT|[101]|t|64800000
14:56:42.0 (47578784)|STATEMENT_EXECUTE|[102]
14:56:42.0 (47583946)|HEAP_ALLOCATE|[102]|Bytes:28
14:56:42.0 (47596144)|HEAP_ALLOCATE|[102]|Bytes:28
14:56:42.0 (47607304)|VARIABLE_ASSIGNMENT|[102]|i1|6.0
14:56:42.0 (47611158)|STATEMENT_EXECUTE|[103]
14:56:42.0 (47639282)|VARIABLE_ASSIGNMENT|[EXTERNAL]|this|{"aptdum":"0x17b419cc","Docdum":"0x1099395a","Docmap":"0x59d6f4e1","Initialselected":4,"Selecteddoc":"a260H000001koYjQAI","SelectedtimeSlot":30,"timelist":"0x70a5cd1a","timeset":"0x120745e6","timewraplist":"0x6cc2e806","timewraplistInitial":"0xb89a42d"}|0x4bc1191d
14:56:42.0 (47654195)|HEAP_ALLOCATE|[EXTERNAL]|Bytes:4
14:56:42.0 (47666173)|STATEMENT_EXECUTE|[105]
14:56:42.0 (47667900)|STATEMENT_EXECUTE|[106]
14:56:42.0 (47691587)|VARIABLE_ASSIGNMENT|[EXTERNAL]|this|{"aptdum":"0x17b419cc","Docdum":"0x1099395a","Docmap":"0x59d6f4e1","Initialselected":4,"Selecteddoc":"a260H000001koYjQAI","SelectedtimeSlot":30,"timelist":"0x70a5cd1a","timeset":"0x120745e6","timewraplist":"0x6cc2e806","timewraplistInitial":"0xb89a42d"}|0x4bc1191d
14:56:42.0 (47703274)|HEAP_ALLOCATE|[106]|Bytes:12
14:56:42.0 (47713653)|CONSTRUCTOR_ENTRY|[106]|01p0H000007gCe8|<init>(Boolean,Time)
14:56:42.0 (47718892)|VARIABLE_SCOPE_BEGIN|[201]|this|docappcontroller.Wrapertimeslot|true|false
14:56:42.0 (47731387)|VARIABLE_ASSIGNMENT|[201]|this|{}|0x2b0e2b1b
14:56:42.0 (47737658)|VARIABLE_SCOPE_BEGIN|[201]|selection|Boolean|false|false
14:56:42.0 (47744623)|VARIABLE_ASSIGNMENT|[201]|selection|false
14:56:42.0 (47748183)|VARIABLE_SCOPE_BEGIN|[201]|tm|Time|false|false
14:56:42.0 (47756190)|VARIABLE_ASSIGNMENT|[201]|tm|64800000
14:56:42.0 (47760386)|STATEMENT_EXECUTE|[197]
14:56:42.0 (47761845)|STATEMENT_EXECUTE|[198]
14:56:42.0 (47763303)|STATEMENT_EXECUTE|[199]
14:56:42.0 (47772183)|STATEMENT_EXECUTE|[201]
14:56:42.0 (47773900)|STATEMENT_EXECUTE|[202]
14:56:42.0 (47784623)|VARIABLE_ASSIGNMENT|[EXTERNAL]|this|{}|0x2b0e2b1b
14:56:42.0 (47797737)|VARIABLE_ASSIGNMENT|[EXTERNAL]|value|false
14:56:42.0 (47803372)|HEAP_ALLOCATE|[198]|Bytes:5
14:56:42.0 (47809324)|VARIABLE_ASSIGNMENT|[198]|this.selected|false|0x2b0e2b1b
14:56:42.0 (47816483)|STATEMENT_EXECUTE|[203]
14:56:42.0 (47827699)|VARIABLE_ASSIGNMENT|[EXTERNAL]|this|{"selected":false}|0x2b0e2b1b
14:56:42.0 (47835580)|VARIABLE_ASSIGNMENT|[EXTERNAL]|value|64800000
14:56:42.0 (47842303)|VARIABLE_ASSIGNMENT|[199]|this.t|64800000|0x2b0e2b1b
14:56:42.0 (47855132)|CONSTRUCTOR_EXIT|[106]|01p0H000007gCe8|<init>(Boolean,Time)
14:56:42.0 (47863915)|HEAP_ALLOCATE|[EXTERNAL]|Bytes:4
14:56:42.0 (47874501)|HEAP_ALLOCATE|[99]|Bytes:28
14:56:42.0 (47878069)|HEAP_ALLOCATE|[99]|Bytes:28
14:56:42.0 (47895121)|STATEMENT_EXECUTE|[99]
14:56:42.0 (47897166)|STATEMENT_EXECUTE|[100]
14:56:42.0 (47905057)|USER_DEBUG|[100]|DEBUG|18:00:00.000Z
14:56:42.0 (47911821)|STATEMENT_EXECUTE|[101]
14:56:42.0 (47923872)|HEAP_ALLOCATE|[101]|Bytes:4
14:56:42.0 (47936876)|VARIABLE_ASSIGNMENT|[101]|t|66600000
14:56:42.0 (47941077)|STATEMENT_EXECUTE|[102]
14:56:42.0 (47946148)|HEAP_ALLOCATE|[102]|Bytes:28
14:56:42.0 (47958288)|HEAP_ALLOCATE|[102]|Bytes:28
14:56:42.0 (47969194)|VARIABLE_ASSIGNMENT|[102]|i1|6.5
14:56:42.0 (47973150)|STATEMENT_EXECUTE|[103]
14:56:42.0 (48000751)|VARIABLE_ASSIGNMENT|[EXTERNAL]|this|{"aptdum":"0x17b419cc","Docdum":"0x1099395a","Docmap":"0x59d6f4e1","Initialselected":4,"Selecteddoc":"a260H000001koYjQAI","SelectedtimeSlot":30,"timelist":"0x70a5cd1a","timeset":"0x120745e6","timewraplist":"0x6cc2e806","timewraplistInitial":"0xb89a42d"}|0x4bc1191d
14:56:42.0 (48016639)|HEAP_ALLOCATE|[EXTERNAL]|Bytes:4
14:56:42.0 (48029309)|STATEMENT_EXECUTE|[105]
14:56:42.0 (48031032)|STATEMENT_EXECUTE|[106]
14:56:42.0 (48054512)|VARIABLE_ASSIGNMENT|[EXTERNAL]|this|{"aptdum":"0x17b419cc","Docdum":"0x1099395a","Docmap":"0x59d6f4e1","Initialselected":4,"Selecteddoc":"a260H000001koYjQAI","SelectedtimeSlot":30,"timelist":"0x70a5cd1a","timeset":"0x120745e6","timewraplist":"0x6cc2e806","timewraplistInitial":"0xb89a42d"}|0x4bc1191d
14:56:42.0 (48066706)|HEAP_ALLOCATE|[106]|Bytes:12
14:56:42.0 (48077429)|CONSTRUCTOR_ENTRY|[106]|01p0H000007gCe8|<init>(Boolean,Time)
14:56:42.0 (48082911)|VARIABLE_SCOPE_BEGIN|[201]|this|docappcontroller.Wrapertimeslot|true|false
14:56:42.0 (48095219)|VARIABLE_ASSIGNMENT|[201]|this|{}|0x7440253
14:56:42.0 (48101715)|VARIABLE_SCOPE_BEGIN|[201]|selection|Boolean|false|false
14:56:42.0 (48108932)|VARIABLE_ASSIGNMENT|[201]|selection|false
14:56:42.0 (48112552)|VARIABLE_SCOPE_BEGIN|[201]|tm|Time|false|false
14:56:42.0 (48119968)|VARIABLE_ASSIGNMENT|[201]|tm|66600000
14:56:42.0 (48124122)|STATEMENT_EXECUTE|[197]
14:56:42.0 (48125581)|STATEMENT_EXECUTE|[198]
14:56:42.0 (48127138)|STATEMENT_EXECUTE|[199]
14:56:42.0 (48135687)|STATEMENT_EXECUTE|[201]
14:56:42.0 (48137237)|STATEMENT_EXECUTE|[202]
14:56:42.0 (48147996)|VARIABLE_ASSIGNMENT|[EXTERNAL]|this|{}|0x7440253
14:56:42.0 (48156284)|VARIABLE_ASSIGNMENT|[EXTERNAL]|value|false
14:56:42.0 (48161603)|HEAP_ALLOCATE|[198]|Bytes:5
14:56:42.0 (48167114)|VARIABLE_ASSIGNMENT|[198]|this.selected|false|0x7440253
14:56:42.0 (48174324)|STATEMENT_EXECUTE|[203]
14:56:42.0 (48185237)|VARIABLE_ASSIGNMENT|[EXTERNAL]|this|{"selected":false}|0x7440253
14:56:42.0 (48193289)|VARIABLE_ASSIGNMENT|[EXTERNAL]|value|66600000
14:56:42.0 (48199901)|VARIABLE_ASSIGNMENT|[199]|this.t|66600000|0x7440253
14:56:42.0 (48212480)|CONSTRUCTOR_EXIT|[106]|01p0H000007gCe8|<init>(Boolean,Time)
14:56:42.0 (48222124)|HEAP_ALLOCATE|[EXTERNAL]|Bytes:4
14:56:42.0 (48232137)|HEAP_ALLOCATE|[99]|Bytes:28
14:56:42.0 (48235427)|HEAP_ALLOCATE|[99]|Bytes:28
14:56:42.0 (48252685)|STATEMENT_EXECUTE|[99]
14:56:42.0 (48254643)|STATEMENT_EXECUTE|[100]
14:56:42.0 (48262199)|USER_DEBUG|[100]|DEBUG|18:30:00.000Z
14:56:42.0 (48268850)|STATEMENT_EXECUTE|[101]
14:56:42.0 (48280793)|HEAP_ALLOCATE|[101]|Bytes:4
14:56:42.0 (48294058)|VARIABLE_ASSIGNMENT|[101]|t|68400000
14:56:42.0 (48298126)|STATEMENT_EXECUTE|[102]
14:56:42.0 (48303737)|HEAP_ALLOCATE|[102]|Bytes:28
14:56:42.0 (48315965)|HEAP_ALLOCATE|[102]|Bytes:28
14:56:42.0 (48326925)|VARIABLE_ASSIGNMENT|[102]|i1|7.0
14:56:42.0 (48331138)|STATEMENT_EXECUTE|[103]
14:56:42.0 (48358646)|VARIABLE_ASSIGNMENT|[EXTERNAL]|this|{"aptdum":"0x17b419cc","Docdum":"0x1099395a","Docmap":"0x59d6f4e1","Initialselected":4,"Selecteddoc":"a260H000001koYjQAI","SelectedtimeSlot":30,"timelist":"0x70a5cd1a","timeset":"0x120745e6","timewraplist":"0x6cc2e806","timewraplistInitial":"0xb89a42d"}|0x4bc1191d
14:56:42.0 (48372856)|HEAP_ALLOCATE|[EXTERNAL]|Bytes:4
14:56:42.0 (48385040)|STATEMENT_EXECUTE|[105]
14:56:42.0 (48386664)|STATEMENT_EXECUTE|[106]
14:56:42.0 (48410333)|VARIABLE_ASSIGNMENT|[EXTERNAL]|this|{"aptdum":"0x17b419cc","Docdum":"0x1099395a","Docmap":"0x59d6f4e1","Initialselected":4,"Selecteddoc":"a260H000001koYjQAI","SelectedtimeSlot":30,"timelist":"0x70a5cd1a","timeset":"0x120745e6","timewraplist":"0x6cc2e806","timewraplistInitial":"0xb89a42d"}|0x4bc1191d
14:56:42.0 (48422042)|HEAP_ALLOCATE|[106]|Bytes:12
14:56:42.0 (48433035)|CONSTRUCTOR_ENTRY|[106]|01p0H000007gCe8|<init>(Boolean,Time)
14:56:42.0 (48438147)|VARIABLE_SCOPE_BEGIN|[201]|this|docappcontroller.Wrapertimeslot|true|false
14:56:42.0 (48450680)|VARIABLE_ASSIGNMENT|[201]|this|{}|0x181a2b10
14:56:42.0 (48461202)|VARIABLE_SCOPE_BEGIN|[201]|selection|Boolean|false|false
14:56:42.0 (48468741)|VARIABLE_ASSIGNMENT|[201]|selection|false
14:56:42.0 (48472486)|VARIABLE_SCOPE_BEGIN|[201]|tm|Time|false|false
14:56:42.0 (48479750)|VARIABLE_ASSIGNMENT|[201]|tm|68400000
14:56:42.0 (48483991)|STATEMENT_EXECUTE|[197]
14:56:42.0 (48485485)|STATEMENT_EXECUTE|[198]
14:56:42.0 (48486928)|STATEMENT_EXECUTE|[199]
14:56:42.0 (48495701)|STATEMENT_EXECUTE|[201]
14:56:42.0 (48497378)|STATEMENT_EXECUTE|[202]
14:56:42.0 (48508340)|VARIABLE_ASSIGNMENT|[EXTERNAL]|this|{}|0x181a2b10
14:56:42.0 (48517083)|VARIABLE_ASSIGNMENT|[EXTERNAL]|value|false
14:56:42.0 (48522270)|HEAP_ALLOCATE|[198]|Bytes:5
14:56:42.0 (48528066)|VARIABLE_ASSIGNMENT|[198]|this.selected|false|0x181a2b10
14:56:42.0 (48534970)|STATEMENT_EXECUTE|[203]
14:56:42.0 (48546035)|VARIABLE_ASSIGNMENT|[EXTERNAL]|this|{"selected":false}|0x181a2b10
14:56:42.0 (48554631)|VARIABLE_ASSIGNMENT|[EXTERNAL]|value|68400000
14:56:42.0 (48561386)|VARIABLE_ASSIGNMENT|[199]|this.t|68400000|0x181a2b10
14:56:42.0 (48574248)|CONSTRUCTOR_EXIT|[106]|01p0H000007gCe8|<init>(Boolean,Time)
14:56:42.0 (48583064)|HEAP_ALLOCATE|[EXTERNAL]|Bytes:4
14:56:42.0 (48593662)|HEAP_ALLOCATE|[99]|Bytes:28
14:56:42.0 (48597700)|HEAP_ALLOCATE|[99]|Bytes:28
14:56:42.0 (48619106)|HEAP_ALLOCATE|[115]|Bytes:28
14:56:42.0 (48623381)|HEAP_ALLOCATE|[115]|Bytes:28
14:56:42.0 (48629442)|HEAP_ALLOCATE|[115]|Bytes:28
14:56:42.0 (48654121)|HEAP_ALLOCATE|[115]|Bytes:28
14:56:42.0 (48676070)|STATEMENT_EXECUTE|[115]
14:56:42.0 (48678338)|STATEMENT_EXECUTE|[121]
14:56:42.0 (48712767)|VARIABLE_ASSIGNMENT|[EXTERNAL]|this|{"aptdum":"0x17b419cc","Docdum":"0x1099395a","Docmap":"0x59d6f4e1","Initialselected":4,"Selecteddoc":"a260H000001koYjQAI","SelectedtimeSlot":30,"timelist":"0x70a5cd1a","timeset":"0x120745e6","timewraplist":"0x6cc2e806","timewraplistInitial":"0xb89a42d"}|0x4bc1191d
14:56:42.0 (48732281)|VARIABLE_ASSIGNMENT|[121]|this.timewraplistInitial|"List of size 15 too large to display"|0x4bc1191d
14:56:42.0 (48737820)|STATEMENT_EXECUTE|[123]
14:56:42.52 (52083923)|SYSTEM_MODE_ENTER|true
14:56:42.52 (52138568)|HEAP_ALLOCATE|[EXTERNAL]|Bytes:8
14:56:42.52 (52146734)|VARIABLE_SCOPE_BEGIN|[88]|this|ApexPage.PageMessagesComponentController|true|false
14:56:42.52 (52170480)|VARIABLE_ASSIGNMENT|[88]|this|{}|0x779a4222
14:56:42.52 (52177285)|VARIABLE_SCOPE_BEGIN|[88]|escape|Boolean|false|false
14:56:42.52 (52185109)|VARIABLE_ASSIGNMENT|[88]|escape|null
14:56:42.52 (52270270)|SYSTEM_MODE_ENTER|true
14:56:42.52 (52303116)|HEAP_ALLOCATE|[EXTERNAL]|Bytes:8
14:56:42.52 (52309658)|VARIABLE_SCOPE_BEGIN|[2]|this|ApexPage.PageMessagesComponentController|true|false
14:56:42.52 (52327833)|VARIABLE_ASSIGNMENT|[2]|this|{}|0x779a4222
14:56:42.0 (52635343)|SYSTEM_MODE_ENTER|true
14:56:42.0 (53006708)|SYSTEM_MODE_ENTER|true
14:56:42.0 (53299476)|SYSTEM_MODE_ENTER|true
14:56:42.0 (53371228)|SYSTEM_MODE_ENTER|true
14:56:42.77 (77000872)|SYSTEM_MODE_ENTER|true
14:56:42.77 (77091117)|HEAP_ALLOCATE|[EXTERNAL]|Bytes:8
14:56:42.77 (77107152)|VARIABLE_SCOPE_BEGIN|[88]|this|ApexPage.PageMessagesComponentController|true|false
14:56:42.77 (77151939)|VARIABLE_ASSIGNMENT|[88]|this|{}|0x779a4222
14:56:42.77 (77163154)|VARIABLE_SCOPE_BEGIN|[88]|escape|Boolean|false|false
14:56:42.77 (77175371)|VARIABLE_ASSIGNMENT|[88]|escape|null
14:56:42.77 (77326440)|SYSTEM_MODE_ENTER|true
14:56:42.77 (77364183)|HEAP_ALLOCATE|[EXTERNAL]|Bytes:8
14:56:42.77 (77377266)|VARIABLE_SCOPE_BEGIN|[2]|this|ApexPage.PageMessagesComponentController|true|false
14:56:42.77 (77397705)|VARIABLE_ASSIGNMENT|[2]|this|{}|0x779a4222
14:56:42.0 (79007960)|SYSTEM_MODE_ENTER|true
14:56:42.0 (79060292)|HEAP_ALLOCATE|[EXTERNAL]|Bytes:48
14:56:42.0 (79071216)|VARIABLE_SCOPE_BEGIN|[156]|this|docappcontroller|true|false
14:56:42.0 (79130936)|VARIABLE_ASSIGNMENT|[156]|this|{"aptdum":"0x17b419cc","Docdum":"0x1099395a","Docmap":"0x59d6f4e1","Initialselected":4,"Selecteddoc":"a260H000001koYjQAI","SelectedtimeSlot":30,"timelist":"0x70a5cd1a","timeset":"0x120745e6","timewraplist":"0x6cc2e806","timewraplistInitial":"0x6cc2e806"}|0x4bc1191d
14:56:42.0 (79144425)|STATEMENT_EXECUTE|[156]
14:56:42.0 (79146742)|STATEMENT_EXECUTE|[158]
14:56:42.0 (79158742)|HEAP_ALLOCATE|[158]|Bytes:4
14:56:42.0 (79175905)|VARIABLE_SCOPE_BEGIN|[158]|options|List<System.SelectOption>|true|false
14:56:42.0 (79198217)|HEAP_ALLOCATE|[EXTERNAL]|Bytes:4
14:56:42.0 (79208734)|VARIABLE_ASSIGNMENT|[158]|options|[]|0x4cf99ad9
14:56:42.0 (79214032)|STATEMENT_EXECUTE|[159]
14:56:42.0 (79236408)|HEAP_ALLOCATE|[EXTERNAL]|Bytes:4
14:56:42.0 (79274145)|VARIABLE_ASSIGNMENT|[EXTERNAL]|this|{"aptdum":"0x17b419cc","Docdum":"0x1099395a","Docmap":"0x59d6f4e1","Initialselected":4,"Selecteddoc":"a260H000001koYjQAI","SelectedtimeSlot":30,"timelist":"0x70a5cd1a","timeset":"0x120745e6","timewraplist":"0x6cc2e806","timewraplistInitial":"0x6cc2e806"}|0x4bc1191d
14:56:42.0 (79287415)|STATEMENT_EXECUTE|[160]
14:56:42.0 (79332935)|VARIABLE_ASSIGNMENT|[EXTERNAL]|this|{"aptdum":"0x17b419cc","Docdum":"0x1099395a","Docmap":"0x59d6f4e1","Initialselected":4,"Selecteddoc":"a260H000001koYjQAI","SelectedtimeSlot":30,"timelist":"0x70a5cd1a","timeset":"0x120745e6","timewraplist":"0x6cc2e806","timewraplistInitial":"0x6cc2e806"}|0x4bc1191d
14:56:42.0 (79365564)|HEAP_ALLOCATE|[EXTERNAL]|Bytes:12
14:56:42.0 (79379912)|HEAP_ALLOCATE|[161]|Bytes:237
14:56:42.0 (79402027)|HEAP_ALLOCATE|[161]|Bytes:5
14:56:42.0 (79416425)|HEAP_ALLOCATE|[161]|Bytes:24
14:56:42.0 (79425285)|VARIABLE_SCOPE_BEGIN|[161]|doc|Doctor__c|true|false
14:56:42.0 (79467236)|VARIABLE_ASSIGNMENT|[161]|doc|{"Id":"a260H000001koYjQAI","Name":"doc 2","End_Time__c":68400000,"Speciality__c":"General Surgery","Start_Time__c":43200000}|0x41d07a8e
14:56:42.0 (79478955)|STATEMENT_EXECUTE|[161]
14:56:42.0 (79481188)|STATEMENT_EXECUTE|[162]
14:56:42.0 (79504074)|HEAP_ALLOCATE|[162]|Bytes:18
14:56:42.0 (79525691)|HEAP_ALLOCATE|[EXTERNAL]|Bytes:4
14:56:42.0 (79544021)|HEAP_ALLOCATE|[161]|Bytes:5
14:56:42.0 (79559302)|HEAP_ALLOCATE|[161]|Bytes:24
14:56:42.0 (79569217)|VARIABLE_SCOPE_BEGIN|[161]|doc|Doctor__c|true|false
14:56:42.0 (79592192)|VARIABLE_ASSIGNMENT|[161]|doc|{"Id":"a260H000001koYeQAI","Name":"Doc1","End_Time__c":64800000,"Speciality__c":"General Surgery","Start_Time__c":32400000}|0x46d54af8
14:56:42.0 (79601683)|STATEMENT_EXECUTE|[161]
14:56:42.0 (79603981)|STATEMENT_EXECUTE|[162]
14:56:42.0 (79614562)|HEAP_ALLOCATE|[162]|Bytes:18
14:56:42.0 (79632012)|HEAP_ALLOCATE|[EXTERNAL]|Bytes:4
14:56:42.0 (79647951)|HEAP_ALLOCATE|[161]|Bytes:5
14:56:42.0 (79662112)|VARIABLE_ASSIGNMENT|[161]|doc|null|
14:56:42.0 (79667213)|STATEMENT_EXECUTE|[168]
14:56:42.0 (79841006)|SYSTEM_MODE_ENTER|true
14:56:42.0 (83857257)|SYSTEM_MODE_ENTER|true
14:56:42.0 (83898518)|HEAP_ALLOCATE|[EXTERNAL]|Bytes:48
14:56:42.0 (83907040)|VARIABLE_SCOPE_BEGIN|[173]|this|docappcontroller|true|false
14:56:42.0 (83945696)|VARIABLE_ASSIGNMENT|[173]|this|{"aptdum":"0x17b419cc","Docdum":"0x1099395a","Docmap":"0x59d6f4e1","Initialselected":4,"Selecteddoc":"a260H000001koYjQAI","SelectedtimeSlot":30,"timelist":"0x70a5cd1a","timeset":"0x120745e6","timewraplist":"0x6cc2e806","timewraplistInitial":"0x6cc2e806"}|0x4bc1191d
14:56:42.0 (83958098)|STATEMENT_EXECUTE|[173]
14:56:42.0 (83960162)|STATEMENT_EXECUTE|[175]
14:56:42.0 (83970327)|HEAP_ALLOCATE|[175]|Bytes:4
14:56:42.0 (83985586)|VARIABLE_SCOPE_BEGIN|[175]|options|List<System.SelectOption>|true|false
14:56:42.0 (84005901)|HEAP_ALLOCATE|[EXTERNAL]|Bytes:4
14:56:42.0 (84014807)|VARIABLE_ASSIGNMENT|[175]|options|[]|0x44a1f207
14:56:42.0 (84020150)|STATEMENT_EXECUTE|[176]
14:56:42.0 (84036032)|HEAP_ALLOCATE|[EXTERNAL]|Bytes:4
14:56:42.0 (84042786)|STATEMENT_EXECUTE|[179]
14:56:42.0 (84050836)|HEAP_ALLOCATE|[EXTERNAL]|Bytes:4
14:56:42.0 (84056015)|STATEMENT_EXECUTE|[180]
14:56:42.0 (84062574)|HEAP_ALLOCATE|[EXTERNAL]|Bytes:4
14:56:42.0 (84067482)|STATEMENT_EXECUTE|[185]
14:56:42.0 (84190112)|SYSTEM_MODE_ENTER|true
14:56:42.0 (86359316)|VF_SERIALIZE_VIEWSTATE_BEGIN|0660H000004OdRk
14:56:42.0 (105191991)|VF_SERIALIZE_VIEWSTATE_END
14:56:42.0 (139181338)|CODE_UNIT_STARTED|[EXTERNAL]|Generate Metadata
14:56:42.0 (141602557)|CODE_UNIT_FINISHED|Generate Metadata
14:56:42.144 (144394027)|CUMULATIVE_LIMIT_USAGE
14:56:42.144 (144394027)|LIMIT_USAGE_FOR_NS|(default)|
  Number of SOQL queries: 1 out of 100
  Number of query rows: 1 out of 50000
  Number of SOSL queries: 0 out of 20
  Number of DML statements: 0 out of 150
  Number of DML rows: 0 out of 10000
  Maximum CPU time: 0 out of 10000
  Maximum heap size: 0 out of 6000000
  Number of callouts: 0 out of 100
  Number of Email Invocations: 0 out of 10
  Number of future calls: 0 out of 50
  Number of queueable jobs added to the queue: 0 out of 50
  Number of Mobile Apex push calls: 0 out of 10

14:56:42.144 (144394027)|CUMULATIVE_LIMIT_USAGE_END

14:56:42.0 (144440962)|CODE_UNIT_FINISHED|VF: /apex/docapp
14:56:42.0 (145286719)|EXECUTION_FINISHED
