42.0 APEX_CODE,FINEST;APEX_PROFILING,INFO;CALLOUT,INFO;DB,INFO;SYSTEM,DEBUG;VALIDATION,INFO;VISUALFORCE,INFO;WAVE,INFO;WORKFLOW,INFO
13:14:22.0 (54680)|USER_INFO|[EXTERNAL]|005i0000002qYvT|anton@igate.com|India Standard Time|GMT+05:30
13:14:22.0 (203879)|EXECUTION_STARTED
13:14:22.0 (208451)|CODE_UNIT_STARTED|[EXTERNAL]|0660H000004OdRk|VF: /apex/docapp
13:14:22.0 (1257735)|VF_DESERIALIZE_VIEWSTATE_BEGIN|0660H000004OdRk
13:14:22.0 (6443793)|HEAP_ALLOCATE|[72]|Bytes:3
13:14:22.0 (6506494)|HEAP_ALLOCATE|[77]|Bytes:152
13:14:22.0 (6520465)|HEAP_ALLOCATE|[342]|Bytes:408
13:14:22.0 (6531639)|HEAP_ALLOCATE|[355]|Bytes:408
13:14:22.0 (6542293)|HEAP_ALLOCATE|[467]|Bytes:48
13:14:22.0 (6594408)|HEAP_ALLOCATE|[139]|Bytes:6
13:14:22.0 (9146017)|VF_DESERIALIZE_VIEWSTATE_END
13:14:22.9 (9734079)|SYSTEM_MODE_ENTER|true
13:14:22.9 (9873170)|HEAP_ALLOCATE|[EXTERNAL]|Bytes:38
13:14:22.9 (9894020)|HEAP_ALLOCATE|[EXTERNAL]|Bytes:7
13:14:22.9 (9918918)|SYSTEM_METHOD_ENTRY|[1]|PageMessagesComponentController.PageMessagesComponentController()
13:14:22.9 (9925642)|STATEMENT_EXECUTE|[1]
13:14:22.10 (10797585)|SYSTEM_MODE_ENTER|true
13:14:22.10 (10847977)|HEAP_ALLOCATE|[EXTERNAL]|Bytes:8
13:14:22.10 (10856573)|VARIABLE_SCOPE_BEGIN|[88]|this|ApexPage.PageMessagesComponentController|true|false
13:14:22.10 (10906528)|VARIABLE_ASSIGNMENT|[88]|this|{}|0x56b0dfe8
13:14:22.10 (10913456)|VARIABLE_SCOPE_BEGIN|[88]|escape|Boolean|false|false
13:14:22.10 (10922744)|VARIABLE_ASSIGNMENT|[88]|escape|null
13:14:22.0 (11079679)|SYSTEM_MODE_ENTER|true
13:14:22.0 (11100747)|HEAP_ALLOCATE|[EXTERNAL]|Bytes:14
13:14:22.0 (11107632)|HEAP_ALLOCATE|[EXTERNAL]|Bytes:248
13:14:22.0 (11111665)|HEAP_ALLOCATE|[EXTERNAL]|Bytes:44
13:14:22.0 (11115022)|HEAP_ALLOCATE|[EXTERNAL]|Bytes:12
13:14:22.0 (11124554)|METHOD_ENTRY|[1]|01p0H000007gCe8|docappcontroller.docappcontroller()
13:14:22.0 (11129649)|STATEMENT_EXECUTE|[1]
13:14:22.0 (11133067)|STATEMENT_EXECUTE|[1]
13:14:22.0 (11134612)|STATEMENT_EXECUTE|[153]
13:14:22.0 (11140030)|METHOD_EXIT|[1]|docappcontroller
13:14:22.0 (12264122)|SYSTEM_MODE_ENTER|true
13:14:22.0 (14173263)|SYSTEM_MODE_ENTER|true
13:14:22.0 (15185144)|HEAP_ALLOCATE|[EXTERNAL]|Bytes:40
13:14:22.0 (15197013)|VARIABLE_SCOPE_BEGIN|[98]|this|docappcontroller|true|false
13:14:22.0 (15249088)|VARIABLE_ASSIGNMENT|[98]|this|{"aptdum":"0x49929f5d","Docdum":"0x75d65c7b","timewraplistInitial":"0x59548796"}|0x49e47a2a
13:14:22.0 (15259566)|STATEMENT_EXECUTE|[98]
13:14:22.0 (15261592)|STATEMENT_EXECUTE|[99]
13:14:22.0 (15265193)|HEAP_ALLOCATE|[99]|Bytes:9
13:14:22.0 (15328523)|VARIABLE_ASSIGNMENT|[EXTERNAL]|this|{"aptdum":"0x49929f5d","Docdum":"0x75d65c7b","timewraplistInitial":"0x59548796"}|0x49e47a2a
13:14:22.0 (15389728)|HEAP_ALLOCATE|[99]|Bytes:42
13:14:22.0 (15409977)|HEAP_ALLOCATE|[99]|Bytes:51
13:14:22.0 (15430916)|USER_DEBUG|[99]|DEBUG|hello--->Doctor__c:{Speciality__c=General Medicine}
13:14:22.0 (15466918)|VARIABLE_ASSIGNMENT|[EXTERNAL]|this|{"aptdum":"0x49929f5d","Docdum":"0x75d65c7b","timewraplistInitial":"0x59548796"}|0x49e47a2a
13:14:22.0 (15497170)|STATEMENT_EXECUTE|[100]
13:14:22.0 (15499250)|STATEMENT_EXECUTE|[101]
13:14:22.0 (15520060)|HEAP_ALLOCATE|[101]|Bytes:4
13:14:22.0 (15526335)|HEAP_ALLOCATE|[101]|Bytes:104
13:14:22.0 (15535612)|HEAP_ALLOCATE|[101]|Bytes:4
13:14:22.0 (15545704)|HEAP_ALLOCATE|[101]|Bytes:7
13:14:22.0 (15573823)|VARIABLE_ASSIGNMENT|[EXTERNAL]|this|{"aptdum":"0x49929f5d","Docdum":"0x75d65c7b","timewraplistInitial":"0x59548796"}|0x49e47a2a
13:14:22.0 (15774707)|SOQL_EXECUTE_BEGIN|[101]|Aggregations:0|SELECT Id, Name, End_Time__c, Speciality__c, Start_Time__c FROM Doctor__c WHERE Speciality__c = :tmpVar1
13:14:22.0 (19008482)|SOQL_EXECUTE_END|[101]|Rows:0
13:14:22.0 (19030783)|HEAP_ALLOCATE|[101]|Bytes:4
13:14:22.0 (19041510)|HEAP_ALLOCATE|[101]|Bytes:0
13:14:22.0 (19069731)|HEAP_ALLOCATE|[101]|Bytes:4
13:14:22.0 (19134607)|VARIABLE_ASSIGNMENT|[EXTERNAL]|this|{"aptdum":"0x49929f5d","Docdum":"0x75d65c7b","timewraplistInitial":"0x59548796"}|0x49e47a2a
13:14:22.0 (19153439)|VARIABLE_ASSIGNMENT|[EXTERNAL]|value|{}|0x45a596e2
13:14:22.0 (19165562)|VARIABLE_ASSIGNMENT|[88]|this.Docmap|{}|0x49e47a2a
13:14:22.0 (19175514)|STATEMENT_EXECUTE|[104]
13:14:22.0 (19211954)|VARIABLE_ASSIGNMENT|[EXTERNAL]|this|{"aptdum":"0x49929f5d","Docdum":"0x75d65c7b","Docmap":"0x45a596e2","timewraplistInitial":"0x59548796"}|0x49e47a2a
13:14:22.0 (19232347)|USER_DEBUG|[104]|DEBUG|{}
13:14:22.0 (19239406)|STATEMENT_EXECUTE|[107]
13:14:22.22 (22381448)|SYSTEM_MODE_ENTER|true
13:14:22.22 (22439573)|HEAP_ALLOCATE|[EXTERNAL]|Bytes:8
13:14:22.22 (22447767)|VARIABLE_SCOPE_BEGIN|[88]|this|ApexPage.PageMessagesComponentController|true|false
13:14:22.22 (22469131)|VARIABLE_ASSIGNMENT|[88]|this|{}|0x56b0dfe8
13:14:22.22 (22475142)|VARIABLE_SCOPE_BEGIN|[88]|escape|Boolean|false|false
13:14:22.22 (22482894)|VARIABLE_ASSIGNMENT|[88]|escape|null
13:14:22.22 (22563056)|SYSTEM_MODE_ENTER|true
13:14:22.22 (22593904)|HEAP_ALLOCATE|[EXTERNAL]|Bytes:8
13:14:22.22 (22600860)|VARIABLE_SCOPE_BEGIN|[2]|this|ApexPage.PageMessagesComponentController|true|false
13:14:22.22 (22617830)|VARIABLE_ASSIGNMENT|[2]|this|{}|0x56b0dfe8
13:14:22.0 (22960455)|SYSTEM_MODE_ENTER|true
13:14:22.23 (23349589)|SYSTEM_MODE_ENTER|true
13:14:22.23 (23400893)|HEAP_ALLOCATE|[EXTERNAL]|Bytes:8
13:14:22.23 (23408572)|VARIABLE_SCOPE_BEGIN|[88]|this|ApexPage.PageMessagesComponentController|true|false
13:14:22.23 (23428691)|VARIABLE_ASSIGNMENT|[88]|this|{}|0x56b0dfe8
13:14:22.23 (23434549)|VARIABLE_SCOPE_BEGIN|[88]|escape|Boolean|false|false
13:14:22.23 (23441854)|VARIABLE_ASSIGNMENT|[88]|escape|null
13:14:22.23 (23544297)|SYSTEM_MODE_ENTER|true
13:14:22.23 (23574469)|HEAP_ALLOCATE|[EXTERNAL]|Bytes:8
13:14:22.23 (23580409)|VARIABLE_SCOPE_BEGIN|[2]|this|ApexPage.PageMessagesComponentController|true|false
13:14:22.23 (23597339)|VARIABLE_ASSIGNMENT|[2]|this|{}|0x56b0dfe8
13:14:22.0 (24483931)|SYSTEM_MODE_ENTER|true
13:14:22.0 (26451696)|SYSTEM_MODE_ENTER|true
13:14:22.0 (26493249)|HEAP_ALLOCATE|[EXTERNAL]|Bytes:40
13:14:22.0 (26502299)|VARIABLE_SCOPE_BEGIN|[112]|this|docappcontroller|true|false
13:14:22.0 (26534456)|VARIABLE_ASSIGNMENT|[112]|this|{"aptdum":"0x49929f5d","Docdum":"0x75d65c7b","Docmap":"0x45a596e2","timewraplistInitial":"0x59548796"}|0x49e47a2a
13:14:22.0 (26544354)|STATEMENT_EXECUTE|[112]
13:14:22.0 (26546364)|STATEMENT_EXECUTE|[114]
13:14:22.0 (26559141)|HEAP_ALLOCATE|[114]|Bytes:4
13:14:22.0 (26585926)|VARIABLE_SCOPE_BEGIN|[114]|options|List<System.SelectOption>|true|false
13:14:22.0 (26606696)|HEAP_ALLOCATE|[EXTERNAL]|Bytes:4
13:14:22.0 (26615870)|VARIABLE_ASSIGNMENT|[114]|options|[]|0x4050bbcf
13:14:22.0 (26621221)|STATEMENT_EXECUTE|[115]
13:14:22.0 (26627775)|HEAP_ALLOCATE|[115]|Bytes:8
13:14:22.0 (26675307)|HEAP_ALLOCATE|[EXTERNAL]|Bytes:4
13:14:22.0 (26714436)|VARIABLE_ASSIGNMENT|[EXTERNAL]|this|{"aptdum":"0x49929f5d","Docdum":"0x75d65c7b","Docmap":"0x45a596e2","timewraplistInitial":"0x59548796"}|0x49e47a2a
13:14:22.0 (26726813)|STATEMENT_EXECUTE|[116]
13:14:22.0 (26751832)|VARIABLE_ASSIGNMENT|[EXTERNAL]|this|{"aptdum":"0x49929f5d","Docdum":"0x75d65c7b","Docmap":"0x45a596e2","timewraplistInitial":"0x59548796"}|0x49e47a2a
13:14:22.0 (26772014)|HEAP_ALLOCATE|[EXTERNAL]|Bytes:4
13:14:22.0 (26779464)|HEAP_ALLOCATE|[117]|Bytes:4
13:14:22.0 (26903863)|HEAP_ALLOCATE|[117]|Bytes:5
13:14:22.0 (26931556)|VARIABLE_ASSIGNMENT|[117]|doc|null|
13:14:22.0 (26936503)|STATEMENT_EXECUTE|[117]
13:14:22.0 (26938542)|STATEMENT_EXECUTE|[124]
13:14:22.0 (27102497)|SYSTEM_MODE_ENTER|true
13:14:22.0 (27191761)|SYSTEM_MODE_ENTER|true
13:14:22.0 (27951699)|SYSTEM_MODE_ENTER|true
13:14:22.0 (27990852)|HEAP_ALLOCATE|[EXTERNAL]|Bytes:40
13:14:22.0 (28000028)|VARIABLE_SCOPE_BEGIN|[129]|this|docappcontroller|true|false
13:14:22.0 (28033082)|VARIABLE_ASSIGNMENT|[129]|this|{"aptdum":"0x49929f5d","Docdum":"0x75d65c7b","Docmap":"0x45a596e2","timewraplistInitial":"0x59548796"}|0x49e47a2a
13:14:22.0 (28043169)|STATEMENT_EXECUTE|[129]
13:14:22.0 (28045302)|STATEMENT_EXECUTE|[131]
13:14:22.0 (28054691)|HEAP_ALLOCATE|[131]|Bytes:4
13:14:22.0 (28075861)|VARIABLE_SCOPE_BEGIN|[131]|options|List<System.SelectOption>|true|false
13:14:22.0 (28095825)|HEAP_ALLOCATE|[EXTERNAL]|Bytes:4
13:14:22.0 (28103954)|VARIABLE_ASSIGNMENT|[131]|options|[]|0x2a26ef80
13:14:22.0 (28109170)|STATEMENT_EXECUTE|[132]
13:14:22.0 (28147389)|HEAP_ALLOCATE|[EXTERNAL]|Bytes:4
13:14:22.0 (28155769)|STATEMENT_EXECUTE|[135]
13:14:22.0 (28160190)|HEAP_ALLOCATE|[135]|Bytes:2
13:14:22.0 (28182151)|HEAP_ALLOCATE|[EXTERNAL]|Bytes:4
13:14:22.0 (28188651)|STATEMENT_EXECUTE|[136]
13:14:22.0 (28192106)|HEAP_ALLOCATE|[136]|Bytes:2
13:14:22.0 (28211455)|HEAP_ALLOCATE|[EXTERNAL]|Bytes:4
13:14:22.0 (28217566)|STATEMENT_EXECUTE|[141]
13:14:22.0 (28346289)|SYSTEM_MODE_ENTER|true
13:14:22.0 (29530839)|VF_SERIALIZE_VIEWSTATE_BEGIN|0660H000004OdRk
13:14:22.0 (44526124)|VF_SERIALIZE_VIEWSTATE_END
13:14:22.0 (47157246)|CODE_UNIT_STARTED|[EXTERNAL]|Generate Metadata
13:14:22.0 (48139375)|CODE_UNIT_FINISHED|Generate Metadata
13:14:22.49 (49823990)|CUMULATIVE_LIMIT_USAGE
13:14:22.49 (49823990)|LIMIT_USAGE_FOR_NS|(default)|
  Number of SOQL queries: 1 out of 100
  Number of query rows: 0 out of 50000
  Number of SOSL queries: 0 out of 20
  Number of DML statements: 0 out of 150
  Number of DML rows: 0 out of 10000
  Maximum CPU time: 0 out of 10000
  Maximum heap size: 0 out of 6000000
  Number of callouts: 0 out of 100
  Number of Email Invocations: 0 out of 10
  Number of future calls: 0 out of 50
  Number of queueable jobs added to the queue: 0 out of 50
  Number of Mobile Apex push calls: 0 out of 10

13:14:22.49 (49823990)|CUMULATIVE_LIMIT_USAGE_END

13:14:22.0 (49860356)|CODE_UNIT_FINISHED|VF: /apex/docapp
13:14:22.0 (50608969)|EXECUTION_FINISHED
