42.0 APEX_CODE,FINEST;APEX_PROFILING,INFO;CALLOUT,INFO;DB,INFO;SYSTEM,DEBUG;VALIDATION,INFO;VISUALFORCE,INFO;WAVE,INFO;WORKFLOW,INFO
15:10:38.0 (59055)|USER_INFO|[EXTERNAL]|005i0000002qYvT|anton@igate.com|India Standard Time|GMT+05:30
15:10:38.0 (92844)|EXECUTION_STARTED
15:10:38.0 (97870)|CODE_UNIT_STARTED|[EXTERNAL]|0660H000004OdRk|VF: /apex/docapp
15:10:38.0 (5337537)|SYSTEM_MODE_ENTER|true
15:10:38.0 (5772003)|HEAP_ALLOCATE|[72]|Bytes:3
15:10:38.0 (5810999)|HEAP_ALLOCATE|[77]|Bytes:152
15:10:38.0 (5825985)|HEAP_ALLOCATE|[342]|Bytes:408
15:10:38.0 (5837925)|HEAP_ALLOCATE|[355]|Bytes:408
15:10:38.0 (5847810)|HEAP_ALLOCATE|[467]|Bytes:48
15:10:38.0 (5872521)|HEAP_ALLOCATE|[139]|Bytes:6
15:10:38.0 (5887602)|HEAP_ALLOCATE|[EXTERNAL]|Bytes:14
15:10:38.0 (5893084)|HEAP_ALLOCATE|[EXTERNAL]|Bytes:248
15:10:38.0 (5896919)|HEAP_ALLOCATE|[EXTERNAL]|Bytes:53
15:10:38.0 (5900508)|HEAP_ALLOCATE|[EXTERNAL]|Bytes:20
15:10:38.0 (5911617)|METHOD_ENTRY|[1]|01p0H000007gCe8|docappcontroller.docappcontroller()
15:10:38.0 (5918423)|STATEMENT_EXECUTE|[1]
15:10:38.0 (5923308)|STATEMENT_EXECUTE|[1]
15:10:38.0 (5925208)|STATEMENT_EXECUTE|[201]
15:10:38.0 (5931455)|METHOD_EXIT|[1]|docappcontroller
15:10:38.0 (6300653)|HEAP_ALLOCATE|[EXTERNAL]|Bytes:48
15:10:38.0 (6312675)|VARIABLE_SCOPE_BEGIN|[141]|this|docappcontroller|true|false
15:10:38.0 (6387581)|VARIABLE_ASSIGNMENT|[141]|this|{}|0x262a1981
15:10:38.0 (6398070)|STATEMENT_EXECUTE|[1]
15:10:38.0 (6399927)|STATEMENT_EXECUTE|[3]
15:10:38.0 (6401892)|STATEMENT_EXECUTE|[4]
15:10:38.0 (6403568)|STATEMENT_EXECUTE|[5]
15:10:38.0 (6418213)|HEAP_ALLOCATE|[5]|Bytes:4
15:10:38.0 (6533252)|HEAP_ALLOCATE|[EXTERNAL]|Bytes:4
15:10:38.0 (6547247)|VARIABLE_ASSIGNMENT|[5]|this.timewraplistInitial|[]|0x262a1981
15:10:38.0 (6553384)|STATEMENT_EXECUTE|[6]
15:10:38.0 (6560251)|HEAP_ALLOCATE|[6]|Bytes:4
15:10:38.0 (6569300)|VARIABLE_ASSIGNMENT|[6]|this.Initialselected|0|0x262a1981
15:10:38.0 (6574550)|STATEMENT_EXECUTE|[7]
15:10:38.0 (6576321)|STATEMENT_EXECUTE|[134]
15:10:38.0 (6577905)|STATEMENT_EXECUTE|[135]
15:10:38.0 (6579412)|STATEMENT_EXECUTE|[136]
15:10:38.0 (6580793)|STATEMENT_EXECUTE|[137]
15:10:38.0 (6582162)|STATEMENT_EXECUTE|[138]
15:10:38.0 (6583572)|STATEMENT_EXECUTE|[139]
15:10:38.0 (6590115)|HEAP_ALLOCATE|[6]|Bytes:6
15:10:38.0 (6640880)|STATEMENT_EXECUTE|[141]
15:10:38.0 (6642837)|STATEMENT_EXECUTE|[142]
15:10:38.0 (6665956)|HEAP_ALLOCATE|[142]|Bytes:4
15:10:38.0 (6805321)|VARIABLE_ASSIGNMENT|[EXTERNAL]|this|{"Initialselected":0,"timewraplistInitial":"0x38d797ff"}|0x262a1981
15:10:38.0 (6820999)|VARIABLE_ASSIGNMENT|[EXTERNAL]|value|{}|0x4b35b989
15:10:38.0 (6831732)|VARIABLE_ASSIGNMENT|[134]|this.Docdum|{}|0x262a1981
15:10:38.0 (6841838)|STATEMENT_EXECUTE|[143]
15:10:38.0 (6857846)|HEAP_ALLOCATE|[143]|Bytes:4
15:10:38.0 (6944775)|VARIABLE_ASSIGNMENT|[EXTERNAL]|this|{"Docdum":"0x4b35b989","Initialselected":0,"timewraplistInitial":"0x38d797ff"}|0x262a1981
15:10:38.0 (6956871)|VARIABLE_ASSIGNMENT|[EXTERNAL]|value|{}|0x11a738fa
15:10:38.0 (6966900)|VARIABLE_ASSIGNMENT|[135]|this.aptdum|{}|0x262a1981
15:10:38.8 (8035152)|SYSTEM_MODE_ENTER|true
15:10:38.8 (8064214)|HEAP_ALLOCATE|[EXTERNAL]|Bytes:38
15:10:38.8 (8070923)|HEAP_ALLOCATE|[EXTERNAL]|Bytes:7
15:10:38.8 (8079717)|SYSTEM_METHOD_ENTRY|[1]|PageMessagesComponentController.PageMessagesComponentController()
15:10:38.8 (8084181)|STATEMENT_EXECUTE|[1]
15:10:38.8 (8207603)|SYSTEM_MODE_ENTER|true
15:10:38.8 (8270697)|HEAP_ALLOCATE|[EXTERNAL]|Bytes:8
15:10:38.8 (8278456)|VARIABLE_SCOPE_BEGIN|[88]|this|ApexPage.PageMessagesComponentController|true|false
15:10:38.8 (8301359)|VARIABLE_ASSIGNMENT|[88]|this|{}|0x5ad668af
15:10:38.8 (8308748)|VARIABLE_SCOPE_BEGIN|[88]|escape|Boolean|false|false
15:10:38.8 (8316482)|VARIABLE_ASSIGNMENT|[88]|escape|null
15:10:38.8 (8455896)|SYSTEM_MODE_ENTER|true
15:10:38.8 (8486826)|HEAP_ALLOCATE|[EXTERNAL]|Bytes:8
15:10:38.8 (8493494)|VARIABLE_SCOPE_BEGIN|[2]|this|ApexPage.PageMessagesComponentController|true|false
15:10:38.8 (8511639)|VARIABLE_ASSIGNMENT|[2]|this|{}|0x5ad668af
15:10:38.0 (9225335)|SYSTEM_MODE_ENTER|true
15:10:38.0 (10231536)|SYSTEM_MODE_ENTER|true
15:10:38.0 (10813965)|SYSTEM_MODE_ENTER|true
15:10:38.24 (24317445)|SYSTEM_MODE_ENTER|true
15:10:38.24 (24396304)|HEAP_ALLOCATE|[EXTERNAL]|Bytes:8
15:10:38.24 (24410106)|VARIABLE_SCOPE_BEGIN|[88]|this|ApexPage.PageMessagesComponentController|true|false
15:10:38.24 (24445646)|VARIABLE_ASSIGNMENT|[88]|this|{}|0x5ad668af
15:10:38.24 (24456900)|VARIABLE_SCOPE_BEGIN|[88]|escape|Boolean|false|false
15:10:38.24 (24465254)|VARIABLE_ASSIGNMENT|[88]|escape|null
15:10:38.24 (24594244)|SYSTEM_MODE_ENTER|true
15:10:38.24 (24626242)|HEAP_ALLOCATE|[EXTERNAL]|Bytes:8
15:10:38.24 (24633037)|VARIABLE_SCOPE_BEGIN|[2]|this|ApexPage.PageMessagesComponentController|true|false
15:10:38.24 (24651176)|VARIABLE_ASSIGNMENT|[2]|this|{}|0x5ad668af
15:10:38.0 (26115730)|SYSTEM_MODE_ENTER|true
15:10:38.0 (26157886)|HEAP_ALLOCATE|[EXTERNAL]|Bytes:48
15:10:38.0 (26167815)|VARIABLE_SCOPE_BEGIN|[160]|this|docappcontroller|true|false
15:10:38.0 (26214336)|VARIABLE_ASSIGNMENT|[160]|this|{"aptdum":"0x11a738fa","Docdum":"0x4b35b989","Initialselected":0,"timewraplistInitial":"0x38d797ff"}|0x262a1981
15:10:38.0 (26226488)|STATEMENT_EXECUTE|[160]
15:10:38.0 (26228941)|STATEMENT_EXECUTE|[162]
15:10:38.0 (26248947)|HEAP_ALLOCATE|[162]|Bytes:4
15:10:38.0 (26286319)|VARIABLE_SCOPE_BEGIN|[162]|options|List<System.SelectOption>|true|false
15:10:38.0 (26309801)|HEAP_ALLOCATE|[EXTERNAL]|Bytes:4
15:10:38.0 (26319943)|VARIABLE_ASSIGNMENT|[162]|options|[]|0x5e3b77e3
15:10:38.0 (26325528)|STATEMENT_EXECUTE|[163]
15:10:38.0 (26335487)|HEAP_ALLOCATE|[163]|Bytes:8
15:10:38.0 (26392151)|HEAP_ALLOCATE|[EXTERNAL]|Bytes:4
15:10:38.0 (26443139)|VARIABLE_ASSIGNMENT|[EXTERNAL]|this|{"aptdum":"0x11a738fa","Docdum":"0x4b35b989","Initialselected":0,"timewraplistInitial":"0x38d797ff"}|0x262a1981
15:10:38.0 (26457755)|STATEMENT_EXECUTE|[168]
15:10:38.0 (26459925)|STATEMENT_EXECUTE|[169]
15:10:38.0 (26462698)|HEAP_ALLOCATE|[169]|Bytes:23
15:10:38.0 (26488894)|METHOD_ENTRY|[169]|01p0H000007gCe8|docappcontroller.ShowError(String)
15:10:38.0 (26506940)|VARIABLE_SCOPE_BEGIN|[195]|this|docappcontroller|true|false
15:10:38.0 (26531991)|VARIABLE_ASSIGNMENT|[195]|this|{"aptdum":"0x11a738fa","Docdum":"0x4b35b989","Initialselected":0,"timewraplistInitial":"0x38d797ff"}|0x262a1981
15:10:38.0 (26538122)|VARIABLE_SCOPE_BEGIN|[195]|ErrorMsg|String|false|false
15:10:38.0 (26547937)|VARIABLE_ASSIGNMENT|[195]|ErrorMsg|"No Continents Data y (3 more) ..."
15:10:38.0 (26553248)|STATEMENT_EXECUTE|[195]
15:10:38.0 (26554917)|STATEMENT_EXECUTE|[197]
15:10:38.0 (26588902)|VARIABLE_SCOPE_BEGIN|[197]|m|ApexPages.Message|true|false
15:10:38.0 (26796562)|VARIABLE_ASSIGNMENT|[197]|m|"core.apexpages.framework.ApexPagesMessage@529517b"|0x58347b47
15:10:38.0 (26804933)|STATEMENT_EXECUTE|[198]
15:10:38.0 (26844596)|VF_PAGE_MESSAGE|No Continents Data yet.
15:10:38.0 (26855058)|METHOD_EXIT|[169]|01p0H000007gCe8|docappcontroller.ShowError(String)
15:10:38.0 (26861358)|STATEMENT_EXECUTE|[172]
15:10:38.0 (27033975)|SYSTEM_MODE_ENTER|true
15:10:38.0 (27888168)|SYSTEM_MODE_ENTER|true
15:10:38.0 (27927272)|HEAP_ALLOCATE|[EXTERNAL]|Bytes:48
15:10:38.0 (27938265)|VARIABLE_SCOPE_BEGIN|[177]|this|docappcontroller|true|false
15:10:38.0 (27972237)|VARIABLE_ASSIGNMENT|[177]|this|{"aptdum":"0x11a738fa","Docdum":"0x4b35b989","Initialselected":0,"timewraplistInitial":"0x38d797ff"}|0x262a1981
15:10:38.0 (27982394)|STATEMENT_EXECUTE|[177]
15:10:38.0 (27984414)|STATEMENT_EXECUTE|[179]
15:10:38.0 (27993806)|HEAP_ALLOCATE|[179]|Bytes:4
15:10:38.0 (28015620)|VARIABLE_SCOPE_BEGIN|[179]|options|List<System.SelectOption>|true|false
15:10:38.0 (28037148)|HEAP_ALLOCATE|[EXTERNAL]|Bytes:4
15:10:38.0 (28045613)|VARIABLE_ASSIGNMENT|[179]|options|[]|0x72e5d246
15:10:38.0 (28055474)|STATEMENT_EXECUTE|[180]
15:10:38.0 (28093479)|HEAP_ALLOCATE|[EXTERNAL]|Bytes:4
15:10:38.0 (28101743)|STATEMENT_EXECUTE|[183]
15:10:38.0 (28106365)|HEAP_ALLOCATE|[183]|Bytes:2
15:10:38.0 (28127776)|HEAP_ALLOCATE|[EXTERNAL]|Bytes:4
15:10:38.0 (28134909)|STATEMENT_EXECUTE|[184]
15:10:38.0 (28138124)|HEAP_ALLOCATE|[184]|Bytes:2
15:10:38.0 (28157877)|HEAP_ALLOCATE|[EXTERNAL]|Bytes:4
15:10:38.0 (28164222)|STATEMENT_EXECUTE|[189]
15:10:38.0 (28293465)|SYSTEM_MODE_ENTER|true
15:10:38.0 (30293396)|VF_SERIALIZE_VIEWSTATE_BEGIN|0660H000004OdRk
15:10:38.0 (45730005)|VF_SERIALIZE_VIEWSTATE_END
15:10:38.0 (48143055)|CODE_UNIT_STARTED|[EXTERNAL]|Generate Metadata
15:10:38.0 (48544118)|CODE_UNIT_FINISHED|Generate Metadata
15:10:38.50 (50382401)|CUMULATIVE_LIMIT_USAGE
15:10:38.50 (50382401)|LIMIT_USAGE_FOR_NS|(default)|
  Number of SOQL queries: 0 out of 100
  Number of query rows: 0 out of 50000
  Number of SOSL queries: 0 out of 20
  Number of DML statements: 0 out of 150
  Number of DML rows: 0 out of 10000
  Maximum CPU time: 0 out of 10000
  Maximum heap size: 0 out of 6000000
  Number of callouts: 0 out of 100
  Number of Email Invocations: 0 out of 10
  Number of future calls: 0 out of 50
  Number of queueable jobs added to the queue: 0 out of 50
  Number of Mobile Apex push calls: 0 out of 10

15:10:38.50 (50382401)|CUMULATIVE_LIMIT_USAGE_END

15:10:38.0 (50417877)|CODE_UNIT_FINISHED|VF: /apex/docapp
15:10:38.0 (51170642)|EXECUTION_FINISHED
