41.0 APEX_CODE,FINEST;APEX_PROFILING,INFO;CALLOUT,INFO;DB,INFO;SYSTEM,DEBUG;VALIDATION,INFO;VISUALFORCE,INFO;WAVE,INFO;WORKFLOW,INFO
14:56:16.0 (310614)|USER_INFO|[EXTERNAL]|005i0000002qYvT|anton@igate.com|India Standard Time|GMT+05:30
14:56:16.0 (349323)|EXECUTION_STARTED
14:56:16.0 (353830)|CODE_UNIT_STARTED|[EXTERNAL]|0660H000004WsvG|VF: /apex/displayOpptyAssign
14:56:16.2 (2867052)|SYSTEM_MODE_ENTER|true
14:56:16.2 (3084631)|HEAP_ALLOCATE|[72]|Bytes:3
14:56:16.2 (3136614)|HEAP_ALLOCATE|[77]|Bytes:152
14:56:16.2 (3151436)|HEAP_ALLOCATE|[342]|Bytes:408
14:56:16.2 (3163984)|HEAP_ALLOCATE|[355]|Bytes:408
14:56:16.2 (3174574)|HEAP_ALLOCATE|[467]|Bytes:48
14:56:16.3 (3459165)|SYSTEM_MODE_ENTER|true
14:56:16.3 (3521453)|HEAP_ALLOCATE|[EXTERNAL]|Bytes:8
14:56:16.3 (3542961)|VARIABLE_SCOPE_BEGIN|[88]|this|ApexPage.PageMessagesComponentController|true|false
14:56:16.3 (3650619)|VARIABLE_ASSIGNMENT|[88]|this|{}|0x3350589c
14:56:16.3 (3658855)|VARIABLE_SCOPE_BEGIN|[88]|escape|Boolean|false|false
14:56:16.3 (3667575)|VARIABLE_ASSIGNMENT|[88]|escape|null
14:56:16.3 (3789068)|SYSTEM_MODE_ENTER|true
14:56:16.3 (3825897)|HEAP_ALLOCATE|[EXTERNAL]|Bytes:8
14:56:16.3 (3833050)|VARIABLE_SCOPE_BEGIN|[2]|this|ApexPage.PageMessagesComponentController|true|false
14:56:16.3 (3852539)|VARIABLE_ASSIGNMENT|[2]|this|{}|0x3350589c
14:56:16.0 (4703348)|SYSTEM_MODE_ENTER|true
14:56:16.0 (4943068)|HEAP_ALLOCATE|[EXTERNAL]|Bytes:15
14:56:16.0 (4963959)|HEAP_ALLOCATE|[EXTERNAL]|Bytes:128
14:56:16.0 (4968330)|HEAP_ALLOCATE|[EXTERNAL]|Bytes:16
14:56:16.0 (4971728)|HEAP_ALLOCATE|[EXTERNAL]|Bytes:2
14:56:16.0 (4982109)|METHOD_ENTRY|[1]|01p0H000008fCQL|displayOpptyAssignController.displayOpptyAssignController()
14:56:16.0 (4988133)|STATEMENT_EXECUTE|[1]
14:56:16.0 (4992337)|STATEMENT_EXECUTE|[1]
14:56:16.0 (4993849)|STATEMENT_EXECUTE|[97]
14:56:16.0 (4998733)|METHOD_EXIT|[1]|displayOpptyAssignController
14:56:16.0 (5013263)|HEAP_ALLOCATE|[EXTERNAL]|Bytes:16
14:56:16.0 (5018909)|VARIABLE_SCOPE_BEGIN|[7]|this|displayOpptyAssignController|true|false
14:56:16.0 (5047229)|VARIABLE_ASSIGNMENT|[7]|this|{}|0x68b28657
14:56:16.0 (5055732)|STATEMENT_EXECUTE|[1]
14:56:16.0 (5057342)|STATEMENT_EXECUTE|[3]
14:56:16.0 (5059812)|STATEMENT_EXECUTE|[4]
14:56:16.0 (5061265)|STATEMENT_EXECUTE|[5]
14:56:16.0 (5073841)|STATEMENT_EXECUTE|[7]
14:56:16.0 (5075710)|STATEMENT_EXECUTE|[8]
14:56:16.0 (5101402)|HEAP_ALLOCATE|[8]|Bytes:4
14:56:16.0 (5226746)|VARIABLE_ASSIGNMENT|[EXTERNAL]|this|{}|0x68b28657
14:56:16.0 (5242924)|VARIABLE_ASSIGNMENT|[EXTERNAL]|value|{}|0x4e3d03b0
14:56:16.0 (5254661)|VARIABLE_ASSIGNMENT|[3]|this.Opty|{}|0x68b28657
14:56:16.0 (5264771)|STATEMENT_EXECUTE|[9]
14:56:16.0 (5278834)|HEAP_ALLOCATE|[9]|Bytes:4
14:56:16.0 (5355956)|VARIABLE_ASSIGNMENT|[EXTERNAL]|this|{"Opty":"0x4e3d03b0"}|0x68b28657
14:56:16.0 (5366506)|HEAP_ALLOCATE|[EXTERNAL]|Bytes:4
14:56:16.0 (5375387)|VARIABLE_ASSIGNMENT|[EXTERNAL]|value|[]|0x50e57024
14:56:16.0 (5385730)|VARIABLE_ASSIGNMENT|[4]|this.Optylist|[]|0x68b28657
14:56:16.0 (5429201)|SYSTEM_MODE_ENTER|true
14:56:16.0 (8302085)|SYSTEM_MODE_ENTER|true
14:56:16.33 (33706710)|SYSTEM_MODE_ENTER|true
14:56:16.33 (33761440)|HEAP_ALLOCATE|[EXTERNAL]|Bytes:8
14:56:16.33 (33770367)|VARIABLE_SCOPE_BEGIN|[88]|this|ApexPage.PageMessagesComponentController|true|false
14:56:16.33 (33795020)|VARIABLE_ASSIGNMENT|[88]|this|{}|0x3350589c
14:56:16.33 (33801994)|VARIABLE_SCOPE_BEGIN|[88]|escape|Boolean|false|false
14:56:16.33 (33810903)|VARIABLE_ASSIGNMENT|[88]|escape|null
14:56:16.33 (33918556)|SYSTEM_MODE_ENTER|true
14:56:16.33 (33950141)|HEAP_ALLOCATE|[EXTERNAL]|Bytes:8
14:56:16.33 (33956935)|VARIABLE_SCOPE_BEGIN|[2]|this|ApexPage.PageMessagesComponentController|true|false
14:56:16.33 (33976793)|VARIABLE_ASSIGNMENT|[2]|this|{}|0x3350589c
14:56:16.0 (37236664)|VF_SERIALIZE_VIEWSTATE_BEGIN|0660H000004WsvG
14:56:16.0 (44412030)|VF_SERIALIZE_VIEWSTATE_END
14:56:16.0 (46449172)|CODE_UNIT_STARTED|[EXTERNAL]|Generate Metadata
14:56:16.0 (46994983)|CODE_UNIT_FINISHED|Generate Metadata
14:56:16.48 (48769105)|CUMULATIVE_LIMIT_USAGE
14:56:16.48 (48769105)|LIMIT_USAGE_FOR_NS|(default)|
  Number of SOQL queries: 0 out of 100
  Number of query rows: 0 out of 50000
  Number of SOSL queries: 0 out of 20
  Number of DML statements: 0 out of 150
  Number of DML rows: 0 out of 10000
  Maximum CPU time: 0 out of 10000
  Maximum heap size: 0 out of 6000000
  Number of callouts: 0 out of 100
  Number of Email Invocations: 0 out of 10
  Number of future calls: 0 out of 50
  Number of queueable jobs added to the queue: 0 out of 50
  Number of Mobile Apex push calls: 0 out of 10

14:56:16.48 (48769105)|CUMULATIVE_LIMIT_USAGE_END

14:56:16.0 (48807071)|CODE_UNIT_FINISHED|VF: /apex/displayOpptyAssign
14:56:16.0 (49660771)|EXECUTION_FINISHED
