42.0 APEX_CODE,FINEST;APEX_PROFILING,INFO;CALLOUT,INFO;DB,INFO;SYSTEM,DEBUG;VALIDATION,INFO;VISUALFORCE,INFO;WAVE,INFO;WORKFLOW,INFO
13:14:38.0 (263047)|USER_INFO|[EXTERNAL]|005i0000002qYvT|anton@igate.com|India Standard Time|GMT+05:30
13:14:38.0 (299514)|EXECUTION_STARTED
13:14:38.0 (306181)|CODE_UNIT_STARTED|[EXTERNAL]|0660H000004OdRk|VF: /apex/docapp
13:14:38.0 (1994937)|VF_DESERIALIZE_VIEWSTATE_BEGIN|0660H000004OdRk
13:14:38.0 (7246257)|HEAP_ALLOCATE|[72]|Bytes:3
13:14:38.0 (7312469)|HEAP_ALLOCATE|[77]|Bytes:152
13:14:38.0 (7326320)|HEAP_ALLOCATE|[342]|Bytes:408
13:14:38.0 (7339146)|HEAP_ALLOCATE|[355]|Bytes:408
13:14:38.0 (7350896)|HEAP_ALLOCATE|[467]|Bytes:48
13:14:38.0 (7404353)|HEAP_ALLOCATE|[139]|Bytes:6
13:14:38.0 (10485207)|VF_DESERIALIZE_VIEWSTATE_END
13:14:38.11 (11084876)|SYSTEM_MODE_ENTER|true
13:14:38.11 (11264924)|HEAP_ALLOCATE|[EXTERNAL]|Bytes:38
13:14:38.11 (11289188)|HEAP_ALLOCATE|[EXTERNAL]|Bytes:7
13:14:38.11 (11311758)|SYSTEM_METHOD_ENTRY|[1]|PageMessagesComponentController.PageMessagesComponentController()
13:14:38.11 (11317728)|STATEMENT_EXECUTE|[1]
13:14:38.12 (12219319)|SYSTEM_MODE_ENTER|true
13:14:38.12 (12272142)|HEAP_ALLOCATE|[EXTERNAL]|Bytes:8
13:14:38.12 (12280954)|VARIABLE_SCOPE_BEGIN|[88]|this|ApexPage.PageMessagesComponentController|true|false
13:14:38.12 (12338576)|VARIABLE_ASSIGNMENT|[88]|this|{}|0x196b6891
13:14:38.12 (12346161)|VARIABLE_SCOPE_BEGIN|[88]|escape|Boolean|false|false
13:14:38.12 (12356602)|VARIABLE_ASSIGNMENT|[88]|escape|null
13:14:38.0 (12525782)|SYSTEM_MODE_ENTER|true
13:14:38.0 (12548298)|HEAP_ALLOCATE|[EXTERNAL]|Bytes:14
13:14:38.0 (12556070)|HEAP_ALLOCATE|[EXTERNAL]|Bytes:248
13:14:38.0 (12560497)|HEAP_ALLOCATE|[EXTERNAL]|Bytes:44
13:14:38.0 (12568388)|HEAP_ALLOCATE|[EXTERNAL]|Bytes:12
13:14:38.0 (12575717)|METHOD_ENTRY|[1]|01p0H000007gCe8|docappcontroller.docappcontroller()
13:14:38.0 (12580857)|STATEMENT_EXECUTE|[1]
13:14:38.0 (12584540)|STATEMENT_EXECUTE|[1]
13:14:38.0 (12586185)|STATEMENT_EXECUTE|[153]
13:14:38.0 (12590303)|METHOD_EXIT|[1]|docappcontroller
13:14:38.0 (17050668)|SYSTEM_MODE_ENTER|true
13:14:38.0 (19321825)|SYSTEM_MODE_ENTER|true
13:14:38.0 (20319553)|SYSTEM_MODE_ENTER|true
13:14:38.0 (20554444)|HEAP_ALLOCATE|[EXTERNAL]|Bytes:40
13:14:38.0 (20566899)|VARIABLE_SCOPE_BEGIN|[112]|this|docappcontroller|true|false
13:14:38.0 (20631790)|VARIABLE_ASSIGNMENT|[112]|this|{"aptdum":"0x193669df","Docdum":"0x74a09b1","Docmap":"0x43bb55a4","timewraplistInitial":"0x3c02161f"}|0x23f17285
13:14:38.0 (20643121)|STATEMENT_EXECUTE|[112]
13:14:38.0 (20645144)|STATEMENT_EXECUTE|[114]
13:14:38.0 (20660132)|HEAP_ALLOCATE|[114]|Bytes:4
13:14:38.0 (20707421)|VARIABLE_SCOPE_BEGIN|[114]|options|List<System.SelectOption>|true|false
13:14:38.0 (20730736)|HEAP_ALLOCATE|[EXTERNAL]|Bytes:4
13:14:38.0 (20742372)|VARIABLE_ASSIGNMENT|[114]|options|[]|0x1650f8d1
13:14:38.0 (20747934)|STATEMENT_EXECUTE|[115]
13:14:38.0 (20754705)|HEAP_ALLOCATE|[115]|Bytes:8
13:14:38.0 (20808708)|HEAP_ALLOCATE|[EXTERNAL]|Bytes:4
13:14:38.0 (20861239)|VARIABLE_ASSIGNMENT|[EXTERNAL]|this|{"aptdum":"0x193669df","Docdum":"0x74a09b1","Docmap":"0x43bb55a4","timewraplistInitial":"0x3c02161f"}|0x23f17285
13:14:38.0 (20875195)|STATEMENT_EXECUTE|[116]
13:14:38.0 (20904537)|VARIABLE_ASSIGNMENT|[EXTERNAL]|this|{"aptdum":"0x193669df","Docdum":"0x74a09b1","Docmap":"0x43bb55a4","timewraplistInitial":"0x3c02161f"}|0x23f17285
13:14:38.0 (20938221)|HEAP_ALLOCATE|[EXTERNAL]|Bytes:12
13:14:38.0 (20957743)|HEAP_ALLOCATE|[117]|Bytes:237
13:14:38.0 (21081892)|HEAP_ALLOCATE|[117]|Bytes:5
13:14:38.0 (21130675)|HEAP_ALLOCATE|[117]|Bytes:24
13:14:38.0 (21142236)|VARIABLE_SCOPE_BEGIN|[117]|doc|Doctor__c|true|false
13:14:38.0 (21258057)|VARIABLE_ASSIGNMENT|[117]|doc|{"Id":"a260H000001koYjQAI","Name":"doc 2","End_Time__c":68400000,"Speciality__c":"General Surgery","Start_Time__c":43200000}|0x27b561b4
13:14:38.0 (21267095)|STATEMENT_EXECUTE|[117]
13:14:38.0 (21269029)|STATEMENT_EXECUTE|[118]
13:14:38.0 (21310838)|HEAP_ALLOCATE|[118]|Bytes:18
13:14:38.0 (21365956)|HEAP_ALLOCATE|[EXTERNAL]|Bytes:4
13:14:38.0 (21381670)|HEAP_ALLOCATE|[117]|Bytes:5
13:14:38.0 (21401377)|HEAP_ALLOCATE|[117]|Bytes:24
13:14:38.0 (21409527)|VARIABLE_SCOPE_BEGIN|[117]|doc|Doctor__c|true|false
13:14:38.0 (21427412)|VARIABLE_ASSIGNMENT|[117]|doc|{"Id":"a260H000001koYeQAI","Name":"Doc1","End_Time__c":64800000,"Speciality__c":"General Surgery","Start_Time__c":32400000}|0x724935f
13:14:38.0 (21433778)|STATEMENT_EXECUTE|[117]
13:14:38.0 (21435439)|STATEMENT_EXECUTE|[118]
13:14:38.0 (21444285)|HEAP_ALLOCATE|[118]|Bytes:18
13:14:38.0 (21457375)|HEAP_ALLOCATE|[EXTERNAL]|Bytes:4
13:14:38.0 (21468393)|HEAP_ALLOCATE|[117]|Bytes:5
13:14:38.0 (21478542)|VARIABLE_ASSIGNMENT|[117]|doc|null|
13:14:38.0 (21483186)|STATEMENT_EXECUTE|[124]
13:14:38.0 (21570871)|SYSTEM_MODE_ENTER|true
13:14:38.0 (21890085)|SYSTEM_MODE_ENTER|true
13:14:38.0 (21929124)|HEAP_ALLOCATE|[EXTERNAL]|Bytes:40
13:14:38.0 (21938078)|VARIABLE_SCOPE_BEGIN|[129]|this|docappcontroller|true|false
13:14:38.0 (21974283)|VARIABLE_ASSIGNMENT|[129]|this|{"aptdum":"0x193669df","Docdum":"0x74a09b1","Docmap":"0x43bb55a4","timewraplistInitial":"0x3c02161f"}|0x23f17285
13:14:38.0 (21984742)|STATEMENT_EXECUTE|[129]
13:14:38.0 (21986829)|STATEMENT_EXECUTE|[131]
13:14:38.0 (21995545)|HEAP_ALLOCATE|[131]|Bytes:4
13:14:38.0 (22017059)|VARIABLE_SCOPE_BEGIN|[131]|options|List<System.SelectOption>|true|false
13:14:38.0 (22039254)|HEAP_ALLOCATE|[EXTERNAL]|Bytes:4
13:14:38.0 (22048376)|VARIABLE_ASSIGNMENT|[131]|options|[]|0x294cba41
13:14:38.0 (22053930)|STATEMENT_EXECUTE|[132]
13:14:38.0 (22092915)|HEAP_ALLOCATE|[EXTERNAL]|Bytes:4
13:14:38.0 (22101614)|STATEMENT_EXECUTE|[135]
13:14:38.0 (22106473)|HEAP_ALLOCATE|[135]|Bytes:2
13:14:38.0 (22130004)|HEAP_ALLOCATE|[EXTERNAL]|Bytes:4
13:14:38.0 (22136919)|STATEMENT_EXECUTE|[136]
13:14:38.0 (22140166)|HEAP_ALLOCATE|[136]|Bytes:2
13:14:38.0 (22159996)|HEAP_ALLOCATE|[EXTERNAL]|Bytes:4
13:14:38.0 (22165901)|STATEMENT_EXECUTE|[141]
13:14:38.0 (22233673)|SYSTEM_MODE_ENTER|true
13:14:38.22 (22806882)|SYSTEM_MODE_ENTER|true
13:14:38.22 (22857562)|HEAP_ALLOCATE|[EXTERNAL]|Bytes:8
13:14:38.22 (22865804)|VARIABLE_SCOPE_BEGIN|[88]|this|ApexPage.PageMessagesComponentController|true|false
13:14:38.22 (22891043)|VARIABLE_ASSIGNMENT|[88]|this|{}|0x196b6891
13:14:38.22 (22897874)|VARIABLE_SCOPE_BEGIN|[88]|escape|Boolean|false|false
13:14:38.22 (22905507)|VARIABLE_ASSIGNMENT|[88]|escape|null
13:14:38.0 (23085404)|SYSTEM_MODE_ENTER|true
13:14:38.0 (23113526)|HEAP_ALLOCATE|[EXTERNAL]|Bytes:18
13:14:38.0 (23119252)|HEAP_ALLOCATE|[EXTERNAL]|Bytes:40
13:14:38.0 (23142711)|VARIABLE_ASSIGNMENT|[EXTERNAL]|this.Selecteddoc|"a260H000001koYjQAI"|0x23f17285
13:14:38.0 (23186768)|SYSTEM_MODE_ENTER|true
13:14:38.0 (23338602)|SYSTEM_MODE_ENTER|true
13:14:38.0 (23380343)|SYSTEM_MODE_ENTER|true
13:14:38.0 (23396870)|HEAP_ALLOCATE|[EXTERNAL]|Bytes:8
13:14:38.0 (23401873)|HEAP_ALLOCATE|[EXTERNAL]|Bytes:40
13:14:38.0 (23410671)|VARIABLE_ASSIGNMENT|[EXTERNAL]|this.SelectedtimeSlot|30|0x23f17285
13:14:38.0 (23446272)|SYSTEM_MODE_ENTER|true
13:14:38.0 (23664133)|HEAP_ALLOCATE|[EXTERNAL]|Bytes:40
13:14:38.0 (23673928)|VARIABLE_SCOPE_BEGIN|[13]|this|docappcontroller|true|false
13:14:38.0 (23713336)|VARIABLE_ASSIGNMENT|[13]|this|{"aptdum":"0x193669df","Docdum":"0x74a09b1","Docmap":"0x43bb55a4","Selecteddoc":"a260H000001koYjQAI","SelectedtimeSlot":30,"timewraplistInitial":"0x3c02161f"}|0x23f17285
13:14:38.0 (23725335)|STATEMENT_EXECUTE|[13]
13:14:38.0 (23727242)|STATEMENT_EXECUTE|[14]
13:14:38.0 (23752141)|VARIABLE_SCOPE_BEGIN|[14]|timeset|Set<Time>|true|false
13:14:38.0 (23762968)|VARIABLE_ASSIGNMENT|[14]|timeset|null|
13:14:38.0 (23767234)|STATEMENT_EXECUTE|[15]
13:14:38.0 (23814792)|VARIABLE_ASSIGNMENT|[EXTERNAL]|this|{"aptdum":"0x193669df","Docdum":"0x74a09b1","Docmap":"0x43bb55a4","Selecteddoc":"a260H000001koYjQAI","SelectedtimeSlot":30,"timewraplistInitial":"0x3c02161f"}|0x23f17285
13:14:38.0 (23846124)|USER_DEBUG|[15]|DEBUG|a260H000001koYjQAI
13:14:38.0 (23892060)|VARIABLE_ASSIGNMENT|[EXTERNAL]|this|{"aptdum":"0x193669df","Docdum":"0x74a09b1","Docmap":"0x43bb55a4","Selecteddoc":"a260H000001koYjQAI","SelectedtimeSlot":30,"timewraplistInitial":"0x3c02161f"}|0x23f17285
13:14:38.0 (23931815)|VARIABLE_ASSIGNMENT|[EXTERNAL]|this|{"aptdum":"0x193669df","Docdum":"0x74a09b1","Docmap":"0x43bb55a4","Selecteddoc":"a260H000001koYjQAI","SelectedtimeSlot":30,"timewraplistInitial":"0x3c02161f"}|0x23f17285
13:14:38.0 (23962311)|STATEMENT_EXECUTE|[18]
13:14:38.0 (23964305)|STATEMENT_EXECUTE|[19]
13:14:38.0 (23994239)|VARIABLE_ASSIGNMENT|[EXTERNAL]|this|{"aptdum":"0x193669df","Docdum":"0x74a09b1","Docmap":"0x43bb55a4","Selecteddoc":"a260H000001koYjQAI","SelectedtimeSlot":30,"timewraplistInitial":"0x3c02161f"}|0x23f17285
13:14:38.0 (24023835)|VARIABLE_ASSIGNMENT|[EXTERNAL]|this|{"aptdum":"0x193669df","Docdum":"0x74a09b1","Docmap":"0x43bb55a4","Selecteddoc":"a260H000001koYjQAI","SelectedtimeSlot":30,"timewraplistInitial":"0x3c02161f"}|0x23f17285
13:14:38.0 (24048884)|VARIABLE_SCOPE_BEGIN|[19]|d|Doctor__c|true|false
13:14:38.0 (24067716)|VARIABLE_ASSIGNMENT|[19]|d|{"Id":"a260H000001koYjQAI","Name":"doc 2","End_Time__c":68400000,"Speciality__c":"General Surgery","Start_Time__c":43200000}|0x27b561b4
13:14:38.0 (24074002)|STATEMENT_EXECUTE|[20]
13:14:38.0 (24108055)|HEAP_ALLOCATE|[20]|Bytes:4
13:14:38.0 (24150697)|HEAP_ALLOCATE|[20]|Bytes:150
13:14:38.0 (24166716)|HEAP_ALLOCATE|[20]|Bytes:4
13:14:38.0 (24176956)|HEAP_ALLOCATE|[20]|Bytes:7
13:14:38.0 (24211212)|VARIABLE_ASSIGNMENT|[EXTERNAL]|this|{"aptdum":"0x193669df","Docdum":"0x74a09b1","Docmap":"0x43bb55a4","Selecteddoc":"a260H000001koYjQAI","SelectedtimeSlot":30,"timewraplistInitial":"0x3c02161f"}|0x23f17285
13:14:38.0 (24231347)|HEAP_ALLOCATE|[20]|Bytes:7
13:14:38.0 (24261756)|VARIABLE_ASSIGNMENT|[EXTERNAL]|this|{"aptdum":"0x193669df","Docdum":"0x74a09b1","Docmap":"0x43bb55a4","Selecteddoc":"a260H000001koYjQAI","SelectedtimeSlot":30,"timewraplistInitial":"0x3c02161f"}|0x23f17285
13:14:38.0 (24635240)|SOQL_EXECUTE_BEGIN|[20]|Aggregations:0|SELECT Id, Name, Doctor__c, Patient__c, End_Time__c, Start_Time__c FROM Appointment__c WHERE (Doctor__c = :tmpVar1 AND Appointment_Date__c = :tmpVar2)
13:14:38.0 (28241925)|SOQL_EXECUTE_END|[20]|Rows:1
13:14:38.0 (28264360)|HEAP_ALLOCATE|[20]|Bytes:8
13:14:38.0 (28282668)|HEAP_ALLOCATE|[20]|Bytes:147
13:14:38.0 (28314741)|HEAP_ALLOCATE|[20]|Bytes:8
13:14:38.0 (28341733)|HEAP_ALLOCATE|[20]|Bytes:28
13:14:38.0 (28346994)|HEAP_ALLOCATE|[20]|Bytes:28
13:14:38.0 (28350738)|HEAP_ALLOCATE|[20]|Bytes:4
13:14:38.0 (28359501)|VARIABLE_SCOPE_BEGIN|[20]|aptlist|List<Appointment__c>|true|false
13:14:38.0 (28369486)|HEAP_ALLOCATE|[EXTERNAL]|Bytes:8
13:14:38.0 (28390155)|VARIABLE_ASSIGNMENT|[20]|aptlist|[{"Id":"a250H00000HaxnFQAR","Name":"A-00000","Doctor__c":"a260H000001koYjQAI","Patient__c":"a270H000006vXivQAE","End_Time__c":61200000,"Start_Time__c":54000000}]|0x5b917139
13:14:38.0 (28398433)|STATEMENT_EXECUTE|[21]
13:14:38.0 (28421651)|HEAP_ALLOCATE|[21]|Bytes:4
13:14:38.0 (28486072)|VARIABLE_ASSIGNMENT|[21]|timeset|[]|0x6e373d4f
13:14:38.0 (28582449)|HEAP_ALLOCATE|[22]|Bytes:5
13:14:38.0 (28596961)|HEAP_ALLOCATE|[22]|Bytes:28
13:14:38.0 (28606316)|VARIABLE_SCOPE_BEGIN|[22]|apt|Appointment__c|true|false
13:14:38.0 (28624990)|VARIABLE_ASSIGNMENT|[22]|apt|{"Id":"a250H00000HaxnFQAR","Name":"A-00000","Doctor__c":"a260H000001koYjQAI","Patient__c":"a270H000006vXivQAE","End_Time__c":61200000,"Start_Time__c":54000000}|0x1e999fc4
13:14:38.0 (28632724)|STATEMENT_EXECUTE|[22]
13:14:38.0 (28634989)|STATEMENT_EXECUTE|[24]
13:14:38.0 (28667359)|VARIABLE_SCOPE_BEGIN|[24]|t|Time|false|false
13:14:38.0 (28681793)|VARIABLE_ASSIGNMENT|[24]|t|54000000
13:14:38.0 (28686496)|STATEMENT_EXECUTE|[25]
13:14:38.0 (28741510)|VARIABLE_SCOPE_BEGIN|[25]|i|Integer|false|false
13:14:38.0 (28751182)|HEAP_ALLOCATE|[25]|Bytes:4
13:14:38.0 (28758694)|VARIABLE_ASSIGNMENT|[25]|i|2
13:14:38.0 (28763561)|STATEMENT_EXECUTE|[26]
13:14:38.0 (28791180)|HEAP_ALLOCATE|[26]|Bytes:28
13:14:38.0 (28796025)|HEAP_ALLOCATE|[26]|Bytes:28
13:14:38.0 (28800341)|VARIABLE_SCOPE_BEGIN|[26]|i1|Decimal|false|false
13:14:38.0 (28812733)|VARIABLE_ASSIGNMENT|[26]|i1|0
13:14:38.0 (28816739)|STATEMENT_EXECUTE|[27]
13:14:38.0 (28840370)|HEAP_ALLOCATE|[EXTERNAL]|Bytes:4
13:14:38.0 (28863452)|STATEMENT_EXECUTE|[28]
13:14:38.0 (28865352)|STATEMENT_EXECUTE|[29]
13:14:38.0 (28961863)|USER_DEBUG|[29]|DEBUG|15:00:00.000Z
13:14:38.0 (28971911)|STATEMENT_EXECUTE|[30]
13:14:38.0 (29001611)|HEAP_ALLOCATE|[30]|Bytes:4
13:14:38.0 (29020336)|VARIABLE_ASSIGNMENT|[30]|t|55800000
13:14:38.0 (29025100)|STATEMENT_EXECUTE|[31]
13:14:38.0 (29028515)|HEAP_ALLOCATE|[31]|Bytes:3
13:14:38.0 (29043229)|HEAP_ALLOCATE|[31]|Bytes:28
13:14:38.0 (29079792)|HEAP_ALLOCATE|[31]|Bytes:28
13:14:38.0 (29097721)|VARIABLE_ASSIGNMENT|[31]|i1|0.5
13:14:38.0 (29101967)|STATEMENT_EXECUTE|[32]
13:14:38.0 (29118367)|HEAP_ALLOCATE|[EXTERNAL]|Bytes:4
13:14:38.0 (29132488)|HEAP_ALLOCATE|[33]|Bytes:28
13:14:38.0 (29136503)|HEAP_ALLOCATE|[33]|Bytes:28
13:14:38.0 (29141720)|HEAP_ALLOCATE|[33]|Bytes:28
13:14:38.0 (29165771)|HEAP_ALLOCATE|[33]|Bytes:28
13:14:38.0 (29193764)|STATEMENT_EXECUTE|[28]
13:14:38.0 (29195608)|STATEMENT_EXECUTE|[29]
13:14:38.0 (29204035)|USER_DEBUG|[29]|DEBUG|15:30:00.000Z
13:14:38.0 (29211187)|STATEMENT_EXECUTE|[30]
13:14:38.0 (29219471)|HEAP_ALLOCATE|[30]|Bytes:4
13:14:38.0 (29233953)|VARIABLE_ASSIGNMENT|[30]|t|57600000
13:14:38.0 (29238453)|STATEMENT_EXECUTE|[31]
13:14:38.0 (29242882)|HEAP_ALLOCATE|[31]|Bytes:28
13:14:38.0 (29255191)|HEAP_ALLOCATE|[31]|Bytes:28
13:14:38.0 (29265878)|VARIABLE_ASSIGNMENT|[31]|i1|1.0
13:14:38.0 (29270303)|STATEMENT_EXECUTE|[32]
13:14:38.0 (29275727)|HEAP_ALLOCATE|[EXTERNAL]|Bytes:4
13:14:38.0 (29285330)|HEAP_ALLOCATE|[33]|Bytes:28
13:14:38.0 (29289078)|HEAP_ALLOCATE|[33]|Bytes:28
13:14:38.0 (29293874)|HEAP_ALLOCATE|[33]|Bytes:28
13:14:38.0 (29306637)|HEAP_ALLOCATE|[33]|Bytes:28
13:14:38.0 (29325666)|STATEMENT_EXECUTE|[28]
13:14:38.0 (29327379)|STATEMENT_EXECUTE|[29]
13:14:38.0 (29334182)|USER_DEBUG|[29]|DEBUG|16:00:00.000Z
13:14:38.0 (29340426)|STATEMENT_EXECUTE|[30]
13:14:38.0 (29347522)|HEAP_ALLOCATE|[30]|Bytes:4
13:14:38.0 (29360248)|VARIABLE_ASSIGNMENT|[30]|t|59400000
13:14:38.0 (29365180)|STATEMENT_EXECUTE|[31]
13:14:38.0 (29369317)|HEAP_ALLOCATE|[31]|Bytes:28
13:14:38.0 (29380899)|HEAP_ALLOCATE|[31]|Bytes:28
13:14:38.0 (29390950)|VARIABLE_ASSIGNMENT|[31]|i1|1.5
13:14:38.0 (29395611)|STATEMENT_EXECUTE|[32]
13:14:38.0 (29400197)|HEAP_ALLOCATE|[EXTERNAL]|Bytes:4
13:14:38.0 (29409166)|HEAP_ALLOCATE|[33]|Bytes:28
13:14:38.0 (29412567)|HEAP_ALLOCATE|[33]|Bytes:28
13:14:38.0 (29417216)|HEAP_ALLOCATE|[33]|Bytes:28
13:14:38.0 (29429144)|HEAP_ALLOCATE|[33]|Bytes:28
13:14:38.0 (29453951)|HEAP_ALLOCATE|[22]|Bytes:5
13:14:38.0 (29467122)|VARIABLE_ASSIGNMENT|[22]|apt|null|
13:14:38.0 (29472852)|STATEMENT_EXECUTE|[43]
13:14:38.0 (29536729)|HEAP_ALLOCATE|[43]|Bytes:4
13:14:38.0 (29634730)|VARIABLE_ASSIGNMENT|[EXTERNAL]|this|{"aptdum":"0x193669df","Docdum":"0x74a09b1","Docmap":"0x43bb55a4","Selecteddoc":"a260H000001koYjQAI","SelectedtimeSlot":30,"timewraplistInitial":"0x3c02161f"}|0x23f17285
13:14:38.0 (29655190)|HEAP_ALLOCATE|[EXTERNAL]|Bytes:4
13:14:38.0 (29663273)|VARIABLE_ASSIGNMENT|[EXTERNAL]|value|[]|0x29b56c8b
13:14:38.0 (29675879)|VARIABLE_ASSIGNMENT|[4]|this.timewraplist|[]|0x23f17285
13:14:38.0 (29686310)|STATEMENT_EXECUTE|[44]
13:14:38.0 (29694442)|HEAP_ALLOCATE|[44]|Bytes:4
13:14:38.0 (29767720)|VARIABLE_ASSIGNMENT|[EXTERNAL]|this|{"aptdum":"0x193669df","Docdum":"0x74a09b1","Docmap":"0x43bb55a4","Selecteddoc":"a260H000001koYjQAI","SelectedtimeSlot":30,"timewraplist":"0x29b56c8b","timewraplistInitial":"0x3c02161f"}|0x23f17285
13:14:38.0 (29787379)|HEAP_ALLOCATE|[EXTERNAL]|Bytes:4
13:14:38.0 (29793901)|VARIABLE_ASSIGNMENT|[EXTERNAL]|value|[]|0x1b55e722
13:14:38.0 (29804540)|VARIABLE_ASSIGNMENT|[3]|this.timelist|[]|0x23f17285
13:14:38.0 (29813204)|STATEMENT_EXECUTE|[45]
13:14:38.0 (29842284)|VARIABLE_SCOPE_BEGIN|[45]|t|Time|false|false
13:14:38.0 (29857131)|VARIABLE_ASSIGNMENT|[45]|t|43200000
13:14:38.0 (29861849)|STATEMENT_EXECUTE|[46]
13:14:38.0 (29904550)|VARIABLE_SCOPE_BEGIN|[46]|i|Integer|false|false
13:14:38.0 (29913406)|HEAP_ALLOCATE|[46]|Bytes:4
13:14:38.0 (29920268)|VARIABLE_ASSIGNMENT|[46]|i|7
13:14:38.0 (29924148)|STATEMENT_EXECUTE|[47]
13:14:38.0 (29932681)|HEAP_ALLOCATE|[47]|Bytes:28
13:14:38.0 (29936534)|HEAP_ALLOCATE|[47]|Bytes:28
13:14:38.0 (29940116)|VARIABLE_SCOPE_BEGIN|[47]|i1|Decimal|false|false
13:14:38.0 (29949411)|VARIABLE_ASSIGNMENT|[47]|i1|0
13:14:38.0 (29980772)|STATEMENT_EXECUTE|[48]
13:14:38.0 (29982533)|STATEMENT_EXECUTE|[49]
13:14:38.0 (30027925)|VARIABLE_ASSIGNMENT|[EXTERNAL]|this|{"aptdum":"0x193669df","Docdum":"0x74a09b1","Docmap":"0x43bb55a4","Selecteddoc":"a260H000001koYjQAI","SelectedtimeSlot":30,"timelist":"0x1b55e722","timewraplist":"0x29b56c8b","timewraplistInitial":"0x3c02161f"}|0x23f17285
13:14:38.0 (30047003)|HEAP_ALLOCATE|[49]|Bytes:108
13:14:38.0 (30054531)|HEAP_ALLOCATE|[49]|Bytes:11
13:14:38.0 (30074592)|HEAP_ALLOCATE|[49]|Bytes:12
13:14:38.0 (30100788)|CONSTRUCTOR_ENTRY|[49]|01p0H000007gCe8|<init>(Boolean,Time)
13:14:38.0 (30114026)|VARIABLE_SCOPE_BEGIN|[157]|this|docappcontroller.Wrapertimeslot|true|false
13:14:38.0 (30139873)|VARIABLE_ASSIGNMENT|[157]|this|{}|0x712e0e50
13:14:38.0 (30147964)|VARIABLE_SCOPE_BEGIN|[157]|selection|Boolean|false|false
13:14:38.0 (30156893)|VARIABLE_ASSIGNMENT|[157]|selection|false
13:14:38.0 (30163739)|VARIABLE_SCOPE_BEGIN|[157]|tm|Time|false|false
13:14:38.0 (30174012)|VARIABLE_ASSIGNMENT|[157]|tm|43200000
13:14:38.0 (30179384)|STATEMENT_EXECUTE|[153]
13:14:38.0 (30181270)|STATEMENT_EXECUTE|[154]
13:14:38.0 (30182811)|STATEMENT_EXECUTE|[155]
13:14:38.0 (30189149)|HEAP_ALLOCATE|[158]|Bytes:6
13:14:38.0 (30215043)|STATEMENT_EXECUTE|[157]
13:14:38.0 (30216949)|STATEMENT_EXECUTE|[158]
13:14:38.0 (30270261)|VARIABLE_ASSIGNMENT|[EXTERNAL]|this|{}|0x712e0e50
13:14:38.0 (30285165)|VARIABLE_ASSIGNMENT|[EXTERNAL]|value|false
13:14:38.0 (30291623)|HEAP_ALLOCATE|[154]|Bytes:5
13:14:38.0 (30299100)|VARIABLE_ASSIGNMENT|[154]|this.selected|false|0x712e0e50
13:14:38.0 (30308422)|STATEMENT_EXECUTE|[159]
13:14:38.0 (30341577)|VARIABLE_ASSIGNMENT|[EXTERNAL]|this|{"selected":false}|0x712e0e50
13:14:38.0 (30355754)|VARIABLE_ASSIGNMENT|[EXTERNAL]|value|43200000
13:14:38.0 (30364328)|VARIABLE_ASSIGNMENT|[155]|this.t|43200000|0x712e0e50
13:14:38.0 (30379507)|CONSTRUCTOR_EXIT|[49]|01p0H000007gCe8|<init>(Boolean,Time)
13:14:38.0 (30393159)|HEAP_ALLOCATE|[EXTERNAL]|Bytes:4
13:14:38.0 (30400671)|STATEMENT_EXECUTE|[53]
13:14:38.0 (30439386)|VARIABLE_ASSIGNMENT|[EXTERNAL]|this|{"aptdum":"0x193669df","Docdum":"0x74a09b1","Docmap":"0x43bb55a4","Selecteddoc":"a260H000001koYjQAI","SelectedtimeSlot":30,"timelist":"0x1b55e722","timewraplist":"0x29b56c8b","timewraplistInitial":"0x3c02161f"}|0x23f17285
13:14:38.0 (30458194)|HEAP_ALLOCATE|[EXTERNAL]|Bytes:4
13:14:38.0 (30472295)|HEAP_ALLOCATE|[56]|Bytes:28
13:14:38.0 (30476683)|HEAP_ALLOCATE|[56]|Bytes:28
13:14:38.0 (30507458)|STATEMENT_EXECUTE|[56]
13:14:38.0 (30509452)|STATEMENT_EXECUTE|[57]
13:14:38.0 (30527450)|USER_DEBUG|[57]|DEBUG|12:00:00.000Z
13:14:38.0 (30535731)|STATEMENT_EXECUTE|[58]
13:14:38.0 (30557380)|HEAP_ALLOCATE|[58]|Bytes:4
13:14:38.0 (30580059)|VARIABLE_ASSIGNMENT|[58]|t|45000000
13:14:38.0 (30586069)|STATEMENT_EXECUTE|[59]
13:14:38.0 (30592797)|HEAP_ALLOCATE|[59]|Bytes:28
13:14:38.0 (30616872)|HEAP_ALLOCATE|[59]|Bytes:28
13:14:38.0 (30631492)|VARIABLE_ASSIGNMENT|[59]|i1|0.5
13:14:38.0 (30635982)|STATEMENT_EXECUTE|[60]
13:14:38.0 (30673669)|VARIABLE_ASSIGNMENT|[EXTERNAL]|this|{"aptdum":"0x193669df","Docdum":"0x74a09b1","Docmap":"0x43bb55a4","Selecteddoc":"a260H000001koYjQAI","SelectedtimeSlot":30,"timelist":"0x1b55e722","timewraplist":"0x29b56c8b","timewraplistInitial":"0x3c02161f"}|0x23f17285
13:14:38.0 (30692129)|HEAP_ALLOCATE|[EXTERNAL]|Bytes:4
13:14:38.0 (30719102)|STATEMENT_EXECUTE|[62]
13:14:38.0 (30721088)|STATEMENT_EXECUTE|[63]
13:14:38.0 (30753077)|VARIABLE_ASSIGNMENT|[EXTERNAL]|this|{"aptdum":"0x193669df","Docdum":"0x74a09b1","Docmap":"0x43bb55a4","Selecteddoc":"a260H000001koYjQAI","SelectedtimeSlot":30,"timelist":"0x1b55e722","timewraplist":"0x29b56c8b","timewraplistInitial":"0x3c02161f"}|0x23f17285
13:14:38.0 (30767101)|HEAP_ALLOCATE|[63]|Bytes:12
13:14:38.0 (30781329)|CONSTRUCTOR_ENTRY|[63]|01p0H000007gCe8|<init>(Boolean,Time)
13:14:38.0 (30787741)|VARIABLE_SCOPE_BEGIN|[157]|this|docappcontroller.Wrapertimeslot|true|false
13:14:38.0 (30802510)|VARIABLE_ASSIGNMENT|[157]|this|{}|0x22c74ac8
13:14:38.0 (30809560)|VARIABLE_SCOPE_BEGIN|[157]|selection|Boolean|false|false
13:14:38.0 (30817277)|VARIABLE_ASSIGNMENT|[157]|selection|false
13:14:38.0 (30821198)|VARIABLE_SCOPE_BEGIN|[157]|tm|Time|false|false
13:14:38.0 (30829710)|VARIABLE_ASSIGNMENT|[157]|tm|45000000
13:14:38.0 (30834582)|STATEMENT_EXECUTE|[153]
13:14:38.0 (30836304)|STATEMENT_EXECUTE|[154]
13:14:38.0 (30837795)|STATEMENT_EXECUTE|[155]
13:14:38.0 (30848057)|STATEMENT_EXECUTE|[157]
13:14:38.0 (30849703)|STATEMENT_EXECUTE|[158]
13:14:38.0 (30862344)|VARIABLE_ASSIGNMENT|[EXTERNAL]|this|{}|0x22c74ac8
13:14:38.0 (30871180)|VARIABLE_ASSIGNMENT|[EXTERNAL]|value|false
13:14:38.0 (30876701)|HEAP_ALLOCATE|[154]|Bytes:5
13:14:38.0 (30883797)|VARIABLE_ASSIGNMENT|[154]|this.selected|false|0x22c74ac8
13:14:38.0 (30891649)|STATEMENT_EXECUTE|[159]
13:14:38.0 (30903872)|VARIABLE_ASSIGNMENT|[EXTERNAL]|this|{"selected":false}|0x22c74ac8
13:14:38.0 (30913705)|VARIABLE_ASSIGNMENT|[EXTERNAL]|value|45000000
13:14:38.0 (30921159)|VARIABLE_ASSIGNMENT|[155]|this.t|45000000|0x22c74ac8
13:14:38.0 (30935840)|CONSTRUCTOR_EXIT|[63]|01p0H000007gCe8|<init>(Boolean,Time)
13:14:38.0 (30946913)|HEAP_ALLOCATE|[EXTERNAL]|Bytes:4
13:14:38.0 (30959300)|HEAP_ALLOCATE|[56]|Bytes:28
13:14:38.0 (30963452)|HEAP_ALLOCATE|[56]|Bytes:28
13:14:38.0 (30985118)|STATEMENT_EXECUTE|[56]
13:14:38.0 (30986972)|STATEMENT_EXECUTE|[57]
13:14:38.0 (30997214)|USER_DEBUG|[57]|DEBUG|12:30:00.000Z
13:14:38.0 (31004410)|STATEMENT_EXECUTE|[58]
13:14:38.0 (31013913)|HEAP_ALLOCATE|[58]|Bytes:4
13:14:38.0 (31030562)|VARIABLE_ASSIGNMENT|[58]|t|46800000
13:14:38.0 (31036270)|STATEMENT_EXECUTE|[59]
13:14:38.0 (31041372)|HEAP_ALLOCATE|[59]|Bytes:28
13:14:38.0 (31053972)|HEAP_ALLOCATE|[59]|Bytes:28
13:14:38.0 (31065980)|VARIABLE_ASSIGNMENT|[59]|i1|1.0
13:14:38.0 (31070091)|STATEMENT_EXECUTE|[60]
13:14:38.0 (31100887)|VARIABLE_ASSIGNMENT|[EXTERNAL]|this|{"aptdum":"0x193669df","Docdum":"0x74a09b1","Docmap":"0x43bb55a4","Selecteddoc":"a260H000001koYjQAI","SelectedtimeSlot":30,"timelist":"0x1b55e722","timewraplist":"0x29b56c8b","timewraplistInitial":"0x3c02161f"}|0x23f17285
13:14:38.0 (31116395)|HEAP_ALLOCATE|[EXTERNAL]|Bytes:4
13:14:38.0 (31128618)|STATEMENT_EXECUTE|[62]
13:14:38.0 (31130164)|STATEMENT_EXECUTE|[63]
13:14:38.0 (31154387)|VARIABLE_ASSIGNMENT|[EXTERNAL]|this|{"aptdum":"0x193669df","Docdum":"0x74a09b1","Docmap":"0x43bb55a4","Selecteddoc":"a260H000001koYjQAI","SelectedtimeSlot":30,"timelist":"0x1b55e722","timewraplist":"0x29b56c8b","timewraplistInitial":"0x3c02161f"}|0x23f17285
13:14:38.0 (31166510)|HEAP_ALLOCATE|[63]|Bytes:12
13:14:38.0 (31178556)|CONSTRUCTOR_ENTRY|[63]|01p0H000007gCe8|<init>(Boolean,Time)
13:14:38.0 (31185333)|VARIABLE_SCOPE_BEGIN|[157]|this|docappcontroller.Wrapertimeslot|true|false
13:14:38.0 (31199429)|VARIABLE_ASSIGNMENT|[157]|this|{}|0x5cf58f82
13:14:38.0 (31205851)|VARIABLE_SCOPE_BEGIN|[157]|selection|Boolean|false|false
13:14:38.0 (31213391)|VARIABLE_ASSIGNMENT|[157]|selection|false
13:14:38.0 (31217124)|VARIABLE_SCOPE_BEGIN|[157]|tm|Time|false|false
13:14:38.0 (31224714)|VARIABLE_ASSIGNMENT|[157]|tm|46800000
13:14:38.0 (31228828)|STATEMENT_EXECUTE|[153]
13:14:38.0 (31230902)|STATEMENT_EXECUTE|[154]
13:14:38.0 (31232625)|STATEMENT_EXECUTE|[155]
13:14:38.0 (31242092)|STATEMENT_EXECUTE|[157]
13:14:38.0 (31243615)|STATEMENT_EXECUTE|[158]
13:14:38.0 (31255998)|VARIABLE_ASSIGNMENT|[EXTERNAL]|this|{}|0x5cf58f82
13:14:38.0 (31264250)|VARIABLE_ASSIGNMENT|[EXTERNAL]|value|false
13:14:38.0 (31269504)|HEAP_ALLOCATE|[154]|Bytes:5
13:14:38.0 (31275940)|VARIABLE_ASSIGNMENT|[154]|this.selected|false|0x5cf58f82
13:14:38.0 (31283400)|STATEMENT_EXECUTE|[159]
13:14:38.0 (31295316)|VARIABLE_ASSIGNMENT|[EXTERNAL]|this|{"selected":false}|0x5cf58f82
13:14:38.0 (31304519)|VARIABLE_ASSIGNMENT|[EXTERNAL]|value|46800000
13:14:38.0 (31311132)|VARIABLE_ASSIGNMENT|[155]|this.t|46800000|0x5cf58f82
13:14:38.0 (31325106)|CONSTRUCTOR_EXIT|[63]|01p0H000007gCe8|<init>(Boolean,Time)
13:14:38.0 (31334090)|HEAP_ALLOCATE|[EXTERNAL]|Bytes:4
13:14:38.0 (31344949)|HEAP_ALLOCATE|[56]|Bytes:28
13:14:38.0 (31348961)|HEAP_ALLOCATE|[56]|Bytes:28
13:14:38.0 (31367324)|STATEMENT_EXECUTE|[56]
13:14:38.0 (31369074)|STATEMENT_EXECUTE|[57]
13:14:38.0 (31377693)|USER_DEBUG|[57]|DEBUG|13:00:00.000Z
13:14:38.0 (31384626)|STATEMENT_EXECUTE|[58]
13:14:38.0 (31393431)|HEAP_ALLOCATE|[58]|Bytes:4
13:14:38.0 (31407199)|VARIABLE_ASSIGNMENT|[58]|t|48600000
13:14:38.0 (31411603)|STATEMENT_EXECUTE|[59]
13:14:38.0 (31416436)|HEAP_ALLOCATE|[59]|Bytes:28
13:14:38.0 (31428504)|HEAP_ALLOCATE|[59]|Bytes:28
13:14:38.0 (31439975)|VARIABLE_ASSIGNMENT|[59]|i1|1.5
13:14:38.0 (31443838)|STATEMENT_EXECUTE|[60]
13:14:38.0 (31472806)|VARIABLE_ASSIGNMENT|[EXTERNAL]|this|{"aptdum":"0x193669df","Docdum":"0x74a09b1","Docmap":"0x43bb55a4","Selecteddoc":"a260H000001koYjQAI","SelectedtimeSlot":30,"timelist":"0x1b55e722","timewraplist":"0x29b56c8b","timewraplistInitial":"0x3c02161f"}|0x23f17285
13:14:38.0 (31488000)|HEAP_ALLOCATE|[EXTERNAL]|Bytes:4
13:14:38.0 (31499871)|STATEMENT_EXECUTE|[62]
13:14:38.0 (31501445)|STATEMENT_EXECUTE|[63]
13:14:38.0 (31525064)|VARIABLE_ASSIGNMENT|[EXTERNAL]|this|{"aptdum":"0x193669df","Docdum":"0x74a09b1","Docmap":"0x43bb55a4","Selecteddoc":"a260H000001koYjQAI","SelectedtimeSlot":30,"timelist":"0x1b55e722","timewraplist":"0x29b56c8b","timewraplistInitial":"0x3c02161f"}|0x23f17285
13:14:38.0 (31537074)|HEAP_ALLOCATE|[63]|Bytes:12
13:14:38.0 (31548320)|CONSTRUCTOR_ENTRY|[63]|01p0H000007gCe8|<init>(Boolean,Time)
13:14:38.0 (31554280)|VARIABLE_SCOPE_BEGIN|[157]|this|docappcontroller.Wrapertimeslot|true|false
13:14:38.0 (31573463)|VARIABLE_ASSIGNMENT|[157]|this|{}|0x4a7c6b64
13:14:38.0 (31580119)|VARIABLE_SCOPE_BEGIN|[157]|selection|Boolean|false|false
13:14:38.0 (31587276)|VARIABLE_ASSIGNMENT|[157]|selection|false
13:14:38.0 (31590865)|VARIABLE_SCOPE_BEGIN|[157]|tm|Time|false|false
13:14:38.0 (31598682)|VARIABLE_ASSIGNMENT|[157]|tm|48600000
13:14:38.0 (31603124)|STATEMENT_EXECUTE|[153]
13:14:38.0 (31604727)|STATEMENT_EXECUTE|[154]
13:14:38.0 (31606157)|STATEMENT_EXECUTE|[155]
13:14:38.0 (31615177)|STATEMENT_EXECUTE|[157]
13:14:38.0 (31616678)|STATEMENT_EXECUTE|[158]
13:14:38.0 (31628827)|VARIABLE_ASSIGNMENT|[EXTERNAL]|this|{}|0x4a7c6b64
13:14:38.0 (31637161)|VARIABLE_ASSIGNMENT|[EXTERNAL]|value|false
13:14:38.0 (31642262)|HEAP_ALLOCATE|[154]|Bytes:5
13:14:38.0 (31648798)|VARIABLE_ASSIGNMENT|[154]|this.selected|false|0x4a7c6b64
13:14:38.0 (31656059)|STATEMENT_EXECUTE|[159]
13:14:38.0 (31667953)|VARIABLE_ASSIGNMENT|[EXTERNAL]|this|{"selected":false}|0x4a7c6b64
13:14:38.0 (31676556)|VARIABLE_ASSIGNMENT|[EXTERNAL]|value|48600000
13:14:38.0 (31683197)|VARIABLE_ASSIGNMENT|[155]|this.t|48600000|0x4a7c6b64
13:14:38.0 (31697066)|CONSTRUCTOR_EXIT|[63]|01p0H000007gCe8|<init>(Boolean,Time)
13:14:38.0 (31706107)|HEAP_ALLOCATE|[EXTERNAL]|Bytes:4
13:14:38.0 (31716651)|HEAP_ALLOCATE|[56]|Bytes:28
13:14:38.0 (31720565)|HEAP_ALLOCATE|[56]|Bytes:28
13:14:38.0 (31738515)|STATEMENT_EXECUTE|[56]
13:14:38.0 (31740309)|STATEMENT_EXECUTE|[57]
13:14:38.0 (31748974)|USER_DEBUG|[57]|DEBUG|13:30:00.000Z
13:14:38.0 (31756204)|STATEMENT_EXECUTE|[58]
13:14:38.0 (31764476)|HEAP_ALLOCATE|[58]|Bytes:4
13:14:38.0 (31777835)|VARIABLE_ASSIGNMENT|[58]|t|50400000
13:14:38.0 (31782379)|STATEMENT_EXECUTE|[59]
13:14:38.0 (31787304)|HEAP_ALLOCATE|[59]|Bytes:28
13:14:38.0 (31799922)|HEAP_ALLOCATE|[59]|Bytes:28
13:14:38.0 (31810924)|VARIABLE_ASSIGNMENT|[59]|i1|2.0
13:14:38.0 (31815078)|STATEMENT_EXECUTE|[60]
13:14:38.0 (31843694)|VARIABLE_ASSIGNMENT|[EXTERNAL]|this|{"aptdum":"0x193669df","Docdum":"0x74a09b1","Docmap":"0x43bb55a4","Selecteddoc":"a260H000001koYjQAI","SelectedtimeSlot":30,"timelist":"0x1b55e722","timewraplist":"0x29b56c8b","timewraplistInitial":"0x3c02161f"}|0x23f17285
13:14:38.0 (31858067)|HEAP_ALLOCATE|[EXTERNAL]|Bytes:4
13:14:38.0 (31869923)|STATEMENT_EXECUTE|[62]
13:14:38.0 (31871566)|STATEMENT_EXECUTE|[63]
13:14:38.0 (31895785)|VARIABLE_ASSIGNMENT|[EXTERNAL]|this|{"aptdum":"0x193669df","Docdum":"0x74a09b1","Docmap":"0x43bb55a4","Selecteddoc":"a260H000001koYjQAI","SelectedtimeSlot":30,"timelist":"0x1b55e722","timewraplist":"0x29b56c8b","timewraplistInitial":"0x3c02161f"}|0x23f17285
13:14:38.0 (31907341)|HEAP_ALLOCATE|[63]|Bytes:12
13:14:38.0 (31918514)|CONSTRUCTOR_ENTRY|[63]|01p0H000007gCe8|<init>(Boolean,Time)
13:14:38.0 (31923660)|VARIABLE_SCOPE_BEGIN|[157]|this|docappcontroller.Wrapertimeslot|true|false
13:14:38.0 (31936780)|VARIABLE_ASSIGNMENT|[157]|this|{}|0x3cad714
13:14:38.0 (31943090)|VARIABLE_SCOPE_BEGIN|[157]|selection|Boolean|false|false
13:14:38.0 (31951243)|VARIABLE_ASSIGNMENT|[157]|selection|false
13:14:38.0 (31954973)|VARIABLE_SCOPE_BEGIN|[157]|tm|Time|false|false
13:14:38.0 (31963310)|VARIABLE_ASSIGNMENT|[157]|tm|50400000
13:14:38.0 (31967810)|STATEMENT_EXECUTE|[153]
13:14:38.0 (31969349)|STATEMENT_EXECUTE|[154]
13:14:38.0 (31970768)|STATEMENT_EXECUTE|[155]
13:14:38.0 (31979788)|STATEMENT_EXECUTE|[157]
13:14:38.0 (31981284)|STATEMENT_EXECUTE|[158]
13:14:38.0 (31993320)|VARIABLE_ASSIGNMENT|[EXTERNAL]|this|{}|0x3cad714
13:14:38.0 (32001738)|VARIABLE_ASSIGNMENT|[EXTERNAL]|value|false
13:14:38.0 (32007602)|HEAP_ALLOCATE|[154]|Bytes:5
13:14:38.0 (32013383)|VARIABLE_ASSIGNMENT|[154]|this.selected|false|0x3cad714
13:14:38.0 (32020390)|STATEMENT_EXECUTE|[159]
13:14:38.0 (32032576)|VARIABLE_ASSIGNMENT|[EXTERNAL]|this|{"selected":false}|0x3cad714
13:14:38.0 (32041426)|VARIABLE_ASSIGNMENT|[EXTERNAL]|value|50400000
13:14:38.0 (32048005)|VARIABLE_ASSIGNMENT|[155]|this.t|50400000|0x3cad714
13:14:38.0 (32062242)|CONSTRUCTOR_EXIT|[63]|01p0H000007gCe8|<init>(Boolean,Time)
13:14:38.0 (32071797)|HEAP_ALLOCATE|[EXTERNAL]|Bytes:4
13:14:38.0 (32082697)|HEAP_ALLOCATE|[56]|Bytes:28
13:14:38.0 (32086462)|HEAP_ALLOCATE|[56]|Bytes:28
13:14:38.0 (32104184)|STATEMENT_EXECUTE|[56]
13:14:38.0 (32105946)|STATEMENT_EXECUTE|[57]
13:14:38.0 (32114335)|USER_DEBUG|[57]|DEBUG|14:00:00.000Z
13:14:38.0 (32120947)|STATEMENT_EXECUTE|[58]
13:14:38.0 (32129419)|HEAP_ALLOCATE|[58]|Bytes:4
13:14:38.0 (32143230)|VARIABLE_ASSIGNMENT|[58]|t|52200000
13:14:38.0 (32147358)|STATEMENT_EXECUTE|[59]
13:14:38.0 (32152023)|HEAP_ALLOCATE|[59]|Bytes:28
13:14:38.0 (32163984)|HEAP_ALLOCATE|[59]|Bytes:28
13:14:38.0 (32174902)|VARIABLE_ASSIGNMENT|[59]|i1|2.5
13:14:38.0 (32178934)|STATEMENT_EXECUTE|[60]
13:14:38.0 (32208014)|VARIABLE_ASSIGNMENT|[EXTERNAL]|this|{"aptdum":"0x193669df","Docdum":"0x74a09b1","Docmap":"0x43bb55a4","Selecteddoc":"a260H000001koYjQAI","SelectedtimeSlot":30,"timelist":"0x1b55e722","timewraplist":"0x29b56c8b","timewraplistInitial":"0x3c02161f"}|0x23f17285
13:14:38.0 (32222318)|HEAP_ALLOCATE|[EXTERNAL]|Bytes:4
13:14:38.0 (32234576)|STATEMENT_EXECUTE|[62]
13:14:38.0 (32236441)|STATEMENT_EXECUTE|[63]
13:14:38.0 (32260858)|VARIABLE_ASSIGNMENT|[EXTERNAL]|this|{"aptdum":"0x193669df","Docdum":"0x74a09b1","Docmap":"0x43bb55a4","Selecteddoc":"a260H000001koYjQAI","SelectedtimeSlot":30,"timelist":"0x1b55e722","timewraplist":"0x29b56c8b","timewraplistInitial":"0x3c02161f"}|0x23f17285
13:14:38.0 (32273013)|HEAP_ALLOCATE|[63]|Bytes:12
13:14:38.0 (32284190)|CONSTRUCTOR_ENTRY|[63]|01p0H000007gCe8|<init>(Boolean,Time)
13:14:38.0 (32289896)|VARIABLE_SCOPE_BEGIN|[157]|this|docappcontroller.Wrapertimeslot|true|false
13:14:38.0 (32303458)|VARIABLE_ASSIGNMENT|[157]|this|{}|0x3d26aee7
13:14:38.0 (32309856)|VARIABLE_SCOPE_BEGIN|[157]|selection|Boolean|false|false
13:14:38.0 (32317032)|VARIABLE_ASSIGNMENT|[157]|selection|false
13:14:38.0 (32320432)|VARIABLE_SCOPE_BEGIN|[157]|tm|Time|false|false
13:14:38.0 (32328401)|VARIABLE_ASSIGNMENT|[157]|tm|52200000
13:14:38.0 (32332774)|STATEMENT_EXECUTE|[153]
13:14:38.0 (32334365)|STATEMENT_EXECUTE|[154]
13:14:38.0 (32335831)|STATEMENT_EXECUTE|[155]
13:14:38.0 (32344654)|STATEMENT_EXECUTE|[157]
13:14:38.0 (32346156)|STATEMENT_EXECUTE|[158]
13:14:38.0 (32358198)|VARIABLE_ASSIGNMENT|[EXTERNAL]|this|{}|0x3d26aee7
13:14:38.0 (32366610)|VARIABLE_ASSIGNMENT|[EXTERNAL]|value|false
13:14:38.0 (32371442)|HEAP_ALLOCATE|[154]|Bytes:5
13:14:38.0 (32377468)|VARIABLE_ASSIGNMENT|[154]|this.selected|false|0x3d26aee7
13:14:38.0 (32384637)|STATEMENT_EXECUTE|[159]
13:14:38.0 (32396368)|VARIABLE_ASSIGNMENT|[EXTERNAL]|this|{"selected":false}|0x3d26aee7
13:14:38.0 (32405792)|VARIABLE_ASSIGNMENT|[EXTERNAL]|value|52200000
13:14:38.0 (32412700)|VARIABLE_ASSIGNMENT|[155]|this.t|52200000|0x3d26aee7
13:14:38.0 (32427108)|CONSTRUCTOR_EXIT|[63]|01p0H000007gCe8|<init>(Boolean,Time)
13:14:38.0 (32435760)|HEAP_ALLOCATE|[EXTERNAL]|Bytes:4
13:14:38.0 (32446253)|HEAP_ALLOCATE|[56]|Bytes:28
13:14:38.0 (32450101)|HEAP_ALLOCATE|[56]|Bytes:28
13:14:38.0 (32467393)|STATEMENT_EXECUTE|[56]
13:14:38.0 (32469150)|STATEMENT_EXECUTE|[57]
13:14:38.0 (32477443)|USER_DEBUG|[57]|DEBUG|14:30:00.000Z
13:14:38.0 (32483891)|STATEMENT_EXECUTE|[58]
13:14:38.0 (32492124)|HEAP_ALLOCATE|[58]|Bytes:4
13:14:38.0 (32505707)|VARIABLE_ASSIGNMENT|[58]|t|54000000
13:14:38.0 (32509645)|STATEMENT_EXECUTE|[59]
13:14:38.0 (32514799)|HEAP_ALLOCATE|[59]|Bytes:28
13:14:38.0 (32526987)|HEAP_ALLOCATE|[59]|Bytes:28
13:14:38.0 (32538265)|VARIABLE_ASSIGNMENT|[59]|i1|3.0
13:14:38.0 (32542500)|STATEMENT_EXECUTE|[60]
13:14:38.0 (32575325)|VARIABLE_ASSIGNMENT|[EXTERNAL]|this|{"aptdum":"0x193669df","Docdum":"0x74a09b1","Docmap":"0x43bb55a4","Selecteddoc":"a260H000001koYjQAI","SelectedtimeSlot":30,"timelist":"0x1b55e722","timewraplist":"0x29b56c8b","timewraplistInitial":"0x3c02161f"}|0x23f17285
13:14:38.0 (32589664)|HEAP_ALLOCATE|[EXTERNAL]|Bytes:4
13:14:38.0 (32602000)|STATEMENT_EXECUTE|[64]
13:14:38.0 (32603622)|STATEMENT_EXECUTE|[65]
13:14:38.0 (32638285)|VARIABLE_ASSIGNMENT|[EXTERNAL]|this|{"aptdum":"0x193669df","Docdum":"0x74a09b1","Docmap":"0x43bb55a4","Selecteddoc":"a260H000001koYjQAI","SelectedtimeSlot":30,"timelist":"0x1b55e722","timewraplist":"0x29b56c8b","timewraplistInitial":"0x3c02161f"}|0x23f17285
13:14:38.0 (32650955)|HEAP_ALLOCATE|[65]|Bytes:12
13:14:38.0 (32663192)|CONSTRUCTOR_ENTRY|[65]|01p0H000007gCe8|<init>(Boolean,Time)
13:14:38.0 (32669932)|VARIABLE_SCOPE_BEGIN|[157]|this|docappcontroller.Wrapertimeslot|true|false
13:14:38.0 (32683929)|VARIABLE_ASSIGNMENT|[157]|this|{}|0x52a380dd
13:14:38.0 (32690135)|VARIABLE_SCOPE_BEGIN|[157]|selection|Boolean|false|false
13:14:38.0 (32697154)|VARIABLE_ASSIGNMENT|[157]|selection|true
13:14:38.0 (32700790)|VARIABLE_SCOPE_BEGIN|[157]|tm|Time|false|false
13:14:38.0 (32708723)|VARIABLE_ASSIGNMENT|[157]|tm|54000000
13:14:38.0 (32712922)|STATEMENT_EXECUTE|[153]
13:14:38.0 (32714520)|STATEMENT_EXECUTE|[154]
13:14:38.0 (32715965)|STATEMENT_EXECUTE|[155]
13:14:38.0 (32724953)|STATEMENT_EXECUTE|[157]
13:14:38.0 (32726449)|STATEMENT_EXECUTE|[158]
13:14:38.0 (32738091)|VARIABLE_ASSIGNMENT|[EXTERNAL]|this|{}|0x52a380dd
13:14:38.0 (32746265)|VARIABLE_ASSIGNMENT|[EXTERNAL]|value|true
13:14:38.0 (32751648)|HEAP_ALLOCATE|[154]|Bytes:5
13:14:38.0 (32758185)|VARIABLE_ASSIGNMENT|[154]|this.selected|true|0x52a380dd
13:14:38.0 (32766106)|STATEMENT_EXECUTE|[159]
13:14:38.0 (32778430)|VARIABLE_ASSIGNMENT|[EXTERNAL]|this|{"selected":true}|0x52a380dd
13:14:38.0 (32787697)|VARIABLE_ASSIGNMENT|[EXTERNAL]|value|54000000
13:14:38.0 (32794083)|VARIABLE_ASSIGNMENT|[155]|this.t|54000000|0x52a380dd
13:14:38.0 (32807958)|CONSTRUCTOR_EXIT|[65]|01p0H000007gCe8|<init>(Boolean,Time)
13:14:38.0 (32818607)|HEAP_ALLOCATE|[EXTERNAL]|Bytes:4
13:14:38.0 (32829699)|HEAP_ALLOCATE|[56]|Bytes:28
13:14:38.0 (32833700)|HEAP_ALLOCATE|[56]|Bytes:28
13:14:38.0 (32851470)|STATEMENT_EXECUTE|[56]
13:14:38.0 (32853319)|STATEMENT_EXECUTE|[57]
13:14:38.0 (32862193)|USER_DEBUG|[57]|DEBUG|15:00:00.000Z
13:14:38.0 (32868903)|STATEMENT_EXECUTE|[58]
13:14:38.0 (32877750)|HEAP_ALLOCATE|[58]|Bytes:4
13:14:38.0 (32891730)|VARIABLE_ASSIGNMENT|[58]|t|55800000
13:14:38.0 (32895735)|STATEMENT_EXECUTE|[59]
13:14:38.0 (32900590)|HEAP_ALLOCATE|[59]|Bytes:28
13:14:38.0 (32912411)|HEAP_ALLOCATE|[59]|Bytes:28
13:14:38.0 (32923832)|VARIABLE_ASSIGNMENT|[59]|i1|3.5
13:14:38.0 (32927606)|STATEMENT_EXECUTE|[60]
13:14:38.0 (32956632)|VARIABLE_ASSIGNMENT|[EXTERNAL]|this|{"aptdum":"0x193669df","Docdum":"0x74a09b1","Docmap":"0x43bb55a4","Selecteddoc":"a260H000001koYjQAI","SelectedtimeSlot":30,"timelist":"0x1b55e722","timewraplist":"0x29b56c8b","timewraplistInitial":"0x3c02161f"}|0x23f17285
13:14:38.0 (32971293)|HEAP_ALLOCATE|[EXTERNAL]|Bytes:4
13:14:38.0 (32983037)|STATEMENT_EXECUTE|[64]
13:14:38.0 (32984689)|STATEMENT_EXECUTE|[65]
13:14:38.0 (33008738)|VARIABLE_ASSIGNMENT|[EXTERNAL]|this|{"aptdum":"0x193669df","Docdum":"0x74a09b1","Docmap":"0x43bb55a4","Selecteddoc":"a260H000001koYjQAI","SelectedtimeSlot":30,"timelist":"0x1b55e722","timewraplist":"0x29b56c8b","timewraplistInitial":"0x3c02161f"}|0x23f17285
13:14:38.0 (33021416)|HEAP_ALLOCATE|[65]|Bytes:12
13:14:38.0 (33033008)|CONSTRUCTOR_ENTRY|[65]|01p0H000007gCe8|<init>(Boolean,Time)
13:14:38.0 (33038396)|VARIABLE_SCOPE_BEGIN|[157]|this|docappcontroller.Wrapertimeslot|true|false
13:14:38.0 (33051453)|VARIABLE_ASSIGNMENT|[157]|this|{}|0x5c2ae7c1
13:14:38.0 (33057724)|VARIABLE_SCOPE_BEGIN|[157]|selection|Boolean|false|false
13:14:38.0 (33065029)|VARIABLE_ASSIGNMENT|[157]|selection|true
13:14:38.0 (33068612)|VARIABLE_SCOPE_BEGIN|[157]|tm|Time|false|false
13:14:38.0 (33076973)|VARIABLE_ASSIGNMENT|[157]|tm|55800000
13:14:38.0 (33081427)|STATEMENT_EXECUTE|[153]
13:14:38.0 (33083370)|STATEMENT_EXECUTE|[154]
13:14:38.0 (33085080)|STATEMENT_EXECUTE|[155]
13:14:38.0 (33093782)|STATEMENT_EXECUTE|[157]
13:14:38.0 (33095273)|STATEMENT_EXECUTE|[158]
13:14:38.0 (33106702)|VARIABLE_ASSIGNMENT|[EXTERNAL]|this|{}|0x5c2ae7c1
13:14:38.0 (33114867)|VARIABLE_ASSIGNMENT|[EXTERNAL]|value|true
13:14:38.0 (33119741)|HEAP_ALLOCATE|[154]|Bytes:5
13:14:38.0 (33125877)|VARIABLE_ASSIGNMENT|[154]|this.selected|true|0x5c2ae7c1
13:14:38.0 (33134081)|STATEMENT_EXECUTE|[159]
13:14:38.0 (33145785)|VARIABLE_ASSIGNMENT|[EXTERNAL]|this|{"selected":true}|0x5c2ae7c1
13:14:38.0 (33154362)|VARIABLE_ASSIGNMENT|[EXTERNAL]|value|55800000
13:14:38.0 (33161398)|VARIABLE_ASSIGNMENT|[155]|this.t|55800000|0x5c2ae7c1
13:14:38.0 (33175228)|CONSTRUCTOR_EXIT|[65]|01p0H000007gCe8|<init>(Boolean,Time)
13:14:38.0 (33184438)|HEAP_ALLOCATE|[EXTERNAL]|Bytes:4
13:14:38.0 (33195238)|HEAP_ALLOCATE|[56]|Bytes:28
13:14:38.0 (33199938)|HEAP_ALLOCATE|[56]|Bytes:28
13:14:38.0 (33217853)|STATEMENT_EXECUTE|[56]
13:14:38.0 (33219639)|STATEMENT_EXECUTE|[57]
13:14:38.0 (33228167)|USER_DEBUG|[57]|DEBUG|15:30:00.000Z
13:14:38.0 (33235560)|STATEMENT_EXECUTE|[58]
13:14:38.0 (33243906)|HEAP_ALLOCATE|[58]|Bytes:4
13:14:38.0 (33257553)|VARIABLE_ASSIGNMENT|[58]|t|57600000
13:14:38.0 (33261911)|STATEMENT_EXECUTE|[59]
13:14:38.0 (33266487)|HEAP_ALLOCATE|[59]|Bytes:28
13:14:38.0 (33278768)|HEAP_ALLOCATE|[59]|Bytes:28
13:14:38.0 (33289712)|VARIABLE_ASSIGNMENT|[59]|i1|4.0
13:14:38.0 (33294208)|STATEMENT_EXECUTE|[60]
13:14:38.0 (33322467)|VARIABLE_ASSIGNMENT|[EXTERNAL]|this|{"aptdum":"0x193669df","Docdum":"0x74a09b1","Docmap":"0x43bb55a4","Selecteddoc":"a260H000001koYjQAI","SelectedtimeSlot":30,"timelist":"0x1b55e722","timewraplist":"0x29b56c8b","timewraplistInitial":"0x3c02161f"}|0x23f17285
13:14:38.0 (33336612)|HEAP_ALLOCATE|[EXTERNAL]|Bytes:4
13:14:38.0 (33348190)|STATEMENT_EXECUTE|[64]
13:14:38.0 (33349826)|STATEMENT_EXECUTE|[65]
13:14:38.0 (33373153)|VARIABLE_ASSIGNMENT|[EXTERNAL]|this|{"aptdum":"0x193669df","Docdum":"0x74a09b1","Docmap":"0x43bb55a4","Selecteddoc":"a260H000001koYjQAI","SelectedtimeSlot":30,"timelist":"0x1b55e722","timewraplist":"0x29b56c8b","timewraplistInitial":"0x3c02161f"}|0x23f17285
13:14:38.0 (33385277)|HEAP_ALLOCATE|[65]|Bytes:12
13:14:38.0 (33396917)|CONSTRUCTOR_ENTRY|[65]|01p0H000007gCe8|<init>(Boolean,Time)
13:14:38.0 (33402991)|VARIABLE_SCOPE_BEGIN|[157]|this|docappcontroller.Wrapertimeslot|true|false
13:14:38.0 (33416055)|VARIABLE_ASSIGNMENT|[157]|this|{}|0x59b1547e
13:14:38.0 (33422075)|VARIABLE_SCOPE_BEGIN|[157]|selection|Boolean|false|false
13:14:38.0 (33429647)|VARIABLE_ASSIGNMENT|[157]|selection|true
13:14:38.0 (33433283)|VARIABLE_SCOPE_BEGIN|[157]|tm|Time|false|false
13:14:38.0 (33441201)|VARIABLE_ASSIGNMENT|[157]|tm|57600000
13:14:38.0 (33445425)|STATEMENT_EXECUTE|[153]
13:14:38.0 (33447299)|STATEMENT_EXECUTE|[154]
13:14:38.0 (33449002)|STATEMENT_EXECUTE|[155]
13:14:38.0 (33457832)|STATEMENT_EXECUTE|[157]
13:14:38.0 (33459335)|STATEMENT_EXECUTE|[158]
13:14:38.0 (33470836)|VARIABLE_ASSIGNMENT|[EXTERNAL]|this|{}|0x59b1547e
13:14:38.0 (33479257)|VARIABLE_ASSIGNMENT|[EXTERNAL]|value|true
13:14:38.0 (33484269)|HEAP_ALLOCATE|[154]|Bytes:5
13:14:38.0 (33490356)|VARIABLE_ASSIGNMENT|[154]|this.selected|true|0x59b1547e
13:14:38.0 (33498503)|STATEMENT_EXECUTE|[159]
13:14:38.0 (33510378)|VARIABLE_ASSIGNMENT|[EXTERNAL]|this|{"selected":true}|0x59b1547e
13:14:38.0 (33518852)|VARIABLE_ASSIGNMENT|[EXTERNAL]|value|57600000
13:14:38.0 (33525650)|VARIABLE_ASSIGNMENT|[155]|this.t|57600000|0x59b1547e
13:14:38.0 (33539039)|CONSTRUCTOR_EXIT|[65]|01p0H000007gCe8|<init>(Boolean,Time)
13:14:38.0 (33547622)|HEAP_ALLOCATE|[EXTERNAL]|Bytes:4
13:14:38.0 (33557989)|HEAP_ALLOCATE|[56]|Bytes:28
13:14:38.0 (33562015)|HEAP_ALLOCATE|[56]|Bytes:28
13:14:38.0 (33584469)|STATEMENT_EXECUTE|[56]
13:14:38.0 (33586246)|STATEMENT_EXECUTE|[57]
13:14:38.0 (33594510)|USER_DEBUG|[57]|DEBUG|16:00:00.000Z
13:14:38.0 (33600919)|STATEMENT_EXECUTE|[58]
13:14:38.0 (33609274)|HEAP_ALLOCATE|[58]|Bytes:4
13:14:38.0 (33623361)|VARIABLE_ASSIGNMENT|[58]|t|59400000
13:14:38.0 (33627333)|STATEMENT_EXECUTE|[59]
13:14:38.0 (33631946)|HEAP_ALLOCATE|[59]|Bytes:28
13:14:38.0 (33643796)|HEAP_ALLOCATE|[59]|Bytes:28
13:14:38.0 (33654290)|VARIABLE_ASSIGNMENT|[59]|i1|4.5
13:14:38.0 (33658190)|STATEMENT_EXECUTE|[60]
13:14:38.0 (33686971)|VARIABLE_ASSIGNMENT|[EXTERNAL]|this|{"aptdum":"0x193669df","Docdum":"0x74a09b1","Docmap":"0x43bb55a4","Selecteddoc":"a260H000001koYjQAI","SelectedtimeSlot":30,"timelist":"0x1b55e722","timewraplist":"0x29b56c8b","timewraplistInitial":"0x3c02161f"}|0x23f17285
13:14:38.0 (33700746)|HEAP_ALLOCATE|[EXTERNAL]|Bytes:4
13:14:38.0 (33712357)|STATEMENT_EXECUTE|[64]
13:14:38.0 (33714050)|STATEMENT_EXECUTE|[65]
13:14:38.0 (33737973)|VARIABLE_ASSIGNMENT|[EXTERNAL]|this|{"aptdum":"0x193669df","Docdum":"0x74a09b1","Docmap":"0x43bb55a4","Selecteddoc":"a260H000001koYjQAI","SelectedtimeSlot":30,"timelist":"0x1b55e722","timewraplist":"0x29b56c8b","timewraplistInitial":"0x3c02161f"}|0x23f17285
13:14:38.0 (33750005)|HEAP_ALLOCATE|[65]|Bytes:12
13:14:38.0 (33761858)|CONSTRUCTOR_ENTRY|[65]|01p0H000007gCe8|<init>(Boolean,Time)
13:14:38.0 (33767274)|VARIABLE_SCOPE_BEGIN|[157]|this|docappcontroller.Wrapertimeslot|true|false
13:14:38.0 (33780468)|VARIABLE_ASSIGNMENT|[157]|this|{}|0x32021943
13:14:38.0 (33786814)|VARIABLE_SCOPE_BEGIN|[157]|selection|Boolean|false|false
13:14:38.0 (33793937)|VARIABLE_ASSIGNMENT|[157]|selection|true
13:14:38.0 (33797623)|VARIABLE_SCOPE_BEGIN|[157]|tm|Time|false|false
13:14:38.0 (33805311)|VARIABLE_ASSIGNMENT|[157]|tm|59400000
13:14:38.0 (33810065)|STATEMENT_EXECUTE|[153]
13:14:38.0 (33811584)|STATEMENT_EXECUTE|[154]
13:14:38.0 (33813041)|STATEMENT_EXECUTE|[155]
13:14:38.0 (33821863)|STATEMENT_EXECUTE|[157]
13:14:38.0 (33823515)|STATEMENT_EXECUTE|[158]
13:14:38.0 (33834974)|VARIABLE_ASSIGNMENT|[EXTERNAL]|this|{}|0x32021943
13:14:38.0 (33843865)|VARIABLE_ASSIGNMENT|[EXTERNAL]|value|true
13:14:38.0 (33848803)|HEAP_ALLOCATE|[154]|Bytes:5
13:14:38.0 (33854695)|VARIABLE_ASSIGNMENT|[154]|this.selected|true|0x32021943
13:14:38.0 (33861747)|STATEMENT_EXECUTE|[159]
13:14:38.0 (33873454)|VARIABLE_ASSIGNMENT|[EXTERNAL]|this|{"selected":true}|0x32021943
13:14:38.0 (33881790)|VARIABLE_ASSIGNMENT|[EXTERNAL]|value|59400000
13:14:38.0 (33889448)|VARIABLE_ASSIGNMENT|[155]|this.t|59400000|0x32021943
13:14:38.0 (33903390)|CONSTRUCTOR_EXIT|[65]|01p0H000007gCe8|<init>(Boolean,Time)
13:14:38.0 (33911935)|HEAP_ALLOCATE|[EXTERNAL]|Bytes:4
13:14:38.0 (33922346)|HEAP_ALLOCATE|[56]|Bytes:28
13:14:38.0 (33926683)|HEAP_ALLOCATE|[56]|Bytes:28
13:14:38.0 (33944338)|STATEMENT_EXECUTE|[56]
13:14:38.0 (33949751)|STATEMENT_EXECUTE|[57]
13:14:38.0 (33961883)|USER_DEBUG|[57]|DEBUG|16:30:00.000Z
13:14:38.0 (33972506)|STATEMENT_EXECUTE|[58]
13:14:38.0 (33982061)|HEAP_ALLOCATE|[58]|Bytes:4
13:14:38.0 (33998028)|VARIABLE_ASSIGNMENT|[58]|t|61200000
13:14:38.0 (34002929)|STATEMENT_EXECUTE|[59]
13:14:38.0 (34008380)|HEAP_ALLOCATE|[59]|Bytes:28
13:14:38.0 (34021708)|HEAP_ALLOCATE|[59]|Bytes:28
13:14:38.0 (34033239)|VARIABLE_ASSIGNMENT|[59]|i1|5.0
13:14:38.0 (34037728)|STATEMENT_EXECUTE|[60]
13:14:38.0 (34068178)|VARIABLE_ASSIGNMENT|[EXTERNAL]|this|{"aptdum":"0x193669df","Docdum":"0x74a09b1","Docmap":"0x43bb55a4","Selecteddoc":"a260H000001koYjQAI","SelectedtimeSlot":30,"timelist":"0x1b55e722","timewraplist":"0x29b56c8b","timewraplistInitial":"0x3c02161f"}|0x23f17285
13:14:38.0 (34082598)|HEAP_ALLOCATE|[EXTERNAL]|Bytes:4
13:14:38.0 (34094641)|STATEMENT_EXECUTE|[62]
13:14:38.0 (34096283)|STATEMENT_EXECUTE|[63]
13:14:38.0 (34120747)|VARIABLE_ASSIGNMENT|[EXTERNAL]|this|{"aptdum":"0x193669df","Docdum":"0x74a09b1","Docmap":"0x43bb55a4","Selecteddoc":"a260H000001koYjQAI","SelectedtimeSlot":30,"timelist":"0x1b55e722","timewraplist":"0x29b56c8b","timewraplistInitial":"0x3c02161f"}|0x23f17285
13:14:38.0 (34133167)|HEAP_ALLOCATE|[63]|Bytes:12
13:14:38.0 (34144748)|CONSTRUCTOR_ENTRY|[63]|01p0H000007gCe8|<init>(Boolean,Time)
13:14:38.0 (34150469)|VARIABLE_SCOPE_BEGIN|[157]|this|docappcontroller.Wrapertimeslot|true|false
13:14:38.0 (34163811)|VARIABLE_ASSIGNMENT|[157]|this|{}|0x51ce1524
13:14:38.0 (34170569)|VARIABLE_SCOPE_BEGIN|[157]|selection|Boolean|false|false
13:14:38.0 (34177770)|VARIABLE_ASSIGNMENT|[157]|selection|false
13:14:38.0 (34181753)|VARIABLE_SCOPE_BEGIN|[157]|tm|Time|false|false
13:14:38.0 (34189721)|VARIABLE_ASSIGNMENT|[157]|tm|61200000
13:14:38.0 (34193637)|STATEMENT_EXECUTE|[153]
13:14:38.0 (34195208)|STATEMENT_EXECUTE|[154]
13:14:38.0 (34197006)|STATEMENT_EXECUTE|[155]
13:14:38.0 (34205674)|STATEMENT_EXECUTE|[157]
13:14:38.0 (34207190)|STATEMENT_EXECUTE|[158]
13:14:38.0 (34218879)|VARIABLE_ASSIGNMENT|[EXTERNAL]|this|{}|0x51ce1524
13:14:38.0 (34227882)|VARIABLE_ASSIGNMENT|[EXTERNAL]|value|false
13:14:38.0 (34233168)|HEAP_ALLOCATE|[154]|Bytes:5
13:14:38.0 (34239376)|VARIABLE_ASSIGNMENT|[154]|this.selected|false|0x51ce1524
13:14:38.0 (34247100)|STATEMENT_EXECUTE|[159]
13:14:38.0 (34258915)|VARIABLE_ASSIGNMENT|[EXTERNAL]|this|{"selected":false}|0x51ce1524
13:14:38.0 (34267958)|VARIABLE_ASSIGNMENT|[EXTERNAL]|value|61200000
13:14:38.0 (34274572)|VARIABLE_ASSIGNMENT|[155]|this.t|61200000|0x51ce1524
13:14:38.0 (34288315)|CONSTRUCTOR_EXIT|[63]|01p0H000007gCe8|<init>(Boolean,Time)
13:14:38.0 (34297575)|HEAP_ALLOCATE|[EXTERNAL]|Bytes:4
13:14:38.0 (34308603)|HEAP_ALLOCATE|[56]|Bytes:28
13:14:38.0 (34312491)|HEAP_ALLOCATE|[56]|Bytes:28
13:14:38.0 (34329073)|STATEMENT_EXECUTE|[56]
13:14:38.0 (34330772)|STATEMENT_EXECUTE|[57]
13:14:38.0 (34339049)|USER_DEBUG|[57]|DEBUG|17:00:00.000Z
13:14:38.0 (34345818)|STATEMENT_EXECUTE|[58]
13:14:38.0 (34353782)|HEAP_ALLOCATE|[58]|Bytes:4
13:14:38.0 (34367495)|VARIABLE_ASSIGNMENT|[58]|t|63000000
13:14:38.0 (34371882)|STATEMENT_EXECUTE|[59]
13:14:38.0 (34377048)|HEAP_ALLOCATE|[59]|Bytes:28
13:14:38.0 (34389026)|HEAP_ALLOCATE|[59]|Bytes:28
13:14:38.0 (34399839)|VARIABLE_ASSIGNMENT|[59]|i1|5.5
13:14:38.0 (34403749)|STATEMENT_EXECUTE|[60]
13:14:38.0 (34432216)|VARIABLE_ASSIGNMENT|[EXTERNAL]|this|{"aptdum":"0x193669df","Docdum":"0x74a09b1","Docmap":"0x43bb55a4","Selecteddoc":"a260H000001koYjQAI","SelectedtimeSlot":30,"timelist":"0x1b55e722","timewraplist":"0x29b56c8b","timewraplistInitial":"0x3c02161f"}|0x23f17285
13:14:38.0 (34447107)|HEAP_ALLOCATE|[EXTERNAL]|Bytes:4
13:14:38.0 (34459241)|STATEMENT_EXECUTE|[62]
13:14:38.0 (34460829)|STATEMENT_EXECUTE|[63]
13:14:38.0 (34485042)|VARIABLE_ASSIGNMENT|[EXTERNAL]|this|{"aptdum":"0x193669df","Docdum":"0x74a09b1","Docmap":"0x43bb55a4","Selecteddoc":"a260H000001koYjQAI","SelectedtimeSlot":30,"timelist":"0x1b55e722","timewraplist":"0x29b56c8b","timewraplistInitial":"0x3c02161f"}|0x23f17285
13:14:38.0 (34496966)|HEAP_ALLOCATE|[63]|Bytes:12
13:14:38.0 (34508592)|CONSTRUCTOR_ENTRY|[63]|01p0H000007gCe8|<init>(Boolean,Time)
13:14:38.0 (34514620)|VARIABLE_SCOPE_BEGIN|[157]|this|docappcontroller.Wrapertimeslot|true|false
13:14:38.0 (34528651)|VARIABLE_ASSIGNMENT|[157]|this|{}|0x4d7184e
13:14:38.0 (34535141)|VARIABLE_SCOPE_BEGIN|[157]|selection|Boolean|false|false
13:14:38.0 (34542520)|VARIABLE_ASSIGNMENT|[157]|selection|false
13:14:38.0 (34545936)|VARIABLE_SCOPE_BEGIN|[157]|tm|Time|false|false
13:14:38.0 (34553655)|VARIABLE_ASSIGNMENT|[157]|tm|63000000
13:14:38.0 (34558138)|STATEMENT_EXECUTE|[153]
13:14:38.0 (34559716)|STATEMENT_EXECUTE|[154]
13:14:38.0 (34561223)|STATEMENT_EXECUTE|[155]
13:14:38.0 (34574496)|STATEMENT_EXECUTE|[157]
13:14:38.0 (34576166)|STATEMENT_EXECUTE|[158]
13:14:38.0 (34588551)|VARIABLE_ASSIGNMENT|[EXTERNAL]|this|{}|0x4d7184e
13:14:38.0 (34597053)|VARIABLE_ASSIGNMENT|[EXTERNAL]|value|false
13:14:38.0 (34602071)|HEAP_ALLOCATE|[154]|Bytes:5
13:14:38.0 (34608590)|VARIABLE_ASSIGNMENT|[154]|this.selected|false|0x4d7184e
13:14:38.0 (34616314)|STATEMENT_EXECUTE|[159]
13:14:38.0 (34628254)|VARIABLE_ASSIGNMENT|[EXTERNAL]|this|{"selected":false}|0x4d7184e
13:14:38.0 (34636959)|VARIABLE_ASSIGNMENT|[EXTERNAL]|value|63000000
13:14:38.0 (34643758)|VARIABLE_ASSIGNMENT|[155]|this.t|63000000|0x4d7184e
13:14:38.0 (34657448)|CONSTRUCTOR_EXIT|[63]|01p0H000007gCe8|<init>(Boolean,Time)
13:14:38.0 (34666142)|HEAP_ALLOCATE|[EXTERNAL]|Bytes:4
13:14:38.0 (34677387)|HEAP_ALLOCATE|[56]|Bytes:28
13:14:38.0 (34681413)|HEAP_ALLOCATE|[56]|Bytes:28
13:14:38.0 (34698827)|STATEMENT_EXECUTE|[56]
13:14:38.0 (34700581)|STATEMENT_EXECUTE|[57]
13:14:38.0 (34709080)|USER_DEBUG|[57]|DEBUG|17:30:00.000Z
13:14:38.0 (34715659)|STATEMENT_EXECUTE|[58]
13:14:38.0 (34724027)|HEAP_ALLOCATE|[58]|Bytes:4
13:14:38.0 (34737812)|VARIABLE_ASSIGNMENT|[58]|t|64800000
13:14:38.0 (34742201)|STATEMENT_EXECUTE|[59]
13:14:38.0 (34747149)|HEAP_ALLOCATE|[59]|Bytes:28
13:14:38.0 (34758973)|HEAP_ALLOCATE|[59]|Bytes:28
13:14:38.0 (34769893)|VARIABLE_ASSIGNMENT|[59]|i1|6.0
13:14:38.0 (34773794)|STATEMENT_EXECUTE|[60]
13:14:38.0 (34802065)|VARIABLE_ASSIGNMENT|[EXTERNAL]|this|{"aptdum":"0x193669df","Docdum":"0x74a09b1","Docmap":"0x43bb55a4","Selecteddoc":"a260H000001koYjQAI","SelectedtimeSlot":30,"timelist":"0x1b55e722","timewraplist":"0x29b56c8b","timewraplistInitial":"0x3c02161f"}|0x23f17285
13:14:38.0 (34816190)|HEAP_ALLOCATE|[EXTERNAL]|Bytes:4
13:14:38.0 (34827903)|STATEMENT_EXECUTE|[62]
13:14:38.0 (34829476)|STATEMENT_EXECUTE|[63]
13:14:38.0 (34854449)|VARIABLE_ASSIGNMENT|[EXTERNAL]|this|{"aptdum":"0x193669df","Docdum":"0x74a09b1","Docmap":"0x43bb55a4","Selecteddoc":"a260H000001koYjQAI","SelectedtimeSlot":30,"timelist":"0x1b55e722","timewraplist":"0x29b56c8b","timewraplistInitial":"0x3c02161f"}|0x23f17285
13:14:38.0 (34866204)|HEAP_ALLOCATE|[63]|Bytes:12
13:14:38.0 (34878117)|CONSTRUCTOR_ENTRY|[63]|01p0H000007gCe8|<init>(Boolean,Time)
13:14:38.0 (34883483)|VARIABLE_SCOPE_BEGIN|[157]|this|docappcontroller.Wrapertimeslot|true|false
13:14:38.0 (34897601)|VARIABLE_ASSIGNMENT|[157]|this|{}|0x568525a3
13:14:38.0 (34904083)|VARIABLE_SCOPE_BEGIN|[157]|selection|Boolean|false|false
13:14:38.0 (34911442)|VARIABLE_ASSIGNMENT|[157]|selection|false
13:14:38.0 (34915098)|VARIABLE_SCOPE_BEGIN|[157]|tm|Time|false|false
13:14:38.0 (34922625)|VARIABLE_ASSIGNMENT|[157]|tm|64800000
13:14:38.0 (34927519)|STATEMENT_EXECUTE|[153]
13:14:38.0 (34929265)|STATEMENT_EXECUTE|[154]
13:14:38.0 (34931014)|STATEMENT_EXECUTE|[155]
13:14:38.0 (34939152)|STATEMENT_EXECUTE|[157]
13:14:38.0 (34940703)|STATEMENT_EXECUTE|[158]
13:14:38.0 (34952191)|VARIABLE_ASSIGNMENT|[EXTERNAL]|this|{}|0x568525a3
13:14:38.0 (34960875)|VARIABLE_ASSIGNMENT|[EXTERNAL]|value|false
13:14:38.0 (34966997)|HEAP_ALLOCATE|[154]|Bytes:5
13:14:38.0 (34972755)|VARIABLE_ASSIGNMENT|[154]|this.selected|false|0x568525a3
13:14:38.0 (34979781)|STATEMENT_EXECUTE|[159]
13:14:38.0 (34991497)|VARIABLE_ASSIGNMENT|[EXTERNAL]|this|{"selected":false}|0x568525a3
13:14:38.0 (35000266)|VARIABLE_ASSIGNMENT|[EXTERNAL]|value|64800000
13:14:38.0 (35007525)|VARIABLE_ASSIGNMENT|[155]|this.t|64800000|0x568525a3
13:14:38.0 (35021350)|CONSTRUCTOR_EXIT|[63]|01p0H000007gCe8|<init>(Boolean,Time)
13:14:38.0 (35030904)|HEAP_ALLOCATE|[EXTERNAL]|Bytes:4
13:14:38.0 (35041497)|HEAP_ALLOCATE|[56]|Bytes:28
13:14:38.0 (35045369)|HEAP_ALLOCATE|[56]|Bytes:28
13:14:38.0 (35062939)|STATEMENT_EXECUTE|[56]
13:14:38.0 (35064717)|STATEMENT_EXECUTE|[57]
13:14:38.0 (35072587)|USER_DEBUG|[57]|DEBUG|18:00:00.000Z
13:14:38.0 (35079827)|STATEMENT_EXECUTE|[58]
13:14:38.0 (35088035)|HEAP_ALLOCATE|[58]|Bytes:4
13:14:38.0 (35101492)|VARIABLE_ASSIGNMENT|[58]|t|66600000
13:14:38.0 (35106241)|STATEMENT_EXECUTE|[59]
13:14:38.0 (35110866)|HEAP_ALLOCATE|[59]|Bytes:28
13:14:38.0 (35122908)|HEAP_ALLOCATE|[59]|Bytes:28
13:14:38.0 (35133764)|VARIABLE_ASSIGNMENT|[59]|i1|6.5
13:14:38.0 (35137821)|STATEMENT_EXECUTE|[60]
13:14:38.0 (35166041)|VARIABLE_ASSIGNMENT|[EXTERNAL]|this|{"aptdum":"0x193669df","Docdum":"0x74a09b1","Docmap":"0x43bb55a4","Selecteddoc":"a260H000001koYjQAI","SelectedtimeSlot":30,"timelist":"0x1b55e722","timewraplist":"0x29b56c8b","timewraplistInitial":"0x3c02161f"}|0x23f17285
13:14:38.0 (35179602)|HEAP_ALLOCATE|[EXTERNAL]|Bytes:4
13:14:38.0 (35191746)|STATEMENT_EXECUTE|[62]
13:14:38.0 (35193289)|STATEMENT_EXECUTE|[63]
13:14:38.0 (35216956)|VARIABLE_ASSIGNMENT|[EXTERNAL]|this|{"aptdum":"0x193669df","Docdum":"0x74a09b1","Docmap":"0x43bb55a4","Selecteddoc":"a260H000001koYjQAI","SelectedtimeSlot":30,"timelist":"0x1b55e722","timewraplist":"0x29b56c8b","timewraplistInitial":"0x3c02161f"}|0x23f17285
13:14:38.0 (35229585)|HEAP_ALLOCATE|[63]|Bytes:12
13:14:38.0 (35240715)|CONSTRUCTOR_ENTRY|[63]|01p0H000007gCe8|<init>(Boolean,Time)
13:14:38.0 (35246254)|VARIABLE_SCOPE_BEGIN|[157]|this|docappcontroller.Wrapertimeslot|true|false
13:14:38.0 (35260098)|VARIABLE_ASSIGNMENT|[157]|this|{}|0x2241c6df
13:14:38.0 (35266536)|VARIABLE_SCOPE_BEGIN|[157]|selection|Boolean|false|false
13:14:38.0 (35273675)|VARIABLE_ASSIGNMENT|[157]|selection|false
13:14:38.0 (35277318)|VARIABLE_SCOPE_BEGIN|[157]|tm|Time|false|false
13:14:38.0 (35285309)|VARIABLE_ASSIGNMENT|[157]|tm|66600000
13:14:38.0 (35289669)|STATEMENT_EXECUTE|[153]
13:14:38.0 (35291530)|STATEMENT_EXECUTE|[154]
13:14:38.0 (35292934)|STATEMENT_EXECUTE|[155]
13:14:38.0 (35300950)|STATEMENT_EXECUTE|[157]
13:14:38.0 (35302443)|STATEMENT_EXECUTE|[158]
13:14:38.0 (35314133)|VARIABLE_ASSIGNMENT|[EXTERNAL]|this|{}|0x2241c6df
13:14:38.0 (35322351)|VARIABLE_ASSIGNMENT|[EXTERNAL]|value|false
13:14:38.0 (35327601)|HEAP_ALLOCATE|[154]|Bytes:5
13:14:38.0 (35333316)|VARIABLE_ASSIGNMENT|[154]|this.selected|false|0x2241c6df
13:14:38.0 (35341365)|STATEMENT_EXECUTE|[159]
13:14:38.0 (35353003)|VARIABLE_ASSIGNMENT|[EXTERNAL]|this|{"selected":false}|0x2241c6df
13:14:38.0 (35362016)|VARIABLE_ASSIGNMENT|[EXTERNAL]|value|66600000
13:14:38.0 (35368303)|VARIABLE_ASSIGNMENT|[155]|this.t|66600000|0x2241c6df
13:14:38.0 (35381598)|CONSTRUCTOR_EXIT|[63]|01p0H000007gCe8|<init>(Boolean,Time)
13:14:38.0 (35390302)|HEAP_ALLOCATE|[EXTERNAL]|Bytes:4
13:14:38.0 (35400463)|HEAP_ALLOCATE|[56]|Bytes:28
13:14:38.0 (35403886)|HEAP_ALLOCATE|[56]|Bytes:28
13:14:38.0 (35420743)|STATEMENT_EXECUTE|[56]
13:14:38.0 (35422430)|STATEMENT_EXECUTE|[57]
13:14:38.0 (35430462)|USER_DEBUG|[57]|DEBUG|18:30:00.000Z
13:14:38.0 (35436871)|STATEMENT_EXECUTE|[58]
13:14:38.0 (35444823)|HEAP_ALLOCATE|[58]|Bytes:4
13:14:38.0 (35458649)|VARIABLE_ASSIGNMENT|[58]|t|68400000
13:14:38.0 (35462893)|STATEMENT_EXECUTE|[59]
13:14:38.0 (35467755)|HEAP_ALLOCATE|[59]|Bytes:28
13:14:38.0 (35480236)|HEAP_ALLOCATE|[59]|Bytes:28
13:14:38.0 (35491420)|VARIABLE_ASSIGNMENT|[59]|i1|7.0
13:14:38.0 (35495427)|STATEMENT_EXECUTE|[60]
13:14:38.0 (35523363)|VARIABLE_ASSIGNMENT|[EXTERNAL]|this|{"aptdum":"0x193669df","Docdum":"0x74a09b1","Docmap":"0x43bb55a4","Selecteddoc":"a260H000001koYjQAI","SelectedtimeSlot":30,"timelist":"0x1b55e722","timewraplist":"0x29b56c8b","timewraplistInitial":"0x3c02161f"}|0x23f17285
13:14:38.0 (35537302)|HEAP_ALLOCATE|[EXTERNAL]|Bytes:4
13:14:38.0 (35549357)|STATEMENT_EXECUTE|[62]
13:14:38.0 (35550906)|STATEMENT_EXECUTE|[63]
13:14:38.0 (35579548)|VARIABLE_ASSIGNMENT|[EXTERNAL]|this|{"aptdum":"0x193669df","Docdum":"0x74a09b1","Docmap":"0x43bb55a4","Selecteddoc":"a260H000001koYjQAI","SelectedtimeSlot":30,"timelist":"0x1b55e722","timewraplist":"0x29b56c8b","timewraplistInitial":"0x3c02161f"}|0x23f17285
13:14:38.0 (35591319)|HEAP_ALLOCATE|[63]|Bytes:12
13:14:38.0 (35603028)|CONSTRUCTOR_ENTRY|[63]|01p0H000007gCe8|<init>(Boolean,Time)
13:14:38.0 (35608649)|VARIABLE_SCOPE_BEGIN|[157]|this|docappcontroller.Wrapertimeslot|true|false
13:14:38.0 (35622469)|VARIABLE_ASSIGNMENT|[157]|this|{}|0x37d35145
13:14:38.0 (35628947)|VARIABLE_SCOPE_BEGIN|[157]|selection|Boolean|false|false
13:14:38.0 (35636507)|VARIABLE_ASSIGNMENT|[157]|selection|false
13:14:38.0 (35640201)|VARIABLE_SCOPE_BEGIN|[157]|tm|Time|false|false
13:14:38.0 (35648479)|VARIABLE_ASSIGNMENT|[157]|tm|68400000
13:14:38.0 (35652685)|STATEMENT_EXECUTE|[153]
13:14:38.0 (35654206)|STATEMENT_EXECUTE|[154]
13:14:38.0 (35655627)|STATEMENT_EXECUTE|[155]
13:14:38.0 (35663995)|STATEMENT_EXECUTE|[157]
13:14:38.0 (35665767)|STATEMENT_EXECUTE|[158]
13:14:38.0 (35677129)|VARIABLE_ASSIGNMENT|[EXTERNAL]|this|{}|0x37d35145
13:14:38.0 (35685481)|VARIABLE_ASSIGNMENT|[EXTERNAL]|value|false
13:14:38.0 (35691428)|HEAP_ALLOCATE|[154]|Bytes:5
13:14:38.0 (35696737)|VARIABLE_ASSIGNMENT|[154]|this.selected|false|0x37d35145
13:14:38.0 (35703455)|STATEMENT_EXECUTE|[159]
13:14:38.0 (35714995)|VARIABLE_ASSIGNMENT|[EXTERNAL]|this|{"selected":false}|0x37d35145
13:14:38.0 (35723503)|VARIABLE_ASSIGNMENT|[EXTERNAL]|value|68400000
13:14:38.0 (35730334)|VARIABLE_ASSIGNMENT|[155]|this.t|68400000|0x37d35145
13:14:38.0 (35743774)|CONSTRUCTOR_EXIT|[63]|01p0H000007gCe8|<init>(Boolean,Time)
13:14:38.0 (35752686)|HEAP_ALLOCATE|[EXTERNAL]|Bytes:4
13:14:38.0 (35763083)|HEAP_ALLOCATE|[56]|Bytes:28
13:14:38.0 (35767365)|HEAP_ALLOCATE|[56]|Bytes:28
13:14:38.0 (35789320)|HEAP_ALLOCATE|[71]|Bytes:28
13:14:38.0 (35793457)|HEAP_ALLOCATE|[71]|Bytes:28
13:14:38.0 (35799544)|HEAP_ALLOCATE|[71]|Bytes:28
13:14:38.0 (35823365)|HEAP_ALLOCATE|[71]|Bytes:28
13:14:38.0 (35845518)|STATEMENT_EXECUTE|[71]
13:14:38.0 (35847788)|STATEMENT_EXECUTE|[77]
13:14:38.0 (35882726)|VARIABLE_ASSIGNMENT|[EXTERNAL]|this|{"aptdum":"0x193669df","Docdum":"0x74a09b1","Docmap":"0x43bb55a4","Selecteddoc":"a260H000001koYjQAI","SelectedtimeSlot":30,"timelist":"0x1b55e722","timewraplist":"0x29b56c8b","timewraplistInitial":"0x3c02161f"}|0x23f17285
13:14:38.0 (35902710)|VARIABLE_ASSIGNMENT|[77]|this.timewraplistInitial|"List of size 15 too large to display"|0x23f17285
13:14:38.0 (35908839)|STATEMENT_EXECUTE|[79]
13:14:38.39 (39228803)|SYSTEM_MODE_ENTER|true
13:14:38.39 (39293711)|HEAP_ALLOCATE|[EXTERNAL]|Bytes:8
13:14:38.39 (39303687)|VARIABLE_SCOPE_BEGIN|[88]|this|ApexPage.PageMessagesComponentController|true|false
13:14:38.39 (39333646)|VARIABLE_ASSIGNMENT|[88]|this|{}|0x196b6891
13:14:38.39 (39341282)|VARIABLE_SCOPE_BEGIN|[88]|escape|Boolean|false|false
13:14:38.39 (39349087)|VARIABLE_ASSIGNMENT|[88]|escape|null
13:14:38.39 (39443866)|SYSTEM_MODE_ENTER|true
13:14:38.39 (39477164)|HEAP_ALLOCATE|[EXTERNAL]|Bytes:8
13:14:38.39 (39483838)|VARIABLE_SCOPE_BEGIN|[2]|this|ApexPage.PageMessagesComponentController|true|false
13:14:38.39 (39504492)|VARIABLE_ASSIGNMENT|[2]|this|{}|0x196b6891
13:14:38.0 (39856514)|SYSTEM_MODE_ENTER|true
13:14:38.0 (40273906)|SYSTEM_MODE_ENTER|true
13:14:38.0 (40606033)|SYSTEM_MODE_ENTER|true
13:14:38.0 (40686843)|SYSTEM_MODE_ENTER|true
13:14:38.62 (62465915)|SYSTEM_MODE_ENTER|true
13:14:38.62 (62577916)|HEAP_ALLOCATE|[EXTERNAL]|Bytes:8
13:14:38.62 (62598534)|VARIABLE_SCOPE_BEGIN|[88]|this|ApexPage.PageMessagesComponentController|true|false
13:14:38.62 (62658463)|VARIABLE_ASSIGNMENT|[88]|this|{}|0x196b6891
13:14:38.62 (62667232)|VARIABLE_SCOPE_BEGIN|[88]|escape|Boolean|false|false
13:14:38.62 (62676058)|VARIABLE_ASSIGNMENT|[88]|escape|null
13:14:38.62 (62824561)|SYSTEM_MODE_ENTER|true
13:14:38.62 (62860881)|HEAP_ALLOCATE|[EXTERNAL]|Bytes:8
13:14:38.62 (62869003)|VARIABLE_SCOPE_BEGIN|[2]|this|ApexPage.PageMessagesComponentController|true|false
13:14:38.62 (62890846)|VARIABLE_ASSIGNMENT|[2]|this|{}|0x196b6891
13:14:38.0 (64500844)|SYSTEM_MODE_ENTER|true
13:14:38.0 (64546794)|HEAP_ALLOCATE|[EXTERNAL]|Bytes:40
13:14:38.0 (64555261)|VARIABLE_SCOPE_BEGIN|[112]|this|docappcontroller|true|false
13:14:38.0 (64614005)|VARIABLE_ASSIGNMENT|[112]|this|{"aptdum":"0x193669df","Docdum":"0x74a09b1","Docmap":"0x43bb55a4","Selecteddoc":"a260H000001koYjQAI","SelectedtimeSlot":30,"timelist":"0x1b55e722","timewraplist":"0x29b56c8b","timewraplistInitial":"0x29b56c8b"}|0x23f17285
13:14:38.0 (64626923)|STATEMENT_EXECUTE|[112]
13:14:38.0 (64629550)|STATEMENT_EXECUTE|[114]
13:14:38.0 (64643169)|HEAP_ALLOCATE|[114]|Bytes:4
13:14:38.0 (64662075)|VARIABLE_SCOPE_BEGIN|[114]|options|List<System.SelectOption>|true|false
13:14:38.0 (64687409)|HEAP_ALLOCATE|[EXTERNAL]|Bytes:4
13:14:38.0 (64699582)|VARIABLE_ASSIGNMENT|[114]|options|[]|0x1ceceb0c
13:14:38.0 (64705268)|STATEMENT_EXECUTE|[115]
13:14:38.0 (64731614)|HEAP_ALLOCATE|[EXTERNAL]|Bytes:4
13:14:38.0 (64772723)|VARIABLE_ASSIGNMENT|[EXTERNAL]|this|{"aptdum":"0x193669df","Docdum":"0x74a09b1","Docmap":"0x43bb55a4","Selecteddoc":"a260H000001koYjQAI","SelectedtimeSlot":30,"timelist":"0x1b55e722","timewraplist":"0x29b56c8b","timewraplistInitial":"0x29b56c8b"}|0x23f17285
13:14:38.0 (64785750)|STATEMENT_EXECUTE|[116]
13:14:38.0 (64811767)|VARIABLE_ASSIGNMENT|[EXTERNAL]|this|{"aptdum":"0x193669df","Docdum":"0x74a09b1","Docmap":"0x43bb55a4","Selecteddoc":"a260H000001koYjQAI","SelectedtimeSlot":30,"timelist":"0x1b55e722","timewraplist":"0x29b56c8b","timewraplistInitial":"0x29b56c8b"}|0x23f17285
13:14:38.0 (64833111)|HEAP_ALLOCATE|[EXTERNAL]|Bytes:12
13:14:38.0 (64854372)|HEAP_ALLOCATE|[117]|Bytes:237
13:14:38.0 (64877003)|HEAP_ALLOCATE|[117]|Bytes:5
13:14:38.0 (64893167)|HEAP_ALLOCATE|[117]|Bytes:24
13:14:38.0 (64903348)|VARIABLE_SCOPE_BEGIN|[117]|doc|Doctor__c|true|false
13:14:38.0 (64925217)|VARIABLE_ASSIGNMENT|[117]|doc|{"Id":"a260H000001koYjQAI","Name":"doc 2","End_Time__c":68400000,"Speciality__c":"General Surgery","Start_Time__c":43200000}|0x27b561b4
13:14:38.0 (64932698)|STATEMENT_EXECUTE|[117]
13:14:38.0 (64934456)|STATEMENT_EXECUTE|[118]
13:14:38.0 (64955738)|HEAP_ALLOCATE|[118]|Bytes:18
13:14:38.0 (64970600)|HEAP_ALLOCATE|[EXTERNAL]|Bytes:4
13:14:38.0 (64981810)|HEAP_ALLOCATE|[117]|Bytes:5
13:14:38.0 (64990376)|HEAP_ALLOCATE|[117]|Bytes:24
13:14:38.0 (64995922)|VARIABLE_SCOPE_BEGIN|[117]|doc|Doctor__c|true|false
13:14:38.0 (65009246)|VARIABLE_ASSIGNMENT|[117]|doc|{"Id":"a260H000001koYeQAI","Name":"Doc1","End_Time__c":64800000,"Speciality__c":"General Surgery","Start_Time__c":32400000}|0x724935f
13:14:38.0 (65016432)|STATEMENT_EXECUTE|[117]
13:14:38.0 (65017966)|STATEMENT_EXECUTE|[118]
13:14:38.0 (65023958)|HEAP_ALLOCATE|[118]|Bytes:18
13:14:38.0 (65034375)|HEAP_ALLOCATE|[EXTERNAL]|Bytes:4
13:14:38.0 (65044015)|HEAP_ALLOCATE|[117]|Bytes:5
13:14:38.0 (65053046)|VARIABLE_ASSIGNMENT|[117]|doc|null|
13:14:38.0 (65058027)|STATEMENT_EXECUTE|[124]
13:14:38.0 (65227435)|SYSTEM_MODE_ENTER|true
13:14:38.0 (68756770)|SYSTEM_MODE_ENTER|true
13:14:38.0 (68797587)|HEAP_ALLOCATE|[EXTERNAL]|Bytes:40
13:14:38.0 (68806416)|VARIABLE_SCOPE_BEGIN|[129]|this|docappcontroller|true|false
13:14:38.0 (68847641)|VARIABLE_ASSIGNMENT|[129]|this|{"aptdum":"0x193669df","Docdum":"0x74a09b1","Docmap":"0x43bb55a4","Selecteddoc":"a260H000001koYjQAI","SelectedtimeSlot":30,"timelist":"0x1b55e722","timewraplist":"0x29b56c8b","timewraplistInitial":"0x29b56c8b"}|0x23f17285
13:14:38.0 (68859707)|STATEMENT_EXECUTE|[129]
13:14:38.0 (68861732)|STATEMENT_EXECUTE|[131]
13:14:38.0 (68871653)|HEAP_ALLOCATE|[131]|Bytes:4
13:14:38.0 (68886617)|VARIABLE_SCOPE_BEGIN|[131]|options|List<System.SelectOption>|true|false
13:14:38.0 (68909081)|HEAP_ALLOCATE|[EXTERNAL]|Bytes:4
13:14:38.0 (68917890)|VARIABLE_ASSIGNMENT|[131]|options|[]|0x66a00bb8
13:14:38.0 (68923581)|STATEMENT_EXECUTE|[132]
13:14:38.0 (68938975)|HEAP_ALLOCATE|[EXTERNAL]|Bytes:4
13:14:38.0 (68945921)|STATEMENT_EXECUTE|[135]
13:14:38.0 (68953773)|HEAP_ALLOCATE|[EXTERNAL]|Bytes:4
13:14:38.0 (68959127)|STATEMENT_EXECUTE|[136]
13:14:38.0 (68965975)|HEAP_ALLOCATE|[EXTERNAL]|Bytes:4
13:14:38.0 (68970486)|STATEMENT_EXECUTE|[141]
13:14:38.0 (69092509)|SYSTEM_MODE_ENTER|true
13:14:38.0 (71051345)|VF_SERIALIZE_VIEWSTATE_BEGIN|0660H000004OdRk
13:14:38.0 (88643887)|VF_SERIALIZE_VIEWSTATE_END
13:14:38.0 (108323786)|CODE_UNIT_STARTED|[EXTERNAL]|Generate Metadata
13:14:38.0 (111125466)|CODE_UNIT_FINISHED|Generate Metadata
13:14:38.113 (113913803)|CUMULATIVE_LIMIT_USAGE
13:14:38.113 (113913803)|LIMIT_USAGE_FOR_NS|(default)|
  Number of SOQL queries: 1 out of 100
  Number of query rows: 1 out of 50000
  Number of SOSL queries: 0 out of 20
  Number of DML statements: 0 out of 150
  Number of DML rows: 0 out of 10000
  Maximum CPU time: 0 out of 10000
  Maximum heap size: 0 out of 6000000
  Number of callouts: 0 out of 100
  Number of Email Invocations: 0 out of 10
  Number of future calls: 0 out of 50
  Number of queueable jobs added to the queue: 0 out of 50
  Number of Mobile Apex push calls: 0 out of 10

13:14:38.113 (113913803)|CUMULATIVE_LIMIT_USAGE_END

13:14:38.0 (113955503)|CODE_UNIT_FINISHED|VF: /apex/docapp
13:14:38.0 (114712828)|EXECUTION_FINISHED
