42.0 APEX_CODE,FINEST;APEX_PROFILING,INFO;CALLOUT,INFO;DB,INFO;SYSTEM,DEBUG;VALIDATION,INFO;VISUALFORCE,INFO;WAVE,INFO;WORKFLOW,INFO
15:04:03.0 (298138)|USER_INFO|[EXTERNAL]|005i0000002qYvT|anton@igate.com|India Standard Time|GMT+05:30
15:04:03.0 (330948)|EXECUTION_STARTED
15:04:03.0 (337418)|CODE_UNIT_STARTED|[EXTERNAL]|0660H000004OdRk|VF: /apex/docapp
15:04:03.0 (1344244)|VF_DESERIALIZE_VIEWSTATE_BEGIN|0660H000004OdRk
15:04:03.0 (6769708)|HEAP_ALLOCATE|[72]|Bytes:3
15:04:03.0 (6835969)|HEAP_ALLOCATE|[77]|Bytes:152
15:04:03.0 (6848734)|HEAP_ALLOCATE|[342]|Bytes:408
15:04:03.0 (6860680)|HEAP_ALLOCATE|[355]|Bytes:408
15:04:03.0 (6871989)|HEAP_ALLOCATE|[467]|Bytes:48
15:04:03.0 (6897316)|HEAP_ALLOCATE|[139]|Bytes:6
15:04:03.0 (7383497)|HEAP_ALLOCATE|[50]|Bytes:5
15:04:03.0 (7424450)|HEAP_ALLOCATE|[56]|Bytes:5
15:04:03.0 (7433990)|HEAP_ALLOCATE|[64]|Bytes:7
15:04:03.0 (11188309)|VF_DESERIALIZE_VIEWSTATE_END
15:04:03.11 (11810238)|SYSTEM_MODE_ENTER|true
15:04:03.11 (12013040)|HEAP_ALLOCATE|[EXTERNAL]|Bytes:38
15:04:03.11 (12039001)|HEAP_ALLOCATE|[EXTERNAL]|Bytes:7
15:04:03.11 (12060971)|SYSTEM_METHOD_ENTRY|[1]|PageMessagesComponentController.PageMessagesComponentController()
15:04:03.11 (12067017)|STATEMENT_EXECUTE|[1]
15:04:03.12 (12882083)|SYSTEM_MODE_ENTER|true
15:04:03.12 (12940849)|HEAP_ALLOCATE|[EXTERNAL]|Bytes:8
15:04:03.12 (12950064)|VARIABLE_SCOPE_BEGIN|[88]|this|ApexPage.PageMessagesComponentController|true|false
15:04:03.12 (13002194)|VARIABLE_ASSIGNMENT|[88]|this|{}|0x1a694537
15:04:03.12 (13009670)|VARIABLE_SCOPE_BEGIN|[88]|escape|Boolean|false|false
15:04:03.12 (13018825)|VARIABLE_ASSIGNMENT|[88]|escape|null
15:04:03.0 (13185966)|SYSTEM_MODE_ENTER|true
15:04:03.0 (13210383)|HEAP_ALLOCATE|[EXTERNAL]|Bytes:14
15:04:03.0 (13217847)|HEAP_ALLOCATE|[EXTERNAL]|Bytes:248
15:04:03.0 (13221835)|HEAP_ALLOCATE|[EXTERNAL]|Bytes:53
15:04:03.0 (13225253)|HEAP_ALLOCATE|[EXTERNAL]|Bytes:17
15:04:03.0 (13231648)|METHOD_ENTRY|[1]|01p0H000007gCe8|docappcontroller.docappcontroller()
15:04:03.0 (13237120)|STATEMENT_EXECUTE|[1]
15:04:03.0 (13241311)|STATEMENT_EXECUTE|[1]
15:04:03.0 (13244074)|STATEMENT_EXECUTE|[199]
15:04:03.0 (13248144)|METHOD_EXIT|[1]|docappcontroller
15:04:03.0 (16824273)|SYSTEM_MODE_ENTER|true
15:04:03.0 (18777716)|SYSTEM_MODE_ENTER|true
15:04:03.0 (18939573)|SYSTEM_MODE_ENTER|true
15:04:03.0 (19159694)|HEAP_ALLOCATE|[EXTERNAL]|Bytes:108
15:04:03.0 (19169611)|HEAP_ALLOCATE|[EXTERNAL]|Bytes:11
15:04:03.0 (24949922)|SYSTEM_MODE_ENTER|true
15:04:03.0 (25202915)|HEAP_ALLOCATE|[EXTERNAL]|Bytes:48
15:04:03.0 (25214960)|VARIABLE_SCOPE_BEGIN|[158]|this|docappcontroller|true|false
15:04:03.0 (25284045)|VARIABLE_ASSIGNMENT|[158]|this|{"aptdum":"0x1eed085f","Docdum":"0x3d6ff48a","Docmap":"0x4b2d2ba2","Initialselected":5,"Selecteddoc":"a260H000001koYjQAI","SelectedtimeSlot":60,"timelist":"0x773d5453","timeset":"0x38983c64","timewraplist":"0x5c2b25c0","timewraplistInitial":"0x5c2b25c0"}|0x1dfdec3
15:04:03.0 (25298522)|STATEMENT_EXECUTE|[158]
15:04:03.0 (25301115)|STATEMENT_EXECUTE|[160]
15:04:03.0 (25314186)|HEAP_ALLOCATE|[160]|Bytes:4
15:04:03.0 (25347708)|VARIABLE_SCOPE_BEGIN|[160]|options|List<System.SelectOption>|true|false
15:04:03.0 (25372928)|HEAP_ALLOCATE|[EXTERNAL]|Bytes:4
15:04:03.0 (25384349)|VARIABLE_ASSIGNMENT|[160]|options|[]|0x4e4174d8
15:04:03.0 (25390036)|STATEMENT_EXECUTE|[161]
15:04:03.0 (25397458)|HEAP_ALLOCATE|[161]|Bytes:8
15:04:03.0 (25449493)|HEAP_ALLOCATE|[EXTERNAL]|Bytes:4
15:04:03.0 (25503023)|VARIABLE_ASSIGNMENT|[EXTERNAL]|this|{"aptdum":"0x1eed085f","Docdum":"0x3d6ff48a","Docmap":"0x4b2d2ba2","Initialselected":5,"Selecteddoc":"a260H000001koYjQAI","SelectedtimeSlot":60,"timelist":"0x773d5453","timeset":"0x38983c64","timewraplist":"0x5c2b25c0","timewraplistInitial":"0x5c2b25c0"}|0x1dfdec3
15:04:03.0 (25519459)|STATEMENT_EXECUTE|[162]
15:04:03.0 (25551295)|VARIABLE_ASSIGNMENT|[EXTERNAL]|this|{"aptdum":"0x1eed085f","Docdum":"0x3d6ff48a","Docmap":"0x4b2d2ba2","Initialselected":5,"Selecteddoc":"a260H000001koYjQAI","SelectedtimeSlot":60,"timelist":"0x773d5453","timeset":"0x38983c64","timewraplist":"0x5c2b25c0","timewraplistInitial":"0x5c2b25c0"}|0x1dfdec3
15:04:03.0 (25591029)|HEAP_ALLOCATE|[EXTERNAL]|Bytes:12
15:04:03.0 (25608716)|HEAP_ALLOCATE|[163]|Bytes:237
15:04:03.0 (25743821)|HEAP_ALLOCATE|[163]|Bytes:5
15:04:03.0 (25780386)|HEAP_ALLOCATE|[163]|Bytes:24
15:04:03.0 (25790530)|VARIABLE_SCOPE_BEGIN|[163]|doc|Doctor__c|true|false
15:04:03.0 (25898388)|VARIABLE_ASSIGNMENT|[163]|doc|{"Id":"a260H000001koYjQAI","Name":"doc 2","End_Time__c":68400000,"Speciality__c":"General Surgery","Start_Time__c":43200000}|0x5eaf4a91
15:04:03.0 (25907310)|STATEMENT_EXECUTE|[163]
15:04:03.0 (25909301)|STATEMENT_EXECUTE|[164]
15:04:03.0 (25961749)|HEAP_ALLOCATE|[164]|Bytes:18
15:04:03.0 (26014946)|HEAP_ALLOCATE|[EXTERNAL]|Bytes:4
15:04:03.0 (26032222)|HEAP_ALLOCATE|[163]|Bytes:5
15:04:03.0 (26052736)|HEAP_ALLOCATE|[163]|Bytes:24
15:04:03.0 (26060769)|VARIABLE_SCOPE_BEGIN|[163]|doc|Doctor__c|true|false
15:04:03.0 (26078281)|VARIABLE_ASSIGNMENT|[163]|doc|{"Id":"a260H000001koYeQAI","Name":"Doc1","End_Time__c":64800000,"Speciality__c":"General Surgery","Start_Time__c":32400000}|0x2288a2d2
15:04:03.0 (26084878)|STATEMENT_EXECUTE|[163]
15:04:03.0 (26086854)|STATEMENT_EXECUTE|[164]
15:04:03.0 (26095570)|HEAP_ALLOCATE|[164]|Bytes:18
15:04:03.0 (26108200)|HEAP_ALLOCATE|[EXTERNAL]|Bytes:4
15:04:03.0 (26120160)|HEAP_ALLOCATE|[163]|Bytes:5
15:04:03.0 (26130873)|VARIABLE_ASSIGNMENT|[163]|doc|null|
15:04:03.0 (26137336)|STATEMENT_EXECUTE|[170]
15:04:03.0 (26222943)|SYSTEM_MODE_ENTER|true
15:04:03.0 (26902781)|SYSTEM_MODE_ENTER|true
15:04:03.0 (26949742)|HEAP_ALLOCATE|[EXTERNAL]|Bytes:48
15:04:03.0 (26958425)|VARIABLE_SCOPE_BEGIN|[175]|this|docappcontroller|true|false
15:04:03.0 (26998378)|VARIABLE_ASSIGNMENT|[175]|this|{"aptdum":"0x1eed085f","Docdum":"0x3d6ff48a","Docmap":"0x4b2d2ba2","Initialselected":5,"Selecteddoc":"a260H000001koYjQAI","SelectedtimeSlot":60,"timelist":"0x773d5453","timeset":"0x38983c64","timewraplist":"0x5c2b25c0","timewraplistInitial":"0x5c2b25c0"}|0x1dfdec3
15:04:03.0 (27010998)|STATEMENT_EXECUTE|[175]
15:04:03.0 (27013635)|STATEMENT_EXECUTE|[177]
15:04:03.0 (27022914)|HEAP_ALLOCATE|[177]|Bytes:4
15:04:03.0 (27044156)|VARIABLE_SCOPE_BEGIN|[177]|options|List<System.SelectOption>|true|false
15:04:03.0 (27065309)|HEAP_ALLOCATE|[EXTERNAL]|Bytes:4
15:04:03.0 (27073594)|VARIABLE_ASSIGNMENT|[177]|options|[]|0x75317f27
15:04:03.0 (27079690)|STATEMENT_EXECUTE|[178]
15:04:03.0 (27132169)|HEAP_ALLOCATE|[EXTERNAL]|Bytes:4
15:04:03.0 (27141119)|STATEMENT_EXECUTE|[181]
15:04:03.0 (27149030)|HEAP_ALLOCATE|[181]|Bytes:2
15:04:03.0 (27172816)|HEAP_ALLOCATE|[EXTERNAL]|Bytes:4
15:04:03.0 (27179514)|STATEMENT_EXECUTE|[182]
15:04:03.0 (27182971)|HEAP_ALLOCATE|[182]|Bytes:2
15:04:03.0 (27201418)|HEAP_ALLOCATE|[EXTERNAL]|Bytes:4
15:04:03.0 (27207480)|STATEMENT_EXECUTE|[187]
15:04:03.0 (27292490)|SYSTEM_MODE_ENTER|true
15:04:03.29 (29628893)|SYSTEM_MODE_ENTER|true
15:04:03.29 (29685239)|HEAP_ALLOCATE|[EXTERNAL]|Bytes:8
15:04:03.29 (29693901)|VARIABLE_SCOPE_BEGIN|[88]|this|ApexPage.PageMessagesComponentController|true|false
15:04:03.29 (29716635)|VARIABLE_ASSIGNMENT|[88]|this|{}|0x1a694537
15:04:03.29 (29722637)|VARIABLE_SCOPE_BEGIN|[88]|escape|Boolean|false|false
15:04:03.29 (29730725)|VARIABLE_ASSIGNMENT|[88]|escape|null
15:04:03.0 (29921935)|SYSTEM_MODE_ENTER|true
15:04:03.0 (29950615)|HEAP_ALLOCATE|[EXTERNAL]|Bytes:18
15:04:03.0 (29956173)|HEAP_ALLOCATE|[EXTERNAL]|Bytes:48
15:04:03.0 (29980004)|VARIABLE_ASSIGNMENT|[EXTERNAL]|this.Selecteddoc|"a260H000001koYjQAI"|0x1dfdec3
15:04:03.0 (30026581)|SYSTEM_MODE_ENTER|true
15:04:03.0 (30173601)|SYSTEM_MODE_ENTER|true
15:04:03.0 (30336466)|HEAP_ALLOCATE|[EXTERNAL]|Bytes:5
15:04:03.0 (30345759)|HEAP_ALLOCATE|[EXTERNAL]|Bytes:12
15:04:03.0 (30354396)|VARIABLE_ASSIGNMENT|[EXTERNAL]|this.selected|true|0x150d44f6
15:04:03.0 (30405294)|HEAP_ALLOCATE|[EXTERNAL]|Bytes:5
15:04:03.0 (30410411)|HEAP_ALLOCATE|[EXTERNAL]|Bytes:12
15:04:03.0 (30417139)|VARIABLE_ASSIGNMENT|[EXTERNAL]|this.selected|false|0x5ca49e4a
15:04:03.0 (30460668)|HEAP_ALLOCATE|[EXTERNAL]|Bytes:5
15:04:03.0 (30465615)|HEAP_ALLOCATE|[EXTERNAL]|Bytes:12
15:04:03.0 (30471772)|VARIABLE_ASSIGNMENT|[EXTERNAL]|this.selected|false|0x41a6c641
15:04:03.0 (30513144)|HEAP_ALLOCATE|[EXTERNAL]|Bytes:5
15:04:03.0 (30517857)|HEAP_ALLOCATE|[EXTERNAL]|Bytes:12
15:04:03.0 (30523827)|VARIABLE_ASSIGNMENT|[EXTERNAL]|this.selected|false|0x44a6fe90
15:04:03.0 (30565073)|HEAP_ALLOCATE|[EXTERNAL]|Bytes:5
15:04:03.0 (30569800)|HEAP_ALLOCATE|[EXTERNAL]|Bytes:12
15:04:03.0 (30575635)|VARIABLE_ASSIGNMENT|[EXTERNAL]|this.selected|false|0x3b733806
15:04:03.0 (30616934)|HEAP_ALLOCATE|[EXTERNAL]|Bytes:5
15:04:03.0 (30621941)|HEAP_ALLOCATE|[EXTERNAL]|Bytes:12
15:04:03.0 (30628043)|VARIABLE_ASSIGNMENT|[EXTERNAL]|this.selected|false|0x435da7ec
15:04:03.0 (30688976)|HEAP_ALLOCATE|[EXTERNAL]|Bytes:5
15:04:03.0 (30693947)|HEAP_ALLOCATE|[EXTERNAL]|Bytes:12
15:04:03.0 (30699711)|VARIABLE_ASSIGNMENT|[EXTERNAL]|this.selected|false|0x897efd3
15:04:03.0 (30741777)|HEAP_ALLOCATE|[EXTERNAL]|Bytes:5
15:04:03.0 (30746464)|HEAP_ALLOCATE|[EXTERNAL]|Bytes:12
15:04:03.0 (30752215)|VARIABLE_ASSIGNMENT|[EXTERNAL]|this.selected|false|0x31cacd67
15:04:03.0 (30793527)|HEAP_ALLOCATE|[EXTERNAL]|Bytes:5
15:04:03.0 (30798416)|HEAP_ALLOCATE|[EXTERNAL]|Bytes:12
15:04:03.0 (30804596)|VARIABLE_ASSIGNMENT|[EXTERNAL]|this.selected|false|0x27362d5e
15:04:03.0 (30846122)|HEAP_ALLOCATE|[EXTERNAL]|Bytes:5
15:04:03.0 (30850750)|HEAP_ALLOCATE|[EXTERNAL]|Bytes:12
15:04:03.0 (30856613)|VARIABLE_ASSIGNMENT|[EXTERNAL]|this.selected|false|0x7a01b64b
15:04:03.0 (30900658)|SYSTEM_MODE_ENTER|true
15:04:03.0 (30921835)|HEAP_ALLOCATE|[EXTERNAL]|Bytes:8
15:04:03.0 (30926623)|HEAP_ALLOCATE|[EXTERNAL]|Bytes:48
15:04:03.0 (30939474)|VARIABLE_ASSIGNMENT|[EXTERNAL]|this.SelectedtimeSlot|60|0x1dfdec3
15:04:03.0 (30977043)|SYSTEM_MODE_ENTER|true
15:04:03.0 (31221034)|HEAP_ALLOCATE|[EXTERNAL]|Bytes:48
15:04:03.0 (31232084)|VARIABLE_SCOPE_BEGIN|[11]|this|docappcontroller|true|false
15:04:03.0 (31272866)|VARIABLE_ASSIGNMENT|[11]|this|{"aptdum":"0x1eed085f","Docdum":"0x3d6ff48a","Docmap":"0x4b2d2ba2","Initialselected":5,"Selecteddoc":"a260H000001koYjQAI","SelectedtimeSlot":60,"timelist":"0x773d5453","timeset":"0x38983c64","timewraplist":"0x5c2b25c0","timewraplistInitial":"0x5c2b25c0"}|0x1dfdec3
15:04:03.0 (31288690)|STATEMENT_EXECUTE|[11]
15:04:03.0 (31291022)|STATEMENT_EXECUTE|[12]
15:04:03.0 (31296775)|VARIABLE_SCOPE_BEGIN|[12]|counter|Integer|false|false
15:04:03.0 (31305839)|HEAP_ALLOCATE|[12]|Bytes:4
15:04:03.0 (31312777)|VARIABLE_ASSIGNMENT|[12]|counter|0
15:04:03.0 (31365752)|VARIABLE_ASSIGNMENT|[EXTERNAL]|this|{"aptdum":"0x1eed085f","Docdum":"0x3d6ff48a","Docmap":"0x4b2d2ba2","Initialselected":5,"Selecteddoc":"a260H000001koYjQAI","SelectedtimeSlot":60,"timelist":"0x773d5453","timeset":"0x38983c64","timewraplist":"0x5c2b25c0","timewraplistInitial":"0x5c2b25c0"}|0x1dfdec3
15:04:03.0 (31498992)|HEAP_ALLOCATE|[13]|Bytes:5
15:04:03.0 (31513807)|HEAP_ALLOCATE|[13]|Bytes:12
15:04:03.0 (31520610)|VARIABLE_SCOPE_BEGIN|[13]|wt|docappcontroller.Wrapertimeslot|true|false
15:04:03.0 (31556381)|VARIABLE_ASSIGNMENT|[13]|wt|{"selected":true,"t":43200000}|0x150d44f6
15:04:03.0 (31563858)|STATEMENT_EXECUTE|[13]
15:04:03.0 (31593917)|VARIABLE_ASSIGNMENT|[EXTERNAL]|this|{"selected":true,"t":43200000}|0x150d44f6
15:04:03.0 (31605878)|STATEMENT_EXECUTE|[14]
15:04:03.0 (31607736)|STATEMENT_EXECUTE|[15]
15:04:03.0 (31610814)|HEAP_ALLOCATE|[15]|Bytes:4
15:04:03.0 (31617346)|VARIABLE_ASSIGNMENT|[15]|counter|1
15:04:03.0 (31629354)|HEAP_ALLOCATE|[13]|Bytes:5
15:04:03.0 (31637879)|HEAP_ALLOCATE|[13]|Bytes:12
15:04:03.0 (31642883)|VARIABLE_SCOPE_BEGIN|[13]|wt|docappcontroller.Wrapertimeslot|true|false
15:04:03.0 (31658270)|VARIABLE_ASSIGNMENT|[13]|wt|{"selected":false,"t":45000000}|0x5ca49e4a
15:04:03.0 (31664150)|STATEMENT_EXECUTE|[13]
15:04:03.0 (31676646)|VARIABLE_ASSIGNMENT|[EXTERNAL]|this|{"selected":false,"t":45000000}|0x5ca49e4a
15:04:03.0 (31685769)|STATEMENT_EXECUTE|[14]
15:04:03.0 (31692334)|HEAP_ALLOCATE|[13]|Bytes:5
15:04:03.0 (31699699)|HEAP_ALLOCATE|[13]|Bytes:12
15:04:03.0 (31704604)|VARIABLE_SCOPE_BEGIN|[13]|wt|docappcontroller.Wrapertimeslot|true|false
15:04:03.0 (31720583)|VARIABLE_ASSIGNMENT|[13]|wt|{"selected":false,"t":46800000}|0x41a6c641
15:04:03.0 (31726175)|STATEMENT_EXECUTE|[13]
15:04:03.0 (31738232)|VARIABLE_ASSIGNMENT|[EXTERNAL]|this|{"selected":false,"t":46800000}|0x41a6c641
15:04:03.0 (31746653)|STATEMENT_EXECUTE|[14]
15:04:03.0 (31755056)|HEAP_ALLOCATE|[13]|Bytes:5
15:04:03.0 (31766710)|HEAP_ALLOCATE|[13]|Bytes:12
15:04:03.0 (31774026)|VARIABLE_SCOPE_BEGIN|[13]|wt|docappcontroller.Wrapertimeslot|true|false
15:04:03.0 (31797420)|VARIABLE_ASSIGNMENT|[13]|wt|{"selected":false,"t":48600000}|0x44a6fe90
15:04:03.0 (31806599)|STATEMENT_EXECUTE|[13]
15:04:03.0 (31826526)|VARIABLE_ASSIGNMENT|[EXTERNAL]|this|{"selected":false,"t":48600000}|0x44a6fe90
15:04:03.0 (31836373)|STATEMENT_EXECUTE|[14]
15:04:03.0 (31844168)|HEAP_ALLOCATE|[13]|Bytes:5
15:04:03.0 (31851720)|HEAP_ALLOCATE|[13]|Bytes:12
15:04:03.0 (31856439)|VARIABLE_SCOPE_BEGIN|[13]|wt|docappcontroller.Wrapertimeslot|true|false
15:04:03.0 (31870258)|VARIABLE_ASSIGNMENT|[13]|wt|{"selected":false,"t":50400000}|0x3b733806
15:04:03.0 (31875779)|STATEMENT_EXECUTE|[13]
15:04:03.0 (31887684)|VARIABLE_ASSIGNMENT|[EXTERNAL]|this|{"selected":false,"t":50400000}|0x3b733806
15:04:03.0 (31895458)|STATEMENT_EXECUTE|[14]
15:04:03.0 (31901686)|HEAP_ALLOCATE|[13]|Bytes:5
15:04:03.0 (31908404)|HEAP_ALLOCATE|[13]|Bytes:12
15:04:03.0 (31917544)|VARIABLE_SCOPE_BEGIN|[13]|wt|docappcontroller.Wrapertimeslot|true|false
15:04:03.0 (31931567)|VARIABLE_ASSIGNMENT|[13]|wt|{"selected":false,"t":52200000}|0x435da7ec
15:04:03.0 (31937127)|STATEMENT_EXECUTE|[13]
15:04:03.0 (31949064)|VARIABLE_ASSIGNMENT|[EXTERNAL]|this|{"selected":false,"t":52200000}|0x435da7ec
15:04:03.0 (31957688)|STATEMENT_EXECUTE|[14]
15:04:03.0 (31963828)|HEAP_ALLOCATE|[13]|Bytes:5
15:04:03.0 (31970786)|HEAP_ALLOCATE|[13]|Bytes:12
15:04:03.0 (31975315)|VARIABLE_SCOPE_BEGIN|[13]|wt|docappcontroller.Wrapertimeslot|true|false
15:04:03.0 (31989327)|VARIABLE_ASSIGNMENT|[13]|wt|{"selected":true,"t":54000000}|0x343ef508
15:04:03.0 (31995025)|STATEMENT_EXECUTE|[13]
15:04:03.0 (32006985)|VARIABLE_ASSIGNMENT|[EXTERNAL]|this|{"selected":true,"t":54000000}|0x343ef508
15:04:03.0 (32016317)|STATEMENT_EXECUTE|[14]
15:04:03.0 (32017900)|STATEMENT_EXECUTE|[15]
15:04:03.0 (32019951)|HEAP_ALLOCATE|[15]|Bytes:4
15:04:03.0 (32026270)|VARIABLE_ASSIGNMENT|[15]|counter|2
15:04:03.0 (32035202)|HEAP_ALLOCATE|[13]|Bytes:5
15:04:03.0 (32042357)|HEAP_ALLOCATE|[13]|Bytes:12
15:04:03.0 (32046845)|VARIABLE_SCOPE_BEGIN|[13]|wt|docappcontroller.Wrapertimeslot|true|false
15:04:03.0 (32059659)|VARIABLE_ASSIGNMENT|[13]|wt|{"selected":true,"t":55800000}|0x479fcf61
15:04:03.0 (32065501)|STATEMENT_EXECUTE|[13]
15:04:03.0 (32076998)|VARIABLE_ASSIGNMENT|[EXTERNAL]|this|{"selected":true,"t":55800000}|0x479fcf61
15:04:03.0 (32084861)|STATEMENT_EXECUTE|[14]
15:04:03.0 (32086468)|STATEMENT_EXECUTE|[15]
15:04:03.0 (32088192)|HEAP_ALLOCATE|[15]|Bytes:4
15:04:03.0 (32093403)|VARIABLE_ASSIGNMENT|[15]|counter|3
15:04:03.0 (32101374)|HEAP_ALLOCATE|[13]|Bytes:5
15:04:03.0 (32108227)|HEAP_ALLOCATE|[13]|Bytes:12
15:04:03.0 (32112508)|VARIABLE_SCOPE_BEGIN|[13]|wt|docappcontroller.Wrapertimeslot|true|false
15:04:03.0 (32126109)|VARIABLE_ASSIGNMENT|[13]|wt|{"selected":true,"t":57600000}|0x658e7c9c
15:04:03.0 (32131482)|STATEMENT_EXECUTE|[13]
15:04:03.0 (32142883)|VARIABLE_ASSIGNMENT|[EXTERNAL]|this|{"selected":true,"t":57600000}|0x658e7c9c
15:04:03.0 (32150571)|STATEMENT_EXECUTE|[14]
15:04:03.0 (32152136)|STATEMENT_EXECUTE|[15]
15:04:03.0 (32153976)|HEAP_ALLOCATE|[15]|Bytes:4
15:04:03.0 (32159038)|VARIABLE_ASSIGNMENT|[15]|counter|4
15:04:03.0 (32167530)|HEAP_ALLOCATE|[13]|Bytes:5
15:04:03.0 (32174611)|HEAP_ALLOCATE|[13]|Bytes:12
15:04:03.0 (32178796)|VARIABLE_SCOPE_BEGIN|[13]|wt|docappcontroller.Wrapertimeslot|true|false
15:04:03.0 (32191568)|VARIABLE_ASSIGNMENT|[13]|wt|{"selected":true,"t":59400000}|0x4b42c506
15:04:03.0 (32197151)|STATEMENT_EXECUTE|[13]
15:04:03.0 (32208363)|VARIABLE_ASSIGNMENT|[EXTERNAL]|this|{"selected":true,"t":59400000}|0x4b42c506
15:04:03.0 (32216024)|STATEMENT_EXECUTE|[14]
15:04:03.0 (32217640)|STATEMENT_EXECUTE|[15]
15:04:03.0 (32219300)|HEAP_ALLOCATE|[15]|Bytes:4
15:04:03.0 (32224568)|VARIABLE_ASSIGNMENT|[15]|counter|5
15:04:03.0 (32232536)|HEAP_ALLOCATE|[13]|Bytes:5
15:04:03.0 (32239492)|HEAP_ALLOCATE|[13]|Bytes:12
15:04:03.0 (32243702)|VARIABLE_SCOPE_BEGIN|[13]|wt|docappcontroller.Wrapertimeslot|true|false
15:04:03.0 (32256625)|VARIABLE_ASSIGNMENT|[13]|wt|{"selected":false,"t":61200000}|0x897efd3
15:04:03.0 (32261639)|STATEMENT_EXECUTE|[13]
15:04:03.0 (32272938)|VARIABLE_ASSIGNMENT|[EXTERNAL]|this|{"selected":false,"t":61200000}|0x897efd3
15:04:03.0 (32280736)|STATEMENT_EXECUTE|[14]
15:04:03.0 (32286715)|HEAP_ALLOCATE|[13]|Bytes:5
15:04:03.0 (32293469)|HEAP_ALLOCATE|[13]|Bytes:12
15:04:03.0 (32297832)|VARIABLE_SCOPE_BEGIN|[13]|wt|docappcontroller.Wrapertimeslot|true|false
15:04:03.0 (32310335)|VARIABLE_ASSIGNMENT|[13]|wt|{"selected":false,"t":63000000}|0x31cacd67
15:04:03.0 (32315263)|STATEMENT_EXECUTE|[13]
15:04:03.0 (32326555)|VARIABLE_ASSIGNMENT|[EXTERNAL]|this|{"selected":false,"t":63000000}|0x31cacd67
15:04:03.0 (32334246)|STATEMENT_EXECUTE|[14]
15:04:03.0 (32340028)|HEAP_ALLOCATE|[13]|Bytes:5
15:04:03.0 (32347080)|HEAP_ALLOCATE|[13]|Bytes:12
15:04:03.0 (32351510)|VARIABLE_SCOPE_BEGIN|[13]|wt|docappcontroller.Wrapertimeslot|true|false
15:04:03.0 (32364425)|VARIABLE_ASSIGNMENT|[13]|wt|{"selected":false,"t":64800000}|0x27362d5e
15:04:03.0 (32369443)|STATEMENT_EXECUTE|[13]
15:04:03.0 (32380706)|VARIABLE_ASSIGNMENT|[EXTERNAL]|this|{"selected":false,"t":64800000}|0x27362d5e
15:04:03.0 (32388268)|STATEMENT_EXECUTE|[14]
15:04:03.0 (32394359)|HEAP_ALLOCATE|[13]|Bytes:5
15:04:03.0 (32401351)|HEAP_ALLOCATE|[13]|Bytes:12
15:04:03.0 (32405538)|VARIABLE_SCOPE_BEGIN|[13]|wt|docappcontroller.Wrapertimeslot|true|false
15:04:03.0 (32417926)|VARIABLE_ASSIGNMENT|[13]|wt|{"selected":false,"t":66600000}|0x7a01b64b
15:04:03.0 (32423236)|STATEMENT_EXECUTE|[13]
15:04:03.0 (32434364)|VARIABLE_ASSIGNMENT|[EXTERNAL]|this|{"selected":false,"t":66600000}|0x7a01b64b
15:04:03.0 (32441858)|STATEMENT_EXECUTE|[14]
15:04:03.0 (32447602)|HEAP_ALLOCATE|[13]|Bytes:5
15:04:03.0 (32454592)|HEAP_ALLOCATE|[13]|Bytes:12
15:04:03.0 (32458615)|VARIABLE_SCOPE_BEGIN|[13]|wt|docappcontroller.Wrapertimeslot|true|false
15:04:03.0 (32471029)|VARIABLE_ASSIGNMENT|[13]|wt|{"selected":true,"t":68400000}|0x4d5f27af
15:04:03.0 (32476485)|STATEMENT_EXECUTE|[13]
15:04:03.0 (32487538)|VARIABLE_ASSIGNMENT|[EXTERNAL]|this|{"selected":true,"t":68400000}|0x4d5f27af
15:04:03.0 (32495441)|STATEMENT_EXECUTE|[14]
15:04:03.0 (32496976)|STATEMENT_EXECUTE|[15]
15:04:03.0 (32499042)|HEAP_ALLOCATE|[15]|Bytes:4
15:04:03.0 (32504445)|VARIABLE_ASSIGNMENT|[15]|counter|6
15:04:03.0 (32512688)|HEAP_ALLOCATE|[13]|Bytes:5
15:04:03.0 (32520987)|VARIABLE_ASSIGNMENT|[13]|wt|null|
15:04:03.0 (32530919)|STATEMENT_EXECUTE|[20]
15:04:03.0 (32532658)|STATEMENT_EXECUTE|[21]
15:04:03.0 (32568553)|HEAP_ALLOCATE|[21]|Bytes:4
15:04:03.0 (32676465)|VARIABLE_SCOPE_BEGIN|[21]|a|Appointment__c|true|false
15:04:03.0 (32691650)|VARIABLE_ASSIGNMENT|[21]|a|{}|0x4171bea7
15:04:03.0 (32745876)|VARIABLE_ASSIGNMENT|[EXTERNAL]|this|{"aptdum":"0x1eed085f","Docdum":"0x3d6ff48a","Docmap":"0x4b2d2ba2","Initialselected":5,"Selecteddoc":"a260H000001koYjQAI","SelectedtimeSlot":60,"timelist":"0x773d5453","timeset":"0x38983c64","timewraplist":"0x5c2b25c0","timewraplistInitial":"0x5c2b25c0"}|0x1dfdec3
15:04:03.0 (32774186)|HEAP_ALLOCATE|[22]|Bytes:5
15:04:03.0 (32783652)|HEAP_ALLOCATE|[22]|Bytes:12
15:04:03.0 (32789296)|VARIABLE_SCOPE_BEGIN|[22]|wt|docappcontroller.Wrapertimeslot|true|false
15:04:03.0 (32805566)|VARIABLE_ASSIGNMENT|[22]|wt|{"selected":true,"t":43200000}|0x150d44f6
15:04:03.0 (32811380)|STATEMENT_EXECUTE|[22]
15:04:03.0 (32847552)|VARIABLE_ASSIGNMENT|[EXTERNAL]|this|{"selected":true,"t":43200000}|0x150d44f6
15:04:03.0 (32891149)|STATEMENT_EXECUTE|[23]
15:04:03.0 (32893204)|STATEMENT_EXECUTE|[25]
15:04:03.0 (32917095)|VARIABLE_ASSIGNMENT|[EXTERNAL]|this|{"selected":true,"t":43200000}|0x150d44f6
15:04:03.0 (32978228)|VARIABLE_ASSIGNMENT|[25]|this.Start_Time__c|43200000|0x4171bea7
15:04:03.0 (33002884)|HEAP_ALLOCATE|[22]|Bytes:5
15:04:03.0 (33020072)|HEAP_ALLOCATE|[22]|Bytes:12
15:04:03.0 (33029844)|VARIABLE_SCOPE_BEGIN|[22]|wt|docappcontroller.Wrapertimeslot|true|false
15:04:03.0 (33053479)|VARIABLE_ASSIGNMENT|[22]|wt|{"selected":false,"t":45000000}|0x5ca49e4a
15:04:03.0 (33062992)|STATEMENT_EXECUTE|[22]
15:04:03.0 (33078647)|VARIABLE_ASSIGNMENT|[EXTERNAL]|this|{"selected":false,"t":45000000}|0x5ca49e4a
15:04:03.0 (33095769)|STATEMENT_EXECUTE|[23]
15:04:03.0 (33097495)|STATEMENT_EXECUTE|[25]
15:04:03.0 (33113313)|VARIABLE_ASSIGNMENT|[EXTERNAL]|this|{"selected":false,"t":45000000}|0x5ca49e4a
15:04:03.0 (33146989)|VARIABLE_ASSIGNMENT|[25]|this.Start_Time__c|45000000|0x4171bea7
15:04:03.0 (33160406)|HEAP_ALLOCATE|[22]|Bytes:5
15:04:03.0 (33169446)|HEAP_ALLOCATE|[22]|Bytes:12
15:04:03.0 (33174690)|VARIABLE_SCOPE_BEGIN|[22]|wt|docappcontroller.Wrapertimeslot|true|false
15:04:03.0 (33190289)|VARIABLE_ASSIGNMENT|[22]|wt|{"selected":false,"t":46800000}|0x41a6c641
15:04:03.0 (33195839)|STATEMENT_EXECUTE|[22]
15:04:03.0 (33208297)|VARIABLE_ASSIGNMENT|[EXTERNAL]|this|{"selected":false,"t":46800000}|0x41a6c641
15:04:03.0 (33222334)|STATEMENT_EXECUTE|[23]
15:04:03.0 (33224101)|STATEMENT_EXECUTE|[25]
15:04:03.0 (33235192)|VARIABLE_ASSIGNMENT|[EXTERNAL]|this|{"selected":false,"t":46800000}|0x41a6c641
15:04:03.0 (33259075)|VARIABLE_ASSIGNMENT|[25]|this.Start_Time__c|46800000|0x4171bea7
15:04:03.0 (33271032)|HEAP_ALLOCATE|[22]|Bytes:5
15:04:03.0 (33279222)|HEAP_ALLOCATE|[22]|Bytes:12
15:04:03.0 (33284294)|VARIABLE_SCOPE_BEGIN|[22]|wt|docappcontroller.Wrapertimeslot|true|false
15:04:03.0 (33299057)|VARIABLE_ASSIGNMENT|[22]|wt|{"selected":false,"t":48600000}|0x44a6fe90
15:04:03.0 (33304841)|STATEMENT_EXECUTE|[22]
15:04:03.0 (33318247)|VARIABLE_ASSIGNMENT|[EXTERNAL]|this|{"selected":false,"t":48600000}|0x44a6fe90
15:04:03.0 (33332718)|STATEMENT_EXECUTE|[23]
15:04:03.0 (33334400)|STATEMENT_EXECUTE|[25]
15:04:03.0 (33345623)|VARIABLE_ASSIGNMENT|[EXTERNAL]|this|{"selected":false,"t":48600000}|0x44a6fe90
15:04:03.0 (33369384)|VARIABLE_ASSIGNMENT|[25]|this.Start_Time__c|48600000|0x4171bea7
15:04:03.0 (33381963)|HEAP_ALLOCATE|[22]|Bytes:5
15:04:03.0 (33389914)|HEAP_ALLOCATE|[22]|Bytes:12
15:04:03.0 (33394890)|VARIABLE_SCOPE_BEGIN|[22]|wt|docappcontroller.Wrapertimeslot|true|false
15:04:03.0 (33408711)|VARIABLE_ASSIGNMENT|[22]|wt|{"selected":false,"t":50400000}|0x3b733806
15:04:03.0 (33414245)|STATEMENT_EXECUTE|[22]
15:04:03.0 (33426532)|VARIABLE_ASSIGNMENT|[EXTERNAL]|this|{"selected":false,"t":50400000}|0x3b733806
15:04:03.0 (33440003)|STATEMENT_EXECUTE|[23]
15:04:03.0 (33441829)|STATEMENT_EXECUTE|[25]
15:04:03.0 (33453216)|VARIABLE_ASSIGNMENT|[EXTERNAL]|this|{"selected":false,"t":50400000}|0x3b733806
15:04:03.0 (33475750)|VARIABLE_ASSIGNMENT|[25]|this.Start_Time__c|50400000|0x4171bea7
15:04:03.0 (33487530)|HEAP_ALLOCATE|[22]|Bytes:5
15:04:03.0 (33495168)|HEAP_ALLOCATE|[22]|Bytes:12
15:04:03.0 (33500389)|VARIABLE_SCOPE_BEGIN|[22]|wt|docappcontroller.Wrapertimeslot|true|false
15:04:03.0 (33514547)|VARIABLE_ASSIGNMENT|[22]|wt|{"selected":false,"t":52200000}|0x435da7ec
15:04:03.0 (33519717)|STATEMENT_EXECUTE|[22]
15:04:03.0 (33531657)|VARIABLE_ASSIGNMENT|[EXTERNAL]|this|{"selected":false,"t":52200000}|0x435da7ec
15:04:03.0 (33545053)|STATEMENT_EXECUTE|[23]
15:04:03.0 (33546703)|STATEMENT_EXECUTE|[25]
15:04:03.0 (33557604)|VARIABLE_ASSIGNMENT|[EXTERNAL]|this|{"selected":false,"t":52200000}|0x435da7ec
15:04:03.0 (33579989)|VARIABLE_ASSIGNMENT|[25]|this.Start_Time__c|52200000|0x4171bea7
15:04:03.0 (33591915)|HEAP_ALLOCATE|[22]|Bytes:5
15:04:03.0 (33599903)|HEAP_ALLOCATE|[22]|Bytes:12
15:04:03.0 (33604834)|VARIABLE_SCOPE_BEGIN|[22]|wt|docappcontroller.Wrapertimeslot|true|false
15:04:03.0 (33619704)|VARIABLE_ASSIGNMENT|[22]|wt|{"selected":true,"t":54000000}|0x343ef508
15:04:03.0 (33625084)|STATEMENT_EXECUTE|[22]
15:04:03.0 (33637411)|VARIABLE_ASSIGNMENT|[EXTERNAL]|this|{"selected":true,"t":54000000}|0x343ef508
15:04:03.0 (33651651)|STATEMENT_EXECUTE|[23]
15:04:03.0 (33658096)|HEAP_ALLOCATE|[22]|Bytes:5
15:04:03.0 (33665325)|HEAP_ALLOCATE|[22]|Bytes:12
15:04:03.0 (33669830)|VARIABLE_SCOPE_BEGIN|[22]|wt|docappcontroller.Wrapertimeslot|true|false
15:04:03.0 (33682706)|VARIABLE_ASSIGNMENT|[22]|wt|{"selected":true,"t":55800000}|0x479fcf61
15:04:03.0 (33688269)|STATEMENT_EXECUTE|[22]
15:04:03.0 (33700378)|VARIABLE_ASSIGNMENT|[EXTERNAL]|this|{"selected":true,"t":55800000}|0x479fcf61
15:04:03.0 (33712983)|STATEMENT_EXECUTE|[23]
15:04:03.0 (33718888)|HEAP_ALLOCATE|[22]|Bytes:5
15:04:03.0 (33725967)|HEAP_ALLOCATE|[22]|Bytes:12
15:04:03.0 (33730411)|VARIABLE_SCOPE_BEGIN|[22]|wt|docappcontroller.Wrapertimeslot|true|false
15:04:03.0 (33743470)|VARIABLE_ASSIGNMENT|[22]|wt|{"selected":true,"t":57600000}|0x658e7c9c
15:04:03.0 (33749279)|STATEMENT_EXECUTE|[22]
15:04:03.0 (33761121)|VARIABLE_ASSIGNMENT|[EXTERNAL]|this|{"selected":true,"t":57600000}|0x658e7c9c
15:04:03.0 (33773786)|STATEMENT_EXECUTE|[23]
15:04:03.0 (33779819)|HEAP_ALLOCATE|[22]|Bytes:5
15:04:03.0 (33786922)|HEAP_ALLOCATE|[22]|Bytes:12
15:04:03.0 (33791504)|VARIABLE_SCOPE_BEGIN|[22]|wt|docappcontroller.Wrapertimeslot|true|false
15:04:03.0 (33804568)|VARIABLE_ASSIGNMENT|[22]|wt|{"selected":true,"t":59400000}|0x4b42c506
15:04:03.0 (33809735)|STATEMENT_EXECUTE|[22]
15:04:03.0 (33821461)|VARIABLE_ASSIGNMENT|[EXTERNAL]|this|{"selected":true,"t":59400000}|0x4b42c506
15:04:03.0 (33833967)|STATEMENT_EXECUTE|[23]
15:04:03.0 (33839726)|HEAP_ALLOCATE|[22]|Bytes:5
15:04:03.0 (33846892)|HEAP_ALLOCATE|[22]|Bytes:12
15:04:03.0 (33851345)|VARIABLE_SCOPE_BEGIN|[22]|wt|docappcontroller.Wrapertimeslot|true|false
15:04:03.0 (33864078)|VARIABLE_ASSIGNMENT|[22]|wt|{"selected":false,"t":61200000}|0x897efd3
15:04:03.0 (33869665)|STATEMENT_EXECUTE|[22]
15:04:03.0 (33881809)|VARIABLE_ASSIGNMENT|[EXTERNAL]|this|{"selected":false,"t":61200000}|0x897efd3
15:04:03.0 (33894551)|STATEMENT_EXECUTE|[23]
15:04:03.0 (33896210)|STATEMENT_EXECUTE|[25]
15:04:03.0 (33907735)|VARIABLE_ASSIGNMENT|[EXTERNAL]|this|{"selected":false,"t":61200000}|0x897efd3
15:04:03.0 (33935776)|VARIABLE_ASSIGNMENT|[25]|this.Start_Time__c|61200000|0x4171bea7
15:04:03.0 (33947785)|HEAP_ALLOCATE|[22]|Bytes:5
15:04:03.0 (33955853)|HEAP_ALLOCATE|[22]|Bytes:12
15:04:03.0 (33961219)|VARIABLE_SCOPE_BEGIN|[22]|wt|docappcontroller.Wrapertimeslot|true|false
15:04:03.0 (33975704)|VARIABLE_ASSIGNMENT|[22]|wt|{"selected":false,"t":63000000}|0x31cacd67
15:04:03.0 (33980803)|STATEMENT_EXECUTE|[22]
15:04:03.0 (33994796)|VARIABLE_ASSIGNMENT|[EXTERNAL]|this|{"selected":false,"t":63000000}|0x31cacd67
15:04:03.0 (34008997)|STATEMENT_EXECUTE|[23]
15:04:03.0 (34011227)|STATEMENT_EXECUTE|[25]
15:04:03.0 (34022800)|VARIABLE_ASSIGNMENT|[EXTERNAL]|this|{"selected":false,"t":63000000}|0x31cacd67
15:04:03.0 (34046066)|VARIABLE_ASSIGNMENT|[25]|this.Start_Time__c|63000000|0x4171bea7
15:04:03.0 (34057947)|HEAP_ALLOCATE|[22]|Bytes:5
15:04:03.0 (34066034)|HEAP_ALLOCATE|[22]|Bytes:12
15:04:03.0 (34070680)|VARIABLE_SCOPE_BEGIN|[22]|wt|docappcontroller.Wrapertimeslot|true|false
15:04:03.0 (34084833)|VARIABLE_ASSIGNMENT|[22]|wt|{"selected":false,"t":64800000}|0x27362d5e
15:04:03.0 (34090100)|STATEMENT_EXECUTE|[22]
15:04:03.0 (34101974)|VARIABLE_ASSIGNMENT|[EXTERNAL]|this|{"selected":false,"t":64800000}|0x27362d5e
15:04:03.0 (34115678)|STATEMENT_EXECUTE|[23]
15:04:03.0 (34117302)|STATEMENT_EXECUTE|[25]
15:04:03.0 (34128593)|VARIABLE_ASSIGNMENT|[EXTERNAL]|this|{"selected":false,"t":64800000}|0x27362d5e
15:04:03.0 (34150744)|VARIABLE_ASSIGNMENT|[25]|this.Start_Time__c|64800000|0x4171bea7
15:04:03.0 (34163104)|HEAP_ALLOCATE|[22]|Bytes:5
15:04:03.0 (34170784)|HEAP_ALLOCATE|[22]|Bytes:12
15:04:03.0 (34175573)|VARIABLE_SCOPE_BEGIN|[22]|wt|docappcontroller.Wrapertimeslot|true|false
15:04:03.0 (34189631)|VARIABLE_ASSIGNMENT|[22]|wt|{"selected":false,"t":66600000}|0x7a01b64b
15:04:03.0 (34195050)|STATEMENT_EXECUTE|[22]
15:04:03.0 (34207412)|VARIABLE_ASSIGNMENT|[EXTERNAL]|this|{"selected":false,"t":66600000}|0x7a01b64b
15:04:03.0 (34220792)|STATEMENT_EXECUTE|[23]
15:04:03.0 (34222432)|STATEMENT_EXECUTE|[25]
15:04:03.0 (34233708)|VARIABLE_ASSIGNMENT|[EXTERNAL]|this|{"selected":false,"t":66600000}|0x7a01b64b
15:04:03.0 (34255410)|VARIABLE_ASSIGNMENT|[25]|this.Start_Time__c|66600000|0x4171bea7
15:04:03.0 (34266827)|HEAP_ALLOCATE|[22]|Bytes:5
15:04:03.0 (34274890)|HEAP_ALLOCATE|[22]|Bytes:12
15:04:03.0 (34279535)|VARIABLE_SCOPE_BEGIN|[22]|wt|docappcontroller.Wrapertimeslot|true|false
15:04:03.0 (34293413)|VARIABLE_ASSIGNMENT|[22]|wt|{"selected":true,"t":68400000}|0x4d5f27af
15:04:03.0 (34298642)|STATEMENT_EXECUTE|[22]
15:04:03.0 (34310611)|VARIABLE_ASSIGNMENT|[EXTERNAL]|this|{"selected":true,"t":68400000}|0x4d5f27af
15:04:03.0 (34338840)|STATEMENT_EXECUTE|[23]
15:04:03.0 (34346517)|HEAP_ALLOCATE|[22]|Bytes:5
15:04:03.0 (34356419)|VARIABLE_ASSIGNMENT|[22]|wt|null|
15:04:03.0 (34421460)|VARIABLE_ASSIGNMENT|[EXTERNAL]|this|{"aptdum":"0x1eed085f","Docdum":"0x3d6ff48a","Docmap":"0x4b2d2ba2","Initialselected":5,"Selecteddoc":"a260H000001koYjQAI","SelectedtimeSlot":60,"timelist":"0x773d5453","timeset":"0x38983c64","timewraplist":"0x5c2b25c0","timewraplistInitial":"0x5c2b25c0"}|0x1dfdec3
15:04:03.0 (34460400)|HEAP_ALLOCATE|[28]|Bytes:4
15:04:03.0 (34476471)|STATEMENT_EXECUTE|[39]
15:04:03.0 (34478391)|STATEMENT_EXECUTE|[41]
15:04:03.0 (34495344)|METHOD_ENTRY|[41]|01p0H000007gCe8|docappcontroller.fetchslots()
15:04:03.0 (34509944)|VARIABLE_SCOPE_BEGIN|[56]|this|docappcontroller|true|false
15:04:03.0 (34539933)|VARIABLE_ASSIGNMENT|[56]|this|{"aptdum":"0x1eed085f","Docdum":"0x3d6ff48a","Docmap":"0x4b2d2ba2","Initialselected":5,"Selecteddoc":"a260H000001koYjQAI","SelectedtimeSlot":60,"timelist":"0x773d5453","timeset":"0x38983c64","timewraplist":"0x5c2b25c0","timewraplistInitial":"0x5c2b25c0"}|0x1dfdec3
15:04:03.0 (34549350)|STATEMENT_EXECUTE|[56]
15:04:03.0 (34551555)|STATEMENT_EXECUTE|[58]
15:04:03.0 (34588884)|VARIABLE_ASSIGNMENT|[EXTERNAL]|this|{"aptdum":"0x1eed085f","Docdum":"0x3d6ff48a","Docmap":"0x4b2d2ba2","Initialselected":5,"Selecteddoc":"a260H000001koYjQAI","SelectedtimeSlot":60,"timelist":"0x773d5453","timeset":"0x38983c64","timewraplist":"0x5c2b25c0","timewraplistInitial":"0x5c2b25c0"}|0x1dfdec3
15:04:03.0 (34620293)|USER_DEBUG|[58]|DEBUG|a260H000001koYjQAI
15:04:03.0 (34657262)|VARIABLE_ASSIGNMENT|[EXTERNAL]|this|{"aptdum":"0x1eed085f","Docdum":"0x3d6ff48a","Docmap":"0x4b2d2ba2","Initialselected":5,"Selecteddoc":"a260H000001koYjQAI","SelectedtimeSlot":60,"timelist":"0x773d5453","timeset":"0x38983c64","timewraplist":"0x5c2b25c0","timewraplistInitial":"0x5c2b25c0"}|0x1dfdec3
15:04:03.0 (34689116)|VARIABLE_ASSIGNMENT|[EXTERNAL]|this|{"aptdum":"0x1eed085f","Docdum":"0x3d6ff48a","Docmap":"0x4b2d2ba2","Initialselected":5,"Selecteddoc":"a260H000001koYjQAI","SelectedtimeSlot":60,"timelist":"0x773d5453","timeset":"0x38983c64","timewraplist":"0x5c2b25c0","timewraplistInitial":"0x5c2b25c0"}|0x1dfdec3
15:04:03.0 (34720844)|STATEMENT_EXECUTE|[61]
15:04:03.0 (34723044)|STATEMENT_EXECUTE|[62]
15:04:03.0 (34752251)|VARIABLE_ASSIGNMENT|[EXTERNAL]|this|{"aptdum":"0x1eed085f","Docdum":"0x3d6ff48a","Docmap":"0x4b2d2ba2","Initialselected":5,"Selecteddoc":"a260H000001koYjQAI","SelectedtimeSlot":60,"timelist":"0x773d5453","timeset":"0x38983c64","timewraplist":"0x5c2b25c0","timewraplistInitial":"0x5c2b25c0"}|0x1dfdec3
15:04:03.0 (34783541)|VARIABLE_ASSIGNMENT|[EXTERNAL]|this|{"aptdum":"0x1eed085f","Docdum":"0x3d6ff48a","Docmap":"0x4b2d2ba2","Initialselected":5,"Selecteddoc":"a260H000001koYjQAI","SelectedtimeSlot":60,"timelist":"0x773d5453","timeset":"0x38983c64","timewraplist":"0x5c2b25c0","timewraplistInitial":"0x5c2b25c0"}|0x1dfdec3
15:04:03.0 (34810218)|VARIABLE_SCOPE_BEGIN|[62]|d|Doctor__c|true|false
15:04:03.0 (34828275)|VARIABLE_ASSIGNMENT|[62]|d|{"Id":"a260H000001koYjQAI","Name":"doc 2","End_Time__c":68400000,"Speciality__c":"General Surgery","Start_Time__c":43200000}|0x5eaf4a91
15:04:03.0 (34834894)|STATEMENT_EXECUTE|[63]
15:04:03.0 (34867005)|HEAP_ALLOCATE|[63]|Bytes:4
15:04:03.0 (34917242)|HEAP_ALLOCATE|[63]|Bytes:150
15:04:03.0 (34934520)|HEAP_ALLOCATE|[63]|Bytes:4
15:04:03.0 (34943936)|HEAP_ALLOCATE|[63]|Bytes:7
15:04:03.0 (34976711)|VARIABLE_ASSIGNMENT|[EXTERNAL]|this|{"aptdum":"0x1eed085f","Docdum":"0x3d6ff48a","Docmap":"0x4b2d2ba2","Initialselected":5,"Selecteddoc":"a260H000001koYjQAI","SelectedtimeSlot":60,"timelist":"0x773d5453","timeset":"0x38983c64","timewraplist":"0x5c2b25c0","timewraplistInitial":"0x5c2b25c0"}|0x1dfdec3
15:04:03.0 (34997809)|HEAP_ALLOCATE|[63]|Bytes:7
15:04:03.0 (35028285)|VARIABLE_ASSIGNMENT|[EXTERNAL]|this|{"aptdum":"0x1eed085f","Docdum":"0x3d6ff48a","Docmap":"0x4b2d2ba2","Initialselected":5,"Selecteddoc":"a260H000001koYjQAI","SelectedtimeSlot":60,"timelist":"0x773d5453","timeset":"0x38983c64","timewraplist":"0x5c2b25c0","timewraplistInitial":"0x5c2b25c0"}|0x1dfdec3
15:04:03.0 (35394875)|SOQL_EXECUTE_BEGIN|[63]|Aggregations:0|SELECT Id, Name, Doctor__c, Patient__c, End_Time__c, Start_Time__c FROM Appointment__c WHERE (Doctor__c = :tmpVar1 AND Appointment_Date__c = :tmpVar2)
15:04:03.0 (38804130)|SOQL_EXECUTE_END|[63]|Rows:2
15:04:03.0 (38829064)|HEAP_ALLOCATE|[63]|Bytes:12
15:04:03.0 (38849615)|HEAP_ALLOCATE|[63]|Bytes:294
15:04:03.0 (38882404)|HEAP_ALLOCATE|[63]|Bytes:12
15:04:03.0 (38920486)|HEAP_ALLOCATE|[63]|Bytes:28
15:04:03.0 (38926541)|HEAP_ALLOCATE|[63]|Bytes:28
15:04:03.0 (38930361)|HEAP_ALLOCATE|[63]|Bytes:28
15:04:03.0 (38934046)|HEAP_ALLOCATE|[63]|Bytes:8
15:04:03.0 (38943429)|VARIABLE_SCOPE_BEGIN|[63]|aptlist|List<Appointment__c>|true|false
15:04:03.0 (38953587)|HEAP_ALLOCATE|[EXTERNAL]|Bytes:12
15:04:03.0 (38981872)|VARIABLE_ASSIGNMENT|[63]|aptlist|[{"Id":"a250H00000HaxnFQAR","Name":"A-00000","Doctor__c":"a260H000001koYjQAI","Patient__c":"a270H000006vXivQAE","End_Time__c":61200000,"Start_Time__c":54000000},{"Id":"a250H00000HayO3QAJ","Name":"A-00001","Doctor__c":"a260H000001koYjQAI","Patient__c":"a270H000006vXivQAE","End_Time__c":70200000,"Start_Time__c":68400000}]|0x368d6a69
15:04:03.0 (38994698)|STATEMENT_EXECUTE|[64]
15:04:03.0 (39007796)|HEAP_ALLOCATE|[64]|Bytes:4
15:04:03.0 (39064128)|VARIABLE_ASSIGNMENT|[64]|this.timeset|[]|0x1dfdec3
15:04:03.0 (39172088)|HEAP_ALLOCATE|[65]|Bytes:5
15:04:03.0 (39186061)|HEAP_ALLOCATE|[65]|Bytes:28
15:04:03.0 (39193865)|VARIABLE_SCOPE_BEGIN|[65]|apt|Appointment__c|true|false
15:04:03.0 (39221052)|VARIABLE_ASSIGNMENT|[65]|apt|{"Id":"a250H00000HaxnFQAR","Name":"A-00000","Doctor__c":"a260H000001koYjQAI","Patient__c":"a270H000006vXivQAE","End_Time__c":61200000,"Start_Time__c":54000000}|0xbade90e
15:04:03.0 (39228787)|STATEMENT_EXECUTE|[65]
15:04:03.0 (39230705)|STATEMENT_EXECUTE|[67]
15:04:03.0 (39248950)|VARIABLE_SCOPE_BEGIN|[67]|t|Time|false|false
15:04:03.0 (39260705)|VARIABLE_ASSIGNMENT|[67]|t|54000000
15:04:03.0 (39265234)|STATEMENT_EXECUTE|[68]
15:04:03.0 (39323297)|VARIABLE_SCOPE_BEGIN|[68]|i|Integer|false|false
15:04:03.0 (39331070)|HEAP_ALLOCATE|[68]|Bytes:4
15:04:03.0 (39338114)|VARIABLE_ASSIGNMENT|[68]|i|2
15:04:03.0 (39342325)|STATEMENT_EXECUTE|[69]
15:04:03.0 (39375082)|HEAP_ALLOCATE|[69]|Bytes:28
15:04:03.0 (39380353)|HEAP_ALLOCATE|[69]|Bytes:28
15:04:03.0 (39384641)|VARIABLE_SCOPE_BEGIN|[69]|i1|Decimal|false|false
15:04:03.0 (39396320)|VARIABLE_ASSIGNMENT|[69]|i1|0
15:04:03.0 (39400709)|STATEMENT_EXECUTE|[70]
15:04:03.0 (39427117)|HEAP_ALLOCATE|[EXTERNAL]|Bytes:4
15:04:03.0 (39449525)|STATEMENT_EXECUTE|[71]
15:04:03.0 (39451485)|STATEMENT_EXECUTE|[72]
15:04:03.0 (39478367)|USER_DEBUG|[72]|DEBUG|15:00:00.000Z
15:04:03.0 (39486485)|STATEMENT_EXECUTE|[73]
15:04:03.0 (39511291)|HEAP_ALLOCATE|[73]|Bytes:4
15:04:03.0 (39526917)|VARIABLE_ASSIGNMENT|[73]|t|55800000
15:04:03.0 (39531198)|STATEMENT_EXECUTE|[74]
15:04:03.0 (39534459)|HEAP_ALLOCATE|[74]|Bytes:3
15:04:03.0 (39550773)|HEAP_ALLOCATE|[74]|Bytes:28
15:04:03.0 (39590456)|HEAP_ALLOCATE|[74]|Bytes:28
15:04:03.0 (39606819)|VARIABLE_ASSIGNMENT|[74]|i1|0.5
15:04:03.0 (39611574)|STATEMENT_EXECUTE|[75]
15:04:03.0 (39628783)|HEAP_ALLOCATE|[EXTERNAL]|Bytes:4
15:04:03.0 (39642006)|HEAP_ALLOCATE|[76]|Bytes:28
15:04:03.0 (39645809)|HEAP_ALLOCATE|[76]|Bytes:28
15:04:03.0 (39651792)|HEAP_ALLOCATE|[76]|Bytes:28
15:04:03.0 (39676148)|HEAP_ALLOCATE|[76]|Bytes:28
15:04:03.0 (39702349)|STATEMENT_EXECUTE|[71]
15:04:03.0 (39704373)|STATEMENT_EXECUTE|[72]
15:04:03.0 (39712806)|USER_DEBUG|[72]|DEBUG|15:30:00.000Z
15:04:03.0 (39719274)|STATEMENT_EXECUTE|[73]
15:04:03.0 (39728179)|HEAP_ALLOCATE|[73]|Bytes:4
15:04:03.0 (39741805)|VARIABLE_ASSIGNMENT|[73]|t|57600000
15:04:03.0 (39745901)|STATEMENT_EXECUTE|[74]
15:04:03.0 (39750667)|HEAP_ALLOCATE|[74]|Bytes:28
15:04:03.0 (39763406)|HEAP_ALLOCATE|[74]|Bytes:28
15:04:03.0 (39774635)|VARIABLE_ASSIGNMENT|[74]|i1|1.0
15:04:03.0 (39778985)|STATEMENT_EXECUTE|[75]
15:04:03.0 (39785155)|HEAP_ALLOCATE|[EXTERNAL]|Bytes:4
15:04:03.0 (39794684)|HEAP_ALLOCATE|[76]|Bytes:28
15:04:03.0 (39798141)|HEAP_ALLOCATE|[76]|Bytes:28
15:04:03.0 (39802846)|HEAP_ALLOCATE|[76]|Bytes:28
15:04:03.0 (39815706)|HEAP_ALLOCATE|[76]|Bytes:28
15:04:03.0 (39834952)|STATEMENT_EXECUTE|[71]
15:04:03.0 (39836682)|STATEMENT_EXECUTE|[72]
15:04:03.0 (39843210)|USER_DEBUG|[72]|DEBUG|16:00:00.000Z
15:04:03.0 (39849862)|STATEMENT_EXECUTE|[73]
15:04:03.0 (39857317)|HEAP_ALLOCATE|[73]|Bytes:4
15:04:03.0 (39869627)|VARIABLE_ASSIGNMENT|[73]|t|59400000
15:04:03.0 (39873844)|STATEMENT_EXECUTE|[74]
15:04:03.0 (39878426)|HEAP_ALLOCATE|[74]|Bytes:28
15:04:03.0 (39889906)|HEAP_ALLOCATE|[74]|Bytes:28
15:04:03.0 (39900164)|VARIABLE_ASSIGNMENT|[74]|i1|1.5
15:04:03.0 (39904026)|STATEMENT_EXECUTE|[75]
15:04:03.0 (39909659)|HEAP_ALLOCATE|[EXTERNAL]|Bytes:4
15:04:03.0 (39924917)|HEAP_ALLOCATE|[76]|Bytes:28
15:04:03.0 (39928637)|HEAP_ALLOCATE|[76]|Bytes:28
15:04:03.0 (39933821)|HEAP_ALLOCATE|[76]|Bytes:28
15:04:03.0 (39946707)|HEAP_ALLOCATE|[76]|Bytes:28
15:04:03.0 (39973180)|HEAP_ALLOCATE|[65]|Bytes:5
15:04:03.0 (39984605)|HEAP_ALLOCATE|[65]|Bytes:28
15:04:03.0 (39993041)|VARIABLE_SCOPE_BEGIN|[65]|apt|Appointment__c|true|false
15:04:03.0 (40010681)|VARIABLE_ASSIGNMENT|[65]|apt|{"Id":"a250H00000HayO3QAJ","Name":"A-00001","Doctor__c":"a260H000001koYjQAI","Patient__c":"a270H000006vXivQAE","End_Time__c":70200000,"Start_Time__c":68400000}|0x75b534ff
15:04:03.0 (40017759)|STATEMENT_EXECUTE|[65]
15:04:03.0 (40019423)|STATEMENT_EXECUTE|[67]
15:04:03.0 (40029963)|VARIABLE_SCOPE_BEGIN|[67]|t|Time|false|false
15:04:03.0 (40041437)|VARIABLE_ASSIGNMENT|[67]|t|68400000
15:04:03.0 (40045484)|STATEMENT_EXECUTE|[68]
15:04:03.0 (40063869)|VARIABLE_SCOPE_BEGIN|[68]|i|Integer|false|false
15:04:03.0 (40070118)|HEAP_ALLOCATE|[68]|Bytes:4
15:04:03.0 (40076976)|VARIABLE_ASSIGNMENT|[68]|i|0
15:04:03.0 (40081085)|STATEMENT_EXECUTE|[69]
15:04:03.0 (40087410)|HEAP_ALLOCATE|[69]|Bytes:28
15:04:03.0 (40091028)|HEAP_ALLOCATE|[69]|Bytes:28
15:04:03.0 (40094516)|VARIABLE_SCOPE_BEGIN|[69]|i1|Decimal|false|false
15:04:03.0 (40102373)|VARIABLE_ASSIGNMENT|[69]|i1|0
15:04:03.0 (40106624)|STATEMENT_EXECUTE|[70]
15:04:03.0 (40112727)|HEAP_ALLOCATE|[EXTERNAL]|Bytes:4
15:04:03.0 (40118904)|STATEMENT_EXECUTE|[71]
15:04:03.0 (40120430)|STATEMENT_EXECUTE|[72]
15:04:03.0 (40127985)|USER_DEBUG|[72]|DEBUG|19:00:00.000Z
15:04:03.0 (40134115)|STATEMENT_EXECUTE|[73]
15:04:03.0 (40141705)|HEAP_ALLOCATE|[73]|Bytes:4
15:04:03.0 (40156760)|VARIABLE_ASSIGNMENT|[73]|t|70200000
15:04:03.0 (40161555)|STATEMENT_EXECUTE|[74]
15:04:03.0 (40166554)|HEAP_ALLOCATE|[74]|Bytes:28
15:04:03.0 (40180237)|HEAP_ALLOCATE|[74]|Bytes:28
15:04:03.0 (40191499)|VARIABLE_ASSIGNMENT|[74]|i1|0.5
15:04:03.0 (40195584)|STATEMENT_EXECUTE|[75]
15:04:03.0 (40200922)|HEAP_ALLOCATE|[EXTERNAL]|Bytes:4
15:04:03.0 (40210040)|HEAP_ALLOCATE|[76]|Bytes:28
15:04:03.0 (40213821)|HEAP_ALLOCATE|[76]|Bytes:28
15:04:03.0 (40218503)|HEAP_ALLOCATE|[76]|Bytes:28
15:04:03.0 (40230749)|HEAP_ALLOCATE|[76]|Bytes:28
15:04:03.0 (40256192)|HEAP_ALLOCATE|[65]|Bytes:5
15:04:03.0 (40266259)|VARIABLE_ASSIGNMENT|[65]|apt|null|
15:04:03.0 (40271411)|STATEMENT_EXECUTE|[87]
15:04:03.0 (40281435)|HEAP_ALLOCATE|[87]|Bytes:4
15:04:03.0 (40344906)|VARIABLE_ASSIGNMENT|[EXTERNAL]|this|{"aptdum":"0x1eed085f","Docdum":"0x3d6ff48a","Docmap":"0x4b2d2ba2","Initialselected":5,"Selecteddoc":"a260H000001koYjQAI","SelectedtimeSlot":60,"timelist":"0x773d5453","timeset":"0x3e552fd2","timewraplist":"0x5c2b25c0","timewraplistInitial":"0x5c2b25c0"}|0x1dfdec3
15:04:03.0 (40365507)|HEAP_ALLOCATE|[EXTERNAL]|Bytes:4
15:04:03.0 (40373794)|VARIABLE_ASSIGNMENT|[EXTERNAL]|value|[]|0x525c31d3
15:04:03.0 (40385386)|VARIABLE_ASSIGNMENT|[4]|this.timewraplist|[]|0x1dfdec3
15:04:03.0 (40394786)|STATEMENT_EXECUTE|[88]
15:04:03.0 (40402794)|HEAP_ALLOCATE|[88]|Bytes:4
15:04:03.0 (40474148)|VARIABLE_ASSIGNMENT|[EXTERNAL]|this|{"aptdum":"0x1eed085f","Docdum":"0x3d6ff48a","Docmap":"0x4b2d2ba2","Initialselected":5,"Selecteddoc":"a260H000001koYjQAI","SelectedtimeSlot":60,"timelist":"0x773d5453","timeset":"0x3e552fd2","timewraplist":"0x525c31d3","timewraplistInitial":"0x5c2b25c0"}|0x1dfdec3
15:04:03.0 (40492452)|HEAP_ALLOCATE|[EXTERNAL]|Bytes:4
15:04:03.0 (40499552)|VARIABLE_ASSIGNMENT|[EXTERNAL]|value|[]|0x25ed9161
15:04:03.0 (40509700)|VARIABLE_ASSIGNMENT|[3]|this.timelist|[]|0x1dfdec3
15:04:03.0 (40518076)|STATEMENT_EXECUTE|[89]
15:04:03.0 (40544345)|VARIABLE_SCOPE_BEGIN|[89]|t|Time|false|false
15:04:03.0 (40557675)|VARIABLE_ASSIGNMENT|[89]|t|43200000
15:04:03.0 (40562101)|STATEMENT_EXECUTE|[90]
15:04:03.0 (40601665)|VARIABLE_SCOPE_BEGIN|[90]|i|Integer|false|false
15:04:03.0 (40609721)|HEAP_ALLOCATE|[90]|Bytes:4
15:04:03.0 (40616744)|VARIABLE_ASSIGNMENT|[90]|i|7
15:04:03.0 (40621396)|STATEMENT_EXECUTE|[91]
15:04:03.0 (40629009)|HEAP_ALLOCATE|[91]|Bytes:28
15:04:03.0 (40632660)|HEAP_ALLOCATE|[91]|Bytes:28
15:04:03.0 (40636303)|VARIABLE_SCOPE_BEGIN|[91]|i1|Decimal|false|false
15:04:03.0 (40645042)|VARIABLE_ASSIGNMENT|[91]|i1|0
15:04:03.0 (40674052)|STATEMENT_EXECUTE|[92]
15:04:03.0 (40675855)|STATEMENT_EXECUTE|[93]
15:04:03.0 (40713193)|VARIABLE_ASSIGNMENT|[EXTERNAL]|this|{"aptdum":"0x1eed085f","Docdum":"0x3d6ff48a","Docmap":"0x4b2d2ba2","Initialselected":5,"Selecteddoc":"a260H000001koYjQAI","SelectedtimeSlot":60,"timelist":"0x25ed9161","timeset":"0x3e552fd2","timewraplist":"0x525c31d3","timewraplistInitial":"0x5c2b25c0"}|0x1dfdec3
15:04:03.0 (40729617)|HEAP_ALLOCATE|[93]|Bytes:12
15:04:03.0 (40748295)|CONSTRUCTOR_ENTRY|[93]|01p0H000007gCe8|<init>(Boolean,Time)
15:04:03.0 (40759453)|VARIABLE_SCOPE_BEGIN|[203]|this|docappcontroller.Wrapertimeslot|true|false
15:04:03.0 (40773667)|VARIABLE_ASSIGNMENT|[203]|this|{}|0x6d8c90df
15:04:03.0 (40781468)|VARIABLE_SCOPE_BEGIN|[203]|selection|Boolean|false|false
15:04:03.0 (40789623)|VARIABLE_ASSIGNMENT|[203]|selection|false
15:04:03.0 (40797328)|VARIABLE_SCOPE_BEGIN|[203]|tm|Time|false|false
15:04:03.0 (40806973)|VARIABLE_ASSIGNMENT|[203]|tm|43200000
15:04:03.0 (40811928)|STATEMENT_EXECUTE|[199]
15:04:03.0 (40813836)|STATEMENT_EXECUTE|[200]
15:04:03.0 (40815695)|STATEMENT_EXECUTE|[201]
15:04:03.0 (40824383)|HEAP_ALLOCATE|[204]|Bytes:6
15:04:03.0 (40851456)|STATEMENT_EXECUTE|[203]
15:04:03.0 (40853555)|STATEMENT_EXECUTE|[204]
15:04:03.0 (40905220)|VARIABLE_ASSIGNMENT|[EXTERNAL]|this|{}|0x6d8c90df
15:04:03.0 (40922241)|VARIABLE_ASSIGNMENT|[EXTERNAL]|value|false
15:04:03.0 (40933685)|HEAP_ALLOCATE|[200]|Bytes:5
15:04:03.0 (40941446)|VARIABLE_ASSIGNMENT|[200]|this.selected|false|0x6d8c90df
15:04:03.0 (40950152)|STATEMENT_EXECUTE|[205]
15:04:03.0 (40980447)|VARIABLE_ASSIGNMENT|[EXTERNAL]|this|{"selected":false}|0x6d8c90df
15:04:03.0 (40996431)|VARIABLE_ASSIGNMENT|[EXTERNAL]|value|43200000
15:04:03.0 (41006044)|VARIABLE_ASSIGNMENT|[201]|this.t|43200000|0x6d8c90df
15:04:03.0 (41022346)|CONSTRUCTOR_EXIT|[93]|01p0H000007gCe8|<init>(Boolean,Time)
15:04:03.0 (41037529)|HEAP_ALLOCATE|[EXTERNAL]|Bytes:4
15:04:03.0 (41044853)|STATEMENT_EXECUTE|[98]
15:04:03.0 (41083499)|VARIABLE_ASSIGNMENT|[EXTERNAL]|this|{"aptdum":"0x1eed085f","Docdum":"0x3d6ff48a","Docmap":"0x4b2d2ba2","Initialselected":5,"Selecteddoc":"a260H000001koYjQAI","SelectedtimeSlot":60,"timelist":"0x25ed9161","timeset":"0x3e552fd2","timewraplist":"0x525c31d3","timewraplistInitial":"0x5c2b25c0"}|0x1dfdec3
15:04:03.0 (41102797)|HEAP_ALLOCATE|[EXTERNAL]|Bytes:4
15:04:03.0 (41116751)|HEAP_ALLOCATE|[101]|Bytes:28
15:04:03.0 (41121048)|HEAP_ALLOCATE|[101]|Bytes:28
15:04:03.0 (41151712)|STATEMENT_EXECUTE|[101]
15:04:03.0 (41153900)|STATEMENT_EXECUTE|[102]
15:04:03.0 (41171042)|USER_DEBUG|[102]|DEBUG|12:00:00.000Z
15:04:03.0 (41179478)|STATEMENT_EXECUTE|[103]
15:04:03.0 (41199715)|HEAP_ALLOCATE|[103]|Bytes:4
15:04:03.0 (41214338)|VARIABLE_ASSIGNMENT|[103]|t|45000000
15:04:03.0 (41219188)|STATEMENT_EXECUTE|[104]
15:04:03.0 (41225948)|HEAP_ALLOCATE|[104]|Bytes:28
15:04:03.0 (41245129)|HEAP_ALLOCATE|[104]|Bytes:28
15:04:03.0 (41258009)|VARIABLE_ASSIGNMENT|[104]|i1|0.5
15:04:03.0 (41262707)|STATEMENT_EXECUTE|[105]
15:04:03.0 (41297714)|VARIABLE_ASSIGNMENT|[EXTERNAL]|this|{"aptdum":"0x1eed085f","Docdum":"0x3d6ff48a","Docmap":"0x4b2d2ba2","Initialselected":5,"Selecteddoc":"a260H000001koYjQAI","SelectedtimeSlot":60,"timelist":"0x25ed9161","timeset":"0x3e552fd2","timewraplist":"0x525c31d3","timewraplistInitial":"0x5c2b25c0"}|0x1dfdec3
15:04:03.0 (41314283)|HEAP_ALLOCATE|[EXTERNAL]|Bytes:4
15:04:03.0 (41341019)|STATEMENT_EXECUTE|[107]
15:04:03.0 (41342978)|STATEMENT_EXECUTE|[108]
15:04:03.0 (41373641)|VARIABLE_ASSIGNMENT|[EXTERNAL]|this|{"aptdum":"0x1eed085f","Docdum":"0x3d6ff48a","Docmap":"0x4b2d2ba2","Initialselected":5,"Selecteddoc":"a260H000001koYjQAI","SelectedtimeSlot":60,"timelist":"0x25ed9161","timeset":"0x3e552fd2","timewraplist":"0x525c31d3","timewraplistInitial":"0x5c2b25c0"}|0x1dfdec3
15:04:03.0 (41387473)|HEAP_ALLOCATE|[108]|Bytes:12
15:04:03.0 (41401449)|CONSTRUCTOR_ENTRY|[108]|01p0H000007gCe8|<init>(Boolean,Time)
15:04:03.0 (41407541)|VARIABLE_SCOPE_BEGIN|[203]|this|docappcontroller.Wrapertimeslot|true|false
15:04:03.0 (41420596)|VARIABLE_ASSIGNMENT|[203]|this|{}|0x19b1045e
15:04:03.0 (41426851)|VARIABLE_SCOPE_BEGIN|[203]|selection|Boolean|false|false
15:04:03.0 (41434596)|VARIABLE_ASSIGNMENT|[203]|selection|false
15:04:03.0 (41438369)|VARIABLE_SCOPE_BEGIN|[203]|tm|Time|false|false
15:04:03.0 (41446712)|VARIABLE_ASSIGNMENT|[203]|tm|45000000
15:04:03.0 (41451254)|STATEMENT_EXECUTE|[199]
15:04:03.0 (41453007)|STATEMENT_EXECUTE|[200]
15:04:03.0 (41454695)|STATEMENT_EXECUTE|[201]
15:04:03.0 (41465415)|STATEMENT_EXECUTE|[203]
15:04:03.0 (41467023)|STATEMENT_EXECUTE|[204]
15:04:03.0 (41478477)|VARIABLE_ASSIGNMENT|[EXTERNAL]|this|{}|0x19b1045e
15:04:03.0 (41487006)|VARIABLE_ASSIGNMENT|[EXTERNAL]|value|false
15:04:03.0 (41492294)|HEAP_ALLOCATE|[200]|Bytes:5
15:04:03.0 (41498599)|VARIABLE_ASSIGNMENT|[200]|this.selected|false|0x19b1045e
15:04:03.0 (41506775)|STATEMENT_EXECUTE|[205]
15:04:03.0 (41518035)|VARIABLE_ASSIGNMENT|[EXTERNAL]|this|{"selected":false}|0x19b1045e
15:04:03.0 (41526958)|VARIABLE_ASSIGNMENT|[EXTERNAL]|value|45000000
15:04:03.0 (41534083)|VARIABLE_ASSIGNMENT|[201]|this.t|45000000|0x19b1045e
15:04:03.0 (41548350)|CONSTRUCTOR_EXIT|[108]|01p0H000007gCe8|<init>(Boolean,Time)
15:04:03.0 (41559042)|HEAP_ALLOCATE|[EXTERNAL]|Bytes:4
15:04:03.0 (41570793)|HEAP_ALLOCATE|[101]|Bytes:28
15:04:03.0 (41574436)|HEAP_ALLOCATE|[101]|Bytes:28
15:04:03.0 (41596465)|STATEMENT_EXECUTE|[101]
15:04:03.0 (41598416)|STATEMENT_EXECUTE|[102]
15:04:03.0 (41608206)|USER_DEBUG|[102]|DEBUG|12:30:00.000Z
15:04:03.0 (41615224)|STATEMENT_EXECUTE|[103]
15:04:03.0 (41624570)|HEAP_ALLOCATE|[103]|Bytes:4
15:04:03.0 (41638098)|VARIABLE_ASSIGNMENT|[103]|t|46800000
15:04:03.0 (41642263)|STATEMENT_EXECUTE|[104]
15:04:03.0 (41647684)|HEAP_ALLOCATE|[104]|Bytes:28
15:04:03.0 (41660403)|HEAP_ALLOCATE|[104]|Bytes:28
15:04:03.0 (41672324)|VARIABLE_ASSIGNMENT|[104]|i1|1.0
15:04:03.0 (41676485)|STATEMENT_EXECUTE|[105]
15:04:03.0 (41704317)|VARIABLE_ASSIGNMENT|[EXTERNAL]|this|{"aptdum":"0x1eed085f","Docdum":"0x3d6ff48a","Docmap":"0x4b2d2ba2","Initialselected":5,"Selecteddoc":"a260H000001koYjQAI","SelectedtimeSlot":60,"timelist":"0x25ed9161","timeset":"0x3e552fd2","timewraplist":"0x525c31d3","timewraplistInitial":"0x5c2b25c0"}|0x1dfdec3
15:04:03.0 (41719118)|HEAP_ALLOCATE|[EXTERNAL]|Bytes:4
15:04:03.0 (41731649)|STATEMENT_EXECUTE|[107]
15:04:03.0 (41733371)|STATEMENT_EXECUTE|[108]
15:04:03.0 (41757274)|VARIABLE_ASSIGNMENT|[EXTERNAL]|this|{"aptdum":"0x1eed085f","Docdum":"0x3d6ff48a","Docmap":"0x4b2d2ba2","Initialselected":5,"Selecteddoc":"a260H000001koYjQAI","SelectedtimeSlot":60,"timelist":"0x25ed9161","timeset":"0x3e552fd2","timewraplist":"0x525c31d3","timewraplistInitial":"0x5c2b25c0"}|0x1dfdec3
15:04:03.0 (41769938)|HEAP_ALLOCATE|[108]|Bytes:12
15:04:03.0 (41781746)|CONSTRUCTOR_ENTRY|[108]|01p0H000007gCe8|<init>(Boolean,Time)
15:04:03.0 (41787235)|VARIABLE_SCOPE_BEGIN|[203]|this|docappcontroller.Wrapertimeslot|true|false
15:04:03.0 (41799996)|VARIABLE_ASSIGNMENT|[203]|this|{}|0x30588c50
15:04:03.0 (41806164)|VARIABLE_SCOPE_BEGIN|[203]|selection|Boolean|false|false
15:04:03.0 (41813349)|VARIABLE_ASSIGNMENT|[203]|selection|false
15:04:03.0 (41817499)|VARIABLE_SCOPE_BEGIN|[203]|tm|Time|false|false
15:04:03.0 (41825239)|VARIABLE_ASSIGNMENT|[203]|tm|46800000
15:04:03.0 (41829464)|STATEMENT_EXECUTE|[199]
15:04:03.0 (41831213)|STATEMENT_EXECUTE|[200]
15:04:03.0 (41832794)|STATEMENT_EXECUTE|[201]
15:04:03.0 (41841759)|STATEMENT_EXECUTE|[203]
15:04:03.0 (41843355)|STATEMENT_EXECUTE|[204]
15:04:03.0 (41854139)|VARIABLE_ASSIGNMENT|[EXTERNAL]|this|{}|0x30588c50
15:04:03.0 (41862340)|VARIABLE_ASSIGNMENT|[EXTERNAL]|value|false
15:04:03.0 (41867698)|HEAP_ALLOCATE|[200]|Bytes:5
15:04:03.0 (41873780)|VARIABLE_ASSIGNMENT|[200]|this.selected|false|0x30588c50
15:04:03.0 (41880745)|STATEMENT_EXECUTE|[205]
15:04:03.0 (41891937)|VARIABLE_ASSIGNMENT|[EXTERNAL]|this|{"selected":false}|0x30588c50
15:04:03.0 (41900430)|VARIABLE_ASSIGNMENT|[EXTERNAL]|value|46800000
15:04:03.0 (41907435)|VARIABLE_ASSIGNMENT|[201]|this.t|46800000|0x30588c50
15:04:03.0 (41932428)|CONSTRUCTOR_EXIT|[108]|01p0H000007gCe8|<init>(Boolean,Time)
15:04:03.0 (41944434)|HEAP_ALLOCATE|[EXTERNAL]|Bytes:4
15:04:03.0 (41956879)|HEAP_ALLOCATE|[101]|Bytes:28
15:04:03.0 (41960712)|HEAP_ALLOCATE|[101]|Bytes:28
15:04:03.0 (41979741)|STATEMENT_EXECUTE|[101]
15:04:03.0 (41981780)|STATEMENT_EXECUTE|[102]
15:04:03.0 (41992140)|USER_DEBUG|[102]|DEBUG|13:00:00.000Z
15:04:03.0 (41999228)|STATEMENT_EXECUTE|[103]
15:04:03.0 (42008316)|HEAP_ALLOCATE|[103]|Bytes:4
15:04:03.0 (42022153)|VARIABLE_ASSIGNMENT|[103]|t|48600000
15:04:03.0 (42026329)|STATEMENT_EXECUTE|[104]
15:04:03.0 (42031559)|HEAP_ALLOCATE|[104]|Bytes:28
15:04:03.0 (42043764)|HEAP_ALLOCATE|[104]|Bytes:28
15:04:03.0 (42055402)|VARIABLE_ASSIGNMENT|[104]|i1|1.5
15:04:03.0 (42059586)|STATEMENT_EXECUTE|[105]
15:04:03.0 (42088625)|VARIABLE_ASSIGNMENT|[EXTERNAL]|this|{"aptdum":"0x1eed085f","Docdum":"0x3d6ff48a","Docmap":"0x4b2d2ba2","Initialselected":5,"Selecteddoc":"a260H000001koYjQAI","SelectedtimeSlot":60,"timelist":"0x25ed9161","timeset":"0x3e552fd2","timewraplist":"0x525c31d3","timewraplistInitial":"0x5c2b25c0"}|0x1dfdec3
15:04:03.0 (42102915)|HEAP_ALLOCATE|[EXTERNAL]|Bytes:4
15:04:03.0 (42115291)|STATEMENT_EXECUTE|[107]
15:04:03.0 (42117566)|STATEMENT_EXECUTE|[108]
15:04:03.0 (42141628)|VARIABLE_ASSIGNMENT|[EXTERNAL]|this|{"aptdum":"0x1eed085f","Docdum":"0x3d6ff48a","Docmap":"0x4b2d2ba2","Initialselected":5,"Selecteddoc":"a260H000001koYjQAI","SelectedtimeSlot":60,"timelist":"0x25ed9161","timeset":"0x3e552fd2","timewraplist":"0x525c31d3","timewraplistInitial":"0x5c2b25c0"}|0x1dfdec3
15:04:03.0 (42153567)|HEAP_ALLOCATE|[108]|Bytes:12
15:04:03.0 (42164795)|CONSTRUCTOR_ENTRY|[108]|01p0H000007gCe8|<init>(Boolean,Time)
15:04:03.0 (42170196)|VARIABLE_SCOPE_BEGIN|[203]|this|docappcontroller.Wrapertimeslot|true|false
15:04:03.0 (42182562)|VARIABLE_ASSIGNMENT|[203]|this|{}|0x43e12a53
15:04:03.0 (42188884)|VARIABLE_SCOPE_BEGIN|[203]|selection|Boolean|false|false
15:04:03.0 (42196463)|VARIABLE_ASSIGNMENT|[203]|selection|false
15:04:03.0 (42200036)|VARIABLE_SCOPE_BEGIN|[203]|tm|Time|false|false
15:04:03.0 (42208049)|VARIABLE_ASSIGNMENT|[203]|tm|48600000
15:04:03.0 (42212394)|STATEMENT_EXECUTE|[199]
15:04:03.0 (42214128)|STATEMENT_EXECUTE|[200]
15:04:03.0 (42215708)|STATEMENT_EXECUTE|[201]
15:04:03.0 (42224518)|STATEMENT_EXECUTE|[203]
15:04:03.0 (42226454)|STATEMENT_EXECUTE|[204]
15:04:03.0 (42237503)|VARIABLE_ASSIGNMENT|[EXTERNAL]|this|{}|0x43e12a53
15:04:03.0 (42246384)|VARIABLE_ASSIGNMENT|[EXTERNAL]|value|false
15:04:03.0 (42254153)|HEAP_ALLOCATE|[200]|Bytes:5
15:04:03.0 (42264369)|VARIABLE_ASSIGNMENT|[200]|this.selected|false|0x43e12a53
15:04:03.0 (42273444)|STATEMENT_EXECUTE|[205]
15:04:03.0 (42286997)|VARIABLE_ASSIGNMENT|[EXTERNAL]|this|{"selected":false}|0x43e12a53
15:04:03.0 (42296711)|VARIABLE_ASSIGNMENT|[EXTERNAL]|value|48600000
15:04:03.0 (42304529)|VARIABLE_ASSIGNMENT|[201]|this.t|48600000|0x43e12a53
15:04:03.0 (42319226)|CONSTRUCTOR_EXIT|[108]|01p0H000007gCe8|<init>(Boolean,Time)
15:04:03.0 (42328580)|HEAP_ALLOCATE|[EXTERNAL]|Bytes:4
15:04:03.0 (42340375)|HEAP_ALLOCATE|[101]|Bytes:28
15:04:03.0 (42344118)|HEAP_ALLOCATE|[101]|Bytes:28
15:04:03.0 (42362926)|STATEMENT_EXECUTE|[101]
15:04:03.0 (42364745)|STATEMENT_EXECUTE|[102]
15:04:03.0 (42373923)|USER_DEBUG|[102]|DEBUG|13:30:00.000Z
15:04:03.0 (42380598)|STATEMENT_EXECUTE|[103]
15:04:03.0 (42389557)|HEAP_ALLOCATE|[103]|Bytes:4
15:04:03.0 (42403253)|VARIABLE_ASSIGNMENT|[103]|t|50400000
15:04:03.0 (42407813)|STATEMENT_EXECUTE|[104]
15:04:03.0 (42413080)|HEAP_ALLOCATE|[104]|Bytes:28
15:04:03.0 (42425817)|HEAP_ALLOCATE|[104]|Bytes:28
15:04:03.0 (42436987)|VARIABLE_ASSIGNMENT|[104]|i1|2.0
15:04:03.0 (42441128)|STATEMENT_EXECUTE|[105]
15:04:03.0 (42469488)|VARIABLE_ASSIGNMENT|[EXTERNAL]|this|{"aptdum":"0x1eed085f","Docdum":"0x3d6ff48a","Docmap":"0x4b2d2ba2","Initialselected":5,"Selecteddoc":"a260H000001koYjQAI","SelectedtimeSlot":60,"timelist":"0x25ed9161","timeset":"0x3e552fd2","timewraplist":"0x525c31d3","timewraplistInitial":"0x5c2b25c0"}|0x1dfdec3
15:04:03.0 (42483245)|HEAP_ALLOCATE|[EXTERNAL]|Bytes:4
15:04:03.0 (42495520)|STATEMENT_EXECUTE|[107]
15:04:03.0 (42497158)|STATEMENT_EXECUTE|[108]
15:04:03.0 (42520706)|VARIABLE_ASSIGNMENT|[EXTERNAL]|this|{"aptdum":"0x1eed085f","Docdum":"0x3d6ff48a","Docmap":"0x4b2d2ba2","Initialselected":5,"Selecteddoc":"a260H000001koYjQAI","SelectedtimeSlot":60,"timelist":"0x25ed9161","timeset":"0x3e552fd2","timewraplist":"0x525c31d3","timewraplistInitial":"0x5c2b25c0"}|0x1dfdec3
15:04:03.0 (42537377)|HEAP_ALLOCATE|[108]|Bytes:12
15:04:03.0 (42549777)|CONSTRUCTOR_ENTRY|[108]|01p0H000007gCe8|<init>(Boolean,Time)
15:04:03.0 (42554861)|VARIABLE_SCOPE_BEGIN|[203]|this|docappcontroller.Wrapertimeslot|true|false
15:04:03.0 (42567650)|VARIABLE_ASSIGNMENT|[203]|this|{}|0x70ef1d2b
15:04:03.0 (42573891)|VARIABLE_SCOPE_BEGIN|[203]|selection|Boolean|false|false
15:04:03.0 (42580941)|VARIABLE_ASSIGNMENT|[203]|selection|false
15:04:03.0 (42584672)|VARIABLE_SCOPE_BEGIN|[203]|tm|Time|false|false
15:04:03.0 (42593140)|VARIABLE_ASSIGNMENT|[203]|tm|50400000
15:04:03.0 (42598009)|STATEMENT_EXECUTE|[199]
15:04:03.0 (42599609)|STATEMENT_EXECUTE|[200]
15:04:03.0 (42601140)|STATEMENT_EXECUTE|[201]
15:04:03.0 (42610139)|STATEMENT_EXECUTE|[203]
15:04:03.0 (42611769)|STATEMENT_EXECUTE|[204]
15:04:03.0 (42622260)|VARIABLE_ASSIGNMENT|[EXTERNAL]|this|{}|0x70ef1d2b
15:04:03.0 (42630564)|VARIABLE_ASSIGNMENT|[EXTERNAL]|value|false
15:04:03.0 (42635831)|HEAP_ALLOCATE|[200]|Bytes:5
15:04:03.0 (42641226)|VARIABLE_ASSIGNMENT|[200]|this.selected|false|0x70ef1d2b
15:04:03.0 (42648231)|STATEMENT_EXECUTE|[205]
15:04:03.0 (42658904)|VARIABLE_ASSIGNMENT|[EXTERNAL]|this|{"selected":false}|0x70ef1d2b
15:04:03.0 (42667230)|VARIABLE_ASSIGNMENT|[EXTERNAL]|value|50400000
15:04:03.0 (42674303)|VARIABLE_ASSIGNMENT|[201]|this.t|50400000|0x70ef1d2b
15:04:03.0 (42687236)|CONSTRUCTOR_EXIT|[108]|01p0H000007gCe8|<init>(Boolean,Time)
15:04:03.0 (42696397)|HEAP_ALLOCATE|[EXTERNAL]|Bytes:4
15:04:03.0 (42706814)|HEAP_ALLOCATE|[101]|Bytes:28
15:04:03.0 (42710377)|HEAP_ALLOCATE|[101]|Bytes:28
15:04:03.0 (42729181)|STATEMENT_EXECUTE|[101]
15:04:03.0 (42731071)|STATEMENT_EXECUTE|[102]
15:04:03.0 (42739464)|USER_DEBUG|[102]|DEBUG|14:00:00.000Z
15:04:03.0 (42746102)|STATEMENT_EXECUTE|[103]
15:04:03.0 (42754326)|HEAP_ALLOCATE|[103]|Bytes:4
15:04:03.0 (42767715)|VARIABLE_ASSIGNMENT|[103]|t|52200000
15:04:03.0 (42772213)|STATEMENT_EXECUTE|[104]
15:04:03.0 (42777395)|HEAP_ALLOCATE|[104]|Bytes:28
15:04:03.0 (42789541)|HEAP_ALLOCATE|[104]|Bytes:28
15:04:03.0 (42800608)|VARIABLE_ASSIGNMENT|[104]|i1|2.5
15:04:03.0 (42804803)|STATEMENT_EXECUTE|[105]
15:04:03.0 (42832124)|VARIABLE_ASSIGNMENT|[EXTERNAL]|this|{"aptdum":"0x1eed085f","Docdum":"0x3d6ff48a","Docmap":"0x4b2d2ba2","Initialselected":5,"Selecteddoc":"a260H000001koYjQAI","SelectedtimeSlot":60,"timelist":"0x25ed9161","timeset":"0x3e552fd2","timewraplist":"0x525c31d3","timewraplistInitial":"0x5c2b25c0"}|0x1dfdec3
15:04:03.0 (42846196)|HEAP_ALLOCATE|[EXTERNAL]|Bytes:4
15:04:03.0 (42858356)|STATEMENT_EXECUTE|[107]
15:04:03.0 (42860113)|STATEMENT_EXECUTE|[108]
15:04:03.0 (42883479)|VARIABLE_ASSIGNMENT|[EXTERNAL]|this|{"aptdum":"0x1eed085f","Docdum":"0x3d6ff48a","Docmap":"0x4b2d2ba2","Initialselected":5,"Selecteddoc":"a260H000001koYjQAI","SelectedtimeSlot":60,"timelist":"0x25ed9161","timeset":"0x3e552fd2","timewraplist":"0x525c31d3","timewraplistInitial":"0x5c2b25c0"}|0x1dfdec3
15:04:03.0 (42894942)|HEAP_ALLOCATE|[108]|Bytes:12
15:04:03.0 (42905871)|CONSTRUCTOR_ENTRY|[108]|01p0H000007gCe8|<init>(Boolean,Time)
15:04:03.0 (42910774)|VARIABLE_SCOPE_BEGIN|[203]|this|docappcontroller.Wrapertimeslot|true|false
15:04:03.0 (42927915)|VARIABLE_ASSIGNMENT|[203]|this|{}|0x528eb510
15:04:03.0 (42934143)|VARIABLE_SCOPE_BEGIN|[203]|selection|Boolean|false|false
15:04:03.0 (42941926)|VARIABLE_ASSIGNMENT|[203]|selection|false
15:04:03.0 (42945420)|VARIABLE_SCOPE_BEGIN|[203]|tm|Time|false|false
15:04:03.0 (42953237)|VARIABLE_ASSIGNMENT|[203]|tm|52200000
15:04:03.0 (42957630)|STATEMENT_EXECUTE|[199]
15:04:03.0 (42959315)|STATEMENT_EXECUTE|[200]
15:04:03.0 (42960799)|STATEMENT_EXECUTE|[201]
15:04:03.0 (42969589)|STATEMENT_EXECUTE|[203]
15:04:03.0 (42971150)|STATEMENT_EXECUTE|[204]
15:04:03.0 (42981658)|VARIABLE_ASSIGNMENT|[EXTERNAL]|this|{}|0x528eb510
15:04:03.0 (42991568)|VARIABLE_ASSIGNMENT|[EXTERNAL]|value|false
15:04:03.0 (42997500)|HEAP_ALLOCATE|[200]|Bytes:5
15:04:03.0 (43003054)|VARIABLE_ASSIGNMENT|[200]|this.selected|false|0x528eb510
15:04:03.0 (43010849)|STATEMENT_EXECUTE|[205]
15:04:03.0 (43021918)|VARIABLE_ASSIGNMENT|[EXTERNAL]|this|{"selected":false}|0x528eb510
15:04:03.0 (43030474)|VARIABLE_ASSIGNMENT|[EXTERNAL]|value|52200000
15:04:03.0 (43037666)|VARIABLE_ASSIGNMENT|[201]|this.t|52200000|0x528eb510
15:04:03.0 (43051845)|CONSTRUCTOR_EXIT|[108]|01p0H000007gCe8|<init>(Boolean,Time)
15:04:03.0 (43060428)|HEAP_ALLOCATE|[EXTERNAL]|Bytes:4
15:04:03.0 (43070995)|HEAP_ALLOCATE|[101]|Bytes:28
15:04:03.0 (43074648)|HEAP_ALLOCATE|[101]|Bytes:28
15:04:03.0 (43092750)|STATEMENT_EXECUTE|[101]
15:04:03.0 (43094512)|STATEMENT_EXECUTE|[102]
15:04:03.0 (43102477)|USER_DEBUG|[102]|DEBUG|14:30:00.000Z
15:04:03.0 (43108848)|STATEMENT_EXECUTE|[103]
15:04:03.0 (43117308)|HEAP_ALLOCATE|[103]|Bytes:4
15:04:03.0 (43129650)|VARIABLE_ASSIGNMENT|[103]|t|54000000
15:04:03.0 (43133776)|STATEMENT_EXECUTE|[104]
15:04:03.0 (43138667)|HEAP_ALLOCATE|[104]|Bytes:28
15:04:03.0 (43150801)|HEAP_ALLOCATE|[104]|Bytes:28
15:04:03.0 (43161724)|VARIABLE_ASSIGNMENT|[104]|i1|3.0
15:04:03.0 (43165897)|STATEMENT_EXECUTE|[105]
15:04:03.0 (43193021)|VARIABLE_ASSIGNMENT|[EXTERNAL]|this|{"aptdum":"0x1eed085f","Docdum":"0x3d6ff48a","Docmap":"0x4b2d2ba2","Initialselected":5,"Selecteddoc":"a260H000001koYjQAI","SelectedtimeSlot":60,"timelist":"0x25ed9161","timeset":"0x3e552fd2","timewraplist":"0x525c31d3","timewraplistInitial":"0x5c2b25c0"}|0x1dfdec3
15:04:03.0 (43207948)|HEAP_ALLOCATE|[EXTERNAL]|Bytes:4
15:04:03.0 (43220196)|STATEMENT_EXECUTE|[109]
15:04:03.0 (43221869)|STATEMENT_EXECUTE|[110]
15:04:03.0 (43255881)|VARIABLE_ASSIGNMENT|[EXTERNAL]|this|{"aptdum":"0x1eed085f","Docdum":"0x3d6ff48a","Docmap":"0x4b2d2ba2","Initialselected":5,"Selecteddoc":"a260H000001koYjQAI","SelectedtimeSlot":60,"timelist":"0x25ed9161","timeset":"0x3e552fd2","timewraplist":"0x525c31d3","timewraplistInitial":"0x5c2b25c0"}|0x1dfdec3
15:04:03.0 (43269273)|HEAP_ALLOCATE|[110]|Bytes:12
15:04:03.0 (43281783)|CONSTRUCTOR_ENTRY|[110]|01p0H000007gCe8|<init>(Boolean,Time)
15:04:03.0 (43287118)|VARIABLE_SCOPE_BEGIN|[203]|this|docappcontroller.Wrapertimeslot|true|false
15:04:03.0 (43299864)|VARIABLE_ASSIGNMENT|[203]|this|{}|0x9adecbc
15:04:03.0 (43306371)|VARIABLE_SCOPE_BEGIN|[203]|selection|Boolean|false|false
15:04:03.0 (43313645)|VARIABLE_ASSIGNMENT|[203]|selection|true
15:04:03.0 (43317368)|VARIABLE_SCOPE_BEGIN|[203]|tm|Time|false|false
15:04:03.0 (43325229)|VARIABLE_ASSIGNMENT|[203]|tm|54000000
15:04:03.0 (43329510)|STATEMENT_EXECUTE|[199]
15:04:03.0 (43331333)|STATEMENT_EXECUTE|[200]
15:04:03.0 (43332834)|STATEMENT_EXECUTE|[201]
15:04:03.0 (43341219)|STATEMENT_EXECUTE|[203]
15:04:03.0 (43342871)|STATEMENT_EXECUTE|[204]
15:04:03.0 (43353613)|VARIABLE_ASSIGNMENT|[EXTERNAL]|this|{}|0x9adecbc
15:04:03.0 (43361913)|VARIABLE_ASSIGNMENT|[EXTERNAL]|value|true
15:04:03.0 (43366579)|HEAP_ALLOCATE|[200]|Bytes:5
15:04:03.0 (43371882)|VARIABLE_ASSIGNMENT|[200]|this.selected|true|0x9adecbc
15:04:03.0 (43379349)|STATEMENT_EXECUTE|[205]
15:04:03.0 (43390303)|VARIABLE_ASSIGNMENT|[EXTERNAL]|this|{"selected":true}|0x9adecbc
15:04:03.0 (43398854)|VARIABLE_ASSIGNMENT|[EXTERNAL]|value|54000000
15:04:03.0 (43406111)|VARIABLE_ASSIGNMENT|[201]|this.t|54000000|0x9adecbc
15:04:03.0 (43419637)|CONSTRUCTOR_EXIT|[110]|01p0H000007gCe8|<init>(Boolean,Time)
15:04:03.0 (43429846)|HEAP_ALLOCATE|[EXTERNAL]|Bytes:4
15:04:03.0 (43435546)|STATEMENT_EXECUTE|[111]
15:04:03.0 (43440973)|HEAP_ALLOCATE|[111]|Bytes:4
15:04:03.0 (43447670)|VARIABLE_ASSIGNMENT|[111]|this.Initialselected|6|0x1dfdec3
15:04:03.0 (43457732)|HEAP_ALLOCATE|[101]|Bytes:28
15:04:03.0 (43461526)|HEAP_ALLOCATE|[101]|Bytes:28
15:04:03.0 (43481102)|STATEMENT_EXECUTE|[101]
15:04:03.0 (43483021)|STATEMENT_EXECUTE|[102]
15:04:03.0 (43491363)|USER_DEBUG|[102]|DEBUG|15:00:00.000Z
15:04:03.0 (43497764)|STATEMENT_EXECUTE|[103]
15:04:03.0 (43506814)|HEAP_ALLOCATE|[103]|Bytes:4
15:04:03.0 (43520424)|VARIABLE_ASSIGNMENT|[103]|t|55800000
15:04:03.0 (43524469)|STATEMENT_EXECUTE|[104]
15:04:03.0 (43529437)|HEAP_ALLOCATE|[104]|Bytes:28
15:04:03.0 (43541669)|HEAP_ALLOCATE|[104]|Bytes:28
15:04:03.0 (43552515)|VARIABLE_ASSIGNMENT|[104]|i1|3.5
15:04:03.0 (43556824)|STATEMENT_EXECUTE|[105]
15:04:03.0 (43585214)|VARIABLE_ASSIGNMENT|[EXTERNAL]|this|{"aptdum":"0x1eed085f","Docdum":"0x3d6ff48a","Docmap":"0x4b2d2ba2","Initialselected":6,"Selecteddoc":"a260H000001koYjQAI","SelectedtimeSlot":60,"timelist":"0x25ed9161","timeset":"0x3e552fd2","timewraplist":"0x525c31d3","timewraplistInitial":"0x5c2b25c0"}|0x1dfdec3
15:04:03.0 (43600002)|HEAP_ALLOCATE|[EXTERNAL]|Bytes:4
15:04:03.0 (43612758)|STATEMENT_EXECUTE|[109]
15:04:03.0 (43614484)|STATEMENT_EXECUTE|[110]
15:04:03.0 (43639071)|VARIABLE_ASSIGNMENT|[EXTERNAL]|this|{"aptdum":"0x1eed085f","Docdum":"0x3d6ff48a","Docmap":"0x4b2d2ba2","Initialselected":6,"Selecteddoc":"a260H000001koYjQAI","SelectedtimeSlot":60,"timelist":"0x25ed9161","timeset":"0x3e552fd2","timewraplist":"0x525c31d3","timewraplistInitial":"0x5c2b25c0"}|0x1dfdec3
15:04:03.0 (43650802)|HEAP_ALLOCATE|[110]|Bytes:12
15:04:03.0 (43662061)|CONSTRUCTOR_ENTRY|[110]|01p0H000007gCe8|<init>(Boolean,Time)
15:04:03.0 (43667500)|VARIABLE_SCOPE_BEGIN|[203]|this|docappcontroller.Wrapertimeslot|true|false
15:04:03.0 (43679718)|VARIABLE_ASSIGNMENT|[203]|this|{}|0x71f03fef
15:04:03.0 (43685788)|VARIABLE_SCOPE_BEGIN|[203]|selection|Boolean|false|false
15:04:03.0 (43693634)|VARIABLE_ASSIGNMENT|[203]|selection|true
15:04:03.0 (43697500)|VARIABLE_SCOPE_BEGIN|[203]|tm|Time|false|false
15:04:03.0 (43704898)|VARIABLE_ASSIGNMENT|[203]|tm|55800000
15:04:03.0 (43709136)|STATEMENT_EXECUTE|[199]
15:04:03.0 (43710850)|STATEMENT_EXECUTE|[200]
15:04:03.0 (43712736)|STATEMENT_EXECUTE|[201]
15:04:03.0 (43721122)|STATEMENT_EXECUTE|[203]
15:04:03.0 (43722959)|STATEMENT_EXECUTE|[204]
15:04:03.0 (43734108)|VARIABLE_ASSIGNMENT|[EXTERNAL]|this|{}|0x71f03fef
15:04:03.0 (43742673)|VARIABLE_ASSIGNMENT|[EXTERNAL]|value|true
15:04:03.0 (43747681)|HEAP_ALLOCATE|[200]|Bytes:5
15:04:03.0 (43753741)|VARIABLE_ASSIGNMENT|[200]|this.selected|true|0x71f03fef
15:04:03.0 (43760656)|STATEMENT_EXECUTE|[205]
15:04:03.0 (43771568)|VARIABLE_ASSIGNMENT|[EXTERNAL]|this|{"selected":true}|0x71f03fef
15:04:03.0 (43780398)|VARIABLE_ASSIGNMENT|[EXTERNAL]|value|55800000
15:04:03.0 (43787392)|VARIABLE_ASSIGNMENT|[201]|this.t|55800000|0x71f03fef
15:04:03.0 (43800606)|CONSTRUCTOR_EXIT|[110]|01p0H000007gCe8|<init>(Boolean,Time)
15:04:03.0 (43808932)|HEAP_ALLOCATE|[EXTERNAL]|Bytes:4
15:04:03.0 (43814407)|STATEMENT_EXECUTE|[111]
15:04:03.0 (43817961)|HEAP_ALLOCATE|[111]|Bytes:4
15:04:03.0 (43824365)|VARIABLE_ASSIGNMENT|[111]|this.Initialselected|7|0x1dfdec3
15:04:03.0 (43833990)|HEAP_ALLOCATE|[101]|Bytes:28
15:04:03.0 (43837762)|HEAP_ALLOCATE|[101]|Bytes:28
15:04:03.0 (43856700)|STATEMENT_EXECUTE|[101]
15:04:03.0 (43858473)|STATEMENT_EXECUTE|[102]
15:04:03.0 (43866959)|USER_DEBUG|[102]|DEBUG|15:30:00.000Z
15:04:03.0 (43877681)|STATEMENT_EXECUTE|[103]
15:04:03.0 (43887694)|HEAP_ALLOCATE|[103]|Bytes:4
15:04:03.0 (43901341)|VARIABLE_ASSIGNMENT|[103]|t|57600000
15:04:03.0 (43905367)|STATEMENT_EXECUTE|[104]
15:04:03.0 (43910614)|HEAP_ALLOCATE|[104]|Bytes:28
15:04:03.0 (43927821)|HEAP_ALLOCATE|[104]|Bytes:28
15:04:03.0 (43939482)|VARIABLE_ASSIGNMENT|[104]|i1|4.0
15:04:03.0 (43943437)|STATEMENT_EXECUTE|[105]
15:04:03.0 (43971096)|VARIABLE_ASSIGNMENT|[EXTERNAL]|this|{"aptdum":"0x1eed085f","Docdum":"0x3d6ff48a","Docmap":"0x4b2d2ba2","Initialselected":7,"Selecteddoc":"a260H000001koYjQAI","SelectedtimeSlot":60,"timelist":"0x25ed9161","timeset":"0x3e552fd2","timewraplist":"0x525c31d3","timewraplistInitial":"0x5c2b25c0"}|0x1dfdec3
15:04:03.0 (43986125)|HEAP_ALLOCATE|[EXTERNAL]|Bytes:4
15:04:03.0 (44000067)|STATEMENT_EXECUTE|[109]
15:04:03.0 (44002372)|STATEMENT_EXECUTE|[110]
15:04:03.0 (44027268)|VARIABLE_ASSIGNMENT|[EXTERNAL]|this|{"aptdum":"0x1eed085f","Docdum":"0x3d6ff48a","Docmap":"0x4b2d2ba2","Initialselected":7,"Selecteddoc":"a260H000001koYjQAI","SelectedtimeSlot":60,"timelist":"0x25ed9161","timeset":"0x3e552fd2","timewraplist":"0x525c31d3","timewraplistInitial":"0x5c2b25c0"}|0x1dfdec3
15:04:03.0 (44040102)|HEAP_ALLOCATE|[110]|Bytes:12
15:04:03.0 (44051927)|CONSTRUCTOR_ENTRY|[110]|01p0H000007gCe8|<init>(Boolean,Time)
15:04:03.0 (44057591)|VARIABLE_SCOPE_BEGIN|[203]|this|docappcontroller.Wrapertimeslot|true|false
15:04:03.0 (44069599)|VARIABLE_ASSIGNMENT|[203]|this|{}|0x2ddbd32d
15:04:03.0 (44075885)|VARIABLE_SCOPE_BEGIN|[203]|selection|Boolean|false|false
15:04:03.0 (44083342)|VARIABLE_ASSIGNMENT|[203]|selection|true
15:04:03.0 (44086896)|VARIABLE_SCOPE_BEGIN|[203]|tm|Time|false|false
15:04:03.0 (44094589)|VARIABLE_ASSIGNMENT|[203]|tm|57600000
15:04:03.0 (44098867)|STATEMENT_EXECUTE|[199]
15:04:03.0 (44100632)|STATEMENT_EXECUTE|[200]
15:04:03.0 (44102297)|STATEMENT_EXECUTE|[201]
15:04:03.0 (44110875)|STATEMENT_EXECUTE|[203]
15:04:03.0 (44112457)|STATEMENT_EXECUTE|[204]
15:04:03.0 (44123169)|VARIABLE_ASSIGNMENT|[EXTERNAL]|this|{}|0x2ddbd32d
15:04:03.0 (44131933)|VARIABLE_ASSIGNMENT|[EXTERNAL]|value|true
15:04:03.0 (44137292)|HEAP_ALLOCATE|[200]|Bytes:5
15:04:03.0 (44143301)|VARIABLE_ASSIGNMENT|[200]|this.selected|true|0x2ddbd32d
15:04:03.0 (44150305)|STATEMENT_EXECUTE|[205]
15:04:03.0 (44161182)|VARIABLE_ASSIGNMENT|[EXTERNAL]|this|{"selected":true}|0x2ddbd32d
15:04:03.0 (44170217)|VARIABLE_ASSIGNMENT|[EXTERNAL]|value|57600000
15:04:03.0 (44177500)|VARIABLE_ASSIGNMENT|[201]|this.t|57600000|0x2ddbd32d
15:04:03.0 (44190320)|CONSTRUCTOR_EXIT|[110]|01p0H000007gCe8|<init>(Boolean,Time)
15:04:03.0 (44198776)|HEAP_ALLOCATE|[EXTERNAL]|Bytes:4
15:04:03.0 (44204082)|STATEMENT_EXECUTE|[111]
15:04:03.0 (44207554)|HEAP_ALLOCATE|[111]|Bytes:4
15:04:03.0 (44214006)|VARIABLE_ASSIGNMENT|[111]|this.Initialselected|8|0x1dfdec3
15:04:03.0 (44223905)|HEAP_ALLOCATE|[101]|Bytes:28
15:04:03.0 (44227392)|HEAP_ALLOCATE|[101]|Bytes:28
15:04:03.0 (44246347)|STATEMENT_EXECUTE|[101]
15:04:03.0 (44248194)|STATEMENT_EXECUTE|[102]
15:04:03.0 (44256191)|USER_DEBUG|[102]|DEBUG|16:00:00.000Z
15:04:03.0 (44262962)|STATEMENT_EXECUTE|[103]
15:04:03.0 (44271272)|HEAP_ALLOCATE|[103]|Bytes:4
15:04:03.0 (44284949)|VARIABLE_ASSIGNMENT|[103]|t|59400000
15:04:03.0 (44289152)|STATEMENT_EXECUTE|[104]
15:04:03.0 (44294165)|HEAP_ALLOCATE|[104]|Bytes:28
15:04:03.0 (44306240)|HEAP_ALLOCATE|[104]|Bytes:28
15:04:03.0 (44317414)|VARIABLE_ASSIGNMENT|[104]|i1|4.5
15:04:03.0 (44322060)|STATEMENT_EXECUTE|[105]
15:04:03.0 (44349320)|VARIABLE_ASSIGNMENT|[EXTERNAL]|this|{"aptdum":"0x1eed085f","Docdum":"0x3d6ff48a","Docmap":"0x4b2d2ba2","Initialselected":8,"Selecteddoc":"a260H000001koYjQAI","SelectedtimeSlot":60,"timelist":"0x25ed9161","timeset":"0x3e552fd2","timewraplist":"0x525c31d3","timewraplistInitial":"0x5c2b25c0"}|0x1dfdec3
15:04:03.0 (44364107)|HEAP_ALLOCATE|[EXTERNAL]|Bytes:4
15:04:03.0 (44376359)|STATEMENT_EXECUTE|[109]
15:04:03.0 (44378098)|STATEMENT_EXECUTE|[110]
15:04:03.0 (44401243)|VARIABLE_ASSIGNMENT|[EXTERNAL]|this|{"aptdum":"0x1eed085f","Docdum":"0x3d6ff48a","Docmap":"0x4b2d2ba2","Initialselected":8,"Selecteddoc":"a260H000001koYjQAI","SelectedtimeSlot":60,"timelist":"0x25ed9161","timeset":"0x3e552fd2","timewraplist":"0x525c31d3","timewraplistInitial":"0x5c2b25c0"}|0x1dfdec3
15:04:03.0 (44413219)|HEAP_ALLOCATE|[110]|Bytes:12
15:04:03.0 (44424791)|CONSTRUCTOR_ENTRY|[110]|01p0H000007gCe8|<init>(Boolean,Time)
15:04:03.0 (44429599)|VARIABLE_SCOPE_BEGIN|[203]|this|docappcontroller.Wrapertimeslot|true|false
15:04:03.0 (44441582)|VARIABLE_ASSIGNMENT|[203]|this|{}|0x12d5a1e8
15:04:03.0 (44447652)|VARIABLE_SCOPE_BEGIN|[203]|selection|Boolean|false|false
15:04:03.0 (44454534)|VARIABLE_ASSIGNMENT|[203]|selection|true
15:04:03.0 (44458197)|VARIABLE_SCOPE_BEGIN|[203]|tm|Time|false|false
15:04:03.0 (44466240)|VARIABLE_ASSIGNMENT|[203]|tm|59400000
15:04:03.0 (44470964)|STATEMENT_EXECUTE|[199]
15:04:03.0 (44472642)|STATEMENT_EXECUTE|[200]
15:04:03.0 (44474164)|STATEMENT_EXECUTE|[201]
15:04:03.0 (44482725)|STATEMENT_EXECUTE|[203]
15:04:03.0 (44484306)|STATEMENT_EXECUTE|[204]
15:04:03.0 (44494829)|VARIABLE_ASSIGNMENT|[EXTERNAL]|this|{}|0x12d5a1e8
15:04:03.0 (44502708)|VARIABLE_ASSIGNMENT|[EXTERNAL]|value|true
15:04:03.0 (44507378)|HEAP_ALLOCATE|[200]|Bytes:5
15:04:03.0 (44513165)|VARIABLE_ASSIGNMENT|[200]|this.selected|true|0x12d5a1e8
15:04:03.0 (44520412)|STATEMENT_EXECUTE|[205]
15:04:03.0 (44531298)|VARIABLE_ASSIGNMENT|[EXTERNAL]|this|{"selected":true}|0x12d5a1e8
15:04:03.0 (44539593)|VARIABLE_ASSIGNMENT|[EXTERNAL]|value|59400000
15:04:03.0 (44546636)|VARIABLE_ASSIGNMENT|[201]|this.t|59400000|0x12d5a1e8
15:04:03.0 (44559253)|CONSTRUCTOR_EXIT|[110]|01p0H000007gCe8|<init>(Boolean,Time)
15:04:03.0 (44568559)|HEAP_ALLOCATE|[EXTERNAL]|Bytes:4
15:04:03.0 (44573935)|STATEMENT_EXECUTE|[111]
15:04:03.0 (44577395)|HEAP_ALLOCATE|[111]|Bytes:4
15:04:03.0 (44583565)|VARIABLE_ASSIGNMENT|[111]|this.Initialselected|9|0x1dfdec3
15:04:03.0 (44592873)|HEAP_ALLOCATE|[101]|Bytes:28
15:04:03.0 (44596293)|HEAP_ALLOCATE|[101]|Bytes:28
15:04:03.0 (44614531)|STATEMENT_EXECUTE|[101]
15:04:03.0 (44616379)|STATEMENT_EXECUTE|[102]
15:04:03.0 (44623995)|USER_DEBUG|[102]|DEBUG|16:30:00.000Z
15:04:03.0 (44630430)|STATEMENT_EXECUTE|[103]
15:04:03.0 (44639114)|HEAP_ALLOCATE|[103]|Bytes:4
15:04:03.0 (44652015)|VARIABLE_ASSIGNMENT|[103]|t|61200000
15:04:03.0 (44656051)|STATEMENT_EXECUTE|[104]
15:04:03.0 (44660968)|HEAP_ALLOCATE|[104]|Bytes:28
15:04:03.0 (44673233)|HEAP_ALLOCATE|[104]|Bytes:28
15:04:03.0 (44684438)|VARIABLE_ASSIGNMENT|[104]|i1|5.0
15:04:03.0 (44688495)|STATEMENT_EXECUTE|[105]
15:04:03.0 (44715333)|VARIABLE_ASSIGNMENT|[EXTERNAL]|this|{"aptdum":"0x1eed085f","Docdum":"0x3d6ff48a","Docmap":"0x4b2d2ba2","Initialselected":9,"Selecteddoc":"a260H000001koYjQAI","SelectedtimeSlot":60,"timelist":"0x25ed9161","timeset":"0x3e552fd2","timewraplist":"0x525c31d3","timewraplistInitial":"0x5c2b25c0"}|0x1dfdec3
15:04:03.0 (44729278)|HEAP_ALLOCATE|[EXTERNAL]|Bytes:4
15:04:03.0 (44741913)|STATEMENT_EXECUTE|[107]
15:04:03.0 (44743569)|STATEMENT_EXECUTE|[108]
15:04:03.0 (44767814)|VARIABLE_ASSIGNMENT|[EXTERNAL]|this|{"aptdum":"0x1eed085f","Docdum":"0x3d6ff48a","Docmap":"0x4b2d2ba2","Initialselected":9,"Selecteddoc":"a260H000001koYjQAI","SelectedtimeSlot":60,"timelist":"0x25ed9161","timeset":"0x3e552fd2","timewraplist":"0x525c31d3","timewraplistInitial":"0x5c2b25c0"}|0x1dfdec3
15:04:03.0 (44779923)|HEAP_ALLOCATE|[108]|Bytes:12
15:04:03.0 (44791172)|CONSTRUCTOR_ENTRY|[108]|01p0H000007gCe8|<init>(Boolean,Time)
15:04:03.0 (44796270)|VARIABLE_SCOPE_BEGIN|[203]|this|docappcontroller.Wrapertimeslot|true|false
15:04:03.0 (44807891)|VARIABLE_ASSIGNMENT|[203]|this|{}|0x29a08afa
15:04:03.0 (44814564)|VARIABLE_SCOPE_BEGIN|[203]|selection|Boolean|false|false
15:04:03.0 (44821597)|VARIABLE_ASSIGNMENT|[203]|selection|false
15:04:03.0 (44825205)|VARIABLE_SCOPE_BEGIN|[203]|tm|Time|false|false
15:04:03.0 (44832456)|VARIABLE_ASSIGNMENT|[203]|tm|61200000
15:04:03.0 (44836469)|STATEMENT_EXECUTE|[199]
15:04:03.0 (44838016)|STATEMENT_EXECUTE|[200]
15:04:03.0 (44839648)|STATEMENT_EXECUTE|[201]
15:04:03.0 (44848214)|STATEMENT_EXECUTE|[203]
15:04:03.0 (44849757)|STATEMENT_EXECUTE|[204]
15:04:03.0 (44860579)|VARIABLE_ASSIGNMENT|[EXTERNAL]|this|{}|0x29a08afa
15:04:03.0 (44868852)|VARIABLE_ASSIGNMENT|[EXTERNAL]|value|false
15:04:03.0 (44873739)|HEAP_ALLOCATE|[200]|Bytes:5
15:04:03.0 (44879085)|VARIABLE_ASSIGNMENT|[200]|this.selected|false|0x29a08afa
15:04:03.0 (44886319)|STATEMENT_EXECUTE|[205]
15:04:03.0 (44897010)|VARIABLE_ASSIGNMENT|[EXTERNAL]|this|{"selected":false}|0x29a08afa
15:04:03.0 (44905856)|VARIABLE_ASSIGNMENT|[EXTERNAL]|value|61200000
15:04:03.0 (44917111)|VARIABLE_ASSIGNMENT|[201]|this.t|61200000|0x29a08afa
15:04:03.0 (44930406)|CONSTRUCTOR_EXIT|[108]|01p0H000007gCe8|<init>(Boolean,Time)
15:04:03.0 (44938674)|HEAP_ALLOCATE|[EXTERNAL]|Bytes:4
15:04:03.0 (44948892)|HEAP_ALLOCATE|[101]|Bytes:28
15:04:03.0 (44952468)|HEAP_ALLOCATE|[101]|Bytes:28
15:04:03.0 (44969860)|STATEMENT_EXECUTE|[101]
15:04:03.0 (44971655)|STATEMENT_EXECUTE|[102]
15:04:03.0 (44979365)|USER_DEBUG|[102]|DEBUG|17:00:00.000Z
15:04:03.0 (44986274)|STATEMENT_EXECUTE|[103]
15:04:03.0 (44996105)|HEAP_ALLOCATE|[103]|Bytes:4
15:04:03.0 (45009958)|VARIABLE_ASSIGNMENT|[103]|t|63000000
15:04:03.0 (45014603)|STATEMENT_EXECUTE|[104]
15:04:03.0 (45019760)|HEAP_ALLOCATE|[104]|Bytes:28
15:04:03.0 (45031624)|HEAP_ALLOCATE|[104]|Bytes:28
15:04:03.0 (45042757)|VARIABLE_ASSIGNMENT|[104]|i1|5.5
15:04:03.0 (45046833)|STATEMENT_EXECUTE|[105]
15:04:03.0 (45074257)|VARIABLE_ASSIGNMENT|[EXTERNAL]|this|{"aptdum":"0x1eed085f","Docdum":"0x3d6ff48a","Docmap":"0x4b2d2ba2","Initialselected":9,"Selecteddoc":"a260H000001koYjQAI","SelectedtimeSlot":60,"timelist":"0x25ed9161","timeset":"0x3e552fd2","timewraplist":"0x525c31d3","timewraplistInitial":"0x5c2b25c0"}|0x1dfdec3
15:04:03.0 (45088434)|HEAP_ALLOCATE|[EXTERNAL]|Bytes:4
15:04:03.0 (45100621)|STATEMENT_EXECUTE|[107]
15:04:03.0 (45102309)|STATEMENT_EXECUTE|[108]
15:04:03.0 (45126696)|VARIABLE_ASSIGNMENT|[EXTERNAL]|this|{"aptdum":"0x1eed085f","Docdum":"0x3d6ff48a","Docmap":"0x4b2d2ba2","Initialselected":9,"Selecteddoc":"a260H000001koYjQAI","SelectedtimeSlot":60,"timelist":"0x25ed9161","timeset":"0x3e552fd2","timewraplist":"0x525c31d3","timewraplistInitial":"0x5c2b25c0"}|0x1dfdec3
15:04:03.0 (45139005)|HEAP_ALLOCATE|[108]|Bytes:12
15:04:03.0 (45150407)|CONSTRUCTOR_ENTRY|[108]|01p0H000007gCe8|<init>(Boolean,Time)
15:04:03.0 (45155524)|VARIABLE_SCOPE_BEGIN|[203]|this|docappcontroller.Wrapertimeslot|true|false
15:04:03.0 (45167484)|VARIABLE_ASSIGNMENT|[203]|this|{}|0xecafc02
15:04:03.0 (45173749)|VARIABLE_SCOPE_BEGIN|[203]|selection|Boolean|false|false
15:04:03.0 (45180358)|VARIABLE_ASSIGNMENT|[203]|selection|false
15:04:03.0 (45184197)|VARIABLE_SCOPE_BEGIN|[203]|tm|Time|false|false
15:04:03.0 (45192544)|VARIABLE_ASSIGNMENT|[203]|tm|63000000
15:04:03.0 (45196466)|STATEMENT_EXECUTE|[199]
15:04:03.0 (45198235)|STATEMENT_EXECUTE|[200]
15:04:03.0 (45199778)|STATEMENT_EXECUTE|[201]
15:04:03.0 (45207873)|STATEMENT_EXECUTE|[203]
15:04:03.0 (45209604)|STATEMENT_EXECUTE|[204]
15:04:03.0 (45220031)|VARIABLE_ASSIGNMENT|[EXTERNAL]|this|{}|0xecafc02
15:04:03.0 (45227963)|VARIABLE_ASSIGNMENT|[EXTERNAL]|value|false
15:04:03.0 (45232489)|HEAP_ALLOCATE|[200]|Bytes:5
15:04:03.0 (45238346)|VARIABLE_ASSIGNMENT|[200]|this.selected|false|0xecafc02
15:04:03.0 (45249140)|STATEMENT_EXECUTE|[205]
15:04:03.0 (45260931)|VARIABLE_ASSIGNMENT|[EXTERNAL]|this|{"selected":false}|0xecafc02
15:04:03.0 (45269753)|VARIABLE_ASSIGNMENT|[EXTERNAL]|value|63000000
15:04:03.0 (45276558)|VARIABLE_ASSIGNMENT|[201]|this.t|63000000|0xecafc02
15:04:03.0 (45289878)|CONSTRUCTOR_EXIT|[108]|01p0H000007gCe8|<init>(Boolean,Time)
15:04:03.0 (45298428)|HEAP_ALLOCATE|[EXTERNAL]|Bytes:4
15:04:03.0 (45309110)|HEAP_ALLOCATE|[101]|Bytes:28
15:04:03.0 (45312944)|HEAP_ALLOCATE|[101]|Bytes:28
15:04:03.0 (45330446)|STATEMENT_EXECUTE|[101]
15:04:03.0 (45332209)|STATEMENT_EXECUTE|[102]
15:04:03.0 (45339730)|USER_DEBUG|[102]|DEBUG|17:30:00.000Z
15:04:03.0 (45346210)|STATEMENT_EXECUTE|[103]
15:04:03.0 (45354502)|HEAP_ALLOCATE|[103]|Bytes:4
15:04:03.0 (45367640)|VARIABLE_ASSIGNMENT|[103]|t|64800000
15:04:03.0 (45371734)|STATEMENT_EXECUTE|[104]
15:04:03.0 (45377037)|HEAP_ALLOCATE|[104]|Bytes:28
15:04:03.0 (45388847)|HEAP_ALLOCATE|[104]|Bytes:28
15:04:03.0 (45400408)|VARIABLE_ASSIGNMENT|[104]|i1|6.0
15:04:03.0 (45404468)|STATEMENT_EXECUTE|[105]
15:04:03.0 (45432089)|VARIABLE_ASSIGNMENT|[EXTERNAL]|this|{"aptdum":"0x1eed085f","Docdum":"0x3d6ff48a","Docmap":"0x4b2d2ba2","Initialselected":9,"Selecteddoc":"a260H000001koYjQAI","SelectedtimeSlot":60,"timelist":"0x25ed9161","timeset":"0x3e552fd2","timewraplist":"0x525c31d3","timewraplistInitial":"0x5c2b25c0"}|0x1dfdec3
15:04:03.0 (45446183)|HEAP_ALLOCATE|[EXTERNAL]|Bytes:4
15:04:03.0 (45458267)|STATEMENT_EXECUTE|[107]
15:04:03.0 (45460020)|STATEMENT_EXECUTE|[108]
15:04:03.0 (45484625)|VARIABLE_ASSIGNMENT|[EXTERNAL]|this|{"aptdum":"0x1eed085f","Docdum":"0x3d6ff48a","Docmap":"0x4b2d2ba2","Initialselected":9,"Selecteddoc":"a260H000001koYjQAI","SelectedtimeSlot":60,"timelist":"0x25ed9161","timeset":"0x3e552fd2","timewraplist":"0x525c31d3","timewraplistInitial":"0x5c2b25c0"}|0x1dfdec3
15:04:03.0 (45495914)|HEAP_ALLOCATE|[108]|Bytes:12
15:04:03.0 (45507008)|CONSTRUCTOR_ENTRY|[108]|01p0H000007gCe8|<init>(Boolean,Time)
15:04:03.0 (45512064)|VARIABLE_SCOPE_BEGIN|[203]|this|docappcontroller.Wrapertimeslot|true|false
15:04:03.0 (45523992)|VARIABLE_ASSIGNMENT|[203]|this|{}|0x56ffb07b
15:04:03.0 (45530045)|VARIABLE_SCOPE_BEGIN|[203]|selection|Boolean|false|false
15:04:03.0 (45537680)|VARIABLE_ASSIGNMENT|[203]|selection|false
15:04:03.0 (45541090)|VARIABLE_SCOPE_BEGIN|[203]|tm|Time|false|false
15:04:03.0 (45548385)|VARIABLE_ASSIGNMENT|[203]|tm|64800000
15:04:03.0 (45552327)|STATEMENT_EXECUTE|[199]
15:04:03.0 (45554109)|STATEMENT_EXECUTE|[200]
15:04:03.0 (45555643)|STATEMENT_EXECUTE|[201]
15:04:03.0 (45563913)|STATEMENT_EXECUTE|[203]
15:04:03.0 (45565718)|STATEMENT_EXECUTE|[204]
15:04:03.0 (45576443)|VARIABLE_ASSIGNMENT|[EXTERNAL]|this|{}|0x56ffb07b
15:04:03.0 (45585038)|VARIABLE_ASSIGNMENT|[EXTERNAL]|value|false
15:04:03.0 (45590019)|HEAP_ALLOCATE|[200]|Bytes:5
15:04:03.0 (45595548)|VARIABLE_ASSIGNMENT|[200]|this.selected|false|0x56ffb07b
15:04:03.0 (45602067)|STATEMENT_EXECUTE|[205]
15:04:03.0 (45612745)|VARIABLE_ASSIGNMENT|[EXTERNAL]|this|{"selected":false}|0x56ffb07b
15:04:03.0 (45621200)|VARIABLE_ASSIGNMENT|[EXTERNAL]|value|64800000
15:04:03.0 (45628207)|VARIABLE_ASSIGNMENT|[201]|this.t|64800000|0x56ffb07b
15:04:03.0 (45640859)|CONSTRUCTOR_EXIT|[108]|01p0H000007gCe8|<init>(Boolean,Time)
15:04:03.0 (45648911)|HEAP_ALLOCATE|[EXTERNAL]|Bytes:4
15:04:03.0 (45659100)|HEAP_ALLOCATE|[101]|Bytes:28
15:04:03.0 (45662575)|HEAP_ALLOCATE|[101]|Bytes:28
15:04:03.0 (45680164)|STATEMENT_EXECUTE|[101]
15:04:03.0 (45681927)|STATEMENT_EXECUTE|[102]
15:04:03.0 (45689521)|USER_DEBUG|[102]|DEBUG|18:00:00.000Z
15:04:03.0 (45695651)|STATEMENT_EXECUTE|[103]
15:04:03.0 (45703834)|HEAP_ALLOCATE|[103]|Bytes:4
15:04:03.0 (45716220)|VARIABLE_ASSIGNMENT|[103]|t|66600000
15:04:03.0 (45721185)|STATEMENT_EXECUTE|[104]
15:04:03.0 (45726282)|HEAP_ALLOCATE|[104]|Bytes:28
15:04:03.0 (45738386)|HEAP_ALLOCATE|[104]|Bytes:28
15:04:03.0 (45749482)|VARIABLE_ASSIGNMENT|[104]|i1|6.5
15:04:03.0 (45753879)|STATEMENT_EXECUTE|[105]
15:04:03.0 (45780469)|VARIABLE_ASSIGNMENT|[EXTERNAL]|this|{"aptdum":"0x1eed085f","Docdum":"0x3d6ff48a","Docmap":"0x4b2d2ba2","Initialselected":9,"Selecteddoc":"a260H000001koYjQAI","SelectedtimeSlot":60,"timelist":"0x25ed9161","timeset":"0x3e552fd2","timewraplist":"0x525c31d3","timewraplistInitial":"0x5c2b25c0"}|0x1dfdec3
15:04:03.0 (45794251)|HEAP_ALLOCATE|[EXTERNAL]|Bytes:4
15:04:03.0 (45806713)|STATEMENT_EXECUTE|[107]
15:04:03.0 (45808411)|STATEMENT_EXECUTE|[108]
15:04:03.0 (45831660)|VARIABLE_ASSIGNMENT|[EXTERNAL]|this|{"aptdum":"0x1eed085f","Docdum":"0x3d6ff48a","Docmap":"0x4b2d2ba2","Initialselected":9,"Selecteddoc":"a260H000001koYjQAI","SelectedtimeSlot":60,"timelist":"0x25ed9161","timeset":"0x3e552fd2","timewraplist":"0x525c31d3","timewraplistInitial":"0x5c2b25c0"}|0x1dfdec3
15:04:03.0 (45843625)|HEAP_ALLOCATE|[108]|Bytes:12
15:04:03.0 (45854798)|CONSTRUCTOR_ENTRY|[108]|01p0H000007gCe8|<init>(Boolean,Time)
15:04:03.0 (45860161)|VARIABLE_SCOPE_BEGIN|[203]|this|docappcontroller.Wrapertimeslot|true|false
15:04:03.0 (45872378)|VARIABLE_ASSIGNMENT|[203]|this|{}|0x7371daf6
15:04:03.0 (45879414)|VARIABLE_SCOPE_BEGIN|[203]|selection|Boolean|false|false
15:04:03.0 (45886807)|VARIABLE_ASSIGNMENT|[203]|selection|false
15:04:03.0 (45890353)|VARIABLE_SCOPE_BEGIN|[203]|tm|Time|false|false
15:04:03.0 (45897887)|VARIABLE_ASSIGNMENT|[203]|tm|66600000
15:04:03.0 (45902169)|STATEMENT_EXECUTE|[199]
15:04:03.0 (45903822)|STATEMENT_EXECUTE|[200]
15:04:03.0 (45905307)|STATEMENT_EXECUTE|[201]
15:04:03.0 (45917858)|STATEMENT_EXECUTE|[203]
15:04:03.0 (45919584)|STATEMENT_EXECUTE|[204]
15:04:03.0 (45930364)|VARIABLE_ASSIGNMENT|[EXTERNAL]|this|{}|0x7371daf6
15:04:03.0 (45939051)|VARIABLE_ASSIGNMENT|[EXTERNAL]|value|false
15:04:03.0 (45944008)|HEAP_ALLOCATE|[200]|Bytes:5
15:04:03.0 (45949605)|VARIABLE_ASSIGNMENT|[200]|this.selected|false|0x7371daf6
15:04:03.0 (45957003)|STATEMENT_EXECUTE|[205]
15:04:03.0 (45968028)|VARIABLE_ASSIGNMENT|[EXTERNAL]|this|{"selected":false}|0x7371daf6
15:04:03.0 (45976188)|VARIABLE_ASSIGNMENT|[EXTERNAL]|value|66600000
15:04:03.0 (45982904)|VARIABLE_ASSIGNMENT|[201]|this.t|66600000|0x7371daf6
15:04:03.0 (45998134)|CONSTRUCTOR_EXIT|[108]|01p0H000007gCe8|<init>(Boolean,Time)
15:04:03.0 (46006622)|HEAP_ALLOCATE|[EXTERNAL]|Bytes:4
15:04:03.0 (46017102)|HEAP_ALLOCATE|[101]|Bytes:28
15:04:03.0 (46020636)|HEAP_ALLOCATE|[101]|Bytes:28
15:04:03.0 (46038597)|STATEMENT_EXECUTE|[101]
15:04:03.0 (46040422)|STATEMENT_EXECUTE|[102]
15:04:03.0 (46048273)|USER_DEBUG|[102]|DEBUG|18:30:00.000Z
15:04:03.0 (46054631)|STATEMENT_EXECUTE|[103]
15:04:03.0 (46063067)|HEAP_ALLOCATE|[103]|Bytes:4
15:04:03.0 (46076007)|VARIABLE_ASSIGNMENT|[103]|t|68400000
15:04:03.0 (46080840)|STATEMENT_EXECUTE|[104]
15:04:03.0 (46085909)|HEAP_ALLOCATE|[104]|Bytes:28
15:04:03.0 (46097994)|HEAP_ALLOCATE|[104]|Bytes:28
15:04:03.0 (46108948)|VARIABLE_ASSIGNMENT|[104]|i1|7.0
15:04:03.0 (46113365)|STATEMENT_EXECUTE|[105]
15:04:03.0 (46140885)|VARIABLE_ASSIGNMENT|[EXTERNAL]|this|{"aptdum":"0x1eed085f","Docdum":"0x3d6ff48a","Docmap":"0x4b2d2ba2","Initialselected":9,"Selecteddoc":"a260H000001koYjQAI","SelectedtimeSlot":60,"timelist":"0x25ed9161","timeset":"0x3e552fd2","timewraplist":"0x525c31d3","timewraplistInitial":"0x5c2b25c0"}|0x1dfdec3
15:04:03.0 (46155292)|HEAP_ALLOCATE|[EXTERNAL]|Bytes:4
15:04:03.0 (46167736)|STATEMENT_EXECUTE|[109]
15:04:03.0 (46169406)|STATEMENT_EXECUTE|[110]
15:04:03.0 (46192690)|VARIABLE_ASSIGNMENT|[EXTERNAL]|this|{"aptdum":"0x1eed085f","Docdum":"0x3d6ff48a","Docmap":"0x4b2d2ba2","Initialselected":9,"Selecteddoc":"a260H000001koYjQAI","SelectedtimeSlot":60,"timelist":"0x25ed9161","timeset":"0x3e552fd2","timewraplist":"0x525c31d3","timewraplistInitial":"0x5c2b25c0"}|0x1dfdec3
15:04:03.0 (46204428)|HEAP_ALLOCATE|[110]|Bytes:12
15:04:03.0 (46215484)|CONSTRUCTOR_ENTRY|[110]|01p0H000007gCe8|<init>(Boolean,Time)
15:04:03.0 (46220402)|VARIABLE_SCOPE_BEGIN|[203]|this|docappcontroller.Wrapertimeslot|true|false
15:04:03.0 (46232209)|VARIABLE_ASSIGNMENT|[203]|this|{}|0x69752503
15:04:03.0 (46238958)|VARIABLE_SCOPE_BEGIN|[203]|selection|Boolean|false|false
15:04:03.0 (46246371)|VARIABLE_ASSIGNMENT|[203]|selection|true
15:04:03.0 (46250289)|VARIABLE_SCOPE_BEGIN|[203]|tm|Time|false|false
15:04:03.0 (46258004)|VARIABLE_ASSIGNMENT|[203]|tm|68400000
15:04:03.0 (46262250)|STATEMENT_EXECUTE|[199]
15:04:03.0 (46263804)|STATEMENT_EXECUTE|[200]
15:04:03.0 (46265605)|STATEMENT_EXECUTE|[201]
15:04:03.0 (46274099)|STATEMENT_EXECUTE|[203]
15:04:03.0 (46275677)|STATEMENT_EXECUTE|[204]
15:04:03.0 (46286338)|VARIABLE_ASSIGNMENT|[EXTERNAL]|this|{}|0x69752503
15:04:03.0 (46295083)|VARIABLE_ASSIGNMENT|[EXTERNAL]|value|true
15:04:03.0 (46300163)|HEAP_ALLOCATE|[200]|Bytes:5
15:04:03.0 (46305660)|VARIABLE_ASSIGNMENT|[200]|this.selected|true|0x69752503
15:04:03.0 (46312681)|STATEMENT_EXECUTE|[205]
15:04:03.0 (46323274)|VARIABLE_ASSIGNMENT|[EXTERNAL]|this|{"selected":true}|0x69752503
15:04:03.0 (46331593)|VARIABLE_ASSIGNMENT|[EXTERNAL]|value|68400000
15:04:03.0 (46338677)|VARIABLE_ASSIGNMENT|[201]|this.t|68400000|0x69752503
15:04:03.0 (46351438)|CONSTRUCTOR_EXIT|[110]|01p0H000007gCe8|<init>(Boolean,Time)
15:04:03.0 (46359466)|HEAP_ALLOCATE|[EXTERNAL]|Bytes:4
15:04:03.0 (46365328)|STATEMENT_EXECUTE|[111]
15:04:03.0 (46369130)|HEAP_ALLOCATE|[111]|Bytes:4
15:04:03.0 (46375716)|VARIABLE_ASSIGNMENT|[111]|this.Initialselected|10|0x1dfdec3
15:04:03.0 (46385641)|HEAP_ALLOCATE|[101]|Bytes:28
15:04:03.0 (46388964)|HEAP_ALLOCATE|[101]|Bytes:28
15:04:03.0 (46411916)|HEAP_ALLOCATE|[117]|Bytes:28
15:04:03.0 (46416239)|HEAP_ALLOCATE|[117]|Bytes:28
15:04:03.0 (46422119)|HEAP_ALLOCATE|[117]|Bytes:28
15:04:03.0 (46446656)|HEAP_ALLOCATE|[117]|Bytes:28
15:04:03.0 (46469358)|STATEMENT_EXECUTE|[117]
15:04:03.0 (46471724)|STATEMENT_EXECUTE|[123]
15:04:03.0 (46506412)|VARIABLE_ASSIGNMENT|[EXTERNAL]|this|{"aptdum":"0x1eed085f","Docdum":"0x3d6ff48a","Docmap":"0x4b2d2ba2","Initialselected":10,"Selecteddoc":"a260H000001koYjQAI","SelectedtimeSlot":60,"timelist":"0x25ed9161","timeset":"0x3e552fd2","timewraplist":"0x525c31d3","timewraplistInitial":"0x5c2b25c0"}|0x1dfdec3
15:04:03.0 (46525301)|VARIABLE_ASSIGNMENT|[123]|this.timewraplistInitial|"List of size 15 too large to display"|0x1dfdec3
15:04:03.0 (46531089)|STATEMENT_EXECUTE|[125]
15:04:03.0 (46535311)|METHOD_EXIT|[41]|01p0H000007gCe8|docappcontroller.fetchslots()
15:04:03.0 (46540980)|STATEMENT_EXECUTE|[42]
15:04:03.0 (46544667)|HEAP_ALLOCATE|[42]|Bytes:32
15:04:03.0 (46556975)|METHOD_ENTRY|[42]|01p0H000007gCe8|docappcontroller.ShowError(String)
15:04:03.0 (46572798)|VARIABLE_SCOPE_BEGIN|[193]|this|docappcontroller|true|false
15:04:03.0 (46600976)|VARIABLE_ASSIGNMENT|[193]|this|{"aptdum":"0x1eed085f","Docdum":"0x3d6ff48a","Docmap":"0x4b2d2ba2","Initialselected":10,"Selecteddoc":"a260H000001koYjQAI","SelectedtimeSlot":60,"timelist":"0x25ed9161","timeset":"0x3e552fd2","timewraplist":"0x525c31d3","timewraplistInitial":"0x525c31d3"}|0x1dfdec3
15:04:03.0 (46608847)|VARIABLE_SCOPE_BEGIN|[193]|ErrorMsg|String|false|false
15:04:03.0 (46617655)|VARIABLE_ASSIGNMENT|[193]|ErrorMsg|"Slot clash with next (12 more) ..."
15:04:03.0 (46623427)|STATEMENT_EXECUTE|[193]
15:04:03.0 (46625028)|STATEMENT_EXECUTE|[195]
15:04:03.0 (46671662)|VARIABLE_SCOPE_BEGIN|[195]|m|ApexPages.Message|true|false
15:04:03.0 (46885836)|VARIABLE_ASSIGNMENT|[195]|m|"core.apexpages.framework.ApexPagesMessage@ab4ade2"|0x6e1df953
15:04:03.0 (46894082)|STATEMENT_EXECUTE|[196]
15:04:03.0 (47069393)|VF_PAGE_MESSAGE|Slot clash with next appointment
15:04:03.0 (47081762)|METHOD_EXIT|[42]|01p0H000007gCe8|docappcontroller.ShowError(String)
15:04:03.0 (47087411)|STATEMENT_EXECUTE|[53]
15:04:03.50 (50716987)|SYSTEM_MODE_ENTER|true
15:04:03.50 (50792648)|HEAP_ALLOCATE|[EXTERNAL]|Bytes:8
15:04:03.50 (50801675)|VARIABLE_SCOPE_BEGIN|[88]|this|ApexPage.PageMessagesComponentController|true|false
15:04:03.50 (50825545)|VARIABLE_ASSIGNMENT|[88]|this|{}|0x1a694537
15:04:03.50 (50831887)|VARIABLE_SCOPE_BEGIN|[88]|escape|Boolean|false|false
15:04:03.50 (50839740)|VARIABLE_ASSIGNMENT|[88]|escape|null
15:04:03.50 (50940125)|SYSTEM_MODE_ENTER|true
15:04:03.50 (50974379)|HEAP_ALLOCATE|[EXTERNAL]|Bytes:8
15:04:03.50 (50981083)|VARIABLE_SCOPE_BEGIN|[2]|this|ApexPage.PageMessagesComponentController|true|false
15:04:03.50 (50998760)|VARIABLE_ASSIGNMENT|[2]|this|{}|0x1a694537
15:04:03.52 (52105903)|SYSTEM_MODE_ENTER|true
15:04:03.52 (52144515)|HEAP_ALLOCATE|[EXTERNAL]|Bytes:120
15:04:03.52 (52152404)|HEAP_ALLOCATE|[EXTERNAL]|Bytes:10
15:04:03.52 (52162186)|SYSTEM_METHOD_ENTRY|[1]|pagemessagecomponentcontroller.pagemessagecomponentcontroller()
15:04:03.52 (52167316)|STATEMENT_EXECUTE|[1]
15:04:03.52 (52291356)|SYSTEM_MODE_ENTER|true
15:04:03.52 (52331552)|HEAP_ALLOCATE|[EXTERNAL]|Bytes:8
15:04:03.52 (52339134)|VARIABLE_SCOPE_BEGIN|[84]|this|ApexPage.PageMessagesComponentController|true|false
15:04:03.52 (52358964)|VARIABLE_ASSIGNMENT|[84]|this|{}|0x1a694537
15:04:03.52 (52430580)|SYSTEM_MODE_ENTER|true
15:04:03.52 (52479636)|HEAP_ALLOCATE|[EXTERNAL]|Bytes:16
15:04:03.52 (52486296)|HEAP_ALLOCATE|[EXTERNAL]|Bytes:5
15:04:03.52 (52491173)|VARIABLE_SCOPE_BEGIN|[9]|this|ApexPage.pagemessagecomponentcontroller|true|false
15:04:03.52 (52513938)|VARIABLE_ASSIGNMENT|[9]|this|{}|0x35cec199
15:04:03.52 (52520011)|VARIABLE_SCOPE_BEGIN|[9]|escape|Boolean|false|false
15:04:03.52 (52527851)|VARIABLE_ASSIGNMENT|[9]|escape|true
15:04:03.52 (52660351)|SYSTEM_MODE_ENTER|true
15:04:03.52 (52684933)|HEAP_ALLOCATE|[EXTERNAL]|Bytes:5
15:04:03.52 (52690008)|HEAP_ALLOCATE|[EXTERNAL]|Bytes:16
15:04:03.52 (52701397)|VARIABLE_ASSIGNMENT|[EXTERNAL]|this.conSeverity|"ERROR"|0x35cec199
15:04:03.52 (52758085)|SYSTEM_MODE_ENTER|true
15:04:03.52 (52776222)|HEAP_ALLOCATE|[EXTERNAL]|Bytes:8
15:04:03.52 (52780688)|HEAP_ALLOCATE|[EXTERNAL]|Bytes:16
15:04:03.52 (52789796)|VARIABLE_ASSIGNMENT|[EXTERNAL]|this.conStrength|2|0x35cec199
15:04:03.52 (52936848)|HEAP_ALLOCATE|[EXTERNAL]|Bytes:28
15:04:03.52 (52978164)|VARIABLE_ASSIGNMENT|[EXTERNAL]|this|{"messages":"0x15c818e7","severity":"ERROR"}|0x586f9794
15:04:03.0 (53126562)|SYSTEM_MODE_ENTER|true
15:04:03.0 (53565757)|SYSTEM_MODE_ENTER|true
15:04:03.0 (53878177)|SYSTEM_MODE_ENTER|true
15:04:03.0 (53941604)|SYSTEM_MODE_ENTER|true
15:04:03.57 (57166122)|SYSTEM_MODE_ENTER|true
15:04:03.57 (57217729)|HEAP_ALLOCATE|[EXTERNAL]|Bytes:8
15:04:03.57 (57226039)|VARIABLE_SCOPE_BEGIN|[88]|this|ApexPage.PageMessagesComponentController|true|false
15:04:03.57 (57246677)|VARIABLE_ASSIGNMENT|[88]|this|{}|0x1a694537
15:04:03.57 (57252618)|VARIABLE_SCOPE_BEGIN|[88]|escape|Boolean|false|false
15:04:03.57 (57260361)|VARIABLE_ASSIGNMENT|[88]|escape|null
15:04:03.57 (57373510)|SYSTEM_MODE_ENTER|true
15:04:03.57 (57406022)|HEAP_ALLOCATE|[EXTERNAL]|Bytes:8
15:04:03.57 (57412577)|VARIABLE_SCOPE_BEGIN|[2]|this|ApexPage.PageMessagesComponentController|true|false
15:04:03.57 (57430507)|VARIABLE_ASSIGNMENT|[2]|this|{}|0x1a694537
15:04:03.58 (58051788)|SYSTEM_MODE_ENTER|true
15:04:03.58 (58090339)|HEAP_ALLOCATE|[EXTERNAL]|Bytes:8
15:04:03.58 (58097664)|VARIABLE_SCOPE_BEGIN|[84]|this|ApexPage.PageMessagesComponentController|true|false
15:04:03.58 (58117323)|VARIABLE_ASSIGNMENT|[84]|this|{}|0x1a694537
15:04:03.58 (58186079)|SYSTEM_MODE_ENTER|true
15:04:03.58 (58224732)|HEAP_ALLOCATE|[EXTERNAL]|Bytes:16
15:04:03.58 (58231652)|HEAP_ALLOCATE|[EXTERNAL]|Bytes:5
15:04:03.58 (58235740)|VARIABLE_SCOPE_BEGIN|[9]|this|ApexPage.pagemessagecomponentcontroller|true|false
15:04:03.58 (58259951)|VARIABLE_ASSIGNMENT|[9]|this|{"conSeverity":"ERROR","conStrength":2,"escape":true}|0x35cec199
15:04:03.58 (58266075)|VARIABLE_SCOPE_BEGIN|[9]|escape|Boolean|false|false
15:04:03.58 (58273844)|VARIABLE_ASSIGNMENT|[9]|escape|true
15:04:03.58 (58376406)|SYSTEM_MODE_ENTER|true
15:04:03.58 (58397963)|HEAP_ALLOCATE|[EXTERNAL]|Bytes:5
15:04:03.58 (58402911)|HEAP_ALLOCATE|[EXTERNAL]|Bytes:16
15:04:03.58 (58412966)|VARIABLE_ASSIGNMENT|[EXTERNAL]|this.conSeverity|"ERROR"|0x35cec199
15:04:03.58 (58457132)|SYSTEM_MODE_ENTER|true
15:04:03.58 (58474208)|HEAP_ALLOCATE|[EXTERNAL]|Bytes:8
15:04:03.58 (58478696)|HEAP_ALLOCATE|[EXTERNAL]|Bytes:16
15:04:03.58 (58487588)|VARIABLE_ASSIGNMENT|[EXTERNAL]|this.conStrength|2|0x35cec199
15:04:03.58 (58585684)|SYSTEM_MODE_ENTER|true
15:04:03.58 (58621382)|HEAP_ALLOCATE|[EXTERNAL]|Bytes:16
15:04:03.58 (58628397)|VARIABLE_SCOPE_BEGIN|[13]|this|ApexPage.pagemessagecomponentcontroller|true|false
15:04:03.58 (58651485)|VARIABLE_ASSIGNMENT|[13]|this|{"conSeverity":"ERROR","conStrength":2,"escape":true}|0x35cec199
15:04:03.59 (59152960)|HEAP_ALLOCATE|[EXTERNAL]|Bytes:28
15:04:03.59 (59164791)|VARIABLE_SCOPE_BEGIN|[38]|this|ApexPage.PageMessagesComponentController.severityMessages|true|false
15:04:03.59 (59192878)|VARIABLE_ASSIGNMENT|[38]|this|{"messages":"0x7de3bdcd","severity":"ERROR"}|0x1ba632b2
15:04:03.59 (59403701)|SYSTEM_MODE_ENTER|true
15:04:03.59 (59440014)|HEAP_ALLOCATE|[EXTERNAL]|Bytes:16
15:04:03.59 (59447161)|VARIABLE_SCOPE_BEGIN|[5]|this|ApexPage.pagemessagecomponentcontroller|true|false
15:04:03.59 (59470612)|VARIABLE_ASSIGNMENT|[5]|this|{"conSeverity":"ERROR","conStrength":2,"escape":true}|0x35cec199
15:04:03.59 (59595889)|HEAP_ALLOCATE|[EXTERNAL]|Bytes:28
15:04:03.59 (59623562)|VARIABLE_ASSIGNMENT|[EXTERNAL]|this|{"messages":"0x7de3bdcd","severity":"ERROR"}|0x1ba632b2
15:04:03.59 (59724159)|HEAP_ALLOCATE|[EXTERNAL]|Bytes:28
15:04:03.59 (59750209)|VARIABLE_ASSIGNMENT|[EXTERNAL]|this|{"messages":"0x7de3bdcd","severity":"ERROR"}|0x1ba632b2
15:04:03.0 (61559181)|SYSTEM_MODE_ENTER|true
15:04:03.0 (61601090)|HEAP_ALLOCATE|[EXTERNAL]|Bytes:48
15:04:03.0 (61608871)|VARIABLE_SCOPE_BEGIN|[158]|this|docappcontroller|true|false
15:04:03.0 (61647369)|VARIABLE_ASSIGNMENT|[158]|this|{"aptdum":"0x1eed085f","Docdum":"0x3d6ff48a","Docmap":"0x4b2d2ba2","Initialselected":10,"Selecteddoc":"a260H000001koYjQAI","SelectedtimeSlot":60,"timelist":"0x25ed9161","timeset":"0x3e552fd2","timewraplist":"0x525c31d3","timewraplistInitial":"0x525c31d3"}|0x1dfdec3
15:04:03.0 (61659050)|STATEMENT_EXECUTE|[158]
15:04:03.0 (61661216)|STATEMENT_EXECUTE|[160]
15:04:03.0 (61672489)|HEAP_ALLOCATE|[160]|Bytes:4
15:04:03.0 (61687042)|VARIABLE_SCOPE_BEGIN|[160]|options|List<System.SelectOption>|true|false
15:04:03.0 (61708948)|HEAP_ALLOCATE|[EXTERNAL]|Bytes:4
15:04:03.0 (61718054)|VARIABLE_ASSIGNMENT|[160]|options|[]|0x577a3361
15:04:03.0 (61723884)|STATEMENT_EXECUTE|[161]
15:04:03.0 (61741421)|HEAP_ALLOCATE|[EXTERNAL]|Bytes:4
15:04:03.0 (61778296)|VARIABLE_ASSIGNMENT|[EXTERNAL]|this|{"aptdum":"0x1eed085f","Docdum":"0x3d6ff48a","Docmap":"0x4b2d2ba2","Initialselected":10,"Selecteddoc":"a260H000001koYjQAI","SelectedtimeSlot":60,"timelist":"0x25ed9161","timeset":"0x3e552fd2","timewraplist":"0x525c31d3","timewraplistInitial":"0x525c31d3"}|0x1dfdec3
15:04:03.0 (61791107)|STATEMENT_EXECUTE|[162]
15:04:03.0 (61815433)|VARIABLE_ASSIGNMENT|[EXTERNAL]|this|{"aptdum":"0x1eed085f","Docdum":"0x3d6ff48a","Docmap":"0x4b2d2ba2","Initialselected":10,"Selecteddoc":"a260H000001koYjQAI","SelectedtimeSlot":60,"timelist":"0x25ed9161","timeset":"0x3e552fd2","timewraplist":"0x525c31d3","timewraplistInitial":"0x525c31d3"}|0x1dfdec3
15:04:03.0 (61833656)|HEAP_ALLOCATE|[EXTERNAL]|Bytes:12
15:04:03.0 (61849676)|HEAP_ALLOCATE|[163]|Bytes:237
15:04:03.0 (61872701)|HEAP_ALLOCATE|[163]|Bytes:5
15:04:03.0 (61884612)|HEAP_ALLOCATE|[163]|Bytes:24
15:04:03.0 (61891308)|VARIABLE_SCOPE_BEGIN|[163]|doc|Doctor__c|true|false
15:04:03.0 (61908700)|VARIABLE_ASSIGNMENT|[163]|doc|{"Id":"a260H000001koYjQAI","Name":"doc 2","End_Time__c":68400000,"Speciality__c":"General Surgery","Start_Time__c":43200000}|0x5eaf4a91
15:04:03.0 (61920327)|STATEMENT_EXECUTE|[163]
15:04:03.0 (61922184)|STATEMENT_EXECUTE|[164]
15:04:03.0 (61935961)|HEAP_ALLOCATE|[164]|Bytes:18
15:04:03.0 (61950184)|HEAP_ALLOCATE|[EXTERNAL]|Bytes:4
15:04:03.0 (61962344)|HEAP_ALLOCATE|[163]|Bytes:5
15:04:03.0 (61971267)|HEAP_ALLOCATE|[163]|Bytes:24
15:04:03.0 (61976525)|VARIABLE_SCOPE_BEGIN|[163]|doc|Doctor__c|true|false
15:04:03.0 (61990558)|VARIABLE_ASSIGNMENT|[163]|doc|{"Id":"a260H000001koYeQAI","Name":"Doc1","End_Time__c":64800000,"Speciality__c":"General Surgery","Start_Time__c":32400000}|0x2288a2d2
15:04:03.0 (61996595)|STATEMENT_EXECUTE|[163]
15:04:03.0 (61998260)|STATEMENT_EXECUTE|[164]
15:04:03.0 (62004010)|HEAP_ALLOCATE|[164]|Bytes:18
15:04:03.0 (62014434)|HEAP_ALLOCATE|[EXTERNAL]|Bytes:4
15:04:03.0 (62024905)|HEAP_ALLOCATE|[163]|Bytes:5
15:04:03.0 (62033829)|VARIABLE_ASSIGNMENT|[163]|doc|null|
15:04:03.0 (62038906)|STATEMENT_EXECUTE|[170]
15:04:03.0 (62195225)|SYSTEM_MODE_ENTER|true
15:04:03.0 (65493371)|SYSTEM_MODE_ENTER|true
15:04:03.0 (65535194)|HEAP_ALLOCATE|[EXTERNAL]|Bytes:48
15:04:03.0 (65543051)|VARIABLE_SCOPE_BEGIN|[175]|this|docappcontroller|true|false
15:04:03.0 (65581361)|VARIABLE_ASSIGNMENT|[175]|this|{"aptdum":"0x1eed085f","Docdum":"0x3d6ff48a","Docmap":"0x4b2d2ba2","Initialselected":10,"Selecteddoc":"a260H000001koYjQAI","SelectedtimeSlot":60,"timelist":"0x25ed9161","timeset":"0x3e552fd2","timewraplist":"0x525c31d3","timewraplistInitial":"0x525c31d3"}|0x1dfdec3
15:04:03.0 (65593454)|STATEMENT_EXECUTE|[175]
15:04:03.0 (65595590)|STATEMENT_EXECUTE|[177]
15:04:03.0 (65605107)|HEAP_ALLOCATE|[177]|Bytes:4
15:04:03.0 (65619767)|VARIABLE_SCOPE_BEGIN|[177]|options|List<System.SelectOption>|true|false
15:04:03.0 (65641448)|HEAP_ALLOCATE|[EXTERNAL]|Bytes:4
15:04:03.0 (65650252)|VARIABLE_ASSIGNMENT|[177]|options|[]|0xa5ddc25
15:04:03.0 (65656050)|STATEMENT_EXECUTE|[178]
15:04:03.0 (65670590)|HEAP_ALLOCATE|[EXTERNAL]|Bytes:4
15:04:03.0 (65677601)|STATEMENT_EXECUTE|[181]
15:04:03.0 (65684773)|HEAP_ALLOCATE|[EXTERNAL]|Bytes:4
15:04:03.0 (65689940)|STATEMENT_EXECUTE|[182]
15:04:03.0 (65696140)|HEAP_ALLOCATE|[EXTERNAL]|Bytes:4
15:04:03.0 (65701052)|STATEMENT_EXECUTE|[187]
15:04:03.0 (65813151)|SYSTEM_MODE_ENTER|true
15:04:03.0 (68258026)|VF_SERIALIZE_VIEWSTATE_BEGIN|0660H000004OdRk
15:04:03.0 (85273826)|VF_SERIALIZE_VIEWSTATE_END
15:04:03.0 (115285612)|CODE_UNIT_STARTED|[EXTERNAL]|Generate Metadata
15:04:03.0 (118372319)|CODE_UNIT_FINISHED|Generate Metadata
15:04:03.121 (121441067)|CUMULATIVE_LIMIT_USAGE
15:04:03.121 (121441067)|LIMIT_USAGE_FOR_NS|(default)|
  Number of SOQL queries: 1 out of 100
  Number of query rows: 2 out of 50000
  Number of SOSL queries: 0 out of 20
  Number of DML statements: 0 out of 150
  Number of DML rows: 0 out of 10000
  Maximum CPU time: 0 out of 10000
  Maximum heap size: 0 out of 6000000
  Number of callouts: 0 out of 100
  Number of Email Invocations: 0 out of 10
  Number of future calls: 0 out of 50
  Number of queueable jobs added to the queue: 0 out of 50
  Number of Mobile Apex push calls: 0 out of 10

15:04:03.121 (121441067)|CUMULATIVE_LIMIT_USAGE_END

15:04:03.0 (121484888)|CODE_UNIT_FINISHED|VF: /apex/docapp
15:04:03.0 (122309808)|EXECUTION_FINISHED
