42.0 APEX_CODE,FINEST;APEX_PROFILING,INFO;CALLOUT,INFO;DB,INFO;SYSTEM,DEBUG;VALIDATION,INFO;VISUALFORCE,INFO;WAVE,INFO;WORKFLOW,INFO
13:06:31.0 (321584)|USER_INFO|[EXTERNAL]|005i0000002qYvT|anton@igate.com|India Standard Time|GMT+05:30
13:06:31.0 (459415)|EXECUTION_STARTED
13:06:31.0 (469190)|CODE_UNIT_STARTED|[EXTERNAL]|0660H000004OdRk|VF: /apex/docapp
13:06:31.0 (1807792)|VF_DESERIALIZE_VIEWSTATE_BEGIN|0660H000004OdRk
13:06:31.0 (6885571)|HEAP_ALLOCATE|[72]|Bytes:3
13:06:31.0 (6947096)|HEAP_ALLOCATE|[77]|Bytes:152
13:06:31.0 (6963785)|HEAP_ALLOCATE|[342]|Bytes:408
13:06:31.0 (6975684)|HEAP_ALLOCATE|[355]|Bytes:408
13:06:31.0 (6990260)|HEAP_ALLOCATE|[467]|Bytes:48
13:06:31.0 (7016790)|HEAP_ALLOCATE|[139]|Bytes:6
13:06:31.0 (9104022)|HEAP_ALLOCATE|[50]|Bytes:5
13:06:31.0 (9131071)|HEAP_ALLOCATE|[56]|Bytes:5
13:06:31.0 (9140300)|HEAP_ALLOCATE|[64]|Bytes:7
13:06:31.0 (10402370)|VF_DESERIALIZE_VIEWSTATE_END
13:06:31.11 (11484258)|SYSTEM_MODE_ENTER|true
13:06:31.11 (11647931)|HEAP_ALLOCATE|[EXTERNAL]|Bytes:38
13:06:31.11 (11672081)|HEAP_ALLOCATE|[EXTERNAL]|Bytes:7
13:06:31.11 (11693759)|SYSTEM_METHOD_ENTRY|[1]|PageMessagesComponentController.PageMessagesComponentController()
13:06:31.11 (11699297)|STATEMENT_EXECUTE|[1]
13:06:31.12 (12513965)|SYSTEM_MODE_ENTER|true
13:06:31.12 (12569826)|HEAP_ALLOCATE|[EXTERNAL]|Bytes:8
13:06:31.12 (12577647)|VARIABLE_SCOPE_BEGIN|[88]|this|ApexPage.PageMessagesComponentController|true|false
13:06:31.12 (12615747)|VARIABLE_ASSIGNMENT|[88]|this|{}|0x743d126c
13:06:31.12 (12622706)|VARIABLE_SCOPE_BEGIN|[88]|escape|Boolean|false|false
13:06:31.12 (12632227)|VARIABLE_ASSIGNMENT|[88]|escape|null
13:06:31.0 (12794355)|SYSTEM_MODE_ENTER|true
13:06:31.0 (12818145)|HEAP_ALLOCATE|[EXTERNAL]|Bytes:14
13:06:31.0 (12825424)|HEAP_ALLOCATE|[EXTERNAL]|Bytes:248
13:06:31.0 (12829324)|HEAP_ALLOCATE|[EXTERNAL]|Bytes:44
13:06:31.0 (12832738)|HEAP_ALLOCATE|[EXTERNAL]|Bytes:12
13:06:31.0 (12839691)|METHOD_ENTRY|[1]|01p0H000007gCe8|docappcontroller.docappcontroller()
13:06:31.0 (12845488)|STATEMENT_EXECUTE|[1]
13:06:31.0 (12849440)|STATEMENT_EXECUTE|[1]
13:06:31.0 (12850995)|STATEMENT_EXECUTE|[153]
13:06:31.0 (12854963)|METHOD_EXIT|[1]|docappcontroller
13:06:31.0 (17007291)|SYSTEM_MODE_ENTER|true
13:06:31.0 (19206358)|SYSTEM_MODE_ENTER|true
13:06:31.0 (19505420)|SYSTEM_MODE_ENTER|true
13:06:31.0 (19699477)|HEAP_ALLOCATE|[EXTERNAL]|Bytes:40
13:06:31.0 (19709167)|VARIABLE_SCOPE_BEGIN|[112]|this|docappcontroller|true|false
13:06:31.0 (19762178)|VARIABLE_ASSIGNMENT|[112]|this|{"aptdum":"0x53d825d3","Docdum":"0x324b00a","Docmap":"0x1827318a","timewraplistInitial":"0x3a2ac94d"}|0x19f7d4e1
13:06:31.0 (19773260)|STATEMENT_EXECUTE|[112]
13:06:31.0 (19775250)|STATEMENT_EXECUTE|[114]
13:06:31.0 (19787729)|HEAP_ALLOCATE|[114]|Bytes:4
13:06:31.0 (19815942)|VARIABLE_SCOPE_BEGIN|[114]|options|List<System.SelectOption>|true|false
13:06:31.0 (19839324)|HEAP_ALLOCATE|[EXTERNAL]|Bytes:4
13:06:31.0 (19849675)|VARIABLE_ASSIGNMENT|[114]|options|[]|0x28ce9566
13:06:31.0 (19855520)|STATEMENT_EXECUTE|[115]
13:06:31.0 (19862262)|HEAP_ALLOCATE|[115]|Bytes:8
13:06:31.0 (19907961)|HEAP_ALLOCATE|[EXTERNAL]|Bytes:4
13:06:31.0 (19955964)|VARIABLE_ASSIGNMENT|[EXTERNAL]|this|{"aptdum":"0x53d825d3","Docdum":"0x324b00a","Docmap":"0x1827318a","timewraplistInitial":"0x3a2ac94d"}|0x19f7d4e1
13:06:31.0 (19968750)|STATEMENT_EXECUTE|[116]
13:06:31.0 (20001209)|VARIABLE_ASSIGNMENT|[EXTERNAL]|this|{"aptdum":"0x53d825d3","Docdum":"0x324b00a","Docmap":"0x1827318a","timewraplistInitial":"0x3a2ac94d"}|0x19f7d4e1
13:06:31.0 (20032551)|HEAP_ALLOCATE|[EXTERNAL]|Bytes:12
13:06:31.0 (20045066)|HEAP_ALLOCATE|[117]|Bytes:237
13:06:31.0 (20169430)|HEAP_ALLOCATE|[117]|Bytes:5
13:06:31.0 (20213094)|HEAP_ALLOCATE|[117]|Bytes:24
13:06:31.0 (20222256)|VARIABLE_SCOPE_BEGIN|[117]|doc|Doctor__c|true|false
13:06:31.0 (20314601)|VARIABLE_ASSIGNMENT|[117]|doc|{"Id":"a260H000001koYjQAI","Name":"doc 2","End_Time__c":68400000,"Speciality__c":"General Surgery","Start_Time__c":43200000}|0x77f3940e
13:06:31.0 (20323209)|STATEMENT_EXECUTE|[117]
13:06:31.0 (20325050)|STATEMENT_EXECUTE|[118]
13:06:31.0 (20358951)|HEAP_ALLOCATE|[118]|Bytes:18
13:06:31.0 (20411062)|HEAP_ALLOCATE|[EXTERNAL]|Bytes:4
13:06:31.0 (20427421)|HEAP_ALLOCATE|[117]|Bytes:5
13:06:31.0 (20446418)|HEAP_ALLOCATE|[117]|Bytes:24
13:06:31.0 (20454085)|VARIABLE_SCOPE_BEGIN|[117]|doc|Doctor__c|true|false
13:06:31.0 (20471102)|VARIABLE_ASSIGNMENT|[117]|doc|{"Id":"a260H000001koYeQAI","Name":"Doc1","End_Time__c":64800000,"Speciality__c":"General Surgery","Start_Time__c":32400000}|0x68d79660
13:06:31.0 (20477439)|STATEMENT_EXECUTE|[117]
13:06:31.0 (20479736)|STATEMENT_EXECUTE|[118]
13:06:31.0 (20488506)|HEAP_ALLOCATE|[118]|Bytes:18
13:06:31.0 (20501207)|HEAP_ALLOCATE|[EXTERNAL]|Bytes:4
13:06:31.0 (20513107)|HEAP_ALLOCATE|[117]|Bytes:5
13:06:31.0 (20522827)|VARIABLE_ASSIGNMENT|[117]|doc|null|
13:06:31.0 (20527877)|STATEMENT_EXECUTE|[124]
13:06:31.0 (20740507)|SYSTEM_MODE_ENTER|true
13:06:31.0 (20780535)|HEAP_ALLOCATE|[EXTERNAL]|Bytes:40
13:06:31.0 (20788940)|VARIABLE_SCOPE_BEGIN|[129]|this|docappcontroller|true|false
13:06:31.0 (20819705)|VARIABLE_ASSIGNMENT|[129]|this|{"aptdum":"0x53d825d3","Docdum":"0x324b00a","Docmap":"0x1827318a","timewraplistInitial":"0x3a2ac94d"}|0x19f7d4e1
13:06:31.0 (20829600)|STATEMENT_EXECUTE|[129]
13:06:31.0 (20831346)|STATEMENT_EXECUTE|[131]
13:06:31.0 (20841251)|HEAP_ALLOCATE|[131]|Bytes:4
13:06:31.0 (20862450)|VARIABLE_SCOPE_BEGIN|[131]|options|List<System.SelectOption>|true|false
13:06:31.0 (20883104)|HEAP_ALLOCATE|[EXTERNAL]|Bytes:4
13:06:31.0 (20890922)|VARIABLE_ASSIGNMENT|[131]|options|[]|0x7ab9f072
13:06:31.0 (20897488)|STATEMENT_EXECUTE|[132]
13:06:31.0 (20933609)|HEAP_ALLOCATE|[EXTERNAL]|Bytes:4
13:06:31.0 (20941471)|STATEMENT_EXECUTE|[135]
13:06:31.0 (20945879)|HEAP_ALLOCATE|[135]|Bytes:2
13:06:31.0 (20969522)|HEAP_ALLOCATE|[EXTERNAL]|Bytes:4
13:06:31.0 (20976640)|STATEMENT_EXECUTE|[136]
13:06:31.0 (20985087)|HEAP_ALLOCATE|[136]|Bytes:2
13:06:31.0 (21007715)|HEAP_ALLOCATE|[EXTERNAL]|Bytes:4
13:06:31.0 (21015223)|STATEMENT_EXECUTE|[141]
13:06:31.0 (21086020)|SYSTEM_MODE_ENTER|true
13:06:31.21 (21263783)|SYSTEM_MODE_ENTER|true
13:06:31.21 (21331394)|HEAP_ALLOCATE|[EXTERNAL]|Bytes:8
13:06:31.21 (21337944)|VARIABLE_SCOPE_BEGIN|[88]|this|ApexPage.PageMessagesComponentController|true|false
13:06:31.21 (21358500)|VARIABLE_ASSIGNMENT|[88]|this|{}|0x743d126c
13:06:31.21 (21364059)|VARIABLE_SCOPE_BEGIN|[88]|escape|Boolean|false|false
13:06:31.21 (21371000)|VARIABLE_ASSIGNMENT|[88]|escape|null
13:06:31.0 (21558808)|SYSTEM_MODE_ENTER|true
13:06:31.0 (21581064)|HEAP_ALLOCATE|[EXTERNAL]|Bytes:18
13:06:31.0 (21586040)|HEAP_ALLOCATE|[EXTERNAL]|Bytes:40
13:06:31.0 (21608773)|VARIABLE_ASSIGNMENT|[EXTERNAL]|this.Selecteddoc|"a260H000001koYjQAI"|0x19f7d4e1
13:06:31.0 (21654576)|SYSTEM_MODE_ENTER|true
13:06:31.0 (21809906)|SYSTEM_MODE_ENTER|true
13:06:31.0 (21851435)|SYSTEM_MODE_ENTER|true
13:06:31.0 (21868573)|HEAP_ALLOCATE|[EXTERNAL]|Bytes:8
13:06:31.0 (21873603)|HEAP_ALLOCATE|[EXTERNAL]|Bytes:40
13:06:31.0 (21883100)|VARIABLE_ASSIGNMENT|[EXTERNAL]|this.SelectedtimeSlot|30|0x19f7d4e1
13:06:31.0 (22012060)|HEAP_ALLOCATE|[EXTERNAL]|Bytes:40
13:06:31.0 (22021248)|VARIABLE_SCOPE_BEGIN|[13]|this|docappcontroller|true|false
13:06:31.0 (22055543)|VARIABLE_ASSIGNMENT|[13]|this|{"aptdum":"0x53d825d3","Docdum":"0x324b00a","Docmap":"0x1827318a","Selecteddoc":"a260H000001koYjQAI","SelectedtimeSlot":30,"timewraplistInitial":"0x3a2ac94d"}|0x19f7d4e1
13:06:31.0 (22066278)|STATEMENT_EXECUTE|[13]
13:06:31.0 (22068196)|STATEMENT_EXECUTE|[14]
13:06:31.0 (22090595)|VARIABLE_SCOPE_BEGIN|[14]|timeset|Set<Time>|true|false
13:06:31.0 (22101253)|VARIABLE_ASSIGNMENT|[14]|timeset|null|
13:06:31.0 (22106182)|STATEMENT_EXECUTE|[15]
13:06:31.0 (22148125)|VARIABLE_ASSIGNMENT|[EXTERNAL]|this|{"aptdum":"0x53d825d3","Docdum":"0x324b00a","Docmap":"0x1827318a","Selecteddoc":"a260H000001koYjQAI","SelectedtimeSlot":30,"timewraplistInitial":"0x3a2ac94d"}|0x19f7d4e1
13:06:31.0 (22177294)|USER_DEBUG|[15]|DEBUG|a260H000001koYjQAI
13:06:31.0 (22212611)|VARIABLE_ASSIGNMENT|[EXTERNAL]|this|{"aptdum":"0x53d825d3","Docdum":"0x324b00a","Docmap":"0x1827318a","Selecteddoc":"a260H000001koYjQAI","SelectedtimeSlot":30,"timewraplistInitial":"0x3a2ac94d"}|0x19f7d4e1
13:06:31.0 (22241589)|VARIABLE_ASSIGNMENT|[EXTERNAL]|this|{"aptdum":"0x53d825d3","Docdum":"0x324b00a","Docmap":"0x1827318a","Selecteddoc":"a260H000001koYjQAI","SelectedtimeSlot":30,"timewraplistInitial":"0x3a2ac94d"}|0x19f7d4e1
13:06:31.0 (22267975)|STATEMENT_EXECUTE|[18]
13:06:31.0 (22269828)|STATEMENT_EXECUTE|[19]
13:06:31.0 (22296344)|VARIABLE_ASSIGNMENT|[EXTERNAL]|this|{"aptdum":"0x53d825d3","Docdum":"0x324b00a","Docmap":"0x1827318a","Selecteddoc":"a260H000001koYjQAI","SelectedtimeSlot":30,"timewraplistInitial":"0x3a2ac94d"}|0x19f7d4e1
13:06:31.0 (22324807)|VARIABLE_ASSIGNMENT|[EXTERNAL]|this|{"aptdum":"0x53d825d3","Docdum":"0x324b00a","Docmap":"0x1827318a","Selecteddoc":"a260H000001koYjQAI","SelectedtimeSlot":30,"timewraplistInitial":"0x3a2ac94d"}|0x19f7d4e1
13:06:31.0 (22350173)|VARIABLE_SCOPE_BEGIN|[19]|d|Doctor__c|true|false
13:06:31.0 (22369112)|VARIABLE_ASSIGNMENT|[19]|d|{"Id":"a260H000001koYjQAI","Name":"doc 2","End_Time__c":68400000,"Speciality__c":"General Surgery","Start_Time__c":43200000}|0x77f3940e
13:06:31.0 (22375755)|STATEMENT_EXECUTE|[20]
13:06:31.0 (22407416)|HEAP_ALLOCATE|[20]|Bytes:4
13:06:31.0 (22447215)|HEAP_ALLOCATE|[20]|Bytes:150
13:06:31.0 (22461036)|HEAP_ALLOCATE|[20]|Bytes:4
13:06:31.0 (22470043)|HEAP_ALLOCATE|[20]|Bytes:7
13:06:31.0 (22500652)|VARIABLE_ASSIGNMENT|[EXTERNAL]|this|{"aptdum":"0x53d825d3","Docdum":"0x324b00a","Docmap":"0x1827318a","Selecteddoc":"a260H000001koYjQAI","SelectedtimeSlot":30,"timewraplistInitial":"0x3a2ac94d"}|0x19f7d4e1
13:06:31.0 (22518723)|HEAP_ALLOCATE|[20]|Bytes:7
13:06:31.0 (22545630)|VARIABLE_ASSIGNMENT|[EXTERNAL]|this|{"aptdum":"0x53d825d3","Docdum":"0x324b00a","Docmap":"0x1827318a","Selecteddoc":"a260H000001koYjQAI","SelectedtimeSlot":30,"timewraplistInitial":"0x3a2ac94d"}|0x19f7d4e1
13:06:31.0 (22913690)|SOQL_EXECUTE_BEGIN|[20]|Aggregations:0|SELECT Id, Name, Doctor__c, Patient__c, End_Time__c, Start_Time__c FROM Appointment__c WHERE (Doctor__c = :tmpVar1 AND Appointment_Date__c = :tmpVar2)
13:06:31.0 (35295022)|SOQL_EXECUTE_END|[20]|Rows:1
13:06:31.0 (35317167)|HEAP_ALLOCATE|[20]|Bytes:8
13:06:31.0 (35331872)|HEAP_ALLOCATE|[20]|Bytes:147
13:06:31.0 (35360107)|HEAP_ALLOCATE|[20]|Bytes:8
13:06:31.0 (35384156)|HEAP_ALLOCATE|[20]|Bytes:28
13:06:31.0 (35389416)|HEAP_ALLOCATE|[20]|Bytes:28
13:06:31.0 (35392353)|HEAP_ALLOCATE|[20]|Bytes:4
13:06:31.0 (35400745)|VARIABLE_SCOPE_BEGIN|[20]|aptlist|List<Appointment__c>|true|false
13:06:31.0 (35411354)|HEAP_ALLOCATE|[EXTERNAL]|Bytes:8
13:06:31.0 (35432059)|VARIABLE_ASSIGNMENT|[20]|aptlist|[{"Id":"a250H00000HaxnFQAR","Name":"A-00000","Doctor__c":"a260H000001koYjQAI","Patient__c":"a270H000006vXivQAE","End_Time__c":61200000,"Start_Time__c":54000000}]|0x63fa844
13:06:31.0 (35439793)|STATEMENT_EXECUTE|[21]
13:06:31.0 (35460144)|HEAP_ALLOCATE|[21]|Bytes:4
13:06:31.0 (35518470)|VARIABLE_ASSIGNMENT|[21]|timeset|[]|0x26148661
13:06:31.0 (35598083)|HEAP_ALLOCATE|[22]|Bytes:5
13:06:31.0 (35611932)|HEAP_ALLOCATE|[22]|Bytes:28
13:06:31.0 (35619906)|VARIABLE_SCOPE_BEGIN|[22]|apt|Appointment__c|true|false
13:06:31.0 (35637848)|VARIABLE_ASSIGNMENT|[22]|apt|{"Id":"a250H00000HaxnFQAR","Name":"A-00000","Doctor__c":"a260H000001koYjQAI","Patient__c":"a270H000006vXivQAE","End_Time__c":61200000,"Start_Time__c":54000000}|0x58f99820
13:06:31.0 (35645970)|STATEMENT_EXECUTE|[22]
13:06:31.0 (35647921)|STATEMENT_EXECUTE|[24]
13:06:31.0 (35677831)|VARIABLE_SCOPE_BEGIN|[24]|t|Time|false|false
13:06:31.0 (35692063)|VARIABLE_ASSIGNMENT|[24]|t|54000000
13:06:31.0 (35696574)|STATEMENT_EXECUTE|[25]
13:06:31.0 (35748818)|VARIABLE_SCOPE_BEGIN|[25]|i|Integer|false|false
13:06:31.0 (35757642)|HEAP_ALLOCATE|[25]|Bytes:4
13:06:31.0 (35764687)|VARIABLE_ASSIGNMENT|[25]|i|2
13:06:31.0 (35769330)|STATEMENT_EXECUTE|[26]
13:06:31.0 (35789979)|HEAP_ALLOCATE|[26]|Bytes:28
13:06:31.0 (35794962)|HEAP_ALLOCATE|[26]|Bytes:28
13:06:31.0 (35799797)|VARIABLE_SCOPE_BEGIN|[26]|i1|Decimal|false|false
13:06:31.0 (35810646)|VARIABLE_ASSIGNMENT|[26]|i1|0
13:06:31.0 (35815669)|STATEMENT_EXECUTE|[27]
13:06:31.0 (35837588)|HEAP_ALLOCATE|[EXTERNAL]|Bytes:4
13:06:31.0 (35860521)|STATEMENT_EXECUTE|[28]
13:06:31.0 (35862299)|STATEMENT_EXECUTE|[29]
13:06:31.0 (35954453)|USER_DEBUG|[29]|DEBUG|15:00:00.000Z
13:06:31.0 (35964654)|STATEMENT_EXECUTE|[30]
13:06:31.0 (35999845)|HEAP_ALLOCATE|[30]|Bytes:4
13:06:31.0 (36016538)|VARIABLE_ASSIGNMENT|[30]|t|55800000
13:06:31.0 (36022073)|STATEMENT_EXECUTE|[31]
13:06:31.0 (36025151)|HEAP_ALLOCATE|[31]|Bytes:3
13:06:31.0 (36039322)|HEAP_ALLOCATE|[31]|Bytes:28
13:06:31.0 (36076377)|HEAP_ALLOCATE|[31]|Bytes:28
13:06:31.0 (36092850)|VARIABLE_ASSIGNMENT|[31]|i1|0.5
13:06:31.0 (36097110)|STATEMENT_EXECUTE|[32]
13:06:31.0 (36113133)|HEAP_ALLOCATE|[EXTERNAL]|Bytes:4
13:06:31.0 (36126143)|HEAP_ALLOCATE|[33]|Bytes:28
13:06:31.0 (36130349)|HEAP_ALLOCATE|[33]|Bytes:28
13:06:31.0 (36136187)|HEAP_ALLOCATE|[33]|Bytes:28
13:06:31.0 (36159023)|HEAP_ALLOCATE|[33]|Bytes:28
13:06:31.0 (36189005)|STATEMENT_EXECUTE|[28]
13:06:31.0 (36191060)|STATEMENT_EXECUTE|[29]
13:06:31.0 (36200442)|USER_DEBUG|[29]|DEBUG|15:30:00.000Z
13:06:31.0 (36207449)|STATEMENT_EXECUTE|[30]
13:06:31.0 (36216406)|HEAP_ALLOCATE|[30]|Bytes:4
13:06:31.0 (36229693)|VARIABLE_ASSIGNMENT|[30]|t|57600000
13:06:31.0 (36234816)|STATEMENT_EXECUTE|[31]
13:06:31.0 (36239763)|HEAP_ALLOCATE|[31]|Bytes:28
13:06:31.0 (36252738)|HEAP_ALLOCATE|[31]|Bytes:28
13:06:31.0 (36263849)|VARIABLE_ASSIGNMENT|[31]|i1|1.0
13:06:31.0 (36268394)|STATEMENT_EXECUTE|[32]
13:06:31.0 (36273754)|HEAP_ALLOCATE|[EXTERNAL]|Bytes:4
13:06:31.0 (36283036)|HEAP_ALLOCATE|[33]|Bytes:28
13:06:31.0 (36286759)|HEAP_ALLOCATE|[33]|Bytes:28
13:06:31.0 (36291757)|HEAP_ALLOCATE|[33]|Bytes:28
13:06:31.0 (36304533)|HEAP_ALLOCATE|[33]|Bytes:28
13:06:31.0 (36325020)|STATEMENT_EXECUTE|[28]
13:06:31.0 (36326760)|STATEMENT_EXECUTE|[29]
13:06:31.0 (36334020)|USER_DEBUG|[29]|DEBUG|16:00:00.000Z
13:06:31.0 (36341143)|STATEMENT_EXECUTE|[30]
13:06:31.0 (36349288)|HEAP_ALLOCATE|[30]|Bytes:4
13:06:31.0 (36362019)|VARIABLE_ASSIGNMENT|[30]|t|59400000
13:06:31.0 (36366889)|STATEMENT_EXECUTE|[31]
13:06:31.0 (36371231)|HEAP_ALLOCATE|[31]|Bytes:28
13:06:31.0 (36383077)|HEAP_ALLOCATE|[31]|Bytes:28
13:06:31.0 (36393879)|VARIABLE_ASSIGNMENT|[31]|i1|1.5
13:06:31.0 (36398177)|STATEMENT_EXECUTE|[32]
13:06:31.0 (36403338)|HEAP_ALLOCATE|[EXTERNAL]|Bytes:4
13:06:31.0 (36412179)|HEAP_ALLOCATE|[33]|Bytes:28
13:06:31.0 (36415825)|HEAP_ALLOCATE|[33]|Bytes:28
13:06:31.0 (36420959)|HEAP_ALLOCATE|[33]|Bytes:28
13:06:31.0 (36433583)|HEAP_ALLOCATE|[33]|Bytes:28
13:06:31.0 (36460820)|HEAP_ALLOCATE|[22]|Bytes:5
13:06:31.0 (36473569)|VARIABLE_ASSIGNMENT|[22]|apt|null|
13:06:31.0 (36479059)|STATEMENT_EXECUTE|[43]
13:06:31.0 (36550652)|HEAP_ALLOCATE|[43]|Bytes:4
13:06:31.0 (36634055)|VARIABLE_ASSIGNMENT|[EXTERNAL]|this|{"aptdum":"0x53d825d3","Docdum":"0x324b00a","Docmap":"0x1827318a","Selecteddoc":"a260H000001koYjQAI","SelectedtimeSlot":30,"timewraplistInitial":"0x3a2ac94d"}|0x19f7d4e1
13:06:31.0 (36654003)|HEAP_ALLOCATE|[EXTERNAL]|Bytes:4
13:06:31.0 (36661431)|VARIABLE_ASSIGNMENT|[EXTERNAL]|value|[]|0xed734bf
13:06:31.0 (36673655)|VARIABLE_ASSIGNMENT|[4]|this.timewraplist|[]|0x19f7d4e1
13:06:31.0 (36683100)|STATEMENT_EXECUTE|[44]
13:06:31.0 (36692038)|HEAP_ALLOCATE|[44]|Bytes:4
13:06:31.0 (36756375)|VARIABLE_ASSIGNMENT|[EXTERNAL]|this|{"aptdum":"0x53d825d3","Docdum":"0x324b00a","Docmap":"0x1827318a","Selecteddoc":"a260H000001koYjQAI","SelectedtimeSlot":30,"timewraplist":"0xed734bf","timewraplistInitial":"0x3a2ac94d"}|0x19f7d4e1
13:06:31.0 (36774841)|HEAP_ALLOCATE|[EXTERNAL]|Bytes:4
13:06:31.0 (36781544)|VARIABLE_ASSIGNMENT|[EXTERNAL]|value|[]|0x1092062a
13:06:31.0 (36792433)|VARIABLE_ASSIGNMENT|[3]|this.timelist|[]|0x19f7d4e1
13:06:31.0 (36800915)|STATEMENT_EXECUTE|[45]
13:06:31.0 (36827376)|VARIABLE_SCOPE_BEGIN|[45]|t|Time|false|false
13:06:31.0 (36841744)|VARIABLE_ASSIGNMENT|[45]|t|43200000
13:06:31.0 (36846776)|STATEMENT_EXECUTE|[46]
13:06:31.0 (36887787)|VARIABLE_SCOPE_BEGIN|[46]|i|Integer|false|false
13:06:31.0 (36895736)|HEAP_ALLOCATE|[46]|Bytes:4
13:06:31.0 (36902305)|VARIABLE_ASSIGNMENT|[46]|i|7
13:06:31.0 (36906388)|STATEMENT_EXECUTE|[47]
13:06:31.0 (36914783)|HEAP_ALLOCATE|[47]|Bytes:28
13:06:31.0 (36919066)|HEAP_ALLOCATE|[47]|Bytes:28
13:06:31.0 (36922855)|VARIABLE_SCOPE_BEGIN|[47]|i1|Decimal|false|false
13:06:31.0 (36935224)|VARIABLE_ASSIGNMENT|[47]|i1|0
13:06:31.0 (36963592)|STATEMENT_EXECUTE|[48]
13:06:31.0 (36965660)|STATEMENT_EXECUTE|[49]
13:06:31.0 (37011428)|VARIABLE_ASSIGNMENT|[EXTERNAL]|this|{"aptdum":"0x53d825d3","Docdum":"0x324b00a","Docmap":"0x1827318a","Selecteddoc":"a260H000001koYjQAI","SelectedtimeSlot":30,"timelist":"0x1092062a","timewraplist":"0xed734bf","timewraplistInitial":"0x3a2ac94d"}|0x19f7d4e1
13:06:31.0 (37029980)|HEAP_ALLOCATE|[49]|Bytes:108
13:06:31.0 (37037215)|HEAP_ALLOCATE|[49]|Bytes:11
13:06:31.0 (37050557)|HEAP_ALLOCATE|[49]|Bytes:12
13:06:31.0 (37071109)|CONSTRUCTOR_ENTRY|[49]|01p0H000007gCe8|<init>(Boolean,Time)
13:06:31.0 (37083299)|VARIABLE_SCOPE_BEGIN|[157]|this|docappcontroller.Wrapertimeslot|true|false
13:06:31.0 (37105969)|VARIABLE_ASSIGNMENT|[157]|this|{}|0x4efffdfa
13:06:31.0 (37114116)|VARIABLE_SCOPE_BEGIN|[157]|selection|Boolean|false|false
13:06:31.0 (37123403)|VARIABLE_ASSIGNMENT|[157]|selection|false
13:06:31.0 (37130216)|VARIABLE_SCOPE_BEGIN|[157]|tm|Time|false|false
13:06:31.0 (37140832)|VARIABLE_ASSIGNMENT|[157]|tm|43200000
13:06:31.0 (37146440)|STATEMENT_EXECUTE|[153]
13:06:31.0 (37148486)|STATEMENT_EXECUTE|[154]
13:06:31.0 (37150269)|STATEMENT_EXECUTE|[155]
13:06:31.0 (37156263)|HEAP_ALLOCATE|[158]|Bytes:6
13:06:31.0 (37177367)|STATEMENT_EXECUTE|[157]
13:06:31.0 (37179190)|STATEMENT_EXECUTE|[158]
13:06:31.0 (37228337)|VARIABLE_ASSIGNMENT|[EXTERNAL]|this|{}|0x4efffdfa
13:06:31.0 (37239372)|VARIABLE_ASSIGNMENT|[EXTERNAL]|value|false
13:06:31.0 (37245953)|HEAP_ALLOCATE|[154]|Bytes:5
13:06:31.0 (37253521)|VARIABLE_ASSIGNMENT|[154]|this.selected|false|0x4efffdfa
13:06:31.0 (37262155)|STATEMENT_EXECUTE|[159]
13:06:31.0 (37292783)|VARIABLE_ASSIGNMENT|[EXTERNAL]|this|{"selected":false}|0x4efffdfa
13:06:31.0 (37306360)|VARIABLE_ASSIGNMENT|[EXTERNAL]|value|43200000
13:06:31.0 (37316249)|VARIABLE_ASSIGNMENT|[155]|this.t|43200000|0x4efffdfa
13:06:31.0 (37330880)|CONSTRUCTOR_EXIT|[49]|01p0H000007gCe8|<init>(Boolean,Time)
13:06:31.0 (37345046)|HEAP_ALLOCATE|[EXTERNAL]|Bytes:4
13:06:31.0 (37352772)|STATEMENT_EXECUTE|[53]
13:06:31.0 (37388063)|VARIABLE_ASSIGNMENT|[EXTERNAL]|this|{"aptdum":"0x53d825d3","Docdum":"0x324b00a","Docmap":"0x1827318a","Selecteddoc":"a260H000001koYjQAI","SelectedtimeSlot":30,"timelist":"0x1092062a","timewraplist":"0xed734bf","timewraplistInitial":"0x3a2ac94d"}|0x19f7d4e1
13:06:31.0 (37407323)|HEAP_ALLOCATE|[EXTERNAL]|Bytes:4
13:06:31.0 (37421459)|HEAP_ALLOCATE|[56]|Bytes:28
13:06:31.0 (37426083)|HEAP_ALLOCATE|[56]|Bytes:28
13:06:31.0 (37454926)|STATEMENT_EXECUTE|[56]
13:06:31.0 (37456843)|STATEMENT_EXECUTE|[57]
13:06:31.0 (37474049)|USER_DEBUG|[57]|DEBUG|12:00:00.000Z
13:06:31.0 (37482290)|STATEMENT_EXECUTE|[58]
13:06:31.0 (37503288)|HEAP_ALLOCATE|[58]|Bytes:4
13:06:31.0 (37518563)|VARIABLE_ASSIGNMENT|[58]|t|45000000
13:06:31.0 (37523434)|STATEMENT_EXECUTE|[59]
13:06:31.0 (37529996)|HEAP_ALLOCATE|[59]|Bytes:28
13:06:31.0 (37550626)|HEAP_ALLOCATE|[59]|Bytes:28
13:06:31.0 (37563584)|VARIABLE_ASSIGNMENT|[59]|i1|0.5
13:06:31.0 (37568429)|STATEMENT_EXECUTE|[60]
13:06:31.0 (37601262)|VARIABLE_ASSIGNMENT|[EXTERNAL]|this|{"aptdum":"0x53d825d3","Docdum":"0x324b00a","Docmap":"0x1827318a","Selecteddoc":"a260H000001koYjQAI","SelectedtimeSlot":30,"timelist":"0x1092062a","timewraplist":"0xed734bf","timewraplistInitial":"0x3a2ac94d"}|0x19f7d4e1
13:06:31.0 (37618945)|HEAP_ALLOCATE|[EXTERNAL]|Bytes:4
13:06:31.0 (37644128)|STATEMENT_EXECUTE|[62]
13:06:31.0 (37646141)|STATEMENT_EXECUTE|[63]
13:06:31.0 (37674885)|VARIABLE_ASSIGNMENT|[EXTERNAL]|this|{"aptdum":"0x53d825d3","Docdum":"0x324b00a","Docmap":"0x1827318a","Selecteddoc":"a260H000001koYjQAI","SelectedtimeSlot":30,"timelist":"0x1092062a","timewraplist":"0xed734bf","timewraplistInitial":"0x3a2ac94d"}|0x19f7d4e1
13:06:31.0 (37689234)|HEAP_ALLOCATE|[63]|Bytes:12
13:06:31.0 (37702520)|CONSTRUCTOR_ENTRY|[63]|01p0H000007gCe8|<init>(Boolean,Time)
13:06:31.0 (37708836)|VARIABLE_SCOPE_BEGIN|[157]|this|docappcontroller.Wrapertimeslot|true|false
13:06:31.0 (37722118)|VARIABLE_ASSIGNMENT|[157]|this|{}|0x77328cfe
13:06:31.0 (37729322)|VARIABLE_SCOPE_BEGIN|[157]|selection|Boolean|false|false
13:06:31.0 (37736777)|VARIABLE_ASSIGNMENT|[157]|selection|false
13:06:31.0 (37740400)|VARIABLE_SCOPE_BEGIN|[157]|tm|Time|false|false
13:06:31.0 (37748944)|VARIABLE_ASSIGNMENT|[157]|tm|45000000
13:06:31.0 (37753709)|STATEMENT_EXECUTE|[153]
13:06:31.0 (37755372)|STATEMENT_EXECUTE|[154]
13:06:31.0 (37756911)|STATEMENT_EXECUTE|[155]
13:06:31.0 (37767651)|STATEMENT_EXECUTE|[157]
13:06:31.0 (37769244)|STATEMENT_EXECUTE|[158]
13:06:31.0 (37781322)|VARIABLE_ASSIGNMENT|[EXTERNAL]|this|{}|0x77328cfe
13:06:31.0 (37790347)|VARIABLE_ASSIGNMENT|[EXTERNAL]|value|false
13:06:31.0 (37796563)|HEAP_ALLOCATE|[154]|Bytes:5
13:06:31.0 (37803106)|VARIABLE_ASSIGNMENT|[154]|this.selected|false|0x77328cfe
13:06:31.0 (37810452)|STATEMENT_EXECUTE|[159]
13:06:31.0 (37822049)|VARIABLE_ASSIGNMENT|[EXTERNAL]|this|{"selected":false}|0x77328cfe
13:06:31.0 (37831280)|VARIABLE_ASSIGNMENT|[EXTERNAL]|value|45000000
13:06:31.0 (37838523)|VARIABLE_ASSIGNMENT|[155]|this.t|45000000|0x77328cfe
13:06:31.0 (37852006)|CONSTRUCTOR_EXIT|[63]|01p0H000007gCe8|<init>(Boolean,Time)
13:06:31.0 (37863777)|HEAP_ALLOCATE|[EXTERNAL]|Bytes:4
13:06:31.0 (37876035)|HEAP_ALLOCATE|[56]|Bytes:28
13:06:31.0 (37880264)|HEAP_ALLOCATE|[56]|Bytes:28
13:06:31.0 (37902116)|STATEMENT_EXECUTE|[56]
13:06:31.0 (37904032)|STATEMENT_EXECUTE|[57]
13:06:31.0 (37913728)|USER_DEBUG|[57]|DEBUG|12:30:00.000Z
13:06:31.0 (37921452)|STATEMENT_EXECUTE|[58]
13:06:31.0 (37931392)|HEAP_ALLOCATE|[58]|Bytes:4
13:06:31.0 (37947021)|VARIABLE_ASSIGNMENT|[58]|t|46800000
13:06:31.0 (37951785)|STATEMENT_EXECUTE|[59]
13:06:31.0 (37957132)|HEAP_ALLOCATE|[59]|Bytes:28
13:06:31.0 (37970154)|HEAP_ALLOCATE|[59]|Bytes:28
13:06:31.0 (37986733)|VARIABLE_ASSIGNMENT|[59]|i1|1.0
13:06:31.0 (37991459)|STATEMENT_EXECUTE|[60]
13:06:31.0 (38020814)|VARIABLE_ASSIGNMENT|[EXTERNAL]|this|{"aptdum":"0x53d825d3","Docdum":"0x324b00a","Docmap":"0x1827318a","Selecteddoc":"a260H000001koYjQAI","SelectedtimeSlot":30,"timelist":"0x1092062a","timewraplist":"0xed734bf","timewraplistInitial":"0x3a2ac94d"}|0x19f7d4e1
13:06:31.0 (38037254)|HEAP_ALLOCATE|[EXTERNAL]|Bytes:4
13:06:31.0 (38050287)|STATEMENT_EXECUTE|[62]
13:06:31.0 (38051956)|STATEMENT_EXECUTE|[63]
13:06:31.0 (38074939)|VARIABLE_ASSIGNMENT|[EXTERNAL]|this|{"aptdum":"0x53d825d3","Docdum":"0x324b00a","Docmap":"0x1827318a","Selecteddoc":"a260H000001koYjQAI","SelectedtimeSlot":30,"timelist":"0x1092062a","timewraplist":"0xed734bf","timewraplistInitial":"0x3a2ac94d"}|0x19f7d4e1
13:06:31.0 (38087610)|HEAP_ALLOCATE|[63]|Bytes:12
13:06:31.0 (38099608)|CONSTRUCTOR_ENTRY|[63]|01p0H000007gCe8|<init>(Boolean,Time)
13:06:31.0 (38105321)|VARIABLE_SCOPE_BEGIN|[157]|this|docappcontroller.Wrapertimeslot|true|false
13:06:31.0 (38118551)|VARIABLE_ASSIGNMENT|[157]|this|{}|0x40dc4ece
13:06:31.0 (38125345)|VARIABLE_SCOPE_BEGIN|[157]|selection|Boolean|false|false
13:06:31.0 (38133351)|VARIABLE_ASSIGNMENT|[157]|selection|false
13:06:31.0 (38137424)|VARIABLE_SCOPE_BEGIN|[157]|tm|Time|false|false
13:06:31.0 (38145406)|VARIABLE_ASSIGNMENT|[157]|tm|46800000
13:06:31.0 (38150265)|STATEMENT_EXECUTE|[153]
13:06:31.0 (38152011)|STATEMENT_EXECUTE|[154]
13:06:31.0 (38153717)|STATEMENT_EXECUTE|[155]
13:06:31.0 (38163220)|STATEMENT_EXECUTE|[157]
13:06:31.0 (38164826)|STATEMENT_EXECUTE|[158]
13:06:31.0 (38176098)|VARIABLE_ASSIGNMENT|[EXTERNAL]|this|{}|0x40dc4ece
13:06:31.0 (38185359)|VARIABLE_ASSIGNMENT|[EXTERNAL]|value|false
13:06:31.0 (38190273)|HEAP_ALLOCATE|[154]|Bytes:5
13:06:31.0 (38196290)|VARIABLE_ASSIGNMENT|[154]|this.selected|false|0x40dc4ece
13:06:31.0 (38203982)|STATEMENT_EXECUTE|[159]
13:06:31.0 (38215225)|VARIABLE_ASSIGNMENT|[EXTERNAL]|this|{"selected":false}|0x40dc4ece
13:06:31.0 (38224045)|VARIABLE_ASSIGNMENT|[EXTERNAL]|value|46800000
13:06:31.0 (38230856)|VARIABLE_ASSIGNMENT|[155]|this.t|46800000|0x40dc4ece
13:06:31.0 (38244420)|CONSTRUCTOR_EXIT|[63]|01p0H000007gCe8|<init>(Boolean,Time)
13:06:31.0 (38254418)|HEAP_ALLOCATE|[EXTERNAL]|Bytes:4
13:06:31.0 (38266057)|HEAP_ALLOCATE|[56]|Bytes:28
13:06:31.0 (38270064)|HEAP_ALLOCATE|[56]|Bytes:28
13:06:31.0 (38288689)|STATEMENT_EXECUTE|[56]
13:06:31.0 (38290655)|STATEMENT_EXECUTE|[57]
13:06:31.0 (38299977)|USER_DEBUG|[57]|DEBUG|13:00:00.000Z
13:06:31.0 (38307581)|STATEMENT_EXECUTE|[58]
13:06:31.0 (38316715)|HEAP_ALLOCATE|[58]|Bytes:4
13:06:31.0 (38329952)|VARIABLE_ASSIGNMENT|[58]|t|48600000
13:06:31.0 (38334428)|STATEMENT_EXECUTE|[59]
13:06:31.0 (38339594)|HEAP_ALLOCATE|[59]|Bytes:28
13:06:31.0 (38351880)|HEAP_ALLOCATE|[59]|Bytes:28
13:06:31.0 (38363705)|VARIABLE_ASSIGNMENT|[59]|i1|1.5
13:06:31.0 (38368337)|STATEMENT_EXECUTE|[60]
13:06:31.0 (38395591)|VARIABLE_ASSIGNMENT|[EXTERNAL]|this|{"aptdum":"0x53d825d3","Docdum":"0x324b00a","Docmap":"0x1827318a","Selecteddoc":"a260H000001koYjQAI","SelectedtimeSlot":30,"timelist":"0x1092062a","timewraplist":"0xed734bf","timewraplistInitial":"0x3a2ac94d"}|0x19f7d4e1
13:06:31.0 (38410679)|HEAP_ALLOCATE|[EXTERNAL]|Bytes:4
13:06:31.0 (38423585)|STATEMENT_EXECUTE|[62]
13:06:31.0 (38425216)|STATEMENT_EXECUTE|[63]
13:06:31.0 (38446707)|VARIABLE_ASSIGNMENT|[EXTERNAL]|this|{"aptdum":"0x53d825d3","Docdum":"0x324b00a","Docmap":"0x1827318a","Selecteddoc":"a260H000001koYjQAI","SelectedtimeSlot":30,"timelist":"0x1092062a","timewraplist":"0xed734bf","timewraplistInitial":"0x3a2ac94d"}|0x19f7d4e1
13:06:31.0 (38458972)|HEAP_ALLOCATE|[63]|Bytes:12
13:06:31.0 (38470813)|CONSTRUCTOR_ENTRY|[63]|01p0H000007gCe8|<init>(Boolean,Time)
13:06:31.0 (38476649)|VARIABLE_SCOPE_BEGIN|[157]|this|docappcontroller.Wrapertimeslot|true|false
13:06:31.0 (38489548)|VARIABLE_ASSIGNMENT|[157]|this|{}|0x2624388
13:06:31.0 (38496132)|VARIABLE_SCOPE_BEGIN|[157]|selection|Boolean|false|false
13:06:31.0 (38503697)|VARIABLE_ASSIGNMENT|[157]|selection|false
13:06:31.0 (38507211)|VARIABLE_SCOPE_BEGIN|[157]|tm|Time|false|false
13:06:31.0 (38515496)|VARIABLE_ASSIGNMENT|[157]|tm|48600000
13:06:31.0 (38520017)|STATEMENT_EXECUTE|[153]
13:06:31.0 (38521766)|STATEMENT_EXECUTE|[154]
13:06:31.0 (38523340)|STATEMENT_EXECUTE|[155]
13:06:31.0 (38532154)|STATEMENT_EXECUTE|[157]
13:06:31.0 (38533660)|STATEMENT_EXECUTE|[158]
13:06:31.0 (38544962)|VARIABLE_ASSIGNMENT|[EXTERNAL]|this|{}|0x2624388
13:06:31.0 (38553963)|VARIABLE_ASSIGNMENT|[EXTERNAL]|value|false
13:06:31.0 (38559592)|HEAP_ALLOCATE|[154]|Bytes:5
13:06:31.0 (38565880)|VARIABLE_ASSIGNMENT|[154]|this.selected|false|0x2624388
13:06:31.0 (38573261)|STATEMENT_EXECUTE|[159]
13:06:31.0 (38584734)|VARIABLE_ASSIGNMENT|[EXTERNAL]|this|{"selected":false}|0x2624388
13:06:31.0 (38593917)|VARIABLE_ASSIGNMENT|[EXTERNAL]|value|48600000
13:06:31.0 (38601435)|VARIABLE_ASSIGNMENT|[155]|this.t|48600000|0x2624388
13:06:31.0 (38614657)|CONSTRUCTOR_EXIT|[63]|01p0H000007gCe8|<init>(Boolean,Time)
13:06:31.0 (38624147)|HEAP_ALLOCATE|[EXTERNAL]|Bytes:4
13:06:31.0 (38635615)|HEAP_ALLOCATE|[56]|Bytes:28
13:06:31.0 (38639355)|HEAP_ALLOCATE|[56]|Bytes:28
13:06:31.0 (38657277)|STATEMENT_EXECUTE|[56]
13:06:31.0 (38659146)|STATEMENT_EXECUTE|[57]
13:06:31.0 (38667428)|USER_DEBUG|[57]|DEBUG|13:30:00.000Z
13:06:31.0 (38674356)|STATEMENT_EXECUTE|[58]
13:06:31.0 (38683368)|HEAP_ALLOCATE|[58]|Bytes:4
13:06:31.0 (38695954)|VARIABLE_ASSIGNMENT|[58]|t|50400000
13:06:31.0 (38700275)|STATEMENT_EXECUTE|[59]
13:06:31.0 (38705611)|HEAP_ALLOCATE|[59]|Bytes:28
13:06:31.0 (38717981)|HEAP_ALLOCATE|[59]|Bytes:28
13:06:31.0 (38729433)|VARIABLE_ASSIGNMENT|[59]|i1|2.0
13:06:31.0 (38733987)|STATEMENT_EXECUTE|[60]
13:06:31.0 (38760930)|VARIABLE_ASSIGNMENT|[EXTERNAL]|this|{"aptdum":"0x53d825d3","Docdum":"0x324b00a","Docmap":"0x1827318a","Selecteddoc":"a260H000001koYjQAI","SelectedtimeSlot":30,"timelist":"0x1092062a","timewraplist":"0xed734bf","timewraplistInitial":"0x3a2ac94d"}|0x19f7d4e1
13:06:31.0 (38775890)|HEAP_ALLOCATE|[EXTERNAL]|Bytes:4
13:06:31.0 (38788531)|STATEMENT_EXECUTE|[62]
13:06:31.0 (38790249)|STATEMENT_EXECUTE|[63]
13:06:31.0 (38812473)|VARIABLE_ASSIGNMENT|[EXTERNAL]|this|{"aptdum":"0x53d825d3","Docdum":"0x324b00a","Docmap":"0x1827318a","Selecteddoc":"a260H000001koYjQAI","SelectedtimeSlot":30,"timelist":"0x1092062a","timewraplist":"0xed734bf","timewraplistInitial":"0x3a2ac94d"}|0x19f7d4e1
13:06:31.0 (38824355)|HEAP_ALLOCATE|[63]|Bytes:12
13:06:31.0 (38835447)|CONSTRUCTOR_ENTRY|[63]|01p0H000007gCe8|<init>(Boolean,Time)
13:06:31.0 (38841472)|VARIABLE_SCOPE_BEGIN|[157]|this|docappcontroller.Wrapertimeslot|true|false
13:06:31.0 (38854375)|VARIABLE_ASSIGNMENT|[157]|this|{}|0x20e7600c
13:06:31.0 (38860654)|VARIABLE_SCOPE_BEGIN|[157]|selection|Boolean|false|false
13:06:31.0 (38868663)|VARIABLE_ASSIGNMENT|[157]|selection|false
13:06:31.0 (38872598)|VARIABLE_SCOPE_BEGIN|[157]|tm|Time|false|false
13:06:31.0 (38880623)|VARIABLE_ASSIGNMENT|[157]|tm|50400000
13:06:31.0 (38885520)|STATEMENT_EXECUTE|[153]
13:06:31.0 (38887085)|STATEMENT_EXECUTE|[154]
13:06:31.0 (38888642)|STATEMENT_EXECUTE|[155]
13:06:31.0 (38897691)|STATEMENT_EXECUTE|[157]
13:06:31.0 (38899215)|STATEMENT_EXECUTE|[158]
13:06:31.0 (38910243)|VARIABLE_ASSIGNMENT|[EXTERNAL]|this|{}|0x20e7600c
13:06:31.0 (38918859)|VARIABLE_ASSIGNMENT|[EXTERNAL]|value|false
13:06:31.0 (38923866)|HEAP_ALLOCATE|[154]|Bytes:5
13:06:31.0 (38930215)|VARIABLE_ASSIGNMENT|[154]|this.selected|false|0x20e7600c
13:06:31.0 (38937879)|STATEMENT_EXECUTE|[159]
13:06:31.0 (38949173)|VARIABLE_ASSIGNMENT|[EXTERNAL]|this|{"selected":false}|0x20e7600c
13:06:31.0 (38958062)|VARIABLE_ASSIGNMENT|[EXTERNAL]|value|50400000
13:06:31.0 (38964861)|VARIABLE_ASSIGNMENT|[155]|this.t|50400000|0x20e7600c
13:06:31.0 (38978621)|CONSTRUCTOR_EXIT|[63]|01p0H000007gCe8|<init>(Boolean,Time)
13:06:31.0 (38993512)|HEAP_ALLOCATE|[EXTERNAL]|Bytes:4
13:06:31.0 (39005669)|HEAP_ALLOCATE|[56]|Bytes:28
13:06:31.0 (39009902)|HEAP_ALLOCATE|[56]|Bytes:28
13:06:31.0 (39028920)|STATEMENT_EXECUTE|[56]
13:06:31.0 (39030853)|STATEMENT_EXECUTE|[57]
13:06:31.0 (39039261)|USER_DEBUG|[57]|DEBUG|14:00:00.000Z
13:06:31.0 (39046288)|STATEMENT_EXECUTE|[58]
13:06:31.0 (39054863)|HEAP_ALLOCATE|[58]|Bytes:4
13:06:31.0 (39067958)|VARIABLE_ASSIGNMENT|[58]|t|52200000
13:06:31.0 (39072838)|STATEMENT_EXECUTE|[59]
13:06:31.0 (39077996)|HEAP_ALLOCATE|[59]|Bytes:28
13:06:31.0 (39090691)|HEAP_ALLOCATE|[59]|Bytes:28
13:06:31.0 (39102131)|VARIABLE_ASSIGNMENT|[59]|i1|2.5
13:06:31.0 (39106779)|STATEMENT_EXECUTE|[60]
13:06:31.0 (39132847)|VARIABLE_ASSIGNMENT|[EXTERNAL]|this|{"aptdum":"0x53d825d3","Docdum":"0x324b00a","Docmap":"0x1827318a","Selecteddoc":"a260H000001koYjQAI","SelectedtimeSlot":30,"timelist":"0x1092062a","timewraplist":"0xed734bf","timewraplistInitial":"0x3a2ac94d"}|0x19f7d4e1
13:06:31.0 (39147364)|HEAP_ALLOCATE|[EXTERNAL]|Bytes:4
13:06:31.0 (39159453)|STATEMENT_EXECUTE|[62]
13:06:31.0 (39161398)|STATEMENT_EXECUTE|[63]
13:06:31.0 (39183528)|VARIABLE_ASSIGNMENT|[EXTERNAL]|this|{"aptdum":"0x53d825d3","Docdum":"0x324b00a","Docmap":"0x1827318a","Selecteddoc":"a260H000001koYjQAI","SelectedtimeSlot":30,"timelist":"0x1092062a","timewraplist":"0xed734bf","timewraplistInitial":"0x3a2ac94d"}|0x19f7d4e1
13:06:31.0 (39195494)|HEAP_ALLOCATE|[63]|Bytes:12
13:06:31.0 (39206845)|CONSTRUCTOR_ENTRY|[63]|01p0H000007gCe8|<init>(Boolean,Time)
13:06:31.0 (39212462)|VARIABLE_SCOPE_BEGIN|[157]|this|docappcontroller.Wrapertimeslot|true|false
13:06:31.0 (39225081)|VARIABLE_ASSIGNMENT|[157]|this|{}|0x4287d0f9
13:06:31.0 (39231741)|VARIABLE_SCOPE_BEGIN|[157]|selection|Boolean|false|false
13:06:31.0 (39239575)|VARIABLE_ASSIGNMENT|[157]|selection|false
13:06:31.0 (39243401)|VARIABLE_SCOPE_BEGIN|[157]|tm|Time|false|false
13:06:31.0 (39251537)|VARIABLE_ASSIGNMENT|[157]|tm|52200000
13:06:31.0 (39255903)|STATEMENT_EXECUTE|[153]
13:06:31.0 (39257530)|STATEMENT_EXECUTE|[154]
13:06:31.0 (39259194)|STATEMENT_EXECUTE|[155]
13:06:31.0 (39267928)|STATEMENT_EXECUTE|[157]
13:06:31.0 (39269939)|STATEMENT_EXECUTE|[158]
13:06:31.0 (39281096)|VARIABLE_ASSIGNMENT|[EXTERNAL]|this|{}|0x4287d0f9
13:06:31.0 (39290103)|VARIABLE_ASSIGNMENT|[EXTERNAL]|value|false
13:06:31.0 (39295677)|HEAP_ALLOCATE|[154]|Bytes:5
13:06:31.0 (39301590)|VARIABLE_ASSIGNMENT|[154]|this.selected|false|0x4287d0f9
13:06:31.0 (39308557)|STATEMENT_EXECUTE|[159]
13:06:31.0 (39319469)|VARIABLE_ASSIGNMENT|[EXTERNAL]|this|{"selected":false}|0x4287d0f9
13:06:31.0 (39328060)|VARIABLE_ASSIGNMENT|[EXTERNAL]|value|52200000
13:06:31.0 (39334841)|VARIABLE_ASSIGNMENT|[155]|this.t|52200000|0x4287d0f9
13:06:31.0 (39348121)|CONSTRUCTOR_EXIT|[63]|01p0H000007gCe8|<init>(Boolean,Time)
13:06:31.0 (39357606)|HEAP_ALLOCATE|[EXTERNAL]|Bytes:4
13:06:31.0 (39368804)|HEAP_ALLOCATE|[56]|Bytes:28
13:06:31.0 (39372860)|HEAP_ALLOCATE|[56]|Bytes:28
13:06:31.0 (39390563)|STATEMENT_EXECUTE|[56]
13:06:31.0 (39392511)|STATEMENT_EXECUTE|[57]
13:06:31.0 (39400514)|USER_DEBUG|[57]|DEBUG|14:30:00.000Z
13:06:31.0 (39407440)|STATEMENT_EXECUTE|[58]
13:06:31.0 (39416136)|HEAP_ALLOCATE|[58]|Bytes:4
13:06:31.0 (39429513)|VARIABLE_ASSIGNMENT|[58]|t|54000000
13:06:31.0 (39434674)|STATEMENT_EXECUTE|[59]
13:06:31.0 (39439678)|HEAP_ALLOCATE|[59]|Bytes:28
13:06:31.0 (39452373)|HEAP_ALLOCATE|[59]|Bytes:28
13:06:31.0 (39463149)|VARIABLE_ASSIGNMENT|[59]|i1|3.0
13:06:31.0 (39467214)|STATEMENT_EXECUTE|[60]
13:06:31.0 (39494373)|VARIABLE_ASSIGNMENT|[EXTERNAL]|this|{"aptdum":"0x53d825d3","Docdum":"0x324b00a","Docmap":"0x1827318a","Selecteddoc":"a260H000001koYjQAI","SelectedtimeSlot":30,"timelist":"0x1092062a","timewraplist":"0xed734bf","timewraplistInitial":"0x3a2ac94d"}|0x19f7d4e1
13:06:31.0 (39508768)|HEAP_ALLOCATE|[EXTERNAL]|Bytes:4
13:06:31.0 (39521076)|STATEMENT_EXECUTE|[64]
13:06:31.0 (39522921)|STATEMENT_EXECUTE|[65]
13:06:31.0 (39553032)|VARIABLE_ASSIGNMENT|[EXTERNAL]|this|{"aptdum":"0x53d825d3","Docdum":"0x324b00a","Docmap":"0x1827318a","Selecteddoc":"a260H000001koYjQAI","SelectedtimeSlot":30,"timelist":"0x1092062a","timewraplist":"0xed734bf","timewraplistInitial":"0x3a2ac94d"}|0x19f7d4e1
13:06:31.0 (39566345)|HEAP_ALLOCATE|[65]|Bytes:12
13:06:31.0 (39578812)|CONSTRUCTOR_ENTRY|[65]|01p0H000007gCe8|<init>(Boolean,Time)
13:06:31.0 (39584483)|VARIABLE_SCOPE_BEGIN|[157]|this|docappcontroller.Wrapertimeslot|true|false
13:06:31.0 (39597324)|VARIABLE_ASSIGNMENT|[157]|this|{}|0x6132552
13:06:31.0 (39604265)|VARIABLE_SCOPE_BEGIN|[157]|selection|Boolean|false|false
13:06:31.0 (39612109)|VARIABLE_ASSIGNMENT|[157]|selection|true
13:06:31.0 (39616304)|VARIABLE_SCOPE_BEGIN|[157]|tm|Time|false|false
13:06:31.0 (39628266)|VARIABLE_ASSIGNMENT|[157]|tm|54000000
13:06:31.0 (39632804)|STATEMENT_EXECUTE|[153]
13:06:31.0 (39634476)|STATEMENT_EXECUTE|[154]
13:06:31.0 (39636074)|STATEMENT_EXECUTE|[155]
13:06:31.0 (39645133)|STATEMENT_EXECUTE|[157]
13:06:31.0 (39646690)|STATEMENT_EXECUTE|[158]
13:06:31.0 (39658068)|VARIABLE_ASSIGNMENT|[EXTERNAL]|this|{}|0x6132552
13:06:31.0 (39666677)|VARIABLE_ASSIGNMENT|[EXTERNAL]|value|true
13:06:31.0 (39672167)|HEAP_ALLOCATE|[154]|Bytes:5
13:06:31.0 (39678361)|VARIABLE_ASSIGNMENT|[154]|this.selected|true|0x6132552
13:06:31.0 (39686473)|STATEMENT_EXECUTE|[159]
13:06:31.0 (39697587)|VARIABLE_ASSIGNMENT|[EXTERNAL]|this|{"selected":true}|0x6132552
13:06:31.0 (39706453)|VARIABLE_ASSIGNMENT|[EXTERNAL]|value|54000000
13:06:31.0 (39713616)|VARIABLE_ASSIGNMENT|[155]|this.t|54000000|0x6132552
13:06:31.0 (39726648)|CONSTRUCTOR_EXIT|[65]|01p0H000007gCe8|<init>(Boolean,Time)
13:06:31.0 (39738226)|HEAP_ALLOCATE|[EXTERNAL]|Bytes:4
13:06:31.0 (39749394)|HEAP_ALLOCATE|[56]|Bytes:28
13:06:31.0 (39753948)|HEAP_ALLOCATE|[56]|Bytes:28
13:06:31.0 (39772107)|STATEMENT_EXECUTE|[56]
13:06:31.0 (39774053)|STATEMENT_EXECUTE|[57]
13:06:31.0 (39782696)|USER_DEBUG|[57]|DEBUG|15:00:00.000Z
13:06:31.0 (39790121)|STATEMENT_EXECUTE|[58]
13:06:31.0 (39798914)|HEAP_ALLOCATE|[58]|Bytes:4
13:06:31.0 (39812113)|VARIABLE_ASSIGNMENT|[58]|t|55800000
13:06:31.0 (39816982)|STATEMENT_EXECUTE|[59]
13:06:31.0 (39822063)|HEAP_ALLOCATE|[59]|Bytes:28
13:06:31.0 (39834575)|HEAP_ALLOCATE|[59]|Bytes:28
13:06:31.0 (39846856)|VARIABLE_ASSIGNMENT|[59]|i1|3.5
13:06:31.0 (39851043)|STATEMENT_EXECUTE|[60]
13:06:31.0 (39881251)|VARIABLE_ASSIGNMENT|[EXTERNAL]|this|{"aptdum":"0x53d825d3","Docdum":"0x324b00a","Docmap":"0x1827318a","Selecteddoc":"a260H000001koYjQAI","SelectedtimeSlot":30,"timelist":"0x1092062a","timewraplist":"0xed734bf","timewraplistInitial":"0x3a2ac94d"}|0x19f7d4e1
13:06:31.0 (39897775)|HEAP_ALLOCATE|[EXTERNAL]|Bytes:4
13:06:31.0 (39910629)|STATEMENT_EXECUTE|[64]
13:06:31.0 (39912232)|STATEMENT_EXECUTE|[65]
13:06:31.0 (39934692)|VARIABLE_ASSIGNMENT|[EXTERNAL]|this|{"aptdum":"0x53d825d3","Docdum":"0x324b00a","Docmap":"0x1827318a","Selecteddoc":"a260H000001koYjQAI","SelectedtimeSlot":30,"timelist":"0x1092062a","timewraplist":"0xed734bf","timewraplistInitial":"0x3a2ac94d"}|0x19f7d4e1
13:06:31.0 (39946422)|HEAP_ALLOCATE|[65]|Bytes:12
13:06:31.0 (39957540)|CONSTRUCTOR_ENTRY|[65]|01p0H000007gCe8|<init>(Boolean,Time)
13:06:31.0 (39963083)|VARIABLE_SCOPE_BEGIN|[157]|this|docappcontroller.Wrapertimeslot|true|false
13:06:31.0 (39975522)|VARIABLE_ASSIGNMENT|[157]|this|{}|0x6ebd4c23
13:06:31.0 (39987339)|VARIABLE_SCOPE_BEGIN|[157]|selection|Boolean|false|false
13:06:31.0 (39994873)|VARIABLE_ASSIGNMENT|[157]|selection|true
13:06:31.0 (39998831)|VARIABLE_SCOPE_BEGIN|[157]|tm|Time|false|false
13:06:31.0 (40006514)|VARIABLE_ASSIGNMENT|[157]|tm|55800000
13:06:31.0 (40011587)|STATEMENT_EXECUTE|[153]
13:06:31.0 (40013285)|STATEMENT_EXECUTE|[154]
13:06:31.0 (40014803)|STATEMENT_EXECUTE|[155]
13:06:31.0 (40023850)|STATEMENT_EXECUTE|[157]
13:06:31.0 (40025401)|STATEMENT_EXECUTE|[158]
13:06:31.0 (40037198)|VARIABLE_ASSIGNMENT|[EXTERNAL]|this|{}|0x6ebd4c23
13:06:31.0 (40046078)|VARIABLE_ASSIGNMENT|[EXTERNAL]|value|true
13:06:31.0 (40052079)|HEAP_ALLOCATE|[154]|Bytes:5
13:06:31.0 (40058448)|VARIABLE_ASSIGNMENT|[154]|this.selected|true|0x6ebd4c23
13:06:31.0 (40065591)|STATEMENT_EXECUTE|[159]
13:06:31.0 (40076761)|VARIABLE_ASSIGNMENT|[EXTERNAL]|this|{"selected":true}|0x6ebd4c23
13:06:31.0 (40086038)|VARIABLE_ASSIGNMENT|[EXTERNAL]|value|55800000
13:06:31.0 (40093207)|VARIABLE_ASSIGNMENT|[155]|this.t|55800000|0x6ebd4c23
13:06:31.0 (40106109)|CONSTRUCTOR_EXIT|[65]|01p0H000007gCe8|<init>(Boolean,Time)
13:06:31.0 (40115954)|HEAP_ALLOCATE|[EXTERNAL]|Bytes:4
13:06:31.0 (40127223)|HEAP_ALLOCATE|[56]|Bytes:28
13:06:31.0 (40130916)|HEAP_ALLOCATE|[56]|Bytes:28
13:06:31.0 (40148833)|STATEMENT_EXECUTE|[56]
13:06:31.0 (40150902)|STATEMENT_EXECUTE|[57]
13:06:31.0 (40159800)|USER_DEBUG|[57]|DEBUG|15:30:00.000Z
13:06:31.0 (40166906)|STATEMENT_EXECUTE|[58]
13:06:31.0 (40175579)|HEAP_ALLOCATE|[58]|Bytes:4
13:06:31.0 (40188673)|VARIABLE_ASSIGNMENT|[58]|t|57600000
13:06:31.0 (40193296)|STATEMENT_EXECUTE|[59]
13:06:31.0 (40198284)|HEAP_ALLOCATE|[59]|Bytes:28
13:06:31.0 (40211140)|HEAP_ALLOCATE|[59]|Bytes:28
13:06:31.0 (40222332)|VARIABLE_ASSIGNMENT|[59]|i1|4.0
13:06:31.0 (40227069)|STATEMENT_EXECUTE|[60]
13:06:31.0 (40253646)|VARIABLE_ASSIGNMENT|[EXTERNAL]|this|{"aptdum":"0x53d825d3","Docdum":"0x324b00a","Docmap":"0x1827318a","Selecteddoc":"a260H000001koYjQAI","SelectedtimeSlot":30,"timelist":"0x1092062a","timewraplist":"0xed734bf","timewraplistInitial":"0x3a2ac94d"}|0x19f7d4e1
13:06:31.0 (40268816)|HEAP_ALLOCATE|[EXTERNAL]|Bytes:4
13:06:31.0 (40280864)|STATEMENT_EXECUTE|[64]
13:06:31.0 (40282492)|STATEMENT_EXECUTE|[65]
13:06:31.0 (40304838)|VARIABLE_ASSIGNMENT|[EXTERNAL]|this|{"aptdum":"0x53d825d3","Docdum":"0x324b00a","Docmap":"0x1827318a","Selecteddoc":"a260H000001koYjQAI","SelectedtimeSlot":30,"timelist":"0x1092062a","timewraplist":"0xed734bf","timewraplistInitial":"0x3a2ac94d"}|0x19f7d4e1
13:06:31.0 (40317481)|HEAP_ALLOCATE|[65]|Bytes:12
13:06:31.0 (40328752)|CONSTRUCTOR_ENTRY|[65]|01p0H000007gCe8|<init>(Boolean,Time)
13:06:31.0 (40333884)|VARIABLE_SCOPE_BEGIN|[157]|this|docappcontroller.Wrapertimeslot|true|false
13:06:31.0 (40346696)|VARIABLE_ASSIGNMENT|[157]|this|{}|0x41da5a6a
13:06:31.0 (40353060)|VARIABLE_SCOPE_BEGIN|[157]|selection|Boolean|false|false
13:06:31.0 (40360603)|VARIABLE_ASSIGNMENT|[157]|selection|true
13:06:31.0 (40364727)|VARIABLE_SCOPE_BEGIN|[157]|tm|Time|false|false
13:06:31.0 (40373371)|VARIABLE_ASSIGNMENT|[157]|tm|57600000
13:06:31.0 (40378465)|STATEMENT_EXECUTE|[153]
13:06:31.0 (40380022)|STATEMENT_EXECUTE|[154]
13:06:31.0 (40381550)|STATEMENT_EXECUTE|[155]
13:06:31.0 (40389862)|STATEMENT_EXECUTE|[157]
13:06:31.0 (40391663)|STATEMENT_EXECUTE|[158]
13:06:31.0 (40402257)|VARIABLE_ASSIGNMENT|[EXTERNAL]|this|{}|0x41da5a6a
13:06:31.0 (40411071)|VARIABLE_ASSIGNMENT|[EXTERNAL]|value|true
13:06:31.0 (40416678)|HEAP_ALLOCATE|[154]|Bytes:5
13:06:31.0 (40423357)|VARIABLE_ASSIGNMENT|[154]|this.selected|true|0x41da5a6a
13:06:31.0 (40430746)|STATEMENT_EXECUTE|[159]
13:06:31.0 (40441707)|VARIABLE_ASSIGNMENT|[EXTERNAL]|this|{"selected":true}|0x41da5a6a
13:06:31.0 (40449943)|VARIABLE_ASSIGNMENT|[EXTERNAL]|value|57600000
13:06:31.0 (40456557)|VARIABLE_ASSIGNMENT|[155]|this.t|57600000|0x41da5a6a
13:06:31.0 (40469856)|CONSTRUCTOR_EXIT|[65]|01p0H000007gCe8|<init>(Boolean,Time)
13:06:31.0 (40479191)|HEAP_ALLOCATE|[EXTERNAL]|Bytes:4
13:06:31.0 (40490041)|HEAP_ALLOCATE|[56]|Bytes:28
13:06:31.0 (40494258)|HEAP_ALLOCATE|[56]|Bytes:28
13:06:31.0 (40512316)|STATEMENT_EXECUTE|[56]
13:06:31.0 (40514219)|STATEMENT_EXECUTE|[57]
13:06:31.0 (40521998)|USER_DEBUG|[57]|DEBUG|16:00:00.000Z
13:06:31.0 (40529443)|STATEMENT_EXECUTE|[58]
13:06:31.0 (40538004)|HEAP_ALLOCATE|[58]|Bytes:4
13:06:31.0 (40551433)|VARIABLE_ASSIGNMENT|[58]|t|59400000
13:06:31.0 (40556020)|STATEMENT_EXECUTE|[59]
13:06:31.0 (40561065)|HEAP_ALLOCATE|[59]|Bytes:28
13:06:31.0 (40573939)|HEAP_ALLOCATE|[59]|Bytes:28
13:06:31.0 (40585465)|VARIABLE_ASSIGNMENT|[59]|i1|4.5
13:06:31.0 (40590712)|STATEMENT_EXECUTE|[60]
13:06:31.0 (40617922)|VARIABLE_ASSIGNMENT|[EXTERNAL]|this|{"aptdum":"0x53d825d3","Docdum":"0x324b00a","Docmap":"0x1827318a","Selecteddoc":"a260H000001koYjQAI","SelectedtimeSlot":30,"timelist":"0x1092062a","timewraplist":"0xed734bf","timewraplistInitial":"0x3a2ac94d"}|0x19f7d4e1
13:06:31.0 (40632712)|HEAP_ALLOCATE|[EXTERNAL]|Bytes:4
13:06:31.0 (40645220)|STATEMENT_EXECUTE|[64]
13:06:31.0 (40646861)|STATEMENT_EXECUTE|[65]
13:06:31.0 (40668277)|VARIABLE_ASSIGNMENT|[EXTERNAL]|this|{"aptdum":"0x53d825d3","Docdum":"0x324b00a","Docmap":"0x1827318a","Selecteddoc":"a260H000001koYjQAI","SelectedtimeSlot":30,"timelist":"0x1092062a","timewraplist":"0xed734bf","timewraplistInitial":"0x3a2ac94d"}|0x19f7d4e1
13:06:31.0 (40679807)|HEAP_ALLOCATE|[65]|Bytes:12
13:06:31.0 (40690530)|CONSTRUCTOR_ENTRY|[65]|01p0H000007gCe8|<init>(Boolean,Time)
13:06:31.0 (40695978)|VARIABLE_SCOPE_BEGIN|[157]|this|docappcontroller.Wrapertimeslot|true|false
13:06:31.0 (40708619)|VARIABLE_ASSIGNMENT|[157]|this|{}|0x7bc4a0bd
13:06:31.0 (40715434)|VARIABLE_SCOPE_BEGIN|[157]|selection|Boolean|false|false
13:06:31.0 (40723867)|VARIABLE_ASSIGNMENT|[157]|selection|true
13:06:31.0 (40727383)|VARIABLE_SCOPE_BEGIN|[157]|tm|Time|false|false
13:06:31.0 (40734609)|VARIABLE_ASSIGNMENT|[157]|tm|59400000
13:06:31.0 (40739139)|STATEMENT_EXECUTE|[153]
13:06:31.0 (40740724)|STATEMENT_EXECUTE|[154]
13:06:31.0 (40742320)|STATEMENT_EXECUTE|[155]
13:06:31.0 (40750714)|STATEMENT_EXECUTE|[157]
13:06:31.0 (40752315)|STATEMENT_EXECUTE|[158]
13:06:31.0 (40763261)|VARIABLE_ASSIGNMENT|[EXTERNAL]|this|{}|0x7bc4a0bd
13:06:31.0 (40772146)|VARIABLE_ASSIGNMENT|[EXTERNAL]|value|true
13:06:31.0 (40778018)|HEAP_ALLOCATE|[154]|Bytes:5
13:06:31.0 (40784401)|VARIABLE_ASSIGNMENT|[154]|this.selected|true|0x7bc4a0bd
13:06:31.0 (40791586)|STATEMENT_EXECUTE|[159]
13:06:31.0 (40802979)|VARIABLE_ASSIGNMENT|[EXTERNAL]|this|{"selected":true}|0x7bc4a0bd
13:06:31.0 (40811957)|VARIABLE_ASSIGNMENT|[EXTERNAL]|value|59400000
13:06:31.0 (40819026)|VARIABLE_ASSIGNMENT|[155]|this.t|59400000|0x7bc4a0bd
13:06:31.0 (40832185)|CONSTRUCTOR_EXIT|[65]|01p0H000007gCe8|<init>(Boolean,Time)
13:06:31.0 (40841228)|HEAP_ALLOCATE|[EXTERNAL]|Bytes:4
13:06:31.0 (40852906)|HEAP_ALLOCATE|[56]|Bytes:28
13:06:31.0 (40856685)|HEAP_ALLOCATE|[56]|Bytes:28
13:06:31.0 (40874171)|STATEMENT_EXECUTE|[56]
13:06:31.0 (40876291)|STATEMENT_EXECUTE|[57]
13:06:31.0 (40884348)|USER_DEBUG|[57]|DEBUG|16:30:00.000Z
13:06:31.0 (40890948)|STATEMENT_EXECUTE|[58]
13:06:31.0 (40899615)|HEAP_ALLOCATE|[58]|Bytes:4
13:06:31.0 (40912182)|VARIABLE_ASSIGNMENT|[58]|t|61200000
13:06:31.0 (40916393)|STATEMENT_EXECUTE|[59]
13:06:31.0 (40921420)|HEAP_ALLOCATE|[59]|Bytes:28
13:06:31.0 (40933705)|HEAP_ALLOCATE|[59]|Bytes:28
13:06:31.0 (40944590)|VARIABLE_ASSIGNMENT|[59]|i1|5.0
13:06:31.0 (40948634)|STATEMENT_EXECUTE|[60]
13:06:31.0 (40975511)|VARIABLE_ASSIGNMENT|[EXTERNAL]|this|{"aptdum":"0x53d825d3","Docdum":"0x324b00a","Docmap":"0x1827318a","Selecteddoc":"a260H000001koYjQAI","SelectedtimeSlot":30,"timelist":"0x1092062a","timewraplist":"0xed734bf","timewraplistInitial":"0x3a2ac94d"}|0x19f7d4e1
13:06:31.0 (40995415)|HEAP_ALLOCATE|[EXTERNAL]|Bytes:4
13:06:31.0 (41008270)|STATEMENT_EXECUTE|[62]
13:06:31.0 (41010835)|STATEMENT_EXECUTE|[63]
13:06:31.0 (41034125)|VARIABLE_ASSIGNMENT|[EXTERNAL]|this|{"aptdum":"0x53d825d3","Docdum":"0x324b00a","Docmap":"0x1827318a","Selecteddoc":"a260H000001koYjQAI","SelectedtimeSlot":30,"timelist":"0x1092062a","timewraplist":"0xed734bf","timewraplistInitial":"0x3a2ac94d"}|0x19f7d4e1
13:06:31.0 (41046778)|HEAP_ALLOCATE|[63]|Bytes:12
13:06:31.0 (41058560)|CONSTRUCTOR_ENTRY|[63]|01p0H000007gCe8|<init>(Boolean,Time)
13:06:31.0 (41063605)|VARIABLE_SCOPE_BEGIN|[157]|this|docappcontroller.Wrapertimeslot|true|false
13:06:31.0 (41076290)|VARIABLE_ASSIGNMENT|[157]|this|{}|0x22bf132d
13:06:31.0 (41082636)|VARIABLE_SCOPE_BEGIN|[157]|selection|Boolean|false|false
13:06:31.0 (41089843)|VARIABLE_ASSIGNMENT|[157]|selection|false
13:06:31.0 (41093454)|VARIABLE_SCOPE_BEGIN|[157]|tm|Time|false|false
13:06:31.0 (41100899)|VARIABLE_ASSIGNMENT|[157]|tm|61200000
13:06:31.0 (41105946)|STATEMENT_EXECUTE|[153]
13:06:31.0 (41107458)|STATEMENT_EXECUTE|[154]
13:06:31.0 (41109105)|STATEMENT_EXECUTE|[155]
13:06:31.0 (41117824)|STATEMENT_EXECUTE|[157]
13:06:31.0 (41119383)|STATEMENT_EXECUTE|[158]
13:06:31.0 (41130694)|VARIABLE_ASSIGNMENT|[EXTERNAL]|this|{}|0x22bf132d
13:06:31.0 (41139630)|VARIABLE_ASSIGNMENT|[EXTERNAL]|value|false
13:06:31.0 (41145562)|HEAP_ALLOCATE|[154]|Bytes:5
13:06:31.0 (41151622)|VARIABLE_ASSIGNMENT|[154]|this.selected|false|0x22bf132d
13:06:31.0 (41159611)|STATEMENT_EXECUTE|[159]
13:06:31.0 (41170894)|VARIABLE_ASSIGNMENT|[EXTERNAL]|this|{"selected":false}|0x22bf132d
13:06:31.0 (41180210)|VARIABLE_ASSIGNMENT|[EXTERNAL]|value|61200000
13:06:31.0 (41187591)|VARIABLE_ASSIGNMENT|[155]|this.t|61200000|0x22bf132d
13:06:31.0 (41200617)|CONSTRUCTOR_EXIT|[63]|01p0H000007gCe8|<init>(Boolean,Time)
13:06:31.0 (41209980)|HEAP_ALLOCATE|[EXTERNAL]|Bytes:4
13:06:31.0 (41221484)|HEAP_ALLOCATE|[56]|Bytes:28
13:06:31.0 (41225615)|HEAP_ALLOCATE|[56]|Bytes:28
13:06:31.0 (41243653)|STATEMENT_EXECUTE|[56]
13:06:31.0 (41245583)|STATEMENT_EXECUTE|[57]
13:06:31.0 (41253273)|USER_DEBUG|[57]|DEBUG|17:00:00.000Z
13:06:31.0 (41260495)|STATEMENT_EXECUTE|[58]
13:06:31.0 (41269223)|HEAP_ALLOCATE|[58]|Bytes:4
13:06:31.0 (41282060)|VARIABLE_ASSIGNMENT|[58]|t|63000000
13:06:31.0 (41286844)|STATEMENT_EXECUTE|[59]
13:06:31.0 (41291878)|HEAP_ALLOCATE|[59]|Bytes:28
13:06:31.0 (41304410)|HEAP_ALLOCATE|[59]|Bytes:28
13:06:31.0 (41315957)|VARIABLE_ASSIGNMENT|[59]|i1|5.5
13:06:31.0 (41320751)|STATEMENT_EXECUTE|[60]
13:06:31.0 (41347796)|VARIABLE_ASSIGNMENT|[EXTERNAL]|this|{"aptdum":"0x53d825d3","Docdum":"0x324b00a","Docmap":"0x1827318a","Selecteddoc":"a260H000001koYjQAI","SelectedtimeSlot":30,"timelist":"0x1092062a","timewraplist":"0xed734bf","timewraplistInitial":"0x3a2ac94d"}|0x19f7d4e1
13:06:31.0 (41362544)|HEAP_ALLOCATE|[EXTERNAL]|Bytes:4
13:06:31.0 (41375076)|STATEMENT_EXECUTE|[62]
13:06:31.0 (41376904)|STATEMENT_EXECUTE|[63]
13:06:31.0 (41399536)|VARIABLE_ASSIGNMENT|[EXTERNAL]|this|{"aptdum":"0x53d825d3","Docdum":"0x324b00a","Docmap":"0x1827318a","Selecteddoc":"a260H000001koYjQAI","SelectedtimeSlot":30,"timelist":"0x1092062a","timewraplist":"0xed734bf","timewraplistInitial":"0x3a2ac94d"}|0x19f7d4e1
13:06:31.0 (41411330)|HEAP_ALLOCATE|[63]|Bytes:12
13:06:31.0 (41422075)|CONSTRUCTOR_ENTRY|[63]|01p0H000007gCe8|<init>(Boolean,Time)
13:06:31.0 (41427205)|VARIABLE_SCOPE_BEGIN|[157]|this|docappcontroller.Wrapertimeslot|true|false
13:06:31.0 (41440680)|VARIABLE_ASSIGNMENT|[157]|this|{}|0x2a50b770
13:06:31.0 (41446802)|VARIABLE_SCOPE_BEGIN|[157]|selection|Boolean|false|false
13:06:31.0 (41453863)|VARIABLE_ASSIGNMENT|[157]|selection|false
13:06:31.0 (41457553)|VARIABLE_SCOPE_BEGIN|[157]|tm|Time|false|false
13:06:31.0 (41465710)|VARIABLE_ASSIGNMENT|[157]|tm|63000000
13:06:31.0 (41470517)|STATEMENT_EXECUTE|[153]
13:06:31.0 (41472017)|STATEMENT_EXECUTE|[154]
13:06:31.0 (41473704)|STATEMENT_EXECUTE|[155]
13:06:31.0 (41482272)|STATEMENT_EXECUTE|[157]
13:06:31.0 (41483836)|STATEMENT_EXECUTE|[158]
13:06:31.0 (41494787)|VARIABLE_ASSIGNMENT|[EXTERNAL]|this|{}|0x2a50b770
13:06:31.0 (41503415)|VARIABLE_ASSIGNMENT|[EXTERNAL]|value|false
13:06:31.0 (41509049)|HEAP_ALLOCATE|[154]|Bytes:5
13:06:31.0 (41514992)|VARIABLE_ASSIGNMENT|[154]|this.selected|false|0x2a50b770
13:06:31.0 (41522717)|STATEMENT_EXECUTE|[159]
13:06:31.0 (41533572)|VARIABLE_ASSIGNMENT|[EXTERNAL]|this|{"selected":false}|0x2a50b770
13:06:31.0 (41542943)|VARIABLE_ASSIGNMENT|[EXTERNAL]|value|63000000
13:06:31.0 (41549787)|VARIABLE_ASSIGNMENT|[155]|this.t|63000000|0x2a50b770
13:06:31.0 (41562686)|CONSTRUCTOR_EXIT|[63]|01p0H000007gCe8|<init>(Boolean,Time)
13:06:31.0 (41571875)|HEAP_ALLOCATE|[EXTERNAL]|Bytes:4
13:06:31.0 (41582903)|HEAP_ALLOCATE|[56]|Bytes:28
13:06:31.0 (41586655)|HEAP_ALLOCATE|[56]|Bytes:28
13:06:31.0 (41604373)|STATEMENT_EXECUTE|[56]
13:06:31.0 (41606169)|STATEMENT_EXECUTE|[57]
13:06:31.0 (41613898)|USER_DEBUG|[57]|DEBUG|17:30:00.000Z
13:06:31.0 (41620707)|STATEMENT_EXECUTE|[58]
13:06:31.0 (41629110)|HEAP_ALLOCATE|[58]|Bytes:4
13:06:31.0 (41670859)|VARIABLE_ASSIGNMENT|[58]|t|64800000
13:06:31.0 (41676242)|STATEMENT_EXECUTE|[59]
13:06:31.0 (41682234)|HEAP_ALLOCATE|[59]|Bytes:28
13:06:31.0 (41713455)|HEAP_ALLOCATE|[59]|Bytes:28
13:06:31.0 (41726795)|VARIABLE_ASSIGNMENT|[59]|i1|6.0
13:06:31.0 (41749468)|STATEMENT_EXECUTE|[60]
13:06:31.0 (41779093)|VARIABLE_ASSIGNMENT|[EXTERNAL]|this|{"aptdum":"0x53d825d3","Docdum":"0x324b00a","Docmap":"0x1827318a","Selecteddoc":"a260H000001koYjQAI","SelectedtimeSlot":30,"timelist":"0x1092062a","timewraplist":"0xed734bf","timewraplistInitial":"0x3a2ac94d"}|0x19f7d4e1
13:06:31.0 (41795094)|HEAP_ALLOCATE|[EXTERNAL]|Bytes:4
13:06:31.0 (41807781)|STATEMENT_EXECUTE|[62]
13:06:31.0 (41809344)|STATEMENT_EXECUTE|[63]
13:06:31.0 (41831617)|VARIABLE_ASSIGNMENT|[EXTERNAL]|this|{"aptdum":"0x53d825d3","Docdum":"0x324b00a","Docmap":"0x1827318a","Selecteddoc":"a260H000001koYjQAI","SelectedtimeSlot":30,"timelist":"0x1092062a","timewraplist":"0xed734bf","timewraplistInitial":"0x3a2ac94d"}|0x19f7d4e1
13:06:31.0 (41843870)|HEAP_ALLOCATE|[63]|Bytes:12
13:06:31.0 (41856336)|CONSTRUCTOR_ENTRY|[63]|01p0H000007gCe8|<init>(Boolean,Time)
13:06:31.0 (41862172)|VARIABLE_SCOPE_BEGIN|[157]|this|docappcontroller.Wrapertimeslot|true|false
13:06:31.0 (41878117)|VARIABLE_ASSIGNMENT|[157]|this|{}|0x58275b54
13:06:31.0 (41889257)|VARIABLE_SCOPE_BEGIN|[157]|selection|Boolean|false|false
13:06:31.0 (41897777)|VARIABLE_ASSIGNMENT|[157]|selection|false
13:06:31.0 (41902270)|VARIABLE_SCOPE_BEGIN|[157]|tm|Time|false|false
13:06:31.0 (41910552)|VARIABLE_ASSIGNMENT|[157]|tm|64800000
13:06:31.0 (41915487)|STATEMENT_EXECUTE|[153]
13:06:31.0 (41917136)|STATEMENT_EXECUTE|[154]
13:06:31.0 (41918647)|STATEMENT_EXECUTE|[155]
13:06:31.0 (41927550)|STATEMENT_EXECUTE|[157]
13:06:31.0 (41929056)|STATEMENT_EXECUTE|[158]
13:06:31.0 (41940509)|VARIABLE_ASSIGNMENT|[EXTERNAL]|this|{}|0x58275b54
13:06:31.0 (41949452)|VARIABLE_ASSIGNMENT|[EXTERNAL]|value|false
13:06:31.0 (41954662)|HEAP_ALLOCATE|[154]|Bytes:5
13:06:31.0 (41960933)|VARIABLE_ASSIGNMENT|[154]|this.selected|false|0x58275b54
13:06:31.0 (41970925)|STATEMENT_EXECUTE|[159]
13:06:31.0 (41987387)|VARIABLE_ASSIGNMENT|[EXTERNAL]|this|{"selected":false}|0x58275b54
13:06:31.0 (41997172)|VARIABLE_ASSIGNMENT|[EXTERNAL]|value|64800000
13:06:31.0 (42004422)|VARIABLE_ASSIGNMENT|[155]|this.t|64800000|0x58275b54
13:06:31.0 (42020043)|CONSTRUCTOR_EXIT|[63]|01p0H000007gCe8|<init>(Boolean,Time)
13:06:31.0 (42030234)|HEAP_ALLOCATE|[EXTERNAL]|Bytes:4
13:06:31.0 (42041479)|HEAP_ALLOCATE|[56]|Bytes:28
13:06:31.0 (42045434)|HEAP_ALLOCATE|[56]|Bytes:28
13:06:31.0 (42064079)|STATEMENT_EXECUTE|[56]
13:06:31.0 (42065880)|STATEMENT_EXECUTE|[57]
13:06:31.0 (42074259)|USER_DEBUG|[57]|DEBUG|18:00:00.000Z
13:06:31.0 (42081568)|STATEMENT_EXECUTE|[58]
13:06:31.0 (42090482)|HEAP_ALLOCATE|[58]|Bytes:4
13:06:31.0 (42104580)|VARIABLE_ASSIGNMENT|[58]|t|66600000
13:06:31.0 (42109200)|STATEMENT_EXECUTE|[59]
13:06:31.0 (42114399)|HEAP_ALLOCATE|[59]|Bytes:28
13:06:31.0 (42127100)|HEAP_ALLOCATE|[59]|Bytes:28
13:06:31.0 (42138679)|VARIABLE_ASSIGNMENT|[59]|i1|6.5
13:06:31.0 (42143744)|STATEMENT_EXECUTE|[60]
13:06:31.0 (42170590)|VARIABLE_ASSIGNMENT|[EXTERNAL]|this|{"aptdum":"0x53d825d3","Docdum":"0x324b00a","Docmap":"0x1827318a","Selecteddoc":"a260H000001koYjQAI","SelectedtimeSlot":30,"timelist":"0x1092062a","timewraplist":"0xed734bf","timewraplistInitial":"0x3a2ac94d"}|0x19f7d4e1
13:06:31.0 (42185921)|HEAP_ALLOCATE|[EXTERNAL]|Bytes:4
13:06:31.0 (42198496)|STATEMENT_EXECUTE|[62]
13:06:31.0 (42200079)|STATEMENT_EXECUTE|[63]
13:06:31.0 (42221994)|VARIABLE_ASSIGNMENT|[EXTERNAL]|this|{"aptdum":"0x53d825d3","Docdum":"0x324b00a","Docmap":"0x1827318a","Selecteddoc":"a260H000001koYjQAI","SelectedtimeSlot":30,"timelist":"0x1092062a","timewraplist":"0xed734bf","timewraplistInitial":"0x3a2ac94d"}|0x19f7d4e1
13:06:31.0 (42234380)|HEAP_ALLOCATE|[63]|Bytes:12
13:06:31.0 (42245375)|CONSTRUCTOR_ENTRY|[63]|01p0H000007gCe8|<init>(Boolean,Time)
13:06:31.0 (42253886)|VARIABLE_SCOPE_BEGIN|[157]|this|docappcontroller.Wrapertimeslot|true|false
13:06:31.0 (42267573)|VARIABLE_ASSIGNMENT|[157]|this|{}|0x6a310dcf
13:06:31.0 (42274301)|VARIABLE_SCOPE_BEGIN|[157]|selection|Boolean|false|false
13:06:31.0 (42281901)|VARIABLE_ASSIGNMENT|[157]|selection|false
13:06:31.0 (42285548)|VARIABLE_SCOPE_BEGIN|[157]|tm|Time|false|false
13:06:31.0 (42293530)|VARIABLE_ASSIGNMENT|[157]|tm|66600000
13:06:31.0 (42298413)|STATEMENT_EXECUTE|[153]
13:06:31.0 (42299892)|STATEMENT_EXECUTE|[154]
13:06:31.0 (42301451)|STATEMENT_EXECUTE|[155]
13:06:31.0 (42310011)|STATEMENT_EXECUTE|[157]
13:06:31.0 (42311599)|STATEMENT_EXECUTE|[158]
13:06:31.0 (42322602)|VARIABLE_ASSIGNMENT|[EXTERNAL]|this|{}|0x6a310dcf
13:06:31.0 (42331849)|VARIABLE_ASSIGNMENT|[EXTERNAL]|value|false
13:06:31.0 (42336598)|HEAP_ALLOCATE|[154]|Bytes:5
13:06:31.0 (42343140)|VARIABLE_ASSIGNMENT|[154]|this.selected|false|0x6a310dcf
13:06:31.0 (42349949)|STATEMENT_EXECUTE|[159]
13:06:31.0 (42361068)|VARIABLE_ASSIGNMENT|[EXTERNAL]|this|{"selected":false}|0x6a310dcf
13:06:31.0 (42369827)|VARIABLE_ASSIGNMENT|[EXTERNAL]|value|66600000
13:06:31.0 (42376748)|VARIABLE_ASSIGNMENT|[155]|this.t|66600000|0x6a310dcf
13:06:31.0 (42389552)|CONSTRUCTOR_EXIT|[63]|01p0H000007gCe8|<init>(Boolean,Time)
13:06:31.0 (42399371)|HEAP_ALLOCATE|[EXTERNAL]|Bytes:4
13:06:31.0 (42410003)|HEAP_ALLOCATE|[56]|Bytes:28
13:06:31.0 (42413986)|HEAP_ALLOCATE|[56]|Bytes:28
13:06:31.0 (42432552)|STATEMENT_EXECUTE|[56]
13:06:31.0 (42434356)|STATEMENT_EXECUTE|[57]
13:06:31.0 (42442150)|USER_DEBUG|[57]|DEBUG|18:30:00.000Z
13:06:31.0 (42449747)|STATEMENT_EXECUTE|[58]
13:06:31.0 (42458270)|HEAP_ALLOCATE|[58]|Bytes:4
13:06:31.0 (42471643)|VARIABLE_ASSIGNMENT|[58]|t|68400000
13:06:31.0 (42475956)|STATEMENT_EXECUTE|[59]
13:06:31.0 (42481396)|HEAP_ALLOCATE|[59]|Bytes:28
13:06:31.0 (42494661)|HEAP_ALLOCATE|[59]|Bytes:28
13:06:31.0 (42506218)|VARIABLE_ASSIGNMENT|[59]|i1|7.0
13:06:31.0 (42511261)|STATEMENT_EXECUTE|[60]
13:06:31.0 (42539482)|VARIABLE_ASSIGNMENT|[EXTERNAL]|this|{"aptdum":"0x53d825d3","Docdum":"0x324b00a","Docmap":"0x1827318a","Selecteddoc":"a260H000001koYjQAI","SelectedtimeSlot":30,"timelist":"0x1092062a","timewraplist":"0xed734bf","timewraplistInitial":"0x3a2ac94d"}|0x19f7d4e1
13:06:31.0 (42553607)|HEAP_ALLOCATE|[EXTERNAL]|Bytes:4
13:06:31.0 (42565629)|STATEMENT_EXECUTE|[62]
13:06:31.0 (42567204)|STATEMENT_EXECUTE|[63]
13:06:31.0 (42588844)|VARIABLE_ASSIGNMENT|[EXTERNAL]|this|{"aptdum":"0x53d825d3","Docdum":"0x324b00a","Docmap":"0x1827318a","Selecteddoc":"a260H000001koYjQAI","SelectedtimeSlot":30,"timelist":"0x1092062a","timewraplist":"0xed734bf","timewraplistInitial":"0x3a2ac94d"}|0x19f7d4e1
13:06:31.0 (42600512)|HEAP_ALLOCATE|[63]|Bytes:12
13:06:31.0 (42611363)|CONSTRUCTOR_ENTRY|[63]|01p0H000007gCe8|<init>(Boolean,Time)
13:06:31.0 (42616936)|VARIABLE_SCOPE_BEGIN|[157]|this|docappcontroller.Wrapertimeslot|true|false
13:06:31.0 (42629623)|VARIABLE_ASSIGNMENT|[157]|this|{}|0x19cfd5ea
13:06:31.0 (42635929)|VARIABLE_SCOPE_BEGIN|[157]|selection|Boolean|false|false
13:06:31.0 (42644059)|VARIABLE_ASSIGNMENT|[157]|selection|false
13:06:31.0 (42647829)|VARIABLE_SCOPE_BEGIN|[157]|tm|Time|false|false
13:06:31.0 (42655391)|VARIABLE_ASSIGNMENT|[157]|tm|68400000
13:06:31.0 (42659832)|STATEMENT_EXECUTE|[153]
13:06:31.0 (42661380)|STATEMENT_EXECUTE|[154]
13:06:31.0 (42662896)|STATEMENT_EXECUTE|[155]
13:06:31.0 (42671325)|STATEMENT_EXECUTE|[157]
13:06:31.0 (42672841)|STATEMENT_EXECUTE|[158]
13:06:31.0 (42683576)|VARIABLE_ASSIGNMENT|[EXTERNAL]|this|{}|0x19cfd5ea
13:06:31.0 (42693257)|VARIABLE_ASSIGNMENT|[EXTERNAL]|value|false
13:06:31.0 (42698429)|HEAP_ALLOCATE|[154]|Bytes:5
13:06:31.0 (42704511)|VARIABLE_ASSIGNMENT|[154]|this.selected|false|0x19cfd5ea
13:06:31.0 (42711708)|STATEMENT_EXECUTE|[159]
13:06:31.0 (42722735)|VARIABLE_ASSIGNMENT|[EXTERNAL]|this|{"selected":false}|0x19cfd5ea
13:06:31.0 (42731348)|VARIABLE_ASSIGNMENT|[EXTERNAL]|value|68400000
13:06:31.0 (42738348)|VARIABLE_ASSIGNMENT|[155]|this.t|68400000|0x19cfd5ea
13:06:31.0 (42751637)|CONSTRUCTOR_EXIT|[63]|01p0H000007gCe8|<init>(Boolean,Time)
13:06:31.0 (42760497)|HEAP_ALLOCATE|[EXTERNAL]|Bytes:4
13:06:31.0 (42771724)|HEAP_ALLOCATE|[56]|Bytes:28
13:06:31.0 (42775764)|HEAP_ALLOCATE|[56]|Bytes:28
13:06:31.0 (42798626)|HEAP_ALLOCATE|[71]|Bytes:28
13:06:31.0 (42802717)|HEAP_ALLOCATE|[71]|Bytes:28
13:06:31.0 (42808426)|HEAP_ALLOCATE|[71]|Bytes:28
13:06:31.0 (42832052)|HEAP_ALLOCATE|[71]|Bytes:28
13:06:31.0 (42855407)|STATEMENT_EXECUTE|[71]
13:06:31.0 (42857845)|STATEMENT_EXECUTE|[77]
13:06:31.0 (42891096)|VARIABLE_ASSIGNMENT|[EXTERNAL]|this|{"aptdum":"0x53d825d3","Docdum":"0x324b00a","Docmap":"0x1827318a","Selecteddoc":"a260H000001koYjQAI","SelectedtimeSlot":30,"timelist":"0x1092062a","timewraplist":"0xed734bf","timewraplistInitial":"0x3a2ac94d"}|0x19f7d4e1
13:06:31.0 (42911423)|VARIABLE_ASSIGNMENT|[77]|this.timewraplistInitial|"List of size 15 too large to display"|0x19f7d4e1
13:06:31.0 (42917931)|STATEMENT_EXECUTE|[79]
13:06:31.46 (46183576)|SYSTEM_MODE_ENTER|true
13:06:31.46 (46246901)|HEAP_ALLOCATE|[EXTERNAL]|Bytes:8
13:06:31.46 (46255309)|VARIABLE_SCOPE_BEGIN|[88]|this|ApexPage.PageMessagesComponentController|true|false
13:06:31.46 (46278363)|VARIABLE_ASSIGNMENT|[88]|this|{}|0x743d126c
13:06:31.46 (46284990)|VARIABLE_SCOPE_BEGIN|[88]|escape|Boolean|false|false
13:06:31.46 (46292716)|VARIABLE_ASSIGNMENT|[88]|escape|null
13:06:31.46 (46382309)|SYSTEM_MODE_ENTER|true
13:06:31.46 (46415168)|HEAP_ALLOCATE|[EXTERNAL]|Bytes:8
13:06:31.46 (46421828)|VARIABLE_SCOPE_BEGIN|[2]|this|ApexPage.PageMessagesComponentController|true|false
13:06:31.46 (46439265)|VARIABLE_ASSIGNMENT|[2]|this|{}|0x743d126c
13:06:31.0 (46753479)|SYSTEM_MODE_ENTER|true
13:06:31.0 (47159867)|SYSTEM_MODE_ENTER|true
13:06:31.0 (47466049)|SYSTEM_MODE_ENTER|true
13:06:31.0 (47539818)|SYSTEM_MODE_ENTER|true
13:06:31.68 (68417520)|SYSTEM_MODE_ENTER|true
13:06:31.68 (68486596)|HEAP_ALLOCATE|[EXTERNAL]|Bytes:8
13:06:31.68 (68496755)|VARIABLE_SCOPE_BEGIN|[88]|this|ApexPage.PageMessagesComponentController|true|false
13:06:31.68 (68525532)|VARIABLE_ASSIGNMENT|[88]|this|{}|0x743d126c
13:06:31.68 (68532569)|VARIABLE_SCOPE_BEGIN|[88]|escape|Boolean|false|false
13:06:31.68 (68542411)|VARIABLE_ASSIGNMENT|[88]|escape|null
13:06:31.68 (68662456)|SYSTEM_MODE_ENTER|true
13:06:31.68 (68697222)|HEAP_ALLOCATE|[EXTERNAL]|Bytes:8
13:06:31.68 (68703540)|VARIABLE_SCOPE_BEGIN|[2]|this|ApexPage.PageMessagesComponentController|true|false
13:06:31.68 (68721311)|VARIABLE_ASSIGNMENT|[2]|this|{}|0x743d126c
13:06:31.0 (70139348)|SYSTEM_MODE_ENTER|true
13:06:31.0 (70183140)|HEAP_ALLOCATE|[EXTERNAL]|Bytes:40
13:06:31.0 (70191217)|VARIABLE_SCOPE_BEGIN|[112]|this|docappcontroller|true|false
13:06:31.0 (70234307)|VARIABLE_ASSIGNMENT|[112]|this|{"aptdum":"0x53d825d3","Docdum":"0x324b00a","Docmap":"0x1827318a","Selecteddoc":"a260H000001koYjQAI","SelectedtimeSlot":30,"timelist":"0x1092062a","timewraplist":"0xed734bf","timewraplistInitial":"0xed734bf"}|0x19f7d4e1
13:06:31.0 (70247295)|STATEMENT_EXECUTE|[112]
13:06:31.0 (70249490)|STATEMENT_EXECUTE|[114]
13:06:31.0 (70261202)|HEAP_ALLOCATE|[114]|Bytes:4
13:06:31.0 (70277642)|VARIABLE_SCOPE_BEGIN|[114]|options|List<System.SelectOption>|true|false
13:06:31.0 (70301320)|HEAP_ALLOCATE|[EXTERNAL]|Bytes:4
13:06:31.0 (70310917)|VARIABLE_ASSIGNMENT|[114]|options|[]|0x732d74c0
13:06:31.0 (70316267)|STATEMENT_EXECUTE|[115]
13:06:31.0 (70337285)|HEAP_ALLOCATE|[EXTERNAL]|Bytes:4
13:06:31.0 (70375897)|VARIABLE_ASSIGNMENT|[EXTERNAL]|this|{"aptdum":"0x53d825d3","Docdum":"0x324b00a","Docmap":"0x1827318a","Selecteddoc":"a260H000001koYjQAI","SelectedtimeSlot":30,"timelist":"0x1092062a","timewraplist":"0xed734bf","timewraplistInitial":"0xed734bf"}|0x19f7d4e1
13:06:31.0 (70389928)|STATEMENT_EXECUTE|[116]
13:06:31.0 (70412063)|VARIABLE_ASSIGNMENT|[EXTERNAL]|this|{"aptdum":"0x53d825d3","Docdum":"0x324b00a","Docmap":"0x1827318a","Selecteddoc":"a260H000001koYjQAI","SelectedtimeSlot":30,"timelist":"0x1092062a","timewraplist":"0xed734bf","timewraplistInitial":"0xed734bf"}|0x19f7d4e1
13:06:31.0 (70432994)|HEAP_ALLOCATE|[EXTERNAL]|Bytes:12
13:06:31.0 (70447480)|HEAP_ALLOCATE|[117]|Bytes:237
13:06:31.0 (70470473)|HEAP_ALLOCATE|[117]|Bytes:5
13:06:31.0 (70484341)|HEAP_ALLOCATE|[117]|Bytes:24
13:06:31.0 (70492646)|VARIABLE_SCOPE_BEGIN|[117]|doc|Doctor__c|true|false
13:06:31.0 (70515646)|VARIABLE_ASSIGNMENT|[117]|doc|{"Id":"a260H000001koYjQAI","Name":"doc 2","End_Time__c":68400000,"Speciality__c":"General Surgery","Start_Time__c":43200000}|0x77f3940e
13:06:31.0 (70522830)|STATEMENT_EXECUTE|[117]
13:06:31.0 (70524668)|STATEMENT_EXECUTE|[118]
13:06:31.0 (70537160)|HEAP_ALLOCATE|[118]|Bytes:18
13:06:31.0 (70551811)|HEAP_ALLOCATE|[EXTERNAL]|Bytes:4
13:06:31.0 (70563653)|HEAP_ALLOCATE|[117]|Bytes:5
13:06:31.0 (70572715)|HEAP_ALLOCATE|[117]|Bytes:24
13:06:31.0 (70577857)|VARIABLE_SCOPE_BEGIN|[117]|doc|Doctor__c|true|false
13:06:31.0 (70591894)|VARIABLE_ASSIGNMENT|[117]|doc|{"Id":"a260H000001koYeQAI","Name":"Doc1","End_Time__c":64800000,"Speciality__c":"General Surgery","Start_Time__c":32400000}|0x68d79660
13:06:31.0 (70598296)|STATEMENT_EXECUTE|[117]
13:06:31.0 (70599791)|STATEMENT_EXECUTE|[118]
13:06:31.0 (70605589)|HEAP_ALLOCATE|[118]|Bytes:18
13:06:31.0 (70616054)|HEAP_ALLOCATE|[EXTERNAL]|Bytes:4
13:06:31.0 (70626289)|HEAP_ALLOCATE|[117]|Bytes:5
13:06:31.0 (70635484)|VARIABLE_ASSIGNMENT|[117]|doc|null|
13:06:31.0 (70640427)|STATEMENT_EXECUTE|[124]
13:06:31.0 (70813291)|SYSTEM_MODE_ENTER|true
13:06:31.0 (74093593)|SYSTEM_MODE_ENTER|true
13:06:31.0 (74135049)|HEAP_ALLOCATE|[EXTERNAL]|Bytes:40
13:06:31.0 (74143118)|VARIABLE_SCOPE_BEGIN|[129]|this|docappcontroller|true|false
13:06:31.0 (74179011)|VARIABLE_ASSIGNMENT|[129]|this|{"aptdum":"0x53d825d3","Docdum":"0x324b00a","Docmap":"0x1827318a","Selecteddoc":"a260H000001koYjQAI","SelectedtimeSlot":30,"timelist":"0x1092062a","timewraplist":"0xed734bf","timewraplistInitial":"0xed734bf"}|0x19f7d4e1
13:06:31.0 (74190433)|STATEMENT_EXECUTE|[129]
13:06:31.0 (74192549)|STATEMENT_EXECUTE|[131]
13:06:31.0 (74202698)|HEAP_ALLOCATE|[131]|Bytes:4
13:06:31.0 (74217920)|VARIABLE_SCOPE_BEGIN|[131]|options|List<System.SelectOption>|true|false
13:06:31.0 (74239954)|HEAP_ALLOCATE|[EXTERNAL]|Bytes:4
13:06:31.0 (74248450)|VARIABLE_ASSIGNMENT|[131]|options|[]|0x6a191bdd
13:06:31.0 (74254871)|STATEMENT_EXECUTE|[132]
13:06:31.0 (74270303)|HEAP_ALLOCATE|[EXTERNAL]|Bytes:4
13:06:31.0 (74277819)|STATEMENT_EXECUTE|[135]
13:06:31.0 (74285667)|HEAP_ALLOCATE|[EXTERNAL]|Bytes:4
13:06:31.0 (74291302)|STATEMENT_EXECUTE|[136]
13:06:31.0 (74298395)|HEAP_ALLOCATE|[EXTERNAL]|Bytes:4
13:06:31.0 (74303380)|STATEMENT_EXECUTE|[141]
13:06:31.0 (74421859)|SYSTEM_MODE_ENTER|true
13:06:31.0 (75844935)|VF_SERIALIZE_VIEWSTATE_BEGIN|0660H000004OdRk
13:06:31.0 (92356959)|VF_SERIALIZE_VIEWSTATE_END
13:06:31.0 (108497015)|CODE_UNIT_STARTED|[EXTERNAL]|Generate Metadata
13:06:31.0 (110836307)|CODE_UNIT_FINISHED|Generate Metadata
13:06:31.113 (113377975)|CUMULATIVE_LIMIT_USAGE
13:06:31.113 (113377975)|LIMIT_USAGE_FOR_NS|(default)|
  Number of SOQL queries: 1 out of 100
  Number of query rows: 1 out of 50000
  Number of SOSL queries: 0 out of 20
  Number of DML statements: 0 out of 150
  Number of DML rows: 0 out of 10000
  Maximum CPU time: 0 out of 10000
  Maximum heap size: 0 out of 6000000
  Number of callouts: 0 out of 100
  Number of Email Invocations: 0 out of 10
  Number of future calls: 0 out of 50
  Number of queueable jobs added to the queue: 0 out of 50
  Number of Mobile Apex push calls: 0 out of 10

13:06:31.113 (113377975)|CUMULATIVE_LIMIT_USAGE_END

13:06:31.0 (113420706)|CODE_UNIT_FINISHED|VF: /apex/docapp
13:06:31.0 (114212558)|EXECUTION_FINISHED
