42.0 APEX_CODE,FINEST;APEX_PROFILING,INFO;CALLOUT,INFO;DB,INFO;SYSTEM,DEBUG;VALIDATION,INFO;VISUALFORCE,INFO;WAVE,INFO;WORKFLOW,INFO
15:09:13.0 (61759)|USER_INFO|[EXTERNAL]|005i0000002qYvT|anton@igate.com|India Standard Time|GMT+05:30
15:09:13.0 (97606)|EXECUTION_STARTED
15:09:13.0 (102344)|CODE_UNIT_STARTED|[EXTERNAL]|0660H000004OdRk|VF: /apex/docapp
15:09:13.0 (1511369)|VF_DESERIALIZE_VIEWSTATE_BEGIN|0660H000004OdRk
15:09:13.0 (4114873)|HEAP_ALLOCATE|[72]|Bytes:3
15:09:13.0 (4157547)|HEAP_ALLOCATE|[77]|Bytes:152
15:09:13.0 (4173215)|HEAP_ALLOCATE|[342]|Bytes:408
15:09:13.0 (4185187)|HEAP_ALLOCATE|[355]|Bytes:408
15:09:13.0 (4196050)|HEAP_ALLOCATE|[467]|Bytes:48
15:09:13.0 (4227100)|HEAP_ALLOCATE|[139]|Bytes:6
15:09:13.0 (4568055)|HEAP_ALLOCATE|[50]|Bytes:5
15:09:13.0 (4593847)|HEAP_ALLOCATE|[56]|Bytes:5
15:09:13.0 (4603637)|HEAP_ALLOCATE|[64]|Bytes:7
15:09:13.0 (7832260)|VF_DESERIALIZE_VIEWSTATE_END
15:09:13.105 (105674632)|CUMULATIVE_LIMIT_USAGE
15:09:13.105 (105674632)|LIMIT_USAGE_FOR_NS|(default)|
  Number of SOQL queries: 0 out of 100
  Number of query rows: 0 out of 50000
  Number of SOSL queries: 0 out of 20
  Number of DML statements: 0 out of 150
  Number of DML rows: 0 out of 10000
  Maximum CPU time: 0 out of 10000
  Maximum heap size: 0 out of 6000000
  Number of callouts: 0 out of 100
  Number of Email Invocations: 0 out of 10
  Number of future calls: 0 out of 50
  Number of queueable jobs added to the queue: 0 out of 50
  Number of Mobile Apex push calls: 0 out of 10

15:09:13.105 (105674632)|CUMULATIVE_LIMIT_USAGE_END

15:09:13.0 (105758847)|CODE_UNIT_FINISHED|VF: /apex/docapp
15:09:13.0 (106557403)|EXECUTION_FINISHED
