42.0 APEX_CODE,FINEST;APEX_PROFILING,INFO;CALLOUT,INFO;DB,INFO;SYSTEM,DEBUG;VALIDATION,INFO;VISUALFORCE,INFO;WAVE,INFO;WORKFLOW,INFO
16:24:02.0 (53475)|USER_INFO|[EXTERNAL]|005i0000002qYvT|anton@igate.com|India Standard Time|GMT+05:30
16:24:02.0 (200632)|EXECUTION_STARTED
16:24:02.0 (205082)|CODE_UNIT_STARTED|[EXTERNAL]|0660H000004OdRk|VF: /apex/docapp
16:24:02.0 (1271394)|VF_DESERIALIZE_VIEWSTATE_BEGIN|0660H000004OdRk
16:24:02.0 (6324866)|HEAP_ALLOCATE|[72]|Bytes:3
16:24:02.0 (6391032)|HEAP_ALLOCATE|[77]|Bytes:152
16:24:02.0 (6404329)|HEAP_ALLOCATE|[342]|Bytes:408
16:24:02.0 (6415651)|HEAP_ALLOCATE|[355]|Bytes:408
16:24:02.0 (6426610)|HEAP_ALLOCATE|[467]|Bytes:48
16:24:02.0 (6479351)|HEAP_ALLOCATE|[139]|Bytes:6
16:24:02.0 (6961040)|HEAP_ALLOCATE|[50]|Bytes:5
16:24:02.0 (7000760)|HEAP_ALLOCATE|[56]|Bytes:5
16:24:02.0 (7011153)|HEAP_ALLOCATE|[64]|Bytes:7
16:24:02.0 (10765244)|VF_DESERIALIZE_VIEWSTATE_END
16:24:02.11 (11400423)|SYSTEM_MODE_ENTER|true
16:24:02.11 (11554292)|HEAP_ALLOCATE|[EXTERNAL]|Bytes:38
16:24:02.11 (11575732)|HEAP_ALLOCATE|[EXTERNAL]|Bytes:7
16:24:02.11 (11602364)|SYSTEM_METHOD_ENTRY|[1]|PageMessagesComponentController.PageMessagesComponentController()
16:24:02.11 (11608268)|STATEMENT_EXECUTE|[1]
16:24:02.12 (12424068)|SYSTEM_MODE_ENTER|true
16:24:02.12 (12475503)|HEAP_ALLOCATE|[EXTERNAL]|Bytes:8
16:24:02.12 (12488506)|VARIABLE_SCOPE_BEGIN|[88]|this|ApexPage.PageMessagesComponentController|true|false
16:24:02.12 (12530052)|VARIABLE_ASSIGNMENT|[88]|this|{}|0x794aa4d4
16:24:02.12 (12536739)|VARIABLE_SCOPE_BEGIN|[88]|escape|Boolean|false|false
16:24:02.12 (12546182)|VARIABLE_ASSIGNMENT|[88]|escape|null
16:24:02.0 (12719620)|SYSTEM_MODE_ENTER|true
16:24:02.0 (12742208)|HEAP_ALLOCATE|[EXTERNAL]|Bytes:14
16:24:02.0 (12749180)|HEAP_ALLOCATE|[EXTERNAL]|Bytes:248
16:24:02.0 (12753017)|HEAP_ALLOCATE|[EXTERNAL]|Bytes:53
16:24:02.0 (12756547)|HEAP_ALLOCATE|[EXTERNAL]|Bytes:20
16:24:02.0 (12765748)|METHOD_ENTRY|[1]|01p0H000007gCe8|docappcontroller.docappcontroller()
16:24:02.0 (12771025)|STATEMENT_EXECUTE|[1]
16:24:02.0 (12774599)|STATEMENT_EXECUTE|[1]
16:24:02.0 (12776121)|STATEMENT_EXECUTE|[208]
16:24:02.0 (12781126)|METHOD_EXIT|[1]|docappcontroller
16:24:02.0 (16412953)|SYSTEM_MODE_ENTER|true
16:24:02.0 (18290855)|SYSTEM_MODE_ENTER|true
16:24:02.0 (18455472)|SYSTEM_MODE_ENTER|true
16:24:02.0 (18710358)|HEAP_ALLOCATE|[EXTERNAL]|Bytes:108
16:24:02.0 (18719413)|HEAP_ALLOCATE|[EXTERNAL]|Bytes:11
16:24:02.0 (20431799)|SYSTEM_MODE_ENTER|true
16:24:02.0 (20644699)|HEAP_ALLOCATE|[EXTERNAL]|Bytes:48
16:24:02.0 (20655095)|VARIABLE_SCOPE_BEGIN|[164]|this|docappcontroller|true|false
16:24:02.0 (20724293)|VARIABLE_ASSIGNMENT|[164]|this|{"aptdum":"0x370690dc","Docdum":"0x3c16df15","Docmap":"0xb9e0e0a","Initialselected":0,"Selecteddoc":"a260H000001koYlQAI","SelectedtimeSlot":30,"timelist":"0x205f527","timeset":"0x9744fed","timewraplist":"0x13de2c01","timewraplistInitial":"0x13de2c01"}|0x27689fe2
16:24:02.0 (20737607)|STATEMENT_EXECUTE|[164]
16:24:02.0 (20739676)|STATEMENT_EXECUTE|[166]
16:24:02.0 (20751389)|HEAP_ALLOCATE|[166]|Bytes:4
16:24:02.0 (20778240)|VARIABLE_SCOPE_BEGIN|[166]|options|List<System.SelectOption>|true|false
16:24:02.0 (20799347)|HEAP_ALLOCATE|[EXTERNAL]|Bytes:4
16:24:02.0 (20809582)|VARIABLE_ASSIGNMENT|[166]|options|[]|0xaf7ae6f
16:24:02.0 (20815106)|STATEMENT_EXECUTE|[167]
16:24:02.0 (20821579)|HEAP_ALLOCATE|[167]|Bytes:8
16:24:02.0 (20868527)|HEAP_ALLOCATE|[EXTERNAL]|Bytes:4
16:24:02.0 (20923102)|VARIABLE_ASSIGNMENT|[EXTERNAL]|this|{"aptdum":"0x370690dc","Docdum":"0x3c16df15","Docmap":"0xb9e0e0a","Initialselected":0,"Selecteddoc":"a260H000001koYlQAI","SelectedtimeSlot":30,"timelist":"0x205f527","timeset":"0x9744fed","timewraplist":"0x13de2c01","timewraplistInitial":"0x13de2c01"}|0x27689fe2
16:24:02.0 (20938740)|STATEMENT_EXECUTE|[168]
16:24:02.0 (20971421)|VARIABLE_ASSIGNMENT|[EXTERNAL]|this|{"aptdum":"0x370690dc","Docdum":"0x3c16df15","Docmap":"0xb9e0e0a","Initialselected":0,"Selecteddoc":"a260H000001koYlQAI","SelectedtimeSlot":30,"timelist":"0x205f527","timeset":"0x9744fed","timewraplist":"0x13de2c01","timewraplistInitial":"0x13de2c01"}|0x27689fe2
16:24:02.0 (21000929)|HEAP_ALLOCATE|[EXTERNAL]|Bytes:8
16:24:02.0 (21012624)|HEAP_ALLOCATE|[169]|Bytes:116
16:24:02.0 (21096205)|HEAP_ALLOCATE|[169]|Bytes:5
16:24:02.0 (21139588)|HEAP_ALLOCATE|[169]|Bytes:24
16:24:02.0 (21148982)|VARIABLE_SCOPE_BEGIN|[169]|doc|Doctor__c|true|false
16:24:02.0 (21238652)|VARIABLE_ASSIGNMENT|[169]|doc|{"Id":"a260H000001koYlQAI","Name":"doc4","End_Time__c":68400000,"Speciality__c":"Dermatology","Start_Time__c":32400000}|0x7e2d7e1d
16:24:02.0 (21247209)|STATEMENT_EXECUTE|[169]
16:24:02.0 (21248939)|STATEMENT_EXECUTE|[170]
16:24:02.0 (21280915)|HEAP_ALLOCATE|[170]|Bytes:18
16:24:02.0 (21331034)|HEAP_ALLOCATE|[EXTERNAL]|Bytes:4
16:24:02.0 (21347064)|HEAP_ALLOCATE|[169]|Bytes:5
16:24:02.0 (21358727)|VARIABLE_ASSIGNMENT|[169]|doc|null|
16:24:02.0 (21364064)|STATEMENT_EXECUTE|[176]
16:24:02.0 (21447490)|SYSTEM_MODE_ENTER|true
16:24:02.0 (22381265)|SYSTEM_MODE_ENTER|true
16:24:02.0 (22422627)|HEAP_ALLOCATE|[EXTERNAL]|Bytes:48
16:24:02.0 (22431983)|VARIABLE_SCOPE_BEGIN|[181]|this|docappcontroller|true|false
16:24:02.0 (22472616)|VARIABLE_ASSIGNMENT|[181]|this|{"aptdum":"0x370690dc","Docdum":"0x3c16df15","Docmap":"0xb9e0e0a","Initialselected":0,"Selecteddoc":"a260H000001koYlQAI","SelectedtimeSlot":30,"timelist":"0x205f527","timeset":"0x9744fed","timewraplist":"0x13de2c01","timewraplistInitial":"0x13de2c01"}|0x27689fe2
16:24:02.0 (22489223)|STATEMENT_EXECUTE|[181]
16:24:02.0 (22491211)|STATEMENT_EXECUTE|[183]
16:24:02.0 (22500624)|HEAP_ALLOCATE|[183]|Bytes:4
16:24:02.0 (22522411)|VARIABLE_SCOPE_BEGIN|[183]|options|List<System.SelectOption>|true|false
16:24:02.0 (22544952)|HEAP_ALLOCATE|[EXTERNAL]|Bytes:4
16:24:02.0 (22553357)|VARIABLE_ASSIGNMENT|[183]|options|[]|0x54ba39ab
16:24:02.0 (22558565)|STATEMENT_EXECUTE|[184]
16:24:02.0 (22562018)|HEAP_ALLOCATE|[184]|Bytes:79
16:24:02.0 (22575148)|HEAP_ALLOCATE|[184]|Bytes:4
16:24:02.0 (23370488)|SOQL_EXECUTE_BEGIN|[184]|Aggregations:0|SELECT Interval__c FROM Time_Interval__mdt ORDER BY Interval__c ASC NULLS FIRST
16:24:02.0 (26144305)|SOQL_EXECUTE_END|[184]|Rows:2
16:24:02.0 (26166219)|HEAP_ALLOCATE|[184]|Bytes:12
16:24:02.0 (26179290)|HEAP_ALLOCATE|[184]|Bytes:92
16:24:02.0 (26227063)|HEAP_ALLOCATE|[184]|Bytes:12
16:24:02.0 (26239039)|VARIABLE_SCOPE_BEGIN|[184]|intervals|List<Time_Interval__mdt>|true|false
16:24:02.0 (26261812)|VARIABLE_ASSIGNMENT|[184]|intervals|[{"Interval__c":"30","Id":"m030H000000bmFqQAI"},{"Interval__c":"60","Id":"m030H000000bmFvQAI"}]|0xbf372c4
16:24:02.0 (26357383)|HEAP_ALLOCATE|[187]|Bytes:5
16:24:02.0 (26372233)|HEAP_ALLOCATE|[187]|Bytes:12
16:24:02.0 (26380046)|VARIABLE_SCOPE_BEGIN|[187]|i|Time_Interval__mdt|true|false
16:24:02.0 (26393821)|VARIABLE_ASSIGNMENT|[187]|i|{"Interval__c":"30","Id":"m030H000000bmFqQAI"}|0x3d856e1e
16:24:02.0 (26400250)|STATEMENT_EXECUTE|[187]
16:24:02.0 (26402200)|STATEMENT_EXECUTE|[188]
16:24:02.0 (26467890)|HEAP_ALLOCATE|[EXTERNAL]|Bytes:4
16:24:02.0 (26488755)|HEAP_ALLOCATE|[187]|Bytes:5
16:24:02.0 (26499190)|HEAP_ALLOCATE|[187]|Bytes:12
16:24:02.0 (26505055)|VARIABLE_SCOPE_BEGIN|[187]|i|Time_Interval__mdt|true|false
16:24:02.0 (26518433)|VARIABLE_ASSIGNMENT|[187]|i|{"Interval__c":"60","Id":"m030H000000bmFvQAI"}|0x2df04e38
16:24:02.0 (26524484)|STATEMENT_EXECUTE|[187]
16:24:02.0 (26526208)|STATEMENT_EXECUTE|[188]
16:24:02.0 (26540360)|HEAP_ALLOCATE|[EXTERNAL]|Bytes:4
16:24:02.0 (26550809)|HEAP_ALLOCATE|[187]|Bytes:5
16:24:02.0 (26559838)|VARIABLE_ASSIGNMENT|[187]|i|null|
16:24:02.0 (26564898)|STATEMENT_EXECUTE|[196]
16:24:02.0 (26964345)|SYSTEM_MODE_ENTER|true
16:24:02.27 (27534598)|SYSTEM_MODE_ENTER|true
16:24:02.27 (27586720)|HEAP_ALLOCATE|[EXTERNAL]|Bytes:8
16:24:02.27 (27595672)|VARIABLE_SCOPE_BEGIN|[88]|this|ApexPage.PageMessagesComponentController|true|false
16:24:02.27 (27618719)|VARIABLE_ASSIGNMENT|[88]|this|{}|0x794aa4d4
16:24:02.27 (27624851)|VARIABLE_SCOPE_BEGIN|[88]|escape|Boolean|false|false
16:24:02.27 (27632574)|VARIABLE_ASSIGNMENT|[88]|escape|null
16:24:02.0 (27813483)|SYSTEM_MODE_ENTER|true
16:24:02.0 (27837690)|HEAP_ALLOCATE|[EXTERNAL]|Bytes:18
16:24:02.0 (27842870)|HEAP_ALLOCATE|[EXTERNAL]|Bytes:48
16:24:02.0 (27866159)|VARIABLE_ASSIGNMENT|[EXTERNAL]|this.Selecteddoc|"a260H000001koYlQAI"|0x27689fe2
16:24:02.0 (27911700)|SYSTEM_MODE_ENTER|true
16:24:02.0 (28172104)|SYSTEM_MODE_ENTER|true
16:24:02.0 (28365170)|HEAP_ALLOCATE|[EXTERNAL]|Bytes:5
16:24:02.0 (28374011)|HEAP_ALLOCATE|[EXTERNAL]|Bytes:12
16:24:02.0 (28383635)|VARIABLE_ASSIGNMENT|[EXTERNAL]|this.selected|false|0x1e5c2801
16:24:02.0 (28432719)|HEAP_ALLOCATE|[EXTERNAL]|Bytes:5
16:24:02.0 (28437334)|HEAP_ALLOCATE|[EXTERNAL]|Bytes:12
16:24:02.0 (28444329)|VARIABLE_ASSIGNMENT|[EXTERNAL]|this.selected|false|0x507973ec
16:24:02.0 (28491518)|HEAP_ALLOCATE|[EXTERNAL]|Bytes:5
16:24:02.0 (28496516)|HEAP_ALLOCATE|[EXTERNAL]|Bytes:12
16:24:02.0 (28503115)|VARIABLE_ASSIGNMENT|[EXTERNAL]|this.selected|false|0x7d780809
16:24:02.0 (28544748)|HEAP_ALLOCATE|[EXTERNAL]|Bytes:5
16:24:02.0 (28549022)|HEAP_ALLOCATE|[EXTERNAL]|Bytes:12
16:24:02.0 (28555149)|VARIABLE_ASSIGNMENT|[EXTERNAL]|this.selected|false|0x1f249d83
16:24:02.0 (28594726)|HEAP_ALLOCATE|[EXTERNAL]|Bytes:5
16:24:02.0 (28599292)|HEAP_ALLOCATE|[EXTERNAL]|Bytes:12
16:24:02.0 (28605484)|VARIABLE_ASSIGNMENT|[EXTERNAL]|this.selected|false|0x60c7b246
16:24:02.0 (28644452)|HEAP_ALLOCATE|[EXTERNAL]|Bytes:5
16:24:02.0 (28648904)|HEAP_ALLOCATE|[EXTERNAL]|Bytes:12
16:24:02.0 (28655074)|VARIABLE_ASSIGNMENT|[EXTERNAL]|this.selected|false|0x7b3a4ba1
16:24:02.0 (28694357)|HEAP_ALLOCATE|[EXTERNAL]|Bytes:5
16:24:02.0 (28698501)|HEAP_ALLOCATE|[EXTERNAL]|Bytes:12
16:24:02.0 (28704409)|VARIABLE_ASSIGNMENT|[EXTERNAL]|this.selected|false|0x46bf3c8f
16:24:02.0 (28743981)|HEAP_ALLOCATE|[EXTERNAL]|Bytes:5
16:24:02.0 (28748673)|HEAP_ALLOCATE|[EXTERNAL]|Bytes:12
16:24:02.0 (28754764)|VARIABLE_ASSIGNMENT|[EXTERNAL]|this.selected|false|0x7dcc695e
16:24:02.0 (28829615)|HEAP_ALLOCATE|[EXTERNAL]|Bytes:5
16:24:02.0 (28836224)|HEAP_ALLOCATE|[EXTERNAL]|Bytes:12
16:24:02.0 (28844396)|VARIABLE_ASSIGNMENT|[EXTERNAL]|this.selected|false|0x20c4b123
16:24:02.0 (28901738)|HEAP_ALLOCATE|[EXTERNAL]|Bytes:5
16:24:02.0 (28908754)|HEAP_ALLOCATE|[EXTERNAL]|Bytes:12
16:24:02.0 (28917694)|VARIABLE_ASSIGNMENT|[EXTERNAL]|this.selected|false|0x90a91d9
16:24:02.0 (28984745)|HEAP_ALLOCATE|[EXTERNAL]|Bytes:5
16:24:02.0 (28989844)|HEAP_ALLOCATE|[EXTERNAL]|Bytes:12
16:24:02.0 (28996786)|VARIABLE_ASSIGNMENT|[EXTERNAL]|this.selected|false|0x366e9f33
16:24:02.0 (29039598)|HEAP_ALLOCATE|[EXTERNAL]|Bytes:5
16:24:02.0 (29044590)|HEAP_ALLOCATE|[EXTERNAL]|Bytes:12
16:24:02.0 (29050751)|VARIABLE_ASSIGNMENT|[EXTERNAL]|this.selected|false|0x28f69639
16:24:02.0 (29090898)|HEAP_ALLOCATE|[EXTERNAL]|Bytes:5
16:24:02.0 (29095158)|HEAP_ALLOCATE|[EXTERNAL]|Bytes:12
16:24:02.0 (29101039)|VARIABLE_ASSIGNMENT|[EXTERNAL]|this.selected|false|0x2dbe67ad
16:24:02.0 (29140449)|HEAP_ALLOCATE|[EXTERNAL]|Bytes:5
16:24:02.0 (29144877)|HEAP_ALLOCATE|[EXTERNAL]|Bytes:12
16:24:02.0 (29151360)|VARIABLE_ASSIGNMENT|[EXTERNAL]|this.selected|false|0x70e7af9a
16:24:02.0 (29190598)|HEAP_ALLOCATE|[EXTERNAL]|Bytes:5
16:24:02.0 (29194630)|HEAP_ALLOCATE|[EXTERNAL]|Bytes:12
16:24:02.0 (29200408)|VARIABLE_ASSIGNMENT|[EXTERNAL]|this.selected|false|0x32b231b2
16:24:02.0 (29240369)|HEAP_ALLOCATE|[EXTERNAL]|Bytes:5
16:24:02.0 (29244533)|HEAP_ALLOCATE|[EXTERNAL]|Bytes:12
16:24:02.0 (29250538)|VARIABLE_ASSIGNMENT|[EXTERNAL]|this.selected|false|0x2ee93e83
16:24:02.0 (29288902)|HEAP_ALLOCATE|[EXTERNAL]|Bytes:5
16:24:02.0 (29293011)|HEAP_ALLOCATE|[EXTERNAL]|Bytes:12
16:24:02.0 (29298771)|VARIABLE_ASSIGNMENT|[EXTERNAL]|this.selected|false|0x7034a7fc
16:24:02.0 (29337178)|HEAP_ALLOCATE|[EXTERNAL]|Bytes:5
16:24:02.0 (29341322)|HEAP_ALLOCATE|[EXTERNAL]|Bytes:12
16:24:02.0 (29347197)|VARIABLE_ASSIGNMENT|[EXTERNAL]|this.selected|false|0x3de25d1f
16:24:02.0 (29386417)|HEAP_ALLOCATE|[EXTERNAL]|Bytes:5
16:24:02.0 (29391023)|HEAP_ALLOCATE|[EXTERNAL]|Bytes:12
16:24:02.0 (29396906)|VARIABLE_ASSIGNMENT|[EXTERNAL]|this.selected|false|0x1efed4b0
16:24:02.0 (29435827)|HEAP_ALLOCATE|[EXTERNAL]|Bytes:5
16:24:02.0 (29439942)|HEAP_ALLOCATE|[EXTERNAL]|Bytes:12
16:24:02.0 (29445906)|VARIABLE_ASSIGNMENT|[EXTERNAL]|this.selected|false|0x7904fcca
16:24:02.0 (29489654)|HEAP_ALLOCATE|[EXTERNAL]|Bytes:5
16:24:02.0 (29493787)|HEAP_ALLOCATE|[EXTERNAL]|Bytes:12
16:24:02.0 (29499793)|VARIABLE_ASSIGNMENT|[EXTERNAL]|this.selected|false|0x2c5abf51
16:24:02.0 (29541157)|SYSTEM_MODE_ENTER|true
16:24:02.0 (29557343)|HEAP_ALLOCATE|[EXTERNAL]|Bytes:8
16:24:02.0 (29562853)|HEAP_ALLOCATE|[EXTERNAL]|Bytes:48
16:24:02.0 (29570343)|VARIABLE_ASSIGNMENT|[EXTERNAL]|this.SelectedtimeSlot|30|0x27689fe2
16:24:02.0 (29608286)|SYSTEM_MODE_ENTER|true
16:24:02.0 (29840473)|HEAP_ALLOCATE|[EXTERNAL]|Bytes:48
16:24:02.0 (29850272)|VARIABLE_SCOPE_BEGIN|[62]|this|docappcontroller|true|false
16:24:02.0 (29891189)|VARIABLE_ASSIGNMENT|[62]|this|{"aptdum":"0x370690dc","Docdum":"0x3c16df15","Docmap":"0xb9e0e0a","Initialselected":0,"Selecteddoc":"a260H000001koYlQAI","SelectedtimeSlot":30,"timelist":"0x205f527","timeset":"0x9744fed","timewraplist":"0x13de2c01","timewraplistInitial":"0x13de2c01"}|0x27689fe2
16:24:02.0 (29903175)|STATEMENT_EXECUTE|[62]
16:24:02.0 (29905268)|STATEMENT_EXECUTE|[64]
16:24:02.0 (29951084)|VARIABLE_ASSIGNMENT|[EXTERNAL]|this|{"aptdum":"0x370690dc","Docdum":"0x3c16df15","Docmap":"0xb9e0e0a","Initialselected":0,"Selecteddoc":"a260H000001koYlQAI","SelectedtimeSlot":30,"timelist":"0x205f527","timeset":"0x9744fed","timewraplist":"0x13de2c01","timewraplistInitial":"0x13de2c01"}|0x27689fe2
16:24:02.0 (29982241)|USER_DEBUG|[64]|DEBUG|a260H000001koYlQAI
16:24:02.0 (30022638)|VARIABLE_ASSIGNMENT|[EXTERNAL]|this|{"aptdum":"0x370690dc","Docdum":"0x3c16df15","Docmap":"0xb9e0e0a","Initialselected":0,"Selecteddoc":"a260H000001koYlQAI","SelectedtimeSlot":30,"timelist":"0x205f527","timeset":"0x9744fed","timewraplist":"0x13de2c01","timewraplistInitial":"0x13de2c01"}|0x27689fe2
16:24:02.0 (30059012)|VARIABLE_ASSIGNMENT|[EXTERNAL]|this|{"aptdum":"0x370690dc","Docdum":"0x3c16df15","Docmap":"0xb9e0e0a","Initialselected":0,"Selecteddoc":"a260H000001koYlQAI","SelectedtimeSlot":30,"timelist":"0x205f527","timeset":"0x9744fed","timewraplist":"0x13de2c01","timewraplistInitial":"0x13de2c01"}|0x27689fe2
16:24:02.0 (30087278)|STATEMENT_EXECUTE|[67]
16:24:02.0 (30089247)|STATEMENT_EXECUTE|[68]
16:24:02.0 (30120748)|VARIABLE_ASSIGNMENT|[EXTERNAL]|this|{"aptdum":"0x370690dc","Docdum":"0x3c16df15","Docmap":"0xb9e0e0a","Initialselected":0,"Selecteddoc":"a260H000001koYlQAI","SelectedtimeSlot":30,"timelist":"0x205f527","timeset":"0x9744fed","timewraplist":"0x13de2c01","timewraplistInitial":"0x13de2c01"}|0x27689fe2
16:24:02.0 (30153863)|VARIABLE_ASSIGNMENT|[EXTERNAL]|this|{"aptdum":"0x370690dc","Docdum":"0x3c16df15","Docmap":"0xb9e0e0a","Initialselected":0,"Selecteddoc":"a260H000001koYlQAI","SelectedtimeSlot":30,"timelist":"0x205f527","timeset":"0x9744fed","timewraplist":"0x13de2c01","timewraplistInitial":"0x13de2c01"}|0x27689fe2
16:24:02.0 (30179921)|VARIABLE_SCOPE_BEGIN|[68]|d|Doctor__c|true|false
16:24:02.0 (30204241)|VARIABLE_ASSIGNMENT|[68]|d|{"Id":"a260H000001koYlQAI","Name":"doc4","End_Time__c":68400000,"Speciality__c":"Dermatology","Start_Time__c":32400000}|0x7e2d7e1d
16:24:02.0 (30212133)|STATEMENT_EXECUTE|[69]
16:24:02.0 (30247286)|HEAP_ALLOCATE|[69]|Bytes:4
16:24:02.0 (30287649)|HEAP_ALLOCATE|[69]|Bytes:150
16:24:02.0 (30299145)|HEAP_ALLOCATE|[69]|Bytes:4
16:24:02.0 (30305171)|HEAP_ALLOCATE|[69]|Bytes:7
16:24:02.0 (30340006)|VARIABLE_ASSIGNMENT|[EXTERNAL]|this|{"aptdum":"0x370690dc","Docdum":"0x3c16df15","Docmap":"0xb9e0e0a","Initialselected":0,"Selecteddoc":"a260H000001koYlQAI","SelectedtimeSlot":30,"timelist":"0x205f527","timeset":"0x9744fed","timewraplist":"0x13de2c01","timewraplistInitial":"0x13de2c01"}|0x27689fe2
16:24:02.0 (30357469)|HEAP_ALLOCATE|[69]|Bytes:7
16:24:02.0 (30388756)|VARIABLE_ASSIGNMENT|[EXTERNAL]|this|{"aptdum":"0x370690dc","Docdum":"0x3c16df15","Docmap":"0xb9e0e0a","Initialselected":0,"Selecteddoc":"a260H000001koYlQAI","SelectedtimeSlot":30,"timelist":"0x205f527","timeset":"0x9744fed","timewraplist":"0x13de2c01","timewraplistInitial":"0x13de2c01"}|0x27689fe2
16:24:02.0 (30682326)|SOQL_EXECUTE_BEGIN|[69]|Aggregations:0|SELECT Id, Name, Doctor__c, Patient__c, End_Time__c, Start_Time__c FROM Appointment__c WHERE (Doctor__c = :tmpVar1 AND Appointment_Date__c = :tmpVar2)
16:24:02.0 (33378094)|SOQL_EXECUTE_END|[69]|Rows:0
16:24:02.0 (33400305)|HEAP_ALLOCATE|[69]|Bytes:4
16:24:02.0 (33410535)|HEAP_ALLOCATE|[69]|Bytes:0
16:24:02.0 (33436868)|HEAP_ALLOCATE|[69]|Bytes:4
16:24:02.0 (33471105)|HEAP_ALLOCATE|[69]|Bytes:0
16:24:02.0 (33486741)|VARIABLE_SCOPE_BEGIN|[69]|aptlist|List<Appointment__c>|true|false
16:24:02.0 (33497017)|HEAP_ALLOCATE|[EXTERNAL]|Bytes:4
16:24:02.0 (33506398)|VARIABLE_ASSIGNMENT|[69]|aptlist|[]|0x6e00600e
16:24:02.0 (33512286)|STATEMENT_EXECUTE|[70]
16:24:02.0 (33521281)|HEAP_ALLOCATE|[70]|Bytes:4
16:24:02.0 (33582915)|VARIABLE_ASSIGNMENT|[70]|this.timeset|[]|0x27689fe2
16:24:02.0 (33660091)|HEAP_ALLOCATE|[71]|Bytes:5
16:24:02.0 (33674967)|VARIABLE_ASSIGNMENT|[71]|apt|null|
16:24:02.0 (33680137)|STATEMENT_EXECUTE|[71]
16:24:02.0 (33682170)|STATEMENT_EXECUTE|[93]
16:24:02.0 (33690335)|HEAP_ALLOCATE|[93]|Bytes:4
16:24:02.0 (33773116)|VARIABLE_ASSIGNMENT|[EXTERNAL]|this|{"aptdum":"0x370690dc","Docdum":"0x3c16df15","Docmap":"0xb9e0e0a","Initialselected":0,"Selecteddoc":"a260H000001koYlQAI","SelectedtimeSlot":30,"timelist":"0x205f527","timeset":"0x74bbb573","timewraplist":"0x13de2c01","timewraplistInitial":"0x13de2c01"}|0x27689fe2
16:24:02.0 (33793615)|HEAP_ALLOCATE|[EXTERNAL]|Bytes:4
16:24:02.0 (33800758)|VARIABLE_ASSIGNMENT|[EXTERNAL]|value|[]|0x19d6abfa
16:24:02.0 (33812274)|VARIABLE_ASSIGNMENT|[4]|this.timewraplist|[]|0x27689fe2
16:24:02.0 (33821213)|STATEMENT_EXECUTE|[94]
16:24:02.0 (33828466)|HEAP_ALLOCATE|[94]|Bytes:4
16:24:02.0 (33896183)|VARIABLE_ASSIGNMENT|[EXTERNAL]|this|{"aptdum":"0x370690dc","Docdum":"0x3c16df15","Docmap":"0xb9e0e0a","Initialselected":0,"Selecteddoc":"a260H000001koYlQAI","SelectedtimeSlot":30,"timelist":"0x205f527","timeset":"0x74bbb573","timewraplist":"0x19d6abfa","timewraplistInitial":"0x13de2c01"}|0x27689fe2
16:24:02.0 (33914191)|HEAP_ALLOCATE|[EXTERNAL]|Bytes:4
16:24:02.0 (33920920)|VARIABLE_ASSIGNMENT|[EXTERNAL]|value|[]|0x2315b445
16:24:02.0 (33931136)|VARIABLE_ASSIGNMENT|[3]|this.timelist|[]|0x27689fe2
16:24:02.0 (33939208)|STATEMENT_EXECUTE|[95]
16:24:02.0 (33969023)|VARIABLE_SCOPE_BEGIN|[95]|t|Time|false|false
16:24:02.0 (33983868)|VARIABLE_ASSIGNMENT|[95]|t|32400000
16:24:02.0 (33988352)|STATEMENT_EXECUTE|[96]
16:24:02.0 (34079183)|VARIABLE_SCOPE_BEGIN|[96]|i|Integer|false|false
16:24:02.0 (34089282)|HEAP_ALLOCATE|[96]|Bytes:4
16:24:02.0 (34096619)|VARIABLE_ASSIGNMENT|[96]|i|10
16:24:02.0 (34101217)|STATEMENT_EXECUTE|[97]
16:24:02.0 (34127463)|HEAP_ALLOCATE|[97]|Bytes:28
16:24:02.0 (34132319)|HEAP_ALLOCATE|[97]|Bytes:28
16:24:02.0 (34136586)|VARIABLE_SCOPE_BEGIN|[97]|i1|Decimal|false|false
16:24:02.0 (34147923)|VARIABLE_ASSIGNMENT|[97]|i1|0
16:24:02.0 (34179258)|STATEMENT_EXECUTE|[98]
16:24:02.0 (34181304)|STATEMENT_EXECUTE|[99]
16:24:02.0 (34226513)|VARIABLE_ASSIGNMENT|[EXTERNAL]|this|{"aptdum":"0x370690dc","Docdum":"0x3c16df15","Docmap":"0xb9e0e0a","Initialselected":0,"Selecteddoc":"a260H000001koYlQAI","SelectedtimeSlot":30,"timelist":"0x2315b445","timeset":"0x74bbb573","timewraplist":"0x19d6abfa","timewraplistInitial":"0x13de2c01"}|0x27689fe2
16:24:02.0 (34244493)|HEAP_ALLOCATE|[99]|Bytes:12
16:24:02.0 (34263453)|CONSTRUCTOR_ENTRY|[99]|01p0H000007gCe8|<init>(Boolean,Time)
16:24:02.0 (34275649)|VARIABLE_SCOPE_BEGIN|[212]|this|docappcontroller.Wrapertimeslot|true|false
16:24:02.0 (34296673)|VARIABLE_ASSIGNMENT|[212]|this|{}|0x2c3048b8
16:24:02.0 (34304301)|VARIABLE_SCOPE_BEGIN|[212]|selection|Boolean|false|false
16:24:02.0 (34313205)|VARIABLE_ASSIGNMENT|[212]|selection|false
16:24:02.0 (34319756)|VARIABLE_SCOPE_BEGIN|[212]|tm|Time|false|false
16:24:02.0 (34330296)|VARIABLE_ASSIGNMENT|[212]|tm|32400000
16:24:02.0 (34335951)|STATEMENT_EXECUTE|[208]
16:24:02.0 (34337821)|STATEMENT_EXECUTE|[209]
16:24:02.0 (34339348)|STATEMENT_EXECUTE|[210]
16:24:02.0 (34347591)|HEAP_ALLOCATE|[213]|Bytes:6
16:24:02.0 (34371846)|STATEMENT_EXECUTE|[212]
16:24:02.0 (34373906)|STATEMENT_EXECUTE|[213]
16:24:02.0 (34425178)|VARIABLE_ASSIGNMENT|[EXTERNAL]|this|{}|0x2c3048b8
16:24:02.0 (34435908)|VARIABLE_ASSIGNMENT|[EXTERNAL]|value|false
16:24:02.0 (34442602)|HEAP_ALLOCATE|[209]|Bytes:5
16:24:02.0 (34449854)|VARIABLE_ASSIGNMENT|[209]|this.selected|false|0x2c3048b8
16:24:02.0 (34458321)|STATEMENT_EXECUTE|[214]
16:24:02.0 (34494398)|VARIABLE_ASSIGNMENT|[EXTERNAL]|this|{"selected":false}|0x2c3048b8
16:24:02.0 (34508673)|VARIABLE_ASSIGNMENT|[EXTERNAL]|value|32400000
16:24:02.0 (34517549)|VARIABLE_ASSIGNMENT|[210]|this.t|32400000|0x2c3048b8
16:24:02.0 (34532353)|CONSTRUCTOR_EXIT|[99]|01p0H000007gCe8|<init>(Boolean,Time)
16:24:02.0 (34545474)|HEAP_ALLOCATE|[EXTERNAL]|Bytes:4
16:24:02.0 (34552530)|STATEMENT_EXECUTE|[104]
16:24:02.0 (34592040)|VARIABLE_ASSIGNMENT|[EXTERNAL]|this|{"aptdum":"0x370690dc","Docdum":"0x3c16df15","Docmap":"0xb9e0e0a","Initialselected":0,"Selecteddoc":"a260H000001koYlQAI","SelectedtimeSlot":30,"timelist":"0x2315b445","timeset":"0x74bbb573","timewraplist":"0x19d6abfa","timewraplistInitial":"0x13de2c01"}|0x27689fe2
16:24:02.0 (34609973)|HEAP_ALLOCATE|[EXTERNAL]|Bytes:4
16:24:02.0 (34623474)|HEAP_ALLOCATE|[107]|Bytes:28
16:24:02.0 (34627776)|HEAP_ALLOCATE|[107]|Bytes:28
16:24:02.0 (34670338)|STATEMENT_EXECUTE|[107]
16:24:02.0 (34672356)|STATEMENT_EXECUTE|[108]
16:24:02.0 (34696224)|USER_DEBUG|[108]|DEBUG|09:00:00.000Z
16:24:02.0 (34706003)|STATEMENT_EXECUTE|[109]
16:24:02.0 (34730059)|HEAP_ALLOCATE|[109]|Bytes:4
16:24:02.0 (34745942)|VARIABLE_ASSIGNMENT|[109]|t|34200000
16:24:02.0 (34750523)|STATEMENT_EXECUTE|[110]
16:24:02.0 (34753408)|HEAP_ALLOCATE|[110]|Bytes:3
16:24:02.0 (34763864)|HEAP_ALLOCATE|[110]|Bytes:28
16:24:02.0 (34791416)|HEAP_ALLOCATE|[110]|Bytes:28
16:24:02.0 (34807407)|VARIABLE_ASSIGNMENT|[110]|i1|0.5
16:24:02.0 (34812233)|STATEMENT_EXECUTE|[111]
16:24:02.0 (34848852)|VARIABLE_ASSIGNMENT|[EXTERNAL]|this|{"aptdum":"0x370690dc","Docdum":"0x3c16df15","Docmap":"0xb9e0e0a","Initialselected":0,"Selecteddoc":"a260H000001koYlQAI","SelectedtimeSlot":30,"timelist":"0x2315b445","timeset":"0x74bbb573","timewraplist":"0x19d6abfa","timewraplistInitial":"0x13de2c01"}|0x27689fe2
16:24:02.0 (34866349)|HEAP_ALLOCATE|[EXTERNAL]|Bytes:4
16:24:02.0 (34892436)|STATEMENT_EXECUTE|[113]
16:24:02.0 (34894635)|STATEMENT_EXECUTE|[114]
16:24:02.0 (34926524)|VARIABLE_ASSIGNMENT|[EXTERNAL]|this|{"aptdum":"0x370690dc","Docdum":"0x3c16df15","Docmap":"0xb9e0e0a","Initialselected":0,"Selecteddoc":"a260H000001koYlQAI","SelectedtimeSlot":30,"timelist":"0x2315b445","timeset":"0x74bbb573","timewraplist":"0x19d6abfa","timewraplistInitial":"0x13de2c01"}|0x27689fe2
16:24:02.0 (34940759)|HEAP_ALLOCATE|[114]|Bytes:12
16:24:02.0 (34954949)|CONSTRUCTOR_ENTRY|[114]|01p0H000007gCe8|<init>(Boolean,Time)
16:24:02.0 (34961235)|VARIABLE_SCOPE_BEGIN|[212]|this|docappcontroller.Wrapertimeslot|true|false
16:24:02.0 (34974693)|VARIABLE_ASSIGNMENT|[212]|this|{}|0x75db6b14
16:24:02.0 (34980747)|VARIABLE_SCOPE_BEGIN|[212]|selection|Boolean|false|false
16:24:02.0 (34988521)|VARIABLE_ASSIGNMENT|[212]|selection|false
16:24:02.0 (34991908)|VARIABLE_SCOPE_BEGIN|[212]|tm|Time|false|false
16:24:02.0 (34999976)|VARIABLE_ASSIGNMENT|[212]|tm|34200000
16:24:02.0 (35004774)|STATEMENT_EXECUTE|[208]
16:24:02.0 (35007136)|STATEMENT_EXECUTE|[209]
16:24:02.0 (35008623)|STATEMENT_EXECUTE|[210]
16:24:02.0 (35019202)|STATEMENT_EXECUTE|[212]
16:24:02.0 (35020865)|STATEMENT_EXECUTE|[213]
16:24:02.0 (35032933)|VARIABLE_ASSIGNMENT|[EXTERNAL]|this|{}|0x75db6b14
16:24:02.0 (35041687)|VARIABLE_ASSIGNMENT|[EXTERNAL]|value|false
16:24:02.0 (35046874)|HEAP_ALLOCATE|[209]|Bytes:5
16:24:02.0 (35052712)|VARIABLE_ASSIGNMENT|[209]|this.selected|false|0x75db6b14
16:24:02.0 (35059805)|STATEMENT_EXECUTE|[214]
16:24:02.0 (35071533)|VARIABLE_ASSIGNMENT|[EXTERNAL]|this|{"selected":false}|0x75db6b14
16:24:02.0 (35080808)|VARIABLE_ASSIGNMENT|[EXTERNAL]|value|34200000
16:24:02.0 (35088005)|VARIABLE_ASSIGNMENT|[210]|this.t|34200000|0x75db6b14
16:24:02.0 (35102558)|CONSTRUCTOR_EXIT|[114]|01p0H000007gCe8|<init>(Boolean,Time)
16:24:02.0 (35112878)|HEAP_ALLOCATE|[EXTERNAL]|Bytes:4
16:24:02.0 (35124625)|HEAP_ALLOCATE|[107]|Bytes:28
16:24:02.0 (35128348)|HEAP_ALLOCATE|[107]|Bytes:28
16:24:02.0 (35148610)|STATEMENT_EXECUTE|[107]
16:24:02.0 (35150453)|STATEMENT_EXECUTE|[108]
16:24:02.0 (35160604)|USER_DEBUG|[108]|DEBUG|09:30:00.000Z
16:24:02.0 (35167767)|STATEMENT_EXECUTE|[109]
16:24:02.0 (35177473)|HEAP_ALLOCATE|[109]|Bytes:4
16:24:02.0 (35191354)|VARIABLE_ASSIGNMENT|[109]|t|36000000
16:24:02.0 (35195883)|STATEMENT_EXECUTE|[110]
16:24:02.0 (35201494)|HEAP_ALLOCATE|[110]|Bytes:28
16:24:02.0 (35214072)|HEAP_ALLOCATE|[110]|Bytes:28
16:24:02.0 (35225873)|VARIABLE_ASSIGNMENT|[110]|i1|1.0
16:24:02.0 (35230776)|STATEMENT_EXECUTE|[111]
16:24:02.0 (35261521)|VARIABLE_ASSIGNMENT|[EXTERNAL]|this|{"aptdum":"0x370690dc","Docdum":"0x3c16df15","Docmap":"0xb9e0e0a","Initialselected":0,"Selecteddoc":"a260H000001koYlQAI","SelectedtimeSlot":30,"timelist":"0x2315b445","timeset":"0x74bbb573","timewraplist":"0x19d6abfa","timewraplistInitial":"0x13de2c01"}|0x27689fe2
16:24:02.0 (35278866)|HEAP_ALLOCATE|[EXTERNAL]|Bytes:4
16:24:02.0 (35290873)|STATEMENT_EXECUTE|[113]
16:24:02.0 (35292695)|STATEMENT_EXECUTE|[114]
16:24:02.0 (35318113)|VARIABLE_ASSIGNMENT|[EXTERNAL]|this|{"aptdum":"0x370690dc","Docdum":"0x3c16df15","Docmap":"0xb9e0e0a","Initialselected":0,"Selecteddoc":"a260H000001koYlQAI","SelectedtimeSlot":30,"timelist":"0x2315b445","timeset":"0x74bbb573","timewraplist":"0x19d6abfa","timewraplistInitial":"0x13de2c01"}|0x27689fe2
16:24:02.0 (35330632)|HEAP_ALLOCATE|[114]|Bytes:12
16:24:02.0 (35343445)|CONSTRUCTOR_ENTRY|[114]|01p0H000007gCe8|<init>(Boolean,Time)
16:24:02.0 (35351304)|VARIABLE_SCOPE_BEGIN|[212]|this|docappcontroller.Wrapertimeslot|true|false
16:24:02.0 (35364715)|VARIABLE_ASSIGNMENT|[212]|this|{}|0x665f04fa
16:24:02.0 (35370978)|VARIABLE_SCOPE_BEGIN|[212]|selection|Boolean|false|false
16:24:02.0 (35378106)|VARIABLE_ASSIGNMENT|[212]|selection|false
16:24:02.0 (35381518)|VARIABLE_SCOPE_BEGIN|[212]|tm|Time|false|false
16:24:02.0 (35389470)|VARIABLE_ASSIGNMENT|[212]|tm|36000000
16:24:02.0 (35393915)|STATEMENT_EXECUTE|[208]
16:24:02.0 (35395483)|STATEMENT_EXECUTE|[209]
16:24:02.0 (35396993)|STATEMENT_EXECUTE|[210]
16:24:02.0 (35406606)|STATEMENT_EXECUTE|[212]
16:24:02.0 (35408193)|STATEMENT_EXECUTE|[213]
16:24:02.0 (35419600)|VARIABLE_ASSIGNMENT|[EXTERNAL]|this|{}|0x665f04fa
16:24:02.0 (35427959)|VARIABLE_ASSIGNMENT|[EXTERNAL]|value|false
16:24:02.0 (35433155)|HEAP_ALLOCATE|[209]|Bytes:5
16:24:02.0 (35439297)|VARIABLE_ASSIGNMENT|[209]|this.selected|false|0x665f04fa
16:24:02.0 (35447059)|STATEMENT_EXECUTE|[214]
16:24:02.0 (35459126)|VARIABLE_ASSIGNMENT|[EXTERNAL]|this|{"selected":false}|0x665f04fa
16:24:02.0 (35467818)|VARIABLE_ASSIGNMENT|[EXTERNAL]|value|36000000
16:24:02.0 (35474727)|VARIABLE_ASSIGNMENT|[210]|this.t|36000000|0x665f04fa
16:24:02.0 (35493938)|CONSTRUCTOR_EXIT|[114]|01p0H000007gCe8|<init>(Boolean,Time)
16:24:02.0 (35503644)|HEAP_ALLOCATE|[EXTERNAL]|Bytes:4
16:24:02.0 (35514848)|HEAP_ALLOCATE|[107]|Bytes:28
16:24:02.0 (35518436)|HEAP_ALLOCATE|[107]|Bytes:28
16:24:02.0 (35536743)|STATEMENT_EXECUTE|[107]
16:24:02.0 (35538600)|STATEMENT_EXECUTE|[108]
16:24:02.0 (35547487)|USER_DEBUG|[108]|DEBUG|10:00:00.000Z
16:24:02.0 (35554664)|STATEMENT_EXECUTE|[109]
16:24:02.0 (35563179)|HEAP_ALLOCATE|[109]|Bytes:4
16:24:02.0 (35576595)|VARIABLE_ASSIGNMENT|[109]|t|37800000
16:24:02.0 (35580763)|STATEMENT_EXECUTE|[110]
16:24:02.0 (35585960)|HEAP_ALLOCATE|[110]|Bytes:28
16:24:02.0 (35597983)|HEAP_ALLOCATE|[110]|Bytes:28
16:24:02.0 (35609273)|VARIABLE_ASSIGNMENT|[110]|i1|1.5
16:24:02.0 (35613669)|STATEMENT_EXECUTE|[111]
16:24:02.0 (35643354)|VARIABLE_ASSIGNMENT|[EXTERNAL]|this|{"aptdum":"0x370690dc","Docdum":"0x3c16df15","Docmap":"0xb9e0e0a","Initialselected":0,"Selecteddoc":"a260H000001koYlQAI","SelectedtimeSlot":30,"timelist":"0x2315b445","timeset":"0x74bbb573","timewraplist":"0x19d6abfa","timewraplistInitial":"0x13de2c01"}|0x27689fe2
16:24:02.0 (35658082)|HEAP_ALLOCATE|[EXTERNAL]|Bytes:4
16:24:02.0 (35669823)|STATEMENT_EXECUTE|[113]
16:24:02.0 (35671614)|STATEMENT_EXECUTE|[114]
16:24:02.0 (35695621)|VARIABLE_ASSIGNMENT|[EXTERNAL]|this|{"aptdum":"0x370690dc","Docdum":"0x3c16df15","Docmap":"0xb9e0e0a","Initialselected":0,"Selecteddoc":"a260H000001koYlQAI","SelectedtimeSlot":30,"timelist":"0x2315b445","timeset":"0x74bbb573","timewraplist":"0x19d6abfa","timewraplistInitial":"0x13de2c01"}|0x27689fe2
16:24:02.0 (35707981)|HEAP_ALLOCATE|[114]|Bytes:12
16:24:02.0 (35720276)|CONSTRUCTOR_ENTRY|[114]|01p0H000007gCe8|<init>(Boolean,Time)
16:24:02.0 (35726075)|VARIABLE_SCOPE_BEGIN|[212]|this|docappcontroller.Wrapertimeslot|true|false
16:24:02.0 (35738870)|VARIABLE_ASSIGNMENT|[212]|this|{}|0xb0c3359
16:24:02.0 (35745120)|VARIABLE_SCOPE_BEGIN|[212]|selection|Boolean|false|false
16:24:02.0 (35752472)|VARIABLE_ASSIGNMENT|[212]|selection|false
16:24:02.0 (35756027)|VARIABLE_SCOPE_BEGIN|[212]|tm|Time|false|false
16:24:02.0 (35763598)|VARIABLE_ASSIGNMENT|[212]|tm|37800000
16:24:02.0 (35767886)|STATEMENT_EXECUTE|[208]
16:24:02.0 (35769569)|STATEMENT_EXECUTE|[209]
16:24:02.0 (35771033)|STATEMENT_EXECUTE|[210]
16:24:02.0 (35779678)|STATEMENT_EXECUTE|[212]
16:24:02.0 (35781244)|STATEMENT_EXECUTE|[213]
16:24:02.0 (35791822)|VARIABLE_ASSIGNMENT|[EXTERNAL]|this|{}|0xb0c3359
16:24:02.0 (35800229)|VARIABLE_ASSIGNMENT|[EXTERNAL]|value|false
16:24:02.0 (35805030)|HEAP_ALLOCATE|[209]|Bytes:5
16:24:02.0 (35811226)|VARIABLE_ASSIGNMENT|[209]|this.selected|false|0xb0c3359
16:24:02.0 (35818101)|STATEMENT_EXECUTE|[214]
16:24:02.0 (35829343)|VARIABLE_ASSIGNMENT|[EXTERNAL]|this|{"selected":false}|0xb0c3359
16:24:02.0 (35838008)|VARIABLE_ASSIGNMENT|[EXTERNAL]|value|37800000
16:24:02.0 (35844821)|VARIABLE_ASSIGNMENT|[210]|this.t|37800000|0xb0c3359
16:24:02.0 (35858963)|CONSTRUCTOR_EXIT|[114]|01p0H000007gCe8|<init>(Boolean,Time)
16:24:02.0 (35868220)|HEAP_ALLOCATE|[EXTERNAL]|Bytes:4
16:24:02.0 (35879638)|HEAP_ALLOCATE|[107]|Bytes:28
16:24:02.0 (35883080)|HEAP_ALLOCATE|[107]|Bytes:28
16:24:02.0 (35900500)|STATEMENT_EXECUTE|[107]
16:24:02.0 (35902385)|STATEMENT_EXECUTE|[108]
16:24:02.0 (35910748)|USER_DEBUG|[108]|DEBUG|10:30:00.000Z
16:24:02.0 (35917463)|STATEMENT_EXECUTE|[109]
16:24:02.0 (35925797)|HEAP_ALLOCATE|[109]|Bytes:4
16:24:02.0 (35938332)|VARIABLE_ASSIGNMENT|[109]|t|39600000
16:24:02.0 (35943127)|STATEMENT_EXECUTE|[110]
16:24:02.0 (35947981)|HEAP_ALLOCATE|[110]|Bytes:28
16:24:02.0 (35959926)|HEAP_ALLOCATE|[110]|Bytes:28
16:24:02.0 (35970767)|VARIABLE_ASSIGNMENT|[110]|i1|2.0
16:24:02.0 (35975153)|STATEMENT_EXECUTE|[111]
16:24:02.0 (36003852)|VARIABLE_ASSIGNMENT|[EXTERNAL]|this|{"aptdum":"0x370690dc","Docdum":"0x3c16df15","Docmap":"0xb9e0e0a","Initialselected":0,"Selecteddoc":"a260H000001koYlQAI","SelectedtimeSlot":30,"timelist":"0x2315b445","timeset":"0x74bbb573","timewraplist":"0x19d6abfa","timewraplistInitial":"0x13de2c01"}|0x27689fe2
16:24:02.0 (36018162)|HEAP_ALLOCATE|[EXTERNAL]|Bytes:4
16:24:02.0 (36029524)|STATEMENT_EXECUTE|[113]
16:24:02.0 (36031259)|STATEMENT_EXECUTE|[114]
16:24:02.0 (36055487)|VARIABLE_ASSIGNMENT|[EXTERNAL]|this|{"aptdum":"0x370690dc","Docdum":"0x3c16df15","Docmap":"0xb9e0e0a","Initialselected":0,"Selecteddoc":"a260H000001koYlQAI","SelectedtimeSlot":30,"timelist":"0x2315b445","timeset":"0x74bbb573","timewraplist":"0x19d6abfa","timewraplistInitial":"0x13de2c01"}|0x27689fe2
16:24:02.0 (36067036)|HEAP_ALLOCATE|[114]|Bytes:12
16:24:02.0 (36078564)|CONSTRUCTOR_ENTRY|[114]|01p0H000007gCe8|<init>(Boolean,Time)
16:24:02.0 (36083994)|VARIABLE_SCOPE_BEGIN|[212]|this|docappcontroller.Wrapertimeslot|true|false
16:24:02.0 (36096796)|VARIABLE_ASSIGNMENT|[212]|this|{}|0xa18d7f9
16:24:02.0 (36102635)|VARIABLE_SCOPE_BEGIN|[212]|selection|Boolean|false|false
16:24:02.0 (36109915)|VARIABLE_ASSIGNMENT|[212]|selection|false
16:24:02.0 (36113657)|VARIABLE_SCOPE_BEGIN|[212]|tm|Time|false|false
16:24:02.0 (36121103)|VARIABLE_ASSIGNMENT|[212]|tm|39600000
16:24:02.0 (36125224)|STATEMENT_EXECUTE|[208]
16:24:02.0 (36127068)|STATEMENT_EXECUTE|[209]
16:24:02.0 (36128770)|STATEMENT_EXECUTE|[210]
16:24:02.0 (36137037)|STATEMENT_EXECUTE|[212]
16:24:02.0 (36138646)|STATEMENT_EXECUTE|[213]
16:24:02.0 (36149633)|VARIABLE_ASSIGNMENT|[EXTERNAL]|this|{}|0xa18d7f9
16:24:02.0 (36158032)|VARIABLE_ASSIGNMENT|[EXTERNAL]|value|false
16:24:02.0 (36163419)|HEAP_ALLOCATE|[209]|Bytes:5
16:24:02.0 (36169049)|VARIABLE_ASSIGNMENT|[209]|this.selected|false|0xa18d7f9
16:24:02.0 (36175712)|STATEMENT_EXECUTE|[214]
16:24:02.0 (36186937)|VARIABLE_ASSIGNMENT|[EXTERNAL]|this|{"selected":false}|0xa18d7f9
16:24:02.0 (36195237)|VARIABLE_ASSIGNMENT|[EXTERNAL]|value|39600000
16:24:02.0 (36201852)|VARIABLE_ASSIGNMENT|[210]|this.t|39600000|0xa18d7f9
16:24:02.0 (36215236)|CONSTRUCTOR_EXIT|[114]|01p0H000007gCe8|<init>(Boolean,Time)
16:24:02.0 (36223495)|HEAP_ALLOCATE|[EXTERNAL]|Bytes:4
16:24:02.0 (36234062)|HEAP_ALLOCATE|[107]|Bytes:28
16:24:02.0 (36237608)|HEAP_ALLOCATE|[107]|Bytes:28
16:24:02.0 (36255110)|STATEMENT_EXECUTE|[107]
16:24:02.0 (36256929)|STATEMENT_EXECUTE|[108]
16:24:02.0 (36264982)|USER_DEBUG|[108]|DEBUG|11:00:00.000Z
16:24:02.0 (36271840)|STATEMENT_EXECUTE|[109]
16:24:02.0 (36280544)|HEAP_ALLOCATE|[109]|Bytes:4
16:24:02.0 (36292977)|VARIABLE_ASSIGNMENT|[109]|t|41400000
16:24:02.0 (36297542)|STATEMENT_EXECUTE|[110]
16:24:02.0 (36302546)|HEAP_ALLOCATE|[110]|Bytes:28
16:24:02.0 (36314682)|HEAP_ALLOCATE|[110]|Bytes:28
16:24:02.0 (36325868)|VARIABLE_ASSIGNMENT|[110]|i1|2.5
16:24:02.0 (36330194)|STATEMENT_EXECUTE|[111]
16:24:02.0 (36358261)|VARIABLE_ASSIGNMENT|[EXTERNAL]|this|{"aptdum":"0x370690dc","Docdum":"0x3c16df15","Docmap":"0xb9e0e0a","Initialselected":0,"Selecteddoc":"a260H000001koYlQAI","SelectedtimeSlot":30,"timelist":"0x2315b445","timeset":"0x74bbb573","timewraplist":"0x19d6abfa","timewraplistInitial":"0x13de2c01"}|0x27689fe2
16:24:02.0 (36371898)|HEAP_ALLOCATE|[EXTERNAL]|Bytes:4
16:24:02.0 (36383365)|STATEMENT_EXECUTE|[113]
16:24:02.0 (36385009)|STATEMENT_EXECUTE|[114]
16:24:02.0 (36409294)|VARIABLE_ASSIGNMENT|[EXTERNAL]|this|{"aptdum":"0x370690dc","Docdum":"0x3c16df15","Docmap":"0xb9e0e0a","Initialselected":0,"Selecteddoc":"a260H000001koYlQAI","SelectedtimeSlot":30,"timelist":"0x2315b445","timeset":"0x74bbb573","timewraplist":"0x19d6abfa","timewraplistInitial":"0x13de2c01"}|0x27689fe2
16:24:02.0 (36420833)|HEAP_ALLOCATE|[114]|Bytes:12
16:24:02.0 (36432263)|CONSTRUCTOR_ENTRY|[114]|01p0H000007gCe8|<init>(Boolean,Time)
16:24:02.0 (36437357)|VARIABLE_SCOPE_BEGIN|[212]|this|docappcontroller.Wrapertimeslot|true|false
16:24:02.0 (36449925)|VARIABLE_ASSIGNMENT|[212]|this|{}|0x4050f81f
16:24:02.0 (36456220)|VARIABLE_SCOPE_BEGIN|[212]|selection|Boolean|false|false
16:24:02.0 (36463204)|VARIABLE_ASSIGNMENT|[212]|selection|false
16:24:02.0 (36466718)|VARIABLE_SCOPE_BEGIN|[212]|tm|Time|false|false
16:24:02.0 (36474315)|VARIABLE_ASSIGNMENT|[212]|tm|41400000
16:24:02.0 (36478545)|STATEMENT_EXECUTE|[208]
16:24:02.0 (36480077)|STATEMENT_EXECUTE|[209]
16:24:02.0 (36485645)|STATEMENT_EXECUTE|[210]
16:24:02.0 (36494213)|STATEMENT_EXECUTE|[212]
16:24:02.0 (36495818)|STATEMENT_EXECUTE|[213]
16:24:02.0 (36507004)|VARIABLE_ASSIGNMENT|[EXTERNAL]|this|{}|0x4050f81f
16:24:02.0 (36516157)|VARIABLE_ASSIGNMENT|[EXTERNAL]|value|false
16:24:02.0 (36521495)|HEAP_ALLOCATE|[209]|Bytes:5
16:24:02.0 (36527094)|VARIABLE_ASSIGNMENT|[209]|this.selected|false|0x4050f81f
16:24:02.0 (36533885)|STATEMENT_EXECUTE|[214]
16:24:02.0 (36545079)|VARIABLE_ASSIGNMENT|[EXTERNAL]|this|{"selected":false}|0x4050f81f
16:24:02.0 (36553518)|VARIABLE_ASSIGNMENT|[EXTERNAL]|value|41400000
16:24:02.0 (36560218)|VARIABLE_ASSIGNMENT|[210]|this.t|41400000|0x4050f81f
16:24:02.0 (36573512)|CONSTRUCTOR_EXIT|[114]|01p0H000007gCe8|<init>(Boolean,Time)
16:24:02.0 (36582147)|HEAP_ALLOCATE|[EXTERNAL]|Bytes:4
16:24:02.0 (36592393)|HEAP_ALLOCATE|[107]|Bytes:28
16:24:02.0 (36595808)|HEAP_ALLOCATE|[107]|Bytes:28
16:24:02.0 (36613165)|STATEMENT_EXECUTE|[107]
16:24:02.0 (36615050)|STATEMENT_EXECUTE|[108]
16:24:02.0 (36623233)|USER_DEBUG|[108]|DEBUG|11:30:00.000Z
16:24:02.0 (36630529)|STATEMENT_EXECUTE|[109]
16:24:02.0 (36638675)|HEAP_ALLOCATE|[109]|Bytes:4
16:24:02.0 (36653513)|VARIABLE_ASSIGNMENT|[109]|t|43200000
16:24:02.0 (36657789)|STATEMENT_EXECUTE|[110]
16:24:02.0 (36662559)|HEAP_ALLOCATE|[110]|Bytes:28
16:24:02.0 (36675119)|HEAP_ALLOCATE|[110]|Bytes:28
16:24:02.0 (36686380)|VARIABLE_ASSIGNMENT|[110]|i1|3.0
16:24:02.0 (36690707)|STATEMENT_EXECUTE|[111]
16:24:02.0 (36719009)|VARIABLE_ASSIGNMENT|[EXTERNAL]|this|{"aptdum":"0x370690dc","Docdum":"0x3c16df15","Docmap":"0xb9e0e0a","Initialselected":0,"Selecteddoc":"a260H000001koYlQAI","SelectedtimeSlot":30,"timelist":"0x2315b445","timeset":"0x74bbb573","timewraplist":"0x19d6abfa","timewraplistInitial":"0x13de2c01"}|0x27689fe2
16:24:02.0 (36732807)|HEAP_ALLOCATE|[EXTERNAL]|Bytes:4
16:24:02.0 (36744051)|STATEMENT_EXECUTE|[113]
16:24:02.0 (36746026)|STATEMENT_EXECUTE|[114]
16:24:02.0 (36769880)|VARIABLE_ASSIGNMENT|[EXTERNAL]|this|{"aptdum":"0x370690dc","Docdum":"0x3c16df15","Docmap":"0xb9e0e0a","Initialselected":0,"Selecteddoc":"a260H000001koYlQAI","SelectedtimeSlot":30,"timelist":"0x2315b445","timeset":"0x74bbb573","timewraplist":"0x19d6abfa","timewraplistInitial":"0x13de2c01"}|0x27689fe2
16:24:02.0 (36782188)|HEAP_ALLOCATE|[114]|Bytes:12
16:24:02.0 (36794368)|CONSTRUCTOR_ENTRY|[114]|01p0H000007gCe8|<init>(Boolean,Time)
16:24:02.0 (36799465)|VARIABLE_SCOPE_BEGIN|[212]|this|docappcontroller.Wrapertimeslot|true|false
16:24:02.0 (36812173)|VARIABLE_ASSIGNMENT|[212]|this|{}|0x10bdc2e0
16:24:02.0 (36818293)|VARIABLE_SCOPE_BEGIN|[212]|selection|Boolean|false|false
16:24:02.0 (36826043)|VARIABLE_ASSIGNMENT|[212]|selection|false
16:24:02.0 (36829580)|VARIABLE_SCOPE_BEGIN|[212]|tm|Time|false|false
16:24:02.0 (36837740)|VARIABLE_ASSIGNMENT|[212]|tm|43200000
16:24:02.0 (36842020)|STATEMENT_EXECUTE|[208]
16:24:02.0 (36843585)|STATEMENT_EXECUTE|[209]
16:24:02.0 (36849579)|STATEMENT_EXECUTE|[210]
16:24:02.0 (36858601)|STATEMENT_EXECUTE|[212]
16:24:02.0 (36860212)|STATEMENT_EXECUTE|[213]
16:24:02.0 (36871492)|VARIABLE_ASSIGNMENT|[EXTERNAL]|this|{}|0x10bdc2e0
16:24:02.0 (36880137)|VARIABLE_ASSIGNMENT|[EXTERNAL]|value|false
16:24:02.0 (36884981)|HEAP_ALLOCATE|[209]|Bytes:5
16:24:02.0 (36890804)|VARIABLE_ASSIGNMENT|[209]|this.selected|false|0x10bdc2e0
16:24:02.0 (36897962)|STATEMENT_EXECUTE|[214]
16:24:02.0 (36908962)|VARIABLE_ASSIGNMENT|[EXTERNAL]|this|{"selected":false}|0x10bdc2e0
16:24:02.0 (36917619)|VARIABLE_ASSIGNMENT|[EXTERNAL]|value|43200000
16:24:02.0 (36924788)|VARIABLE_ASSIGNMENT|[210]|this.t|43200000|0x10bdc2e0
16:24:02.0 (36938340)|CONSTRUCTOR_EXIT|[114]|01p0H000007gCe8|<init>(Boolean,Time)
16:24:02.0 (36947883)|HEAP_ALLOCATE|[EXTERNAL]|Bytes:4
16:24:02.0 (36958761)|HEAP_ALLOCATE|[107]|Bytes:28
16:24:02.0 (36962195)|HEAP_ALLOCATE|[107]|Bytes:28
16:24:02.0 (36980417)|STATEMENT_EXECUTE|[107]
16:24:02.0 (36982132)|STATEMENT_EXECUTE|[108]
16:24:02.0 (36990819)|USER_DEBUG|[108]|DEBUG|12:00:00.000Z
16:24:02.0 (36998186)|STATEMENT_EXECUTE|[109]
16:24:02.0 (37006629)|HEAP_ALLOCATE|[109]|Bytes:4
16:24:02.0 (37019765)|VARIABLE_ASSIGNMENT|[109]|t|45000000
16:24:02.0 (37024130)|STATEMENT_EXECUTE|[110]
16:24:02.0 (37029057)|HEAP_ALLOCATE|[110]|Bytes:28
16:24:02.0 (37041400)|HEAP_ALLOCATE|[110]|Bytes:28
16:24:02.0 (37052286)|VARIABLE_ASSIGNMENT|[110]|i1|3.5
16:24:02.0 (37056567)|STATEMENT_EXECUTE|[111]
16:24:02.0 (37084548)|VARIABLE_ASSIGNMENT|[EXTERNAL]|this|{"aptdum":"0x370690dc","Docdum":"0x3c16df15","Docmap":"0xb9e0e0a","Initialselected":0,"Selecteddoc":"a260H000001koYlQAI","SelectedtimeSlot":30,"timelist":"0x2315b445","timeset":"0x74bbb573","timewraplist":"0x19d6abfa","timewraplistInitial":"0x13de2c01"}|0x27689fe2
16:24:02.0 (37098397)|HEAP_ALLOCATE|[EXTERNAL]|Bytes:4
16:24:02.0 (37110115)|STATEMENT_EXECUTE|[113]
16:24:02.0 (37111722)|STATEMENT_EXECUTE|[114]
16:24:02.0 (37135686)|VARIABLE_ASSIGNMENT|[EXTERNAL]|this|{"aptdum":"0x370690dc","Docdum":"0x3c16df15","Docmap":"0xb9e0e0a","Initialselected":0,"Selecteddoc":"a260H000001koYlQAI","SelectedtimeSlot":30,"timelist":"0x2315b445","timeset":"0x74bbb573","timewraplist":"0x19d6abfa","timewraplistInitial":"0x13de2c01"}|0x27689fe2
16:24:02.0 (37147179)|HEAP_ALLOCATE|[114]|Bytes:12
16:24:02.0 (37158408)|CONSTRUCTOR_ENTRY|[114]|01p0H000007gCe8|<init>(Boolean,Time)
16:24:02.0 (37163499)|VARIABLE_SCOPE_BEGIN|[212]|this|docappcontroller.Wrapertimeslot|true|false
16:24:02.0 (37176305)|VARIABLE_ASSIGNMENT|[212]|this|{}|0x5c2ff22f
16:24:02.0 (37182136)|VARIABLE_SCOPE_BEGIN|[212]|selection|Boolean|false|false
16:24:02.0 (37189193)|VARIABLE_ASSIGNMENT|[212]|selection|false
16:24:02.0 (37192791)|VARIABLE_SCOPE_BEGIN|[212]|tm|Time|false|false
16:24:02.0 (37201474)|VARIABLE_ASSIGNMENT|[212]|tm|45000000
16:24:02.0 (37205764)|STATEMENT_EXECUTE|[208]
16:24:02.0 (37207300)|STATEMENT_EXECUTE|[209]
16:24:02.0 (37208845)|STATEMENT_EXECUTE|[210]
16:24:02.0 (37217410)|STATEMENT_EXECUTE|[212]
16:24:02.0 (37218968)|STATEMENT_EXECUTE|[213]
16:24:02.0 (37229766)|VARIABLE_ASSIGNMENT|[EXTERNAL]|this|{}|0x5c2ff22f
16:24:02.0 (37237864)|VARIABLE_ASSIGNMENT|[EXTERNAL]|value|false
16:24:02.0 (37242729)|HEAP_ALLOCATE|[209]|Bytes:5
16:24:02.0 (37248458)|VARIABLE_ASSIGNMENT|[209]|this.selected|false|0x5c2ff22f
16:24:02.0 (37255560)|STATEMENT_EXECUTE|[214]
16:24:02.0 (37266470)|VARIABLE_ASSIGNMENT|[EXTERNAL]|this|{"selected":false}|0x5c2ff22f
16:24:02.0 (37275403)|VARIABLE_ASSIGNMENT|[EXTERNAL]|value|45000000
16:24:02.0 (37281975)|VARIABLE_ASSIGNMENT|[210]|this.t|45000000|0x5c2ff22f
16:24:02.0 (37295281)|CONSTRUCTOR_EXIT|[114]|01p0H000007gCe8|<init>(Boolean,Time)
16:24:02.0 (37304051)|HEAP_ALLOCATE|[EXTERNAL]|Bytes:4
16:24:02.0 (37314671)|HEAP_ALLOCATE|[107]|Bytes:28
16:24:02.0 (37318059)|HEAP_ALLOCATE|[107]|Bytes:28
16:24:02.0 (37335231)|STATEMENT_EXECUTE|[107]
16:24:02.0 (37337098)|STATEMENT_EXECUTE|[108]
16:24:02.0 (37345032)|USER_DEBUG|[108]|DEBUG|12:30:00.000Z
16:24:02.0 (37351438)|STATEMENT_EXECUTE|[109]
16:24:02.0 (37359543)|HEAP_ALLOCATE|[109]|Bytes:4
16:24:02.0 (37372184)|VARIABLE_ASSIGNMENT|[109]|t|46800000
16:24:02.0 (37376167)|STATEMENT_EXECUTE|[110]
16:24:02.0 (37381111)|HEAP_ALLOCATE|[110]|Bytes:28
16:24:02.0 (37393329)|HEAP_ALLOCATE|[110]|Bytes:28
16:24:02.0 (37404265)|VARIABLE_ASSIGNMENT|[110]|i1|4.0
16:24:02.0 (37408340)|STATEMENT_EXECUTE|[111]
16:24:02.0 (37445996)|VARIABLE_ASSIGNMENT|[EXTERNAL]|this|{"aptdum":"0x370690dc","Docdum":"0x3c16df15","Docmap":"0xb9e0e0a","Initialselected":0,"Selecteddoc":"a260H000001koYlQAI","SelectedtimeSlot":30,"timelist":"0x2315b445","timeset":"0x74bbb573","timewraplist":"0x19d6abfa","timewraplistInitial":"0x13de2c01"}|0x27689fe2
16:24:02.0 (37470377)|HEAP_ALLOCATE|[EXTERNAL]|Bytes:4
16:24:02.0 (37487521)|STATEMENT_EXECUTE|[113]
16:24:02.0 (37489408)|STATEMENT_EXECUTE|[114]
16:24:02.0 (37520822)|VARIABLE_ASSIGNMENT|[EXTERNAL]|this|{"aptdum":"0x370690dc","Docdum":"0x3c16df15","Docmap":"0xb9e0e0a","Initialselected":0,"Selecteddoc":"a260H000001koYlQAI","SelectedtimeSlot":30,"timelist":"0x2315b445","timeset":"0x74bbb573","timewraplist":"0x19d6abfa","timewraplistInitial":"0x13de2c01"}|0x27689fe2
16:24:02.0 (37533752)|HEAP_ALLOCATE|[114]|Bytes:12
16:24:02.0 (37548426)|CONSTRUCTOR_ENTRY|[114]|01p0H000007gCe8|<init>(Boolean,Time)
16:24:02.0 (37554345)|VARIABLE_SCOPE_BEGIN|[212]|this|docappcontroller.Wrapertimeslot|true|false
16:24:02.0 (37568196)|VARIABLE_ASSIGNMENT|[212]|this|{}|0x25605b3d
16:24:02.0 (37574998)|VARIABLE_SCOPE_BEGIN|[212]|selection|Boolean|false|false
16:24:02.0 (37582736)|VARIABLE_ASSIGNMENT|[212]|selection|false
16:24:02.0 (37586378)|VARIABLE_SCOPE_BEGIN|[212]|tm|Time|false|false
16:24:02.0 (37595649)|VARIABLE_ASSIGNMENT|[212]|tm|46800000
16:24:02.0 (37600367)|STATEMENT_EXECUTE|[208]
16:24:02.0 (37601946)|STATEMENT_EXECUTE|[209]
16:24:02.0 (37603427)|STATEMENT_EXECUTE|[210]
16:24:02.0 (37613418)|STATEMENT_EXECUTE|[212]
16:24:02.0 (37615024)|STATEMENT_EXECUTE|[213]
16:24:02.0 (37626953)|VARIABLE_ASSIGNMENT|[EXTERNAL]|this|{}|0x25605b3d
16:24:02.0 (37635563)|VARIABLE_ASSIGNMENT|[EXTERNAL]|value|false
16:24:02.0 (37641259)|HEAP_ALLOCATE|[209]|Bytes:5
16:24:02.0 (37647274)|VARIABLE_ASSIGNMENT|[209]|this.selected|false|0x25605b3d
16:24:02.0 (37654401)|STATEMENT_EXECUTE|[214]
16:24:02.0 (37665861)|VARIABLE_ASSIGNMENT|[EXTERNAL]|this|{"selected":false}|0x25605b3d
16:24:02.0 (37674751)|VARIABLE_ASSIGNMENT|[EXTERNAL]|value|46800000
16:24:02.0 (37681671)|VARIABLE_ASSIGNMENT|[210]|this.t|46800000|0x25605b3d
16:24:02.0 (37695473)|CONSTRUCTOR_EXIT|[114]|01p0H000007gCe8|<init>(Boolean,Time)
16:24:02.0 (37705612)|HEAP_ALLOCATE|[EXTERNAL]|Bytes:4
16:24:02.0 (37716790)|HEAP_ALLOCATE|[107]|Bytes:28
16:24:02.0 (37720666)|HEAP_ALLOCATE|[107]|Bytes:28
16:24:02.0 (37739306)|STATEMENT_EXECUTE|[107]
16:24:02.0 (37741175)|STATEMENT_EXECUTE|[108]
16:24:02.0 (37750454)|USER_DEBUG|[108]|DEBUG|13:00:00.000Z
16:24:02.0 (37758165)|STATEMENT_EXECUTE|[109]
16:24:02.0 (37767050)|HEAP_ALLOCATE|[109]|Bytes:4
16:24:02.0 (37780208)|VARIABLE_ASSIGNMENT|[109]|t|48600000
16:24:02.0 (37785360)|STATEMENT_EXECUTE|[110]
16:24:02.0 (37790621)|HEAP_ALLOCATE|[110]|Bytes:28
16:24:02.0 (37803247)|HEAP_ALLOCATE|[110]|Bytes:28
16:24:02.0 (37814456)|VARIABLE_ASSIGNMENT|[110]|i1|4.5
16:24:02.0 (37818598)|STATEMENT_EXECUTE|[111]
16:24:02.0 (37848381)|VARIABLE_ASSIGNMENT|[EXTERNAL]|this|{"aptdum":"0x370690dc","Docdum":"0x3c16df15","Docmap":"0xb9e0e0a","Initialselected":0,"Selecteddoc":"a260H000001koYlQAI","SelectedtimeSlot":30,"timelist":"0x2315b445","timeset":"0x74bbb573","timewraplist":"0x19d6abfa","timewraplistInitial":"0x13de2c01"}|0x27689fe2
16:24:02.0 (37863062)|HEAP_ALLOCATE|[EXTERNAL]|Bytes:4
16:24:02.0 (37874612)|STATEMENT_EXECUTE|[113]
16:24:02.0 (37876342)|STATEMENT_EXECUTE|[114]
16:24:02.0 (37900945)|VARIABLE_ASSIGNMENT|[EXTERNAL]|this|{"aptdum":"0x370690dc","Docdum":"0x3c16df15","Docmap":"0xb9e0e0a","Initialselected":0,"Selecteddoc":"a260H000001koYlQAI","SelectedtimeSlot":30,"timelist":"0x2315b445","timeset":"0x74bbb573","timewraplist":"0x19d6abfa","timewraplistInitial":"0x13de2c01"}|0x27689fe2
16:24:02.0 (37912874)|HEAP_ALLOCATE|[114]|Bytes:12
16:24:02.0 (37925180)|CONSTRUCTOR_ENTRY|[114]|01p0H000007gCe8|<init>(Boolean,Time)
16:24:02.0 (37930459)|VARIABLE_SCOPE_BEGIN|[212]|this|docappcontroller.Wrapertimeslot|true|false
16:24:02.0 (37943118)|VARIABLE_ASSIGNMENT|[212]|this|{}|0x409e8093
16:24:02.0 (37949206)|VARIABLE_SCOPE_BEGIN|[212]|selection|Boolean|false|false
16:24:02.0 (37956356)|VARIABLE_ASSIGNMENT|[212]|selection|false
16:24:02.0 (37959881)|VARIABLE_SCOPE_BEGIN|[212]|tm|Time|false|false
16:24:02.0 (37968005)|VARIABLE_ASSIGNMENT|[212]|tm|48600000
16:24:02.0 (37972162)|STATEMENT_EXECUTE|[208]
16:24:02.0 (37973730)|STATEMENT_EXECUTE|[209]
16:24:02.0 (37975195)|STATEMENT_EXECUTE|[210]
16:24:02.0 (37984127)|STATEMENT_EXECUTE|[212]
16:24:02.0 (37985738)|STATEMENT_EXECUTE|[213]
16:24:02.0 (37996787)|VARIABLE_ASSIGNMENT|[EXTERNAL]|this|{}|0x409e8093
16:24:02.0 (38008631)|VARIABLE_ASSIGNMENT|[EXTERNAL]|value|false
16:24:02.0 (38017374)|HEAP_ALLOCATE|[209]|Bytes:5
16:24:02.0 (38026147)|VARIABLE_ASSIGNMENT|[209]|this.selected|false|0x409e8093
16:24:02.0 (38037609)|STATEMENT_EXECUTE|[214]
16:24:02.0 (38056858)|VARIABLE_ASSIGNMENT|[EXTERNAL]|this|{"selected":false}|0x409e8093
16:24:02.0 (38066683)|VARIABLE_ASSIGNMENT|[EXTERNAL]|value|48600000
16:24:02.0 (38074105)|VARIABLE_ASSIGNMENT|[210]|this.t|48600000|0x409e8093
16:24:02.0 (38089047)|CONSTRUCTOR_EXIT|[114]|01p0H000007gCe8|<init>(Boolean,Time)
16:24:02.0 (38100402)|HEAP_ALLOCATE|[EXTERNAL]|Bytes:4
16:24:02.0 (38116951)|HEAP_ALLOCATE|[107]|Bytes:28
16:24:02.0 (38122680)|HEAP_ALLOCATE|[107]|Bytes:28
16:24:02.0 (38152817)|STATEMENT_EXECUTE|[107]
16:24:02.0 (38155692)|STATEMENT_EXECUTE|[108]
16:24:02.0 (38167783)|USER_DEBUG|[108]|DEBUG|13:30:00.000Z
16:24:02.0 (38175477)|STATEMENT_EXECUTE|[109]
16:24:02.0 (38185640)|HEAP_ALLOCATE|[109]|Bytes:4
16:24:02.0 (38200115)|VARIABLE_ASSIGNMENT|[109]|t|50400000
16:24:02.0 (38204547)|STATEMENT_EXECUTE|[110]
16:24:02.0 (38210408)|HEAP_ALLOCATE|[110]|Bytes:28
16:24:02.0 (38223808)|HEAP_ALLOCATE|[110]|Bytes:28
16:24:02.0 (38235383)|VARIABLE_ASSIGNMENT|[110]|i1|5.0
16:24:02.0 (38239831)|STATEMENT_EXECUTE|[111]
16:24:02.0 (38274242)|VARIABLE_ASSIGNMENT|[EXTERNAL]|this|{"aptdum":"0x370690dc","Docdum":"0x3c16df15","Docmap":"0xb9e0e0a","Initialselected":0,"Selecteddoc":"a260H000001koYlQAI","SelectedtimeSlot":30,"timelist":"0x2315b445","timeset":"0x74bbb573","timewraplist":"0x19d6abfa","timewraplistInitial":"0x13de2c01"}|0x27689fe2
16:24:02.0 (38289802)|HEAP_ALLOCATE|[EXTERNAL]|Bytes:4
16:24:02.0 (38302301)|STATEMENT_EXECUTE|[113]
16:24:02.0 (38304020)|STATEMENT_EXECUTE|[114]
16:24:02.0 (38330069)|VARIABLE_ASSIGNMENT|[EXTERNAL]|this|{"aptdum":"0x370690dc","Docdum":"0x3c16df15","Docmap":"0xb9e0e0a","Initialselected":0,"Selecteddoc":"a260H000001koYlQAI","SelectedtimeSlot":30,"timelist":"0x2315b445","timeset":"0x74bbb573","timewraplist":"0x19d6abfa","timewraplistInitial":"0x13de2c01"}|0x27689fe2
16:24:02.0 (38344926)|HEAP_ALLOCATE|[114]|Bytes:12
16:24:02.0 (38357608)|CONSTRUCTOR_ENTRY|[114]|01p0H000007gCe8|<init>(Boolean,Time)
16:24:02.0 (38363652)|VARIABLE_SCOPE_BEGIN|[212]|this|docappcontroller.Wrapertimeslot|true|false
16:24:02.0 (38376900)|VARIABLE_ASSIGNMENT|[212]|this|{}|0x508a2437
16:24:02.0 (38383036)|VARIABLE_SCOPE_BEGIN|[212]|selection|Boolean|false|false
16:24:02.0 (38391289)|VARIABLE_ASSIGNMENT|[212]|selection|false
16:24:02.0 (38395429)|VARIABLE_SCOPE_BEGIN|[212]|tm|Time|false|false
16:24:02.0 (38403296)|VARIABLE_ASSIGNMENT|[212]|tm|50400000
16:24:02.0 (38407698)|STATEMENT_EXECUTE|[208]
16:24:02.0 (38409222)|STATEMENT_EXECUTE|[209]
16:24:02.0 (38410665)|STATEMENT_EXECUTE|[210]
16:24:02.0 (38419959)|STATEMENT_EXECUTE|[212]
16:24:02.0 (38421699)|STATEMENT_EXECUTE|[213]
16:24:02.0 (38432849)|VARIABLE_ASSIGNMENT|[EXTERNAL]|this|{}|0x508a2437
16:24:02.0 (38441423)|VARIABLE_ASSIGNMENT|[EXTERNAL]|value|false
16:24:02.0 (38446976)|HEAP_ALLOCATE|[209]|Bytes:5
16:24:02.0 (38452924)|VARIABLE_ASSIGNMENT|[209]|this.selected|false|0x508a2437
16:24:02.0 (38460363)|STATEMENT_EXECUTE|[214]
16:24:02.0 (38471647)|VARIABLE_ASSIGNMENT|[EXTERNAL]|this|{"selected":false}|0x508a2437
16:24:02.0 (38485338)|VARIABLE_ASSIGNMENT|[EXTERNAL]|value|50400000
16:24:02.0 (38493063)|VARIABLE_ASSIGNMENT|[210]|this.t|50400000|0x508a2437
16:24:02.0 (38507000)|CONSTRUCTOR_EXIT|[114]|01p0H000007gCe8|<init>(Boolean,Time)
16:24:02.0 (38516300)|HEAP_ALLOCATE|[EXTERNAL]|Bytes:4
16:24:02.0 (38528115)|HEAP_ALLOCATE|[107]|Bytes:28
16:24:02.0 (38531676)|HEAP_ALLOCATE|[107]|Bytes:28
16:24:02.0 (38549639)|STATEMENT_EXECUTE|[107]
16:24:02.0 (38551475)|STATEMENT_EXECUTE|[108]
16:24:02.0 (38562201)|USER_DEBUG|[108]|DEBUG|14:00:00.000Z
16:24:02.0 (38569800)|STATEMENT_EXECUTE|[109]
16:24:02.0 (38579312)|HEAP_ALLOCATE|[109]|Bytes:4
16:24:02.0 (38592145)|VARIABLE_ASSIGNMENT|[109]|t|52200000
16:24:02.0 (38596202)|STATEMENT_EXECUTE|[110]
16:24:02.0 (38601214)|HEAP_ALLOCATE|[110]|Bytes:28
16:24:02.0 (38613973)|HEAP_ALLOCATE|[110]|Bytes:28
16:24:02.0 (38624951)|VARIABLE_ASSIGNMENT|[110]|i1|5.5
16:24:02.0 (38629274)|STATEMENT_EXECUTE|[111]
16:24:02.0 (38658913)|VARIABLE_ASSIGNMENT|[EXTERNAL]|this|{"aptdum":"0x370690dc","Docdum":"0x3c16df15","Docmap":"0xb9e0e0a","Initialselected":0,"Selecteddoc":"a260H000001koYlQAI","SelectedtimeSlot":30,"timelist":"0x2315b445","timeset":"0x74bbb573","timewraplist":"0x19d6abfa","timewraplistInitial":"0x13de2c01"}|0x27689fe2
16:24:02.0 (38673013)|HEAP_ALLOCATE|[EXTERNAL]|Bytes:4
16:24:02.0 (38684782)|STATEMENT_EXECUTE|[113]
16:24:02.0 (38686548)|STATEMENT_EXECUTE|[114]
16:24:02.0 (38710945)|VARIABLE_ASSIGNMENT|[EXTERNAL]|this|{"aptdum":"0x370690dc","Docdum":"0x3c16df15","Docmap":"0xb9e0e0a","Initialselected":0,"Selecteddoc":"a260H000001koYlQAI","SelectedtimeSlot":30,"timelist":"0x2315b445","timeset":"0x74bbb573","timewraplist":"0x19d6abfa","timewraplistInitial":"0x13de2c01"}|0x27689fe2
16:24:02.0 (38723048)|HEAP_ALLOCATE|[114]|Bytes:12
16:24:02.0 (38734963)|CONSTRUCTOR_ENTRY|[114]|01p0H000007gCe8|<init>(Boolean,Time)
16:24:02.0 (38740653)|VARIABLE_SCOPE_BEGIN|[212]|this|docappcontroller.Wrapertimeslot|true|false
16:24:02.0 (38753467)|VARIABLE_ASSIGNMENT|[212]|this|{}|0x46d7eac7
16:24:02.0 (38759442)|VARIABLE_SCOPE_BEGIN|[212]|selection|Boolean|false|false
16:24:02.0 (38766604)|VARIABLE_ASSIGNMENT|[212]|selection|false
16:24:02.0 (38770464)|VARIABLE_SCOPE_BEGIN|[212]|tm|Time|false|false
16:24:02.0 (38778304)|VARIABLE_ASSIGNMENT|[212]|tm|52200000
16:24:02.0 (38782467)|STATEMENT_EXECUTE|[208]
16:24:02.0 (38784067)|STATEMENT_EXECUTE|[209]
16:24:02.0 (38785552)|STATEMENT_EXECUTE|[210]
16:24:02.0 (38794576)|STATEMENT_EXECUTE|[212]
16:24:02.0 (38796154)|STATEMENT_EXECUTE|[213]
16:24:02.0 (38806898)|VARIABLE_ASSIGNMENT|[EXTERNAL]|this|{}|0x46d7eac7
16:24:02.0 (38815348)|VARIABLE_ASSIGNMENT|[EXTERNAL]|value|false
16:24:02.0 (38820409)|HEAP_ALLOCATE|[209]|Bytes:5
16:24:02.0 (38826213)|VARIABLE_ASSIGNMENT|[209]|this.selected|false|0x46d7eac7
16:24:02.0 (38833474)|STATEMENT_EXECUTE|[214]
16:24:02.0 (38844675)|VARIABLE_ASSIGNMENT|[EXTERNAL]|this|{"selected":false}|0x46d7eac7
16:24:02.0 (38853131)|VARIABLE_ASSIGNMENT|[EXTERNAL]|value|52200000
16:24:02.0 (38859868)|VARIABLE_ASSIGNMENT|[210]|this.t|52200000|0x46d7eac7
16:24:02.0 (38872905)|CONSTRUCTOR_EXIT|[114]|01p0H000007gCe8|<init>(Boolean,Time)
16:24:02.0 (38881542)|HEAP_ALLOCATE|[EXTERNAL]|Bytes:4
16:24:02.0 (38896549)|HEAP_ALLOCATE|[107]|Bytes:28
16:24:02.0 (38900236)|HEAP_ALLOCATE|[107]|Bytes:28
16:24:02.0 (38917763)|STATEMENT_EXECUTE|[107]
16:24:02.0 (38919504)|STATEMENT_EXECUTE|[108]
16:24:02.0 (38927779)|USER_DEBUG|[108]|DEBUG|14:30:00.000Z
16:24:02.0 (38934543)|STATEMENT_EXECUTE|[109]
16:24:02.0 (38942686)|HEAP_ALLOCATE|[109]|Bytes:4
16:24:02.0 (38955795)|VARIABLE_ASSIGNMENT|[109]|t|54000000
16:24:02.0 (38959792)|STATEMENT_EXECUTE|[110]
16:24:02.0 (38965137)|HEAP_ALLOCATE|[110]|Bytes:28
16:24:02.0 (38980985)|HEAP_ALLOCATE|[110]|Bytes:28
16:24:02.0 (38992289)|VARIABLE_ASSIGNMENT|[110]|i1|6.0
16:24:02.0 (38996747)|STATEMENT_EXECUTE|[111]
16:24:02.0 (39028980)|VARIABLE_ASSIGNMENT|[EXTERNAL]|this|{"aptdum":"0x370690dc","Docdum":"0x3c16df15","Docmap":"0xb9e0e0a","Initialselected":0,"Selecteddoc":"a260H000001koYlQAI","SelectedtimeSlot":30,"timelist":"0x2315b445","timeset":"0x74bbb573","timewraplist":"0x19d6abfa","timewraplistInitial":"0x13de2c01"}|0x27689fe2
16:24:02.0 (39043753)|HEAP_ALLOCATE|[EXTERNAL]|Bytes:4
16:24:02.0 (39055334)|STATEMENT_EXECUTE|[113]
16:24:02.0 (39057016)|STATEMENT_EXECUTE|[114]
16:24:02.0 (39081941)|VARIABLE_ASSIGNMENT|[EXTERNAL]|this|{"aptdum":"0x370690dc","Docdum":"0x3c16df15","Docmap":"0xb9e0e0a","Initialselected":0,"Selecteddoc":"a260H000001koYlQAI","SelectedtimeSlot":30,"timelist":"0x2315b445","timeset":"0x74bbb573","timewraplist":"0x19d6abfa","timewraplistInitial":"0x13de2c01"}|0x27689fe2
16:24:02.0 (39094280)|HEAP_ALLOCATE|[114]|Bytes:12
16:24:02.0 (39106363)|CONSTRUCTOR_ENTRY|[114]|01p0H000007gCe8|<init>(Boolean,Time)
16:24:02.0 (39111843)|VARIABLE_SCOPE_BEGIN|[212]|this|docappcontroller.Wrapertimeslot|true|false
16:24:02.0 (39124290)|VARIABLE_ASSIGNMENT|[212]|this|{}|0x3b01e340
16:24:02.0 (39130786)|VARIABLE_SCOPE_BEGIN|[212]|selection|Boolean|false|false
16:24:02.0 (39138120)|VARIABLE_ASSIGNMENT|[212]|selection|false
16:24:02.0 (39141776)|VARIABLE_SCOPE_BEGIN|[212]|tm|Time|false|false
16:24:02.0 (39149290)|VARIABLE_ASSIGNMENT|[212]|tm|54000000
16:24:02.0 (39153552)|STATEMENT_EXECUTE|[208]
16:24:02.0 (39155105)|STATEMENT_EXECUTE|[209]
16:24:02.0 (39156605)|STATEMENT_EXECUTE|[210]
16:24:02.0 (39165306)|STATEMENT_EXECUTE|[212]
16:24:02.0 (39166920)|STATEMENT_EXECUTE|[213]
16:24:02.0 (39178102)|VARIABLE_ASSIGNMENT|[EXTERNAL]|this|{}|0x3b01e340
16:24:02.0 (39186570)|VARIABLE_ASSIGNMENT|[EXTERNAL]|value|false
16:24:02.0 (39192468)|HEAP_ALLOCATE|[209]|Bytes:5
16:24:02.0 (39198425)|VARIABLE_ASSIGNMENT|[209]|this.selected|false|0x3b01e340
16:24:02.0 (39205065)|STATEMENT_EXECUTE|[214]
16:24:02.0 (39216287)|VARIABLE_ASSIGNMENT|[EXTERNAL]|this|{"selected":false}|0x3b01e340
16:24:02.0 (39224813)|VARIABLE_ASSIGNMENT|[EXTERNAL]|value|54000000
16:24:02.0 (39231782)|VARIABLE_ASSIGNMENT|[210]|this.t|54000000|0x3b01e340
16:24:02.0 (39245544)|CONSTRUCTOR_EXIT|[114]|01p0H000007gCe8|<init>(Boolean,Time)
16:24:02.0 (39254191)|HEAP_ALLOCATE|[EXTERNAL]|Bytes:4
16:24:02.0 (39264742)|HEAP_ALLOCATE|[107]|Bytes:28
16:24:02.0 (39269107)|HEAP_ALLOCATE|[107]|Bytes:28
16:24:02.0 (39286385)|STATEMENT_EXECUTE|[107]
16:24:02.0 (39288220)|STATEMENT_EXECUTE|[108]
16:24:02.0 (39296437)|USER_DEBUG|[108]|DEBUG|15:00:00.000Z
16:24:02.0 (39303397)|STATEMENT_EXECUTE|[109]
16:24:02.0 (39311344)|HEAP_ALLOCATE|[109]|Bytes:4
16:24:02.0 (39323360)|VARIABLE_ASSIGNMENT|[109]|t|55800000
16:24:02.0 (39327354)|STATEMENT_EXECUTE|[110]
16:24:02.0 (39332100)|HEAP_ALLOCATE|[110]|Bytes:28
16:24:02.0 (39344072)|HEAP_ALLOCATE|[110]|Bytes:28
16:24:02.0 (39355138)|VARIABLE_ASSIGNMENT|[110]|i1|6.5
16:24:02.0 (39359471)|STATEMENT_EXECUTE|[111]
16:24:02.0 (39387723)|VARIABLE_ASSIGNMENT|[EXTERNAL]|this|{"aptdum":"0x370690dc","Docdum":"0x3c16df15","Docmap":"0xb9e0e0a","Initialselected":0,"Selecteddoc":"a260H000001koYlQAI","SelectedtimeSlot":30,"timelist":"0x2315b445","timeset":"0x74bbb573","timewraplist":"0x19d6abfa","timewraplistInitial":"0x13de2c01"}|0x27689fe2
16:24:02.0 (39401419)|HEAP_ALLOCATE|[EXTERNAL]|Bytes:4
16:24:02.0 (39412313)|STATEMENT_EXECUTE|[113]
16:24:02.0 (39413985)|STATEMENT_EXECUTE|[114]
16:24:02.0 (39438455)|VARIABLE_ASSIGNMENT|[EXTERNAL]|this|{"aptdum":"0x370690dc","Docdum":"0x3c16df15","Docmap":"0xb9e0e0a","Initialselected":0,"Selecteddoc":"a260H000001koYlQAI","SelectedtimeSlot":30,"timelist":"0x2315b445","timeset":"0x74bbb573","timewraplist":"0x19d6abfa","timewraplistInitial":"0x13de2c01"}|0x27689fe2
16:24:02.0 (39449753)|HEAP_ALLOCATE|[114]|Bytes:12
16:24:02.0 (39461407)|CONSTRUCTOR_ENTRY|[114]|01p0H000007gCe8|<init>(Boolean,Time)
16:24:02.0 (39466771)|VARIABLE_SCOPE_BEGIN|[212]|this|docappcontroller.Wrapertimeslot|true|false
16:24:02.0 (39479158)|VARIABLE_ASSIGNMENT|[212]|this|{}|0x3d473b1
16:24:02.0 (39490655)|VARIABLE_SCOPE_BEGIN|[212]|selection|Boolean|false|false
16:24:02.0 (39498374)|VARIABLE_ASSIGNMENT|[212]|selection|false
16:24:02.0 (39502497)|VARIABLE_SCOPE_BEGIN|[212]|tm|Time|false|false
16:24:02.0 (39510216)|VARIABLE_ASSIGNMENT|[212]|tm|55800000
16:24:02.0 (39514418)|STATEMENT_EXECUTE|[208]
16:24:02.0 (39516024)|STATEMENT_EXECUTE|[209]
16:24:02.0 (39517633)|STATEMENT_EXECUTE|[210]
16:24:02.0 (39526442)|STATEMENT_EXECUTE|[212]
16:24:02.0 (39528059)|STATEMENT_EXECUTE|[213]
16:24:02.0 (39539290)|VARIABLE_ASSIGNMENT|[EXTERNAL]|this|{}|0x3d473b1
16:24:02.0 (39547826)|VARIABLE_ASSIGNMENT|[EXTERNAL]|value|false
16:24:02.0 (39552672)|HEAP_ALLOCATE|[209]|Bytes:5
16:24:02.0 (39560364)|VARIABLE_ASSIGNMENT|[209]|this.selected|false|0x3d473b1
16:24:02.0 (39567734)|STATEMENT_EXECUTE|[214]
16:24:02.0 (39579075)|VARIABLE_ASSIGNMENT|[EXTERNAL]|this|{"selected":false}|0x3d473b1
16:24:02.0 (39587459)|VARIABLE_ASSIGNMENT|[EXTERNAL]|value|55800000
16:24:02.0 (39594556)|VARIABLE_ASSIGNMENT|[210]|this.t|55800000|0x3d473b1
16:24:02.0 (39608169)|CONSTRUCTOR_EXIT|[114]|01p0H000007gCe8|<init>(Boolean,Time)
16:24:02.0 (39616654)|HEAP_ALLOCATE|[EXTERNAL]|Bytes:4
16:24:02.0 (39627760)|HEAP_ALLOCATE|[107]|Bytes:28
16:24:02.0 (39631215)|HEAP_ALLOCATE|[107]|Bytes:28
16:24:02.0 (39648396)|STATEMENT_EXECUTE|[107]
16:24:02.0 (39650316)|STATEMENT_EXECUTE|[108]
16:24:02.0 (39658582)|USER_DEBUG|[108]|DEBUG|15:30:00.000Z
16:24:02.0 (39665018)|STATEMENT_EXECUTE|[109]
16:24:02.0 (39672961)|HEAP_ALLOCATE|[109]|Bytes:4
16:24:02.0 (39685743)|VARIABLE_ASSIGNMENT|[109]|t|57600000
16:24:02.0 (39690620)|STATEMENT_EXECUTE|[110]
16:24:02.0 (39695687)|HEAP_ALLOCATE|[110]|Bytes:28
16:24:02.0 (39707816)|HEAP_ALLOCATE|[110]|Bytes:28
16:24:02.0 (39718776)|VARIABLE_ASSIGNMENT|[110]|i1|7.0
16:24:02.0 (39723085)|STATEMENT_EXECUTE|[111]
16:24:02.0 (39752177)|VARIABLE_ASSIGNMENT|[EXTERNAL]|this|{"aptdum":"0x370690dc","Docdum":"0x3c16df15","Docmap":"0xb9e0e0a","Initialselected":0,"Selecteddoc":"a260H000001koYlQAI","SelectedtimeSlot":30,"timelist":"0x2315b445","timeset":"0x74bbb573","timewraplist":"0x19d6abfa","timewraplistInitial":"0x13de2c01"}|0x27689fe2
16:24:02.0 (39765897)|HEAP_ALLOCATE|[EXTERNAL]|Bytes:4
16:24:02.0 (39777022)|STATEMENT_EXECUTE|[113]
16:24:02.0 (39778639)|STATEMENT_EXECUTE|[114]
16:24:02.0 (39802742)|VARIABLE_ASSIGNMENT|[EXTERNAL]|this|{"aptdum":"0x370690dc","Docdum":"0x3c16df15","Docmap":"0xb9e0e0a","Initialselected":0,"Selecteddoc":"a260H000001koYlQAI","SelectedtimeSlot":30,"timelist":"0x2315b445","timeset":"0x74bbb573","timewraplist":"0x19d6abfa","timewraplistInitial":"0x13de2c01"}|0x27689fe2
16:24:02.0 (39814176)|HEAP_ALLOCATE|[114]|Bytes:12
16:24:02.0 (39825728)|CONSTRUCTOR_ENTRY|[114]|01p0H000007gCe8|<init>(Boolean,Time)
16:24:02.0 (39831117)|VARIABLE_SCOPE_BEGIN|[212]|this|docappcontroller.Wrapertimeslot|true|false
16:24:02.0 (39843432)|VARIABLE_ASSIGNMENT|[212]|this|{}|0x570e52c0
16:24:02.0 (39849853)|VARIABLE_SCOPE_BEGIN|[212]|selection|Boolean|false|false
16:24:02.0 (39857237)|VARIABLE_ASSIGNMENT|[212]|selection|false
16:24:02.0 (39860801)|VARIABLE_SCOPE_BEGIN|[212]|tm|Time|false|false
16:24:02.0 (39867893)|VARIABLE_ASSIGNMENT|[212]|tm|57600000
16:24:02.0 (39871994)|STATEMENT_EXECUTE|[208]
16:24:02.0 (39873900)|STATEMENT_EXECUTE|[209]
16:24:02.0 (39875528)|STATEMENT_EXECUTE|[210]
16:24:02.0 (39884299)|STATEMENT_EXECUTE|[212]
16:24:02.0 (39885846)|STATEMENT_EXECUTE|[213]
16:24:02.0 (39896739)|VARIABLE_ASSIGNMENT|[EXTERNAL]|this|{}|0x570e52c0
16:24:02.0 (39905390)|VARIABLE_ASSIGNMENT|[EXTERNAL]|value|false
16:24:02.0 (39910262)|HEAP_ALLOCATE|[209]|Bytes:5
16:24:02.0 (39915786)|VARIABLE_ASSIGNMENT|[209]|this.selected|false|0x570e52c0
16:24:02.0 (39927408)|STATEMENT_EXECUTE|[214]
16:24:02.0 (39939067)|VARIABLE_ASSIGNMENT|[EXTERNAL]|this|{"selected":false}|0x570e52c0
16:24:02.0 (39948013)|VARIABLE_ASSIGNMENT|[EXTERNAL]|value|57600000
16:24:02.0 (39954912)|VARIABLE_ASSIGNMENT|[210]|this.t|57600000|0x570e52c0
16:24:02.0 (39968256)|CONSTRUCTOR_EXIT|[114]|01p0H000007gCe8|<init>(Boolean,Time)
16:24:02.0 (39977483)|HEAP_ALLOCATE|[EXTERNAL]|Bytes:4
16:24:02.0 (39988074)|HEAP_ALLOCATE|[107]|Bytes:28
16:24:02.0 (39991709)|HEAP_ALLOCATE|[107]|Bytes:28
16:24:02.0 (40008938)|STATEMENT_EXECUTE|[107]
16:24:02.0 (40011343)|STATEMENT_EXECUTE|[108]
16:24:02.0 (40019468)|USER_DEBUG|[108]|DEBUG|16:00:00.000Z
16:24:02.0 (40026610)|STATEMENT_EXECUTE|[109]
16:24:02.0 (40034579)|HEAP_ALLOCATE|[109]|Bytes:4
16:24:02.0 (40047139)|VARIABLE_ASSIGNMENT|[109]|t|59400000
16:24:02.0 (40051471)|STATEMENT_EXECUTE|[110]
16:24:02.0 (40056086)|HEAP_ALLOCATE|[110]|Bytes:28
16:24:02.0 (40068350)|HEAP_ALLOCATE|[110]|Bytes:28
16:24:02.0 (40079161)|VARIABLE_ASSIGNMENT|[110]|i1|7.5
16:24:02.0 (40082961)|STATEMENT_EXECUTE|[111]
16:24:02.0 (40110860)|VARIABLE_ASSIGNMENT|[EXTERNAL]|this|{"aptdum":"0x370690dc","Docdum":"0x3c16df15","Docmap":"0xb9e0e0a","Initialselected":0,"Selecteddoc":"a260H000001koYlQAI","SelectedtimeSlot":30,"timelist":"0x2315b445","timeset":"0x74bbb573","timewraplist":"0x19d6abfa","timewraplistInitial":"0x13de2c01"}|0x27689fe2
16:24:02.0 (40125088)|HEAP_ALLOCATE|[EXTERNAL]|Bytes:4
16:24:02.0 (40136422)|STATEMENT_EXECUTE|[113]
16:24:02.0 (40138080)|STATEMENT_EXECUTE|[114]
16:24:02.0 (40162177)|VARIABLE_ASSIGNMENT|[EXTERNAL]|this|{"aptdum":"0x370690dc","Docdum":"0x3c16df15","Docmap":"0xb9e0e0a","Initialselected":0,"Selecteddoc":"a260H000001koYlQAI","SelectedtimeSlot":30,"timelist":"0x2315b445","timeset":"0x74bbb573","timewraplist":"0x19d6abfa","timewraplistInitial":"0x13de2c01"}|0x27689fe2
16:24:02.0 (40174482)|HEAP_ALLOCATE|[114]|Bytes:12
16:24:02.0 (40186475)|CONSTRUCTOR_ENTRY|[114]|01p0H000007gCe8|<init>(Boolean,Time)
16:24:02.0 (40192026)|VARIABLE_SCOPE_BEGIN|[212]|this|docappcontroller.Wrapertimeslot|true|false
16:24:02.0 (40204857)|VARIABLE_ASSIGNMENT|[212]|this|{}|0x2138736
16:24:02.0 (40211007)|VARIABLE_SCOPE_BEGIN|[212]|selection|Boolean|false|false
16:24:02.0 (40218113)|VARIABLE_ASSIGNMENT|[212]|selection|false
16:24:02.0 (40222001)|VARIABLE_SCOPE_BEGIN|[212]|tm|Time|false|false
16:24:02.0 (40230130)|VARIABLE_ASSIGNMENT|[212]|tm|59400000
16:24:02.0 (40234246)|STATEMENT_EXECUTE|[208]
16:24:02.0 (40235808)|STATEMENT_EXECUTE|[209]
16:24:02.0 (40237298)|STATEMENT_EXECUTE|[210]
16:24:02.0 (40246121)|STATEMENT_EXECUTE|[212]
16:24:02.0 (40247733)|STATEMENT_EXECUTE|[213]
16:24:02.0 (40258467)|VARIABLE_ASSIGNMENT|[EXTERNAL]|this|{}|0x2138736
16:24:02.0 (40266517)|VARIABLE_ASSIGNMENT|[EXTERNAL]|value|false
16:24:02.0 (40271853)|HEAP_ALLOCATE|[209]|Bytes:5
16:24:02.0 (40277979)|VARIABLE_ASSIGNMENT|[209]|this.selected|false|0x2138736
16:24:02.0 (40284926)|STATEMENT_EXECUTE|[214]
16:24:02.0 (40295739)|VARIABLE_ASSIGNMENT|[EXTERNAL]|this|{"selected":false}|0x2138736
16:24:02.0 (40304583)|VARIABLE_ASSIGNMENT|[EXTERNAL]|value|59400000
16:24:02.0 (40311317)|VARIABLE_ASSIGNMENT|[210]|this.t|59400000|0x2138736
16:24:02.0 (40324352)|CONSTRUCTOR_EXIT|[114]|01p0H000007gCe8|<init>(Boolean,Time)
16:24:02.0 (40332826)|HEAP_ALLOCATE|[EXTERNAL]|Bytes:4
16:24:02.0 (40343060)|HEAP_ALLOCATE|[107]|Bytes:28
16:24:02.0 (40346585)|HEAP_ALLOCATE|[107]|Bytes:28
16:24:02.0 (40363296)|STATEMENT_EXECUTE|[107]
16:24:02.0 (40365111)|STATEMENT_EXECUTE|[108]
16:24:02.0 (40372980)|USER_DEBUG|[108]|DEBUG|16:30:00.000Z
16:24:02.0 (40379660)|STATEMENT_EXECUTE|[109]
16:24:02.0 (40387627)|HEAP_ALLOCATE|[109]|Bytes:4
16:24:02.0 (40399733)|VARIABLE_ASSIGNMENT|[109]|t|61200000
16:24:02.0 (40403846)|STATEMENT_EXECUTE|[110]
16:24:02.0 (40408656)|HEAP_ALLOCATE|[110]|Bytes:28
16:24:02.0 (40420988)|HEAP_ALLOCATE|[110]|Bytes:28
16:24:02.0 (40432282)|VARIABLE_ASSIGNMENT|[110]|i1|8.0
16:24:02.0 (40436384)|STATEMENT_EXECUTE|[111]
16:24:02.0 (40464853)|VARIABLE_ASSIGNMENT|[EXTERNAL]|this|{"aptdum":"0x370690dc","Docdum":"0x3c16df15","Docmap":"0xb9e0e0a","Initialselected":0,"Selecteddoc":"a260H000001koYlQAI","SelectedtimeSlot":30,"timelist":"0x2315b445","timeset":"0x74bbb573","timewraplist":"0x19d6abfa","timewraplistInitial":"0x13de2c01"}|0x27689fe2
16:24:02.0 (40478520)|HEAP_ALLOCATE|[EXTERNAL]|Bytes:4
16:24:02.0 (40494493)|STATEMENT_EXECUTE|[113]
16:24:02.0 (40496227)|STATEMENT_EXECUTE|[114]
16:24:02.0 (40520987)|VARIABLE_ASSIGNMENT|[EXTERNAL]|this|{"aptdum":"0x370690dc","Docdum":"0x3c16df15","Docmap":"0xb9e0e0a","Initialselected":0,"Selecteddoc":"a260H000001koYlQAI","SelectedtimeSlot":30,"timelist":"0x2315b445","timeset":"0x74bbb573","timewraplist":"0x19d6abfa","timewraplistInitial":"0x13de2c01"}|0x27689fe2
16:24:02.0 (40532795)|HEAP_ALLOCATE|[114]|Bytes:12
16:24:02.0 (40544175)|CONSTRUCTOR_ENTRY|[114]|01p0H000007gCe8|<init>(Boolean,Time)
16:24:02.0 (40549422)|VARIABLE_SCOPE_BEGIN|[212]|this|docappcontroller.Wrapertimeslot|true|false
16:24:02.0 (40564855)|VARIABLE_ASSIGNMENT|[212]|this|{}|0x137bb8bb
16:24:02.0 (40571221)|VARIABLE_SCOPE_BEGIN|[212]|selection|Boolean|false|false
16:24:02.0 (40578558)|VARIABLE_ASSIGNMENT|[212]|selection|false
16:24:02.0 (40582316)|VARIABLE_SCOPE_BEGIN|[212]|tm|Time|false|false
16:24:02.0 (40589777)|VARIABLE_ASSIGNMENT|[212]|tm|61200000
16:24:02.0 (40593962)|STATEMENT_EXECUTE|[208]
16:24:02.0 (40595538)|STATEMENT_EXECUTE|[209]
16:24:02.0 (40596986)|STATEMENT_EXECUTE|[210]
16:24:02.0 (40605672)|STATEMENT_EXECUTE|[212]
16:24:02.0 (40607185)|STATEMENT_EXECUTE|[213]
16:24:02.0 (40618520)|VARIABLE_ASSIGNMENT|[EXTERNAL]|this|{}|0x137bb8bb
16:24:02.0 (40626752)|VARIABLE_ASSIGNMENT|[EXTERNAL]|value|false
16:24:02.0 (40631890)|HEAP_ALLOCATE|[209]|Bytes:5
16:24:02.0 (40637486)|VARIABLE_ASSIGNMENT|[209]|this.selected|false|0x137bb8bb
16:24:02.0 (40644589)|STATEMENT_EXECUTE|[214]
16:24:02.0 (40655571)|VARIABLE_ASSIGNMENT|[EXTERNAL]|this|{"selected":false}|0x137bb8bb
16:24:02.0 (40664236)|VARIABLE_ASSIGNMENT|[EXTERNAL]|value|61200000
16:24:02.0 (40671066)|VARIABLE_ASSIGNMENT|[210]|this.t|61200000|0x137bb8bb
16:24:02.0 (40684317)|CONSTRUCTOR_EXIT|[114]|01p0H000007gCe8|<init>(Boolean,Time)
16:24:02.0 (40692751)|HEAP_ALLOCATE|[EXTERNAL]|Bytes:4
16:24:02.0 (40703034)|HEAP_ALLOCATE|[107]|Bytes:28
16:24:02.0 (40706582)|HEAP_ALLOCATE|[107]|Bytes:28
16:24:02.0 (40723463)|STATEMENT_EXECUTE|[107]
16:24:02.0 (40725316)|STATEMENT_EXECUTE|[108]
16:24:02.0 (40733291)|USER_DEBUG|[108]|DEBUG|17:00:00.000Z
16:24:02.0 (40740331)|STATEMENT_EXECUTE|[109]
16:24:02.0 (40747819)|HEAP_ALLOCATE|[109]|Bytes:4
16:24:02.0 (40759848)|VARIABLE_ASSIGNMENT|[109]|t|63000000
16:24:02.0 (40764027)|STATEMENT_EXECUTE|[110]
16:24:02.0 (40768987)|HEAP_ALLOCATE|[110]|Bytes:28
16:24:02.0 (40780956)|HEAP_ALLOCATE|[110]|Bytes:28
16:24:02.0 (40791493)|VARIABLE_ASSIGNMENT|[110]|i1|8.5
16:24:02.0 (40795537)|STATEMENT_EXECUTE|[111]
16:24:02.0 (40823896)|VARIABLE_ASSIGNMENT|[EXTERNAL]|this|{"aptdum":"0x370690dc","Docdum":"0x3c16df15","Docmap":"0xb9e0e0a","Initialselected":0,"Selecteddoc":"a260H000001koYlQAI","SelectedtimeSlot":30,"timelist":"0x2315b445","timeset":"0x74bbb573","timewraplist":"0x19d6abfa","timewraplistInitial":"0x13de2c01"}|0x27689fe2
16:24:02.0 (40838038)|HEAP_ALLOCATE|[EXTERNAL]|Bytes:4
16:24:02.0 (40849229)|STATEMENT_EXECUTE|[113]
16:24:02.0 (40850867)|STATEMENT_EXECUTE|[114]
16:24:02.0 (40875499)|VARIABLE_ASSIGNMENT|[EXTERNAL]|this|{"aptdum":"0x370690dc","Docdum":"0x3c16df15","Docmap":"0xb9e0e0a","Initialselected":0,"Selecteddoc":"a260H000001koYlQAI","SelectedtimeSlot":30,"timelist":"0x2315b445","timeset":"0x74bbb573","timewraplist":"0x19d6abfa","timewraplistInitial":"0x13de2c01"}|0x27689fe2
16:24:02.0 (40886960)|HEAP_ALLOCATE|[114]|Bytes:12
16:24:02.0 (40898614)|CONSTRUCTOR_ENTRY|[114]|01p0H000007gCe8|<init>(Boolean,Time)
16:24:02.0 (40903965)|VARIABLE_SCOPE_BEGIN|[212]|this|docappcontroller.Wrapertimeslot|true|false
16:24:02.0 (40916582)|VARIABLE_ASSIGNMENT|[212]|this|{}|0x210eb2b9
16:24:02.0 (40922867)|VARIABLE_SCOPE_BEGIN|[212]|selection|Boolean|false|false
16:24:02.0 (40929890)|VARIABLE_ASSIGNMENT|[212]|selection|false
16:24:02.0 (40933503)|VARIABLE_SCOPE_BEGIN|[212]|tm|Time|false|false
16:24:02.0 (40942007)|VARIABLE_ASSIGNMENT|[212]|tm|63000000
16:24:02.0 (40946275)|STATEMENT_EXECUTE|[208]
16:24:02.0 (40947872)|STATEMENT_EXECUTE|[209]
16:24:02.0 (40949439)|STATEMENT_EXECUTE|[210]
16:24:02.0 (40957809)|STATEMENT_EXECUTE|[212]
16:24:02.0 (40959345)|STATEMENT_EXECUTE|[213]
16:24:02.0 (40970183)|VARIABLE_ASSIGNMENT|[EXTERNAL]|this|{}|0x210eb2b9
16:24:02.0 (40978610)|VARIABLE_ASSIGNMENT|[EXTERNAL]|value|false
16:24:02.0 (40983384)|HEAP_ALLOCATE|[209]|Bytes:5
16:24:02.0 (40989021)|VARIABLE_ASSIGNMENT|[209]|this.selected|false|0x210eb2b9
16:24:02.0 (40995311)|STATEMENT_EXECUTE|[214]
16:24:02.0 (41006345)|VARIABLE_ASSIGNMENT|[EXTERNAL]|this|{"selected":false}|0x210eb2b9
16:24:02.0 (41015491)|VARIABLE_ASSIGNMENT|[EXTERNAL]|value|63000000
16:24:02.0 (41022566)|VARIABLE_ASSIGNMENT|[210]|this.t|63000000|0x210eb2b9
16:24:02.0 (41035817)|CONSTRUCTOR_EXIT|[114]|01p0H000007gCe8|<init>(Boolean,Time)
16:24:02.0 (41044582)|HEAP_ALLOCATE|[EXTERNAL]|Bytes:4
16:24:02.0 (41054988)|HEAP_ALLOCATE|[107]|Bytes:28
16:24:02.0 (41058229)|HEAP_ALLOCATE|[107]|Bytes:28
16:24:02.0 (41074966)|STATEMENT_EXECUTE|[107]
16:24:02.0 (41077126)|STATEMENT_EXECUTE|[108]
16:24:02.0 (41085067)|USER_DEBUG|[108]|DEBUG|17:30:00.000Z
16:24:02.0 (41091962)|STATEMENT_EXECUTE|[109]
16:24:02.0 (41099806)|HEAP_ALLOCATE|[109]|Bytes:4
16:24:02.0 (41112423)|VARIABLE_ASSIGNMENT|[109]|t|64800000
16:24:02.0 (41116704)|STATEMENT_EXECUTE|[110]
16:24:02.0 (41123142)|HEAP_ALLOCATE|[110]|Bytes:28
16:24:02.0 (41142568)|HEAP_ALLOCATE|[110]|Bytes:28
16:24:02.0 (41161541)|VARIABLE_ASSIGNMENT|[110]|i1|9.0
16:24:02.0 (41168216)|STATEMENT_EXECUTE|[111]
16:24:02.0 (41199513)|VARIABLE_ASSIGNMENT|[EXTERNAL]|this|{"aptdum":"0x370690dc","Docdum":"0x3c16df15","Docmap":"0xb9e0e0a","Initialselected":0,"Selecteddoc":"a260H000001koYlQAI","SelectedtimeSlot":30,"timelist":"0x2315b445","timeset":"0x74bbb573","timewraplist":"0x19d6abfa","timewraplistInitial":"0x13de2c01"}|0x27689fe2
16:24:02.0 (41213895)|HEAP_ALLOCATE|[EXTERNAL]|Bytes:4
16:24:02.0 (41228790)|STATEMENT_EXECUTE|[113]
16:24:02.0 (41231267)|STATEMENT_EXECUTE|[114]
16:24:02.0 (41270374)|VARIABLE_ASSIGNMENT|[EXTERNAL]|this|{"aptdum":"0x370690dc","Docdum":"0x3c16df15","Docmap":"0xb9e0e0a","Initialselected":0,"Selecteddoc":"a260H000001koYlQAI","SelectedtimeSlot":30,"timelist":"0x2315b445","timeset":"0x74bbb573","timewraplist":"0x19d6abfa","timewraplistInitial":"0x13de2c01"}|0x27689fe2
16:24:02.0 (41289555)|HEAP_ALLOCATE|[114]|Bytes:12
16:24:02.0 (41304021)|CONSTRUCTOR_ENTRY|[114]|01p0H000007gCe8|<init>(Boolean,Time)
16:24:02.0 (41310236)|VARIABLE_SCOPE_BEGIN|[212]|this|docappcontroller.Wrapertimeslot|true|false
16:24:02.0 (41324427)|VARIABLE_ASSIGNMENT|[212]|this|{}|0x1bf7264c
16:24:02.0 (41330856)|VARIABLE_SCOPE_BEGIN|[212]|selection|Boolean|false|false
16:24:02.0 (41338532)|VARIABLE_ASSIGNMENT|[212]|selection|false
16:24:02.0 (41342272)|VARIABLE_SCOPE_BEGIN|[212]|tm|Time|false|false
16:24:02.0 (41351213)|VARIABLE_ASSIGNMENT|[212]|tm|64800000
16:24:02.0 (41355581)|STATEMENT_EXECUTE|[208]
16:24:02.0 (41357167)|STATEMENT_EXECUTE|[209]
16:24:02.0 (41358797)|STATEMENT_EXECUTE|[210]
16:24:02.0 (41367981)|STATEMENT_EXECUTE|[212]
16:24:02.0 (41369525)|STATEMENT_EXECUTE|[213]
16:24:02.0 (41381373)|VARIABLE_ASSIGNMENT|[EXTERNAL]|this|{}|0x1bf7264c
16:24:02.0 (41390542)|VARIABLE_ASSIGNMENT|[EXTERNAL]|value|false
16:24:02.0 (41395729)|HEAP_ALLOCATE|[209]|Bytes:5
16:24:02.0 (41401737)|VARIABLE_ASSIGNMENT|[209]|this.selected|false|0x1bf7264c
16:24:02.0 (41408474)|STATEMENT_EXECUTE|[214]
16:24:02.0 (41420025)|VARIABLE_ASSIGNMENT|[EXTERNAL]|this|{"selected":false}|0x1bf7264c
16:24:02.0 (41438221)|VARIABLE_ASSIGNMENT|[EXTERNAL]|value|64800000
16:24:02.0 (41445674)|VARIABLE_ASSIGNMENT|[210]|this.t|64800000|0x1bf7264c
16:24:02.0 (41459626)|CONSTRUCTOR_EXIT|[114]|01p0H000007gCe8|<init>(Boolean,Time)
16:24:02.0 (41469251)|HEAP_ALLOCATE|[EXTERNAL]|Bytes:4
16:24:02.0 (41485516)|HEAP_ALLOCATE|[107]|Bytes:28
16:24:02.0 (41489087)|HEAP_ALLOCATE|[107]|Bytes:28
16:24:02.0 (41508545)|STATEMENT_EXECUTE|[107]
16:24:02.0 (41510434)|STATEMENT_EXECUTE|[108]
16:24:02.0 (41520035)|USER_DEBUG|[108]|DEBUG|18:00:00.000Z
16:24:02.0 (41526830)|STATEMENT_EXECUTE|[109]
16:24:02.0 (41535830)|HEAP_ALLOCATE|[109]|Bytes:4
16:24:02.0 (41548827)|VARIABLE_ASSIGNMENT|[109]|t|66600000
16:24:02.0 (41552895)|STATEMENT_EXECUTE|[110]
16:24:02.0 (41560256)|HEAP_ALLOCATE|[110]|Bytes:28
16:24:02.0 (41573645)|HEAP_ALLOCATE|[110]|Bytes:28
16:24:02.0 (41584831)|VARIABLE_ASSIGNMENT|[110]|i1|9.5
16:24:02.0 (41588984)|STATEMENT_EXECUTE|[111]
16:24:02.0 (41618598)|VARIABLE_ASSIGNMENT|[EXTERNAL]|this|{"aptdum":"0x370690dc","Docdum":"0x3c16df15","Docmap":"0xb9e0e0a","Initialselected":0,"Selecteddoc":"a260H000001koYlQAI","SelectedtimeSlot":30,"timelist":"0x2315b445","timeset":"0x74bbb573","timewraplist":"0x19d6abfa","timewraplistInitial":"0x13de2c01"}|0x27689fe2
16:24:02.0 (41633984)|HEAP_ALLOCATE|[EXTERNAL]|Bytes:4
16:24:02.0 (41645313)|STATEMENT_EXECUTE|[113]
16:24:02.0 (41646937)|STATEMENT_EXECUTE|[114]
16:24:02.0 (41671295)|VARIABLE_ASSIGNMENT|[EXTERNAL]|this|{"aptdum":"0x370690dc","Docdum":"0x3c16df15","Docmap":"0xb9e0e0a","Initialselected":0,"Selecteddoc":"a260H000001koYlQAI","SelectedtimeSlot":30,"timelist":"0x2315b445","timeset":"0x74bbb573","timewraplist":"0x19d6abfa","timewraplistInitial":"0x13de2c01"}|0x27689fe2
16:24:02.0 (41683925)|HEAP_ALLOCATE|[114]|Bytes:12
16:24:02.0 (41696424)|CONSTRUCTOR_ENTRY|[114]|01p0H000007gCe8|<init>(Boolean,Time)
16:24:02.0 (41702248)|VARIABLE_SCOPE_BEGIN|[212]|this|docappcontroller.Wrapertimeslot|true|false
16:24:02.0 (41715447)|VARIABLE_ASSIGNMENT|[212]|this|{}|0x30df840b
16:24:02.0 (41722156)|VARIABLE_SCOPE_BEGIN|[212]|selection|Boolean|false|false
16:24:02.0 (41729796)|VARIABLE_ASSIGNMENT|[212]|selection|false
16:24:02.0 (41733389)|VARIABLE_SCOPE_BEGIN|[212]|tm|Time|false|false
16:24:02.0 (41741186)|VARIABLE_ASSIGNMENT|[212]|tm|66600000
16:24:02.0 (41745595)|STATEMENT_EXECUTE|[208]
16:24:02.0 (41747261)|STATEMENT_EXECUTE|[209]
16:24:02.0 (41748715)|STATEMENT_EXECUTE|[210]
16:24:02.0 (41757415)|STATEMENT_EXECUTE|[212]
16:24:02.0 (41758988)|STATEMENT_EXECUTE|[213]
16:24:02.0 (41770041)|VARIABLE_ASSIGNMENT|[EXTERNAL]|this|{}|0x30df840b
16:24:02.0 (41778907)|VARIABLE_ASSIGNMENT|[EXTERNAL]|value|false
16:24:02.0 (41783765)|HEAP_ALLOCATE|[209]|Bytes:5
16:24:02.0 (41789284)|VARIABLE_ASSIGNMENT|[209]|this.selected|false|0x30df840b
16:24:02.0 (41795957)|STATEMENT_EXECUTE|[214]
16:24:02.0 (41807614)|VARIABLE_ASSIGNMENT|[EXTERNAL]|this|{"selected":false}|0x30df840b
16:24:02.0 (41816099)|VARIABLE_ASSIGNMENT|[EXTERNAL]|value|66600000
16:24:02.0 (41822904)|VARIABLE_ASSIGNMENT|[210]|this.t|66600000|0x30df840b
16:24:02.0 (41836504)|CONSTRUCTOR_EXIT|[114]|01p0H000007gCe8|<init>(Boolean,Time)
16:24:02.0 (41845096)|HEAP_ALLOCATE|[EXTERNAL]|Bytes:4
16:24:02.0 (41855576)|HEAP_ALLOCATE|[107]|Bytes:28
16:24:02.0 (41858971)|HEAP_ALLOCATE|[107]|Bytes:28
16:24:02.0 (41876242)|STATEMENT_EXECUTE|[107]
16:24:02.0 (41878144)|STATEMENT_EXECUTE|[108]
16:24:02.0 (41886720)|USER_DEBUG|[108]|DEBUG|18:30:00.000Z
16:24:02.0 (41892870)|STATEMENT_EXECUTE|[109]
16:24:02.0 (41901191)|HEAP_ALLOCATE|[109]|Bytes:4
16:24:02.0 (41913494)|VARIABLE_ASSIGNMENT|[109]|t|68400000
16:24:02.0 (41918209)|STATEMENT_EXECUTE|[110]
16:24:02.0 (41923177)|HEAP_ALLOCATE|[110]|Bytes:28
16:24:02.0 (41935603)|HEAP_ALLOCATE|[110]|Bytes:28
16:24:02.0 (41946828)|VARIABLE_ASSIGNMENT|[110]|i1|10.0
16:24:02.0 (41951037)|STATEMENT_EXECUTE|[111]
16:24:02.0 (41979780)|VARIABLE_ASSIGNMENT|[EXTERNAL]|this|{"aptdum":"0x370690dc","Docdum":"0x3c16df15","Docmap":"0xb9e0e0a","Initialselected":0,"Selecteddoc":"a260H000001koYlQAI","SelectedtimeSlot":30,"timelist":"0x2315b445","timeset":"0x74bbb573","timewraplist":"0x19d6abfa","timewraplistInitial":"0x13de2c01"}|0x27689fe2
16:24:02.0 (41994024)|HEAP_ALLOCATE|[EXTERNAL]|Bytes:4
16:24:02.0 (42005089)|STATEMENT_EXECUTE|[113]
16:24:02.0 (42007153)|STATEMENT_EXECUTE|[114]
16:24:02.0 (42031477)|VARIABLE_ASSIGNMENT|[EXTERNAL]|this|{"aptdum":"0x370690dc","Docdum":"0x3c16df15","Docmap":"0xb9e0e0a","Initialselected":0,"Selecteddoc":"a260H000001koYlQAI","SelectedtimeSlot":30,"timelist":"0x2315b445","timeset":"0x74bbb573","timewraplist":"0x19d6abfa","timewraplistInitial":"0x13de2c01"}|0x27689fe2
16:24:02.0 (42042961)|HEAP_ALLOCATE|[114]|Bytes:12
16:24:02.0 (42054365)|CONSTRUCTOR_ENTRY|[114]|01p0H000007gCe8|<init>(Boolean,Time)
16:24:02.0 (42059624)|VARIABLE_SCOPE_BEGIN|[212]|this|docappcontroller.Wrapertimeslot|true|false
16:24:02.0 (42072358)|VARIABLE_ASSIGNMENT|[212]|this|{}|0x82c6b99
16:24:02.0 (42078273)|VARIABLE_SCOPE_BEGIN|[212]|selection|Boolean|false|false
16:24:02.0 (42085674)|VARIABLE_ASSIGNMENT|[212]|selection|false
16:24:02.0 (42089565)|VARIABLE_SCOPE_BEGIN|[212]|tm|Time|false|false
16:24:02.0 (42097664)|VARIABLE_ASSIGNMENT|[212]|tm|68400000
16:24:02.0 (42101982)|STATEMENT_EXECUTE|[208]
16:24:02.0 (42103555)|STATEMENT_EXECUTE|[209]
16:24:02.0 (42105025)|STATEMENT_EXECUTE|[210]
16:24:02.0 (42113524)|STATEMENT_EXECUTE|[212]
16:24:02.0 (42115086)|STATEMENT_EXECUTE|[213]
16:24:02.0 (42126154)|VARIABLE_ASSIGNMENT|[EXTERNAL]|this|{}|0x82c6b99
16:24:02.0 (42134356)|VARIABLE_ASSIGNMENT|[EXTERNAL]|value|false
16:24:02.0 (42138930)|HEAP_ALLOCATE|[209]|Bytes:5
16:24:02.0 (42145038)|VARIABLE_ASSIGNMENT|[209]|this.selected|false|0x82c6b99
16:24:02.0 (42152063)|STATEMENT_EXECUTE|[214]
16:24:02.0 (42163020)|VARIABLE_ASSIGNMENT|[EXTERNAL]|this|{"selected":false}|0x82c6b99
16:24:02.0 (42172031)|VARIABLE_ASSIGNMENT|[EXTERNAL]|value|68400000
16:24:02.0 (42178697)|VARIABLE_ASSIGNMENT|[210]|this.t|68400000|0x82c6b99
16:24:02.0 (42192392)|CONSTRUCTOR_EXIT|[114]|01p0H000007gCe8|<init>(Boolean,Time)
16:24:02.0 (42201109)|HEAP_ALLOCATE|[EXTERNAL]|Bytes:4
16:24:02.0 (42211901)|HEAP_ALLOCATE|[107]|Bytes:28
16:24:02.0 (42215638)|HEAP_ALLOCATE|[107]|Bytes:28
16:24:02.0 (42238871)|HEAP_ALLOCATE|[123]|Bytes:28
16:24:02.0 (42242755)|HEAP_ALLOCATE|[123]|Bytes:28
16:24:02.0 (42248287)|HEAP_ALLOCATE|[123]|Bytes:28
16:24:02.0 (42279453)|HEAP_ALLOCATE|[123]|Bytes:28
16:24:02.0 (42301596)|STATEMENT_EXECUTE|[123]
16:24:02.0 (42303905)|STATEMENT_EXECUTE|[129]
16:24:02.0 (42340545)|VARIABLE_ASSIGNMENT|[EXTERNAL]|this|{"aptdum":"0x370690dc","Docdum":"0x3c16df15","Docmap":"0xb9e0e0a","Initialselected":0,"Selecteddoc":"a260H000001koYlQAI","SelectedtimeSlot":30,"timelist":"0x2315b445","timeset":"0x74bbb573","timewraplist":"0x19d6abfa","timewraplistInitial":"0x13de2c01"}|0x27689fe2
16:24:02.0 (42360904)|VARIABLE_ASSIGNMENT|[129]|this.timewraplistInitial|"List of size 21 too large to display"|0x27689fe2
16:24:02.0 (42366364)|STATEMENT_EXECUTE|[131]
16:24:02.45 (45701637)|SYSTEM_MODE_ENTER|true
16:24:02.45 (45758600)|HEAP_ALLOCATE|[EXTERNAL]|Bytes:8
16:24:02.45 (45767567)|VARIABLE_SCOPE_BEGIN|[88]|this|ApexPage.PageMessagesComponentController|true|false
16:24:02.45 (45792835)|VARIABLE_ASSIGNMENT|[88]|this|{}|0x794aa4d4
16:24:02.45 (45799526)|VARIABLE_SCOPE_BEGIN|[88]|escape|Boolean|false|false
16:24:02.45 (45807524)|VARIABLE_ASSIGNMENT|[88]|escape|null
16:24:02.45 (45898523)|SYSTEM_MODE_ENTER|true
16:24:02.45 (45931394)|HEAP_ALLOCATE|[EXTERNAL]|Bytes:8
16:24:02.45 (45938061)|VARIABLE_SCOPE_BEGIN|[2]|this|ApexPage.PageMessagesComponentController|true|false
16:24:02.45 (45956076)|VARIABLE_ASSIGNMENT|[2]|this|{}|0x794aa4d4
16:24:02.0 (46276853)|SYSTEM_MODE_ENTER|true
16:24:02.0 (46684643)|SYSTEM_MODE_ENTER|true
16:24:02.0 (46993690)|SYSTEM_MODE_ENTER|true
16:24:02.0 (47051565)|SYSTEM_MODE_ENTER|true
16:24:02.66 (66997643)|SYSTEM_MODE_ENTER|true
16:24:02.66 (67062545)|HEAP_ALLOCATE|[EXTERNAL]|Bytes:8
16:24:02.66 (67074667)|VARIABLE_SCOPE_BEGIN|[88]|this|ApexPage.PageMessagesComponentController|true|false
16:24:02.66 (67103616)|VARIABLE_ASSIGNMENT|[88]|this|{}|0x794aa4d4
16:24:02.66 (67109920)|VARIABLE_SCOPE_BEGIN|[88]|escape|Boolean|false|false
16:24:02.66 (67118512)|VARIABLE_ASSIGNMENT|[88]|escape|null
16:24:02.67 (67245087)|SYSTEM_MODE_ENTER|true
16:24:02.67 (67277052)|HEAP_ALLOCATE|[EXTERNAL]|Bytes:8
16:24:02.67 (67283571)|VARIABLE_SCOPE_BEGIN|[2]|this|ApexPage.PageMessagesComponentController|true|false
16:24:02.67 (67302334)|VARIABLE_ASSIGNMENT|[2]|this|{}|0x794aa4d4
16:24:02.0 (68766159)|SYSTEM_MODE_ENTER|true
16:24:02.0 (68810009)|HEAP_ALLOCATE|[EXTERNAL]|Bytes:48
16:24:02.0 (68818540)|VARIABLE_SCOPE_BEGIN|[164]|this|docappcontroller|true|false
16:24:02.0 (68867559)|VARIABLE_ASSIGNMENT|[164]|this|{"aptdum":"0x370690dc","Docdum":"0x3c16df15","Docmap":"0xb9e0e0a","Initialselected":0,"Selecteddoc":"a260H000001koYlQAI","SelectedtimeSlot":30,"timelist":"0x2315b445","timeset":"0x74bbb573","timewraplist":"0x19d6abfa","timewraplistInitial":"0x19d6abfa"}|0x27689fe2
16:24:02.0 (68880551)|STATEMENT_EXECUTE|[164]
16:24:02.0 (68882739)|STATEMENT_EXECUTE|[166]
16:24:02.0 (68896748)|HEAP_ALLOCATE|[166]|Bytes:4
16:24:02.0 (68913944)|VARIABLE_SCOPE_BEGIN|[166]|options|List<System.SelectOption>|true|false
16:24:02.0 (68936957)|HEAP_ALLOCATE|[EXTERNAL]|Bytes:4
16:24:02.0 (68946299)|VARIABLE_ASSIGNMENT|[166]|options|[]|0x9a88f86
16:24:02.0 (68951909)|STATEMENT_EXECUTE|[167]
16:24:02.0 (68973170)|HEAP_ALLOCATE|[EXTERNAL]|Bytes:4
16:24:02.0 (69012841)|VARIABLE_ASSIGNMENT|[EXTERNAL]|this|{"aptdum":"0x370690dc","Docdum":"0x3c16df15","Docmap":"0xb9e0e0a","Initialselected":0,"Selecteddoc":"a260H000001koYlQAI","SelectedtimeSlot":30,"timelist":"0x2315b445","timeset":"0x74bbb573","timewraplist":"0x19d6abfa","timewraplistInitial":"0x19d6abfa"}|0x27689fe2
16:24:02.0 (69026691)|STATEMENT_EXECUTE|[168]
16:24:02.0 (69052661)|VARIABLE_ASSIGNMENT|[EXTERNAL]|this|{"aptdum":"0x370690dc","Docdum":"0x3c16df15","Docmap":"0xb9e0e0a","Initialselected":0,"Selecteddoc":"a260H000001koYlQAI","SelectedtimeSlot":30,"timelist":"0x2315b445","timeset":"0x74bbb573","timewraplist":"0x19d6abfa","timewraplistInitial":"0x19d6abfa"}|0x27689fe2
16:24:02.0 (69071907)|HEAP_ALLOCATE|[EXTERNAL]|Bytes:8
16:24:02.0 (69087570)|HEAP_ALLOCATE|[169]|Bytes:116
16:24:02.0 (69109513)|HEAP_ALLOCATE|[169]|Bytes:5
16:24:02.0 (69124779)|HEAP_ALLOCATE|[169]|Bytes:24
16:24:02.0 (69133229)|VARIABLE_SCOPE_BEGIN|[169]|doc|Doctor__c|true|false
16:24:02.0 (69154093)|VARIABLE_ASSIGNMENT|[169]|doc|{"Id":"a260H000001koYlQAI","Name":"doc4","End_Time__c":68400000,"Speciality__c":"Dermatology","Start_Time__c":32400000}|0x7e2d7e1d
16:24:02.0 (69160685)|STATEMENT_EXECUTE|[169]
16:24:02.0 (69162557)|STATEMENT_EXECUTE|[170]
16:24:02.0 (69181323)|HEAP_ALLOCATE|[170]|Bytes:18
16:24:02.0 (69195274)|HEAP_ALLOCATE|[EXTERNAL]|Bytes:4
16:24:02.0 (69206151)|HEAP_ALLOCATE|[169]|Bytes:5
16:24:02.0 (69215668)|VARIABLE_ASSIGNMENT|[169]|doc|null|
16:24:02.0 (69220294)|STATEMENT_EXECUTE|[176]
16:24:02.0 (69384501)|SYSTEM_MODE_ENTER|true
16:24:02.0 (73439720)|SYSTEM_MODE_ENTER|true
16:24:02.0 (73479755)|HEAP_ALLOCATE|[EXTERNAL]|Bytes:48
16:24:02.0 (73503544)|VARIABLE_SCOPE_BEGIN|[181]|this|docappcontroller|true|false
16:24:02.0 (73545214)|VARIABLE_ASSIGNMENT|[181]|this|{"aptdum":"0x370690dc","Docdum":"0x3c16df15","Docmap":"0xb9e0e0a","Initialselected":0,"Selecteddoc":"a260H000001koYlQAI","SelectedtimeSlot":30,"timelist":"0x2315b445","timeset":"0x74bbb573","timewraplist":"0x19d6abfa","timewraplistInitial":"0x19d6abfa"}|0x27689fe2
16:24:02.0 (73557956)|STATEMENT_EXECUTE|[181]
16:24:02.0 (73560688)|STATEMENT_EXECUTE|[183]
16:24:02.0 (73570766)|HEAP_ALLOCATE|[183]|Bytes:4
16:24:02.0 (73585793)|VARIABLE_SCOPE_BEGIN|[183]|options|List<System.SelectOption>|true|false
16:24:02.0 (73606937)|HEAP_ALLOCATE|[EXTERNAL]|Bytes:4
16:24:02.0 (73615419)|VARIABLE_ASSIGNMENT|[183]|options|[]|0x11ed70e8
16:24:02.0 (73621073)|STATEMENT_EXECUTE|[184]
16:24:02.0 (73633332)|HEAP_ALLOCATE|[184]|Bytes:4
16:24:02.0 (73819376)|SOQL_EXECUTE_BEGIN|[184]|Aggregations:0|SELECT Interval__c FROM Time_Interval__mdt ORDER BY Interval__c ASC NULLS FIRST
16:24:02.0 (76333457)|SOQL_EXECUTE_END|[184]|Rows:2
16:24:02.0 (76361222)|HEAP_ALLOCATE|[184]|Bytes:12
16:24:02.0 (76376478)|HEAP_ALLOCATE|[184]|Bytes:92
16:24:02.0 (76405550)|HEAP_ALLOCATE|[184]|Bytes:12
16:24:02.0 (76415186)|VARIABLE_SCOPE_BEGIN|[184]|intervals|List<Time_Interval__mdt>|true|false
16:24:02.0 (76436915)|VARIABLE_ASSIGNMENT|[184]|intervals|[{"Interval__c":"30","Id":"m030H000000bmFqQAI"},{"Interval__c":"60","Id":"m030H000000bmFvQAI"}]|0x52773301
16:24:02.0 (76463271)|HEAP_ALLOCATE|[187]|Bytes:5
16:24:02.0 (76475330)|HEAP_ALLOCATE|[187]|Bytes:12
16:24:02.0 (76487289)|VARIABLE_SCOPE_BEGIN|[187]|i|Time_Interval__mdt|true|false
16:24:02.0 (76499717)|VARIABLE_ASSIGNMENT|[187]|i|{"Interval__c":"30","Id":"m030H000000bmFqQAI"}|0x2aea0441
16:24:02.0 (76505724)|STATEMENT_EXECUTE|[187]
16:24:02.0 (76507882)|STATEMENT_EXECUTE|[188]
16:24:02.0 (76528467)|HEAP_ALLOCATE|[EXTERNAL]|Bytes:4
16:24:02.0 (76540832)|HEAP_ALLOCATE|[187]|Bytes:5
16:24:02.0 (76548811)|HEAP_ALLOCATE|[187]|Bytes:12
16:24:02.0 (76553657)|VARIABLE_SCOPE_BEGIN|[187]|i|Time_Interval__mdt|true|false
16:24:02.0 (76564743)|VARIABLE_ASSIGNMENT|[187]|i|{"Interval__c":"60","Id":"m030H000000bmFvQAI"}|0x581f2a73
16:24:02.0 (76570273)|STATEMENT_EXECUTE|[187]
16:24:02.0 (76572064)|STATEMENT_EXECUTE|[188]
16:24:02.0 (76582998)|HEAP_ALLOCATE|[EXTERNAL]|Bytes:4
16:24:02.0 (76593309)|HEAP_ALLOCATE|[187]|Bytes:5
16:24:02.0 (76602698)|VARIABLE_ASSIGNMENT|[187]|i|null|
16:24:02.0 (76610595)|STATEMENT_EXECUTE|[196]
16:24:02.0 (77071543)|SYSTEM_MODE_ENTER|true
16:24:02.0 (79107507)|VF_SERIALIZE_VIEWSTATE_BEGIN|0660H000004OdRk
16:24:02.0 (95763232)|VF_SERIALIZE_VIEWSTATE_END
16:24:02.0 (114839307)|CODE_UNIT_STARTED|[EXTERNAL]|Generate Metadata
16:24:02.0 (117434333)|CODE_UNIT_FINISHED|Generate Metadata
16:24:02.120 (120046742)|CUMULATIVE_LIMIT_USAGE
16:24:02.120 (120046742)|LIMIT_USAGE_FOR_NS|(default)|
  Number of SOQL queries: 1 out of 100
  Number of query rows: 4 out of 50000
  Number of SOSL queries: 0 out of 20
  Number of DML statements: 0 out of 150
  Number of DML rows: 0 out of 10000
  Maximum CPU time: 0 out of 10000
  Maximum heap size: 0 out of 6000000
  Number of callouts: 0 out of 100
  Number of Email Invocations: 0 out of 10
  Number of future calls: 0 out of 50
  Number of queueable jobs added to the queue: 0 out of 50
  Number of Mobile Apex push calls: 0 out of 10

16:24:02.120 (120046742)|CUMULATIVE_LIMIT_USAGE_END

16:24:02.0 (120088853)|CODE_UNIT_FINISHED|VF: /apex/docapp
16:24:02.0 (120879376)|EXECUTION_FINISHED
