42.0 APEX_CODE,FINEST;APEX_PROFILING,INFO;CALLOUT,INFO;DB,INFO;SYSTEM,DEBUG;VALIDATION,INFO;VISUALFORCE,INFO;WAVE,INFO;WORKFLOW,INFO
14:00:48.0 (48312)|USER_INFO|[EXTERNAL]|005i0000002qYvT|anton@igate.com|India Standard Time|GMT+05:30
14:00:48.0 (87890)|EXECUTION_STARTED
14:00:48.0 (92315)|CODE_UNIT_STARTED|[EXTERNAL]|0660H000004OdRk|VF: /apex/docapp
14:00:48.0 (979854)|VF_DESERIALIZE_VIEWSTATE_BEGIN|0660H000004OdRk
14:00:48.0 (6350954)|HEAP_ALLOCATE|[72]|Bytes:3
14:00:48.0 (6410953)|HEAP_ALLOCATE|[77]|Bytes:152
14:00:48.0 (6425013)|HEAP_ALLOCATE|[342]|Bytes:408
14:00:48.0 (6436052)|HEAP_ALLOCATE|[355]|Bytes:408
14:00:48.0 (6447280)|HEAP_ALLOCATE|[467]|Bytes:48
14:00:48.0 (6505133)|HEAP_ALLOCATE|[139]|Bytes:6
14:00:48.0 (9608658)|VF_DESERIALIZE_VIEWSTATE_END
14:00:48.10 (10196712)|SYSTEM_MODE_ENTER|true
14:00:48.10 (10369853)|HEAP_ALLOCATE|[EXTERNAL]|Bytes:38
14:00:48.10 (10394184)|HEAP_ALLOCATE|[EXTERNAL]|Bytes:7
14:00:48.10 (10417021)|SYSTEM_METHOD_ENTRY|[1]|PageMessagesComponentController.PageMessagesComponentController()
14:00:48.10 (10424671)|STATEMENT_EXECUTE|[1]
14:00:48.11 (11295064)|SYSTEM_MODE_ENTER|true
14:00:48.11 (11346975)|HEAP_ALLOCATE|[EXTERNAL]|Bytes:8
14:00:48.11 (11354450)|VARIABLE_SCOPE_BEGIN|[88]|this|ApexPage.PageMessagesComponentController|true|false
14:00:48.11 (11405351)|VARIABLE_ASSIGNMENT|[88]|this|{}|0x3dfbf7d5
14:00:48.11 (11412414)|VARIABLE_SCOPE_BEGIN|[88]|escape|Boolean|false|false
14:00:48.11 (11422061)|VARIABLE_ASSIGNMENT|[88]|escape|null
14:00:48.0 (11581115)|SYSTEM_MODE_ENTER|true
14:00:48.0 (11604365)|HEAP_ALLOCATE|[EXTERNAL]|Bytes:14
14:00:48.0 (11611121)|HEAP_ALLOCATE|[EXTERNAL]|Bytes:248
14:00:48.0 (11614978)|HEAP_ALLOCATE|[EXTERNAL]|Bytes:53
14:00:48.0 (11618327)|HEAP_ALLOCATE|[EXTERNAL]|Bytes:13
14:00:48.0 (11627074)|METHOD_ENTRY|[1]|01p0H000007gCe8|docappcontroller.docappcontroller()
14:00:48.0 (11632603)|STATEMENT_EXECUTE|[1]
14:00:48.0 (11635968)|STATEMENT_EXECUTE|[1]
14:00:48.0 (11637447)|STATEMENT_EXECUTE|[174]
14:00:48.0 (11642815)|METHOD_EXIT|[1]|docappcontroller
14:00:48.0 (15168949)|SYSTEM_MODE_ENTER|true
14:00:48.0 (17114778)|SYSTEM_MODE_ENTER|true
14:00:48.0 (18070866)|SYSTEM_MODE_ENTER|true
14:00:48.0 (18315429)|HEAP_ALLOCATE|[EXTERNAL]|Bytes:44
14:00:48.0 (18325748)|VARIABLE_SCOPE_BEGIN|[133]|this|docappcontroller|true|false
14:00:48.0 (18382052)|VARIABLE_ASSIGNMENT|[133]|this|{"aptdum":"0x3a699278","Docdum":"0x28b70b2a","Docmap":"0x22333c99","Initialselected":0,"timewraplistInitial":"0x56735a49"}|0x16f0c7a1
14:00:48.0 (18394063)|STATEMENT_EXECUTE|[133]
14:00:48.0 (18396628)|STATEMENT_EXECUTE|[135]
14:00:48.0 (18412236)|HEAP_ALLOCATE|[135]|Bytes:4
14:00:48.0 (18442217)|VARIABLE_SCOPE_BEGIN|[135]|options|List<System.SelectOption>|true|false
14:00:48.0 (18463927)|HEAP_ALLOCATE|[EXTERNAL]|Bytes:4
14:00:48.0 (18474219)|VARIABLE_ASSIGNMENT|[135]|options|[]|0x20fff8ad
14:00:48.0 (18480026)|STATEMENT_EXECUTE|[136]
14:00:48.0 (18487318)|HEAP_ALLOCATE|[136]|Bytes:8
14:00:48.0 (18536516)|HEAP_ALLOCATE|[EXTERNAL]|Bytes:4
14:00:48.0 (18585286)|VARIABLE_ASSIGNMENT|[EXTERNAL]|this|{"aptdum":"0x3a699278","Docdum":"0x28b70b2a","Docmap":"0x22333c99","Initialselected":0,"timewraplistInitial":"0x56735a49"}|0x16f0c7a1
14:00:48.0 (18598631)|STATEMENT_EXECUTE|[137]
14:00:48.0 (18625186)|VARIABLE_ASSIGNMENT|[EXTERNAL]|this|{"aptdum":"0x3a699278","Docdum":"0x28b70b2a","Docmap":"0x22333c99","Initialselected":0,"timewraplistInitial":"0x56735a49"}|0x16f0c7a1
14:00:48.0 (18656990)|HEAP_ALLOCATE|[EXTERNAL]|Bytes:12
14:00:48.0 (18675558)|HEAP_ALLOCATE|[138]|Bytes:237
14:00:48.0 (18799875)|HEAP_ALLOCATE|[138]|Bytes:5
14:00:48.0 (18847592)|HEAP_ALLOCATE|[138]|Bytes:24
14:00:48.0 (18857802)|VARIABLE_SCOPE_BEGIN|[138]|doc|Doctor__c|true|false
14:00:48.0 (19123817)|VARIABLE_ASSIGNMENT|[138]|doc|{"Id":"a260H000001koYjQAI","Name":"doc 2","End_Time__c":68400000,"Speciality__c":"General Surgery","Start_Time__c":43200000}|0x221071db
14:00:48.0 (19134261)|STATEMENT_EXECUTE|[138]
14:00:48.0 (19136222)|STATEMENT_EXECUTE|[139]
14:00:48.0 (19178825)|HEAP_ALLOCATE|[139]|Bytes:18
14:00:48.0 (19230838)|HEAP_ALLOCATE|[EXTERNAL]|Bytes:4
14:00:48.0 (19247377)|HEAP_ALLOCATE|[138]|Bytes:5
14:00:48.0 (19266460)|HEAP_ALLOCATE|[138]|Bytes:24
14:00:48.0 (19273667)|VARIABLE_SCOPE_BEGIN|[138]|doc|Doctor__c|true|false
14:00:48.0 (19292234)|VARIABLE_ASSIGNMENT|[138]|doc|{"Id":"a260H000001koYeQAI","Name":"Doc1","End_Time__c":64800000,"Speciality__c":"General Surgery","Start_Time__c":32400000}|0x42f8e12b
14:00:48.0 (19299774)|STATEMENT_EXECUTE|[138]
14:00:48.0 (19301340)|STATEMENT_EXECUTE|[139]
14:00:48.0 (19310218)|HEAP_ALLOCATE|[139]|Bytes:18
14:00:48.0 (19323392)|HEAP_ALLOCATE|[EXTERNAL]|Bytes:4
14:00:48.0 (19335348)|HEAP_ALLOCATE|[138]|Bytes:5
14:00:48.0 (19344468)|VARIABLE_ASSIGNMENT|[138]|doc|null|
14:00:48.0 (19349622)|STATEMENT_EXECUTE|[145]
14:00:48.0 (19426635)|SYSTEM_MODE_ENTER|true
14:00:48.0 (19717816)|SYSTEM_MODE_ENTER|true
14:00:48.0 (19756484)|HEAP_ALLOCATE|[EXTERNAL]|Bytes:44
14:00:48.0 (19764749)|VARIABLE_SCOPE_BEGIN|[150]|this|docappcontroller|true|false
14:00:48.0 (19798858)|VARIABLE_ASSIGNMENT|[150]|this|{"aptdum":"0x3a699278","Docdum":"0x28b70b2a","Docmap":"0x22333c99","Initialselected":0,"timewraplistInitial":"0x56735a49"}|0x16f0c7a1
14:00:48.0 (19808626)|STATEMENT_EXECUTE|[150]
14:00:48.0 (19810480)|STATEMENT_EXECUTE|[152]
14:00:48.0 (19819879)|HEAP_ALLOCATE|[152]|Bytes:4
14:00:48.0 (19840820)|VARIABLE_SCOPE_BEGIN|[152]|options|List<System.SelectOption>|true|false
14:00:48.0 (19861278)|HEAP_ALLOCATE|[EXTERNAL]|Bytes:4
14:00:48.0 (19869930)|VARIABLE_ASSIGNMENT|[152]|options|[]|0x3079500a
14:00:48.0 (19876400)|STATEMENT_EXECUTE|[153]
14:00:48.0 (19913378)|HEAP_ALLOCATE|[EXTERNAL]|Bytes:4
14:00:48.0 (19921518)|STATEMENT_EXECUTE|[156]
14:00:48.0 (19926016)|HEAP_ALLOCATE|[156]|Bytes:2
14:00:48.0 (19948538)|HEAP_ALLOCATE|[EXTERNAL]|Bytes:4
14:00:48.0 (19955424)|STATEMENT_EXECUTE|[157]
14:00:48.0 (19958918)|HEAP_ALLOCATE|[157]|Bytes:2
14:00:48.0 (19978196)|HEAP_ALLOCATE|[EXTERNAL]|Bytes:4
14:00:48.0 (19984313)|STATEMENT_EXECUTE|[162]
14:00:48.0 (20051335)|SYSTEM_MODE_ENTER|true
14:00:48.20 (20564273)|SYSTEM_MODE_ENTER|true
14:00:48.20 (20613407)|HEAP_ALLOCATE|[EXTERNAL]|Bytes:8
14:00:48.20 (20621100)|VARIABLE_SCOPE_BEGIN|[88]|this|ApexPage.PageMessagesComponentController|true|false
14:00:48.20 (20642158)|VARIABLE_ASSIGNMENT|[88]|this|{}|0x3dfbf7d5
14:00:48.20 (20648344)|VARIABLE_SCOPE_BEGIN|[88]|escape|Boolean|false|false
14:00:48.20 (20655920)|VARIABLE_ASSIGNMENT|[88]|escape|null
14:00:48.0 (20818653)|SYSTEM_MODE_ENTER|true
14:00:48.0 (20850631)|HEAP_ALLOCATE|[EXTERNAL]|Bytes:18
14:00:48.0 (20857642)|HEAP_ALLOCATE|[EXTERNAL]|Bytes:44
14:00:48.0 (20882205)|VARIABLE_ASSIGNMENT|[EXTERNAL]|this.Selecteddoc|"a260H000001koYjQAI"|0x16f0c7a1
14:00:48.0 (20925890)|SYSTEM_MODE_ENTER|true
14:00:48.0 (21079514)|SYSTEM_MODE_ENTER|true
14:00:48.0 (21121661)|SYSTEM_MODE_ENTER|true
14:00:48.0 (21138402)|HEAP_ALLOCATE|[EXTERNAL]|Bytes:8
14:00:48.0 (21142944)|HEAP_ALLOCATE|[EXTERNAL]|Bytes:44
14:00:48.0 (21151513)|VARIABLE_ASSIGNMENT|[EXTERNAL]|this.SelectedtimeSlot|30|0x16f0c7a1
14:00:48.0 (21184775)|SYSTEM_MODE_ENTER|true
14:00:48.0 (21381594)|HEAP_ALLOCATE|[EXTERNAL]|Bytes:44
14:00:48.0 (21390487)|VARIABLE_SCOPE_BEGIN|[31]|this|docappcontroller|true|false
14:00:48.0 (21426441)|VARIABLE_ASSIGNMENT|[31]|this|{"aptdum":"0x3a699278","Docdum":"0x28b70b2a","Docmap":"0x22333c99","Initialselected":0,"Selecteddoc":"a260H000001koYjQAI","SelectedtimeSlot":30,"timewraplistInitial":"0x56735a49"}|0x16f0c7a1
14:00:48.0 (21437822)|STATEMENT_EXECUTE|[31]
14:00:48.0 (21439824)|STATEMENT_EXECUTE|[32]
14:00:48.0 (21463573)|VARIABLE_SCOPE_BEGIN|[32]|timeset|Set<Time>|true|false
14:00:48.0 (21474672)|VARIABLE_ASSIGNMENT|[32]|timeset|null|
14:00:48.0 (21478494)|STATEMENT_EXECUTE|[33]
14:00:48.0 (21522238)|VARIABLE_ASSIGNMENT|[EXTERNAL]|this|{"aptdum":"0x3a699278","Docdum":"0x28b70b2a","Docmap":"0x22333c99","Initialselected":0,"Selecteddoc":"a260H000001koYjQAI","SelectedtimeSlot":30,"timewraplistInitial":"0x56735a49"}|0x16f0c7a1
14:00:48.0 (21552266)|USER_DEBUG|[33]|DEBUG|a260H000001koYjQAI
14:00:48.0 (21588209)|VARIABLE_ASSIGNMENT|[EXTERNAL]|this|{"aptdum":"0x3a699278","Docdum":"0x28b70b2a","Docmap":"0x22333c99","Initialselected":0,"Selecteddoc":"a260H000001koYjQAI","SelectedtimeSlot":30,"timewraplistInitial":"0x56735a49"}|0x16f0c7a1
14:00:48.0 (21617663)|VARIABLE_ASSIGNMENT|[EXTERNAL]|this|{"aptdum":"0x3a699278","Docdum":"0x28b70b2a","Docmap":"0x22333c99","Initialselected":0,"Selecteddoc":"a260H000001koYjQAI","SelectedtimeSlot":30,"timewraplistInitial":"0x56735a49"}|0x16f0c7a1
14:00:48.0 (21646867)|STATEMENT_EXECUTE|[36]
14:00:48.0 (21648740)|STATEMENT_EXECUTE|[37]
14:00:48.0 (21676836)|VARIABLE_ASSIGNMENT|[EXTERNAL]|this|{"aptdum":"0x3a699278","Docdum":"0x28b70b2a","Docmap":"0x22333c99","Initialselected":0,"Selecteddoc":"a260H000001koYjQAI","SelectedtimeSlot":30,"timewraplistInitial":"0x56735a49"}|0x16f0c7a1
14:00:48.0 (21706022)|VARIABLE_ASSIGNMENT|[EXTERNAL]|this|{"aptdum":"0x3a699278","Docdum":"0x28b70b2a","Docmap":"0x22333c99","Initialselected":0,"Selecteddoc":"a260H000001koYjQAI","SelectedtimeSlot":30,"timewraplistInitial":"0x56735a49"}|0x16f0c7a1
14:00:48.0 (21729815)|VARIABLE_SCOPE_BEGIN|[37]|d|Doctor__c|true|false
14:00:48.0 (21747844)|VARIABLE_ASSIGNMENT|[37]|d|{"Id":"a260H000001koYjQAI","Name":"doc 2","End_Time__c":68400000,"Speciality__c":"General Surgery","Start_Time__c":43200000}|0x221071db
14:00:48.0 (21754089)|STATEMENT_EXECUTE|[38]
14:00:48.0 (21785450)|HEAP_ALLOCATE|[38]|Bytes:4
14:00:48.0 (21826775)|HEAP_ALLOCATE|[38]|Bytes:150
14:00:48.0 (21841769)|HEAP_ALLOCATE|[38]|Bytes:4
14:00:48.0 (21851359)|HEAP_ALLOCATE|[38]|Bytes:7
14:00:48.0 (21882034)|VARIABLE_ASSIGNMENT|[EXTERNAL]|this|{"aptdum":"0x3a699278","Docdum":"0x28b70b2a","Docmap":"0x22333c99","Initialselected":0,"Selecteddoc":"a260H000001koYjQAI","SelectedtimeSlot":30,"timewraplistInitial":"0x56735a49"}|0x16f0c7a1
14:00:48.0 (21903183)|HEAP_ALLOCATE|[38]|Bytes:7
14:00:48.0 (21930008)|VARIABLE_ASSIGNMENT|[EXTERNAL]|this|{"aptdum":"0x3a699278","Docdum":"0x28b70b2a","Docmap":"0x22333c99","Initialselected":0,"Selecteddoc":"a260H000001koYjQAI","SelectedtimeSlot":30,"timewraplistInitial":"0x56735a49"}|0x16f0c7a1
14:00:48.0 (22269078)|SOQL_EXECUTE_BEGIN|[38]|Aggregations:0|SELECT Id, Name, Doctor__c, Patient__c, End_Time__c, Start_Time__c FROM Appointment__c WHERE (Doctor__c = :tmpVar1 AND Appointment_Date__c = :tmpVar2)
14:00:48.0 (27420164)|SOQL_EXECUTE_END|[38]|Rows:1
14:00:48.0 (27442805)|HEAP_ALLOCATE|[38]|Bytes:8
14:00:48.0 (27460278)|HEAP_ALLOCATE|[38]|Bytes:147
14:00:48.0 (27490576)|HEAP_ALLOCATE|[38]|Bytes:8
14:00:48.0 (27517670)|HEAP_ALLOCATE|[38]|Bytes:28
14:00:48.0 (27522816)|HEAP_ALLOCATE|[38]|Bytes:28
14:00:48.0 (27526802)|HEAP_ALLOCATE|[38]|Bytes:4
14:00:48.0 (27534617)|VARIABLE_SCOPE_BEGIN|[38]|aptlist|List<Appointment__c>|true|false
14:00:48.0 (27544760)|HEAP_ALLOCATE|[EXTERNAL]|Bytes:8
14:00:48.0 (27566624)|VARIABLE_ASSIGNMENT|[38]|aptlist|[{"Id":"a250H00000HaxnFQAR","Name":"A-00000","Doctor__c":"a260H000001koYjQAI","Patient__c":"a270H000006vXivQAE","End_Time__c":61200000,"Start_Time__c":54000000}]|0x305d45b4
14:00:48.0 (27575440)|STATEMENT_EXECUTE|[39]
14:00:48.0 (27598058)|HEAP_ALLOCATE|[39]|Bytes:4
14:00:48.0 (27662608)|VARIABLE_ASSIGNMENT|[39]|timeset|[]|0x50e74852
14:00:48.0 (27756755)|HEAP_ALLOCATE|[40]|Bytes:5
14:00:48.0 (27770629)|HEAP_ALLOCATE|[40]|Bytes:28
14:00:48.0 (27778642)|VARIABLE_SCOPE_BEGIN|[40]|apt|Appointment__c|true|false
14:00:48.0 (27797699)|VARIABLE_ASSIGNMENT|[40]|apt|{"Id":"a250H00000HaxnFQAR","Name":"A-00000","Doctor__c":"a260H000001koYjQAI","Patient__c":"a270H000006vXivQAE","End_Time__c":61200000,"Start_Time__c":54000000}|0x74000d3b
14:00:48.0 (27805939)|STATEMENT_EXECUTE|[40]
14:00:48.0 (27807914)|STATEMENT_EXECUTE|[42]
14:00:48.0 (27838322)|VARIABLE_SCOPE_BEGIN|[42]|t|Time|false|false
14:00:48.0 (27851635)|VARIABLE_ASSIGNMENT|[42]|t|54000000
14:00:48.0 (27856823)|STATEMENT_EXECUTE|[43]
14:00:48.0 (27909633)|VARIABLE_SCOPE_BEGIN|[43]|i|Integer|false|false
14:00:48.0 (27918421)|HEAP_ALLOCATE|[43]|Bytes:4
14:00:48.0 (27925517)|VARIABLE_ASSIGNMENT|[43]|i|2
14:00:48.0 (27929993)|STATEMENT_EXECUTE|[44]
14:00:48.0 (27956880)|HEAP_ALLOCATE|[44]|Bytes:28
14:00:48.0 (27961318)|HEAP_ALLOCATE|[44]|Bytes:28
14:00:48.0 (27965149)|VARIABLE_SCOPE_BEGIN|[44]|i1|Decimal|false|false
14:00:48.0 (27978827)|VARIABLE_ASSIGNMENT|[44]|i1|0
14:00:48.0 (27984877)|STATEMENT_EXECUTE|[45]
14:00:48.0 (28011062)|HEAP_ALLOCATE|[EXTERNAL]|Bytes:4
14:00:48.0 (28033990)|STATEMENT_EXECUTE|[46]
14:00:48.0 (28035720)|STATEMENT_EXECUTE|[47]
14:00:48.0 (28059744)|USER_DEBUG|[47]|DEBUG|15:00:00.000Z
14:00:48.0 (28073758)|STATEMENT_EXECUTE|[48]
14:00:48.0 (28100608)|HEAP_ALLOCATE|[48]|Bytes:4
14:00:48.0 (28116722)|VARIABLE_ASSIGNMENT|[48]|t|55800000
14:00:48.0 (28121826)|STATEMENT_EXECUTE|[49]
14:00:48.0 (28125040)|HEAP_ALLOCATE|[49]|Bytes:3
14:00:48.0 (28137481)|HEAP_ALLOCATE|[49]|Bytes:28
14:00:48.0 (28173520)|HEAP_ALLOCATE|[49]|Bytes:28
14:00:48.0 (28189316)|VARIABLE_ASSIGNMENT|[49]|i1|0.5
14:00:48.0 (28194441)|STATEMENT_EXECUTE|[50]
14:00:48.0 (28209718)|HEAP_ALLOCATE|[EXTERNAL]|Bytes:4
14:00:48.0 (28222891)|HEAP_ALLOCATE|[51]|Bytes:28
14:00:48.0 (28227052)|HEAP_ALLOCATE|[51]|Bytes:28
14:00:48.0 (28232186)|HEAP_ALLOCATE|[51]|Bytes:28
14:00:48.0 (28254971)|HEAP_ALLOCATE|[51]|Bytes:28
14:00:48.0 (28279796)|STATEMENT_EXECUTE|[46]
14:00:48.0 (28281572)|STATEMENT_EXECUTE|[47]
14:00:48.0 (28290203)|USER_DEBUG|[47]|DEBUG|15:30:00.000Z
14:00:48.0 (28296901)|STATEMENT_EXECUTE|[48]
14:00:48.0 (28305732)|HEAP_ALLOCATE|[48]|Bytes:4
14:00:48.0 (28319053)|VARIABLE_ASSIGNMENT|[48]|t|57600000
14:00:48.0 (28323629)|STATEMENT_EXECUTE|[49]
14:00:48.0 (28328312)|HEAP_ALLOCATE|[49]|Bytes:28
14:00:48.0 (28339984)|HEAP_ALLOCATE|[49]|Bytes:28
14:00:48.0 (28350096)|VARIABLE_ASSIGNMENT|[49]|i1|1.0
14:00:48.0 (28354300)|STATEMENT_EXECUTE|[50]
14:00:48.0 (28359647)|HEAP_ALLOCATE|[EXTERNAL]|Bytes:4
14:00:48.0 (28368876)|HEAP_ALLOCATE|[51]|Bytes:28
14:00:48.0 (28372237)|HEAP_ALLOCATE|[51]|Bytes:28
14:00:48.0 (28376951)|HEAP_ALLOCATE|[51]|Bytes:28
14:00:48.0 (28388144)|HEAP_ALLOCATE|[51]|Bytes:28
14:00:48.0 (28406711)|STATEMENT_EXECUTE|[46]
14:00:48.0 (28408467)|STATEMENT_EXECUTE|[47]
14:00:48.0 (28415516)|USER_DEBUG|[47]|DEBUG|16:00:00.000Z
14:00:48.0 (28421465)|STATEMENT_EXECUTE|[48]
14:00:48.0 (28429157)|HEAP_ALLOCATE|[48]|Bytes:4
14:00:48.0 (28440828)|VARIABLE_ASSIGNMENT|[48]|t|59400000
14:00:48.0 (28444989)|STATEMENT_EXECUTE|[49]
14:00:48.0 (28449189)|HEAP_ALLOCATE|[49]|Bytes:28
14:00:48.0 (28460246)|HEAP_ALLOCATE|[49]|Bytes:28
14:00:48.0 (28469999)|VARIABLE_ASSIGNMENT|[49]|i1|1.5
14:00:48.0 (28473944)|STATEMENT_EXECUTE|[50]
14:00:48.0 (28478572)|HEAP_ALLOCATE|[EXTERNAL]|Bytes:4
14:00:48.0 (28486729)|HEAP_ALLOCATE|[51]|Bytes:28
14:00:48.0 (28490091)|HEAP_ALLOCATE|[51]|Bytes:28
14:00:48.0 (28494931)|HEAP_ALLOCATE|[51]|Bytes:28
14:00:48.0 (28505859)|HEAP_ALLOCATE|[51]|Bytes:28
14:00:48.0 (28530497)|HEAP_ALLOCATE|[40]|Bytes:5
14:00:48.0 (28542283)|VARIABLE_ASSIGNMENT|[40]|apt|null|
14:00:48.0 (28547379)|STATEMENT_EXECUTE|[62]
14:00:48.0 (28606979)|HEAP_ALLOCATE|[62]|Bytes:4
14:00:48.0 (28692445)|VARIABLE_ASSIGNMENT|[EXTERNAL]|this|{"aptdum":"0x3a699278","Docdum":"0x28b70b2a","Docmap":"0x22333c99","Initialselected":0,"Selecteddoc":"a260H000001koYjQAI","SelectedtimeSlot":30,"timewraplistInitial":"0x56735a49"}|0x16f0c7a1
14:00:48.0 (28712549)|HEAP_ALLOCATE|[EXTERNAL]|Bytes:4
14:00:48.0 (28720185)|VARIABLE_ASSIGNMENT|[EXTERNAL]|value|[]|0x339b9670
14:00:48.0 (28731913)|VARIABLE_ASSIGNMENT|[4]|this.timewraplist|[]|0x16f0c7a1
14:00:48.0 (28741276)|STATEMENT_EXECUTE|[63]
14:00:48.0 (28749029)|HEAP_ALLOCATE|[63]|Bytes:4
14:00:48.0 (28813146)|VARIABLE_ASSIGNMENT|[EXTERNAL]|this|{"aptdum":"0x3a699278","Docdum":"0x28b70b2a","Docmap":"0x22333c99","Initialselected":0,"Selecteddoc":"a260H000001koYjQAI","SelectedtimeSlot":30,"timewraplist":"0x339b9670","timewraplistInitial":"0x56735a49"}|0x16f0c7a1
14:00:48.0 (28832163)|HEAP_ALLOCATE|[EXTERNAL]|Bytes:4
14:00:48.0 (28838637)|VARIABLE_ASSIGNMENT|[EXTERNAL]|value|[]|0x7ddeb929
14:00:48.0 (28849184)|VARIABLE_ASSIGNMENT|[3]|this.timelist|[]|0x16f0c7a1
14:00:48.0 (28857857)|STATEMENT_EXECUTE|[64]
14:00:48.0 (28883551)|VARIABLE_SCOPE_BEGIN|[64]|t|Time|false|false
14:00:48.0 (28897454)|VARIABLE_ASSIGNMENT|[64]|t|43200000
14:00:48.0 (28902791)|STATEMENT_EXECUTE|[65]
14:00:48.0 (28948027)|VARIABLE_SCOPE_BEGIN|[65]|i|Integer|false|false
14:00:48.0 (28956417)|HEAP_ALLOCATE|[65]|Bytes:4
14:00:48.0 (28963225)|VARIABLE_ASSIGNMENT|[65]|i|7
14:00:48.0 (28967334)|STATEMENT_EXECUTE|[66]
14:00:48.0 (28975153)|HEAP_ALLOCATE|[66]|Bytes:28
14:00:48.0 (28978941)|HEAP_ALLOCATE|[66]|Bytes:28
14:00:48.0 (28982910)|VARIABLE_SCOPE_BEGIN|[66]|i1|Decimal|false|false
14:00:48.0 (28993472)|VARIABLE_ASSIGNMENT|[66]|i1|0
14:00:48.0 (29027884)|STATEMENT_EXECUTE|[67]
14:00:48.0 (29030327)|STATEMENT_EXECUTE|[68]
14:00:48.0 (29078284)|VARIABLE_ASSIGNMENT|[EXTERNAL]|this|{"aptdum":"0x3a699278","Docdum":"0x28b70b2a","Docmap":"0x22333c99","Initialselected":0,"Selecteddoc":"a260H000001koYjQAI","SelectedtimeSlot":30,"timelist":"0x7ddeb929","timewraplist":"0x339b9670","timewraplistInitial":"0x56735a49"}|0x16f0c7a1
14:00:48.0 (29098553)|HEAP_ALLOCATE|[68]|Bytes:108
14:00:48.0 (29104789)|HEAP_ALLOCATE|[68]|Bytes:11
14:00:48.0 (29117990)|HEAP_ALLOCATE|[68]|Bytes:12
14:00:48.0 (29138168)|CONSTRUCTOR_ENTRY|[68]|01p0H000007gCe8|<init>(Boolean,Time)
14:00:48.0 (29150966)|VARIABLE_SCOPE_BEGIN|[178]|this|docappcontroller.Wrapertimeslot|true|false
14:00:48.0 (29172969)|VARIABLE_ASSIGNMENT|[178]|this|{}|0x211ee5a4
14:00:48.0 (29180362)|VARIABLE_SCOPE_BEGIN|[178]|selection|Boolean|false|false
14:00:48.0 (29188922)|VARIABLE_ASSIGNMENT|[178]|selection|false
14:00:48.0 (29196112)|VARIABLE_SCOPE_BEGIN|[178]|tm|Time|false|false
14:00:48.0 (29205581)|VARIABLE_ASSIGNMENT|[178]|tm|43200000
14:00:48.0 (29210721)|STATEMENT_EXECUTE|[174]
14:00:48.0 (29212818)|STATEMENT_EXECUTE|[175]
14:00:48.0 (29214499)|STATEMENT_EXECUTE|[176]
14:00:48.0 (29220571)|HEAP_ALLOCATE|[179]|Bytes:6
14:00:48.0 (29243342)|STATEMENT_EXECUTE|[178]
14:00:48.0 (29245194)|STATEMENT_EXECUTE|[179]
14:00:48.0 (29293667)|VARIABLE_ASSIGNMENT|[EXTERNAL]|this|{}|0x211ee5a4
14:00:48.0 (29304734)|VARIABLE_ASSIGNMENT|[EXTERNAL]|value|false
14:00:48.0 (29311456)|HEAP_ALLOCATE|[175]|Bytes:5
14:00:48.0 (29318648)|VARIABLE_ASSIGNMENT|[175]|this.selected|false|0x211ee5a4
14:00:48.0 (29328096)|STATEMENT_EXECUTE|[180]
14:00:48.0 (29358030)|VARIABLE_ASSIGNMENT|[EXTERNAL]|this|{"selected":false}|0x211ee5a4
14:00:48.0 (29371812)|VARIABLE_ASSIGNMENT|[EXTERNAL]|value|43200000
14:00:48.0 (29380683)|VARIABLE_ASSIGNMENT|[176]|this.t|43200000|0x211ee5a4
14:00:48.0 (29395179)|CONSTRUCTOR_EXIT|[68]|01p0H000007gCe8|<init>(Boolean,Time)
14:00:48.0 (29408484)|HEAP_ALLOCATE|[EXTERNAL]|Bytes:4
14:00:48.0 (29415925)|STATEMENT_EXECUTE|[73]
14:00:48.0 (29452800)|VARIABLE_ASSIGNMENT|[EXTERNAL]|this|{"aptdum":"0x3a699278","Docdum":"0x28b70b2a","Docmap":"0x22333c99","Initialselected":0,"Selecteddoc":"a260H000001koYjQAI","SelectedtimeSlot":30,"timelist":"0x7ddeb929","timewraplist":"0x339b9670","timewraplistInitial":"0x56735a49"}|0x16f0c7a1
14:00:48.0 (29471189)|HEAP_ALLOCATE|[EXTERNAL]|Bytes:4
14:00:48.0 (29487560)|HEAP_ALLOCATE|[76]|Bytes:28
14:00:48.0 (29493576)|HEAP_ALLOCATE|[76]|Bytes:28
14:00:48.0 (29537747)|STATEMENT_EXECUTE|[76]
14:00:48.0 (29540056)|STATEMENT_EXECUTE|[77]
14:00:48.0 (29558998)|USER_DEBUG|[77]|DEBUG|12:00:00.000Z
14:00:48.0 (29567362)|STATEMENT_EXECUTE|[78]
14:00:48.0 (29588663)|HEAP_ALLOCATE|[78]|Bytes:4
14:00:48.0 (29609829)|VARIABLE_ASSIGNMENT|[78]|t|45000000
14:00:48.0 (29617738)|STATEMENT_EXECUTE|[79]
14:00:48.0 (29626713)|HEAP_ALLOCATE|[79]|Bytes:28
14:00:48.0 (29657236)|HEAP_ALLOCATE|[79]|Bytes:28
14:00:48.0 (29672694)|VARIABLE_ASSIGNMENT|[79]|i1|0.5
14:00:48.0 (29677778)|STATEMENT_EXECUTE|[80]
14:00:48.0 (29714467)|VARIABLE_ASSIGNMENT|[EXTERNAL]|this|{"aptdum":"0x3a699278","Docdum":"0x28b70b2a","Docmap":"0x22333c99","Initialselected":0,"Selecteddoc":"a260H000001koYjQAI","SelectedtimeSlot":30,"timelist":"0x7ddeb929","timewraplist":"0x339b9670","timewraplistInitial":"0x56735a49"}|0x16f0c7a1
14:00:48.0 (29733438)|HEAP_ALLOCATE|[EXTERNAL]|Bytes:4
14:00:48.0 (29759389)|STATEMENT_EXECUTE|[82]
14:00:48.0 (29761231)|STATEMENT_EXECUTE|[83]
14:00:48.0 (29791543)|VARIABLE_ASSIGNMENT|[EXTERNAL]|this|{"aptdum":"0x3a699278","Docdum":"0x28b70b2a","Docmap":"0x22333c99","Initialselected":0,"Selecteddoc":"a260H000001koYjQAI","SelectedtimeSlot":30,"timelist":"0x7ddeb929","timewraplist":"0x339b9670","timewraplistInitial":"0x56735a49"}|0x16f0c7a1
14:00:48.0 (29806345)|HEAP_ALLOCATE|[83]|Bytes:12
14:00:48.0 (29819008)|CONSTRUCTOR_ENTRY|[83]|01p0H000007gCe8|<init>(Boolean,Time)
14:00:48.0 (29825489)|VARIABLE_SCOPE_BEGIN|[178]|this|docappcontroller.Wrapertimeslot|true|false
14:00:48.0 (29839700)|VARIABLE_ASSIGNMENT|[178]|this|{}|0x3a706d0f
14:00:48.0 (29846101)|VARIABLE_SCOPE_BEGIN|[178]|selection|Boolean|false|false
14:00:48.0 (29853435)|VARIABLE_ASSIGNMENT|[178]|selection|false
14:00:48.0 (29857389)|VARIABLE_SCOPE_BEGIN|[178]|tm|Time|false|false
14:00:48.0 (29866430)|VARIABLE_ASSIGNMENT|[178]|tm|45000000
14:00:48.0 (29871392)|STATEMENT_EXECUTE|[174]
14:00:48.0 (29873061)|STATEMENT_EXECUTE|[175]
14:00:48.0 (29874604)|STATEMENT_EXECUTE|[176]
14:00:48.0 (29885229)|STATEMENT_EXECUTE|[178]
14:00:48.0 (29886840)|STATEMENT_EXECUTE|[179]
14:00:48.0 (29905238)|VARIABLE_ASSIGNMENT|[EXTERNAL]|this|{}|0x3a706d0f
14:00:48.0 (29915345)|VARIABLE_ASSIGNMENT|[EXTERNAL]|value|false
14:00:48.0 (29921449)|HEAP_ALLOCATE|[175]|Bytes:5
14:00:48.0 (29927441)|VARIABLE_ASSIGNMENT|[175]|this.selected|false|0x3a706d0f
14:00:48.0 (29934917)|STATEMENT_EXECUTE|[180]
14:00:48.0 (29945903)|VARIABLE_ASSIGNMENT|[EXTERNAL]|this|{"selected":false}|0x3a706d0f
14:00:48.0 (29954435)|VARIABLE_ASSIGNMENT|[EXTERNAL]|value|45000000
14:00:48.0 (29961466)|VARIABLE_ASSIGNMENT|[176]|this.t|45000000|0x3a706d0f
14:00:48.0 (29974846)|CONSTRUCTOR_EXIT|[83]|01p0H000007gCe8|<init>(Boolean,Time)
14:00:48.0 (29987029)|HEAP_ALLOCATE|[EXTERNAL]|Bytes:4
14:00:48.0 (30000950)|HEAP_ALLOCATE|[76]|Bytes:28
14:00:48.0 (30005590)|HEAP_ALLOCATE|[76]|Bytes:28
14:00:48.0 (30026435)|STATEMENT_EXECUTE|[76]
14:00:48.0 (30028221)|STATEMENT_EXECUTE|[77]
14:00:48.0 (30037997)|USER_DEBUG|[77]|DEBUG|12:30:00.000Z
14:00:48.0 (30045302)|STATEMENT_EXECUTE|[78]
14:00:48.0 (30055452)|HEAP_ALLOCATE|[78]|Bytes:4
14:00:48.0 (30075750)|VARIABLE_ASSIGNMENT|[78]|t|46800000
14:00:48.0 (30080700)|STATEMENT_EXECUTE|[79]
14:00:48.0 (30086762)|HEAP_ALLOCATE|[79]|Bytes:28
14:00:48.0 (30099522)|HEAP_ALLOCATE|[79]|Bytes:28
14:00:48.0 (30110881)|VARIABLE_ASSIGNMENT|[79]|i1|1.0
14:00:48.0 (30115230)|STATEMENT_EXECUTE|[80]
14:00:48.0 (30143485)|VARIABLE_ASSIGNMENT|[EXTERNAL]|this|{"aptdum":"0x3a699278","Docdum":"0x28b70b2a","Docmap":"0x22333c99","Initialselected":0,"Selecteddoc":"a260H000001koYjQAI","SelectedtimeSlot":30,"timelist":"0x7ddeb929","timewraplist":"0x339b9670","timewraplistInitial":"0x56735a49"}|0x16f0c7a1
14:00:48.0 (30159253)|HEAP_ALLOCATE|[EXTERNAL]|Bytes:4
14:00:48.0 (30172007)|STATEMENT_EXECUTE|[82]
14:00:48.0 (30173601)|STATEMENT_EXECUTE|[83]
14:00:48.0 (30196754)|VARIABLE_ASSIGNMENT|[EXTERNAL]|this|{"aptdum":"0x3a699278","Docdum":"0x28b70b2a","Docmap":"0x22333c99","Initialselected":0,"Selecteddoc":"a260H000001koYjQAI","SelectedtimeSlot":30,"timelist":"0x7ddeb929","timewraplist":"0x339b9670","timewraplistInitial":"0x56735a49"}|0x16f0c7a1
14:00:48.0 (30210808)|HEAP_ALLOCATE|[83]|Bytes:12
14:00:48.0 (30222209)|CONSTRUCTOR_ENTRY|[83]|01p0H000007gCe8|<init>(Boolean,Time)
14:00:48.0 (30227785)|VARIABLE_SCOPE_BEGIN|[178]|this|docappcontroller.Wrapertimeslot|true|false
14:00:48.0 (30241078)|VARIABLE_ASSIGNMENT|[178]|this|{}|0x14313aee
14:00:48.0 (30247555)|VARIABLE_SCOPE_BEGIN|[178]|selection|Boolean|false|false
14:00:48.0 (30255585)|VARIABLE_ASSIGNMENT|[178]|selection|false
14:00:48.0 (30259839)|VARIABLE_SCOPE_BEGIN|[178]|tm|Time|false|false
14:00:48.0 (30268065)|VARIABLE_ASSIGNMENT|[178]|tm|46800000
14:00:48.0 (30272502)|STATEMENT_EXECUTE|[174]
14:00:48.0 (30274197)|STATEMENT_EXECUTE|[175]
14:00:48.0 (30275684)|STATEMENT_EXECUTE|[176]
14:00:48.0 (30285037)|STATEMENT_EXECUTE|[178]
14:00:48.0 (30286730)|STATEMENT_EXECUTE|[179]
14:00:48.0 (30297131)|VARIABLE_ASSIGNMENT|[EXTERNAL]|this|{}|0x14313aee
14:00:48.0 (30305268)|VARIABLE_ASSIGNMENT|[EXTERNAL]|value|false
14:00:48.0 (30310677)|HEAP_ALLOCATE|[175]|Bytes:5
14:00:48.0 (30316993)|VARIABLE_ASSIGNMENT|[175]|this.selected|false|0x14313aee
14:00:48.0 (30324784)|STATEMENT_EXECUTE|[180]
14:00:48.0 (30335619)|VARIABLE_ASSIGNMENT|[EXTERNAL]|this|{"selected":false}|0x14313aee
14:00:48.0 (30344013)|VARIABLE_ASSIGNMENT|[EXTERNAL]|value|46800000
14:00:48.0 (30351046)|VARIABLE_ASSIGNMENT|[176]|this.t|46800000|0x14313aee
14:00:48.0 (30363924)|CONSTRUCTOR_EXIT|[83]|01p0H000007gCe8|<init>(Boolean,Time)
14:00:48.0 (30372892)|HEAP_ALLOCATE|[EXTERNAL]|Bytes:4
14:00:48.0 (30383679)|HEAP_ALLOCATE|[76]|Bytes:28
14:00:48.0 (30387377)|HEAP_ALLOCATE|[76]|Bytes:28
14:00:48.0 (30404545)|STATEMENT_EXECUTE|[76]
14:00:48.0 (30406330)|STATEMENT_EXECUTE|[77]
14:00:48.0 (30414831)|USER_DEBUG|[77]|DEBUG|13:00:00.000Z
14:00:48.0 (30421918)|STATEMENT_EXECUTE|[78]
14:00:48.0 (30430688)|HEAP_ALLOCATE|[78]|Bytes:4
14:00:48.0 (30443714)|VARIABLE_ASSIGNMENT|[78]|t|48600000
14:00:48.0 (30448792)|STATEMENT_EXECUTE|[79]
14:00:48.0 (30453797)|HEAP_ALLOCATE|[79]|Bytes:28
14:00:48.0 (30465355)|HEAP_ALLOCATE|[79]|Bytes:28
14:00:48.0 (30476091)|VARIABLE_ASSIGNMENT|[79]|i1|1.5
14:00:48.0 (30480753)|STATEMENT_EXECUTE|[80]
14:00:48.0 (30507922)|VARIABLE_ASSIGNMENT|[EXTERNAL]|this|{"aptdum":"0x3a699278","Docdum":"0x28b70b2a","Docmap":"0x22333c99","Initialselected":0,"Selecteddoc":"a260H000001koYjQAI","SelectedtimeSlot":30,"timelist":"0x7ddeb929","timewraplist":"0x339b9670","timewraplistInitial":"0x56735a49"}|0x16f0c7a1
14:00:48.0 (30522703)|HEAP_ALLOCATE|[EXTERNAL]|Bytes:4
14:00:48.0 (30534726)|STATEMENT_EXECUTE|[82]
14:00:48.0 (30536310)|STATEMENT_EXECUTE|[83]
14:00:48.0 (30559326)|VARIABLE_ASSIGNMENT|[EXTERNAL]|this|{"aptdum":"0x3a699278","Docdum":"0x28b70b2a","Docmap":"0x22333c99","Initialselected":0,"Selecteddoc":"a260H000001koYjQAI","SelectedtimeSlot":30,"timelist":"0x7ddeb929","timewraplist":"0x339b9670","timewraplistInitial":"0x56735a49"}|0x16f0c7a1
14:00:48.0 (30572653)|HEAP_ALLOCATE|[83]|Bytes:12
14:00:48.0 (30583540)|CONSTRUCTOR_ENTRY|[83]|01p0H000007gCe8|<init>(Boolean,Time)
14:00:48.0 (30589193)|VARIABLE_SCOPE_BEGIN|[178]|this|docappcontroller.Wrapertimeslot|true|false
14:00:48.0 (30601570)|VARIABLE_ASSIGNMENT|[178]|this|{}|0x56b48e72
14:00:48.0 (30607341)|VARIABLE_SCOPE_BEGIN|[178]|selection|Boolean|false|false
14:00:48.0 (30615055)|VARIABLE_ASSIGNMENT|[178]|selection|false
14:00:48.0 (30618877)|VARIABLE_SCOPE_BEGIN|[178]|tm|Time|false|false
14:00:48.0 (30626332)|VARIABLE_ASSIGNMENT|[178]|tm|48600000
14:00:48.0 (30631056)|STATEMENT_EXECUTE|[174]
14:00:48.0 (30632778)|STATEMENT_EXECUTE|[175]
14:00:48.0 (30634293)|STATEMENT_EXECUTE|[176]
14:00:48.0 (30642928)|STATEMENT_EXECUTE|[178]
14:00:48.0 (30644491)|STATEMENT_EXECUTE|[179]
14:00:48.0 (30654934)|VARIABLE_ASSIGNMENT|[EXTERNAL]|this|{}|0x56b48e72
14:00:48.0 (30663317)|VARIABLE_ASSIGNMENT|[EXTERNAL]|value|false
14:00:48.0 (30667999)|HEAP_ALLOCATE|[175]|Bytes:5
14:00:48.0 (30674144)|VARIABLE_ASSIGNMENT|[175]|this.selected|false|0x56b48e72
14:00:48.0 (30681184)|STATEMENT_EXECUTE|[180]
14:00:48.0 (30691745)|VARIABLE_ASSIGNMENT|[EXTERNAL]|this|{"selected":false}|0x56b48e72
14:00:48.0 (30699995)|VARIABLE_ASSIGNMENT|[EXTERNAL]|value|48600000
14:00:48.0 (30707851)|VARIABLE_ASSIGNMENT|[176]|this.t|48600000|0x56b48e72
14:00:48.0 (30721288)|CONSTRUCTOR_EXIT|[83]|01p0H000007gCe8|<init>(Boolean,Time)
14:00:48.0 (30729929)|HEAP_ALLOCATE|[EXTERNAL]|Bytes:4
14:00:48.0 (30740406)|HEAP_ALLOCATE|[76]|Bytes:28
14:00:48.0 (30744264)|HEAP_ALLOCATE|[76]|Bytes:28
14:00:48.0 (30760643)|STATEMENT_EXECUTE|[76]
14:00:48.0 (30762325)|STATEMENT_EXECUTE|[77]
14:00:48.0 (30770526)|USER_DEBUG|[77]|DEBUG|13:30:00.000Z
14:00:48.0 (30777744)|STATEMENT_EXECUTE|[78]
14:00:48.0 (30786488)|HEAP_ALLOCATE|[78]|Bytes:4
14:00:48.0 (30799270)|VARIABLE_ASSIGNMENT|[78]|t|50400000
14:00:48.0 (30803991)|STATEMENT_EXECUTE|[79]
14:00:48.0 (30808926)|HEAP_ALLOCATE|[79]|Bytes:28
14:00:48.0 (30820432)|HEAP_ALLOCATE|[79]|Bytes:28
14:00:48.0 (30831018)|VARIABLE_ASSIGNMENT|[79]|i1|2.0
14:00:48.0 (30835611)|STATEMENT_EXECUTE|[80]
14:00:48.0 (30861507)|VARIABLE_ASSIGNMENT|[EXTERNAL]|this|{"aptdum":"0x3a699278","Docdum":"0x28b70b2a","Docmap":"0x22333c99","Initialselected":0,"Selecteddoc":"a260H000001koYjQAI","SelectedtimeSlot":30,"timelist":"0x7ddeb929","timewraplist":"0x339b9670","timewraplistInitial":"0x56735a49"}|0x16f0c7a1
14:00:48.0 (30875777)|HEAP_ALLOCATE|[EXTERNAL]|Bytes:4
14:00:48.0 (30887985)|STATEMENT_EXECUTE|[82]
14:00:48.0 (30889631)|STATEMENT_EXECUTE|[83]
14:00:48.0 (30912242)|VARIABLE_ASSIGNMENT|[EXTERNAL]|this|{"aptdum":"0x3a699278","Docdum":"0x28b70b2a","Docmap":"0x22333c99","Initialselected":0,"Selecteddoc":"a260H000001koYjQAI","SelectedtimeSlot":30,"timelist":"0x7ddeb929","timewraplist":"0x339b9670","timewraplistInitial":"0x56735a49"}|0x16f0c7a1
14:00:48.0 (30924781)|HEAP_ALLOCATE|[83]|Bytes:12
14:00:48.0 (30935542)|CONSTRUCTOR_ENTRY|[83]|01p0H000007gCe8|<init>(Boolean,Time)
14:00:48.0 (30941275)|VARIABLE_SCOPE_BEGIN|[178]|this|docappcontroller.Wrapertimeslot|true|false
14:00:48.0 (30952946)|VARIABLE_ASSIGNMENT|[178]|this|{}|0x5832211f
14:00:48.0 (30959012)|VARIABLE_SCOPE_BEGIN|[178]|selection|Boolean|false|false
14:00:48.0 (30966336)|VARIABLE_ASSIGNMENT|[178]|selection|false
14:00:48.0 (30970416)|VARIABLE_SCOPE_BEGIN|[178]|tm|Time|false|false
14:00:48.0 (30978637)|VARIABLE_ASSIGNMENT|[178]|tm|50400000
14:00:48.0 (30983197)|STATEMENT_EXECUTE|[174]
14:00:48.0 (30984728)|STATEMENT_EXECUTE|[175]
14:00:48.0 (30986212)|STATEMENT_EXECUTE|[176]
14:00:48.0 (30996213)|STATEMENT_EXECUTE|[178]
14:00:48.0 (30997887)|STATEMENT_EXECUTE|[179]
14:00:48.0 (31008563)|VARIABLE_ASSIGNMENT|[EXTERNAL]|this|{}|0x5832211f
14:00:48.0 (31017884)|VARIABLE_ASSIGNMENT|[EXTERNAL]|value|false
14:00:48.0 (31023573)|HEAP_ALLOCATE|[175]|Bytes:5
14:00:48.0 (31029725)|VARIABLE_ASSIGNMENT|[175]|this.selected|false|0x5832211f
14:00:48.0 (31037602)|STATEMENT_EXECUTE|[180]
14:00:48.0 (31048268)|VARIABLE_ASSIGNMENT|[EXTERNAL]|this|{"selected":false}|0x5832211f
14:00:48.0 (31056621)|VARIABLE_ASSIGNMENT|[EXTERNAL]|value|50400000
14:00:48.0 (31067536)|VARIABLE_ASSIGNMENT|[176]|this.t|50400000|0x5832211f
14:00:48.0 (31080654)|CONSTRUCTOR_EXIT|[83]|01p0H000007gCe8|<init>(Boolean,Time)
14:00:48.0 (31089225)|HEAP_ALLOCATE|[EXTERNAL]|Bytes:4
14:00:48.0 (31099554)|HEAP_ALLOCATE|[76]|Bytes:28
14:00:48.0 (31103110)|HEAP_ALLOCATE|[76]|Bytes:28
14:00:48.0 (31120976)|STATEMENT_EXECUTE|[76]
14:00:48.0 (31122727)|STATEMENT_EXECUTE|[77]
14:00:48.0 (31130532)|USER_DEBUG|[77]|DEBUG|14:00:00.000Z
14:00:48.0 (31137186)|STATEMENT_EXECUTE|[78]
14:00:48.0 (31145868)|HEAP_ALLOCATE|[78]|Bytes:4
14:00:48.0 (31158085)|VARIABLE_ASSIGNMENT|[78]|t|52200000
14:00:48.0 (31162358)|STATEMENT_EXECUTE|[79]
14:00:48.0 (31167385)|HEAP_ALLOCATE|[79]|Bytes:28
14:00:48.0 (31179245)|HEAP_ALLOCATE|[79]|Bytes:28
14:00:48.0 (31190061)|VARIABLE_ASSIGNMENT|[79]|i1|2.5
14:00:48.0 (31194123)|STATEMENT_EXECUTE|[80]
14:00:48.0 (31220506)|VARIABLE_ASSIGNMENT|[EXTERNAL]|this|{"aptdum":"0x3a699278","Docdum":"0x28b70b2a","Docmap":"0x22333c99","Initialselected":0,"Selecteddoc":"a260H000001koYjQAI","SelectedtimeSlot":30,"timelist":"0x7ddeb929","timewraplist":"0x339b9670","timewraplistInitial":"0x56735a49"}|0x16f0c7a1
14:00:48.0 (31235204)|HEAP_ALLOCATE|[EXTERNAL]|Bytes:4
14:00:48.0 (31247318)|STATEMENT_EXECUTE|[82]
14:00:48.0 (31248941)|STATEMENT_EXECUTE|[83]
14:00:48.0 (31271451)|VARIABLE_ASSIGNMENT|[EXTERNAL]|this|{"aptdum":"0x3a699278","Docdum":"0x28b70b2a","Docmap":"0x22333c99","Initialselected":0,"Selecteddoc":"a260H000001koYjQAI","SelectedtimeSlot":30,"timelist":"0x7ddeb929","timewraplist":"0x339b9670","timewraplistInitial":"0x56735a49"}|0x16f0c7a1
14:00:48.0 (31283799)|HEAP_ALLOCATE|[83]|Bytes:12
14:00:48.0 (31294582)|CONSTRUCTOR_ENTRY|[83]|01p0H000007gCe8|<init>(Boolean,Time)
14:00:48.0 (31300159)|VARIABLE_SCOPE_BEGIN|[178]|this|docappcontroller.Wrapertimeslot|true|false
14:00:48.0 (31313075)|VARIABLE_ASSIGNMENT|[178]|this|{}|0x3abdb87b
14:00:48.0 (31319303)|VARIABLE_SCOPE_BEGIN|[178]|selection|Boolean|false|false
14:00:48.0 (31326805)|VARIABLE_ASSIGNMENT|[178]|selection|false
14:00:48.0 (31330601)|VARIABLE_SCOPE_BEGIN|[178]|tm|Time|false|false
14:00:48.0 (31339143)|VARIABLE_ASSIGNMENT|[178]|tm|52200000
14:00:48.0 (31343778)|STATEMENT_EXECUTE|[174]
14:00:48.0 (31345335)|STATEMENT_EXECUTE|[175]
14:00:48.0 (31346824)|STATEMENT_EXECUTE|[176]
14:00:48.0 (31355179)|STATEMENT_EXECUTE|[178]
14:00:48.0 (31356714)|STATEMENT_EXECUTE|[179]
14:00:48.0 (31367161)|VARIABLE_ASSIGNMENT|[EXTERNAL]|this|{}|0x3abdb87b
14:00:48.0 (31375629)|VARIABLE_ASSIGNMENT|[EXTERNAL]|value|false
14:00:48.0 (31380473)|HEAP_ALLOCATE|[175]|Bytes:5
14:00:48.0 (31386352)|VARIABLE_ASSIGNMENT|[175]|this.selected|false|0x3abdb87b
14:00:48.0 (31394474)|STATEMENT_EXECUTE|[180]
14:00:48.0 (31405061)|VARIABLE_ASSIGNMENT|[EXTERNAL]|this|{"selected":false}|0x3abdb87b
14:00:48.0 (31413155)|VARIABLE_ASSIGNMENT|[EXTERNAL]|value|52200000
14:00:48.0 (31420676)|VARIABLE_ASSIGNMENT|[176]|this.t|52200000|0x3abdb87b
14:00:48.0 (31433470)|CONSTRUCTOR_EXIT|[83]|01p0H000007gCe8|<init>(Boolean,Time)
14:00:48.0 (31442729)|HEAP_ALLOCATE|[EXTERNAL]|Bytes:4
14:00:48.0 (31452960)|HEAP_ALLOCATE|[76]|Bytes:28
14:00:48.0 (31456512)|HEAP_ALLOCATE|[76]|Bytes:28
14:00:48.0 (31473500)|STATEMENT_EXECUTE|[76]
14:00:48.0 (31475181)|STATEMENT_EXECUTE|[77]
14:00:48.0 (31483167)|USER_DEBUG|[77]|DEBUG|14:30:00.000Z
14:00:48.0 (31490330)|STATEMENT_EXECUTE|[78]
14:00:48.0 (31498776)|HEAP_ALLOCATE|[78]|Bytes:4
14:00:48.0 (31511405)|VARIABLE_ASSIGNMENT|[78]|t|54000000
14:00:48.0 (31516300)|STATEMENT_EXECUTE|[79]
14:00:48.0 (31521079)|HEAP_ALLOCATE|[79]|Bytes:28
14:00:48.0 (31532752)|HEAP_ALLOCATE|[79]|Bytes:28
14:00:48.0 (31543316)|VARIABLE_ASSIGNMENT|[79]|i1|3.0
14:00:48.0 (31548424)|STATEMENT_EXECUTE|[80]
14:00:48.0 (31573474)|VARIABLE_ASSIGNMENT|[EXTERNAL]|this|{"aptdum":"0x3a699278","Docdum":"0x28b70b2a","Docmap":"0x22333c99","Initialselected":0,"Selecteddoc":"a260H000001koYjQAI","SelectedtimeSlot":30,"timelist":"0x7ddeb929","timewraplist":"0x339b9670","timewraplistInitial":"0x56735a49"}|0x16f0c7a1
14:00:48.0 (31587746)|HEAP_ALLOCATE|[EXTERNAL]|Bytes:4
14:00:48.0 (31613284)|STATEMENT_EXECUTE|[84]
14:00:48.0 (31615092)|STATEMENT_EXECUTE|[85]
14:00:48.0 (31650199)|VARIABLE_ASSIGNMENT|[EXTERNAL]|this|{"aptdum":"0x3a699278","Docdum":"0x28b70b2a","Docmap":"0x22333c99","Initialselected":0,"Selecteddoc":"a260H000001koYjQAI","SelectedtimeSlot":30,"timelist":"0x7ddeb929","timewraplist":"0x339b9670","timewraplistInitial":"0x56735a49"}|0x16f0c7a1
14:00:48.0 (31664340)|HEAP_ALLOCATE|[85]|Bytes:12
14:00:48.0 (31676975)|CONSTRUCTOR_ENTRY|[85]|01p0H000007gCe8|<init>(Boolean,Time)
14:00:48.0 (31682684)|VARIABLE_SCOPE_BEGIN|[178]|this|docappcontroller.Wrapertimeslot|true|false
14:00:48.0 (31695349)|VARIABLE_ASSIGNMENT|[178]|this|{}|0x2cbf82c1
14:00:48.0 (31701745)|VARIABLE_SCOPE_BEGIN|[178]|selection|Boolean|false|false
14:00:48.0 (31709350)|VARIABLE_ASSIGNMENT|[178]|selection|true
14:00:48.0 (31713105)|VARIABLE_SCOPE_BEGIN|[178]|tm|Time|false|false
14:00:48.0 (31721513)|VARIABLE_ASSIGNMENT|[178]|tm|54000000
14:00:48.0 (31726059)|STATEMENT_EXECUTE|[174]
14:00:48.0 (31727949)|STATEMENT_EXECUTE|[175]
14:00:48.0 (31729587)|STATEMENT_EXECUTE|[176]
14:00:48.0 (31738078)|STATEMENT_EXECUTE|[178]
14:00:48.0 (31739616)|STATEMENT_EXECUTE|[179]
14:00:48.0 (31749805)|VARIABLE_ASSIGNMENT|[EXTERNAL]|this|{}|0x2cbf82c1
14:00:48.0 (31757947)|VARIABLE_ASSIGNMENT|[EXTERNAL]|value|true
14:00:48.0 (31763430)|HEAP_ALLOCATE|[175]|Bytes:5
14:00:48.0 (31769280)|VARIABLE_ASSIGNMENT|[175]|this.selected|true|0x2cbf82c1
14:00:48.0 (31776774)|STATEMENT_EXECUTE|[180]
14:00:48.0 (31787376)|VARIABLE_ASSIGNMENT|[EXTERNAL]|this|{"selected":true}|0x2cbf82c1
14:00:48.0 (31796147)|VARIABLE_ASSIGNMENT|[EXTERNAL]|value|54000000
14:00:48.0 (31803082)|VARIABLE_ASSIGNMENT|[176]|this.t|54000000|0x2cbf82c1
14:00:48.0 (31815762)|CONSTRUCTOR_EXIT|[85]|01p0H000007gCe8|<init>(Boolean,Time)
14:00:48.0 (31827118)|HEAP_ALLOCATE|[EXTERNAL]|Bytes:4
14:00:48.0 (31832781)|STATEMENT_EXECUTE|[86]
14:00:48.0 (31838606)|HEAP_ALLOCATE|[86]|Bytes:4
14:00:48.0 (31845695)|VARIABLE_ASSIGNMENT|[86]|this.Initialselected|1|0x16f0c7a1
14:00:48.0 (31856185)|HEAP_ALLOCATE|[76]|Bytes:28
14:00:48.0 (31860010)|HEAP_ALLOCATE|[76]|Bytes:28
14:00:48.0 (31878611)|STATEMENT_EXECUTE|[76]
14:00:48.0 (31880491)|STATEMENT_EXECUTE|[77]
14:00:48.0 (31889455)|USER_DEBUG|[77]|DEBUG|15:00:00.000Z
14:00:48.0 (31896488)|STATEMENT_EXECUTE|[78]
14:00:48.0 (31905759)|HEAP_ALLOCATE|[78]|Bytes:4
14:00:48.0 (31918070)|VARIABLE_ASSIGNMENT|[78]|t|55800000
14:00:48.0 (31922697)|STATEMENT_EXECUTE|[79]
14:00:48.0 (31927699)|HEAP_ALLOCATE|[79]|Bytes:28
14:00:48.0 (31939285)|HEAP_ALLOCATE|[79]|Bytes:28
14:00:48.0 (31949472)|VARIABLE_ASSIGNMENT|[79]|i1|3.5
14:00:48.0 (31953634)|STATEMENT_EXECUTE|[80]
14:00:48.0 (31979530)|VARIABLE_ASSIGNMENT|[EXTERNAL]|this|{"aptdum":"0x3a699278","Docdum":"0x28b70b2a","Docmap":"0x22333c99","Initialselected":1,"Selecteddoc":"a260H000001koYjQAI","SelectedtimeSlot":30,"timelist":"0x7ddeb929","timewraplist":"0x339b9670","timewraplistInitial":"0x56735a49"}|0x16f0c7a1
14:00:48.0 (32002304)|HEAP_ALLOCATE|[EXTERNAL]|Bytes:4
14:00:48.0 (32017125)|STATEMENT_EXECUTE|[84]
14:00:48.0 (32018738)|STATEMENT_EXECUTE|[85]
14:00:48.0 (32043915)|VARIABLE_ASSIGNMENT|[EXTERNAL]|this|{"aptdum":"0x3a699278","Docdum":"0x28b70b2a","Docmap":"0x22333c99","Initialselected":1,"Selecteddoc":"a260H000001koYjQAI","SelectedtimeSlot":30,"timelist":"0x7ddeb929","timewraplist":"0x339b9670","timewraplistInitial":"0x56735a49"}|0x16f0c7a1
14:00:48.0 (32059483)|HEAP_ALLOCATE|[85]|Bytes:12
14:00:48.0 (32077282)|CONSTRUCTOR_ENTRY|[85]|01p0H000007gCe8|<init>(Boolean,Time)
14:00:48.0 (32082720)|VARIABLE_SCOPE_BEGIN|[178]|this|docappcontroller.Wrapertimeslot|true|false
14:00:48.0 (32095934)|VARIABLE_ASSIGNMENT|[178]|this|{}|0x200ebbce
14:00:48.0 (32102146)|VARIABLE_SCOPE_BEGIN|[178]|selection|Boolean|false|false
14:00:48.0 (32109843)|VARIABLE_ASSIGNMENT|[178]|selection|true
14:00:48.0 (32113942)|VARIABLE_SCOPE_BEGIN|[178]|tm|Time|false|false
14:00:48.0 (32122586)|VARIABLE_ASSIGNMENT|[178]|tm|55800000
14:00:48.0 (32127465)|STATEMENT_EXECUTE|[174]
14:00:48.0 (32129066)|STATEMENT_EXECUTE|[175]
14:00:48.0 (32130572)|STATEMENT_EXECUTE|[176]
14:00:48.0 (32140245)|STATEMENT_EXECUTE|[178]
14:00:48.0 (32141827)|STATEMENT_EXECUTE|[179]
14:00:48.0 (32152879)|VARIABLE_ASSIGNMENT|[EXTERNAL]|this|{}|0x200ebbce
14:00:48.0 (32161763)|VARIABLE_ASSIGNMENT|[EXTERNAL]|value|true
14:00:48.0 (32167044)|HEAP_ALLOCATE|[175]|Bytes:5
14:00:48.0 (32172941)|VARIABLE_ASSIGNMENT|[175]|this.selected|true|0x200ebbce
14:00:48.0 (32180548)|STATEMENT_EXECUTE|[180]
14:00:48.0 (32191265)|VARIABLE_ASSIGNMENT|[EXTERNAL]|this|{"selected":true}|0x200ebbce
14:00:48.0 (32199665)|VARIABLE_ASSIGNMENT|[EXTERNAL]|value|55800000
14:00:48.0 (32206537)|VARIABLE_ASSIGNMENT|[176]|this.t|55800000|0x200ebbce
14:00:48.0 (32219997)|CONSTRUCTOR_EXIT|[85]|01p0H000007gCe8|<init>(Boolean,Time)
14:00:48.0 (32229135)|HEAP_ALLOCATE|[EXTERNAL]|Bytes:4
14:00:48.0 (32234507)|STATEMENT_EXECUTE|[86]
14:00:48.0 (32238447)|HEAP_ALLOCATE|[86]|Bytes:4
14:00:48.0 (32246293)|VARIABLE_ASSIGNMENT|[86]|this.Initialselected|2|0x16f0c7a1
14:00:48.0 (32257449)|HEAP_ALLOCATE|[76]|Bytes:28
14:00:48.0 (32260935)|HEAP_ALLOCATE|[76]|Bytes:28
14:00:48.0 (32279637)|STATEMENT_EXECUTE|[76]
14:00:48.0 (32281431)|STATEMENT_EXECUTE|[77]
14:00:48.0 (32289830)|USER_DEBUG|[77]|DEBUG|15:30:00.000Z
14:00:48.0 (32296888)|STATEMENT_EXECUTE|[78]
14:00:48.0 (32306781)|HEAP_ALLOCATE|[78]|Bytes:4
14:00:48.0 (32319366)|VARIABLE_ASSIGNMENT|[78]|t|57600000
14:00:48.0 (32323887)|STATEMENT_EXECUTE|[79]
14:00:48.0 (32328811)|HEAP_ALLOCATE|[79]|Bytes:28
14:00:48.0 (32340317)|HEAP_ALLOCATE|[79]|Bytes:28
14:00:48.0 (32351468)|VARIABLE_ASSIGNMENT|[79]|i1|4.0
14:00:48.0 (32356037)|STATEMENT_EXECUTE|[80]
14:00:48.0 (32382552)|VARIABLE_ASSIGNMENT|[EXTERNAL]|this|{"aptdum":"0x3a699278","Docdum":"0x28b70b2a","Docmap":"0x22333c99","Initialselected":2,"Selecteddoc":"a260H000001koYjQAI","SelectedtimeSlot":30,"timelist":"0x7ddeb929","timewraplist":"0x339b9670","timewraplistInitial":"0x56735a49"}|0x16f0c7a1
14:00:48.0 (32396746)|HEAP_ALLOCATE|[EXTERNAL]|Bytes:4
14:00:48.0 (32409015)|STATEMENT_EXECUTE|[84]
14:00:48.0 (32410530)|STATEMENT_EXECUTE|[85]
14:00:48.0 (32432720)|VARIABLE_ASSIGNMENT|[EXTERNAL]|this|{"aptdum":"0x3a699278","Docdum":"0x28b70b2a","Docmap":"0x22333c99","Initialselected":2,"Selecteddoc":"a260H000001koYjQAI","SelectedtimeSlot":30,"timelist":"0x7ddeb929","timewraplist":"0x339b9670","timewraplistInitial":"0x56735a49"}|0x16f0c7a1
14:00:48.0 (32445581)|HEAP_ALLOCATE|[85]|Bytes:12
14:00:48.0 (32456303)|CONSTRUCTOR_ENTRY|[85]|01p0H000007gCe8|<init>(Boolean,Time)
14:00:48.0 (32462136)|VARIABLE_SCOPE_BEGIN|[178]|this|docappcontroller.Wrapertimeslot|true|false
14:00:48.0 (32474399)|VARIABLE_ASSIGNMENT|[178]|this|{}|0x30cb73e8
14:00:48.0 (32480662)|VARIABLE_SCOPE_BEGIN|[178]|selection|Boolean|false|false
14:00:48.0 (32488530)|VARIABLE_ASSIGNMENT|[178]|selection|true
14:00:48.0 (32492272)|VARIABLE_SCOPE_BEGIN|[178]|tm|Time|false|false
14:00:48.0 (32499986)|VARIABLE_ASSIGNMENT|[178]|tm|57600000
14:00:48.0 (32504144)|STATEMENT_EXECUTE|[174]
14:00:48.0 (32505738)|STATEMENT_EXECUTE|[175]
14:00:48.0 (32507332)|STATEMENT_EXECUTE|[176]
14:00:48.0 (32515744)|STATEMENT_EXECUTE|[178]
14:00:48.0 (32517303)|STATEMENT_EXECUTE|[179]
14:00:48.0 (32527638)|VARIABLE_ASSIGNMENT|[EXTERNAL]|this|{}|0x30cb73e8
14:00:48.0 (32536574)|VARIABLE_ASSIGNMENT|[EXTERNAL]|value|true
14:00:48.0 (32541961)|HEAP_ALLOCATE|[175]|Bytes:5
14:00:48.0 (32547936)|VARIABLE_ASSIGNMENT|[175]|this.selected|true|0x30cb73e8
14:00:48.0 (32555671)|STATEMENT_EXECUTE|[180]
14:00:48.0 (32566222)|VARIABLE_ASSIGNMENT|[EXTERNAL]|this|{"selected":true}|0x30cb73e8
14:00:48.0 (32575051)|VARIABLE_ASSIGNMENT|[EXTERNAL]|value|57600000
14:00:48.0 (32582215)|VARIABLE_ASSIGNMENT|[176]|this.t|57600000|0x30cb73e8
14:00:48.0 (32595426)|CONSTRUCTOR_EXIT|[85]|01p0H000007gCe8|<init>(Boolean,Time)
14:00:48.0 (32603693)|HEAP_ALLOCATE|[EXTERNAL]|Bytes:4
14:00:48.0 (32608938)|STATEMENT_EXECUTE|[86]
14:00:48.0 (32612519)|HEAP_ALLOCATE|[86]|Bytes:4
14:00:48.0 (32619120)|VARIABLE_ASSIGNMENT|[86]|this.Initialselected|3|0x16f0c7a1
14:00:48.0 (32629404)|HEAP_ALLOCATE|[76]|Bytes:28
14:00:48.0 (32633447)|HEAP_ALLOCATE|[76]|Bytes:28
14:00:48.0 (32651519)|STATEMENT_EXECUTE|[76]
14:00:48.0 (32653289)|STATEMENT_EXECUTE|[77]
14:00:48.0 (32661233)|USER_DEBUG|[77]|DEBUG|16:00:00.000Z
14:00:48.0 (32668040)|STATEMENT_EXECUTE|[78]
14:00:48.0 (32677040)|HEAP_ALLOCATE|[78]|Bytes:4
14:00:48.0 (32689164)|VARIABLE_ASSIGNMENT|[78]|t|59400000
14:00:48.0 (32693823)|STATEMENT_EXECUTE|[79]
14:00:48.0 (32698924)|HEAP_ALLOCATE|[79]|Bytes:28
14:00:48.0 (32710146)|HEAP_ALLOCATE|[79]|Bytes:28
14:00:48.0 (32720389)|VARIABLE_ASSIGNMENT|[79]|i1|4.5
14:00:48.0 (32724621)|STATEMENT_EXECUTE|[80]
14:00:48.0 (32750232)|VARIABLE_ASSIGNMENT|[EXTERNAL]|this|{"aptdum":"0x3a699278","Docdum":"0x28b70b2a","Docmap":"0x22333c99","Initialselected":3,"Selecteddoc":"a260H000001koYjQAI","SelectedtimeSlot":30,"timelist":"0x7ddeb929","timewraplist":"0x339b9670","timewraplistInitial":"0x56735a49"}|0x16f0c7a1
14:00:48.0 (32764551)|HEAP_ALLOCATE|[EXTERNAL]|Bytes:4
14:00:48.0 (32776003)|STATEMENT_EXECUTE|[84]
14:00:48.0 (32777626)|STATEMENT_EXECUTE|[85]
14:00:48.0 (32799548)|VARIABLE_ASSIGNMENT|[EXTERNAL]|this|{"aptdum":"0x3a699278","Docdum":"0x28b70b2a","Docmap":"0x22333c99","Initialselected":3,"Selecteddoc":"a260H000001koYjQAI","SelectedtimeSlot":30,"timelist":"0x7ddeb929","timewraplist":"0x339b9670","timewraplistInitial":"0x56735a49"}|0x16f0c7a1
14:00:48.0 (32811802)|HEAP_ALLOCATE|[85]|Bytes:12
14:00:48.0 (32821930)|CONSTRUCTOR_ENTRY|[85]|01p0H000007gCe8|<init>(Boolean,Time)
14:00:48.0 (32827128)|VARIABLE_SCOPE_BEGIN|[178]|this|docappcontroller.Wrapertimeslot|true|false
14:00:48.0 (32839076)|VARIABLE_ASSIGNMENT|[178]|this|{}|0x3396da7e
14:00:48.0 (32845038)|VARIABLE_SCOPE_BEGIN|[178]|selection|Boolean|false|false
14:00:48.0 (32852613)|VARIABLE_ASSIGNMENT|[178]|selection|true
14:00:48.0 (32855928)|VARIABLE_SCOPE_BEGIN|[178]|tm|Time|false|false
14:00:48.0 (32863640)|VARIABLE_ASSIGNMENT|[178]|tm|59400000
14:00:48.0 (32868068)|STATEMENT_EXECUTE|[174]
14:00:48.0 (32869652)|STATEMENT_EXECUTE|[175]
14:00:48.0 (32871155)|STATEMENT_EXECUTE|[176]
14:00:48.0 (32879431)|STATEMENT_EXECUTE|[178]
14:00:48.0 (32881100)|STATEMENT_EXECUTE|[179]
14:00:48.0 (32891641)|VARIABLE_ASSIGNMENT|[EXTERNAL]|this|{}|0x3396da7e
14:00:48.0 (32900275)|VARIABLE_ASSIGNMENT|[EXTERNAL]|value|true
14:00:48.0 (32905515)|HEAP_ALLOCATE|[175]|Bytes:5
14:00:48.0 (32911534)|VARIABLE_ASSIGNMENT|[175]|this.selected|true|0x3396da7e
14:00:48.0 (32919018)|STATEMENT_EXECUTE|[180]
14:00:48.0 (32929541)|VARIABLE_ASSIGNMENT|[EXTERNAL]|this|{"selected":true}|0x3396da7e
14:00:48.0 (32938463)|VARIABLE_ASSIGNMENT|[EXTERNAL]|value|59400000
14:00:48.0 (32945592)|VARIABLE_ASSIGNMENT|[176]|this.t|59400000|0x3396da7e
14:00:48.0 (32958834)|CONSTRUCTOR_EXIT|[85]|01p0H000007gCe8|<init>(Boolean,Time)
14:00:48.0 (32967548)|HEAP_ALLOCATE|[EXTERNAL]|Bytes:4
14:00:48.0 (32972925)|STATEMENT_EXECUTE|[86]
14:00:48.0 (32976621)|HEAP_ALLOCATE|[86]|Bytes:4
14:00:48.0 (32982940)|VARIABLE_ASSIGNMENT|[86]|this.Initialselected|4|0x16f0c7a1
14:00:48.0 (32994084)|HEAP_ALLOCATE|[76]|Bytes:28
14:00:48.0 (32999181)|HEAP_ALLOCATE|[76]|Bytes:28
14:00:48.0 (33017785)|STATEMENT_EXECUTE|[76]
14:00:48.0 (33019965)|STATEMENT_EXECUTE|[77]
14:00:48.0 (33028100)|USER_DEBUG|[77]|DEBUG|16:30:00.000Z
14:00:48.0 (33035147)|STATEMENT_EXECUTE|[78]
14:00:48.0 (33043871)|HEAP_ALLOCATE|[78]|Bytes:4
14:00:48.0 (33056109)|VARIABLE_ASSIGNMENT|[78]|t|61200000
14:00:48.0 (33060799)|STATEMENT_EXECUTE|[79]
14:00:48.0 (33069282)|HEAP_ALLOCATE|[79]|Bytes:28
14:00:48.0 (33081257)|HEAP_ALLOCATE|[79]|Bytes:28
14:00:48.0 (33092049)|VARIABLE_ASSIGNMENT|[79]|i1|5.0
14:00:48.0 (33096644)|STATEMENT_EXECUTE|[80]
14:00:48.0 (33123239)|VARIABLE_ASSIGNMENT|[EXTERNAL]|this|{"aptdum":"0x3a699278","Docdum":"0x28b70b2a","Docmap":"0x22333c99","Initialselected":4,"Selecteddoc":"a260H000001koYjQAI","SelectedtimeSlot":30,"timelist":"0x7ddeb929","timewraplist":"0x339b9670","timewraplistInitial":"0x56735a49"}|0x16f0c7a1
14:00:48.0 (33137650)|HEAP_ALLOCATE|[EXTERNAL]|Bytes:4
14:00:48.0 (33150160)|STATEMENT_EXECUTE|[82]
14:00:48.0 (33151724)|STATEMENT_EXECUTE|[83]
14:00:48.0 (33173305)|VARIABLE_ASSIGNMENT|[EXTERNAL]|this|{"aptdum":"0x3a699278","Docdum":"0x28b70b2a","Docmap":"0x22333c99","Initialselected":4,"Selecteddoc":"a260H000001koYjQAI","SelectedtimeSlot":30,"timelist":"0x7ddeb929","timewraplist":"0x339b9670","timewraplistInitial":"0x56735a49"}|0x16f0c7a1
14:00:48.0 (33185524)|HEAP_ALLOCATE|[83]|Bytes:12
14:00:48.0 (33195946)|CONSTRUCTOR_ENTRY|[83]|01p0H000007gCe8|<init>(Boolean,Time)
14:00:48.0 (33201434)|VARIABLE_SCOPE_BEGIN|[178]|this|docappcontroller.Wrapertimeslot|true|false
14:00:48.0 (33212982)|VARIABLE_ASSIGNMENT|[178]|this|{}|0x6ddf5138
14:00:48.0 (33219189)|VARIABLE_SCOPE_BEGIN|[178]|selection|Boolean|false|false
14:00:48.0 (33226865)|VARIABLE_ASSIGNMENT|[178]|selection|false
14:00:48.0 (33230206)|VARIABLE_SCOPE_BEGIN|[178]|tm|Time|false|false
14:00:48.0 (33237559)|VARIABLE_ASSIGNMENT|[178]|tm|61200000
14:00:48.0 (33241644)|STATEMENT_EXECUTE|[174]
14:00:48.0 (33243190)|STATEMENT_EXECUTE|[175]
14:00:48.0 (33244656)|STATEMENT_EXECUTE|[176]
14:00:48.0 (33252908)|STATEMENT_EXECUTE|[178]
14:00:48.0 (33254612)|STATEMENT_EXECUTE|[179]
14:00:48.0 (33265424)|VARIABLE_ASSIGNMENT|[EXTERNAL]|this|{}|0x6ddf5138
14:00:48.0 (33273842)|VARIABLE_ASSIGNMENT|[EXTERNAL]|value|false
14:00:48.0 (33278563)|HEAP_ALLOCATE|[175]|Bytes:5
14:00:48.0 (33284348)|VARIABLE_ASSIGNMENT|[175]|this.selected|false|0x6ddf5138
14:00:48.0 (33291255)|STATEMENT_EXECUTE|[180]
14:00:48.0 (33301771)|VARIABLE_ASSIGNMENT|[EXTERNAL]|this|{"selected":false}|0x6ddf5138
14:00:48.0 (33309764)|VARIABLE_ASSIGNMENT|[EXTERNAL]|value|61200000
14:00:48.0 (33316517)|VARIABLE_ASSIGNMENT|[176]|this.t|61200000|0x6ddf5138
14:00:48.0 (33328474)|CONSTRUCTOR_EXIT|[83]|01p0H000007gCe8|<init>(Boolean,Time)
14:00:48.0 (33336820)|HEAP_ALLOCATE|[EXTERNAL]|Bytes:4
14:00:48.0 (33347282)|HEAP_ALLOCATE|[76]|Bytes:28
14:00:48.0 (33350552)|HEAP_ALLOCATE|[76]|Bytes:28
14:00:48.0 (33367664)|STATEMENT_EXECUTE|[76]
14:00:48.0 (33369385)|STATEMENT_EXECUTE|[77]
14:00:48.0 (33377694)|USER_DEBUG|[77]|DEBUG|17:00:00.000Z
14:00:48.0 (33384088)|STATEMENT_EXECUTE|[78]
14:00:48.0 (33392735)|HEAP_ALLOCATE|[78]|Bytes:4
14:00:48.0 (33404915)|VARIABLE_ASSIGNMENT|[78]|t|63000000
14:00:48.0 (33409184)|STATEMENT_EXECUTE|[79]
14:00:48.0 (33414139)|HEAP_ALLOCATE|[79]|Bytes:28
14:00:48.0 (33425270)|HEAP_ALLOCATE|[79]|Bytes:28
14:00:48.0 (33435521)|VARIABLE_ASSIGNMENT|[79]|i1|5.5
14:00:48.0 (33439696)|STATEMENT_EXECUTE|[80]
14:00:48.0 (33464855)|VARIABLE_ASSIGNMENT|[EXTERNAL]|this|{"aptdum":"0x3a699278","Docdum":"0x28b70b2a","Docmap":"0x22333c99","Initialselected":4,"Selecteddoc":"a260H000001koYjQAI","SelectedtimeSlot":30,"timelist":"0x7ddeb929","timewraplist":"0x339b9670","timewraplistInitial":"0x56735a49"}|0x16f0c7a1
14:00:48.0 (33478363)|HEAP_ALLOCATE|[EXTERNAL]|Bytes:4
14:00:48.0 (33490574)|STATEMENT_EXECUTE|[82]
14:00:48.0 (33492417)|STATEMENT_EXECUTE|[83]
14:00:48.0 (33513792)|VARIABLE_ASSIGNMENT|[EXTERNAL]|this|{"aptdum":"0x3a699278","Docdum":"0x28b70b2a","Docmap":"0x22333c99","Initialselected":4,"Selecteddoc":"a260H000001koYjQAI","SelectedtimeSlot":30,"timelist":"0x7ddeb929","timewraplist":"0x339b9670","timewraplistInitial":"0x56735a49"}|0x16f0c7a1
14:00:48.0 (33526148)|HEAP_ALLOCATE|[83]|Bytes:12
14:00:48.0 (33536553)|CONSTRUCTOR_ENTRY|[83]|01p0H000007gCe8|<init>(Boolean,Time)
14:00:48.0 (33541447)|VARIABLE_SCOPE_BEGIN|[178]|this|docappcontroller.Wrapertimeslot|true|false
14:00:48.0 (33552849)|VARIABLE_ASSIGNMENT|[178]|this|{}|0x53ceb50
14:00:48.0 (33558312)|VARIABLE_SCOPE_BEGIN|[178]|selection|Boolean|false|false
14:00:48.0 (33565151)|VARIABLE_ASSIGNMENT|[178]|selection|false
14:00:48.0 (33569032)|VARIABLE_SCOPE_BEGIN|[178]|tm|Time|false|false
14:00:48.0 (33576487)|VARIABLE_ASSIGNMENT|[178]|tm|63000000
14:00:48.0 (33580540)|STATEMENT_EXECUTE|[174]
14:00:48.0 (33582052)|STATEMENT_EXECUTE|[175]
14:00:48.0 (33583523)|STATEMENT_EXECUTE|[176]
14:00:48.0 (33591856)|STATEMENT_EXECUTE|[178]
14:00:48.0 (33593699)|STATEMENT_EXECUTE|[179]
14:00:48.0 (33604125)|VARIABLE_ASSIGNMENT|[EXTERNAL]|this|{}|0x53ceb50
14:00:48.0 (33612553)|VARIABLE_ASSIGNMENT|[EXTERNAL]|value|false
14:00:48.0 (33617535)|HEAP_ALLOCATE|[175]|Bytes:5
14:00:48.0 (33623119)|VARIABLE_ASSIGNMENT|[175]|this.selected|false|0x53ceb50
14:00:48.0 (33629985)|STATEMENT_EXECUTE|[180]
14:00:48.0 (33640527)|VARIABLE_ASSIGNMENT|[EXTERNAL]|this|{"selected":false}|0x53ceb50
14:00:48.0 (33648359)|VARIABLE_ASSIGNMENT|[EXTERNAL]|value|63000000
14:00:48.0 (33654863)|VARIABLE_ASSIGNMENT|[176]|this.t|63000000|0x53ceb50
14:00:48.0 (33667303)|CONSTRUCTOR_EXIT|[83]|01p0H000007gCe8|<init>(Boolean,Time)
14:00:48.0 (33675576)|HEAP_ALLOCATE|[EXTERNAL]|Bytes:4
14:00:48.0 (33685703)|HEAP_ALLOCATE|[76]|Bytes:28
14:00:48.0 (33689104)|HEAP_ALLOCATE|[76]|Bytes:28
14:00:48.0 (33706146)|STATEMENT_EXECUTE|[76]
14:00:48.0 (33707847)|STATEMENT_EXECUTE|[77]
14:00:48.0 (33715434)|USER_DEBUG|[77]|DEBUG|17:30:00.000Z
14:00:48.0 (33721636)|STATEMENT_EXECUTE|[78]
14:00:48.0 (33730181)|HEAP_ALLOCATE|[78]|Bytes:4
14:00:48.0 (33742248)|VARIABLE_ASSIGNMENT|[78]|t|64800000
14:00:48.0 (33746811)|STATEMENT_EXECUTE|[79]
14:00:48.0 (33751629)|HEAP_ALLOCATE|[79]|Bytes:28
14:00:48.0 (33763247)|HEAP_ALLOCATE|[79]|Bytes:28
14:00:48.0 (33773465)|VARIABLE_ASSIGNMENT|[79]|i1|6.0
14:00:48.0 (33777326)|STATEMENT_EXECUTE|[80]
14:00:48.0 (33802435)|VARIABLE_ASSIGNMENT|[EXTERNAL]|this|{"aptdum":"0x3a699278","Docdum":"0x28b70b2a","Docmap":"0x22333c99","Initialselected":4,"Selecteddoc":"a260H000001koYjQAI","SelectedtimeSlot":30,"timelist":"0x7ddeb929","timewraplist":"0x339b9670","timewraplistInitial":"0x56735a49"}|0x16f0c7a1
14:00:48.0 (33816124)|HEAP_ALLOCATE|[EXTERNAL]|Bytes:4
14:00:48.0 (33827604)|STATEMENT_EXECUTE|[82]
14:00:48.0 (33829130)|STATEMENT_EXECUTE|[83]
14:00:48.0 (33850088)|VARIABLE_ASSIGNMENT|[EXTERNAL]|this|{"aptdum":"0x3a699278","Docdum":"0x28b70b2a","Docmap":"0x22333c99","Initialselected":4,"Selecteddoc":"a260H000001koYjQAI","SelectedtimeSlot":30,"timelist":"0x7ddeb929","timewraplist":"0x339b9670","timewraplistInitial":"0x56735a49"}|0x16f0c7a1
14:00:48.0 (33861575)|HEAP_ALLOCATE|[83]|Bytes:12
14:00:48.0 (33871957)|CONSTRUCTOR_ENTRY|[83]|01p0H000007gCe8|<init>(Boolean,Time)
14:00:48.0 (33876594)|VARIABLE_SCOPE_BEGIN|[178]|this|docappcontroller.Wrapertimeslot|true|false
14:00:48.0 (33888144)|VARIABLE_ASSIGNMENT|[178]|this|{}|0x105353ea
14:00:48.0 (33893562)|VARIABLE_SCOPE_BEGIN|[178]|selection|Boolean|false|false
14:00:48.0 (33900404)|VARIABLE_ASSIGNMENT|[178]|selection|false
14:00:48.0 (33904482)|VARIABLE_SCOPE_BEGIN|[178]|tm|Time|false|false
14:00:48.0 (33912026)|VARIABLE_ASSIGNMENT|[178]|tm|64800000
14:00:48.0 (33916401)|STATEMENT_EXECUTE|[174]
14:00:48.0 (33917970)|STATEMENT_EXECUTE|[175]
14:00:48.0 (33919437)|STATEMENT_EXECUTE|[176]
14:00:48.0 (33927555)|STATEMENT_EXECUTE|[178]
14:00:48.0 (33929108)|STATEMENT_EXECUTE|[179]
14:00:48.0 (33939003)|VARIABLE_ASSIGNMENT|[EXTERNAL]|this|{}|0x105353ea
14:00:48.0 (33947267)|VARIABLE_ASSIGNMENT|[EXTERNAL]|value|false
14:00:48.0 (33952353)|HEAP_ALLOCATE|[175]|Bytes:5
14:00:48.0 (33957959)|VARIABLE_ASSIGNMENT|[175]|this.selected|false|0x105353ea
14:00:48.0 (33964552)|STATEMENT_EXECUTE|[180]
14:00:48.0 (33975338)|VARIABLE_ASSIGNMENT|[EXTERNAL]|this|{"selected":false}|0x105353ea
14:00:48.0 (33983312)|VARIABLE_ASSIGNMENT|[EXTERNAL]|value|64800000
14:00:48.0 (33989865)|VARIABLE_ASSIGNMENT|[176]|this.t|64800000|0x105353ea
14:00:48.0 (34004569)|CONSTRUCTOR_EXIT|[83]|01p0H000007gCe8|<init>(Boolean,Time)
14:00:48.0 (34013580)|HEAP_ALLOCATE|[EXTERNAL]|Bytes:4
14:00:48.0 (34023629)|HEAP_ALLOCATE|[76]|Bytes:28
14:00:48.0 (34027016)|HEAP_ALLOCATE|[76]|Bytes:28
14:00:48.0 (34043982)|STATEMENT_EXECUTE|[76]
14:00:48.0 (34045708)|STATEMENT_EXECUTE|[77]
14:00:48.0 (34053387)|USER_DEBUG|[77]|DEBUG|18:00:00.000Z
14:00:48.0 (34059723)|STATEMENT_EXECUTE|[78]
14:00:48.0 (34071897)|HEAP_ALLOCATE|[78]|Bytes:4
14:00:48.0 (34085157)|VARIABLE_ASSIGNMENT|[78]|t|66600000
14:00:48.0 (34089495)|STATEMENT_EXECUTE|[79]
14:00:48.0 (34094473)|HEAP_ALLOCATE|[79]|Bytes:28
14:00:48.0 (34106156)|HEAP_ALLOCATE|[79]|Bytes:28
14:00:48.0 (34116740)|VARIABLE_ASSIGNMENT|[79]|i1|6.5
14:00:48.0 (34121980)|STATEMENT_EXECUTE|[80]
14:00:48.0 (34147136)|VARIABLE_ASSIGNMENT|[EXTERNAL]|this|{"aptdum":"0x3a699278","Docdum":"0x28b70b2a","Docmap":"0x22333c99","Initialselected":4,"Selecteddoc":"a260H000001koYjQAI","SelectedtimeSlot":30,"timelist":"0x7ddeb929","timewraplist":"0x339b9670","timewraplistInitial":"0x56735a49"}|0x16f0c7a1
14:00:48.0 (34161338)|HEAP_ALLOCATE|[EXTERNAL]|Bytes:4
14:00:48.0 (34172953)|STATEMENT_EXECUTE|[82]
14:00:48.0 (34174471)|STATEMENT_EXECUTE|[83]
14:00:48.0 (34195509)|VARIABLE_ASSIGNMENT|[EXTERNAL]|this|{"aptdum":"0x3a699278","Docdum":"0x28b70b2a","Docmap":"0x22333c99","Initialselected":4,"Selecteddoc":"a260H000001koYjQAI","SelectedtimeSlot":30,"timelist":"0x7ddeb929","timewraplist":"0x339b9670","timewraplistInitial":"0x56735a49"}|0x16f0c7a1
14:00:48.0 (34207222)|HEAP_ALLOCATE|[83]|Bytes:12
14:00:48.0 (34217748)|CONSTRUCTOR_ENTRY|[83]|01p0H000007gCe8|<init>(Boolean,Time)
14:00:48.0 (34222937)|VARIABLE_SCOPE_BEGIN|[178]|this|docappcontroller.Wrapertimeslot|true|false
14:00:48.0 (34234303)|VARIABLE_ASSIGNMENT|[178]|this|{}|0x631603a4
14:00:48.0 (34240205)|VARIABLE_SCOPE_BEGIN|[178]|selection|Boolean|false|false
14:00:48.0 (34246876)|VARIABLE_ASSIGNMENT|[178]|selection|false
14:00:48.0 (34250763)|VARIABLE_SCOPE_BEGIN|[178]|tm|Time|false|false
14:00:48.0 (34257999)|VARIABLE_ASSIGNMENT|[178]|tm|66600000
14:00:48.0 (34262265)|STATEMENT_EXECUTE|[174]
14:00:48.0 (34263856)|STATEMENT_EXECUTE|[175]
14:00:48.0 (34265418)|STATEMENT_EXECUTE|[176]
14:00:48.0 (34273557)|STATEMENT_EXECUTE|[178]
14:00:48.0 (34275108)|STATEMENT_EXECUTE|[179]
14:00:48.0 (34285368)|VARIABLE_ASSIGNMENT|[EXTERNAL]|this|{}|0x631603a4
14:00:48.0 (34293051)|VARIABLE_ASSIGNMENT|[EXTERNAL]|value|false
14:00:48.0 (34297680)|HEAP_ALLOCATE|[175]|Bytes:5
14:00:48.0 (34303461)|VARIABLE_ASSIGNMENT|[175]|this.selected|false|0x631603a4
14:00:48.0 (34310173)|STATEMENT_EXECUTE|[180]
14:00:48.0 (34320369)|VARIABLE_ASSIGNMENT|[EXTERNAL]|this|{"selected":false}|0x631603a4
14:00:48.0 (34328458)|VARIABLE_ASSIGNMENT|[EXTERNAL]|value|66600000
14:00:48.0 (34335148)|VARIABLE_ASSIGNMENT|[176]|this.t|66600000|0x631603a4
14:00:48.0 (34347466)|CONSTRUCTOR_EXIT|[83]|01p0H000007gCe8|<init>(Boolean,Time)
14:00:48.0 (34355393)|HEAP_ALLOCATE|[EXTERNAL]|Bytes:4
14:00:48.0 (34365183)|HEAP_ALLOCATE|[76]|Bytes:28
14:00:48.0 (34368605)|HEAP_ALLOCATE|[76]|Bytes:28
14:00:48.0 (34385963)|STATEMENT_EXECUTE|[76]
14:00:48.0 (34387656)|STATEMENT_EXECUTE|[77]
14:00:48.0 (34395544)|USER_DEBUG|[77]|DEBUG|18:30:00.000Z
14:00:48.0 (34401498)|STATEMENT_EXECUTE|[78]
14:00:48.0 (34409657)|HEAP_ALLOCATE|[78]|Bytes:4
14:00:48.0 (34421724)|VARIABLE_ASSIGNMENT|[78]|t|68400000
14:00:48.0 (34426084)|STATEMENT_EXECUTE|[79]
14:00:48.0 (34430971)|HEAP_ALLOCATE|[79]|Bytes:28
14:00:48.0 (34442615)|HEAP_ALLOCATE|[79]|Bytes:28
14:00:48.0 (34452856)|VARIABLE_ASSIGNMENT|[79]|i1|7.0
14:00:48.0 (34457143)|STATEMENT_EXECUTE|[80]
14:00:48.0 (34482896)|VARIABLE_ASSIGNMENT|[EXTERNAL]|this|{"aptdum":"0x3a699278","Docdum":"0x28b70b2a","Docmap":"0x22333c99","Initialselected":4,"Selecteddoc":"a260H000001koYjQAI","SelectedtimeSlot":30,"timelist":"0x7ddeb929","timewraplist":"0x339b9670","timewraplistInitial":"0x56735a49"}|0x16f0c7a1
14:00:48.0 (34496367)|HEAP_ALLOCATE|[EXTERNAL]|Bytes:4
14:00:48.0 (34508360)|STATEMENT_EXECUTE|[82]
14:00:48.0 (34509901)|STATEMENT_EXECUTE|[83]
14:00:48.0 (34531557)|VARIABLE_ASSIGNMENT|[EXTERNAL]|this|{"aptdum":"0x3a699278","Docdum":"0x28b70b2a","Docmap":"0x22333c99","Initialselected":4,"Selecteddoc":"a260H000001koYjQAI","SelectedtimeSlot":30,"timelist":"0x7ddeb929","timewraplist":"0x339b9670","timewraplistInitial":"0x56735a49"}|0x16f0c7a1
14:00:48.0 (34543323)|HEAP_ALLOCATE|[83]|Bytes:12
14:00:48.0 (34553436)|CONSTRUCTOR_ENTRY|[83]|01p0H000007gCe8|<init>(Boolean,Time)
14:00:48.0 (34558701)|VARIABLE_SCOPE_BEGIN|[178]|this|docappcontroller.Wrapertimeslot|true|false
14:00:48.0 (34570013)|VARIABLE_ASSIGNMENT|[178]|this|{}|0x30035e65
14:00:48.0 (34575967)|VARIABLE_SCOPE_BEGIN|[178]|selection|Boolean|false|false
14:00:48.0 (34582665)|VARIABLE_ASSIGNMENT|[178]|selection|false
14:00:48.0 (34586051)|VARIABLE_SCOPE_BEGIN|[178]|tm|Time|false|false
14:00:48.0 (34593838)|VARIABLE_ASSIGNMENT|[178]|tm|68400000
14:00:48.0 (34597967)|STATEMENT_EXECUTE|[174]
14:00:48.0 (34599460)|STATEMENT_EXECUTE|[175]
14:00:48.0 (34600992)|STATEMENT_EXECUTE|[176]
14:00:48.0 (34609192)|STATEMENT_EXECUTE|[178]
14:00:48.0 (34610775)|STATEMENT_EXECUTE|[179]
14:00:48.0 (34620769)|VARIABLE_ASSIGNMENT|[EXTERNAL]|this|{}|0x30035e65
14:00:48.0 (34628936)|VARIABLE_ASSIGNMENT|[EXTERNAL]|value|false
14:00:48.0 (34633590)|HEAP_ALLOCATE|[175]|Bytes:5
14:00:48.0 (34639868)|VARIABLE_ASSIGNMENT|[175]|this.selected|false|0x30035e65
14:00:48.0 (34647249)|STATEMENT_EXECUTE|[180]
14:00:48.0 (34657231)|VARIABLE_ASSIGNMENT|[EXTERNAL]|this|{"selected":false}|0x30035e65
14:00:48.0 (34665901)|VARIABLE_ASSIGNMENT|[EXTERNAL]|value|68400000
14:00:48.0 (34673154)|VARIABLE_ASSIGNMENT|[176]|this.t|68400000|0x30035e65
14:00:48.0 (34685306)|CONSTRUCTOR_EXIT|[83]|01p0H000007gCe8|<init>(Boolean,Time)
14:00:48.0 (34693240)|HEAP_ALLOCATE|[EXTERNAL]|Bytes:4
14:00:48.0 (34703379)|HEAP_ALLOCATE|[76]|Bytes:28
14:00:48.0 (34707056)|HEAP_ALLOCATE|[76]|Bytes:28
14:00:48.0 (34728096)|HEAP_ALLOCATE|[92]|Bytes:28
14:00:48.0 (34732217)|HEAP_ALLOCATE|[92]|Bytes:28
14:00:48.0 (34737528)|HEAP_ALLOCATE|[92]|Bytes:28
14:00:48.0 (34761648)|HEAP_ALLOCATE|[92]|Bytes:28
14:00:48.0 (34783226)|STATEMENT_EXECUTE|[92]
14:00:48.0 (34785838)|STATEMENT_EXECUTE|[98]
14:00:48.0 (34817488)|VARIABLE_ASSIGNMENT|[EXTERNAL]|this|{"aptdum":"0x3a699278","Docdum":"0x28b70b2a","Docmap":"0x22333c99","Initialselected":4,"Selecteddoc":"a260H000001koYjQAI","SelectedtimeSlot":30,"timelist":"0x7ddeb929","timewraplist":"0x339b9670","timewraplistInitial":"0x56735a49"}|0x16f0c7a1
14:00:48.0 (34836748)|VARIABLE_ASSIGNMENT|[98]|this.timewraplistInitial|"List of size 15 too large to display"|0x16f0c7a1
14:00:48.0 (34842273)|STATEMENT_EXECUTE|[100]
14:00:48.38 (38101992)|SYSTEM_MODE_ENTER|true
14:00:48.38 (38159449)|HEAP_ALLOCATE|[EXTERNAL]|Bytes:8
14:00:48.38 (38167396)|VARIABLE_SCOPE_BEGIN|[88]|this|ApexPage.PageMessagesComponentController|true|false
14:00:48.38 (38190216)|VARIABLE_ASSIGNMENT|[88]|this|{}|0x3dfbf7d5
14:00:48.38 (38196372)|VARIABLE_SCOPE_BEGIN|[88]|escape|Boolean|false|false
14:00:48.38 (38203923)|VARIABLE_ASSIGNMENT|[88]|escape|null
14:00:48.38 (38284507)|SYSTEM_MODE_ENTER|true
14:00:48.38 (38316033)|HEAP_ALLOCATE|[EXTERNAL]|Bytes:8
14:00:48.38 (38322410)|VARIABLE_SCOPE_BEGIN|[2]|this|ApexPage.PageMessagesComponentController|true|false
14:00:48.38 (38339621)|VARIABLE_ASSIGNMENT|[2]|this|{}|0x3dfbf7d5
14:00:48.0 (38643620)|SYSTEM_MODE_ENTER|true
14:00:48.0 (39030643)|SYSTEM_MODE_ENTER|true
14:00:48.0 (39321513)|SYSTEM_MODE_ENTER|true
14:00:48.0 (39390579)|SYSTEM_MODE_ENTER|true
14:00:48.59 (59454709)|SYSTEM_MODE_ENTER|true
14:00:48.59 (59531886)|HEAP_ALLOCATE|[EXTERNAL]|Bytes:8
14:00:48.59 (59542181)|VARIABLE_SCOPE_BEGIN|[88]|this|ApexPage.PageMessagesComponentController|true|false
14:00:48.59 (59567283)|VARIABLE_ASSIGNMENT|[88]|this|{}|0x3dfbf7d5
14:00:48.59 (59573833)|VARIABLE_SCOPE_BEGIN|[88]|escape|Boolean|false|false
14:00:48.59 (59581644)|VARIABLE_ASSIGNMENT|[88]|escape|null
14:00:48.59 (59694555)|SYSTEM_MODE_ENTER|true
14:00:48.59 (59727361)|HEAP_ALLOCATE|[EXTERNAL]|Bytes:8
14:00:48.59 (59733457)|VARIABLE_SCOPE_BEGIN|[2]|this|ApexPage.PageMessagesComponentController|true|false
14:00:48.59 (59750956)|VARIABLE_ASSIGNMENT|[2]|this|{}|0x3dfbf7d5
14:00:48.0 (61283367)|SYSTEM_MODE_ENTER|true
14:00:48.0 (61324937)|HEAP_ALLOCATE|[EXTERNAL]|Bytes:44
14:00:48.0 (61332839)|VARIABLE_SCOPE_BEGIN|[133]|this|docappcontroller|true|false
14:00:48.0 (61377292)|VARIABLE_ASSIGNMENT|[133]|this|{"aptdum":"0x3a699278","Docdum":"0x28b70b2a","Docmap":"0x22333c99","Initialselected":4,"Selecteddoc":"a260H000001koYjQAI","SelectedtimeSlot":30,"timelist":"0x7ddeb929","timewraplist":"0x339b9670","timewraplistInitial":"0x339b9670"}|0x16f0c7a1
14:00:48.0 (61390289)|STATEMENT_EXECUTE|[133]
14:00:48.0 (61392427)|STATEMENT_EXECUTE|[135]
14:00:48.0 (61405960)|HEAP_ALLOCATE|[135]|Bytes:4
14:00:48.0 (61421756)|VARIABLE_SCOPE_BEGIN|[135]|options|List<System.SelectOption>|true|false
14:00:48.0 (61443790)|HEAP_ALLOCATE|[EXTERNAL]|Bytes:4
14:00:48.0 (61452898)|VARIABLE_ASSIGNMENT|[135]|options|[]|0x6e4e4b51
14:00:48.0 (61458614)|STATEMENT_EXECUTE|[136]
14:00:48.0 (61479096)|HEAP_ALLOCATE|[EXTERNAL]|Bytes:4
14:00:48.0 (61516748)|VARIABLE_ASSIGNMENT|[EXTERNAL]|this|{"aptdum":"0x3a699278","Docdum":"0x28b70b2a","Docmap":"0x22333c99","Initialselected":4,"Selecteddoc":"a260H000001koYjQAI","SelectedtimeSlot":30,"timelist":"0x7ddeb929","timewraplist":"0x339b9670","timewraplistInitial":"0x339b9670"}|0x16f0c7a1
14:00:48.0 (61530405)|STATEMENT_EXECUTE|[137]
14:00:48.0 (61553631)|VARIABLE_ASSIGNMENT|[EXTERNAL]|this|{"aptdum":"0x3a699278","Docdum":"0x28b70b2a","Docmap":"0x22333c99","Initialselected":4,"Selecteddoc":"a260H000001koYjQAI","SelectedtimeSlot":30,"timelist":"0x7ddeb929","timewraplist":"0x339b9670","timewraplistInitial":"0x339b9670"}|0x16f0c7a1
14:00:48.0 (61573750)|HEAP_ALLOCATE|[EXTERNAL]|Bytes:12
14:00:48.0 (61592101)|HEAP_ALLOCATE|[138]|Bytes:237
14:00:48.0 (61613532)|HEAP_ALLOCATE|[138]|Bytes:5
14:00:48.0 (61628460)|HEAP_ALLOCATE|[138]|Bytes:24
14:00:48.0 (61637792)|VARIABLE_SCOPE_BEGIN|[138]|doc|Doctor__c|true|false
14:00:48.0 (61657930)|VARIABLE_ASSIGNMENT|[138]|doc|{"Id":"a260H000001koYjQAI","Name":"doc 2","End_Time__c":68400000,"Speciality__c":"General Surgery","Start_Time__c":43200000}|0x221071db
14:00:48.0 (61664490)|STATEMENT_EXECUTE|[138]
14:00:48.0 (61666182)|STATEMENT_EXECUTE|[139]
14:00:48.0 (61684848)|HEAP_ALLOCATE|[139]|Bytes:18
14:00:48.0 (61699583)|HEAP_ALLOCATE|[EXTERNAL]|Bytes:4
14:00:48.0 (61711472)|HEAP_ALLOCATE|[138]|Bytes:5
14:00:48.0 (61720026)|HEAP_ALLOCATE|[138]|Bytes:24
14:00:48.0 (61725335)|VARIABLE_SCOPE_BEGIN|[138]|doc|Doctor__c|true|false
14:00:48.0 (61738579)|VARIABLE_ASSIGNMENT|[138]|doc|{"Id":"a260H000001koYeQAI","Name":"Doc1","End_Time__c":64800000,"Speciality__c":"General Surgery","Start_Time__c":32400000}|0x42f8e12b
14:00:48.0 (61744557)|STATEMENT_EXECUTE|[138]
14:00:48.0 (61746121)|STATEMENT_EXECUTE|[139]
14:00:48.0 (61752221)|HEAP_ALLOCATE|[139]|Bytes:18
14:00:48.0 (61762234)|HEAP_ALLOCATE|[EXTERNAL]|Bytes:4
14:00:48.0 (61772844)|HEAP_ALLOCATE|[138]|Bytes:5
14:00:48.0 (61781821)|VARIABLE_ASSIGNMENT|[138]|doc|null|
14:00:48.0 (61786910)|STATEMENT_EXECUTE|[145]
14:00:48.0 (61950997)|SYSTEM_MODE_ENTER|true
14:00:48.0 (65282317)|SYSTEM_MODE_ENTER|true
14:00:48.0 (65329556)|HEAP_ALLOCATE|[EXTERNAL]|Bytes:44
14:00:48.0 (65338290)|VARIABLE_SCOPE_BEGIN|[150]|this|docappcontroller|true|false
14:00:48.0 (65379405)|VARIABLE_ASSIGNMENT|[150]|this|{"aptdum":"0x3a699278","Docdum":"0x28b70b2a","Docmap":"0x22333c99","Initialselected":4,"Selecteddoc":"a260H000001koYjQAI","SelectedtimeSlot":30,"timelist":"0x7ddeb929","timewraplist":"0x339b9670","timewraplistInitial":"0x339b9670"}|0x16f0c7a1
14:00:48.0 (65392907)|STATEMENT_EXECUTE|[150]
14:00:48.0 (65395062)|STATEMENT_EXECUTE|[152]
14:00:48.0 (65405335)|HEAP_ALLOCATE|[152]|Bytes:4
14:00:48.0 (65419814)|VARIABLE_SCOPE_BEGIN|[152]|options|List<System.SelectOption>|true|false
14:00:48.0 (65440999)|HEAP_ALLOCATE|[EXTERNAL]|Bytes:4
14:00:48.0 (65449653)|VARIABLE_ASSIGNMENT|[152]|options|[]|0x635874fa
14:00:48.0 (65455051)|STATEMENT_EXECUTE|[153]
14:00:48.0 (65470293)|HEAP_ALLOCATE|[EXTERNAL]|Bytes:4
14:00:48.0 (65476659)|STATEMENT_EXECUTE|[156]
14:00:48.0 (65483565)|HEAP_ALLOCATE|[EXTERNAL]|Bytes:4
14:00:48.0 (65488704)|STATEMENT_EXECUTE|[157]
14:00:48.0 (65495107)|HEAP_ALLOCATE|[EXTERNAL]|Bytes:4
14:00:48.0 (65499936)|STATEMENT_EXECUTE|[162]
14:00:48.0 (65621230)|SYSTEM_MODE_ENTER|true
14:00:48.0 (67818962)|VF_SERIALIZE_VIEWSTATE_BEGIN|0660H000004OdRk
14:00:48.0 (84877573)|VF_SERIALIZE_VIEWSTATE_END
14:00:48.0 (115727077)|CODE_UNIT_STARTED|[EXTERNAL]|Generate Metadata
14:00:48.0 (118734622)|CODE_UNIT_FINISHED|Generate Metadata
14:00:48.121 (121464294)|CUMULATIVE_LIMIT_USAGE
14:00:48.121 (121464294)|LIMIT_USAGE_FOR_NS|(default)|
  Number of SOQL queries: 1 out of 100
  Number of query rows: 1 out of 50000
  Number of SOSL queries: 0 out of 20
  Number of DML statements: 0 out of 150
  Number of DML rows: 0 out of 10000
  Maximum CPU time: 0 out of 10000
  Maximum heap size: 0 out of 6000000
  Number of callouts: 0 out of 100
  Number of Email Invocations: 0 out of 10
  Number of future calls: 0 out of 50
  Number of queueable jobs added to the queue: 0 out of 50
  Number of Mobile Apex push calls: 0 out of 10

14:00:48.121 (121464294)|CUMULATIVE_LIMIT_USAGE_END

14:00:48.0 (121515416)|CODE_UNIT_FINISHED|VF: /apex/docapp
14:00:48.0 (122359600)|EXECUTION_FINISHED
