42.0 APEX_CODE,FINEST;APEX_PROFILING,INFO;CALLOUT,INFO;DB,INFO;SYSTEM,DEBUG;VALIDATION,INFO;VISUALFORCE,INFO;WAVE,INFO;WORKFLOW,INFO
13:14:15.0 (288353)|USER_INFO|[EXTERNAL]|005i0000002qYvT|anton@igate.com|India Standard Time|GMT+05:30
13:14:15.0 (424660)|EXECUTION_STARTED
13:14:15.0 (429547)|CODE_UNIT_STARTED|[EXTERNAL]|0660H000004OdRk|VF: /apex/docapp
13:14:15.0 (2743535)|SYSTEM_MODE_ENTER|true
13:14:15.0 (3153556)|HEAP_ALLOCATE|[72]|Bytes:3
13:14:15.0 (3194559)|HEAP_ALLOCATE|[77]|Bytes:152
13:14:15.0 (3205362)|HEAP_ALLOCATE|[342]|Bytes:408
13:14:15.0 (3216457)|HEAP_ALLOCATE|[355]|Bytes:408
13:14:15.0 (3226250)|HEAP_ALLOCATE|[467]|Bytes:48
13:14:15.0 (3246917)|HEAP_ALLOCATE|[139]|Bytes:6
13:14:15.0 (3261071)|HEAP_ALLOCATE|[EXTERNAL]|Bytes:14
13:14:15.0 (3283556)|HEAP_ALLOCATE|[EXTERNAL]|Bytes:248
13:14:15.0 (3287795)|HEAP_ALLOCATE|[EXTERNAL]|Bytes:44
13:14:15.0 (3291887)|HEAP_ALLOCATE|[EXTERNAL]|Bytes:12
13:14:15.0 (3311924)|METHOD_ENTRY|[1]|01p0H000007gCe8|docappcontroller.docappcontroller()
13:14:15.0 (3318237)|STATEMENT_EXECUTE|[1]
13:14:15.0 (3323953)|STATEMENT_EXECUTE|[1]
13:14:15.0 (3325670)|STATEMENT_EXECUTE|[153]
13:14:15.0 (3339075)|METHOD_EXIT|[1]|docappcontroller
13:14:15.0 (3387181)|HEAP_ALLOCATE|[EXTERNAL]|Bytes:40
13:14:15.0 (3397395)|VARIABLE_SCOPE_BEGIN|[93]|this|docappcontroller|true|false
13:14:15.0 (3448991)|VARIABLE_ASSIGNMENT|[93]|this|{}|0x5716dc2a
13:14:15.0 (3458671)|STATEMENT_EXECUTE|[1]
13:14:15.0 (3460516)|STATEMENT_EXECUTE|[3]
13:14:15.0 (3462178)|STATEMENT_EXECUTE|[4]
13:14:15.0 (3463719)|STATEMENT_EXECUTE|[5]
13:14:15.0 (3475380)|HEAP_ALLOCATE|[5]|Bytes:4
13:14:15.0 (3591948)|HEAP_ALLOCATE|[EXTERNAL]|Bytes:4
13:14:15.0 (3604249)|VARIABLE_ASSIGNMENT|[5]|this.timewraplistInitial|[]|0x5716dc2a
13:14:15.0 (3610587)|STATEMENT_EXECUTE|[86]
13:14:15.0 (3612387)|STATEMENT_EXECUTE|[87]
13:14:15.0 (3613916)|STATEMENT_EXECUTE|[88]
13:14:15.0 (3615622)|STATEMENT_EXECUTE|[89]
13:14:15.0 (3617001)|STATEMENT_EXECUTE|[90]
13:14:15.0 (3618434)|STATEMENT_EXECUTE|[91]
13:14:15.0 (3625315)|HEAP_ALLOCATE|[5]|Bytes:6
13:14:15.0 (3677432)|STATEMENT_EXECUTE|[93]
13:14:15.0 (3679492)|STATEMENT_EXECUTE|[94]
13:14:15.0 (3706808)|HEAP_ALLOCATE|[94]|Bytes:4
13:14:15.0 (3876178)|VARIABLE_ASSIGNMENT|[EXTERNAL]|this|{"timewraplistInitial":"0x1da0d5a2"}|0x5716dc2a
13:14:15.0 (3892451)|VARIABLE_ASSIGNMENT|[EXTERNAL]|value|{}|0x7f2d4886
13:14:15.0 (3903826)|VARIABLE_ASSIGNMENT|[86]|this.Docdum|{}|0x5716dc2a
13:14:15.0 (3936367)|STATEMENT_EXECUTE|[95]
13:14:15.0 (3957638)|HEAP_ALLOCATE|[95]|Bytes:4
13:14:15.0 (4052720)|VARIABLE_ASSIGNMENT|[EXTERNAL]|this|{"Docdum":"0x7f2d4886","timewraplistInitial":"0x1da0d5a2"}|0x5716dc2a
13:14:15.0 (4066341)|VARIABLE_ASSIGNMENT|[EXTERNAL]|value|{}|0x3356c53e
13:14:15.0 (4077133)|VARIABLE_ASSIGNMENT|[87]|this.aptdum|{}|0x5716dc2a
13:14:15.5 (5036562)|SYSTEM_MODE_ENTER|true
13:14:15.5 (5065018)|HEAP_ALLOCATE|[EXTERNAL]|Bytes:38
13:14:15.5 (5072185)|HEAP_ALLOCATE|[EXTERNAL]|Bytes:7
13:14:15.5 (5079448)|SYSTEM_METHOD_ENTRY|[1]|PageMessagesComponentController.PageMessagesComponentController()
13:14:15.5 (5083518)|STATEMENT_EXECUTE|[1]
13:14:15.5 (5199103)|SYSTEM_MODE_ENTER|true
13:14:15.5 (5249784)|HEAP_ALLOCATE|[EXTERNAL]|Bytes:8
13:14:15.5 (5258276)|VARIABLE_SCOPE_BEGIN|[88]|this|ApexPage.PageMessagesComponentController|true|false
13:14:15.5 (5280192)|VARIABLE_ASSIGNMENT|[88]|this|{}|0x46158d0c
13:14:15.5 (5286726)|VARIABLE_SCOPE_BEGIN|[88]|escape|Boolean|false|false
13:14:15.5 (5294750)|VARIABLE_ASSIGNMENT|[88]|escape|null
13:14:15.5 (5418665)|SYSTEM_MODE_ENTER|true
13:14:15.5 (5452842)|HEAP_ALLOCATE|[EXTERNAL]|Bytes:8
13:14:15.5 (5460449)|VARIABLE_SCOPE_BEGIN|[2]|this|ApexPage.PageMessagesComponentController|true|false
13:14:15.5 (5479065)|VARIABLE_ASSIGNMENT|[2]|this|{}|0x46158d0c
13:14:15.0 (6202461)|SYSTEM_MODE_ENTER|true
13:14:15.0 (7127540)|SYSTEM_MODE_ENTER|true
13:14:15.0 (8909131)|SYSTEM_MODE_ENTER|true
13:14:15.31 (31625040)|SYSTEM_MODE_ENTER|true
13:14:15.31 (31701474)|HEAP_ALLOCATE|[EXTERNAL]|Bytes:8
13:14:15.31 (31715602)|VARIABLE_SCOPE_BEGIN|[88]|this|ApexPage.PageMessagesComponentController|true|false
13:14:15.31 (31749463)|VARIABLE_ASSIGNMENT|[88]|this|{}|0x46158d0c
13:14:15.31 (31756697)|VARIABLE_SCOPE_BEGIN|[88]|escape|Boolean|false|false
13:14:15.31 (31770815)|VARIABLE_ASSIGNMENT|[88]|escape|null
13:14:15.31 (31901312)|SYSTEM_MODE_ENTER|true
13:14:15.31 (31934684)|HEAP_ALLOCATE|[EXTERNAL]|Bytes:8
13:14:15.31 (31943477)|VARIABLE_SCOPE_BEGIN|[2]|this|ApexPage.PageMessagesComponentController|true|false
13:14:15.31 (31962258)|VARIABLE_ASSIGNMENT|[2]|this|{}|0x46158d0c
13:14:15.0 (33393149)|SYSTEM_MODE_ENTER|true
13:14:15.0 (33441099)|HEAP_ALLOCATE|[EXTERNAL]|Bytes:40
13:14:15.0 (33451372)|VARIABLE_SCOPE_BEGIN|[112]|this|docappcontroller|true|false
13:14:15.0 (33490161)|VARIABLE_ASSIGNMENT|[112]|this|{"aptdum":"0x3356c53e","Docdum":"0x7f2d4886","timewraplistInitial":"0x1da0d5a2"}|0x5716dc2a
13:14:15.0 (33502387)|STATEMENT_EXECUTE|[112]
13:14:15.0 (33504682)|STATEMENT_EXECUTE|[114]
13:14:15.0 (33517037)|HEAP_ALLOCATE|[114]|Bytes:4
13:14:15.0 (33548337)|VARIABLE_SCOPE_BEGIN|[114]|options|List<System.SelectOption>|true|false
13:14:15.0 (33571141)|HEAP_ALLOCATE|[EXTERNAL]|Bytes:4
13:14:15.0 (33581212)|VARIABLE_ASSIGNMENT|[114]|options|[]|0x780cbba3
13:14:15.0 (33587101)|STATEMENT_EXECUTE|[115]
13:14:15.0 (33594144)|HEAP_ALLOCATE|[115]|Bytes:8
13:14:15.0 (33645099)|HEAP_ALLOCATE|[EXTERNAL]|Bytes:4
13:14:15.0 (33694117)|VARIABLE_ASSIGNMENT|[EXTERNAL]|this|{"aptdum":"0x3356c53e","Docdum":"0x7f2d4886","timewraplistInitial":"0x1da0d5a2"}|0x5716dc2a
13:14:15.0 (33708694)|STATEMENT_EXECUTE|[120]
13:14:15.0 (33711108)|STATEMENT_EXECUTE|[121]
13:14:15.0 (33714226)|HEAP_ALLOCATE|[121]|Bytes:23
13:14:15.0 (33740597)|METHOD_ENTRY|[121]|01p0H000007gCe8|docappcontroller.ShowError(String)
13:14:15.0 (33760914)|VARIABLE_SCOPE_BEGIN|[147]|this|docappcontroller|true|false
13:14:15.0 (33801206)|VARIABLE_ASSIGNMENT|[147]|this|{"aptdum":"0x3356c53e","Docdum":"0x7f2d4886","timewraplistInitial":"0x1da0d5a2"}|0x5716dc2a
13:14:15.0 (33808304)|VARIABLE_SCOPE_BEGIN|[147]|ErrorMsg|String|false|false
13:14:15.0 (33940721)|VARIABLE_ASSIGNMENT|[147]|ErrorMsg|"No Continents Data y (3 more) ..."
13:14:15.0 (33948958)|STATEMENT_EXECUTE|[147]
13:14:15.0 (33950553)|STATEMENT_EXECUTE|[149]
13:14:15.0 (33983686)|VARIABLE_SCOPE_BEGIN|[149]|m|ApexPages.Message|true|false
13:14:15.0 (34139402)|VARIABLE_ASSIGNMENT|[149]|m|"core.apexpages.framework.ApexPagesMessage@d0c5223e"|0x377b171f
13:14:15.0 (34148041)|STATEMENT_EXECUTE|[150]
13:14:15.0 (34249230)|VF_PAGE_MESSAGE|No Continents Data yet.
13:14:15.0 (34262164)|METHOD_EXIT|[121]|01p0H000007gCe8|docappcontroller.ShowError(String)
13:14:15.0 (34267854)|STATEMENT_EXECUTE|[124]
13:14:15.0 (34430343)|SYSTEM_MODE_ENTER|true
13:14:15.0 (35281527)|SYSTEM_MODE_ENTER|true
13:14:15.0 (35325775)|HEAP_ALLOCATE|[EXTERNAL]|Bytes:40
13:14:15.0 (35337544)|VARIABLE_SCOPE_BEGIN|[129]|this|docappcontroller|true|false
13:14:15.0 (35366753)|VARIABLE_ASSIGNMENT|[129]|this|{"aptdum":"0x3356c53e","Docdum":"0x7f2d4886","timewraplistInitial":"0x1da0d5a2"}|0x5716dc2a
13:14:15.0 (35376407)|STATEMENT_EXECUTE|[129]
13:14:15.0 (35378397)|STATEMENT_EXECUTE|[131]
13:14:15.0 (35387386)|HEAP_ALLOCATE|[131]|Bytes:4
13:14:15.0 (35408823)|VARIABLE_SCOPE_BEGIN|[131]|options|List<System.SelectOption>|true|false
13:14:15.0 (35430568)|HEAP_ALLOCATE|[EXTERNAL]|Bytes:4
13:14:15.0 (35439142)|VARIABLE_ASSIGNMENT|[131]|options|[]|0x37f99f88
13:14:15.0 (35444489)|STATEMENT_EXECUTE|[132]
13:14:15.0 (35483870)|HEAP_ALLOCATE|[EXTERNAL]|Bytes:4
13:14:15.0 (35492432)|STATEMENT_EXECUTE|[135]
13:14:15.0 (35496887)|HEAP_ALLOCATE|[135]|Bytes:2
13:14:15.0 (35520443)|HEAP_ALLOCATE|[EXTERNAL]|Bytes:4
13:14:15.0 (35527242)|STATEMENT_EXECUTE|[136]
13:14:15.0 (35530762)|HEAP_ALLOCATE|[136]|Bytes:2
13:14:15.0 (35550072)|HEAP_ALLOCATE|[EXTERNAL]|Bytes:4
13:14:15.0 (35556202)|STATEMENT_EXECUTE|[141]
13:14:15.0 (35677778)|SYSTEM_MODE_ENTER|true
13:14:15.0 (37463569)|VF_SERIALIZE_VIEWSTATE_BEGIN|0660H000004OdRk
13:14:15.0 (51552668)|VF_SERIALIZE_VIEWSTATE_END
13:14:15.0 (53720142)|CODE_UNIT_STARTED|[EXTERNAL]|Generate Metadata
13:14:15.0 (54230037)|CODE_UNIT_FINISHED|Generate Metadata
13:14:15.56 (56391664)|CUMULATIVE_LIMIT_USAGE
13:14:15.56 (56391664)|LIMIT_USAGE_FOR_NS|(default)|
  Number of SOQL queries: 0 out of 100
  Number of query rows: 0 out of 50000
  Number of SOSL queries: 0 out of 20
  Number of DML statements: 0 out of 150
  Number of DML rows: 0 out of 10000
  Maximum CPU time: 0 out of 10000
  Maximum heap size: 0 out of 6000000
  Number of callouts: 0 out of 100
  Number of Email Invocations: 0 out of 10
  Number of future calls: 0 out of 50
  Number of queueable jobs added to the queue: 0 out of 50
  Number of Mobile Apex push calls: 0 out of 10

13:14:15.56 (56391664)|CUMULATIVE_LIMIT_USAGE_END

13:14:15.0 (56428902)|CODE_UNIT_FINISHED|VF: /apex/docapp
13:14:15.0 (57212141)|EXECUTION_FINISHED
