42.0 APEX_CODE,FINEST;APEX_PROFILING,INFO;CALLOUT,INFO;DB,INFO;SYSTEM,DEBUG;VALIDATION,INFO;VISUALFORCE,INFO;WAVE,INFO;WORKFLOW,INFO
14:58:36.0 (316333)|USER_INFO|[EXTERNAL]|005i0000002qYvT|anton@igate.com|India Standard Time|GMT+05:30
14:58:36.0 (464379)|EXECUTION_STARTED
14:58:36.0 (470039)|CODE_UNIT_STARTED|[EXTERNAL]|0660H000004OdRk|VF: /apex/docapp
14:58:36.0 (2178246)|VF_DESERIALIZE_VIEWSTATE_BEGIN|0660H000004OdRk
14:58:36.0 (8037600)|HEAP_ALLOCATE|[72]|Bytes:3
14:58:36.0 (8103277)|HEAP_ALLOCATE|[77]|Bytes:152
14:58:36.0 (8118520)|HEAP_ALLOCATE|[342]|Bytes:408
14:58:36.0 (8130488)|HEAP_ALLOCATE|[355]|Bytes:408
14:58:36.0 (8141286)|HEAP_ALLOCATE|[467]|Bytes:48
14:58:36.0 (8192103)|HEAP_ALLOCATE|[139]|Bytes:6
14:58:36.0 (8707949)|HEAP_ALLOCATE|[50]|Bytes:5
14:58:36.0 (8737134)|HEAP_ALLOCATE|[56]|Bytes:5
14:58:36.0 (8746318)|HEAP_ALLOCATE|[64]|Bytes:7
14:58:36.0 (12638567)|VF_DESERIALIZE_VIEWSTATE_END
14:58:36.13 (13309799)|SYSTEM_MODE_ENTER|true
14:58:36.13 (13466803)|HEAP_ALLOCATE|[EXTERNAL]|Bytes:38
14:58:36.13 (13492823)|HEAP_ALLOCATE|[EXTERNAL]|Bytes:7
14:58:36.13 (13517256)|SYSTEM_METHOD_ENTRY|[1]|PageMessagesComponentController.PageMessagesComponentController()
14:58:36.13 (13529131)|STATEMENT_EXECUTE|[1]
14:58:36.14 (14372051)|SYSTEM_MODE_ENTER|true
14:58:36.14 (14424422)|HEAP_ALLOCATE|[EXTERNAL]|Bytes:8
14:58:36.14 (14434657)|VARIABLE_SCOPE_BEGIN|[88]|this|ApexPage.PageMessagesComponentController|true|false
14:58:36.14 (14479733)|VARIABLE_ASSIGNMENT|[88]|this|{}|0x3cb952c9
14:58:36.14 (14487095)|VARIABLE_SCOPE_BEGIN|[88]|escape|Boolean|false|false
14:58:36.14 (14496071)|VARIABLE_ASSIGNMENT|[88]|escape|null
14:58:36.0 (14685658)|SYSTEM_MODE_ENTER|true
14:58:36.0 (14709648)|HEAP_ALLOCATE|[EXTERNAL]|Bytes:14
14:58:36.0 (14717645)|HEAP_ALLOCATE|[EXTERNAL]|Bytes:248
14:58:36.0 (14721589)|HEAP_ALLOCATE|[EXTERNAL]|Bytes:53
14:58:36.0 (14725171)|HEAP_ALLOCATE|[EXTERNAL]|Bytes:14
14:58:36.0 (14734006)|METHOD_ENTRY|[1]|01p0H000007gCe8|docappcontroller.docappcontroller()
14:58:36.0 (14739686)|STATEMENT_EXECUTE|[1]
14:58:36.0 (14743158)|STATEMENT_EXECUTE|[1]
14:58:36.0 (14744755)|STATEMENT_EXECUTE|[197]
14:58:36.0 (14749687)|METHOD_EXIT|[1]|docappcontroller
14:58:36.0 (19564942)|SYSTEM_MODE_ENTER|true
14:58:36.0 (21768614)|SYSTEM_MODE_ENTER|true
14:58:36.0 (21945073)|SYSTEM_MODE_ENTER|true
14:58:36.0 (22220607)|HEAP_ALLOCATE|[EXTERNAL]|Bytes:108
14:58:36.0 (22231004)|HEAP_ALLOCATE|[EXTERNAL]|Bytes:11
14:58:36.0 (68416485)|SYSTEM_MODE_ENTER|true
14:58:36.0 (68728086)|HEAP_ALLOCATE|[EXTERNAL]|Bytes:48
14:58:36.0 (68749178)|VARIABLE_SCOPE_BEGIN|[156]|this|docappcontroller|true|false
14:58:36.0 (68858785)|VARIABLE_ASSIGNMENT|[156]|this|{"aptdum":"0x31d491a4","Docdum":"0x325dae97","Docmap":"0x5cbe2c2","Initialselected":4,"Selecteddoc":"a260H000001koYjQAI","SelectedtimeSlot":30,"timelist":"0x31488c66","timeset":"0x3775e8","timewraplist":"0x64d63718","timewraplistInitial":"0x64d63718"}|0x152e55d1
14:58:36.0 (68880201)|STATEMENT_EXECUTE|[156]
14:58:36.0 (68883028)|STATEMENT_EXECUTE|[158]
14:58:36.0 (68907553)|HEAP_ALLOCATE|[158]|Bytes:4
14:58:36.0 (68958806)|VARIABLE_SCOPE_BEGIN|[158]|options|List<System.SelectOption>|true|false
14:58:36.0 (68995611)|HEAP_ALLOCATE|[EXTERNAL]|Bytes:4
14:58:36.0 (69007899)|VARIABLE_ASSIGNMENT|[158]|options|[]|0x157b8dfb
14:58:36.0 (69014126)|STATEMENT_EXECUTE|[159]
14:58:36.0 (69026160)|HEAP_ALLOCATE|[159]|Bytes:8
14:58:36.0 (69095986)|HEAP_ALLOCATE|[EXTERNAL]|Bytes:4
14:58:36.0 (69172584)|VARIABLE_ASSIGNMENT|[EXTERNAL]|this|{"aptdum":"0x31d491a4","Docdum":"0x325dae97","Docmap":"0x5cbe2c2","Initialselected":4,"Selecteddoc":"a260H000001koYjQAI","SelectedtimeSlot":30,"timelist":"0x31488c66","timeset":"0x3775e8","timewraplist":"0x64d63718","timewraplistInitial":"0x64d63718"}|0x152e55d1
14:58:36.0 (69200008)|STATEMENT_EXECUTE|[160]
14:58:36.0 (69257392)|VARIABLE_ASSIGNMENT|[EXTERNAL]|this|{"aptdum":"0x31d491a4","Docdum":"0x325dae97","Docmap":"0x5cbe2c2","Initialselected":4,"Selecteddoc":"a260H000001koYjQAI","SelectedtimeSlot":30,"timelist":"0x31488c66","timeset":"0x3775e8","timewraplist":"0x64d63718","timewraplistInitial":"0x64d63718"}|0x152e55d1
14:58:36.0 (69314430)|HEAP_ALLOCATE|[EXTERNAL]|Bytes:12
14:58:36.0 (69334908)|HEAP_ALLOCATE|[161]|Bytes:237
14:58:36.0 (69502370)|HEAP_ALLOCATE|[161]|Bytes:5
14:58:36.0 (69563085)|HEAP_ALLOCATE|[161]|Bytes:24
14:58:36.0 (69576337)|VARIABLE_SCOPE_BEGIN|[161]|doc|Doctor__c|true|false
14:58:36.0 (69605296)|VARIABLE_ASSIGNMENT|[161]|doc|{"Id":"a260H000001koYjQAI","Name":"doc 2","End_Time__c":68400000,"Speciality__c":"General Surgery","Start_Time__c":43200000}|0x45d8f220
14:58:36.0 (69614166)|STATEMENT_EXECUTE|[161]
14:58:36.0 (69616266)|STATEMENT_EXECUTE|[162]
14:58:36.0 (69668363)|HEAP_ALLOCATE|[162]|Bytes:18
14:58:36.0 (69725219)|HEAP_ALLOCATE|[EXTERNAL]|Bytes:4
14:58:36.0 (69741357)|HEAP_ALLOCATE|[161]|Bytes:5
14:58:36.0 (69760365)|HEAP_ALLOCATE|[161]|Bytes:24
14:58:36.0 (69768124)|VARIABLE_SCOPE_BEGIN|[161]|doc|Doctor__c|true|false
14:58:36.0 (69786170)|VARIABLE_ASSIGNMENT|[161]|doc|{"Id":"a260H000001koYeQAI","Name":"Doc1","End_Time__c":64800000,"Speciality__c":"General Surgery","Start_Time__c":32400000}|0x1a37309
14:58:36.0 (69793060)|STATEMENT_EXECUTE|[161]
14:58:36.0 (69794817)|STATEMENT_EXECUTE|[162]
14:58:36.0 (69804229)|HEAP_ALLOCATE|[162]|Bytes:18
14:58:36.0 (69817014)|HEAP_ALLOCATE|[EXTERNAL]|Bytes:4
14:58:36.0 (69827905)|HEAP_ALLOCATE|[161]|Bytes:5
14:58:36.0 (69837267)|VARIABLE_ASSIGNMENT|[161]|doc|null|
14:58:36.0 (69843299)|STATEMENT_EXECUTE|[168]
14:58:36.0 (69936531)|SYSTEM_MODE_ENTER|true
14:58:36.0 (70673830)|SYSTEM_MODE_ENTER|true
14:58:36.0 (70716033)|HEAP_ALLOCATE|[EXTERNAL]|Bytes:48
14:58:36.0 (70726883)|VARIABLE_SCOPE_BEGIN|[173]|this|docappcontroller|true|false
14:58:36.0 (70767872)|VARIABLE_ASSIGNMENT|[173]|this|{"aptdum":"0x31d491a4","Docdum":"0x325dae97","Docmap":"0x5cbe2c2","Initialselected":4,"Selecteddoc":"a260H000001koYjQAI","SelectedtimeSlot":30,"timelist":"0x31488c66","timeset":"0x3775e8","timewraplist":"0x64d63718","timewraplistInitial":"0x64d63718"}|0x152e55d1
14:58:36.0 (70779795)|STATEMENT_EXECUTE|[173]
14:58:36.0 (70781806)|STATEMENT_EXECUTE|[175]
14:58:36.0 (70791183)|HEAP_ALLOCATE|[175]|Bytes:4
14:58:36.0 (70814403)|VARIABLE_SCOPE_BEGIN|[175]|options|List<System.SelectOption>|true|false
14:58:36.0 (70836242)|HEAP_ALLOCATE|[EXTERNAL]|Bytes:4
14:58:36.0 (70844682)|VARIABLE_ASSIGNMENT|[175]|options|[]|0x22fb988e
14:58:36.0 (70850113)|STATEMENT_EXECUTE|[176]
14:58:36.0 (70889406)|HEAP_ALLOCATE|[EXTERNAL]|Bytes:4
14:58:36.0 (70897879)|STATEMENT_EXECUTE|[179]
14:58:36.0 (70903069)|HEAP_ALLOCATE|[179]|Bytes:2
14:58:36.0 (70927085)|HEAP_ALLOCATE|[EXTERNAL]|Bytes:4
14:58:36.0 (70934788)|STATEMENT_EXECUTE|[180]
14:58:36.0 (70938840)|HEAP_ALLOCATE|[180]|Bytes:2
14:58:36.0 (70958361)|HEAP_ALLOCATE|[EXTERNAL]|Bytes:4
14:58:36.0 (70964657)|STATEMENT_EXECUTE|[185]
14:58:36.0 (71038074)|SYSTEM_MODE_ENTER|true
14:58:36.71 (71668630)|SYSTEM_MODE_ENTER|true
14:58:36.71 (71726617)|HEAP_ALLOCATE|[EXTERNAL]|Bytes:8
14:58:36.71 (71736618)|VARIABLE_SCOPE_BEGIN|[88]|this|ApexPage.PageMessagesComponentController|true|false
14:58:36.71 (71760795)|VARIABLE_ASSIGNMENT|[88]|this|{}|0x3cb952c9
14:58:36.71 (71767573)|VARIABLE_SCOPE_BEGIN|[88]|escape|Boolean|false|false
14:58:36.71 (71775432)|VARIABLE_ASSIGNMENT|[88]|escape|null
14:58:36.0 (71966220)|SYSTEM_MODE_ENTER|true
14:58:36.0 (71993413)|HEAP_ALLOCATE|[EXTERNAL]|Bytes:18
14:58:36.0 (71998363)|HEAP_ALLOCATE|[EXTERNAL]|Bytes:48
14:58:36.0 (72023024)|VARIABLE_ASSIGNMENT|[EXTERNAL]|this.Selecteddoc|"a260H000001koYjQAI"|0x152e55d1
14:58:36.0 (72067645)|SYSTEM_MODE_ENTER|true
14:58:36.0 (72217089)|SYSTEM_MODE_ENTER|true
14:58:36.0 (72387087)|HEAP_ALLOCATE|[EXTERNAL]|Bytes:5
14:58:36.0 (72405943)|HEAP_ALLOCATE|[EXTERNAL]|Bytes:12
14:58:36.0 (72416201)|VARIABLE_ASSIGNMENT|[EXTERNAL]|this.selected|false|0x488433db
14:58:36.0 (72473412)|HEAP_ALLOCATE|[EXTERNAL]|Bytes:5
14:58:36.0 (72478561)|HEAP_ALLOCATE|[EXTERNAL]|Bytes:12
14:58:36.0 (72485601)|VARIABLE_ASSIGNMENT|[EXTERNAL]|this.selected|false|0x35f6e93f
14:58:36.0 (72532242)|HEAP_ALLOCATE|[EXTERNAL]|Bytes:5
14:58:36.0 (72537055)|HEAP_ALLOCATE|[EXTERNAL]|Bytes:12
14:58:36.0 (72543507)|VARIABLE_ASSIGNMENT|[EXTERNAL]|this.selected|false|0x4028785b
14:58:36.0 (72594082)|HEAP_ALLOCATE|[EXTERNAL]|Bytes:5
14:58:36.0 (72598955)|HEAP_ALLOCATE|[EXTERNAL]|Bytes:12
14:58:36.0 (72605069)|VARIABLE_ASSIGNMENT|[EXTERNAL]|this.selected|false|0x7ce00a33
14:58:36.0 (72645144)|HEAP_ALLOCATE|[EXTERNAL]|Bytes:5
14:58:36.0 (72649669)|HEAP_ALLOCATE|[EXTERNAL]|Bytes:12
14:58:36.0 (72656045)|VARIABLE_ASSIGNMENT|[EXTERNAL]|this.selected|true|0x7eddab81
14:58:36.0 (72711799)|HEAP_ALLOCATE|[EXTERNAL]|Bytes:5
14:58:36.0 (72716899)|HEAP_ALLOCATE|[EXTERNAL]|Bytes:12
14:58:36.0 (72723164)|VARIABLE_ASSIGNMENT|[EXTERNAL]|this.selected|false|0x42a4749d
14:58:36.0 (72762790)|HEAP_ALLOCATE|[EXTERNAL]|Bytes:5
14:58:36.0 (72767317)|HEAP_ALLOCATE|[EXTERNAL]|Bytes:12
14:58:36.0 (72773622)|VARIABLE_ASSIGNMENT|[EXTERNAL]|this.selected|false|0x33c38c78
14:58:36.0 (72812957)|HEAP_ALLOCATE|[EXTERNAL]|Bytes:5
14:58:36.0 (72817501)|HEAP_ALLOCATE|[EXTERNAL]|Bytes:12
14:58:36.0 (72824008)|VARIABLE_ASSIGNMENT|[EXTERNAL]|this.selected|false|0x579618a9
14:58:36.0 (72863256)|HEAP_ALLOCATE|[EXTERNAL]|Bytes:5
14:58:36.0 (72868065)|HEAP_ALLOCATE|[EXTERNAL]|Bytes:12
14:58:36.0 (72874310)|VARIABLE_ASSIGNMENT|[EXTERNAL]|this.selected|false|0x3149132e
14:58:36.0 (72914280)|HEAP_ALLOCATE|[EXTERNAL]|Bytes:5
14:58:36.0 (72918971)|HEAP_ALLOCATE|[EXTERNAL]|Bytes:12
14:58:36.0 (72925151)|VARIABLE_ASSIGNMENT|[EXTERNAL]|this.selected|false|0x50288906
14:58:36.0 (72975203)|SYSTEM_MODE_ENTER|true
14:58:36.0 (72990268)|HEAP_ALLOCATE|[EXTERNAL]|Bytes:8
14:58:36.0 (72994527)|HEAP_ALLOCATE|[EXTERNAL]|Bytes:48
14:58:36.0 (73001862)|VARIABLE_ASSIGNMENT|[EXTERNAL]|this.SelectedtimeSlot|60|0x152e55d1
14:58:36.0 (73038506)|SYSTEM_MODE_ENTER|true
14:58:36.0 (73298006)|HEAP_ALLOCATE|[EXTERNAL]|Bytes:48
14:58:36.0 (73308627)|VARIABLE_SCOPE_BEGIN|[11]|this|docappcontroller|true|false
14:58:36.0 (73349395)|VARIABLE_ASSIGNMENT|[11]|this|{"aptdum":"0x31d491a4","Docdum":"0x325dae97","Docmap":"0x5cbe2c2","Initialselected":4,"Selecteddoc":"a260H000001koYjQAI","SelectedtimeSlot":60,"timelist":"0x31488c66","timeset":"0x3775e8","timewraplist":"0x64d63718","timewraplistInitial":"0x64d63718"}|0x152e55d1
14:58:36.0 (73361316)|STATEMENT_EXECUTE|[11]
14:58:36.0 (73363331)|STATEMENT_EXECUTE|[12]
14:58:36.0 (73369314)|VARIABLE_SCOPE_BEGIN|[12]|counter|Integer|false|false
14:58:36.0 (73377020)|HEAP_ALLOCATE|[12]|Bytes:4
14:58:36.0 (73383749)|VARIABLE_ASSIGNMENT|[12]|counter|0
14:58:36.0 (73439418)|VARIABLE_ASSIGNMENT|[EXTERNAL]|this|{"aptdum":"0x31d491a4","Docdum":"0x325dae97","Docmap":"0x5cbe2c2","Initialselected":4,"Selecteddoc":"a260H000001koYjQAI","SelectedtimeSlot":60,"timelist":"0x31488c66","timeset":"0x3775e8","timewraplist":"0x64d63718","timewraplistInitial":"0x64d63718"}|0x152e55d1
14:58:36.0 (73543676)|HEAP_ALLOCATE|[13]|Bytes:5
14:58:36.0 (73558200)|HEAP_ALLOCATE|[13]|Bytes:12
14:58:36.0 (73566143)|VARIABLE_SCOPE_BEGIN|[13]|wt|docappcontroller.Wrapertimeslot|true|false
14:58:36.0 (73601754)|VARIABLE_ASSIGNMENT|[13]|wt|{"selected":false,"t":43200000}|0x488433db
14:58:36.0 (73609361)|STATEMENT_EXECUTE|[13]
14:58:36.0 (73639344)|VARIABLE_ASSIGNMENT|[EXTERNAL]|this|{"selected":false,"t":43200000}|0x488433db
14:58:36.0 (73650924)|STATEMENT_EXECUTE|[14]
14:58:36.0 (73659931)|HEAP_ALLOCATE|[13]|Bytes:5
14:58:36.0 (73668781)|HEAP_ALLOCATE|[13]|Bytes:12
14:58:36.0 (73674914)|VARIABLE_SCOPE_BEGIN|[13]|wt|docappcontroller.Wrapertimeslot|true|false
14:58:36.0 (73690124)|VARIABLE_ASSIGNMENT|[13]|wt|{"selected":false,"t":45000000}|0x35f6e93f
14:58:36.0 (73695931)|STATEMENT_EXECUTE|[13]
14:58:36.0 (73708285)|VARIABLE_ASSIGNMENT|[EXTERNAL]|this|{"selected":false,"t":45000000}|0x35f6e93f
14:58:36.0 (73717081)|STATEMENT_EXECUTE|[14]
14:58:36.0 (73723551)|HEAP_ALLOCATE|[13]|Bytes:5
14:58:36.0 (73731186)|HEAP_ALLOCATE|[13]|Bytes:12
14:58:36.0 (73736346)|VARIABLE_SCOPE_BEGIN|[13]|wt|docappcontroller.Wrapertimeslot|true|false
14:58:36.0 (73750249)|VARIABLE_ASSIGNMENT|[13]|wt|{"selected":false,"t":46800000}|0x4028785b
14:58:36.0 (73755347)|STATEMENT_EXECUTE|[13]
14:58:36.0 (73766507)|VARIABLE_ASSIGNMENT|[EXTERNAL]|this|{"selected":false,"t":46800000}|0x4028785b
14:58:36.0 (73774402)|STATEMENT_EXECUTE|[14]
14:58:36.0 (73780518)|HEAP_ALLOCATE|[13]|Bytes:5
14:58:36.0 (73787433)|HEAP_ALLOCATE|[13]|Bytes:12
14:58:36.0 (73792282)|VARIABLE_SCOPE_BEGIN|[13]|wt|docappcontroller.Wrapertimeslot|true|false
14:58:36.0 (73806702)|VARIABLE_ASSIGNMENT|[13]|wt|{"selected":true,"t":48600000}|0x1593f9b1
14:58:36.0 (73812127)|STATEMENT_EXECUTE|[13]
14:58:36.0 (73823296)|VARIABLE_ASSIGNMENT|[EXTERNAL]|this|{"selected":true,"t":48600000}|0x1593f9b1
14:58:36.0 (73831719)|STATEMENT_EXECUTE|[14]
14:58:36.0 (73833515)|STATEMENT_EXECUTE|[15]
14:58:36.0 (73837192)|HEAP_ALLOCATE|[15]|Bytes:4
14:58:36.0 (73843492)|VARIABLE_ASSIGNMENT|[15]|counter|1
14:58:36.0 (73851998)|HEAP_ALLOCATE|[13]|Bytes:5
14:58:36.0 (73859065)|HEAP_ALLOCATE|[13]|Bytes:12
14:58:36.0 (73863843)|VARIABLE_SCOPE_BEGIN|[13]|wt|docappcontroller.Wrapertimeslot|true|false
14:58:36.0 (73878325)|VARIABLE_ASSIGNMENT|[13]|wt|{"selected":false,"t":50400000}|0x7ce00a33
14:58:36.0 (73883759)|STATEMENT_EXECUTE|[13]
14:58:36.0 (73894896)|VARIABLE_ASSIGNMENT|[EXTERNAL]|this|{"selected":false,"t":50400000}|0x7ce00a33
14:58:36.0 (73902769)|STATEMENT_EXECUTE|[14]
14:58:36.0 (73908797)|HEAP_ALLOCATE|[13]|Bytes:5
14:58:36.0 (73915751)|HEAP_ALLOCATE|[13]|Bytes:12
14:58:36.0 (73920519)|VARIABLE_SCOPE_BEGIN|[13]|wt|docappcontroller.Wrapertimeslot|true|false
14:58:36.0 (73933571)|VARIABLE_ASSIGNMENT|[13]|wt|{"selected":true,"t":52200000}|0x7eddab81
14:58:36.0 (73939152)|STATEMENT_EXECUTE|[13]
14:58:36.0 (73950686)|VARIABLE_ASSIGNMENT|[EXTERNAL]|this|{"selected":true,"t":52200000}|0x7eddab81
14:58:36.0 (73958495)|STATEMENT_EXECUTE|[14]
14:58:36.0 (73960153)|STATEMENT_EXECUTE|[15]
14:58:36.0 (73962238)|HEAP_ALLOCATE|[15]|Bytes:4
14:58:36.0 (73967512)|VARIABLE_ASSIGNMENT|[15]|counter|2
14:58:36.0 (73975540)|HEAP_ALLOCATE|[13]|Bytes:5
14:58:36.0 (73982823)|HEAP_ALLOCATE|[13]|Bytes:12
14:58:36.0 (73987696)|VARIABLE_SCOPE_BEGIN|[13]|wt|docappcontroller.Wrapertimeslot|true|false
14:58:36.0 (74001291)|VARIABLE_ASSIGNMENT|[13]|wt|{"selected":true,"t":54000000}|0x7db4fea1
14:58:36.0 (74007061)|STATEMENT_EXECUTE|[13]
14:58:36.0 (74018426)|VARIABLE_ASSIGNMENT|[EXTERNAL]|this|{"selected":true,"t":54000000}|0x7db4fea1
14:58:36.0 (74026072)|STATEMENT_EXECUTE|[14]
14:58:36.0 (74027758)|STATEMENT_EXECUTE|[15]
14:58:36.0 (74029739)|HEAP_ALLOCATE|[15]|Bytes:4
14:58:36.0 (74035029)|VARIABLE_ASSIGNMENT|[15]|counter|3
14:58:36.0 (74043416)|HEAP_ALLOCATE|[13]|Bytes:5
14:58:36.0 (74050410)|HEAP_ALLOCATE|[13]|Bytes:12
14:58:36.0 (74055947)|VARIABLE_SCOPE_BEGIN|[13]|wt|docappcontroller.Wrapertimeslot|true|false
14:58:36.0 (74069473)|VARIABLE_ASSIGNMENT|[13]|wt|{"selected":true,"t":55800000}|0x7760ded7
14:58:36.0 (74074634)|STATEMENT_EXECUTE|[13]
14:58:36.0 (74085800)|VARIABLE_ASSIGNMENT|[EXTERNAL]|this|{"selected":true,"t":55800000}|0x7760ded7
14:58:36.0 (74093673)|STATEMENT_EXECUTE|[14]
14:58:36.0 (74095380)|STATEMENT_EXECUTE|[15]
14:58:36.0 (74097210)|HEAP_ALLOCATE|[15]|Bytes:4
14:58:36.0 (74102189)|VARIABLE_ASSIGNMENT|[15]|counter|4
14:58:36.0 (74110280)|HEAP_ALLOCATE|[13]|Bytes:5
14:58:36.0 (74119837)|HEAP_ALLOCATE|[13]|Bytes:12
14:58:36.0 (74125352)|VARIABLE_SCOPE_BEGIN|[13]|wt|docappcontroller.Wrapertimeslot|true|false
14:58:36.0 (74140159)|VARIABLE_ASSIGNMENT|[13]|wt|{"selected":true,"t":57600000}|0xbade39a
14:58:36.0 (74145257)|STATEMENT_EXECUTE|[13]
14:58:36.0 (74156980)|VARIABLE_ASSIGNMENT|[EXTERNAL]|this|{"selected":true,"t":57600000}|0xbade39a
14:58:36.0 (74164713)|STATEMENT_EXECUTE|[14]
14:58:36.0 (74166384)|STATEMENT_EXECUTE|[15]
14:58:36.0 (74168743)|HEAP_ALLOCATE|[15]|Bytes:4
14:58:36.0 (74173938)|VARIABLE_ASSIGNMENT|[15]|counter|5
14:58:36.0 (74181998)|HEAP_ALLOCATE|[13]|Bytes:5
14:58:36.0 (74189021)|HEAP_ALLOCATE|[13]|Bytes:12
14:58:36.0 (74193894)|VARIABLE_SCOPE_BEGIN|[13]|wt|docappcontroller.Wrapertimeslot|true|false
14:58:36.0 (74207006)|VARIABLE_ASSIGNMENT|[13]|wt|{"selected":true,"t":59400000}|0x183fd0cd
14:58:36.0 (74212675)|STATEMENT_EXECUTE|[13]
14:58:36.0 (74223839)|VARIABLE_ASSIGNMENT|[EXTERNAL]|this|{"selected":true,"t":59400000}|0x183fd0cd
14:58:36.0 (74231508)|STATEMENT_EXECUTE|[14]
14:58:36.0 (74233180)|STATEMENT_EXECUTE|[15]
14:58:36.0 (74235003)|HEAP_ALLOCATE|[15]|Bytes:4
14:58:36.0 (74240320)|VARIABLE_ASSIGNMENT|[15]|counter|6
14:58:36.0 (74248168)|HEAP_ALLOCATE|[13]|Bytes:5
14:58:36.0 (74255082)|HEAP_ALLOCATE|[13]|Bytes:12
14:58:36.0 (74259912)|VARIABLE_SCOPE_BEGIN|[13]|wt|docappcontroller.Wrapertimeslot|true|false
14:58:36.0 (74273052)|VARIABLE_ASSIGNMENT|[13]|wt|{"selected":false,"t":61200000}|0x42a4749d
14:58:36.0 (74278527)|STATEMENT_EXECUTE|[13]
14:58:36.0 (74289637)|VARIABLE_ASSIGNMENT|[EXTERNAL]|this|{"selected":false,"t":61200000}|0x42a4749d
14:58:36.0 (74297425)|STATEMENT_EXECUTE|[14]
14:58:36.0 (74303115)|HEAP_ALLOCATE|[13]|Bytes:5
14:58:36.0 (74310247)|HEAP_ALLOCATE|[13]|Bytes:12
14:58:36.0 (74314821)|VARIABLE_SCOPE_BEGIN|[13]|wt|docappcontroller.Wrapertimeslot|true|false
14:58:36.0 (74328236)|VARIABLE_ASSIGNMENT|[13]|wt|{"selected":false,"t":63000000}|0x33c38c78
14:58:36.0 (74333112)|STATEMENT_EXECUTE|[13]
14:58:36.0 (74343938)|VARIABLE_ASSIGNMENT|[EXTERNAL]|this|{"selected":false,"t":63000000}|0x33c38c78
14:58:36.0 (74351514)|STATEMENT_EXECUTE|[14]
14:58:36.0 (74357329)|HEAP_ALLOCATE|[13]|Bytes:5
14:58:36.0 (74364383)|HEAP_ALLOCATE|[13]|Bytes:12
14:58:36.0 (74369030)|VARIABLE_SCOPE_BEGIN|[13]|wt|docappcontroller.Wrapertimeslot|true|false
14:58:36.0 (74382270)|VARIABLE_ASSIGNMENT|[13]|wt|{"selected":false,"t":64800000}|0x579618a9
14:58:36.0 (74386980)|STATEMENT_EXECUTE|[13]
14:58:36.0 (74398408)|VARIABLE_ASSIGNMENT|[EXTERNAL]|this|{"selected":false,"t":64800000}|0x579618a9
14:58:36.0 (74406087)|STATEMENT_EXECUTE|[14]
14:58:36.0 (74411758)|HEAP_ALLOCATE|[13]|Bytes:5
14:58:36.0 (74419059)|HEAP_ALLOCATE|[13]|Bytes:12
14:58:36.0 (74423979)|VARIABLE_SCOPE_BEGIN|[13]|wt|docappcontroller.Wrapertimeslot|true|false
14:58:36.0 (74437065)|VARIABLE_ASSIGNMENT|[13]|wt|{"selected":false,"t":66600000}|0x3149132e
14:58:36.0 (74441968)|STATEMENT_EXECUTE|[13]
14:58:36.0 (74452929)|VARIABLE_ASSIGNMENT|[EXTERNAL]|this|{"selected":false,"t":66600000}|0x3149132e
14:58:36.0 (74460374)|STATEMENT_EXECUTE|[14]
14:58:36.0 (74466241)|HEAP_ALLOCATE|[13]|Bytes:5
14:58:36.0 (74473174)|HEAP_ALLOCATE|[13]|Bytes:12
14:58:36.0 (74477966)|VARIABLE_SCOPE_BEGIN|[13]|wt|docappcontroller.Wrapertimeslot|true|false
14:58:36.0 (74492211)|VARIABLE_ASSIGNMENT|[13]|wt|{"selected":false,"t":68400000}|0x50288906
14:58:36.0 (74497050)|STATEMENT_EXECUTE|[13]
14:58:36.0 (74508017)|VARIABLE_ASSIGNMENT|[EXTERNAL]|this|{"selected":false,"t":68400000}|0x50288906
14:58:36.0 (74515793)|STATEMENT_EXECUTE|[14]
14:58:36.0 (74526330)|HEAP_ALLOCATE|[13]|Bytes:5
14:58:36.0 (74535667)|VARIABLE_ASSIGNMENT|[13]|wt|null|
14:58:36.0 (74546965)|STATEMENT_EXECUTE|[44]
14:58:36.0 (74548604)|STATEMENT_EXECUTE|[45]
14:58:36.0 (74570182)|METHOD_ENTRY|[45]|01p0H000007gCe8|docappcontroller.fetchslots()
14:58:36.0 (74586562)|VARIABLE_SCOPE_BEGIN|[54]|this|docappcontroller|true|false
14:58:36.0 (74617519)|VARIABLE_ASSIGNMENT|[54]|this|{"aptdum":"0x31d491a4","Docdum":"0x325dae97","Docmap":"0x5cbe2c2","Initialselected":4,"Selecteddoc":"a260H000001koYjQAI","SelectedtimeSlot":60,"timelist":"0x31488c66","timeset":"0x3775e8","timewraplist":"0x64d63718","timewraplistInitial":"0x64d63718"}|0x152e55d1
14:58:36.0 (74627115)|STATEMENT_EXECUTE|[54]
14:58:36.0 (74628964)|STATEMENT_EXECUTE|[56]
14:58:36.0 (74663456)|VARIABLE_ASSIGNMENT|[EXTERNAL]|this|{"aptdum":"0x31d491a4","Docdum":"0x325dae97","Docmap":"0x5cbe2c2","Initialselected":4,"Selecteddoc":"a260H000001koYjQAI","SelectedtimeSlot":60,"timelist":"0x31488c66","timeset":"0x3775e8","timewraplist":"0x64d63718","timewraplistInitial":"0x64d63718"}|0x152e55d1
14:58:36.0 (74697686)|USER_DEBUG|[56]|DEBUG|a260H000001koYjQAI
14:58:36.0 (74737017)|VARIABLE_ASSIGNMENT|[EXTERNAL]|this|{"aptdum":"0x31d491a4","Docdum":"0x325dae97","Docmap":"0x5cbe2c2","Initialselected":4,"Selecteddoc":"a260H000001koYjQAI","SelectedtimeSlot":60,"timelist":"0x31488c66","timeset":"0x3775e8","timewraplist":"0x64d63718","timewraplistInitial":"0x64d63718"}|0x152e55d1
14:58:36.0 (74769113)|VARIABLE_ASSIGNMENT|[EXTERNAL]|this|{"aptdum":"0x31d491a4","Docdum":"0x325dae97","Docmap":"0x5cbe2c2","Initialselected":4,"Selecteddoc":"a260H000001koYjQAI","SelectedtimeSlot":60,"timelist":"0x31488c66","timeset":"0x3775e8","timewraplist":"0x64d63718","timewraplistInitial":"0x64d63718"}|0x152e55d1
14:58:36.0 (74803386)|STATEMENT_EXECUTE|[59]
14:58:36.0 (74805680)|STATEMENT_EXECUTE|[60]
14:58:36.0 (74834866)|VARIABLE_ASSIGNMENT|[EXTERNAL]|this|{"aptdum":"0x31d491a4","Docdum":"0x325dae97","Docmap":"0x5cbe2c2","Initialselected":4,"Selecteddoc":"a260H000001koYjQAI","SelectedtimeSlot":60,"timelist":"0x31488c66","timeset":"0x3775e8","timewraplist":"0x64d63718","timewraplistInitial":"0x64d63718"}|0x152e55d1
14:58:36.0 (74866799)|VARIABLE_ASSIGNMENT|[EXTERNAL]|this|{"aptdum":"0x31d491a4","Docdum":"0x325dae97","Docmap":"0x5cbe2c2","Initialselected":4,"Selecteddoc":"a260H000001koYjQAI","SelectedtimeSlot":60,"timelist":"0x31488c66","timeset":"0x3775e8","timewraplist":"0x64d63718","timewraplistInitial":"0x64d63718"}|0x152e55d1
14:58:36.0 (74892674)|VARIABLE_SCOPE_BEGIN|[60]|d|Doctor__c|true|false
14:58:36.0 (74910174)|VARIABLE_ASSIGNMENT|[60]|d|{"Id":"a260H000001koYjQAI","Name":"doc 2","End_Time__c":68400000,"Speciality__c":"General Surgery","Start_Time__c":43200000}|0x45d8f220
14:58:36.0 (74916534)|STATEMENT_EXECUTE|[61]
14:58:36.0 (74954302)|HEAP_ALLOCATE|[61]|Bytes:4
14:58:36.0 (74992783)|HEAP_ALLOCATE|[61]|Bytes:150
14:58:36.0 (75009360)|HEAP_ALLOCATE|[61]|Bytes:4
14:58:36.0 (75020115)|HEAP_ALLOCATE|[61]|Bytes:7
14:58:36.0 (75053683)|VARIABLE_ASSIGNMENT|[EXTERNAL]|this|{"aptdum":"0x31d491a4","Docdum":"0x325dae97","Docmap":"0x5cbe2c2","Initialselected":4,"Selecteddoc":"a260H000001koYjQAI","SelectedtimeSlot":60,"timelist":"0x31488c66","timeset":"0x3775e8","timewraplist":"0x64d63718","timewraplistInitial":"0x64d63718"}|0x152e55d1
14:58:36.0 (75072906)|HEAP_ALLOCATE|[61]|Bytes:7
14:58:36.0 (75102858)|VARIABLE_ASSIGNMENT|[EXTERNAL]|this|{"aptdum":"0x31d491a4","Docdum":"0x325dae97","Docmap":"0x5cbe2c2","Initialselected":4,"Selecteddoc":"a260H000001koYjQAI","SelectedtimeSlot":60,"timelist":"0x31488c66","timeset":"0x3775e8","timewraplist":"0x64d63718","timewraplistInitial":"0x64d63718"}|0x152e55d1
14:58:36.0 (75481425)|SOQL_EXECUTE_BEGIN|[61]|Aggregations:0|SELECT Id, Name, Doctor__c, Patient__c, End_Time__c, Start_Time__c FROM Appointment__c WHERE (Doctor__c = :tmpVar1 AND Appointment_Date__c = :tmpVar2)
14:58:36.0 (78980887)|SOQL_EXECUTE_END|[61]|Rows:2
14:58:36.0 (79002878)|HEAP_ALLOCATE|[61]|Bytes:12
14:58:36.0 (79019902)|HEAP_ALLOCATE|[61]|Bytes:294
14:58:36.0 (79052066)|HEAP_ALLOCATE|[61]|Bytes:12
14:58:36.0 (79076036)|HEAP_ALLOCATE|[61]|Bytes:28
14:58:36.0 (79081420)|HEAP_ALLOCATE|[61]|Bytes:28
14:58:36.0 (79085289)|HEAP_ALLOCATE|[61]|Bytes:28
14:58:36.0 (79088133)|HEAP_ALLOCATE|[61]|Bytes:8
14:58:36.0 (79098675)|VARIABLE_SCOPE_BEGIN|[61]|aptlist|List<Appointment__c>|true|false
14:58:36.0 (79109774)|HEAP_ALLOCATE|[EXTERNAL]|Bytes:12
14:58:36.0 (79135184)|VARIABLE_ASSIGNMENT|[61]|aptlist|[{"Id":"a250H00000HaxnFQAR","Name":"A-00000","Doctor__c":"a260H000001koYjQAI","Patient__c":"a270H000006vXivQAE","End_Time__c":61200000,"Start_Time__c":54000000},{"Id":"a250H00000HayO3QAJ","Name":"A-00001","Doctor__c":"a260H000001koYjQAI","Patient__c":"a270H000006vXivQAE","End_Time__c":70200000,"Start_Time__c":68400000}]|0x447c5e84
14:58:36.0 (79144420)|STATEMENT_EXECUTE|[62]
14:58:36.0 (79157401)|HEAP_ALLOCATE|[62]|Bytes:4
14:58:36.0 (79209696)|VARIABLE_ASSIGNMENT|[62]|this.timeset|[]|0x152e55d1
14:58:36.0 (79288583)|HEAP_ALLOCATE|[63]|Bytes:5
14:58:36.0 (79302072)|HEAP_ALLOCATE|[63]|Bytes:28
14:58:36.0 (79310596)|VARIABLE_SCOPE_BEGIN|[63]|apt|Appointment__c|true|false
14:58:36.0 (79330054)|VARIABLE_ASSIGNMENT|[63]|apt|{"Id":"a250H00000HaxnFQAR","Name":"A-00000","Doctor__c":"a260H000001koYjQAI","Patient__c":"a270H000006vXivQAE","End_Time__c":61200000,"Start_Time__c":54000000}|0x48587ad0
14:58:36.0 (79338109)|STATEMENT_EXECUTE|[63]
14:58:36.0 (79339970)|STATEMENT_EXECUTE|[65]
14:58:36.0 (79371820)|VARIABLE_SCOPE_BEGIN|[65]|t|Time|false|false
14:58:36.0 (79385570)|VARIABLE_ASSIGNMENT|[65]|t|54000000
14:58:36.0 (79390245)|STATEMENT_EXECUTE|[66]
14:58:36.0 (79446507)|VARIABLE_SCOPE_BEGIN|[66]|i|Integer|false|false
14:58:36.0 (79454821)|HEAP_ALLOCATE|[66]|Bytes:4
14:58:36.0 (79462129)|VARIABLE_ASSIGNMENT|[66]|i|2
14:58:36.0 (79466591)|STATEMENT_EXECUTE|[67]
14:58:36.0 (79497481)|HEAP_ALLOCATE|[67]|Bytes:28
14:58:36.0 (79501834)|HEAP_ALLOCATE|[67]|Bytes:28
14:58:36.0 (79506986)|VARIABLE_SCOPE_BEGIN|[67]|i1|Decimal|false|false
14:58:36.0 (79519105)|VARIABLE_ASSIGNMENT|[67]|i1|0
14:58:36.0 (79530175)|STATEMENT_EXECUTE|[68]
14:58:36.0 (79556608)|HEAP_ALLOCATE|[EXTERNAL]|Bytes:4
14:58:36.0 (79582684)|STATEMENT_EXECUTE|[69]
14:58:36.0 (79585037)|STATEMENT_EXECUTE|[70]
14:58:36.0 (79610383)|USER_DEBUG|[70]|DEBUG|15:00:00.000Z
14:58:36.0 (79618911)|STATEMENT_EXECUTE|[71]
14:58:36.0 (79648286)|HEAP_ALLOCATE|[71]|Bytes:4
14:58:36.0 (79664482)|VARIABLE_ASSIGNMENT|[71]|t|55800000
14:58:36.0 (79669210)|STATEMENT_EXECUTE|[72]
14:58:36.0 (79672744)|HEAP_ALLOCATE|[72]|Bytes:3
14:58:36.0 (79687524)|HEAP_ALLOCATE|[72]|Bytes:28
14:58:36.0 (79724850)|HEAP_ALLOCATE|[72]|Bytes:28
14:58:36.0 (79739433)|VARIABLE_ASSIGNMENT|[72]|i1|0.5
14:58:36.0 (79743533)|STATEMENT_EXECUTE|[73]
14:58:36.0 (79762931)|HEAP_ALLOCATE|[EXTERNAL]|Bytes:4
14:58:36.0 (79776201)|HEAP_ALLOCATE|[74]|Bytes:28
14:58:36.0 (79779879)|HEAP_ALLOCATE|[74]|Bytes:28
14:58:36.0 (79785342)|HEAP_ALLOCATE|[74]|Bytes:28
14:58:36.0 (79808712)|HEAP_ALLOCATE|[74]|Bytes:28
14:58:36.0 (79837417)|STATEMENT_EXECUTE|[69]
14:58:36.0 (79839399)|STATEMENT_EXECUTE|[70]
14:58:36.0 (79848056)|USER_DEBUG|[70]|DEBUG|15:30:00.000Z
14:58:36.0 (79854780)|STATEMENT_EXECUTE|[71]
14:58:36.0 (79863584)|HEAP_ALLOCATE|[71]|Bytes:4
14:58:36.0 (79878887)|VARIABLE_ASSIGNMENT|[71]|t|57600000
14:58:36.0 (79883652)|STATEMENT_EXECUTE|[72]
14:58:36.0 (79888560)|HEAP_ALLOCATE|[72]|Bytes:28
14:58:36.0 (79901160)|HEAP_ALLOCATE|[72]|Bytes:28
14:58:36.0 (79912024)|VARIABLE_ASSIGNMENT|[72]|i1|1.0
14:58:36.0 (79916097)|STATEMENT_EXECUTE|[73]
14:58:36.0 (79922449)|HEAP_ALLOCATE|[EXTERNAL]|Bytes:4
14:58:36.0 (79932671)|HEAP_ALLOCATE|[74]|Bytes:28
14:58:36.0 (79936036)|HEAP_ALLOCATE|[74]|Bytes:28
14:58:36.0 (79940331)|HEAP_ALLOCATE|[74]|Bytes:28
14:58:36.0 (79951853)|HEAP_ALLOCATE|[74]|Bytes:28
14:58:36.0 (79973980)|STATEMENT_EXECUTE|[69]
14:58:36.0 (79975804)|STATEMENT_EXECUTE|[70]
14:58:36.0 (79983244)|USER_DEBUG|[70]|DEBUG|16:00:00.000Z
14:58:36.0 (79989231)|STATEMENT_EXECUTE|[71]
14:58:36.0 (79996728)|HEAP_ALLOCATE|[71]|Bytes:4
14:58:36.0 (80009262)|VARIABLE_ASSIGNMENT|[71]|t|59400000
14:58:36.0 (80014295)|STATEMENT_EXECUTE|[72]
14:58:36.0 (80018607)|HEAP_ALLOCATE|[72]|Bytes:28
14:58:36.0 (80029960)|HEAP_ALLOCATE|[72]|Bytes:28
14:58:36.0 (80040166)|VARIABLE_ASSIGNMENT|[72]|i1|1.5
14:58:36.0 (80044362)|STATEMENT_EXECUTE|[73]
14:58:36.0 (80050066)|HEAP_ALLOCATE|[EXTERNAL]|Bytes:4
14:58:36.0 (80059493)|HEAP_ALLOCATE|[74]|Bytes:28
14:58:36.0 (80062878)|HEAP_ALLOCATE|[74]|Bytes:28
14:58:36.0 (80067577)|HEAP_ALLOCATE|[74]|Bytes:28
14:58:36.0 (80078569)|HEAP_ALLOCATE|[74]|Bytes:28
14:58:36.0 (80104194)|HEAP_ALLOCATE|[63]|Bytes:5
14:58:36.0 (80115370)|HEAP_ALLOCATE|[63]|Bytes:28
14:58:36.0 (80122693)|VARIABLE_SCOPE_BEGIN|[63]|apt|Appointment__c|true|false
14:58:36.0 (80141403)|VARIABLE_ASSIGNMENT|[63]|apt|{"Id":"a250H00000HayO3QAJ","Name":"A-00001","Doctor__c":"a260H000001koYjQAI","Patient__c":"a270H000006vXivQAE","End_Time__c":70200000,"Start_Time__c":68400000}|0x1bf779c0
14:58:36.0 (80147999)|STATEMENT_EXECUTE|[63]
14:58:36.0 (80149718)|STATEMENT_EXECUTE|[65]
14:58:36.0 (80160508)|VARIABLE_SCOPE_BEGIN|[65]|t|Time|false|false
14:58:36.0 (80172026)|VARIABLE_ASSIGNMENT|[65]|t|68400000
14:58:36.0 (80176013)|STATEMENT_EXECUTE|[66]
14:58:36.0 (80195208)|VARIABLE_SCOPE_BEGIN|[66]|i|Integer|false|false
14:58:36.0 (80202099)|HEAP_ALLOCATE|[66]|Bytes:4
14:58:36.0 (80207890)|VARIABLE_ASSIGNMENT|[66]|i|0
14:58:36.0 (80211936)|STATEMENT_EXECUTE|[67]
14:58:36.0 (80217640)|HEAP_ALLOCATE|[67]|Bytes:28
14:58:36.0 (80221184)|HEAP_ALLOCATE|[67]|Bytes:28
14:58:36.0 (80225216)|VARIABLE_SCOPE_BEGIN|[67]|i1|Decimal|false|false
14:58:36.0 (80233447)|VARIABLE_ASSIGNMENT|[67]|i1|0
14:58:36.0 (80237310)|STATEMENT_EXECUTE|[68]
14:58:36.0 (80243200)|HEAP_ALLOCATE|[EXTERNAL]|Bytes:4
14:58:36.0 (80249812)|STATEMENT_EXECUTE|[69]
14:58:36.0 (80251396)|STATEMENT_EXECUTE|[70]
14:58:36.0 (80258676)|USER_DEBUG|[70]|DEBUG|19:00:00.000Z
14:58:36.0 (80265375)|STATEMENT_EXECUTE|[71]
14:58:36.0 (80272940)|HEAP_ALLOCATE|[71]|Bytes:4
14:58:36.0 (80285557)|VARIABLE_ASSIGNMENT|[71]|t|70200000
14:58:36.0 (80290048)|STATEMENT_EXECUTE|[72]
14:58:36.0 (80294431)|HEAP_ALLOCATE|[72]|Bytes:28
14:58:36.0 (80307076)|HEAP_ALLOCATE|[72]|Bytes:28
14:58:36.0 (80317521)|VARIABLE_ASSIGNMENT|[72]|i1|0.5
14:58:36.0 (80321729)|STATEMENT_EXECUTE|[73]
14:58:36.0 (80326788)|HEAP_ALLOCATE|[EXTERNAL]|Bytes:4
14:58:36.0 (80335534)|HEAP_ALLOCATE|[74]|Bytes:28
14:58:36.0 (80339710)|HEAP_ALLOCATE|[74]|Bytes:28
14:58:36.0 (80344078)|HEAP_ALLOCATE|[74]|Bytes:28
14:58:36.0 (80355354)|HEAP_ALLOCATE|[74]|Bytes:28
14:58:36.0 (80379751)|HEAP_ALLOCATE|[63]|Bytes:5
14:58:36.0 (80390433)|VARIABLE_ASSIGNMENT|[63]|apt|null|
14:58:36.0 (80395119)|STATEMENT_EXECUTE|[85]
14:58:36.0 (80404648)|HEAP_ALLOCATE|[85]|Bytes:4
14:58:36.0 (80473342)|VARIABLE_ASSIGNMENT|[EXTERNAL]|this|{"aptdum":"0x31d491a4","Docdum":"0x325dae97","Docmap":"0x5cbe2c2","Initialselected":4,"Selecteddoc":"a260H000001koYjQAI","SelectedtimeSlot":60,"timelist":"0x31488c66","timeset":"0x34c98dae","timewraplist":"0x64d63718","timewraplistInitial":"0x64d63718"}|0x152e55d1
14:58:36.0 (80494355)|HEAP_ALLOCATE|[EXTERNAL]|Bytes:4
14:58:36.0 (80501902)|VARIABLE_ASSIGNMENT|[EXTERNAL]|value|[]|0x49a7ed47
14:58:36.0 (80513575)|VARIABLE_ASSIGNMENT|[4]|this.timewraplist|[]|0x152e55d1
14:58:36.0 (80527311)|STATEMENT_EXECUTE|[86]
14:58:36.0 (80535412)|HEAP_ALLOCATE|[86]|Bytes:4
14:58:36.0 (80588789)|VARIABLE_ASSIGNMENT|[EXTERNAL]|this|{"aptdum":"0x31d491a4","Docdum":"0x325dae97","Docmap":"0x5cbe2c2","Initialselected":4,"Selecteddoc":"a260H000001koYjQAI","SelectedtimeSlot":60,"timelist":"0x31488c66","timeset":"0x34c98dae","timewraplist":"0x49a7ed47","timewraplistInitial":"0x64d63718"}|0x152e55d1
14:58:36.0 (80608169)|HEAP_ALLOCATE|[EXTERNAL]|Bytes:4
14:58:36.0 (80614247)|VARIABLE_ASSIGNMENT|[EXTERNAL]|value|[]|0x38c5606e
14:58:36.0 (80624681)|VARIABLE_ASSIGNMENT|[3]|this.timelist|[]|0x152e55d1
14:58:36.0 (80633295)|STATEMENT_EXECUTE|[87]
14:58:36.0 (80661458)|VARIABLE_SCOPE_BEGIN|[87]|t|Time|false|false
14:58:36.0 (80675379)|VARIABLE_ASSIGNMENT|[87]|t|43200000
14:58:36.0 (80679846)|STATEMENT_EXECUTE|[88]
14:58:36.0 (80723145)|VARIABLE_SCOPE_BEGIN|[88]|i|Integer|false|false
14:58:36.0 (80731026)|HEAP_ALLOCATE|[88]|Bytes:4
14:58:36.0 (80737868)|VARIABLE_ASSIGNMENT|[88]|i|7
14:58:36.0 (80742023)|STATEMENT_EXECUTE|[89]
14:58:36.0 (80750851)|HEAP_ALLOCATE|[89]|Bytes:28
14:58:36.0 (80754982)|HEAP_ALLOCATE|[89]|Bytes:28
14:58:36.0 (80758999)|VARIABLE_SCOPE_BEGIN|[89]|i1|Decimal|false|false
14:58:36.0 (80769035)|VARIABLE_ASSIGNMENT|[89]|i1|0
14:58:36.0 (80801203)|STATEMENT_EXECUTE|[90]
14:58:36.0 (80803157)|STATEMENT_EXECUTE|[91]
14:58:36.0 (80842352)|VARIABLE_ASSIGNMENT|[EXTERNAL]|this|{"aptdum":"0x31d491a4","Docdum":"0x325dae97","Docmap":"0x5cbe2c2","Initialselected":4,"Selecteddoc":"a260H000001koYjQAI","SelectedtimeSlot":60,"timelist":"0x38c5606e","timeset":"0x34c98dae","timewraplist":"0x49a7ed47","timewraplistInitial":"0x64d63718"}|0x152e55d1
14:58:36.0 (80860106)|HEAP_ALLOCATE|[91]|Bytes:12
14:58:36.0 (80877199)|CONSTRUCTOR_ENTRY|[91]|01p0H000007gCe8|<init>(Boolean,Time)
14:58:36.0 (80888983)|VARIABLE_SCOPE_BEGIN|[201]|this|docappcontroller.Wrapertimeslot|true|false
14:58:36.0 (80903810)|VARIABLE_ASSIGNMENT|[201]|this|{}|0x2225d96c
14:58:36.0 (80911919)|VARIABLE_SCOPE_BEGIN|[201]|selection|Boolean|false|false
14:58:36.0 (80920145)|VARIABLE_ASSIGNMENT|[201]|selection|false
14:58:36.0 (80928313)|VARIABLE_SCOPE_BEGIN|[201]|tm|Time|false|false
14:58:36.0 (80937820)|VARIABLE_ASSIGNMENT|[201]|tm|43200000
14:58:36.0 (80942993)|STATEMENT_EXECUTE|[197]
14:58:36.0 (80945327)|STATEMENT_EXECUTE|[198]
14:58:36.0 (80947165)|STATEMENT_EXECUTE|[199]
14:58:36.0 (80955562)|HEAP_ALLOCATE|[202]|Bytes:6
14:58:36.0 (80986246)|STATEMENT_EXECUTE|[201]
14:58:36.0 (80988133)|STATEMENT_EXECUTE|[202]
14:58:36.0 (81041578)|VARIABLE_ASSIGNMENT|[EXTERNAL]|this|{}|0x2225d96c
14:58:36.0 (81053303)|VARIABLE_ASSIGNMENT|[EXTERNAL]|value|false
14:58:36.0 (81060301)|HEAP_ALLOCATE|[198]|Bytes:5
14:58:36.0 (81067587)|VARIABLE_ASSIGNMENT|[198]|this.selected|false|0x2225d96c
14:58:36.0 (81076570)|STATEMENT_EXECUTE|[203]
14:58:36.0 (81112038)|VARIABLE_ASSIGNMENT|[EXTERNAL]|this|{"selected":false}|0x2225d96c
14:58:36.0 (81126178)|VARIABLE_ASSIGNMENT|[EXTERNAL]|value|43200000
14:58:36.0 (81136111)|VARIABLE_ASSIGNMENT|[199]|this.t|43200000|0x2225d96c
14:58:36.0 (81150672)|CONSTRUCTOR_EXIT|[91]|01p0H000007gCe8|<init>(Boolean,Time)
14:58:36.0 (81162944)|HEAP_ALLOCATE|[EXTERNAL]|Bytes:4
14:58:36.0 (81169523)|STATEMENT_EXECUTE|[96]
14:58:36.0 (81209829)|VARIABLE_ASSIGNMENT|[EXTERNAL]|this|{"aptdum":"0x31d491a4","Docdum":"0x325dae97","Docmap":"0x5cbe2c2","Initialselected":4,"Selecteddoc":"a260H000001koYjQAI","SelectedtimeSlot":60,"timelist":"0x38c5606e","timeset":"0x34c98dae","timewraplist":"0x49a7ed47","timewraplistInitial":"0x64d63718"}|0x152e55d1
14:58:36.0 (81229997)|HEAP_ALLOCATE|[EXTERNAL]|Bytes:4
14:58:36.0 (81245119)|HEAP_ALLOCATE|[99]|Bytes:28
14:58:36.0 (81249675)|HEAP_ALLOCATE|[99]|Bytes:28
14:58:36.0 (81280737)|STATEMENT_EXECUTE|[99]
14:58:36.0 (81282838)|STATEMENT_EXECUTE|[100]
14:58:36.0 (81301488)|USER_DEBUG|[100]|DEBUG|12:00:00.000Z
14:58:36.0 (81309733)|STATEMENT_EXECUTE|[101]
14:58:36.0 (81331537)|HEAP_ALLOCATE|[101]|Bytes:4
14:58:36.0 (81347297)|VARIABLE_ASSIGNMENT|[101]|t|45000000
14:58:36.0 (81351790)|STATEMENT_EXECUTE|[102]
14:58:36.0 (81358703)|HEAP_ALLOCATE|[102]|Bytes:28
14:58:36.0 (81377750)|HEAP_ALLOCATE|[102]|Bytes:28
14:58:36.0 (81390863)|VARIABLE_ASSIGNMENT|[102]|i1|0.5
14:58:36.0 (81395919)|STATEMENT_EXECUTE|[103]
14:58:36.0 (81433349)|VARIABLE_ASSIGNMENT|[EXTERNAL]|this|{"aptdum":"0x31d491a4","Docdum":"0x325dae97","Docmap":"0x5cbe2c2","Initialselected":4,"Selecteddoc":"a260H000001koYjQAI","SelectedtimeSlot":60,"timelist":"0x38c5606e","timeset":"0x34c98dae","timewraplist":"0x49a7ed47","timewraplistInitial":"0x64d63718"}|0x152e55d1
14:58:36.0 (81451424)|HEAP_ALLOCATE|[EXTERNAL]|Bytes:4
14:58:36.0 (81478750)|STATEMENT_EXECUTE|[105]
14:58:36.0 (81480751)|STATEMENT_EXECUTE|[106]
14:58:36.0 (81511892)|VARIABLE_ASSIGNMENT|[EXTERNAL]|this|{"aptdum":"0x31d491a4","Docdum":"0x325dae97","Docmap":"0x5cbe2c2","Initialselected":4,"Selecteddoc":"a260H000001koYjQAI","SelectedtimeSlot":60,"timelist":"0x38c5606e","timeset":"0x34c98dae","timewraplist":"0x49a7ed47","timewraplistInitial":"0x64d63718"}|0x152e55d1
14:58:36.0 (81530947)|HEAP_ALLOCATE|[106]|Bytes:12
14:58:36.0 (81544802)|CONSTRUCTOR_ENTRY|[106]|01p0H000007gCe8|<init>(Boolean,Time)
14:58:36.0 (81552332)|VARIABLE_SCOPE_BEGIN|[201]|this|docappcontroller.Wrapertimeslot|true|false
14:58:36.0 (81566670)|VARIABLE_ASSIGNMENT|[201]|this|{}|0x3a462072
14:58:36.0 (81573752)|VARIABLE_SCOPE_BEGIN|[201]|selection|Boolean|false|false
14:58:36.0 (81581185)|VARIABLE_ASSIGNMENT|[201]|selection|false
14:58:36.0 (81585361)|VARIABLE_SCOPE_BEGIN|[201]|tm|Time|false|false
14:58:36.0 (81594188)|VARIABLE_ASSIGNMENT|[201]|tm|45000000
14:58:36.0 (81598825)|STATEMENT_EXECUTE|[197]
14:58:36.0 (81600432)|STATEMENT_EXECUTE|[198]
14:58:36.0 (81601999)|STATEMENT_EXECUTE|[199]
14:58:36.0 (81613545)|STATEMENT_EXECUTE|[201]
14:58:36.0 (81615203)|STATEMENT_EXECUTE|[202]
14:58:36.0 (81627029)|VARIABLE_ASSIGNMENT|[EXTERNAL]|this|{}|0x3a462072
14:58:36.0 (81635191)|VARIABLE_ASSIGNMENT|[EXTERNAL]|value|false
14:58:36.0 (81640490)|HEAP_ALLOCATE|[198]|Bytes:5
14:58:36.0 (81647639)|VARIABLE_ASSIGNMENT|[198]|this.selected|false|0x3a462072
14:58:36.0 (81655283)|STATEMENT_EXECUTE|[203]
14:58:36.0 (81667357)|VARIABLE_ASSIGNMENT|[EXTERNAL]|this|{"selected":false}|0x3a462072
14:58:36.0 (81675800)|VARIABLE_ASSIGNMENT|[EXTERNAL]|value|45000000
14:58:36.0 (81683180)|VARIABLE_ASSIGNMENT|[199]|this.t|45000000|0x3a462072
14:58:36.0 (81697067)|CONSTRUCTOR_EXIT|[106]|01p0H000007gCe8|<init>(Boolean,Time)
14:58:36.0 (81708544)|HEAP_ALLOCATE|[EXTERNAL]|Bytes:4
14:58:36.0 (81720813)|HEAP_ALLOCATE|[99]|Bytes:28
14:58:36.0 (81724989)|HEAP_ALLOCATE|[99]|Bytes:28
14:58:36.0 (81746777)|STATEMENT_EXECUTE|[99]
14:58:36.0 (81748690)|STATEMENT_EXECUTE|[100]
14:58:36.0 (81758461)|USER_DEBUG|[100]|DEBUG|12:30:00.000Z
14:58:36.0 (81765769)|STATEMENT_EXECUTE|[101]
14:58:36.0 (81775392)|HEAP_ALLOCATE|[101]|Bytes:4
14:58:36.0 (81788980)|VARIABLE_ASSIGNMENT|[101]|t|46800000
14:58:36.0 (81793592)|STATEMENT_EXECUTE|[102]
14:58:36.0 (81799288)|HEAP_ALLOCATE|[102]|Bytes:28
14:58:36.0 (81811356)|HEAP_ALLOCATE|[102]|Bytes:28
14:58:36.0 (81822840)|VARIABLE_ASSIGNMENT|[102]|i1|1.0
14:58:36.0 (81826839)|STATEMENT_EXECUTE|[103]
14:58:36.0 (81857450)|VARIABLE_ASSIGNMENT|[EXTERNAL]|this|{"aptdum":"0x31d491a4","Docdum":"0x325dae97","Docmap":"0x5cbe2c2","Initialselected":4,"Selecteddoc":"a260H000001koYjQAI","SelectedtimeSlot":60,"timelist":"0x38c5606e","timeset":"0x34c98dae","timewraplist":"0x49a7ed47","timewraplistInitial":"0x64d63718"}|0x152e55d1
14:58:36.0 (81872903)|HEAP_ALLOCATE|[EXTERNAL]|Bytes:4
14:58:36.0 (81886397)|STATEMENT_EXECUTE|[105]
14:58:36.0 (81888403)|STATEMENT_EXECUTE|[106]
14:58:36.0 (81913421)|VARIABLE_ASSIGNMENT|[EXTERNAL]|this|{"aptdum":"0x31d491a4","Docdum":"0x325dae97","Docmap":"0x5cbe2c2","Initialselected":4,"Selecteddoc":"a260H000001koYjQAI","SelectedtimeSlot":60,"timelist":"0x38c5606e","timeset":"0x34c98dae","timewraplist":"0x49a7ed47","timewraplistInitial":"0x64d63718"}|0x152e55d1
14:58:36.0 (81926144)|HEAP_ALLOCATE|[106]|Bytes:12
14:58:36.0 (81937495)|CONSTRUCTOR_ENTRY|[106]|01p0H000007gCe8|<init>(Boolean,Time)
14:58:36.0 (81943656)|VARIABLE_SCOPE_BEGIN|[201]|this|docappcontroller.Wrapertimeslot|true|false
14:58:36.0 (81956887)|VARIABLE_ASSIGNMENT|[201]|this|{}|0x4d5151b5
14:58:36.0 (81963243)|VARIABLE_SCOPE_BEGIN|[201]|selection|Boolean|false|false
14:58:36.0 (81970643)|VARIABLE_ASSIGNMENT|[201]|selection|false
14:58:36.0 (81974455)|VARIABLE_SCOPE_BEGIN|[201]|tm|Time|false|false
14:58:36.0 (81982789)|VARIABLE_ASSIGNMENT|[201]|tm|46800000
14:58:36.0 (81987373)|STATEMENT_EXECUTE|[197]
14:58:36.0 (81988951)|STATEMENT_EXECUTE|[198]
14:58:36.0 (81990534)|STATEMENT_EXECUTE|[199]
14:58:36.0 (81999925)|STATEMENT_EXECUTE|[201]
14:58:36.0 (82002125)|STATEMENT_EXECUTE|[202]
14:58:36.0 (82013897)|VARIABLE_ASSIGNMENT|[EXTERNAL]|this|{}|0x4d5151b5
14:58:36.0 (82022945)|VARIABLE_ASSIGNMENT|[EXTERNAL]|value|false
14:58:36.0 (82029002)|HEAP_ALLOCATE|[198]|Bytes:5
14:58:36.0 (82035062)|VARIABLE_ASSIGNMENT|[198]|this.selected|false|0x4d5151b5
14:58:36.0 (82042366)|STATEMENT_EXECUTE|[203]
14:58:36.0 (82053568)|VARIABLE_ASSIGNMENT|[EXTERNAL]|this|{"selected":false}|0x4d5151b5
14:58:36.0 (82062502)|VARIABLE_ASSIGNMENT|[EXTERNAL]|value|46800000
14:58:36.0 (82069977)|VARIABLE_ASSIGNMENT|[199]|this.t|46800000|0x4d5151b5
14:58:36.0 (82083588)|CONSTRUCTOR_EXIT|[106]|01p0H000007gCe8|<init>(Boolean,Time)
14:58:36.0 (82093167)|HEAP_ALLOCATE|[EXTERNAL]|Bytes:4
14:58:36.0 (82104813)|HEAP_ALLOCATE|[99]|Bytes:28
14:58:36.0 (82108651)|HEAP_ALLOCATE|[99]|Bytes:28
14:58:36.0 (82127412)|STATEMENT_EXECUTE|[99]
14:58:36.0 (82129220)|STATEMENT_EXECUTE|[100]
14:58:36.0 (82138122)|USER_DEBUG|[100]|DEBUG|13:00:00.000Z
14:58:36.0 (82144916)|STATEMENT_EXECUTE|[101]
14:58:36.0 (82153657)|HEAP_ALLOCATE|[101]|Bytes:4
14:58:36.0 (82166793)|VARIABLE_ASSIGNMENT|[101]|t|48600000
14:58:36.0 (82171429)|STATEMENT_EXECUTE|[102]
14:58:36.0 (82176384)|HEAP_ALLOCATE|[102]|Bytes:28
14:58:36.0 (82188134)|HEAP_ALLOCATE|[102]|Bytes:28
14:58:36.0 (82199054)|VARIABLE_ASSIGNMENT|[102]|i1|1.5
14:58:36.0 (82202997)|STATEMENT_EXECUTE|[103]
14:58:36.0 (82232683)|VARIABLE_ASSIGNMENT|[EXTERNAL]|this|{"aptdum":"0x31d491a4","Docdum":"0x325dae97","Docmap":"0x5cbe2c2","Initialselected":4,"Selecteddoc":"a260H000001koYjQAI","SelectedtimeSlot":60,"timelist":"0x38c5606e","timeset":"0x34c98dae","timewraplist":"0x49a7ed47","timewraplistInitial":"0x64d63718"}|0x152e55d1
14:58:36.0 (82247685)|HEAP_ALLOCATE|[EXTERNAL]|Bytes:4
14:58:36.0 (82260463)|STATEMENT_EXECUTE|[105]
14:58:36.0 (82262173)|STATEMENT_EXECUTE|[106]
14:58:36.0 (82286113)|VARIABLE_ASSIGNMENT|[EXTERNAL]|this|{"aptdum":"0x31d491a4","Docdum":"0x325dae97","Docmap":"0x5cbe2c2","Initialselected":4,"Selecteddoc":"a260H000001koYjQAI","SelectedtimeSlot":60,"timelist":"0x38c5606e","timeset":"0x34c98dae","timewraplist":"0x49a7ed47","timewraplistInitial":"0x64d63718"}|0x152e55d1
14:58:36.0 (82299294)|HEAP_ALLOCATE|[106]|Bytes:12
14:58:36.0 (82309861)|CONSTRUCTOR_ENTRY|[106]|01p0H000007gCe8|<init>(Boolean,Time)
14:58:36.0 (82315783)|VARIABLE_SCOPE_BEGIN|[201]|this|docappcontroller.Wrapertimeslot|true|false
14:58:36.0 (82328480)|VARIABLE_ASSIGNMENT|[201]|this|{}|0x690a1c93
14:58:36.0 (82334982)|VARIABLE_SCOPE_BEGIN|[201]|selection|Boolean|false|false
14:58:36.0 (82342322)|VARIABLE_ASSIGNMENT|[201]|selection|false
14:58:36.0 (82346418)|VARIABLE_SCOPE_BEGIN|[201]|tm|Time|false|false
14:58:36.0 (82354719)|VARIABLE_ASSIGNMENT|[201]|tm|48600000
14:58:36.0 (82358834)|STATEMENT_EXECUTE|[197]
14:58:36.0 (82360398)|STATEMENT_EXECUTE|[198]
14:58:36.0 (82362373)|STATEMENT_EXECUTE|[199]
14:58:36.0 (82371546)|STATEMENT_EXECUTE|[201]
14:58:36.0 (82373214)|STATEMENT_EXECUTE|[202]
14:58:36.0 (82383924)|VARIABLE_ASSIGNMENT|[EXTERNAL]|this|{}|0x690a1c93
14:58:36.0 (82392360)|VARIABLE_ASSIGNMENT|[EXTERNAL]|value|false
14:58:36.0 (82397422)|HEAP_ALLOCATE|[198]|Bytes:5
14:58:36.0 (82403838)|VARIABLE_ASSIGNMENT|[198]|this.selected|false|0x690a1c93
14:58:36.0 (82411352)|STATEMENT_EXECUTE|[203]
14:58:36.0 (82422285)|VARIABLE_ASSIGNMENT|[EXTERNAL]|this|{"selected":false}|0x690a1c93
14:58:36.0 (82430708)|VARIABLE_ASSIGNMENT|[EXTERNAL]|value|48600000
14:58:36.0 (82437908)|VARIABLE_ASSIGNMENT|[199]|this.t|48600000|0x690a1c93
14:58:36.0 (82451483)|CONSTRUCTOR_EXIT|[106]|01p0H000007gCe8|<init>(Boolean,Time)
14:58:36.0 (82460833)|HEAP_ALLOCATE|[EXTERNAL]|Bytes:4
14:58:36.0 (82471902)|HEAP_ALLOCATE|[99]|Bytes:28
14:58:36.0 (82475760)|HEAP_ALLOCATE|[99]|Bytes:28
14:58:36.0 (82493299)|STATEMENT_EXECUTE|[99]
14:58:36.0 (82495092)|STATEMENT_EXECUTE|[100]
14:58:36.0 (82503927)|USER_DEBUG|[100]|DEBUG|13:30:00.000Z
14:58:36.0 (82510809)|STATEMENT_EXECUTE|[101]
14:58:36.0 (82519262)|HEAP_ALLOCATE|[101]|Bytes:4
14:58:36.0 (82540943)|VARIABLE_ASSIGNMENT|[101]|t|50400000
14:58:36.0 (82545466)|STATEMENT_EXECUTE|[102]
14:58:36.0 (82551076)|HEAP_ALLOCATE|[102]|Bytes:28
14:58:36.0 (82563586)|HEAP_ALLOCATE|[102]|Bytes:28
14:58:36.0 (82574931)|VARIABLE_ASSIGNMENT|[102]|i1|2.0
14:58:36.0 (82579069)|STATEMENT_EXECUTE|[103]
14:58:36.0 (82608833)|VARIABLE_ASSIGNMENT|[EXTERNAL]|this|{"aptdum":"0x31d491a4","Docdum":"0x325dae97","Docmap":"0x5cbe2c2","Initialselected":4,"Selecteddoc":"a260H000001koYjQAI","SelectedtimeSlot":60,"timelist":"0x38c5606e","timeset":"0x34c98dae","timewraplist":"0x49a7ed47","timewraplistInitial":"0x64d63718"}|0x152e55d1
14:58:36.0 (82623719)|HEAP_ALLOCATE|[EXTERNAL]|Bytes:4
14:58:36.0 (82636344)|STATEMENT_EXECUTE|[105]
14:58:36.0 (82638043)|STATEMENT_EXECUTE|[106]
14:58:36.0 (82661865)|VARIABLE_ASSIGNMENT|[EXTERNAL]|this|{"aptdum":"0x31d491a4","Docdum":"0x325dae97","Docmap":"0x5cbe2c2","Initialselected":4,"Selecteddoc":"a260H000001koYjQAI","SelectedtimeSlot":60,"timelist":"0x38c5606e","timeset":"0x34c98dae","timewraplist":"0x49a7ed47","timewraplistInitial":"0x64d63718"}|0x152e55d1
14:58:36.0 (82674034)|HEAP_ALLOCATE|[106]|Bytes:12
14:58:36.0 (82684665)|CONSTRUCTOR_ENTRY|[106]|01p0H000007gCe8|<init>(Boolean,Time)
14:58:36.0 (82690335)|VARIABLE_SCOPE_BEGIN|[201]|this|docappcontroller.Wrapertimeslot|true|false
14:58:36.0 (82703365)|VARIABLE_ASSIGNMENT|[201]|this|{}|0x476fcbcb
14:58:36.0 (82709705)|VARIABLE_SCOPE_BEGIN|[201]|selection|Boolean|false|false
14:58:36.0 (82717478)|VARIABLE_ASSIGNMENT|[201]|selection|false
14:58:36.0 (82721860)|VARIABLE_SCOPE_BEGIN|[201]|tm|Time|false|false
14:58:36.0 (82729579)|VARIABLE_ASSIGNMENT|[201]|tm|50400000
14:58:36.0 (82733888)|STATEMENT_EXECUTE|[197]
14:58:36.0 (82735387)|STATEMENT_EXECUTE|[198]
14:58:36.0 (82737183)|STATEMENT_EXECUTE|[199]
14:58:36.0 (82746619)|STATEMENT_EXECUTE|[201]
14:58:36.0 (82748247)|STATEMENT_EXECUTE|[202]
14:58:36.0 (82758917)|VARIABLE_ASSIGNMENT|[EXTERNAL]|this|{}|0x476fcbcb
14:58:36.0 (82767764)|VARIABLE_ASSIGNMENT|[EXTERNAL]|value|false
14:58:36.0 (82772888)|HEAP_ALLOCATE|[198]|Bytes:5
14:58:36.0 (82779202)|VARIABLE_ASSIGNMENT|[198]|this.selected|false|0x476fcbcb
14:58:36.0 (82786915)|STATEMENT_EXECUTE|[203]
14:58:36.0 (82797855)|VARIABLE_ASSIGNMENT|[EXTERNAL]|this|{"selected":false}|0x476fcbcb
14:58:36.0 (82806417)|VARIABLE_ASSIGNMENT|[EXTERNAL]|value|50400000
14:58:36.0 (82813219)|VARIABLE_ASSIGNMENT|[199]|this.t|50400000|0x476fcbcb
14:58:36.0 (82826925)|CONSTRUCTOR_EXIT|[106]|01p0H000007gCe8|<init>(Boolean,Time)
14:58:36.0 (82836289)|HEAP_ALLOCATE|[EXTERNAL]|Bytes:4
14:58:36.0 (82847557)|HEAP_ALLOCATE|[99]|Bytes:28
14:58:36.0 (82851218)|HEAP_ALLOCATE|[99]|Bytes:28
14:58:36.0 (82869387)|STATEMENT_EXECUTE|[99]
14:58:36.0 (82871331)|STATEMENT_EXECUTE|[100]
14:58:36.0 (82880058)|USER_DEBUG|[100]|DEBUG|14:00:00.000Z
14:58:36.0 (82886636)|STATEMENT_EXECUTE|[101]
14:58:36.0 (82895501)|HEAP_ALLOCATE|[101]|Bytes:4
14:58:36.0 (82908291)|VARIABLE_ASSIGNMENT|[101]|t|52200000
14:58:36.0 (82912569)|STATEMENT_EXECUTE|[102]
14:58:36.0 (82917611)|HEAP_ALLOCATE|[102]|Bytes:28
14:58:36.0 (82929834)|HEAP_ALLOCATE|[102]|Bytes:28
14:58:36.0 (82941349)|VARIABLE_ASSIGNMENT|[102]|i1|2.5
14:58:36.0 (82945366)|STATEMENT_EXECUTE|[103]
14:58:36.0 (82974332)|VARIABLE_ASSIGNMENT|[EXTERNAL]|this|{"aptdum":"0x31d491a4","Docdum":"0x325dae97","Docmap":"0x5cbe2c2","Initialselected":4,"Selecteddoc":"a260H000001koYjQAI","SelectedtimeSlot":60,"timelist":"0x38c5606e","timeset":"0x34c98dae","timewraplist":"0x49a7ed47","timewraplistInitial":"0x64d63718"}|0x152e55d1
14:58:36.0 (82989215)|HEAP_ALLOCATE|[EXTERNAL]|Bytes:4
14:58:36.0 (83001365)|STATEMENT_EXECUTE|[105]
14:58:36.0 (83003478)|STATEMENT_EXECUTE|[106]
14:58:36.0 (83027625)|VARIABLE_ASSIGNMENT|[EXTERNAL]|this|{"aptdum":"0x31d491a4","Docdum":"0x325dae97","Docmap":"0x5cbe2c2","Initialselected":4,"Selecteddoc":"a260H000001koYjQAI","SelectedtimeSlot":60,"timelist":"0x38c5606e","timeset":"0x34c98dae","timewraplist":"0x49a7ed47","timewraplistInitial":"0x64d63718"}|0x152e55d1
14:58:36.0 (83040235)|HEAP_ALLOCATE|[106]|Bytes:12
14:58:36.0 (83050776)|CONSTRUCTOR_ENTRY|[106]|01p0H000007gCe8|<init>(Boolean,Time)
14:58:36.0 (83056932)|VARIABLE_SCOPE_BEGIN|[201]|this|docappcontroller.Wrapertimeslot|true|false
14:58:36.0 (83069512)|VARIABLE_ASSIGNMENT|[201]|this|{}|0x14929c68
14:58:36.0 (83076465)|VARIABLE_SCOPE_BEGIN|[201]|selection|Boolean|false|false
14:58:36.0 (83084288)|VARIABLE_ASSIGNMENT|[201]|selection|false
14:58:36.0 (83088348)|VARIABLE_SCOPE_BEGIN|[201]|tm|Time|false|false
14:58:36.0 (83095603)|VARIABLE_ASSIGNMENT|[201]|tm|52200000
14:58:36.0 (83099742)|STATEMENT_EXECUTE|[197]
14:58:36.0 (83101214)|STATEMENT_EXECUTE|[198]
14:58:36.0 (83103399)|STATEMENT_EXECUTE|[199]
14:58:36.0 (83112510)|STATEMENT_EXECUTE|[201]
14:58:36.0 (83114131)|STATEMENT_EXECUTE|[202]
14:58:36.0 (83124703)|VARIABLE_ASSIGNMENT|[EXTERNAL]|this|{}|0x14929c68
14:58:36.0 (83133596)|VARIABLE_ASSIGNMENT|[EXTERNAL]|value|false
14:58:36.0 (83138425)|HEAP_ALLOCATE|[198]|Bytes:5
14:58:36.0 (83144442)|VARIABLE_ASSIGNMENT|[198]|this.selected|false|0x14929c68
14:58:36.0 (83151670)|STATEMENT_EXECUTE|[203]
14:58:36.0 (83162399)|VARIABLE_ASSIGNMENT|[EXTERNAL]|this|{"selected":false}|0x14929c68
14:58:36.0 (83171546)|VARIABLE_ASSIGNMENT|[EXTERNAL]|value|52200000
14:58:36.0 (83178815)|VARIABLE_ASSIGNMENT|[199]|this.t|52200000|0x14929c68
14:58:36.0 (83192250)|CONSTRUCTOR_EXIT|[106]|01p0H000007gCe8|<init>(Boolean,Time)
14:58:36.0 (83200873)|HEAP_ALLOCATE|[EXTERNAL]|Bytes:4
14:58:36.0 (83211772)|HEAP_ALLOCATE|[99]|Bytes:28
14:58:36.0 (83215599)|HEAP_ALLOCATE|[99]|Bytes:28
14:58:36.0 (83233088)|STATEMENT_EXECUTE|[99]
14:58:36.0 (83235010)|STATEMENT_EXECUTE|[100]
14:58:36.0 (83243483)|USER_DEBUG|[100]|DEBUG|14:30:00.000Z
14:58:36.0 (83249996)|STATEMENT_EXECUTE|[101]
14:58:36.0 (83258566)|HEAP_ALLOCATE|[101]|Bytes:4
14:58:36.0 (83271899)|VARIABLE_ASSIGNMENT|[101]|t|54000000
14:58:36.0 (83276080)|STATEMENT_EXECUTE|[102]
14:58:36.0 (83281407)|HEAP_ALLOCATE|[102]|Bytes:28
14:58:36.0 (83293572)|HEAP_ALLOCATE|[102]|Bytes:28
14:58:36.0 (83304147)|VARIABLE_ASSIGNMENT|[102]|i1|3.0
14:58:36.0 (83307993)|STATEMENT_EXECUTE|[103]
14:58:36.0 (83336767)|VARIABLE_ASSIGNMENT|[EXTERNAL]|this|{"aptdum":"0x31d491a4","Docdum":"0x325dae97","Docmap":"0x5cbe2c2","Initialselected":4,"Selecteddoc":"a260H000001koYjQAI","SelectedtimeSlot":60,"timelist":"0x38c5606e","timeset":"0x34c98dae","timewraplist":"0x49a7ed47","timewraplistInitial":"0x64d63718"}|0x152e55d1
14:58:36.0 (83350882)|HEAP_ALLOCATE|[EXTERNAL]|Bytes:4
14:58:36.0 (83363847)|STATEMENT_EXECUTE|[107]
14:58:36.0 (83365550)|STATEMENT_EXECUTE|[108]
14:58:36.0 (83400877)|VARIABLE_ASSIGNMENT|[EXTERNAL]|this|{"aptdum":"0x31d491a4","Docdum":"0x325dae97","Docmap":"0x5cbe2c2","Initialselected":4,"Selecteddoc":"a260H000001koYjQAI","SelectedtimeSlot":60,"timelist":"0x38c5606e","timeset":"0x34c98dae","timewraplist":"0x49a7ed47","timewraplistInitial":"0x64d63718"}|0x152e55d1
14:58:36.0 (83414773)|HEAP_ALLOCATE|[108]|Bytes:12
14:58:36.0 (83426709)|CONSTRUCTOR_ENTRY|[108]|01p0H000007gCe8|<init>(Boolean,Time)
14:58:36.0 (83432577)|VARIABLE_SCOPE_BEGIN|[201]|this|docappcontroller.Wrapertimeslot|true|false
14:58:36.0 (83445807)|VARIABLE_ASSIGNMENT|[201]|this|{}|0x5cc40a3
14:58:36.0 (83452670)|VARIABLE_SCOPE_BEGIN|[201]|selection|Boolean|false|false
14:58:36.0 (83460342)|VARIABLE_ASSIGNMENT|[201]|selection|true
14:58:36.0 (83464672)|VARIABLE_SCOPE_BEGIN|[201]|tm|Time|false|false
14:58:36.0 (83472418)|VARIABLE_ASSIGNMENT|[201]|tm|54000000
14:58:36.0 (83476871)|STATEMENT_EXECUTE|[197]
14:58:36.0 (83478400)|STATEMENT_EXECUTE|[198]
14:58:36.0 (83479994)|STATEMENT_EXECUTE|[199]
14:58:36.0 (83489033)|STATEMENT_EXECUTE|[201]
14:58:36.0 (83490639)|STATEMENT_EXECUTE|[202]
14:58:36.0 (83501468)|VARIABLE_ASSIGNMENT|[EXTERNAL]|this|{}|0x5cc40a3
14:58:36.0 (83510024)|VARIABLE_ASSIGNMENT|[EXTERNAL]|value|true
14:58:36.0 (83515083)|HEAP_ALLOCATE|[198]|Bytes:5
14:58:36.0 (83526331)|VARIABLE_ASSIGNMENT|[198]|this.selected|true|0x5cc40a3
14:58:36.0 (83533907)|STATEMENT_EXECUTE|[203]
14:58:36.0 (83545253)|VARIABLE_ASSIGNMENT|[EXTERNAL]|this|{"selected":true}|0x5cc40a3
14:58:36.0 (83554287)|VARIABLE_ASSIGNMENT|[EXTERNAL]|value|54000000
14:58:36.0 (83561887)|VARIABLE_ASSIGNMENT|[199]|this.t|54000000|0x5cc40a3
14:58:36.0 (83575986)|CONSTRUCTOR_EXIT|[108]|01p0H000007gCe8|<init>(Boolean,Time)
14:58:36.0 (83586751)|HEAP_ALLOCATE|[EXTERNAL]|Bytes:4
14:58:36.0 (83592574)|STATEMENT_EXECUTE|[109]
14:58:36.0 (83598490)|HEAP_ALLOCATE|[109]|Bytes:4
14:58:36.0 (83605803)|VARIABLE_ASSIGNMENT|[109]|this.Initialselected|5|0x152e55d1
14:58:36.0 (83616489)|HEAP_ALLOCATE|[99]|Bytes:28
14:58:36.0 (83620230)|HEAP_ALLOCATE|[99]|Bytes:28
14:58:36.0 (83639245)|STATEMENT_EXECUTE|[99]
14:58:36.0 (83641223)|STATEMENT_EXECUTE|[100]
14:58:36.0 (83649897)|USER_DEBUG|[100]|DEBUG|15:00:00.000Z
14:58:36.0 (83656553)|STATEMENT_EXECUTE|[101]
14:58:36.0 (83665064)|HEAP_ALLOCATE|[101]|Bytes:4
14:58:36.0 (83678382)|VARIABLE_ASSIGNMENT|[101]|t|55800000
14:58:36.0 (83682839)|STATEMENT_EXECUTE|[102]
14:58:36.0 (83687943)|HEAP_ALLOCATE|[102]|Bytes:28
14:58:36.0 (83699878)|HEAP_ALLOCATE|[102]|Bytes:28
14:58:36.0 (83710647)|VARIABLE_ASSIGNMENT|[102]|i1|3.5
14:58:36.0 (83714865)|STATEMENT_EXECUTE|[103]
14:58:36.0 (83744286)|VARIABLE_ASSIGNMENT|[EXTERNAL]|this|{"aptdum":"0x31d491a4","Docdum":"0x325dae97","Docmap":"0x5cbe2c2","Initialselected":5,"Selecteddoc":"a260H000001koYjQAI","SelectedtimeSlot":60,"timelist":"0x38c5606e","timeset":"0x34c98dae","timewraplist":"0x49a7ed47","timewraplistInitial":"0x64d63718"}|0x152e55d1
14:58:36.0 (83758582)|HEAP_ALLOCATE|[EXTERNAL]|Bytes:4
14:58:36.0 (83771304)|STATEMENT_EXECUTE|[107]
14:58:36.0 (83773046)|STATEMENT_EXECUTE|[108]
14:58:36.0 (83797761)|VARIABLE_ASSIGNMENT|[EXTERNAL]|this|{"aptdum":"0x31d491a4","Docdum":"0x325dae97","Docmap":"0x5cbe2c2","Initialselected":5,"Selecteddoc":"a260H000001koYjQAI","SelectedtimeSlot":60,"timelist":"0x38c5606e","timeset":"0x34c98dae","timewraplist":"0x49a7ed47","timewraplistInitial":"0x64d63718"}|0x152e55d1
14:58:36.0 (83809960)|HEAP_ALLOCATE|[108]|Bytes:12
14:58:36.0 (83820934)|CONSTRUCTOR_ENTRY|[108]|01p0H000007gCe8|<init>(Boolean,Time)
14:58:36.0 (83827389)|VARIABLE_SCOPE_BEGIN|[201]|this|docappcontroller.Wrapertimeslot|true|false
14:58:36.0 (83840683)|VARIABLE_ASSIGNMENT|[201]|this|{}|0x6cb358d0
14:58:36.0 (83847856)|VARIABLE_SCOPE_BEGIN|[201]|selection|Boolean|false|false
14:58:36.0 (83855334)|VARIABLE_ASSIGNMENT|[201]|selection|true
14:58:36.0 (83858985)|VARIABLE_SCOPE_BEGIN|[201]|tm|Time|false|false
14:58:36.0 (83866840)|VARIABLE_ASSIGNMENT|[201]|tm|55800000
14:58:36.0 (83871116)|STATEMENT_EXECUTE|[197]
14:58:36.0 (83872621)|STATEMENT_EXECUTE|[198]
14:58:36.0 (83874170)|STATEMENT_EXECUTE|[199]
14:58:36.0 (83883477)|STATEMENT_EXECUTE|[201]
14:58:36.0 (83885052)|STATEMENT_EXECUTE|[202]
14:58:36.0 (83896184)|VARIABLE_ASSIGNMENT|[EXTERNAL]|this|{}|0x6cb358d0
14:58:36.0 (83905214)|VARIABLE_ASSIGNMENT|[EXTERNAL]|value|true
14:58:36.0 (83910344)|HEAP_ALLOCATE|[198]|Bytes:5
14:58:36.0 (83916212)|VARIABLE_ASSIGNMENT|[198]|this.selected|true|0x6cb358d0
14:58:36.0 (83923258)|STATEMENT_EXECUTE|[203]
14:58:36.0 (83934569)|VARIABLE_ASSIGNMENT|[EXTERNAL]|this|{"selected":true}|0x6cb358d0
14:58:36.0 (83943371)|VARIABLE_ASSIGNMENT|[EXTERNAL]|value|55800000
14:58:36.0 (83951106)|VARIABLE_ASSIGNMENT|[199]|this.t|55800000|0x6cb358d0
14:58:36.0 (83964957)|CONSTRUCTOR_EXIT|[108]|01p0H000007gCe8|<init>(Boolean,Time)
14:58:36.0 (83973690)|HEAP_ALLOCATE|[EXTERNAL]|Bytes:4
14:58:36.0 (83979264)|STATEMENT_EXECUTE|[109]
14:58:36.0 (83983010)|HEAP_ALLOCATE|[109]|Bytes:4
14:58:36.0 (83989545)|VARIABLE_ASSIGNMENT|[109]|this.Initialselected|6|0x152e55d1
14:58:36.0 (84000004)|HEAP_ALLOCATE|[99]|Bytes:28
14:58:36.0 (84004278)|HEAP_ALLOCATE|[99]|Bytes:28
14:58:36.0 (84022809)|STATEMENT_EXECUTE|[99]
14:58:36.0 (84024648)|STATEMENT_EXECUTE|[100]
14:58:36.0 (84033155)|USER_DEBUG|[100]|DEBUG|15:30:00.000Z
14:58:36.0 (84040188)|STATEMENT_EXECUTE|[101]
14:58:36.0 (84048328)|HEAP_ALLOCATE|[101]|Bytes:4
14:58:36.0 (84061530)|VARIABLE_ASSIGNMENT|[101]|t|57600000
14:58:36.0 (84066428)|STATEMENT_EXECUTE|[102]
14:58:36.0 (84071364)|HEAP_ALLOCATE|[102]|Bytes:28
14:58:36.0 (84083042)|HEAP_ALLOCATE|[102]|Bytes:28
14:58:36.0 (84094150)|VARIABLE_ASSIGNMENT|[102]|i1|4.0
14:58:36.0 (84098458)|STATEMENT_EXECUTE|[103]
14:58:36.0 (84127546)|VARIABLE_ASSIGNMENT|[EXTERNAL]|this|{"aptdum":"0x31d491a4","Docdum":"0x325dae97","Docmap":"0x5cbe2c2","Initialselected":6,"Selecteddoc":"a260H000001koYjQAI","SelectedtimeSlot":60,"timelist":"0x38c5606e","timeset":"0x34c98dae","timewraplist":"0x49a7ed47","timewraplistInitial":"0x64d63718"}|0x152e55d1
14:58:36.0 (84141381)|HEAP_ALLOCATE|[EXTERNAL]|Bytes:4
14:58:36.0 (84154093)|STATEMENT_EXECUTE|[107]
14:58:36.0 (84155758)|STATEMENT_EXECUTE|[108]
14:58:36.0 (84179757)|VARIABLE_ASSIGNMENT|[EXTERNAL]|this|{"aptdum":"0x31d491a4","Docdum":"0x325dae97","Docmap":"0x5cbe2c2","Initialselected":6,"Selecteddoc":"a260H000001koYjQAI","SelectedtimeSlot":60,"timelist":"0x38c5606e","timeset":"0x34c98dae","timewraplist":"0x49a7ed47","timewraplistInitial":"0x64d63718"}|0x152e55d1
14:58:36.0 (84191749)|HEAP_ALLOCATE|[108]|Bytes:12
14:58:36.0 (84202502)|CONSTRUCTOR_ENTRY|[108]|01p0H000007gCe8|<init>(Boolean,Time)
14:58:36.0 (84208595)|VARIABLE_SCOPE_BEGIN|[201]|this|docappcontroller.Wrapertimeslot|true|false
14:58:36.0 (84222045)|VARIABLE_ASSIGNMENT|[201]|this|{}|0x69e55848
14:58:36.0 (84228583)|VARIABLE_SCOPE_BEGIN|[201]|selection|Boolean|false|false
14:58:36.0 (84235856)|VARIABLE_ASSIGNMENT|[201]|selection|true
14:58:36.0 (84239629)|VARIABLE_SCOPE_BEGIN|[201]|tm|Time|false|false
14:58:36.0 (84247843)|VARIABLE_ASSIGNMENT|[201]|tm|57600000
14:58:36.0 (84252107)|STATEMENT_EXECUTE|[197]
14:58:36.0 (84253690)|STATEMENT_EXECUTE|[198]
14:58:36.0 (84255262)|STATEMENT_EXECUTE|[199]
14:58:36.0 (84264201)|STATEMENT_EXECUTE|[201]
14:58:36.0 (84265786)|STATEMENT_EXECUTE|[202]
14:58:36.0 (84277154)|VARIABLE_ASSIGNMENT|[EXTERNAL]|this|{}|0x69e55848
14:58:36.0 (84285351)|VARIABLE_ASSIGNMENT|[EXTERNAL]|value|true
14:58:36.0 (84290384)|HEAP_ALLOCATE|[198]|Bytes:5
14:58:36.0 (84296278)|VARIABLE_ASSIGNMENT|[198]|this.selected|true|0x69e55848
14:58:36.0 (84304009)|STATEMENT_EXECUTE|[203]
14:58:36.0 (84314925)|VARIABLE_ASSIGNMENT|[EXTERNAL]|this|{"selected":true}|0x69e55848
14:58:36.0 (84323352)|VARIABLE_ASSIGNMENT|[EXTERNAL]|value|57600000
14:58:36.0 (84330726)|VARIABLE_ASSIGNMENT|[199]|this.t|57600000|0x69e55848
14:58:36.0 (84343702)|CONSTRUCTOR_EXIT|[108]|01p0H000007gCe8|<init>(Boolean,Time)
14:58:36.0 (84352676)|HEAP_ALLOCATE|[EXTERNAL]|Bytes:4
14:58:36.0 (84358678)|STATEMENT_EXECUTE|[109]
14:58:36.0 (84362213)|HEAP_ALLOCATE|[109]|Bytes:4
14:58:36.0 (84368706)|VARIABLE_ASSIGNMENT|[109]|this.Initialselected|7|0x152e55d1
14:58:36.0 (84378666)|HEAP_ALLOCATE|[99]|Bytes:28
14:58:36.0 (84383360)|HEAP_ALLOCATE|[99]|Bytes:28
14:58:36.0 (84408356)|STATEMENT_EXECUTE|[99]
14:58:36.0 (84410369)|STATEMENT_EXECUTE|[100]
14:58:36.0 (84419209)|USER_DEBUG|[100]|DEBUG|16:00:00.000Z
14:58:36.0 (84426320)|STATEMENT_EXECUTE|[101]
14:58:36.0 (84434909)|HEAP_ALLOCATE|[101]|Bytes:4
14:58:36.0 (84448515)|VARIABLE_ASSIGNMENT|[101]|t|59400000
14:58:36.0 (84452590)|STATEMENT_EXECUTE|[102]
14:58:36.0 (84457870)|HEAP_ALLOCATE|[102]|Bytes:28
14:58:36.0 (84470017)|HEAP_ALLOCATE|[102]|Bytes:28
14:58:36.0 (84480424)|VARIABLE_ASSIGNMENT|[102]|i1|4.5
14:58:36.0 (84484231)|STATEMENT_EXECUTE|[103]
14:58:36.0 (84513470)|VARIABLE_ASSIGNMENT|[EXTERNAL]|this|{"aptdum":"0x31d491a4","Docdum":"0x325dae97","Docmap":"0x5cbe2c2","Initialselected":7,"Selecteddoc":"a260H000001koYjQAI","SelectedtimeSlot":60,"timelist":"0x38c5606e","timeset":"0x34c98dae","timewraplist":"0x49a7ed47","timewraplistInitial":"0x64d63718"}|0x152e55d1
14:58:36.0 (84538559)|HEAP_ALLOCATE|[EXTERNAL]|Bytes:4
14:58:36.0 (84555479)|STATEMENT_EXECUTE|[107]
14:58:36.0 (84557290)|STATEMENT_EXECUTE|[108]
14:58:36.0 (84583154)|VARIABLE_ASSIGNMENT|[EXTERNAL]|this|{"aptdum":"0x31d491a4","Docdum":"0x325dae97","Docmap":"0x5cbe2c2","Initialselected":7,"Selecteddoc":"a260H000001koYjQAI","SelectedtimeSlot":60,"timelist":"0x38c5606e","timeset":"0x34c98dae","timewraplist":"0x49a7ed47","timewraplistInitial":"0x64d63718"}|0x152e55d1
14:58:36.0 (84595867)|HEAP_ALLOCATE|[108]|Bytes:12
14:58:36.0 (84608090)|CONSTRUCTOR_ENTRY|[108]|01p0H000007gCe8|<init>(Boolean,Time)
14:58:36.0 (84615004)|VARIABLE_SCOPE_BEGIN|[201]|this|docappcontroller.Wrapertimeslot|true|false
14:58:36.0 (84629011)|VARIABLE_ASSIGNMENT|[201]|this|{}|0x2706705b
14:58:36.0 (84635973)|VARIABLE_SCOPE_BEGIN|[201]|selection|Boolean|false|false
14:58:36.0 (84643586)|VARIABLE_ASSIGNMENT|[201]|selection|true
14:58:36.0 (84647210)|VARIABLE_SCOPE_BEGIN|[201]|tm|Time|false|false
14:58:36.0 (84655226)|VARIABLE_ASSIGNMENT|[201]|tm|59400000
14:58:36.0 (84659944)|STATEMENT_EXECUTE|[197]
14:58:36.0 (84661539)|STATEMENT_EXECUTE|[198]
14:58:36.0 (84663188)|STATEMENT_EXECUTE|[199]
14:58:36.0 (84672882)|STATEMENT_EXECUTE|[201]
14:58:36.0 (84674586)|STATEMENT_EXECUTE|[202]
14:58:36.0 (84685994)|VARIABLE_ASSIGNMENT|[EXTERNAL]|this|{}|0x2706705b
14:58:36.0 (84695018)|VARIABLE_ASSIGNMENT|[EXTERNAL]|value|true
14:58:36.0 (84700302)|HEAP_ALLOCATE|[198]|Bytes:5
14:58:36.0 (84706539)|VARIABLE_ASSIGNMENT|[198]|this.selected|true|0x2706705b
14:58:36.0 (84713652)|STATEMENT_EXECUTE|[203]
14:58:36.0 (84724451)|VARIABLE_ASSIGNMENT|[EXTERNAL]|this|{"selected":true}|0x2706705b
14:58:36.0 (84733134)|VARIABLE_ASSIGNMENT|[EXTERNAL]|value|59400000
14:58:36.0 (84743176)|VARIABLE_ASSIGNMENT|[199]|this.t|59400000|0x2706705b
14:58:36.0 (84757207)|CONSTRUCTOR_EXIT|[108]|01p0H000007gCe8|<init>(Boolean,Time)
14:58:36.0 (84766593)|HEAP_ALLOCATE|[EXTERNAL]|Bytes:4
14:58:36.0 (84772795)|STATEMENT_EXECUTE|[109]
14:58:36.0 (84776566)|HEAP_ALLOCATE|[109]|Bytes:4
14:58:36.0 (84783259)|VARIABLE_ASSIGNMENT|[109]|this.Initialselected|8|0x152e55d1
14:58:36.0 (84793796)|HEAP_ALLOCATE|[99]|Bytes:28
14:58:36.0 (84797354)|HEAP_ALLOCATE|[99]|Bytes:28
14:58:36.0 (84816798)|STATEMENT_EXECUTE|[99]
14:58:36.0 (84818592)|STATEMENT_EXECUTE|[100]
14:58:36.0 (84827379)|USER_DEBUG|[100]|DEBUG|16:30:00.000Z
14:58:36.0 (84834624)|STATEMENT_EXECUTE|[101]
14:58:36.0 (84843545)|HEAP_ALLOCATE|[101]|Bytes:4
14:58:36.0 (84856664)|VARIABLE_ASSIGNMENT|[101]|t|61200000
14:58:36.0 (84861387)|STATEMENT_EXECUTE|[102]
14:58:36.0 (84866681)|HEAP_ALLOCATE|[102]|Bytes:28
14:58:36.0 (84878516)|HEAP_ALLOCATE|[102]|Bytes:28
14:58:36.0 (84889552)|VARIABLE_ASSIGNMENT|[102]|i1|5.0
14:58:36.0 (84893988)|STATEMENT_EXECUTE|[103]
14:58:36.0 (84922848)|VARIABLE_ASSIGNMENT|[EXTERNAL]|this|{"aptdum":"0x31d491a4","Docdum":"0x325dae97","Docmap":"0x5cbe2c2","Initialselected":8,"Selecteddoc":"a260H000001koYjQAI","SelectedtimeSlot":60,"timelist":"0x38c5606e","timeset":"0x34c98dae","timewraplist":"0x49a7ed47","timewraplistInitial":"0x64d63718"}|0x152e55d1
14:58:36.0 (84937055)|HEAP_ALLOCATE|[EXTERNAL]|Bytes:4
14:58:36.0 (84950045)|STATEMENT_EXECUTE|[105]
14:58:36.0 (84951792)|STATEMENT_EXECUTE|[106]
14:58:36.0 (84975744)|VARIABLE_ASSIGNMENT|[EXTERNAL]|this|{"aptdum":"0x31d491a4","Docdum":"0x325dae97","Docmap":"0x5cbe2c2","Initialselected":8,"Selecteddoc":"a260H000001koYjQAI","SelectedtimeSlot":60,"timelist":"0x38c5606e","timeset":"0x34c98dae","timewraplist":"0x49a7ed47","timewraplistInitial":"0x64d63718"}|0x152e55d1
14:58:36.0 (84988361)|HEAP_ALLOCATE|[106]|Bytes:12
14:58:36.0 (84999461)|CONSTRUCTOR_ENTRY|[106]|01p0H000007gCe8|<init>(Boolean,Time)
14:58:36.0 (85005892)|VARIABLE_SCOPE_BEGIN|[201]|this|docappcontroller.Wrapertimeslot|true|false
14:58:36.0 (85019161)|VARIABLE_ASSIGNMENT|[201]|this|{}|0x6d0d57e8
14:58:36.0 (85025338)|VARIABLE_SCOPE_BEGIN|[201]|selection|Boolean|false|false
14:58:36.0 (85032623)|VARIABLE_ASSIGNMENT|[201]|selection|false
14:58:36.0 (85036358)|VARIABLE_SCOPE_BEGIN|[201]|tm|Time|false|false
14:58:36.0 (85044673)|VARIABLE_ASSIGNMENT|[201]|tm|61200000
14:58:36.0 (85049853)|STATEMENT_EXECUTE|[197]
14:58:36.0 (85051481)|STATEMENT_EXECUTE|[198]
14:58:36.0 (85053019)|STATEMENT_EXECUTE|[199]
14:58:36.0 (85062067)|STATEMENT_EXECUTE|[201]
14:58:36.0 (85063621)|STATEMENT_EXECUTE|[202]
14:58:36.0 (85074292)|VARIABLE_ASSIGNMENT|[EXTERNAL]|this|{}|0x6d0d57e8
14:58:36.0 (85082633)|VARIABLE_ASSIGNMENT|[EXTERNAL]|value|false
14:58:36.0 (85087497)|HEAP_ALLOCATE|[198]|Bytes:5
14:58:36.0 (85093773)|VARIABLE_ASSIGNMENT|[198]|this.selected|false|0x6d0d57e8
14:58:36.0 (85100873)|STATEMENT_EXECUTE|[203]
14:58:36.0 (85111984)|VARIABLE_ASSIGNMENT|[EXTERNAL]|this|{"selected":false}|0x6d0d57e8
14:58:36.0 (85120192)|VARIABLE_ASSIGNMENT|[EXTERNAL]|value|61200000
14:58:36.0 (85127433)|VARIABLE_ASSIGNMENT|[199]|this.t|61200000|0x6d0d57e8
14:58:36.0 (85140451)|CONSTRUCTOR_EXIT|[106]|01p0H000007gCe8|<init>(Boolean,Time)
14:58:36.0 (85148804)|HEAP_ALLOCATE|[EXTERNAL]|Bytes:4
14:58:36.0 (85159972)|HEAP_ALLOCATE|[99]|Bytes:28
14:58:36.0 (85163578)|HEAP_ALLOCATE|[99]|Bytes:28
14:58:36.0 (85181479)|STATEMENT_EXECUTE|[99]
14:58:36.0 (85183426)|STATEMENT_EXECUTE|[100]
14:58:36.0 (85191661)|USER_DEBUG|[100]|DEBUG|17:00:00.000Z
14:58:36.0 (85198566)|STATEMENT_EXECUTE|[101]
14:58:36.0 (85207048)|HEAP_ALLOCATE|[101]|Bytes:4
14:58:36.0 (85219844)|VARIABLE_ASSIGNMENT|[101]|t|63000000
14:58:36.0 (85224149)|STATEMENT_EXECUTE|[102]
14:58:36.0 (85229136)|HEAP_ALLOCATE|[102]|Bytes:28
14:58:36.0 (85241077)|HEAP_ALLOCATE|[102]|Bytes:28
14:58:36.0 (85252148)|VARIABLE_ASSIGNMENT|[102]|i1|5.5
14:58:36.0 (85256284)|STATEMENT_EXECUTE|[103]
14:58:36.0 (85285057)|VARIABLE_ASSIGNMENT|[EXTERNAL]|this|{"aptdum":"0x31d491a4","Docdum":"0x325dae97","Docmap":"0x5cbe2c2","Initialselected":8,"Selecteddoc":"a260H000001koYjQAI","SelectedtimeSlot":60,"timelist":"0x38c5606e","timeset":"0x34c98dae","timewraplist":"0x49a7ed47","timewraplistInitial":"0x64d63718"}|0x152e55d1
14:58:36.0 (85299573)|HEAP_ALLOCATE|[EXTERNAL]|Bytes:4
14:58:36.0 (85312109)|STATEMENT_EXECUTE|[105]
14:58:36.0 (85313824)|STATEMENT_EXECUTE|[106]
14:58:36.0 (85337849)|VARIABLE_ASSIGNMENT|[EXTERNAL]|this|{"aptdum":"0x31d491a4","Docdum":"0x325dae97","Docmap":"0x5cbe2c2","Initialselected":8,"Selecteddoc":"a260H000001koYjQAI","SelectedtimeSlot":60,"timelist":"0x38c5606e","timeset":"0x34c98dae","timewraplist":"0x49a7ed47","timewraplistInitial":"0x64d63718"}|0x152e55d1
14:58:36.0 (85350107)|HEAP_ALLOCATE|[106]|Bytes:12
14:58:36.0 (85360997)|CONSTRUCTOR_ENTRY|[106]|01p0H000007gCe8|<init>(Boolean,Time)
14:58:36.0 (85366819)|VARIABLE_SCOPE_BEGIN|[201]|this|docappcontroller.Wrapertimeslot|true|false
14:58:36.0 (85380031)|VARIABLE_ASSIGNMENT|[201]|this|{}|0x385e9bea
14:58:36.0 (85386776)|VARIABLE_SCOPE_BEGIN|[201]|selection|Boolean|false|false
14:58:36.0 (85394774)|VARIABLE_ASSIGNMENT|[201]|selection|false
14:58:36.0 (85398604)|VARIABLE_SCOPE_BEGIN|[201]|tm|Time|false|false
14:58:36.0 (85405903)|VARIABLE_ASSIGNMENT|[201]|tm|63000000
14:58:36.0 (85410292)|STATEMENT_EXECUTE|[197]
14:58:36.0 (85411880)|STATEMENT_EXECUTE|[198]
14:58:36.0 (85413787)|STATEMENT_EXECUTE|[199]
14:58:36.0 (85422854)|STATEMENT_EXECUTE|[201]
14:58:36.0 (85424476)|STATEMENT_EXECUTE|[202]
14:58:36.0 (85435241)|VARIABLE_ASSIGNMENT|[EXTERNAL]|this|{}|0x385e9bea
14:58:36.0 (85443999)|VARIABLE_ASSIGNMENT|[EXTERNAL]|value|false
14:58:36.0 (85449449)|HEAP_ALLOCATE|[198]|Bytes:5
14:58:36.0 (85455712)|VARIABLE_ASSIGNMENT|[198]|this.selected|false|0x385e9bea
14:58:36.0 (85462837)|STATEMENT_EXECUTE|[203]
14:58:36.0 (85473994)|VARIABLE_ASSIGNMENT|[EXTERNAL]|this|{"selected":false}|0x385e9bea
14:58:36.0 (85486221)|VARIABLE_ASSIGNMENT|[EXTERNAL]|value|63000000
14:58:36.0 (85493758)|VARIABLE_ASSIGNMENT|[199]|this.t|63000000|0x385e9bea
14:58:36.0 (85507293)|CONSTRUCTOR_EXIT|[106]|01p0H000007gCe8|<init>(Boolean,Time)
14:58:36.0 (85516455)|HEAP_ALLOCATE|[EXTERNAL]|Bytes:4
14:58:36.0 (85532827)|HEAP_ALLOCATE|[99]|Bytes:28
14:58:36.0 (85536543)|HEAP_ALLOCATE|[99]|Bytes:28
14:58:36.0 (85554570)|STATEMENT_EXECUTE|[99]
14:58:36.0 (85556469)|STATEMENT_EXECUTE|[100]
14:58:36.0 (85564866)|USER_DEBUG|[100]|DEBUG|17:30:00.000Z
14:58:36.0 (85571655)|STATEMENT_EXECUTE|[101]
14:58:36.0 (85580319)|HEAP_ALLOCATE|[101]|Bytes:4
14:58:36.0 (85593195)|VARIABLE_ASSIGNMENT|[101]|t|64800000
14:58:36.0 (85597911)|STATEMENT_EXECUTE|[102]
14:58:36.0 (85603160)|HEAP_ALLOCATE|[102]|Bytes:28
14:58:36.0 (85615214)|HEAP_ALLOCATE|[102]|Bytes:28
14:58:36.0 (85625915)|VARIABLE_ASSIGNMENT|[102]|i1|6.0
14:58:36.0 (85629802)|STATEMENT_EXECUTE|[103]
14:58:36.0 (85659495)|VARIABLE_ASSIGNMENT|[EXTERNAL]|this|{"aptdum":"0x31d491a4","Docdum":"0x325dae97","Docmap":"0x5cbe2c2","Initialselected":8,"Selecteddoc":"a260H000001koYjQAI","SelectedtimeSlot":60,"timelist":"0x38c5606e","timeset":"0x34c98dae","timewraplist":"0x49a7ed47","timewraplistInitial":"0x64d63718"}|0x152e55d1
14:58:36.0 (85673247)|HEAP_ALLOCATE|[EXTERNAL]|Bytes:4
14:58:36.0 (85686180)|STATEMENT_EXECUTE|[105]
14:58:36.0 (85687909)|STATEMENT_EXECUTE|[106]
14:58:36.0 (85711812)|VARIABLE_ASSIGNMENT|[EXTERNAL]|this|{"aptdum":"0x31d491a4","Docdum":"0x325dae97","Docmap":"0x5cbe2c2","Initialselected":8,"Selecteddoc":"a260H000001koYjQAI","SelectedtimeSlot":60,"timelist":"0x38c5606e","timeset":"0x34c98dae","timewraplist":"0x49a7ed47","timewraplistInitial":"0x64d63718"}|0x152e55d1
14:58:36.0 (85723986)|HEAP_ALLOCATE|[106]|Bytes:12
14:58:36.0 (85734581)|CONSTRUCTOR_ENTRY|[106]|01p0H000007gCe8|<init>(Boolean,Time)
14:58:36.0 (85740465)|VARIABLE_SCOPE_BEGIN|[201]|this|docappcontroller.Wrapertimeslot|true|false
14:58:36.0 (85753201)|VARIABLE_ASSIGNMENT|[201]|this|{}|0x1405977b
14:58:36.0 (85759522)|VARIABLE_SCOPE_BEGIN|[201]|selection|Boolean|false|false
14:58:36.0 (85766769)|VARIABLE_ASSIGNMENT|[201]|selection|false
14:58:36.0 (85770551)|VARIABLE_SCOPE_BEGIN|[201]|tm|Time|false|false
14:58:36.0 (85778489)|VARIABLE_ASSIGNMENT|[201]|tm|64800000
14:58:36.0 (85782850)|STATEMENT_EXECUTE|[197]
14:58:36.0 (85784400)|STATEMENT_EXECUTE|[198]
14:58:36.0 (85785981)|STATEMENT_EXECUTE|[199]
14:58:36.0 (85794728)|STATEMENT_EXECUTE|[201]
14:58:36.0 (85796336)|STATEMENT_EXECUTE|[202]
14:58:36.0 (85806666)|VARIABLE_ASSIGNMENT|[EXTERNAL]|this|{}|0x1405977b
14:58:36.0 (85815164)|VARIABLE_ASSIGNMENT|[EXTERNAL]|value|false
14:58:36.0 (85820207)|HEAP_ALLOCATE|[198]|Bytes:5
14:58:36.0 (85826215)|VARIABLE_ASSIGNMENT|[198]|this.selected|false|0x1405977b
14:58:36.0 (85832985)|STATEMENT_EXECUTE|[203]
14:58:36.0 (85844388)|VARIABLE_ASSIGNMENT|[EXTERNAL]|this|{"selected":false}|0x1405977b
14:58:36.0 (85852497)|VARIABLE_ASSIGNMENT|[EXTERNAL]|value|64800000
14:58:36.0 (85859206)|VARIABLE_ASSIGNMENT|[199]|this.t|64800000|0x1405977b
14:58:36.0 (85874438)|CONSTRUCTOR_EXIT|[106]|01p0H000007gCe8|<init>(Boolean,Time)
14:58:36.0 (85884905)|HEAP_ALLOCATE|[EXTERNAL]|Bytes:4
14:58:36.0 (85896095)|HEAP_ALLOCATE|[99]|Bytes:28
14:58:36.0 (85899816)|HEAP_ALLOCATE|[99]|Bytes:28
14:58:36.0 (85917623)|STATEMENT_EXECUTE|[99]
14:58:36.0 (85919525)|STATEMENT_EXECUTE|[100]
14:58:36.0 (85927862)|USER_DEBUG|[100]|DEBUG|18:00:00.000Z
14:58:36.0 (85935927)|STATEMENT_EXECUTE|[101]
14:58:36.0 (85944285)|HEAP_ALLOCATE|[101]|Bytes:4
14:58:36.0 (85958189)|VARIABLE_ASSIGNMENT|[101]|t|66600000
14:58:36.0 (85963094)|STATEMENT_EXECUTE|[102]
14:58:36.0 (85968022)|HEAP_ALLOCATE|[102]|Bytes:28
14:58:36.0 (85980155)|HEAP_ALLOCATE|[102]|Bytes:28
14:58:36.0 (85990786)|VARIABLE_ASSIGNMENT|[102]|i1|6.5
14:58:36.0 (85995112)|STATEMENT_EXECUTE|[103]
14:58:36.0 (86023945)|VARIABLE_ASSIGNMENT|[EXTERNAL]|this|{"aptdum":"0x31d491a4","Docdum":"0x325dae97","Docmap":"0x5cbe2c2","Initialselected":8,"Selecteddoc":"a260H000001koYjQAI","SelectedtimeSlot":60,"timelist":"0x38c5606e","timeset":"0x34c98dae","timewraplist":"0x49a7ed47","timewraplistInitial":"0x64d63718"}|0x152e55d1
14:58:36.0 (86039249)|HEAP_ALLOCATE|[EXTERNAL]|Bytes:4
14:58:36.0 (86052101)|STATEMENT_EXECUTE|[105]
14:58:36.0 (86053891)|STATEMENT_EXECUTE|[106]
14:58:36.0 (86077851)|VARIABLE_ASSIGNMENT|[EXTERNAL]|this|{"aptdum":"0x31d491a4","Docdum":"0x325dae97","Docmap":"0x5cbe2c2","Initialselected":8,"Selecteddoc":"a260H000001koYjQAI","SelectedtimeSlot":60,"timelist":"0x38c5606e","timeset":"0x34c98dae","timewraplist":"0x49a7ed47","timewraplistInitial":"0x64d63718"}|0x152e55d1
14:58:36.0 (86089754)|HEAP_ALLOCATE|[106]|Bytes:12
14:58:36.0 (86100065)|CONSTRUCTOR_ENTRY|[106]|01p0H000007gCe8|<init>(Boolean,Time)
14:58:36.0 (86106352)|VARIABLE_SCOPE_BEGIN|[201]|this|docappcontroller.Wrapertimeslot|true|false
14:58:36.0 (86118967)|VARIABLE_ASSIGNMENT|[201]|this|{}|0x1efbb772
14:58:36.0 (86125399)|VARIABLE_SCOPE_BEGIN|[201]|selection|Boolean|false|false
14:58:36.0 (86132273)|VARIABLE_ASSIGNMENT|[201]|selection|false
14:58:36.0 (86136272)|VARIABLE_SCOPE_BEGIN|[201]|tm|Time|false|false
14:58:36.0 (86143670)|VARIABLE_ASSIGNMENT|[201]|tm|66600000
14:58:36.0 (86147971)|STATEMENT_EXECUTE|[197]
14:58:36.0 (86149507)|STATEMENT_EXECUTE|[198]
14:58:36.0 (86151051)|STATEMENT_EXECUTE|[199]
14:58:36.0 (86160035)|STATEMENT_EXECUTE|[201]
14:58:36.0 (86161644)|STATEMENT_EXECUTE|[202]
14:58:36.0 (86172381)|VARIABLE_ASSIGNMENT|[EXTERNAL]|this|{}|0x1efbb772
14:58:36.0 (86180527)|VARIABLE_ASSIGNMENT|[EXTERNAL]|value|false
14:58:36.0 (86185466)|HEAP_ALLOCATE|[198]|Bytes:5
14:58:36.0 (86191528)|VARIABLE_ASSIGNMENT|[198]|this.selected|false|0x1efbb772
14:58:36.0 (86198566)|STATEMENT_EXECUTE|[203]
14:58:36.0 (86209588)|VARIABLE_ASSIGNMENT|[EXTERNAL]|this|{"selected":false}|0x1efbb772
14:58:36.0 (86218047)|VARIABLE_ASSIGNMENT|[EXTERNAL]|value|66600000
14:58:36.0 (86224908)|VARIABLE_ASSIGNMENT|[199]|this.t|66600000|0x1efbb772
14:58:36.0 (86238877)|CONSTRUCTOR_EXIT|[106]|01p0H000007gCe8|<init>(Boolean,Time)
14:58:36.0 (86248228)|HEAP_ALLOCATE|[EXTERNAL]|Bytes:4
14:58:36.0 (86263420)|HEAP_ALLOCATE|[99]|Bytes:28
14:58:36.0 (86268285)|HEAP_ALLOCATE|[99]|Bytes:28
14:58:36.0 (86286096)|STATEMENT_EXECUTE|[99]
14:58:36.0 (86287877)|STATEMENT_EXECUTE|[100]
14:58:36.0 (86296004)|USER_DEBUG|[100]|DEBUG|18:30:00.000Z
14:58:36.0 (86302705)|STATEMENT_EXECUTE|[101]
14:58:36.0 (86310862)|HEAP_ALLOCATE|[101]|Bytes:4
14:58:36.0 (86323704)|VARIABLE_ASSIGNMENT|[101]|t|68400000
14:58:36.0 (86327843)|STATEMENT_EXECUTE|[102]
14:58:36.0 (86332585)|HEAP_ALLOCATE|[102]|Bytes:28
14:58:36.0 (86344605)|HEAP_ALLOCATE|[102]|Bytes:28
14:58:36.0 (86355288)|VARIABLE_ASSIGNMENT|[102]|i1|7.0
14:58:36.0 (86359059)|STATEMENT_EXECUTE|[103]
14:58:36.0 (86387912)|VARIABLE_ASSIGNMENT|[EXTERNAL]|this|{"aptdum":"0x31d491a4","Docdum":"0x325dae97","Docmap":"0x5cbe2c2","Initialselected":8,"Selecteddoc":"a260H000001koYjQAI","SelectedtimeSlot":60,"timelist":"0x38c5606e","timeset":"0x34c98dae","timewraplist":"0x49a7ed47","timewraplistInitial":"0x64d63718"}|0x152e55d1
14:58:36.0 (86402872)|HEAP_ALLOCATE|[EXTERNAL]|Bytes:4
14:58:36.0 (86416858)|STATEMENT_EXECUTE|[107]
14:58:36.0 (86418626)|STATEMENT_EXECUTE|[108]
14:58:36.0 (86442602)|VARIABLE_ASSIGNMENT|[EXTERNAL]|this|{"aptdum":"0x31d491a4","Docdum":"0x325dae97","Docmap":"0x5cbe2c2","Initialselected":8,"Selecteddoc":"a260H000001koYjQAI","SelectedtimeSlot":60,"timelist":"0x38c5606e","timeset":"0x34c98dae","timewraplist":"0x49a7ed47","timewraplistInitial":"0x64d63718"}|0x152e55d1
14:58:36.0 (86454930)|HEAP_ALLOCATE|[108]|Bytes:12
14:58:36.0 (86465591)|CONSTRUCTOR_ENTRY|[108]|01p0H000007gCe8|<init>(Boolean,Time)
14:58:36.0 (86471920)|VARIABLE_SCOPE_BEGIN|[201]|this|docappcontroller.Wrapertimeslot|true|false
14:58:36.0 (86484857)|VARIABLE_ASSIGNMENT|[201]|this|{}|0x6fff1c93
14:58:36.0 (86491379)|VARIABLE_SCOPE_BEGIN|[201]|selection|Boolean|false|false
14:58:36.0 (86498911)|VARIABLE_ASSIGNMENT|[201]|selection|true
14:58:36.0 (86502908)|VARIABLE_SCOPE_BEGIN|[201]|tm|Time|false|false
14:58:36.0 (86511124)|VARIABLE_ASSIGNMENT|[201]|tm|68400000
14:58:36.0 (86515342)|STATEMENT_EXECUTE|[197]
14:58:36.0 (86516872)|STATEMENT_EXECUTE|[198]
14:58:36.0 (86518432)|STATEMENT_EXECUTE|[199]
14:58:36.0 (86532496)|STATEMENT_EXECUTE|[201]
14:58:36.0 (86534212)|STATEMENT_EXECUTE|[202]
14:58:36.0 (86545303)|VARIABLE_ASSIGNMENT|[EXTERNAL]|this|{}|0x6fff1c93
14:58:36.0 (86554680)|VARIABLE_ASSIGNMENT|[EXTERNAL]|value|true
14:58:36.0 (86559504)|HEAP_ALLOCATE|[198]|Bytes:5
14:58:36.0 (86565948)|VARIABLE_ASSIGNMENT|[198]|this.selected|true|0x6fff1c93
14:58:36.0 (86572966)|STATEMENT_EXECUTE|[203]
14:58:36.0 (86583917)|VARIABLE_ASSIGNMENT|[EXTERNAL]|this|{"selected":true}|0x6fff1c93
14:58:36.0 (86592870)|VARIABLE_ASSIGNMENT|[EXTERNAL]|value|68400000
14:58:36.0 (86600174)|VARIABLE_ASSIGNMENT|[199]|this.t|68400000|0x6fff1c93
14:58:36.0 (86613585)|CONSTRUCTOR_EXIT|[108]|01p0H000007gCe8|<init>(Boolean,Time)
14:58:36.0 (86622369)|HEAP_ALLOCATE|[EXTERNAL]|Bytes:4
14:58:36.0 (86628560)|STATEMENT_EXECUTE|[109]
14:58:36.0 (86632432)|HEAP_ALLOCATE|[109]|Bytes:4
14:58:36.0 (86639234)|VARIABLE_ASSIGNMENT|[109]|this.Initialselected|9|0x152e55d1
14:58:36.0 (86650147)|HEAP_ALLOCATE|[99]|Bytes:28
14:58:36.0 (86653725)|HEAP_ALLOCATE|[99]|Bytes:28
14:58:36.0 (86677231)|HEAP_ALLOCATE|[115]|Bytes:28
14:58:36.0 (86682045)|HEAP_ALLOCATE|[115]|Bytes:28
14:58:36.0 (86687811)|HEAP_ALLOCATE|[115]|Bytes:28
14:58:36.0 (86713564)|HEAP_ALLOCATE|[115]|Bytes:28
14:58:36.0 (86735261)|STATEMENT_EXECUTE|[115]
14:58:36.0 (86737585)|STATEMENT_EXECUTE|[121]
14:58:36.0 (86776153)|VARIABLE_ASSIGNMENT|[EXTERNAL]|this|{"aptdum":"0x31d491a4","Docdum":"0x325dae97","Docmap":"0x5cbe2c2","Initialselected":9,"Selecteddoc":"a260H000001koYjQAI","SelectedtimeSlot":60,"timelist":"0x38c5606e","timeset":"0x34c98dae","timewraplist":"0x49a7ed47","timewraplistInitial":"0x64d63718"}|0x152e55d1
14:58:36.0 (86797347)|VARIABLE_ASSIGNMENT|[121]|this.timewraplistInitial|"List of size 15 too large to display"|0x152e55d1
14:58:36.0 (86803133)|STATEMENT_EXECUTE|[123]
14:58:36.0 (86807904)|METHOD_EXIT|[45]|01p0H000007gCe8|docappcontroller.fetchslots()
14:58:36.0 (86813802)|STATEMENT_EXECUTE|[46]
14:58:36.0 (86817597)|HEAP_ALLOCATE|[46]|Bytes:20
14:58:36.0 (86833318)|METHOD_ENTRY|[46]|01p0H000007gCe8|docappcontroller.ShowError(String)
14:58:36.0 (86850957)|VARIABLE_SCOPE_BEGIN|[191]|this|docappcontroller|true|false
14:58:36.0 (86880614)|VARIABLE_ASSIGNMENT|[191]|this|{"aptdum":"0x31d491a4","Docdum":"0x325dae97","Docmap":"0x5cbe2c2","Initialselected":9,"Selecteddoc":"a260H000001koYjQAI","SelectedtimeSlot":60,"timelist":"0x38c5606e","timeset":"0x34c98dae","timewraplist":"0x49a7ed47","timewraplistInitial":"0x49a7ed47"}|0x152e55d1
14:58:36.0 (86890029)|VARIABLE_SCOPE_BEGIN|[191]|ErrorMsg|String|false|false
14:58:36.0 (86897938)|VARIABLE_ASSIGNMENT|[191]|ErrorMsg|"Select only one time"
14:58:36.0 (86904293)|STATEMENT_EXECUTE|[191]
14:58:36.0 (86906337)|STATEMENT_EXECUTE|[193]
14:58:36.0 (86953641)|VARIABLE_SCOPE_BEGIN|[193]|m|ApexPages.Message|true|false
14:58:36.0 (87118384)|VARIABLE_ASSIGNMENT|[193]|m|"core.apexpages.framework.ApexPagesMessage@c18c8461"|0x60e13fa2
14:58:36.0 (87130876)|STATEMENT_EXECUTE|[194]
14:58:36.0 (87317994)|VF_PAGE_MESSAGE|Select only one time
14:58:36.0 (87331014)|METHOD_EXIT|[46]|01p0H000007gCe8|docappcontroller.ShowError(String)
14:58:36.0 (87336735)|STATEMENT_EXECUTE|[51]
14:58:36.91 (91089367)|SYSTEM_MODE_ENTER|true
14:58:36.91 (91163374)|HEAP_ALLOCATE|[EXTERNAL]|Bytes:8
14:58:36.91 (91175216)|VARIABLE_SCOPE_BEGIN|[88]|this|ApexPage.PageMessagesComponentController|true|false
14:58:36.91 (91202236)|VARIABLE_ASSIGNMENT|[88]|this|{}|0x3cb952c9
14:58:36.91 (91209150)|VARIABLE_SCOPE_BEGIN|[88]|escape|Boolean|false|false
14:58:36.91 (91216945)|VARIABLE_ASSIGNMENT|[88]|escape|null
14:58:36.91 (91320295)|SYSTEM_MODE_ENTER|true
14:58:36.91 (91355108)|HEAP_ALLOCATE|[EXTERNAL]|Bytes:8
14:58:36.91 (91363248)|VARIABLE_SCOPE_BEGIN|[2]|this|ApexPage.PageMessagesComponentController|true|false
14:58:36.91 (91382884)|VARIABLE_ASSIGNMENT|[2]|this|{}|0x3cb952c9
14:58:36.92 (92365803)|SYSTEM_MODE_ENTER|true
14:58:36.92 (92404611)|HEAP_ALLOCATE|[EXTERNAL]|Bytes:8
14:58:36.92 (92415252)|VARIABLE_SCOPE_BEGIN|[84]|this|ApexPage.PageMessagesComponentController|true|false
14:58:36.92 (92437614)|VARIABLE_ASSIGNMENT|[84]|this|{}|0x3cb952c9
14:58:36.92 (92513260)|SYSTEM_MODE_ENTER|true
14:58:36.92 (92568852)|HEAP_ALLOCATE|[EXTERNAL]|Bytes:120
14:58:36.92 (92577432)|HEAP_ALLOCATE|[EXTERNAL]|Bytes:10
14:58:36.92 (92589313)|SYSTEM_METHOD_ENTRY|[1]|pagemessagecomponentcontroller.pagemessagecomponentcontroller()
14:58:36.92 (92594592)|STATEMENT_EXECUTE|[1]
14:58:36.92 (92753205)|SYSTEM_MODE_ENTER|true
14:58:36.92 (92780860)|HEAP_ALLOCATE|[EXTERNAL]|Bytes:5
14:58:36.92 (92785748)|HEAP_ALLOCATE|[EXTERNAL]|Bytes:16
14:58:36.92 (92797973)|VARIABLE_ASSIGNMENT|[EXTERNAL]|this.conSeverity|"ERROR"|0xb7975f3
14:58:36.92 (92855623)|SYSTEM_MODE_ENTER|true
14:58:36.92 (92872103)|HEAP_ALLOCATE|[EXTERNAL]|Bytes:8
14:58:36.92 (92876256)|HEAP_ALLOCATE|[EXTERNAL]|Bytes:16
14:58:36.92 (92886382)|VARIABLE_ASSIGNMENT|[EXTERNAL]|this.conStrength|2|0xb7975f3
14:58:36.93 (93029335)|HEAP_ALLOCATE|[EXTERNAL]|Bytes:28
14:58:36.93 (93063267)|VARIABLE_ASSIGNMENT|[EXTERNAL]|this|{"messages":"0x6804cd6c","severity":"ERROR"}|0x588c799e
14:58:36.0 (93215554)|SYSTEM_MODE_ENTER|true
14:58:36.0 (93692899)|SYSTEM_MODE_ENTER|true
14:58:36.0 (94010632)|SYSTEM_MODE_ENTER|true
14:58:36.0 (94070532)|SYSTEM_MODE_ENTER|true
14:58:36.95 (95607837)|SYSTEM_MODE_ENTER|true
14:58:36.95 (95660137)|HEAP_ALLOCATE|[EXTERNAL]|Bytes:8
14:58:36.95 (95669546)|VARIABLE_SCOPE_BEGIN|[88]|this|ApexPage.PageMessagesComponentController|true|false
14:58:36.95 (95692876)|VARIABLE_ASSIGNMENT|[88]|this|{}|0x3cb952c9
14:58:36.95 (95699493)|VARIABLE_SCOPE_BEGIN|[88]|escape|Boolean|false|false
14:58:36.95 (95707244)|VARIABLE_ASSIGNMENT|[88]|escape|null
14:58:36.95 (95827520)|SYSTEM_MODE_ENTER|true
14:58:36.95 (95860193)|HEAP_ALLOCATE|[EXTERNAL]|Bytes:8
14:58:36.95 (95867349)|VARIABLE_SCOPE_BEGIN|[2]|this|ApexPage.PageMessagesComponentController|true|false
14:58:36.95 (95886052)|VARIABLE_ASSIGNMENT|[2]|this|{}|0x3cb952c9
14:58:36.96 (96515906)|SYSTEM_MODE_ENTER|true
14:58:36.96 (96560838)|HEAP_ALLOCATE|[EXTERNAL]|Bytes:8
14:58:36.96 (96569107)|VARIABLE_SCOPE_BEGIN|[84]|this|ApexPage.PageMessagesComponentController|true|false
14:58:36.96 (96589625)|VARIABLE_ASSIGNMENT|[84]|this|{}|0x3cb952c9
14:58:36.96 (96659756)|SYSTEM_MODE_ENTER|true
14:58:36.96 (96698317)|HEAP_ALLOCATE|[EXTERNAL]|Bytes:16
14:58:36.96 (96704857)|HEAP_ALLOCATE|[EXTERNAL]|Bytes:5
14:58:36.96 (96710712)|VARIABLE_SCOPE_BEGIN|[9]|this|ApexPage.pagemessagecomponentcontroller|true|false
14:58:36.96 (96737140)|VARIABLE_ASSIGNMENT|[9]|this|{"conSeverity":"ERROR","conStrength":2,"escape":true}|0xb7975f3
14:58:36.96 (96743583)|VARIABLE_SCOPE_BEGIN|[9]|escape|Boolean|false|false
14:58:36.96 (96750884)|VARIABLE_ASSIGNMENT|[9]|escape|true
14:58:36.96 (96856072)|SYSTEM_MODE_ENTER|true
14:58:36.96 (96876915)|HEAP_ALLOCATE|[EXTERNAL]|Bytes:5
14:58:36.96 (96881339)|HEAP_ALLOCATE|[EXTERNAL]|Bytes:16
14:58:36.96 (96892664)|VARIABLE_ASSIGNMENT|[EXTERNAL]|this.conSeverity|"ERROR"|0xb7975f3
14:58:36.96 (96937991)|SYSTEM_MODE_ENTER|true
14:58:36.96 (96952896)|HEAP_ALLOCATE|[EXTERNAL]|Bytes:8
14:58:36.96 (96956611)|HEAP_ALLOCATE|[EXTERNAL]|Bytes:16
14:58:36.96 (96965937)|VARIABLE_ASSIGNMENT|[EXTERNAL]|this.conStrength|2|0xb7975f3
14:58:36.97 (97119429)|SYSTEM_MODE_ENTER|true
14:58:36.97 (97151691)|HEAP_ALLOCATE|[EXTERNAL]|Bytes:16
14:58:36.97 (97159196)|VARIABLE_SCOPE_BEGIN|[13]|this|ApexPage.pagemessagecomponentcontroller|true|false
14:58:36.97 (97184065)|VARIABLE_ASSIGNMENT|[13]|this|{"conSeverity":"ERROR","conStrength":2,"escape":true}|0xb7975f3
14:58:36.97 (97729466)|HEAP_ALLOCATE|[EXTERNAL]|Bytes:28
14:58:36.97 (97741543)|VARIABLE_SCOPE_BEGIN|[38]|this|ApexPage.PageMessagesComponentController.severityMessages|true|false
14:58:36.97 (97771878)|VARIABLE_ASSIGNMENT|[38]|this|{"messages":"0x61af144a","severity":"ERROR"}|0x580a0e34
14:58:36.97 (97991456)|SYSTEM_MODE_ENTER|true
14:58:36.97 (98025225)|HEAP_ALLOCATE|[EXTERNAL]|Bytes:16
14:58:36.97 (98033004)|VARIABLE_SCOPE_BEGIN|[5]|this|ApexPage.pagemessagecomponentcontroller|true|false
14:58:36.97 (98058868)|VARIABLE_ASSIGNMENT|[5]|this|{"conSeverity":"ERROR","conStrength":2,"escape":true}|0xb7975f3
14:58:36.98 (98189253)|HEAP_ALLOCATE|[EXTERNAL]|Bytes:28
14:58:36.98 (98217909)|VARIABLE_ASSIGNMENT|[EXTERNAL]|this|{"messages":"0x61af144a","severity":"ERROR"}|0x580a0e34
14:58:36.98 (98317648)|HEAP_ALLOCATE|[EXTERNAL]|Bytes:28
14:58:36.98 (98346929)|VARIABLE_ASSIGNMENT|[EXTERNAL]|this|{"messages":"0x61af144a","severity":"ERROR"}|0x580a0e34
14:58:36.0 (100273909)|SYSTEM_MODE_ENTER|true
14:58:36.0 (100317203)|HEAP_ALLOCATE|[EXTERNAL]|Bytes:48
14:58:36.0 (100326070)|VARIABLE_SCOPE_BEGIN|[156]|this|docappcontroller|true|false
14:58:36.0 (100368218)|VARIABLE_ASSIGNMENT|[156]|this|{"aptdum":"0x31d491a4","Docdum":"0x325dae97","Docmap":"0x5cbe2c2","Initialselected":9,"Selecteddoc":"a260H000001koYjQAI","SelectedtimeSlot":60,"timelist":"0x38c5606e","timeset":"0x34c98dae","timewraplist":"0x49a7ed47","timewraplistInitial":"0x49a7ed47"}|0x152e55d1
14:58:36.0 (100380430)|STATEMENT_EXECUTE|[156]
14:58:36.0 (100382724)|STATEMENT_EXECUTE|[158]
14:58:36.0 (100395109)|HEAP_ALLOCATE|[158]|Bytes:4
14:58:36.0 (100411850)|VARIABLE_SCOPE_BEGIN|[158]|options|List<System.SelectOption>|true|false
14:58:36.0 (100434646)|HEAP_ALLOCATE|[EXTERNAL]|Bytes:4
14:58:36.0 (100444406)|VARIABLE_ASSIGNMENT|[158]|options|[]|0x69dcdde5
14:58:36.0 (100450222)|STATEMENT_EXECUTE|[159]
14:58:36.0 (100467339)|HEAP_ALLOCATE|[EXTERNAL]|Bytes:4
14:58:36.0 (100505989)|VARIABLE_ASSIGNMENT|[EXTERNAL]|this|{"aptdum":"0x31d491a4","Docdum":"0x325dae97","Docmap":"0x5cbe2c2","Initialselected":9,"Selecteddoc":"a260H000001koYjQAI","SelectedtimeSlot":60,"timelist":"0x38c5606e","timeset":"0x34c98dae","timewraplist":"0x49a7ed47","timewraplistInitial":"0x49a7ed47"}|0x152e55d1
14:58:36.0 (100519141)|STATEMENT_EXECUTE|[160]
14:58:36.0 (100550526)|VARIABLE_ASSIGNMENT|[EXTERNAL]|this|{"aptdum":"0x31d491a4","Docdum":"0x325dae97","Docmap":"0x5cbe2c2","Initialselected":9,"Selecteddoc":"a260H000001koYjQAI","SelectedtimeSlot":60,"timelist":"0x38c5606e","timeset":"0x34c98dae","timewraplist":"0x49a7ed47","timewraplistInitial":"0x49a7ed47"}|0x152e55d1
14:58:36.0 (100573560)|HEAP_ALLOCATE|[EXTERNAL]|Bytes:12
14:58:36.0 (100591629)|HEAP_ALLOCATE|[161]|Bytes:237
14:58:36.0 (100613584)|HEAP_ALLOCATE|[161]|Bytes:5
14:58:36.0 (100627767)|HEAP_ALLOCATE|[161]|Bytes:24
14:58:36.0 (100636575)|VARIABLE_SCOPE_BEGIN|[161]|doc|Doctor__c|true|false
14:58:36.0 (100657222)|VARIABLE_ASSIGNMENT|[161]|doc|{"Id":"a260H000001koYjQAI","Name":"doc 2","End_Time__c":68400000,"Speciality__c":"General Surgery","Start_Time__c":43200000}|0x45d8f220
14:58:36.0 (100663851)|STATEMENT_EXECUTE|[161]
14:58:36.0 (100665863)|STATEMENT_EXECUTE|[162]
14:58:36.0 (100682544)|HEAP_ALLOCATE|[162]|Bytes:18
14:58:36.0 (100697446)|HEAP_ALLOCATE|[EXTERNAL]|Bytes:4
14:58:36.0 (100708271)|HEAP_ALLOCATE|[161]|Bytes:5
14:58:36.0 (100717417)|HEAP_ALLOCATE|[161]|Bytes:24
14:58:36.0 (100723504)|VARIABLE_SCOPE_BEGIN|[161]|doc|Doctor__c|true|false
14:58:36.0 (100737541)|VARIABLE_ASSIGNMENT|[161]|doc|{"Id":"a260H000001koYeQAI","Name":"Doc1","End_Time__c":64800000,"Speciality__c":"General Surgery","Start_Time__c":32400000}|0x1a37309
14:58:36.0 (100743298)|STATEMENT_EXECUTE|[161]
14:58:36.0 (100744823)|STATEMENT_EXECUTE|[162]
14:58:36.0 (100750644)|HEAP_ALLOCATE|[162]|Bytes:18
14:58:36.0 (100760214)|HEAP_ALLOCATE|[EXTERNAL]|Bytes:4
14:58:36.0 (100769681)|HEAP_ALLOCATE|[161]|Bytes:5
14:58:36.0 (100781013)|VARIABLE_ASSIGNMENT|[161]|doc|null|
14:58:36.0 (100786783)|STATEMENT_EXECUTE|[168]
14:58:36.0 (100965050)|SYSTEM_MODE_ENTER|true
14:58:36.0 (104286913)|SYSTEM_MODE_ENTER|true
14:58:36.0 (104328741)|HEAP_ALLOCATE|[EXTERNAL]|Bytes:48
14:58:36.0 (104337991)|VARIABLE_SCOPE_BEGIN|[173]|this|docappcontroller|true|false
14:58:36.0 (104379024)|VARIABLE_ASSIGNMENT|[173]|this|{"aptdum":"0x31d491a4","Docdum":"0x325dae97","Docmap":"0x5cbe2c2","Initialselected":9,"Selecteddoc":"a260H000001koYjQAI","SelectedtimeSlot":60,"timelist":"0x38c5606e","timeset":"0x34c98dae","timewraplist":"0x49a7ed47","timewraplistInitial":"0x49a7ed47"}|0x152e55d1
14:58:36.0 (104393389)|STATEMENT_EXECUTE|[173]
14:58:36.0 (104395656)|STATEMENT_EXECUTE|[175]
14:58:36.0 (104406004)|HEAP_ALLOCATE|[175]|Bytes:4
14:58:36.0 (104421598)|VARIABLE_SCOPE_BEGIN|[175]|options|List<System.SelectOption>|true|false
14:58:36.0 (104443633)|HEAP_ALLOCATE|[EXTERNAL]|Bytes:4
14:58:36.0 (104453083)|VARIABLE_ASSIGNMENT|[175]|options|[]|0xf10ca34
14:58:36.0 (104458483)|STATEMENT_EXECUTE|[176]
14:58:36.0 (104476174)|HEAP_ALLOCATE|[EXTERNAL]|Bytes:4
14:58:36.0 (104486061)|STATEMENT_EXECUTE|[179]
14:58:36.0 (104495463)|HEAP_ALLOCATE|[EXTERNAL]|Bytes:4
14:58:36.0 (104503034)|STATEMENT_EXECUTE|[180]
14:58:36.0 (104509624)|HEAP_ALLOCATE|[EXTERNAL]|Bytes:4
14:58:36.0 (104514297)|STATEMENT_EXECUTE|[185]
14:58:36.0 (104639771)|SYSTEM_MODE_ENTER|true
14:58:36.0 (106223299)|VF_SERIALIZE_VIEWSTATE_BEGIN|0660H000004OdRk
14:58:36.0 (125541894)|VF_SERIALIZE_VIEWSTATE_END
14:58:36.0 (142533625)|CODE_UNIT_STARTED|[EXTERNAL]|Generate Metadata
14:58:36.0 (144992750)|CODE_UNIT_FINISHED|Generate Metadata
14:58:36.147 (147847082)|CUMULATIVE_LIMIT_USAGE
14:58:36.147 (147847082)|LIMIT_USAGE_FOR_NS|(default)|
  Number of SOQL queries: 1 out of 100
  Number of query rows: 2 out of 50000
  Number of SOSL queries: 0 out of 20
  Number of DML statements: 0 out of 150
  Number of DML rows: 0 out of 10000
  Maximum CPU time: 0 out of 10000
  Maximum heap size: 0 out of 6000000
  Number of callouts: 0 out of 100
  Number of Email Invocations: 0 out of 10
  Number of future calls: 0 out of 50
  Number of queueable jobs added to the queue: 0 out of 50
  Number of Mobile Apex push calls: 0 out of 10

14:58:36.147 (147847082)|CUMULATIVE_LIMIT_USAGE_END

14:58:36.0 (147901481)|CODE_UNIT_FINISHED|VF: /apex/docapp
14:58:36.0 (148701188)|EXECUTION_FINISHED
