42.0 APEX_CODE,FINEST;APEX_PROFILING,INFO;CALLOUT,INFO;DB,INFO;SYSTEM,DEBUG;VALIDATION,INFO;VISUALFORCE,INFO;WAVE,INFO;WORKFLOW,INFO
14:58:51.0 (290937)|USER_INFO|[EXTERNAL]|005i0000002qYvT|anton@igate.com|India Standard Time|GMT+05:30
14:58:51.0 (323913)|EXECUTION_STARTED
14:58:51.0 (328843)|CODE_UNIT_STARTED|[EXTERNAL]|0660H000004OdRk|VF: /apex/docapp
14:58:51.0 (7394286)|SYSTEM_MODE_ENTER|true
14:58:51.0 (7876650)|HEAP_ALLOCATE|[72]|Bytes:3
14:58:51.0 (7943528)|HEAP_ALLOCATE|[77]|Bytes:152
14:58:51.0 (7955924)|HEAP_ALLOCATE|[342]|Bytes:408
14:58:51.0 (7968863)|HEAP_ALLOCATE|[355]|Bytes:408
14:58:51.0 (7985835)|HEAP_ALLOCATE|[467]|Bytes:48
14:58:51.0 (8013944)|HEAP_ALLOCATE|[139]|Bytes:6
14:58:51.0 (8028850)|HEAP_ALLOCATE|[EXTERNAL]|Bytes:14
14:58:51.0 (8049671)|HEAP_ALLOCATE|[EXTERNAL]|Bytes:248
14:58:51.0 (8053741)|HEAP_ALLOCATE|[EXTERNAL]|Bytes:53
14:58:51.0 (8057571)|HEAP_ALLOCATE|[EXTERNAL]|Bytes:14
14:58:51.0 (8084370)|METHOD_ENTRY|[1]|01p0H000007gCe8|docappcontroller.docappcontroller()
14:58:51.0 (8091825)|STATEMENT_EXECUTE|[1]
14:58:51.0 (8096970)|STATEMENT_EXECUTE|[1]
14:58:51.0 (8099014)|STATEMENT_EXECUTE|[197]
14:58:51.0 (8113707)|METHOD_EXIT|[1]|docappcontroller
14:58:51.0 (8611752)|HEAP_ALLOCATE|[EXTERNAL]|Bytes:48
14:58:51.0 (8624010)|VARIABLE_SCOPE_BEGIN|[137]|this|docappcontroller|true|false
14:58:51.0 (8766496)|VARIABLE_ASSIGNMENT|[137]|this|{}|0x78d6ecd
14:58:51.0 (8777142)|STATEMENT_EXECUTE|[1]
14:58:51.0 (8778983)|STATEMENT_EXECUTE|[3]
14:58:51.0 (8781112)|STATEMENT_EXECUTE|[4]
14:58:51.0 (8783060)|STATEMENT_EXECUTE|[5]
14:58:51.0 (8845502)|HEAP_ALLOCATE|[5]|Bytes:4
14:58:51.0 (9023061)|HEAP_ALLOCATE|[EXTERNAL]|Bytes:4
14:58:51.0 (9039646)|VARIABLE_ASSIGNMENT|[5]|this.timewraplistInitial|[]|0x78d6ecd
14:58:51.0 (9045893)|STATEMENT_EXECUTE|[6]
14:58:51.0 (9050309)|HEAP_ALLOCATE|[6]|Bytes:4
14:58:51.0 (9059651)|VARIABLE_ASSIGNMENT|[6]|this.Initialselected|0|0x78d6ecd
14:58:51.0 (9064292)|STATEMENT_EXECUTE|[7]
14:58:51.0 (9065900)|STATEMENT_EXECUTE|[130]
14:58:51.0 (9067407)|STATEMENT_EXECUTE|[131]
14:58:51.0 (9068791)|STATEMENT_EXECUTE|[132]
14:58:51.0 (9070184)|STATEMENT_EXECUTE|[133]
14:58:51.0 (9071535)|STATEMENT_EXECUTE|[134]
14:58:51.0 (9072879)|STATEMENT_EXECUTE|[135]
14:58:51.0 (9080766)|HEAP_ALLOCATE|[6]|Bytes:6
14:58:51.0 (9129068)|STATEMENT_EXECUTE|[137]
14:58:51.0 (9131077)|STATEMENT_EXECUTE|[138]
14:58:51.0 (9157535)|HEAP_ALLOCATE|[138]|Bytes:4
14:58:51.0 (9324868)|VARIABLE_ASSIGNMENT|[EXTERNAL]|this|{"Initialselected":0,"timewraplistInitial":"0x71b4332f"}|0x78d6ecd
14:58:51.0 (9346850)|VARIABLE_ASSIGNMENT|[EXTERNAL]|value|{}|0x62d4e86c
14:58:51.0 (9363563)|VARIABLE_ASSIGNMENT|[130]|this.Docdum|{}|0x78d6ecd
14:58:51.0 (9395544)|STATEMENT_EXECUTE|[139]
14:58:51.0 (9417921)|HEAP_ALLOCATE|[139]|Bytes:4
14:58:51.0 (9515743)|VARIABLE_ASSIGNMENT|[EXTERNAL]|this|{"Docdum":"0x62d4e86c","Initialselected":0,"timewraplistInitial":"0x71b4332f"}|0x78d6ecd
14:58:51.0 (9527976)|VARIABLE_ASSIGNMENT|[EXTERNAL]|value|{}|0x4f8ea650
14:58:51.0 (9538122)|VARIABLE_ASSIGNMENT|[131]|this.aptdum|{}|0x78d6ecd
14:58:51.10 (10622977)|SYSTEM_MODE_ENTER|true
14:58:51.10 (10650124)|HEAP_ALLOCATE|[EXTERNAL]|Bytes:38
14:58:51.10 (10656983)|HEAP_ALLOCATE|[EXTERNAL]|Bytes:7
14:58:51.10 (10665992)|SYSTEM_METHOD_ENTRY|[1]|PageMessagesComponentController.PageMessagesComponentController()
14:58:51.10 (10670639)|STATEMENT_EXECUTE|[1]
14:58:51.10 (10795046)|SYSTEM_MODE_ENTER|true
14:58:51.10 (10851064)|HEAP_ALLOCATE|[EXTERNAL]|Bytes:8
14:58:51.10 (10858431)|VARIABLE_SCOPE_BEGIN|[88]|this|ApexPage.PageMessagesComponentController|true|false
14:58:51.10 (10880886)|VARIABLE_ASSIGNMENT|[88]|this|{}|0x32ece670
14:58:51.10 (10887252)|VARIABLE_SCOPE_BEGIN|[88]|escape|Boolean|false|false
14:58:51.10 (10894352)|VARIABLE_ASSIGNMENT|[88]|escape|null
14:58:51.11 (11053807)|SYSTEM_MODE_ENTER|true
14:58:51.11 (11086498)|HEAP_ALLOCATE|[EXTERNAL]|Bytes:8
14:58:51.11 (11093053)|VARIABLE_SCOPE_BEGIN|[2]|this|ApexPage.PageMessagesComponentController|true|false
14:58:51.11 (11112079)|VARIABLE_ASSIGNMENT|[2]|this|{}|0x32ece670
14:58:51.0 (12054265)|SYSTEM_MODE_ENTER|true
14:58:51.0 (14942257)|SYSTEM_MODE_ENTER|true
14:58:51.0 (16985602)|SYSTEM_MODE_ENTER|true
14:58:51.38 (38182574)|SYSTEM_MODE_ENTER|true
14:58:51.38 (38259461)|HEAP_ALLOCATE|[EXTERNAL]|Bytes:8
14:58:51.38 (38271944)|VARIABLE_SCOPE_BEGIN|[88]|this|ApexPage.PageMessagesComponentController|true|false
14:58:51.38 (38306270)|VARIABLE_ASSIGNMENT|[88]|this|{}|0x32ece670
14:58:51.38 (38313381)|VARIABLE_SCOPE_BEGIN|[88]|escape|Boolean|false|false
14:58:51.38 (38321721)|VARIABLE_ASSIGNMENT|[88]|escape|null
14:58:51.38 (38450166)|SYSTEM_MODE_ENTER|true
14:58:51.38 (38482052)|HEAP_ALLOCATE|[EXTERNAL]|Bytes:8
14:58:51.38 (38488459)|VARIABLE_SCOPE_BEGIN|[2]|this|ApexPage.PageMessagesComponentController|true|false
14:58:51.38 (38506588)|VARIABLE_ASSIGNMENT|[2]|this|{}|0x32ece670
14:58:51.0 (40481266)|SYSTEM_MODE_ENTER|true
14:58:51.0 (40528575)|HEAP_ALLOCATE|[EXTERNAL]|Bytes:48
14:58:51.0 (40537684)|VARIABLE_SCOPE_BEGIN|[156]|this|docappcontroller|true|false
14:58:51.0 (40584664)|VARIABLE_ASSIGNMENT|[156]|this|{"aptdum":"0x4f8ea650","Docdum":"0x62d4e86c","Initialselected":0,"timewraplistInitial":"0x71b4332f"}|0x78d6ecd
14:58:51.0 (40596078)|STATEMENT_EXECUTE|[156]
14:58:51.0 (40598576)|STATEMENT_EXECUTE|[158]
14:58:51.0 (40614308)|HEAP_ALLOCATE|[158]|Bytes:4
14:58:51.0 (40650510)|VARIABLE_SCOPE_BEGIN|[158]|options|List<System.SelectOption>|true|false
14:58:51.0 (40673015)|HEAP_ALLOCATE|[EXTERNAL]|Bytes:4
14:58:51.0 (40685158)|VARIABLE_ASSIGNMENT|[158]|options|[]|0x470315d9
14:58:51.0 (40690753)|STATEMENT_EXECUTE|[159]
14:58:51.0 (40701453)|HEAP_ALLOCATE|[159]|Bytes:8
14:58:51.0 (40763225)|HEAP_ALLOCATE|[EXTERNAL]|Bytes:4
14:58:51.0 (40828604)|VARIABLE_ASSIGNMENT|[EXTERNAL]|this|{"aptdum":"0x4f8ea650","Docdum":"0x62d4e86c","Initialselected":0,"timewraplistInitial":"0x71b4332f"}|0x78d6ecd
14:58:51.0 (40845174)|STATEMENT_EXECUTE|[164]
14:58:51.0 (40846947)|STATEMENT_EXECUTE|[165]
14:58:51.0 (40850402)|HEAP_ALLOCATE|[165]|Bytes:23
14:58:51.0 (40873984)|METHOD_ENTRY|[165]|01p0H000007gCe8|docappcontroller.ShowError(String)
14:58:51.0 (40898549)|VARIABLE_SCOPE_BEGIN|[191]|this|docappcontroller|true|false
14:58:51.0 (40938268)|VARIABLE_ASSIGNMENT|[191]|this|{"aptdum":"0x4f8ea650","Docdum":"0x62d4e86c","Initialselected":0,"timewraplistInitial":"0x71b4332f"}|0x78d6ecd
14:58:51.0 (40948975)|VARIABLE_SCOPE_BEGIN|[191]|ErrorMsg|String|false|false
14:58:51.0 (40964029)|VARIABLE_ASSIGNMENT|[191]|ErrorMsg|"No Continents Data y (3 more) ..."
14:58:51.0 (40977996)|STATEMENT_EXECUTE|[191]
14:58:51.0 (40980563)|STATEMENT_EXECUTE|[193]
14:58:51.0 (41026808)|VARIABLE_SCOPE_BEGIN|[193]|m|ApexPages.Message|true|false
14:58:51.0 (41292743)|VARIABLE_ASSIGNMENT|[193]|m|"core.apexpages.framework.ApexPagesMessage@b501682"|0x5f723af5
14:58:51.0 (41305497)|STATEMENT_EXECUTE|[194]
14:58:51.0 (41345973)|VF_PAGE_MESSAGE|No Continents Data yet.
14:58:51.0 (41357905)|METHOD_EXIT|[165]|01p0H000007gCe8|docappcontroller.ShowError(String)
14:58:51.0 (41366534)|STATEMENT_EXECUTE|[168]
14:58:51.0 (41543810)|SYSTEM_MODE_ENTER|true
14:58:51.0 (42475307)|SYSTEM_MODE_ENTER|true
14:58:51.0 (42526572)|HEAP_ALLOCATE|[EXTERNAL]|Bytes:48
14:58:51.0 (42540118)|VARIABLE_SCOPE_BEGIN|[173]|this|docappcontroller|true|false
14:58:51.0 (42584837)|VARIABLE_ASSIGNMENT|[173]|this|{"aptdum":"0x4f8ea650","Docdum":"0x62d4e86c","Initialselected":0,"timewraplistInitial":"0x71b4332f"}|0x78d6ecd
14:58:51.0 (42599404)|STATEMENT_EXECUTE|[173]
14:58:51.0 (42602078)|STATEMENT_EXECUTE|[175]
14:58:51.0 (42613266)|HEAP_ALLOCATE|[175]|Bytes:4
14:58:51.0 (42644519)|VARIABLE_SCOPE_BEGIN|[175]|options|List<System.SelectOption>|true|false
14:58:51.0 (42672687)|HEAP_ALLOCATE|[EXTERNAL]|Bytes:4
14:58:51.0 (42681789)|VARIABLE_ASSIGNMENT|[175]|options|[]|0x2aa23576
14:58:51.0 (42688225)|STATEMENT_EXECUTE|[176]
14:58:51.0 (42728847)|HEAP_ALLOCATE|[EXTERNAL]|Bytes:4
14:58:51.0 (42737515)|STATEMENT_EXECUTE|[179]
14:58:51.0 (42742059)|HEAP_ALLOCATE|[179]|Bytes:2
14:58:51.0 (42765961)|HEAP_ALLOCATE|[EXTERNAL]|Bytes:4
14:58:51.0 (42772510)|STATEMENT_EXECUTE|[180]
14:58:51.0 (42776173)|HEAP_ALLOCATE|[180]|Bytes:2
14:58:51.0 (42796357)|HEAP_ALLOCATE|[EXTERNAL]|Bytes:4
14:58:51.0 (42802201)|STATEMENT_EXECUTE|[185]
14:58:51.0 (42940192)|SYSTEM_MODE_ENTER|true
14:58:51.0 (45103256)|VF_SERIALIZE_VIEWSTATE_BEGIN|0660H000004OdRk
14:58:51.0 (73737723)|VF_SERIALIZE_VIEWSTATE_END
14:58:51.0 (76392075)|CODE_UNIT_STARTED|[EXTERNAL]|Generate Metadata
14:58:51.0 (76937389)|CODE_UNIT_FINISHED|Generate Metadata
14:58:51.79 (79099514)|CUMULATIVE_LIMIT_USAGE
14:58:51.79 (79099514)|LIMIT_USAGE_FOR_NS|(default)|
  Number of SOQL queries: 0 out of 100
  Number of query rows: 0 out of 50000
  Number of SOSL queries: 0 out of 20
  Number of DML statements: 0 out of 150
  Number of DML rows: 0 out of 10000
  Maximum CPU time: 0 out of 10000
  Maximum heap size: 0 out of 6000000
  Number of callouts: 0 out of 100
  Number of Email Invocations: 0 out of 10
  Number of future calls: 0 out of 50
  Number of queueable jobs added to the queue: 0 out of 50
  Number of Mobile Apex push calls: 0 out of 10

14:58:51.79 (79099514)|CUMULATIVE_LIMIT_USAGE_END

14:58:51.0 (79141190)|CODE_UNIT_FINISHED|VF: /apex/docapp
14:58:51.0 (79923383)|EXECUTION_FINISHED
