42.0 APEX_CODE,FINEST;APEX_PROFILING,INFO;CALLOUT,INFO;DB,INFO;SYSTEM,DEBUG;VALIDATION,INFO;VISUALFORCE,INFO;WAVE,INFO;WORKFLOW,INFO
12:50:20.0 (297279)|USER_INFO|[EXTERNAL]|005i0000002qYvT|anton@igate.com|India Standard Time|GMT+05:30
12:50:20.0 (335991)|EXECUTION_STARTED
12:50:20.0 (340529)|CODE_UNIT_STARTED|[EXTERNAL]|0660H000004OdRk|VF: /apex/docapp
12:50:20.0 (31058649)|SYSTEM_MODE_ENTER|true
12:50:20.0 (31707921)|HEAP_ALLOCATE|[72]|Bytes:3
12:50:20.0 (31790659)|HEAP_ALLOCATE|[77]|Bytes:152
12:50:20.0 (31815249)|HEAP_ALLOCATE|[342]|Bytes:408
12:50:20.0 (31837866)|HEAP_ALLOCATE|[355]|Bytes:408
12:50:20.0 (31864681)|HEAP_ALLOCATE|[467]|Bytes:48
12:50:20.0 (31949729)|HEAP_ALLOCATE|[139]|Bytes:6
12:50:20.0 (31979068)|HEAP_ALLOCATE|[EXTERNAL]|Bytes:14
12:50:20.0 (32009432)|HEAP_ALLOCATE|[EXTERNAL]|Bytes:228
12:50:20.0 (32017003)|HEAP_ALLOCATE|[EXTERNAL]|Bytes:34
12:50:20.0 (32024502)|HEAP_ALLOCATE|[EXTERNAL]|Bytes:10
12:50:20.0 (32062467)|METHOD_ENTRY|[1]|01p0H000007gCe8|docappcontroller.docappcontroller()
12:50:20.0 (32071167)|STATEMENT_EXECUTE|[1]
12:50:20.0 (32077968)|STATEMENT_EXECUTE|[1]
12:50:20.0 (32080425)|STATEMENT_EXECUTE|[127]
12:50:20.0 (32103261)|METHOD_EXIT|[1]|docappcontroller
12:50:20.0 (32374820)|HEAP_ALLOCATE|[EXTERNAL]|Bytes:36
12:50:20.0 (32405442)|VARIABLE_SCOPE_BEGIN|[86]|this|docappcontroller|true|false
12:50:20.0 (32494031)|VARIABLE_ASSIGNMENT|[86]|this|{}|0x155db77e
12:50:20.0 (32505475)|STATEMENT_EXECUTE|[1]
12:50:20.0 (32507486)|STATEMENT_EXECUTE|[3]
12:50:20.0 (32509581)|STATEMENT_EXECUTE|[4]
12:50:20.0 (32511295)|STATEMENT_EXECUTE|[5]
12:50:20.0 (32565775)|HEAP_ALLOCATE|[5]|Bytes:4
12:50:20.0 (32728598)|HEAP_ALLOCATE|[EXTERNAL]|Bytes:4
12:50:20.0 (32744137)|VARIABLE_ASSIGNMENT|[5]|this.timewraplistInitial|[]|0x155db77e
12:50:20.0 (32750749)|STATEMENT_EXECUTE|[80]
12:50:20.0 (32752680)|STATEMENT_EXECUTE|[81]
12:50:20.0 (32754086)|STATEMENT_EXECUTE|[82]
12:50:20.0 (32755481)|STATEMENT_EXECUTE|[83]
12:50:20.0 (32756937)|STATEMENT_EXECUTE|[84]
12:50:20.0 (32764968)|HEAP_ALLOCATE|[5]|Bytes:6
12:50:20.0 (32820305)|STATEMENT_EXECUTE|[86]
12:50:20.0 (32822358)|STATEMENT_EXECUTE|[87]
12:50:20.0 (32849883)|HEAP_ALLOCATE|[87]|Bytes:4
12:50:20.0 (33035308)|VARIABLE_ASSIGNMENT|[EXTERNAL]|this|{"timewraplistInitial":"0x14fda2cd"}|0x155db77e
12:50:20.0 (33058326)|VARIABLE_ASSIGNMENT|[EXTERNAL]|value|{}|0x6429ce63
12:50:20.0 (33071099)|VARIABLE_ASSIGNMENT|[80]|this.Docdum|{}|0x155db77e
12:50:20.0 (33101124)|STATEMENT_EXECUTE|[88]
12:50:20.0 (33126635)|HEAP_ALLOCATE|[88]|Bytes:4
12:50:20.0 (33225474)|VARIABLE_ASSIGNMENT|[EXTERNAL]|this|{"Docdum":"0x6429ce63","timewraplistInitial":"0x14fda2cd"}|0x155db77e
12:50:20.0 (33237705)|VARIABLE_ASSIGNMENT|[EXTERNAL]|value|{}|0x794d9dfb
12:50:20.0 (33247947)|VARIABLE_ASSIGNMENT|[81]|this.aptdum|{}|0x155db77e
12:50:20.34 (34504418)|SYSTEM_MODE_ENTER|true
12:50:20.34 (34536627)|HEAP_ALLOCATE|[EXTERNAL]|Bytes:38
12:50:20.34 (34543910)|HEAP_ALLOCATE|[EXTERNAL]|Bytes:7
12:50:20.34 (34552910)|SYSTEM_METHOD_ENTRY|[1]|PageMessagesComponentController.PageMessagesComponentController()
12:50:20.34 (34558121)|STATEMENT_EXECUTE|[1]
12:50:20.34 (34688076)|SYSTEM_MODE_ENTER|true
12:50:20.34 (34747750)|HEAP_ALLOCATE|[EXTERNAL]|Bytes:8
12:50:20.34 (34755976)|VARIABLE_SCOPE_BEGIN|[88]|this|ApexPage.PageMessagesComponentController|true|false
12:50:20.34 (34796450)|VARIABLE_ASSIGNMENT|[88]|this|{}|0x33ca34f2
12:50:20.34 (34804581)|VARIABLE_SCOPE_BEGIN|[88]|escape|Boolean|false|false
12:50:20.34 (34813868)|VARIABLE_ASSIGNMENT|[88]|escape|null
12:50:20.34 (34980425)|SYSTEM_MODE_ENTER|true
12:50:20.34 (35016747)|HEAP_ALLOCATE|[EXTERNAL]|Bytes:8
12:50:20.34 (35024137)|VARIABLE_SCOPE_BEGIN|[2]|this|ApexPage.PageMessagesComponentController|true|false
12:50:20.34 (35047166)|VARIABLE_ASSIGNMENT|[2]|this|{}|0x33ca34f2
12:50:20.0 (35823093)|SYSTEM_MODE_ENTER|true
12:50:20.0 (38488734)|SYSTEM_MODE_ENTER|true
12:50:20.0 (40131053)|SYSTEM_MODE_ENTER|true
12:50:20.65 (65984897)|SYSTEM_MODE_ENTER|true
12:50:20.65 (66077269)|HEAP_ALLOCATE|[EXTERNAL]|Bytes:8
12:50:20.65 (66091806)|VARIABLE_SCOPE_BEGIN|[88]|this|ApexPage.PageMessagesComponentController|true|false
12:50:20.65 (66154752)|VARIABLE_ASSIGNMENT|[88]|this|{}|0x33ca34f2
12:50:20.65 (66169263)|VARIABLE_SCOPE_BEGIN|[88]|escape|Boolean|false|false
12:50:20.65 (66187460)|VARIABLE_ASSIGNMENT|[88]|escape|null
12:50:20.66 (66350771)|SYSTEM_MODE_ENTER|true
12:50:20.66 (66389859)|HEAP_ALLOCATE|[EXTERNAL]|Bytes:8
12:50:20.66 (66396913)|VARIABLE_SCOPE_BEGIN|[2]|this|ApexPage.PageMessagesComponentController|true|false
12:50:20.66 (66420520)|VARIABLE_ASSIGNMENT|[2]|this|{}|0x33ca34f2
12:50:20.0 (68065314)|SYSTEM_MODE_ENTER|true
12:50:20.0 (68126870)|HEAP_ALLOCATE|[EXTERNAL]|Bytes:36
12:50:20.0 (68245953)|VARIABLE_SCOPE_BEGIN|[105]|this|docappcontroller|true|false
12:50:20.0 (68297298)|VARIABLE_ASSIGNMENT|[105]|this|{"aptdum":"0x794d9dfb","Docdum":"0x6429ce63","timewraplistInitial":"0x14fda2cd"}|0x155db77e
12:50:20.0 (68310485)|STATEMENT_EXECUTE|[105]
12:50:20.0 (68313476)|STATEMENT_EXECUTE|[107]
12:50:20.0 (68326805)|HEAP_ALLOCATE|[107]|Bytes:4
12:50:20.0 (68362611)|VARIABLE_SCOPE_BEGIN|[107]|options|List<System.SelectOption>|true|false
12:50:20.0 (68384385)|HEAP_ALLOCATE|[EXTERNAL]|Bytes:4
12:50:20.0 (68397689)|VARIABLE_ASSIGNMENT|[107]|options|[]|0x39fddc6c
12:50:20.0 (68404223)|STATEMENT_EXECUTE|[108]
12:50:20.0 (68411901)|HEAP_ALLOCATE|[108]|Bytes:8
12:50:20.0 (68468542)|HEAP_ALLOCATE|[EXTERNAL]|Bytes:4
12:50:20.0 (68525875)|VARIABLE_ASSIGNMENT|[EXTERNAL]|this|{"aptdum":"0x794d9dfb","Docdum":"0x6429ce63","timewraplistInitial":"0x14fda2cd"}|0x155db77e
12:50:20.0 (68540602)|STATEMENT_EXECUTE|[113]
12:50:20.0 (68542901)|STATEMENT_EXECUTE|[114]
12:50:20.0 (68546123)|HEAP_ALLOCATE|[114]|Bytes:23
12:50:20.0 (68569450)|METHOD_ENTRY|[114]|01p0H000007gCe8|docappcontroller.ShowError(String)
12:50:20.0 (68604962)|VARIABLE_SCOPE_BEGIN|[121]|this|docappcontroller|true|false
12:50:20.0 (68631435)|VARIABLE_ASSIGNMENT|[121]|this|{"aptdum":"0x794d9dfb","Docdum":"0x6429ce63","timewraplistInitial":"0x14fda2cd"}|0x155db77e
12:50:20.0 (68638865)|VARIABLE_SCOPE_BEGIN|[121]|ErrorMsg|String|false|false
12:50:20.0 (68650190)|VARIABLE_ASSIGNMENT|[121]|ErrorMsg|"No Continents Data y (3 more) ..."
12:50:20.0 (68656467)|STATEMENT_EXECUTE|[121]
12:50:20.0 (68658179)|STATEMENT_EXECUTE|[123]
12:50:20.0 (68689748)|VARIABLE_SCOPE_BEGIN|[123]|m|ApexPages.Message|true|false
12:50:20.0 (68886451)|VARIABLE_ASSIGNMENT|[123]|m|"core.apexpages.framework.ApexPagesMessage@4c357cc1"|0x1ab69128
12:50:20.0 (68898628)|STATEMENT_EXECUTE|[124]
12:50:20.0 (69063559)|VF_PAGE_MESSAGE|No Continents Data yet.
12:50:20.0 (69078754)|METHOD_EXIT|[114]|01p0H000007gCe8|docappcontroller.ShowError(String)
12:50:20.0 (69085879)|STATEMENT_EXECUTE|[117]
12:50:20.0 (69276431)|SYSTEM_MODE_ENTER|true
12:50:20.0 (71584067)|VF_SERIALIZE_VIEWSTATE_BEGIN|0660H000004OdRk
12:50:20.0 (86255641)|VF_SERIALIZE_VIEWSTATE_END
12:50:20.0 (88682124)|CODE_UNIT_STARTED|[EXTERNAL]|Generate Metadata
12:50:20.0 (89873218)|CODE_UNIT_FINISHED|Generate Metadata
12:50:20.91 (91914646)|CUMULATIVE_LIMIT_USAGE
12:50:20.91 (91914646)|LIMIT_USAGE_FOR_NS|(default)|
  Number of SOQL queries: 0 out of 100
  Number of query rows: 0 out of 50000
  Number of SOSL queries: 0 out of 20
  Number of DML statements: 0 out of 150
  Number of DML rows: 0 out of 10000
  Maximum CPU time: 0 out of 10000
  Maximum heap size: 0 out of 6000000
  Number of callouts: 0 out of 100
  Number of Email Invocations: 0 out of 10
  Number of future calls: 0 out of 50
  Number of queueable jobs added to the queue: 0 out of 50
  Number of Mobile Apex push calls: 0 out of 10

12:50:20.91 (91914646)|CUMULATIVE_LIMIT_USAGE_END

12:50:20.0 (91955896)|CODE_UNIT_FINISHED|VF: /apex/docapp
12:50:20.0 (92752635)|EXECUTION_FINISHED
