42.0 APEX_CODE,FINEST;APEX_PROFILING,INFO;CALLOUT,INFO;DB,INFO;SYSTEM,DEBUG;VALIDATION,INFO;VISUALFORCE,INFO;WAVE,INFO;WORKFLOW,INFO
13:58:08.0 (77816)|USER_INFO|[EXTERNAL]|005i0000002qYvT|anton@igate.com|India Standard Time|GMT+05:30
13:58:08.0 (115122)|EXECUTION_STARTED
13:58:08.0 (121134)|CODE_UNIT_STARTED|[EXTERNAL]|0660H000004OdRk|VF: /apex/docapp
13:58:08.0 (2356846)|SYSTEM_MODE_ENTER|true
13:58:08.0 (2820581)|HEAP_ALLOCATE|[72]|Bytes:3
13:58:08.0 (2887249)|HEAP_ALLOCATE|[77]|Bytes:152
13:58:08.0 (2902469)|HEAP_ALLOCATE|[342]|Bytes:408
13:58:08.0 (2916231)|HEAP_ALLOCATE|[355]|Bytes:408
13:58:08.0 (2929065)|HEAP_ALLOCATE|[467]|Bytes:48
13:58:08.0 (2956634)|HEAP_ALLOCATE|[139]|Bytes:6
13:58:08.0 (2973200)|HEAP_ALLOCATE|[EXTERNAL]|Bytes:14
13:58:08.0 (2995145)|HEAP_ALLOCATE|[EXTERNAL]|Bytes:248
13:58:08.0 (2999327)|HEAP_ALLOCATE|[EXTERNAL]|Bytes:53
13:58:08.0 (3003339)|HEAP_ALLOCATE|[EXTERNAL]|Bytes:13
13:58:08.0 (3026907)|METHOD_ENTRY|[1]|01p0H000007gCe8|docappcontroller.docappcontroller()
13:58:08.0 (3035600)|STATEMENT_EXECUTE|[1]
13:58:08.0 (3040433)|STATEMENT_EXECUTE|[1]
13:58:08.0 (3042045)|STATEMENT_EXECUTE|[174]
13:58:08.0 (3055988)|METHOD_EXIT|[1]|docappcontroller
13:58:08.0 (3114545)|HEAP_ALLOCATE|[EXTERNAL]|Bytes:44
13:58:08.0 (3124006)|VARIABLE_SCOPE_BEGIN|[114]|this|docappcontroller|true|false
13:58:08.0 (3258833)|VARIABLE_ASSIGNMENT|[114]|this|{}|0x3c31f63b
13:58:08.0 (3269706)|STATEMENT_EXECUTE|[1]
13:58:08.0 (3271629)|STATEMENT_EXECUTE|[3]
13:58:08.0 (3284634)|STATEMENT_EXECUTE|[4]
13:58:08.0 (3286723)|STATEMENT_EXECUTE|[5]
13:58:08.0 (3304312)|HEAP_ALLOCATE|[5]|Bytes:4
13:58:08.0 (3431850)|HEAP_ALLOCATE|[EXTERNAL]|Bytes:4
13:58:08.0 (3447517)|VARIABLE_ASSIGNMENT|[5]|this.timewraplistInitial|[]|0x3c31f63b
13:58:08.0 (3453383)|STATEMENT_EXECUTE|[6]
13:58:08.0 (3458868)|HEAP_ALLOCATE|[6]|Bytes:4
13:58:08.0 (3469097)|VARIABLE_ASSIGNMENT|[6]|this.Initialselected|0|0x3c31f63b
13:58:08.0 (3474250)|STATEMENT_EXECUTE|[107]
13:58:08.0 (3475935)|STATEMENT_EXECUTE|[108]
13:58:08.0 (3477384)|STATEMENT_EXECUTE|[109]
13:58:08.0 (3478836)|STATEMENT_EXECUTE|[110]
13:58:08.0 (3480305)|STATEMENT_EXECUTE|[111]
13:58:08.0 (3481751)|STATEMENT_EXECUTE|[112]
13:58:08.0 (3488755)|HEAP_ALLOCATE|[6]|Bytes:6
13:58:08.0 (3541348)|STATEMENT_EXECUTE|[114]
13:58:08.0 (3543421)|STATEMENT_EXECUTE|[115]
13:58:08.0 (3577511)|HEAP_ALLOCATE|[115]|Bytes:4
13:58:08.0 (3753418)|VARIABLE_ASSIGNMENT|[EXTERNAL]|this|{"Initialselected":0,"timewraplistInitial":"0x63077997"}|0x3c31f63b
13:58:08.0 (3769944)|VARIABLE_ASSIGNMENT|[EXTERNAL]|value|{}|0x13d1740c
13:58:08.0 (3787087)|VARIABLE_ASSIGNMENT|[107]|this.Docdum|{}|0x3c31f63b
13:58:08.0 (3816201)|STATEMENT_EXECUTE|[116]
13:58:08.0 (3837109)|HEAP_ALLOCATE|[116]|Bytes:4
13:58:08.0 (3934918)|VARIABLE_ASSIGNMENT|[EXTERNAL]|this|{"Docdum":"0x13d1740c","Initialselected":0,"timewraplistInitial":"0x63077997"}|0x3c31f63b
13:58:08.0 (3948035)|VARIABLE_ASSIGNMENT|[EXTERNAL]|value|{}|0x4d943da9
13:58:08.0 (3958723)|VARIABLE_ASSIGNMENT|[108]|this.aptdum|{}|0x3c31f63b
13:58:08.4 (4838549)|SYSTEM_MODE_ENTER|true
13:58:08.4 (4867537)|HEAP_ALLOCATE|[EXTERNAL]|Bytes:38
13:58:08.4 (4874470)|HEAP_ALLOCATE|[EXTERNAL]|Bytes:7
13:58:08.4 (4883651)|SYSTEM_METHOD_ENTRY|[1]|PageMessagesComponentController.PageMessagesComponentController()
13:58:08.4 (4888956)|STATEMENT_EXECUTE|[1]
13:58:08.5 (5008063)|SYSTEM_MODE_ENTER|true
13:58:08.5 (5066515)|HEAP_ALLOCATE|[EXTERNAL]|Bytes:8
13:58:08.5 (5074893)|VARIABLE_SCOPE_BEGIN|[88]|this|ApexPage.PageMessagesComponentController|true|false
13:58:08.5 (5124971)|VARIABLE_ASSIGNMENT|[88]|this|{}|0x722b135b
13:58:08.5 (5132478)|VARIABLE_SCOPE_BEGIN|[88]|escape|Boolean|false|false
13:58:08.5 (5140847)|VARIABLE_ASSIGNMENT|[88]|escape|null
13:58:08.5 (5270701)|SYSTEM_MODE_ENTER|true
13:58:08.5 (5310300)|HEAP_ALLOCATE|[EXTERNAL]|Bytes:8
13:58:08.5 (5317175)|VARIABLE_SCOPE_BEGIN|[2]|this|ApexPage.PageMessagesComponentController|true|false
13:58:08.5 (5338341)|VARIABLE_ASSIGNMENT|[2]|this|{}|0x722b135b
13:58:08.0 (6119385)|SYSTEM_MODE_ENTER|true
13:58:08.0 (8679789)|SYSTEM_MODE_ENTER|true
13:58:08.0 (10441790)|SYSTEM_MODE_ENTER|true
13:58:08.33 (33130758)|SYSTEM_MODE_ENTER|true
13:58:08.33 (33190783)|HEAP_ALLOCATE|[EXTERNAL]|Bytes:8
13:58:08.33 (33199173)|VARIABLE_SCOPE_BEGIN|[88]|this|ApexPage.PageMessagesComponentController|true|false
13:58:08.33 (33226784)|VARIABLE_ASSIGNMENT|[88]|this|{}|0x722b135b
13:58:08.33 (33236559)|VARIABLE_SCOPE_BEGIN|[88]|escape|Boolean|false|false
13:58:08.33 (33247650)|VARIABLE_ASSIGNMENT|[88]|escape|null
13:58:08.33 (33410201)|SYSTEM_MODE_ENTER|true
13:58:08.33 (33457713)|HEAP_ALLOCATE|[EXTERNAL]|Bytes:8
13:58:08.33 (33467523)|VARIABLE_SCOPE_BEGIN|[2]|this|ApexPage.PageMessagesComponentController|true|false
13:58:08.33 (33497408)|VARIABLE_ASSIGNMENT|[2]|this|{}|0x722b135b
13:58:08.0 (35444511)|SYSTEM_MODE_ENTER|true
13:58:08.0 (35505455)|HEAP_ALLOCATE|[EXTERNAL]|Bytes:44
13:58:08.0 (35518068)|VARIABLE_SCOPE_BEGIN|[133]|this|docappcontroller|true|false
13:58:08.0 (35565006)|VARIABLE_ASSIGNMENT|[133]|this|{"aptdum":"0x4d943da9","Docdum":"0x13d1740c","Initialselected":0,"timewraplistInitial":"0x63077997"}|0x3c31f63b
13:58:08.0 (35579569)|STATEMENT_EXECUTE|[133]
13:58:08.0 (35582498)|STATEMENT_EXECUTE|[135]
13:58:08.0 (35598312)|HEAP_ALLOCATE|[135]|Bytes:4
13:58:08.0 (35634007)|VARIABLE_SCOPE_BEGIN|[135]|options|List<System.SelectOption>|true|false
13:58:08.0 (35660951)|HEAP_ALLOCATE|[EXTERNAL]|Bytes:4
13:58:08.0 (35672931)|VARIABLE_ASSIGNMENT|[135]|options|[]|0x29db7a34
13:58:08.0 (35681098)|STATEMENT_EXECUTE|[136]
13:58:08.0 (35691103)|HEAP_ALLOCATE|[136]|Bytes:8
13:58:08.0 (35761571)|HEAP_ALLOCATE|[EXTERNAL]|Bytes:4
13:58:08.0 (35839300)|VARIABLE_ASSIGNMENT|[EXTERNAL]|this|{"aptdum":"0x4d943da9","Docdum":"0x13d1740c","Initialselected":0,"timewraplistInitial":"0x63077997"}|0x3c31f63b
13:58:08.0 (35862817)|STATEMENT_EXECUTE|[141]
13:58:08.0 (35865825)|STATEMENT_EXECUTE|[142]
13:58:08.0 (35871278)|HEAP_ALLOCATE|[142]|Bytes:23
13:58:08.0 (35896595)|METHOD_ENTRY|[142]|01p0H000007gCe8|docappcontroller.ShowError(String)
13:58:08.0 (35917140)|VARIABLE_SCOPE_BEGIN|[168]|this|docappcontroller|true|false
13:58:08.0 (35944232)|VARIABLE_ASSIGNMENT|[168]|this|{"aptdum":"0x4d943da9","Docdum":"0x13d1740c","Initialselected":0,"timewraplistInitial":"0x63077997"}|0x3c31f63b
13:58:08.0 (35952181)|VARIABLE_SCOPE_BEGIN|[168]|ErrorMsg|String|false|false
13:58:08.0 (35963095)|VARIABLE_ASSIGNMENT|[168]|ErrorMsg|"No Continents Data y (3 more) ..."
13:58:08.0 (35969527)|STATEMENT_EXECUTE|[168]
13:58:08.0 (35971412)|STATEMENT_EXECUTE|[170]
13:58:08.0 (36005833)|VARIABLE_SCOPE_BEGIN|[170]|m|ApexPages.Message|true|false
13:58:08.0 (36188166)|VARIABLE_ASSIGNMENT|[170]|m|"core.apexpages.framework.ApexPagesMessage@8471dada"|0x5e455ae9
13:58:08.0 (36196327)|STATEMENT_EXECUTE|[171]
13:58:08.0 (36232109)|VF_PAGE_MESSAGE|No Continents Data yet.
13:58:08.0 (36243847)|METHOD_EXIT|[142]|01p0H000007gCe8|docappcontroller.ShowError(String)
13:58:08.0 (36249623)|STATEMENT_EXECUTE|[145]
13:58:08.0 (36422257)|SYSTEM_MODE_ENTER|true
13:58:08.0 (37277887)|SYSTEM_MODE_ENTER|true
13:58:08.0 (37347014)|HEAP_ALLOCATE|[EXTERNAL]|Bytes:44
13:58:08.0 (37357698)|VARIABLE_SCOPE_BEGIN|[150]|this|docappcontroller|true|false
13:58:08.0 (37392360)|VARIABLE_ASSIGNMENT|[150]|this|{"aptdum":"0x4d943da9","Docdum":"0x13d1740c","Initialselected":0,"timewraplistInitial":"0x63077997"}|0x3c31f63b
13:58:08.0 (37403187)|STATEMENT_EXECUTE|[150]
13:58:08.0 (37405098)|STATEMENT_EXECUTE|[152]
13:58:08.0 (37415530)|HEAP_ALLOCATE|[152]|Bytes:4
13:58:08.0 (37438096)|VARIABLE_SCOPE_BEGIN|[152]|options|List<System.SelectOption>|true|false
13:58:08.0 (37458393)|HEAP_ALLOCATE|[EXTERNAL]|Bytes:4
13:58:08.0 (37467059)|VARIABLE_ASSIGNMENT|[152]|options|[]|0x51ffcff1
13:58:08.0 (37473485)|STATEMENT_EXECUTE|[153]
13:58:08.0 (37514892)|HEAP_ALLOCATE|[EXTERNAL]|Bytes:4
13:58:08.0 (37524515)|STATEMENT_EXECUTE|[156]
13:58:08.0 (37529470)|HEAP_ALLOCATE|[156]|Bytes:2
13:58:08.0 (37554213)|HEAP_ALLOCATE|[EXTERNAL]|Bytes:4
13:58:08.0 (37561056)|STATEMENT_EXECUTE|[157]
13:58:08.0 (37565426)|HEAP_ALLOCATE|[157]|Bytes:2
13:58:08.0 (37585854)|HEAP_ALLOCATE|[EXTERNAL]|Bytes:4
13:58:08.0 (37591967)|STATEMENT_EXECUTE|[162]
13:58:08.0 (37720116)|SYSTEM_MODE_ENTER|true
13:58:08.0 (39697328)|VF_SERIALIZE_VIEWSTATE_BEGIN|0660H000004OdRk
13:58:08.0 (54689202)|VF_SERIALIZE_VIEWSTATE_END
13:58:08.0 (58195348)|CODE_UNIT_STARTED|[EXTERNAL]|Generate Metadata
13:58:08.0 (59327702)|CODE_UNIT_FINISHED|Generate Metadata
13:58:08.61 (61124536)|CUMULATIVE_LIMIT_USAGE
13:58:08.61 (61124536)|LIMIT_USAGE_FOR_NS|(default)|
  Number of SOQL queries: 0 out of 100
  Number of query rows: 0 out of 50000
  Number of SOSL queries: 0 out of 20
  Number of DML statements: 0 out of 150
  Number of DML rows: 0 out of 10000
  Maximum CPU time: 0 out of 10000
  Maximum heap size: 0 out of 6000000
  Number of callouts: 0 out of 100
  Number of Email Invocations: 0 out of 10
  Number of future calls: 0 out of 50
  Number of queueable jobs added to the queue: 0 out of 50
  Number of Mobile Apex push calls: 0 out of 10

13:58:08.61 (61124536)|CUMULATIVE_LIMIT_USAGE_END

13:58:08.0 (61177707)|CODE_UNIT_FINISHED|VF: /apex/docapp
13:58:08.0 (61972508)|EXECUTION_FINISHED
