42.0 APEX_CODE,FINEST;APEX_PROFILING,INFO;CALLOUT,INFO;DB,INFO;SYSTEM,DEBUG;VALIDATION,INFO;VISUALFORCE,INFO;WAVE,INFO;WORKFLOW,INFO
16:23:06.0 (296250)|USER_INFO|[EXTERNAL]|005i0000002qYvT|anton@igate.com|India Standard Time|GMT+05:30
16:23:06.0 (328761)|EXECUTION_STARTED
16:23:06.0 (334604)|CODE_UNIT_STARTED|[EXTERNAL]|0660H000004OdRk|VF: /apex/docapp
16:23:06.0 (1430142)|VF_DESERIALIZE_VIEWSTATE_BEGIN|0660H000004OdRk
16:23:06.0 (15883524)|HEAP_ALLOCATE|[72]|Bytes:3
16:23:06.0 (15961265)|HEAP_ALLOCATE|[77]|Bytes:152
16:23:06.0 (15977006)|HEAP_ALLOCATE|[342]|Bytes:408
16:23:06.0 (15989639)|HEAP_ALLOCATE|[355]|Bytes:408
16:23:06.0 (16000504)|HEAP_ALLOCATE|[467]|Bytes:48
16:23:06.0 (16055799)|HEAP_ALLOCATE|[139]|Bytes:6
16:23:06.0 (16565877)|HEAP_ALLOCATE|[50]|Bytes:5
16:23:06.0 (16607207)|HEAP_ALLOCATE|[56]|Bytes:5
16:23:06.0 (16616732)|HEAP_ALLOCATE|[64]|Bytes:7
16:23:06.0 (20579233)|VF_DESERIALIZE_VIEWSTATE_END
16:23:06.21 (21282099)|SYSTEM_MODE_ENTER|true
16:23:06.21 (21443741)|HEAP_ALLOCATE|[EXTERNAL]|Bytes:38
16:23:06.21 (21470021)|HEAP_ALLOCATE|[EXTERNAL]|Bytes:7
16:23:06.21 (21497657)|SYSTEM_METHOD_ENTRY|[1]|PageMessagesComponentController.PageMessagesComponentController()
16:23:06.21 (21504816)|STATEMENT_EXECUTE|[1]
16:23:06.22 (22388333)|SYSTEM_MODE_ENTER|true
16:23:06.22 (22444133)|HEAP_ALLOCATE|[EXTERNAL]|Bytes:8
16:23:06.22 (22452963)|VARIABLE_SCOPE_BEGIN|[88]|this|ApexPage.PageMessagesComponentController|true|false
16:23:06.22 (22506957)|VARIABLE_ASSIGNMENT|[88]|this|{}|0x5e46d3eb
16:23:06.22 (22514728)|VARIABLE_SCOPE_BEGIN|[88]|escape|Boolean|false|false
16:23:06.22 (22524319)|VARIABLE_ASSIGNMENT|[88]|escape|null
16:23:06.0 (22708113)|SYSTEM_MODE_ENTER|true
16:23:06.0 (22732332)|HEAP_ALLOCATE|[EXTERNAL]|Bytes:14
16:23:06.0 (22739232)|HEAP_ALLOCATE|[EXTERNAL]|Bytes:248
16:23:06.0 (22743414)|HEAP_ALLOCATE|[EXTERNAL]|Bytes:53
16:23:06.0 (22747456)|HEAP_ALLOCATE|[EXTERNAL]|Bytes:20
16:23:06.0 (22755495)|METHOD_ENTRY|[1]|01p0H000007gCe8|docappcontroller.docappcontroller()
16:23:06.0 (22762306)|STATEMENT_EXECUTE|[1]
16:23:06.0 (22765866)|STATEMENT_EXECUTE|[1]
16:23:06.0 (22767493)|STATEMENT_EXECUTE|[208]
16:23:06.0 (22772674)|METHOD_EXIT|[1]|docappcontroller
16:23:06.0 (27363854)|SYSTEM_MODE_ENTER|true
16:23:06.0 (30029539)|SYSTEM_MODE_ENTER|true
16:23:06.0 (30236123)|SYSTEM_MODE_ENTER|true
16:23:06.0 (30713957)|HEAP_ALLOCATE|[EXTERNAL]|Bytes:108
16:23:06.0 (30723957)|HEAP_ALLOCATE|[EXTERNAL]|Bytes:11
16:23:06.0 (34925886)|SYSTEM_MODE_ENTER|true
16:23:06.0 (35204609)|HEAP_ALLOCATE|[EXTERNAL]|Bytes:48
16:23:06.0 (35216757)|VARIABLE_SCOPE_BEGIN|[164]|this|docappcontroller|true|false
16:23:06.0 (35293881)|VARIABLE_ASSIGNMENT|[164]|this|{"aptdum":"0x1234b78d","Docdum":"0x222a8a44","Docmap":"0x519e83b7","Initialselected":2,"Selecteddoc":"a260H000001koYlQAI","SelectedtimeSlot":30,"timelist":"0x3cd7cfd9","timeset":"0x4bf69072","timewraplist":"0x3adff9dd","timewraplistInitial":"0x3adff9dd"}|0x54a046d2
16:23:06.0 (35308767)|STATEMENT_EXECUTE|[164]
16:23:06.0 (35311068)|STATEMENT_EXECUTE|[166]
16:23:06.0 (35325822)|HEAP_ALLOCATE|[166]|Bytes:4
16:23:06.0 (35360835)|VARIABLE_SCOPE_BEGIN|[166]|options|List<System.SelectOption>|true|false
16:23:06.0 (35386652)|HEAP_ALLOCATE|[EXTERNAL]|Bytes:4
16:23:06.0 (35397900)|VARIABLE_ASSIGNMENT|[166]|options|[]|0x7cc9ce5e
16:23:06.0 (35403614)|STATEMENT_EXECUTE|[167]
16:23:06.0 (35412396)|HEAP_ALLOCATE|[167]|Bytes:8
16:23:06.0 (35462531)|HEAP_ALLOCATE|[EXTERNAL]|Bytes:4
16:23:06.0 (35520278)|VARIABLE_ASSIGNMENT|[EXTERNAL]|this|{"aptdum":"0x1234b78d","Docdum":"0x222a8a44","Docmap":"0x519e83b7","Initialselected":2,"Selecteddoc":"a260H000001koYlQAI","SelectedtimeSlot":30,"timelist":"0x3cd7cfd9","timeset":"0x4bf69072","timewraplist":"0x3adff9dd","timewraplistInitial":"0x3adff9dd"}|0x54a046d2
16:23:06.0 (35536500)|STATEMENT_EXECUTE|[168]
16:23:06.0 (35569920)|VARIABLE_ASSIGNMENT|[EXTERNAL]|this|{"aptdum":"0x1234b78d","Docdum":"0x222a8a44","Docmap":"0x519e83b7","Initialselected":2,"Selecteddoc":"a260H000001koYlQAI","SelectedtimeSlot":30,"timelist":"0x3cd7cfd9","timeset":"0x4bf69072","timewraplist":"0x3adff9dd","timewraplistInitial":"0x3adff9dd"}|0x54a046d2
16:23:06.0 (35611310)|HEAP_ALLOCATE|[EXTERNAL]|Bytes:8
16:23:06.0 (35627848)|HEAP_ALLOCATE|[169]|Bytes:116
16:23:06.0 (35767069)|HEAP_ALLOCATE|[169]|Bytes:5
16:23:06.0 (35815599)|HEAP_ALLOCATE|[169]|Bytes:24
16:23:06.0 (35832120)|VARIABLE_SCOPE_BEGIN|[169]|doc|Doctor__c|true|false
16:23:06.0 (36108348)|VARIABLE_ASSIGNMENT|[169]|doc|{"Id":"a260H000001koYlQAI","Name":"doc4","End_Time__c":68400000,"Speciality__c":"Dermatology","Start_Time__c":32400000}|0x500e4c20
16:23:06.0 (36118923)|STATEMENT_EXECUTE|[169]
16:23:06.0 (36120793)|STATEMENT_EXECUTE|[170]
16:23:06.0 (36167960)|HEAP_ALLOCATE|[170]|Bytes:18
16:23:06.0 (36220826)|HEAP_ALLOCATE|[EXTERNAL]|Bytes:4
16:23:06.0 (36238127)|HEAP_ALLOCATE|[169]|Bytes:5
16:23:06.0 (36251193)|VARIABLE_ASSIGNMENT|[169]|doc|null|
16:23:06.0 (36256807)|STATEMENT_EXECUTE|[176]
16:23:06.0 (36348175)|SYSTEM_MODE_ENTER|true
16:23:06.0 (37243953)|SYSTEM_MODE_ENTER|true
16:23:06.0 (37287043)|HEAP_ALLOCATE|[EXTERNAL]|Bytes:48
16:23:06.0 (37296188)|VARIABLE_SCOPE_BEGIN|[181]|this|docappcontroller|true|false
16:23:06.0 (37337021)|VARIABLE_ASSIGNMENT|[181]|this|{"aptdum":"0x1234b78d","Docdum":"0x222a8a44","Docmap":"0x519e83b7","Initialselected":2,"Selecteddoc":"a260H000001koYlQAI","SelectedtimeSlot":30,"timelist":"0x3cd7cfd9","timeset":"0x4bf69072","timewraplist":"0x3adff9dd","timewraplistInitial":"0x3adff9dd"}|0x54a046d2
16:23:06.0 (37349671)|STATEMENT_EXECUTE|[181]
16:23:06.0 (37351687)|STATEMENT_EXECUTE|[183]
16:23:06.0 (37360854)|HEAP_ALLOCATE|[183]|Bytes:4
16:23:06.0 (37382814)|VARIABLE_SCOPE_BEGIN|[183]|options|List<System.SelectOption>|true|false
16:23:06.0 (37404238)|HEAP_ALLOCATE|[EXTERNAL]|Bytes:4
16:23:06.0 (37412828)|VARIABLE_ASSIGNMENT|[183]|options|[]|0x7cac46ec
16:23:06.0 (37418434)|STATEMENT_EXECUTE|[184]
16:23:06.0 (37422000)|HEAP_ALLOCATE|[184]|Bytes:79
16:23:06.0 (37437449)|HEAP_ALLOCATE|[184]|Bytes:4
16:23:06.0 (37736131)|SOQL_EXECUTE_BEGIN|[184]|Aggregations:0|SELECT Interval__c FROM Time_Interval__mdt ORDER BY Interval__c ASC NULLS FIRST
16:23:06.0 (40961556)|SOQL_EXECUTE_END|[184]|Rows:2
16:23:06.0 (40988945)|HEAP_ALLOCATE|[184]|Bytes:12
16:23:06.0 (41005933)|HEAP_ALLOCATE|[184]|Bytes:92
16:23:06.0 (41067730)|HEAP_ALLOCATE|[184]|Bytes:12
16:23:06.0 (41082302)|VARIABLE_SCOPE_BEGIN|[184]|intervals|List<Time_Interval__mdt>|true|false
16:23:06.0 (41107002)|VARIABLE_ASSIGNMENT|[184]|intervals|[{"Interval__c":"30","Id":"m030H000000bmFqQAI"},{"Interval__c":"60","Id":"m030H000000bmFvQAI"}]|0x473e3d37
16:23:06.0 (41233225)|HEAP_ALLOCATE|[187]|Bytes:5
16:23:06.0 (41249109)|HEAP_ALLOCATE|[187]|Bytes:12
16:23:06.0 (41256930)|VARIABLE_SCOPE_BEGIN|[187]|i|Time_Interval__mdt|true|false
16:23:06.0 (41271351)|VARIABLE_ASSIGNMENT|[187]|i|{"Interval__c":"30","Id":"m030H000000bmFqQAI"}|0x376b74d2
16:23:06.0 (41278865)|STATEMENT_EXECUTE|[187]
16:23:06.0 (41280951)|STATEMENT_EXECUTE|[188]
16:23:06.0 (41344941)|HEAP_ALLOCATE|[EXTERNAL]|Bytes:4
16:23:06.0 (41361757)|HEAP_ALLOCATE|[187]|Bytes:5
16:23:06.0 (41372215)|HEAP_ALLOCATE|[187]|Bytes:12
16:23:06.0 (41378338)|VARIABLE_SCOPE_BEGIN|[187]|i|Time_Interval__mdt|true|false
16:23:06.0 (41391901)|VARIABLE_ASSIGNMENT|[187]|i|{"Interval__c":"60","Id":"m030H000000bmFvQAI"}|0x10a208d
16:23:06.0 (41398090)|STATEMENT_EXECUTE|[187]
16:23:06.0 (41399705)|STATEMENT_EXECUTE|[188]
16:23:06.0 (41413294)|HEAP_ALLOCATE|[EXTERNAL]|Bytes:4
16:23:06.0 (41424264)|HEAP_ALLOCATE|[187]|Bytes:5
16:23:06.0 (41434221)|VARIABLE_ASSIGNMENT|[187]|i|null|
16:23:06.0 (41439220)|STATEMENT_EXECUTE|[196]
16:23:06.0 (41842587)|SYSTEM_MODE_ENTER|true
16:23:06.42 (42473982)|SYSTEM_MODE_ENTER|true
16:23:06.42 (42532636)|HEAP_ALLOCATE|[EXTERNAL]|Bytes:8
16:23:06.42 (42541157)|VARIABLE_SCOPE_BEGIN|[88]|this|ApexPage.PageMessagesComponentController|true|false
16:23:06.42 (42565082)|VARIABLE_ASSIGNMENT|[88]|this|{}|0x5e46d3eb
16:23:06.42 (42572741)|VARIABLE_SCOPE_BEGIN|[88]|escape|Boolean|false|false
16:23:06.42 (42581116)|VARIABLE_ASSIGNMENT|[88]|escape|null
16:23:06.0 (42955434)|SYSTEM_MODE_ENTER|true
16:23:06.0 (42985670)|HEAP_ALLOCATE|[EXTERNAL]|Bytes:18
16:23:06.0 (42991596)|HEAP_ALLOCATE|[EXTERNAL]|Bytes:48
16:23:06.0 (43011105)|VARIABLE_ASSIGNMENT|[EXTERNAL]|this.Selecteddoc|"a260H000001koYlQAI"|0x54a046d2
16:23:06.0 (43062479)|SYSTEM_MODE_ENTER|true
16:23:06.0 (43294010)|SYSTEM_MODE_ENTER|true
16:23:06.0 (43492326)|HEAP_ALLOCATE|[EXTERNAL]|Bytes:5
16:23:06.0 (43501203)|HEAP_ALLOCATE|[EXTERNAL]|Bytes:12
16:23:06.0 (43511277)|VARIABLE_ASSIGNMENT|[EXTERNAL]|this.selected|false|0x6730bed4
16:23:06.0 (43561561)|HEAP_ALLOCATE|[EXTERNAL]|Bytes:5
16:23:06.0 (43566087)|HEAP_ALLOCATE|[EXTERNAL]|Bytes:12
16:23:06.0 (43573070)|VARIABLE_ASSIGNMENT|[EXTERNAL]|this.selected|false|0x77cfe35f
16:23:06.0 (43615205)|HEAP_ALLOCATE|[EXTERNAL]|Bytes:5
16:23:06.0 (43620480)|HEAP_ALLOCATE|[EXTERNAL]|Bytes:12
16:23:06.0 (43626625)|VARIABLE_ASSIGNMENT|[EXTERNAL]|this.selected|false|0x75644378
16:23:06.0 (43674905)|HEAP_ALLOCATE|[EXTERNAL]|Bytes:5
16:23:06.0 (43679545)|HEAP_ALLOCATE|[EXTERNAL]|Bytes:12
16:23:06.0 (43686314)|VARIABLE_ASSIGNMENT|[EXTERNAL]|this.selected|false|0x5ac947d2
16:23:06.0 (43725406)|HEAP_ALLOCATE|[EXTERNAL]|Bytes:5
16:23:06.0 (43729627)|HEAP_ALLOCATE|[EXTERNAL]|Bytes:12
16:23:06.0 (43735710)|VARIABLE_ASSIGNMENT|[EXTERNAL]|this.selected|false|0xde1a070
16:23:06.0 (43775628)|HEAP_ALLOCATE|[EXTERNAL]|Bytes:5
16:23:06.0 (43780070)|HEAP_ALLOCATE|[EXTERNAL]|Bytes:12
16:23:06.0 (43785908)|VARIABLE_ASSIGNMENT|[EXTERNAL]|this.selected|false|0x3f0b6459
16:23:06.0 (43829655)|HEAP_ALLOCATE|[EXTERNAL]|Bytes:5
16:23:06.0 (43834247)|HEAP_ALLOCATE|[EXTERNAL]|Bytes:12
16:23:06.0 (43840208)|VARIABLE_ASSIGNMENT|[EXTERNAL]|this.selected|false|0x49f7da5f
16:23:06.0 (43880418)|HEAP_ALLOCATE|[EXTERNAL]|Bytes:5
16:23:06.0 (43884721)|HEAP_ALLOCATE|[EXTERNAL]|Bytes:12
16:23:06.0 (43890959)|VARIABLE_ASSIGNMENT|[EXTERNAL]|this.selected|false|0x5990f364
16:23:06.0 (43932834)|HEAP_ALLOCATE|[EXTERNAL]|Bytes:5
16:23:06.0 (43936993)|HEAP_ALLOCATE|[EXTERNAL]|Bytes:12
16:23:06.0 (43943405)|VARIABLE_ASSIGNMENT|[EXTERNAL]|this.selected|false|0x59f22a06
16:23:06.0 (43981730)|HEAP_ALLOCATE|[EXTERNAL]|Bytes:5
16:23:06.0 (43985992)|HEAP_ALLOCATE|[EXTERNAL]|Bytes:12
16:23:06.0 (43992111)|VARIABLE_ASSIGNMENT|[EXTERNAL]|this.selected|false|0x3dbfa4cd
16:23:06.0 (44030647)|HEAP_ALLOCATE|[EXTERNAL]|Bytes:5
16:23:06.0 (44041567)|HEAP_ALLOCATE|[EXTERNAL]|Bytes:12
16:23:06.0 (44052362)|VARIABLE_ASSIGNMENT|[EXTERNAL]|this.selected|false|0x4a6da407
16:23:06.0 (44109794)|HEAP_ALLOCATE|[EXTERNAL]|Bytes:5
16:23:06.0 (44114288)|HEAP_ALLOCATE|[EXTERNAL]|Bytes:12
16:23:06.0 (44120805)|VARIABLE_ASSIGNMENT|[EXTERNAL]|this.selected|false|0x143865fd
16:23:06.0 (44162335)|HEAP_ALLOCATE|[EXTERNAL]|Bytes:5
16:23:06.0 (44166982)|HEAP_ALLOCATE|[EXTERNAL]|Bytes:12
16:23:06.0 (44172626)|VARIABLE_ASSIGNMENT|[EXTERNAL]|this.selected|false|0x5c52cf66
16:23:06.0 (44213059)|HEAP_ALLOCATE|[EXTERNAL]|Bytes:5
16:23:06.0 (44217368)|HEAP_ALLOCATE|[EXTERNAL]|Bytes:12
16:23:06.0 (44223643)|VARIABLE_ASSIGNMENT|[EXTERNAL]|this.selected|false|0x1c0b91ed
16:23:06.0 (44262268)|HEAP_ALLOCATE|[EXTERNAL]|Bytes:5
16:23:06.0 (44266486)|HEAP_ALLOCATE|[EXTERNAL]|Bytes:12
16:23:06.0 (44271999)|VARIABLE_ASSIGNMENT|[EXTERNAL]|this.selected|false|0x3be153f7
16:23:06.0 (44309762)|HEAP_ALLOCATE|[EXTERNAL]|Bytes:5
16:23:06.0 (44313901)|HEAP_ALLOCATE|[EXTERNAL]|Bytes:12
16:23:06.0 (44319791)|VARIABLE_ASSIGNMENT|[EXTERNAL]|this.selected|false|0x6ca1cefb
16:23:06.0 (44363131)|HEAP_ALLOCATE|[EXTERNAL]|Bytes:5
16:23:06.0 (44367523)|HEAP_ALLOCATE|[EXTERNAL]|Bytes:12
16:23:06.0 (44374039)|VARIABLE_ASSIGNMENT|[EXTERNAL]|this.selected|false|0x264215f6
16:23:06.0 (44414567)|HEAP_ALLOCATE|[EXTERNAL]|Bytes:5
16:23:06.0 (44418892)|HEAP_ALLOCATE|[EXTERNAL]|Bytes:12
16:23:06.0 (44424534)|VARIABLE_ASSIGNMENT|[EXTERNAL]|this.selected|false|0x66067c2a
16:23:06.0 (44462846)|HEAP_ALLOCATE|[EXTERNAL]|Bytes:5
16:23:06.0 (44467109)|HEAP_ALLOCATE|[EXTERNAL]|Bytes:12
16:23:06.0 (44473208)|VARIABLE_ASSIGNMENT|[EXTERNAL]|this.selected|false|0x5749e5f6
16:23:06.0 (44526166)|SYSTEM_MODE_ENTER|true
16:23:06.0 (44543061)|HEAP_ALLOCATE|[EXTERNAL]|Bytes:8
16:23:06.0 (44547068)|HEAP_ALLOCATE|[EXTERNAL]|Bytes:48
16:23:06.0 (44555565)|VARIABLE_ASSIGNMENT|[EXTERNAL]|this.SelectedtimeSlot|30|0x54a046d2
16:23:06.0 (44590776)|SYSTEM_MODE_ENTER|true
16:23:06.0 (44904218)|HEAP_ALLOCATE|[EXTERNAL]|Bytes:48
16:23:06.0 (44914215)|VARIABLE_SCOPE_BEGIN|[62]|this|docappcontroller|true|false
16:23:06.0 (44954916)|VARIABLE_ASSIGNMENT|[62]|this|{"aptdum":"0x1234b78d","Docdum":"0x222a8a44","Docmap":"0x519e83b7","Initialselected":2,"Selecteddoc":"a260H000001koYlQAI","SelectedtimeSlot":30,"timelist":"0x3cd7cfd9","timeset":"0x4bf69072","timewraplist":"0x3adff9dd","timewraplistInitial":"0x3adff9dd"}|0x54a046d2
16:23:06.0 (44967969)|STATEMENT_EXECUTE|[62]
16:23:06.0 (44970056)|STATEMENT_EXECUTE|[64]
16:23:06.0 (45018197)|VARIABLE_ASSIGNMENT|[EXTERNAL]|this|{"aptdum":"0x1234b78d","Docdum":"0x222a8a44","Docmap":"0x519e83b7","Initialselected":2,"Selecteddoc":"a260H000001koYlQAI","SelectedtimeSlot":30,"timelist":"0x3cd7cfd9","timeset":"0x4bf69072","timewraplist":"0x3adff9dd","timewraplistInitial":"0x3adff9dd"}|0x54a046d2
16:23:06.0 (45054701)|USER_DEBUG|[64]|DEBUG|a260H000001koYlQAI
16:23:06.0 (45096126)|VARIABLE_ASSIGNMENT|[EXTERNAL]|this|{"aptdum":"0x1234b78d","Docdum":"0x222a8a44","Docmap":"0x519e83b7","Initialselected":2,"Selecteddoc":"a260H000001koYlQAI","SelectedtimeSlot":30,"timelist":"0x3cd7cfd9","timeset":"0x4bf69072","timewraplist":"0x3adff9dd","timewraplistInitial":"0x3adff9dd"}|0x54a046d2
16:23:06.0 (45130968)|VARIABLE_ASSIGNMENT|[EXTERNAL]|this|{"aptdum":"0x1234b78d","Docdum":"0x222a8a44","Docmap":"0x519e83b7","Initialselected":2,"Selecteddoc":"a260H000001koYlQAI","SelectedtimeSlot":30,"timelist":"0x3cd7cfd9","timeset":"0x4bf69072","timewraplist":"0x3adff9dd","timewraplistInitial":"0x3adff9dd"}|0x54a046d2
16:23:06.0 (45165505)|STATEMENT_EXECUTE|[67]
16:23:06.0 (45167710)|STATEMENT_EXECUTE|[68]
16:23:06.0 (45200223)|VARIABLE_ASSIGNMENT|[EXTERNAL]|this|{"aptdum":"0x1234b78d","Docdum":"0x222a8a44","Docmap":"0x519e83b7","Initialselected":2,"Selecteddoc":"a260H000001koYlQAI","SelectedtimeSlot":30,"timelist":"0x3cd7cfd9","timeset":"0x4bf69072","timewraplist":"0x3adff9dd","timewraplistInitial":"0x3adff9dd"}|0x54a046d2
16:23:06.0 (45234019)|VARIABLE_ASSIGNMENT|[EXTERNAL]|this|{"aptdum":"0x1234b78d","Docdum":"0x222a8a44","Docmap":"0x519e83b7","Initialselected":2,"Selecteddoc":"a260H000001koYlQAI","SelectedtimeSlot":30,"timelist":"0x3cd7cfd9","timeset":"0x4bf69072","timewraplist":"0x3adff9dd","timewraplistInitial":"0x3adff9dd"}|0x54a046d2
16:23:06.0 (45262117)|VARIABLE_SCOPE_BEGIN|[68]|d|Doctor__c|true|false
16:23:06.0 (45281445)|VARIABLE_ASSIGNMENT|[68]|d|{"Id":"a260H000001koYlQAI","Name":"doc4","End_Time__c":68400000,"Speciality__c":"Dermatology","Start_Time__c":32400000}|0x500e4c20
16:23:06.0 (45288342)|STATEMENT_EXECUTE|[69]
16:23:06.0 (45321997)|HEAP_ALLOCATE|[69]|Bytes:4
16:23:06.0 (45365009)|HEAP_ALLOCATE|[69]|Bytes:150
16:23:06.0 (45379030)|HEAP_ALLOCATE|[69]|Bytes:4
16:23:06.0 (45385667)|HEAP_ALLOCATE|[69]|Bytes:7
16:23:06.0 (45420259)|VARIABLE_ASSIGNMENT|[EXTERNAL]|this|{"aptdum":"0x1234b78d","Docdum":"0x222a8a44","Docmap":"0x519e83b7","Initialselected":2,"Selecteddoc":"a260H000001koYlQAI","SelectedtimeSlot":30,"timelist":"0x3cd7cfd9","timeset":"0x4bf69072","timewraplist":"0x3adff9dd","timewraplistInitial":"0x3adff9dd"}|0x54a046d2
16:23:06.0 (45439854)|HEAP_ALLOCATE|[69]|Bytes:7
16:23:06.0 (45471210)|VARIABLE_ASSIGNMENT|[EXTERNAL]|this|{"aptdum":"0x1234b78d","Docdum":"0x222a8a44","Docmap":"0x519e83b7","Initialselected":2,"Selecteddoc":"a260H000001koYlQAI","SelectedtimeSlot":30,"timelist":"0x3cd7cfd9","timeset":"0x4bf69072","timewraplist":"0x3adff9dd","timewraplistInitial":"0x3adff9dd"}|0x54a046d2
16:23:06.0 (45770988)|SOQL_EXECUTE_BEGIN|[69]|Aggregations:0|SELECT Id, Name, Doctor__c, Patient__c, End_Time__c, Start_Time__c FROM Appointment__c WHERE (Doctor__c = :tmpVar1 AND Appointment_Date__c = :tmpVar2)
16:23:06.0 (48929780)|SOQL_EXECUTE_END|[69]|Rows:1
16:23:06.0 (48950214)|HEAP_ALLOCATE|[69]|Bytes:8
16:23:06.0 (48965785)|HEAP_ALLOCATE|[69]|Bytes:147
16:23:06.0 (48994227)|HEAP_ALLOCATE|[69]|Bytes:8
16:23:06.0 (49020622)|HEAP_ALLOCATE|[69]|Bytes:28
16:23:06.0 (49027073)|HEAP_ALLOCATE|[69]|Bytes:28
16:23:06.0 (49031231)|HEAP_ALLOCATE|[69]|Bytes:4
16:23:06.0 (49040148)|VARIABLE_SCOPE_BEGIN|[69]|aptlist|List<Appointment__c>|true|false
16:23:06.0 (49049968)|HEAP_ALLOCATE|[EXTERNAL]|Bytes:8
16:23:06.0 (49069260)|VARIABLE_ASSIGNMENT|[69]|aptlist|[{"Id":"a250H00000HayYsQAJ","Name":"A-00006","Doctor__c":"a260H000001koYlQAI","Patient__c":"a270H000006vXiuQAE","End_Time__c":39600000,"Start_Time__c":37800000}]|0xb05374d
16:23:06.0 (49077400)|STATEMENT_EXECUTE|[70]
16:23:06.0 (49089303)|HEAP_ALLOCATE|[70]|Bytes:4
16:23:06.0 (49161690)|VARIABLE_ASSIGNMENT|[70]|this.timeset|[]|0x54a046d2
16:23:06.0 (49240481)|HEAP_ALLOCATE|[71]|Bytes:5
16:23:06.0 (49254210)|HEAP_ALLOCATE|[71]|Bytes:28
16:23:06.0 (49262362)|VARIABLE_SCOPE_BEGIN|[71]|apt|Appointment__c|true|false
16:23:06.0 (49282166)|VARIABLE_ASSIGNMENT|[71]|apt|{"Id":"a250H00000HayYsQAJ","Name":"A-00006","Doctor__c":"a260H000001koYlQAI","Patient__c":"a270H000006vXiuQAE","End_Time__c":39600000,"Start_Time__c":37800000}|0x46885ad1
16:23:06.0 (49290315)|STATEMENT_EXECUTE|[71]
16:23:06.0 (49292369)|STATEMENT_EXECUTE|[73]
16:23:06.0 (49322000)|VARIABLE_SCOPE_BEGIN|[73]|t|Time|false|false
16:23:06.0 (49335946)|VARIABLE_ASSIGNMENT|[73]|t|37800000
16:23:06.0 (49340424)|STATEMENT_EXECUTE|[74]
16:23:06.0 (49395237)|VARIABLE_SCOPE_BEGIN|[74]|i|Integer|false|false
16:23:06.0 (49403847)|HEAP_ALLOCATE|[74]|Bytes:4
16:23:06.0 (49411316)|VARIABLE_ASSIGNMENT|[74]|i|1
16:23:06.0 (49416083)|STATEMENT_EXECUTE|[75]
16:23:06.0 (49446411)|HEAP_ALLOCATE|[75]|Bytes:28
16:23:06.0 (49451213)|HEAP_ALLOCATE|[75]|Bytes:28
16:23:06.0 (49455684)|VARIABLE_SCOPE_BEGIN|[75]|i1|Decimal|false|false
16:23:06.0 (49469839)|VARIABLE_ASSIGNMENT|[75]|i1|0
16:23:06.0 (49474056)|STATEMENT_EXECUTE|[76]
16:23:06.0 (49499395)|HEAP_ALLOCATE|[EXTERNAL]|Bytes:4
16:23:06.0 (49521071)|STATEMENT_EXECUTE|[77]
16:23:06.0 (49522896)|STATEMENT_EXECUTE|[78]
16:23:06.0 (49609062)|USER_DEBUG|[78]|DEBUG|10:30:00.000Z
16:23:06.0 (49619323)|STATEMENT_EXECUTE|[79]
16:23:06.0 (49647898)|HEAP_ALLOCATE|[79]|Bytes:4
16:23:06.0 (49664356)|VARIABLE_ASSIGNMENT|[79]|t|39600000
16:23:06.0 (49669250)|STATEMENT_EXECUTE|[80]
16:23:06.0 (49672351)|HEAP_ALLOCATE|[80]|Bytes:3
16:23:06.0 (49683921)|HEAP_ALLOCATE|[80]|Bytes:28
16:23:06.0 (49723895)|HEAP_ALLOCATE|[80]|Bytes:28
16:23:06.0 (49739812)|VARIABLE_ASSIGNMENT|[80]|i1|0.5
16:23:06.0 (49744794)|STATEMENT_EXECUTE|[81]
16:23:06.0 (49762058)|HEAP_ALLOCATE|[EXTERNAL]|Bytes:4
16:23:06.0 (49775955)|HEAP_ALLOCATE|[82]|Bytes:28
16:23:06.0 (49779854)|HEAP_ALLOCATE|[82]|Bytes:28
16:23:06.0 (49785958)|HEAP_ALLOCATE|[82]|Bytes:28
16:23:06.0 (49809263)|HEAP_ALLOCATE|[82]|Bytes:28
16:23:06.0 (49845364)|HEAP_ALLOCATE|[71]|Bytes:5
16:23:06.0 (49858687)|VARIABLE_ASSIGNMENT|[71]|apt|null|
16:23:06.0 (49863789)|STATEMENT_EXECUTE|[93]
16:23:06.0 (49873068)|HEAP_ALLOCATE|[93]|Bytes:4
16:23:06.0 (49961402)|VARIABLE_ASSIGNMENT|[EXTERNAL]|this|{"aptdum":"0x1234b78d","Docdum":"0x222a8a44","Docmap":"0x519e83b7","Initialselected":2,"Selecteddoc":"a260H000001koYlQAI","SelectedtimeSlot":30,"timelist":"0x3cd7cfd9","timeset":"0x34518b57","timewraplist":"0x3adff9dd","timewraplistInitial":"0x3adff9dd"}|0x54a046d2
16:23:06.0 (49981545)|HEAP_ALLOCATE|[EXTERNAL]|Bytes:4
16:23:06.0 (49989324)|VARIABLE_ASSIGNMENT|[EXTERNAL]|value|[]|0x660b59d2
16:23:06.0 (50001710)|VARIABLE_ASSIGNMENT|[4]|this.timewraplist|[]|0x54a046d2
16:23:06.0 (50011459)|STATEMENT_EXECUTE|[94]
16:23:06.0 (50019165)|HEAP_ALLOCATE|[94]|Bytes:4
16:23:06.0 (50086929)|VARIABLE_ASSIGNMENT|[EXTERNAL]|this|{"aptdum":"0x1234b78d","Docdum":"0x222a8a44","Docmap":"0x519e83b7","Initialselected":2,"Selecteddoc":"a260H000001koYlQAI","SelectedtimeSlot":30,"timelist":"0x3cd7cfd9","timeset":"0x34518b57","timewraplist":"0x660b59d2","timewraplistInitial":"0x3adff9dd"}|0x54a046d2
16:23:06.0 (50105907)|HEAP_ALLOCATE|[EXTERNAL]|Bytes:4
16:23:06.0 (50113102)|VARIABLE_ASSIGNMENT|[EXTERNAL]|value|[]|0x5f46574
16:23:06.0 (50123831)|VARIABLE_ASSIGNMENT|[3]|this.timelist|[]|0x54a046d2
16:23:06.0 (50132152)|STATEMENT_EXECUTE|[95]
16:23:06.0 (50157430)|VARIABLE_SCOPE_BEGIN|[95]|t|Time|false|false
16:23:06.0 (50172370)|VARIABLE_ASSIGNMENT|[95]|t|32400000
16:23:06.0 (50176950)|STATEMENT_EXECUTE|[96]
16:23:06.0 (50215270)|VARIABLE_SCOPE_BEGIN|[96]|i|Integer|false|false
16:23:06.0 (50223570)|HEAP_ALLOCATE|[96]|Bytes:4
16:23:06.0 (50231574)|VARIABLE_ASSIGNMENT|[96]|i|10
16:23:06.0 (50236364)|STATEMENT_EXECUTE|[97]
16:23:06.0 (50244366)|HEAP_ALLOCATE|[97]|Bytes:28
16:23:06.0 (50248379)|HEAP_ALLOCATE|[97]|Bytes:28
16:23:06.0 (50252185)|VARIABLE_SCOPE_BEGIN|[97]|i1|Decimal|false|false
16:23:06.0 (50261786)|VARIABLE_ASSIGNMENT|[97]|i1|0
16:23:06.0 (50291256)|STATEMENT_EXECUTE|[98]
16:23:06.0 (50293099)|STATEMENT_EXECUTE|[99]
16:23:06.0 (50337182)|VARIABLE_ASSIGNMENT|[EXTERNAL]|this|{"aptdum":"0x1234b78d","Docdum":"0x222a8a44","Docmap":"0x519e83b7","Initialselected":2,"Selecteddoc":"a260H000001koYlQAI","SelectedtimeSlot":30,"timelist":"0x5f46574","timeset":"0x34518b57","timewraplist":"0x660b59d2","timewraplistInitial":"0x3adff9dd"}|0x54a046d2
16:23:06.0 (50354971)|HEAP_ALLOCATE|[99]|Bytes:12
16:23:06.0 (50373652)|CONSTRUCTOR_ENTRY|[99]|01p0H000007gCe8|<init>(Boolean,Time)
16:23:06.0 (50386697)|VARIABLE_SCOPE_BEGIN|[212]|this|docappcontroller.Wrapertimeslot|true|false
16:23:06.0 (50407612)|VARIABLE_ASSIGNMENT|[212]|this|{}|0x6970710b
16:23:06.0 (50415712)|VARIABLE_SCOPE_BEGIN|[212]|selection|Boolean|false|false
16:23:06.0 (50424875)|VARIABLE_ASSIGNMENT|[212]|selection|false
16:23:06.0 (50431541)|VARIABLE_SCOPE_BEGIN|[212]|tm|Time|false|false
16:23:06.0 (50441262)|VARIABLE_ASSIGNMENT|[212]|tm|32400000
16:23:06.0 (50446482)|STATEMENT_EXECUTE|[208]
16:23:06.0 (50448483)|STATEMENT_EXECUTE|[209]
16:23:06.0 (50450123)|STATEMENT_EXECUTE|[210]
16:23:06.0 (50457170)|HEAP_ALLOCATE|[213]|Bytes:6
16:23:06.0 (50481598)|STATEMENT_EXECUTE|[212]
16:23:06.0 (50483550)|STATEMENT_EXECUTE|[213]
16:23:06.0 (50533331)|VARIABLE_ASSIGNMENT|[EXTERNAL]|this|{}|0x6970710b
16:23:06.0 (50545197)|VARIABLE_ASSIGNMENT|[EXTERNAL]|value|false
16:23:06.0 (50552045)|HEAP_ALLOCATE|[209]|Bytes:5
16:23:06.0 (50559656)|VARIABLE_ASSIGNMENT|[209]|this.selected|false|0x6970710b
16:23:06.0 (50568678)|STATEMENT_EXECUTE|[214]
16:23:06.0 (50597853)|VARIABLE_ASSIGNMENT|[EXTERNAL]|this|{"selected":false}|0x6970710b
16:23:06.0 (50611992)|VARIABLE_ASSIGNMENT|[EXTERNAL]|value|32400000
16:23:06.0 (50621155)|VARIABLE_ASSIGNMENT|[210]|this.t|32400000|0x6970710b
16:23:06.0 (50635161)|CONSTRUCTOR_EXIT|[99]|01p0H000007gCe8|<init>(Boolean,Time)
16:23:06.0 (50649152)|HEAP_ALLOCATE|[EXTERNAL]|Bytes:4
16:23:06.0 (50656627)|STATEMENT_EXECUTE|[104]
16:23:06.0 (50696719)|VARIABLE_ASSIGNMENT|[EXTERNAL]|this|{"aptdum":"0x1234b78d","Docdum":"0x222a8a44","Docmap":"0x519e83b7","Initialselected":2,"Selecteddoc":"a260H000001koYlQAI","SelectedtimeSlot":30,"timelist":"0x5f46574","timeset":"0x34518b57","timewraplist":"0x660b59d2","timewraplistInitial":"0x3adff9dd"}|0x54a046d2
16:23:06.0 (50715852)|HEAP_ALLOCATE|[EXTERNAL]|Bytes:4
16:23:06.0 (50729874)|HEAP_ALLOCATE|[107]|Bytes:28
16:23:06.0 (50734969)|HEAP_ALLOCATE|[107]|Bytes:28
16:23:06.0 (50763661)|STATEMENT_EXECUTE|[107]
16:23:06.0 (50765801)|STATEMENT_EXECUTE|[108]
16:23:06.0 (50783255)|USER_DEBUG|[108]|DEBUG|09:00:00.000Z
16:23:06.0 (50796294)|STATEMENT_EXECUTE|[109]
16:23:06.0 (50817218)|HEAP_ALLOCATE|[109]|Bytes:4
16:23:06.0 (50835497)|VARIABLE_ASSIGNMENT|[109]|t|34200000
16:23:06.0 (50840725)|STATEMENT_EXECUTE|[110]
16:23:06.0 (50847138)|HEAP_ALLOCATE|[110]|Bytes:28
16:23:06.0 (50867355)|HEAP_ALLOCATE|[110]|Bytes:28
16:23:06.0 (50880890)|VARIABLE_ASSIGNMENT|[110]|i1|0.5
16:23:06.0 (50885489)|STATEMENT_EXECUTE|[111]
16:23:06.0 (50927728)|VARIABLE_ASSIGNMENT|[EXTERNAL]|this|{"aptdum":"0x1234b78d","Docdum":"0x222a8a44","Docmap":"0x519e83b7","Initialselected":2,"Selecteddoc":"a260H000001koYlQAI","SelectedtimeSlot":30,"timelist":"0x5f46574","timeset":"0x34518b57","timewraplist":"0x660b59d2","timewraplistInitial":"0x3adff9dd"}|0x54a046d2
16:23:06.0 (50946450)|HEAP_ALLOCATE|[EXTERNAL]|Bytes:4
16:23:06.0 (50973051)|STATEMENT_EXECUTE|[113]
16:23:06.0 (50975038)|STATEMENT_EXECUTE|[114]
16:23:06.0 (51007292)|VARIABLE_ASSIGNMENT|[EXTERNAL]|this|{"aptdum":"0x1234b78d","Docdum":"0x222a8a44","Docmap":"0x519e83b7","Initialselected":2,"Selecteddoc":"a260H000001koYlQAI","SelectedtimeSlot":30,"timelist":"0x5f46574","timeset":"0x34518b57","timewraplist":"0x660b59d2","timewraplistInitial":"0x3adff9dd"}|0x54a046d2
16:23:06.0 (51022392)|HEAP_ALLOCATE|[114]|Bytes:12
16:23:06.0 (51035259)|CONSTRUCTOR_ENTRY|[114]|01p0H000007gCe8|<init>(Boolean,Time)
16:23:06.0 (51041690)|VARIABLE_SCOPE_BEGIN|[212]|this|docappcontroller.Wrapertimeslot|true|false
16:23:06.0 (51054800)|VARIABLE_ASSIGNMENT|[212]|this|{}|0xc3fafa0
16:23:06.0 (51061935)|VARIABLE_SCOPE_BEGIN|[212]|selection|Boolean|false|false
16:23:06.0 (51069925)|VARIABLE_ASSIGNMENT|[212]|selection|false
16:23:06.0 (51073957)|VARIABLE_SCOPE_BEGIN|[212]|tm|Time|false|false
16:23:06.0 (51082476)|VARIABLE_ASSIGNMENT|[212]|tm|34200000
16:23:06.0 (51087419)|STATEMENT_EXECUTE|[208]
16:23:06.0 (51088974)|STATEMENT_EXECUTE|[209]
16:23:06.0 (51090490)|STATEMENT_EXECUTE|[210]
16:23:06.0 (51100852)|STATEMENT_EXECUTE|[212]
16:23:06.0 (51102562)|STATEMENT_EXECUTE|[213]
16:23:06.0 (51113764)|VARIABLE_ASSIGNMENT|[EXTERNAL]|this|{}|0xc3fafa0
16:23:06.0 (51123718)|VARIABLE_ASSIGNMENT|[EXTERNAL]|value|false
16:23:06.0 (51129079)|HEAP_ALLOCATE|[209]|Bytes:5
16:23:06.0 (51136728)|VARIABLE_ASSIGNMENT|[209]|this.selected|false|0xc3fafa0
16:23:06.0 (51145229)|STATEMENT_EXECUTE|[214]
16:23:06.0 (51156365)|VARIABLE_ASSIGNMENT|[EXTERNAL]|this|{"selected":false}|0xc3fafa0
16:23:06.0 (51164994)|VARIABLE_ASSIGNMENT|[EXTERNAL]|value|34200000
16:23:06.0 (51172341)|VARIABLE_ASSIGNMENT|[210]|this.t|34200000|0xc3fafa0
16:23:06.0 (51186210)|CONSTRUCTOR_EXIT|[114]|01p0H000007gCe8|<init>(Boolean,Time)
16:23:06.0 (51197676)|HEAP_ALLOCATE|[EXTERNAL]|Bytes:4
16:23:06.0 (51210120)|HEAP_ALLOCATE|[107]|Bytes:28
16:23:06.0 (51214127)|HEAP_ALLOCATE|[107]|Bytes:28
16:23:06.0 (51234897)|STATEMENT_EXECUTE|[107]
16:23:06.0 (51236743)|STATEMENT_EXECUTE|[108]
16:23:06.0 (51246484)|USER_DEBUG|[108]|DEBUG|09:30:00.000Z
16:23:06.0 (51253709)|STATEMENT_EXECUTE|[109]
16:23:06.0 (51263112)|HEAP_ALLOCATE|[109]|Bytes:4
16:23:06.0 (51276283)|VARIABLE_ASSIGNMENT|[109]|t|36000000
16:23:06.0 (51281211)|STATEMENT_EXECUTE|[110]
16:23:06.0 (51286658)|HEAP_ALLOCATE|[110]|Bytes:28
16:23:06.0 (51299433)|HEAP_ALLOCATE|[110]|Bytes:28
16:23:06.0 (51312287)|VARIABLE_ASSIGNMENT|[110]|i1|1.0
16:23:06.0 (51317068)|STATEMENT_EXECUTE|[111]
16:23:06.0 (51348063)|VARIABLE_ASSIGNMENT|[EXTERNAL]|this|{"aptdum":"0x1234b78d","Docdum":"0x222a8a44","Docmap":"0x519e83b7","Initialselected":2,"Selecteddoc":"a260H000001koYlQAI","SelectedtimeSlot":30,"timelist":"0x5f46574","timeset":"0x34518b57","timewraplist":"0x660b59d2","timewraplistInitial":"0x3adff9dd"}|0x54a046d2
16:23:06.0 (51364505)|HEAP_ALLOCATE|[EXTERNAL]|Bytes:4
16:23:06.0 (51376825)|STATEMENT_EXECUTE|[113]
16:23:06.0 (51378504)|STATEMENT_EXECUTE|[114]
16:23:06.0 (51409409)|VARIABLE_ASSIGNMENT|[EXTERNAL]|this|{"aptdum":"0x1234b78d","Docdum":"0x222a8a44","Docmap":"0x519e83b7","Initialselected":2,"Selecteddoc":"a260H000001koYlQAI","SelectedtimeSlot":30,"timelist":"0x5f46574","timeset":"0x34518b57","timewraplist":"0x660b59d2","timewraplistInitial":"0x3adff9dd"}|0x54a046d2
16:23:06.0 (51422805)|HEAP_ALLOCATE|[114]|Bytes:12
16:23:06.0 (51434758)|CONSTRUCTOR_ENTRY|[114]|01p0H000007gCe8|<init>(Boolean,Time)
16:23:06.0 (51441071)|VARIABLE_SCOPE_BEGIN|[212]|this|docappcontroller.Wrapertimeslot|true|false
16:23:06.0 (51454047)|VARIABLE_ASSIGNMENT|[212]|this|{}|0x3dc6df48
16:23:06.0 (51461098)|VARIABLE_SCOPE_BEGIN|[212]|selection|Boolean|false|false
16:23:06.0 (51468797)|VARIABLE_ASSIGNMENT|[212]|selection|false
16:23:06.0 (51472899)|VARIABLE_SCOPE_BEGIN|[212]|tm|Time|false|false
16:23:06.0 (51481346)|VARIABLE_ASSIGNMENT|[212]|tm|36000000
16:23:06.0 (51485961)|STATEMENT_EXECUTE|[208]
16:23:06.0 (51487564)|STATEMENT_EXECUTE|[209]
16:23:06.0 (51489136)|STATEMENT_EXECUTE|[210]
16:23:06.0 (51498272)|STATEMENT_EXECUTE|[212]
16:23:06.0 (51499900)|STATEMENT_EXECUTE|[213]
16:23:06.0 (51510924)|VARIABLE_ASSIGNMENT|[EXTERNAL]|this|{}|0x3dc6df48
16:23:06.0 (51520259)|VARIABLE_ASSIGNMENT|[EXTERNAL]|value|false
16:23:06.0 (51525401)|HEAP_ALLOCATE|[209]|Bytes:5
16:23:06.0 (51531600)|VARIABLE_ASSIGNMENT|[209]|this.selected|false|0x3dc6df48
16:23:06.0 (51538845)|STATEMENT_EXECUTE|[214]
16:23:06.0 (51549991)|VARIABLE_ASSIGNMENT|[EXTERNAL]|this|{"selected":false}|0x3dc6df48
16:23:06.0 (51559976)|VARIABLE_ASSIGNMENT|[EXTERNAL]|value|36000000
16:23:06.0 (51567397)|VARIABLE_ASSIGNMENT|[210]|this.t|36000000|0x3dc6df48
16:23:06.0 (51580527)|CONSTRUCTOR_EXIT|[114]|01p0H000007gCe8|<init>(Boolean,Time)
16:23:06.0 (51589844)|HEAP_ALLOCATE|[EXTERNAL]|Bytes:4
16:23:06.0 (51601551)|HEAP_ALLOCATE|[107]|Bytes:28
16:23:06.0 (51605455)|HEAP_ALLOCATE|[107]|Bytes:28
16:23:06.0 (51623871)|STATEMENT_EXECUTE|[107]
16:23:06.0 (51625670)|STATEMENT_EXECUTE|[108]
16:23:06.0 (51634534)|USER_DEBUG|[108]|DEBUG|10:00:00.000Z
16:23:06.0 (51641931)|STATEMENT_EXECUTE|[109]
16:23:06.0 (51650938)|HEAP_ALLOCATE|[109]|Bytes:4
16:23:06.0 (51666636)|VARIABLE_ASSIGNMENT|[109]|t|37800000
16:23:06.0 (51671970)|STATEMENT_EXECUTE|[110]
16:23:06.0 (51676844)|HEAP_ALLOCATE|[110]|Bytes:28
16:23:06.0 (51688868)|HEAP_ALLOCATE|[110]|Bytes:28
16:23:06.0 (51700504)|VARIABLE_ASSIGNMENT|[110]|i1|1.5
16:23:06.0 (51705154)|STATEMENT_EXECUTE|[111]
16:23:06.0 (51734603)|VARIABLE_ASSIGNMENT|[EXTERNAL]|this|{"aptdum":"0x1234b78d","Docdum":"0x222a8a44","Docmap":"0x519e83b7","Initialselected":2,"Selecteddoc":"a260H000001koYlQAI","SelectedtimeSlot":30,"timelist":"0x5f46574","timeset":"0x34518b57","timewraplist":"0x660b59d2","timewraplistInitial":"0x3adff9dd"}|0x54a046d2
16:23:06.0 (51750067)|HEAP_ALLOCATE|[EXTERNAL]|Bytes:4
16:23:06.0 (51774168)|STATEMENT_EXECUTE|[115]
16:23:06.0 (51776147)|STATEMENT_EXECUTE|[116]
16:23:06.0 (51813415)|VARIABLE_ASSIGNMENT|[EXTERNAL]|this|{"aptdum":"0x1234b78d","Docdum":"0x222a8a44","Docmap":"0x519e83b7","Initialselected":2,"Selecteddoc":"a260H000001koYlQAI","SelectedtimeSlot":30,"timelist":"0x5f46574","timeset":"0x34518b57","timewraplist":"0x660b59d2","timewraplistInitial":"0x3adff9dd"}|0x54a046d2
16:23:06.0 (51829172)|HEAP_ALLOCATE|[116]|Bytes:12
16:23:06.0 (51842218)|CONSTRUCTOR_ENTRY|[116]|01p0H000007gCe8|<init>(Boolean,Time)
16:23:06.0 (51848049)|VARIABLE_SCOPE_BEGIN|[212]|this|docappcontroller.Wrapertimeslot|true|false
16:23:06.0 (51860781)|VARIABLE_ASSIGNMENT|[212]|this|{}|0x243a3eed
16:23:06.0 (51867784)|VARIABLE_SCOPE_BEGIN|[212]|selection|Boolean|false|false
16:23:06.0 (51875032)|VARIABLE_ASSIGNMENT|[212]|selection|true
16:23:06.0 (51879100)|VARIABLE_SCOPE_BEGIN|[212]|tm|Time|false|false
16:23:06.0 (51887551)|VARIABLE_ASSIGNMENT|[212]|tm|37800000
16:23:06.0 (51891840)|STATEMENT_EXECUTE|[208]
16:23:06.0 (51897702)|STATEMENT_EXECUTE|[209]
16:23:06.0 (51899437)|STATEMENT_EXECUTE|[210]
16:23:06.0 (51908550)|STATEMENT_EXECUTE|[212]
16:23:06.0 (51910122)|STATEMENT_EXECUTE|[213]
16:23:06.0 (51921121)|VARIABLE_ASSIGNMENT|[EXTERNAL]|this|{}|0x243a3eed
16:23:06.0 (51929732)|VARIABLE_ASSIGNMENT|[EXTERNAL]|value|true
16:23:06.0 (51934905)|HEAP_ALLOCATE|[209]|Bytes:5
16:23:06.0 (51941095)|VARIABLE_ASSIGNMENT|[209]|this.selected|true|0x243a3eed
16:23:06.0 (51949387)|STATEMENT_EXECUTE|[214]
16:23:06.0 (51960933)|VARIABLE_ASSIGNMENT|[EXTERNAL]|this|{"selected":true}|0x243a3eed
16:23:06.0 (51969870)|VARIABLE_ASSIGNMENT|[EXTERNAL]|value|37800000
16:23:06.0 (51976464)|VARIABLE_ASSIGNMENT|[210]|this.t|37800000|0x243a3eed
16:23:06.0 (51989132)|CONSTRUCTOR_EXIT|[116]|01p0H000007gCe8|<init>(Boolean,Time)
16:23:06.0 (52000020)|HEAP_ALLOCATE|[EXTERNAL]|Bytes:4
16:23:06.0 (52006720)|STATEMENT_EXECUTE|[117]
16:23:06.0 (52012416)|HEAP_ALLOCATE|[117]|Bytes:4
16:23:06.0 (52020683)|VARIABLE_ASSIGNMENT|[117]|this.Initialselected|3|0x54a046d2
16:23:06.0 (52032094)|HEAP_ALLOCATE|[107]|Bytes:28
16:23:06.0 (52035685)|HEAP_ALLOCATE|[107]|Bytes:28
16:23:06.0 (52055145)|STATEMENT_EXECUTE|[107]
16:23:06.0 (52056930)|STATEMENT_EXECUTE|[108]
16:23:06.0 (52065673)|USER_DEBUG|[108]|DEBUG|10:30:00.000Z
16:23:06.0 (52072784)|STATEMENT_EXECUTE|[109]
16:23:06.0 (52081792)|HEAP_ALLOCATE|[109]|Bytes:4
16:23:06.0 (52095307)|VARIABLE_ASSIGNMENT|[109]|t|39600000
16:23:06.0 (52100026)|STATEMENT_EXECUTE|[110]
16:23:06.0 (52104988)|HEAP_ALLOCATE|[110]|Bytes:28
16:23:06.0 (52117377)|HEAP_ALLOCATE|[110]|Bytes:28
16:23:06.0 (52128413)|VARIABLE_ASSIGNMENT|[110]|i1|2.0
16:23:06.0 (52133328)|STATEMENT_EXECUTE|[111]
16:23:06.0 (52162733)|VARIABLE_ASSIGNMENT|[EXTERNAL]|this|{"aptdum":"0x1234b78d","Docdum":"0x222a8a44","Docmap":"0x519e83b7","Initialselected":3,"Selecteddoc":"a260H000001koYlQAI","SelectedtimeSlot":30,"timelist":"0x5f46574","timeset":"0x34518b57","timewraplist":"0x660b59d2","timewraplistInitial":"0x3adff9dd"}|0x54a046d2
16:23:06.0 (52177770)|HEAP_ALLOCATE|[EXTERNAL]|Bytes:4
16:23:06.0 (52190393)|STATEMENT_EXECUTE|[115]
16:23:06.0 (52192108)|STATEMENT_EXECUTE|[116]
16:23:06.0 (52216966)|VARIABLE_ASSIGNMENT|[EXTERNAL]|this|{"aptdum":"0x1234b78d","Docdum":"0x222a8a44","Docmap":"0x519e83b7","Initialselected":3,"Selecteddoc":"a260H000001koYlQAI","SelectedtimeSlot":30,"timelist":"0x5f46574","timeset":"0x34518b57","timewraplist":"0x660b59d2","timewraplistInitial":"0x3adff9dd"}|0x54a046d2
16:23:06.0 (52229204)|HEAP_ALLOCATE|[116]|Bytes:12
16:23:06.0 (52240144)|CONSTRUCTOR_ENTRY|[116]|01p0H000007gCe8|<init>(Boolean,Time)
16:23:06.0 (52245451)|VARIABLE_SCOPE_BEGIN|[212]|this|docappcontroller.Wrapertimeslot|true|false
16:23:06.0 (52257620)|VARIABLE_ASSIGNMENT|[212]|this|{}|0x73662a33
16:23:06.0 (52263920)|VARIABLE_SCOPE_BEGIN|[212]|selection|Boolean|false|false
16:23:06.0 (52271178)|VARIABLE_ASSIGNMENT|[212]|selection|true
16:23:06.0 (52274702)|VARIABLE_SCOPE_BEGIN|[212]|tm|Time|false|false
16:23:06.0 (52282632)|VARIABLE_ASSIGNMENT|[212]|tm|39600000
16:23:06.0 (52286996)|STATEMENT_EXECUTE|[208]
16:23:06.0 (52288865)|STATEMENT_EXECUTE|[209]
16:23:06.0 (52290556)|STATEMENT_EXECUTE|[210]
16:23:06.0 (52299154)|STATEMENT_EXECUTE|[212]
16:23:06.0 (52300768)|STATEMENT_EXECUTE|[213]
16:23:06.0 (52311095)|VARIABLE_ASSIGNMENT|[EXTERNAL]|this|{}|0x73662a33
16:23:06.0 (52319621)|VARIABLE_ASSIGNMENT|[EXTERNAL]|value|true
16:23:06.0 (52324374)|HEAP_ALLOCATE|[209]|Bytes:5
16:23:06.0 (52330620)|VARIABLE_ASSIGNMENT|[209]|this.selected|true|0x73662a33
16:23:06.0 (52338785)|STATEMENT_EXECUTE|[214]
16:23:06.0 (52349560)|VARIABLE_ASSIGNMENT|[EXTERNAL]|this|{"selected":true}|0x73662a33
16:23:06.0 (52357943)|VARIABLE_ASSIGNMENT|[EXTERNAL]|value|39600000
16:23:06.0 (52365050)|VARIABLE_ASSIGNMENT|[210]|this.t|39600000|0x73662a33
16:23:06.0 (52377745)|CONSTRUCTOR_EXIT|[116]|01p0H000007gCe8|<init>(Boolean,Time)
16:23:06.0 (52386754)|HEAP_ALLOCATE|[EXTERNAL]|Bytes:4
16:23:06.0 (52393169)|STATEMENT_EXECUTE|[117]
16:23:06.0 (52396932)|HEAP_ALLOCATE|[117]|Bytes:4
16:23:06.0 (52403768)|VARIABLE_ASSIGNMENT|[117]|this.Initialselected|4|0x54a046d2
16:23:06.0 (52413686)|HEAP_ALLOCATE|[107]|Bytes:28
16:23:06.0 (52417926)|HEAP_ALLOCATE|[107]|Bytes:28
16:23:06.0 (52435832)|STATEMENT_EXECUTE|[107]
16:23:06.0 (52437522)|STATEMENT_EXECUTE|[108]
16:23:06.0 (52446273)|USER_DEBUG|[108]|DEBUG|11:00:00.000Z
16:23:06.0 (52452724)|STATEMENT_EXECUTE|[109]
16:23:06.0 (52461331)|HEAP_ALLOCATE|[109]|Bytes:4
16:23:06.0 (52473499)|VARIABLE_ASSIGNMENT|[109]|t|41400000
16:23:06.0 (52477774)|STATEMENT_EXECUTE|[110]
16:23:06.0 (52482517)|HEAP_ALLOCATE|[110]|Bytes:28
16:23:06.0 (52494249)|HEAP_ALLOCATE|[110]|Bytes:28
16:23:06.0 (52505319)|VARIABLE_ASSIGNMENT|[110]|i1|2.5
16:23:06.0 (52509169)|STATEMENT_EXECUTE|[111]
16:23:06.0 (52538951)|VARIABLE_ASSIGNMENT|[EXTERNAL]|this|{"aptdum":"0x1234b78d","Docdum":"0x222a8a44","Docmap":"0x519e83b7","Initialselected":4,"Selecteddoc":"a260H000001koYlQAI","SelectedtimeSlot":30,"timelist":"0x5f46574","timeset":"0x34518b57","timewraplist":"0x660b59d2","timewraplistInitial":"0x3adff9dd"}|0x54a046d2
16:23:06.0 (52553672)|HEAP_ALLOCATE|[EXTERNAL]|Bytes:4
16:23:06.0 (52565941)|STATEMENT_EXECUTE|[113]
16:23:06.0 (52568038)|STATEMENT_EXECUTE|[114]
16:23:06.0 (52593639)|VARIABLE_ASSIGNMENT|[EXTERNAL]|this|{"aptdum":"0x1234b78d","Docdum":"0x222a8a44","Docmap":"0x519e83b7","Initialselected":4,"Selecteddoc":"a260H000001koYlQAI","SelectedtimeSlot":30,"timelist":"0x5f46574","timeset":"0x34518b57","timewraplist":"0x660b59d2","timewraplistInitial":"0x3adff9dd"}|0x54a046d2
16:23:06.0 (52605627)|HEAP_ALLOCATE|[114]|Bytes:12
16:23:06.0 (52616908)|CONSTRUCTOR_ENTRY|[114]|01p0H000007gCe8|<init>(Boolean,Time)
16:23:06.0 (52622337)|VARIABLE_SCOPE_BEGIN|[212]|this|docappcontroller.Wrapertimeslot|true|false
16:23:06.0 (52634438)|VARIABLE_ASSIGNMENT|[212]|this|{}|0x1bea04cd
16:23:06.0 (52641017)|VARIABLE_SCOPE_BEGIN|[212]|selection|Boolean|false|false
16:23:06.0 (52648511)|VARIABLE_ASSIGNMENT|[212]|selection|false
16:23:06.0 (52652286)|VARIABLE_SCOPE_BEGIN|[212]|tm|Time|false|false
16:23:06.0 (52660838)|VARIABLE_ASSIGNMENT|[212]|tm|41400000
16:23:06.0 (52665212)|STATEMENT_EXECUTE|[208]
16:23:06.0 (52666712)|STATEMENT_EXECUTE|[209]
16:23:06.0 (52668235)|STATEMENT_EXECUTE|[210]
16:23:06.0 (52676552)|STATEMENT_EXECUTE|[212]
16:23:06.0 (52678617)|STATEMENT_EXECUTE|[213]
16:23:06.0 (52689188)|VARIABLE_ASSIGNMENT|[EXTERNAL]|this|{}|0x1bea04cd
16:23:06.0 (52697828)|VARIABLE_ASSIGNMENT|[EXTERNAL]|value|false
16:23:06.0 (52702914)|HEAP_ALLOCATE|[209]|Bytes:5
16:23:06.0 (52709222)|VARIABLE_ASSIGNMENT|[209]|this.selected|false|0x1bea04cd
16:23:06.0 (52716568)|STATEMENT_EXECUTE|[214]
16:23:06.0 (52727164)|VARIABLE_ASSIGNMENT|[EXTERNAL]|this|{"selected":false}|0x1bea04cd
16:23:06.0 (52735874)|VARIABLE_ASSIGNMENT|[EXTERNAL]|value|41400000
16:23:06.0 (52742651)|VARIABLE_ASSIGNMENT|[210]|this.t|41400000|0x1bea04cd
16:23:06.0 (52755169)|CONSTRUCTOR_EXIT|[114]|01p0H000007gCe8|<init>(Boolean,Time)
16:23:06.0 (52764105)|HEAP_ALLOCATE|[EXTERNAL]|Bytes:4
16:23:06.0 (52774896)|HEAP_ALLOCATE|[107]|Bytes:28
16:23:06.0 (52778812)|HEAP_ALLOCATE|[107]|Bytes:28
16:23:06.0 (52795871)|STATEMENT_EXECUTE|[107]
16:23:06.0 (52797604)|STATEMENT_EXECUTE|[108]
16:23:06.0 (52805382)|USER_DEBUG|[108]|DEBUG|11:30:00.000Z
16:23:06.0 (52812082)|STATEMENT_EXECUTE|[109]
16:23:06.0 (52820844)|HEAP_ALLOCATE|[109]|Bytes:4
16:23:06.0 (52835635)|VARIABLE_ASSIGNMENT|[109]|t|43200000
16:23:06.0 (52839712)|STATEMENT_EXECUTE|[110]
16:23:06.0 (52844654)|HEAP_ALLOCATE|[110]|Bytes:28
16:23:06.0 (52856823)|HEAP_ALLOCATE|[110]|Bytes:28
16:23:06.0 (52867615)|VARIABLE_ASSIGNMENT|[110]|i1|3.0
16:23:06.0 (52871516)|STATEMENT_EXECUTE|[111]
16:23:06.0 (52904209)|VARIABLE_ASSIGNMENT|[EXTERNAL]|this|{"aptdum":"0x1234b78d","Docdum":"0x222a8a44","Docmap":"0x519e83b7","Initialselected":4,"Selecteddoc":"a260H000001koYlQAI","SelectedtimeSlot":30,"timelist":"0x5f46574","timeset":"0x34518b57","timewraplist":"0x660b59d2","timewraplistInitial":"0x3adff9dd"}|0x54a046d2
16:23:06.0 (52919044)|HEAP_ALLOCATE|[EXTERNAL]|Bytes:4
16:23:06.0 (52931183)|STATEMENT_EXECUTE|[113]
16:23:06.0 (52932805)|STATEMENT_EXECUTE|[114]
16:23:06.0 (52958538)|VARIABLE_ASSIGNMENT|[EXTERNAL]|this|{"aptdum":"0x1234b78d","Docdum":"0x222a8a44","Docmap":"0x519e83b7","Initialselected":4,"Selecteddoc":"a260H000001koYlQAI","SelectedtimeSlot":30,"timelist":"0x5f46574","timeset":"0x34518b57","timewraplist":"0x660b59d2","timewraplistInitial":"0x3adff9dd"}|0x54a046d2
16:23:06.0 (52970591)|HEAP_ALLOCATE|[114]|Bytes:12
16:23:06.0 (52981622)|CONSTRUCTOR_ENTRY|[114]|01p0H000007gCe8|<init>(Boolean,Time)
16:23:06.0 (52987473)|VARIABLE_SCOPE_BEGIN|[212]|this|docappcontroller.Wrapertimeslot|true|false
16:23:06.0 (52999799)|VARIABLE_ASSIGNMENT|[212]|this|{}|0x74a0ec5
16:23:06.0 (53006329)|VARIABLE_SCOPE_BEGIN|[212]|selection|Boolean|false|false
16:23:06.0 (53014320)|VARIABLE_ASSIGNMENT|[212]|selection|false
16:23:06.0 (53017964)|VARIABLE_SCOPE_BEGIN|[212]|tm|Time|false|false
16:23:06.0 (53025948)|VARIABLE_ASSIGNMENT|[212]|tm|43200000
16:23:06.0 (53030419)|STATEMENT_EXECUTE|[208]
16:23:06.0 (53031939)|STATEMENT_EXECUTE|[209]
16:23:06.0 (53033437)|STATEMENT_EXECUTE|[210]
16:23:06.0 (53041819)|STATEMENT_EXECUTE|[212]
16:23:06.0 (53043375)|STATEMENT_EXECUTE|[213]
16:23:06.0 (53053853)|VARIABLE_ASSIGNMENT|[EXTERNAL]|this|{}|0x74a0ec5
16:23:06.0 (53062799)|VARIABLE_ASSIGNMENT|[EXTERNAL]|value|false
16:23:06.0 (53068089)|HEAP_ALLOCATE|[209]|Bytes:5
16:23:06.0 (53073986)|VARIABLE_ASSIGNMENT|[209]|this.selected|false|0x74a0ec5
16:23:06.0 (53081795)|STATEMENT_EXECUTE|[214]
16:23:06.0 (53092872)|VARIABLE_ASSIGNMENT|[EXTERNAL]|this|{"selected":false}|0x74a0ec5
16:23:06.0 (53101595)|VARIABLE_ASSIGNMENT|[EXTERNAL]|value|43200000
16:23:06.0 (53111803)|VARIABLE_ASSIGNMENT|[210]|this.t|43200000|0x74a0ec5
16:23:06.0 (53125264)|CONSTRUCTOR_EXIT|[114]|01p0H000007gCe8|<init>(Boolean,Time)
16:23:06.0 (53134724)|HEAP_ALLOCATE|[EXTERNAL]|Bytes:4
16:23:06.0 (53145819)|HEAP_ALLOCATE|[107]|Bytes:28
16:23:06.0 (53149555)|HEAP_ALLOCATE|[107]|Bytes:28
16:23:06.0 (53166748)|STATEMENT_EXECUTE|[107]
16:23:06.0 (53168536)|STATEMENT_EXECUTE|[108]
16:23:06.0 (53177129)|USER_DEBUG|[108]|DEBUG|12:00:00.000Z
16:23:06.0 (53183545)|STATEMENT_EXECUTE|[109]
16:23:06.0 (53191680)|HEAP_ALLOCATE|[109]|Bytes:4
16:23:06.0 (53204497)|VARIABLE_ASSIGNMENT|[109]|t|45000000
16:23:06.0 (53208805)|STATEMENT_EXECUTE|[110]
16:23:06.0 (53213760)|HEAP_ALLOCATE|[110]|Bytes:28
16:23:06.0 (53225868)|HEAP_ALLOCATE|[110]|Bytes:28
16:23:06.0 (53236916)|VARIABLE_ASSIGNMENT|[110]|i1|3.5
16:23:06.0 (53241100)|STATEMENT_EXECUTE|[111]
16:23:06.0 (53269681)|VARIABLE_ASSIGNMENT|[EXTERNAL]|this|{"aptdum":"0x1234b78d","Docdum":"0x222a8a44","Docmap":"0x519e83b7","Initialselected":4,"Selecteddoc":"a260H000001koYlQAI","SelectedtimeSlot":30,"timelist":"0x5f46574","timeset":"0x34518b57","timewraplist":"0x660b59d2","timewraplistInitial":"0x3adff9dd"}|0x54a046d2
16:23:06.0 (53284550)|HEAP_ALLOCATE|[EXTERNAL]|Bytes:4
16:23:06.0 (53296644)|STATEMENT_EXECUTE|[113]
16:23:06.0 (53298259)|STATEMENT_EXECUTE|[114]
16:23:06.0 (53322442)|VARIABLE_ASSIGNMENT|[EXTERNAL]|this|{"aptdum":"0x1234b78d","Docdum":"0x222a8a44","Docmap":"0x519e83b7","Initialselected":4,"Selecteddoc":"a260H000001koYlQAI","SelectedtimeSlot":30,"timelist":"0x5f46574","timeset":"0x34518b57","timewraplist":"0x660b59d2","timewraplistInitial":"0x3adff9dd"}|0x54a046d2
16:23:06.0 (53334103)|HEAP_ALLOCATE|[114]|Bytes:12
16:23:06.0 (53344610)|CONSTRUCTOR_ENTRY|[114]|01p0H000007gCe8|<init>(Boolean,Time)
16:23:06.0 (53349891)|VARIABLE_SCOPE_BEGIN|[212]|this|docappcontroller.Wrapertimeslot|true|false
16:23:06.0 (53361768)|VARIABLE_ASSIGNMENT|[212]|this|{}|0x2ad3a785
16:23:06.0 (53368317)|VARIABLE_SCOPE_BEGIN|[212]|selection|Boolean|false|false
16:23:06.0 (53376653)|VARIABLE_ASSIGNMENT|[212]|selection|false
16:23:06.0 (53380540)|VARIABLE_SCOPE_BEGIN|[212]|tm|Time|false|false
16:23:06.0 (53387877)|VARIABLE_ASSIGNMENT|[212]|tm|45000000
16:23:06.0 (53392140)|STATEMENT_EXECUTE|[208]
16:23:06.0 (53393726)|STATEMENT_EXECUTE|[209]
16:23:06.0 (53395180)|STATEMENT_EXECUTE|[210]
16:23:06.0 (53403632)|STATEMENT_EXECUTE|[212]
16:23:06.0 (53405232)|STATEMENT_EXECUTE|[213]
16:23:06.0 (53415766)|VARIABLE_ASSIGNMENT|[EXTERNAL]|this|{}|0x2ad3a785
16:23:06.0 (53424999)|VARIABLE_ASSIGNMENT|[EXTERNAL]|value|false
16:23:06.0 (53430050)|HEAP_ALLOCATE|[209]|Bytes:5
16:23:06.0 (53435889)|VARIABLE_ASSIGNMENT|[209]|this.selected|false|0x2ad3a785
16:23:06.0 (53442903)|STATEMENT_EXECUTE|[214]
16:23:06.0 (53453608)|VARIABLE_ASSIGNMENT|[EXTERNAL]|this|{"selected":false}|0x2ad3a785
16:23:06.0 (53462752)|VARIABLE_ASSIGNMENT|[EXTERNAL]|value|45000000
16:23:06.0 (53469509)|VARIABLE_ASSIGNMENT|[210]|this.t|45000000|0x2ad3a785
16:23:06.0 (53483143)|CONSTRUCTOR_EXIT|[114]|01p0H000007gCe8|<init>(Boolean,Time)
16:23:06.0 (53491794)|HEAP_ALLOCATE|[EXTERNAL]|Bytes:4
16:23:06.0 (53502455)|HEAP_ALLOCATE|[107]|Bytes:28
16:23:06.0 (53506945)|HEAP_ALLOCATE|[107]|Bytes:28
16:23:06.0 (53524095)|STATEMENT_EXECUTE|[107]
16:23:06.0 (53525892)|STATEMENT_EXECUTE|[108]
16:23:06.0 (53533693)|USER_DEBUG|[108]|DEBUG|12:30:00.000Z
16:23:06.0 (53540425)|STATEMENT_EXECUTE|[109]
16:23:06.0 (53548386)|HEAP_ALLOCATE|[109]|Bytes:4
16:23:06.0 (53560794)|VARIABLE_ASSIGNMENT|[109]|t|46800000
16:23:06.0 (53565202)|STATEMENT_EXECUTE|[110]
16:23:06.0 (53569996)|HEAP_ALLOCATE|[110]|Bytes:28
16:23:06.0 (53581615)|HEAP_ALLOCATE|[110]|Bytes:28
16:23:06.0 (53592624)|VARIABLE_ASSIGNMENT|[110]|i1|4.0
16:23:06.0 (53597288)|STATEMENT_EXECUTE|[111]
16:23:06.0 (53625538)|VARIABLE_ASSIGNMENT|[EXTERNAL]|this|{"aptdum":"0x1234b78d","Docdum":"0x222a8a44","Docmap":"0x519e83b7","Initialselected":4,"Selecteddoc":"a260H000001koYlQAI","SelectedtimeSlot":30,"timelist":"0x5f46574","timeset":"0x34518b57","timewraplist":"0x660b59d2","timewraplistInitial":"0x3adff9dd"}|0x54a046d2
16:23:06.0 (53640096)|HEAP_ALLOCATE|[EXTERNAL]|Bytes:4
16:23:06.0 (53651958)|STATEMENT_EXECUTE|[113]
16:23:06.0 (53653523)|STATEMENT_EXECUTE|[114]
16:23:06.0 (53677755)|VARIABLE_ASSIGNMENT|[EXTERNAL]|this|{"aptdum":"0x1234b78d","Docdum":"0x222a8a44","Docmap":"0x519e83b7","Initialselected":4,"Selecteddoc":"a260H000001koYlQAI","SelectedtimeSlot":30,"timelist":"0x5f46574","timeset":"0x34518b57","timewraplist":"0x660b59d2","timewraplistInitial":"0x3adff9dd"}|0x54a046d2
16:23:06.0 (53689440)|HEAP_ALLOCATE|[114]|Bytes:12
16:23:06.0 (53699782)|CONSTRUCTOR_ENTRY|[114]|01p0H000007gCe8|<init>(Boolean,Time)
16:23:06.0 (53704973)|VARIABLE_SCOPE_BEGIN|[212]|this|docappcontroller.Wrapertimeslot|true|false
16:23:06.0 (53717230)|VARIABLE_ASSIGNMENT|[212]|this|{}|0x4076730
16:23:06.0 (53723319)|VARIABLE_SCOPE_BEGIN|[212]|selection|Boolean|false|false
16:23:06.0 (53730791)|VARIABLE_ASSIGNMENT|[212]|selection|false
16:23:06.0 (53734062)|VARIABLE_SCOPE_BEGIN|[212]|tm|Time|false|false
16:23:06.0 (53741029)|VARIABLE_ASSIGNMENT|[212]|tm|46800000
16:23:06.0 (53745153)|STATEMENT_EXECUTE|[208]
16:23:06.0 (53746875)|STATEMENT_EXECUTE|[209]
16:23:06.0 (53748397)|STATEMENT_EXECUTE|[210]
16:23:06.0 (53756515)|STATEMENT_EXECUTE|[212]
16:23:06.0 (53758049)|STATEMENT_EXECUTE|[213]
16:23:06.0 (53768431)|VARIABLE_ASSIGNMENT|[EXTERNAL]|this|{}|0x4076730
16:23:06.0 (53777161)|VARIABLE_ASSIGNMENT|[EXTERNAL]|value|false
16:23:06.0 (53782311)|HEAP_ALLOCATE|[209]|Bytes:5
16:23:06.0 (53788154)|VARIABLE_ASSIGNMENT|[209]|this.selected|false|0x4076730
16:23:06.0 (53795336)|STATEMENT_EXECUTE|[214]
16:23:06.0 (53806287)|VARIABLE_ASSIGNMENT|[EXTERNAL]|this|{"selected":false}|0x4076730
16:23:06.0 (53815133)|VARIABLE_ASSIGNMENT|[EXTERNAL]|value|46800000
16:23:06.0 (53823587)|VARIABLE_ASSIGNMENT|[210]|this.t|46800000|0x4076730
16:23:06.0 (53838002)|CONSTRUCTOR_EXIT|[114]|01p0H000007gCe8|<init>(Boolean,Time)
16:23:06.0 (53847245)|HEAP_ALLOCATE|[EXTERNAL]|Bytes:4
16:23:06.0 (53858325)|HEAP_ALLOCATE|[107]|Bytes:28
16:23:06.0 (53862117)|HEAP_ALLOCATE|[107]|Bytes:28
16:23:06.0 (53878958)|STATEMENT_EXECUTE|[107]
16:23:06.0 (53880901)|STATEMENT_EXECUTE|[108]
16:23:06.0 (53889001)|USER_DEBUG|[108]|DEBUG|13:00:00.000Z
16:23:06.0 (53900098)|STATEMENT_EXECUTE|[109]
16:23:06.0 (53908436)|HEAP_ALLOCATE|[109]|Bytes:4
16:23:06.0 (53921930)|VARIABLE_ASSIGNMENT|[109]|t|48600000
16:23:06.0 (53926483)|STATEMENT_EXECUTE|[110]
16:23:06.0 (53931268)|HEAP_ALLOCATE|[110]|Bytes:28
16:23:06.0 (53943574)|HEAP_ALLOCATE|[110]|Bytes:28
16:23:06.0 (53954303)|VARIABLE_ASSIGNMENT|[110]|i1|4.5
16:23:06.0 (53958717)|STATEMENT_EXECUTE|[111]
16:23:06.0 (53987370)|VARIABLE_ASSIGNMENT|[EXTERNAL]|this|{"aptdum":"0x1234b78d","Docdum":"0x222a8a44","Docmap":"0x519e83b7","Initialselected":4,"Selecteddoc":"a260H000001koYlQAI","SelectedtimeSlot":30,"timelist":"0x5f46574","timeset":"0x34518b57","timewraplist":"0x660b59d2","timewraplistInitial":"0x3adff9dd"}|0x54a046d2
16:23:06.0 (54001789)|HEAP_ALLOCATE|[EXTERNAL]|Bytes:4
16:23:06.0 (54013953)|STATEMENT_EXECUTE|[113]
16:23:06.0 (54015602)|STATEMENT_EXECUTE|[114]
16:23:06.0 (54040223)|VARIABLE_ASSIGNMENT|[EXTERNAL]|this|{"aptdum":"0x1234b78d","Docdum":"0x222a8a44","Docmap":"0x519e83b7","Initialselected":4,"Selecteddoc":"a260H000001koYlQAI","SelectedtimeSlot":30,"timelist":"0x5f46574","timeset":"0x34518b57","timewraplist":"0x660b59d2","timewraplistInitial":"0x3adff9dd"}|0x54a046d2
16:23:06.0 (54051893)|HEAP_ALLOCATE|[114]|Bytes:12
16:23:06.0 (54062439)|CONSTRUCTOR_ENTRY|[114]|01p0H000007gCe8|<init>(Boolean,Time)
16:23:06.0 (54067601)|VARIABLE_SCOPE_BEGIN|[212]|this|docappcontroller.Wrapertimeslot|true|false
16:23:06.0 (54079658)|VARIABLE_ASSIGNMENT|[212]|this|{}|0x55269f5e
16:23:06.0 (54086238)|VARIABLE_SCOPE_BEGIN|[212]|selection|Boolean|false|false
16:23:06.0 (54097930)|VARIABLE_ASSIGNMENT|[212]|selection|false
16:23:06.0 (54104413)|VARIABLE_SCOPE_BEGIN|[212]|tm|Time|false|false
16:23:06.0 (54114288)|VARIABLE_ASSIGNMENT|[212]|tm|48600000
16:23:06.0 (54118542)|STATEMENT_EXECUTE|[208]
16:23:06.0 (54120054)|STATEMENT_EXECUTE|[209]
16:23:06.0 (54121577)|STATEMENT_EXECUTE|[210]
16:23:06.0 (54130493)|STATEMENT_EXECUTE|[212]
16:23:06.0 (54132103)|STATEMENT_EXECUTE|[213]
16:23:06.0 (54143095)|VARIABLE_ASSIGNMENT|[EXTERNAL]|this|{}|0x55269f5e
16:23:06.0 (54152264)|VARIABLE_ASSIGNMENT|[EXTERNAL]|value|false
16:23:06.0 (54157918)|HEAP_ALLOCATE|[209]|Bytes:5
16:23:06.0 (54164359)|VARIABLE_ASSIGNMENT|[209]|this.selected|false|0x55269f5e
16:23:06.0 (54171738)|STATEMENT_EXECUTE|[214]
16:23:06.0 (54182458)|VARIABLE_ASSIGNMENT|[EXTERNAL]|this|{"selected":false}|0x55269f5e
16:23:06.0 (54191226)|VARIABLE_ASSIGNMENT|[EXTERNAL]|value|48600000
16:23:06.0 (54198352)|VARIABLE_ASSIGNMENT|[210]|this.t|48600000|0x55269f5e
16:23:06.0 (54211615)|CONSTRUCTOR_EXIT|[114]|01p0H000007gCe8|<init>(Boolean,Time)
16:23:06.0 (54220487)|HEAP_ALLOCATE|[EXTERNAL]|Bytes:4
16:23:06.0 (54231310)|HEAP_ALLOCATE|[107]|Bytes:28
16:23:06.0 (54235176)|HEAP_ALLOCATE|[107]|Bytes:28
16:23:06.0 (54253053)|STATEMENT_EXECUTE|[107]
16:23:06.0 (54254850)|STATEMENT_EXECUTE|[108]
16:23:06.0 (54263446)|USER_DEBUG|[108]|DEBUG|13:30:00.000Z
16:23:06.0 (54269586)|STATEMENT_EXECUTE|[109]
16:23:06.0 (54278098)|HEAP_ALLOCATE|[109]|Bytes:4
16:23:06.0 (54290826)|VARIABLE_ASSIGNMENT|[109]|t|50400000
16:23:06.0 (54295925)|STATEMENT_EXECUTE|[110]
16:23:06.0 (54300764)|HEAP_ALLOCATE|[110]|Bytes:28
16:23:06.0 (54312428)|HEAP_ALLOCATE|[110]|Bytes:28
16:23:06.0 (54323756)|VARIABLE_ASSIGNMENT|[110]|i1|5.0
16:23:06.0 (54328024)|STATEMENT_EXECUTE|[111]
16:23:06.0 (54357465)|VARIABLE_ASSIGNMENT|[EXTERNAL]|this|{"aptdum":"0x1234b78d","Docdum":"0x222a8a44","Docmap":"0x519e83b7","Initialselected":4,"Selecteddoc":"a260H000001koYlQAI","SelectedtimeSlot":30,"timelist":"0x5f46574","timeset":"0x34518b57","timewraplist":"0x660b59d2","timewraplistInitial":"0x3adff9dd"}|0x54a046d2
16:23:06.0 (54372701)|HEAP_ALLOCATE|[EXTERNAL]|Bytes:4
16:23:06.0 (54384891)|STATEMENT_EXECUTE|[113]
16:23:06.0 (54386501)|STATEMENT_EXECUTE|[114]
16:23:06.0 (54411054)|VARIABLE_ASSIGNMENT|[EXTERNAL]|this|{"aptdum":"0x1234b78d","Docdum":"0x222a8a44","Docmap":"0x519e83b7","Initialselected":4,"Selecteddoc":"a260H000001koYlQAI","SelectedtimeSlot":30,"timelist":"0x5f46574","timeset":"0x34518b57","timewraplist":"0x660b59d2","timewraplistInitial":"0x3adff9dd"}|0x54a046d2
16:23:06.0 (54422678)|HEAP_ALLOCATE|[114]|Bytes:12
16:23:06.0 (54433024)|CONSTRUCTOR_ENTRY|[114]|01p0H000007gCe8|<init>(Boolean,Time)
16:23:06.0 (54438317)|VARIABLE_SCOPE_BEGIN|[212]|this|docappcontroller.Wrapertimeslot|true|false
16:23:06.0 (54451282)|VARIABLE_ASSIGNMENT|[212]|this|{}|0x5f6be388
16:23:06.0 (54457385)|VARIABLE_SCOPE_BEGIN|[212]|selection|Boolean|false|false
16:23:06.0 (54464342)|VARIABLE_ASSIGNMENT|[212]|selection|false
16:23:06.0 (54468244)|VARIABLE_SCOPE_BEGIN|[212]|tm|Time|false|false
16:23:06.0 (54475563)|VARIABLE_ASSIGNMENT|[212]|tm|50400000
16:23:06.0 (54480130)|STATEMENT_EXECUTE|[208]
16:23:06.0 (54481640)|STATEMENT_EXECUTE|[209]
16:23:06.0 (54483138)|STATEMENT_EXECUTE|[210]
16:23:06.0 (54491137)|STATEMENT_EXECUTE|[212]
16:23:06.0 (54492706)|STATEMENT_EXECUTE|[213]
16:23:06.0 (54502866)|VARIABLE_ASSIGNMENT|[EXTERNAL]|this|{}|0x5f6be388
16:23:06.0 (54512303)|VARIABLE_ASSIGNMENT|[EXTERNAL]|value|false
16:23:06.0 (54517133)|HEAP_ALLOCATE|[209]|Bytes:5
16:23:06.0 (54523061)|VARIABLE_ASSIGNMENT|[209]|this.selected|false|0x5f6be388
16:23:06.0 (54529977)|STATEMENT_EXECUTE|[214]
16:23:06.0 (54540270)|VARIABLE_ASSIGNMENT|[EXTERNAL]|this|{"selected":false}|0x5f6be388
16:23:06.0 (54549289)|VARIABLE_ASSIGNMENT|[EXTERNAL]|value|50400000
16:23:06.0 (54557175)|VARIABLE_ASSIGNMENT|[210]|this.t|50400000|0x5f6be388
16:23:06.0 (54570080)|CONSTRUCTOR_EXIT|[114]|01p0H000007gCe8|<init>(Boolean,Time)
16:23:06.0 (54579324)|HEAP_ALLOCATE|[EXTERNAL]|Bytes:4
16:23:06.0 (54589402)|HEAP_ALLOCATE|[107]|Bytes:28
16:23:06.0 (54593287)|HEAP_ALLOCATE|[107]|Bytes:28
16:23:06.0 (54610636)|STATEMENT_EXECUTE|[107]
16:23:06.0 (54612544)|STATEMENT_EXECUTE|[108]
16:23:06.0 (54620185)|USER_DEBUG|[108]|DEBUG|14:00:00.000Z
16:23:06.0 (54627208)|STATEMENT_EXECUTE|[109]
16:23:06.0 (54635356)|HEAP_ALLOCATE|[109]|Bytes:4
16:23:06.0 (54648171)|VARIABLE_ASSIGNMENT|[109]|t|52200000
16:23:06.0 (54652942)|STATEMENT_EXECUTE|[110]
16:23:06.0 (54657558)|HEAP_ALLOCATE|[110]|Bytes:28
16:23:06.0 (54669600)|HEAP_ALLOCATE|[110]|Bytes:28
16:23:06.0 (54680111)|VARIABLE_ASSIGNMENT|[110]|i1|5.5
16:23:06.0 (54684772)|STATEMENT_EXECUTE|[111]
16:23:06.0 (54714168)|VARIABLE_ASSIGNMENT|[EXTERNAL]|this|{"aptdum":"0x1234b78d","Docdum":"0x222a8a44","Docmap":"0x519e83b7","Initialselected":4,"Selecteddoc":"a260H000001koYlQAI","SelectedtimeSlot":30,"timelist":"0x5f46574","timeset":"0x34518b57","timewraplist":"0x660b59d2","timewraplistInitial":"0x3adff9dd"}|0x54a046d2
16:23:06.0 (54729518)|HEAP_ALLOCATE|[EXTERNAL]|Bytes:4
16:23:06.0 (54742155)|STATEMENT_EXECUTE|[113]
16:23:06.0 (54743782)|STATEMENT_EXECUTE|[114]
16:23:06.0 (54767887)|VARIABLE_ASSIGNMENT|[EXTERNAL]|this|{"aptdum":"0x1234b78d","Docdum":"0x222a8a44","Docmap":"0x519e83b7","Initialselected":4,"Selecteddoc":"a260H000001koYlQAI","SelectedtimeSlot":30,"timelist":"0x5f46574","timeset":"0x34518b57","timewraplist":"0x660b59d2","timewraplistInitial":"0x3adff9dd"}|0x54a046d2
16:23:06.0 (54779577)|HEAP_ALLOCATE|[114]|Bytes:12
16:23:06.0 (54789901)|CONSTRUCTOR_ENTRY|[114]|01p0H000007gCe8|<init>(Boolean,Time)
16:23:06.0 (54795264)|VARIABLE_SCOPE_BEGIN|[212]|this|docappcontroller.Wrapertimeslot|true|false
16:23:06.0 (54807377)|VARIABLE_ASSIGNMENT|[212]|this|{}|0x3cbcc90f
16:23:06.0 (54813916)|VARIABLE_SCOPE_BEGIN|[212]|selection|Boolean|false|false
16:23:06.0 (54824518)|VARIABLE_ASSIGNMENT|[212]|selection|false
16:23:06.0 (54830158)|VARIABLE_SCOPE_BEGIN|[212]|tm|Time|false|false
16:23:06.0 (54838626)|VARIABLE_ASSIGNMENT|[212]|tm|52200000
16:23:06.0 (54843313)|STATEMENT_EXECUTE|[208]
16:23:06.0 (54844839)|STATEMENT_EXECUTE|[209]
16:23:06.0 (54846338)|STATEMENT_EXECUTE|[210]
16:23:06.0 (54854690)|STATEMENT_EXECUTE|[212]
16:23:06.0 (54856228)|STATEMENT_EXECUTE|[213]
16:23:06.0 (54866889)|VARIABLE_ASSIGNMENT|[EXTERNAL]|this|{}|0x3cbcc90f
16:23:06.0 (54875593)|VARIABLE_ASSIGNMENT|[EXTERNAL]|value|false
16:23:06.0 (54880267)|HEAP_ALLOCATE|[209]|Bytes:5
16:23:06.0 (54886328)|VARIABLE_ASSIGNMENT|[209]|this.selected|false|0x3cbcc90f
16:23:06.0 (54897838)|STATEMENT_EXECUTE|[214]
16:23:06.0 (54909648)|VARIABLE_ASSIGNMENT|[EXTERNAL]|this|{"selected":false}|0x3cbcc90f
16:23:06.0 (54918881)|VARIABLE_ASSIGNMENT|[EXTERNAL]|value|52200000
16:23:06.0 (54925665)|VARIABLE_ASSIGNMENT|[210]|this.t|52200000|0x3cbcc90f
16:23:06.0 (54938649)|CONSTRUCTOR_EXIT|[114]|01p0H000007gCe8|<init>(Boolean,Time)
16:23:06.0 (54948387)|HEAP_ALLOCATE|[EXTERNAL]|Bytes:4
16:23:06.0 (54958704)|HEAP_ALLOCATE|[107]|Bytes:28
16:23:06.0 (54962476)|HEAP_ALLOCATE|[107]|Bytes:28
16:23:06.0 (54980012)|STATEMENT_EXECUTE|[107]
16:23:06.0 (54982199)|STATEMENT_EXECUTE|[108]
16:23:06.0 (54990164)|USER_DEBUG|[108]|DEBUG|14:30:00.000Z
16:23:06.0 (54996857)|STATEMENT_EXECUTE|[109]
16:23:06.0 (55004741)|HEAP_ALLOCATE|[109]|Bytes:4
16:23:06.0 (55017072)|VARIABLE_ASSIGNMENT|[109]|t|54000000
16:23:06.0 (55021747)|STATEMENT_EXECUTE|[110]
16:23:06.0 (55026474)|HEAP_ALLOCATE|[110]|Bytes:28
16:23:06.0 (55038117)|HEAP_ALLOCATE|[110]|Bytes:28
16:23:06.0 (55049008)|VARIABLE_ASSIGNMENT|[110]|i1|6.0
16:23:06.0 (55054291)|STATEMENT_EXECUTE|[111]
16:23:06.0 (55083700)|VARIABLE_ASSIGNMENT|[EXTERNAL]|this|{"aptdum":"0x1234b78d","Docdum":"0x222a8a44","Docmap":"0x519e83b7","Initialselected":4,"Selecteddoc":"a260H000001koYlQAI","SelectedtimeSlot":30,"timelist":"0x5f46574","timeset":"0x34518b57","timewraplist":"0x660b59d2","timewraplistInitial":"0x3adff9dd"}|0x54a046d2
16:23:06.0 (55098430)|HEAP_ALLOCATE|[EXTERNAL]|Bytes:4
16:23:06.0 (55110517)|STATEMENT_EXECUTE|[113]
16:23:06.0 (55112127)|STATEMENT_EXECUTE|[114]
16:23:06.0 (55137224)|VARIABLE_ASSIGNMENT|[EXTERNAL]|this|{"aptdum":"0x1234b78d","Docdum":"0x222a8a44","Docmap":"0x519e83b7","Initialselected":4,"Selecteddoc":"a260H000001koYlQAI","SelectedtimeSlot":30,"timelist":"0x5f46574","timeset":"0x34518b57","timewraplist":"0x660b59d2","timewraplistInitial":"0x3adff9dd"}|0x54a046d2
16:23:06.0 (55149380)|HEAP_ALLOCATE|[114]|Bytes:12
16:23:06.0 (55159523)|CONSTRUCTOR_ENTRY|[114]|01p0H000007gCe8|<init>(Boolean,Time)
16:23:06.0 (55165064)|VARIABLE_SCOPE_BEGIN|[212]|this|docappcontroller.Wrapertimeslot|true|false
16:23:06.0 (55177783)|VARIABLE_ASSIGNMENT|[212]|this|{}|0x5f10de0d
16:23:06.0 (55184325)|VARIABLE_SCOPE_BEGIN|[212]|selection|Boolean|false|false
16:23:06.0 (55191850)|VARIABLE_ASSIGNMENT|[212]|selection|false
16:23:06.0 (55195370)|VARIABLE_SCOPE_BEGIN|[212]|tm|Time|false|false
16:23:06.0 (55203331)|VARIABLE_ASSIGNMENT|[212]|tm|54000000
16:23:06.0 (55207597)|STATEMENT_EXECUTE|[208]
16:23:06.0 (55209107)|STATEMENT_EXECUTE|[209]
16:23:06.0 (55210600)|STATEMENT_EXECUTE|[210]
16:23:06.0 (55218817)|STATEMENT_EXECUTE|[212]
16:23:06.0 (55220340)|STATEMENT_EXECUTE|[213]
16:23:06.0 (55230604)|VARIABLE_ASSIGNMENT|[EXTERNAL]|this|{}|0x5f10de0d
16:23:06.0 (55239692)|VARIABLE_ASSIGNMENT|[EXTERNAL]|value|false
16:23:06.0 (55244699)|HEAP_ALLOCATE|[209]|Bytes:5
16:23:06.0 (55250770)|VARIABLE_ASSIGNMENT|[209]|this.selected|false|0x5f10de0d
16:23:06.0 (55257842)|STATEMENT_EXECUTE|[214]
16:23:06.0 (55268594)|VARIABLE_ASSIGNMENT|[EXTERNAL]|this|{"selected":false}|0x5f10de0d
16:23:06.0 (55277756)|VARIABLE_ASSIGNMENT|[EXTERNAL]|value|54000000
16:23:06.0 (55284384)|VARIABLE_ASSIGNMENT|[210]|this.t|54000000|0x5f10de0d
16:23:06.0 (55297264)|CONSTRUCTOR_EXIT|[114]|01p0H000007gCe8|<init>(Boolean,Time)
16:23:06.0 (55306502)|HEAP_ALLOCATE|[EXTERNAL]|Bytes:4
16:23:06.0 (55318172)|HEAP_ALLOCATE|[107]|Bytes:28
16:23:06.0 (55322091)|HEAP_ALLOCATE|[107]|Bytes:28
16:23:06.0 (55338519)|STATEMENT_EXECUTE|[107]
16:23:06.0 (55340415)|STATEMENT_EXECUTE|[108]
16:23:06.0 (55348360)|USER_DEBUG|[108]|DEBUG|15:00:00.000Z
16:23:06.0 (55354484)|STATEMENT_EXECUTE|[109]
16:23:06.0 (55362462)|HEAP_ALLOCATE|[109]|Bytes:4
16:23:06.0 (55374586)|VARIABLE_ASSIGNMENT|[109]|t|55800000
16:23:06.0 (55378831)|STATEMENT_EXECUTE|[110]
16:23:06.0 (55383918)|HEAP_ALLOCATE|[110]|Bytes:28
16:23:06.0 (55395709)|HEAP_ALLOCATE|[110]|Bytes:28
16:23:06.0 (55406516)|VARIABLE_ASSIGNMENT|[110]|i1|6.5
16:23:06.0 (55410501)|STATEMENT_EXECUTE|[111]
16:23:06.0 (55439612)|VARIABLE_ASSIGNMENT|[EXTERNAL]|this|{"aptdum":"0x1234b78d","Docdum":"0x222a8a44","Docmap":"0x519e83b7","Initialselected":4,"Selecteddoc":"a260H000001koYlQAI","SelectedtimeSlot":30,"timelist":"0x5f46574","timeset":"0x34518b57","timewraplist":"0x660b59d2","timewraplistInitial":"0x3adff9dd"}|0x54a046d2
16:23:06.0 (55454293)|HEAP_ALLOCATE|[EXTERNAL]|Bytes:4
16:23:06.0 (55466302)|STATEMENT_EXECUTE|[113]
16:23:06.0 (55467940)|STATEMENT_EXECUTE|[114]
16:23:06.0 (55492610)|VARIABLE_ASSIGNMENT|[EXTERNAL]|this|{"aptdum":"0x1234b78d","Docdum":"0x222a8a44","Docmap":"0x519e83b7","Initialselected":4,"Selecteddoc":"a260H000001koYlQAI","SelectedtimeSlot":30,"timelist":"0x5f46574","timeset":"0x34518b57","timewraplist":"0x660b59d2","timewraplistInitial":"0x3adff9dd"}|0x54a046d2
16:23:06.0 (55504588)|HEAP_ALLOCATE|[114]|Bytes:12
16:23:06.0 (55515263)|CONSTRUCTOR_ENTRY|[114]|01p0H000007gCe8|<init>(Boolean,Time)
16:23:06.0 (55520597)|VARIABLE_SCOPE_BEGIN|[212]|this|docappcontroller.Wrapertimeslot|true|false
16:23:06.0 (55532244)|VARIABLE_ASSIGNMENT|[212]|this|{}|0xeb45db8
16:23:06.0 (55539054)|VARIABLE_SCOPE_BEGIN|[212]|selection|Boolean|false|false
16:23:06.0 (55546681)|VARIABLE_ASSIGNMENT|[212]|selection|false
16:23:06.0 (55550247)|VARIABLE_SCOPE_BEGIN|[212]|tm|Time|false|false
16:23:06.0 (55557999)|VARIABLE_ASSIGNMENT|[212]|tm|55800000
16:23:06.0 (55562070)|STATEMENT_EXECUTE|[208]
16:23:06.0 (55563594)|STATEMENT_EXECUTE|[209]
16:23:06.0 (55565082)|STATEMENT_EXECUTE|[210]
16:23:06.0 (55572831)|STATEMENT_EXECUTE|[212]
16:23:06.0 (55574384)|STATEMENT_EXECUTE|[213]
16:23:06.0 (55584515)|VARIABLE_ASSIGNMENT|[EXTERNAL]|this|{}|0xeb45db8
16:23:06.0 (55593081)|VARIABLE_ASSIGNMENT|[EXTERNAL]|value|false
16:23:06.0 (55598103)|HEAP_ALLOCATE|[209]|Bytes:5
16:23:06.0 (55603772)|VARIABLE_ASSIGNMENT|[209]|this.selected|false|0xeb45db8
16:23:06.0 (55611373)|STATEMENT_EXECUTE|[214]
16:23:06.0 (55621955)|VARIABLE_ASSIGNMENT|[EXTERNAL]|this|{"selected":false}|0xeb45db8
16:23:06.0 (55631125)|VARIABLE_ASSIGNMENT|[EXTERNAL]|value|55800000
16:23:06.0 (55637837)|VARIABLE_ASSIGNMENT|[210]|this.t|55800000|0xeb45db8
16:23:06.0 (55650116)|CONSTRUCTOR_EXIT|[114]|01p0H000007gCe8|<init>(Boolean,Time)
16:23:06.0 (55659070)|HEAP_ALLOCATE|[EXTERNAL]|Bytes:4
16:23:06.0 (55669678)|HEAP_ALLOCATE|[107]|Bytes:28
16:23:06.0 (55673221)|HEAP_ALLOCATE|[107]|Bytes:28
16:23:06.0 (55690123)|STATEMENT_EXECUTE|[107]
16:23:06.0 (55691926)|STATEMENT_EXECUTE|[108]
16:23:06.0 (55699205)|USER_DEBUG|[108]|DEBUG|15:30:00.000Z
16:23:06.0 (55705396)|STATEMENT_EXECUTE|[109]
16:23:06.0 (55713211)|HEAP_ALLOCATE|[109]|Bytes:4
16:23:06.0 (55725727)|VARIABLE_ASSIGNMENT|[109]|t|57600000
16:23:06.0 (55729867)|STATEMENT_EXECUTE|[110]
16:23:06.0 (55734700)|HEAP_ALLOCATE|[110]|Bytes:28
16:23:06.0 (55746804)|HEAP_ALLOCATE|[110]|Bytes:28
16:23:06.0 (55757198)|VARIABLE_ASSIGNMENT|[110]|i1|7.0
16:23:06.0 (55761020)|STATEMENT_EXECUTE|[111]
16:23:06.0 (55789187)|VARIABLE_ASSIGNMENT|[EXTERNAL]|this|{"aptdum":"0x1234b78d","Docdum":"0x222a8a44","Docmap":"0x519e83b7","Initialselected":4,"Selecteddoc":"a260H000001koYlQAI","SelectedtimeSlot":30,"timelist":"0x5f46574","timeset":"0x34518b57","timewraplist":"0x660b59d2","timewraplistInitial":"0x3adff9dd"}|0x54a046d2
16:23:06.0 (55804252)|HEAP_ALLOCATE|[EXTERNAL]|Bytes:4
16:23:06.0 (55815521)|STATEMENT_EXECUTE|[113]
16:23:06.0 (55817291)|STATEMENT_EXECUTE|[114]
16:23:06.0 (55844245)|VARIABLE_ASSIGNMENT|[EXTERNAL]|this|{"aptdum":"0x1234b78d","Docdum":"0x222a8a44","Docmap":"0x519e83b7","Initialselected":4,"Selecteddoc":"a260H000001koYlQAI","SelectedtimeSlot":30,"timelist":"0x5f46574","timeset":"0x34518b57","timewraplist":"0x660b59d2","timewraplistInitial":"0x3adff9dd"}|0x54a046d2
16:23:06.0 (55856479)|HEAP_ALLOCATE|[114]|Bytes:12
16:23:06.0 (55866822)|CONSTRUCTOR_ENTRY|[114]|01p0H000007gCe8|<init>(Boolean,Time)
16:23:06.0 (55872128)|VARIABLE_SCOPE_BEGIN|[212]|this|docappcontroller.Wrapertimeslot|true|false
16:23:06.0 (55884048)|VARIABLE_ASSIGNMENT|[212]|this|{}|0x63a7a6c6
16:23:06.0 (55890509)|VARIABLE_SCOPE_BEGIN|[212]|selection|Boolean|false|false
16:23:06.0 (55901488)|VARIABLE_ASSIGNMENT|[212]|selection|false
16:23:06.0 (55905836)|VARIABLE_SCOPE_BEGIN|[212]|tm|Time|false|false
16:23:06.0 (55913698)|VARIABLE_ASSIGNMENT|[212]|tm|57600000
16:23:06.0 (55917687)|STATEMENT_EXECUTE|[208]
16:23:06.0 (55919505)|STATEMENT_EXECUTE|[209]
16:23:06.0 (55920985)|STATEMENT_EXECUTE|[210]
16:23:06.0 (55929452)|STATEMENT_EXECUTE|[212]
16:23:06.0 (55931037)|STATEMENT_EXECUTE|[213]
16:23:06.0 (55941645)|VARIABLE_ASSIGNMENT|[EXTERNAL]|this|{}|0x63a7a6c6
16:23:06.0 (55950166)|VARIABLE_ASSIGNMENT|[EXTERNAL]|value|false
16:23:06.0 (55954806)|HEAP_ALLOCATE|[209]|Bytes:5
16:23:06.0 (55961214)|VARIABLE_ASSIGNMENT|[209]|this.selected|false|0x63a7a6c6
16:23:06.0 (55968806)|STATEMENT_EXECUTE|[214]
16:23:06.0 (55979717)|VARIABLE_ASSIGNMENT|[EXTERNAL]|this|{"selected":false}|0x63a7a6c6
16:23:06.0 (55988388)|VARIABLE_ASSIGNMENT|[EXTERNAL]|value|57600000
16:23:06.0 (55994783)|VARIABLE_ASSIGNMENT|[210]|this.t|57600000|0x63a7a6c6
16:23:06.0 (56008598)|CONSTRUCTOR_EXIT|[114]|01p0H000007gCe8|<init>(Boolean,Time)
16:23:06.0 (56018530)|HEAP_ALLOCATE|[EXTERNAL]|Bytes:4
16:23:06.0 (56029833)|HEAP_ALLOCATE|[107]|Bytes:28
16:23:06.0 (56033855)|HEAP_ALLOCATE|[107]|Bytes:28
16:23:06.0 (56050796)|STATEMENT_EXECUTE|[107]
16:23:06.0 (56052659)|STATEMENT_EXECUTE|[108]
16:23:06.0 (56060231)|USER_DEBUG|[108]|DEBUG|16:00:00.000Z
16:23:06.0 (56066430)|STATEMENT_EXECUTE|[109]
16:23:06.0 (56074420)|HEAP_ALLOCATE|[109]|Bytes:4
16:23:06.0 (56086737)|VARIABLE_ASSIGNMENT|[109]|t|59400000
16:23:06.0 (56091200)|STATEMENT_EXECUTE|[110]
16:23:06.0 (56095895)|HEAP_ALLOCATE|[110]|Bytes:28
16:23:06.0 (56107476)|HEAP_ALLOCATE|[110]|Bytes:28
16:23:06.0 (56117802)|VARIABLE_ASSIGNMENT|[110]|i1|7.5
16:23:06.0 (56121673)|STATEMENT_EXECUTE|[111]
16:23:06.0 (56150157)|VARIABLE_ASSIGNMENT|[EXTERNAL]|this|{"aptdum":"0x1234b78d","Docdum":"0x222a8a44","Docmap":"0x519e83b7","Initialselected":4,"Selecteddoc":"a260H000001koYlQAI","SelectedtimeSlot":30,"timelist":"0x5f46574","timeset":"0x34518b57","timewraplist":"0x660b59d2","timewraplistInitial":"0x3adff9dd"}|0x54a046d2
16:23:06.0 (56164568)|HEAP_ALLOCATE|[EXTERNAL]|Bytes:4
16:23:06.0 (56176900)|STATEMENT_EXECUTE|[113]
16:23:06.0 (56178757)|STATEMENT_EXECUTE|[114]
16:23:06.0 (56203729)|VARIABLE_ASSIGNMENT|[EXTERNAL]|this|{"aptdum":"0x1234b78d","Docdum":"0x222a8a44","Docmap":"0x519e83b7","Initialselected":4,"Selecteddoc":"a260H000001koYlQAI","SelectedtimeSlot":30,"timelist":"0x5f46574","timeset":"0x34518b57","timewraplist":"0x660b59d2","timewraplistInitial":"0x3adff9dd"}|0x54a046d2
16:23:06.0 (56215804)|HEAP_ALLOCATE|[114]|Bytes:12
16:23:06.0 (56226294)|CONSTRUCTOR_ENTRY|[114]|01p0H000007gCe8|<init>(Boolean,Time)
16:23:06.0 (56231903)|VARIABLE_SCOPE_BEGIN|[212]|this|docappcontroller.Wrapertimeslot|true|false
16:23:06.0 (56243934)|VARIABLE_ASSIGNMENT|[212]|this|{}|0x57f23f2d
16:23:06.0 (56250961)|VARIABLE_SCOPE_BEGIN|[212]|selection|Boolean|false|false
16:23:06.0 (56258227)|VARIABLE_ASSIGNMENT|[212]|selection|false
16:23:06.0 (56261619)|VARIABLE_SCOPE_BEGIN|[212]|tm|Time|false|false
16:23:06.0 (56269688)|VARIABLE_ASSIGNMENT|[212]|tm|59400000
16:23:06.0 (56273909)|STATEMENT_EXECUTE|[208]
16:23:06.0 (56275447)|STATEMENT_EXECUTE|[209]
16:23:06.0 (56276955)|STATEMENT_EXECUTE|[210]
16:23:06.0 (56284940)|STATEMENT_EXECUTE|[212]
16:23:06.0 (56286757)|STATEMENT_EXECUTE|[213]
16:23:06.0 (56297381)|VARIABLE_ASSIGNMENT|[EXTERNAL]|this|{}|0x57f23f2d
16:23:06.0 (56306746)|VARIABLE_ASSIGNMENT|[EXTERNAL]|value|false
16:23:06.0 (56311665)|HEAP_ALLOCATE|[209]|Bytes:5
16:23:06.0 (56317668)|VARIABLE_ASSIGNMENT|[209]|this.selected|false|0x57f23f2d
16:23:06.0 (56324481)|STATEMENT_EXECUTE|[214]
16:23:06.0 (56335242)|VARIABLE_ASSIGNMENT|[EXTERNAL]|this|{"selected":false}|0x57f23f2d
16:23:06.0 (56344032)|VARIABLE_ASSIGNMENT|[EXTERNAL]|value|59400000
16:23:06.0 (56350914)|VARIABLE_ASSIGNMENT|[210]|this.t|59400000|0x57f23f2d
16:23:06.0 (56363322)|CONSTRUCTOR_EXIT|[114]|01p0H000007gCe8|<init>(Boolean,Time)
16:23:06.0 (56372137)|HEAP_ALLOCATE|[EXTERNAL]|Bytes:4
16:23:06.0 (56382615)|HEAP_ALLOCATE|[107]|Bytes:28
16:23:06.0 (56386229)|HEAP_ALLOCATE|[107]|Bytes:28
16:23:06.0 (56402812)|STATEMENT_EXECUTE|[107]
16:23:06.0 (56404601)|STATEMENT_EXECUTE|[108]
16:23:06.0 (56412067)|USER_DEBUG|[108]|DEBUG|16:30:00.000Z
16:23:06.0 (56418207)|STATEMENT_EXECUTE|[109]
16:23:06.0 (56426395)|HEAP_ALLOCATE|[109]|Bytes:4
16:23:06.0 (56438977)|VARIABLE_ASSIGNMENT|[109]|t|61200000
16:23:06.0 (56443907)|STATEMENT_EXECUTE|[110]
16:23:06.0 (56448644)|HEAP_ALLOCATE|[110]|Bytes:28
16:23:06.0 (56460125)|HEAP_ALLOCATE|[110]|Bytes:28
16:23:06.0 (56470030)|VARIABLE_ASSIGNMENT|[110]|i1|8.0
16:23:06.0 (56474353)|STATEMENT_EXECUTE|[111]
16:23:06.0 (56502119)|VARIABLE_ASSIGNMENT|[EXTERNAL]|this|{"aptdum":"0x1234b78d","Docdum":"0x222a8a44","Docmap":"0x519e83b7","Initialselected":4,"Selecteddoc":"a260H000001koYlQAI","SelectedtimeSlot":30,"timelist":"0x5f46574","timeset":"0x34518b57","timewraplist":"0x660b59d2","timewraplistInitial":"0x3adff9dd"}|0x54a046d2
16:23:06.0 (56519609)|HEAP_ALLOCATE|[EXTERNAL]|Bytes:4
16:23:06.0 (56531136)|STATEMENT_EXECUTE|[113]
16:23:06.0 (56532825)|STATEMENT_EXECUTE|[114]
16:23:06.0 (56557356)|VARIABLE_ASSIGNMENT|[EXTERNAL]|this|{"aptdum":"0x1234b78d","Docdum":"0x222a8a44","Docmap":"0x519e83b7","Initialselected":4,"Selecteddoc":"a260H000001koYlQAI","SelectedtimeSlot":30,"timelist":"0x5f46574","timeset":"0x34518b57","timewraplist":"0x660b59d2","timewraplistInitial":"0x3adff9dd"}|0x54a046d2
16:23:06.0 (56570001)|HEAP_ALLOCATE|[114]|Bytes:12
16:23:06.0 (56580503)|CONSTRUCTOR_ENTRY|[114]|01p0H000007gCe8|<init>(Boolean,Time)
16:23:06.0 (56585856)|VARIABLE_SCOPE_BEGIN|[212]|this|docappcontroller.Wrapertimeslot|true|false
16:23:06.0 (56597976)|VARIABLE_ASSIGNMENT|[212]|this|{}|0x11455199
16:23:06.0 (56603889)|VARIABLE_SCOPE_BEGIN|[212]|selection|Boolean|false|false
16:23:06.0 (56611261)|VARIABLE_ASSIGNMENT|[212]|selection|false
16:23:06.0 (56614558)|VARIABLE_SCOPE_BEGIN|[212]|tm|Time|false|false
16:23:06.0 (56621983)|VARIABLE_ASSIGNMENT|[212]|tm|61200000
16:23:06.0 (56626031)|STATEMENT_EXECUTE|[208]
16:23:06.0 (56627608)|STATEMENT_EXECUTE|[209]
16:23:06.0 (56629076)|STATEMENT_EXECUTE|[210]
16:23:06.0 (56637129)|STATEMENT_EXECUTE|[212]
16:23:06.0 (56638760)|STATEMENT_EXECUTE|[213]
16:23:06.0 (56649439)|VARIABLE_ASSIGNMENT|[EXTERNAL]|this|{}|0x11455199
16:23:06.0 (56657893)|VARIABLE_ASSIGNMENT|[EXTERNAL]|value|false
16:23:06.0 (56663092)|HEAP_ALLOCATE|[209]|Bytes:5
16:23:06.0 (56668867)|VARIABLE_ASSIGNMENT|[209]|this.selected|false|0x11455199
16:23:06.0 (56676568)|STATEMENT_EXECUTE|[214]
16:23:06.0 (56687147)|VARIABLE_ASSIGNMENT|[EXTERNAL]|this|{"selected":false}|0x11455199
16:23:06.0 (56695859)|VARIABLE_ASSIGNMENT|[EXTERNAL]|value|61200000
16:23:06.0 (56703659)|VARIABLE_ASSIGNMENT|[210]|this.t|61200000|0x11455199
16:23:06.0 (56716393)|CONSTRUCTOR_EXIT|[114]|01p0H000007gCe8|<init>(Boolean,Time)
16:23:06.0 (56725201)|HEAP_ALLOCATE|[EXTERNAL]|Bytes:4
16:23:06.0 (56735603)|HEAP_ALLOCATE|[107]|Bytes:28
16:23:06.0 (56739600)|HEAP_ALLOCATE|[107]|Bytes:28
16:23:06.0 (56756478)|STATEMENT_EXECUTE|[107]
16:23:06.0 (56758342)|STATEMENT_EXECUTE|[108]
16:23:06.0 (56766552)|USER_DEBUG|[108]|DEBUG|17:00:00.000Z
16:23:06.0 (56772601)|STATEMENT_EXECUTE|[109]
16:23:06.0 (56780522)|HEAP_ALLOCATE|[109]|Bytes:4
16:23:06.0 (56792826)|VARIABLE_ASSIGNMENT|[109]|t|63000000
16:23:06.0 (56797081)|STATEMENT_EXECUTE|[110]
16:23:06.0 (56801829)|HEAP_ALLOCATE|[110]|Bytes:28
16:23:06.0 (56813841)|HEAP_ALLOCATE|[110]|Bytes:28
16:23:06.0 (56826380)|VARIABLE_ASSIGNMENT|[110]|i1|8.5
16:23:06.0 (56830842)|STATEMENT_EXECUTE|[111]
16:23:06.0 (56859286)|VARIABLE_ASSIGNMENT|[EXTERNAL]|this|{"aptdum":"0x1234b78d","Docdum":"0x222a8a44","Docmap":"0x519e83b7","Initialselected":4,"Selecteddoc":"a260H000001koYlQAI","SelectedtimeSlot":30,"timelist":"0x5f46574","timeset":"0x34518b57","timewraplist":"0x660b59d2","timewraplistInitial":"0x3adff9dd"}|0x54a046d2
16:23:06.0 (56873589)|HEAP_ALLOCATE|[EXTERNAL]|Bytes:4
16:23:06.0 (56885450)|STATEMENT_EXECUTE|[113]
16:23:06.0 (56887124)|STATEMENT_EXECUTE|[114]
16:23:06.0 (56916228)|VARIABLE_ASSIGNMENT|[EXTERNAL]|this|{"aptdum":"0x1234b78d","Docdum":"0x222a8a44","Docmap":"0x519e83b7","Initialselected":4,"Selecteddoc":"a260H000001koYlQAI","SelectedtimeSlot":30,"timelist":"0x5f46574","timeset":"0x34518b57","timewraplist":"0x660b59d2","timewraplistInitial":"0x3adff9dd"}|0x54a046d2
16:23:06.0 (56929014)|HEAP_ALLOCATE|[114]|Bytes:12
16:23:06.0 (56939590)|CONSTRUCTOR_ENTRY|[114]|01p0H000007gCe8|<init>(Boolean,Time)
16:23:06.0 (56945202)|VARIABLE_SCOPE_BEGIN|[212]|this|docappcontroller.Wrapertimeslot|true|false
16:23:06.0 (56957156)|VARIABLE_ASSIGNMENT|[212]|this|{}|0x587633f5
16:23:06.0 (56963262)|VARIABLE_SCOPE_BEGIN|[212]|selection|Boolean|false|false
16:23:06.0 (56971121)|VARIABLE_ASSIGNMENT|[212]|selection|false
16:23:06.0 (56974573)|VARIABLE_SCOPE_BEGIN|[212]|tm|Time|false|false
16:23:06.0 (56982120)|VARIABLE_ASSIGNMENT|[212]|tm|63000000
16:23:06.0 (56986314)|STATEMENT_EXECUTE|[208]
16:23:06.0 (56987951)|STATEMENT_EXECUTE|[209]
16:23:06.0 (56989425)|STATEMENT_EXECUTE|[210]
16:23:06.0 (56997241)|STATEMENT_EXECUTE|[212]
16:23:06.0 (56998817)|STATEMENT_EXECUTE|[213]
16:23:06.0 (57009293)|VARIABLE_ASSIGNMENT|[EXTERNAL]|this|{}|0x587633f5
16:23:06.0 (57018193)|VARIABLE_ASSIGNMENT|[EXTERNAL]|value|false
16:23:06.0 (57023528)|HEAP_ALLOCATE|[209]|Bytes:5
16:23:06.0 (57029487)|VARIABLE_ASSIGNMENT|[209]|this.selected|false|0x587633f5
16:23:06.0 (57036477)|STATEMENT_EXECUTE|[214]
16:23:06.0 (57047052)|VARIABLE_ASSIGNMENT|[EXTERNAL]|this|{"selected":false}|0x587633f5
16:23:06.0 (57056277)|VARIABLE_ASSIGNMENT|[EXTERNAL]|value|63000000
16:23:06.0 (57063359)|VARIABLE_ASSIGNMENT|[210]|this.t|63000000|0x587633f5
16:23:06.0 (57076214)|CONSTRUCTOR_EXIT|[114]|01p0H000007gCe8|<init>(Boolean,Time)
16:23:06.0 (57085274)|HEAP_ALLOCATE|[EXTERNAL]|Bytes:4
16:23:06.0 (57095334)|HEAP_ALLOCATE|[107]|Bytes:28
16:23:06.0 (57099375)|HEAP_ALLOCATE|[107]|Bytes:28
16:23:06.0 (57116586)|STATEMENT_EXECUTE|[107]
16:23:06.0 (57118393)|STATEMENT_EXECUTE|[108]
16:23:06.0 (57125814)|USER_DEBUG|[108]|DEBUG|17:30:00.000Z
16:23:06.0 (57132364)|STATEMENT_EXECUTE|[109]
16:23:06.0 (57140412)|HEAP_ALLOCATE|[109]|Bytes:4
16:23:06.0 (57152127)|VARIABLE_ASSIGNMENT|[109]|t|64800000
16:23:06.0 (57156604)|STATEMENT_EXECUTE|[110]
16:23:06.0 (57161285)|HEAP_ALLOCATE|[110]|Bytes:28
16:23:06.0 (57172798)|HEAP_ALLOCATE|[110]|Bytes:28
16:23:06.0 (57183288)|VARIABLE_ASSIGNMENT|[110]|i1|9.0
16:23:06.0 (57187290)|STATEMENT_EXECUTE|[111]
16:23:06.0 (57214749)|VARIABLE_ASSIGNMENT|[EXTERNAL]|this|{"aptdum":"0x1234b78d","Docdum":"0x222a8a44","Docmap":"0x519e83b7","Initialselected":4,"Selecteddoc":"a260H000001koYlQAI","SelectedtimeSlot":30,"timelist":"0x5f46574","timeset":"0x34518b57","timewraplist":"0x660b59d2","timewraplistInitial":"0x3adff9dd"}|0x54a046d2
16:23:06.0 (57229458)|HEAP_ALLOCATE|[EXTERNAL]|Bytes:4
16:23:06.0 (57241526)|STATEMENT_EXECUTE|[113]
16:23:06.0 (57243316)|STATEMENT_EXECUTE|[114]
16:23:06.0 (57267478)|VARIABLE_ASSIGNMENT|[EXTERNAL]|this|{"aptdum":"0x1234b78d","Docdum":"0x222a8a44","Docmap":"0x519e83b7","Initialselected":4,"Selecteddoc":"a260H000001koYlQAI","SelectedtimeSlot":30,"timelist":"0x5f46574","timeset":"0x34518b57","timewraplist":"0x660b59d2","timewraplistInitial":"0x3adff9dd"}|0x54a046d2
16:23:06.0 (57279529)|HEAP_ALLOCATE|[114]|Bytes:12
16:23:06.0 (57289608)|CONSTRUCTOR_ENTRY|[114]|01p0H000007gCe8|<init>(Boolean,Time)
16:23:06.0 (57295427)|VARIABLE_SCOPE_BEGIN|[212]|this|docappcontroller.Wrapertimeslot|true|false
16:23:06.0 (57307586)|VARIABLE_ASSIGNMENT|[212]|this|{}|0x4b2fa086
16:23:06.0 (57313661)|VARIABLE_SCOPE_BEGIN|[212]|selection|Boolean|false|false
16:23:06.0 (57321050)|VARIABLE_ASSIGNMENT|[212]|selection|false
16:23:06.0 (57324669)|VARIABLE_SCOPE_BEGIN|[212]|tm|Time|false|false
16:23:06.0 (57332109)|VARIABLE_ASSIGNMENT|[212]|tm|64800000
16:23:06.0 (57336055)|STATEMENT_EXECUTE|[208]
16:23:06.0 (57337605)|STATEMENT_EXECUTE|[209]
16:23:06.0 (57339389)|STATEMENT_EXECUTE|[210]
16:23:06.0 (57347418)|STATEMENT_EXECUTE|[212]
16:23:06.0 (57348957)|STATEMENT_EXECUTE|[213]
16:23:06.0 (57359100)|VARIABLE_ASSIGNMENT|[EXTERNAL]|this|{}|0x4b2fa086
16:23:06.0 (57367855)|VARIABLE_ASSIGNMENT|[EXTERNAL]|value|false
16:23:06.0 (57373038)|HEAP_ALLOCATE|[209]|Bytes:5
16:23:06.0 (57378994)|VARIABLE_ASSIGNMENT|[209]|this.selected|false|0x4b2fa086
16:23:06.0 (57385842)|STATEMENT_EXECUTE|[214]
16:23:06.0 (57396488)|VARIABLE_ASSIGNMENT|[EXTERNAL]|this|{"selected":false}|0x4b2fa086
16:23:06.0 (57405164)|VARIABLE_ASSIGNMENT|[EXTERNAL]|value|64800000
16:23:06.0 (57412008)|VARIABLE_ASSIGNMENT|[210]|this.t|64800000|0x4b2fa086
16:23:06.0 (57424196)|CONSTRUCTOR_EXIT|[114]|01p0H000007gCe8|<init>(Boolean,Time)
16:23:06.0 (57433371)|HEAP_ALLOCATE|[EXTERNAL]|Bytes:4
16:23:06.0 (57443754)|HEAP_ALLOCATE|[107]|Bytes:28
16:23:06.0 (57447596)|HEAP_ALLOCATE|[107]|Bytes:28
16:23:06.0 (57464271)|STATEMENT_EXECUTE|[107]
16:23:06.0 (57466140)|STATEMENT_EXECUTE|[108]
16:23:06.0 (57474085)|USER_DEBUG|[108]|DEBUG|18:00:00.000Z
16:23:06.0 (57480861)|STATEMENT_EXECUTE|[109]
16:23:06.0 (57488678)|HEAP_ALLOCATE|[109]|Bytes:4
16:23:06.0 (57500982)|VARIABLE_ASSIGNMENT|[109]|t|66600000
16:23:06.0 (57505915)|STATEMENT_EXECUTE|[110]
16:23:06.0 (57510615)|HEAP_ALLOCATE|[110]|Bytes:28
16:23:06.0 (57522078)|HEAP_ALLOCATE|[110]|Bytes:28
16:23:06.0 (57532631)|VARIABLE_ASSIGNMENT|[110]|i1|9.5
16:23:06.0 (57537850)|STATEMENT_EXECUTE|[111]
16:23:06.0 (57565639)|VARIABLE_ASSIGNMENT|[EXTERNAL]|this|{"aptdum":"0x1234b78d","Docdum":"0x222a8a44","Docmap":"0x519e83b7","Initialselected":4,"Selecteddoc":"a260H000001koYlQAI","SelectedtimeSlot":30,"timelist":"0x5f46574","timeset":"0x34518b57","timewraplist":"0x660b59d2","timewraplistInitial":"0x3adff9dd"}|0x54a046d2
16:23:06.0 (57579525)|HEAP_ALLOCATE|[EXTERNAL]|Bytes:4
16:23:06.0 (57591483)|STATEMENT_EXECUTE|[113]
16:23:06.0 (57593095)|STATEMENT_EXECUTE|[114]
16:23:06.0 (57617474)|VARIABLE_ASSIGNMENT|[EXTERNAL]|this|{"aptdum":"0x1234b78d","Docdum":"0x222a8a44","Docmap":"0x519e83b7","Initialselected":4,"Selecteddoc":"a260H000001koYlQAI","SelectedtimeSlot":30,"timelist":"0x5f46574","timeset":"0x34518b57","timewraplist":"0x660b59d2","timewraplistInitial":"0x3adff9dd"}|0x54a046d2
16:23:06.0 (57629910)|HEAP_ALLOCATE|[114]|Bytes:12
16:23:06.0 (57640252)|CONSTRUCTOR_ENTRY|[114]|01p0H000007gCe8|<init>(Boolean,Time)
16:23:06.0 (57646058)|VARIABLE_SCOPE_BEGIN|[212]|this|docappcontroller.Wrapertimeslot|true|false
16:23:06.0 (57658120)|VARIABLE_ASSIGNMENT|[212]|this|{}|0x38bb80ac
16:23:06.0 (57665029)|VARIABLE_SCOPE_BEGIN|[212]|selection|Boolean|false|false
16:23:06.0 (57672759)|VARIABLE_ASSIGNMENT|[212]|selection|false
16:23:06.0 (57676502)|VARIABLE_SCOPE_BEGIN|[212]|tm|Time|false|false
16:23:06.0 (57684131)|VARIABLE_ASSIGNMENT|[212]|tm|66600000
16:23:06.0 (57688336)|STATEMENT_EXECUTE|[208]
16:23:06.0 (57689845)|STATEMENT_EXECUTE|[209]
16:23:06.0 (57691431)|STATEMENT_EXECUTE|[210]
16:23:06.0 (57699310)|STATEMENT_EXECUTE|[212]
16:23:06.0 (57700854)|STATEMENT_EXECUTE|[213]
16:23:06.0 (57711029)|VARIABLE_ASSIGNMENT|[EXTERNAL]|this|{}|0x38bb80ac
16:23:06.0 (57720440)|VARIABLE_ASSIGNMENT|[EXTERNAL]|value|false
16:23:06.0 (57726757)|HEAP_ALLOCATE|[209]|Bytes:5
16:23:06.0 (57733210)|VARIABLE_ASSIGNMENT|[209]|this.selected|false|0x38bb80ac
16:23:06.0 (57740708)|STATEMENT_EXECUTE|[214]
16:23:06.0 (57751669)|VARIABLE_ASSIGNMENT|[EXTERNAL]|this|{"selected":false}|0x38bb80ac
16:23:06.0 (57760962)|VARIABLE_ASSIGNMENT|[EXTERNAL]|value|66600000
16:23:06.0 (57767491)|VARIABLE_ASSIGNMENT|[210]|this.t|66600000|0x38bb80ac
16:23:06.0 (57780229)|CONSTRUCTOR_EXIT|[114]|01p0H000007gCe8|<init>(Boolean,Time)
16:23:06.0 (57789854)|HEAP_ALLOCATE|[EXTERNAL]|Bytes:4
16:23:06.0 (57800359)|HEAP_ALLOCATE|[107]|Bytes:28
16:23:06.0 (57804093)|HEAP_ALLOCATE|[107]|Bytes:28
16:23:06.0 (57821875)|STATEMENT_EXECUTE|[107]
16:23:06.0 (57824548)|STATEMENT_EXECUTE|[108]
16:23:06.0 (57832703)|USER_DEBUG|[108]|DEBUG|18:30:00.000Z
16:23:06.0 (57839739)|STATEMENT_EXECUTE|[109]
16:23:06.0 (57847632)|HEAP_ALLOCATE|[109]|Bytes:4
16:23:06.0 (57859782)|VARIABLE_ASSIGNMENT|[109]|t|68400000
16:23:06.0 (57864834)|STATEMENT_EXECUTE|[110]
16:23:06.0 (57869464)|HEAP_ALLOCATE|[110]|Bytes:28
16:23:06.0 (57881415)|HEAP_ALLOCATE|[110]|Bytes:28
16:23:06.0 (57892124)|VARIABLE_ASSIGNMENT|[110]|i1|10.0
16:23:06.0 (57900263)|STATEMENT_EXECUTE|[111]
16:23:06.0 (57928618)|VARIABLE_ASSIGNMENT|[EXTERNAL]|this|{"aptdum":"0x1234b78d","Docdum":"0x222a8a44","Docmap":"0x519e83b7","Initialselected":4,"Selecteddoc":"a260H000001koYlQAI","SelectedtimeSlot":30,"timelist":"0x5f46574","timeset":"0x34518b57","timewraplist":"0x660b59d2","timewraplistInitial":"0x3adff9dd"}|0x54a046d2
16:23:06.0 (57943709)|HEAP_ALLOCATE|[EXTERNAL]|Bytes:4
16:23:06.0 (57955471)|STATEMENT_EXECUTE|[113]
16:23:06.0 (57957150)|STATEMENT_EXECUTE|[114]
16:23:06.0 (57982223)|VARIABLE_ASSIGNMENT|[EXTERNAL]|this|{"aptdum":"0x1234b78d","Docdum":"0x222a8a44","Docmap":"0x519e83b7","Initialselected":4,"Selecteddoc":"a260H000001koYlQAI","SelectedtimeSlot":30,"timelist":"0x5f46574","timeset":"0x34518b57","timewraplist":"0x660b59d2","timewraplistInitial":"0x3adff9dd"}|0x54a046d2
16:23:06.0 (57994706)|HEAP_ALLOCATE|[114]|Bytes:12
16:23:06.0 (58004889)|CONSTRUCTOR_ENTRY|[114]|01p0H000007gCe8|<init>(Boolean,Time)
16:23:06.0 (58010499)|VARIABLE_SCOPE_BEGIN|[212]|this|docappcontroller.Wrapertimeslot|true|false
16:23:06.0 (58023665)|VARIABLE_ASSIGNMENT|[212]|this|{}|0x55468b31
16:23:06.0 (58029986)|VARIABLE_SCOPE_BEGIN|[212]|selection|Boolean|false|false
16:23:06.0 (58037940)|VARIABLE_ASSIGNMENT|[212]|selection|false
16:23:06.0 (58041797)|VARIABLE_SCOPE_BEGIN|[212]|tm|Time|false|false
16:23:06.0 (58049572)|VARIABLE_ASSIGNMENT|[212]|tm|68400000
16:23:06.0 (58053776)|STATEMENT_EXECUTE|[208]
16:23:06.0 (58055310)|STATEMENT_EXECUTE|[209]
16:23:06.0 (58056838)|STATEMENT_EXECUTE|[210]
16:23:06.0 (58065039)|STATEMENT_EXECUTE|[212]
16:23:06.0 (58066779)|STATEMENT_EXECUTE|[213]
16:23:06.0 (58077117)|VARIABLE_ASSIGNMENT|[EXTERNAL]|this|{}|0x55468b31
16:23:06.0 (58085965)|VARIABLE_ASSIGNMENT|[EXTERNAL]|value|false
16:23:06.0 (58091659)|HEAP_ALLOCATE|[209]|Bytes:5
16:23:06.0 (58097710)|VARIABLE_ASSIGNMENT|[209]|this.selected|false|0x55468b31
16:23:06.0 (58104884)|STATEMENT_EXECUTE|[214]
16:23:06.0 (58115725)|VARIABLE_ASSIGNMENT|[EXTERNAL]|this|{"selected":false}|0x55468b31
16:23:06.0 (58124321)|VARIABLE_ASSIGNMENT|[EXTERNAL]|value|68400000
16:23:06.0 (58131374)|VARIABLE_ASSIGNMENT|[210]|this.t|68400000|0x55468b31
16:23:06.0 (58146727)|CONSTRUCTOR_EXIT|[114]|01p0H000007gCe8|<init>(Boolean,Time)
16:23:06.0 (58156015)|HEAP_ALLOCATE|[EXTERNAL]|Bytes:4
16:23:06.0 (58166731)|HEAP_ALLOCATE|[107]|Bytes:28
16:23:06.0 (58170754)|HEAP_ALLOCATE|[107]|Bytes:28
16:23:06.0 (58192691)|HEAP_ALLOCATE|[123]|Bytes:28
16:23:06.0 (58196744)|HEAP_ALLOCATE|[123]|Bytes:28
16:23:06.0 (58203053)|HEAP_ALLOCATE|[123]|Bytes:28
16:23:06.0 (58226159)|HEAP_ALLOCATE|[123]|Bytes:28
16:23:06.0 (58247720)|STATEMENT_EXECUTE|[123]
16:23:06.0 (58250010)|STATEMENT_EXECUTE|[129]
16:23:06.0 (58286588)|VARIABLE_ASSIGNMENT|[EXTERNAL]|this|{"aptdum":"0x1234b78d","Docdum":"0x222a8a44","Docmap":"0x519e83b7","Initialselected":4,"Selecteddoc":"a260H000001koYlQAI","SelectedtimeSlot":30,"timelist":"0x5f46574","timeset":"0x34518b57","timewraplist":"0x660b59d2","timewraplistInitial":"0x3adff9dd"}|0x54a046d2
16:23:06.0 (58305730)|VARIABLE_ASSIGNMENT|[129]|this.timewraplistInitial|"List of size 21 too large to display"|0x54a046d2
16:23:06.0 (58311583)|STATEMENT_EXECUTE|[131]
16:23:06.61 (61731748)|SYSTEM_MODE_ENTER|true
16:23:06.61 (61790829)|HEAP_ALLOCATE|[EXTERNAL]|Bytes:8
16:23:06.61 (61799658)|VARIABLE_SCOPE_BEGIN|[88]|this|ApexPage.PageMessagesComponentController|true|false
16:23:06.61 (61829031)|VARIABLE_ASSIGNMENT|[88]|this|{}|0x5e46d3eb
16:23:06.61 (61836484)|VARIABLE_SCOPE_BEGIN|[88]|escape|Boolean|false|false
16:23:06.61 (61844737)|VARIABLE_ASSIGNMENT|[88]|escape|null
16:23:06.61 (61931498)|SYSTEM_MODE_ENTER|true
16:23:06.61 (61963713)|HEAP_ALLOCATE|[EXTERNAL]|Bytes:8
16:23:06.61 (61971013)|VARIABLE_SCOPE_BEGIN|[2]|this|ApexPage.PageMessagesComponentController|true|false
16:23:06.61 (61989749)|VARIABLE_ASSIGNMENT|[2]|this|{}|0x5e46d3eb
16:23:06.0 (62312763)|SYSTEM_MODE_ENTER|true
16:23:06.0 (62705668)|SYSTEM_MODE_ENTER|true
16:23:06.0 (63020707)|SYSTEM_MODE_ENTER|true
16:23:06.0 (63090126)|SYSTEM_MODE_ENTER|true
16:23:06.85 (85460889)|SYSTEM_MODE_ENTER|true
16:23:06.85 (85516925)|HEAP_ALLOCATE|[EXTERNAL]|Bytes:8
16:23:06.85 (85525902)|VARIABLE_SCOPE_BEGIN|[88]|this|ApexPage.PageMessagesComponentController|true|false
16:23:06.85 (85549382)|VARIABLE_ASSIGNMENT|[88]|this|{}|0x5e46d3eb
16:23:06.85 (85556960)|VARIABLE_SCOPE_BEGIN|[88]|escape|Boolean|false|false
16:23:06.85 (85565341)|VARIABLE_ASSIGNMENT|[88]|escape|null
16:23:06.85 (85680512)|SYSTEM_MODE_ENTER|true
16:23:06.85 (85714032)|HEAP_ALLOCATE|[EXTERNAL]|Bytes:8
16:23:06.85 (85721434)|VARIABLE_SCOPE_BEGIN|[2]|this|ApexPage.PageMessagesComponentController|true|false
16:23:06.85 (85741130)|VARIABLE_ASSIGNMENT|[2]|this|{}|0x5e46d3eb
16:23:06.0 (87241810)|SYSTEM_MODE_ENTER|true
16:23:06.0 (87284408)|HEAP_ALLOCATE|[EXTERNAL]|Bytes:48
16:23:06.0 (87293781)|VARIABLE_SCOPE_BEGIN|[164]|this|docappcontroller|true|false
16:23:06.0 (87338258)|VARIABLE_ASSIGNMENT|[164]|this|{"aptdum":"0x1234b78d","Docdum":"0x222a8a44","Docmap":"0x519e83b7","Initialselected":4,"Selecteddoc":"a260H000001koYlQAI","SelectedtimeSlot":30,"timelist":"0x5f46574","timeset":"0x34518b57","timewraplist":"0x660b59d2","timewraplistInitial":"0x660b59d2"}|0x54a046d2
16:23:06.0 (87351667)|STATEMENT_EXECUTE|[164]
16:23:06.0 (87353983)|STATEMENT_EXECUTE|[166]
16:23:06.0 (87365156)|HEAP_ALLOCATE|[166]|Bytes:4
16:23:06.0 (87381149)|VARIABLE_SCOPE_BEGIN|[166]|options|List<System.SelectOption>|true|false
16:23:06.0 (87404764)|HEAP_ALLOCATE|[EXTERNAL]|Bytes:4
16:23:06.0 (87413941)|VARIABLE_ASSIGNMENT|[166]|options|[]|0x6610bbb3
16:23:06.0 (87419577)|STATEMENT_EXECUTE|[167]
16:23:06.0 (87438447)|HEAP_ALLOCATE|[EXTERNAL]|Bytes:4
16:23:06.0 (87479075)|VARIABLE_ASSIGNMENT|[EXTERNAL]|this|{"aptdum":"0x1234b78d","Docdum":"0x222a8a44","Docmap":"0x519e83b7","Initialselected":4,"Selecteddoc":"a260H000001koYlQAI","SelectedtimeSlot":30,"timelist":"0x5f46574","timeset":"0x34518b57","timewraplist":"0x660b59d2","timewraplistInitial":"0x660b59d2"}|0x54a046d2
16:23:06.0 (87492721)|STATEMENT_EXECUTE|[168]
16:23:06.0 (87518957)|VARIABLE_ASSIGNMENT|[EXTERNAL]|this|{"aptdum":"0x1234b78d","Docdum":"0x222a8a44","Docmap":"0x519e83b7","Initialselected":4,"Selecteddoc":"a260H000001koYlQAI","SelectedtimeSlot":30,"timelist":"0x5f46574","timeset":"0x34518b57","timewraplist":"0x660b59d2","timewraplistInitial":"0x660b59d2"}|0x54a046d2
16:23:06.0 (87541163)|HEAP_ALLOCATE|[EXTERNAL]|Bytes:8
16:23:06.0 (87555825)|HEAP_ALLOCATE|[169]|Bytes:116
16:23:06.0 (87577972)|HEAP_ALLOCATE|[169]|Bytes:5
16:23:06.0 (87591961)|HEAP_ALLOCATE|[169]|Bytes:24
16:23:06.0 (87601010)|VARIABLE_SCOPE_BEGIN|[169]|doc|Doctor__c|true|false
16:23:06.0 (87619753)|VARIABLE_ASSIGNMENT|[169]|doc|{"Id":"a260H000001koYlQAI","Name":"doc4","End_Time__c":68400000,"Speciality__c":"Dermatology","Start_Time__c":32400000}|0x500e4c20
16:23:06.0 (87627513)|STATEMENT_EXECUTE|[169]
16:23:06.0 (87629153)|STATEMENT_EXECUTE|[170]
16:23:06.0 (87644850)|HEAP_ALLOCATE|[170]|Bytes:18
16:23:06.0 (87658947)|HEAP_ALLOCATE|[EXTERNAL]|Bytes:4
16:23:06.0 (87670769)|HEAP_ALLOCATE|[169]|Bytes:5
16:23:06.0 (87680957)|VARIABLE_ASSIGNMENT|[169]|doc|null|
16:23:06.0 (87685935)|STATEMENT_EXECUTE|[176]
16:23:06.0 (87901293)|SYSTEM_MODE_ENTER|true
16:23:06.0 (105530276)|SYSTEM_MODE_ENTER|true
16:23:06.0 (105571862)|HEAP_ALLOCATE|[EXTERNAL]|Bytes:48
16:23:06.0 (105581151)|VARIABLE_SCOPE_BEGIN|[181]|this|docappcontroller|true|false
16:23:06.0 (105621860)|VARIABLE_ASSIGNMENT|[181]|this|{"aptdum":"0x1234b78d","Docdum":"0x222a8a44","Docmap":"0x519e83b7","Initialselected":4,"Selecteddoc":"a260H000001koYlQAI","SelectedtimeSlot":30,"timelist":"0x5f46574","timeset":"0x34518b57","timewraplist":"0x660b59d2","timewraplistInitial":"0x660b59d2"}|0x54a046d2
16:23:06.0 (105634555)|STATEMENT_EXECUTE|[181]
16:23:06.0 (105636673)|STATEMENT_EXECUTE|[183]
16:23:06.0 (105646050)|HEAP_ALLOCATE|[183]|Bytes:4
16:23:06.0 (105661593)|VARIABLE_SCOPE_BEGIN|[183]|options|List<System.SelectOption>|true|false
16:23:06.0 (105683984)|HEAP_ALLOCATE|[EXTERNAL]|Bytes:4
16:23:06.0 (105692828)|VARIABLE_ASSIGNMENT|[183]|options|[]|0x7c19717a
16:23:06.0 (105698355)|STATEMENT_EXECUTE|[184]
16:23:06.0 (105710776)|HEAP_ALLOCATE|[184]|Bytes:4
16:23:06.0 (105898866)|SOQL_EXECUTE_BEGIN|[184]|Aggregations:0|SELECT Interval__c FROM Time_Interval__mdt ORDER BY Interval__c ASC NULLS FIRST
16:23:06.0 (108508213)|SOQL_EXECUTE_END|[184]|Rows:2
16:23:06.0 (108535864)|HEAP_ALLOCATE|[184]|Bytes:12
16:23:06.0 (108552132)|HEAP_ALLOCATE|[184]|Bytes:92
16:23:06.0 (108581339)|HEAP_ALLOCATE|[184]|Bytes:12
16:23:06.0 (108591760)|VARIABLE_SCOPE_BEGIN|[184]|intervals|List<Time_Interval__mdt>|true|false
16:23:06.0 (108613921)|VARIABLE_ASSIGNMENT|[184]|intervals|[{"Interval__c":"30","Id":"m030H000000bmFqQAI"},{"Interval__c":"60","Id":"m030H000000bmFvQAI"}]|0x60a2d5d8
16:23:06.0 (108642159)|HEAP_ALLOCATE|[187]|Bytes:5
16:23:06.0 (108656239)|HEAP_ALLOCATE|[187]|Bytes:12
16:23:06.0 (108663891)|VARIABLE_SCOPE_BEGIN|[187]|i|Time_Interval__mdt|true|false
16:23:06.0 (108677926)|VARIABLE_ASSIGNMENT|[187]|i|{"Interval__c":"30","Id":"m030H000000bmFqQAI"}|0x3faf3693
16:23:06.0 (108685544)|STATEMENT_EXECUTE|[187]
16:23:06.0 (108687612)|STATEMENT_EXECUTE|[188]
16:23:06.0 (108709210)|HEAP_ALLOCATE|[EXTERNAL]|Bytes:4
16:23:06.0 (108721820)|HEAP_ALLOCATE|[187]|Bytes:5
16:23:06.0 (108730869)|HEAP_ALLOCATE|[187]|Bytes:12
16:23:06.0 (108736075)|VARIABLE_SCOPE_BEGIN|[187]|i|Time_Interval__mdt|true|false
16:23:06.0 (108747793)|VARIABLE_ASSIGNMENT|[187]|i|{"Interval__c":"60","Id":"m030H000000bmFvQAI"}|0x7e31155c
16:23:06.0 (108753795)|STATEMENT_EXECUTE|[187]
16:23:06.0 (108755472)|STATEMENT_EXECUTE|[188]
16:23:06.0 (108766707)|HEAP_ALLOCATE|[EXTERNAL]|Bytes:4
16:23:06.0 (108777688)|HEAP_ALLOCATE|[187]|Bytes:5
16:23:06.0 (108787634)|VARIABLE_ASSIGNMENT|[187]|i|null|
16:23:06.0 (108792911)|STATEMENT_EXECUTE|[196]
16:23:06.0 (109284228)|SYSTEM_MODE_ENTER|true
16:23:06.0 (112036460)|VF_SERIALIZE_VIEWSTATE_BEGIN|0660H000004OdRk
16:23:06.0 (129415207)|VF_SERIALIZE_VIEWSTATE_END
16:23:06.0 (148708697)|CODE_UNIT_STARTED|[EXTERNAL]|Generate Metadata
16:23:06.0 (152070365)|CODE_UNIT_FINISHED|Generate Metadata
16:23:06.154 (154824425)|CUMULATIVE_LIMIT_USAGE
16:23:06.154 (154824425)|LIMIT_USAGE_FOR_NS|(default)|
  Number of SOQL queries: 1 out of 100
  Number of query rows: 5 out of 50000
  Number of SOSL queries: 0 out of 20
  Number of DML statements: 0 out of 150
  Number of DML rows: 0 out of 10000
  Maximum CPU time: 0 out of 10000
  Maximum heap size: 0 out of 6000000
  Number of callouts: 0 out of 100
  Number of Email Invocations: 0 out of 10
  Number of future calls: 0 out of 50
  Number of queueable jobs added to the queue: 0 out of 50
  Number of Mobile Apex push calls: 0 out of 10

16:23:06.154 (154824425)|CUMULATIVE_LIMIT_USAGE_END

16:23:06.0 (154867646)|CODE_UNIT_FINISHED|VF: /apex/docapp
16:23:06.0 (155637844)|EXECUTION_FINISHED
